      Info: Package cache path /home/runner/.nimble/pkgcache
     Info:  Nimble data file "/home/runner/.nimble/nimbledata2.json" has been loaded.
    Reading official package list
Downloading https://github.com/PMunch/macroutils using git
    Cloning latest tagged version: v1.2.0
open('/workspace/destdir/ssl/openssl.cnf', 32768, 0x00000000000001b6)
open('/home/runner/.config/nimble/nimble.ini', 557056, 0x00000000000001b6)
open('/home/runner/.config/babel/babel.ini', 557056, 0x00000000000001b6)
writev(1, 0x00007ffdaf041430, 2)
open('/home/runner/.nimble/nimbledata2.json', 557056, 0x00000000000001b6)
writev(1, 0x00007ffdaf041500, 2)
writev(1, 0x00007ffde5dd9680, 2)
writev(1, 0x00007ffde5dd9710, 2)
writev(1, 0x00007ffde5dd9710, 2)
writev(1, 0x00007ffde5dd9710, 2)
writev(1, 0x00007ffdaf03fee0, 2)
open('/home/runner/.nimble/packages_official.json', 557056, 0x00000000000001b6)
mkdir('/home/', 0x00000000000001ff)
mkdir('/home/runner/', 0x00000000000001ff)
mkdir('/home/runner/.nimble/', 0x00000000000001ff)
mkdir('/home/runner/.nimble/pkgcache/', 0x00000000000001ff)
mkdir('/home/runner/.nimble/pkgcache/githubcom_PMunchmacroutils', 0x00000000000001ff)
open('/home/runner/.nimble/pkgcache/githubcom_PMunchmacroutils', 622592, 0x0000000000000000)
writev(1, 0x00007ffdaf03ffc0, 2)
open('/home/runner/.nimble/pkgcache/githubcom_PMunchmacroutils', 622592, 0x0000000000000000)
rmdir('/home/runner/.nimble/pkgcache/githubcom_PMunchmacroutils')
writev(1, 0x00007ffdaf03feb0, 2)
mkdir(94918377462560, 0x00000000000001ff)
Error tracing process: readBytes(0x00005653e82bdb20, 256) error: [Errno 5] Input/output error.
