     Info:  Nimble data file "/home/runner/.nimble/nimbledata2.json" has been loaded.
    Reading official package list
Downloading https://github.com/baabelfish/mangle using git
   Warning: The package has no tagged releases, downloading HEAD instead.
open('/workspace/destdir/ssl/openssl.cnf', 32768, 0x00000000000001b6)
open('/home/runner/.config/nimble/nimble.ini', 557056, 0x00000000000001b6)
open('/home/runner/.config/babel/babel.ini', 557056, 0x00000000000001b6)
open('/home/runner/.nimble/nimbledata2.json', 557056, 0x00000000000001b6)
writev(1, 0x00007ffd96bc8a20, 2)
writev(1, 0x00007ffd96bc8300, 2)
open('/home/runner/.nimble/packages_official.json', 557056, 0x00000000000001b6)
mkdir('/tmp/', 0x00000000000001ff)
mkdir('/tmp/nimble_2144/', 0x00000000000001ff)
mkdir('/tmp/nimble_2144/githubcom_baabelfishmangle', 0x00000000000001ff)
writev(1, 0x00007ffd96bc82d0, 2)
open('/tmp/nimble_2144/githubcom_baabelfishmangle', 622592, 0x0000000000000000)
rmdir('/tmp/nimble_2144/githubcom_baabelfishmangle')
writev(1, 0x00007ffd96bc8240, 2)
mkdir(94802976248272, 0x00000000000001ff)
Error tracing process: readBytes(0x0000563909b911d0, 256) error: [Errno 5] Input/output error.
