      Info: Package cache path /home/runner/.nimble/pkgcache
     Info:  Nimble data file "/home/runner/.nimble/nimbledata2.json" has been loaded.
    Reading official package list
   Warning: The marggers package has been renamed to margrave
    Reading official package list
Downloading https://github.com/metagn/margrave using git
    Cloning latest tagged version: v0.4.0
open('/workspace/destdir/ssl/openssl.cnf', 32768, 0x00000000000001b6)
open('/home/runner/.config/nimble/nimble.ini', 557056, 0x00000000000001b6)
open('/home/runner/.config/babel/babel.ini', 557056, 0x00000000000001b6)
writev(1, 0x00007ffc86e74bc0, 2)
open('/home/runner/.nimble/nimbledata2.json', 557056, 0x00000000000001b6)
writev(1, 0x00007ffc86e74c90, 2)
writev(1, 0x00007ffcc8735720, 2)
writev(1, 0x00007ffcc87357b0, 2)
writev(1, 0x00007ffcc87357b0, 2)
writev(1, 0x00007ffcc87357b0, 2)
writev(1, 0x00007ffc86e73670, 2)
open('/home/runner/.nimble/packages_official.json', 557056, 0x00000000000001b6)
writev(1, 0x00007ffc86e73610, 2)
writev(1, 0x00007ffc86e733b0, 2)
mkdir('/home/', 0x00000000000001ff)
mkdir('/home/runner/', 0x00000000000001ff)
mkdir('/home/runner/.nimble/', 0x00000000000001ff)
mkdir('/home/runner/.nimble/pkgcache/', 0x00000000000001ff)
mkdir('/home/runner/.nimble/pkgcache/githubcom_metagnmargrave', 0x00000000000001ff)
open('/home/runner/.nimble/pkgcache/githubcom_metagnmargrave', 622592, 0x0000000000000000)
writev(1, 0x00007ffc86e73750, 2)
open('/home/runner/.nimble/pkgcache/githubcom_metagnmargrave', 622592, 0x0000000000000000)
rmdir('/home/runner/.nimble/pkgcache/githubcom_metagnmargrave')
writev(1, 0x00007ffc86e73640, 2)
mkdir(93994473204416, 0x00000000000001ff)
Error tracing process: readBytes(0x0000557ccb2faac0, 256) error: [Errno 5] Input/output error.
