     Info:  Nimble data file "/home/runner/.nimble/nimbledata2.json" has been loaded.
    Reading official package list
Downloading https://git.sr.ht/~xigoi/matext using git
    Cloning latest tagged version: 2022.11.9
open('/workspace/destdir/ssl/openssl.cnf', 32768, 0x00000000000001b6)
open('/home/runner/.config/nimble/nimble.ini', 557056, 0x00000000000001b6)
open('/home/runner/.config/babel/babel.ini', 557056, 0x00000000000001b6)
open('/home/runner/.nimble/nimbledata2.json', 557056, 0x00000000000001b6)
writev(1, 0x00007fff29e5c150, 2)
writev(1, 0x00007fff29e5ba30, 2)
open('/home/runner/.nimble/packages_official.json', 557056, 0x00000000000001b6)
mkdir('/tmp/', 0x00000000000001ff)
mkdir('/tmp/nimble_3464/', 0x00000000000001ff)
mkdir('/tmp/nimble_3464/gitsrht_xigoimatext', 0x00000000000001ff)
writev(1, 0x00007fff29e5ba00, 2)
open('/tmp/nimble_3464/gitsrht_xigoimatext', 622592, 0x0000000000000000)
rmdir('/tmp/nimble_3464/gitsrht_xigoimatext')
writev(1, 0x00007fff29e5b970, 2)
mkdir(94643933488384, 0x00000000000001ff)
Error tracing process: readBytes(0x0000561402092500, 256) error: [Errno 5] Input/output error.
