    Reading official package list
Downloading https://github.com/ruivieira/matplotnim using git
    Cloning latest tagged version: v0.1.0
mkdir('/tmp', 0x00000000000001ff)
mkdir('/tmp/nimble_8254', 0x00000000000001ff)
mkdir('/tmp/nimble_8254/githubcom_ruivieiramatplotnim', 0x00000000000001ff)
rmdir('/tmp/nimble_8254/githubcom_ruivieiramatplotnim')
mkdir('/tmp/nimble_8254/githubcom_ruivieiramatplotnim', 0x00000000000001ff)
mkdir('/tmp/nimble_8254/githubcom_ruivieiramatplotnim/.git', 0x00000000000001ff)
mkdir('/tmp/nimble_8254/githubcom_ruivieiramatplotnim/.git/', 0x00000000000001ff)
mkdir('/tmp/nimble_8254/githubcom_ruivieiramatplotnim/.git/branches/', 0x00000000000001ff)
mkdir('/tmp/nimble_8254/githubcom_ruivieiramatplotnim/.git/hooks/', 0x00000000000001ff)
mkdir('/tmp/nimble_8254/githubcom_ruivieiramatplotnim/.git/info/', 0x00000000000001ff)
mkdir('/tmp/nimble_8254/githubcom_ruivieiramatplotnim/.git/refs', 0x00000000000001ff)
mkdir('/tmp/nimble_8254/githubcom_ruivieiramatplotnim/.git/refs/heads', 0x00000000000001ff)
mkdir('/tmp/nimble_8254/githubcom_ruivieiramatplotnim/.git/refs/tags', 0x00000000000001ff)
rename('/tmp/nimble_8254/githubcom_ruivieiramatplotnim/.git/HEAD.lock', '/tmp/nimble_8254/githubcom_ruivieiramatplotnim/.git/HEAD')
rename('/tmp/nimble_8254/githubcom_ruivieiramatplotnim/.git/config.lock', '/tmp/nimble_8254/githubcom_ruivieiramatplotnim/.git/config')
chmod('/tmp/nimble_8254/githubcom_ruivieiramatplotnim/.git/config', 0x00000000000081e4)
chmod('/tmp/nimble_8254/githubcom_ruivieiramatplotnim/.git/config', 0x00000000000081a4)
chmod('/tmp/nimble_8254/githubcom_ruivieiramatplotnim/.git/config.lock', 0x00000000000001a4)
rename('/tmp/nimble_8254/githubcom_ruivieiramatplotnim/.git/config.lock', '/tmp/nimble_8254/githubcom_ruivieiramatplotnim/.git/config')
chmod('/tmp/nimble_8254/githubcom_ruivieiramatplotnim/.git/config.lock', 0x00000000000001a4)
rename('/tmp/nimble_8254/githubcom_ruivieiramatplotnim/.git/config.lock', '/tmp/nimble_8254/githubcom_ruivieiramatplotnim/.git/config')
chmod('/tmp/nimble_8254/githubcom_ruivieiramatplotnim/.git/config.lock', 0x00000000000001a4)
rename('/tmp/nimble_8254/githubcom_ruivieiramatplotnim/.git/config.lock', '/tmp/nimble_8254/githubcom_ruivieiramatplotnim/.git/config')
unlink('/tmp/nimble_8254/githubcom_ruivieiramatplotnim/.git/tDKYkuN')
symlink('testing', '/tmp/nimble_8254/githubcom_ruivieiramatplotnim/.git/tDKYkuN')
unlink('/tmp/nimble_8254/githubcom_ruivieiramatplotnim/.git/tDKYkuN')
mkdir('/tmp/nimble_8254/githubcom_ruivieiramatplotnim/.git/objects', 0x00000000000001ff)
mkdir('/tmp/nimble_8254/githubcom_ruivieiramatplotnim/.git/objects/pack', 0x00000000000001ff)
mkdir('/tmp/nimble_8254/githubcom_ruivieiramatplotnim/.git/objects/info', 0x00000000000001ff)
chmod('/tmp/nimble_8254/githubcom_ruivieiramatplotnim/.git/config.lock', 0x00000000000001a4)
rename('/tmp/nimble_8254/githubcom_ruivieiramatplotnim/.git/config.lock', '/tmp/nimble_8254/githubcom_ruivieiramatplotnim/.git/config')
chmod('/tmp/nimble_8254/githubcom_ruivieiramatplotnim/.git/config.lock', 0x00000000000001a4)
rename('/tmp/nimble_8254/githubcom_ruivieiramatplotnim/.git/config.lock', '/tmp/nimble_8254/githubcom_ruivieiramatplotnim/.git/config')
chmod('/tmp/nimble_8254/githubcom_ruivieiramatplotnim/.git/config.lock', 0x00000000000001a4)
rename('/tmp/nimble_8254/githubcom_ruivieiramatplotnim/.git/config.lock', '/tmp/nimble_8254/githubcom_ruivieiramatplotnim/.git/config')
chmod('/tmp/nimble_8254/githubcom_ruivieiramatplotnim/.git/config.lock', 0x00000000000001a4)
rename('/tmp/nimble_8254/githubcom_ruivieiramatplotnim/.git/config.lock', '/tmp/nimble_8254/githubcom_ruivieiramatplotnim/.git/config')
mkdir('/tmp/nimble_8254/githubcom_ruivieiramatplotnim/.git/objects/f0', 0x00000000000001ff)
link('/tmp/nimble_8254/githubcom_ruivieiramatplotnim/.git/objects/f0/tmp_obj_NPw2c8', '/tmp/nimble_8254/githubcom_ruivieiramatplotnim/.git/objects/f0/fa5242b5da175bd2a500f5fd4689c6b59cade1')
unlink('/tmp/nimble_8254/githubcom_ruivieiramatplotnim/.git/objects/f0/tmp_obj_NPw2c8')
mkdir('/tmp/nimble_8254/githubcom_ruivieiramatplotnim/.git/objects/3c', 0x00000000000001ff)
link('/tmp/nimble_8254/githubcom_ruivieiramatplotnim/.git/objects/3c/tmp_obj_bEMy46', '/tmp/nimble_8254/githubcom_ruivieiramatplotnim/.git/objects/3c/097c57182f8a3166766b76f93388750a4a127b')
unlink('/tmp/nimble_8254/githubcom_ruivieiramatplotnim/.git/objects/3c/tmp_obj_bEMy46')
mkdir('/tmp/nimble_8254/githubcom_ruivieiramatplotnim/.git/objects/ec', 0x00000000000001ff)
link('/tmp/nimble_8254/githubcom_ruivieiramatplotnim/.git/objects/ec/tmp_obj_Tagvkb', '/tmp/nimble_8254/githubcom_ruivieiramatplotnim/.git/objects/ec/19f1f602a1ac2681252380443aa548376d2895')
unlink('/tmp/nimble_8254/githubcom_ruivieiramatplotnim/.git/objects/ec/tmp_obj_Tagvkb')
mkdir('/tmp/nimble_8254/githubcom_ruivieiramatplotnim/.git/objects/c7', 0x00000000000001ff)
link('/tmp/nimble_8254/githubcom_ruivieiramatplotnim/.git/objects/c7/tmp_obj_zKvZDc', '/tmp/nimble_8254/githubcom_ruivieiramatplotnim/.git/objects/c7/b57625b22eebb5d0839a71d758ca94c02c7828')
unlink('/tmp/nimble_8254/githubcom_ruivieiramatplotnim/.git/objects/c7/tmp_obj_zKvZDc')
mkdir('/tmp/nimble_8254/githubcom_ruivieiramatplotnim/.git/objects/b3', 0x00000000000001ff)
link('/tmp/nimble_8254/githubcom_ruivieiramatplotnim/.git/objects/b3/tmp_obj_LemM6f', '/tmp/nimble_8254/githubcom_ruivieiramatplotnim/.git/objects/b3/159fece55c8a66fc08eb42f484acac16f52c4f')
unlink('/tmp/nimble_8254/githubcom_ruivieiramatplotnim/.git/objects/b3/tmp_obj_LemM6f')
mkdir('/tmp/nimble_8254/githubcom_ruivieiramatplotnim/.git/objects/67', 0x00000000000001ff)
link('/tmp/nimble_8254/githubcom_ruivieiramatplotnim/.git/objects/67/tmp_obj_1SS2Ih', '/tmp/nimble_8254/githubcom_ruivieiramatplotnim/.git/objects/67/d9b34c6cecad82ad17197ffa5db4860caf9037')
unlink('/tmp/nimble_8254/githubcom_ruivieiramatplotnim/.git/objects/67/tmp_obj_1SS2Ih')
mkdir('/tmp/nimble_8254/githubcom_ruivieiramatplotnim/.git/objects/26', 0x00000000000001ff)
link('/tmp/nimble_8254/githubcom_ruivieiramatplotnim/.git/objects/26/tmp_obj_fsbbak', '/tmp/nimble_8254/githubcom_ruivieiramatplotnim/.git/objects/26/1eeb9e9f8b2b4b0d119366dda99c6fd7d35c64')
unlink('/tmp/nimble_8254/githubcom_ruivieiramatplotnim/.git/objects/26/tmp_obj_fsbbak')
mkdir('/tmp/nimble_8254/githubcom_ruivieiramatplotnim/.git/objects/23', 0x00000000000001ff)
link('/tmp/nimble_8254/githubcom_ruivieiramatplotnim/.git/objects/23/tmp_obj_YH9xrb', '/tmp/nimble_8254/githubcom_ruivieiramatplotnim/.git/objects/23/5a41ef0568b841064782553ec1e976434abaa6')
unlink('/tmp/nimble_8254/githubcom_ruivieiramatplotnim/.git/objects/23/tmp_obj_YH9xrb')
mkdir('/tmp/nimble_8254/githubcom_ruivieiramatplotnim/.git/objects/a6', 0x00000000000001ff)
link('/tmp/nimble_8254/githubcom_ruivieiramatplotnim/.git/objects/a6/tmp_obj_Siu2Wd', '/tmp/nimble_8254/githubcom_ruivieiramatplotnim/.git/objects/a6/7e4e36ca66b57bc07565d96b9b08304e711c24')
unlink('/tmp/nimble_8254/githubcom_ruivieiramatplotnim/.git/objects/a6/tmp_obj_Siu2Wd')
mkdir('/tmp/nimble_8254/githubcom_ruivieiramatplotnim/.git/objects/43', 0x00000000000001ff)
link('/tmp/nimble_8254/githubcom_ruivieiramatplotnim/.git/objects/43/tmp_obj_K2Vbbf', '/tmp/nimble_8254/githubcom_ruivieiramatplotnim/.git/objects/43/06705e4c8912adbb373cdc4cb6a9a652c89011')
unlink('/tmp/nimble_8254/githubcom_ruivieiramatplotnim/.git/objects/43/tmp_obj_K2Vbbf')
mkdir('/tmp/nimble_8254/githubcom_ruivieiramatplotnim/.git/objects/38', 0x00000000000001ff)
link('/tmp/nimble_8254/githubcom_ruivieiramatplotnim/.git/objects/38/tmp_obj_kjXqul', '/tmp/nimble_8254/githubcom_ruivieiramatplotnim/.git/objects/38/abebdbe28930ad5bad7bde681be3b3a4c4098d')
unlink('/tmp/nimble_8254/githubcom_ruivieiramatplotnim/.git/objects/38/tmp_obj_kjXqul')
mkdir('/tmp/nimble_8254/githubcom_ruivieiramatplotnim/.git/objects/01', 0x00000000000001ff)
link('/tmp/nimble_8254/githubcom_ruivieiramatplotnim/.git/objects/01/tmp_obj_e0eQKs', '/tmp/nimble_8254/githubcom_ruivieiramatplotnim/.git/objects/01/e5dbcdbc8c5ea977e0c0fa192a674d5c9be777')
unlink('/tmp/nimble_8254/githubcom_ruivieiramatplotnim/.git/objects/01/tmp_obj_e0eQKs')
mkdir('/tmp/nimble_8254/githubcom_ruivieiramatplotnim/.git/objects/07', 0x00000000000001ff)
link('/tmp/nimble_8254/githubcom_ruivieiramatplotnim/.git/objects/07/tmp_obj_qCbsht', '/tmp/nimble_8254/githubcom_ruivieiramatplotnim/.git/objects/07/96f76560c50d631071c76b257a220d5fa9fc98')       Info /tmp/nimble_8254/githubcom_ruivieiramatplotnim/matplotnim_8254.nims(1, 8) Warning: imported and not used: 'system' [UnusedImport]
        ... /tmp/nimble_8254/githubcom_ruivieiramatplotnim/matplotnim_8254.nims(5, 22) Warning: imported and not used: 'strutils' [UnusedImport]
  Verifying dependencies for matplotnim@0.1.0
    Reading official package list
   Checking for tempfile@any version
 Installing tempfile@any version
    Reading official package list
Downloading https://github.com/OpenSystemsLab/tempfile.nim using git
    Cloning latest tagged version: 0.1.7

unlink('/tmp/nimble_8254/githubcom_ruivieiramatplotnim/.git/objects/07/tmp_obj_qCbsht')
mkdir('/tmp/nimble_8254/githubcom_ruivieiramatplotnim/.git/objects/37', 0x00000000000001ff)
link('/tmp/nimble_8254/githubcom_ruivieiramatplotnim/.git/objects/37/tmp_obj_G8J5Vy', '/tmp/nimble_8254/githubcom_ruivieiramatplotnim/.git/objects/37/c1b4a2ecdb1208c987647dcc2dc529eb947977')
unlink('/tmp/nimble_8254/githubcom_ruivieiramatplotnim/.git/objects/37/tmp_obj_G8J5Vy')
mkdir('/tmp/nimble_8254/githubcom_ruivieiramatplotnim/.git/objects/91', 0x00000000000001ff)
link('/tmp/nimble_8254/githubcom_ruivieiramatplotnim/.git/objects/91/tmp_obj_0ewnIx', '/tmp/nimble_8254/githubcom_ruivieiramatplotnim/.git/objects/91/5e4a67ee34c2a00dbb1efb1c6e48a2621117dd')
unlink('/tmp/nimble_8254/githubcom_ruivieiramatplotnim/.git/objects/91/tmp_obj_0ewnIx')
mkdir('/tmp/nimble_8254/githubcom_ruivieiramatplotnim/.git/objects/c2', 0x00000000000001ff)
link('/tmp/nimble_8254/githubcom_ruivieiramatplotnim/.git/objects/c2/tmp_obj_iGl5RC', '/tmp/nimble_8254/githubcom_ruivieiramatplotnim/.git/objects/c2/62d41bd792061bab59192357c29767864646ed')
unlink('/tmp/nimble_8254/githubcom_ruivieiramatplotnim/.git/objects/c2/tmp_obj_iGl5RC')
mkdir('/tmp/nimble_8254/githubcom_ruivieiramatplotnim/.git/objects/ee', 0x00000000000001ff)
link('/tmp/nimble_8254/githubcom_ruivieiramatplotnim/.git/objects/ee/tmp_obj_op3idH', '/tmp/nimble_8254/githubcom_ruivieiramatplotnim/.git/objects/ee/667447e705a07f566169a54346908f8c6be3d5')
unlink('/tmp/nimble_8254/githubcom_ruivieiramatplotnim/.git/objects/ee/tmp_obj_op3idH')
mkdir('/tmp/nimble_8254/githubcom_ruivieiramatplotnim/.git/objects/61', 0x00000000000001ff)
link('/tmp/nimble_8254/githubcom_ruivieiramatplotnim/.git/objects/61/tmp_obj_otT6FP', '/tmp/nimble_8254/githubcom_ruivieiramatplotnim/.git/objects/61/2ad2d651ce6f4c1ba05a4d0c609a435b12981a')
unlink('/tmp/nimble_8254/githubcom_ruivieiramatplotnim/.git/objects/61/tmp_obj_otT6FP')
mkdir('/tmp/nimble_8254/githubcom_ruivieiramatplotnim/.git/objects/4e', 0x00000000000001ff)
link('/tmp/nimble_8254/githubcom_ruivieiramatplotnim/.git/objects/4e/tmp_obj_qahWZS', '/tmp/nimble_8254/githubcom_ruivieiramatplotnim/.git/objects/4e/33593ff6d38dd277b8d2abbca9cb3f10ef6a61')
unlink('/tmp/nimble_8254/githubcom_ruivieiramatplotnim/.git/objects/4e/tmp_obj_qahWZS')
mkdir('/tmp/nimble_8254/githubcom_ruivieiramatplotnim/.git/objects/e7', 0x00000000000001ff)
link('/tmp/nimble_8254/githubcom_ruivieiramatplotnim/.git/objects/e7/tmp_obj_ETyboV', '/tmp/nimble_8254/githubcom_ruivieiramatplotnim/.git/objects/e7/7a649182cbf0ebaa2a0ba9899423ed47994244')
unlink('/tmp/nimble_8254/githubcom_ruivieiramatplotnim/.git/objects/e7/tmp_obj_ETyboV')
mkdir('/tmp/nimble_8254/githubcom_ruivieiramatplotnim/.git/objects/c5', 0x00000000000001ff)
link('/tmp/nimble_8254/githubcom_ruivieiramatplotnim/.git/objects/c5/tmp_obj_4YcOS0', '/tmp/nimble_8254/githubcom_ruivieiramatplotnim/.git/objects/c5/a2f839722ec4f66911017539f32ef1394a2e88')
unlink('/tmp/nimble_8254/githubcom_ruivieiramatplotnim/.git/objects/c5/tmp_obj_4YcOS0')
mkdir('/tmp/nimble_8254/githubcom_ruivieiramatplotnim/.git/objects/34', 0x00000000000001ff)
link('/tmp/nimble_8254/githubcom_ruivieiramatplotnim/.git/objects/34/tmp_obj_G8D0c6', '/tmp/nimble_8254/githubcom_ruivieiramatplotnim/.git/objects/34/c28ba5658368244c3fdf6d92def1a4e33b7779')
unlink('/tmp/nimble_8254/githubcom_ruivieiramatplotnim/.git/objects/34/tmp_obj_G8D0c6')
mkdir('/tmp/nimble_8254/githubcom_ruivieiramatplotnim/.git/objects/92', 0x00000000000001ff)
link('/tmp/nimble_8254/githubcom_ruivieiramatplotnim/.git/objects/92/tmp_obj_YHzNGc', '/tmp/nimble_8254/githubcom_ruivieiramatplotnim/.git/objects/92/06288509da15df67569af89d3b104c6ee96158')
unlink('/tmp/nimble_8254/githubcom_ruivieiramatplotnim/.git/objects/92/tmp_obj_YHzNGc')
mkdir('/tmp/nimble_8254/githubcom_ruivieiramatplotnim/.git/objects/69', 0x00000000000001ff)
link('/tmp/nimble_8254/githubcom_ruivieiramatplotnim/.git/objects/69/tmp_obj_wXyBEk', '/tmp/nimble_8254/githubcom_ruivieiramatplotnim/.git/objects/69/2d7c9f0bcf1b51e42ac3b0b509db7634c3e757')
unlink('/tmp/nimble_8254/githubcom_ruivieiramatplotnim/.git/objects/69/tmp_obj_wXyBEk')
mkdir('/tmp/nimble_8254/githubcom_ruivieiramatplotnim/.git/objects/d0', 0x00000000000001ff)
link('/tmp/nimble_8254/githubcom_ruivieiramatplotnim/.git/objects/d0/tmp_obj_zx4lOd', '/tmp/nimble_8254/githubcom_ruivieiramatplotnim/.git/objects/d0/382cb9324f61037d46f39537269f896a3f4e9a')
unlink('/tmp/nimble_8254/githubcom_ruivieiramatplotnim/.git/objects/d0/tmp_obj_zx4lOd')
link('/tmp/nimble_8254/githubcom_ruivieiramatplotnim/.git/objects/c5/tmp_obj_PlABfd', '/tmp/nimble_8254/githubcom_ruivieiramatplotnim/.git/objects/c5/c9d4bceda3bc94712e9a3b55027cd1ea0f1e3a')
unlink('/tmp/nimble_8254/githubcom_ruivieiramatplotnim/.git/objects/c5/tmp_obj_PlABfd')
rename('/tmp/nimble_8254/githubcom_ruivieiramatplotnim/.git/shallow.lock', '/tmp/nimble_8254/githubcom_ruivieiramatplotnim/.git/shallow')
rename('/tmp/nimble_8254/githubcom_ruivieiramatplotnim/.git/packed-refs.new', '/tmp/nimble_8254/githubcom_ruivieiramatplotnim/.git/packed-refs')
unlink('/tmp/nimble_8254/githubcom_ruivieiramatplotnim/.git/packed-refs.lock')
unlink('/tmp/nimble_8254/githubcom_ruivieiramatplotnim/.git/refs/tags/v0.1.0.lock')
mkdir('/tmp/nimble_8254/githubcom_ruivieiramatplotnim/.git/logs', 0x00000000000001ff)
rename('/tmp/nimble_8254/githubcom_ruivieiramatplotnim/.git/HEAD.lock', '/tmp/nimble_8254/githubcom_ruivieiramatplotnim/.git/HEAD')
mkdir('docs', 0x00000000000001ff)
mkdir('src', 0x00000000000001ff)
rename('/tmp/nimble_8254/githubcom_ruivieiramatplotnim/.git/index.lock', '/tmp/nimble_8254/githubcom_ruivieiramatplotnim/.git/index')
mkdir('/tmp', 0x00000000000001ff)
mkdir('/tmp/nimblecache', 0x00000000000001ff)
mkdir('/tmp/nimblecache/matplotnim_78219430', 0x00000000000001ff)
unlink('/tmp/nimblecache/matplotnim_78219430/matplotnim.ini')
unlink('/tmp/nimble_8254.out')
unlink('/tmp/nimble_8254/githubcom_ruivieiramatplotnim/matplotnim_8254.nims')
mkdir('/tmp', 0x00000000000001ff)
mkdir('/tmp/nimble_8254', 0x00000000000001ff)
mkdir('/tmp/nimble_8254/githubcom_OpenSystemsLabtempfilenim', 0x00000000000001ff)
rmdir('/tmp/nimble_8254/githubcom_OpenSystemsLabtempfilenim')
mkdir('/tmp/nimble_8254/githubcom_OpenSystemsLabtempfilenim', 0x00000000000001ff)
mkdir('/tmp/nimble_8254/githubcom_OpenSystemsLabtempfilenim/.git', 0x00000000000001ff)
mkdir('/tmp/nimble_8254/githubcom_OpenSystemsLabtempfilenim/.git/', 0x00000000000001ff)
mkdir('/tmp/nimble_8254/githubcom_OpenSystemsLabtempfilenim/.git/branches/', 0x00000000000001ff)
mkdir('/tmp/nimble_8254/githubcom_OpenSystemsLabtempfilenim/.git/hooks/', 0x00000000000001ff)
mkdir('/tmp/nimble_8254/githubcom_OpenSystemsLabtempfilenim/.git/info/', 0x00000000000001ff)
mkdir('/tmp/nimble_8254/githubcom_OpenSystemsLabtempfilenim/.git/refs', 0x00000000000001ff)
mkdir('/tmp/nimble_8254/githubcom_OpenSystemsLabtempfilenim/.git/refs/heads', 0x00000000000001ff)
mkdir('/tmp/nimble_8254/githubcom_OpenSystemsLabtempfilenim/.git/refs/tags', 0x00000000000001ff)
rename('/tmp/nimble_8254/githubcom_OpenSystemsLabtempfilenim/.git/HEAD.lock', '/tmp/nimble_8254/githubcom_OpenSystemsLabtempfilenim/.git/HEAD')
rename('/tmp/nimble_8254/githubcom_OpenSystemsLabtempfilenim/.git/config.lock', '/tmp/nimble_8254/githubcom_OpenSystemsLabtempfilenim/.git/config')
chmod('/tmp/nimble_8254/githubcom_OpenSystemsLabtempfilenim/.git/config', 0x00000000000081e4)
chmod('/tmp/nimble_8254/githubcom_OpenSystemsLabtempfilenim/.git/config', 0x00000000000081a4)
chmod('/tmp/nimble_8254/githubcom_OpenSystemsLabtempfilenim/.git/config.lock', 0x00000000000001a4)
rename('/tmp/nimble_8254/githubcom_OpenSystemsLabtempfilenim/.git/config.lock', '/tmp/nimble_8254/githubcom_OpenSystemsLabtempfilenim/.git/config')
chmod('/tmp/nimble_8254/githubcom_OpenSystemsLabtempfilenim/.git/config.lock', 0x00000000000001a4)
rename('/tmp/nimble_8254/githubcom_OpenSystemsLabtempfilenim/.git/config.lock', '/tmp/nimble_8254/githubcom_OpenSystemsLabtempfilenim/.git/config')
chmod('/tmp/nimble_8254/githubcom_OpenSystemsLabtempfilenim/.git/config.lock', 0x00000000000001a4)
rename('/tmp/nimble_8254/githubcom_OpenSystemsLabtempfilenim/.git/config.lock', '/tmp/nimble_8254/githubcom_OpenSystemsLabtempfilenim/.git/config')       Info /tmp/nimble_8254/githubcom_OpenSystemsLabtempfilenim/tempfile_8254.nims(5, 22) Warning: imported and not used: 'strutils' [UnusedImport]
  Verifying dependencies for tempfile@0.1.7
 Installing tempfile@0.1.7
   Building tempfile/tempfile_seeder using c backend
  Executing "/home/runner/.nimble/bin/nim" c --noNimblePath -d:NimblePkgVersion=0.1.7 -d:release -o:"/tmp/nimble_8254/githubcom_OpenSystemsLabtempfilenim/tempfile_seeder" "/tmp/nimble_8254/githubcom_OpenSystemsLabtempfilenim/tempfile_seeder.nim"

unlink('/tmp/nimble_8254/githubcom_OpenSystemsLabtempfilenim/.git/tlpa5xK')
symlink('testing', '/tmp/nimble_8254/githubcom_OpenSystemsLabtempfilenim/.git/tlpa5xK')
unlink('/tmp/nimble_8254/githubcom_OpenSystemsLabtempfilenim/.git/tlpa5xK')
mkdir('/tmp/nimble_8254/githubcom_OpenSystemsLabtempfilenim/.git/objects', 0x00000000000001ff)
mkdir('/tmp/nimble_8254/githubcom_OpenSystemsLabtempfilenim/.git/objects/pack', 0x00000000000001ff)
mkdir('/tmp/nimble_8254/githubcom_OpenSystemsLabtempfilenim/.git/objects/info', 0x00000000000001ff)
chmod('/tmp/nimble_8254/githubcom_OpenSystemsLabtempfilenim/.git/config.lock', 0x00000000000001a4)
rename('/tmp/nimble_8254/githubcom_OpenSystemsLabtempfilenim/.git/config.lock', '/tmp/nimble_8254/githubcom_OpenSystemsLabtempfilenim/.git/config')
chmod('/tmp/nimble_8254/githubcom_OpenSystemsLabtempfilenim/.git/config.lock', 0x00000000000001a4)
rename('/tmp/nimble_8254/githubcom_OpenSystemsLabtempfilenim/.git/config.lock', '/tmp/nimble_8254/githubcom_OpenSystemsLabtempfilenim/.git/config')
chmod('/tmp/nimble_8254/githubcom_OpenSystemsLabtempfilenim/.git/config.lock', 0x00000000000001a4)
rename('/tmp/nimble_8254/githubcom_OpenSystemsLabtempfilenim/.git/config.lock', '/tmp/nimble_8254/githubcom_OpenSystemsLabtempfilenim/.git/config')
chmod('/tmp/nimble_8254/githubcom_OpenSystemsLabtempfilenim/.git/config.lock', 0x00000000000001a4)
rename('/tmp/nimble_8254/githubcom_OpenSystemsLabtempfilenim/.git/config.lock', '/tmp/nimble_8254/githubcom_OpenSystemsLabtempfilenim/.git/config')
mkdir('/tmp/nimble_8254/githubcom_OpenSystemsLabtempfilenim/.git/objects/26', 0x00000000000001ff)
link('/tmp/nimble_8254/githubcom_OpenSystemsLabtempfilenim/.git/objects/26/tmp_obj_2pdkxZ', '/tmp/nimble_8254/githubcom_OpenSystemsLabtempfilenim/.git/objects/26/e0239441755e5edcfd170e9aa566bb9c9eb6f3')
unlink('/tmp/nimble_8254/githubcom_OpenSystemsLabtempfilenim/.git/objects/26/tmp_obj_2pdkxZ')
mkdir('/tmp/nimble_8254/githubcom_OpenSystemsLabtempfilenim/.git/objects/33', 0x00000000000001ff)
link('/tmp/nimble_8254/githubcom_OpenSystemsLabtempfilenim/.git/objects/33/tmp_obj_olBsNZ', '/tmp/nimble_8254/githubcom_OpenSystemsLabtempfilenim/.git/objects/33/e2885bbd3b0c6979c98b88d82116d13737688f')
unlink('/tmp/nimble_8254/githubcom_OpenSystemsLabtempfilenim/.git/objects/33/tmp_obj_olBsNZ')
mkdir('/tmp/nimble_8254/githubcom_OpenSystemsLabtempfilenim/.git/objects/a9', 0x00000000000001ff)
link('/tmp/nimble_8254/githubcom_OpenSystemsLabtempfilenim/.git/objects/a9/tmp_obj_0wZEa2', '/tmp/nimble_8254/githubcom_OpenSystemsLabtempfilenim/.git/objects/a9/17eefab74d557fc0044aa76c7d43c01020c98f')
unlink('/tmp/nimble_8254/githubcom_OpenSystemsLabtempfilenim/.git/objects/a9/tmp_obj_0wZEa2')
mkdir('/tmp/nimble_8254/githubcom_OpenSystemsLabtempfilenim/.git/objects/67', 0x00000000000001ff)
link('/tmp/nimble_8254/githubcom_OpenSystemsLabtempfilenim/.git/objects/67/tmp_obj_kTXeJ5', '/tmp/nimble_8254/githubcom_OpenSystemsLabtempfilenim/.git/objects/67/d9b34c6cecad82ad17197ffa5db4860caf9037')
unlink('/tmp/nimble_8254/githubcom_OpenSystemsLabtempfilenim/.git/objects/67/tmp_obj_kTXeJ5')
mkdir('/tmp/nimble_8254/githubcom_OpenSystemsLabtempfilenim/.git/objects/a7', 0x00000000000001ff)
link('/tmp/nimble_8254/githubcom_OpenSystemsLabtempfilenim/.git/objects/a7/tmp_obj_SkHBM4', '/tmp/nimble_8254/githubcom_OpenSystemsLabtempfilenim/.git/objects/a7/d4a1632f37113a858e8bd51672bc2b7d796c76')
unlink('/tmp/nimble_8254/githubcom_OpenSystemsLabtempfilenim/.git/objects/a7/tmp_obj_SkHBM4')
mkdir('/tmp/nimble_8254/githubcom_OpenSystemsLabtempfilenim/.git/objects/97', 0x00000000000001ff)
link('/tmp/nimble_8254/githubcom_OpenSystemsLabtempfilenim/.git/objects/97/tmp_obj_Mttrk8', '/tmp/nimble_8254/githubcom_OpenSystemsLabtempfilenim/.git/objects/97/de67575a6b20f1d23100f4d4c31db9f71115de')
unlink('/tmp/nimble_8254/githubcom_OpenSystemsLabtempfilenim/.git/objects/97/tmp_obj_Mttrk8')
mkdir('/tmp/nimble_8254/githubcom_OpenSystemsLabtempfilenim/.git/objects/1a', 0x00000000000001ff)
link('/tmp/nimble_8254/githubcom_OpenSystemsLabtempfilenim/.git/objects/1a/tmp_obj_m0uinb', '/tmp/nimble_8254/githubcom_OpenSystemsLabtempfilenim/.git/objects/1a/a1ce221eb4ba83d1ef3f7122ea45f818ac7061')
unlink('/tmp/nimble_8254/githubcom_OpenSystemsLabtempfilenim/.git/objects/1a/tmp_obj_m0uinb')
mkdir('/tmp/nimble_8254/githubcom_OpenSystemsLabtempfilenim/.git/objects/42', 0x00000000000001ff)
link('/tmp/nimble_8254/githubcom_OpenSystemsLabtempfilenim/.git/objects/42/tmp_obj_m00Ovb', '/tmp/nimble_8254/githubcom_OpenSystemsLabtempfilenim/.git/objects/42/3d29806d23c531424d6a6e75640e8734c733df')
unlink('/tmp/nimble_8254/githubcom_OpenSystemsLabtempfilenim/.git/objects/42/tmp_obj_m00Ovb')
mkdir('/tmp/nimble_8254/githubcom_OpenSystemsLabtempfilenim/.git/objects/9c', 0x00000000000001ff)
link('/tmp/nimble_8254/githubcom_OpenSystemsLabtempfilenim/.git/objects/9c/tmp_obj_8SeG9d', '/tmp/nimble_8254/githubcom_OpenSystemsLabtempfilenim/.git/objects/9c/472da3b8b8d9e958579f3a11f721c0ff4bb4fb')
unlink('/tmp/nimble_8254/githubcom_OpenSystemsLabtempfilenim/.git/objects/9c/tmp_obj_8SeG9d')
mkdir('/tmp/nimble_8254/githubcom_OpenSystemsLabtempfilenim/.git/objects/5b', 0x00000000000001ff)
link('/tmp/nimble_8254/githubcom_OpenSystemsLabtempfilenim/.git/objects/5b/tmp_obj_4irhdi', '/tmp/nimble_8254/githubcom_OpenSystemsLabtempfilenim/.git/objects/5b/b1fabdaac9292f15476bf990f23af705109059')
unlink('/tmp/nimble_8254/githubcom_OpenSystemsLabtempfilenim/.git/objects/5b/tmp_obj_4irhdi')
mkdir('/tmp/nimble_8254/githubcom_OpenSystemsLabtempfilenim/.git/objects/4e', 0x00000000000001ff)
link('/tmp/nimble_8254/githubcom_OpenSystemsLabtempfilenim/.git/objects/4e/tmp_obj_AdEZ3g', '/tmp/nimble_8254/githubcom_OpenSystemsLabtempfilenim/.git/objects/4e/7f90e071b6eea06183cf2f92585585ed3719b8')
unlink('/tmp/nimble_8254/githubcom_OpenSystemsLabtempfilenim/.git/objects/4e/tmp_obj_AdEZ3g')
rename('/tmp/nimble_8254/githubcom_OpenSystemsLabtempfilenim/.git/shallow.lock', '/tmp/nimble_8254/githubcom_OpenSystemsLabtempfilenim/.git/shallow')
rename('/tmp/nimble_8254/githubcom_OpenSystemsLabtempfilenim/.git/packed-refs.new', '/tmp/nimble_8254/githubcom_OpenSystemsLabtempfilenim/.git/packed-refs')
unlink('/tmp/nimble_8254/githubcom_OpenSystemsLabtempfilenim/.git/packed-refs.lock')
unlink('/tmp/nimble_8254/githubcom_OpenSystemsLabtempfilenim/.git/refs/tags/0.1.7.lock')
mkdir('/tmp/nimble_8254/githubcom_OpenSystemsLabtempfilenim/.git/logs', 0x00000000000001ff)
rename('/tmp/nimble_8254/githubcom_OpenSystemsLabtempfilenim/.git/HEAD.lock', '/tmp/nimble_8254/githubcom_OpenSystemsLabtempfilenim/.git/HEAD')
mkdir('tests', 0x00000000000001ff)
rename('/tmp/nimble_8254/githubcom_OpenSystemsLabtempfilenim/.git/index.lock', '/tmp/nimble_8254/githubcom_OpenSystemsLabtempfilenim/.git/index')
mkdir('/tmp', 0x00000000000001ff)
mkdir('/tmp/nimblecache', 0x00000000000001ff)
mkdir('/tmp/nimblecache/tempfile_1728200830', 0x00000000000001ff)
unlink('/tmp/nimblecache/tempfile_1728200830/tempfile.ini')
unlink('/tmp/nimble_8254.out')
unlink('/tmp/nimble_8254/githubcom_OpenSystemsLabtempfilenim/tempfile_8254.nims')
mkdir('/home', 0x00000000000001ff)
mkdir('/home/runner', 0x00000000000001ff)
mkdir('/home/runner/.cache', 0x00000000000001ff)
mkdir('/home/runner/.cache/nim', 0x00000000000001ff)
mkdir('/home/runner/.cache/nim/tempfile_seeder_r', 0x00000000000001ff)
mkdir('/home', 0x00000000000001ff)
mkdir('/home/runner', 0x00000000000001ff)
mkdir('/home/runner/.cache', 0x00000000000001ff)
mkdir('/home/runner/.cache/nim', 0x00000000000001ff)
mkdir('/home/runner/.cache/nim/tempfile_seeder_r', 0x00000000000001ff)
mkdir('/home', 0x00000000000001ff)
mkdir('/home/runner', 0x00000000000001ff)
mkdir('/home/runner/.cache', 0x00000000000001ff)
mkdir('/home/runner/.cache/nim', 0x00000000000001ff)
mkdir('/home/runner/.cache/nim/tempfile_seeder_r', 0x00000000000001ff)
mkdir('/home', 0x00000000000001ff)
mkdir('/home/runner', 0x00000000000001ff)
mkdir('/home/runner/.cache', 0x00000000000001ff)
mkdir('/home/runner/.cache/nim', 0x00000000000001ff)
mkdir('/home/runner/.cache/nim/tempfile_seeder_r', 0x00000000000001ff)
mkdir('/home', 0x00000000000001ff)
mkdir('/home/runner', 0x00000000000001ff)
mkdir('/home/runner/.cache', 0x00000000000001ff)
mkdir('/home/runner/.cache/nim', 0x00000000000001ff)
mkdir('/home/runner/.cache/nim/tempfile_seeder_r', 0x00000000000001ff)
mkdir('/home', 0x00000000000001ff)
mkdir('/home/runner', 0x00000000000001ff)
mkdir('/home/runner/.cache', 0x00000000000001ff)
mkdir('/home/runner/.cache/nim', 0x00000000000001ff)
mkdir('/home/runner/.cache/nim/tempfile_seeder_r', 0x00000000000001ff)
mkdir('/home', 0x00000000000001ff)
mkdir('/home/runner', 0x00000000000001ff)
mkdir('/home/runner/.cache', 0x00000000000001ff)
mkdir('/home/runner/.cache/nim', 0x00000000000001ff)
mkdir('/home/runner/.cache/nim/tempfile_seeder_r', 0x00000000000001ff)
mkdir('/home', 0x00000000000001ff)
mkdir('/home/runner', 0x00000000000001ff)
mkdir('/home/runner/.cache', 0x00000000000001ff)
mkdir('/home/runner/.cache/nim', 0x00000000000001ff)
mkdir('/home/runner/.cache/nim/tempfile_seeder_r', 0x00000000000001ff)
mkdir('/home', 0x00000000000001ff)
mkdir('/home/runner', 0x00000000000001ff)
mkdir('/home/runner/.cache', 0x00000000000001ff)
mkdir('/home/runner/.cache/nim', 0x00000000000001ff)
mkdir('/home/runner/.cache/nim/tempfile_seeder_r', 0x00000000000001ff)
mkdir('/home', 0x00000000000001ff)
mkdir('/home/runner', 0x00000000000001ff)
mkdir('/home/runner/.cache', 0x00000000000001ff)
mkdir('/home/runner/.cache/nim', 0x00000000000001ff)
mkdir('/home/runner/.cache/nim/tempfile_seeder_r', 0x00000000000001ff)
mkdir('/home', 0x00000000000001ff)
mkdir('/home/runner', 0x00000000000001ff)
mkdir('/home/runner/.cache', 0x00000000000001ff)
mkdir('/home/runner/.cache/nim', 0x00000000000001ff)
mkdir('/home/runner/.cache/nim/tempfile_seeder_r', 0x00000000000001ff)
mkdir('/home', 0x00000000000001ff)
mkdir('/home/runner', 0x00000000000001ff)
mkdir('/home/runner/.cache', 0x00000000000001ff)
mkdir('/home/runner/.cache/nim', 0x00000000000001ff)
mkdir('/home/runner/.cache/nim/tempfile_seeder_r', 0x00000000000001ff)
mkdir('/home', 0x00000000000001ff)
mkdir('/home/runner', 0x00000000000001ff)
mkdir('/home/runner/.cache', 0x00000000000001ff)
mkdir('/home/runner/.cache/nim', 0x00000000000001ff)
mkdir('/home/runner/.cache/nim/tempfile_seeder_r', 0x00000000000001ff)
mkdir('/home', 0x00000000000001ff)
mkdir('/home/runner', 0x00000000000001ff)
mkdir('/home/runner/.cache', 0x00000000000001ff)
mkdir('/home/runner/.cache/nim', 0x00000000000001ff)
mkdir('/home/runner/.cache/nim/tempfile_seeder_r', 0x00000000000001ff)
mkdir('/home', 0x00000000000001ff)
mkdir('/home/runner', 0x00000000000001ff)
mkdir('/home/runner/.cache', 0x00000000000001ff)
mkdir('/home/runner/.cache/nim', 0x00000000000001ff)
mkdir('/home/runner/.cache/nim/tempfile_seeder_r', 0x00000000000001ff)
mkdir('/home', 0x00000000000001ff)
mkdir('/home/runner', 0x00000000000001ff)
mkdir('/home/runner/.cache', 0x00000000000001ff)
mkdir('/home/runner/.cache/nim', 0x00000000000001ff)
mkdir('/home/runner/.cache/nim/tempfile_seeder_r', 0x00000000000001ff)
mkdir('/home', 0x00000000000001ff)
mkdir('/home/runner', 0x00000000000001ff)
mkdir('/home/runner/.cache', 0x00000000000001ff)
mkdir('/home/runner/.cache/nim', 0x00000000000001ff)
mkdir('/home/runner/.cache/nim/tempfile_seeder_r', 0x00000000000001ff)
mkdir('/home', 0x00000000000001ff)
mkdir('/home/runner', 0x00000000000001ff)
mkdir('/home/runner/.cache', 0x00000000000001ff)
mkdir('/home/runner/.cache/nim', 0x00000000000001ff)
mkdir('/home/runner/.cache/nim/tempfile_seeder_r', 0x00000000000001ff)
mkdir('/home', 0x00000000000001ff)
mkdir('/home/runner', 0x00000000000001ff)
mkdir('/home/runner/.cache', 0x00000000000001ff)
mkdir('/home/runner/.cache/nim', 0x00000000000001ff)
mkdir('/home/runner/.cache/nim/tempfile_seeder_r', 0x00000000000001ff)
mkdir('/home', 0x00000000000001ff)
mkdir('/home/runner', 0x00000000000001ff)
mkdir('/home/runner/.cache', 0x00000000000001ff)
mkdir('/home/runner/.cache/nim', 0x00000000000001ff)
mkdir('/home/runner/.cache/nim/tempfile_seeder_r', 0x00000000000001ff)
mkdir('/home', 0x00000000000001ff)
mkdir('/home/runner', 0x00000000000001ff)
mkdir('/home/runner/.cache', 0x00000000000001ff)
mkdir('/home/runner/.cache/nim', 0x00000000000001ff)
mkdir('/home/runner/.cache/nim/tempfile_seeder_r', 0x00000000000001ff)
mkdir('/home', 0x00000000000001ff)
mkdir('/home/runner', 0x00000000000001ff)
mkdir('/home/runner/.cache', 0x00000000000001ff)
mkdir('/home/runner/.cache/nim', 0x00000000000001ff)
mkdir('/home/runner/.cache/nim/tempfile_seeder_r', 0x00000000000001ff)
mkdir('/home', 0x00000000000001ff)
mkdir('/home/runner', 0x00000000000001ff)
mkdir('/home/runner/.cache', 0x00000000000001ff)
mkdir('/home/runner/.cache/nim', 0x00000000000001ff)
mkdir('/home/runner/.cache/nim/tempfile_seeder_r', 0x00000000000001ff)
mkdir('/home', 0x00000000000001ff)
mkdir('/home/runner', 0x00000000000001ff)
mkdir('/home/runner/.cache', 0x00000000000001ff)
mkdir('/home/runner/.cache/nim', 0x00000000000001ff)
mkdir('/home/runner/.cache/nim/tempfile_seeder_r', 0x00000000000001ff)
mkdir('/home', 0x00000000000001ff)
mkdir('/home/runner', 0x00000000000001ff)
mkdir('/home/runner/.cache', 0x00000000000001ff)
mkdir('/home/runner/.cache/nim', 0x00000000000001ff)
mkdir('/home/runner/.cache/nim/tempfile_seeder_r', 0x00000000000001ff)
mkdir('/home', 0x00000000000001ff)
mkdir('/home/runner', 0x00000000000001ff)
mkdir('/home/runner/.cache', 0x00000000000001ff)
mkdir('/home/runner/.cache/nim', 0x00000000000001ff)
mkdir('/home/runner/.cache/nim/tempfile_seeder_r', 0x00000000000001ff)
mkdir('/home', 0x00000000000001ff)
mkdir('/home/runner', 0x00000000000001ff)
mkdir('/home/runner/.cache', 0x00000000000001ff)
mkdir('/home/runner/.cache/nim', 0x00000000000001ff)
mkdir('/home/runner/.cache/nim/tempfile_seeder_r', 0x00000000000001ff)
mkdir('/home', 0x00000000000001ff)
mkdir('/home/runner', 0x00000000000001ff)
mkdir('/home/runner/.cache', 0x00000000000001ff)
mkdir('/home/runner/.cache/nim', 0x00000000000001ff)
mkdir('/home/runner/.cache/nim/tempfile_seeder_r', 0x00000000000001ff)
mkdir('/home', 0x00000000000001ff)
mkdir('/home/runner', 0x00000000000001ff)
mkdir('/home/runner/.cache', 0x00000000000001ff)
mkdir('/home/runner/.cache/nim', 0x00000000000001ff)
mkdir('/home/runner/.cache/nim/tempfile_seeder_r', 0x00000000000001ff)
mkdir('/home', 0x00000000000001ff)
mkdir('/home/runner', 0x00000000000001ff)
mkdir('/home/runner/.cache', 0x00000000000001ff)
mkdir('/home/runner/.cache/nim', 0x00000000000001ff)
mkdir('/home/runner/.cache/nim/tempfile_seeder_r', 0x00000000000001ff)
mkdir('/home', 0x00000000000001ff)
mkdir('/home/runner', 0x00000000000001ff)
mkdir('/home/runner/.cache', 0x00000000000001ff)
mkdir('/home/runner/.cache/nim', 0x00000000000001ff)
mkdir('/home/runner/.cache/nim/tempfile_seeder_r', 0x00000000000001ff)
mkdir('/home', 0x00000000000001ff)
mkdir('/home/runner', 0x00000000000001ff)
mkdir('/home/runner/.cache', 0x00000000000001ff)
mkdir('/home/runner/.cache/nim', 0x00000000000001ff)
mkdir('/home/runner/.cache/nim/tempfile_seeder_r', 0x00000000000001ff)
mkdir('/home', 0x00000000000001ff)
mkdir('/home/runner', 0x00000000000001ff)
mkdir('/home/runner/.cache', 0x00000000000001ff)
mkdir('/home/runner/.cache/nim', 0x00000000000001ff)
mkdir('/home/runner/.cache/nim/tempfile_seeder_r', 0x00000000000001ff)
mkdir('/home', 0x00000000000001ff)
mkdir('/home/runner', 0x00000000000001ff)
mkdir('/home/runner/.cache', 0x00000000000001ff)
mkdir('/home/runner/.cache/nim', 0x00000000000001ff)
mkdir('/home/runner/.cache/nim/tempfile_seeder_r', 0x00000000000001ff)
mkdir('/home', 0x00000000000001ff)
mkdir('/home/runner', 0x00000000000001ff)
mkdir('/home/runner/.cache', 0x00000000000001ff)
mkdir('/home/runner/.cache/nim', 0x00000000000001ff)
mkdir('/home/runner/.cache/nim/tempfile_seeder_r', 0x00000000000001ff)
mkdir('/home', 0x00000000000001ff)
mkdir('/home/runner', 0x00000000000001ff)
mkdir('/home/runner/.cache', 0x00000000000001ff)
mkdir('/home/runner/.cache/nim', 0x00000000000001ff)
mkdir('/home/runner/.cache/nim/tempfile_seeder_r', 0x00000000000001ff)
mkdir('/home', 0x00000000000001ff)
mkdir('/home/runner', 0x00000000000001ff)
mkdir('/home/runner/.cache', 0x00000000000001ff)
mkdir('/home/runner/.cache/nim', 0x00000000000001ff)
mkdir('/home/runner/.cache/nim/tempfile_seeder_r', 0x00000000000001ff)
mkdir('/home', 0x00000000000001ff)
mkdir('/home/runner', 0x00000000000001ff)
mkdir('/home/runner/.cache', 0x00000000000001ff)
mkdir('/home/runner/.cache/nim', 0x00000000000001ff)
mkdir('/home/runner/.cache/nim/tempfile_seeder_r', 0x00000000000001ff)
mkdir('/home', 0x00000000000001ff)
mkdir('/home/runner', 0x00000000000001ff)
mkdir('/home/runner/.cache', 0x00000000000001ff)
mkdir('/home/runner/.cache/nim', 0x00000000000001ff)
mkdir('/home/runner/.cache/nim/tempfile_seeder_r', 0x00000000000001ff)
mkdir('/home', 0x00000000000001ff)
mkdir('/home/runner', 0x00000000000001ff)
mkdir('/home/runner/.cache', 0x00000000000001ff)
mkdir('/home/runner/.cache/nim', 0x00000000000001ff)
mkdir('/home/runner/.cache/nim/tempfile_seeder_r', 0x00000000000001ff)
mkdir('/home', 0x00000000000001ff)
mkdir('/home/runner', 0x00000000000001ff)
mkdir('/home/runner/.cache', 0x00000000000001ff)
mkdir('/home/runner/.cache/nim', 0x00000000000001ff)
mkdir('/home/runner/.cache/nim/tempfile_seeder_r', 0x00000000000001ff)
mkdir('/home', 0x00000000000001ff)
mkdir('/home/runner', 0x00000000000001ff)
mkdir('/home/runner/.cache', 0x00000000000001ff)
mkdir('/home/runner/.cache/nim', 0x00000000000001ff)
mkdir('/home/runner/.cache/nim/tempfile_seeder_r', 0x00000000000001ff)
mkdir('/home', 0x00000000000001ff)
mkdir('/home/runner', 0x00000000000001ff)
mkdir('/home/runner/.cache', 0x00000000000001ff)
mkdir('/home/runner/.cache/nim', 0x00000000000001ff)
mkdir('/home/runner/.cache/nim/tempfile_seeder_r', 0x00000000000001ff)
mkdir('/home', 0x00000000000001ff)
mkdir('/home/runner', 0x00000000000001ff)
mkdir('/home/runner/.cache', 0x00000000000001ff)
mkdir('/home/runner/.cache/nim', 0x00000000000001ff)
mkdir('/home/runner/.cache/nim/tempfile_seeder_r', 0x00000000000001ff)
unlink('/tmp/ccO3ZWyx.s')
unlink('/tmp/ccNIJrkx.s')
unlink('/tmp/ccVGGmIj.s')
unlink('/tmp/ccrKoREj.s')
unlink('/tmp/cc63Kco2.s')
unlink('/tmp/ccqa8Fe5.s')
mkdir('/tmp', 0x00000000000001ff)
mkdir('/tmp/nimble_8254', 0x00000000000001ff)
mkdir('/tmp/nimble_8254/githubcom_OpenSystemsLabtempfilenim', 0x00000000000001ff)
chmod(94728694325888, 0x00000000000001ed)
Error tracing process: readBytes(0x00005627be2ce280, 256) error: [Errno 5] Input/output error.
