      Info: Package cache path /home/runner/.nimble/pkgcache
     Info:  Nimble data file "/home/runner/.nimble/nimbledata2.json" has been loaded.
    Reading official package list
Downloading https://github.com/dylhack/matrix-nim-sdk using git
    Cloning latest tagged version: 0.1.0
open('/workspace/destdir/ssl/openssl.cnf', 32768, 0x00000000000001b6)
open('/home/runner/.config/nimble/nimble.ini', 557056, 0x00000000000001b6)
open('/home/runner/.config/babel/babel.ini', 557056, 0x00000000000001b6)
writev(1, 0x00007fff307ab7d0, 2)
open('/home/runner/.nimble/nimbledata2.json', 557056, 0x00000000000001b6)
writev(1, 0x00007fff307ab8a0, 2)
writev(1, 0x00007ffe456d29a0, 2)
writev(1, 0x00007ffe456d2a30, 2)
writev(1, 0x00007ffe456d2a30, 2)
writev(1, 0x00007ffe456d2a30, 2)
writev(1, 0x00007fff307aa280, 2)
open('/home/runner/.nimble/packages_official.json', 557056, 0x00000000000001b6)
mkdir('/home/', 0x00000000000001ff)
mkdir('/home/runner/', 0x00000000000001ff)
mkdir('/home/runner/.nimble/', 0x00000000000001ff)
mkdir('/home/runner/.nimble/pkgcache/', 0x00000000000001ff)
mkdir('/home/runner/.nimble/pkgcache/githubcom_dylhackmatrixnimsdk', 0x00000000000001ff)
open('/home/runner/.nimble/pkgcache/githubcom_dylhackmatrixnimsdk', 622592, 0x0000000000000000)
writev(1, 0x00007fff307aa360, 2)
open('/home/runner/.nimble/pkgcache/githubcom_dylhackmatrixnimsdk', 622592, 0x0000000000000000)
rmdir('/home/runner/.nimble/pkgcache/githubcom_dylhackmatrixnimsdk')
writev(1, 0x00007fff307aa250, 2)
mkdir(94329136110384, 0x00000000000001ff)
Error tracing process: readBytes(0x000055cab6a65b30, 256) error: [Errno 5] Input/output error.
