      Info: Package cache path /home/runner/.nimble/pkgcache
     Info:  Nimble data file "/home/runner/.nimble/nimbledata2.json" has been loaded.
    Reading official package list
Downloading https://github.com/superfunc/maybe using git
    Cloning latest tagged version: 2.2
open('/workspace/destdir/ssl/openssl.cnf', 32768, 0x00000000000001b6)
open('/home/runner/.config/nimble/nimble.ini', 557056, 0x00000000000001b6)
open('/home/runner/.config/babel/babel.ini', 557056, 0x00000000000001b6)
writev(1, 0x00007ffcdef64f00, 2)
open('/home/runner/.nimble/nimbledata2.json', 557056, 0x00000000000001b6)
writev(1, 0x00007ffcdef64fd0, 2)
writev(1, 0x00007fffbbff20b0, 2)
writev(1, 0x00007fffbbff2140, 2)
writev(1, 0x00007fffbbff2140, 2)
writev(1, 0x00007fffbbff2140, 2)
writev(1, 0x00007ffcdef639b0, 2)
open('/home/runner/.nimble/packages_official.json', 557056, 0x00000000000001b6)
mkdir('/home/', 0x00000000000001ff)
mkdir('/home/runner/', 0x00000000000001ff)
mkdir('/home/runner/.nimble/', 0x00000000000001ff)
mkdir('/home/runner/.nimble/pkgcache/', 0x00000000000001ff)
mkdir('/home/runner/.nimble/pkgcache/githubcom_superfuncmaybe', 0x00000000000001ff)
open('/home/runner/.nimble/pkgcache/githubcom_superfuncmaybe', 622592, 0x0000000000000000)
writev(1, 0x00007ffcdef63a90, 2)
open('/home/runner/.nimble/pkgcache/githubcom_superfuncmaybe', 622592, 0x0000000000000000)
rmdir('/home/runner/.nimble/pkgcache/githubcom_superfuncmaybe')
writev(1, 0x00007ffcdef63980, 2)
mkdir(94763268360896, 0x00000000000001ff)
Error tracing process: readBytes(0x0000562fcaf2cac0, 256) error: [Errno 5] Input/output error.
