     Info:  Nimble data file "/home/runner/.nimble/nimbledata2.json" has been loaded.
    Reading official package list
Downloading https://github.com/chocobo333/mcmurry using git
   Warning: The package has no tagged releases, downloading HEAD instead.
open('/workspace/destdir/ssl/openssl.cnf', 32768, 0x00000000000001b6)
open('/home/runner/.config/nimble/nimble.ini', 557056, 0x00000000000001b6)
open('/home/runner/.config/babel/babel.ini', 557056, 0x00000000000001b6)
open('/home/runner/.nimble/nimbledata2.json', 557056, 0x00000000000001b6)
writev(1, 0x00007ffcec170330, 2)
open('/home/runner/work/nim_packages_security_audit/nim_packages_security_audit', 622592, 0x0000000000000000)
writev(1, 0x00007ffcec16ef60, 2)
open('/home/runner/.nimble/packages_official.json', 557056, 0x00000000000001b6)
mkdir('/tmp/', 0x00000000000001ff)
mkdir('/tmp/nimble_3086/', 0x00000000000001ff)
mkdir('/tmp/nimble_3086/githubcom_chocobo333mcmurry', 0x00000000000001ff)
open('/tmp/nimble_3086/githubcom_chocobo333mcmurry', 622592, 0x0000000000000000)
writev(1, 0x00007ffcec16f020, 2)
open('/tmp/nimble_3086/githubcom_chocobo333mcmurry', 622592, 0x0000000000000000)
rmdir('/tmp/nimble_3086/githubcom_chocobo333mcmurry')
writev(1, 0x00007ffcec16ef10, 2)
mkdir(94602101196176, 0x00000000000001ff)
Error tracing process: readBytes(0x0000560a44a30590, 256) error: [Errno 5] Input/output error.
