      Info: Package cache path /home/runner/.nimble/pkgcache
     Info:  Nimble data file "/home/runner/.nimble/nimbledata2.json" has been loaded.
    Reading official package list
Downloading https://github.com/quadram-institute-bioscience/memonitor using git
    Cloning latest tagged version: v0.1.0
open('/workspace/destdir/ssl/openssl.cnf', 32768, 0x00000000000001b6)
open('/home/runner/.config/nimble/nimble.ini', 557056, 0x00000000000001b6)
open('/home/runner/.config/babel/babel.ini', 557056, 0x00000000000001b6)
writev(1, 0x00007ffd6ff48c00, 2)
open('/home/runner/.nimble/nimbledata2.json', 557056, 0x00000000000001b6)
writev(1, 0x00007ffd6ff48cd0, 2)
writev(1, 0x00007ffce6ffbda0, 2)
writev(1, 0x00007ffce6ffbe30, 2)
writev(1, 0x00007ffce6ffbe30, 2)
writev(1, 0x00007ffce6ffbe30, 2)
writev(1, 0x00007ffd6ff476b0, 2)
open('/home/runner/.nimble/packages_official.json', 557056, 0x00000000000001b6)
mkdir('/home/', 0x00000000000001ff)
mkdir('/home/runner/', 0x00000000000001ff)
mkdir('/home/runner/.nimble/', 0x00000000000001ff)
mkdir('/home/runner/.nimble/pkgcache/', 0x00000000000001ff)
mkdir('/home/runner/.nimble/pkgcache/githubcom_quadraminstitutebiosciencememonitor', 0x00000000000001ff)
open('/home/runner/.nimble/pkgcache/githubcom_quadraminstitutebiosciencememonitor', 622592, 0x0000000000000000)
writev(1, 0x00007ffd6ff47790, 2)
open('/home/runner/.nimble/pkgcache/githubcom_quadraminstitutebiosciencememonitor', 622592, 0x0000000000000000)
rmdir('/home/runner/.nimble/pkgcache/githubcom_quadraminstitutebiosciencememonitor')
writev(1, 0x00007ffd6ff47680, 2)
mkdir(93832527371216, 0x00000000000001ff)
Error tracing process: readBytes(0x0000555716765bd0, 256) error: [Errno 5] Input/output error.
