      Info: Package cache path /home/runner/.nimble/pkgcache
     Info:  Nimble data file "/home/runner/.nimble/nimbledata2.json" has been loaded.
    Reading official package list
Downloading https://github.com/andreaferretti/memo using git
    Cloning latest tagged version: 0.4.0
open('/workspace/destdir/ssl/openssl.cnf', 32768, 0x00000000000001b6)
open('/home/runner/.config/nimble/nimble.ini', 557056, 0x00000000000001b6)
open('/home/runner/.config/babel/babel.ini', 557056, 0x00000000000001b6)
writev(1, 0x00007fff666f3850, 2)
open('/home/runner/.nimble/nimbledata2.json', 557056, 0x00000000000001b6)
writev(1, 0x00007fff666f3920, 2)
writev(1, 0x00007ffe403fd9f0, 2)
writev(1, 0x00007ffe403fda80, 2)
writev(1, 0x00007ffe403fda80, 2)
writev(1, 0x00007ffe403fda80, 2)
writev(1, 0x00007fff666f2300, 2)
open('/home/runner/.nimble/packages_official.json', 557056, 0x00000000000001b6)
mkdir('/home/', 0x00000000000001ff)
mkdir('/home/runner/', 0x00000000000001ff)
mkdir('/home/runner/.nimble/', 0x00000000000001ff)
mkdir('/home/runner/.nimble/pkgcache/', 0x00000000000001ff)
mkdir('/home/runner/.nimble/pkgcache/githubcom_andreaferrettimemo', 0x00000000000001ff)
open('/home/runner/.nimble/pkgcache/githubcom_andreaferrettimemo', 622592, 0x0000000000000000)
writev(1, 0x00007fff666f23e0, 2)
open('/home/runner/.nimble/pkgcache/githubcom_andreaferrettimemo', 622592, 0x0000000000000000)
rmdir('/home/runner/.nimble/pkgcache/githubcom_andreaferrettimemo')
writev(1, 0x00007fff666f22d0, 2)
mkdir(94069818452768, 0x00000000000001ff)
Error tracing process: readBytes(0x0000558e561ceb20, 256) error: [Errno 5] Input/output error.
