    Reading official package list
Downloading https://github.com/ReneSac/memviews using git
mkdir('/tmp', 0x00000000000001ff)
mkdir('/tmp/nimble_9842', 0x00000000000001ff)
mkdir('/tmp/nimble_9842/githubcom_ReneSacmemviews', 0x00000000000001ff)
rmdir('/tmp/nimble_9842/githubcom_ReneSacmemviews')
mkdir('/tmp/nimble_9842/githubcom_ReneSacmemviews', 0x00000000000001ff)
mkdir('/tmp/nimble_9842/githubcom_ReneSacmemviews/.git', 0x00000000000001ff)
mkdir('/tmp/nimble_9842/githubcom_ReneSacmemviews/.git/', 0x00000000000001ff)
mkdir('/tmp/nimble_9842/githubcom_ReneSacmemviews/.git/info/', 0x00000000000001ff)
mkdir('/tmp/nimble_9842/githubcom_ReneSacmemviews/.git/branches/', 0x00000000000001ff)
mkdir('/tmp/nimble_9842/githubcom_ReneSacmemviews/.git/hooks/', 0x00000000000001ff)
mkdir('/tmp/nimble_9842/githubcom_ReneSacmemviews/.git/refs', 0x00000000000001ff)
mkdir('/tmp/nimble_9842/githubcom_ReneSacmemviews/.git/refs/heads', 0x00000000000001ff)
mkdir('/tmp/nimble_9842/githubcom_ReneSacmemviews/.git/refs/tags', 0x00000000000001ff)
rename('/tmp/nimble_9842/githubcom_ReneSacmemviews/.git/HEAD.lock', '/tmp/nimble_9842/githubcom_ReneSacmemviews/.git/HEAD')
rename('/tmp/nimble_9842/githubcom_ReneSacmemviews/.git/config.lock', '/tmp/nimble_9842/githubcom_ReneSacmemviews/.git/config')
chmod('/tmp/nimble_9842/githubcom_ReneSacmemviews/.git/config', 0x00000000000081e4)
chmod('/tmp/nimble_9842/githubcom_ReneSacmemviews/.git/config', 0x00000000000081a4)
chmod('/tmp/nimble_9842/githubcom_ReneSacmemviews/.git/config.lock', 0x00000000000001a4)
rename('/tmp/nimble_9842/githubcom_ReneSacmemviews/.git/config.lock', '/tmp/nimble_9842/githubcom_ReneSacmemviews/.git/config')
chmod('/tmp/nimble_9842/githubcom_ReneSacmemviews/.git/config.lock', 0x00000000000001a4)
rename('/tmp/nimble_9842/githubcom_ReneSacmemviews/.git/config.lock', '/tmp/nimble_9842/githubcom_ReneSacmemviews/.git/config')
chmod('/tmp/nimble_9842/githubcom_ReneSacmemviews/.git/config.lock', 0x00000000000001a4)
rename('/tmp/nimble_9842/githubcom_ReneSacmemviews/.git/config.lock', '/tmp/nimble_9842/githubcom_ReneSacmemviews/.git/config')
unlink('/tmp/nimble_9842/githubcom_ReneSacmemviews/.git/tjbqrVW')
symlink('testing', '/tmp/nimble_9842/githubcom_ReneSacmemviews/.git/tjbqrVW')
unlink('/tmp/nimble_9842/githubcom_ReneSacmemviews/.git/tjbqrVW')
mkdir('/tmp/nimble_9842/githubcom_ReneSacmemviews/.git/objects', 0x00000000000001ff)
mkdir('/tmp/nimble_9842/githubcom_ReneSacmemviews/.git/objects/pack', 0x00000000000001ff)
mkdir('/tmp/nimble_9842/githubcom_ReneSacmemviews/.git/objects/info', 0x00000000000001ff)
chmod('/tmp/nimble_9842/githubcom_ReneSacmemviews/.git/config.lock', 0x00000000000001a4)
rename('/tmp/nimble_9842/githubcom_ReneSacmemviews/.git/config.lock', '/tmp/nimble_9842/githubcom_ReneSacmemviews/.git/config')
chmod('/tmp/nimble_9842/githubcom_ReneSacmemviews/.git/config.lock', 0x00000000000001a4)
rename('/tmp/nimble_9842/githubcom_ReneSacmemviews/.git/config.lock', '/tmp/nimble_9842/githubcom_ReneSacmemviews/.git/config')
chmod('/tmp/nimble_9842/githubcom_ReneSacmemviews/.git/config.lock', 0x00000000000001a4)
rename('/tmp/nimble_9842/githubcom_ReneSacmemviews/.git/config.lock', '/tmp/nimble_9842/githubcom_ReneSacmemviews/.git/config')
mkdir('/tmp/nimble_9842/githubcom_ReneSacmemviews/.git/objects/81', 0x00000000000001ff)
link('/tmp/nimble_9842/githubcom_ReneSacmemviews/.git/objects/81/tmp_obj_qCjjUW', '/tmp/nimble_9842/githubcom_ReneSacmemviews/.git/objects/81/41a34c70eda6681e387b855bcac0d617fd0f6d')
unlink('/tmp/nimble_9842/githubcom_ReneSacmemviews/.git/objects/81/tmp_obj_qCjjUW')
mkdir('/tmp/nimble_9842/githubcom_ReneSacmemviews/.git/objects/2d', 0x00000000000001ff)
link('/tmp/nimble_9842/githubcom_ReneSacmemviews/.git/objects/2d/tmp_obj_yuXSo1', '/tmp/nimble_9842/githubcom_ReneSacmemviews/.git/objects/2d/bfa2339335376b581e5334bf9a6a70e10a7eda')
unlink('/tmp/nimble_9842/githubcom_ReneSacmemviews/.git/objects/2d/tmp_obj_yuXSo1')
mkdir('/tmp/nimble_9842/githubcom_ReneSacmemviews/.git/objects/58', 0x00000000000001ff)
link('/tmp/nimble_9842/githubcom_ReneSacmemviews/.git/objects/58/tmp_obj_UBbf61', '/tmp/nimble_9842/githubcom_ReneSacmemviews/.git/objects/58/f1cece0ab78ebc606134d4680bd355ca33e443')
unlink('/tmp/nimble_9842/githubcom_ReneSacmemviews/.git/objects/58/tmp_obj_UBbf61')
mkdir('/tmp/nimble_9842/githubcom_ReneSacmemviews/.git/objects/32', 0x00000000000001ff)
link('/tmp/nimble_9842/githubcom_ReneSacmemviews/.git/objects/32/tmp_obj_2vcsd7', '/tmp/nimble_9842/githubcom_ReneSacmemviews/.git/objects/32/cba93775c5c635ab0bd9a59dd0b79082412093')
unlink('/tmp/nimble_9842/githubcom_ReneSacmemviews/.git/objects/32/tmp_obj_2vcsd7')
mkdir('/tmp/nimble_9842/githubcom_ReneSacmemviews/.git/objects/1c', 0x00000000000001ff)
link('/tmp/nimble_9842/githubcom_ReneSacmemviews/.git/objects/1c/tmp_obj_U7z5Uf', '/tmp/nimble_9842/githubcom_ReneSacmemviews/.git/objects/1c/731de77bf92e38989cafe7dc97aeb1de5abd58')
unlink('/tmp/nimble_9842/githubcom_ReneSacmemviews/.git/objects/1c/tmp_obj_U7z5Uf')
mkdir('/tmp/nimble_9842/githubcom_ReneSacmemviews/.git/objects/8d', 0x00000000000001ff)
link('/tmp/nimble_9842/githubcom_ReneSacmemviews/.git/objects/8d/tmp_obj_gVr1Nj', '/tmp/nimble_9842/githubcom_ReneSacmemviews/.git/objects/8d/d9749196b3b4aefbb405ce727acf810aa55c9a')
unlink('/tmp/nimble_9842/githubcom_ReneSacmemviews/.git/objects/8d/tmp_obj_gVr1Nj')
mkdir('/tmp/nimble_9842/githubcom_ReneSacmemviews/.git/objects/07', 0x00000000000001ff)
link('/tmp/nimble_9842/githubcom_ReneSacmemviews/.git/objects/07/tmp_obj_V2Vzmd', '/tmp/nimble_9842/githubcom_ReneSacmemviews/.git/objects/07/846555fd370cb125f3070df0eb471934d56c0a')
unlink('/tmp/nimble_9842/githubcom_ReneSacmemviews/.git/objects/07/tmp_obj_V2Vzmd')
mkdir('/tmp/nimble_9842/githubcom_ReneSacmemviews/.git/objects/4e', 0x00000000000001ff)
link('/tmp/nimble_9842/githubcom_ReneSacmemviews/.git/objects/4e/tmp_obj_z3VStl', '/tmp/nimble_9842/githubcom_ReneSacmemviews/.git/objects/4e/6bb42bb13ca3e57b1591647b9230fdd1a066de')
unlink('/tmp/nimble_9842/githubcom_ReneSacmemviews/.git/objects/4e/tmp_obj_z3VStl')
mkdir('/tmp/nimble_9842/githubcom_ReneSacmemviews/.git/objects/70', 0x00000000000001ff)
link('/tmp/nimble_9842/githubcom_ReneSacmemviews/.git/objects/70/tmp_obj_DTpjkq', '/tmp/nimble_9842/githubcom_ReneSacmemviews/.git/objects/70/562dae61ce60d0af288fa8487bce2aabbd7336')
unlink('/tmp/nimble_9842/githubcom_ReneSacmemviews/.git/objects/70/tmp_obj_DTpjkq')
mkdir('/tmp/nimble_9842/githubcom_ReneSacmemviews/.git/objects/3f', 0x00000000000001ff)
link('/tmp/nimble_9842/githubcom_ReneSacmemviews/.git/objects/3f/tmp_obj_TvLm6u', '/tmp/nimble_9842/githubcom_ReneSacmemviews/.git/objects/3f/e8d8db9d021b4e0e11d55a9dbf81047973ebfa')
unlink('/tmp/nimble_9842/githubcom_ReneSacmemviews/.git/objects/3f/tmp_obj_TvLm6u')
rename('/tmp/nimble_9842/githubcom_ReneSacmemviews/.git/shallow.lock', '/tmp/nimble_9842/githubcom_ReneSacmemviews/.git/shallow')
rename('/tmp/nimble_9842/githubcom_ReneSacmemviews/.git/packed-refs.new', '/tmp/nimble_9842/githubcom_ReneSacmemviews/.git/packed-refs')
unlink('/tmp/nimble_9842/githubcom_ReneSacmemviews/.git/packed-refs.lock')
mkdir('/tmp/nimble_9842/githubcom_ReneSacmemviews/.git/refs/remotes', 0x00000000000001ff)
mkdir('/tmp/nimble_9842/githubcom_ReneSacmemviews/.git/refs/remotes/origin', 0x00000000000001ff)
mkdir('/tmp/nimble_9842/githubcom_ReneSacmemviews/.git/logs', 0x00000000000001ff)
mkdir('/tmp/nimble_9842/githubcom_ReneSacmemviews/.git/logs/refs', 0x00000000000001ff)
mkdir('/tmp/nimble_9842/githubcom_ReneSacmemviews/.git/logs/refs/remotes', 0x00000000000001ff)
mkdir('/tmp/nimble_9842/githubcom_ReneSacmemviews/.git/logs/refs/remotes/origin', 0x00000000000001ff)
rename('/tmp/nimble_9842/githubcom_ReneSacmemviews/.git/refs/remotes/origin/HEAD.lock', '/tmp/nimble_9842/githubcom_ReneSacmemviews/.git/refs/remotes/origin/HEAD')
rename('/tmp/nimble_9842/githubcom_ReneSacmemviews/.git/HEAD.lock', '/tmp/nimble_9842/githubcom_ReneSacmemviews/.git/HEAD')
mkdir('/tmp/nimble_9842/githubcom_ReneSacmemviews/.git/logs/refs/heads', 0x00000000000001ff)
rename('/tmp/nimble_9842/githubcom_ReneSacmemviews/.git/refs/heads/master.lock', '/tmp/nimble_9842/githubcom_ReneSacmemviews/.git/refs/heads/master')
unlink('/tmp/nimble_9842/githubcom_ReneSacmemviews/.git/HEAD.lock')
chmod('/tmp/nimble_9842/githubcom_ReneSacmemviews/.git/config.lock', 0x00000000000001a4)       Info /tmp/nimble_9842/githubcom_ReneSacmemviews/memviews_9842.nims(1, 8) Warning: imported and not used: 'system' [UnusedImport]
        ... /tmp/nimble_9842/githubcom_ReneSacmemviews/memviews_9842.nims(5, 22) Warning: imported and not used: 'strutils' [UnusedImport]
  Verifying dependencies for memviews@0.4.0
    Reading official package list
   Checking for c_alikes@>= 0.2.0
 Installing c_alikes@>= 0.2.0
    Reading official package list
Downloading https://github.com/ReneSac/c_alikes using git
    Cloning latest tagged version: v0.2.0

rename('/tmp/nimble_9842/githubcom_ReneSacmemviews/.git/config.lock', '/tmp/nimble_9842/githubcom_ReneSacmemviews/.git/config')
chmod('/tmp/nimble_9842/githubcom_ReneSacmemviews/.git/config.lock', 0x00000000000001a4)
rename('/tmp/nimble_9842/githubcom_ReneSacmemviews/.git/config.lock', '/tmp/nimble_9842/githubcom_ReneSacmemviews/.git/config')
mkdir('docs', 0x00000000000001ff)
mkdir('src', 0x00000000000001ff)
rename('/tmp/nimble_9842/githubcom_ReneSacmemviews/.git/index.lock', '/tmp/nimble_9842/githubcom_ReneSacmemviews/.git/index')
mkdir('/tmp', 0x00000000000001ff)
mkdir('/tmp/nimblecache', 0x00000000000001ff)
mkdir('/tmp/nimblecache/memviews_3761168577', 0x00000000000001ff)
unlink('/tmp/nimblecache/memviews_3761168577/memviews.ini')
unlink('/tmp/nimble_9842.out')
unlink('/tmp/nimble_9842/githubcom_ReneSacmemviews/memviews_9842.nims')
mkdir('/tmp', 0x00000000000001ff)
mkdir('/tmp/nimble_9842', 0x00000000000001ff)
mkdir('/tmp/nimble_9842/githubcom_ReneSaccalikes_0.2.0', 0x00000000000001ff)
rmdir('/tmp/nimble_9842/githubcom_ReneSaccalikes_0.2.0')
mkdir('/tmp/nimble_9842/githubcom_ReneSaccalikes_0.2.0', 0x00000000000001ff)
mkdir('/tmp/nimble_9842/githubcom_ReneSaccalikes_0.2.0/.git', 0x00000000000001ff)
mkdir('/tmp/nimble_9842/githubcom_ReneSaccalikes_0.2.0/.git/', 0x00000000000001ff)
mkdir('/tmp/nimble_9842/githubcom_ReneSaccalikes_0.2.0/.git/info/', 0x00000000000001ff)
mkdir('/tmp/nimble_9842/githubcom_ReneSaccalikes_0.2.0/.git/branches/', 0x00000000000001ff)
mkdir('/tmp/nimble_9842/githubcom_ReneSaccalikes_0.2.0/.git/hooks/', 0x00000000000001ff)
mkdir('/tmp/nimble_9842/githubcom_ReneSaccalikes_0.2.0/.git/refs', 0x00000000000001ff)
mkdir('/tmp/nimble_9842/githubcom_ReneSaccalikes_0.2.0/.git/refs/heads', 0x00000000000001ff)
mkdir('/tmp/nimble_9842/githubcom_ReneSaccalikes_0.2.0/.git/refs/tags', 0x00000000000001ff)
rename('/tmp/nimble_9842/githubcom_ReneSaccalikes_0.2.0/.git/HEAD.lock', '/tmp/nimble_9842/githubcom_ReneSaccalikes_0.2.0/.git/HEAD')
rename('/tmp/nimble_9842/githubcom_ReneSaccalikes_0.2.0/.git/config.lock', '/tmp/nimble_9842/githubcom_ReneSaccalikes_0.2.0/.git/config')
chmod('/tmp/nimble_9842/githubcom_ReneSaccalikes_0.2.0/.git/config', 0x00000000000081e4)
chmod('/tmp/nimble_9842/githubcom_ReneSaccalikes_0.2.0/.git/config', 0x00000000000081a4)
chmod('/tmp/nimble_9842/githubcom_ReneSaccalikes_0.2.0/.git/config.lock', 0x00000000000001a4)
rename('/tmp/nimble_9842/githubcom_ReneSaccalikes_0.2.0/.git/config.lock', '/tmp/nimble_9842/githubcom_ReneSaccalikes_0.2.0/.git/config')
chmod('/tmp/nimble_9842/githubcom_ReneSaccalikes_0.2.0/.git/config.lock', 0x00000000000001a4)
rename('/tmp/nimble_9842/githubcom_ReneSaccalikes_0.2.0/.git/config.lock', '/tmp/nimble_9842/githubcom_ReneSaccalikes_0.2.0/.git/config')
chmod('/tmp/nimble_9842/githubcom_ReneSaccalikes_0.2.0/.git/config.lock', 0x00000000000001a4)
rename('/tmp/nimble_9842/githubcom_ReneSaccalikes_0.2.0/.git/config.lock', '/tmp/nimble_9842/githubcom_ReneSaccalikes_0.2.0/.git/config')
unlink('/tmp/nimble_9842/githubcom_ReneSaccalikes_0.2.0/.git/tExJfOK')
symlink('testing', '/tmp/nimble_9842/githubcom_ReneSaccalikes_0.2.0/.git/tExJfOK')
unlink('/tmp/nimble_9842/githubcom_ReneSaccalikes_0.2.0/.git/tExJfOK')
mkdir('/tmp/nimble_9842/githubcom_ReneSaccalikes_0.2.0/.git/objects', 0x00000000000001ff)
mkdir('/tmp/nimble_9842/githubcom_ReneSaccalikes_0.2.0/.git/objects/pack', 0x00000000000001ff)
mkdir('/tmp/nimble_9842/githubcom_ReneSaccalikes_0.2.0/.git/objects/info', 0x00000000000001ff)
chmod('/tmp/nimble_9842/githubcom_ReneSaccalikes_0.2.0/.git/config.lock', 0x00000000000001a4)
rename('/tmp/nimble_9842/githubcom_ReneSaccalikes_0.2.0/.git/config.lock', '/tmp/nimble_9842/githubcom_ReneSaccalikes_0.2.0/.git/config')
chmod('/tmp/nimble_9842/githubcom_ReneSaccalikes_0.2.0/.git/config.lock', 0x00000000000001a4)
rename('/tmp/nimble_9842/githubcom_ReneSaccalikes_0.2.0/.git/config.lock', '/tmp/nimble_9842/githubcom_ReneSaccalikes_0.2.0/.git/config')
chmod('/tmp/nimble_9842/githubcom_ReneSaccalikes_0.2.0/.git/config.lock', 0x00000000000001a4)
rename('/tmp/nimble_9842/githubcom_ReneSaccalikes_0.2.0/.git/config.lock', '/tmp/nimble_9842/githubcom_ReneSaccalikes_0.2.0/.git/config')
mkdir('/tmp/nimble_9842/githubcom_ReneSaccalikes_0.2.0/.git/objects/dd', 0x00000000000001ff)
link('/tmp/nimble_9842/githubcom_ReneSaccalikes_0.2.0/.git/objects/dd/tmp_obj_TvP0Bf', '/tmp/nimble_9842/githubcom_ReneSaccalikes_0.2.0/.git/objects/dd/dc8141ca15ad5128d88cafd2f9bf2029b2644b')
unlink('/tmp/nimble_9842/githubcom_ReneSaccalikes_0.2.0/.git/objects/dd/tmp_obj_TvP0Bf')
mkdir('/tmp/nimble_9842/githubcom_ReneSaccalikes_0.2.0/.git/objects/f4', 0x00000000000001ff)
link('/tmp/nimble_9842/githubcom_ReneSaccalikes_0.2.0/.git/objects/f4/tmp_obj_X9aUFj', '/tmp/nimble_9842/githubcom_ReneSaccalikes_0.2.0/.git/objects/f4/251f098f3b9dad003aec1e8a49b707dbefcd51')
unlink('/tmp/nimble_9842/githubcom_ReneSaccalikes_0.2.0/.git/objects/f4/tmp_obj_X9aUFj')
mkdir('/tmp/nimble_9842/githubcom_ReneSaccalikes_0.2.0/.git/objects/47', 0x00000000000001ff)
link('/tmp/nimble_9842/githubcom_ReneSaccalikes_0.2.0/.git/objects/47/tmp_obj_Byl0oq', '/tmp/nimble_9842/githubcom_ReneSaccalikes_0.2.0/.git/objects/47/4b3cbaf5f5ade4151238d0472ed62e3a400e6a')
unlink('/tmp/nimble_9842/githubcom_ReneSaccalikes_0.2.0/.git/objects/47/tmp_obj_Byl0oq')
mkdir('/tmp/nimble_9842/githubcom_ReneSaccalikes_0.2.0/.git/objects/78', 0x00000000000001ff)
link('/tmp/nimble_9842/githubcom_ReneSaccalikes_0.2.0/.git/objects/78/tmp_obj_9D1Wor', '/tmp/nimble_9842/githubcom_ReneSaccalikes_0.2.0/.git/objects/78/0f753d899d3fee3e83e5868dd2e839771235ed')
unlink('/tmp/nimble_9842/githubcom_ReneSaccalikes_0.2.0/.git/objects/78/tmp_obj_9D1Wor')
mkdir('/tmp/nimble_9842/githubcom_ReneSaccalikes_0.2.0/.git/objects/58', 0x00000000000001ff)
link('/tmp/nimble_9842/githubcom_ReneSaccalikes_0.2.0/.git/objects/58/tmp_obj_Book7w', '/tmp/nimble_9842/githubcom_ReneSaccalikes_0.2.0/.git/objects/58/f1cece0ab78ebc606134d4680bd355ca33e443')
unlink('/tmp/nimble_9842/githubcom_ReneSaccalikes_0.2.0/.git/objects/58/tmp_obj_Book7w')
mkdir('/tmp/nimble_9842/githubcom_ReneSaccalikes_0.2.0/.git/objects/e2', 0x00000000000001ff)
link('/tmp/nimble_9842/githubcom_ReneSaccalikes_0.2.0/.git/objects/e2/tmp_obj_7g0zWB', '/tmp/nimble_9842/githubcom_ReneSaccalikes_0.2.0/.git/objects/e2/6eeed2bb22e2aa7b775b47166737e6cc278375')
unlink('/tmp/nimble_9842/githubcom_ReneSaccalikes_0.2.0/.git/objects/e2/tmp_obj_7g0zWB')
mkdir('/tmp/nimble_9842/githubcom_ReneSaccalikes_0.2.0/.git/objects/88', 0x00000000000001ff)
link('/tmp/nimble_9842/githubcom_ReneSaccalikes_0.2.0/.git/objects/88/tmp_obj_pq6uIG', '/tmp/nimble_9842/githubcom_ReneSaccalikes_0.2.0/.git/objects/88/4bb4e6c95b12f4c9b8024141f04a0257a64a0a')
unlink('/tmp/nimble_9842/githubcom_ReneSaccalikes_0.2.0/.git/objects/88/tmp_obj_pq6uIG')
mkdir('/tmp/nimble_9842/githubcom_ReneSaccalikes_0.2.0/.git/objects/43', 0x00000000000001ff)
link('/tmp/nimble_9842/githubcom_ReneSaccalikes_0.2.0/.git/objects/43/tmp_obj_7yRWOJ', '/tmp/nimble_9842/githubcom_ReneSaccalikes_0.2.0/.git/objects/43/58655b23b46c301b5a0ea895a4de685a709912')
unlink('/tmp/nimble_9842/githubcom_ReneSaccalikes_0.2.0/.git/objects/43/tmp_obj_7yRWOJ')
mkdir('/tmp/nimble_9842/githubcom_ReneSaccalikes_0.2.0/.git/objects/4e', 0x00000000000001ff)
link('/tmp/nimble_9842/githubcom_ReneSaccalikes_0.2.0/.git/objects/4e/tmp_obj_T3YmFS', '/tmp/nimble_9842/githubcom_ReneSaccalikes_0.2.0/.git/objects/4e/6bb42bb13ca3e57b1591647b9230fdd1a066de')
unlink('/tmp/nimble_9842/githubcom_ReneSaccalikes_0.2.0/.git/objects/4e/tmp_obj_T3YmFS')
mkdir('/tmp/nimble_9842/githubcom_ReneSaccalikes_0.2.0/.git/objects/23', 0x00000000000001ff)
link('/tmp/nimble_9842/githubcom_ReneSaccalikes_0.2.0/.git/objects/23/tmp_obj_NQDqlT', '/tmp/nimble_9842/githubcom_ReneSaccalikes_0.2.0/.git/objects/23/e10617ec68a80bdfbbc24e41a20658d238d5ae')
unlink('/tmp/nimble_9842/githubcom_ReneSaccalikes_0.2.0/.git/objects/23/tmp_obj_NQDqlT')
rename('/tmp/nimble_9842/githubcom_ReneSaccalikes_0.2.0/.git/shallow.lock', '/tmp/nimble_9842/githubcom_ReneSaccalikes_0.2.0/.git/shallow')
rename('/tmp/nimble_9842/githubcom_ReneSaccalikes_0.2.0/.git/packed-refs.new', '/tmp/nimble_9842/githubcom_ReneSaccalikes_0.2.0/.git/packed-refs')       Info /tmp/nimble_9842/githubcom_ReneSaccalikes_0.2.0/c_alikes_9842.nims(1, 8) Warning: imported and not used: 'system' [UnusedImport]
        ... /tmp/nimble_9842/githubcom_ReneSaccalikes_0.2.0/c_alikes_9842.nims(5, 22) Warning: imported and not used: 'strutils' [UnusedImport]
  Verifying dependencies for c_alikes@0.2.0
 Installing c_alikes@0.2.0
    Copying file /tmp/nimble_9842/githubcom_ReneSaccalikes_0.2.0/src/c_alikes.nim to /home/runner/.nimble/pkgs/c_alikes-0.2.0/c_alikes.nim
    Copying file /tmp/nimble_9842/githubcom_ReneSaccalikes_0.2.0/c_alikes.nimble to /home/runner/.nimble/pkgs/c_alikes-0.2.0/c_alikes.nimble
   Success: c_alikes installed successfully.
       Info /home/runner/.nimble/pkgs/c_alikes-0.2.0/c_alikes_9842.nims(1, 8) Warning: imported and not used: 'system' [UnusedImport]
        ... /home/runner/.nimble/pkgs/c_alikes-0.2.0/c_alikes_9842.nims(5, 22) Warning: imported and not used: 'strutils' [UnusedImport]
 Installing memviews@0.4.0
    Copying file /tmp/nimble_9842/githubcom_ReneSacmemviews/src/memviews.nim to /home/runner/.nimble/pkgs/memviews-0.4.0/memviews.nim
    Copying file /tmp/nimble_9842/githubcom_ReneSacmemviews/memviews.nimble to /home/runner/.nimble/pkgs/memviews-0.4.0/memviews.nimble
   Success: memviews installed successfully.
       Info /home/runner/.nimble/pkgs/memviews-0.4.0/memviews_9842.nims(1, 8) Warning: imported and not used: 'system' [UnusedImport]
        ... /home/runner/.nimble/pkgs/memviews-0.4.0/memviews_9842.nims(5, 22) Warning: imported and not used: 'strutils' [UnusedImport]

unlink('/tmp/nimble_9842/githubcom_ReneSaccalikes_0.2.0/.git/packed-refs.lock')
unlink('/tmp/nimble_9842/githubcom_ReneSaccalikes_0.2.0/.git/refs/tags/v0.2.0.lock')
mkdir('/tmp/nimble_9842/githubcom_ReneSaccalikes_0.2.0/.git/logs', 0x00000000000001ff)
rename('/tmp/nimble_9842/githubcom_ReneSaccalikes_0.2.0/.git/HEAD.lock', '/tmp/nimble_9842/githubcom_ReneSaccalikes_0.2.0/.git/HEAD')
mkdir('docs', 0x00000000000001ff)
mkdir('src', 0x00000000000001ff)
rename('/tmp/nimble_9842/githubcom_ReneSaccalikes_0.2.0/.git/index.lock', '/tmp/nimble_9842/githubcom_ReneSaccalikes_0.2.0/.git/index')
mkdir('/tmp', 0x00000000000001ff)
mkdir('/tmp/nimblecache', 0x00000000000001ff)
mkdir('/tmp/nimblecache/c_alikes_1469890260', 0x00000000000001ff)
unlink('/tmp/nimblecache/c_alikes_1469890260/c_alikes.ini')
unlink('/tmp/nimble_9842.out')
unlink('/tmp/nimble_9842/githubcom_ReneSaccalikes_0.2.0/c_alikes_9842.nims')
mkdir('/home', 0x00000000000001ff)
mkdir('/home/runner', 0x00000000000001ff)
mkdir('/home/runner/.nimble', 0x00000000000001ff)
mkdir('/home/runner/.nimble/pkgs', 0x00000000000001ff)
mkdir('/home/runner/.nimble/pkgs/c_alikes-0.2.0', 0x00000000000001ff)
mkdir('/home', 0x00000000000001ff)
mkdir('/home/runner', 0x00000000000001ff)
mkdir('/home/runner/.nimble', 0x00000000000001ff)
mkdir('/home/runner/.nimble/pkgs', 0x00000000000001ff)
mkdir('/home/runner/.nimble/pkgs/c_alikes-0.2.0', 0x00000000000001ff)
chmod('/home/runner/.nimble/pkgs/c_alikes-0.2.0/c_alikes.nim', 0x00000000000001a4)
chmod('/home/runner/.nimble/pkgs/c_alikes-0.2.0/c_alikes.nimble', 0x00000000000001a4)
mkdir('/tmp', 0x00000000000001ff)
mkdir('/tmp/nimblecache', 0x00000000000001ff)
mkdir('/tmp/nimblecache/c_alikes_655024564', 0x00000000000001ff)
unlink('/tmp/nimblecache/c_alikes_655024564/c_alikes.ini')
unlink('/tmp/nimble_9842.out')
unlink('/home/runner/.nimble/pkgs/c_alikes-0.2.0/c_alikes_9842.nims')
mkdir('/home', 0x00000000000001ff)
mkdir('/home/runner', 0x00000000000001ff)
mkdir('/home/runner/.nimble', 0x00000000000001ff)
mkdir('/home/runner/.nimble/pkgs', 0x00000000000001ff)
mkdir('/home/runner/.nimble/pkgs/memviews-0.4.0', 0x00000000000001ff)
mkdir('/home', 0x00000000000001ff)
mkdir('/home/runner', 0x00000000000001ff)
mkdir('/home/runner/.nimble', 0x00000000000001ff)
mkdir('/home/runner/.nimble/pkgs', 0x00000000000001ff)
mkdir('/home/runner/.nimble/pkgs/memviews-0.4.0', 0x00000000000001ff)
chmod('/home/runner/.nimble/pkgs/memviews-0.4.0/memviews.nim', 0x00000000000001a4)
chmod('/home/runner/.nimble/pkgs/memviews-0.4.0/memviews.nimble', 0x00000000000001a4)
mkdir('/tmp', 0x00000000000001ff)
mkdir('/tmp/nimblecache', 0x00000000000001ff)
mkdir('/tmp/nimblecache/memviews_3719903168', 0x00000000000001ff)
unlink('/tmp/nimblecache/memviews_3719903168/memviews.ini')
unlink('/tmp/nimble_9842.out')
unlink('/home/runner/.nimble/pkgs/memviews-0.4.0/memviews_9842.nims')
unlink('/tmp/nimble_9842/githubcom_ReneSaccalikes_0.2.0/docs/c_alikes.html')
rmdir('/tmp/nimble_9842/githubcom_ReneSaccalikes_0.2.0/docs')
unlink('/tmp/nimble_9842/githubcom_ReneSaccalikes_0.2.0/README.md')
rmdir('/tmp/nimble_9842/githubcom_ReneSaccalikes_0.2.0/.git/refs/tags')
rmdir('/tmp/nimble_9842/githubcom_ReneSaccalikes_0.2.0/.git/refs/heads')
rmdir('/tmp/nimble_9842/githubcom_ReneSaccalikes_0.2.0/.git/refs')
unlink('/tmp/nimble_9842/githubcom_ReneSaccalikes_0.2.0/.git/info/exclude')
rmdir('/tmp/nimble_9842/githubcom_ReneSaccalikes_0.2.0/.git/info')
rmdir('/tmp/nimble_9842/githubcom_ReneSaccalikes_0.2.0/.git/branches')
unlink('/tmp/nimble_9842/githubcom_ReneSaccalikes_0.2.0/.git/logs/HEAD')
rmdir('/tmp/nimble_9842/githubcom_ReneSaccalikes_0.2.0/.git/logs')
unlink('/tmp/nimble_9842/githubcom_ReneSaccalikes_0.2.0/.git/description')
unlink('/tmp/nimble_9842/githubcom_ReneSaccalikes_0.2.0/.git/hooks/pre-rebase.sample')
unlink('/tmp/nimble_9842/githubcom_ReneSaccalikes_0.2.0/.git/hooks/applypatch-msg.sample')
unlink('/tmp/nimble_9842/githubcom_ReneSaccalikes_0.2.0/.git/hooks/pre-push.sample')
unlink('/tmp/nimble_9842/githubcom_ReneSaccalikes_0.2.0/.git/hooks/pre-merge-commit.sample')
unlink('/tmp/nimble_9842/githubcom_ReneSaccalikes_0.2.0/.git/hooks/pre-receive.sample')
unlink('/tmp/nimble_9842/githubcom_ReneSaccalikes_0.2.0/.git/hooks/update.sample')
unlink('/tmp/nimble_9842/githubcom_ReneSaccalikes_0.2.0/.git/hooks/pre-commit.sample')
unlink('/tmp/nimble_9842/githubcom_ReneSaccalikes_0.2.0/.git/hooks/pre-applypatch.sample')
unlink('/tmp/nimble_9842/githubcom_ReneSaccalikes_0.2.0/.git/hooks/commit-msg.sample')
unlink('/tmp/nimble_9842/githubcom_ReneSaccalikes_0.2.0/.git/hooks/fsmonitor-watchman.sample')
unlink('/tmp/nimble_9842/githubcom_ReneSaccalikes_0.2.0/.git/hooks/prepare-commit-msg.sample')
unlink('/tmp/nimble_9842/githubcom_ReneSaccalikes_0.2.0/.git/hooks/post-update.sample')
rmdir('/tmp/nimble_9842/githubcom_ReneSaccalikes_0.2.0/.git/hooks')
unlink('/tmp/nimble_9842/githubcom_ReneSaccalikes_0.2.0/.git/shallow')
unlink('/tmp/nimble_9842/githubcom_ReneSaccalikes_0.2.0/.git/config')
unlink('/tmp/nimble_9842/githubcom_ReneSaccalikes_0.2.0/.git/index')
unlink('/tmp/nimble_9842/githubcom_ReneSaccalikes_0.2.0/.git/objects/4e/6bb42bb13ca3e57b1591647b9230fdd1a066de')
rmdir('/tmp/nimble_9842/githubcom_ReneSaccalikes_0.2.0/.git/objects/4e')
rmdir('/tmp/nimble_9842/githubcom_ReneSaccalikes_0.2.0/.git/objects/info')
unlink('/tmp/nimble_9842/githubcom_ReneSaccalikes_0.2.0/.git/objects/e2/6eeed2bb22e2aa7b775b47166737e6cc278375')
rmdir('/tmp/nimble_9842/githubcom_ReneSaccalikes_0.2.0/.git/objects/e2')
unlink('/tmp/nimble_9842/githubcom_ReneSaccalikes_0.2.0/.git/objects/47/4b3cbaf5f5ade4151238d0472ed62e3a400e6a')
rmdir('/tmp/nimble_9842/githubcom_ReneSaccalikes_0.2.0/.git/objects/47')
unlink('/tmp/nimble_9842/githubcom_ReneSaccalikes_0.2.0/.git/objects/43/58655b23b46c301b5a0ea895a4de685a709912')
rmdir('/tmp/nimble_9842/githubcom_ReneSaccalikes_0.2.0/.git/objects/43')
unlink('/tmp/nimble_9842/githubcom_ReneSaccalikes_0.2.0/.git/objects/58/f1cece0ab78ebc606134d4680bd355ca33e443')
rmdir('/tmp/nimble_9842/githubcom_ReneSaccalikes_0.2.0/.git/objects/58')
unlink('/tmp/nimble_9842/githubcom_ReneSaccalikes_0.2.0/.git/objects/78/0f753d899d3fee3e83e5868dd2e839771235ed')
rmdir('/tmp/nimble_9842/githubcom_ReneSaccalikes_0.2.0/.git/objects/78')
unlink('/tmp/nimble_9842/githubcom_ReneSaccalikes_0.2.0/.git/objects/23/e10617ec68a80bdfbbc24e41a20658d238d5ae')
rmdir('/tmp/nimble_9842/githubcom_ReneSaccalikes_0.2.0/.git/objects/23')
unlink('/tmp/nimble_9842/githubcom_ReneSaccalikes_0.2.0/.git/objects/88/4bb4e6c95b12f4c9b8024141f04a0257a64a0a')
rmdir('/tmp/nimble_9842/githubcom_ReneSaccalikes_0.2.0/.git/objects/88')
unlink('/tmp/nimble_9842/githubcom_ReneSaccalikes_0.2.0/.git/objects/dd/dc8141ca15ad5128d88cafd2f9bf2029b2644b')
rmdir('/tmp/nimble_9842/githubcom_ReneSaccalikes_0.2.0/.git/objects/dd')
rmdir('/tmp/nimble_9842/githubcom_ReneSaccalikes_0.2.0/.git/objects/pack')
unlink('/tmp/nimble_9842/githubcom_ReneSaccalikes_0.2.0/.git/objects/f4/251f098f3b9dad003aec1e8a49b707dbefcd51')
rmdir('/tmp/nimble_9842/githubcom_ReneSaccalikes_0.2.0/.git/objects/f4')
rmdir('/tmp/nimble_9842/githubcom_ReneSaccalikes_0.2.0/.git/objects')
unlink('/tmp/nimble_9842/githubcom_ReneSaccalikes_0.2.0/.git/packed-refs')
unlink('/tmp/nimble_9842/githubcom_ReneSaccalikes_0.2.0/.git/HEAD')
rmdir('/tmp/nimble_9842/githubcom_ReneSaccalikes_0.2.0/.git')
unlink('/tmp/nimble_9842/githubcom_ReneSaccalikes_0.2.0/src/c_alikes.nim')
rmdir('/tmp/nimble_9842/githubcom_ReneSaccalikes_0.2.0/src')
unlink('/tmp/nimble_9842/githubcom_ReneSaccalikes_0.2.0/license.txt')
unlink('/tmp/nimble_9842/githubcom_ReneSaccalikes_0.2.0/.gitignore')
unlink('/tmp/nimble_9842/githubcom_ReneSaccalikes_0.2.0/c_alikes.nimble')
rmdir('/tmp/nimble_9842/githubcom_ReneSaccalikes_0.2.0')
unlink('/tmp/nimble_9842/githubcom_ReneSacmemviews/docs/memviews.html')
rmdir('/tmp/nimble_9842/githubcom_ReneSacmemviews/docs')
unlink('/tmp/nimble_9842/githubcom_ReneSacmemviews/README.md')
unlink('/tmp/nimble_9842/githubcom_ReneSacmemviews/.git/refs/remotes/origin/HEAD')
rmdir('/tmp/nimble_9842/githubcom_ReneSacmemviews/.git/refs/remotes/origin')
rmdir('/tmp/nimble_9842/githubcom_ReneSacmemviews/.git/refs/remotes')
rmdir('/tmp/nimble_9842/githubcom_ReneSacmemviews/.git/refs/tags')
unlink('/tmp/nimble_9842/githubcom_ReneSacmemviews/.git/refs/heads/master')
rmdir('/tmp/nimble_9842/githubcom_ReneSacmemviews/.git/refs/heads')
rmdir('/tmp/nimble_9842/githubcom_ReneSacmemviews/.git/refs')
unlink('/tmp/nimble_9842/githubcom_ReneSacmemviews/.git/info/exclude')
rmdir('/tmp/nimble_9842/githubcom_ReneSacmemviews/.git/info')
rmdir('/tmp/nimble_9842/githubcom_ReneSacmemviews/.git/branches')
unlink('/tmp/nimble_9842/githubcom_ReneSacmemviews/.git/logs/refs/remotes/origin/HEAD')
rmdir('/tmp/nimble_9842/githubcom_ReneSacmemviews/.git/logs/refs/remotes/origin')
rmdir('/tmp/nimble_9842/githubcom_ReneSacmemviews/.git/logs/refs/remotes')
unlink('/tmp/nimble_9842/githubcom_ReneSacmemviews/.git/logs/refs/heads/master')
rmdir('/tmp/nimble_9842/githubcom_ReneSacmemviews/.git/logs/refs/heads')
rmdir('/tmp/nimble_9842/githubcom_ReneSacmemviews/.git/logs/refs')
unlink('/tmp/nimble_9842/githubcom_ReneSacmemviews/.git/logs/HEAD')
rmdir('/tmp/nimble_9842/githubcom_ReneSacmemviews/.git/logs')
unlink('/tmp/nimble_9842/githubcom_ReneSacmemviews/.git/description')
unlink('/tmp/nimble_9842/githubcom_ReneSacmemviews/.git/hooks/pre-rebase.sample')
unlink('/tmp/nimble_9842/githubcom_ReneSacmemviews/.git/hooks/applypatch-msg.sample')
unlink('/tmp/nimble_9842/githubcom_ReneSacmemviews/.git/hooks/pre-push.sample')
unlink('/tmp/nimble_9842/githubcom_ReneSacmemviews/.git/hooks/pre-merge-commit.sample')
unlink('/tmp/nimble_9842/githubcom_ReneSacmemviews/.git/hooks/pre-receive.sample')
unlink('/tmp/nimble_9842/githubcom_ReneSacmemviews/.git/hooks/update.sample')
unlink('/tmp/nimble_9842/githubcom_ReneSacmemviews/.git/hooks/pre-commit.sample')
unlink('/tmp/nimble_9842/githubcom_ReneSacmemviews/.git/hooks/pre-applypatch.sample')
unlink('/tmp/nimble_9842/githubcom_ReneSacmemviews/.git/hooks/commit-msg.sample')
unlink('/tmp/nimble_9842/githubcom_ReneSacmemviews/.git/hooks/fsmonitor-watchman.sample')
unlink('/tmp/nimble_9842/githubcom_ReneSacmemviews/.git/hooks/prepare-commit-msg.sample')
unlink('/tmp/nimble_9842/githubcom_ReneSacmemviews/.git/hooks/post-update.sample')
rmdir('/tmp/nimble_9842/githubcom_ReneSacmemviews/.git/hooks')
unlink('/tmp/nimble_9842/githubcom_ReneSacmemviews/.git/shallow')
unlink('/tmp/nimble_9842/githubcom_ReneSacmemviews/.git/config')
unlink('/tmp/nimble_9842/githubcom_ReneSacmemviews/.git/index')
unlink('/tmp/nimble_9842/githubcom_ReneSacmemviews/.git/objects/4e/6bb42bb13ca3e57b1591647b9230fdd1a066de')
rmdir('/tmp/nimble_9842/githubcom_ReneSacmemviews/.git/objects/4e')
rmdir('/tmp/nimble_9842/githubcom_ReneSacmemviews/.git/objects/info')
unlink('/tmp/nimble_9842/githubcom_ReneSacmemviews/.git/objects/70/562dae61ce60d0af288fa8487bce2aabbd7336')
rmdir('/tmp/nimble_9842/githubcom_ReneSacmemviews/.git/objects/70')
unlink('/tmp/nimble_9842/githubcom_ReneSacmemviews/.git/objects/81/41a34c70eda6681e387b855bcac0d617fd0f6d')
rmdir('/tmp/nimble_9842/githubcom_ReneSacmemviews/.git/objects/81')
unlink('/tmp/nimble_9842/githubcom_ReneSacmemviews/.git/objects/58/f1cece0ab78ebc606134d4680bd355ca33e443')
rmdir('/tmp/nimble_9842/githubcom_ReneSacmemviews/.git/objects/58')
unlink('/tmp/nimble_9842/githubcom_ReneSacmemviews/.git/objects/32/cba93775c5c635ab0bd9a59dd0b79082412093')
rmdir('/tmp/nimble_9842/githubcom_ReneSacmemviews/.git/objects/32')
unlink('/tmp/nimble_9842/githubcom_ReneSacmemviews/.git/objects/8d/d9749196b3b4aefbb405ce727acf810aa55c9a')
rmdir('/tmp/nimble_9842/githubcom_ReneSacmemviews/.git/objects/8d')
unlink('/tmp/nimble_9842/githubcom_ReneSacmemviews/.git/objects/07/846555fd370cb125f3070df0eb471934d56c0a')
rmdir('/tmp/nimble_9842/githubcom_ReneSacmemviews/.git/objects/07')
unlink('/tmp/nimble_9842/githubcom_ReneSacmemviews/.git/objects/1c/731de77bf92e38989cafe7dc97aeb1de5abd58')
rmdir('/tmp/nimble_9842/githubcom_ReneSacmemviews/.git/objects/1c')
unlink('/tmp/nimble_9842/githubcom_ReneSacmemviews/.git/objects/3f/e8d8db9d021b4e0e11d55a9dbf81047973ebfa')
rmdir('/tmp/nimble_9842/githubcom_ReneSacmemviews/.git/objects/3f')
rmdir('/tmp/nimble_9842/githubcom_ReneSacmemviews/.git/objects/pack')
unlink('/tmp/nimble_9842/githubcom_ReneSacmemviews/.git/objects/2d/bfa2339335376b581e5334bf9a6a70e10a7eda')
rmdir('/tmp/nimble_9842/githubcom_ReneSacmemviews/.git/objects/2d')
rmdir('/tmp/nimble_9842/githubcom_ReneSacmemviews/.git/objects')
unlink('/tmp/nimble_9842/githubcom_ReneSacmemviews/.git/packed-refs')
unlink('/tmp/nimble_9842/githubcom_ReneSacmemviews/.git/HEAD')
rmdir('/tmp/nimble_9842/githubcom_ReneSacmemviews/.git')
unlink('/tmp/nimble_9842/githubcom_ReneSacmemviews/src/memviews.nim')
rmdir('/tmp/nimble_9842/githubcom_ReneSacmemviews/src')
unlink('/tmp/nimble_9842/githubcom_ReneSacmemviews/license.txt')
unlink('/tmp/nimble_9842/githubcom_ReneSacmemviews/memviews.nimble')
unlink('/tmp/nimble_9842/githubcom_ReneSacmemviews/.gitignore')
rmdir('/tmp/nimble_9842/githubcom_ReneSacmemviews')
rmdir('/tmp/nimble_9842')
  create directory /tmp
  create directory /tmp/nimble_9842
  create directory /tmp/nimble_9842/githubcom_ReneSacmemviews
  delete /tmp/nimble_9842/githubcom_ReneSacmemviews
  create directory /tmp/nimble_9842/githubcom_ReneSacmemviews
  create directory /tmp/nimble_9842/githubcom_ReneSacmemviews/.git
  create directory /tmp/nimble_9842/githubcom_ReneSacmemviews/.git
  create directory /tmp/nimble_9842/githubcom_ReneSacmemviews/.git/info
  create directory /tmp/nimble_9842/githubcom_ReneSacmemviews/.git/branches
  create directory /tmp/nimble_9842/githubcom_ReneSacmemviews/.git/hooks
  create directory /tmp/nimble_9842/githubcom_ReneSacmemviews/.git/refs
  create directory /tmp/nimble_9842/githubcom_ReneSacmemviews/.git/refs/heads
  create directory /tmp/nimble_9842/githubcom_ReneSacmemviews/.git/refs/tags
  rename /tmp/nimble_9842/githubcom_ReneSacmemviews/.git/HEAD.lock to HEAD
  rename /tmp/nimble_9842/githubcom_ReneSacmemviews/.git/config.lock to config
  change permissions of /tmp/nimble_9842/githubcom_ReneSacmemviews/.git/config to rwxr--r--
  change permissions of /tmp/nimble_9842/githubcom_ReneSacmemviews/.git/config to rw-r--r--
  change permissions of /tmp/nimble_9842/githubcom_ReneSacmemviews/.git/config.lock to rw-r--r--
  rename /tmp/nimble_9842/githubcom_ReneSacmemviews/.git/config.lock to config
  change permissions of /tmp/nimble_9842/githubcom_ReneSacmemviews/.git/config.lock to rw-r--r--
  rename /tmp/nimble_9842/githubcom_ReneSacmemviews/.git/config.lock to config
  change permissions of /tmp/nimble_9842/githubcom_ReneSacmemviews/.git/config.lock to rw-r--r--
  rename /tmp/nimble_9842/githubcom_ReneSacmemviews/.git/config.lock to config
  delete /tmp/nimble_9842/githubcom_ReneSacmemviews/.git/tjbqrVW
  create symbolic link from /tmp/nimble_9842/githubcom_ReneSacmemviews/.git/tjbqrVW to /home/runner/work/nim_packages_security_audit/nim_packages_security_audit/testing
  delete /tmp/nimble_9842/githubcom_ReneSacmemviews/.git/tjbqrVW
  create directory /tmp/nimble_9842/githubcom_ReneSacmemviews/.git/objects
  create directory /tmp/nimble_9842/githubcom_ReneSacmemviews/.git/objects/pack
  create directory /tmp/nimble_9842/githubcom_ReneSacmemviews/.git/objects/info
  change permissions of /tmp/nimble_9842/githubcom_ReneSacmemviews/.git/config.lock to rw-r--r--
  rename /tmp/nimble_9842/githubcom_ReneSacmemviews/.git/config.lock to config
  change permissions of /tmp/nimble_9842/githubcom_ReneSacmemviews/.git/config.lock to rw-r--r--
  rename /tmp/nimble_9842/githubcom_ReneSacmemviews/.git/config.lock to config
  change permissions of /tmp/nimble_9842/githubcom_ReneSacmemviews/.git/config.lock to rw-r--r--
  rename /tmp/nimble_9842/githubcom_ReneSacmemviews/.git/config.lock to config
  create directory /tmp/nimble_9842/githubcom_ReneSacmemviews/.git/objects/81
  create hard link from /tmp/nimble_9842/githubcom_ReneSacmemviews/.git/objects/81/41a34c70eda6681e387b855bcac0d617fd0f6d to /tmp/nimble_9842/githubcom_ReneSacmemviews/.git/objects/81/tmp_obj_qCjjUW
  delete /tmp/nimble_9842/githubcom_ReneSacmemviews/.git/objects/81/tmp_obj_qCjjUW
  create directory /tmp/nimble_9842/githubcom_ReneSacmemviews/.git/objects/2d
  create hard link from /tmp/nimble_9842/githubcom_ReneSacmemviews/.git/objects/2d/bfa2339335376b581e5334bf9a6a70e10a7eda to /tmp/nimble_9842/githubcom_ReneSacmemviews/.git/objects/2d/tmp_obj_yuXSo1
  delete /tmp/nimble_9842/githubcom_ReneSacmemviews/.git/objects/2d/tmp_obj_yuXSo1
  create directory /tmp/nimble_9842/githubcom_ReneSacmemviews/.git/objects/58
  create hard link from /tmp/nimble_9842/githubcom_ReneSacmemviews/.git/objects/58/f1cece0ab78ebc606134d4680bd355ca33e443 to /tmp/nimble_9842/githubcom_ReneSacmemviews/.git/objects/58/tmp_obj_UBbf61
  delete /tmp/nimble_9842/githubcom_ReneSacmemviews/.git/objects/58/tmp_obj_UBbf61
  create directory /tmp/nimble_9842/githubcom_ReneSacmemviews/.git/objects/32
  create hard link from /tmp/nimble_9842/githubcom_ReneSacmemviews/.git/objects/32/cba93775c5c635ab0bd9a59dd0b79082412093 to /tmp/nimble_9842/githubcom_ReneSacmemviews/.git/objects/32/tmp_obj_2vcsd7
  delete /tmp/nimble_9842/githubcom_ReneSacmemviews/.git/objects/32/tmp_obj_2vcsd7
  create directory /tmp/nimble_9842/githubcom_ReneSacmemviews/.git/objects/1c
  create hard link from /tmp/nimble_9842/githubcom_ReneSacmemviews/.git/objects/1c/731de77bf92e38989cafe7dc97aeb1de5abd58 to /tmp/nimble_9842/githubcom_ReneSacmemviews/.git/objects/1c/tmp_obj_U7z5Uf
  delete /tmp/nimble_9842/githubcom_ReneSacmemviews/.git/objects/1c/tmp_obj_U7z5Uf
  create directory /tmp/nimble_9842/githubcom_ReneSacmemviews/.git/objects/8d
  create hard link from /tmp/nimble_9842/githubcom_ReneSacmemviews/.git/objects/8d/d9749196b3b4aefbb405ce727acf810aa55c9a to /tmp/nimble_9842/githubcom_ReneSacmemviews/.git/objects/8d/tmp_obj_gVr1Nj
  delete /tmp/nimble_9842/githubcom_ReneSacmemviews/.git/objects/8d/tmp_obj_gVr1Nj
  create directory /tmp/nimble_9842/githubcom_ReneSacmemviews/.git/objects/07
  create hard link from /tmp/nimble_9842/githubcom_ReneSacmemviews/.git/objects/07/846555fd370cb125f3070df0eb471934d56c0a to /tmp/nimble_9842/githubcom_ReneSacmemviews/.git/objects/07/tmp_obj_V2Vzmd
  delete /tmp/nimble_9842/githubcom_ReneSacmemviews/.git/objects/07/tmp_obj_V2Vzmd
  create directory /tmp/nimble_9842/githubcom_ReneSacmemviews/.git/objects/4e
  create hard link from /tmp/nimble_9842/githubcom_ReneSacmemviews/.git/objects/4e/6bb42bb13ca3e57b1591647b9230fdd1a066de to /tmp/nimble_9842/githubcom_ReneSacmemviews/.git/objects/4e/tmp_obj_z3VStl
  delete /tmp/nimble_9842/githubcom_ReneSacmemviews/.git/objects/4e/tmp_obj_z3VStl
  create directory /tmp/nimble_9842/githubcom_ReneSacmemviews/.git/objects/70
  create hard link from /tmp/nimble_9842/githubcom_ReneSacmemviews/.git/objects/70/562dae61ce60d0af288fa8487bce2aabbd7336 to /tmp/nimble_9842/githubcom_ReneSacmemviews/.git/objects/70/tmp_obj_DTpjkq
  delete /tmp/nimble_9842/githubcom_ReneSacmemviews/.git/objects/70/tmp_obj_DTpjkq
  create directory /tmp/nimble_9842/githubcom_ReneSacmemviews/.git/objects/3f
  create hard link from /tmp/nimble_9842/githubcom_ReneSacmemviews/.git/objects/3f/e8d8db9d021b4e0e11d55a9dbf81047973ebfa to /tmp/nimble_9842/githubcom_ReneSacmemviews/.git/objects/3f/tmp_obj_TvLm6u
  delete /tmp/nimble_9842/githubcom_ReneSacmemviews/.git/objects/3f/tmp_obj_TvLm6u
  rename /tmp/nimble_9842/githubcom_ReneSacmemviews/.git/shallow.lock to shallow
  rename /tmp/nimble_9842/githubcom_ReneSacmemviews/.git/packed-refs.new to packed-refs
  delete /tmp/nimble_9842/githubcom_ReneSacmemviews/.git/packed-refs.lock
  create directory /tmp/nimble_9842/githubcom_ReneSacmemviews/.git/refs/remotes
  create directory /tmp/nimble_9842/githubcom_ReneSacmemviews/.git/refs/remotes/origin
  create directory /tmp/nimble_9842/githubcom_ReneSacmemviews/.git/logs
  create directory /tmp/nimble_9842/githubcom_ReneSacmemviews/.git/logs/refs
  create directory /tmp/nimble_9842/githubcom_ReneSacmemviews/.git/logs/refs/remotes
  create directory /tmp/nimble_9842/githubcom_ReneSacmemviews/.git/logs/refs/remotes/origin
  rename /tmp/nimble_9842/githubcom_ReneSacmemviews/.git/refs/remotes/origin/HEAD.lock to HEAD
  rename /tmp/nimble_9842/githubcom_ReneSacmemviews/.git/HEAD.lock to HEAD
  create directory /tmp/nimble_9842/githubcom_ReneSacmemviews/.git/logs/refs/heads
  rename /tmp/nimble_9842/githubcom_ReneSacmemviews/.git/refs/heads/master.lock to master
  delete /tmp/nimble_9842/githubcom_ReneSacmemviews/.git/HEAD.lock
  change permissions of /tmp/nimble_9842/githubcom_ReneSacmemviews/.git/config.lock to rw-r--r--
  rename /tmp/nimble_9842/githubcom_ReneSacmemviews/.git/config.lock to config
  change permissions of /tmp/nimble_9842/githubcom_ReneSacmemviews/.git/config.lock to rw-r--r--
  rename /tmp/nimble_9842/githubcom_ReneSacmemviews/.git/config.lock to config
  create directory /tmp/nimble_9842/githubcom_ReneSacmemviews/docs
  create directory /tmp/nimble_9842/githubcom_ReneSacmemviews/src
  rename /tmp/nimble_9842/githubcom_ReneSacmemviews/.git/index.lock to index
  create directory /tmp
  create directory /tmp/nimblecache
  create directory /tmp/nimblecache/memviews_3761168577
  delete /tmp/nimblecache/memviews_3761168577/memviews.ini
  delete /tmp/nimble_9842.out
  delete /tmp/nimble_9842/githubcom_ReneSacmemviews/memviews_9842.nims
  create directory /tmp
  create directory /tmp/nimble_9842
  create directory /tmp/nimble_9842/githubcom_ReneSaccalikes_0.2.0
  delete /tmp/nimble_9842/githubcom_ReneSaccalikes_0.2.0
  create directory /tmp/nimble_9842/githubcom_ReneSaccalikes_0.2.0
  create directory /tmp/nimble_9842/githubcom_ReneSaccalikes_0.2.0/.git
  create directory /tmp/nimble_9842/githubcom_ReneSaccalikes_0.2.0/.git
  create directory /tmp/nimble_9842/githubcom_ReneSaccalikes_0.2.0/.git/info
  create directory /tmp/nimble_9842/githubcom_ReneSaccalikes_0.2.0/.git/branches
  create directory /tmp/nimble_9842/githubcom_ReneSaccalikes_0.2.0/.git/hooks
  create directory /tmp/nimble_9842/githubcom_ReneSaccalikes_0.2.0/.git/refs
  create directory /tmp/nimble_9842/githubcom_ReneSaccalikes_0.2.0/.git/refs/heads
  create directory /tmp/nimble_9842/githubcom_ReneSaccalikes_0.2.0/.git/refs/tags
  rename /tmp/nimble_9842/githubcom_ReneSaccalikes_0.2.0/.git/HEAD.lock to HEAD
  rename /tmp/nimble_9842/githubcom_ReneSaccalikes_0.2.0/.git/config.lock to config
  change permissions of /tmp/nimble_9842/githubcom_ReneSaccalikes_0.2.0/.git/config to rwxr--r--
  change permissions of /tmp/nimble_9842/githubcom_ReneSaccalikes_0.2.0/.git/config to rw-r--r--
  change permissions of /tmp/nimble_9842/githubcom_ReneSaccalikes_0.2.0/.git/config.lock to rw-r--r--
  rename /tmp/nimble_9842/githubcom_ReneSaccalikes_0.2.0/.git/config.lock to config
  change permissions of /tmp/nimble_9842/githubcom_ReneSaccalikes_0.2.0/.git/config.lock to rw-r--r--
  rename /tmp/nimble_9842/githubcom_ReneSaccalikes_0.2.0/.git/config.lock to config
  change permissions of /tmp/nimble_9842/githubcom_ReneSaccalikes_0.2.0/.git/config.lock to rw-r--r--
  rename /tmp/nimble_9842/githubcom_ReneSaccalikes_0.2.0/.git/config.lock to config
  delete /tmp/nimble_9842/githubcom_ReneSaccalikes_0.2.0/.git/tExJfOK
  create symbolic link from /tmp/nimble_9842/githubcom_ReneSaccalikes_0.2.0/.git/tExJfOK to /home/runner/work/nim_packages_security_audit/nim_packages_security_audit/testing
  delete /tmp/nimble_9842/githubcom_ReneSaccalikes_0.2.0/.git/tExJfOK
  create directory /tmp/nimble_9842/githubcom_ReneSaccalikes_0.2.0/.git/objects
  create directory /tmp/nimble_9842/githubcom_ReneSaccalikes_0.2.0/.git/objects/pack
  create directory /tmp/nimble_9842/githubcom_ReneSaccalikes_0.2.0/.git/objects/info
  change permissions of /tmp/nimble_9842/githubcom_ReneSaccalikes_0.2.0/.git/config.lock to rw-r--r--
  rename /tmp/nimble_9842/githubcom_ReneSaccalikes_0.2.0/.git/config.lock to config
  change permissions of /tmp/nimble_9842/githubcom_ReneSaccalikes_0.2.0/.git/config.lock to rw-r--r--
  rename /tmp/nimble_9842/githubcom_ReneSaccalikes_0.2.0/.git/config.lock to config
  change permissions of /tmp/nimble_9842/githubcom_ReneSaccalikes_0.2.0/.git/config.lock to rw-r--r--
  rename /tmp/nimble_9842/githubcom_ReneSaccalikes_0.2.0/.git/config.lock to config
  create directory /tmp/nimble_9842/githubcom_ReneSaccalikes_0.2.0/.git/objects/dd
  create hard link from /tmp/nimble_9842/githubcom_ReneSaccalikes_0.2.0/.git/objects/dd/dc8141ca15ad5128d88cafd2f9bf2029b2644b to /tmp/nimble_9842/githubcom_ReneSaccalikes_0.2.0/.git/objects/dd/tmp_obj_TvP0Bf
  delete /tmp/nimble_9842/githubcom_ReneSaccalikes_0.2.0/.git/objects/dd/tmp_obj_TvP0Bf
  create directory /tmp/nimble_9842/githubcom_ReneSaccalikes_0.2.0/.git/objects/f4
  create hard link from /tmp/nimble_9842/githubcom_ReneSaccalikes_0.2.0/.git/objects/f4/251f098f3b9dad003aec1e8a49b707dbefcd51 to /tmp/nimble_9842/githubcom_ReneSaccalikes_0.2.0/.git/objects/f4/tmp_obj_X9aUFj
  delete /tmp/nimble_9842/githubcom_ReneSaccalikes_0.2.0/.git/objects/f4/tmp_obj_X9aUFj
  create directory /tmp/nimble_9842/githubcom_ReneSaccalikes_0.2.0/.git/objects/47
  create hard link from /tmp/nimble_9842/githubcom_ReneSaccalikes_0.2.0/.git/objects/47/4b3cbaf5f5ade4151238d0472ed62e3a400e6a to /tmp/nimble_9842/githubcom_ReneSaccalikes_0.2.0/.git/objects/47/tmp_obj_Byl0oq
  delete /tmp/nimble_9842/githubcom_ReneSaccalikes_0.2.0/.git/objects/47/tmp_obj_Byl0oq
  create directory /tmp/nimble_9842/githubcom_ReneSaccalikes_0.2.0/.git/objects/78
  create hard link from /tmp/nimble_9842/githubcom_ReneSaccalikes_0.2.0/.git/objects/78/0f753d899d3fee3e83e5868dd2e839771235ed to /tmp/nimble_9842/githubcom_ReneSaccalikes_0.2.0/.git/objects/78/tmp_obj_9D1Wor
  delete /tmp/nimble_9842/githubcom_ReneSaccalikes_0.2.0/.git/objects/78/tmp_obj_9D1Wor
  create directory /tmp/nimble_9842/githubcom_ReneSaccalikes_0.2.0/.git/objects/58
  create hard link from /tmp/nimble_9842/githubcom_ReneSaccalikes_0.2.0/.git/objects/58/f1cece0ab78ebc606134d4680bd355ca33e443 to /tmp/nimble_9842/githubcom_ReneSaccalikes_0.2.0/.git/objects/58/tmp_obj_Book7w
  delete /tmp/nimble_9842/githubcom_ReneSaccalikes_0.2.0/.git/objects/58/tmp_obj_Book7w
  create directory /tmp/nimble_9842/githubcom_ReneSaccalikes_0.2.0/.git/objects/e2
  create hard link from /tmp/nimble_9842/githubcom_ReneSaccalikes_0.2.0/.git/objects/e2/6eeed2bb22e2aa7b775b47166737e6cc278375 to /tmp/nimble_9842/githubcom_ReneSaccalikes_0.2.0/.git/objects/e2/tmp_obj_7g0zWB
  delete /tmp/nimble_9842/githubcom_ReneSaccalikes_0.2.0/.git/objects/e2/tmp_obj_7g0zWB
  create directory /tmp/nimble_9842/githubcom_ReneSaccalikes_0.2.0/.git/objects/88
  create hard link from /tmp/nimble_9842/githubcom_ReneSaccalikes_0.2.0/.git/objects/88/4bb4e6c95b12f4c9b8024141f04a0257a64a0a to /tmp/nimble_9842/githubcom_ReneSaccalikes_0.2.0/.git/objects/88/tmp_obj_pq6uIG
  delete /tmp/nimble_9842/githubcom_ReneSaccalikes_0.2.0/.git/objects/88/tmp_obj_pq6uIG
  create directory /tmp/nimble_9842/githubcom_ReneSaccalikes_0.2.0/.git/objects/43
  create hard link from /tmp/nimble_9842/githubcom_ReneSaccalikes_0.2.0/.git/objects/43/58655b23b46c301b5a0ea895a4de685a709912 to /tmp/nimble_9842/githubcom_ReneSaccalikes_0.2.0/.git/objects/43/tmp_obj_7yRWOJ
  delete /tmp/nimble_9842/githubcom_ReneSaccalikes_0.2.0/.git/objects/43/tmp_obj_7yRWOJ
  create directory /tmp/nimble_9842/githubcom_ReneSaccalikes_0.2.0/.git/objects/4e
  create hard link from /tmp/nimble_9842/githubcom_ReneSaccalikes_0.2.0/.git/objects/4e/6bb42bb13ca3e57b1591647b9230fdd1a066de to /tmp/nimble_9842/githubcom_ReneSaccalikes_0.2.0/.git/objects/4e/tmp_obj_T3YmFS
  delete /tmp/nimble_9842/githubcom_ReneSaccalikes_0.2.0/.git/objects/4e/tmp_obj_T3YmFS
  create directory /tmp/nimble_9842/githubcom_ReneSaccalikes_0.2.0/.git/objects/23
  create hard link from /tmp/nimble_9842/githubcom_ReneSaccalikes_0.2.0/.git/objects/23/e10617ec68a80bdfbbc24e41a20658d238d5ae to /tmp/nimble_9842/githubcom_ReneSaccalikes_0.2.0/.git/objects/23/tmp_obj_NQDqlT
  delete /tmp/nimble_9842/githubcom_ReneSaccalikes_0.2.0/.git/objects/23/tmp_obj_NQDqlT
  rename /tmp/nimble_9842/githubcom_ReneSaccalikes_0.2.0/.git/shallow.lock to shallow
  rename /tmp/nimble_9842/githubcom_ReneSaccalikes_0.2.0/.git/packed-refs.new to packed-refs
  delete /tmp/nimble_9842/githubcom_ReneSaccalikes_0.2.0/.git/packed-refs.lock
  delete /tmp/nimble_9842/githubcom_ReneSaccalikes_0.2.0/.git/refs/tags/v0.2.0.lock
  create directory /tmp/nimble_9842/githubcom_ReneSaccalikes_0.2.0/.git/logs
  rename /tmp/nimble_9842/githubcom_ReneSaccalikes_0.2.0/.git/HEAD.lock to HEAD
  create directory /tmp/nimble_9842/githubcom_ReneSaccalikes_0.2.0/docs
  create directory /tmp/nimble_9842/githubcom_ReneSaccalikes_0.2.0/src
  rename /tmp/nimble_9842/githubcom_ReneSaccalikes_0.2.0/.git/index.lock to index
  create directory /tmp
  create directory /tmp/nimblecache
  create directory /tmp/nimblecache/c_alikes_1469890260
  delete /tmp/nimblecache/c_alikes_1469890260/c_alikes.ini
  delete /tmp/nimble_9842.out
  delete /tmp/nimble_9842/githubcom_ReneSaccalikes_0.2.0/c_alikes_9842.nims
  create directory /home
  create directory /home/runner
  create directory /home/runner/.nimble
  create directory /home/runner/.nimble/pkgs
  create directory /home/runner/.nimble/pkgs/c_alikes-0.2.0
  create directory /home
  create directory /home/runner
  create directory /home/runner/.nimble
  create directory /home/runner/.nimble/pkgs
  create directory /home/runner/.nimble/pkgs/c_alikes-0.2.0
  change permissions of /home/runner/.nimble/pkgs/c_alikes-0.2.0/c_alikes.nim to rw-r--r--
  change permissions of /home/runner/.nimble/pkgs/c_alikes-0.2.0/c_alikes.nimble to rw-r--r--
  create directory /tmp
  create directory /tmp/nimblecache
  create directory /tmp/nimblecache/c_alikes_655024564
  delete /tmp/nimblecache/c_alikes_655024564/c_alikes.ini
  delete /tmp/nimble_9842.out
  delete /home/runner/.nimble/pkgs/c_alikes-0.2.0/c_alikes_9842.nims
  create directory /home
  create directory /home/runner
  create directory /home/runner/.nimble
  create directory /home/runner/.nimble/pkgs
  create directory /home/runner/.nimble/pkgs/memviews-0.4.0
  create directory /home
  create directory /home/runner
  create directory /home/runner/.nimble
  create directory /home/runner/.nimble/pkgs
  create directory /home/runner/.nimble/pkgs/memviews-0.4.0
  change permissions of /home/runner/.nimble/pkgs/memviews-0.4.0/memviews.nim to rw-r--r--
  change permissions of /home/runner/.nimble/pkgs/memviews-0.4.0/memviews.nimble to rw-r--r--
  create directory /tmp
  create directory /tmp/nimblecache
  create directory /tmp/nimblecache/memviews_3719903168
  delete /tmp/nimblecache/memviews_3719903168/memviews.ini
  delete /tmp/nimble_9842.out
  delete /home/runner/.nimble/pkgs/memviews-0.4.0/memviews_9842.nims
  delete /tmp/nimble_9842/githubcom_ReneSaccalikes_0.2.0/docs/c_alikes.html
  delete /tmp/nimble_9842/githubcom_ReneSaccalikes_0.2.0/docs
  delete /tmp/nimble_9842/githubcom_ReneSaccalikes_0.2.0/README.md
  delete /tmp/nimble_9842/githubcom_ReneSaccalikes_0.2.0/.git/refs/tags
  delete /tmp/nimble_9842/githubcom_ReneSaccalikes_0.2.0/.git/refs/heads
  delete /tmp/nimble_9842/githubcom_ReneSaccalikes_0.2.0/.git/refs
  delete /tmp/nimble_9842/githubcom_ReneSaccalikes_0.2.0/.git/info/exclude
  delete /tmp/nimble_9842/githubcom_ReneSaccalikes_0.2.0/.git/info
  delete /tmp/nimble_9842/githubcom_ReneSaccalikes_0.2.0/.git/branches
  delete /tmp/nimble_9842/githubcom_ReneSaccalikes_0.2.0/.git/logs/HEAD
  delete /tmp/nimble_9842/githubcom_ReneSaccalikes_0.2.0/.git/logs
  delete /tmp/nimble_9842/githubcom_ReneSaccalikes_0.2.0/.git/description
  delete /tmp/nimble_9842/githubcom_ReneSaccalikes_0.2.0/.git/hooks/pre-rebase.sample
  delete /tmp/nimble_9842/githubcom_ReneSaccalikes_0.2.0/.git/hooks/applypatch-msg.sample
  delete /tmp/nimble_9842/githubcom_ReneSaccalikes_0.2.0/.git/hooks/pre-push.sample
  delete /tmp/nimble_9842/githubcom_ReneSaccalikes_0.2.0/.git/hooks/pre-merge-commit.sample
  delete /tmp/nimble_9842/githubcom_ReneSaccalikes_0.2.0/.git/hooks/pre-receive.sample
  delete /tmp/nimble_9842/githubcom_ReneSaccalikes_0.2.0/.git/hooks/update.sample
  delete /tmp/nimble_9842/githubcom_ReneSaccalikes_0.2.0/.git/hooks/pre-commit.sample
  delete /tmp/nimble_9842/githubcom_ReneSaccalikes_0.2.0/.git/hooks/pre-applypatch.sample
  delete /tmp/nimble_9842/githubcom_ReneSaccalikes_0.2.0/.git/hooks/commit-msg.sample
  delete /tmp/nimble_9842/githubcom_ReneSaccalikes_0.2.0/.git/hooks/fsmonitor-watchman.sample
  delete /tmp/nimble_9842/githubcom_ReneSaccalikes_0.2.0/.git/hooks/prepare-commit-msg.sample
  delete /tmp/nimble_9842/githubcom_ReneSaccalikes_0.2.0/.git/hooks/post-update.sample
  delete /tmp/nimble_9842/githubcom_ReneSaccalikes_0.2.0/.git/hooks
  delete /tmp/nimble_9842/githubcom_ReneSaccalikes_0.2.0/.git/shallow
  delete /tmp/nimble_9842/githubcom_ReneSaccalikes_0.2.0/.git/config
  delete /tmp/nimble_9842/githubcom_ReneSaccalikes_0.2.0/.git/index
  delete /tmp/nimble_9842/githubcom_ReneSaccalikes_0.2.0/.git/objects/4e/6bb42bb13ca3e57b1591647b9230fdd1a066de
  delete /tmp/nimble_9842/githubcom_ReneSaccalikes_0.2.0/.git/objects/4e
  delete /tmp/nimble_9842/githubcom_ReneSaccalikes_0.2.0/.git/objects/info
  delete /tmp/nimble_9842/githubcom_ReneSaccalikes_0.2.0/.git/objects/e2/6eeed2bb22e2aa7b775b47166737e6cc278375
  delete /tmp/nimble_9842/githubcom_ReneSaccalikes_0.2.0/.git/objects/e2
  delete /tmp/nimble_9842/githubcom_ReneSaccalikes_0.2.0/.git/objects/47/4b3cbaf5f5ade4151238d0472ed62e3a400e6a
  delete /tmp/nimble_9842/githubcom_ReneSaccalikes_0.2.0/.git/objects/47
  delete /tmp/nimble_9842/githubcom_ReneSaccalikes_0.2.0/.git/objects/43/58655b23b46c301b5a0ea895a4de685a709912
  delete /tmp/nimble_9842/githubcom_ReneSaccalikes_0.2.0/.git/objects/43
  delete /tmp/nimble_9842/githubcom_ReneSaccalikes_0.2.0/.git/objects/58/f1cece0ab78ebc606134d4680bd355ca33e443
  delete /tmp/nimble_9842/githubcom_ReneSaccalikes_0.2.0/.git/objects/58
  delete /tmp/nimble_9842/githubcom_ReneSaccalikes_0.2.0/.git/objects/78/0f753d899d3fee3e83e5868dd2e839771235ed
  delete /tmp/nimble_9842/githubcom_ReneSaccalikes_0.2.0/.git/objects/78
  delete /tmp/nimble_9842/githubcom_ReneSaccalikes_0.2.0/.git/objects/23/e10617ec68a80bdfbbc24e41a20658d238d5ae
  delete /tmp/nimble_9842/githubcom_ReneSaccalikes_0.2.0/.git/objects/23
  delete /tmp/nimble_9842/githubcom_ReneSaccalikes_0.2.0/.git/objects/88/4bb4e6c95b12f4c9b8024141f04a0257a64a0a
  delete /tmp/nimble_9842/githubcom_ReneSaccalikes_0.2.0/.git/objects/88
  delete /tmp/nimble_9842/githubcom_ReneSaccalikes_0.2.0/.git/objects/dd/dc8141ca15ad5128d88cafd2f9bf2029b2644b
  delete /tmp/nimble_9842/githubcom_ReneSaccalikes_0.2.0/.git/objects/dd
  delete /tmp/nimble_9842/githubcom_ReneSaccalikes_0.2.0/.git/objects/pack
  delete /tmp/nimble_9842/githubcom_ReneSaccalikes_0.2.0/.git/objects/f4/251f098f3b9dad003aec1e8a49b707dbefcd51
  delete /tmp/nimble_9842/githubcom_ReneSaccalikes_0.2.0/.git/objects/f4
  delete /tmp/nimble_9842/githubcom_ReneSaccalikes_0.2.0/.git/objects
  delete /tmp/nimble_9842/githubcom_ReneSaccalikes_0.2.0/.git/packed-refs
  delete /tmp/nimble_9842/githubcom_ReneSaccalikes_0.2.0/.git/HEAD
  delete /tmp/nimble_9842/githubcom_ReneSaccalikes_0.2.0/.git
  delete /tmp/nimble_9842/githubcom_ReneSaccalikes_0.2.0/src/c_alikes.nim
  delete /tmp/nimble_9842/githubcom_ReneSaccalikes_0.2.0/src
  delete /tmp/nimble_9842/githubcom_ReneSaccalikes_0.2.0/license.txt
  delete /tmp/nimble_9842/githubcom_ReneSaccalikes_0.2.0/.gitignore
  delete /tmp/nimble_9842/githubcom_ReneSaccalikes_0.2.0/c_alikes.nimble
  delete /tmp/nimble_9842/githubcom_ReneSaccalikes_0.2.0
  delete /tmp/nimble_9842/githubcom_ReneSacmemviews/docs/memviews.html
  delete /tmp/nimble_9842/githubcom_ReneSacmemviews/docs
  delete /tmp/nimble_9842/githubcom_ReneSacmemviews/README.md
  delete /tmp/nimble_9842/githubcom_ReneSacmemviews/.git/refs/remotes/origin/HEAD
  delete /tmp/nimble_9842/githubcom_ReneSacmemviews/.git/refs/remotes/origin
  delete /tmp/nimble_9842/githubcom_ReneSacmemviews/.git/refs/remotes
  delete /tmp/nimble_9842/githubcom_ReneSacmemviews/.git/refs/tags
  delete /tmp/nimble_9842/githubcom_ReneSacmemviews/.git/refs/heads/master
  delete /tmp/nimble_9842/githubcom_ReneSacmemviews/.git/refs/heads
  delete /tmp/nimble_9842/githubcom_ReneSacmemviews/.git/refs
  delete /tmp/nimble_9842/githubcom_ReneSacmemviews/.git/info/exclude
  delete /tmp/nimble_9842/githubcom_ReneSacmemviews/.git/info
  delete /tmp/nimble_9842/githubcom_ReneSacmemviews/.git/branches
  delete /tmp/nimble_9842/githubcom_ReneSacmemviews/.git/logs/refs/remotes/origin/HEAD
  delete /tmp/nimble_9842/githubcom_ReneSacmemviews/.git/logs/refs/remotes/origin
  delete /tmp/nimble_9842/githubcom_ReneSacmemviews/.git/logs/refs/remotes
  delete /tmp/nimble_9842/githubcom_ReneSacmemviews/.git/logs/refs/heads/master
  delete /tmp/nimble_9842/githubcom_ReneSacmemviews/.git/logs/refs/heads
  delete /tmp/nimble_9842/githubcom_ReneSacmemviews/.git/logs/refs
  delete /tmp/nimble_9842/githubcom_ReneSacmemviews/.git/logs/HEAD
  delete /tmp/nimble_9842/githubcom_ReneSacmemviews/.git/logs
  delete /tmp/nimble_9842/githubcom_ReneSacmemviews/.git/description
  delete /tmp/nimble_9842/githubcom_ReneSacmemviews/.git/hooks/pre-rebase.sample
  delete /tmp/nimble_9842/githubcom_ReneSacmemviews/.git/hooks/applypatch-msg.sample
  delete /tmp/nimble_9842/githubcom_ReneSacmemviews/.git/hooks/pre-push.sample
  delete /tmp/nimble_9842/githubcom_ReneSacmemviews/.git/hooks/pre-merge-commit.sample
  delete /tmp/nimble_9842/githubcom_ReneSacmemviews/.git/hooks/pre-receive.sample
  delete /tmp/nimble_9842/githubcom_ReneSacmemviews/.git/hooks/update.sample
  delete /tmp/nimble_9842/githubcom_ReneSacmemviews/.git/hooks/pre-commit.sample
  delete /tmp/nimble_9842/githubcom_ReneSacmemviews/.git/hooks/pre-applypatch.sample
  delete /tmp/nimble_9842/githubcom_ReneSacmemviews/.git/hooks/commit-msg.sample
  delete /tmp/nimble_9842/githubcom_ReneSacmemviews/.git/hooks/fsmonitor-watchman.sample
  delete /tmp/nimble_9842/githubcom_ReneSacmemviews/.git/hooks/prepare-commit-msg.sample
  delete /tmp/nimble_9842/githubcom_ReneSacmemviews/.git/hooks/post-update.sample
  delete /tmp/nimble_9842/githubcom_ReneSacmemviews/.git/hooks
  delete /tmp/nimble_9842/githubcom_ReneSacmemviews/.git/shallow
  delete /tmp/nimble_9842/githubcom_ReneSacmemviews/.git/config
  delete /tmp/nimble_9842/githubcom_ReneSacmemviews/.git/index
  delete /tmp/nimble_9842/githubcom_ReneSacmemviews/.git/objects/4e/6bb42bb13ca3e57b1591647b9230fdd1a066de
  delete /tmp/nimble_9842/githubcom_ReneSacmemviews/.git/objects/4e
  delete /tmp/nimble_9842/githubcom_ReneSacmemviews/.git/objects/info
  delete /tmp/nimble_9842/githubcom_ReneSacmemviews/.git/objects/70/562dae61ce60d0af288fa8487bce2aabbd7336
  delete /tmp/nimble_9842/githubcom_ReneSacmemviews/.git/objects/70
  delete /tmp/nimble_9842/githubcom_ReneSacmemviews/.git/objects/81/41a34c70eda6681e387b855bcac0d617fd0f6d
  delete /tmp/nimble_9842/githubcom_ReneSacmemviews/.git/objects/81
  delete /tmp/nimble_9842/githubcom_ReneSacmemviews/.git/objects/58/f1cece0ab78ebc606134d4680bd355ca33e443
  delete /tmp/nimble_9842/githubcom_ReneSacmemviews/.git/objects/58
  delete /tmp/nimble_9842/githubcom_ReneSacmemviews/.git/objects/32/cba93775c5c635ab0bd9a59dd0b79082412093
  delete /tmp/nimble_9842/githubcom_ReneSacmemviews/.git/objects/32
  delete /tmp/nimble_9842/githubcom_ReneSacmemviews/.git/objects/8d/d9749196b3b4aefbb405ce727acf810aa55c9a
  delete /tmp/nimble_9842/githubcom_ReneSacmemviews/.git/objects/8d
  delete /tmp/nimble_9842/githubcom_ReneSacmemviews/.git/objects/07/846555fd370cb125f3070df0eb471934d56c0a
  delete /tmp/nimble_9842/githubcom_ReneSacmemviews/.git/objects/07
  delete /tmp/nimble_9842/githubcom_ReneSacmemviews/.git/objects/1c/731de77bf92e38989cafe7dc97aeb1de5abd58
  delete /tmp/nimble_9842/githubcom_ReneSacmemviews/.git/objects/1c
  delete /tmp/nimble_9842/githubcom_ReneSacmemviews/.git/objects/3f/e8d8db9d021b4e0e11d55a9dbf81047973ebfa
  delete /tmp/nimble_9842/githubcom_ReneSacmemviews/.git/objects/3f
  delete /tmp/nimble_9842/githubcom_ReneSacmemviews/.git/objects/pack
  delete /tmp/nimble_9842/githubcom_ReneSacmemviews/.git/objects/2d/bfa2339335376b581e5334bf9a6a70e10a7eda
  delete /tmp/nimble_9842/githubcom_ReneSacmemviews/.git/objects/2d
  delete /tmp/nimble_9842/githubcom_ReneSacmemviews/.git/objects
  delete /tmp/nimble_9842/githubcom_ReneSacmemviews/.git/packed-refs
  delete /tmp/nimble_9842/githubcom_ReneSacmemviews/.git/HEAD
  delete /tmp/nimble_9842/githubcom_ReneSacmemviews/.git
  delete /tmp/nimble_9842/githubcom_ReneSacmemviews/src/memviews.nim
  delete /tmp/nimble_9842/githubcom_ReneSacmemviews/src
  delete /tmp/nimble_9842/githubcom_ReneSacmemviews/license.txt
  delete /tmp/nimble_9842/githubcom_ReneSacmemviews/memviews.nimble
  delete /tmp/nimble_9842/githubcom_ReneSacmemviews/.gitignore
  delete /tmp/nimble_9842/githubcom_ReneSacmemviews
  delete /tmp/nimble_9842
