     Info:  Nimble data file "/home/runner/.nimble/nimbledata2.json" has been loaded.
    Reading official package list
Downloading https://github.com/foxoman/mersal using git
    Cloning latest tagged version: v0.1.0
open('/workspace/destdir/ssl/openssl.cnf', 32768, 0x00000000000001b6)
open('/home/runner/.config/nimble/nimble.ini', 557056, 0x00000000000001b6)
open('/home/runner/.config/babel/babel.ini', 557056, 0x00000000000001b6)
open('/home/runner/.nimble/nimbledata2.json', 557056, 0x00000000000001b6)
writev(1, 0x00007ffd45d59c80, 2)
writev(1, 0x00007ffd45d59560, 2)
open('/home/runner/.nimble/packages_official.json', 557056, 0x00000000000001b6)
mkdir('/tmp/', 0x00000000000001ff)
mkdir('/tmp/nimble_3510/', 0x00000000000001ff)
mkdir('/tmp/nimble_3510/githubcom_foxomanmersal', 0x00000000000001ff)
writev(1, 0x00007ffd45d59530, 2)
open('/tmp/nimble_3510/githubcom_foxomanmersal', 622592, 0x0000000000000000)
rmdir('/tmp/nimble_3510/githubcom_foxomanmersal')
writev(1, 0x00007ffd45d594a0, 2)
mkdir(94240788611536, 0x00000000000001ff)
Error tracing process: readBytes(0x000055b624ba81d0, 256) error: [Errno 5] Input/output error.
