      Info: Package cache path /home/runner/.nimble/pkgcache
     Info:  Nimble data file "/home/runner/.nimble/nimbledata2.json" has been loaded.
    Reading official package list
Downloading https://github.com/RainbowAsteroids/meta using git
   Warning: The package has no tagged releases, downloading HEAD instead.
open('/workspace/destdir/ssl/openssl.cnf', 32768, 0x00000000000001b6)
open('/home/runner/.config/nimble/nimble.ini', 557056, 0x00000000000001b6)
open('/home/runner/.config/babel/babel.ini', 557056, 0x00000000000001b6)
writev(1, 0x00007fff355b7f50, 2)
open('/home/runner/.nimble/nimbledata2.json', 557056, 0x00000000000001b6)
writev(1, 0x00007fff355b8020, 2)
writev(1, 0x00007ffd05545820, 2)
writev(1, 0x00007ffd055458b0, 2)
writev(1, 0x00007ffd055458b0, 2)
writev(1, 0x00007ffd055458b0, 2)
writev(1, 0x00007fff355b6a00, 2)
open('/home/runner/.nimble/packages_official.json', 557056, 0x00000000000001b6)
mkdir('/home/', 0x00000000000001ff)
mkdir('/home/runner/', 0x00000000000001ff)
mkdir('/home/runner/.nimble/', 0x00000000000001ff)
mkdir('/home/runner/.nimble/pkgcache/', 0x00000000000001ff)
mkdir('/home/runner/.nimble/pkgcache/githubcom_RainbowAsteroidsmeta', 0x00000000000001ff)
open('/home/runner/.nimble/pkgcache/githubcom_RainbowAsteroidsmeta', 622592, 0x0000000000000000)
writev(1, 0x00007fff355b6ae0, 2)
open('/home/runner/.nimble/pkgcache/githubcom_RainbowAsteroidsmeta', 622592, 0x0000000000000000)
rmdir('/home/runner/.nimble/pkgcache/githubcom_RainbowAsteroidsmeta')
writev(1, 0x00007fff355b69d0, 2)
mkdir(94241427127008, 0x00000000000001ff)
Error tracing process: readBytes(0x000055b64ac97ae0, 256) error: [Errno 5] Input/output error.
