     Info:  Nimble data file "/home/runner/.nimble/nimbledata2.json" has been loaded.
    Reading official package list
Downloading https://github.com/metacall/core using git (subdir is 'source/ports/nim_port')
    Cloning latest tagged version: v0.7.4
open('/workspace/destdir/ssl/openssl.cnf', 32768, 0x00000000000001b6)
open('/home/runner/.config/nimble/nimble.ini', 557056, 0x00000000000001b6)
open('/home/runner/.config/babel/babel.ini', 557056, 0x00000000000001b6)
open('/home/runner/.nimble/nimbledata2.json', 557056, 0x00000000000001b6)
writev(1, 0x00007ffddbaaa990, 2)
writev(1, 0x00007ffddbaaa270, 2)
open('/home/runner/.nimble/packages_official.json', 557056, 0x00000000000001b6)
mkdir('/tmp/', 0x00000000000001ff)
mkdir('/tmp/nimble_3580/', 0x00000000000001ff)
mkdir('/tmp/nimble_3580/githubcom_metacallcore', 0x00000000000001ff)
writev(1, 0x00007ffddbaaa240, 2)
open('/tmp/nimble_3580/githubcom_metacallcore', 622592, 0x0000000000000000)
rmdir('/tmp/nimble_3580/githubcom_metacallcore')
writev(1, 0x00007ffddbaaa1b0, 2)
mkdir(93841595778320, 0x00000000000001ff)
Error tracing process: readBytes(0x0000555932fb4510, 256) error: [Errno 5] Input/output error.
