    Reading official package list
Downloading https://github.com/mjendrusch/metric using git
    Cloning latest tagged version: v0.1.0
mkdir('/tmp', 0x00000000000001ff)
mkdir('/tmp/nimble_8662', 0x00000000000001ff)
mkdir('/tmp/nimble_8662/githubcom_mjendruschmetric', 0x00000000000001ff)
rmdir('/tmp/nimble_8662/githubcom_mjendruschmetric')
mkdir('/tmp/nimble_8662/githubcom_mjendruschmetric', 0x00000000000001ff)
mkdir('/tmp/nimble_8662/githubcom_mjendruschmetric/.git', 0x00000000000001ff)
mkdir('/tmp/nimble_8662/githubcom_mjendruschmetric/.git/', 0x00000000000001ff)
mkdir('/tmp/nimble_8662/githubcom_mjendruschmetric/.git/info/', 0x00000000000001ff)
mkdir('/tmp/nimble_8662/githubcom_mjendruschmetric/.git/branches/', 0x00000000000001ff)
mkdir('/tmp/nimble_8662/githubcom_mjendruschmetric/.git/hooks/', 0x00000000000001ff)
mkdir('/tmp/nimble_8662/githubcom_mjendruschmetric/.git/refs', 0x00000000000001ff)
mkdir('/tmp/nimble_8662/githubcom_mjendruschmetric/.git/refs/heads', 0x00000000000001ff)
mkdir('/tmp/nimble_8662/githubcom_mjendruschmetric/.git/refs/tags', 0x00000000000001ff)
rename('/tmp/nimble_8662/githubcom_mjendruschmetric/.git/HEAD.lock', '/tmp/nimble_8662/githubcom_mjendruschmetric/.git/HEAD')
rename('/tmp/nimble_8662/githubcom_mjendruschmetric/.git/config.lock', '/tmp/nimble_8662/githubcom_mjendruschmetric/.git/config')
chmod('/tmp/nimble_8662/githubcom_mjendruschmetric/.git/config', 0x00000000000081e4)
chmod('/tmp/nimble_8662/githubcom_mjendruschmetric/.git/config', 0x00000000000081a4)
chmod('/tmp/nimble_8662/githubcom_mjendruschmetric/.git/config.lock', 0x00000000000001a4)
rename('/tmp/nimble_8662/githubcom_mjendruschmetric/.git/config.lock', '/tmp/nimble_8662/githubcom_mjendruschmetric/.git/config')
chmod('/tmp/nimble_8662/githubcom_mjendruschmetric/.git/config.lock', 0x00000000000001a4)
rename('/tmp/nimble_8662/githubcom_mjendruschmetric/.git/config.lock', '/tmp/nimble_8662/githubcom_mjendruschmetric/.git/config')
chmod('/tmp/nimble_8662/githubcom_mjendruschmetric/.git/config.lock', 0x00000000000001a4)
rename('/tmp/nimble_8662/githubcom_mjendruschmetric/.git/config.lock', '/tmp/nimble_8662/githubcom_mjendruschmetric/.git/config')
unlink('/tmp/nimble_8662/githubcom_mjendruschmetric/.git/tbySryw')
symlink('testing', '/tmp/nimble_8662/githubcom_mjendruschmetric/.git/tbySryw')
unlink('/tmp/nimble_8662/githubcom_mjendruschmetric/.git/tbySryw')
mkdir('/tmp/nimble_8662/githubcom_mjendruschmetric/.git/objects', 0x00000000000001ff)
mkdir('/tmp/nimble_8662/githubcom_mjendruschmetric/.git/objects/pack', 0x00000000000001ff)
mkdir('/tmp/nimble_8662/githubcom_mjendruschmetric/.git/objects/info', 0x00000000000001ff)
chmod('/tmp/nimble_8662/githubcom_mjendruschmetric/.git/config.lock', 0x00000000000001a4)
rename('/tmp/nimble_8662/githubcom_mjendruschmetric/.git/config.lock', '/tmp/nimble_8662/githubcom_mjendruschmetric/.git/config')
chmod('/tmp/nimble_8662/githubcom_mjendruschmetric/.git/config.lock', 0x00000000000001a4)
rename('/tmp/nimble_8662/githubcom_mjendruschmetric/.git/config.lock', '/tmp/nimble_8662/githubcom_mjendruschmetric/.git/config')
chmod('/tmp/nimble_8662/githubcom_mjendruschmetric/.git/config.lock', 0x00000000000001a4)
rename('/tmp/nimble_8662/githubcom_mjendruschmetric/.git/config.lock', '/tmp/nimble_8662/githubcom_mjendruschmetric/.git/config')
mkdir('/tmp/nimble_8662/githubcom_mjendruschmetric/.git/objects/e8', 0x00000000000001ff)
link('/tmp/nimble_8662/githubcom_mjendruschmetric/.git/objects/e8/tmp_obj_fiK2kf', '/tmp/nimble_8662/githubcom_mjendruschmetric/.git/objects/e8/e592ff1b2362ac91aced63802af76775c4ce2c')
unlink('/tmp/nimble_8662/githubcom_mjendruschmetric/.git/objects/e8/tmp_obj_fiK2kf')
mkdir('/tmp/nimble_8662/githubcom_mjendruschmetric/.git/objects/69', 0x00000000000001ff)
link('/tmp/nimble_8662/githubcom_mjendruschmetric/.git/objects/69/tmp_obj_r4hH2k', '/tmp/nimble_8662/githubcom_mjendruschmetric/.git/objects/69/692537fa1ca6b0ea5bcb5f70b83453808a4fbc')
unlink('/tmp/nimble_8662/githubcom_mjendruschmetric/.git/objects/69/tmp_obj_r4hH2k')
mkdir('/tmp/nimble_8662/githubcom_mjendruschmetric/.git/objects/e4', 0x00000000000001ff)
link('/tmp/nimble_8662/githubcom_mjendruschmetric/.git/objects/e4/tmp_obj_d9DXkm', '/tmp/nimble_8662/githubcom_mjendruschmetric/.git/objects/e4/042697729fe5b9968779a8e68f8d99d96ce868')
unlink('/tmp/nimble_8662/githubcom_mjendruschmetric/.git/objects/e4/tmp_obj_d9DXkm')
mkdir('/tmp/nimble_8662/githubcom_mjendruschmetric/.git/objects/05', 0x00000000000001ff)
link('/tmp/nimble_8662/githubcom_mjendruschmetric/.git/objects/05/tmp_obj_Vz2a8q', '/tmp/nimble_8662/githubcom_mjendruschmetric/.git/objects/05/65dfe894ef7cd3e4f4bbfc0f17a6697246bdfe')
unlink('/tmp/nimble_8662/githubcom_mjendruschmetric/.git/objects/05/tmp_obj_Vz2a8q')
mkdir('/tmp/nimble_8662/githubcom_mjendruschmetric/.git/objects/e1', 0x00000000000001ff)
link('/tmp/nimble_8662/githubcom_mjendruschmetric/.git/objects/e1/tmp_obj_RzBkgx', '/tmp/nimble_8662/githubcom_mjendruschmetric/.git/objects/e1/280605dd926aab80be531f429c1c7eae14d841')
unlink('/tmp/nimble_8662/githubcom_mjendruschmetric/.git/objects/e1/tmp_obj_RzBkgx')
mkdir('/tmp/nimble_8662/githubcom_mjendruschmetric/.git/objects/c7', 0x00000000000001ff)
link('/tmp/nimble_8662/githubcom_mjendruschmetric/.git/objects/c7/tmp_obj_j4DtmB', '/tmp/nimble_8662/githubcom_mjendruschmetric/.git/objects/c7/f0898c24f95844e56604d53e3264942a8c062d')
unlink('/tmp/nimble_8662/githubcom_mjendruschmetric/.git/objects/c7/tmp_obj_j4DtmB')
mkdir('/tmp/nimble_8662/githubcom_mjendruschmetric/.git/objects/74', 0x00000000000001ff)
link('/tmp/nimble_8662/githubcom_mjendruschmetric/.git/objects/74/tmp_obj_dXBBqD', '/tmp/nimble_8662/githubcom_mjendruschmetric/.git/objects/74/f636516c0668e024169070f499ea62d0e98cef')
unlink('/tmp/nimble_8662/githubcom_mjendruschmetric/.git/objects/74/tmp_obj_dXBBqD')
mkdir('/tmp/nimble_8662/githubcom_mjendruschmetric/.git/objects/ed', 0x00000000000001ff)
link('/tmp/nimble_8662/githubcom_mjendruschmetric/.git/objects/ed/tmp_obj_FXCj7G', '/tmp/nimble_8662/githubcom_mjendruschmetric/.git/objects/ed/fd5a86f497cc05a8cede77c3c410c8c3d92c36')
unlink('/tmp/nimble_8662/githubcom_mjendruschmetric/.git/objects/ed/tmp_obj_FXCj7G')
mkdir('/tmp/nimble_8662/githubcom_mjendruschmetric/.git/objects/86', 0x00000000000001ff)
link('/tmp/nimble_8662/githubcom_mjendruschmetric/.git/objects/86/tmp_obj_XyBnBN', '/tmp/nimble_8662/githubcom_mjendruschmetric/.git/objects/86/407dd30d4a7cf276aa7b0611f58314c930eeed')
unlink('/tmp/nimble_8662/githubcom_mjendruschmetric/.git/objects/86/tmp_obj_XyBnBN')
mkdir('/tmp/nimble_8662/githubcom_mjendruschmetric/.git/objects/b2', 0x00000000000001ff)
link('/tmp/nimble_8662/githubcom_mjendruschmetric/.git/objects/b2/tmp_obj_HWDiwS', '/tmp/nimble_8662/githubcom_mjendruschmetric/.git/objects/b2/f51d1167e0845e734058dd71e89231fcd72e01')
unlink('/tmp/nimble_8662/githubcom_mjendruschmetric/.git/objects/b2/tmp_obj_HWDiwS')
mkdir('/tmp/nimble_8662/githubcom_mjendruschmetric/.git/objects/fb', 0x00000000000001ff)
link('/tmp/nimble_8662/githubcom_mjendruschmetric/.git/objects/fb/tmp_obj_bmnTqV', '/tmp/nimble_8662/githubcom_mjendruschmetric/.git/objects/fb/f2b93c0c4af471e156de540195d36259ddc705')
unlink('/tmp/nimble_8662/githubcom_mjendruschmetric/.git/objects/fb/tmp_obj_bmnTqV')
mkdir('/tmp/nimble_8662/githubcom_mjendruschmetric/.git/objects/b8', 0x00000000000001ff)
link('/tmp/nimble_8662/githubcom_mjendruschmetric/.git/objects/b8/tmp_obj_l38Px1', '/tmp/nimble_8662/githubcom_mjendruschmetric/.git/objects/b8/8618c3a53daab3bec7a996f8b979c49e88d9e9')
unlink('/tmp/nimble_8662/githubcom_mjendruschmetric/.git/objects/b8/tmp_obj_l38Px1')
mkdir('/tmp/nimble_8662/githubcom_mjendruschmetric/.git/objects/62', 0x00000000000001ff)
link('/tmp/nimble_8662/githubcom_mjendruschmetric/.git/objects/62/tmp_obj_R99YO4', '/tmp/nimble_8662/githubcom_mjendruschmetric/.git/objects/62/d1c5654bd05d52dadea49a327ea989a8ef2449')
unlink('/tmp/nimble_8662/githubcom_mjendruschmetric/.git/objects/62/tmp_obj_R99YO4')
mkdir('/tmp/nimble_8662/githubcom_mjendruschmetric/.git/objects/f4', 0x00000000000001ff)
link('/tmp/nimble_8662/githubcom_mjendruschmetric/.git/objects/f4/tmp_obj_jISiC9', '/tmp/nimble_8662/githubcom_mjendruschmetric/.git/objects/f4/7d9236dd144b5aa9f6493e064b3474326c1628')
unlink('/tmp/nimble_8662/githubcom_mjendruschmetric/.git/objects/f4/tmp_obj_jISiC9')  Verifying dependencies for metric@0.1.0
 Installing metric@0.1.0
    Copying file /tmp/nimble_8662/githubcom_mjendruschmetric/src/metric.nim to /home/runner/.nimble/pkgs/metric-0.1.0/metric.nim
    Copying file /tmp/nimble_8662/githubcom_mjendruschmetric/src/metric/dimension.nim to /home/runner/.nimble/pkgs/metric-0.1.0/metric/dimension.nim
    Copying file /tmp/nimble_8662/githubcom_mjendruschmetric/src/metric/constants.nim to /home/runner/.nimble/pkgs/metric-0.1.0/metric/constants.nim
    Copying file /tmp/nimble_8662/githubcom_mjendruschmetric/src/metric/siunits.nim to /home/runner/.nimble/pkgs/metric-0.1.0/metric/siunits.nim
    Copying file /tmp/nimble_8662/githubcom_mjendruschmetric/src/metric/unit.nim to /home/runner/.nimble/pkgs/metric-0.1.0/metric/unit.nim
    Copying file /tmp/nimble_8662/githubcom_mjendruschmetric/src/metric/stddim.nim to /home/runner/.nimble/pkgs/metric-0.1.0/metric/stddim.nim
    Copying file /tmp/nimble_8662/githubcom_mjendruschmetric/src/metric/natural.nim to /home/runner/.nimble/pkgs/metric-0.1.0/metric/natural.nim
    Copying file /tmp/nimble_8662/githubcom_mjendruschmetric/metric.nimble to /home/runner/.nimble/pkgs/metric-0.1.0/metric.nimble
   Success: metric installed successfully.

mkdir('/tmp/nimble_8662/githubcom_mjendruschmetric/.git/objects/a0', 0x00000000000001ff)
link('/tmp/nimble_8662/githubcom_mjendruschmetric/.git/objects/a0/tmp_obj_TkTZyf', '/tmp/nimble_8662/githubcom_mjendruschmetric/.git/objects/a0/044de4b73ed20e3f2e47c95f5b864ac4fd7720')
unlink('/tmp/nimble_8662/githubcom_mjendruschmetric/.git/objects/a0/tmp_obj_TkTZyf')
mkdir('/tmp/nimble_8662/githubcom_mjendruschmetric/.git/objects/07', 0x00000000000001ff)
link('/tmp/nimble_8662/githubcom_mjendruschmetric/.git/objects/07/tmp_obj_R1xppk', '/tmp/nimble_8662/githubcom_mjendruschmetric/.git/objects/07/f193666c9eaa10a5401bf38efb82f688636d97')
unlink('/tmp/nimble_8662/githubcom_mjendruschmetric/.git/objects/07/tmp_obj_R1xppk')
mkdir('/tmp/nimble_8662/githubcom_mjendruschmetric/.git/objects/1f', 0x00000000000001ff)
link('/tmp/nimble_8662/githubcom_mjendruschmetric/.git/objects/1f/tmp_obj_Wc6cBd', '/tmp/nimble_8662/githubcom_mjendruschmetric/.git/objects/1f/12f5888fc5ee54dada01762f4ab4c339308ce5')
unlink('/tmp/nimble_8662/githubcom_mjendruschmetric/.git/objects/1f/tmp_obj_Wc6cBd')
rename('/tmp/nimble_8662/githubcom_mjendruschmetric/.git/shallow.lock', '/tmp/nimble_8662/githubcom_mjendruschmetric/.git/shallow')
rename('/tmp/nimble_8662/githubcom_mjendruschmetric/.git/packed-refs.new', '/tmp/nimble_8662/githubcom_mjendruschmetric/.git/packed-refs')
unlink('/tmp/nimble_8662/githubcom_mjendruschmetric/.git/packed-refs.lock')
unlink('/tmp/nimble_8662/githubcom_mjendruschmetric/.git/refs/tags/v0.1.0.lock')
mkdir('/tmp/nimble_8662/githubcom_mjendruschmetric/.git/logs', 0x00000000000001ff)
rename('/tmp/nimble_8662/githubcom_mjendruschmetric/.git/HEAD.lock', '/tmp/nimble_8662/githubcom_mjendruschmetric/.git/HEAD')
mkdir('src', 0x00000000000001ff)
mkdir('src/metric', 0x00000000000001ff)
mkdir('tests', 0x00000000000001ff)
rename('/tmp/nimble_8662/githubcom_mjendruschmetric/.git/index.lock', '/tmp/nimble_8662/githubcom_mjendruschmetric/.git/index')
mkdir('/tmp', 0x00000000000001ff)
mkdir('/tmp/nimblecache', 0x00000000000001ff)
mkdir('/tmp/nimblecache/metric_4285193043', 0x00000000000001ff)
unlink('/tmp/nimblecache/metric_4285193043/metric.ini')
unlink('/tmp/nimble_8662.out')
unlink('/tmp/nimble_8662/githubcom_mjendruschmetric/metric_8662.nims')
mkdir('/home', 0x00000000000001ff)
mkdir('/home/runner', 0x00000000000001ff)
mkdir('/home/runner/.nimble', 0x00000000000001ff)
mkdir('/home/runner/.nimble/pkgs', 0x00000000000001ff)
mkdir('/home/runner/.nimble/pkgs/metric-0.1.0', 0x00000000000001ff)
mkdir('/home', 0x00000000000001ff)
mkdir('/home/runner', 0x00000000000001ff)
mkdir('/home/runner/.nimble', 0x00000000000001ff)
mkdir('/home/runner/.nimble/pkgs', 0x00000000000001ff)
mkdir('/home/runner/.nimble/pkgs/metric-0.1.0', 0x00000000000001ff)
chmod('/home/runner/.nimble/pkgs/metric-0.1.0/metric.nim', 0x00000000000001a4)
mkdir('/home', 0x00000000000001ff)
mkdir('/home/runner', 0x00000000000001ff)
mkdir('/home/runner/.nimble', 0x00000000000001ff)
mkdir('/home/runner/.nimble/pkgs', 0x00000000000001ff)
mkdir('/home/runner/.nimble/pkgs/metric-0.1.0', 0x00000000000001ff)
mkdir('/home/runner/.nimble/pkgs/metric-0.1.0/metric', 0x00000000000001ff)
chmod('/home/runner/.nimble/pkgs/metric-0.1.0/metric/dimension.nim', 0x00000000000001a4)
mkdir('/home', 0x00000000000001ff)
mkdir('/home/runner', 0x00000000000001ff)
mkdir('/home/runner/.nimble', 0x00000000000001ff)
mkdir('/home/runner/.nimble/pkgs', 0x00000000000001ff)
mkdir('/home/runner/.nimble/pkgs/metric-0.1.0', 0x00000000000001ff)
mkdir('/home/runner/.nimble/pkgs/metric-0.1.0/metric', 0x00000000000001ff)
chmod('/home/runner/.nimble/pkgs/metric-0.1.0/metric/constants.nim', 0x00000000000001a4)
mkdir('/home', 0x00000000000001ff)
mkdir('/home/runner', 0x00000000000001ff)
mkdir('/home/runner/.nimble', 0x00000000000001ff)
mkdir('/home/runner/.nimble/pkgs', 0x00000000000001ff)
mkdir('/home/runner/.nimble/pkgs/metric-0.1.0', 0x00000000000001ff)
mkdir('/home/runner/.nimble/pkgs/metric-0.1.0/metric', 0x00000000000001ff)
chmod('/home/runner/.nimble/pkgs/metric-0.1.0/metric/siunits.nim', 0x00000000000001a4)
mkdir('/home', 0x00000000000001ff)
mkdir('/home/runner', 0x00000000000001ff)
mkdir('/home/runner/.nimble', 0x00000000000001ff)
mkdir('/home/runner/.nimble/pkgs', 0x00000000000001ff)
mkdir('/home/runner/.nimble/pkgs/metric-0.1.0', 0x00000000000001ff)
mkdir('/home/runner/.nimble/pkgs/metric-0.1.0/metric', 0x00000000000001ff)
chmod('/home/runner/.nimble/pkgs/metric-0.1.0/metric/unit.nim', 0x00000000000001a4)
mkdir('/home', 0x00000000000001ff)
mkdir('/home/runner', 0x00000000000001ff)
mkdir('/home/runner/.nimble', 0x00000000000001ff)
mkdir('/home/runner/.nimble/pkgs', 0x00000000000001ff)
mkdir('/home/runner/.nimble/pkgs/metric-0.1.0', 0x00000000000001ff)
mkdir('/home/runner/.nimble/pkgs/metric-0.1.0/metric', 0x00000000000001ff)
chmod('/home/runner/.nimble/pkgs/metric-0.1.0/metric/stddim.nim', 0x00000000000001a4)
mkdir('/home', 0x00000000000001ff)
mkdir('/home/runner', 0x00000000000001ff)
mkdir('/home/runner/.nimble', 0x00000000000001ff)
mkdir('/home/runner/.nimble/pkgs', 0x00000000000001ff)
mkdir('/home/runner/.nimble/pkgs/metric-0.1.0', 0x00000000000001ff)
mkdir('/home/runner/.nimble/pkgs/metric-0.1.0/metric', 0x00000000000001ff)
chmod('/home/runner/.nimble/pkgs/metric-0.1.0/metric/natural.nim', 0x00000000000001a4)
chmod('/home/runner/.nimble/pkgs/metric-0.1.0/metric.nimble', 0x00000000000001a4)
mkdir('/tmp', 0x00000000000001ff)
mkdir('/tmp/nimblecache', 0x00000000000001ff)
mkdir('/tmp/nimblecache/metric_990112824', 0x00000000000001ff)
unlink('/tmp/nimblecache/metric_990112824/metric.ini')
unlink('/tmp/nimble_8662.out')
unlink('/home/runner/.nimble/pkgs/metric-0.1.0/metric_8662.nims')
unlink('/tmp/nimble_8662/githubcom_mjendruschmetric/README.md')
rmdir('/tmp/nimble_8662/githubcom_mjendruschmetric/.git/refs/tags')
rmdir('/tmp/nimble_8662/githubcom_mjendruschmetric/.git/refs/heads')
rmdir('/tmp/nimble_8662/githubcom_mjendruschmetric/.git/refs')
unlink('/tmp/nimble_8662/githubcom_mjendruschmetric/.git/info/exclude')
rmdir('/tmp/nimble_8662/githubcom_mjendruschmetric/.git/info')
rmdir('/tmp/nimble_8662/githubcom_mjendruschmetric/.git/branches')
unlink('/tmp/nimble_8662/githubcom_mjendruschmetric/.git/logs/HEAD')
rmdir('/tmp/nimble_8662/githubcom_mjendruschmetric/.git/logs')
unlink('/tmp/nimble_8662/githubcom_mjendruschmetric/.git/description')
unlink('/tmp/nimble_8662/githubcom_mjendruschmetric/.git/hooks/pre-rebase.sample')
unlink('/tmp/nimble_8662/githubcom_mjendruschmetric/.git/hooks/applypatch-msg.sample')
unlink('/tmp/nimble_8662/githubcom_mjendruschmetric/.git/hooks/pre-push.sample')
unlink('/tmp/nimble_8662/githubcom_mjendruschmetric/.git/hooks/pre-merge-commit.sample')
unlink('/tmp/nimble_8662/githubcom_mjendruschmetric/.git/hooks/pre-receive.sample')
unlink('/tmp/nimble_8662/githubcom_mjendruschmetric/.git/hooks/update.sample')
unlink('/tmp/nimble_8662/githubcom_mjendruschmetric/.git/hooks/pre-commit.sample')
unlink('/tmp/nimble_8662/githubcom_mjendruschmetric/.git/hooks/pre-applypatch.sample')
unlink('/tmp/nimble_8662/githubcom_mjendruschmetric/.git/hooks/commit-msg.sample')
unlink('/tmp/nimble_8662/githubcom_mjendruschmetric/.git/hooks/fsmonitor-watchman.sample')
unlink('/tmp/nimble_8662/githubcom_mjendruschmetric/.git/hooks/prepare-commit-msg.sample')
unlink('/tmp/nimble_8662/githubcom_mjendruschmetric/.git/hooks/post-update.sample')
rmdir('/tmp/nimble_8662/githubcom_mjendruschmetric/.git/hooks')
unlink('/tmp/nimble_8662/githubcom_mjendruschmetric/.git/shallow')
unlink('/tmp/nimble_8662/githubcom_mjendruschmetric/.git/config')
unlink('/tmp/nimble_8662/githubcom_mjendruschmetric/.git/index')
rmdir('/tmp/nimble_8662/githubcom_mjendruschmetric/.git/objects/info')
unlink('/tmp/nimble_8662/githubcom_mjendruschmetric/.git/objects/c7/f0898c24f95844e56604d53e3264942a8c062d')
rmdir('/tmp/nimble_8662/githubcom_mjendruschmetric/.git/objects/c7')
unlink('/tmp/nimble_8662/githubcom_mjendruschmetric/.git/objects/05/65dfe894ef7cd3e4f4bbfc0f17a6697246bdfe')
rmdir('/tmp/nimble_8662/githubcom_mjendruschmetric/.git/objects/05')
unlink('/tmp/nimble_8662/githubcom_mjendruschmetric/.git/objects/62/d1c5654bd05d52dadea49a327ea989a8ef2449')
rmdir('/tmp/nimble_8662/githubcom_mjendruschmetric/.git/objects/62')
unlink('/tmp/nimble_8662/githubcom_mjendruschmetric/.git/objects/a0/044de4b73ed20e3f2e47c95f5b864ac4fd7720')
rmdir('/tmp/nimble_8662/githubcom_mjendruschmetric/.git/objects/a0')
unlink('/tmp/nimble_8662/githubcom_mjendruschmetric/.git/objects/69/692537fa1ca6b0ea5bcb5f70b83453808a4fbc')
rmdir('/tmp/nimble_8662/githubcom_mjendruschmetric/.git/objects/69')
unlink('/tmp/nimble_8662/githubcom_mjendruschmetric/.git/objects/07/f193666c9eaa10a5401bf38efb82f688636d97')
rmdir('/tmp/nimble_8662/githubcom_mjendruschmetric/.git/objects/07')
unlink('/tmp/nimble_8662/githubcom_mjendruschmetric/.git/objects/e1/280605dd926aab80be531f429c1c7eae14d841')
rmdir('/tmp/nimble_8662/githubcom_mjendruschmetric/.git/objects/e1')
unlink('/tmp/nimble_8662/githubcom_mjendruschmetric/.git/objects/fb/f2b93c0c4af471e156de540195d36259ddc705')
rmdir('/tmp/nimble_8662/githubcom_mjendruschmetric/.git/objects/fb')
unlink('/tmp/nimble_8662/githubcom_mjendruschmetric/.git/objects/ed/fd5a86f497cc05a8cede77c3c410c8c3d92c36')
rmdir('/tmp/nimble_8662/githubcom_mjendruschmetric/.git/objects/ed')
unlink('/tmp/nimble_8662/githubcom_mjendruschmetric/.git/objects/86/407dd30d4a7cf276aa7b0611f58314c930eeed')
rmdir('/tmp/nimble_8662/githubcom_mjendruschmetric/.git/objects/86')
unlink('/tmp/nimble_8662/githubcom_mjendruschmetric/.git/objects/e8/e592ff1b2362ac91aced63802af76775c4ce2c')
rmdir('/tmp/nimble_8662/githubcom_mjendruschmetric/.git/objects/e8')
unlink('/tmp/nimble_8662/githubcom_mjendruschmetric/.git/objects/1f/12f5888fc5ee54dada01762f4ab4c339308ce5')
rmdir('/tmp/nimble_8662/githubcom_mjendruschmetric/.git/objects/1f')
unlink('/tmp/nimble_8662/githubcom_mjendruschmetric/.git/objects/b2/f51d1167e0845e734058dd71e89231fcd72e01')
rmdir('/tmp/nimble_8662/githubcom_mjendruschmetric/.git/objects/b2')
unlink('/tmp/nimble_8662/githubcom_mjendruschmetric/.git/objects/b8/8618c3a53daab3bec7a996f8b979c49e88d9e9')
rmdir('/tmp/nimble_8662/githubcom_mjendruschmetric/.git/objects/b8')
unlink('/tmp/nimble_8662/githubcom_mjendruschmetric/.git/objects/e4/042697729fe5b9968779a8e68f8d99d96ce868')
rmdir('/tmp/nimble_8662/githubcom_mjendruschmetric/.git/objects/e4')
unlink('/tmp/nimble_8662/githubcom_mjendruschmetric/.git/objects/74/f636516c0668e024169070f499ea62d0e98cef')
rmdir('/tmp/nimble_8662/githubcom_mjendruschmetric/.git/objects/74')
rmdir('/tmp/nimble_8662/githubcom_mjendruschmetric/.git/objects/pack')
unlink('/tmp/nimble_8662/githubcom_mjendruschmetric/.git/objects/f4/7d9236dd144b5aa9f6493e064b3474326c1628')
rmdir('/tmp/nimble_8662/githubcom_mjendruschmetric/.git/objects/f4')
rmdir('/tmp/nimble_8662/githubcom_mjendruschmetric/.git/objects')
unlink('/tmp/nimble_8662/githubcom_mjendruschmetric/.git/packed-refs')
unlink('/tmp/nimble_8662/githubcom_mjendruschmetric/.git/HEAD')
rmdir('/tmp/nimble_8662/githubcom_mjendruschmetric/.git')
unlink('/tmp/nimble_8662/githubcom_mjendruschmetric/src/metric.nim')
unlink('/tmp/nimble_8662/githubcom_mjendruschmetric/src/metric/dimension.nim')
unlink('/tmp/nimble_8662/githubcom_mjendruschmetric/src/metric/constants.nim')
unlink('/tmp/nimble_8662/githubcom_mjendruschmetric/src/metric/siunits.nim')
unlink('/tmp/nimble_8662/githubcom_mjendruschmetric/src/metric/unit.nim')
unlink('/tmp/nimble_8662/githubcom_mjendruschmetric/src/metric/stddim.nim')
unlink('/tmp/nimble_8662/githubcom_mjendruschmetric/src/metric/natural.nim')
rmdir('/tmp/nimble_8662/githubcom_mjendruschmetric/src/metric')
rmdir('/tmp/nimble_8662/githubcom_mjendruschmetric/src')
unlink('/tmp/nimble_8662/githubcom_mjendruschmetric/tests/tall.nim')
rmdir('/tmp/nimble_8662/githubcom_mjendruschmetric/tests')
unlink('/tmp/nimble_8662/githubcom_mjendruschmetric/.gitignore')
unlink('/tmp/nimble_8662/githubcom_mjendruschmetric/metric.nimble')
unlink('/tmp/nimble_8662/githubcom_mjendruschmetric/LICENSE')
rmdir('/tmp/nimble_8662/githubcom_mjendruschmetric')
rmdir('/tmp/nimble_8662')
  create directory /tmp
  create directory /tmp/nimble_8662
  create directory /tmp/nimble_8662/githubcom_mjendruschmetric
  delete /tmp/nimble_8662/githubcom_mjendruschmetric
  create directory /tmp/nimble_8662/githubcom_mjendruschmetric
  create directory /tmp/nimble_8662/githubcom_mjendruschmetric/.git
  create directory /tmp/nimble_8662/githubcom_mjendruschmetric/.git
  create directory /tmp/nimble_8662/githubcom_mjendruschmetric/.git/info
  create directory /tmp/nimble_8662/githubcom_mjendruschmetric/.git/branches
  create directory /tmp/nimble_8662/githubcom_mjendruschmetric/.git/hooks
  create directory /tmp/nimble_8662/githubcom_mjendruschmetric/.git/refs
  create directory /tmp/nimble_8662/githubcom_mjendruschmetric/.git/refs/heads
  create directory /tmp/nimble_8662/githubcom_mjendruschmetric/.git/refs/tags
  rename /tmp/nimble_8662/githubcom_mjendruschmetric/.git/HEAD.lock to HEAD
  rename /tmp/nimble_8662/githubcom_mjendruschmetric/.git/config.lock to config
  change permissions of /tmp/nimble_8662/githubcom_mjendruschmetric/.git/config to rwxr--r--
  change permissions of /tmp/nimble_8662/githubcom_mjendruschmetric/.git/config to rw-r--r--
  change permissions of /tmp/nimble_8662/githubcom_mjendruschmetric/.git/config.lock to rw-r--r--
  rename /tmp/nimble_8662/githubcom_mjendruschmetric/.git/config.lock to config
  change permissions of /tmp/nimble_8662/githubcom_mjendruschmetric/.git/config.lock to rw-r--r--
  rename /tmp/nimble_8662/githubcom_mjendruschmetric/.git/config.lock to config
  change permissions of /tmp/nimble_8662/githubcom_mjendruschmetric/.git/config.lock to rw-r--r--
  rename /tmp/nimble_8662/githubcom_mjendruschmetric/.git/config.lock to config
  delete /tmp/nimble_8662/githubcom_mjendruschmetric/.git/tbySryw
  create symbolic link from /tmp/nimble_8662/githubcom_mjendruschmetric/.git/tbySryw to /home/runner/work/nim_packages_security_audit/nim_packages_security_audit/testing
  delete /tmp/nimble_8662/githubcom_mjendruschmetric/.git/tbySryw
  create directory /tmp/nimble_8662/githubcom_mjendruschmetric/.git/objects
  create directory /tmp/nimble_8662/githubcom_mjendruschmetric/.git/objects/pack
  create directory /tmp/nimble_8662/githubcom_mjendruschmetric/.git/objects/info
  change permissions of /tmp/nimble_8662/githubcom_mjendruschmetric/.git/config.lock to rw-r--r--
  rename /tmp/nimble_8662/githubcom_mjendruschmetric/.git/config.lock to config
  change permissions of /tmp/nimble_8662/githubcom_mjendruschmetric/.git/config.lock to rw-r--r--
  rename /tmp/nimble_8662/githubcom_mjendruschmetric/.git/config.lock to config
  change permissions of /tmp/nimble_8662/githubcom_mjendruschmetric/.git/config.lock to rw-r--r--
  rename /tmp/nimble_8662/githubcom_mjendruschmetric/.git/config.lock to config
  create directory /tmp/nimble_8662/githubcom_mjendruschmetric/.git/objects/e8
  create hard link from /tmp/nimble_8662/githubcom_mjendruschmetric/.git/objects/e8/e592ff1b2362ac91aced63802af76775c4ce2c to /tmp/nimble_8662/githubcom_mjendruschmetric/.git/objects/e8/tmp_obj_fiK2kf
  delete /tmp/nimble_8662/githubcom_mjendruschmetric/.git/objects/e8/tmp_obj_fiK2kf
  create directory /tmp/nimble_8662/githubcom_mjendruschmetric/.git/objects/69
  create hard link from /tmp/nimble_8662/githubcom_mjendruschmetric/.git/objects/69/692537fa1ca6b0ea5bcb5f70b83453808a4fbc to /tmp/nimble_8662/githubcom_mjendruschmetric/.git/objects/69/tmp_obj_r4hH2k
  delete /tmp/nimble_8662/githubcom_mjendruschmetric/.git/objects/69/tmp_obj_r4hH2k
  create directory /tmp/nimble_8662/githubcom_mjendruschmetric/.git/objects/e4
  create hard link from /tmp/nimble_8662/githubcom_mjendruschmetric/.git/objects/e4/042697729fe5b9968779a8e68f8d99d96ce868 to /tmp/nimble_8662/githubcom_mjendruschmetric/.git/objects/e4/tmp_obj_d9DXkm
  delete /tmp/nimble_8662/githubcom_mjendruschmetric/.git/objects/e4/tmp_obj_d9DXkm
  create directory /tmp/nimble_8662/githubcom_mjendruschmetric/.git/objects/05
  create hard link from /tmp/nimble_8662/githubcom_mjendruschmetric/.git/objects/05/65dfe894ef7cd3e4f4bbfc0f17a6697246bdfe to /tmp/nimble_8662/githubcom_mjendruschmetric/.git/objects/05/tmp_obj_Vz2a8q
  delete /tmp/nimble_8662/githubcom_mjendruschmetric/.git/objects/05/tmp_obj_Vz2a8q
  create directory /tmp/nimble_8662/githubcom_mjendruschmetric/.git/objects/e1
  create hard link from /tmp/nimble_8662/githubcom_mjendruschmetric/.git/objects/e1/280605dd926aab80be531f429c1c7eae14d841 to /tmp/nimble_8662/githubcom_mjendruschmetric/.git/objects/e1/tmp_obj_RzBkgx
  delete /tmp/nimble_8662/githubcom_mjendruschmetric/.git/objects/e1/tmp_obj_RzBkgx
  create directory /tmp/nimble_8662/githubcom_mjendruschmetric/.git/objects/c7
  create hard link from /tmp/nimble_8662/githubcom_mjendruschmetric/.git/objects/c7/f0898c24f95844e56604d53e3264942a8c062d to /tmp/nimble_8662/githubcom_mjendruschmetric/.git/objects/c7/tmp_obj_j4DtmB
  delete /tmp/nimble_8662/githubcom_mjendruschmetric/.git/objects/c7/tmp_obj_j4DtmB
  create directory /tmp/nimble_8662/githubcom_mjendruschmetric/.git/objects/74
  create hard link from /tmp/nimble_8662/githubcom_mjendruschmetric/.git/objects/74/f636516c0668e024169070f499ea62d0e98cef to /tmp/nimble_8662/githubcom_mjendruschmetric/.git/objects/74/tmp_obj_dXBBqD
  delete /tmp/nimble_8662/githubcom_mjendruschmetric/.git/objects/74/tmp_obj_dXBBqD
  create directory /tmp/nimble_8662/githubcom_mjendruschmetric/.git/objects/ed
  create hard link from /tmp/nimble_8662/githubcom_mjendruschmetric/.git/objects/ed/fd5a86f497cc05a8cede77c3c410c8c3d92c36 to /tmp/nimble_8662/githubcom_mjendruschmetric/.git/objects/ed/tmp_obj_FXCj7G
  delete /tmp/nimble_8662/githubcom_mjendruschmetric/.git/objects/ed/tmp_obj_FXCj7G
  create directory /tmp/nimble_8662/githubcom_mjendruschmetric/.git/objects/86
  create hard link from /tmp/nimble_8662/githubcom_mjendruschmetric/.git/objects/86/407dd30d4a7cf276aa7b0611f58314c930eeed to /tmp/nimble_8662/githubcom_mjendruschmetric/.git/objects/86/tmp_obj_XyBnBN
  delete /tmp/nimble_8662/githubcom_mjendruschmetric/.git/objects/86/tmp_obj_XyBnBN
  create directory /tmp/nimble_8662/githubcom_mjendruschmetric/.git/objects/b2
  create hard link from /tmp/nimble_8662/githubcom_mjendruschmetric/.git/objects/b2/f51d1167e0845e734058dd71e89231fcd72e01 to /tmp/nimble_8662/githubcom_mjendruschmetric/.git/objects/b2/tmp_obj_HWDiwS
  delete /tmp/nimble_8662/githubcom_mjendruschmetric/.git/objects/b2/tmp_obj_HWDiwS
  create directory /tmp/nimble_8662/githubcom_mjendruschmetric/.git/objects/fb
  create hard link from /tmp/nimble_8662/githubcom_mjendruschmetric/.git/objects/fb/f2b93c0c4af471e156de540195d36259ddc705 to /tmp/nimble_8662/githubcom_mjendruschmetric/.git/objects/fb/tmp_obj_bmnTqV
  delete /tmp/nimble_8662/githubcom_mjendruschmetric/.git/objects/fb/tmp_obj_bmnTqV
  create directory /tmp/nimble_8662/githubcom_mjendruschmetric/.git/objects/b8
  create hard link from /tmp/nimble_8662/githubcom_mjendruschmetric/.git/objects/b8/8618c3a53daab3bec7a996f8b979c49e88d9e9 to /tmp/nimble_8662/githubcom_mjendruschmetric/.git/objects/b8/tmp_obj_l38Px1
  delete /tmp/nimble_8662/githubcom_mjendruschmetric/.git/objects/b8/tmp_obj_l38Px1
  create directory /tmp/nimble_8662/githubcom_mjendruschmetric/.git/objects/62
  create hard link from /tmp/nimble_8662/githubcom_mjendruschmetric/.git/objects/62/d1c5654bd05d52dadea49a327ea989a8ef2449 to /tmp/nimble_8662/githubcom_mjendruschmetric/.git/objects/62/tmp_obj_R99YO4
  delete /tmp/nimble_8662/githubcom_mjendruschmetric/.git/objects/62/tmp_obj_R99YO4
  create directory /tmp/nimble_8662/githubcom_mjendruschmetric/.git/objects/f4
  create hard link from /tmp/nimble_8662/githubcom_mjendruschmetric/.git/objects/f4/7d9236dd144b5aa9f6493e064b3474326c1628 to /tmp/nimble_8662/githubcom_mjendruschmetric/.git/objects/f4/tmp_obj_jISiC9
  delete /tmp/nimble_8662/githubcom_mjendruschmetric/.git/objects/f4/tmp_obj_jISiC9
  create directory /tmp/nimble_8662/githubcom_mjendruschmetric/.git/objects/a0
  create hard link from /tmp/nimble_8662/githubcom_mjendruschmetric/.git/objects/a0/044de4b73ed20e3f2e47c95f5b864ac4fd7720 to /tmp/nimble_8662/githubcom_mjendruschmetric/.git/objects/a0/tmp_obj_TkTZyf
  delete /tmp/nimble_8662/githubcom_mjendruschmetric/.git/objects/a0/tmp_obj_TkTZyf
  create directory /tmp/nimble_8662/githubcom_mjendruschmetric/.git/objects/07
  create hard link from /tmp/nimble_8662/githubcom_mjendruschmetric/.git/objects/07/f193666c9eaa10a5401bf38efb82f688636d97 to /tmp/nimble_8662/githubcom_mjendruschmetric/.git/objects/07/tmp_obj_R1xppk
  delete /tmp/nimble_8662/githubcom_mjendruschmetric/.git/objects/07/tmp_obj_R1xppk
  create directory /tmp/nimble_8662/githubcom_mjendruschmetric/.git/objects/1f
  create hard link from /tmp/nimble_8662/githubcom_mjendruschmetric/.git/objects/1f/12f5888fc5ee54dada01762f4ab4c339308ce5 to /tmp/nimble_8662/githubcom_mjendruschmetric/.git/objects/1f/tmp_obj_Wc6cBd
  delete /tmp/nimble_8662/githubcom_mjendruschmetric/.git/objects/1f/tmp_obj_Wc6cBd
  rename /tmp/nimble_8662/githubcom_mjendruschmetric/.git/shallow.lock to shallow
  rename /tmp/nimble_8662/githubcom_mjendruschmetric/.git/packed-refs.new to packed-refs
  delete /tmp/nimble_8662/githubcom_mjendruschmetric/.git/packed-refs.lock
  delete /tmp/nimble_8662/githubcom_mjendruschmetric/.git/refs/tags/v0.1.0.lock
  create directory /tmp/nimble_8662/githubcom_mjendruschmetric/.git/logs
  rename /tmp/nimble_8662/githubcom_mjendruschmetric/.git/HEAD.lock to HEAD
  create directory /tmp/nimble_8662/githubcom_mjendruschmetric/src
  create directory /tmp/nimble_8662/githubcom_mjendruschmetric/src/metric
  create directory /tmp/nimble_8662/githubcom_mjendruschmetric/tests
  rename /tmp/nimble_8662/githubcom_mjendruschmetric/.git/index.lock to index
  create directory /tmp
  create directory /tmp/nimblecache
  create directory /tmp/nimblecache/metric_4285193043
  delete /tmp/nimblecache/metric_4285193043/metric.ini
  delete /tmp/nimble_8662.out
  delete /tmp/nimble_8662/githubcom_mjendruschmetric/metric_8662.nims
  create directory /home
  create directory /home/runner
  create directory /home/runner/.nimble
  create directory /home/runner/.nimble/pkgs
  create directory /home/runner/.nimble/pkgs/metric-0.1.0
  create directory /home
  create directory /home/runner
  create directory /home/runner/.nimble
  create directory /home/runner/.nimble/pkgs
  create directory /home/runner/.nimble/pkgs/metric-0.1.0
  change permissions of /home/runner/.nimble/pkgs/metric-0.1.0/metric.nim to rw-r--r--
  create directory /home
  create directory /home/runner
  create directory /home/runner/.nimble
  create directory /home/runner/.nimble/pkgs
  create directory /home/runner/.nimble/pkgs/metric-0.1.0
  create directory /home/runner/.nimble/pkgs/metric-0.1.0/metric
  change permissions of /home/runner/.nimble/pkgs/metric-0.1.0/metric/dimension.nim to rw-r--r--
  create directory /home
  create directory /home/runner
  create directory /home/runner/.nimble
  create directory /home/runner/.nimble/pkgs
  create directory /home/runner/.nimble/pkgs/metric-0.1.0
  create directory /home/runner/.nimble/pkgs/metric-0.1.0/metric
  change permissions of /home/runner/.nimble/pkgs/metric-0.1.0/metric/constants.nim to rw-r--r--
  create directory /home
  create directory /home/runner
  create directory /home/runner/.nimble
  create directory /home/runner/.nimble/pkgs
  create directory /home/runner/.nimble/pkgs/metric-0.1.0
  create directory /home/runner/.nimble/pkgs/metric-0.1.0/metric
  change permissions of /home/runner/.nimble/pkgs/metric-0.1.0/metric/siunits.nim to rw-r--r--
  create directory /home
  create directory /home/runner
  create directory /home/runner/.nimble
  create directory /home/runner/.nimble/pkgs
  create directory /home/runner/.nimble/pkgs/metric-0.1.0
  create directory /home/runner/.nimble/pkgs/metric-0.1.0/metric
  change permissions of /home/runner/.nimble/pkgs/metric-0.1.0/metric/unit.nim to rw-r--r--
  create directory /home
  create directory /home/runner
  create directory /home/runner/.nimble
  create directory /home/runner/.nimble/pkgs
  create directory /home/runner/.nimble/pkgs/metric-0.1.0
  create directory /home/runner/.nimble/pkgs/metric-0.1.0/metric
  change permissions of /home/runner/.nimble/pkgs/metric-0.1.0/metric/stddim.nim to rw-r--r--
  create directory /home
  create directory /home/runner
  create directory /home/runner/.nimble
  create directory /home/runner/.nimble/pkgs
  create directory /home/runner/.nimble/pkgs/metric-0.1.0
  create directory /home/runner/.nimble/pkgs/metric-0.1.0/metric
  change permissions of /home/runner/.nimble/pkgs/metric-0.1.0/metric/natural.nim to rw-r--r--
  change permissions of /home/runner/.nimble/pkgs/metric-0.1.0/metric.nimble to rw-r--r--
  create directory /tmp
  create directory /tmp/nimblecache
  create directory /tmp/nimblecache/metric_990112824
  delete /tmp/nimblecache/metric_990112824/metric.ini
  delete /tmp/nimble_8662.out
  delete /home/runner/.nimble/pkgs/metric-0.1.0/metric_8662.nims
  delete /tmp/nimble_8662/githubcom_mjendruschmetric/README.md
  delete /tmp/nimble_8662/githubcom_mjendruschmetric/.git/refs/tags
  delete /tmp/nimble_8662/githubcom_mjendruschmetric/.git/refs/heads
  delete /tmp/nimble_8662/githubcom_mjendruschmetric/.git/refs
  delete /tmp/nimble_8662/githubcom_mjendruschmetric/.git/info/exclude
  delete /tmp/nimble_8662/githubcom_mjendruschmetric/.git/info
  delete /tmp/nimble_8662/githubcom_mjendruschmetric/.git/branches
  delete /tmp/nimble_8662/githubcom_mjendruschmetric/.git/logs/HEAD
  delete /tmp/nimble_8662/githubcom_mjendruschmetric/.git/logs
  delete /tmp/nimble_8662/githubcom_mjendruschmetric/.git/description
  delete /tmp/nimble_8662/githubcom_mjendruschmetric/.git/hooks/pre-rebase.sample
  delete /tmp/nimble_8662/githubcom_mjendruschmetric/.git/hooks/applypatch-msg.sample
  delete /tmp/nimble_8662/githubcom_mjendruschmetric/.git/hooks/pre-push.sample
  delete /tmp/nimble_8662/githubcom_mjendruschmetric/.git/hooks/pre-merge-commit.sample
  delete /tmp/nimble_8662/githubcom_mjendruschmetric/.git/hooks/pre-receive.sample
  delete /tmp/nimble_8662/githubcom_mjendruschmetric/.git/hooks/update.sample
  delete /tmp/nimble_8662/githubcom_mjendruschmetric/.git/hooks/pre-commit.sample
  delete /tmp/nimble_8662/githubcom_mjendruschmetric/.git/hooks/pre-applypatch.sample
  delete /tmp/nimble_8662/githubcom_mjendruschmetric/.git/hooks/commit-msg.sample
  delete /tmp/nimble_8662/githubcom_mjendruschmetric/.git/hooks/fsmonitor-watchman.sample
  delete /tmp/nimble_8662/githubcom_mjendruschmetric/.git/hooks/prepare-commit-msg.sample
  delete /tmp/nimble_8662/githubcom_mjendruschmetric/.git/hooks/post-update.sample
  delete /tmp/nimble_8662/githubcom_mjendruschmetric/.git/hooks
  delete /tmp/nimble_8662/githubcom_mjendruschmetric/.git/shallow
  delete /tmp/nimble_8662/githubcom_mjendruschmetric/.git/config
  delete /tmp/nimble_8662/githubcom_mjendruschmetric/.git/index
  delete /tmp/nimble_8662/githubcom_mjendruschmetric/.git/objects/info
  delete /tmp/nimble_8662/githubcom_mjendruschmetric/.git/objects/c7/f0898c24f95844e56604d53e3264942a8c062d
  delete /tmp/nimble_8662/githubcom_mjendruschmetric/.git/objects/c7
  delete /tmp/nimble_8662/githubcom_mjendruschmetric/.git/objects/05/65dfe894ef7cd3e4f4bbfc0f17a6697246bdfe
  delete /tmp/nimble_8662/githubcom_mjendruschmetric/.git/objects/05
  delete /tmp/nimble_8662/githubcom_mjendruschmetric/.git/objects/62/d1c5654bd05d52dadea49a327ea989a8ef2449
  delete /tmp/nimble_8662/githubcom_mjendruschmetric/.git/objects/62
  delete /tmp/nimble_8662/githubcom_mjendruschmetric/.git/objects/a0/044de4b73ed20e3f2e47c95f5b864ac4fd7720
  delete /tmp/nimble_8662/githubcom_mjendruschmetric/.git/objects/a0
  delete /tmp/nimble_8662/githubcom_mjendruschmetric/.git/objects/69/692537fa1ca6b0ea5bcb5f70b83453808a4fbc
  delete /tmp/nimble_8662/githubcom_mjendruschmetric/.git/objects/69
  delete /tmp/nimble_8662/githubcom_mjendruschmetric/.git/objects/07/f193666c9eaa10a5401bf38efb82f688636d97
  delete /tmp/nimble_8662/githubcom_mjendruschmetric/.git/objects/07
  delete /tmp/nimble_8662/githubcom_mjendruschmetric/.git/objects/e1/280605dd926aab80be531f429c1c7eae14d841
  delete /tmp/nimble_8662/githubcom_mjendruschmetric/.git/objects/e1
  delete /tmp/nimble_8662/githubcom_mjendruschmetric/.git/objects/fb/f2b93c0c4af471e156de540195d36259ddc705
  delete /tmp/nimble_8662/githubcom_mjendruschmetric/.git/objects/fb
  delete /tmp/nimble_8662/githubcom_mjendruschmetric/.git/objects/ed/fd5a86f497cc05a8cede77c3c410c8c3d92c36
  delete /tmp/nimble_8662/githubcom_mjendruschmetric/.git/objects/ed
  delete /tmp/nimble_8662/githubcom_mjendruschmetric/.git/objects/86/407dd30d4a7cf276aa7b0611f58314c930eeed
  delete /tmp/nimble_8662/githubcom_mjendruschmetric/.git/objects/86
  delete /tmp/nimble_8662/githubcom_mjendruschmetric/.git/objects/e8/e592ff1b2362ac91aced63802af76775c4ce2c
  delete /tmp/nimble_8662/githubcom_mjendruschmetric/.git/objects/e8
  delete /tmp/nimble_8662/githubcom_mjendruschmetric/.git/objects/1f/12f5888fc5ee54dada01762f4ab4c339308ce5
  delete /tmp/nimble_8662/githubcom_mjendruschmetric/.git/objects/1f
  delete /tmp/nimble_8662/githubcom_mjendruschmetric/.git/objects/b2/f51d1167e0845e734058dd71e89231fcd72e01
  delete /tmp/nimble_8662/githubcom_mjendruschmetric/.git/objects/b2
  delete /tmp/nimble_8662/githubcom_mjendruschmetric/.git/objects/b8/8618c3a53daab3bec7a996f8b979c49e88d9e9
  delete /tmp/nimble_8662/githubcom_mjendruschmetric/.git/objects/b8
  delete /tmp/nimble_8662/githubcom_mjendruschmetric/.git/objects/e4/042697729fe5b9968779a8e68f8d99d96ce868
  delete /tmp/nimble_8662/githubcom_mjendruschmetric/.git/objects/e4
  delete /tmp/nimble_8662/githubcom_mjendruschmetric/.git/objects/74/f636516c0668e024169070f499ea62d0e98cef
  delete /tmp/nimble_8662/githubcom_mjendruschmetric/.git/objects/74
  delete /tmp/nimble_8662/githubcom_mjendruschmetric/.git/objects/pack
  delete /tmp/nimble_8662/githubcom_mjendruschmetric/.git/objects/f4/7d9236dd144b5aa9f6493e064b3474326c1628
  delete /tmp/nimble_8662/githubcom_mjendruschmetric/.git/objects/f4
  delete /tmp/nimble_8662/githubcom_mjendruschmetric/.git/objects
  delete /tmp/nimble_8662/githubcom_mjendruschmetric/.git/packed-refs
  delete /tmp/nimble_8662/githubcom_mjendruschmetric/.git/HEAD
  delete /tmp/nimble_8662/githubcom_mjendruschmetric/.git
  delete /tmp/nimble_8662/githubcom_mjendruschmetric/src/metric.nim
  delete /tmp/nimble_8662/githubcom_mjendruschmetric/src/metric/dimension.nim
  delete /tmp/nimble_8662/githubcom_mjendruschmetric/src/metric/constants.nim
  delete /tmp/nimble_8662/githubcom_mjendruschmetric/src/metric/siunits.nim
  delete /tmp/nimble_8662/githubcom_mjendruschmetric/src/metric/unit.nim
  delete /tmp/nimble_8662/githubcom_mjendruschmetric/src/metric/stddim.nim
  delete /tmp/nimble_8662/githubcom_mjendruschmetric/src/metric/natural.nim
  delete /tmp/nimble_8662/githubcom_mjendruschmetric/src/metric
  delete /tmp/nimble_8662/githubcom_mjendruschmetric/src
  delete /tmp/nimble_8662/githubcom_mjendruschmetric/tests/tall.nim
  delete /tmp/nimble_8662/githubcom_mjendruschmetric/tests
  delete /tmp/nimble_8662/githubcom_mjendruschmetric/.gitignore
  delete /tmp/nimble_8662/githubcom_mjendruschmetric/metric.nimble
  delete /tmp/nimble_8662/githubcom_mjendruschmetric/LICENSE
  delete /tmp/nimble_8662/githubcom_mjendruschmetric
  delete /tmp/nimble_8662
