     Info:  Nimble data file "/home/runner/.nimble/nimbledata2.json" has been loaded.
    Reading official package list
Downloading https://github.com/ire4ever1190/mike using git
    Cloning latest tagged version: 1.3.0
open('/workspace/destdir/ssl/openssl.cnf', 32768, 0x00000000000001b6)
open('/home/runner/.config/nimble/nimble.ini', 557056, 0x00000000000001b6)
open('/home/runner/.config/babel/babel.ini', 557056, 0x00000000000001b6)
open('/home/runner/.nimble/nimbledata2.json', 557056, 0x00000000000001b6)
writev(1, 0x00007ffe5119b020, 2)
writev(1, 0x00007ffe5119a900, 2)
open('/home/runner/.nimble/packages_official.json', 557056, 0x00000000000001b6)
mkdir('/tmp/', 0x00000000000001ff)
mkdir('/tmp/nimble_3155/', 0x00000000000001ff)
mkdir('/tmp/nimble_3155/githubcom_ire4ever1190mike', 0x00000000000001ff)
writev(1, 0x00007ffe5119a8d0, 2)
open('/tmp/nimble_3155/githubcom_ire4ever1190mike', 622592, 0x0000000000000000)
rmdir('/tmp/nimble_3155/githubcom_ire4ever1190mike')
writev(1, 0x00007ffe5119a840, 2)
mkdir(94773097247184, 0x00000000000001ff)
Error tracing process: readBytes(0x0000563214cbb1d0, 256) error: [Errno 5] Input/output error.
