     Info:  Nimble data file "/home/runner/.nimble/nimbledata2.json" has been loaded.
    Reading official package list
Downloading https://github.com/planetis-m/mimalloc_nim using git
    Cloning latest tagged version: v0.3.2
open('/workspace/destdir/ssl/openssl.cnf', 32768, 0x00000000000001b6)
open('/home/runner/.config/nimble/nimble.ini', 557056, 0x00000000000001b6)
open('/home/runner/.config/babel/babel.ini', 557056, 0x00000000000001b6)
open('/home/runner/.nimble/nimbledata2.json', 557056, 0x00000000000001b6)
writev(1, 0x00007ffdc8b188d0, 2)
open('/home/runner/work/nim_packages_security_audit/nim_packages_security_audit', 622592, 0x0000000000000000)
writev(1, 0x00007ffdc8b17500, 2)
open('/home/runner/.nimble/packages_official.json', 557056, 0x00000000000001b6)
mkdir('/tmp/', 0x00000000000001ff)
mkdir('/tmp/nimble_3022/', 0x00000000000001ff)
mkdir('/tmp/nimble_3022/githubcom_planetismmimallocnim', 0x00000000000001ff)
open('/tmp/nimble_3022/githubcom_planetismmimallocnim', 622592, 0x0000000000000000)
writev(1, 0x00007ffdc8b175c0, 2)
open('/tmp/nimble_3022/githubcom_planetismmimallocnim', 622592, 0x0000000000000000)
rmdir('/tmp/nimble_3022/githubcom_planetismmimallocnim')
writev(1, 0x00007ffdc8b174b0, 2)
mkdir(94104344365088, 0x00000000000001ff)
Error tracing process: readBytes(0x0000559660048820, 256) error: [Errno 5] Input/output error.
