      Info: Package cache path /home/runner/.nimble/pkgcache
     Info:  Nimble data file "/home/runner/.nimble/nimbledata2.json" has been loaded.
    Reading official package list
Downloading https://github.com/h3rald/min using git
    Cloning latest tagged version: v0.46.0
open('/workspace/destdir/ssl/openssl.cnf', 32768, 0x00000000000001b6)
open('/home/runner/.config/nimble/nimble.ini', 557056, 0x00000000000001b6)
open('/home/runner/.config/babel/babel.ini', 557056, 0x00000000000001b6)
writev(1, 0x00007ffe59eb5450, 2)
open('/home/runner/.nimble/nimbledata2.json', 557056, 0x00000000000001b6)
writev(1, 0x00007ffe59eb5520, 2)
writev(1, 0x00007ffe00500680, 2)
writev(1, 0x00007ffe00500710, 2)
writev(1, 0x00007ffe00500710, 2)
writev(1, 0x00007ffe00500710, 2)
writev(1, 0x00007ffe59eb3f00, 2)
open('/home/runner/.nimble/packages_official.json', 557056, 0x00000000000001b6)
mkdir('/home/', 0x00000000000001ff)
mkdir('/home/runner/', 0x00000000000001ff)
mkdir('/home/runner/.nimble/', 0x00000000000001ff)
mkdir('/home/runner/.nimble/pkgcache/', 0x00000000000001ff)
mkdir('/home/runner/.nimble/pkgcache/githubcom_h3raldmin', 0x00000000000001ff)
open('/home/runner/.nimble/pkgcache/githubcom_h3raldmin', 622592, 0x0000000000000000)
writev(1, 0x00007ffe59eb3fe0, 2)
open('/home/runner/.nimble/pkgcache/githubcom_h3raldmin', 622592, 0x0000000000000000)
rmdir('/home/runner/.nimble/pkgcache/githubcom_h3raldmin')
writev(1, 0x00007ffe59eb3ed0, 2)
mkdir(93935973042880, 0x00000000000001ff)
Error tracing process: readBytes(0x0000556f2c4e0ac0, 256) error: [Errno 5] Input/output error.
