     Info:  Nimble data file "/home/runner/.nimble/nimbledata2.json" has been loaded.
    Reading official package list
Downloading https://github.com/GabrielLasso/minecraft_server_status using git
    Cloning latest tagged version: 0.1.1
open('/workspace/destdir/ssl/openssl.cnf', 32768, 0x00000000000001b6)
open('/home/runner/.config/nimble/nimble.ini', 557056, 0x00000000000001b6)
open('/home/runner/.config/babel/babel.ini', 557056, 0x00000000000001b6)
open('/home/runner/.nimble/nimbledata2.json', 557056, 0x00000000000001b6)
writev(1, 0x00007fff03cbb210, 2)
open('/home/runner/work/nim_packages_security_audit/nim_packages_security_audit', 622592, 0x0000000000000000)
writev(1, 0x00007fff03cb9e40, 2)
open('/home/runner/.nimble/packages_official.json', 557056, 0x00000000000001b6)
mkdir('/tmp/', 0x00000000000001ff)
mkdir('/tmp/nimble_3415/', 0x00000000000001ff)
mkdir('/tmp/nimble_3415/githubcom_GabrielLassominecraftserverstatus', 0x00000000000001ff)
open('/tmp/nimble_3415/githubcom_GabrielLassominecraftserverstatus', 622592, 0x0000000000000000)
writev(1, 0x00007fff03cb9f00, 2)
open('/tmp/nimble_3415/githubcom_GabrielLassominecraftserverstatus', 622592, 0x0000000000000000)
rmdir('/tmp/nimble_3415/githubcom_GabrielLassominecraftserverstatus')
writev(1, 0x00007fff03cb9df0, 2)
mkdir(94832848144336, 0x00000000000001ff)
Error tracing process: readBytes(0x0000563ffe3a07d0, 256) error: [Errno 5] Input/output error.
