      Info: Package cache path /home/runner/.nimble/pkgcache
     Info:  Nimble data file "/home/runner/.nimble/nimbledata2.json" has been loaded.
    Reading official package list
Downloading https://github.com/bung87/minhash using git
   Warning: The package has no tagged releases, downloading HEAD instead.
open('/workspace/destdir/ssl/openssl.cnf', 32768, 0x00000000000001b6)
open('/home/runner/.config/nimble/nimble.ini', 557056, 0x00000000000001b6)
open('/home/runner/.config/babel/babel.ini', 557056, 0x00000000000001b6)
writev(1, 0x00007ffcf2e123b0, 2)
open('/home/runner/.nimble/nimbledata2.json', 557056, 0x00000000000001b6)
writev(1, 0x00007ffcf2e12480, 2)
writev(1, 0x00007ffd4423b140, 2)
writev(1, 0x00007ffd4423b1d0, 2)
writev(1, 0x00007ffd4423b1d0, 2)
writev(1, 0x00007ffd4423b1d0, 2)
writev(1, 0x00007ffcf2e10fa0, 2)
open('/home/runner/.nimble/packages_official.json', 557056, 0x00000000000001b6)
mkdir('/home/', 0x00000000000001ff)
mkdir('/home/runner/', 0x00000000000001ff)
mkdir('/home/runner/.nimble/', 0x00000000000001ff)
mkdir('/home/runner/.nimble/pkgcache/', 0x00000000000001ff)
mkdir('/home/runner/.nimble/pkgcache/githubcom_bung87minhash', 0x00000000000001ff)
open('/home/runner/.nimble/pkgcache/githubcom_bung87minhash', 622592, 0x0000000000000000)
writev(1, 0x00007ffcf2e11090, 2)
open('/home/runner/.nimble/pkgcache/githubcom_bung87minhash', 622592, 0x0000000000000000)
rmdir('/home/runner/.nimble/pkgcache/githubcom_bung87minhash')
writev(1, 0x00007ffcf2e10f80, 2)
mkdir(94080474085712, 0x00000000000001ff)
Error tracing process: readBytes(0x00005590d13cf950, 256) error: [Errno 5] Input/output error.
