      Info: Package cache path /home/runner/.nimble/pkgcache
     Info:  Nimble data file "/home/runner/.nimble/nimbledata2.json" has been loaded.
    Reading official package list
Downloading https://github.com/fox0430/moe using git
    Cloning latest tagged version: v0.3.0
open('/workspace/destdir/ssl/openssl.cnf', 32768, 0x00000000000001b6)
open('/home/runner/.config/nimble/nimble.ini', 557056, 0x00000000000001b6)
open('/home/runner/.config/babel/babel.ini', 557056, 0x00000000000001b6)
writev(1, 0x00007ffd099f39a0, 2)
open('/home/runner/.nimble/nimbledata2.json', 557056, 0x00000000000001b6)
writev(1, 0x00007ffd099f3a70, 2)
writev(1, 0x00007ffc93b67d70, 2)
writev(1, 0x00007ffc93b67e00, 2)
writev(1, 0x00007ffc93b67e00, 2)
writev(1, 0x00007ffc93b67e00, 2)
writev(1, 0x00007ffd099f2450, 2)
open('/home/runner/.nimble/packages_official.json', 557056, 0x00000000000001b6)
mkdir('/home/', 0x00000000000001ff)
mkdir('/home/runner/', 0x00000000000001ff)
mkdir('/home/runner/.nimble/', 0x00000000000001ff)
mkdir('/home/runner/.nimble/pkgcache/', 0x00000000000001ff)
mkdir('/home/runner/.nimble/pkgcache/githubcom_fox0430moe', 0x00000000000001ff)
open('/home/runner/.nimble/pkgcache/githubcom_fox0430moe', 622592, 0x0000000000000000)
writev(1, 0x00007ffd099f2530, 2)
open('/home/runner/.nimble/pkgcache/githubcom_fox0430moe', 622592, 0x0000000000000000)
rmdir('/home/runner/.nimble/pkgcache/githubcom_fox0430moe')
writev(1, 0x00007ffd099f2420, 2)
mkdir(93927904115392, 0x00000000000001ff)
Error tracing process: readBytes(0x0000556d4b5bfac0, 256) error: [Errno 5] Input/output error.
