    Reading official package list
   Warning: The monad package has been renamed to maybe
    Reading official package list
Downloading https://github.com/superfunc/maybe using git
    Cloning latest tagged version: 2.2
mkdir('/tmp', 0x00000000000001ff)
mkdir('/tmp/nimble_3671', 0x00000000000001ff)
mkdir('/tmp/nimble_3671/githubcom_superfuncmaybe', 0x00000000000001ff)
rmdir('/tmp/nimble_3671/githubcom_superfuncmaybe')
mkdir('/tmp/nimble_3671/githubcom_superfuncmaybe', 0x00000000000001ff)
mkdir('/tmp/nimble_3671/githubcom_superfuncmaybe/.git', 0x00000000000001ff)
mkdir('/tmp/nimble_3671/githubcom_superfuncmaybe/.git/', 0x00000000000001ff)
mkdir('/tmp/nimble_3671/githubcom_superfuncmaybe/.git/branches/', 0x00000000000001ff)
mkdir('/tmp/nimble_3671/githubcom_superfuncmaybe/.git/hooks/', 0x00000000000001ff)
mkdir('/tmp/nimble_3671/githubcom_superfuncmaybe/.git/info/', 0x00000000000001ff)
mkdir('/tmp/nimble_3671/githubcom_superfuncmaybe/.git/refs', 0x00000000000001ff)
mkdir('/tmp/nimble_3671/githubcom_superfuncmaybe/.git/refs/heads', 0x00000000000001ff)
mkdir('/tmp/nimble_3671/githubcom_superfuncmaybe/.git/refs/tags', 0x00000000000001ff)
rename('/tmp/nimble_3671/githubcom_superfuncmaybe/.git/HEAD.lock', '/tmp/nimble_3671/githubcom_superfuncmaybe/.git/HEAD')
rename('/tmp/nimble_3671/githubcom_superfuncmaybe/.git/config.lock', '/tmp/nimble_3671/githubcom_superfuncmaybe/.git/config')
chmod('/tmp/nimble_3671/githubcom_superfuncmaybe/.git/config', 0x00000000000081e4)
chmod('/tmp/nimble_3671/githubcom_superfuncmaybe/.git/config', 0x00000000000081a4)
chmod('/tmp/nimble_3671/githubcom_superfuncmaybe/.git/config.lock', 0x00000000000001a4)
rename('/tmp/nimble_3671/githubcom_superfuncmaybe/.git/config.lock', '/tmp/nimble_3671/githubcom_superfuncmaybe/.git/config')
chmod('/tmp/nimble_3671/githubcom_superfuncmaybe/.git/config.lock', 0x00000000000001a4)
rename('/tmp/nimble_3671/githubcom_superfuncmaybe/.git/config.lock', '/tmp/nimble_3671/githubcom_superfuncmaybe/.git/config')
chmod('/tmp/nimble_3671/githubcom_superfuncmaybe/.git/config.lock', 0x00000000000001a4)
rename('/tmp/nimble_3671/githubcom_superfuncmaybe/.git/config.lock', '/tmp/nimble_3671/githubcom_superfuncmaybe/.git/config')
unlink('/tmp/nimble_3671/githubcom_superfuncmaybe/.git/tQQXxBF')
symlink('testing', '/tmp/nimble_3671/githubcom_superfuncmaybe/.git/tQQXxBF')
unlink('/tmp/nimble_3671/githubcom_superfuncmaybe/.git/tQQXxBF')
mkdir('/tmp/nimble_3671/githubcom_superfuncmaybe/.git/objects', 0x00000000000001ff)
mkdir('/tmp/nimble_3671/githubcom_superfuncmaybe/.git/objects/pack', 0x00000000000001ff)
mkdir('/tmp/nimble_3671/githubcom_superfuncmaybe/.git/objects/info', 0x00000000000001ff)
chmod('/tmp/nimble_3671/githubcom_superfuncmaybe/.git/config.lock', 0x00000000000001a4)
rename('/tmp/nimble_3671/githubcom_superfuncmaybe/.git/config.lock', '/tmp/nimble_3671/githubcom_superfuncmaybe/.git/config')
chmod('/tmp/nimble_3671/githubcom_superfuncmaybe/.git/config.lock', 0x00000000000001a4)
rename('/tmp/nimble_3671/githubcom_superfuncmaybe/.git/config.lock', '/tmp/nimble_3671/githubcom_superfuncmaybe/.git/config')
chmod('/tmp/nimble_3671/githubcom_superfuncmaybe/.git/config.lock', 0x00000000000001a4)
rename('/tmp/nimble_3671/githubcom_superfuncmaybe/.git/config.lock', '/tmp/nimble_3671/githubcom_superfuncmaybe/.git/config')
chmod('/tmp/nimble_3671/githubcom_superfuncmaybe/.git/config.lock', 0x00000000000001a4)
rename('/tmp/nimble_3671/githubcom_superfuncmaybe/.git/config.lock', '/tmp/nimble_3671/githubcom_superfuncmaybe/.git/config')
mkdir('/tmp/nimble_3671/githubcom_superfuncmaybe/.git/objects/08', 0x00000000000001ff)
link('/tmp/nimble_3671/githubcom_superfuncmaybe/.git/objects/08/tmp_obj_enmjac', '/tmp/nimble_3671/githubcom_superfuncmaybe/.git/objects/08/0eab78e7d4b6ab0330051f78b5fdea5ab1adba')
unlink('/tmp/nimble_3671/githubcom_superfuncmaybe/.git/objects/08/tmp_obj_enmjac')
mkdir('/tmp/nimble_3671/githubcom_superfuncmaybe/.git/objects/b6', 0x00000000000001ff)
link('/tmp/nimble_3671/githubcom_superfuncmaybe/.git/objects/b6/tmp_obj_kCOKae', '/tmp/nimble_3671/githubcom_superfuncmaybe/.git/objects/b6/129f6fd82d2433f79155c23c45e2323313ed19')
unlink('/tmp/nimble_3671/githubcom_superfuncmaybe/.git/objects/b6/tmp_obj_kCOKae')
mkdir('/tmp/nimble_3671/githubcom_superfuncmaybe/.git/objects/0a', 0x00000000000001ff)
link('/tmp/nimble_3671/githubcom_superfuncmaybe/.git/objects/0a/tmp_obj_EWZjNh', '/tmp/nimble_3671/githubcom_superfuncmaybe/.git/objects/0a/bba56cd2268258897fef6ace44f6f0d58dfbed')
unlink('/tmp/nimble_3671/githubcom_superfuncmaybe/.git/objects/0a/tmp_obj_EWZjNh')
mkdir('/tmp/nimble_3671/githubcom_superfuncmaybe/.git/objects/94', 0x00000000000001ff)
link('/tmp/nimble_3671/githubcom_superfuncmaybe/.git/objects/94/tmp_obj_DgeGzb', '/tmp/nimble_3671/githubcom_superfuncmaybe/.git/objects/94/5a4cb551e3f97d45f6714eedab576931148328')
unlink('/tmp/nimble_3671/githubcom_superfuncmaybe/.git/objects/94/tmp_obj_DgeGzb')
mkdir('/tmp/nimble_3671/githubcom_superfuncmaybe/.git/objects/11', 0x00000000000001ff)
link('/tmp/nimble_3671/githubcom_superfuncmaybe/.git/objects/11/tmp_obj_NHhOLc', '/tmp/nimble_3671/githubcom_superfuncmaybe/.git/objects/11/f7fc2ce6448ffae91934d3be93c3d1347c9017')
unlink('/tmp/nimble_3671/githubcom_superfuncmaybe/.git/objects/11/tmp_obj_NHhOLc')
mkdir('/tmp/nimble_3671/githubcom_superfuncmaybe/.git/objects/a1', 0x00000000000001ff)
link('/tmp/nimble_3671/githubcom_superfuncmaybe/.git/objects/a1/tmp_obj_BJdOLf', '/tmp/nimble_3671/githubcom_superfuncmaybe/.git/objects/a1/c658b82461cd427373872d12cdffdd571e3b7f')
unlink('/tmp/nimble_3671/githubcom_superfuncmaybe/.git/objects/a1/tmp_obj_BJdOLf')
mkdir('/tmp/nimble_3671/githubcom_superfuncmaybe/.git/objects/34', 0x00000000000001ff)
link('/tmp/nimble_3671/githubcom_superfuncmaybe/.git/objects/34/tmp_obj_vCxtRk', '/tmp/nimble_3671/githubcom_superfuncmaybe/.git/objects/34/60477f8638cd358ce5815416ba3d86d780d73d')
unlink('/tmp/nimble_3671/githubcom_superfuncmaybe/.git/objects/34/tmp_obj_vCxtRk')
mkdir('/tmp/nimble_3671/githubcom_superfuncmaybe/.git/objects/d4', 0x00000000000001ff)
link('/tmp/nimble_3671/githubcom_superfuncmaybe/.git/objects/d4/tmp_obj_3Zayao', '/tmp/nimble_3671/githubcom_superfuncmaybe/.git/objects/d4/a78aec885554dd725d9dcd0655a63bfb2a60ac')
unlink('/tmp/nimble_3671/githubcom_superfuncmaybe/.git/objects/d4/tmp_obj_3Zayao')
mkdir('/tmp/nimble_3671/githubcom_superfuncmaybe/.git/objects/6b', 0x00000000000001ff)
link('/tmp/nimble_3671/githubcom_superfuncmaybe/.git/objects/6b/tmp_obj_dHCSop', '/tmp/nimble_3671/githubcom_superfuncmaybe/.git/objects/6b/01acfea5d01b7143e25f85eeaded6ab937547f')
unlink('/tmp/nimble_3671/githubcom_superfuncmaybe/.git/objects/6b/tmp_obj_dHCSop')
mkdir('/tmp/nimble_3671/githubcom_superfuncmaybe/.git/objects/50', 0x00000000000001ff)
link('/tmp/nimble_3671/githubcom_superfuncmaybe/.git/objects/50/tmp_obj_9Y4FTq', '/tmp/nimble_3671/githubcom_superfuncmaybe/.git/objects/50/834056930af7982ffc2e7977867c848f79dfae')
unlink('/tmp/nimble_3671/githubcom_superfuncmaybe/.git/objects/50/tmp_obj_9Y4FTq')
mkdir('/tmp/nimble_3671/githubcom_superfuncmaybe/.git/objects/cd', 0x00000000000001ff)
link('/tmp/nimble_3671/githubcom_superfuncmaybe/.git/objects/cd/tmp_obj_Zhpwgw', '/tmp/nimble_3671/githubcom_superfuncmaybe/.git/objects/cd/29064960a2587edc47300490ca302ac9d0ef18')
unlink('/tmp/nimble_3671/githubcom_superfuncmaybe/.git/objects/cd/tmp_obj_Zhpwgw')
mkdir('/tmp/nimble_3671/githubcom_superfuncmaybe/.git/objects/ab', 0x00000000000001ff)
link('/tmp/nimble_3671/githubcom_superfuncmaybe/.git/objects/ab/tmp_obj_1Q8OYz', '/tmp/nimble_3671/githubcom_superfuncmaybe/.git/objects/ab/561898ebf816718e30915915da7ee0f8f3d914')
unlink('/tmp/nimble_3671/githubcom_superfuncmaybe/.git/objects/ab/tmp_obj_1Q8OYz')
mkdir('/tmp/nimble_3671/githubcom_superfuncmaybe/.git/objects/9c', 0x00000000000001ff)
link('/tmp/nimble_3671/githubcom_superfuncmaybe/.git/objects/9c/tmp_obj_14z95E', '/tmp/nimble_3671/githubcom_superfuncmaybe/.git/objects/9c/04c887be74616a79b8c895e01b14c0123b43fd')
unlink('/tmp/nimble_3671/githubcom_superfuncmaybe/.git/objects/9c/tmp_obj_14z95E')
mkdir('/tmp/nimble_3671/githubcom_superfuncmaybe/.git/objects/90', 0x00000000000001ff)
link('/tmp/nimble_3671/githubcom_superfuncmaybe/.git/objects/90/tmp_obj_jUT8BL', '/tmp/nimble_3671/githubcom_superfuncmaybe/.git/objects/90/fa4784320b11143b6de6c77b7bc87d491eb8e1')
unlink('/tmp/nimble_3671/githubcom_superfuncmaybe/.git/objects/90/tmp_obj_jUT8BL')       Info /tmp/nimble_3671/githubcom_superfuncmaybe/maybe_3671.nims(5, 22) Warning: imported and not used: 'strutils' [UnusedImport]
   Warning: Package 'maybe' has an incorrect structure. It should contain a single directory hierarchy for source files, named 'maybe', but file 'basic.nim' is in a directory named 'tests' instead. This will be an error in the future.
      Hint: If 'tests' contains source files for building 'maybe', rename it to 'maybe'. Otherwise, prevent its installation by adding `skipDirs = @["tests"]` to the .nimble file.
  Verifying dependencies for maybe@2.2
 Installing maybe@2.2
    Copying file /tmp/nimble_3671/githubcom_superfuncmaybe/src/maybe/maybe.nim to /home/runner/.nimble/pkgs/maybe-2.2/maybe/maybe.nim
    Copying file /tmp/nimble_3671/githubcom_superfuncmaybe/src/tests/basic.nim to /home/runner/.nimble/pkgs/maybe-2.2/tests/basic.nim
    Copying file /tmp/nimble_3671/githubcom_superfuncmaybe/maybe.nimble to /home/runner/.nimble/pkgs/maybe-2.2/maybe.nimble
   Success: maybe installed successfully.
       Info /home/runner/.nimble/pkgs/maybe-2.2/maybe_3671.nims(5, 22) Warning: imported and not used: 'strutils' [UnusedImport]

mkdir('/tmp/nimble_3671/githubcom_superfuncmaybe/.git/objects/35', 0x00000000000001ff)
link('/tmp/nimble_3671/githubcom_superfuncmaybe/.git/objects/35/tmp_obj_FjpZeP', '/tmp/nimble_3671/githubcom_superfuncmaybe/.git/objects/35/64eecdf6c736e3d8071104ac961e7c509feeb8')
unlink('/tmp/nimble_3671/githubcom_superfuncmaybe/.git/objects/35/tmp_obj_FjpZeP')
mkdir('/tmp/nimble_3671/githubcom_superfuncmaybe/.git/objects/d5', 0x00000000000001ff)
link('/tmp/nimble_3671/githubcom_superfuncmaybe/.git/objects/d5/tmp_obj_rG6P0T', '/tmp/nimble_3671/githubcom_superfuncmaybe/.git/objects/d5/f9f7670179f274884a49c53cd196a744c75443')
unlink('/tmp/nimble_3671/githubcom_superfuncmaybe/.git/objects/d5/tmp_obj_rG6P0T')
mkdir('/tmp/nimble_3671/githubcom_superfuncmaybe/.git/objects/3e', 0x00000000000001ff)
link('/tmp/nimble_3671/githubcom_superfuncmaybe/.git/objects/3e/tmp_obj_XuCxPY', '/tmp/nimble_3671/githubcom_superfuncmaybe/.git/objects/3e/ba79377e1be2741ad1fffe3a62f85364e51372')
unlink('/tmp/nimble_3671/githubcom_superfuncmaybe/.git/objects/3e/tmp_obj_XuCxPY')
rename('/tmp/nimble_3671/githubcom_superfuncmaybe/.git/shallow.lock', '/tmp/nimble_3671/githubcom_superfuncmaybe/.git/shallow')
rename('/tmp/nimble_3671/githubcom_superfuncmaybe/.git/packed-refs.new', '/tmp/nimble_3671/githubcom_superfuncmaybe/.git/packed-refs')
unlink('/tmp/nimble_3671/githubcom_superfuncmaybe/.git/packed-refs.lock')
unlink('/tmp/nimble_3671/githubcom_superfuncmaybe/.git/refs/tags/2.2.lock')
mkdir('/tmp/nimble_3671/githubcom_superfuncmaybe/.git/logs', 0x00000000000001ff)
rename('/tmp/nimble_3671/githubcom_superfuncmaybe/.git/HEAD.lock', '/tmp/nimble_3671/githubcom_superfuncmaybe/.git/HEAD')
mkdir('docs', 0x00000000000001ff)
mkdir('src', 0x00000000000001ff)
mkdir('src/examples', 0x00000000000001ff)
mkdir('src/maybe', 0x00000000000001ff)
mkdir('src/tests', 0x00000000000001ff)
rename('/tmp/nimble_3671/githubcom_superfuncmaybe/.git/index.lock', '/tmp/nimble_3671/githubcom_superfuncmaybe/.git/index')
mkdir('/tmp', 0x00000000000001ff)
mkdir('/tmp/nimblecache', 0x00000000000001ff)
mkdir('/tmp/nimblecache/maybe_4033953470', 0x00000000000001ff)
unlink('/tmp/nimblecache/maybe_4033953470/maybe.ini')
unlink('/tmp/nimble_3671.out')
unlink('/tmp/nimble_3671/githubcom_superfuncmaybe/maybe_3671.nims')
mkdir('/home', 0x00000000000001ff)
mkdir('/home/runner', 0x00000000000001ff)
mkdir('/home/runner/.nimble', 0x00000000000001ff)
mkdir('/home/runner/.nimble/pkgs', 0x00000000000001ff)
mkdir('/home/runner/.nimble/pkgs/maybe-2.2', 0x00000000000001ff)
mkdir('/home', 0x00000000000001ff)
mkdir('/home/runner', 0x00000000000001ff)
mkdir('/home/runner/.nimble', 0x00000000000001ff)
mkdir('/home/runner/.nimble/pkgs', 0x00000000000001ff)
mkdir('/home/runner/.nimble/pkgs/maybe-2.2', 0x00000000000001ff)
mkdir('/home/runner/.nimble/pkgs/maybe-2.2/maybe', 0x00000000000001ff)
chmod('/home/runner/.nimble/pkgs/maybe-2.2/maybe/maybe.nim', 0x00000000000001a4)
mkdir('/home', 0x00000000000001ff)
mkdir('/home/runner', 0x00000000000001ff)
mkdir('/home/runner/.nimble', 0x00000000000001ff)
mkdir('/home/runner/.nimble/pkgs', 0x00000000000001ff)
mkdir('/home/runner/.nimble/pkgs/maybe-2.2', 0x00000000000001ff)
mkdir('/home/runner/.nimble/pkgs/maybe-2.2/tests', 0x00000000000001ff)
chmod('/home/runner/.nimble/pkgs/maybe-2.2/tests/basic.nim', 0x00000000000001a4)
chmod('/home/runner/.nimble/pkgs/maybe-2.2/maybe.nimble', 0x00000000000001a4)
mkdir('/tmp', 0x00000000000001ff)
mkdir('/tmp/nimblecache', 0x00000000000001ff)
mkdir('/tmp/nimblecache/maybe_2904746020', 0x00000000000001ff)
unlink('/tmp/nimblecache/maybe_2904746020/maybe.ini')
unlink('/tmp/nimble_3671.out')
unlink('/home/runner/.nimble/pkgs/maybe-2.2/maybe_3671.nims')
unlink('/tmp/nimble_3671/githubcom_superfuncmaybe/readme.md')
unlink('/tmp/nimble_3671/githubcom_superfuncmaybe/buildverify.nim')
unlink('/tmp/nimble_3671/githubcom_superfuncmaybe/maybe.nimble')
unlink('/tmp/nimble_3671/githubcom_superfuncmaybe/src/maybe/maybe.nim')
rmdir('/tmp/nimble_3671/githubcom_superfuncmaybe/src/maybe')
unlink('/tmp/nimble_3671/githubcom_superfuncmaybe/src/examples/example.nim')
rmdir('/tmp/nimble_3671/githubcom_superfuncmaybe/src/examples')
unlink('/tmp/nimble_3671/githubcom_superfuncmaybe/src/tests/basic.nim')
rmdir('/tmp/nimble_3671/githubcom_superfuncmaybe/src/tests')
rmdir('/tmp/nimble_3671/githubcom_superfuncmaybe/src')
unlink('/tmp/nimble_3671/githubcom_superfuncmaybe/license.md')
unlink('/tmp/nimble_3671/githubcom_superfuncmaybe/.git/index')
unlink('/tmp/nimble_3671/githubcom_superfuncmaybe/.git/description')
unlink('/tmp/nimble_3671/githubcom_superfuncmaybe/.git/logs/HEAD')
rmdir('/tmp/nimble_3671/githubcom_superfuncmaybe/.git/logs')
rmdir('/tmp/nimble_3671/githubcom_superfuncmaybe/.git/branches')
unlink('/tmp/nimble_3671/githubcom_superfuncmaybe/.git/config')
rmdir('/tmp/nimble_3671/githubcom_superfuncmaybe/.git/objects/pack')
unlink('/tmp/nimble_3671/githubcom_superfuncmaybe/.git/objects/3e/ba79377e1be2741ad1fffe3a62f85364e51372')
rmdir('/tmp/nimble_3671/githubcom_superfuncmaybe/.git/objects/3e')
unlink('/tmp/nimble_3671/githubcom_superfuncmaybe/.git/objects/b6/129f6fd82d2433f79155c23c45e2323313ed19')
rmdir('/tmp/nimble_3671/githubcom_superfuncmaybe/.git/objects/b6')
unlink('/tmp/nimble_3671/githubcom_superfuncmaybe/.git/objects/d5/f9f7670179f274884a49c53cd196a744c75443')
rmdir('/tmp/nimble_3671/githubcom_superfuncmaybe/.git/objects/d5')
unlink('/tmp/nimble_3671/githubcom_superfuncmaybe/.git/objects/a1/c658b82461cd427373872d12cdffdd571e3b7f')
rmdir('/tmp/nimble_3671/githubcom_superfuncmaybe/.git/objects/a1')
unlink('/tmp/nimble_3671/githubcom_superfuncmaybe/.git/objects/9c/04c887be74616a79b8c895e01b14c0123b43fd')
rmdir('/tmp/nimble_3671/githubcom_superfuncmaybe/.git/objects/9c')
unlink('/tmp/nimble_3671/githubcom_superfuncmaybe/.git/objects/90/fa4784320b11143b6de6c77b7bc87d491eb8e1')
rmdir('/tmp/nimble_3671/githubcom_superfuncmaybe/.git/objects/90')
unlink('/tmp/nimble_3671/githubcom_superfuncmaybe/.git/objects/d4/a78aec885554dd725d9dcd0655a63bfb2a60ac')
rmdir('/tmp/nimble_3671/githubcom_superfuncmaybe/.git/objects/d4')
unlink('/tmp/nimble_3671/githubcom_superfuncmaybe/.git/objects/94/5a4cb551e3f97d45f6714eedab576931148328')
rmdir('/tmp/nimble_3671/githubcom_superfuncmaybe/.git/objects/94')
unlink('/tmp/nimble_3671/githubcom_superfuncmaybe/.git/objects/34/60477f8638cd358ce5815416ba3d86d780d73d')
rmdir('/tmp/nimble_3671/githubcom_superfuncmaybe/.git/objects/34')
unlink('/tmp/nimble_3671/githubcom_superfuncmaybe/.git/objects/11/f7fc2ce6448ffae91934d3be93c3d1347c9017')
rmdir('/tmp/nimble_3671/githubcom_superfuncmaybe/.git/objects/11')
unlink('/tmp/nimble_3671/githubcom_superfuncmaybe/.git/objects/6b/01acfea5d01b7143e25f85eeaded6ab937547f')
rmdir('/tmp/nimble_3671/githubcom_superfuncmaybe/.git/objects/6b')
unlink('/tmp/nimble_3671/githubcom_superfuncmaybe/.git/objects/50/834056930af7982ffc2e7977867c848f79dfae')
rmdir('/tmp/nimble_3671/githubcom_superfuncmaybe/.git/objects/50')
unlink('/tmp/nimble_3671/githubcom_superfuncmaybe/.git/objects/ab/561898ebf816718e30915915da7ee0f8f3d914')
rmdir('/tmp/nimble_3671/githubcom_superfuncmaybe/.git/objects/ab')
rmdir('/tmp/nimble_3671/githubcom_superfuncmaybe/.git/objects/info')
unlink('/tmp/nimble_3671/githubcom_superfuncmaybe/.git/objects/cd/29064960a2587edc47300490ca302ac9d0ef18')
rmdir('/tmp/nimble_3671/githubcom_superfuncmaybe/.git/objects/cd')
unlink('/tmp/nimble_3671/githubcom_superfuncmaybe/.git/objects/35/64eecdf6c736e3d8071104ac961e7c509feeb8')
rmdir('/tmp/nimble_3671/githubcom_superfuncmaybe/.git/objects/35')
unlink('/tmp/nimble_3671/githubcom_superfuncmaybe/.git/objects/08/0eab78e7d4b6ab0330051f78b5fdea5ab1adba')
rmdir('/tmp/nimble_3671/githubcom_superfuncmaybe/.git/objects/08')
unlink('/tmp/nimble_3671/githubcom_superfuncmaybe/.git/objects/0a/bba56cd2268258897fef6ace44f6f0d58dfbed')
rmdir('/tmp/nimble_3671/githubcom_superfuncmaybe/.git/objects/0a')
rmdir('/tmp/nimble_3671/githubcom_superfuncmaybe/.git/objects')
unlink('/tmp/nimble_3671/githubcom_superfuncmaybe/.git/shallow')
unlink('/tmp/nimble_3671/githubcom_superfuncmaybe/.git/hooks/update.sample')
unlink('/tmp/nimble_3671/githubcom_superfuncmaybe/.git/hooks/pre-merge-commit.sample')
unlink('/tmp/nimble_3671/githubcom_superfuncmaybe/.git/hooks/fsmonitor-watchman.sample')
unlink('/tmp/nimble_3671/githubcom_superfuncmaybe/.git/hooks/pre-commit.sample')
unlink('/tmp/nimble_3671/githubcom_superfuncmaybe/.git/hooks/pre-applypatch.sample')
unlink('/tmp/nimble_3671/githubcom_superfuncmaybe/.git/hooks/post-update.sample')
unlink('/tmp/nimble_3671/githubcom_superfuncmaybe/.git/hooks/applypatch-msg.sample')
unlink('/tmp/nimble_3671/githubcom_superfuncmaybe/.git/hooks/pre-receive.sample')
unlink('/tmp/nimble_3671/githubcom_superfuncmaybe/.git/hooks/pre-push.sample')
unlink('/tmp/nimble_3671/githubcom_superfuncmaybe/.git/hooks/pre-rebase.sample')
unlink('/tmp/nimble_3671/githubcom_superfuncmaybe/.git/hooks/prepare-commit-msg.sample')
unlink('/tmp/nimble_3671/githubcom_superfuncmaybe/.git/hooks/commit-msg.sample')
rmdir('/tmp/nimble_3671/githubcom_superfuncmaybe/.git/hooks')
rmdir('/tmp/nimble_3671/githubcom_superfuncmaybe/.git/refs/heads')
rmdir('/tmp/nimble_3671/githubcom_superfuncmaybe/.git/refs/tags')
rmdir('/tmp/nimble_3671/githubcom_superfuncmaybe/.git/refs')
unlink('/tmp/nimble_3671/githubcom_superfuncmaybe/.git/HEAD')
unlink('/tmp/nimble_3671/githubcom_superfuncmaybe/.git/info/exclude')
rmdir('/tmp/nimble_3671/githubcom_superfuncmaybe/.git/info')
unlink('/tmp/nimble_3671/githubcom_superfuncmaybe/.git/packed-refs')
rmdir('/tmp/nimble_3671/githubcom_superfuncmaybe/.git')
unlink('/tmp/nimble_3671/githubcom_superfuncmaybe/docs/index.html')
rmdir('/tmp/nimble_3671/githubcom_superfuncmaybe/docs')
unlink('/tmp/nimble_3671/githubcom_superfuncmaybe/.travis.yml')
unlink('/tmp/nimble_3671/githubcom_superfuncmaybe/.gitignore')
rmdir('/tmp/nimble_3671/githubcom_superfuncmaybe')
rmdir('/tmp/nimble_3671')
  create directory /tmp
  create directory /tmp/nimble_3671
  create directory /tmp/nimble_3671/githubcom_superfuncmaybe
  delete /tmp/nimble_3671/githubcom_superfuncmaybe
  create directory /tmp/nimble_3671/githubcom_superfuncmaybe
  create directory /tmp/nimble_3671/githubcom_superfuncmaybe/.git
  create directory /tmp/nimble_3671/githubcom_superfuncmaybe/.git
  create directory /tmp/nimble_3671/githubcom_superfuncmaybe/.git/branches
  create directory /tmp/nimble_3671/githubcom_superfuncmaybe/.git/hooks
  create directory /tmp/nimble_3671/githubcom_superfuncmaybe/.git/info
  create directory /tmp/nimble_3671/githubcom_superfuncmaybe/.git/refs
  create directory /tmp/nimble_3671/githubcom_superfuncmaybe/.git/refs/heads
  create directory /tmp/nimble_3671/githubcom_superfuncmaybe/.git/refs/tags
  rename /tmp/nimble_3671/githubcom_superfuncmaybe/.git/HEAD.lock to HEAD
  rename /tmp/nimble_3671/githubcom_superfuncmaybe/.git/config.lock to config
  change permissions of /tmp/nimble_3671/githubcom_superfuncmaybe/.git/config to rwxr--r--
  change permissions of /tmp/nimble_3671/githubcom_superfuncmaybe/.git/config to rw-r--r--
  change permissions of /tmp/nimble_3671/githubcom_superfuncmaybe/.git/config.lock to rw-r--r--
  rename /tmp/nimble_3671/githubcom_superfuncmaybe/.git/config.lock to config
  change permissions of /tmp/nimble_3671/githubcom_superfuncmaybe/.git/config.lock to rw-r--r--
  rename /tmp/nimble_3671/githubcom_superfuncmaybe/.git/config.lock to config
  change permissions of /tmp/nimble_3671/githubcom_superfuncmaybe/.git/config.lock to rw-r--r--
  rename /tmp/nimble_3671/githubcom_superfuncmaybe/.git/config.lock to config
  delete /tmp/nimble_3671/githubcom_superfuncmaybe/.git/tQQXxBF
  create symbolic link from /tmp/nimble_3671/githubcom_superfuncmaybe/.git/tQQXxBF to /home/runner/work/nim_packages_security_audit/nim_packages_security_audit/testing
  delete /tmp/nimble_3671/githubcom_superfuncmaybe/.git/tQQXxBF
  create directory /tmp/nimble_3671/githubcom_superfuncmaybe/.git/objects
  create directory /tmp/nimble_3671/githubcom_superfuncmaybe/.git/objects/pack
  create directory /tmp/nimble_3671/githubcom_superfuncmaybe/.git/objects/info
  change permissions of /tmp/nimble_3671/githubcom_superfuncmaybe/.git/config.lock to rw-r--r--
  rename /tmp/nimble_3671/githubcom_superfuncmaybe/.git/config.lock to config
  change permissions of /tmp/nimble_3671/githubcom_superfuncmaybe/.git/config.lock to rw-r--r--
  rename /tmp/nimble_3671/githubcom_superfuncmaybe/.git/config.lock to config
  change permissions of /tmp/nimble_3671/githubcom_superfuncmaybe/.git/config.lock to rw-r--r--
  rename /tmp/nimble_3671/githubcom_superfuncmaybe/.git/config.lock to config
  change permissions of /tmp/nimble_3671/githubcom_superfuncmaybe/.git/config.lock to rw-r--r--
  rename /tmp/nimble_3671/githubcom_superfuncmaybe/.git/config.lock to config
  create directory /tmp/nimble_3671/githubcom_superfuncmaybe/.git/objects/08
  create hard link from /tmp/nimble_3671/githubcom_superfuncmaybe/.git/objects/08/0eab78e7d4b6ab0330051f78b5fdea5ab1adba to /tmp/nimble_3671/githubcom_superfuncmaybe/.git/objects/08/tmp_obj_enmjac
  delete /tmp/nimble_3671/githubcom_superfuncmaybe/.git/objects/08/tmp_obj_enmjac
  create directory /tmp/nimble_3671/githubcom_superfuncmaybe/.git/objects/b6
  create hard link from /tmp/nimble_3671/githubcom_superfuncmaybe/.git/objects/b6/129f6fd82d2433f79155c23c45e2323313ed19 to /tmp/nimble_3671/githubcom_superfuncmaybe/.git/objects/b6/tmp_obj_kCOKae
  delete /tmp/nimble_3671/githubcom_superfuncmaybe/.git/objects/b6/tmp_obj_kCOKae
  create directory /tmp/nimble_3671/githubcom_superfuncmaybe/.git/objects/0a
  create hard link from /tmp/nimble_3671/githubcom_superfuncmaybe/.git/objects/0a/bba56cd2268258897fef6ace44f6f0d58dfbed to /tmp/nimble_3671/githubcom_superfuncmaybe/.git/objects/0a/tmp_obj_EWZjNh
  delete /tmp/nimble_3671/githubcom_superfuncmaybe/.git/objects/0a/tmp_obj_EWZjNh
  create directory /tmp/nimble_3671/githubcom_superfuncmaybe/.git/objects/94
  create hard link from /tmp/nimble_3671/githubcom_superfuncmaybe/.git/objects/94/5a4cb551e3f97d45f6714eedab576931148328 to /tmp/nimble_3671/githubcom_superfuncmaybe/.git/objects/94/tmp_obj_DgeGzb
  delete /tmp/nimble_3671/githubcom_superfuncmaybe/.git/objects/94/tmp_obj_DgeGzb
  create directory /tmp/nimble_3671/githubcom_superfuncmaybe/.git/objects/11
  create hard link from /tmp/nimble_3671/githubcom_superfuncmaybe/.git/objects/11/f7fc2ce6448ffae91934d3be93c3d1347c9017 to /tmp/nimble_3671/githubcom_superfuncmaybe/.git/objects/11/tmp_obj_NHhOLc
  delete /tmp/nimble_3671/githubcom_superfuncmaybe/.git/objects/11/tmp_obj_NHhOLc
  create directory /tmp/nimble_3671/githubcom_superfuncmaybe/.git/objects/a1
  create hard link from /tmp/nimble_3671/githubcom_superfuncmaybe/.git/objects/a1/c658b82461cd427373872d12cdffdd571e3b7f to /tmp/nimble_3671/githubcom_superfuncmaybe/.git/objects/a1/tmp_obj_BJdOLf
  delete /tmp/nimble_3671/githubcom_superfuncmaybe/.git/objects/a1/tmp_obj_BJdOLf
  create directory /tmp/nimble_3671/githubcom_superfuncmaybe/.git/objects/34
  create hard link from /tmp/nimble_3671/githubcom_superfuncmaybe/.git/objects/34/60477f8638cd358ce5815416ba3d86d780d73d to /tmp/nimble_3671/githubcom_superfuncmaybe/.git/objects/34/tmp_obj_vCxtRk
  delete /tmp/nimble_3671/githubcom_superfuncmaybe/.git/objects/34/tmp_obj_vCxtRk
  create directory /tmp/nimble_3671/githubcom_superfuncmaybe/.git/objects/d4
  create hard link from /tmp/nimble_3671/githubcom_superfuncmaybe/.git/objects/d4/a78aec885554dd725d9dcd0655a63bfb2a60ac to /tmp/nimble_3671/githubcom_superfuncmaybe/.git/objects/d4/tmp_obj_3Zayao
  delete /tmp/nimble_3671/githubcom_superfuncmaybe/.git/objects/d4/tmp_obj_3Zayao
  create directory /tmp/nimble_3671/githubcom_superfuncmaybe/.git/objects/6b
  create hard link from /tmp/nimble_3671/githubcom_superfuncmaybe/.git/objects/6b/01acfea5d01b7143e25f85eeaded6ab937547f to /tmp/nimble_3671/githubcom_superfuncmaybe/.git/objects/6b/tmp_obj_dHCSop
  delete /tmp/nimble_3671/githubcom_superfuncmaybe/.git/objects/6b/tmp_obj_dHCSop
  create directory /tmp/nimble_3671/githubcom_superfuncmaybe/.git/objects/50
  create hard link from /tmp/nimble_3671/githubcom_superfuncmaybe/.git/objects/50/834056930af7982ffc2e7977867c848f79dfae to /tmp/nimble_3671/githubcom_superfuncmaybe/.git/objects/50/tmp_obj_9Y4FTq
  delete /tmp/nimble_3671/githubcom_superfuncmaybe/.git/objects/50/tmp_obj_9Y4FTq
  create directory /tmp/nimble_3671/githubcom_superfuncmaybe/.git/objects/cd
  create hard link from /tmp/nimble_3671/githubcom_superfuncmaybe/.git/objects/cd/29064960a2587edc47300490ca302ac9d0ef18 to /tmp/nimble_3671/githubcom_superfuncmaybe/.git/objects/cd/tmp_obj_Zhpwgw
  delete /tmp/nimble_3671/githubcom_superfuncmaybe/.git/objects/cd/tmp_obj_Zhpwgw
  create directory /tmp/nimble_3671/githubcom_superfuncmaybe/.git/objects/ab
  create hard link from /tmp/nimble_3671/githubcom_superfuncmaybe/.git/objects/ab/561898ebf816718e30915915da7ee0f8f3d914 to /tmp/nimble_3671/githubcom_superfuncmaybe/.git/objects/ab/tmp_obj_1Q8OYz
  delete /tmp/nimble_3671/githubcom_superfuncmaybe/.git/objects/ab/tmp_obj_1Q8OYz
  create directory /tmp/nimble_3671/githubcom_superfuncmaybe/.git/objects/9c
  create hard link from /tmp/nimble_3671/githubcom_superfuncmaybe/.git/objects/9c/04c887be74616a79b8c895e01b14c0123b43fd to /tmp/nimble_3671/githubcom_superfuncmaybe/.git/objects/9c/tmp_obj_14z95E
  delete /tmp/nimble_3671/githubcom_superfuncmaybe/.git/objects/9c/tmp_obj_14z95E
  create directory /tmp/nimble_3671/githubcom_superfuncmaybe/.git/objects/90
  create hard link from /tmp/nimble_3671/githubcom_superfuncmaybe/.git/objects/90/fa4784320b11143b6de6c77b7bc87d491eb8e1 to /tmp/nimble_3671/githubcom_superfuncmaybe/.git/objects/90/tmp_obj_jUT8BL
  delete /tmp/nimble_3671/githubcom_superfuncmaybe/.git/objects/90/tmp_obj_jUT8BL
  create directory /tmp/nimble_3671/githubcom_superfuncmaybe/.git/objects/35
  create hard link from /tmp/nimble_3671/githubcom_superfuncmaybe/.git/objects/35/64eecdf6c736e3d8071104ac961e7c509feeb8 to /tmp/nimble_3671/githubcom_superfuncmaybe/.git/objects/35/tmp_obj_FjpZeP
  delete /tmp/nimble_3671/githubcom_superfuncmaybe/.git/objects/35/tmp_obj_FjpZeP
  create directory /tmp/nimble_3671/githubcom_superfuncmaybe/.git/objects/d5
  create hard link from /tmp/nimble_3671/githubcom_superfuncmaybe/.git/objects/d5/f9f7670179f274884a49c53cd196a744c75443 to /tmp/nimble_3671/githubcom_superfuncmaybe/.git/objects/d5/tmp_obj_rG6P0T
  delete /tmp/nimble_3671/githubcom_superfuncmaybe/.git/objects/d5/tmp_obj_rG6P0T
  create directory /tmp/nimble_3671/githubcom_superfuncmaybe/.git/objects/3e
  create hard link from /tmp/nimble_3671/githubcom_superfuncmaybe/.git/objects/3e/ba79377e1be2741ad1fffe3a62f85364e51372 to /tmp/nimble_3671/githubcom_superfuncmaybe/.git/objects/3e/tmp_obj_XuCxPY
  delete /tmp/nimble_3671/githubcom_superfuncmaybe/.git/objects/3e/tmp_obj_XuCxPY
  rename /tmp/nimble_3671/githubcom_superfuncmaybe/.git/shallow.lock to shallow
  rename /tmp/nimble_3671/githubcom_superfuncmaybe/.git/packed-refs.new to packed-refs
  delete /tmp/nimble_3671/githubcom_superfuncmaybe/.git/packed-refs.lock
  delete /tmp/nimble_3671/githubcom_superfuncmaybe/.git/refs/tags/2.2.lock
  create directory /tmp/nimble_3671/githubcom_superfuncmaybe/.git/logs
  rename /tmp/nimble_3671/githubcom_superfuncmaybe/.git/HEAD.lock to HEAD
  create directory /tmp/nimble_3671/githubcom_superfuncmaybe/docs
  create directory /tmp/nimble_3671/githubcom_superfuncmaybe/src
  create directory /tmp/nimble_3671/githubcom_superfuncmaybe/src/examples
  create directory /tmp/nimble_3671/githubcom_superfuncmaybe/src/maybe
  create directory /tmp/nimble_3671/githubcom_superfuncmaybe/src/tests
  rename /tmp/nimble_3671/githubcom_superfuncmaybe/.git/index.lock to index
  create directory /tmp
  create directory /tmp/nimblecache
  create directory /tmp/nimblecache/maybe_4033953470
  delete /tmp/nimblecache/maybe_4033953470/maybe.ini
  delete /tmp/nimble_3671.out
  delete /tmp/nimble_3671/githubcom_superfuncmaybe/maybe_3671.nims
  create directory /home
  create directory /home/runner
  create directory /home/runner/.nimble
  create directory /home/runner/.nimble/pkgs
  create directory /home/runner/.nimble/pkgs/maybe-2.2
  create directory /home
  create directory /home/runner
  create directory /home/runner/.nimble
  create directory /home/runner/.nimble/pkgs
  create directory /home/runner/.nimble/pkgs/maybe-2.2
  create directory /home/runner/.nimble/pkgs/maybe-2.2/maybe
  change permissions of /home/runner/.nimble/pkgs/maybe-2.2/maybe/maybe.nim to rw-r--r--
  create directory /home
  create directory /home/runner
  create directory /home/runner/.nimble
  create directory /home/runner/.nimble/pkgs
  create directory /home/runner/.nimble/pkgs/maybe-2.2
  create directory /home/runner/.nimble/pkgs/maybe-2.2/tests
  change permissions of /home/runner/.nimble/pkgs/maybe-2.2/tests/basic.nim to rw-r--r--
  change permissions of /home/runner/.nimble/pkgs/maybe-2.2/maybe.nimble to rw-r--r--
  create directory /tmp
  create directory /tmp/nimblecache
  create directory /tmp/nimblecache/maybe_2904746020
  delete /tmp/nimblecache/maybe_2904746020/maybe.ini
  delete /tmp/nimble_3671.out
  delete /home/runner/.nimble/pkgs/maybe-2.2/maybe_3671.nims
  delete /tmp/nimble_3671/githubcom_superfuncmaybe/readme.md
  delete /tmp/nimble_3671/githubcom_superfuncmaybe/buildverify.nim
  delete /tmp/nimble_3671/githubcom_superfuncmaybe/maybe.nimble
  delete /tmp/nimble_3671/githubcom_superfuncmaybe/src/maybe/maybe.nim
  delete /tmp/nimble_3671/githubcom_superfuncmaybe/src/maybe
  delete /tmp/nimble_3671/githubcom_superfuncmaybe/src/examples/example.nim
  delete /tmp/nimble_3671/githubcom_superfuncmaybe/src/examples
  delete /tmp/nimble_3671/githubcom_superfuncmaybe/src/tests/basic.nim
  delete /tmp/nimble_3671/githubcom_superfuncmaybe/src/tests
  delete /tmp/nimble_3671/githubcom_superfuncmaybe/src
  delete /tmp/nimble_3671/githubcom_superfuncmaybe/license.md
  delete /tmp/nimble_3671/githubcom_superfuncmaybe/.git/index
  delete /tmp/nimble_3671/githubcom_superfuncmaybe/.git/description
  delete /tmp/nimble_3671/githubcom_superfuncmaybe/.git/logs/HEAD
  delete /tmp/nimble_3671/githubcom_superfuncmaybe/.git/logs
  delete /tmp/nimble_3671/githubcom_superfuncmaybe/.git/branches
  delete /tmp/nimble_3671/githubcom_superfuncmaybe/.git/config
  delete /tmp/nimble_3671/githubcom_superfuncmaybe/.git/objects/pack
  delete /tmp/nimble_3671/githubcom_superfuncmaybe/.git/objects/3e/ba79377e1be2741ad1fffe3a62f85364e51372
  delete /tmp/nimble_3671/githubcom_superfuncmaybe/.git/objects/3e
  delete /tmp/nimble_3671/githubcom_superfuncmaybe/.git/objects/b6/129f6fd82d2433f79155c23c45e2323313ed19
  delete /tmp/nimble_3671/githubcom_superfuncmaybe/.git/objects/b6
  delete /tmp/nimble_3671/githubcom_superfuncmaybe/.git/objects/d5/f9f7670179f274884a49c53cd196a744c75443
  delete /tmp/nimble_3671/githubcom_superfuncmaybe/.git/objects/d5
  delete /tmp/nimble_3671/githubcom_superfuncmaybe/.git/objects/a1/c658b82461cd427373872d12cdffdd571e3b7f
  delete /tmp/nimble_3671/githubcom_superfuncmaybe/.git/objects/a1
  delete /tmp/nimble_3671/githubcom_superfuncmaybe/.git/objects/9c/04c887be74616a79b8c895e01b14c0123b43fd
  delete /tmp/nimble_3671/githubcom_superfuncmaybe/.git/objects/9c
  delete /tmp/nimble_3671/githubcom_superfuncmaybe/.git/objects/90/fa4784320b11143b6de6c77b7bc87d491eb8e1
  delete /tmp/nimble_3671/githubcom_superfuncmaybe/.git/objects/90
  delete /tmp/nimble_3671/githubcom_superfuncmaybe/.git/objects/d4/a78aec885554dd725d9dcd0655a63bfb2a60ac
  delete /tmp/nimble_3671/githubcom_superfuncmaybe/.git/objects/d4
  delete /tmp/nimble_3671/githubcom_superfuncmaybe/.git/objects/94/5a4cb551e3f97d45f6714eedab576931148328
  delete /tmp/nimble_3671/githubcom_superfuncmaybe/.git/objects/94
  delete /tmp/nimble_3671/githubcom_superfuncmaybe/.git/objects/34/60477f8638cd358ce5815416ba3d86d780d73d
  delete /tmp/nimble_3671/githubcom_superfuncmaybe/.git/objects/34
  delete /tmp/nimble_3671/githubcom_superfuncmaybe/.git/objects/11/f7fc2ce6448ffae91934d3be93c3d1347c9017
  delete /tmp/nimble_3671/githubcom_superfuncmaybe/.git/objects/11
  delete /tmp/nimble_3671/githubcom_superfuncmaybe/.git/objects/6b/01acfea5d01b7143e25f85eeaded6ab937547f
  delete /tmp/nimble_3671/githubcom_superfuncmaybe/.git/objects/6b
  delete /tmp/nimble_3671/githubcom_superfuncmaybe/.git/objects/50/834056930af7982ffc2e7977867c848f79dfae
  delete /tmp/nimble_3671/githubcom_superfuncmaybe/.git/objects/50
  delete /tmp/nimble_3671/githubcom_superfuncmaybe/.git/objects/ab/561898ebf816718e30915915da7ee0f8f3d914
  delete /tmp/nimble_3671/githubcom_superfuncmaybe/.git/objects/ab
  delete /tmp/nimble_3671/githubcom_superfuncmaybe/.git/objects/info
  delete /tmp/nimble_3671/githubcom_superfuncmaybe/.git/objects/cd/29064960a2587edc47300490ca302ac9d0ef18
  delete /tmp/nimble_3671/githubcom_superfuncmaybe/.git/objects/cd
  delete /tmp/nimble_3671/githubcom_superfuncmaybe/.git/objects/35/64eecdf6c736e3d8071104ac961e7c509feeb8
  delete /tmp/nimble_3671/githubcom_superfuncmaybe/.git/objects/35
  delete /tmp/nimble_3671/githubcom_superfuncmaybe/.git/objects/08/0eab78e7d4b6ab0330051f78b5fdea5ab1adba
  delete /tmp/nimble_3671/githubcom_superfuncmaybe/.git/objects/08
  delete /tmp/nimble_3671/githubcom_superfuncmaybe/.git/objects/0a/bba56cd2268258897fef6ace44f6f0d58dfbed
  delete /tmp/nimble_3671/githubcom_superfuncmaybe/.git/objects/0a
  delete /tmp/nimble_3671/githubcom_superfuncmaybe/.git/objects
  delete /tmp/nimble_3671/githubcom_superfuncmaybe/.git/shallow
  delete /tmp/nimble_3671/githubcom_superfuncmaybe/.git/hooks/update.sample
  delete /tmp/nimble_3671/githubcom_superfuncmaybe/.git/hooks/pre-merge-commit.sample
  delete /tmp/nimble_3671/githubcom_superfuncmaybe/.git/hooks/fsmonitor-watchman.sample
  delete /tmp/nimble_3671/githubcom_superfuncmaybe/.git/hooks/pre-commit.sample
  delete /tmp/nimble_3671/githubcom_superfuncmaybe/.git/hooks/pre-applypatch.sample
  delete /tmp/nimble_3671/githubcom_superfuncmaybe/.git/hooks/post-update.sample
  delete /tmp/nimble_3671/githubcom_superfuncmaybe/.git/hooks/applypatch-msg.sample
  delete /tmp/nimble_3671/githubcom_superfuncmaybe/.git/hooks/pre-receive.sample
  delete /tmp/nimble_3671/githubcom_superfuncmaybe/.git/hooks/pre-push.sample
  delete /tmp/nimble_3671/githubcom_superfuncmaybe/.git/hooks/pre-rebase.sample
  delete /tmp/nimble_3671/githubcom_superfuncmaybe/.git/hooks/prepare-commit-msg.sample
  delete /tmp/nimble_3671/githubcom_superfuncmaybe/.git/hooks/commit-msg.sample
  delete /tmp/nimble_3671/githubcom_superfuncmaybe/.git/hooks
  delete /tmp/nimble_3671/githubcom_superfuncmaybe/.git/refs/heads
  delete /tmp/nimble_3671/githubcom_superfuncmaybe/.git/refs/tags
  delete /tmp/nimble_3671/githubcom_superfuncmaybe/.git/refs
  delete /tmp/nimble_3671/githubcom_superfuncmaybe/.git/HEAD
  delete /tmp/nimble_3671/githubcom_superfuncmaybe/.git/info/exclude
  delete /tmp/nimble_3671/githubcom_superfuncmaybe/.git/info
  delete /tmp/nimble_3671/githubcom_superfuncmaybe/.git/packed-refs
  delete /tmp/nimble_3671/githubcom_superfuncmaybe/.git
  delete /tmp/nimble_3671/githubcom_superfuncmaybe/docs/index.html
  delete /tmp/nimble_3671/githubcom_superfuncmaybe/docs
  delete /tmp/nimble_3671/githubcom_superfuncmaybe/.travis.yml
  delete /tmp/nimble_3671/githubcom_superfuncmaybe/.gitignore
  delete /tmp/nimble_3671/githubcom_superfuncmaybe
  delete /tmp/nimble_3671
