     Info:  Nimble data file "/home/runner/.nimble/nimbledata2.json" has been loaded.
    Reading official package list
Downloading https://github.com/JohnAD/mongopool using git
    Cloning latest tagged version: v1.0.1
open('/workspace/destdir/ssl/openssl.cnf', 32768, 0x00000000000001b6)
open('/home/runner/.config/nimble/nimble.ini', 557056, 0x00000000000001b6)
open('/home/runner/.config/babel/babel.ini', 557056, 0x00000000000001b6)
open('/home/runner/.nimble/nimbledata2.json', 557056, 0x00000000000001b6)
writev(1, 0x00007ffe5aedbf20, 2)
open('/home/runner/work/nim_packages_security_audit/nim_packages_security_audit', 622592, 0x0000000000000000)
writev(1, 0x00007ffe5aedab50, 2)
open('/home/runner/.nimble/packages_official.json', 557056, 0x00000000000001b6)
mkdir('/tmp/', 0x00000000000001ff)
mkdir('/tmp/nimble_3072/', 0x00000000000001ff)
mkdir('/tmp/nimble_3072/githubcom_JohnADmongopool', 0x00000000000001ff)
open('/tmp/nimble_3072/githubcom_JohnADmongopool', 622592, 0x0000000000000000)
writev(1, 0x00007ffe5aedac10, 2)
open('/tmp/nimble_3072/githubcom_JohnADmongopool', 622592, 0x0000000000000000)
rmdir('/tmp/nimble_3072/githubcom_JohnADmongopool')
writev(1, 0x00007ffe5aedab00, 2)
mkdir(93933169649040, 0x00000000000001ff)
Error tracing process: readBytes(0x0000556e8535a590, 256) error: [Errno 5] Input/output error.
