      Info: Package cache path /home/runner/.nimble/pkgcache
     Info:  Nimble data file "/home/runner/.nimble/nimbledata2.json" has been loaded.
    Reading official package list
Downloading https://github.com/mahlonsmith/nim-mongrel2 using git
   Warning: The package has no tagged releases, downloading HEAD instead.
open('/workspace/destdir/ssl/openssl.cnf', 32768, 0x00000000000001b6)
open('/home/runner/.config/nimble/nimble.ini', 557056, 0x00000000000001b6)
open('/home/runner/.config/babel/babel.ini', 557056, 0x00000000000001b6)
writev(1, 0x00007ffeaf7eb760, 2)
open('/home/runner/.nimble/nimbledata2.json', 557056, 0x00000000000001b6)
writev(1, 0x00007ffeaf7eb830, 2)
writev(1, 0x00007ffe6b347ba0, 2)
writev(1, 0x00007ffe6b347c30, 2)
writev(1, 0x00007ffe6b347c30, 2)
writev(1, 0x00007ffe6b347c30, 2)
writev(1, 0x00007ffeaf7ea210, 2)
open('/home/runner/.nimble/packages_official.json', 557056, 0x00000000000001b6)
mkdir('/home/', 0x00000000000001ff)
mkdir('/home/runner/', 0x00000000000001ff)
mkdir('/home/runner/.nimble/', 0x00000000000001ff)
mkdir('/home/runner/.nimble/pkgcache/', 0x00000000000001ff)
mkdir('/home/runner/.nimble/pkgcache/githubcom_mahlonsmithnimmongrel2', 0x00000000000001ff)
open('/home/runner/.nimble/pkgcache/githubcom_mahlonsmithnimmongrel2', 622592, 0x0000000000000000)
writev(1, 0x00007ffeaf7ea2f0, 2)
open('/home/runner/.nimble/pkgcache/githubcom_mahlonsmithnimmongrel2', 622592, 0x0000000000000000)
rmdir('/home/runner/.nimble/pkgcache/githubcom_mahlonsmithnimmongrel2')
writev(1, 0x00007ffeaf7ea1e0, 2)
mkdir(94030416288480, 0x00000000000001ff)
Error tracing process: readBytes(0x00005585298f9ae0, 256) error: [Errno 5] Input/output error.
