     Info:  Nimble data file "/home/runner/.nimble/nimbledata2.json" has been loaded.
    Reading official package list
Downloading https://github.com/markspanbroek/monocypher.nim using git
    Cloning latest tagged version: 0.2.2
open('/workspace/destdir/ssl/openssl.cnf', 32768, 0x00000000000001b6)
open('/home/runner/.config/nimble/nimble.ini', 557056, 0x00000000000001b6)
open('/home/runner/.config/babel/babel.ini', 557056, 0x00000000000001b6)
open('/home/runner/.nimble/nimbledata2.json', 557056, 0x00000000000001b6)
writev(1, 0x00007ffc2931b010, 2)
open('/home/runner/work/nim_packages_security_audit/nim_packages_security_audit', 622592, 0x0000000000000000)
writev(1, 0x00007ffc29319c40, 2)
open('/home/runner/.nimble/packages_official.json', 557056, 0x00000000000001b6)
mkdir('/tmp/', 0x00000000000001ff)
mkdir('/tmp/nimble_3060/', 0x00000000000001ff)
mkdir('/tmp/nimble_3060/githubcom_markspanbroekmonocyphernim', 0x00000000000001ff)
open('/tmp/nimble_3060/githubcom_markspanbroekmonocyphernim', 622592, 0x0000000000000000)
writev(1, 0x00007ffc29319d00, 2)
open('/tmp/nimble_3060/githubcom_markspanbroekmonocyphernim', 622592, 0x0000000000000000)
rmdir('/tmp/nimble_3060/githubcom_markspanbroekmonocyphernim')
writev(1, 0x00007ffc29319bf0, 2)
mkdir(94116497336464, 0x00000000000001ff)
Error tracing process: readBytes(0x0000559934642890, 256) error: [Errno 5] Input/output error.
