      Info: Package cache path /home/runner/.nimble/pkgcache
     Info:  Nimble data file "/home/runner/.nimble/nimbledata2.json" has been loaded.
    Reading official package list
Downloading https://github.com/treeform/morepretty using git
    Cloning latest tagged version: 0.1.0
open('/workspace/destdir/ssl/openssl.cnf', 32768, 0x00000000000001b6)
open('/home/runner/.config/nimble/nimble.ini', 557056, 0x00000000000001b6)
open('/home/runner/.config/babel/babel.ini', 557056, 0x00000000000001b6)
writev(1, 0x00007ffcb2095b20, 2)
open('/home/runner/.nimble/nimbledata2.json', 557056, 0x00000000000001b6)
writev(1, 0x00007ffcb2095bf0, 2)
writev(1, 0x00007fff2a55ce40, 2)
writev(1, 0x00007fff2a55ced0, 2)
writev(1, 0x00007fff2a55ced0, 2)
writev(1, 0x00007fff2a55ced0, 2)
writev(1, 0x00007ffcb20945d0, 2)
open('/home/runner/.nimble/packages_official.json', 557056, 0x00000000000001b6)
mkdir('/home/', 0x00000000000001ff)
mkdir('/home/runner/', 0x00000000000001ff)
mkdir('/home/runner/.nimble/', 0x00000000000001ff)
mkdir('/home/runner/.nimble/pkgcache/', 0x00000000000001ff)
mkdir('/home/runner/.nimble/pkgcache/githubcom_treeformmorepretty', 0x00000000000001ff)
open('/home/runner/.nimble/pkgcache/githubcom_treeformmorepretty', 622592, 0x0000000000000000)
writev(1, 0x00007ffcb20946b0, 2)
open('/home/runner/.nimble/pkgcache/githubcom_treeformmorepretty', 622592, 0x0000000000000000)
rmdir('/home/runner/.nimble/pkgcache/githubcom_treeformmorepretty')
writev(1, 0x00007ffcb20945a0, 2)
mkdir(94610204449568, 0x00000000000001ff)
Error tracing process: readBytes(0x0000560c27a0db20, 256) error: [Errno 5] Input/output error.
