     Info:  Nimble data file "/home/runner/.nimble/nimbledata2.json" has been loaded.
    Reading official package list
Downloading https://github.com/D4D3VD4V3/moss_nim using git
   Warning: The package has no tagged releases, downloading HEAD instead.
open('/workspace/destdir/ssl/openssl.cnf', 32768, 0x00000000000001b6)
open('/home/runner/.config/nimble/nimble.ini', 557056, 0x00000000000001b6)
open('/home/runner/.config/babel/babel.ini', 557056, 0x00000000000001b6)
open('/home/runner/.nimble/nimbledata2.json', 557056, 0x00000000000001b6)
writev(1, 0x00007ffee9e8dcf0, 2)
open('/home/runner/work/nim_packages_security_audit/nim_packages_security_audit', 622592, 0x0000000000000000)
writev(1, 0x00007ffee9e8c920, 2)
open('/home/runner/.nimble/packages_official.json', 557056, 0x00000000000001b6)
mkdir('/tmp/', 0x00000000000001ff)
mkdir('/tmp/nimble_3390/', 0x00000000000001ff)
mkdir('/tmp/nimble_3390/githubcom_D4D3VD4V3mossnim', 0x00000000000001ff)
open('/tmp/nimble_3390/githubcom_D4D3VD4V3mossnim', 622592, 0x0000000000000000)
writev(1, 0x00007ffee9e8c9e0, 2)
open('/tmp/nimble_3390/githubcom_D4D3VD4V3mossnim', 622592, 0x0000000000000000)
rmdir('/tmp/nimble_3390/githubcom_D4D3VD4V3mossnim')
writev(1, 0x00007ffee9e8c8d0, 2)
mkdir(94228599711120, 0x00000000000001ff)
Error tracing process: readBytes(0x000055b34e36a590, 256) error: [Errno 5] Input/output error.
