     Info:  Nimble data file "/home/runner/.nimble/nimbledata2.json" has been loaded.
    Reading official package list
Downloading https://github.com/treeform/mpeg using git
    Cloning latest tagged version: v0.1.1
open('/workspace/destdir/ssl/openssl.cnf', 32768, 0x00000000000001b6)
open('/home/runner/.config/nimble/nimble.ini', 557056, 0x00000000000001b6)
open('/home/runner/.config/babel/babel.ini', 557056, 0x00000000000001b6)
open('/home/runner/.nimble/nimbledata2.json', 557056, 0x00000000000001b6)
writev(1, 0x00007ffe5bb7c3a0, 2)
writev(1, 0x00007ffe5bb7bc80, 2)
open('/home/runner/.nimble/packages_official.json', 557056, 0x00000000000001b6)
mkdir('/tmp/', 0x00000000000001ff)
mkdir('/tmp/nimble_2784/', 0x00000000000001ff)
mkdir('/tmp/nimble_2784/githubcom_treeformmpeg', 0x00000000000001ff)
writev(1, 0x00007ffe5bb7bc50, 2)
open('/tmp/nimble_2784/githubcom_treeformmpeg', 622592, 0x0000000000000000)
rmdir('/tmp/nimble_2784/githubcom_treeformmpeg')
writev(1, 0x00007ffe5bb7bbc0, 2)
mkdir(94227080271120, 0x00000000000001ff)
Error tracing process: readBytes(0x000055b2f3a5d510, 256) error: [Errno 5] Input/output error.
