      Info: Package cache path /home/runner/.nimble/pkgcache
     Info:  Nimble data file "/home/runner/.nimble/nimbledata2.json" has been loaded.
    Reading official package list
Downloading https://github.com/WeebNetsu/nim-mpv using git
   Warning: The package has no tagged releases, downloading HEAD instead.
open('/workspace/destdir/ssl/openssl.cnf', 32768, 0x00000000000001b6)
open('/home/runner/.config/nimble/nimble.ini', 557056, 0x00000000000001b6)
open('/home/runner/.config/babel/babel.ini', 557056, 0x00000000000001b6)
writev(1, 0x00007ffcfd56a630, 2)
open('/home/runner/.nimble/nimbledata2.json', 557056, 0x00000000000001b6)
writev(1, 0x00007ffcfd56a700, 2)
writev(1, 0x00007fff211fdf00, 2)
writev(1, 0x00007fff211fdf90, 2)
writev(1, 0x00007fff211fdf90, 2)
writev(1, 0x00007fff211fdf90, 2)
writev(1, 0x00007ffcfd569220, 2)
open('/home/runner/.nimble/packages_official.json', 557056, 0x00000000000001b6)
mkdir('/home/', 0x00000000000001ff)
mkdir('/home/runner/', 0x00000000000001ff)
mkdir('/home/runner/.nimble/', 0x00000000000001ff)
mkdir('/home/runner/.nimble/pkgcache/', 0x00000000000001ff)
mkdir('/home/runner/.nimble/pkgcache/githubcom_WeebNetsunimmpv', 0x00000000000001ff)
open('/home/runner/.nimble/pkgcache/githubcom_WeebNetsunimmpv', 622592, 0x0000000000000000)
writev(1, 0x00007ffcfd569310, 2)
open('/home/runner/.nimble/pkgcache/githubcom_WeebNetsunimmpv', 622592, 0x0000000000000000)
rmdir('/home/runner/.nimble/pkgcache/githubcom_WeebNetsunimmpv')
writev(1, 0x00007ffcfd569200, 2)
mkdir(93947152374096, 0x00000000000001ff)
Error tracing process: readBytes(0x00005571c6a51950, 256) error: [Errno 5] Input/output error.
