     Info:  Nimble data file "/home/runner/.nimble/nimbledata2.json" has been loaded.
    Reading official package list
Downloading https://github.com/fox-cat/ms using git
download.nim(81)         getTagsListRemote

    Error:  Unable to query remote tags for https://github.com/fox-cat/ms. Git returned: remote: Repository not found.
        ... fatal: repository 'https://github.com/fox-cat/ms/' not found
     Info:  Nimble data file "/home/runner/.nimble/nimbledata2.json" has been saved.
open('/workspace/destdir/ssl/openssl.cnf', 32768, 0x00000000000001b6)
open('/home/runner/.config/nimble/nimble.ini', 557056, 0x00000000000001b6)
open('/home/runner/.config/babel/babel.ini', 557056, 0x00000000000001b6)
open('/home/runner/.nimble/nimbledata2.json', 557056, 0x00000000000001b6)
writev(1, 0x00007ffc6eb23fa0, 2)
open('/home/runner/work/nim_packages_security_audit/nim_packages_security_audit', 622592, 0x0000000000000000)
writev(1, 0x00007ffc6eb22bd0, 2)
open('/home/runner/.nimble/packages_official.json', 557056, 0x00000000000001b6)
mkdir('/tmp/', 0x00000000000001ff)
mkdir('/tmp/nimble_3278/', 0x00000000000001ff)
mkdir('/tmp/nimble_3278/githubcom_foxcatms', 0x00000000000001ff)
open('/tmp/nimble_3278/githubcom_foxcatms', 622592, 0x0000000000000000)
writev(1, 0x00007ffc6eb22c90, 2)
open('/tmp/nimble_3278/githubcom_foxcatms', 622592, 0x0000000000000000)
rmdir('/tmp/nimble_3278/githubcom_foxcatms')
writev(1, 0x00007ffc6eb24130, 2)
writev(1, 0x00007ffc6eb24000, 2)
writev(1, 0x00007ffc6eb24000, 2)
open('/tmp/nimble_3278', 622592, 0x0000000000000000)
rmdir('/tmp/nimble_3278')
open('/home/runner/.nimble/nimbledata2.json', 557633, 0x00000000000001b6)
writev(3, 0x00007ffc6eb24000, 2)
writev(1, 0x00007ffc6eb23ff0, 2)
  create directory /tmp
  create directory /tmp/nimble_3278
  create directory /tmp/nimble_3278/githubcom_foxcatms
  delete /tmp/nimble_3278/githubcom_foxcatms
  delete /tmp/nimble_3278
  truncate file /home/runner/.nimble/nimbledata2.json
