     Info:  Nimble data file "/home/runner/.nimble/nimbledata2.json" has been loaded.
    Reading official package list
Downloading https://github.com/CarkWilkinson/musicSort using git
   Warning: The package has no tagged releases, downloading HEAD instead.
open('/workspace/destdir/ssl/openssl.cnf', 32768, 0x00000000000001b6)
open('/home/runner/.config/nimble/nimble.ini', 557056, 0x00000000000001b6)
open('/home/runner/.config/babel/babel.ini', 557056, 0x00000000000001b6)
open('/home/runner/.nimble/nimbledata2.json', 557056, 0x00000000000001b6)
writev(1, 0x00007ffdc3088470, 2)
writev(1, 0x00007ffdc3087d50, 2)
open('/home/runner/.nimble/packages_official.json', 557056, 0x00000000000001b6)
mkdir('/tmp/', 0x00000000000001ff)
mkdir('/tmp/nimble_3653/', 0x00000000000001ff)
mkdir('/tmp/nimble_3653/githubcom_CarkWilkinsonmusicSort', 0x00000000000001ff)
writev(1, 0x00007ffdc3087d20, 2)
open('/tmp/nimble_3653/githubcom_CarkWilkinsonmusicSort', 622592, 0x0000000000000000)
rmdir('/tmp/nimble_3653/githubcom_CarkWilkinsonmusicSort')
writev(1, 0x00007ffdc3087c90, 2)
mkdir(94108993172656, 0x00000000000001ff)
Error tracing process: readBytes(0x00005597751bb4b0, 256) error: [Errno 5] Input/output error.
