      Info: Package cache path /home/runner/.nimble/pkgcache
     Info:  Nimble data file "/home/runner/.nimble/nimbledata2.json" has been loaded.
    Reading official package list
Downloading https://github.com/tapsterbot/mvb-opencv using git
    Cloning latest tagged version: v0.1.0
open('/workspace/destdir/ssl/openssl.cnf', 32768, 0x00000000000001b6)
open('/home/runner/.config/nimble/nimble.ini', 557056, 0x00000000000001b6)
open('/home/runner/.config/babel/babel.ini', 557056, 0x00000000000001b6)
writev(1, 0x00007ffc47d282b0, 2)
open('/home/runner/.nimble/nimbledata2.json', 557056, 0x00000000000001b6)
writev(1, 0x00007ffc47d28380, 2)
writev(1, 0x00007ffea5442440, 2)
writev(1, 0x00007ffea54424d0, 2)
writev(1, 0x00007ffea54424d0, 2)
writev(1, 0x00007ffea54424d0, 2)
writev(1, 0x00007ffc47d26ea0, 2)
open('/home/runner/.nimble/packages_official.json', 557056, 0x00000000000001b6)
mkdir('/home/', 0x00000000000001ff)
mkdir('/home/runner/', 0x00000000000001ff)
mkdir('/home/runner/.nimble/', 0x00000000000001ff)
mkdir('/home/runner/.nimble/pkgcache/', 0x00000000000001ff)
mkdir('/home/runner/.nimble/pkgcache/githubcom_tapsterbotmvbopencv', 0x00000000000001ff)
open('/home/runner/.nimble/pkgcache/githubcom_tapsterbotmvbopencv', 622592, 0x0000000000000000)
writev(1, 0x00007ffc47d26f90, 2)
open('/home/runner/.nimble/pkgcache/githubcom_tapsterbotmvbopencv', 622592, 0x0000000000000000)
rmdir('/home/runner/.nimble/pkgcache/githubcom_tapsterbotmvbopencv')
writev(1, 0x00007ffc47d26e80, 2)
mkdir(94379123583824, 0x00000000000001ff)
Error tracing process: readBytes(0x000055d65a22ab50, 256) error: [Errno 5] Input/output error.
