      Info: Package cache path /home/runner/.nimble/pkgcache
     Info:  Nimble data file "/home/runner/.nimble/nimbledata2.json" has been loaded.
    Reading official package list
Downloading https://github.com/CORDEA/backoff using git
    Cloning latest tagged version: v0.1
open('/workspace/destdir/ssl/openssl.cnf', 32768, 0x00000000000001b6)
open('/home/runner/.config/nimble/nimble.ini', 557056, 0x00000000000001b6)
open('/home/runner/.config/babel/babel.ini', 557056, 0x00000000000001b6)
writev(1, 0x00007ffd8ee62fb0, 2)
open('/home/runner/.nimble/nimbledata2.json', 557056, 0x00000000000001b6)
writev(1, 0x00007ffd8ee63080, 2)
writev(1, 0x00007ffc071afec0, 2)
writev(1, 0x00007ffc071aff50, 2)
writev(1, 0x00007ffc071aff50, 2)
writev(1, 0x00007ffc071aff50, 2)
writev(1, 0x00007ffd8ee61a90, 2)
open('/home/runner/.nimble/packages_official.json', 557056, 0x00000000000001b6)
mkdir('/home/', 0x00000000000001ff)
mkdir('/home/runner/', 0x00000000000001ff)
mkdir('/home/runner/.nimble/', 0x00000000000001ff)
mkdir('/home/runner/.nimble/pkgcache/', 0x00000000000001ff)
mkdir('/home/runner/.nimble/pkgcache/githubcom_CORDEAbackoff', 0x00000000000001ff)
open('/home/runner/.nimble/pkgcache/githubcom_CORDEAbackoff', 622592, 0x0000000000000000)
writev(1, 0x00007ffd8ee61af0, 2)
open('/home/runner/.nimble/pkgcache/githubcom_CORDEAbackoff', 622592, 0x0000000000000000)
rmdir('/home/runner/.nimble/pkgcache/githubcom_CORDEAbackoff')
writev(1, 0x00007ffd8ee619e0, 2)
mkdir(94372624800496, 0x00000000000001ff)
Error tracing process: readBytes(0x000055d4d6c71af0, 256) error: [Errno 5] Input/output error.
