    Reading official package list
Downloading https://github.com/bunkford/barcode using git
mkdir('/tmp', 0x00000000000001ff)
mkdir('/tmp/nimble_12585', 0x00000000000001ff)
mkdir('/tmp/nimble_12585/githubcom_bunkfordbarcode', 0x00000000000001ff)
rmdir('/tmp/nimble_12585/githubcom_bunkfordbarcode')
mkdir('/tmp/nimble_12585/githubcom_bunkfordbarcode', 0x00000000000001ff)
mkdir('/tmp/nimble_12585/githubcom_bunkfordbarcode/.git', 0x00000000000001ff)
mkdir('/tmp/nimble_12585/githubcom_bunkfordbarcode/.git/', 0x00000000000001ff)
mkdir('/tmp/nimble_12585/githubcom_bunkfordbarcode/.git/hooks/', 0x00000000000001ff)
mkdir('/tmp/nimble_12585/githubcom_bunkfordbarcode/.git/info/', 0x00000000000001ff)
mkdir('/tmp/nimble_12585/githubcom_bunkfordbarcode/.git/branches/', 0x00000000000001ff)
mkdir('/tmp/nimble_12585/githubcom_bunkfordbarcode/.git/refs', 0x00000000000001ff)
mkdir('/tmp/nimble_12585/githubcom_bunkfordbarcode/.git/refs/heads', 0x00000000000001ff)
mkdir('/tmp/nimble_12585/githubcom_bunkfordbarcode/.git/refs/tags', 0x00000000000001ff)
rename('/tmp/nimble_12585/githubcom_bunkfordbarcode/.git/HEAD.lock', '/tmp/nimble_12585/githubcom_bunkfordbarcode/.git/HEAD')
rename('/tmp/nimble_12585/githubcom_bunkfordbarcode/.git/config.lock', '/tmp/nimble_12585/githubcom_bunkfordbarcode/.git/config')
chmod('/tmp/nimble_12585/githubcom_bunkfordbarcode/.git/config', 0x00000000000081e4)
chmod('/tmp/nimble_12585/githubcom_bunkfordbarcode/.git/config', 0x00000000000081a4)
chmod('/tmp/nimble_12585/githubcom_bunkfordbarcode/.git/config.lock', 0x00000000000001a4)
rename('/tmp/nimble_12585/githubcom_bunkfordbarcode/.git/config.lock', '/tmp/nimble_12585/githubcom_bunkfordbarcode/.git/config')
chmod('/tmp/nimble_12585/githubcom_bunkfordbarcode/.git/config.lock', 0x00000000000001a4)
rename('/tmp/nimble_12585/githubcom_bunkfordbarcode/.git/config.lock', '/tmp/nimble_12585/githubcom_bunkfordbarcode/.git/config')
chmod('/tmp/nimble_12585/githubcom_bunkfordbarcode/.git/config.lock', 0x00000000000001a4)
rename('/tmp/nimble_12585/githubcom_bunkfordbarcode/.git/config.lock', '/tmp/nimble_12585/githubcom_bunkfordbarcode/.git/config')
unlink('/tmp/nimble_12585/githubcom_bunkfordbarcode/.git/t056jvT')
symlink('testing', '/tmp/nimble_12585/githubcom_bunkfordbarcode/.git/t056jvT')
unlink('/tmp/nimble_12585/githubcom_bunkfordbarcode/.git/t056jvT')
mkdir('/tmp/nimble_12585/githubcom_bunkfordbarcode/.git/objects', 0x00000000000001ff)
mkdir('/tmp/nimble_12585/githubcom_bunkfordbarcode/.git/objects/pack', 0x00000000000001ff)
mkdir('/tmp/nimble_12585/githubcom_bunkfordbarcode/.git/objects/info', 0x00000000000001ff)
chmod('/tmp/nimble_12585/githubcom_bunkfordbarcode/.git/config.lock', 0x00000000000001a4)
rename('/tmp/nimble_12585/githubcom_bunkfordbarcode/.git/config.lock', '/tmp/nimble_12585/githubcom_bunkfordbarcode/.git/config')
chmod('/tmp/nimble_12585/githubcom_bunkfordbarcode/.git/config.lock', 0x00000000000001a4)
rename('/tmp/nimble_12585/githubcom_bunkfordbarcode/.git/config.lock', '/tmp/nimble_12585/githubcom_bunkfordbarcode/.git/config')
chmod('/tmp/nimble_12585/githubcom_bunkfordbarcode/.git/config.lock', 0x00000000000001a4)
rename('/tmp/nimble_12585/githubcom_bunkfordbarcode/.git/config.lock', '/tmp/nimble_12585/githubcom_bunkfordbarcode/.git/config')
mkdir('/tmp/nimble_12585/githubcom_bunkfordbarcode/.git/objects/65', 0x00000000000001ff)
link('/tmp/nimble_12585/githubcom_bunkfordbarcode/.git/objects/65/tmp_obj_7SbNOT', '/tmp/nimble_12585/githubcom_bunkfordbarcode/.git/objects/65/fa44cadcb6a77feb2f89c69ce1060a7c8fd49f')
unlink('/tmp/nimble_12585/githubcom_bunkfordbarcode/.git/objects/65/tmp_obj_7SbNOT')
mkdir('/tmp/nimble_12585/githubcom_bunkfordbarcode/.git/objects/be', 0x00000000000001ff)
link('/tmp/nimble_12585/githubcom_bunkfordbarcode/.git/objects/be/tmp_obj_ntoiDV', '/tmp/nimble_12585/githubcom_bunkfordbarcode/.git/objects/be/556f95908b0e861ffd4aeddf00cf0be135bf46')
unlink('/tmp/nimble_12585/githubcom_bunkfordbarcode/.git/objects/be/tmp_obj_ntoiDV')
mkdir('/tmp/nimble_12585/githubcom_bunkfordbarcode/.git/objects/cc', 0x00000000000001ff)
link('/tmp/nimble_12585/githubcom_bunkfordbarcode/.git/objects/cc/tmp_obj_Bw8mVZ', '/tmp/nimble_12585/githubcom_bunkfordbarcode/.git/objects/cc/9230ddbbf00c40e51cfa5f81e95a86a1151234')
unlink('/tmp/nimble_12585/githubcom_bunkfordbarcode/.git/objects/cc/tmp_obj_Bw8mVZ')
mkdir('/tmp/nimble_12585/githubcom_bunkfordbarcode/.git/objects/c1', 0x00000000000001ff)
link('/tmp/nimble_12585/githubcom_bunkfordbarcode/.git/objects/c1/tmp_obj_TpoxW2', '/tmp/nimble_12585/githubcom_bunkfordbarcode/.git/objects/c1/dd806abca63168a418ddbdf03ea2b01403c2ca')
unlink('/tmp/nimble_12585/githubcom_bunkfordbarcode/.git/objects/c1/tmp_obj_TpoxW2')
mkdir('/tmp/nimble_12585/githubcom_bunkfordbarcode/.git/objects/19', 0x00000000000001ff)
link('/tmp/nimble_12585/githubcom_bunkfordbarcode/.git/objects/19/tmp_obj_7U0KW8', '/tmp/nimble_12585/githubcom_bunkfordbarcode/.git/objects/19/e1f47f6bfb4530b2c7b47e0ac830464361228f')
unlink('/tmp/nimble_12585/githubcom_bunkfordbarcode/.git/objects/19/tmp_obj_7U0KW8')
mkdir('/tmp/nimble_12585/githubcom_bunkfordbarcode/.git/objects/e4', 0x00000000000001ff)
link('/tmp/nimble_12585/githubcom_bunkfordbarcode/.git/objects/e4/tmp_obj_D1JASb', '/tmp/nimble_12585/githubcom_bunkfordbarcode/.git/objects/e4/c12461fa651c520170a00ff19bcf02fa4c2c7d')
unlink('/tmp/nimble_12585/githubcom_bunkfordbarcode/.git/objects/e4/tmp_obj_D1JASb')
mkdir('/tmp/nimble_12585/githubcom_bunkfordbarcode/.git/objects/dc', 0x00000000000001ff)
link('/tmp/nimble_12585/githubcom_bunkfordbarcode/.git/objects/dc/tmp_obj_PhV5Ge', '/tmp/nimble_12585/githubcom_bunkfordbarcode/.git/objects/dc/20f3334ae29ec0892fc232b33c14acfa0c6d63')
unlink('/tmp/nimble_12585/githubcom_bunkfordbarcode/.git/objects/dc/tmp_obj_PhV5Ge')
mkdir('/tmp/nimble_12585/githubcom_bunkfordbarcode/.git/objects/6c', 0x00000000000001ff)
link('/tmp/nimble_12585/githubcom_bunkfordbarcode/.git/objects/6c/tmp_obj_b3dmzk', '/tmp/nimble_12585/githubcom_bunkfordbarcode/.git/objects/6c/8c63e508a3b365e842ea8fcc81b78168a71b31')
unlink('/tmp/nimble_12585/githubcom_bunkfordbarcode/.git/objects/6c/tmp_obj_b3dmzk')
mkdir('/tmp/nimble_12585/githubcom_bunkfordbarcode/.git/objects/ae', 0x00000000000001ff)
link('/tmp/nimble_12585/githubcom_bunkfordbarcode/.git/objects/ae/tmp_obj_MsVane', '/tmp/nimble_12585/githubcom_bunkfordbarcode/.git/objects/ae/a476d0bbf7d8deb77e277d216962e049acb56f')
unlink('/tmp/nimble_12585/githubcom_bunkfordbarcode/.git/objects/ae/tmp_obj_MsVane')
mkdir('/tmp/nimble_12585/githubcom_bunkfordbarcode/.git/objects/a7', 0x00000000000001ff)
link('/tmp/nimble_12585/githubcom_bunkfordbarcode/.git/objects/a7/tmp_obj_6Gvuoi', '/tmp/nimble_12585/githubcom_bunkfordbarcode/.git/objects/a7/443ea4ae3f1ce4d6144628c455a68791ee65cf')
unlink('/tmp/nimble_12585/githubcom_bunkfordbarcode/.git/objects/a7/tmp_obj_6Gvuoi')
rename('/tmp/nimble_12585/githubcom_bunkfordbarcode/.git/shallow.lock', '/tmp/nimble_12585/githubcom_bunkfordbarcode/.git/shallow')
rename('/tmp/nimble_12585/githubcom_bunkfordbarcode/.git/packed-refs.new', '/tmp/nimble_12585/githubcom_bunkfordbarcode/.git/packed-refs')
unlink('/tmp/nimble_12585/githubcom_bunkfordbarcode/.git/packed-refs.lock')
mkdir('/tmp/nimble_12585/githubcom_bunkfordbarcode/.git/refs/remotes', 0x00000000000001ff)
mkdir('/tmp/nimble_12585/githubcom_bunkfordbarcode/.git/refs/remotes/origin', 0x00000000000001ff)
mkdir('/tmp/nimble_12585/githubcom_bunkfordbarcode/.git/logs', 0x00000000000001ff)
mkdir('/tmp/nimble_12585/githubcom_bunkfordbarcode/.git/logs/refs', 0x00000000000001ff)
mkdir('/tmp/nimble_12585/githubcom_bunkfordbarcode/.git/logs/refs/remotes', 0x00000000000001ff)
mkdir('/tmp/nimble_12585/githubcom_bunkfordbarcode/.git/logs/refs/remotes/origin', 0x00000000000001ff)
rename('/tmp/nimble_12585/githubcom_bunkfordbarcode/.git/refs/remotes/origin/HEAD.lock', '/tmp/nimble_12585/githubcom_bunkfordbarcode/.git/refs/remotes/origin/HEAD')
rename('/tmp/nimble_12585/githubcom_bunkfordbarcode/.git/HEAD.lock', '/tmp/nimble_12585/githubcom_bunkfordbarcode/.git/HEAD')
mkdir('/tmp/nimble_12585/githubcom_bunkfordbarcode/.git/logs/refs/heads', 0x00000000000001ff)
rename('/tmp/nimble_12585/githubcom_bunkfordbarcode/.git/refs/heads/master.lock', '/tmp/nimble_12585/githubcom_bunkfordbarcode/.git/refs/heads/master')       Info /tmp/nimble_12585/githubcom_bunkfordbarcode/barcode_12585.nims(1, 8) Warning: imported and not used: 'system' [UnusedImport]
        ... /tmp/nimble_12585/githubcom_bunkfordbarcode/barcode_12585.nims(5, 22) Warning: imported and not used: 'strutils' [UnusedImport]
  Verifying dependencies for barcode@1.0.0
 Installing barcode@1.0.0
    Copying file /tmp/nimble_12585/githubcom_bunkfordbarcode/src/barcode.nim to /home/runner/.nimble/pkgs/barcode-1.0.0/barcode.nim
    Copying file /tmp/nimble_12585/githubcom_bunkfordbarcode/barcode.nimble to /home/runner/.nimble/pkgs/barcode-1.0.0/barcode.nimble
   Success: barcode installed successfully.
       Info /home/runner/.nimble/pkgs/barcode-1.0.0/barcode_12585.nims(1, 8) Warning: imported and not used: 'system' [UnusedImport]
        ... /home/runner/.nimble/pkgs/barcode-1.0.0/barcode_12585.nims(5, 22) Warning: imported and not used: 'strutils' [UnusedImport]

unlink('/tmp/nimble_12585/githubcom_bunkfordbarcode/.git/HEAD.lock')
chmod('/tmp/nimble_12585/githubcom_bunkfordbarcode/.git/config.lock', 0x00000000000001a4)
rename('/tmp/nimble_12585/githubcom_bunkfordbarcode/.git/config.lock', '/tmp/nimble_12585/githubcom_bunkfordbarcode/.git/config')
chmod('/tmp/nimble_12585/githubcom_bunkfordbarcode/.git/config.lock', 0x00000000000001a4)
rename('/tmp/nimble_12585/githubcom_bunkfordbarcode/.git/config.lock', '/tmp/nimble_12585/githubcom_bunkfordbarcode/.git/config')
mkdir('examples', 0x00000000000001ff)
mkdir('src', 0x00000000000001ff)
rename('/tmp/nimble_12585/githubcom_bunkfordbarcode/.git/index.lock', '/tmp/nimble_12585/githubcom_bunkfordbarcode/.git/index')
mkdir('/tmp', 0x00000000000001ff)
mkdir('/tmp/nimblecache', 0x00000000000001ff)
mkdir('/tmp/nimblecache/barcode_2019856067', 0x00000000000001ff)
unlink('/tmp/nimblecache/barcode_2019856067/barcode.ini')
unlink('/tmp/nimble_12585.out')
unlink('/tmp/nimble_12585/githubcom_bunkfordbarcode/barcode_12585.nims')
mkdir('/home', 0x00000000000001ff)
mkdir('/home/runner', 0x00000000000001ff)
mkdir('/home/runner/.nimble', 0x00000000000001ff)
mkdir('/home/runner/.nimble/pkgs', 0x00000000000001ff)
mkdir('/home/runner/.nimble/pkgs/barcode-1.0.0', 0x00000000000001ff)
mkdir('/home', 0x00000000000001ff)
mkdir('/home/runner', 0x00000000000001ff)
mkdir('/home/runner/.nimble', 0x00000000000001ff)
mkdir('/home/runner/.nimble/pkgs', 0x00000000000001ff)
mkdir('/home/runner/.nimble/pkgs/barcode-1.0.0', 0x00000000000001ff)
chmod('/home/runner/.nimble/pkgs/barcode-1.0.0/barcode.nim', 0x00000000000001a4)
chmod('/home/runner/.nimble/pkgs/barcode-1.0.0/barcode.nimble', 0x00000000000001a4)
mkdir('/tmp', 0x00000000000001ff)
mkdir('/tmp/nimblecache', 0x00000000000001ff)
mkdir('/tmp/nimblecache/barcode_1803984967', 0x00000000000001ff)
unlink('/tmp/nimblecache/barcode_1803984967/barcode.ini')
unlink('/tmp/nimble_12585.out')
unlink('/home/runner/.nimble/pkgs/barcode-1.0.0/barcode_12585.nims')
unlink('/tmp/nimble_12585/githubcom_bunkfordbarcode/barcode.nimble')
unlink('/tmp/nimble_12585/githubcom_bunkfordbarcode/examples/bcode.nim')
rmdir('/tmp/nimble_12585/githubcom_bunkfordbarcode/examples')
unlink('/tmp/nimble_12585/githubcom_bunkfordbarcode/src/barcode.nim')
rmdir('/tmp/nimble_12585/githubcom_bunkfordbarcode/src')
unlink('/tmp/nimble_12585/githubcom_bunkfordbarcode/.gitignore')
unlink('/tmp/nimble_12585/githubcom_bunkfordbarcode/barcode.html')
unlink('/tmp/nimble_12585/githubcom_bunkfordbarcode/README.md')
unlink('/tmp/nimble_12585/githubcom_bunkfordbarcode/.git/shallow')
unlink('/tmp/nimble_12585/githubcom_bunkfordbarcode/.git/config')
unlink('/tmp/nimble_12585/githubcom_bunkfordbarcode/.git/HEAD')
unlink('/tmp/nimble_12585/githubcom_bunkfordbarcode/.git/index')
unlink('/tmp/nimble_12585/githubcom_bunkfordbarcode/.git/packed-refs')
unlink('/tmp/nimble_12585/githubcom_bunkfordbarcode/.git/logs/HEAD')
unlink('/tmp/nimble_12585/githubcom_bunkfordbarcode/.git/logs/refs/heads/master')
rmdir('/tmp/nimble_12585/githubcom_bunkfordbarcode/.git/logs/refs/heads')
unlink('/tmp/nimble_12585/githubcom_bunkfordbarcode/.git/logs/refs/remotes/origin/HEAD')
rmdir('/tmp/nimble_12585/githubcom_bunkfordbarcode/.git/logs/refs/remotes/origin')
rmdir('/tmp/nimble_12585/githubcom_bunkfordbarcode/.git/logs/refs/remotes')
rmdir('/tmp/nimble_12585/githubcom_bunkfordbarcode/.git/logs/refs')
rmdir('/tmp/nimble_12585/githubcom_bunkfordbarcode/.git/logs')
unlink('/tmp/nimble_12585/githubcom_bunkfordbarcode/.git/hooks/pre-commit.sample')
unlink('/tmp/nimble_12585/githubcom_bunkfordbarcode/.git/hooks/pre-applypatch.sample')
unlink('/tmp/nimble_12585/githubcom_bunkfordbarcode/.git/hooks/pre-merge-commit.sample')
unlink('/tmp/nimble_12585/githubcom_bunkfordbarcode/.git/hooks/commit-msg.sample')
unlink('/tmp/nimble_12585/githubcom_bunkfordbarcode/.git/hooks/update.sample')
unlink('/tmp/nimble_12585/githubcom_bunkfordbarcode/.git/hooks/applypatch-msg.sample')
unlink('/tmp/nimble_12585/githubcom_bunkfordbarcode/.git/hooks/prepare-commit-msg.sample')
unlink('/tmp/nimble_12585/githubcom_bunkfordbarcode/.git/hooks/pre-receive.sample')
unlink('/tmp/nimble_12585/githubcom_bunkfordbarcode/.git/hooks/pre-push.sample')
unlink('/tmp/nimble_12585/githubcom_bunkfordbarcode/.git/hooks/pre-rebase.sample')
unlink('/tmp/nimble_12585/githubcom_bunkfordbarcode/.git/hooks/fsmonitor-watchman.sample')
unlink('/tmp/nimble_12585/githubcom_bunkfordbarcode/.git/hooks/post-update.sample')
rmdir('/tmp/nimble_12585/githubcom_bunkfordbarcode/.git/hooks')
unlink('/tmp/nimble_12585/githubcom_bunkfordbarcode/.git/description')
unlink('/tmp/nimble_12585/githubcom_bunkfordbarcode/.git/objects/dc/20f3334ae29ec0892fc232b33c14acfa0c6d63')
rmdir('/tmp/nimble_12585/githubcom_bunkfordbarcode/.git/objects/dc')
unlink('/tmp/nimble_12585/githubcom_bunkfordbarcode/.git/objects/be/556f95908b0e861ffd4aeddf00cf0be135bf46')
rmdir('/tmp/nimble_12585/githubcom_bunkfordbarcode/.git/objects/be')
unlink('/tmp/nimble_12585/githubcom_bunkfordbarcode/.git/objects/65/fa44cadcb6a77feb2f89c69ce1060a7c8fd49f')
rmdir('/tmp/nimble_12585/githubcom_bunkfordbarcode/.git/objects/65')
unlink('/tmp/nimble_12585/githubcom_bunkfordbarcode/.git/objects/e4/c12461fa651c520170a00ff19bcf02fa4c2c7d')
rmdir('/tmp/nimble_12585/githubcom_bunkfordbarcode/.git/objects/e4')
unlink('/tmp/nimble_12585/githubcom_bunkfordbarcode/.git/objects/6c/8c63e508a3b365e842ea8fcc81b78168a71b31')
rmdir('/tmp/nimble_12585/githubcom_bunkfordbarcode/.git/objects/6c')
unlink('/tmp/nimble_12585/githubcom_bunkfordbarcode/.git/objects/a7/443ea4ae3f1ce4d6144628c455a68791ee65cf')
rmdir('/tmp/nimble_12585/githubcom_bunkfordbarcode/.git/objects/a7')
rmdir('/tmp/nimble_12585/githubcom_bunkfordbarcode/.git/objects/pack')
unlink('/tmp/nimble_12585/githubcom_bunkfordbarcode/.git/objects/c1/dd806abca63168a418ddbdf03ea2b01403c2ca')
rmdir('/tmp/nimble_12585/githubcom_bunkfordbarcode/.git/objects/c1')
unlink('/tmp/nimble_12585/githubcom_bunkfordbarcode/.git/objects/cc/9230ddbbf00c40e51cfa5f81e95a86a1151234')
rmdir('/tmp/nimble_12585/githubcom_bunkfordbarcode/.git/objects/cc')
unlink('/tmp/nimble_12585/githubcom_bunkfordbarcode/.git/objects/ae/a476d0bbf7d8deb77e277d216962e049acb56f')
rmdir('/tmp/nimble_12585/githubcom_bunkfordbarcode/.git/objects/ae')
rmdir('/tmp/nimble_12585/githubcom_bunkfordbarcode/.git/objects/info')
unlink('/tmp/nimble_12585/githubcom_bunkfordbarcode/.git/objects/19/e1f47f6bfb4530b2c7b47e0ac830464361228f')
rmdir('/tmp/nimble_12585/githubcom_bunkfordbarcode/.git/objects/19')
rmdir('/tmp/nimble_12585/githubcom_bunkfordbarcode/.git/objects')
unlink('/tmp/nimble_12585/githubcom_bunkfordbarcode/.git/refs/heads/master')
rmdir('/tmp/nimble_12585/githubcom_bunkfordbarcode/.git/refs/heads')
rmdir('/tmp/nimble_12585/githubcom_bunkfordbarcode/.git/refs/tags')
unlink('/tmp/nimble_12585/githubcom_bunkfordbarcode/.git/refs/remotes/origin/HEAD')
rmdir('/tmp/nimble_12585/githubcom_bunkfordbarcode/.git/refs/remotes/origin')
rmdir('/tmp/nimble_12585/githubcom_bunkfordbarcode/.git/refs/remotes')
rmdir('/tmp/nimble_12585/githubcom_bunkfordbarcode/.git/refs')
unlink('/tmp/nimble_12585/githubcom_bunkfordbarcode/.git/info/exclude')
rmdir('/tmp/nimble_12585/githubcom_bunkfordbarcode/.git/info')
rmdir('/tmp/nimble_12585/githubcom_bunkfordbarcode/.git/branches')
rmdir('/tmp/nimble_12585/githubcom_bunkfordbarcode/.git')
rmdir('/tmp/nimble_12585/githubcom_bunkfordbarcode')
rmdir('/tmp/nimble_12585')
  create directory /tmp
  create directory /tmp/nimble_12585
  create directory /tmp/nimble_12585/githubcom_bunkfordbarcode
  delete /tmp/nimble_12585/githubcom_bunkfordbarcode
  create directory /tmp/nimble_12585/githubcom_bunkfordbarcode
  create directory /tmp/nimble_12585/githubcom_bunkfordbarcode/.git
  create directory /tmp/nimble_12585/githubcom_bunkfordbarcode/.git
  create directory /tmp/nimble_12585/githubcom_bunkfordbarcode/.git/hooks
  create directory /tmp/nimble_12585/githubcom_bunkfordbarcode/.git/info
  create directory /tmp/nimble_12585/githubcom_bunkfordbarcode/.git/branches
  create directory /tmp/nimble_12585/githubcom_bunkfordbarcode/.git/refs
  create directory /tmp/nimble_12585/githubcom_bunkfordbarcode/.git/refs/heads
  create directory /tmp/nimble_12585/githubcom_bunkfordbarcode/.git/refs/tags
  rename /tmp/nimble_12585/githubcom_bunkfordbarcode/.git/HEAD.lock to HEAD
  rename /tmp/nimble_12585/githubcom_bunkfordbarcode/.git/config.lock to config
  change permissions of /tmp/nimble_12585/githubcom_bunkfordbarcode/.git/config to rwxr--r--
  change permissions of /tmp/nimble_12585/githubcom_bunkfordbarcode/.git/config to rw-r--r--
  change permissions of /tmp/nimble_12585/githubcom_bunkfordbarcode/.git/config.lock to rw-r--r--
  rename /tmp/nimble_12585/githubcom_bunkfordbarcode/.git/config.lock to config
  change permissions of /tmp/nimble_12585/githubcom_bunkfordbarcode/.git/config.lock to rw-r--r--
  rename /tmp/nimble_12585/githubcom_bunkfordbarcode/.git/config.lock to config
  change permissions of /tmp/nimble_12585/githubcom_bunkfordbarcode/.git/config.lock to rw-r--r--
  rename /tmp/nimble_12585/githubcom_bunkfordbarcode/.git/config.lock to config
  delete /tmp/nimble_12585/githubcom_bunkfordbarcode/.git/t056jvT
  create symbolic link from /tmp/nimble_12585/githubcom_bunkfordbarcode/.git/t056jvT to /home/runner/work/nim_packages_security_audit/nim_packages_security_audit/testing
  delete /tmp/nimble_12585/githubcom_bunkfordbarcode/.git/t056jvT
  create directory /tmp/nimble_12585/githubcom_bunkfordbarcode/.git/objects
  create directory /tmp/nimble_12585/githubcom_bunkfordbarcode/.git/objects/pack
  create directory /tmp/nimble_12585/githubcom_bunkfordbarcode/.git/objects/info
  change permissions of /tmp/nimble_12585/githubcom_bunkfordbarcode/.git/config.lock to rw-r--r--
  rename /tmp/nimble_12585/githubcom_bunkfordbarcode/.git/config.lock to config
  change permissions of /tmp/nimble_12585/githubcom_bunkfordbarcode/.git/config.lock to rw-r--r--
  rename /tmp/nimble_12585/githubcom_bunkfordbarcode/.git/config.lock to config
  change permissions of /tmp/nimble_12585/githubcom_bunkfordbarcode/.git/config.lock to rw-r--r--
  rename /tmp/nimble_12585/githubcom_bunkfordbarcode/.git/config.lock to config
  create directory /tmp/nimble_12585/githubcom_bunkfordbarcode/.git/objects/65
  create hard link from /tmp/nimble_12585/githubcom_bunkfordbarcode/.git/objects/65/fa44cadcb6a77feb2f89c69ce1060a7c8fd49f to /tmp/nimble_12585/githubcom_bunkfordbarcode/.git/objects/65/tmp_obj_7SbNOT
  delete /tmp/nimble_12585/githubcom_bunkfordbarcode/.git/objects/65/tmp_obj_7SbNOT
  create directory /tmp/nimble_12585/githubcom_bunkfordbarcode/.git/objects/be
  create hard link from /tmp/nimble_12585/githubcom_bunkfordbarcode/.git/objects/be/556f95908b0e861ffd4aeddf00cf0be135bf46 to /tmp/nimble_12585/githubcom_bunkfordbarcode/.git/objects/be/tmp_obj_ntoiDV
  delete /tmp/nimble_12585/githubcom_bunkfordbarcode/.git/objects/be/tmp_obj_ntoiDV
  create directory /tmp/nimble_12585/githubcom_bunkfordbarcode/.git/objects/cc
  create hard link from /tmp/nimble_12585/githubcom_bunkfordbarcode/.git/objects/cc/9230ddbbf00c40e51cfa5f81e95a86a1151234 to /tmp/nimble_12585/githubcom_bunkfordbarcode/.git/objects/cc/tmp_obj_Bw8mVZ
  delete /tmp/nimble_12585/githubcom_bunkfordbarcode/.git/objects/cc/tmp_obj_Bw8mVZ
  create directory /tmp/nimble_12585/githubcom_bunkfordbarcode/.git/objects/c1
  create hard link from /tmp/nimble_12585/githubcom_bunkfordbarcode/.git/objects/c1/dd806abca63168a418ddbdf03ea2b01403c2ca to /tmp/nimble_12585/githubcom_bunkfordbarcode/.git/objects/c1/tmp_obj_TpoxW2
  delete /tmp/nimble_12585/githubcom_bunkfordbarcode/.git/objects/c1/tmp_obj_TpoxW2
  create directory /tmp/nimble_12585/githubcom_bunkfordbarcode/.git/objects/19
  create hard link from /tmp/nimble_12585/githubcom_bunkfordbarcode/.git/objects/19/e1f47f6bfb4530b2c7b47e0ac830464361228f to /tmp/nimble_12585/githubcom_bunkfordbarcode/.git/objects/19/tmp_obj_7U0KW8
  delete /tmp/nimble_12585/githubcom_bunkfordbarcode/.git/objects/19/tmp_obj_7U0KW8
  create directory /tmp/nimble_12585/githubcom_bunkfordbarcode/.git/objects/e4
  create hard link from /tmp/nimble_12585/githubcom_bunkfordbarcode/.git/objects/e4/c12461fa651c520170a00ff19bcf02fa4c2c7d to /tmp/nimble_12585/githubcom_bunkfordbarcode/.git/objects/e4/tmp_obj_D1JASb
  delete /tmp/nimble_12585/githubcom_bunkfordbarcode/.git/objects/e4/tmp_obj_D1JASb
  create directory /tmp/nimble_12585/githubcom_bunkfordbarcode/.git/objects/dc
  create hard link from /tmp/nimble_12585/githubcom_bunkfordbarcode/.git/objects/dc/20f3334ae29ec0892fc232b33c14acfa0c6d63 to /tmp/nimble_12585/githubcom_bunkfordbarcode/.git/objects/dc/tmp_obj_PhV5Ge
  delete /tmp/nimble_12585/githubcom_bunkfordbarcode/.git/objects/dc/tmp_obj_PhV5Ge
  create directory /tmp/nimble_12585/githubcom_bunkfordbarcode/.git/objects/6c
  create hard link from /tmp/nimble_12585/githubcom_bunkfordbarcode/.git/objects/6c/8c63e508a3b365e842ea8fcc81b78168a71b31 to /tmp/nimble_12585/githubcom_bunkfordbarcode/.git/objects/6c/tmp_obj_b3dmzk
  delete /tmp/nimble_12585/githubcom_bunkfordbarcode/.git/objects/6c/tmp_obj_b3dmzk
  create directory /tmp/nimble_12585/githubcom_bunkfordbarcode/.git/objects/ae
  create hard link from /tmp/nimble_12585/githubcom_bunkfordbarcode/.git/objects/ae/a476d0bbf7d8deb77e277d216962e049acb56f to /tmp/nimble_12585/githubcom_bunkfordbarcode/.git/objects/ae/tmp_obj_MsVane
  delete /tmp/nimble_12585/githubcom_bunkfordbarcode/.git/objects/ae/tmp_obj_MsVane
  create directory /tmp/nimble_12585/githubcom_bunkfordbarcode/.git/objects/a7
  create hard link from /tmp/nimble_12585/githubcom_bunkfordbarcode/.git/objects/a7/443ea4ae3f1ce4d6144628c455a68791ee65cf to /tmp/nimble_12585/githubcom_bunkfordbarcode/.git/objects/a7/tmp_obj_6Gvuoi
  delete /tmp/nimble_12585/githubcom_bunkfordbarcode/.git/objects/a7/tmp_obj_6Gvuoi
  rename /tmp/nimble_12585/githubcom_bunkfordbarcode/.git/shallow.lock to shallow
  rename /tmp/nimble_12585/githubcom_bunkfordbarcode/.git/packed-refs.new to packed-refs
  delete /tmp/nimble_12585/githubcom_bunkfordbarcode/.git/packed-refs.lock
  create directory /tmp/nimble_12585/githubcom_bunkfordbarcode/.git/refs/remotes
  create directory /tmp/nimble_12585/githubcom_bunkfordbarcode/.git/refs/remotes/origin
  create directory /tmp/nimble_12585/githubcom_bunkfordbarcode/.git/logs
  create directory /tmp/nimble_12585/githubcom_bunkfordbarcode/.git/logs/refs
  create directory /tmp/nimble_12585/githubcom_bunkfordbarcode/.git/logs/refs/remotes
  create directory /tmp/nimble_12585/githubcom_bunkfordbarcode/.git/logs/refs/remotes/origin
  rename /tmp/nimble_12585/githubcom_bunkfordbarcode/.git/refs/remotes/origin/HEAD.lock to HEAD
  rename /tmp/nimble_12585/githubcom_bunkfordbarcode/.git/HEAD.lock to HEAD
  create directory /tmp/nimble_12585/githubcom_bunkfordbarcode/.git/logs/refs/heads
  rename /tmp/nimble_12585/githubcom_bunkfordbarcode/.git/refs/heads/master.lock to master
  delete /tmp/nimble_12585/githubcom_bunkfordbarcode/.git/HEAD.lock
  change permissions of /tmp/nimble_12585/githubcom_bunkfordbarcode/.git/config.lock to rw-r--r--
  rename /tmp/nimble_12585/githubcom_bunkfordbarcode/.git/config.lock to config
  change permissions of /tmp/nimble_12585/githubcom_bunkfordbarcode/.git/config.lock to rw-r--r--
  rename /tmp/nimble_12585/githubcom_bunkfordbarcode/.git/config.lock to config
  create directory /tmp/nimble_12585/githubcom_bunkfordbarcode/examples
  create directory /tmp/nimble_12585/githubcom_bunkfordbarcode/src
  rename /tmp/nimble_12585/githubcom_bunkfordbarcode/.git/index.lock to index
  create directory /tmp
  create directory /tmp/nimblecache
  create directory /tmp/nimblecache/barcode_2019856067
  delete /tmp/nimblecache/barcode_2019856067/barcode.ini
  delete /tmp/nimble_12585.out
  delete /tmp/nimble_12585/githubcom_bunkfordbarcode/barcode_12585.nims
  create directory /home
  create directory /home/runner
  create directory /home/runner/.nimble
  create directory /home/runner/.nimble/pkgs
  create directory /home/runner/.nimble/pkgs/barcode-1.0.0
  create directory /home
  create directory /home/runner
  create directory /home/runner/.nimble
  create directory /home/runner/.nimble/pkgs
  create directory /home/runner/.nimble/pkgs/barcode-1.0.0
  change permissions of /home/runner/.nimble/pkgs/barcode-1.0.0/barcode.nim to rw-r--r--
  change permissions of /home/runner/.nimble/pkgs/barcode-1.0.0/barcode.nimble to rw-r--r--
  create directory /tmp
  create directory /tmp/nimblecache
  create directory /tmp/nimblecache/barcode_1803984967
  delete /tmp/nimblecache/barcode_1803984967/barcode.ini
  delete /tmp/nimble_12585.out
  delete /home/runner/.nimble/pkgs/barcode-1.0.0/barcode_12585.nims
  delete /tmp/nimble_12585/githubcom_bunkfordbarcode/barcode.nimble
  delete /tmp/nimble_12585/githubcom_bunkfordbarcode/examples/bcode.nim
  delete /tmp/nimble_12585/githubcom_bunkfordbarcode/examples
  delete /tmp/nimble_12585/githubcom_bunkfordbarcode/src/barcode.nim
  delete /tmp/nimble_12585/githubcom_bunkfordbarcode/src
  delete /tmp/nimble_12585/githubcom_bunkfordbarcode/.gitignore
  delete /tmp/nimble_12585/githubcom_bunkfordbarcode/barcode.html
  delete /tmp/nimble_12585/githubcom_bunkfordbarcode/README.md
  delete /tmp/nimble_12585/githubcom_bunkfordbarcode/.git/shallow
  delete /tmp/nimble_12585/githubcom_bunkfordbarcode/.git/config
  delete /tmp/nimble_12585/githubcom_bunkfordbarcode/.git/HEAD
  delete /tmp/nimble_12585/githubcom_bunkfordbarcode/.git/index
  delete /tmp/nimble_12585/githubcom_bunkfordbarcode/.git/packed-refs
  delete /tmp/nimble_12585/githubcom_bunkfordbarcode/.git/logs/HEAD
  delete /tmp/nimble_12585/githubcom_bunkfordbarcode/.git/logs/refs/heads/master
  delete /tmp/nimble_12585/githubcom_bunkfordbarcode/.git/logs/refs/heads
  delete /tmp/nimble_12585/githubcom_bunkfordbarcode/.git/logs/refs/remotes/origin/HEAD
  delete /tmp/nimble_12585/githubcom_bunkfordbarcode/.git/logs/refs/remotes/origin
  delete /tmp/nimble_12585/githubcom_bunkfordbarcode/.git/logs/refs/remotes
  delete /tmp/nimble_12585/githubcom_bunkfordbarcode/.git/logs/refs
  delete /tmp/nimble_12585/githubcom_bunkfordbarcode/.git/logs
  delete /tmp/nimble_12585/githubcom_bunkfordbarcode/.git/hooks/pre-commit.sample
  delete /tmp/nimble_12585/githubcom_bunkfordbarcode/.git/hooks/pre-applypatch.sample
  delete /tmp/nimble_12585/githubcom_bunkfordbarcode/.git/hooks/pre-merge-commit.sample
  delete /tmp/nimble_12585/githubcom_bunkfordbarcode/.git/hooks/commit-msg.sample
  delete /tmp/nimble_12585/githubcom_bunkfordbarcode/.git/hooks/update.sample
  delete /tmp/nimble_12585/githubcom_bunkfordbarcode/.git/hooks/applypatch-msg.sample
  delete /tmp/nimble_12585/githubcom_bunkfordbarcode/.git/hooks/prepare-commit-msg.sample
  delete /tmp/nimble_12585/githubcom_bunkfordbarcode/.git/hooks/pre-receive.sample
  delete /tmp/nimble_12585/githubcom_bunkfordbarcode/.git/hooks/pre-push.sample
  delete /tmp/nimble_12585/githubcom_bunkfordbarcode/.git/hooks/pre-rebase.sample
  delete /tmp/nimble_12585/githubcom_bunkfordbarcode/.git/hooks/fsmonitor-watchman.sample
  delete /tmp/nimble_12585/githubcom_bunkfordbarcode/.git/hooks/post-update.sample
  delete /tmp/nimble_12585/githubcom_bunkfordbarcode/.git/hooks
  delete /tmp/nimble_12585/githubcom_bunkfordbarcode/.git/description
  delete /tmp/nimble_12585/githubcom_bunkfordbarcode/.git/objects/dc/20f3334ae29ec0892fc232b33c14acfa0c6d63
  delete /tmp/nimble_12585/githubcom_bunkfordbarcode/.git/objects/dc
  delete /tmp/nimble_12585/githubcom_bunkfordbarcode/.git/objects/be/556f95908b0e861ffd4aeddf00cf0be135bf46
  delete /tmp/nimble_12585/githubcom_bunkfordbarcode/.git/objects/be
  delete /tmp/nimble_12585/githubcom_bunkfordbarcode/.git/objects/65/fa44cadcb6a77feb2f89c69ce1060a7c8fd49f
  delete /tmp/nimble_12585/githubcom_bunkfordbarcode/.git/objects/65
  delete /tmp/nimble_12585/githubcom_bunkfordbarcode/.git/objects/e4/c12461fa651c520170a00ff19bcf02fa4c2c7d
  delete /tmp/nimble_12585/githubcom_bunkfordbarcode/.git/objects/e4
  delete /tmp/nimble_12585/githubcom_bunkfordbarcode/.git/objects/6c/8c63e508a3b365e842ea8fcc81b78168a71b31
  delete /tmp/nimble_12585/githubcom_bunkfordbarcode/.git/objects/6c
  delete /tmp/nimble_12585/githubcom_bunkfordbarcode/.git/objects/a7/443ea4ae3f1ce4d6144628c455a68791ee65cf
  delete /tmp/nimble_12585/githubcom_bunkfordbarcode/.git/objects/a7
  delete /tmp/nimble_12585/githubcom_bunkfordbarcode/.git/objects/pack
  delete /tmp/nimble_12585/githubcom_bunkfordbarcode/.git/objects/c1/dd806abca63168a418ddbdf03ea2b01403c2ca
  delete /tmp/nimble_12585/githubcom_bunkfordbarcode/.git/objects/c1
  delete /tmp/nimble_12585/githubcom_bunkfordbarcode/.git/objects/cc/9230ddbbf00c40e51cfa5f81e95a86a1151234
  delete /tmp/nimble_12585/githubcom_bunkfordbarcode/.git/objects/cc
  delete /tmp/nimble_12585/githubcom_bunkfordbarcode/.git/objects/ae/a476d0bbf7d8deb77e277d216962e049acb56f
  delete /tmp/nimble_12585/githubcom_bunkfordbarcode/.git/objects/ae
  delete /tmp/nimble_12585/githubcom_bunkfordbarcode/.git/objects/info
  delete /tmp/nimble_12585/githubcom_bunkfordbarcode/.git/objects/19/e1f47f6bfb4530b2c7b47e0ac830464361228f
  delete /tmp/nimble_12585/githubcom_bunkfordbarcode/.git/objects/19
  delete /tmp/nimble_12585/githubcom_bunkfordbarcode/.git/objects
  delete /tmp/nimble_12585/githubcom_bunkfordbarcode/.git/refs/heads/master
  delete /tmp/nimble_12585/githubcom_bunkfordbarcode/.git/refs/heads
  delete /tmp/nimble_12585/githubcom_bunkfordbarcode/.git/refs/tags
  delete /tmp/nimble_12585/githubcom_bunkfordbarcode/.git/refs/remotes/origin/HEAD
  delete /tmp/nimble_12585/githubcom_bunkfordbarcode/.git/refs/remotes/origin
  delete /tmp/nimble_12585/githubcom_bunkfordbarcode/.git/refs/remotes
  delete /tmp/nimble_12585/githubcom_bunkfordbarcode/.git/refs
  delete /tmp/nimble_12585/githubcom_bunkfordbarcode/.git/info/exclude
  delete /tmp/nimble_12585/githubcom_bunkfordbarcode/.git/info
  delete /tmp/nimble_12585/githubcom_bunkfordbarcode/.git/branches
  delete /tmp/nimble_12585/githubcom_bunkfordbarcode/.git
  delete /tmp/nimble_12585/githubcom_bunkfordbarcode
  delete /tmp/nimble_12585
