    Reading official package list
Downloading https://github.com/OpenSystemsLab/base32.nim using git
    Cloning latest tagged version: 0.1.3
       Info /tmp/nimble_4799/githubcom_OpenSystemsLabbase32nim/base32_4799.nims(1, 8) Warning: imported and not used: 'system' [UnusedImport]
        ... /tmp/nimble_4799/githubcom_OpenSystemsLabbase32nim/base32_4799.nims(5, 22) Warning: imported and not used: 'strutils' [UnusedImport]
  Verifying dependencies for base32@0.1.3
 Installing base32@0.1.3
mkdir('/tmp', 0x00000000000001ff)
mkdir('/tmp/nimble_4799', 0x00000000000001ff)
mkdir('/tmp/nimble_4799/githubcom_OpenSystemsLabbase32nim', 0x00000000000001ff)
rmdir('/tmp/nimble_4799/githubcom_OpenSystemsLabbase32nim')
mkdir('/tmp/nimble_4799/githubcom_OpenSystemsLabbase32nim', 0x00000000000001ff)
mkdir('/tmp/nimble_4799/githubcom_OpenSystemsLabbase32nim/.git', 0x00000000000001ff)
mkdir('/tmp/nimble_4799/githubcom_OpenSystemsLabbase32nim/.git/', 0x00000000000001ff)
mkdir('/tmp/nimble_4799/githubcom_OpenSystemsLabbase32nim/.git/hooks/', 0x00000000000001ff)
mkdir('/tmp/nimble_4799/githubcom_OpenSystemsLabbase32nim/.git/info/', 0x00000000000001ff)
mkdir('/tmp/nimble_4799/githubcom_OpenSystemsLabbase32nim/.git/branches/', 0x00000000000001ff)
mkdir('/tmp/nimble_4799/githubcom_OpenSystemsLabbase32nim/.git/refs', 0x00000000000001ff)
mkdir('/tmp/nimble_4799/githubcom_OpenSystemsLabbase32nim/.git/refs/heads', 0x00000000000001ff)
mkdir('/tmp/nimble_4799/githubcom_OpenSystemsLabbase32nim/.git/refs/tags', 0x00000000000001ff)
rename('/tmp/nimble_4799/githubcom_OpenSystemsLabbase32nim/.git/HEAD.lock', '/tmp/nimble_4799/githubcom_OpenSystemsLabbase32nim/.git/HEAD')
rename('/tmp/nimble_4799/githubcom_OpenSystemsLabbase32nim/.git/config.lock', '/tmp/nimble_4799/githubcom_OpenSystemsLabbase32nim/.git/config')
chmod('/tmp/nimble_4799/githubcom_OpenSystemsLabbase32nim/.git/config', 0x00000000000081e4)
chmod('/tmp/nimble_4799/githubcom_OpenSystemsLabbase32nim/.git/config', 0x00000000000081a4)
chmod('/tmp/nimble_4799/githubcom_OpenSystemsLabbase32nim/.git/config.lock', 0x00000000000001a4)
rename('/tmp/nimble_4799/githubcom_OpenSystemsLabbase32nim/.git/config.lock', '/tmp/nimble_4799/githubcom_OpenSystemsLabbase32nim/.git/config')
chmod('/tmp/nimble_4799/githubcom_OpenSystemsLabbase32nim/.git/config.lock', 0x00000000000001a4)
rename('/tmp/nimble_4799/githubcom_OpenSystemsLabbase32nim/.git/config.lock', '/tmp/nimble_4799/githubcom_OpenSystemsLabbase32nim/.git/config')
chmod('/tmp/nimble_4799/githubcom_OpenSystemsLabbase32nim/.git/config.lock', 0x00000000000001a4)
rename('/tmp/nimble_4799/githubcom_OpenSystemsLabbase32nim/.git/config.lock', '/tmp/nimble_4799/githubcom_OpenSystemsLabbase32nim/.git/config')
unlink('/tmp/nimble_4799/githubcom_OpenSystemsLabbase32nim/.git/thGZLqP')
symlink('testing', '/tmp/nimble_4799/githubcom_OpenSystemsLabbase32nim/.git/thGZLqP')
unlink('/tmp/nimble_4799/githubcom_OpenSystemsLabbase32nim/.git/thGZLqP')
mkdir('/tmp/nimble_4799/githubcom_OpenSystemsLabbase32nim/.git/objects', 0x00000000000001ff)
mkdir('/tmp/nimble_4799/githubcom_OpenSystemsLabbase32nim/.git/objects/pack', 0x00000000000001ff)
mkdir('/tmp/nimble_4799/githubcom_OpenSystemsLabbase32nim/.git/objects/info', 0x00000000000001ff)
chmod('/tmp/nimble_4799/githubcom_OpenSystemsLabbase32nim/.git/config.lock', 0x00000000000001a4)
rename('/tmp/nimble_4799/githubcom_OpenSystemsLabbase32nim/.git/config.lock', '/tmp/nimble_4799/githubcom_OpenSystemsLabbase32nim/.git/config')
chmod('/tmp/nimble_4799/githubcom_OpenSystemsLabbase32nim/.git/config.lock', 0x00000000000001a4)
rename('/tmp/nimble_4799/githubcom_OpenSystemsLabbase32nim/.git/config.lock', '/tmp/nimble_4799/githubcom_OpenSystemsLabbase32nim/.git/config')
chmod('/tmp/nimble_4799/githubcom_OpenSystemsLabbase32nim/.git/config.lock', 0x00000000000001a4)
rename('/tmp/nimble_4799/githubcom_OpenSystemsLabbase32nim/.git/config.lock', '/tmp/nimble_4799/githubcom_OpenSystemsLabbase32nim/.git/config')
mkdir('/tmp/nimble_4799/githubcom_OpenSystemsLabbase32nim/.git/objects/f5', 0x00000000000001ff)
link('/tmp/nimble_4799/githubcom_OpenSystemsLabbase32nim/.git/objects/f5/tmp_obj_vvkelK', '/tmp/nimble_4799/githubcom_OpenSystemsLabbase32nim/.git/objects/f5/41038fbe49fdb118cc2002d29824b9fc4bfd61')
unlink('/tmp/nimble_4799/githubcom_OpenSystemsLabbase32nim/.git/objects/f5/tmp_obj_vvkelK')
mkdir('/tmp/nimble_4799/githubcom_OpenSystemsLabbase32nim/.git/objects/c8', 0x00000000000001ff)
link('/tmp/nimble_4799/githubcom_OpenSystemsLabbase32nim/.git/objects/c8/tmp_obj_3g6ifQ', '/tmp/nimble_4799/githubcom_OpenSystemsLabbase32nim/.git/objects/c8/a0350f8a93bf304089f39f36469b567bbad5de')
unlink('/tmp/nimble_4799/githubcom_OpenSystemsLabbase32nim/.git/objects/c8/tmp_obj_3g6ifQ')
mkdir('/tmp/nimble_4799/githubcom_OpenSystemsLabbase32nim/.git/objects/23', 0x00000000000001ff)
link('/tmp/nimble_4799/githubcom_OpenSystemsLabbase32nim/.git/objects/23/tmp_obj_VUG4VT', '/tmp/nimble_4799/githubcom_OpenSystemsLabbase32nim/.git/objects/23/a9c339176130e1b78d3f082e6399d676449f80')
unlink('/tmp/nimble_4799/githubcom_OpenSystemsLabbase32nim/.git/objects/23/tmp_obj_VUG4VT')
mkdir('/tmp/nimble_4799/githubcom_OpenSystemsLabbase32nim/.git/objects/1e', 0x00000000000001ff)
link('/tmp/nimble_4799/githubcom_OpenSystemsLabbase32nim/.git/objects/1e/tmp_obj_DDY3dW', '/tmp/nimble_4799/githubcom_OpenSystemsLabbase32nim/.git/objects/1e/0b76cc8ac8607ba553f02a11042b25e325a0c8')
unlink('/tmp/nimble_4799/githubcom_OpenSystemsLabbase32nim/.git/objects/1e/tmp_obj_DDY3dW')
mkdir('/tmp/nimble_4799/githubcom_OpenSystemsLabbase32nim/.git/objects/a7', 0x00000000000001ff)
link('/tmp/nimble_4799/githubcom_OpenSystemsLabbase32nim/.git/objects/a7/tmp_obj_jDJ3CY', '/tmp/nimble_4799/githubcom_OpenSystemsLabbase32nim/.git/objects/a7/d4a1632f37113a858e8bd51672bc2b7d796c76')
unlink('/tmp/nimble_4799/githubcom_OpenSystemsLabbase32nim/.git/objects/a7/tmp_obj_jDJ3CY')
mkdir('/tmp/nimble_4799/githubcom_OpenSystemsLabbase32nim/.git/objects/e5', 0x00000000000001ff)
link('/tmp/nimble_4799/githubcom_OpenSystemsLabbase32nim/.git/objects/e5/tmp_obj_jtK4N0', '/tmp/nimble_4799/githubcom_OpenSystemsLabbase32nim/.git/objects/e5/ff12a8ce8e94d698d5af2cee58e7c431978443')
unlink('/tmp/nimble_4799/githubcom_OpenSystemsLabbase32nim/.git/objects/e5/tmp_obj_jtK4N0')
mkdir('/tmp/nimble_4799/githubcom_OpenSystemsLabbase32nim/.git/objects/bf', 0x00000000000001ff)
link('/tmp/nimble_4799/githubcom_OpenSystemsLabbase32nim/.git/objects/bf/tmp_obj_Tj8BV4', '/tmp/nimble_4799/githubcom_OpenSystemsLabbase32nim/.git/objects/bf/a2a6922a158f00d114178c8c54b2a2c77cde45')
unlink('/tmp/nimble_4799/githubcom_OpenSystemsLabbase32nim/.git/objects/bf/tmp_obj_Tj8BV4')
mkdir('/tmp/nimble_4799/githubcom_OpenSystemsLabbase32nim/.git/objects/c5', 0x00000000000001ff)
link('/tmp/nimble_4799/githubcom_OpenSystemsLabbase32nim/.git/objects/c5/tmp_obj_Jkhfka', '/tmp/nimble_4799/githubcom_OpenSystemsLabbase32nim/.git/objects/c5/fd448a9cc126448ee52fd868f226742f425c48')
unlink('/tmp/nimble_4799/githubcom_OpenSystemsLabbase32nim/.git/objects/c5/tmp_obj_Jkhfka')
mkdir('/tmp/nimble_4799/githubcom_OpenSystemsLabbase32nim/.git/objects/6d', 0x00000000000001ff)
link('/tmp/nimble_4799/githubcom_OpenSystemsLabbase32nim/.git/objects/6d/tmp_obj_PfPG6e', '/tmp/nimble_4799/githubcom_OpenSystemsLabbase32nim/.git/objects/6d/3784ccc1e4ca4f459431879468e88260f79c3c')
unlink('/tmp/nimble_4799/githubcom_OpenSystemsLabbase32nim/.git/objects/6d/tmp_obj_PfPG6e')
rename('/tmp/nimble_4799/githubcom_OpenSystemsLabbase32nim/.git/shallow.lock', '/tmp/nimble_4799/githubcom_OpenSystemsLabbase32nim/.git/shallow')
rename('/tmp/nimble_4799/githubcom_OpenSystemsLabbase32nim/.git/packed-refs.new', '/tmp/nimble_4799/githubcom_OpenSystemsLabbase32nim/.git/packed-refs')
unlink('/tmp/nimble_4799/githubcom_OpenSystemsLabbase32nim/.git/packed-refs.lock')
unlink('/tmp/nimble_4799/githubcom_OpenSystemsLabbase32nim/.git/refs/tags/0.1.3.lock')
mkdir('/tmp/nimble_4799/githubcom_OpenSystemsLabbase32nim/.git/logs', 0x00000000000001ff)
rename('/tmp/nimble_4799/githubcom_OpenSystemsLabbase32nim/.git/HEAD.lock', '/tmp/nimble_4799/githubcom_OpenSystemsLabbase32nim/.git/HEAD')
mkdir('tests', 0x00000000000001ff)
rename('/tmp/nimble_4799/githubcom_OpenSystemsLabbase32nim/.git/index.lock', '/tmp/nimble_4799/githubcom_OpenSystemsLabbase32nim/.git/index')
mkdir('/tmp', 0x00000000000001ff)
mkdir('/tmp/nimblecache', 0x00000000000001ff)
mkdir('/tmp/nimblecache/base32_1500357293', 0x00000000000001ff)
unlink('/tmp/nimblecache/base32_1500357293/base32.ini')
unlink('/tmp/nimble_4799.out')
unlink('/tmp/nimble_4799/githubcom_OpenSystemsLabbase32nim/base32_4799.nims')
mkdir('/home', 0x00000000000001ff)
mkdir('/home/runner', 0x00000000000001ff)    Copying file /tmp/nimble_4799/githubcom_OpenSystemsLabbase32nim/base32.nim to /home/runner/.nimble/pkgs/base32-0.1.3/base32.nim
    Copying file /tmp/nimble_4799/githubcom_OpenSystemsLabbase32nim/base32.nimble to /home/runner/.nimble/pkgs/base32-0.1.3/base32.nimble
   Success: base32 installed successfully.
       Info /home/runner/.nimble/pkgs/base32-0.1.3/base32_4799.nims(1, 8) Warning: imported and not used: 'system' [UnusedImport]
        ... /home/runner/.nimble/pkgs/base32-0.1.3/base32_4799.nims(5, 22) Warning: imported and not used: 'strutils' [UnusedImport]

mkdir('/home/runner/.nimble', 0x00000000000001ff)
mkdir('/home/runner/.nimble/pkgs', 0x00000000000001ff)
mkdir('/home/runner/.nimble/pkgs/base32-0.1.3', 0x00000000000001ff)
mkdir('/home', 0x00000000000001ff)
mkdir('/home/runner', 0x00000000000001ff)
mkdir('/home/runner/.nimble', 0x00000000000001ff)
mkdir('/home/runner/.nimble/pkgs', 0x00000000000001ff)
mkdir('/home/runner/.nimble/pkgs/base32-0.1.3', 0x00000000000001ff)
chmod('/home/runner/.nimble/pkgs/base32-0.1.3/base32.nim', 0x00000000000001a4)
chmod('/home/runner/.nimble/pkgs/base32-0.1.3/base32.nimble', 0x00000000000001a4)
mkdir('/tmp', 0x00000000000001ff)
mkdir('/tmp/nimblecache', 0x00000000000001ff)
mkdir('/tmp/nimblecache/base32_4228419722', 0x00000000000001ff)
unlink('/tmp/nimblecache/base32_4228419722/base32.ini')
unlink('/tmp/nimble_4799.out')
unlink('/home/runner/.nimble/pkgs/base32-0.1.3/base32_4799.nims')
unlink('/tmp/nimble_4799/githubcom_OpenSystemsLabbase32nim/tests/test.nim')
rmdir('/tmp/nimble_4799/githubcom_OpenSystemsLabbase32nim/tests')
unlink('/tmp/nimble_4799/githubcom_OpenSystemsLabbase32nim/base32.nimble')
unlink('/tmp/nimble_4799/githubcom_OpenSystemsLabbase32nim/.gitignore')
unlink('/tmp/nimble_4799/githubcom_OpenSystemsLabbase32nim/base32.nim')
unlink('/tmp/nimble_4799/githubcom_OpenSystemsLabbase32nim/LICENSE')
unlink('/tmp/nimble_4799/githubcom_OpenSystemsLabbase32nim/README.md')
unlink('/tmp/nimble_4799/githubcom_OpenSystemsLabbase32nim/.git/shallow')
unlink('/tmp/nimble_4799/githubcom_OpenSystemsLabbase32nim/.git/config')
unlink('/tmp/nimble_4799/githubcom_OpenSystemsLabbase32nim/.git/HEAD')
unlink('/tmp/nimble_4799/githubcom_OpenSystemsLabbase32nim/.git/index')
unlink('/tmp/nimble_4799/githubcom_OpenSystemsLabbase32nim/.git/packed-refs')
unlink('/tmp/nimble_4799/githubcom_OpenSystemsLabbase32nim/.git/logs/HEAD')
rmdir('/tmp/nimble_4799/githubcom_OpenSystemsLabbase32nim/.git/logs')
unlink('/tmp/nimble_4799/githubcom_OpenSystemsLabbase32nim/.git/hooks/pre-commit.sample')
unlink('/tmp/nimble_4799/githubcom_OpenSystemsLabbase32nim/.git/hooks/pre-applypatch.sample')
unlink('/tmp/nimble_4799/githubcom_OpenSystemsLabbase32nim/.git/hooks/pre-merge-commit.sample')
unlink('/tmp/nimble_4799/githubcom_OpenSystemsLabbase32nim/.git/hooks/commit-msg.sample')
unlink('/tmp/nimble_4799/githubcom_OpenSystemsLabbase32nim/.git/hooks/update.sample')
unlink('/tmp/nimble_4799/githubcom_OpenSystemsLabbase32nim/.git/hooks/applypatch-msg.sample')
unlink('/tmp/nimble_4799/githubcom_OpenSystemsLabbase32nim/.git/hooks/prepare-commit-msg.sample')
unlink('/tmp/nimble_4799/githubcom_OpenSystemsLabbase32nim/.git/hooks/pre-receive.sample')
unlink('/tmp/nimble_4799/githubcom_OpenSystemsLabbase32nim/.git/hooks/pre-push.sample')
unlink('/tmp/nimble_4799/githubcom_OpenSystemsLabbase32nim/.git/hooks/pre-rebase.sample')
unlink('/tmp/nimble_4799/githubcom_OpenSystemsLabbase32nim/.git/hooks/fsmonitor-watchman.sample')
unlink('/tmp/nimble_4799/githubcom_OpenSystemsLabbase32nim/.git/hooks/post-update.sample')
rmdir('/tmp/nimble_4799/githubcom_OpenSystemsLabbase32nim/.git/hooks')
unlink('/tmp/nimble_4799/githubcom_OpenSystemsLabbase32nim/.git/description')
unlink('/tmp/nimble_4799/githubcom_OpenSystemsLabbase32nim/.git/objects/bf/a2a6922a158f00d114178c8c54b2a2c77cde45')
rmdir('/tmp/nimble_4799/githubcom_OpenSystemsLabbase32nim/.git/objects/bf')
unlink('/tmp/nimble_4799/githubcom_OpenSystemsLabbase32nim/.git/objects/23/a9c339176130e1b78d3f082e6399d676449f80')
rmdir('/tmp/nimble_4799/githubcom_OpenSystemsLabbase32nim/.git/objects/23')
unlink('/tmp/nimble_4799/githubcom_OpenSystemsLabbase32nim/.git/objects/6d/3784ccc1e4ca4f459431879468e88260f79c3c')
rmdir('/tmp/nimble_4799/githubcom_OpenSystemsLabbase32nim/.git/objects/6d')
unlink('/tmp/nimble_4799/githubcom_OpenSystemsLabbase32nim/.git/objects/1e/0b76cc8ac8607ba553f02a11042b25e325a0c8')
rmdir('/tmp/nimble_4799/githubcom_OpenSystemsLabbase32nim/.git/objects/1e')
unlink('/tmp/nimble_4799/githubcom_OpenSystemsLabbase32nim/.git/objects/c5/fd448a9cc126448ee52fd868f226742f425c48')
rmdir('/tmp/nimble_4799/githubcom_OpenSystemsLabbase32nim/.git/objects/c5')
unlink('/tmp/nimble_4799/githubcom_OpenSystemsLabbase32nim/.git/objects/a7/d4a1632f37113a858e8bd51672bc2b7d796c76')
rmdir('/tmp/nimble_4799/githubcom_OpenSystemsLabbase32nim/.git/objects/a7')
rmdir('/tmp/nimble_4799/githubcom_OpenSystemsLabbase32nim/.git/objects/pack')
unlink('/tmp/nimble_4799/githubcom_OpenSystemsLabbase32nim/.git/objects/e5/ff12a8ce8e94d698d5af2cee58e7c431978443')
rmdir('/tmp/nimble_4799/githubcom_OpenSystemsLabbase32nim/.git/objects/e5')
rmdir('/tmp/nimble_4799/githubcom_OpenSystemsLabbase32nim/.git/objects/info')
unlink('/tmp/nimble_4799/githubcom_OpenSystemsLabbase32nim/.git/objects/f5/41038fbe49fdb118cc2002d29824b9fc4bfd61')
rmdir('/tmp/nimble_4799/githubcom_OpenSystemsLabbase32nim/.git/objects/f5')
unlink('/tmp/nimble_4799/githubcom_OpenSystemsLabbase32nim/.git/objects/c8/a0350f8a93bf304089f39f36469b567bbad5de')
rmdir('/tmp/nimble_4799/githubcom_OpenSystemsLabbase32nim/.git/objects/c8')
rmdir('/tmp/nimble_4799/githubcom_OpenSystemsLabbase32nim/.git/objects')
rmdir('/tmp/nimble_4799/githubcom_OpenSystemsLabbase32nim/.git/refs/heads')
rmdir('/tmp/nimble_4799/githubcom_OpenSystemsLabbase32nim/.git/refs/tags')
rmdir('/tmp/nimble_4799/githubcom_OpenSystemsLabbase32nim/.git/refs')
unlink('/tmp/nimble_4799/githubcom_OpenSystemsLabbase32nim/.git/info/exclude')
rmdir('/tmp/nimble_4799/githubcom_OpenSystemsLabbase32nim/.git/info')
rmdir('/tmp/nimble_4799/githubcom_OpenSystemsLabbase32nim/.git/branches')
rmdir('/tmp/nimble_4799/githubcom_OpenSystemsLabbase32nim/.git')
rmdir('/tmp/nimble_4799/githubcom_OpenSystemsLabbase32nim')
rmdir('/tmp/nimble_4799')
  create directory /tmp
  create directory /tmp/nimble_4799
  create directory /tmp/nimble_4799/githubcom_OpenSystemsLabbase32nim
  delete /tmp/nimble_4799/githubcom_OpenSystemsLabbase32nim
  create directory /tmp/nimble_4799/githubcom_OpenSystemsLabbase32nim
  create directory /tmp/nimble_4799/githubcom_OpenSystemsLabbase32nim/.git
  create directory /tmp/nimble_4799/githubcom_OpenSystemsLabbase32nim/.git
  create directory /tmp/nimble_4799/githubcom_OpenSystemsLabbase32nim/.git/hooks
  create directory /tmp/nimble_4799/githubcom_OpenSystemsLabbase32nim/.git/info
  create directory /tmp/nimble_4799/githubcom_OpenSystemsLabbase32nim/.git/branches
  create directory /tmp/nimble_4799/githubcom_OpenSystemsLabbase32nim/.git/refs
  create directory /tmp/nimble_4799/githubcom_OpenSystemsLabbase32nim/.git/refs/heads
  create directory /tmp/nimble_4799/githubcom_OpenSystemsLabbase32nim/.git/refs/tags
  rename /tmp/nimble_4799/githubcom_OpenSystemsLabbase32nim/.git/HEAD.lock to HEAD
  rename /tmp/nimble_4799/githubcom_OpenSystemsLabbase32nim/.git/config.lock to config
  change permissions of /tmp/nimble_4799/githubcom_OpenSystemsLabbase32nim/.git/config to rwxr--r--
  change permissions of /tmp/nimble_4799/githubcom_OpenSystemsLabbase32nim/.git/config to rw-r--r--
  change permissions of /tmp/nimble_4799/githubcom_OpenSystemsLabbase32nim/.git/config.lock to rw-r--r--
  rename /tmp/nimble_4799/githubcom_OpenSystemsLabbase32nim/.git/config.lock to config
  change permissions of /tmp/nimble_4799/githubcom_OpenSystemsLabbase32nim/.git/config.lock to rw-r--r--
  rename /tmp/nimble_4799/githubcom_OpenSystemsLabbase32nim/.git/config.lock to config
  change permissions of /tmp/nimble_4799/githubcom_OpenSystemsLabbase32nim/.git/config.lock to rw-r--r--
  rename /tmp/nimble_4799/githubcom_OpenSystemsLabbase32nim/.git/config.lock to config
  delete /tmp/nimble_4799/githubcom_OpenSystemsLabbase32nim/.git/thGZLqP
  create symbolic link from /tmp/nimble_4799/githubcom_OpenSystemsLabbase32nim/.git/thGZLqP to /home/runner/work/nim_packages_security_audit/nim_packages_security_audit/testing
  delete /tmp/nimble_4799/githubcom_OpenSystemsLabbase32nim/.git/thGZLqP
  create directory /tmp/nimble_4799/githubcom_OpenSystemsLabbase32nim/.git/objects
  create directory /tmp/nimble_4799/githubcom_OpenSystemsLabbase32nim/.git/objects/pack
  create directory /tmp/nimble_4799/githubcom_OpenSystemsLabbase32nim/.git/objects/info
  change permissions of /tmp/nimble_4799/githubcom_OpenSystemsLabbase32nim/.git/config.lock to rw-r--r--
  rename /tmp/nimble_4799/githubcom_OpenSystemsLabbase32nim/.git/config.lock to config
  change permissions of /tmp/nimble_4799/githubcom_OpenSystemsLabbase32nim/.git/config.lock to rw-r--r--
  rename /tmp/nimble_4799/githubcom_OpenSystemsLabbase32nim/.git/config.lock to config
  change permissions of /tmp/nimble_4799/githubcom_OpenSystemsLabbase32nim/.git/config.lock to rw-r--r--
  rename /tmp/nimble_4799/githubcom_OpenSystemsLabbase32nim/.git/config.lock to config
  create directory /tmp/nimble_4799/githubcom_OpenSystemsLabbase32nim/.git/objects/f5
  create hard link from /tmp/nimble_4799/githubcom_OpenSystemsLabbase32nim/.git/objects/f5/41038fbe49fdb118cc2002d29824b9fc4bfd61 to /tmp/nimble_4799/githubcom_OpenSystemsLabbase32nim/.git/objects/f5/tmp_obj_vvkelK
  delete /tmp/nimble_4799/githubcom_OpenSystemsLabbase32nim/.git/objects/f5/tmp_obj_vvkelK
  create directory /tmp/nimble_4799/githubcom_OpenSystemsLabbase32nim/.git/objects/c8
  create hard link from /tmp/nimble_4799/githubcom_OpenSystemsLabbase32nim/.git/objects/c8/a0350f8a93bf304089f39f36469b567bbad5de to /tmp/nimble_4799/githubcom_OpenSystemsLabbase32nim/.git/objects/c8/tmp_obj_3g6ifQ
  delete /tmp/nimble_4799/githubcom_OpenSystemsLabbase32nim/.git/objects/c8/tmp_obj_3g6ifQ
  create directory /tmp/nimble_4799/githubcom_OpenSystemsLabbase32nim/.git/objects/23
  create hard link from /tmp/nimble_4799/githubcom_OpenSystemsLabbase32nim/.git/objects/23/a9c339176130e1b78d3f082e6399d676449f80 to /tmp/nimble_4799/githubcom_OpenSystemsLabbase32nim/.git/objects/23/tmp_obj_VUG4VT
  delete /tmp/nimble_4799/githubcom_OpenSystemsLabbase32nim/.git/objects/23/tmp_obj_VUG4VT
  create directory /tmp/nimble_4799/githubcom_OpenSystemsLabbase32nim/.git/objects/1e
  create hard link from /tmp/nimble_4799/githubcom_OpenSystemsLabbase32nim/.git/objects/1e/0b76cc8ac8607ba553f02a11042b25e325a0c8 to /tmp/nimble_4799/githubcom_OpenSystemsLabbase32nim/.git/objects/1e/tmp_obj_DDY3dW
  delete /tmp/nimble_4799/githubcom_OpenSystemsLabbase32nim/.git/objects/1e/tmp_obj_DDY3dW
  create directory /tmp/nimble_4799/githubcom_OpenSystemsLabbase32nim/.git/objects/a7
  create hard link from /tmp/nimble_4799/githubcom_OpenSystemsLabbase32nim/.git/objects/a7/d4a1632f37113a858e8bd51672bc2b7d796c76 to /tmp/nimble_4799/githubcom_OpenSystemsLabbase32nim/.git/objects/a7/tmp_obj_jDJ3CY
  delete /tmp/nimble_4799/githubcom_OpenSystemsLabbase32nim/.git/objects/a7/tmp_obj_jDJ3CY
  create directory /tmp/nimble_4799/githubcom_OpenSystemsLabbase32nim/.git/objects/e5
  create hard link from /tmp/nimble_4799/githubcom_OpenSystemsLabbase32nim/.git/objects/e5/ff12a8ce8e94d698d5af2cee58e7c431978443 to /tmp/nimble_4799/githubcom_OpenSystemsLabbase32nim/.git/objects/e5/tmp_obj_jtK4N0
  delete /tmp/nimble_4799/githubcom_OpenSystemsLabbase32nim/.git/objects/e5/tmp_obj_jtK4N0
  create directory /tmp/nimble_4799/githubcom_OpenSystemsLabbase32nim/.git/objects/bf
  create hard link from /tmp/nimble_4799/githubcom_OpenSystemsLabbase32nim/.git/objects/bf/a2a6922a158f00d114178c8c54b2a2c77cde45 to /tmp/nimble_4799/githubcom_OpenSystemsLabbase32nim/.git/objects/bf/tmp_obj_Tj8BV4
  delete /tmp/nimble_4799/githubcom_OpenSystemsLabbase32nim/.git/objects/bf/tmp_obj_Tj8BV4
  create directory /tmp/nimble_4799/githubcom_OpenSystemsLabbase32nim/.git/objects/c5
  create hard link from /tmp/nimble_4799/githubcom_OpenSystemsLabbase32nim/.git/objects/c5/fd448a9cc126448ee52fd868f226742f425c48 to /tmp/nimble_4799/githubcom_OpenSystemsLabbase32nim/.git/objects/c5/tmp_obj_Jkhfka
  delete /tmp/nimble_4799/githubcom_OpenSystemsLabbase32nim/.git/objects/c5/tmp_obj_Jkhfka
  create directory /tmp/nimble_4799/githubcom_OpenSystemsLabbase32nim/.git/objects/6d
  create hard link from /tmp/nimble_4799/githubcom_OpenSystemsLabbase32nim/.git/objects/6d/3784ccc1e4ca4f459431879468e88260f79c3c to /tmp/nimble_4799/githubcom_OpenSystemsLabbase32nim/.git/objects/6d/tmp_obj_PfPG6e
  delete /tmp/nimble_4799/githubcom_OpenSystemsLabbase32nim/.git/objects/6d/tmp_obj_PfPG6e
  rename /tmp/nimble_4799/githubcom_OpenSystemsLabbase32nim/.git/shallow.lock to shallow
  rename /tmp/nimble_4799/githubcom_OpenSystemsLabbase32nim/.git/packed-refs.new to packed-refs
  delete /tmp/nimble_4799/githubcom_OpenSystemsLabbase32nim/.git/packed-refs.lock
  delete /tmp/nimble_4799/githubcom_OpenSystemsLabbase32nim/.git/refs/tags/0.1.3.lock
  create directory /tmp/nimble_4799/githubcom_OpenSystemsLabbase32nim/.git/logs
  rename /tmp/nimble_4799/githubcom_OpenSystemsLabbase32nim/.git/HEAD.lock to HEAD
  create directory /tmp/nimble_4799/githubcom_OpenSystemsLabbase32nim/tests
  rename /tmp/nimble_4799/githubcom_OpenSystemsLabbase32nim/.git/index.lock to index
  create directory /tmp
  create directory /tmp/nimblecache
  create directory /tmp/nimblecache/base32_1500357293
  delete /tmp/nimblecache/base32_1500357293/base32.ini
  delete /tmp/nimble_4799.out
  delete /tmp/nimble_4799/githubcom_OpenSystemsLabbase32nim/base32_4799.nims
  create directory /home
  create directory /home/runner
  create directory /home/runner/.nimble
  create directory /home/runner/.nimble/pkgs
  create directory /home/runner/.nimble/pkgs/base32-0.1.3
  create directory /home
  create directory /home/runner
  create directory /home/runner/.nimble
  create directory /home/runner/.nimble/pkgs
  create directory /home/runner/.nimble/pkgs/base32-0.1.3
  change permissions of /home/runner/.nimble/pkgs/base32-0.1.3/base32.nim to rw-r--r--
  change permissions of /home/runner/.nimble/pkgs/base32-0.1.3/base32.nimble to rw-r--r--
  create directory /tmp
  create directory /tmp/nimblecache
  create directory /tmp/nimblecache/base32_4228419722
  delete /tmp/nimblecache/base32_4228419722/base32.ini
  delete /tmp/nimble_4799.out
  delete /home/runner/.nimble/pkgs/base32-0.1.3/base32_4799.nims
  delete /tmp/nimble_4799/githubcom_OpenSystemsLabbase32nim/tests/test.nim
  delete /tmp/nimble_4799/githubcom_OpenSystemsLabbase32nim/tests
  delete /tmp/nimble_4799/githubcom_OpenSystemsLabbase32nim/base32.nimble
  delete /tmp/nimble_4799/githubcom_OpenSystemsLabbase32nim/.gitignore
  delete /tmp/nimble_4799/githubcom_OpenSystemsLabbase32nim/base32.nim
  delete /tmp/nimble_4799/githubcom_OpenSystemsLabbase32nim/LICENSE
  delete /tmp/nimble_4799/githubcom_OpenSystemsLabbase32nim/README.md
  delete /tmp/nimble_4799/githubcom_OpenSystemsLabbase32nim/.git/shallow
  delete /tmp/nimble_4799/githubcom_OpenSystemsLabbase32nim/.git/config
  delete /tmp/nimble_4799/githubcom_OpenSystemsLabbase32nim/.git/HEAD
  delete /tmp/nimble_4799/githubcom_OpenSystemsLabbase32nim/.git/index
  delete /tmp/nimble_4799/githubcom_OpenSystemsLabbase32nim/.git/packed-refs
  delete /tmp/nimble_4799/githubcom_OpenSystemsLabbase32nim/.git/logs/HEAD
  delete /tmp/nimble_4799/githubcom_OpenSystemsLabbase32nim/.git/logs
  delete /tmp/nimble_4799/githubcom_OpenSystemsLabbase32nim/.git/hooks/pre-commit.sample
  delete /tmp/nimble_4799/githubcom_OpenSystemsLabbase32nim/.git/hooks/pre-applypatch.sample
  delete /tmp/nimble_4799/githubcom_OpenSystemsLabbase32nim/.git/hooks/pre-merge-commit.sample
  delete /tmp/nimble_4799/githubcom_OpenSystemsLabbase32nim/.git/hooks/commit-msg.sample
  delete /tmp/nimble_4799/githubcom_OpenSystemsLabbase32nim/.git/hooks/update.sample
  delete /tmp/nimble_4799/githubcom_OpenSystemsLabbase32nim/.git/hooks/applypatch-msg.sample
  delete /tmp/nimble_4799/githubcom_OpenSystemsLabbase32nim/.git/hooks/prepare-commit-msg.sample
  delete /tmp/nimble_4799/githubcom_OpenSystemsLabbase32nim/.git/hooks/pre-receive.sample
  delete /tmp/nimble_4799/githubcom_OpenSystemsLabbase32nim/.git/hooks/pre-push.sample
  delete /tmp/nimble_4799/githubcom_OpenSystemsLabbase32nim/.git/hooks/pre-rebase.sample
  delete /tmp/nimble_4799/githubcom_OpenSystemsLabbase32nim/.git/hooks/fsmonitor-watchman.sample
  delete /tmp/nimble_4799/githubcom_OpenSystemsLabbase32nim/.git/hooks/post-update.sample
  delete /tmp/nimble_4799/githubcom_OpenSystemsLabbase32nim/.git/hooks
  delete /tmp/nimble_4799/githubcom_OpenSystemsLabbase32nim/.git/description
  delete /tmp/nimble_4799/githubcom_OpenSystemsLabbase32nim/.git/objects/bf/a2a6922a158f00d114178c8c54b2a2c77cde45
  delete /tmp/nimble_4799/githubcom_OpenSystemsLabbase32nim/.git/objects/bf
  delete /tmp/nimble_4799/githubcom_OpenSystemsLabbase32nim/.git/objects/23/a9c339176130e1b78d3f082e6399d676449f80
  delete /tmp/nimble_4799/githubcom_OpenSystemsLabbase32nim/.git/objects/23
  delete /tmp/nimble_4799/githubcom_OpenSystemsLabbase32nim/.git/objects/6d/3784ccc1e4ca4f459431879468e88260f79c3c
  delete /tmp/nimble_4799/githubcom_OpenSystemsLabbase32nim/.git/objects/6d
  delete /tmp/nimble_4799/githubcom_OpenSystemsLabbase32nim/.git/objects/1e/0b76cc8ac8607ba553f02a11042b25e325a0c8
  delete /tmp/nimble_4799/githubcom_OpenSystemsLabbase32nim/.git/objects/1e
  delete /tmp/nimble_4799/githubcom_OpenSystemsLabbase32nim/.git/objects/c5/fd448a9cc126448ee52fd868f226742f425c48
  delete /tmp/nimble_4799/githubcom_OpenSystemsLabbase32nim/.git/objects/c5
  delete /tmp/nimble_4799/githubcom_OpenSystemsLabbase32nim/.git/objects/a7/d4a1632f37113a858e8bd51672bc2b7d796c76
  delete /tmp/nimble_4799/githubcom_OpenSystemsLabbase32nim/.git/objects/a7
  delete /tmp/nimble_4799/githubcom_OpenSystemsLabbase32nim/.git/objects/pack
  delete /tmp/nimble_4799/githubcom_OpenSystemsLabbase32nim/.git/objects/e5/ff12a8ce8e94d698d5af2cee58e7c431978443
  delete /tmp/nimble_4799/githubcom_OpenSystemsLabbase32nim/.git/objects/e5
  delete /tmp/nimble_4799/githubcom_OpenSystemsLabbase32nim/.git/objects/info
  delete /tmp/nimble_4799/githubcom_OpenSystemsLabbase32nim/.git/objects/f5/41038fbe49fdb118cc2002d29824b9fc4bfd61
  delete /tmp/nimble_4799/githubcom_OpenSystemsLabbase32nim/.git/objects/f5
  delete /tmp/nimble_4799/githubcom_OpenSystemsLabbase32nim/.git/objects/c8/a0350f8a93bf304089f39f36469b567bbad5de
  delete /tmp/nimble_4799/githubcom_OpenSystemsLabbase32nim/.git/objects/c8
  delete /tmp/nimble_4799/githubcom_OpenSystemsLabbase32nim/.git/objects
  delete /tmp/nimble_4799/githubcom_OpenSystemsLabbase32nim/.git/refs/heads
  delete /tmp/nimble_4799/githubcom_OpenSystemsLabbase32nim/.git/refs/tags
  delete /tmp/nimble_4799/githubcom_OpenSystemsLabbase32nim/.git/refs
  delete /tmp/nimble_4799/githubcom_OpenSystemsLabbase32nim/.git/info/exclude
  delete /tmp/nimble_4799/githubcom_OpenSystemsLabbase32nim/.git/info
  delete /tmp/nimble_4799/githubcom_OpenSystemsLabbase32nim/.git/branches
  delete /tmp/nimble_4799/githubcom_OpenSystemsLabbase32nim/.git
  delete /tmp/nimble_4799/githubcom_OpenSystemsLabbase32nim
  delete /tmp/nimble_4799
