      Info: Package cache path /home/runner/.nimble/pkgcache
     Info:  Nimble data file "/home/runner/.nimble/nimbledata2.json" has been loaded.
    Reading official package list
Downloading https://github.com/nim-lang/basic2d using git
   Warning: The package has no tagged releases, downloading HEAD instead.
open('/workspace/destdir/ssl/openssl.cnf', 32768, 0x00000000000001b6)
open('/home/runner/.config/nimble/nimble.ini', 557056, 0x00000000000001b6)
open('/home/runner/.config/babel/babel.ini', 557056, 0x00000000000001b6)
writev(1, 0x00007ffce1841990, 2)
open('/home/runner/.nimble/nimbledata2.json', 557056, 0x00000000000001b6)
writev(1, 0x00007ffce1841a60, 2)
writev(1, 0x00007ffe09759f10, 2)
writev(1, 0x00007ffe09759fa0, 2)
writev(1, 0x00007ffe09759fa0, 2)
writev(1, 0x00007ffe09759fa0, 2)
writev(1, 0x00007ffce1840580, 2)
open('/home/runner/.nimble/packages_official.json', 557056, 0x00000000000001b6)
mkdir('/home/', 0x00000000000001ff)
mkdir('/home/runner/', 0x00000000000001ff)
mkdir('/home/runner/.nimble/', 0x00000000000001ff)
mkdir('/home/runner/.nimble/pkgcache/', 0x00000000000001ff)
mkdir('/home/runner/.nimble/pkgcache/githubcom_nimlangbasic2d', 0x00000000000001ff)
open('/home/runner/.nimble/pkgcache/githubcom_nimlangbasic2d', 622592, 0x0000000000000000)
writev(1, 0x00007ffce1840670, 2)
open('/home/runner/.nimble/pkgcache/githubcom_nimlangbasic2d', 622592, 0x0000000000000000)
rmdir('/home/runner/.nimble/pkgcache/githubcom_nimlangbasic2d')
writev(1, 0x00007ffce1840560, 2)
mkdir(94612436150512, 0x00000000000001ff)
Error tracing process: readBytes(0x0000560caca5e8f0, 256) error: [Errno 5] Input/output error.
