     Info:  Nimble data file "/home/runner/.nimble/nimbledata2.json" has been loaded.
    Reading official package list
Downloading https://gitlab.com/prashere/battinfo using git
    Cloning latest tagged version: v0.2.1
open('/workspace/destdir/ssl/openssl.cnf', 32768, 0x00000000000001b6)
open('/home/runner/.config/nimble/nimble.ini', 557056, 0x00000000000001b6)
open('/home/runner/.config/babel/babel.ini', 557056, 0x00000000000001b6)
open('/home/runner/.nimble/nimbledata2.json', 557056, 0x00000000000001b6)
writev(1, 0x00007fff50f23d00, 2)
writev(1, 0x00007fff50f235e0, 2)
open('/home/runner/.nimble/packages_official.json', 557056, 0x00000000000001b6)
mkdir('/tmp/', 0x00000000000001ff)
mkdir('/tmp/nimble_3199/', 0x00000000000001ff)
mkdir('/tmp/nimble_3199/gitlabcom_prasherebattinfo', 0x00000000000001ff)
writev(1, 0x00007fff50f235b0, 2)
open('/tmp/nimble_3199/gitlabcom_prasherebattinfo', 622592, 0x0000000000000000)
rmdir('/tmp/nimble_3199/gitlabcom_prasherebattinfo')
writev(1, 0x00007fff50f23520, 2)
mkdir(94826301748592, 0x00000000000001ff)
Error tracing process: readBytes(0x0000563e7807f570, 256) error: [Errno 5] Input/output error.
