     Info:  Nimble data file "/home/runner/.nimble/nimbledata2.json" has been loaded.
    Reading official package list
Downloading https://codeberg.org/pswilde/bc_webservices using git
    Cloning latest tagged version: 0.1.12
open('/workspace/destdir/ssl/openssl.cnf', 32768, 0x00000000000001b6)
open('/home/runner/.config/nimble/nimble.ini', 557056, 0x00000000000001b6)
open('/home/runner/.config/babel/babel.ini', 557056, 0x00000000000001b6)
open('/home/runner/.nimble/nimbledata2.json', 557056, 0x00000000000001b6)
writev(1, 0x00007fff115744c0, 2)
writev(1, 0x00007fff11573da0, 2)
open('/home/runner/.nimble/packages_official.json', 557056, 0x00000000000001b6)
mkdir('/tmp/', 0x00000000000001ff)
mkdir('/tmp/nimble_3226/', 0x00000000000001ff)
mkdir('/tmp/nimble_3226/codebergorg_pswildebcwebservices', 0x00000000000001ff)
writev(1, 0x00007fff11573d70, 2)
open('/tmp/nimble_3226/codebergorg_pswildebcwebservices', 622592, 0x0000000000000000)
rmdir('/tmp/nimble_3226/codebergorg_pswildebcwebservices')
writev(1, 0x00007fff11573ce0, 2)
mkdir(94043307821648, 0x00000000000001ff)
Error tracing process: readBytes(0x0000558829f4ca50, 256) error: [Errno 5] Input/output error.
