      Info: Package cache path /home/runner/.nimble/pkgcache
     Info:  Nimble data file "/home/runner/.nimble/nimbledata2.json" has been loaded.
    Reading official package list
Downloading https://github.com/irskep/BearLibTerminal-Nim using git
   Warning: The package has no tagged releases, downloading HEAD instead.
open('/workspace/destdir/ssl/openssl.cnf', 32768, 0x00000000000001b6)
open('/home/runner/.config/nimble/nimble.ini', 557056, 0x00000000000001b6)
open('/home/runner/.config/babel/babel.ini', 557056, 0x00000000000001b6)
writev(1, 0x00007fff1301ebb0, 2)
open('/home/runner/.nimble/nimbledata2.json', 557056, 0x00000000000001b6)
writev(1, 0x00007fff1301ec80, 2)
writev(1, 0x00007ffcd9397010, 2)
writev(1, 0x00007ffcd93970a0, 2)
writev(1, 0x00007ffcd93970a0, 2)
writev(1, 0x00007ffcd93970a0, 2)
writev(1, 0x00007fff1301d690, 2)
open('/home/runner/.nimble/packages_official.json', 557056, 0x00000000000001b6)
mkdir('/home/', 0x00000000000001ff)
mkdir('/home/runner/', 0x00000000000001ff)
mkdir('/home/runner/.nimble/', 0x00000000000001ff)
mkdir('/home/runner/.nimble/pkgcache/', 0x00000000000001ff)
mkdir('/home/runner/.nimble/pkgcache/githubcom_irskepBearLibTerminalNim', 0x00000000000001ff)
open('/home/runner/.nimble/pkgcache/githubcom_irskepBearLibTerminalNim', 622592, 0x0000000000000000)
writev(1, 0x00007fff1301d6f0, 2)
open('/home/runner/.nimble/pkgcache/githubcom_irskepBearLibTerminalNim', 622592, 0x0000000000000000)
rmdir('/home/runner/.nimble/pkgcache/githubcom_irskepBearLibTerminalNim')
writev(1, 0x00007fff1301d5e0, 2)
mkdir(94528095247120, 0x00000000000001ff)
Error tracing process: readBytes(0x000055f90989db10, 256) error: [Errno 5] Input/output error.
