     Info:  Nimble data file "/home/runner/.nimble/nimbledata2.json" has been loaded.
    Reading official package list
Downloading https://github.com/status-im/nim-bearssl using git
    Cloning latest tagged version: v0.2.5
open('/workspace/destdir/ssl/openssl.cnf', 32768, 0x00000000000001b6)
open('/home/runner/.config/nimble/nimble.ini', 557056, 0x00000000000001b6)
open('/home/runner/.config/babel/babel.ini', 557056, 0x00000000000001b6)
open('/home/runner/.nimble/nimbledata2.json', 557056, 0x00000000000001b6)
writev(1, 0x00007ffe9d1360a0, 2)
open('/home/runner/work/nim_packages_security_audit/nim_packages_security_audit', 622592, 0x0000000000000000)
writev(1, 0x00007ffe9d134cd0, 2)
open('/home/runner/.nimble/packages_official.json', 557056, 0x00000000000001b6)
mkdir('/tmp/', 0x00000000000001ff)
mkdir('/tmp/nimble_2797/', 0x00000000000001ff)
mkdir('/tmp/nimble_2797/githubcom_statusimnimbearssl', 0x00000000000001ff)
open('/tmp/nimble_2797/githubcom_statusimnimbearssl', 622592, 0x0000000000000000)
writev(1, 0x00007ffe9d134d90, 2)
open('/tmp/nimble_2797/githubcom_statusimnimbearssl', 622592, 0x0000000000000000)
rmdir('/tmp/nimble_2797/githubcom_statusimnimbearssl')
writev(1, 0x00007ffe9d134c80, 2)
mkdir(93895887559648, 0x00000000000001ff)
Error tracing process: readBytes(0x00005565d7061be0, 256) error: [Errno 5] Input/output error.
