      Info: Package cache path /home/runner/.nimble/pkgcache
     Info:  Nimble data file "/home/runner/.nimble/nimbledata2.json" has been loaded.
    Reading official package list
Downloading https://github.com/xzeshen/bio using git
    Cloning latest tagged version: v0.1.0
open('/workspace/destdir/ssl/openssl.cnf', 32768, 0x00000000000001b6)
open('/home/runner/.config/nimble/nimble.ini', 557056, 0x00000000000001b6)
open('/home/runner/.config/babel/babel.ini', 557056, 0x00000000000001b6)
writev(1, 0x00007ffe9d051cd0, 2)
open('/home/runner/.nimble/nimbledata2.json', 557056, 0x00000000000001b6)
writev(1, 0x00007ffe9d051da0, 2)
writev(1, 0x00007fff38a7a160, 2)
writev(1, 0x00007fff38a7a1f0, 2)
writev(1, 0x00007fff38a7a1f0, 2)
writev(1, 0x00007fff38a7a1f0, 2)
writev(1, 0x00007ffe9d0508c0, 2)
open('/home/runner/.nimble/packages_official.json', 557056, 0x00000000000001b6)
mkdir('/home/', 0x00000000000001ff)
mkdir('/home/runner/', 0x00000000000001ff)
mkdir('/home/runner/.nimble/', 0x00000000000001ff)
mkdir('/home/runner/.nimble/pkgcache/', 0x00000000000001ff)
mkdir('/home/runner/.nimble/pkgcache/githubcom_xzeshenbio', 0x00000000000001ff)
open('/home/runner/.nimble/pkgcache/githubcom_xzeshenbio', 622592, 0x0000000000000000)
writev(1, 0x00007ffe9d0509b0, 2)
open('/home/runner/.nimble/pkgcache/githubcom_xzeshenbio', 622592, 0x0000000000000000)
rmdir('/home/runner/.nimble/pkgcache/githubcom_xzeshenbio')
writev(1, 0x00007ffe9d0508a0, 2)
mkdir(94429491308864, 0x00000000000001ff)
Error tracing process: readBytes(0x000055e214492940, 256) error: [Errno 5] Input/output error.
