     Info:  Nimble data file "/home/runner/.nimble/nimbledata2.json" has been loaded.
    Reading official package list
Downloading https://github.com/treeform/bitty using git
    Cloning latest tagged version: 0.1.4
open('/workspace/destdir/ssl/openssl.cnf', 32768, 0x00000000000001b6)
open('/home/runner/.config/nimble/nimble.ini', 557056, 0x00000000000001b6)
open('/home/runner/.config/babel/babel.ini', 557056, 0x00000000000001b6)
open('/home/runner/.nimble/nimbledata2.json', 557056, 0x00000000000001b6)
writev(1, 0x00007ffc49d04200, 2)
writev(1, 0x00007ffc49d03ae0, 2)
open('/home/runner/.nimble/packages_official.json', 557056, 0x00000000000001b6)
mkdir('/tmp/', 0x00000000000001ff)
mkdir('/tmp/nimble_2541/', 0x00000000000001ff)
mkdir('/tmp/nimble_2541/githubcom_treeformbitty', 0x00000000000001ff)
writev(1, 0x00007ffc49d03ab0, 2)
open('/tmp/nimble_2541/githubcom_treeformbitty', 622592, 0x0000000000000000)
rmdir('/tmp/nimble_2541/githubcom_treeformbitty')
writev(1, 0x00007ffc49d03a20, 2)
mkdir(94684697052528, 0x00000000000001ff)
Error tracing process: readBytes(0x0000561d7fbbc570, 256) error: [Errno 5] Input/output error.
