      Info: Package cache path /home/runner/.nimble/pkgcache
     Info:  Nimble data file "/home/runner/.nimble/nimbledata2.json" has been loaded.
    Reading official package list
Downloading https://github.com/squattingmonk/blarg using git
    Cloning latest tagged version: 0.1.1
open('/workspace/destdir/ssl/openssl.cnf', 32768, 0x00000000000001b6)
open('/home/runner/.config/nimble/nimble.ini', 557056, 0x00000000000001b6)
open('/home/runner/.config/babel/babel.ini', 557056, 0x00000000000001b6)
writev(1, 0x00007ffc1c1a6420, 2)
open('/home/runner/.nimble/nimbledata2.json', 557056, 0x00000000000001b6)
writev(1, 0x00007ffc1c1a64f0, 2)
writev(1, 0x00007fff472310b0, 2)
writev(1, 0x00007fff47231140, 2)
writev(1, 0x00007fff47231140, 2)
writev(1, 0x00007fff47231140, 2)
writev(1, 0x00007ffc1c1a4f00, 2)
open('/home/runner/.nimble/packages_official.json', 557056, 0x00000000000001b6)
mkdir('/home/', 0x00000000000001ff)
mkdir('/home/runner/', 0x00000000000001ff)
mkdir('/home/runner/.nimble/', 0x00000000000001ff)
mkdir('/home/runner/.nimble/pkgcache/', 0x00000000000001ff)
mkdir('/home/runner/.nimble/pkgcache/githubcom_squattingmonkblarg', 0x00000000000001ff)
open('/home/runner/.nimble/pkgcache/githubcom_squattingmonkblarg', 622592, 0x0000000000000000)
writev(1, 0x00007ffc1c1a4f60, 2)
open('/home/runner/.nimble/pkgcache/githubcom_squattingmonkblarg', 622592, 0x0000000000000000)
rmdir('/home/runner/.nimble/pkgcache/githubcom_squattingmonkblarg')
writev(1, 0x00007ffc1c1a4e50, 2)
mkdir(94605663988560, 0x00000000000001ff)
Error tracing process: readBytes(0x0000560b18feeb50, 256) error: [Errno 5] Input/output error.
