     Info:  Nimble data file "/home/runner/.nimble/nimbledata2.json" has been loaded.
    Reading official package list
Downloading https://github.com/disruptek/bluu using git
    Cloning latest tagged version: 0.0.6
open('/workspace/destdir/ssl/openssl.cnf', 32768, 0x00000000000001b6)
open('/home/runner/.config/nimble/nimble.ini', 557056, 0x00000000000001b6)
open('/home/runner/.config/babel/babel.ini', 557056, 0x00000000000001b6)
open('/home/runner/.nimble/nimbledata2.json', 557056, 0x00000000000001b6)
writev(1, 0x00007fffe16d4560, 2)
open('/home/runner/work/nim_packages_security_audit/nim_packages_security_audit', 622592, 0x0000000000000000)
writev(1, 0x00007fffe16d3190, 2)
open('/home/runner/.nimble/packages_official.json', 557056, 0x00000000000001b6)
mkdir('/tmp/', 0x00000000000001ff)
mkdir('/tmp/nimble_2784/', 0x00000000000001ff)
mkdir('/tmp/nimble_2784/githubcom_disruptekbluu', 0x00000000000001ff)
open('/tmp/nimble_2784/githubcom_disruptekbluu', 622592, 0x0000000000000000)
writev(1, 0x00007fffe16d3250, 2)
open('/tmp/nimble_2784/githubcom_disruptekbluu', 622592, 0x0000000000000000)
rmdir('/tmp/nimble_2784/githubcom_disruptekbluu')
writev(1, 0x00007fffe16d3140, 2)
mkdir(94536937244992, 0x00000000000001ff)
Error tracing process: readBytes(0x000055fb18900940, 256) error: [Errno 5] Input/output error.
