      Info: Package cache path /home/runner/.nimble/pkgcache
     Info:  Nimble data file "/home/runner/.nimble/nimbledata2.json" has been loaded.
    Reading official package list
Downloading https://github.com/guzba/bossy using git
    Cloning latest tagged version: 0.1.0
open('/workspace/destdir/ssl/openssl.cnf', 32768, 0x00000000000001b6)
open('/home/runner/.config/nimble/nimble.ini', 557056, 0x00000000000001b6)
open('/home/runner/.config/babel/babel.ini', 557056, 0x00000000000001b6)
writev(1, 0x00007fff05002630, 2)
open('/home/runner/.nimble/nimbledata2.json', 557056, 0x00000000000001b6)
writev(1, 0x00007fff05002700, 2)
writev(1, 0x00007fff52130ac0, 2)
writev(1, 0x00007fff52130b50, 2)
writev(1, 0x00007fff52130b50, 2)
writev(1, 0x00007fff52130b50, 2)
writev(1, 0x00007fff05001110, 2)
open('/home/runner/.nimble/packages_official.json', 557056, 0x00000000000001b6)
mkdir('/home/', 0x00000000000001ff)
mkdir('/home/runner/', 0x00000000000001ff)
mkdir('/home/runner/.nimble/', 0x00000000000001ff)
mkdir('/home/runner/.nimble/pkgcache/', 0x00000000000001ff)
mkdir('/home/runner/.nimble/pkgcache/githubcom_guzbabossy', 0x00000000000001ff)
open('/home/runner/.nimble/pkgcache/githubcom_guzbabossy', 622592, 0x0000000000000000)
writev(1, 0x00007fff05001170, 2)
open('/home/runner/.nimble/pkgcache/githubcom_guzbabossy', 622592, 0x0000000000000000)
rmdir('/home/runner/.nimble/pkgcache/githubcom_guzbabossy')
writev(1, 0x00007fff05001060, 2)
mkdir(94816410868464, 0x00000000000001ff)
Error tracing process: readBytes(0x0000563c2a7d1af0, 256) error: [Errno 5] Input/output error.
