     Info:  Nimble data file "/home/runner/.nimble/nimbledata2.json" has been loaded.
    Reading official package list
Downloading https://github.com/twist-vector/nim-bped.git using git
   Warning: The package has no tagged releases, downloading HEAD instead.
open('/workspace/destdir/ssl/openssl.cnf', 32768, 0x00000000000001b6)
open('/home/runner/.config/nimble/nimble.ini', 557056, 0x00000000000001b6)
open('/home/runner/.config/babel/babel.ini', 557056, 0x00000000000001b6)
open('/home/runner/.nimble/nimbledata2.json', 557056, 0x00000000000001b6)
writev(1, 0x00007ffe82939f30, 2)
writev(1, 0x00007ffe82939810, 2)
open('/home/runner/.nimble/packages_official.json', 557056, 0x00000000000001b6)
mkdir('/tmp/', 0x00000000000001ff)
mkdir('/tmp/nimble_2193/', 0x00000000000001ff)
mkdir('/tmp/nimble_2193/githubcom_twistvectornimbpedgit', 0x00000000000001ff)
writev(1, 0x00007ffe829397e0, 2)
open('/tmp/nimble_2193/githubcom_twistvectornimbpedgit', 622592, 0x0000000000000000)
rmdir('/tmp/nimble_2193/githubcom_twistvectornimbpedgit')
writev(1, 0x00007ffe82939750, 2)
mkdir(94355301435984, 0x00000000000001ff)
Error tracing process: readBytes(0x000055d0ce398a50, 256) error: [Errno 5] Input/output error.
