     Info:  Nimble data file "/home/runner/.nimble/nimbledata2.json" has been loaded.
    Reading official package list
Downloading https://github.com/abisxir/alasgar using git
   Warning: The package has no tagged releases, downloading HEAD instead.
open('/workspace/destdir/ssl/openssl.cnf', 32768, 0x00000000000001b6)
open('/home/runner/.config/nimble/nimble.ini', 557056, 0x00000000000001b6)
open('/home/runner/.config/babel/babel.ini', 557056, 0x00000000000001b6)
open('/home/runner/.nimble/nimbledata2.json', 557056, 0x00000000000001b6)
writev(1, 0x00007ffe00f6db00, 2)
writev(1, 0x00007ffe00f6d3e0, 2)
open('/home/runner/.nimble/packages_official.json', 557056, 0x00000000000001b6)
mkdir('/tmp/', 0x00000000000001ff)
mkdir('/tmp/nimble_3293/', 0x00000000000001ff)
mkdir('/tmp/nimble_3293/githubcom_abisxiralasgar', 0x00000000000001ff)
writev(1, 0x00007ffe00f6d3b0, 2)
open('/tmp/nimble_3293/githubcom_abisxiralasgar', 622592, 0x0000000000000000)
rmdir('/tmp/nimble_3293/githubcom_abisxiralasgar')
writev(1, 0x00007ffe00f6d320, 2)
mkdir(94354262357024, 0x00000000000001ff)
Error tracing process: readBytes(0x000055d0904a7420, 256) error: [Errno 5] Input/output error.
