      Info: Package cache path /home/runner/.nimble/pkgcache
     Info:  Nimble data file "/home/runner/.nimble/nimbledata2.json" has been loaded.
    Reading official package list
Downloading https://github.com/jiro4989/alignment using git
    Cloning latest tagged version: v1.3.0
open('/workspace/destdir/ssl/openssl.cnf', 32768, 0x00000000000001b6)
open('/home/runner/.config/nimble/nimble.ini', 557056, 0x00000000000001b6)
open('/home/runner/.config/babel/babel.ini', 557056, 0x00000000000001b6)
writev(1, 0x00007ffcf4164b40, 2)
open('/home/runner/.nimble/nimbledata2.json', 557056, 0x00000000000001b6)
writev(1, 0x00007ffcf4164c10, 2)
writev(1, 0x00007ffecc8062c0, 2)
writev(1, 0x00007ffecc806350, 2)
writev(1, 0x00007ffecc806350, 2)
writev(1, 0x00007ffecc806350, 2)
writev(1, 0x00007ffcf41635f0, 2)
open('/home/runner/.nimble/packages_official.json', 557056, 0x00000000000001b6)
mkdir('/home/', 0x00000000000001ff)
mkdir('/home/runner/', 0x00000000000001ff)
mkdir('/home/runner/.nimble/', 0x00000000000001ff)
mkdir('/home/runner/.nimble/pkgcache/', 0x00000000000001ff)
mkdir('/home/runner/.nimble/pkgcache/githubcom_jiro4989alignment', 0x00000000000001ff)
open('/home/runner/.nimble/pkgcache/githubcom_jiro4989alignment', 622592, 0x0000000000000000)
writev(1, 0x00007ffcf41636d0, 2)
open('/home/runner/.nimble/pkgcache/githubcom_jiro4989alignment', 622592, 0x0000000000000000)
rmdir('/home/runner/.nimble/pkgcache/githubcom_jiro4989alignment')
writev(1, 0x00007ffcf41635c0, 2)
mkdir(93910973414112, 0x00000000000001ff)
Error tracing process: readBytes(0x000055695a35fae0, 256) error: [Errno 5] Input/output error.
