    Reading official package list
Downloading https://github.com/rmt/alut using git
       Info /tmp/nimble_18066/githubcom_rmtalut/alut_18066.nims(1, 8) Warning: imported and not used: 'system' [UnusedImport]
        ... /tmp/nimble_18066/githubcom_rmtalut/alut_18066.nims(5, 22) Warning: imported and not used: 'strutils' [UnusedImport]
  Verifying dependencies for alut@1.1.0.2
    Reading official package list
   Checking for openal@>= 0.1.0
 Installing openal@>= 0.1.0
    Reading official package list
Downloading https://github.com/treeform/openal using git
    Cloning latest tagged version: v0.1.0
mkdir('/tmp', 0x00000000000001ff)
mkdir('/tmp/nimble_18066', 0x00000000000001ff)
mkdir('/tmp/nimble_18066/githubcom_rmtalut', 0x00000000000001ff)
rmdir('/tmp/nimble_18066/githubcom_rmtalut')
mkdir('/tmp/nimble_18066/githubcom_rmtalut', 0x00000000000001ff)
mkdir('/tmp/nimble_18066/githubcom_rmtalut/.git', 0x00000000000001ff)
mkdir('/tmp/nimble_18066/githubcom_rmtalut/.git/', 0x00000000000001ff)
mkdir('/tmp/nimble_18066/githubcom_rmtalut/.git/branches/', 0x00000000000001ff)
mkdir('/tmp/nimble_18066/githubcom_rmtalut/.git/hooks/', 0x00000000000001ff)
mkdir('/tmp/nimble_18066/githubcom_rmtalut/.git/info/', 0x00000000000001ff)
mkdir('/tmp/nimble_18066/githubcom_rmtalut/.git/refs', 0x00000000000001ff)
mkdir('/tmp/nimble_18066/githubcom_rmtalut/.git/refs/heads', 0x00000000000001ff)
mkdir('/tmp/nimble_18066/githubcom_rmtalut/.git/refs/tags', 0x00000000000001ff)
rename('/tmp/nimble_18066/githubcom_rmtalut/.git/HEAD.lock', '/tmp/nimble_18066/githubcom_rmtalut/.git/HEAD')
rename('/tmp/nimble_18066/githubcom_rmtalut/.git/config.lock', '/tmp/nimble_18066/githubcom_rmtalut/.git/config')
chmod('/tmp/nimble_18066/githubcom_rmtalut/.git/config', 0x00000000000081e4)
chmod('/tmp/nimble_18066/githubcom_rmtalut/.git/config', 0x00000000000081a4)
chmod('/tmp/nimble_18066/githubcom_rmtalut/.git/config.lock', 0x00000000000001a4)
rename('/tmp/nimble_18066/githubcom_rmtalut/.git/config.lock', '/tmp/nimble_18066/githubcom_rmtalut/.git/config')
chmod('/tmp/nimble_18066/githubcom_rmtalut/.git/config.lock', 0x00000000000001a4)
rename('/tmp/nimble_18066/githubcom_rmtalut/.git/config.lock', '/tmp/nimble_18066/githubcom_rmtalut/.git/config')
chmod('/tmp/nimble_18066/githubcom_rmtalut/.git/config.lock', 0x00000000000001a4)
rename('/tmp/nimble_18066/githubcom_rmtalut/.git/config.lock', '/tmp/nimble_18066/githubcom_rmtalut/.git/config')
unlink('/tmp/nimble_18066/githubcom_rmtalut/.git/tl8FcFq')
symlink('testing', '/tmp/nimble_18066/githubcom_rmtalut/.git/tl8FcFq')
unlink('/tmp/nimble_18066/githubcom_rmtalut/.git/tl8FcFq')
mkdir('/tmp/nimble_18066/githubcom_rmtalut/.git/objects', 0x00000000000001ff)
mkdir('/tmp/nimble_18066/githubcom_rmtalut/.git/objects/pack', 0x00000000000001ff)
mkdir('/tmp/nimble_18066/githubcom_rmtalut/.git/objects/info', 0x00000000000001ff)
chmod('/tmp/nimble_18066/githubcom_rmtalut/.git/config.lock', 0x00000000000001a4)
rename('/tmp/nimble_18066/githubcom_rmtalut/.git/config.lock', '/tmp/nimble_18066/githubcom_rmtalut/.git/config')
chmod('/tmp/nimble_18066/githubcom_rmtalut/.git/config.lock', 0x00000000000001a4)
rename('/tmp/nimble_18066/githubcom_rmtalut/.git/config.lock', '/tmp/nimble_18066/githubcom_rmtalut/.git/config')
chmod('/tmp/nimble_18066/githubcom_rmtalut/.git/config.lock', 0x00000000000001a4)
rename('/tmp/nimble_18066/githubcom_rmtalut/.git/config.lock', '/tmp/nimble_18066/githubcom_rmtalut/.git/config')
link('/tmp/nimble_18066/githubcom_rmtalut/.git/objects/pack/tmp_pack_AHilOb', '/tmp/nimble_18066/githubcom_rmtalut/.git/objects/pack/pack-c8f6a8aa9f0870855c1d02f20923a4f99779ff0d.pack')
unlink('/tmp/nimble_18066/githubcom_rmtalut/.git/objects/pack/tmp_pack_AHilOb')
link('/tmp/nimble_18066/githubcom_rmtalut/.git/objects/pack/tmp_idx_nHIMca', '/tmp/nimble_18066/githubcom_rmtalut/.git/objects/pack/pack-c8f6a8aa9f0870855c1d02f20923a4f99779ff0d.idx')
unlink('/tmp/nimble_18066/githubcom_rmtalut/.git/objects/pack/tmp_idx_nHIMca')
rename('/tmp/nimble_18066/githubcom_rmtalut/.git/shallow.lock', '/tmp/nimble_18066/githubcom_rmtalut/.git/shallow')
rename('/tmp/nimble_18066/githubcom_rmtalut/.git/packed-refs.new', '/tmp/nimble_18066/githubcom_rmtalut/.git/packed-refs')
unlink('/tmp/nimble_18066/githubcom_rmtalut/.git/packed-refs.lock')
mkdir('/tmp/nimble_18066/githubcom_rmtalut/.git/refs/remotes', 0x00000000000001ff)
mkdir('/tmp/nimble_18066/githubcom_rmtalut/.git/refs/remotes/origin', 0x00000000000001ff)
mkdir('/tmp/nimble_18066/githubcom_rmtalut/.git/logs', 0x00000000000001ff)
mkdir('/tmp/nimble_18066/githubcom_rmtalut/.git/logs/refs', 0x00000000000001ff)
mkdir('/tmp/nimble_18066/githubcom_rmtalut/.git/logs/refs/remotes', 0x00000000000001ff)
mkdir('/tmp/nimble_18066/githubcom_rmtalut/.git/logs/refs/remotes/origin', 0x00000000000001ff)
rename('/tmp/nimble_18066/githubcom_rmtalut/.git/refs/remotes/origin/HEAD.lock', '/tmp/nimble_18066/githubcom_rmtalut/.git/refs/remotes/origin/HEAD')
rename('/tmp/nimble_18066/githubcom_rmtalut/.git/HEAD.lock', '/tmp/nimble_18066/githubcom_rmtalut/.git/HEAD')
mkdir('/tmp/nimble_18066/githubcom_rmtalut/.git/logs/refs/heads', 0x00000000000001ff)
rename('/tmp/nimble_18066/githubcom_rmtalut/.git/refs/heads/master.lock', '/tmp/nimble_18066/githubcom_rmtalut/.git/refs/heads/master')
unlink('/tmp/nimble_18066/githubcom_rmtalut/.git/HEAD.lock')
chmod('/tmp/nimble_18066/githubcom_rmtalut/.git/config.lock', 0x00000000000001a4)
rename('/tmp/nimble_18066/githubcom_rmtalut/.git/config.lock', '/tmp/nimble_18066/githubcom_rmtalut/.git/config')
chmod('/tmp/nimble_18066/githubcom_rmtalut/.git/config.lock', 0x00000000000001a4)
rename('/tmp/nimble_18066/githubcom_rmtalut/.git/config.lock', '/tmp/nimble_18066/githubcom_rmtalut/.git/config')
unlink('/tmp/nimble_18066/githubcom_rmtalut/.git/objects/pack/pack-c8f6a8aa9f0870855c1d02f20923a4f99779ff0d.keep')
mkdir('examples', 0x00000000000001ff)
mkdir('src', 0x00000000000001ff)
mkdir('tests', 0x00000000000001ff)
rename('/tmp/nimble_18066/githubcom_rmtalut/.git/index.lock', '/tmp/nimble_18066/githubcom_rmtalut/.git/index')
mkdir('/tmp', 0x00000000000001ff)
mkdir('/tmp/nimblecache', 0x00000000000001ff)
mkdir('/tmp/nimblecache/alut_3589022919', 0x00000000000001ff)
unlink('/tmp/nimblecache/alut_3589022919/alut.ini')
unlink('/tmp/nimble_18066.out')
unlink('/tmp/nimble_18066/githubcom_rmtalut/alut_18066.nims')
mkdir('/tmp', 0x00000000000001ff)
mkdir('/tmp/nimble_18066', 0x00000000000001ff)
mkdir('/tmp/nimble_18066/githubcom_treeformopenal_0.1.0', 0x00000000000001ff)
rmdir('/tmp/nimble_18066/githubcom_treeformopenal_0.1.0')
mkdir('/tmp/nimble_18066/githubcom_treeformopenal_0.1.0', 0x00000000000001ff)
mkdir('/tmp/nimble_18066/githubcom_treeformopenal_0.1.0/.git', 0x00000000000001ff)
mkdir('/tmp/nimble_18066/githubcom_treeformopenal_0.1.0/.git/', 0x00000000000001ff)
mkdir('/tmp/nimble_18066/githubcom_treeformopenal_0.1.0/.git/branches/', 0x00000000000001ff)
mkdir('/tmp/nimble_18066/githubcom_treeformopenal_0.1.0/.git/hooks/', 0x00000000000001ff)
mkdir('/tmp/nimble_18066/githubcom_treeformopenal_0.1.0/.git/info/', 0x00000000000001ff)
mkdir('/tmp/nimble_18066/githubcom_treeformopenal_0.1.0/.git/refs', 0x00000000000001ff)
mkdir('/tmp/nimble_18066/githubcom_treeformopenal_0.1.0/.git/refs/heads', 0x00000000000001ff)
mkdir('/tmp/nimble_18066/githubcom_treeformopenal_0.1.0/.git/refs/tags', 0x00000000000001ff)
rename('/tmp/nimble_18066/githubcom_treeformopenal_0.1.0/.git/HEAD.lock', '/tmp/nimble_18066/githubcom_treeformopenal_0.1.0/.git/HEAD')
rename('/tmp/nimble_18066/githubcom_treeformopenal_0.1.0/.git/config.lock', '/tmp/nimble_18066/githubcom_treeformopenal_0.1.0/.git/config')
chmod('/tmp/nimble_18066/githubcom_treeformopenal_0.1.0/.git/config', 0x00000000000081e4)
chmod('/tmp/nimble_18066/githubcom_treeformopenal_0.1.0/.git/config', 0x00000000000081a4)
chmod('/tmp/nimble_18066/githubcom_treeformopenal_0.1.0/.git/config.lock', 0x00000000000001a4)
rename('/tmp/nimble_18066/githubcom_treeformopenal_0.1.0/.git/config.lock', '/tmp/nimble_18066/githubcom_treeformopenal_0.1.0/.git/config')
chmod('/tmp/nimble_18066/githubcom_treeformopenal_0.1.0/.git/config.lock', 0x00000000000001a4)
rename('/tmp/nimble_18066/githubcom_treeformopenal_0.1.0/.git/config.lock', '/tmp/nimble_18066/githubcom_treeformopenal_0.1.0/.git/config')
chmod('/tmp/nimble_18066/githubcom_treeformopenal_0.1.0/.git/config.lock', 0x00000000000001a4)
rename('/tmp/nimble_18066/githubcom_treeformopenal_0.1.0/.git/config.lock', '/tmp/nimble_18066/githubcom_treeformopenal_0.1.0/.git/config')
unlink('/tmp/nimble_18066/githubcom_treeformopenal_0.1.0/.git/toAZWQG')
symlink('testing', '/tmp/nimble_18066/githubcom_treeformopenal_0.1.0/.git/toAZWQG')
unlink('/tmp/nimble_18066/githubcom_treeformopenal_0.1.0/.git/toAZWQG')
mkdir('/tmp/nimble_18066/githubcom_treeformopenal_0.1.0/.git/objects', 0x00000000000001ff)       Info /tmp/nimble_18066/githubcom_treeformopenal_0.1.0/openal_18066.nims(1, 8) Warning: imported and not used: 'system' [UnusedImport]
        ... /tmp/nimble_18066/githubcom_treeformopenal_0.1.0/openal_18066.nims(5, 22) Warning: imported and not used: 'strutils' [UnusedImport]
  Verifying dependencies for openal@0.1.0
 Installing openal@0.1.0
    Copying file /tmp/nimble_18066/githubcom_treeformopenal_0.1.0/src/openal/alc.nim to /home/runner/.nimble/pkgs/openal-0.1.0/openal/alc.nim
    Copying file /tmp/nimble_18066/githubcom_treeformopenal_0.1.0/src/openal.nim to /home/runner/.nimble/pkgs/openal-0.1.0/openal.nim
    Copying file /tmp/nimble_18066/githubcom_treeformopenal_0.1.0/openal.nimble to /home/runner/.nimble/pkgs/openal-0.1.0/openal.nimble
   Success: openal installed successfully.
       Info /home/runner/.nimble/pkgs/openal-0.1.0/openal_18066.nims(1, 8) Warning: imported and not used: 'system' [UnusedImport]
        ... /home/runner/.nimble/pkgs/openal-0.1.0/openal_18066.nims(5, 22) Warning: imported and not used: 'strutils' [UnusedImport]
 Installing alut@1.1.0.2
    Copying file /tmp/nimble_18066/githubcom_rmtalut/src/alut.nim to /home/runner/.nimble/pkgs/alut-1.1.0.2/alut.nim
    Copying file /tmp/nimble_18066/githubcom_rmtalut/alut.nimble to /home/runner/.nimble/pkgs/alut-1.1.0.2/alut.nimble
   Success: alut installed successfully.
       Info /home/runner/.nimble/pkgs/alut-1.1.0.2/alut_18066.nims(1, 8) Warning: imported and not used: 'system' [UnusedImport]
        ... /home/runner/.nimble/pkgs/alut-1.1.0.2/alut_18066.nims(5, 22) Warning: imported and not used: 'strutils' [UnusedImport]

mkdir('/tmp/nimble_18066/githubcom_treeformopenal_0.1.0/.git/objects/pack', 0x00000000000001ff)
mkdir('/tmp/nimble_18066/githubcom_treeformopenal_0.1.0/.git/objects/info', 0x00000000000001ff)
chmod('/tmp/nimble_18066/githubcom_treeformopenal_0.1.0/.git/config.lock', 0x00000000000001a4)
rename('/tmp/nimble_18066/githubcom_treeformopenal_0.1.0/.git/config.lock', '/tmp/nimble_18066/githubcom_treeformopenal_0.1.0/.git/config')
chmod('/tmp/nimble_18066/githubcom_treeformopenal_0.1.0/.git/config.lock', 0x00000000000001a4)
rename('/tmp/nimble_18066/githubcom_treeformopenal_0.1.0/.git/config.lock', '/tmp/nimble_18066/githubcom_treeformopenal_0.1.0/.git/config')
chmod('/tmp/nimble_18066/githubcom_treeformopenal_0.1.0/.git/config.lock', 0x00000000000001a4)
rename('/tmp/nimble_18066/githubcom_treeformopenal_0.1.0/.git/config.lock', '/tmp/nimble_18066/githubcom_treeformopenal_0.1.0/.git/config')
link('/tmp/nimble_18066/githubcom_treeformopenal_0.1.0/.git/objects/pack/tmp_pack_IA7fZH', '/tmp/nimble_18066/githubcom_treeformopenal_0.1.0/.git/objects/pack/pack-fd97314a560fcbc58b9c9f1f7ccd4aea77163334.pack')
unlink('/tmp/nimble_18066/githubcom_treeformopenal_0.1.0/.git/objects/pack/tmp_pack_IA7fZH')
link('/tmp/nimble_18066/githubcom_treeformopenal_0.1.0/.git/objects/pack/tmp_idx_DQ919P', '/tmp/nimble_18066/githubcom_treeformopenal_0.1.0/.git/objects/pack/pack-fd97314a560fcbc58b9c9f1f7ccd4aea77163334.idx')
unlink('/tmp/nimble_18066/githubcom_treeformopenal_0.1.0/.git/objects/pack/tmp_idx_DQ919P')
rename('/tmp/nimble_18066/githubcom_treeformopenal_0.1.0/.git/shallow.lock', '/tmp/nimble_18066/githubcom_treeformopenal_0.1.0/.git/shallow')
rename('/tmp/nimble_18066/githubcom_treeformopenal_0.1.0/.git/packed-refs.new', '/tmp/nimble_18066/githubcom_treeformopenal_0.1.0/.git/packed-refs')
unlink('/tmp/nimble_18066/githubcom_treeformopenal_0.1.0/.git/packed-refs.lock')
unlink('/tmp/nimble_18066/githubcom_treeformopenal_0.1.0/.git/refs/tags/v0.1.0.lock')
mkdir('/tmp/nimble_18066/githubcom_treeformopenal_0.1.0/.git/logs', 0x00000000000001ff)
rename('/tmp/nimble_18066/githubcom_treeformopenal_0.1.0/.git/HEAD.lock', '/tmp/nimble_18066/githubcom_treeformopenal_0.1.0/.git/HEAD')
unlink('/tmp/nimble_18066/githubcom_treeformopenal_0.1.0/.git/objects/pack/pack-fd97314a560fcbc58b9c9f1f7ccd4aea77163334.keep')
mkdir('deps', 0x00000000000001ff)
mkdir('deps/win64', 0x00000000000001ff)
mkdir('src', 0x00000000000001ff)
mkdir('src/openal', 0x00000000000001ff)
mkdir('tests', 0x00000000000001ff)
rename('/tmp/nimble_18066/githubcom_treeformopenal_0.1.0/.git/index.lock', '/tmp/nimble_18066/githubcom_treeformopenal_0.1.0/.git/index')
mkdir('/tmp', 0x00000000000001ff)
mkdir('/tmp/nimblecache', 0x00000000000001ff)
mkdir('/tmp/nimblecache/openal_462154538', 0x00000000000001ff)
unlink('/tmp/nimblecache/openal_462154538/openal.ini')
unlink('/tmp/nimble_18066.out')
unlink('/tmp/nimble_18066/githubcom_treeformopenal_0.1.0/openal_18066.nims')
mkdir('/home', 0x00000000000001ff)
mkdir('/home/runner', 0x00000000000001ff)
mkdir('/home/runner/.nimble', 0x00000000000001ff)
mkdir('/home/runner/.nimble/pkgs', 0x00000000000001ff)
mkdir('/home/runner/.nimble/pkgs/openal-0.1.0', 0x00000000000001ff)
mkdir('/home', 0x00000000000001ff)
mkdir('/home/runner', 0x00000000000001ff)
mkdir('/home/runner/.nimble', 0x00000000000001ff)
mkdir('/home/runner/.nimble/pkgs', 0x00000000000001ff)
mkdir('/home/runner/.nimble/pkgs/openal-0.1.0', 0x00000000000001ff)
mkdir('/home/runner/.nimble/pkgs/openal-0.1.0/openal', 0x00000000000001ff)
chmod('/home/runner/.nimble/pkgs/openal-0.1.0/openal/alc.nim', 0x00000000000001a4)
mkdir('/home', 0x00000000000001ff)
mkdir('/home/runner', 0x00000000000001ff)
mkdir('/home/runner/.nimble', 0x00000000000001ff)
mkdir('/home/runner/.nimble/pkgs', 0x00000000000001ff)
mkdir('/home/runner/.nimble/pkgs/openal-0.1.0', 0x00000000000001ff)
chmod('/home/runner/.nimble/pkgs/openal-0.1.0/openal.nim', 0x00000000000001a4)
chmod('/home/runner/.nimble/pkgs/openal-0.1.0/openal.nimble', 0x00000000000001a4)
mkdir('/tmp', 0x00000000000001ff)
mkdir('/tmp/nimblecache', 0x00000000000001ff)
mkdir('/tmp/nimblecache/openal_2852683915', 0x00000000000001ff)
unlink('/tmp/nimblecache/openal_2852683915/openal.ini')
unlink('/tmp/nimble_18066.out')
unlink('/home/runner/.nimble/pkgs/openal-0.1.0/openal_18066.nims')
mkdir('/home', 0x00000000000001ff)
mkdir('/home/runner', 0x00000000000001ff)
mkdir('/home/runner/.nimble', 0x00000000000001ff)
mkdir('/home/runner/.nimble/pkgs', 0x00000000000001ff)
mkdir('/home/runner/.nimble/pkgs/alut-1.1.0.2', 0x00000000000001ff)
mkdir('/home', 0x00000000000001ff)
mkdir('/home/runner', 0x00000000000001ff)
mkdir('/home/runner/.nimble', 0x00000000000001ff)
mkdir('/home/runner/.nimble/pkgs', 0x00000000000001ff)
mkdir('/home/runner/.nimble/pkgs/alut-1.1.0.2', 0x00000000000001ff)
chmod('/home/runner/.nimble/pkgs/alut-1.1.0.2/alut.nim', 0x00000000000001a4)
chmod('/home/runner/.nimble/pkgs/alut-1.1.0.2/alut.nimble', 0x00000000000001a4)
mkdir('/tmp', 0x00000000000001ff)
mkdir('/tmp/nimblecache', 0x00000000000001ff)
mkdir('/tmp/nimblecache/alut_767256373', 0x00000000000001ff)
unlink('/tmp/nimblecache/alut_767256373/alut.ini')
unlink('/tmp/nimble_18066.out')
unlink('/home/runner/.nimble/pkgs/alut-1.1.0.2/alut_18066.nims')
unlink('/tmp/nimble_18066/githubcom_treeformopenal_0.1.0/src/openal/alc.nim')
rmdir('/tmp/nimble_18066/githubcom_treeformopenal_0.1.0/src/openal')
unlink('/tmp/nimble_18066/githubcom_treeformopenal_0.1.0/src/openal.nim')
rmdir('/tmp/nimble_18066/githubcom_treeformopenal_0.1.0/src')
unlink('/tmp/nimble_18066/githubcom_treeformopenal_0.1.0/.gitignore')
unlink('/tmp/nimble_18066/githubcom_treeformopenal_0.1.0/openal.nimble')
unlink('/tmp/nimble_18066/githubcom_treeformopenal_0.1.0/LICENSE')
unlink('/tmp/nimble_18066/githubcom_treeformopenal_0.1.0/.git/HEAD')
unlink('/tmp/nimble_18066/githubcom_treeformopenal_0.1.0/.git/config')
unlink('/tmp/nimble_18066/githubcom_treeformopenal_0.1.0/.git/logs/HEAD')
rmdir('/tmp/nimble_18066/githubcom_treeformopenal_0.1.0/.git/logs')
rmdir('/tmp/nimble_18066/githubcom_treeformopenal_0.1.0/.git/branches')
unlink('/tmp/nimble_18066/githubcom_treeformopenal_0.1.0/.git/packed-refs')
rmdir('/tmp/nimble_18066/githubcom_treeformopenal_0.1.0/.git/refs/heads')
rmdir('/tmp/nimble_18066/githubcom_treeformopenal_0.1.0/.git/refs/tags')
rmdir('/tmp/nimble_18066/githubcom_treeformopenal_0.1.0/.git/refs')
unlink('/tmp/nimble_18066/githubcom_treeformopenal_0.1.0/.git/hooks/fsmonitor-watchman.sample')
unlink('/tmp/nimble_18066/githubcom_treeformopenal_0.1.0/.git/hooks/pre-rebase.sample')
unlink('/tmp/nimble_18066/githubcom_treeformopenal_0.1.0/.git/hooks/pre-push.sample')
unlink('/tmp/nimble_18066/githubcom_treeformopenal_0.1.0/.git/hooks/pre-applypatch.sample')
unlink('/tmp/nimble_18066/githubcom_treeformopenal_0.1.0/.git/hooks/pre-receive.sample')
unlink('/tmp/nimble_18066/githubcom_treeformopenal_0.1.0/.git/hooks/commit-msg.sample')
unlink('/tmp/nimble_18066/githubcom_treeformopenal_0.1.0/.git/hooks/pre-merge-commit.sample')
unlink('/tmp/nimble_18066/githubcom_treeformopenal_0.1.0/.git/hooks/prepare-commit-msg.sample')
unlink('/tmp/nimble_18066/githubcom_treeformopenal_0.1.0/.git/hooks/pre-commit.sample')
unlink('/tmp/nimble_18066/githubcom_treeformopenal_0.1.0/.git/hooks/update.sample')
unlink('/tmp/nimble_18066/githubcom_treeformopenal_0.1.0/.git/hooks/applypatch-msg.sample')
unlink('/tmp/nimble_18066/githubcom_treeformopenal_0.1.0/.git/hooks/post-update.sample')
rmdir('/tmp/nimble_18066/githubcom_treeformopenal_0.1.0/.git/hooks')
unlink('/tmp/nimble_18066/githubcom_treeformopenal_0.1.0/.git/index')
unlink('/tmp/nimble_18066/githubcom_treeformopenal_0.1.0/.git/info/exclude')
rmdir('/tmp/nimble_18066/githubcom_treeformopenal_0.1.0/.git/info')
unlink('/tmp/nimble_18066/githubcom_treeformopenal_0.1.0/.git/shallow')
unlink('/tmp/nimble_18066/githubcom_treeformopenal_0.1.0/.git/description')
unlink('/tmp/nimble_18066/githubcom_treeformopenal_0.1.0/.git/objects/pack/pack-fd97314a560fcbc58b9c9f1f7ccd4aea77163334.idx')
unlink('/tmp/nimble_18066/githubcom_treeformopenal_0.1.0/.git/objects/pack/pack-fd97314a560fcbc58b9c9f1f7ccd4aea77163334.pack')
rmdir('/tmp/nimble_18066/githubcom_treeformopenal_0.1.0/.git/objects/pack')
rmdir('/tmp/nimble_18066/githubcom_treeformopenal_0.1.0/.git/objects/info')
rmdir('/tmp/nimble_18066/githubcom_treeformopenal_0.1.0/.git/objects')
rmdir('/tmp/nimble_18066/githubcom_treeformopenal_0.1.0/.git')
unlink('/tmp/nimble_18066/githubcom_treeformopenal_0.1.0/README.md')
unlink('/tmp/nimble_18066/githubcom_treeformopenal_0.1.0/deps/win64/OpenAL32.dll')
rmdir('/tmp/nimble_18066/githubcom_treeformopenal_0.1.0/deps/win64')
rmdir('/tmp/nimble_18066/githubcom_treeformopenal_0.1.0/deps')
unlink('/tmp/nimble_18066/githubcom_treeformopenal_0.1.0/tests/readwav.nim')
unlink('/tmp/nimble_18066/githubcom_treeformopenal_0.1.0/tests/test1.nim')
unlink('/tmp/nimble_18066/githubcom_treeformopenal_0.1.0/tests/test1.nims')
unlink('/tmp/nimble_18066/githubcom_treeformopenal_0.1.0/tests/xylophone-sweep.wav')
rmdir('/tmp/nimble_18066/githubcom_treeformopenal_0.1.0/tests')
rmdir('/tmp/nimble_18066/githubcom_treeformopenal_0.1.0')
unlink('/tmp/nimble_18066/githubcom_rmtalut/examples/helloworld.nim')
rmdir('/tmp/nimble_18066/githubcom_rmtalut/examples')
unlink('/tmp/nimble_18066/githubcom_rmtalut/src/alut.nim')
rmdir('/tmp/nimble_18066/githubcom_rmtalut/src')
unlink('/tmp/nimble_18066/githubcom_rmtalut/.git/HEAD')
unlink('/tmp/nimble_18066/githubcom_rmtalut/.git/config')
unlink('/tmp/nimble_18066/githubcom_rmtalut/.git/logs/HEAD')
unlink('/tmp/nimble_18066/githubcom_rmtalut/.git/logs/refs/heads/master')
rmdir('/tmp/nimble_18066/githubcom_rmtalut/.git/logs/refs/heads')
unlink('/tmp/nimble_18066/githubcom_rmtalut/.git/logs/refs/remotes/origin/HEAD')
rmdir('/tmp/nimble_18066/githubcom_rmtalut/.git/logs/refs/remotes/origin')
rmdir('/tmp/nimble_18066/githubcom_rmtalut/.git/logs/refs/remotes')
rmdir('/tmp/nimble_18066/githubcom_rmtalut/.git/logs/refs')
rmdir('/tmp/nimble_18066/githubcom_rmtalut/.git/logs')
rmdir('/tmp/nimble_18066/githubcom_rmtalut/.git/branches')
unlink('/tmp/nimble_18066/githubcom_rmtalut/.git/packed-refs')
unlink('/tmp/nimble_18066/githubcom_rmtalut/.git/refs/heads/master')
rmdir('/tmp/nimble_18066/githubcom_rmtalut/.git/refs/heads')
rmdir('/tmp/nimble_18066/githubcom_rmtalut/.git/refs/tags')
unlink('/tmp/nimble_18066/githubcom_rmtalut/.git/refs/remotes/origin/HEAD')
rmdir('/tmp/nimble_18066/githubcom_rmtalut/.git/refs/remotes/origin')
rmdir('/tmp/nimble_18066/githubcom_rmtalut/.git/refs/remotes')
rmdir('/tmp/nimble_18066/githubcom_rmtalut/.git/refs')
unlink('/tmp/nimble_18066/githubcom_rmtalut/.git/hooks/fsmonitor-watchman.sample')
unlink('/tmp/nimble_18066/githubcom_rmtalut/.git/hooks/pre-rebase.sample')
unlink('/tmp/nimble_18066/githubcom_rmtalut/.git/hooks/pre-push.sample')
unlink('/tmp/nimble_18066/githubcom_rmtalut/.git/hooks/pre-applypatch.sample')
unlink('/tmp/nimble_18066/githubcom_rmtalut/.git/hooks/pre-receive.sample')
unlink('/tmp/nimble_18066/githubcom_rmtalut/.git/hooks/commit-msg.sample')
unlink('/tmp/nimble_18066/githubcom_rmtalut/.git/hooks/pre-merge-commit.sample')
unlink('/tmp/nimble_18066/githubcom_rmtalut/.git/hooks/prepare-commit-msg.sample')
unlink('/tmp/nimble_18066/githubcom_rmtalut/.git/hooks/pre-commit.sample')
unlink('/tmp/nimble_18066/githubcom_rmtalut/.git/hooks/update.sample')
unlink('/tmp/nimble_18066/githubcom_rmtalut/.git/hooks/applypatch-msg.sample')
unlink('/tmp/nimble_18066/githubcom_rmtalut/.git/hooks/post-update.sample')
rmdir('/tmp/nimble_18066/githubcom_rmtalut/.git/hooks')
unlink('/tmp/nimble_18066/githubcom_rmtalut/.git/index')
unlink('/tmp/nimble_18066/githubcom_rmtalut/.git/info/exclude')
rmdir('/tmp/nimble_18066/githubcom_rmtalut/.git/info')
unlink('/tmp/nimble_18066/githubcom_rmtalut/.git/shallow')
unlink('/tmp/nimble_18066/githubcom_rmtalut/.git/description')
unlink('/tmp/nimble_18066/githubcom_rmtalut/.git/objects/pack/pack-c8f6a8aa9f0870855c1d02f20923a4f99779ff0d.idx')
unlink('/tmp/nimble_18066/githubcom_rmtalut/.git/objects/pack/pack-c8f6a8aa9f0870855c1d02f20923a4f99779ff0d.pack')
rmdir('/tmp/nimble_18066/githubcom_rmtalut/.git/objects/pack')
rmdir('/tmp/nimble_18066/githubcom_rmtalut/.git/objects/info')
rmdir('/tmp/nimble_18066/githubcom_rmtalut/.git/objects')
rmdir('/tmp/nimble_18066/githubcom_rmtalut/.git')
unlink('/tmp/nimble_18066/githubcom_rmtalut/README.md')
unlink('/tmp/nimble_18066/githubcom_rmtalut/alut.nimble')
unlink('/tmp/nimble_18066/githubcom_rmtalut/tests/config.nims')
rmdir('/tmp/nimble_18066/githubcom_rmtalut/tests')
rmdir('/tmp/nimble_18066/githubcom_rmtalut')
rmdir('/tmp/nimble_18066')
  create directory /tmp
  create directory /tmp/nimble_18066
  create directory /tmp/nimble_18066/githubcom_rmtalut
  delete /tmp/nimble_18066/githubcom_rmtalut
  create directory /tmp/nimble_18066/githubcom_rmtalut
  create directory /tmp/nimble_18066/githubcom_rmtalut/.git
  create directory /tmp/nimble_18066/githubcom_rmtalut/.git
  create directory /tmp/nimble_18066/githubcom_rmtalut/.git/branches
  create directory /tmp/nimble_18066/githubcom_rmtalut/.git/hooks
  create directory /tmp/nimble_18066/githubcom_rmtalut/.git/info
  create directory /tmp/nimble_18066/githubcom_rmtalut/.git/refs
  create directory /tmp/nimble_18066/githubcom_rmtalut/.git/refs/heads
  create directory /tmp/nimble_18066/githubcom_rmtalut/.git/refs/tags
  rename /tmp/nimble_18066/githubcom_rmtalut/.git/HEAD.lock to HEAD
  rename /tmp/nimble_18066/githubcom_rmtalut/.git/config.lock to config
  change permissions of /tmp/nimble_18066/githubcom_rmtalut/.git/config to rwxr--r--
  change permissions of /tmp/nimble_18066/githubcom_rmtalut/.git/config to rw-r--r--
  change permissions of /tmp/nimble_18066/githubcom_rmtalut/.git/config.lock to rw-r--r--
  rename /tmp/nimble_18066/githubcom_rmtalut/.git/config.lock to config
  change permissions of /tmp/nimble_18066/githubcom_rmtalut/.git/config.lock to rw-r--r--
  rename /tmp/nimble_18066/githubcom_rmtalut/.git/config.lock to config
  change permissions of /tmp/nimble_18066/githubcom_rmtalut/.git/config.lock to rw-r--r--
  rename /tmp/nimble_18066/githubcom_rmtalut/.git/config.lock to config
  delete /tmp/nimble_18066/githubcom_rmtalut/.git/tl8FcFq
  create symbolic link from /tmp/nimble_18066/githubcom_rmtalut/.git/tl8FcFq to /home/runner/work/nim_packages_security_audit/nim_packages_security_audit/testing
  delete /tmp/nimble_18066/githubcom_rmtalut/.git/tl8FcFq
  create directory /tmp/nimble_18066/githubcom_rmtalut/.git/objects
  create directory /tmp/nimble_18066/githubcom_rmtalut/.git/objects/pack
  create directory /tmp/nimble_18066/githubcom_rmtalut/.git/objects/info
  change permissions of /tmp/nimble_18066/githubcom_rmtalut/.git/config.lock to rw-r--r--
  rename /tmp/nimble_18066/githubcom_rmtalut/.git/config.lock to config
  change permissions of /tmp/nimble_18066/githubcom_rmtalut/.git/config.lock to rw-r--r--
  rename /tmp/nimble_18066/githubcom_rmtalut/.git/config.lock to config
  change permissions of /tmp/nimble_18066/githubcom_rmtalut/.git/config.lock to rw-r--r--
  rename /tmp/nimble_18066/githubcom_rmtalut/.git/config.lock to config
  create hard link from /tmp/nimble_18066/githubcom_rmtalut/.git/objects/pack/pack-c8f6a8aa9f0870855c1d02f20923a4f99779ff0d.pack to /tmp/nimble_18066/githubcom_rmtalut/.git/objects/pack/tmp_pack_AHilOb
  delete /tmp/nimble_18066/githubcom_rmtalut/.git/objects/pack/tmp_pack_AHilOb
  create hard link from /tmp/nimble_18066/githubcom_rmtalut/.git/objects/pack/pack-c8f6a8aa9f0870855c1d02f20923a4f99779ff0d.idx to /tmp/nimble_18066/githubcom_rmtalut/.git/objects/pack/tmp_idx_nHIMca
  delete /tmp/nimble_18066/githubcom_rmtalut/.git/objects/pack/tmp_idx_nHIMca
  rename /tmp/nimble_18066/githubcom_rmtalut/.git/shallow.lock to shallow
  rename /tmp/nimble_18066/githubcom_rmtalut/.git/packed-refs.new to packed-refs
  delete /tmp/nimble_18066/githubcom_rmtalut/.git/packed-refs.lock
  create directory /tmp/nimble_18066/githubcom_rmtalut/.git/refs/remotes
  create directory /tmp/nimble_18066/githubcom_rmtalut/.git/refs/remotes/origin
  create directory /tmp/nimble_18066/githubcom_rmtalut/.git/logs
  create directory /tmp/nimble_18066/githubcom_rmtalut/.git/logs/refs
  create directory /tmp/nimble_18066/githubcom_rmtalut/.git/logs/refs/remotes
  create directory /tmp/nimble_18066/githubcom_rmtalut/.git/logs/refs/remotes/origin
  rename /tmp/nimble_18066/githubcom_rmtalut/.git/refs/remotes/origin/HEAD.lock to HEAD
  rename /tmp/nimble_18066/githubcom_rmtalut/.git/HEAD.lock to HEAD
  create directory /tmp/nimble_18066/githubcom_rmtalut/.git/logs/refs/heads
  rename /tmp/nimble_18066/githubcom_rmtalut/.git/refs/heads/master.lock to master
  delete /tmp/nimble_18066/githubcom_rmtalut/.git/HEAD.lock
  change permissions of /tmp/nimble_18066/githubcom_rmtalut/.git/config.lock to rw-r--r--
  rename /tmp/nimble_18066/githubcom_rmtalut/.git/config.lock to config
  change permissions of /tmp/nimble_18066/githubcom_rmtalut/.git/config.lock to rw-r--r--
  rename /tmp/nimble_18066/githubcom_rmtalut/.git/config.lock to config
  delete /tmp/nimble_18066/githubcom_rmtalut/.git/objects/pack/pack-c8f6a8aa9f0870855c1d02f20923a4f99779ff0d.keep
  create directory /tmp/nimble_18066/githubcom_rmtalut/examples
  create directory /tmp/nimble_18066/githubcom_rmtalut/src
  create directory /tmp/nimble_18066/githubcom_rmtalut/tests
  rename /tmp/nimble_18066/githubcom_rmtalut/.git/index.lock to index
  create directory /tmp
  create directory /tmp/nimblecache
  create directory /tmp/nimblecache/alut_3589022919
  delete /tmp/nimblecache/alut_3589022919/alut.ini
  delete /tmp/nimble_18066.out
  delete /tmp/nimble_18066/githubcom_rmtalut/alut_18066.nims
  create directory /tmp
  create directory /tmp/nimble_18066
  create directory /tmp/nimble_18066/githubcom_treeformopenal_0.1.0
  delete /tmp/nimble_18066/githubcom_treeformopenal_0.1.0
  create directory /tmp/nimble_18066/githubcom_treeformopenal_0.1.0
  create directory /tmp/nimble_18066/githubcom_treeformopenal_0.1.0/.git
  create directory /tmp/nimble_18066/githubcom_treeformopenal_0.1.0/.git
  create directory /tmp/nimble_18066/githubcom_treeformopenal_0.1.0/.git/branches
  create directory /tmp/nimble_18066/githubcom_treeformopenal_0.1.0/.git/hooks
  create directory /tmp/nimble_18066/githubcom_treeformopenal_0.1.0/.git/info
  create directory /tmp/nimble_18066/githubcom_treeformopenal_0.1.0/.git/refs
  create directory /tmp/nimble_18066/githubcom_treeformopenal_0.1.0/.git/refs/heads
  create directory /tmp/nimble_18066/githubcom_treeformopenal_0.1.0/.git/refs/tags
  rename /tmp/nimble_18066/githubcom_treeformopenal_0.1.0/.git/HEAD.lock to HEAD
  rename /tmp/nimble_18066/githubcom_treeformopenal_0.1.0/.git/config.lock to config
  change permissions of /tmp/nimble_18066/githubcom_treeformopenal_0.1.0/.git/config to rwxr--r--
  change permissions of /tmp/nimble_18066/githubcom_treeformopenal_0.1.0/.git/config to rw-r--r--
  change permissions of /tmp/nimble_18066/githubcom_treeformopenal_0.1.0/.git/config.lock to rw-r--r--
  rename /tmp/nimble_18066/githubcom_treeformopenal_0.1.0/.git/config.lock to config
  change permissions of /tmp/nimble_18066/githubcom_treeformopenal_0.1.0/.git/config.lock to rw-r--r--
  rename /tmp/nimble_18066/githubcom_treeformopenal_0.1.0/.git/config.lock to config
  change permissions of /tmp/nimble_18066/githubcom_treeformopenal_0.1.0/.git/config.lock to rw-r--r--
  rename /tmp/nimble_18066/githubcom_treeformopenal_0.1.0/.git/config.lock to config
  delete /tmp/nimble_18066/githubcom_treeformopenal_0.1.0/.git/toAZWQG
  create symbolic link from /tmp/nimble_18066/githubcom_treeformopenal_0.1.0/.git/toAZWQG to /home/runner/work/nim_packages_security_audit/nim_packages_security_audit/testing
  delete /tmp/nimble_18066/githubcom_treeformopenal_0.1.0/.git/toAZWQG
  create directory /tmp/nimble_18066/githubcom_treeformopenal_0.1.0/.git/objects
  create directory /tmp/nimble_18066/githubcom_treeformopenal_0.1.0/.git/objects/pack
  create directory /tmp/nimble_18066/githubcom_treeformopenal_0.1.0/.git/objects/info
  change permissions of /tmp/nimble_18066/githubcom_treeformopenal_0.1.0/.git/config.lock to rw-r--r--
  rename /tmp/nimble_18066/githubcom_treeformopenal_0.1.0/.git/config.lock to config
  change permissions of /tmp/nimble_18066/githubcom_treeformopenal_0.1.0/.git/config.lock to rw-r--r--
  rename /tmp/nimble_18066/githubcom_treeformopenal_0.1.0/.git/config.lock to config
  change permissions of /tmp/nimble_18066/githubcom_treeformopenal_0.1.0/.git/config.lock to rw-r--r--
  rename /tmp/nimble_18066/githubcom_treeformopenal_0.1.0/.git/config.lock to config
  create hard link from /tmp/nimble_18066/githubcom_treeformopenal_0.1.0/.git/objects/pack/pack-fd97314a560fcbc58b9c9f1f7ccd4aea77163334.pack to /tmp/nimble_18066/githubcom_treeformopenal_0.1.0/.git/objects/pack/tmp_pack_IA7fZH
  delete /tmp/nimble_18066/githubcom_treeformopenal_0.1.0/.git/objects/pack/tmp_pack_IA7fZH
  create hard link from /tmp/nimble_18066/githubcom_treeformopenal_0.1.0/.git/objects/pack/pack-fd97314a560fcbc58b9c9f1f7ccd4aea77163334.idx to /tmp/nimble_18066/githubcom_treeformopenal_0.1.0/.git/objects/pack/tmp_idx_DQ919P
  delete /tmp/nimble_18066/githubcom_treeformopenal_0.1.0/.git/objects/pack/tmp_idx_DQ919P
  rename /tmp/nimble_18066/githubcom_treeformopenal_0.1.0/.git/shallow.lock to shallow
  rename /tmp/nimble_18066/githubcom_treeformopenal_0.1.0/.git/packed-refs.new to packed-refs
  delete /tmp/nimble_18066/githubcom_treeformopenal_0.1.0/.git/packed-refs.lock
  delete /tmp/nimble_18066/githubcom_treeformopenal_0.1.0/.git/refs/tags/v0.1.0.lock
  create directory /tmp/nimble_18066/githubcom_treeformopenal_0.1.0/.git/logs
  rename /tmp/nimble_18066/githubcom_treeformopenal_0.1.0/.git/HEAD.lock to HEAD
  delete /tmp/nimble_18066/githubcom_treeformopenal_0.1.0/.git/objects/pack/pack-fd97314a560fcbc58b9c9f1f7ccd4aea77163334.keep
  create directory /tmp/nimble_18066/githubcom_treeformopenal_0.1.0/deps
  create directory /tmp/nimble_18066/githubcom_treeformopenal_0.1.0/deps/win64
  create directory /tmp/nimble_18066/githubcom_treeformopenal_0.1.0/src
  create directory /tmp/nimble_18066/githubcom_treeformopenal_0.1.0/src/openal
  create directory /tmp/nimble_18066/githubcom_treeformopenal_0.1.0/tests
  rename /tmp/nimble_18066/githubcom_treeformopenal_0.1.0/.git/index.lock to index
  create directory /tmp
  create directory /tmp/nimblecache
  create directory /tmp/nimblecache/openal_462154538
  delete /tmp/nimblecache/openal_462154538/openal.ini
  delete /tmp/nimble_18066.out
  delete /tmp/nimble_18066/githubcom_treeformopenal_0.1.0/openal_18066.nims
  create directory /home
  create directory /home/runner
  create directory /home/runner/.nimble
  create directory /home/runner/.nimble/pkgs
  create directory /home/runner/.nimble/pkgs/openal-0.1.0
  create directory /home
  create directory /home/runner
  create directory /home/runner/.nimble
  create directory /home/runner/.nimble/pkgs
  create directory /home/runner/.nimble/pkgs/openal-0.1.0
  create directory /home/runner/.nimble/pkgs/openal-0.1.0/openal
  change permissions of /home/runner/.nimble/pkgs/openal-0.1.0/openal/alc.nim to rw-r--r--
  create directory /home
  create directory /home/runner
  create directory /home/runner/.nimble
  create directory /home/runner/.nimble/pkgs
  create directory /home/runner/.nimble/pkgs/openal-0.1.0
  change permissions of /home/runner/.nimble/pkgs/openal-0.1.0/openal.nim to rw-r--r--
  change permissions of /home/runner/.nimble/pkgs/openal-0.1.0/openal.nimble to rw-r--r--
  create directory /tmp
  create directory /tmp/nimblecache
  create directory /tmp/nimblecache/openal_2852683915
  delete /tmp/nimblecache/openal_2852683915/openal.ini
  delete /tmp/nimble_18066.out
  delete /home/runner/.nimble/pkgs/openal-0.1.0/openal_18066.nims
  create directory /home
  create directory /home/runner
  create directory /home/runner/.nimble
  create directory /home/runner/.nimble/pkgs
  create directory /home/runner/.nimble/pkgs/alut-1.1.0.2
  create directory /home
  create directory /home/runner
  create directory /home/runner/.nimble
  create directory /home/runner/.nimble/pkgs
  create directory /home/runner/.nimble/pkgs/alut-1.1.0.2
  change permissions of /home/runner/.nimble/pkgs/alut-1.1.0.2/alut.nim to rw-r--r--
  change permissions of /home/runner/.nimble/pkgs/alut-1.1.0.2/alut.nimble to rw-r--r--
  create directory /tmp
  create directory /tmp/nimblecache
  create directory /tmp/nimblecache/alut_767256373
  delete /tmp/nimblecache/alut_767256373/alut.ini
  delete /tmp/nimble_18066.out
  delete /home/runner/.nimble/pkgs/alut-1.1.0.2/alut_18066.nims
  delete /tmp/nimble_18066/githubcom_treeformopenal_0.1.0/src/openal/alc.nim
  delete /tmp/nimble_18066/githubcom_treeformopenal_0.1.0/src/openal
  delete /tmp/nimble_18066/githubcom_treeformopenal_0.1.0/src/openal.nim
  delete /tmp/nimble_18066/githubcom_treeformopenal_0.1.0/src
  delete /tmp/nimble_18066/githubcom_treeformopenal_0.1.0/.gitignore
  delete /tmp/nimble_18066/githubcom_treeformopenal_0.1.0/openal.nimble
  delete /tmp/nimble_18066/githubcom_treeformopenal_0.1.0/LICENSE
  delete /tmp/nimble_18066/githubcom_treeformopenal_0.1.0/.git/HEAD
  delete /tmp/nimble_18066/githubcom_treeformopenal_0.1.0/.git/config
  delete /tmp/nimble_18066/githubcom_treeformopenal_0.1.0/.git/logs/HEAD
  delete /tmp/nimble_18066/githubcom_treeformopenal_0.1.0/.git/logs
  delete /tmp/nimble_18066/githubcom_treeformopenal_0.1.0/.git/branches
  delete /tmp/nimble_18066/githubcom_treeformopenal_0.1.0/.git/packed-refs
  delete /tmp/nimble_18066/githubcom_treeformopenal_0.1.0/.git/refs/heads
  delete /tmp/nimble_18066/githubcom_treeformopenal_0.1.0/.git/refs/tags
  delete /tmp/nimble_18066/githubcom_treeformopenal_0.1.0/.git/refs
  delete /tmp/nimble_18066/githubcom_treeformopenal_0.1.0/.git/hooks/fsmonitor-watchman.sample
  delete /tmp/nimble_18066/githubcom_treeformopenal_0.1.0/.git/hooks/pre-rebase.sample
  delete /tmp/nimble_18066/githubcom_treeformopenal_0.1.0/.git/hooks/pre-push.sample
  delete /tmp/nimble_18066/githubcom_treeformopenal_0.1.0/.git/hooks/pre-applypatch.sample
  delete /tmp/nimble_18066/githubcom_treeformopenal_0.1.0/.git/hooks/pre-receive.sample
  delete /tmp/nimble_18066/githubcom_treeformopenal_0.1.0/.git/hooks/commit-msg.sample
  delete /tmp/nimble_18066/githubcom_treeformopenal_0.1.0/.git/hooks/pre-merge-commit.sample
  delete /tmp/nimble_18066/githubcom_treeformopenal_0.1.0/.git/hooks/prepare-commit-msg.sample
  delete /tmp/nimble_18066/githubcom_treeformopenal_0.1.0/.git/hooks/pre-commit.sample
  delete /tmp/nimble_18066/githubcom_treeformopenal_0.1.0/.git/hooks/update.sample
  delete /tmp/nimble_18066/githubcom_treeformopenal_0.1.0/.git/hooks/applypatch-msg.sample
  delete /tmp/nimble_18066/githubcom_treeformopenal_0.1.0/.git/hooks/post-update.sample
  delete /tmp/nimble_18066/githubcom_treeformopenal_0.1.0/.git/hooks
  delete /tmp/nimble_18066/githubcom_treeformopenal_0.1.0/.git/index
  delete /tmp/nimble_18066/githubcom_treeformopenal_0.1.0/.git/info/exclude
  delete /tmp/nimble_18066/githubcom_treeformopenal_0.1.0/.git/info
  delete /tmp/nimble_18066/githubcom_treeformopenal_0.1.0/.git/shallow
  delete /tmp/nimble_18066/githubcom_treeformopenal_0.1.0/.git/description
  delete /tmp/nimble_18066/githubcom_treeformopenal_0.1.0/.git/objects/pack/pack-fd97314a560fcbc58b9c9f1f7ccd4aea77163334.idx
  delete /tmp/nimble_18066/githubcom_treeformopenal_0.1.0/.git/objects/pack/pack-fd97314a560fcbc58b9c9f1f7ccd4aea77163334.pack
  delete /tmp/nimble_18066/githubcom_treeformopenal_0.1.0/.git/objects/pack
  delete /tmp/nimble_18066/githubcom_treeformopenal_0.1.0/.git/objects/info
  delete /tmp/nimble_18066/githubcom_treeformopenal_0.1.0/.git/objects
  delete /tmp/nimble_18066/githubcom_treeformopenal_0.1.0/.git
  delete /tmp/nimble_18066/githubcom_treeformopenal_0.1.0/README.md
  delete /tmp/nimble_18066/githubcom_treeformopenal_0.1.0/deps/win64/OpenAL32.dll
  delete /tmp/nimble_18066/githubcom_treeformopenal_0.1.0/deps/win64
  delete /tmp/nimble_18066/githubcom_treeformopenal_0.1.0/deps
  delete /tmp/nimble_18066/githubcom_treeformopenal_0.1.0/tests/readwav.nim
  delete /tmp/nimble_18066/githubcom_treeformopenal_0.1.0/tests/test1.nim
  delete /tmp/nimble_18066/githubcom_treeformopenal_0.1.0/tests/test1.nims
  delete /tmp/nimble_18066/githubcom_treeformopenal_0.1.0/tests/xylophone-sweep.wav
  delete /tmp/nimble_18066/githubcom_treeformopenal_0.1.0/tests
  delete /tmp/nimble_18066/githubcom_treeformopenal_0.1.0
  delete /tmp/nimble_18066/githubcom_rmtalut/examples/helloworld.nim
  delete /tmp/nimble_18066/githubcom_rmtalut/examples
  delete /tmp/nimble_18066/githubcom_rmtalut/src/alut.nim
  delete /tmp/nimble_18066/githubcom_rmtalut/src
  delete /tmp/nimble_18066/githubcom_rmtalut/.git/HEAD
  delete /tmp/nimble_18066/githubcom_rmtalut/.git/config
  delete /tmp/nimble_18066/githubcom_rmtalut/.git/logs/HEAD
  delete /tmp/nimble_18066/githubcom_rmtalut/.git/logs/refs/heads/master
  delete /tmp/nimble_18066/githubcom_rmtalut/.git/logs/refs/heads
  delete /tmp/nimble_18066/githubcom_rmtalut/.git/logs/refs/remotes/origin/HEAD
  delete /tmp/nimble_18066/githubcom_rmtalut/.git/logs/refs/remotes/origin
  delete /tmp/nimble_18066/githubcom_rmtalut/.git/logs/refs/remotes
  delete /tmp/nimble_18066/githubcom_rmtalut/.git/logs/refs
  delete /tmp/nimble_18066/githubcom_rmtalut/.git/logs
  delete /tmp/nimble_18066/githubcom_rmtalut/.git/branches
  delete /tmp/nimble_18066/githubcom_rmtalut/.git/packed-refs
  delete /tmp/nimble_18066/githubcom_rmtalut/.git/refs/heads/master
  delete /tmp/nimble_18066/githubcom_rmtalut/.git/refs/heads
  delete /tmp/nimble_18066/githubcom_rmtalut/.git/refs/tags
  delete /tmp/nimble_18066/githubcom_rmtalut/.git/refs/remotes/origin/HEAD
  delete /tmp/nimble_18066/githubcom_rmtalut/.git/refs/remotes/origin
  delete /tmp/nimble_18066/githubcom_rmtalut/.git/refs/remotes
  delete /tmp/nimble_18066/githubcom_rmtalut/.git/refs
  delete /tmp/nimble_18066/githubcom_rmtalut/.git/hooks/fsmonitor-watchman.sample
  delete /tmp/nimble_18066/githubcom_rmtalut/.git/hooks/pre-rebase.sample
  delete /tmp/nimble_18066/githubcom_rmtalut/.git/hooks/pre-push.sample
  delete /tmp/nimble_18066/githubcom_rmtalut/.git/hooks/pre-applypatch.sample
  delete /tmp/nimble_18066/githubcom_rmtalut/.git/hooks/pre-receive.sample
  delete /tmp/nimble_18066/githubcom_rmtalut/.git/hooks/commit-msg.sample
  delete /tmp/nimble_18066/githubcom_rmtalut/.git/hooks/pre-merge-commit.sample
  delete /tmp/nimble_18066/githubcom_rmtalut/.git/hooks/prepare-commit-msg.sample
  delete /tmp/nimble_18066/githubcom_rmtalut/.git/hooks/pre-commit.sample
  delete /tmp/nimble_18066/githubcom_rmtalut/.git/hooks/update.sample
  delete /tmp/nimble_18066/githubcom_rmtalut/.git/hooks/applypatch-msg.sample
  delete /tmp/nimble_18066/githubcom_rmtalut/.git/hooks/post-update.sample
  delete /tmp/nimble_18066/githubcom_rmtalut/.git/hooks
  delete /tmp/nimble_18066/githubcom_rmtalut/.git/index
  delete /tmp/nimble_18066/githubcom_rmtalut/.git/info/exclude
  delete /tmp/nimble_18066/githubcom_rmtalut/.git/info
  delete /tmp/nimble_18066/githubcom_rmtalut/.git/shallow
  delete /tmp/nimble_18066/githubcom_rmtalut/.git/description
  delete /tmp/nimble_18066/githubcom_rmtalut/.git/objects/pack/pack-c8f6a8aa9f0870855c1d02f20923a4f99779ff0d.idx
  delete /tmp/nimble_18066/githubcom_rmtalut/.git/objects/pack/pack-c8f6a8aa9f0870855c1d02f20923a4f99779ff0d.pack
  delete /tmp/nimble_18066/githubcom_rmtalut/.git/objects/pack
  delete /tmp/nimble_18066/githubcom_rmtalut/.git/objects/info
  delete /tmp/nimble_18066/githubcom_rmtalut/.git/objects
  delete /tmp/nimble_18066/githubcom_rmtalut/.git
  delete /tmp/nimble_18066/githubcom_rmtalut/README.md
  delete /tmp/nimble_18066/githubcom_rmtalut/alut.nimble
  delete /tmp/nimble_18066/githubcom_rmtalut/tests/config.nims
  delete /tmp/nimble_18066/githubcom_rmtalut/tests
  delete /tmp/nimble_18066/githubcom_rmtalut
  delete /tmp/nimble_18066
