     Info:  Nimble data file "/home/runner/.nimble/nimbledata2.json" has been loaded.
    Reading official package list
Downloading https://github.com/mashingan/anonimongo using git
    Cloning latest tagged version: v0.7.2
open('/workspace/destdir/ssl/openssl.cnf', 32768, 0x00000000000001b6)
open('/home/runner/.config/nimble/nimble.ini', 557056, 0x00000000000001b6)
open('/home/runner/.config/babel/babel.ini', 557056, 0x00000000000001b6)
open('/home/runner/.nimble/nimbledata2.json', 557056, 0x00000000000001b6)
writev(1, 0x00007ffdde82fb70, 2)
open('/home/runner/work/nim_packages_security_audit/nim_packages_security_audit', 622592, 0x0000000000000000)
writev(1, 0x00007ffdde82e7a0, 2)
open('/home/runner/.nimble/packages_official.json', 557056, 0x00000000000001b6)
mkdir('/tmp/', 0x00000000000001ff)
mkdir('/tmp/nimble_2947/', 0x00000000000001ff)
mkdir('/tmp/nimble_2947/githubcom_mashingananonimongo', 0x00000000000001ff)
open('/tmp/nimble_2947/githubcom_mashingananonimongo', 622592, 0x0000000000000000)
writev(1, 0x00007ffdde82e860, 2)
open('/tmp/nimble_2947/githubcom_mashingananonimongo', 622592, 0x0000000000000000)
rmdir('/tmp/nimble_2947/githubcom_mashingananonimongo')
writev(1, 0x00007ffdde82e750, 2)
mkdir(94062594475424, 0x00000000000001ff)
Error tracing process: readBytes(0x0000558ca787c5a0, 256) error: [Errno 5] Input/output error.
