      Info: Package cache path /home/runner/.nimble/pkgcache
     Info:  Nimble data file "/home/runner/.nimble/nimbledata2.json" has been loaded.
    Reading official package list
Downloading https://github.com/ansiwave/ansiutils using git
    Cloning latest tagged version: 0.2.0
open('/workspace/destdir/ssl/openssl.cnf', 32768, 0x00000000000001b6)
open('/home/runner/.config/nimble/nimble.ini', 557056, 0x00000000000001b6)
open('/home/runner/.config/babel/babel.ini', 557056, 0x00000000000001b6)
writev(1, 0x00007fff524c4db0, 2)
open('/home/runner/.nimble/nimbledata2.json', 557056, 0x00000000000001b6)
writev(1, 0x00007fff524c4e80, 2)
writev(1, 0x00007ffce1f320f0, 2)
writev(1, 0x00007ffce1f32180, 2)
writev(1, 0x00007ffce1f32180, 2)
writev(1, 0x00007ffce1f32180, 2)
writev(1, 0x00007fff524c3890, 2)
open('/home/runner/.nimble/packages_official.json', 557056, 0x00000000000001b6)
mkdir('/home/', 0x00000000000001ff)
mkdir('/home/runner/', 0x00000000000001ff)
mkdir('/home/runner/.nimble/', 0x00000000000001ff)
mkdir('/home/runner/.nimble/pkgcache/', 0x00000000000001ff)
mkdir('/home/runner/.nimble/pkgcache/githubcom_ansiwaveansiutils', 0x00000000000001ff)
open('/home/runner/.nimble/pkgcache/githubcom_ansiwaveansiutils', 622592, 0x0000000000000000)
writev(1, 0x00007fff524c38f0, 2)
open('/home/runner/.nimble/pkgcache/githubcom_ansiwaveansiutils', 622592, 0x0000000000000000)
rmdir('/home/runner/.nimble/pkgcache/githubcom_ansiwaveansiutils')
writev(1, 0x00007fff524c37e0, 2)
mkdir(94514653244304, 0x00000000000001ff)
Error tracing process: readBytes(0x000055f5e8552b90, 256) error: [Errno 5] Input/output error.
