    Reading official package list
Downloading https://github.com/PMunch/ansiparse using git
mkdir('/tmp', 0x00000000000001ff)
mkdir('/tmp/nimble_4908', 0x00000000000001ff)
mkdir('/tmp/nimble_4908/githubcom_PMunchansiparse', 0x00000000000001ff)
rmdir('/tmp/nimble_4908/githubcom_PMunchansiparse')
mkdir('/tmp/nimble_4908/githubcom_PMunchansiparse', 0x00000000000001ff)
mkdir('/tmp/nimble_4908/githubcom_PMunchansiparse/.git', 0x00000000000001ff)
mkdir('/tmp/nimble_4908/githubcom_PMunchansiparse/.git/', 0x00000000000001ff)
mkdir('/tmp/nimble_4908/githubcom_PMunchansiparse/.git/info/', 0x00000000000001ff)
mkdir('/tmp/nimble_4908/githubcom_PMunchansiparse/.git/branches/', 0x00000000000001ff)
mkdir('/tmp/nimble_4908/githubcom_PMunchansiparse/.git/hooks/', 0x00000000000001ff)
mkdir('/tmp/nimble_4908/githubcom_PMunchansiparse/.git/refs', 0x00000000000001ff)
mkdir('/tmp/nimble_4908/githubcom_PMunchansiparse/.git/refs/heads', 0x00000000000001ff)
mkdir('/tmp/nimble_4908/githubcom_PMunchansiparse/.git/refs/tags', 0x00000000000001ff)
rename('/tmp/nimble_4908/githubcom_PMunchansiparse/.git/HEAD.lock', '/tmp/nimble_4908/githubcom_PMunchansiparse/.git/HEAD')
rename('/tmp/nimble_4908/githubcom_PMunchansiparse/.git/config.lock', '/tmp/nimble_4908/githubcom_PMunchansiparse/.git/config')
chmod('/tmp/nimble_4908/githubcom_PMunchansiparse/.git/config', 0x00000000000081e4)
chmod('/tmp/nimble_4908/githubcom_PMunchansiparse/.git/config', 0x00000000000081a4)
chmod('/tmp/nimble_4908/githubcom_PMunchansiparse/.git/config.lock', 0x00000000000001a4)
rename('/tmp/nimble_4908/githubcom_PMunchansiparse/.git/config.lock', '/tmp/nimble_4908/githubcom_PMunchansiparse/.git/config')
chmod('/tmp/nimble_4908/githubcom_PMunchansiparse/.git/config.lock', 0x00000000000001a4)
rename('/tmp/nimble_4908/githubcom_PMunchansiparse/.git/config.lock', '/tmp/nimble_4908/githubcom_PMunchansiparse/.git/config')
chmod('/tmp/nimble_4908/githubcom_PMunchansiparse/.git/config.lock', 0x00000000000001a4)
rename('/tmp/nimble_4908/githubcom_PMunchansiparse/.git/config.lock', '/tmp/nimble_4908/githubcom_PMunchansiparse/.git/config')
unlink('/tmp/nimble_4908/githubcom_PMunchansiparse/.git/tAoyGxB')
symlink('testing', '/tmp/nimble_4908/githubcom_PMunchansiparse/.git/tAoyGxB')
unlink('/tmp/nimble_4908/githubcom_PMunchansiparse/.git/tAoyGxB')
mkdir('/tmp/nimble_4908/githubcom_PMunchansiparse/.git/objects', 0x00000000000001ff)
mkdir('/tmp/nimble_4908/githubcom_PMunchansiparse/.git/objects/pack', 0x00000000000001ff)
mkdir('/tmp/nimble_4908/githubcom_PMunchansiparse/.git/objects/info', 0x00000000000001ff)
chmod('/tmp/nimble_4908/githubcom_PMunchansiparse/.git/config.lock', 0x00000000000001a4)
rename('/tmp/nimble_4908/githubcom_PMunchansiparse/.git/config.lock', '/tmp/nimble_4908/githubcom_PMunchansiparse/.git/config')
chmod('/tmp/nimble_4908/githubcom_PMunchansiparse/.git/config.lock', 0x00000000000001a4)
rename('/tmp/nimble_4908/githubcom_PMunchansiparse/.git/config.lock', '/tmp/nimble_4908/githubcom_PMunchansiparse/.git/config')
chmod('/tmp/nimble_4908/githubcom_PMunchansiparse/.git/config.lock', 0x00000000000001a4)
rename('/tmp/nimble_4908/githubcom_PMunchansiparse/.git/config.lock', '/tmp/nimble_4908/githubcom_PMunchansiparse/.git/config')
mkdir('/tmp/nimble_4908/githubcom_PMunchansiparse/.git/objects/be', 0x00000000000001ff)
link('/tmp/nimble_4908/githubcom_PMunchansiparse/.git/objects/be/tmp_obj_OqrT1D', '/tmp/nimble_4908/githubcom_PMunchansiparse/.git/objects/be/096003ce5aa92c9b8b4744d1c9899991ae6e7f')
unlink('/tmp/nimble_4908/githubcom_PMunchansiparse/.git/objects/be/tmp_obj_OqrT1D')
mkdir('/tmp/nimble_4908/githubcom_PMunchansiparse/.git/objects/13', 0x00000000000001ff)
link('/tmp/nimble_4908/githubcom_PMunchansiparse/.git/objects/13/tmp_obj_GW1A5E', '/tmp/nimble_4908/githubcom_PMunchansiparse/.git/objects/13/5cc1f3a3541bedd0960ebd88df4a4d7be659f7')
unlink('/tmp/nimble_4908/githubcom_PMunchansiparse/.git/objects/13/tmp_obj_GW1A5E')
mkdir('/tmp/nimble_4908/githubcom_PMunchansiparse/.git/objects/7d', 0x00000000000001ff)
link('/tmp/nimble_4908/githubcom_PMunchansiparse/.git/objects/7d/tmp_obj_YHtfoL', '/tmp/nimble_4908/githubcom_PMunchansiparse/.git/objects/7d/07eb827ec51bac432943943c813013c0600177')
unlink('/tmp/nimble_4908/githubcom_PMunchansiparse/.git/objects/7d/tmp_obj_YHtfoL')
mkdir('/tmp/nimble_4908/githubcom_PMunchansiparse/.git/objects/d6', 0x00000000000001ff)
link('/tmp/nimble_4908/githubcom_PMunchansiparse/.git/objects/d6/tmp_obj_OKfElP', '/tmp/nimble_4908/githubcom_PMunchansiparse/.git/objects/d6/13beb05f82af2ce7a37ad1fe31256581f06d2c')
unlink('/tmp/nimble_4908/githubcom_PMunchansiparse/.git/objects/d6/tmp_obj_OKfElP')
mkdir('/tmp/nimble_4908/githubcom_PMunchansiparse/.git/objects/04', 0x00000000000001ff)
link('/tmp/nimble_4908/githubcom_PMunchansiparse/.git/objects/04/tmp_obj_GwAXkR', '/tmp/nimble_4908/githubcom_PMunchansiparse/.git/objects/04/d68ab33caf3d750383a9036d6d6a184544de75')
unlink('/tmp/nimble_4908/githubcom_PMunchansiparse/.git/objects/04/tmp_obj_GwAXkR')
mkdir('/tmp/nimble_4908/githubcom_PMunchansiparse/.git/objects/05', 0x00000000000001ff)
link('/tmp/nimble_4908/githubcom_PMunchansiparse/.git/objects/05/tmp_obj_ua4QnV', '/tmp/nimble_4908/githubcom_PMunchansiparse/.git/objects/05/d99a5424acdc6ecc839d92af9d6f3d09395e48')
unlink('/tmp/nimble_4908/githubcom_PMunchansiparse/.git/objects/05/tmp_obj_ua4QnV')
mkdir('/tmp/nimble_4908/githubcom_PMunchansiparse/.git/objects/40', 0x00000000000001ff)
link('/tmp/nimble_4908/githubcom_PMunchansiparse/.git/objects/40/tmp_obj_KSYeC1', '/tmp/nimble_4908/githubcom_PMunchansiparse/.git/objects/40/f90c6b79755630d67999f62ac1188b8607bdbe')
unlink('/tmp/nimble_4908/githubcom_PMunchansiparse/.git/objects/40/tmp_obj_KSYeC1')
mkdir('/tmp/nimble_4908/githubcom_PMunchansiparse/.git/objects/3b', 0x00000000000001ff)
link('/tmp/nimble_4908/githubcom_PMunchansiparse/.git/objects/3b/tmp_obj_Ijfsq6', '/tmp/nimble_4908/githubcom_PMunchansiparse/.git/objects/3b/b69f82af2b03d759a985634d69563496d956b6')
unlink('/tmp/nimble_4908/githubcom_PMunchansiparse/.git/objects/3b/tmp_obj_Ijfsq6')
mkdir('/tmp/nimble_4908/githubcom_PMunchansiparse/.git/objects/de', 0x00000000000001ff)
link('/tmp/nimble_4908/githubcom_PMunchansiparse/.git/objects/de/tmp_obj_kDLMoa', '/tmp/nimble_4908/githubcom_PMunchansiparse/.git/objects/de/b72a3bf547b8ae0f617f2b09500f1a9f31424f')
unlink('/tmp/nimble_4908/githubcom_PMunchansiparse/.git/objects/de/tmp_obj_kDLMoa')
rename('/tmp/nimble_4908/githubcom_PMunchansiparse/.git/shallow.lock', '/tmp/nimble_4908/githubcom_PMunchansiparse/.git/shallow')
rename('/tmp/nimble_4908/githubcom_PMunchansiparse/.git/packed-refs.new', '/tmp/nimble_4908/githubcom_PMunchansiparse/.git/packed-refs')
unlink('/tmp/nimble_4908/githubcom_PMunchansiparse/.git/packed-refs.lock')
mkdir('/tmp/nimble_4908/githubcom_PMunchansiparse/.git/refs/remotes', 0x00000000000001ff)
mkdir('/tmp/nimble_4908/githubcom_PMunchansiparse/.git/refs/remotes/origin', 0x00000000000001ff)
mkdir('/tmp/nimble_4908/githubcom_PMunchansiparse/.git/logs', 0x00000000000001ff)
mkdir('/tmp/nimble_4908/githubcom_PMunchansiparse/.git/logs/refs', 0x00000000000001ff)
mkdir('/tmp/nimble_4908/githubcom_PMunchansiparse/.git/logs/refs/remotes', 0x00000000000001ff)
mkdir('/tmp/nimble_4908/githubcom_PMunchansiparse/.git/logs/refs/remotes/origin', 0x00000000000001ff)
rename('/tmp/nimble_4908/githubcom_PMunchansiparse/.git/refs/remotes/origin/HEAD.lock', '/tmp/nimble_4908/githubcom_PMunchansiparse/.git/refs/remotes/origin/HEAD')
rename('/tmp/nimble_4908/githubcom_PMunchansiparse/.git/HEAD.lock', '/tmp/nimble_4908/githubcom_PMunchansiparse/.git/HEAD')
mkdir('/tmp/nimble_4908/githubcom_PMunchansiparse/.git/logs/refs/heads', 0x00000000000001ff)
rename('/tmp/nimble_4908/githubcom_PMunchansiparse/.git/refs/heads/master.lock', '/tmp/nimble_4908/githubcom_PMunchansiparse/.git/refs/heads/master')
unlink('/tmp/nimble_4908/githubcom_PMunchansiparse/.git/HEAD.lock')
chmod('/tmp/nimble_4908/githubcom_PMunchansiparse/.git/config.lock', 0x00000000000001a4)
rename('/tmp/nimble_4908/githubcom_PMunchansiparse/.git/config.lock', '/tmp/nimble_4908/githubcom_PMunchansiparse/.git/config')
chmod('/tmp/nimble_4908/githubcom_PMunchansiparse/.git/config.lock', 0x00000000000001a4)
rename('/tmp/nimble_4908/githubcom_PMunchansiparse/.git/config.lock', '/tmp/nimble_4908/githubcom_PMunchansiparse/.git/config')       Info /tmp/nimble_4908/githubcom_PMunchansiparse/ansiparse_4908.nims(1, 8) Warning: imported and not used: 'system' [UnusedImport]
        ... /tmp/nimble_4908/githubcom_PMunchansiparse/ansiparse_4908.nims(5, 22) Warning: imported and not used: 'strutils' [UnusedImport]
  Verifying dependencies for ansiparse@0.1.0
 Installing ansiparse@0.1.0
    Copying file /tmp/nimble_4908/githubcom_PMunchansiparse/src/ansiparse.nim to /home/runner/.nimble/pkgs/ansiparse-0.1.0/ansiparse.nim
    Copying file /tmp/nimble_4908/githubcom_PMunchansiparse/ansiparse.nimble to /home/runner/.nimble/pkgs/ansiparse-0.1.0/ansiparse.nimble
   Success: ansiparse installed successfully.
       Info /home/runner/.nimble/pkgs/ansiparse-0.1.0/ansiparse_4908.nims(1, 8) Warning: imported and not used: 'system' [UnusedImport]
        ... /home/runner/.nimble/pkgs/ansiparse-0.1.0/ansiparse_4908.nims(5, 22) Warning: imported and not used: 'strutils' [UnusedImport]

mkdir('src', 0x00000000000001ff)
mkdir('tests', 0x00000000000001ff)
rename('/tmp/nimble_4908/githubcom_PMunchansiparse/.git/index.lock', '/tmp/nimble_4908/githubcom_PMunchansiparse/.git/index')
mkdir('/tmp', 0x00000000000001ff)
mkdir('/tmp/nimblecache', 0x00000000000001ff)
mkdir('/tmp/nimblecache/ansiparse_4091016907', 0x00000000000001ff)
unlink('/tmp/nimblecache/ansiparse_4091016907/ansiparse.ini')
unlink('/tmp/nimble_4908.out')
unlink('/tmp/nimble_4908/githubcom_PMunchansiparse/ansiparse_4908.nims')
mkdir('/home', 0x00000000000001ff)
mkdir('/home/runner', 0x00000000000001ff)
mkdir('/home/runner/.nimble', 0x00000000000001ff)
mkdir('/home/runner/.nimble/pkgs', 0x00000000000001ff)
mkdir('/home/runner/.nimble/pkgs/ansiparse-0.1.0', 0x00000000000001ff)
mkdir('/home', 0x00000000000001ff)
mkdir('/home/runner', 0x00000000000001ff)
mkdir('/home/runner/.nimble', 0x00000000000001ff)
mkdir('/home/runner/.nimble/pkgs', 0x00000000000001ff)
mkdir('/home/runner/.nimble/pkgs/ansiparse-0.1.0', 0x00000000000001ff)
chmod('/home/runner/.nimble/pkgs/ansiparse-0.1.0/ansiparse.nim', 0x00000000000001a4)
chmod('/home/runner/.nimble/pkgs/ansiparse-0.1.0/ansiparse.nimble', 0x00000000000001a4)
mkdir('/tmp', 0x00000000000001ff)
mkdir('/tmp/nimblecache', 0x00000000000001ff)
mkdir('/tmp/nimblecache/ansiparse_414916058', 0x00000000000001ff)
unlink('/tmp/nimblecache/ansiparse_414916058/ansiparse.ini')
unlink('/tmp/nimble_4908.out')
unlink('/home/runner/.nimble/pkgs/ansiparse-0.1.0/ansiparse_4908.nims')
unlink('/tmp/nimble_4908/githubcom_PMunchansiparse/README.md')
unlink('/tmp/nimble_4908/githubcom_PMunchansiparse/.git/refs/remotes/origin/HEAD')
rmdir('/tmp/nimble_4908/githubcom_PMunchansiparse/.git/refs/remotes/origin')
rmdir('/tmp/nimble_4908/githubcom_PMunchansiparse/.git/refs/remotes')
rmdir('/tmp/nimble_4908/githubcom_PMunchansiparse/.git/refs/tags')
unlink('/tmp/nimble_4908/githubcom_PMunchansiparse/.git/refs/heads/master')
rmdir('/tmp/nimble_4908/githubcom_PMunchansiparse/.git/refs/heads')
rmdir('/tmp/nimble_4908/githubcom_PMunchansiparse/.git/refs')
unlink('/tmp/nimble_4908/githubcom_PMunchansiparse/.git/info/exclude')
rmdir('/tmp/nimble_4908/githubcom_PMunchansiparse/.git/info')
rmdir('/tmp/nimble_4908/githubcom_PMunchansiparse/.git/branches')
unlink('/tmp/nimble_4908/githubcom_PMunchansiparse/.git/logs/refs/remotes/origin/HEAD')
rmdir('/tmp/nimble_4908/githubcom_PMunchansiparse/.git/logs/refs/remotes/origin')
rmdir('/tmp/nimble_4908/githubcom_PMunchansiparse/.git/logs/refs/remotes')
unlink('/tmp/nimble_4908/githubcom_PMunchansiparse/.git/logs/refs/heads/master')
rmdir('/tmp/nimble_4908/githubcom_PMunchansiparse/.git/logs/refs/heads')
rmdir('/tmp/nimble_4908/githubcom_PMunchansiparse/.git/logs/refs')
unlink('/tmp/nimble_4908/githubcom_PMunchansiparse/.git/logs/HEAD')
rmdir('/tmp/nimble_4908/githubcom_PMunchansiparse/.git/logs')
unlink('/tmp/nimble_4908/githubcom_PMunchansiparse/.git/description')
unlink('/tmp/nimble_4908/githubcom_PMunchansiparse/.git/hooks/pre-rebase.sample')
unlink('/tmp/nimble_4908/githubcom_PMunchansiparse/.git/hooks/applypatch-msg.sample')
unlink('/tmp/nimble_4908/githubcom_PMunchansiparse/.git/hooks/pre-push.sample')
unlink('/tmp/nimble_4908/githubcom_PMunchansiparse/.git/hooks/pre-merge-commit.sample')
unlink('/tmp/nimble_4908/githubcom_PMunchansiparse/.git/hooks/pre-receive.sample')
unlink('/tmp/nimble_4908/githubcom_PMunchansiparse/.git/hooks/update.sample')
unlink('/tmp/nimble_4908/githubcom_PMunchansiparse/.git/hooks/pre-commit.sample')
unlink('/tmp/nimble_4908/githubcom_PMunchansiparse/.git/hooks/pre-applypatch.sample')
unlink('/tmp/nimble_4908/githubcom_PMunchansiparse/.git/hooks/commit-msg.sample')
unlink('/tmp/nimble_4908/githubcom_PMunchansiparse/.git/hooks/fsmonitor-watchman.sample')
unlink('/tmp/nimble_4908/githubcom_PMunchansiparse/.git/hooks/prepare-commit-msg.sample')
unlink('/tmp/nimble_4908/githubcom_PMunchansiparse/.git/hooks/post-update.sample')
rmdir('/tmp/nimble_4908/githubcom_PMunchansiparse/.git/hooks')
unlink('/tmp/nimble_4908/githubcom_PMunchansiparse/.git/shallow')
unlink('/tmp/nimble_4908/githubcom_PMunchansiparse/.git/config')
unlink('/tmp/nimble_4908/githubcom_PMunchansiparse/.git/index')
rmdir('/tmp/nimble_4908/githubcom_PMunchansiparse/.git/objects/info')
unlink('/tmp/nimble_4908/githubcom_PMunchansiparse/.git/objects/de/b72a3bf547b8ae0f617f2b09500f1a9f31424f')
rmdir('/tmp/nimble_4908/githubcom_PMunchansiparse/.git/objects/de')
unlink('/tmp/nimble_4908/githubcom_PMunchansiparse/.git/objects/be/096003ce5aa92c9b8b4744d1c9899991ae6e7f')
rmdir('/tmp/nimble_4908/githubcom_PMunchansiparse/.git/objects/be')
unlink('/tmp/nimble_4908/githubcom_PMunchansiparse/.git/objects/d6/13beb05f82af2ce7a37ad1fe31256581f06d2c')
rmdir('/tmp/nimble_4908/githubcom_PMunchansiparse/.git/objects/d6')
unlink('/tmp/nimble_4908/githubcom_PMunchansiparse/.git/objects/7d/07eb827ec51bac432943943c813013c0600177')
rmdir('/tmp/nimble_4908/githubcom_PMunchansiparse/.git/objects/7d')
unlink('/tmp/nimble_4908/githubcom_PMunchansiparse/.git/objects/05/d99a5424acdc6ecc839d92af9d6f3d09395e48')
rmdir('/tmp/nimble_4908/githubcom_PMunchansiparse/.git/objects/05')
unlink('/tmp/nimble_4908/githubcom_PMunchansiparse/.git/objects/13/5cc1f3a3541bedd0960ebd88df4a4d7be659f7')
rmdir('/tmp/nimble_4908/githubcom_PMunchansiparse/.git/objects/13')
unlink('/tmp/nimble_4908/githubcom_PMunchansiparse/.git/objects/04/d68ab33caf3d750383a9036d6d6a184544de75')
rmdir('/tmp/nimble_4908/githubcom_PMunchansiparse/.git/objects/04')
unlink('/tmp/nimble_4908/githubcom_PMunchansiparse/.git/objects/3b/b69f82af2b03d759a985634d69563496d956b6')
rmdir('/tmp/nimble_4908/githubcom_PMunchansiparse/.git/objects/3b')
unlink('/tmp/nimble_4908/githubcom_PMunchansiparse/.git/objects/40/f90c6b79755630d67999f62ac1188b8607bdbe')
rmdir('/tmp/nimble_4908/githubcom_PMunchansiparse/.git/objects/40')
rmdir('/tmp/nimble_4908/githubcom_PMunchansiparse/.git/objects/pack')
rmdir('/tmp/nimble_4908/githubcom_PMunchansiparse/.git/objects')
unlink('/tmp/nimble_4908/githubcom_PMunchansiparse/.git/packed-refs')
unlink('/tmp/nimble_4908/githubcom_PMunchansiparse/.git/HEAD')
rmdir('/tmp/nimble_4908/githubcom_PMunchansiparse/.git')
unlink('/tmp/nimble_4908/githubcom_PMunchansiparse/src/ansiparse.nim')
rmdir('/tmp/nimble_4908/githubcom_PMunchansiparse/src')
unlink('/tmp/nimble_4908/githubcom_PMunchansiparse/tests/config.nims')
unlink('/tmp/nimble_4908/githubcom_PMunchansiparse/tests/test1.nim')
rmdir('/tmp/nimble_4908/githubcom_PMunchansiparse/tests')
unlink('/tmp/nimble_4908/githubcom_PMunchansiparse/ansiparse.nimble')
rmdir('/tmp/nimble_4908/githubcom_PMunchansiparse')
rmdir('/tmp/nimble_4908')
  create directory /tmp
  create directory /tmp/nimble_4908
  create directory /tmp/nimble_4908/githubcom_PMunchansiparse
  delete /tmp/nimble_4908/githubcom_PMunchansiparse
  create directory /tmp/nimble_4908/githubcom_PMunchansiparse
  create directory /tmp/nimble_4908/githubcom_PMunchansiparse/.git
  create directory /tmp/nimble_4908/githubcom_PMunchansiparse/.git
  create directory /tmp/nimble_4908/githubcom_PMunchansiparse/.git/info
  create directory /tmp/nimble_4908/githubcom_PMunchansiparse/.git/branches
  create directory /tmp/nimble_4908/githubcom_PMunchansiparse/.git/hooks
  create directory /tmp/nimble_4908/githubcom_PMunchansiparse/.git/refs
  create directory /tmp/nimble_4908/githubcom_PMunchansiparse/.git/refs/heads
  create directory /tmp/nimble_4908/githubcom_PMunchansiparse/.git/refs/tags
  rename /tmp/nimble_4908/githubcom_PMunchansiparse/.git/HEAD.lock to HEAD
  rename /tmp/nimble_4908/githubcom_PMunchansiparse/.git/config.lock to config
  change permissions of /tmp/nimble_4908/githubcom_PMunchansiparse/.git/config to rwxr--r--
  change permissions of /tmp/nimble_4908/githubcom_PMunchansiparse/.git/config to rw-r--r--
  change permissions of /tmp/nimble_4908/githubcom_PMunchansiparse/.git/config.lock to rw-r--r--
  rename /tmp/nimble_4908/githubcom_PMunchansiparse/.git/config.lock to config
  change permissions of /tmp/nimble_4908/githubcom_PMunchansiparse/.git/config.lock to rw-r--r--
  rename /tmp/nimble_4908/githubcom_PMunchansiparse/.git/config.lock to config
  change permissions of /tmp/nimble_4908/githubcom_PMunchansiparse/.git/config.lock to rw-r--r--
  rename /tmp/nimble_4908/githubcom_PMunchansiparse/.git/config.lock to config
  delete /tmp/nimble_4908/githubcom_PMunchansiparse/.git/tAoyGxB
  create symbolic link from /tmp/nimble_4908/githubcom_PMunchansiparse/.git/tAoyGxB to /home/runner/work/nim_packages_security_audit/nim_packages_security_audit/testing
  delete /tmp/nimble_4908/githubcom_PMunchansiparse/.git/tAoyGxB
  create directory /tmp/nimble_4908/githubcom_PMunchansiparse/.git/objects
  create directory /tmp/nimble_4908/githubcom_PMunchansiparse/.git/objects/pack
  create directory /tmp/nimble_4908/githubcom_PMunchansiparse/.git/objects/info
  change permissions of /tmp/nimble_4908/githubcom_PMunchansiparse/.git/config.lock to rw-r--r--
  rename /tmp/nimble_4908/githubcom_PMunchansiparse/.git/config.lock to config
  change permissions of /tmp/nimble_4908/githubcom_PMunchansiparse/.git/config.lock to rw-r--r--
  rename /tmp/nimble_4908/githubcom_PMunchansiparse/.git/config.lock to config
  change permissions of /tmp/nimble_4908/githubcom_PMunchansiparse/.git/config.lock to rw-r--r--
  rename /tmp/nimble_4908/githubcom_PMunchansiparse/.git/config.lock to config
  create directory /tmp/nimble_4908/githubcom_PMunchansiparse/.git/objects/be
  create hard link from /tmp/nimble_4908/githubcom_PMunchansiparse/.git/objects/be/096003ce5aa92c9b8b4744d1c9899991ae6e7f to /tmp/nimble_4908/githubcom_PMunchansiparse/.git/objects/be/tmp_obj_OqrT1D
  delete /tmp/nimble_4908/githubcom_PMunchansiparse/.git/objects/be/tmp_obj_OqrT1D
  create directory /tmp/nimble_4908/githubcom_PMunchansiparse/.git/objects/13
  create hard link from /tmp/nimble_4908/githubcom_PMunchansiparse/.git/objects/13/5cc1f3a3541bedd0960ebd88df4a4d7be659f7 to /tmp/nimble_4908/githubcom_PMunchansiparse/.git/objects/13/tmp_obj_GW1A5E
  delete /tmp/nimble_4908/githubcom_PMunchansiparse/.git/objects/13/tmp_obj_GW1A5E
  create directory /tmp/nimble_4908/githubcom_PMunchansiparse/.git/objects/7d
  create hard link from /tmp/nimble_4908/githubcom_PMunchansiparse/.git/objects/7d/07eb827ec51bac432943943c813013c0600177 to /tmp/nimble_4908/githubcom_PMunchansiparse/.git/objects/7d/tmp_obj_YHtfoL
  delete /tmp/nimble_4908/githubcom_PMunchansiparse/.git/objects/7d/tmp_obj_YHtfoL
  create directory /tmp/nimble_4908/githubcom_PMunchansiparse/.git/objects/d6
  create hard link from /tmp/nimble_4908/githubcom_PMunchansiparse/.git/objects/d6/13beb05f82af2ce7a37ad1fe31256581f06d2c to /tmp/nimble_4908/githubcom_PMunchansiparse/.git/objects/d6/tmp_obj_OKfElP
  delete /tmp/nimble_4908/githubcom_PMunchansiparse/.git/objects/d6/tmp_obj_OKfElP
  create directory /tmp/nimble_4908/githubcom_PMunchansiparse/.git/objects/04
  create hard link from /tmp/nimble_4908/githubcom_PMunchansiparse/.git/objects/04/d68ab33caf3d750383a9036d6d6a184544de75 to /tmp/nimble_4908/githubcom_PMunchansiparse/.git/objects/04/tmp_obj_GwAXkR
  delete /tmp/nimble_4908/githubcom_PMunchansiparse/.git/objects/04/tmp_obj_GwAXkR
  create directory /tmp/nimble_4908/githubcom_PMunchansiparse/.git/objects/05
  create hard link from /tmp/nimble_4908/githubcom_PMunchansiparse/.git/objects/05/d99a5424acdc6ecc839d92af9d6f3d09395e48 to /tmp/nimble_4908/githubcom_PMunchansiparse/.git/objects/05/tmp_obj_ua4QnV
  delete /tmp/nimble_4908/githubcom_PMunchansiparse/.git/objects/05/tmp_obj_ua4QnV
  create directory /tmp/nimble_4908/githubcom_PMunchansiparse/.git/objects/40
  create hard link from /tmp/nimble_4908/githubcom_PMunchansiparse/.git/objects/40/f90c6b79755630d67999f62ac1188b8607bdbe to /tmp/nimble_4908/githubcom_PMunchansiparse/.git/objects/40/tmp_obj_KSYeC1
  delete /tmp/nimble_4908/githubcom_PMunchansiparse/.git/objects/40/tmp_obj_KSYeC1
  create directory /tmp/nimble_4908/githubcom_PMunchansiparse/.git/objects/3b
  create hard link from /tmp/nimble_4908/githubcom_PMunchansiparse/.git/objects/3b/b69f82af2b03d759a985634d69563496d956b6 to /tmp/nimble_4908/githubcom_PMunchansiparse/.git/objects/3b/tmp_obj_Ijfsq6
  delete /tmp/nimble_4908/githubcom_PMunchansiparse/.git/objects/3b/tmp_obj_Ijfsq6
  create directory /tmp/nimble_4908/githubcom_PMunchansiparse/.git/objects/de
  create hard link from /tmp/nimble_4908/githubcom_PMunchansiparse/.git/objects/de/b72a3bf547b8ae0f617f2b09500f1a9f31424f to /tmp/nimble_4908/githubcom_PMunchansiparse/.git/objects/de/tmp_obj_kDLMoa
  delete /tmp/nimble_4908/githubcom_PMunchansiparse/.git/objects/de/tmp_obj_kDLMoa
  rename /tmp/nimble_4908/githubcom_PMunchansiparse/.git/shallow.lock to shallow
  rename /tmp/nimble_4908/githubcom_PMunchansiparse/.git/packed-refs.new to packed-refs
  delete /tmp/nimble_4908/githubcom_PMunchansiparse/.git/packed-refs.lock
  create directory /tmp/nimble_4908/githubcom_PMunchansiparse/.git/refs/remotes
  create directory /tmp/nimble_4908/githubcom_PMunchansiparse/.git/refs/remotes/origin
  create directory /tmp/nimble_4908/githubcom_PMunchansiparse/.git/logs
  create directory /tmp/nimble_4908/githubcom_PMunchansiparse/.git/logs/refs
  create directory /tmp/nimble_4908/githubcom_PMunchansiparse/.git/logs/refs/remotes
  create directory /tmp/nimble_4908/githubcom_PMunchansiparse/.git/logs/refs/remotes/origin
  rename /tmp/nimble_4908/githubcom_PMunchansiparse/.git/refs/remotes/origin/HEAD.lock to HEAD
  rename /tmp/nimble_4908/githubcom_PMunchansiparse/.git/HEAD.lock to HEAD
  create directory /tmp/nimble_4908/githubcom_PMunchansiparse/.git/logs/refs/heads
  rename /tmp/nimble_4908/githubcom_PMunchansiparse/.git/refs/heads/master.lock to master
  delete /tmp/nimble_4908/githubcom_PMunchansiparse/.git/HEAD.lock
  change permissions of /tmp/nimble_4908/githubcom_PMunchansiparse/.git/config.lock to rw-r--r--
  rename /tmp/nimble_4908/githubcom_PMunchansiparse/.git/config.lock to config
  change permissions of /tmp/nimble_4908/githubcom_PMunchansiparse/.git/config.lock to rw-r--r--
  rename /tmp/nimble_4908/githubcom_PMunchansiparse/.git/config.lock to config
  create directory /tmp/nimble_4908/githubcom_PMunchansiparse/src
  create directory /tmp/nimble_4908/githubcom_PMunchansiparse/tests
  rename /tmp/nimble_4908/githubcom_PMunchansiparse/.git/index.lock to index
  create directory /tmp
  create directory /tmp/nimblecache
  create directory /tmp/nimblecache/ansiparse_4091016907
  delete /tmp/nimblecache/ansiparse_4091016907/ansiparse.ini
  delete /tmp/nimble_4908.out
  delete /tmp/nimble_4908/githubcom_PMunchansiparse/ansiparse_4908.nims
  create directory /home
  create directory /home/runner
  create directory /home/runner/.nimble
  create directory /home/runner/.nimble/pkgs
  create directory /home/runner/.nimble/pkgs/ansiparse-0.1.0
  create directory /home
  create directory /home/runner
  create directory /home/runner/.nimble
  create directory /home/runner/.nimble/pkgs
  create directory /home/runner/.nimble/pkgs/ansiparse-0.1.0
  change permissions of /home/runner/.nimble/pkgs/ansiparse-0.1.0/ansiparse.nim to rw-r--r--
  change permissions of /home/runner/.nimble/pkgs/ansiparse-0.1.0/ansiparse.nimble to rw-r--r--
  create directory /tmp
  create directory /tmp/nimblecache
  create directory /tmp/nimblecache/ansiparse_414916058
  delete /tmp/nimblecache/ansiparse_414916058/ansiparse.ini
  delete /tmp/nimble_4908.out
  delete /home/runner/.nimble/pkgs/ansiparse-0.1.0/ansiparse_4908.nims
  delete /tmp/nimble_4908/githubcom_PMunchansiparse/README.md
  delete /tmp/nimble_4908/githubcom_PMunchansiparse/.git/refs/remotes/origin/HEAD
  delete /tmp/nimble_4908/githubcom_PMunchansiparse/.git/refs/remotes/origin
  delete /tmp/nimble_4908/githubcom_PMunchansiparse/.git/refs/remotes
  delete /tmp/nimble_4908/githubcom_PMunchansiparse/.git/refs/tags
  delete /tmp/nimble_4908/githubcom_PMunchansiparse/.git/refs/heads/master
  delete /tmp/nimble_4908/githubcom_PMunchansiparse/.git/refs/heads
  delete /tmp/nimble_4908/githubcom_PMunchansiparse/.git/refs
  delete /tmp/nimble_4908/githubcom_PMunchansiparse/.git/info/exclude
  delete /tmp/nimble_4908/githubcom_PMunchansiparse/.git/info
  delete /tmp/nimble_4908/githubcom_PMunchansiparse/.git/branches
  delete /tmp/nimble_4908/githubcom_PMunchansiparse/.git/logs/refs/remotes/origin/HEAD
  delete /tmp/nimble_4908/githubcom_PMunchansiparse/.git/logs/refs/remotes/origin
  delete /tmp/nimble_4908/githubcom_PMunchansiparse/.git/logs/refs/remotes
  delete /tmp/nimble_4908/githubcom_PMunchansiparse/.git/logs/refs/heads/master
  delete /tmp/nimble_4908/githubcom_PMunchansiparse/.git/logs/refs/heads
  delete /tmp/nimble_4908/githubcom_PMunchansiparse/.git/logs/refs
  delete /tmp/nimble_4908/githubcom_PMunchansiparse/.git/logs/HEAD
  delete /tmp/nimble_4908/githubcom_PMunchansiparse/.git/logs
  delete /tmp/nimble_4908/githubcom_PMunchansiparse/.git/description
  delete /tmp/nimble_4908/githubcom_PMunchansiparse/.git/hooks/pre-rebase.sample
  delete /tmp/nimble_4908/githubcom_PMunchansiparse/.git/hooks/applypatch-msg.sample
  delete /tmp/nimble_4908/githubcom_PMunchansiparse/.git/hooks/pre-push.sample
  delete /tmp/nimble_4908/githubcom_PMunchansiparse/.git/hooks/pre-merge-commit.sample
  delete /tmp/nimble_4908/githubcom_PMunchansiparse/.git/hooks/pre-receive.sample
  delete /tmp/nimble_4908/githubcom_PMunchansiparse/.git/hooks/update.sample
  delete /tmp/nimble_4908/githubcom_PMunchansiparse/.git/hooks/pre-commit.sample
  delete /tmp/nimble_4908/githubcom_PMunchansiparse/.git/hooks/pre-applypatch.sample
  delete /tmp/nimble_4908/githubcom_PMunchansiparse/.git/hooks/commit-msg.sample
  delete /tmp/nimble_4908/githubcom_PMunchansiparse/.git/hooks/fsmonitor-watchman.sample
  delete /tmp/nimble_4908/githubcom_PMunchansiparse/.git/hooks/prepare-commit-msg.sample
  delete /tmp/nimble_4908/githubcom_PMunchansiparse/.git/hooks/post-update.sample
  delete /tmp/nimble_4908/githubcom_PMunchansiparse/.git/hooks
  delete /tmp/nimble_4908/githubcom_PMunchansiparse/.git/shallow
  delete /tmp/nimble_4908/githubcom_PMunchansiparse/.git/config
  delete /tmp/nimble_4908/githubcom_PMunchansiparse/.git/index
  delete /tmp/nimble_4908/githubcom_PMunchansiparse/.git/objects/info
  delete /tmp/nimble_4908/githubcom_PMunchansiparse/.git/objects/de/b72a3bf547b8ae0f617f2b09500f1a9f31424f
  delete /tmp/nimble_4908/githubcom_PMunchansiparse/.git/objects/de
  delete /tmp/nimble_4908/githubcom_PMunchansiparse/.git/objects/be/096003ce5aa92c9b8b4744d1c9899991ae6e7f
  delete /tmp/nimble_4908/githubcom_PMunchansiparse/.git/objects/be
  delete /tmp/nimble_4908/githubcom_PMunchansiparse/.git/objects/d6/13beb05f82af2ce7a37ad1fe31256581f06d2c
  delete /tmp/nimble_4908/githubcom_PMunchansiparse/.git/objects/d6
  delete /tmp/nimble_4908/githubcom_PMunchansiparse/.git/objects/7d/07eb827ec51bac432943943c813013c0600177
  delete /tmp/nimble_4908/githubcom_PMunchansiparse/.git/objects/7d
  delete /tmp/nimble_4908/githubcom_PMunchansiparse/.git/objects/05/d99a5424acdc6ecc839d92af9d6f3d09395e48
  delete /tmp/nimble_4908/githubcom_PMunchansiparse/.git/objects/05
  delete /tmp/nimble_4908/githubcom_PMunchansiparse/.git/objects/13/5cc1f3a3541bedd0960ebd88df4a4d7be659f7
  delete /tmp/nimble_4908/githubcom_PMunchansiparse/.git/objects/13
  delete /tmp/nimble_4908/githubcom_PMunchansiparse/.git/objects/04/d68ab33caf3d750383a9036d6d6a184544de75
  delete /tmp/nimble_4908/githubcom_PMunchansiparse/.git/objects/04
  delete /tmp/nimble_4908/githubcom_PMunchansiparse/.git/objects/3b/b69f82af2b03d759a985634d69563496d956b6
  delete /tmp/nimble_4908/githubcom_PMunchansiparse/.git/objects/3b
  delete /tmp/nimble_4908/githubcom_PMunchansiparse/.git/objects/40/f90c6b79755630d67999f62ac1188b8607bdbe
  delete /tmp/nimble_4908/githubcom_PMunchansiparse/.git/objects/40
  delete /tmp/nimble_4908/githubcom_PMunchansiparse/.git/objects/pack
  delete /tmp/nimble_4908/githubcom_PMunchansiparse/.git/objects
  delete /tmp/nimble_4908/githubcom_PMunchansiparse/.git/packed-refs
  delete /tmp/nimble_4908/githubcom_PMunchansiparse/.git/HEAD
  delete /tmp/nimble_4908/githubcom_PMunchansiparse/.git
  delete /tmp/nimble_4908/githubcom_PMunchansiparse/src/ansiparse.nim
  delete /tmp/nimble_4908/githubcom_PMunchansiparse/src
  delete /tmp/nimble_4908/githubcom_PMunchansiparse/tests/config.nims
  delete /tmp/nimble_4908/githubcom_PMunchansiparse/tests/test1.nim
  delete /tmp/nimble_4908/githubcom_PMunchansiparse/tests
  delete /tmp/nimble_4908/githubcom_PMunchansiparse/ansiparse.nimble
  delete /tmp/nimble_4908/githubcom_PMunchansiparse
  delete /tmp/nimble_4908
