     Info:  Nimble data file "/home/runner/.nimble/nimbledata2.json" has been loaded.
    Reading official package list
Downloading https://github.com/krux02/nimAntTweakBar using git
    Cloning latest tagged version: v1.0.2
open('/workspace/destdir/ssl/openssl.cnf', 32768, 0x00000000000001b6)
open('/home/runner/.config/nimble/nimble.ini', 557056, 0x00000000000001b6)
open('/home/runner/.config/babel/babel.ini', 557056, 0x00000000000001b6)
open('/home/runner/.nimble/nimbledata2.json', 557056, 0x00000000000001b6)
writev(1, 0x00007fff38980ee0, 2)
open('/home/runner/work/nim_packages_security_audit/nim_packages_security_audit', 622592, 0x0000000000000000)
writev(1, 0x00007fff389805b0, 2)
open('/home/runner/.nimble/packages_official.json', 557056, 0x00000000000001b6)
mkdir('/tmp/', 0x00000000000001ff)
mkdir('/tmp/nimble_2729/', 0x00000000000001ff)
mkdir('/tmp/nimble_2729/githubcom_krux02nimAntTweakBar', 0x00000000000001ff)
writev(1, 0x00007fff38980570, 2)
open('/tmp/nimble_2729/githubcom_krux02nimAntTweakBar', 622592, 0x0000000000000000)
rmdir('/tmp/nimble_2729/githubcom_krux02nimAntTweakBar')
writev(1, 0x00007fff389804e0, 2)
mkdir(94879876515456, 0x00000000000001ff)
Error tracing process: readBytes(0x0000564af1560680, 256) error: [Errno 5] Input/output error.
