      Info: Package cache path /home/runner/.nimble/pkgcache
     Info:  Nimble data file "/home/runner/.nimble/nimbledata2.json" has been loaded.
    Reading official package list
Downloading https://github.com/sls1005/anycallconv using git
    Cloning latest tagged version: v0.1.0
open('/workspace/destdir/ssl/openssl.cnf', 32768, 0x00000000000001b6)
open('/home/runner/.config/nimble/nimble.ini', 557056, 0x00000000000001b6)
open('/home/runner/.config/babel/babel.ini', 557056, 0x00000000000001b6)
writev(1, 0x00007ffc79bff3f0, 2)
open('/home/runner/.nimble/nimbledata2.json', 557056, 0x00000000000001b6)
writev(1, 0x00007ffc79bff4c0, 2)
writev(1, 0x00007ffed440ebc0, 2)
writev(1, 0x00007ffed440ec50, 2)
writev(1, 0x00007ffed440ec50, 2)
writev(1, 0x00007ffed440ec50, 2)
writev(1, 0x00007ffc79bfdef0, 2)
open('/home/runner/.nimble/packages_official.json', 557056, 0x00000000000001b6)
mkdir('/home/', 0x00000000000001ff)
mkdir('/home/runner/', 0x00000000000001ff)
mkdir('/home/runner/.nimble/', 0x00000000000001ff)
mkdir('/home/runner/.nimble/pkgcache/', 0x00000000000001ff)
mkdir('/home/runner/.nimble/pkgcache/githubcom_sls1005anycallconv', 0x00000000000001ff)
open('/home/runner/.nimble/pkgcache/githubcom_sls1005anycallconv', 622592, 0x0000000000000000)
writev(1, 0x00007ffc79bfdf30, 2)
open('/home/runner/.nimble/pkgcache/githubcom_sls1005anycallconv', 622592, 0x0000000000000000)
rmdir('/home/runner/.nimble/pkgcache/githubcom_sls1005anycallconv')
writev(1, 0x00007ffc79bfde20, 2)
mkdir(94103223207936, 0x00000000000001ff)
Error tracing process: readBytes(0x000055961d310800, 256) error: [Errno 5] Input/output error.
