    Reading official package list
Downloading https://github.com/ephja/nim-ao using git
download.nim(93)         getTagsListRemote
Error: unhandled exception: Unable to query remote tags for https://github.com/ephja/nim-ao. Git returned: remote: Repository not found.
fatal: repository 'https://github.com/ephja/nim-ao/' not found
 [OSError]
open('/workspace/destdir/ssl/openssl.cnf', 32768, 0x00000000000001b6)
open('/home/runner/.config/nimble/nimble.ini', 557056, 0x00000000000001b6)
open('/home/runner/.config/babel/babel.ini', 557056, 0x00000000000001b6)
writev(1, 0x00007ffc6a3153e0, 2)
open('/home/runner/.nimble/packages_official.json', 557056, 0x00000000000001b6)
mkdir('/tmp', 0x00000000000001ff)
mkdir('/tmp/nimble_2000', 0x00000000000001ff)
mkdir('/tmp/nimble_2000/githubcom_ephjanimao', 0x00000000000001ff)
writev(1, 0x00007ffc6a3154a0, 2)
open('/tmp/nimble_2000/githubcom_ephjanimao', 622592, 0x0000000000000000)
rmdir('/tmp/nimble_2000/githubcom_ephjanimao')
open('/tmp/nimble_2000', 622592, 0x0000000000000000)
rmdir('/tmp/nimble_2000')
writev(2, 0x00007ffc6a3151e0, 2)
  create directory /tmp
  create directory /tmp/nimble_2000
  create directory /tmp/nimble_2000/githubcom_ephjanimao
  delete /tmp/nimble_2000/githubcom_ephjanimao
  delete /tmp/nimble_2000
