     Info:  Nimble data file "/home/runner/.nimble/nimbledata2.json" has been loaded.
    Reading official package list
Downloading https://github.com/termermc/argon2-highlevel using git
    Cloning latest tagged version: 1.0.0
open('/workspace/destdir/ssl/openssl.cnf', 32768, 0x00000000000001b6)
open('/home/runner/.config/nimble/nimble.ini', 557056, 0x00000000000001b6)
open('/home/runner/.config/babel/babel.ini', 557056, 0x00000000000001b6)
open('/home/runner/.nimble/nimbledata2.json', 557056, 0x00000000000001b6)
writev(1, 0x00007ffc88314e00, 2)
writev(1, 0x00007ffc883146e0, 2)
open('/home/runner/.nimble/packages_official.json', 557056, 0x00000000000001b6)
mkdir('/tmp/', 0x00000000000001ff)
mkdir('/tmp/nimble_3392/', 0x00000000000001ff)
mkdir('/tmp/nimble_3392/githubcom_termermcargon2highlevel', 0x00000000000001ff)
writev(1, 0x00007ffc883146b0, 2)
open('/tmp/nimble_3392/githubcom_termermcargon2highlevel', 622592, 0x0000000000000000)
rmdir('/tmp/nimble_3392/githubcom_termermcargon2highlevel')
writev(1, 0x00007ffc88314620, 2)
mkdir(94673179194640, 0x00000000000001ff)
Error tracing process: readBytes(0x0000561ad1373510, 256) error: [Errno 5] Input/output error.
