    Reading official package list
Downloading https://github.com/xmonader/nim-asciitables using git
mkdir('/tmp', 0x00000000000001ff)
mkdir('/tmp/nimble_14501', 0x00000000000001ff)
mkdir('/tmp/nimble_14501/githubcom_xmonadernimasciitables', 0x00000000000001ff)
rmdir('/tmp/nimble_14501/githubcom_xmonadernimasciitables')
mkdir('/tmp/nimble_14501/githubcom_xmonadernimasciitables', 0x00000000000001ff)
mkdir('/tmp/nimble_14501/githubcom_xmonadernimasciitables/.git', 0x00000000000001ff)
mkdir('/tmp/nimble_14501/githubcom_xmonadernimasciitables/.git/', 0x00000000000001ff)
mkdir('/tmp/nimble_14501/githubcom_xmonadernimasciitables/.git/info/', 0x00000000000001ff)
mkdir('/tmp/nimble_14501/githubcom_xmonadernimasciitables/.git/branches/', 0x00000000000001ff)
mkdir('/tmp/nimble_14501/githubcom_xmonadernimasciitables/.git/hooks/', 0x00000000000001ff)
mkdir('/tmp/nimble_14501/githubcom_xmonadernimasciitables/.git/refs', 0x00000000000001ff)
mkdir('/tmp/nimble_14501/githubcom_xmonadernimasciitables/.git/refs/heads', 0x00000000000001ff)
mkdir('/tmp/nimble_14501/githubcom_xmonadernimasciitables/.git/refs/tags', 0x00000000000001ff)
rename('/tmp/nimble_14501/githubcom_xmonadernimasciitables/.git/HEAD.lock', '/tmp/nimble_14501/githubcom_xmonadernimasciitables/.git/HEAD')
rename('/tmp/nimble_14501/githubcom_xmonadernimasciitables/.git/config.lock', '/tmp/nimble_14501/githubcom_xmonadernimasciitables/.git/config')
chmod('/tmp/nimble_14501/githubcom_xmonadernimasciitables/.git/config', 0x00000000000081e4)
chmod('/tmp/nimble_14501/githubcom_xmonadernimasciitables/.git/config', 0x00000000000081a4)
chmod('/tmp/nimble_14501/githubcom_xmonadernimasciitables/.git/config.lock', 0x00000000000001a4)
rename('/tmp/nimble_14501/githubcom_xmonadernimasciitables/.git/config.lock', '/tmp/nimble_14501/githubcom_xmonadernimasciitables/.git/config')
chmod('/tmp/nimble_14501/githubcom_xmonadernimasciitables/.git/config.lock', 0x00000000000001a4)
rename('/tmp/nimble_14501/githubcom_xmonadernimasciitables/.git/config.lock', '/tmp/nimble_14501/githubcom_xmonadernimasciitables/.git/config')
chmod('/tmp/nimble_14501/githubcom_xmonadernimasciitables/.git/config.lock', 0x00000000000001a4)
rename('/tmp/nimble_14501/githubcom_xmonadernimasciitables/.git/config.lock', '/tmp/nimble_14501/githubcom_xmonadernimasciitables/.git/config')
unlink('/tmp/nimble_14501/githubcom_xmonadernimasciitables/.git/tzXZjWj')
symlink('testing', '/tmp/nimble_14501/githubcom_xmonadernimasciitables/.git/tzXZjWj')
unlink('/tmp/nimble_14501/githubcom_xmonadernimasciitables/.git/tzXZjWj')
mkdir('/tmp/nimble_14501/githubcom_xmonadernimasciitables/.git/objects', 0x00000000000001ff)
mkdir('/tmp/nimble_14501/githubcom_xmonadernimasciitables/.git/objects/pack', 0x00000000000001ff)
mkdir('/tmp/nimble_14501/githubcom_xmonadernimasciitables/.git/objects/info', 0x00000000000001ff)
chmod('/tmp/nimble_14501/githubcom_xmonadernimasciitables/.git/config.lock', 0x00000000000001a4)
rename('/tmp/nimble_14501/githubcom_xmonadernimasciitables/.git/config.lock', '/tmp/nimble_14501/githubcom_xmonadernimasciitables/.git/config')
chmod('/tmp/nimble_14501/githubcom_xmonadernimasciitables/.git/config.lock', 0x00000000000001a4)
rename('/tmp/nimble_14501/githubcom_xmonadernimasciitables/.git/config.lock', '/tmp/nimble_14501/githubcom_xmonadernimasciitables/.git/config')
chmod('/tmp/nimble_14501/githubcom_xmonadernimasciitables/.git/config.lock', 0x00000000000001a4)
rename('/tmp/nimble_14501/githubcom_xmonadernimasciitables/.git/config.lock', '/tmp/nimble_14501/githubcom_xmonadernimasciitables/.git/config')
mkdir('/tmp/nimble_14501/githubcom_xmonadernimasciitables/.git/objects/17', 0x00000000000001ff)
link('/tmp/nimble_14501/githubcom_xmonadernimasciitables/.git/objects/17/tmp_obj_RtLO8N', '/tmp/nimble_14501/githubcom_xmonadernimasciitables/.git/objects/17/adfde12e6362249783662fae3fc7fd457a6348')
unlink('/tmp/nimble_14501/githubcom_xmonadernimasciitables/.git/objects/17/tmp_obj_RtLO8N')
mkdir('/tmp/nimble_14501/githubcom_xmonadernimasciitables/.git/objects/01', 0x00000000000001ff)
link('/tmp/nimble_14501/githubcom_xmonadernimasciitables/.git/objects/01/tmp_obj_Hwn6QS', '/tmp/nimble_14501/githubcom_xmonadernimasciitables/.git/objects/01/2d6fad7f9a4b46b002bfbf7125e928aeea0711')
unlink('/tmp/nimble_14501/githubcom_xmonadernimasciitables/.git/objects/01/tmp_obj_Hwn6QS')
mkdir('/tmp/nimble_14501/githubcom_xmonadernimasciitables/.git/objects/67', 0x00000000000001ff)
link('/tmp/nimble_14501/githubcom_xmonadernimasciitables/.git/objects/67/tmp_obj_zQDmSX', '/tmp/nimble_14501/githubcom_xmonadernimasciitables/.git/objects/67/d9b34c6cecad82ad17197ffa5db4860caf9037')
unlink('/tmp/nimble_14501/githubcom_xmonadernimasciitables/.git/objects/67/tmp_obj_zQDmSX')
mkdir('/tmp/nimble_14501/githubcom_xmonadernimasciitables/.git/objects/fe', 0x00000000000001ff)
link('/tmp/nimble_14501/githubcom_xmonadernimasciitables/.git/objects/fe/tmp_obj_1mdoY3', '/tmp/nimble_14501/githubcom_xmonadernimasciitables/.git/objects/fe/9c54fbdc0757d1c92b23b68dcf09bb4dbaa0b3')
unlink('/tmp/nimble_14501/githubcom_xmonadernimasciitables/.git/objects/fe/tmp_obj_1mdoY3')
mkdir('/tmp/nimble_14501/githubcom_xmonadernimasciitables/.git/objects/54', 0x00000000000001ff)
link('/tmp/nimble_14501/githubcom_xmonadernimasciitables/.git/objects/54/tmp_obj_JjiR07', '/tmp/nimble_14501/githubcom_xmonadernimasciitables/.git/objects/54/89f4746d3412b0124793d87eeabebbb05c88a6')
unlink('/tmp/nimble_14501/githubcom_xmonadernimasciitables/.git/objects/54/tmp_obj_JjiR07')
mkdir('/tmp/nimble_14501/githubcom_xmonadernimasciitables/.git/objects/27', 0x00000000000001ff)
link('/tmp/nimble_14501/githubcom_xmonadernimasciitables/.git/objects/27/tmp_obj_rCA7Bd', '/tmp/nimble_14501/githubcom_xmonadernimasciitables/.git/objects/27/bfe16309c49147113469720ffeeb5f62a0adb4')
unlink('/tmp/nimble_14501/githubcom_xmonadernimasciitables/.git/objects/27/tmp_obj_rCA7Bd')
mkdir('/tmp/nimble_14501/githubcom_xmonadernimasciitables/.git/objects/8b', 0x00000000000001ff)
link('/tmp/nimble_14501/githubcom_xmonadernimasciitables/.git/objects/8b/tmp_obj_nyTtmi', '/tmp/nimble_14501/githubcom_xmonadernimasciitables/.git/objects/8b/15129fd5fa5c54cf380e67927e7777c2abf91b')
unlink('/tmp/nimble_14501/githubcom_xmonadernimasciitables/.git/objects/8b/tmp_obj_nyTtmi')
mkdir('/tmp/nimble_14501/githubcom_xmonadernimasciitables/.git/objects/9f', 0x00000000000001ff)
link('/tmp/nimble_14501/githubcom_xmonadernimasciitables/.git/objects/9f/tmp_obj_GiAqSg', '/tmp/nimble_14501/githubcom_xmonadernimasciitables/.git/objects/9f/9b6742aef879e33fbd999200bccfe6fc505e5f')
unlink('/tmp/nimble_14501/githubcom_xmonadernimasciitables/.git/objects/9f/tmp_obj_GiAqSg')
mkdir('/tmp/nimble_14501/githubcom_xmonadernimasciitables/.git/objects/50', 0x00000000000001ff)
link('/tmp/nimble_14501/githubcom_xmonadernimasciitables/.git/objects/50/tmp_obj_gDt8wp', '/tmp/nimble_14501/githubcom_xmonadernimasciitables/.git/objects/50/653a0694c5a02f356f17d842be7565a3eb87b7')
unlink('/tmp/nimble_14501/githubcom_xmonadernimasciitables/.git/objects/50/tmp_obj_gDt8wp')
rename('/tmp/nimble_14501/githubcom_xmonadernimasciitables/.git/shallow.lock', '/tmp/nimble_14501/githubcom_xmonadernimasciitables/.git/shallow')
rename('/tmp/nimble_14501/githubcom_xmonadernimasciitables/.git/packed-refs.new', '/tmp/nimble_14501/githubcom_xmonadernimasciitables/.git/packed-refs')
unlink('/tmp/nimble_14501/githubcom_xmonadernimasciitables/.git/packed-refs.lock')
mkdir('/tmp/nimble_14501/githubcom_xmonadernimasciitables/.git/refs/remotes', 0x00000000000001ff)
mkdir('/tmp/nimble_14501/githubcom_xmonadernimasciitables/.git/refs/remotes/origin', 0x00000000000001ff)
mkdir('/tmp/nimble_14501/githubcom_xmonadernimasciitables/.git/logs', 0x00000000000001ff)
mkdir('/tmp/nimble_14501/githubcom_xmonadernimasciitables/.git/logs/refs', 0x00000000000001ff)
mkdir('/tmp/nimble_14501/githubcom_xmonadernimasciitables/.git/logs/refs/remotes', 0x00000000000001ff)
mkdir('/tmp/nimble_14501/githubcom_xmonadernimasciitables/.git/logs/refs/remotes/origin', 0x00000000000001ff)
rename('/tmp/nimble_14501/githubcom_xmonadernimasciitables/.git/refs/remotes/origin/HEAD.lock', '/tmp/nimble_14501/githubcom_xmonadernimasciitables/.git/refs/remotes/origin/HEAD')
rename('/tmp/nimble_14501/githubcom_xmonadernimasciitables/.git/HEAD.lock', '/tmp/nimble_14501/githubcom_xmonadernimasciitables/.git/HEAD')       Info /tmp/nimble_14501/githubcom_xmonadernimasciitables/asciitables_14501.nims(1, 8) Warning: imported and not used: 'system' [UnusedImport]
        ... /tmp/nimble_14501/githubcom_xmonadernimasciitables/asciitables_14501.nims(5, 22) Warning: imported and not used: 'strutils' [UnusedImport]
  Verifying dependencies for asciitables@0.1.0
 Installing asciitables@0.1.0
    Copying file /tmp/nimble_14501/githubcom_xmonadernimasciitables/src/asciitables to /home/runner/.nimble/pkgs/asciitables-0.1.0/asciitables
    Copying file /tmp/nimble_14501/githubcom_xmonadernimasciitables/src/asciitables.nim to /home/runner/.nimble/pkgs/asciitables-0.1.0/asciitables.nim
    Copying file /tmp/nimble_14501/githubcom_xmonadernimasciitables/asciitables.nimble to /home/runner/.nimble/pkgs/asciitables-0.1.0/asciitables.nimble
   Success: asciitables installed successfully.
       Info /home/runner/.nimble/pkgs/asciitables-0.1.0/asciitables_14501.nims(1, 8) Warning: imported and not used: 'system' [UnusedImport]
        ... /home/runner/.nimble/pkgs/asciitables-0.1.0/asciitables_14501.nims(5, 22) Warning: imported and not used: 'strutils' [UnusedImport]

mkdir('/tmp/nimble_14501/githubcom_xmonadernimasciitables/.git/logs/refs/heads', 0x00000000000001ff)
rename('/tmp/nimble_14501/githubcom_xmonadernimasciitables/.git/refs/heads/master.lock', '/tmp/nimble_14501/githubcom_xmonadernimasciitables/.git/refs/heads/master')
unlink('/tmp/nimble_14501/githubcom_xmonadernimasciitables/.git/HEAD.lock')
chmod('/tmp/nimble_14501/githubcom_xmonadernimasciitables/.git/config.lock', 0x00000000000001a4)
rename('/tmp/nimble_14501/githubcom_xmonadernimasciitables/.git/config.lock', '/tmp/nimble_14501/githubcom_xmonadernimasciitables/.git/config')
chmod('/tmp/nimble_14501/githubcom_xmonadernimasciitables/.git/config.lock', 0x00000000000001a4)
rename('/tmp/nimble_14501/githubcom_xmonadernimasciitables/.git/config.lock', '/tmp/nimble_14501/githubcom_xmonadernimasciitables/.git/config')
mkdir('src', 0x00000000000001ff)
rename('/tmp/nimble_14501/githubcom_xmonadernimasciitables/.git/index.lock', '/tmp/nimble_14501/githubcom_xmonadernimasciitables/.git/index')
mkdir('/tmp', 0x00000000000001ff)
mkdir('/tmp/nimblecache', 0x00000000000001ff)
mkdir('/tmp/nimblecache/asciitables_100818204', 0x00000000000001ff)
unlink('/tmp/nimblecache/asciitables_100818204/asciitables.ini')
unlink('/tmp/nimble_14501.out')
unlink('/tmp/nimble_14501/githubcom_xmonadernimasciitables/asciitables_14501.nims')
mkdir('/home', 0x00000000000001ff)
mkdir('/home/runner', 0x00000000000001ff)
mkdir('/home/runner/.nimble', 0x00000000000001ff)
mkdir('/home/runner/.nimble/pkgs', 0x00000000000001ff)
mkdir('/home/runner/.nimble/pkgs/asciitables-0.1.0', 0x00000000000001ff)
mkdir('/home', 0x00000000000001ff)
mkdir('/home/runner', 0x00000000000001ff)
mkdir('/home/runner/.nimble', 0x00000000000001ff)
mkdir('/home/runner/.nimble/pkgs', 0x00000000000001ff)
mkdir('/home/runner/.nimble/pkgs/asciitables-0.1.0', 0x00000000000001ff)
chmod('/home/runner/.nimble/pkgs/asciitables-0.1.0/asciitables', 0x00000000000001ed)
mkdir('/home', 0x00000000000001ff)
mkdir('/home/runner', 0x00000000000001ff)
mkdir('/home/runner/.nimble', 0x00000000000001ff)
mkdir('/home/runner/.nimble/pkgs', 0x00000000000001ff)
mkdir('/home/runner/.nimble/pkgs/asciitables-0.1.0', 0x00000000000001ff)
chmod('/home/runner/.nimble/pkgs/asciitables-0.1.0/asciitables.nim', 0x00000000000001a4)
chmod('/home/runner/.nimble/pkgs/asciitables-0.1.0/asciitables.nimble', 0x00000000000001a4)
mkdir('/tmp', 0x00000000000001ff)
mkdir('/tmp/nimblecache', 0x00000000000001ff)
mkdir('/tmp/nimblecache/asciitables_2084879019', 0x00000000000001ff)
unlink('/tmp/nimblecache/asciitables_2084879019/asciitables.ini')
unlink('/tmp/nimble_14501.out')
unlink('/home/runner/.nimble/pkgs/asciitables-0.1.0/asciitables_14501.nims')
unlink('/tmp/nimble_14501/githubcom_xmonadernimasciitables/README.md')
unlink('/tmp/nimble_14501/githubcom_xmonadernimasciitables/asciitables.nimble')
unlink('/tmp/nimble_14501/githubcom_xmonadernimasciitables/.git/refs/remotes/origin/HEAD')
rmdir('/tmp/nimble_14501/githubcom_xmonadernimasciitables/.git/refs/remotes/origin')
rmdir('/tmp/nimble_14501/githubcom_xmonadernimasciitables/.git/refs/remotes')
rmdir('/tmp/nimble_14501/githubcom_xmonadernimasciitables/.git/refs/tags')
unlink('/tmp/nimble_14501/githubcom_xmonadernimasciitables/.git/refs/heads/master')
rmdir('/tmp/nimble_14501/githubcom_xmonadernimasciitables/.git/refs/heads')
rmdir('/tmp/nimble_14501/githubcom_xmonadernimasciitables/.git/refs')
unlink('/tmp/nimble_14501/githubcom_xmonadernimasciitables/.git/info/exclude')
rmdir('/tmp/nimble_14501/githubcom_xmonadernimasciitables/.git/info')
rmdir('/tmp/nimble_14501/githubcom_xmonadernimasciitables/.git/branches')
unlink('/tmp/nimble_14501/githubcom_xmonadernimasciitables/.git/logs/refs/remotes/origin/HEAD')
rmdir('/tmp/nimble_14501/githubcom_xmonadernimasciitables/.git/logs/refs/remotes/origin')
rmdir('/tmp/nimble_14501/githubcom_xmonadernimasciitables/.git/logs/refs/remotes')
unlink('/tmp/nimble_14501/githubcom_xmonadernimasciitables/.git/logs/refs/heads/master')
rmdir('/tmp/nimble_14501/githubcom_xmonadernimasciitables/.git/logs/refs/heads')
rmdir('/tmp/nimble_14501/githubcom_xmonadernimasciitables/.git/logs/refs')
unlink('/tmp/nimble_14501/githubcom_xmonadernimasciitables/.git/logs/HEAD')
rmdir('/tmp/nimble_14501/githubcom_xmonadernimasciitables/.git/logs')
unlink('/tmp/nimble_14501/githubcom_xmonadernimasciitables/.git/description')
unlink('/tmp/nimble_14501/githubcom_xmonadernimasciitables/.git/hooks/pre-rebase.sample')
unlink('/tmp/nimble_14501/githubcom_xmonadernimasciitables/.git/hooks/applypatch-msg.sample')
unlink('/tmp/nimble_14501/githubcom_xmonadernimasciitables/.git/hooks/pre-push.sample')
unlink('/tmp/nimble_14501/githubcom_xmonadernimasciitables/.git/hooks/pre-merge-commit.sample')
unlink('/tmp/nimble_14501/githubcom_xmonadernimasciitables/.git/hooks/pre-receive.sample')
unlink('/tmp/nimble_14501/githubcom_xmonadernimasciitables/.git/hooks/update.sample')
unlink('/tmp/nimble_14501/githubcom_xmonadernimasciitables/.git/hooks/pre-commit.sample')
unlink('/tmp/nimble_14501/githubcom_xmonadernimasciitables/.git/hooks/pre-applypatch.sample')
unlink('/tmp/nimble_14501/githubcom_xmonadernimasciitables/.git/hooks/commit-msg.sample')
unlink('/tmp/nimble_14501/githubcom_xmonadernimasciitables/.git/hooks/fsmonitor-watchman.sample')
unlink('/tmp/nimble_14501/githubcom_xmonadernimasciitables/.git/hooks/prepare-commit-msg.sample')
unlink('/tmp/nimble_14501/githubcom_xmonadernimasciitables/.git/hooks/post-update.sample')
rmdir('/tmp/nimble_14501/githubcom_xmonadernimasciitables/.git/hooks')
unlink('/tmp/nimble_14501/githubcom_xmonadernimasciitables/.git/shallow')
unlink('/tmp/nimble_14501/githubcom_xmonadernimasciitables/.git/config')
unlink('/tmp/nimble_14501/githubcom_xmonadernimasciitables/.git/index')
rmdir('/tmp/nimble_14501/githubcom_xmonadernimasciitables/.git/objects/info')
unlink('/tmp/nimble_14501/githubcom_xmonadernimasciitables/.git/objects/54/89f4746d3412b0124793d87eeabebbb05c88a6')
rmdir('/tmp/nimble_14501/githubcom_xmonadernimasciitables/.git/objects/54')
unlink('/tmp/nimble_14501/githubcom_xmonadernimasciitables/.git/objects/50/653a0694c5a02f356f17d842be7565a3eb87b7')
rmdir('/tmp/nimble_14501/githubcom_xmonadernimasciitables/.git/objects/50')
unlink('/tmp/nimble_14501/githubcom_xmonadernimasciitables/.git/objects/17/adfde12e6362249783662fae3fc7fd457a6348')
rmdir('/tmp/nimble_14501/githubcom_xmonadernimasciitables/.git/objects/17')
unlink('/tmp/nimble_14501/githubcom_xmonadernimasciitables/.git/objects/67/d9b34c6cecad82ad17197ffa5db4860caf9037')
rmdir('/tmp/nimble_14501/githubcom_xmonadernimasciitables/.git/objects/67')
unlink('/tmp/nimble_14501/githubcom_xmonadernimasciitables/.git/objects/8b/15129fd5fa5c54cf380e67927e7777c2abf91b')
rmdir('/tmp/nimble_14501/githubcom_xmonadernimasciitables/.git/objects/8b')
unlink('/tmp/nimble_14501/githubcom_xmonadernimasciitables/.git/objects/01/2d6fad7f9a4b46b002bfbf7125e928aeea0711')
rmdir('/tmp/nimble_14501/githubcom_xmonadernimasciitables/.git/objects/01')
unlink('/tmp/nimble_14501/githubcom_xmonadernimasciitables/.git/objects/9f/9b6742aef879e33fbd999200bccfe6fc505e5f')
rmdir('/tmp/nimble_14501/githubcom_xmonadernimasciitables/.git/objects/9f')
rmdir('/tmp/nimble_14501/githubcom_xmonadernimasciitables/.git/objects/pack')
unlink('/tmp/nimble_14501/githubcom_xmonadernimasciitables/.git/objects/fe/9c54fbdc0757d1c92b23b68dcf09bb4dbaa0b3')
rmdir('/tmp/nimble_14501/githubcom_xmonadernimasciitables/.git/objects/fe')
unlink('/tmp/nimble_14501/githubcom_xmonadernimasciitables/.git/objects/27/bfe16309c49147113469720ffeeb5f62a0adb4')
rmdir('/tmp/nimble_14501/githubcom_xmonadernimasciitables/.git/objects/27')
rmdir('/tmp/nimble_14501/githubcom_xmonadernimasciitables/.git/objects')
unlink('/tmp/nimble_14501/githubcom_xmonadernimasciitables/.git/packed-refs')
unlink('/tmp/nimble_14501/githubcom_xmonadernimasciitables/.git/HEAD')
rmdir('/tmp/nimble_14501/githubcom_xmonadernimasciitables/.git')
unlink('/tmp/nimble_14501/githubcom_xmonadernimasciitables/src/asciitables')
unlink('/tmp/nimble_14501/githubcom_xmonadernimasciitables/src/asciitables.nim')
rmdir('/tmp/nimble_14501/githubcom_xmonadernimasciitables/src')
unlink('/tmp/nimble_14501/githubcom_xmonadernimasciitables/.gitignore')
unlink('/tmp/nimble_14501/githubcom_xmonadernimasciitables/LICENSE')
rmdir('/tmp/nimble_14501/githubcom_xmonadernimasciitables')
rmdir('/tmp/nimble_14501')
  create directory /tmp
  create directory /tmp/nimble_14501
  create directory /tmp/nimble_14501/githubcom_xmonadernimasciitables
  delete /tmp/nimble_14501/githubcom_xmonadernimasciitables
  create directory /tmp/nimble_14501/githubcom_xmonadernimasciitables
  create directory /tmp/nimble_14501/githubcom_xmonadernimasciitables/.git
  create directory /tmp/nimble_14501/githubcom_xmonadernimasciitables/.git
  create directory /tmp/nimble_14501/githubcom_xmonadernimasciitables/.git/info
  create directory /tmp/nimble_14501/githubcom_xmonadernimasciitables/.git/branches
  create directory /tmp/nimble_14501/githubcom_xmonadernimasciitables/.git/hooks
  create directory /tmp/nimble_14501/githubcom_xmonadernimasciitables/.git/refs
  create directory /tmp/nimble_14501/githubcom_xmonadernimasciitables/.git/refs/heads
  create directory /tmp/nimble_14501/githubcom_xmonadernimasciitables/.git/refs/tags
  rename /tmp/nimble_14501/githubcom_xmonadernimasciitables/.git/HEAD.lock to HEAD
  rename /tmp/nimble_14501/githubcom_xmonadernimasciitables/.git/config.lock to config
  change permissions of /tmp/nimble_14501/githubcom_xmonadernimasciitables/.git/config to rwxr--r--
  change permissions of /tmp/nimble_14501/githubcom_xmonadernimasciitables/.git/config to rw-r--r--
  change permissions of /tmp/nimble_14501/githubcom_xmonadernimasciitables/.git/config.lock to rw-r--r--
  rename /tmp/nimble_14501/githubcom_xmonadernimasciitables/.git/config.lock to config
  change permissions of /tmp/nimble_14501/githubcom_xmonadernimasciitables/.git/config.lock to rw-r--r--
  rename /tmp/nimble_14501/githubcom_xmonadernimasciitables/.git/config.lock to config
  change permissions of /tmp/nimble_14501/githubcom_xmonadernimasciitables/.git/config.lock to rw-r--r--
  rename /tmp/nimble_14501/githubcom_xmonadernimasciitables/.git/config.lock to config
  delete /tmp/nimble_14501/githubcom_xmonadernimasciitables/.git/tzXZjWj
  create symbolic link from /tmp/nimble_14501/githubcom_xmonadernimasciitables/.git/tzXZjWj to /home/runner/work/nim_packages_security_audit/nim_packages_security_audit/testing
  delete /tmp/nimble_14501/githubcom_xmonadernimasciitables/.git/tzXZjWj
  create directory /tmp/nimble_14501/githubcom_xmonadernimasciitables/.git/objects
  create directory /tmp/nimble_14501/githubcom_xmonadernimasciitables/.git/objects/pack
  create directory /tmp/nimble_14501/githubcom_xmonadernimasciitables/.git/objects/info
  change permissions of /tmp/nimble_14501/githubcom_xmonadernimasciitables/.git/config.lock to rw-r--r--
  rename /tmp/nimble_14501/githubcom_xmonadernimasciitables/.git/config.lock to config
  change permissions of /tmp/nimble_14501/githubcom_xmonadernimasciitables/.git/config.lock to rw-r--r--
  rename /tmp/nimble_14501/githubcom_xmonadernimasciitables/.git/config.lock to config
  change permissions of /tmp/nimble_14501/githubcom_xmonadernimasciitables/.git/config.lock to rw-r--r--
  rename /tmp/nimble_14501/githubcom_xmonadernimasciitables/.git/config.lock to config
  create directory /tmp/nimble_14501/githubcom_xmonadernimasciitables/.git/objects/17
  create hard link from /tmp/nimble_14501/githubcom_xmonadernimasciitables/.git/objects/17/adfde12e6362249783662fae3fc7fd457a6348 to /tmp/nimble_14501/githubcom_xmonadernimasciitables/.git/objects/17/tmp_obj_RtLO8N
  delete /tmp/nimble_14501/githubcom_xmonadernimasciitables/.git/objects/17/tmp_obj_RtLO8N
  create directory /tmp/nimble_14501/githubcom_xmonadernimasciitables/.git/objects/01
  create hard link from /tmp/nimble_14501/githubcom_xmonadernimasciitables/.git/objects/01/2d6fad7f9a4b46b002bfbf7125e928aeea0711 to /tmp/nimble_14501/githubcom_xmonadernimasciitables/.git/objects/01/tmp_obj_Hwn6QS
  delete /tmp/nimble_14501/githubcom_xmonadernimasciitables/.git/objects/01/tmp_obj_Hwn6QS
  create directory /tmp/nimble_14501/githubcom_xmonadernimasciitables/.git/objects/67
  create hard link from /tmp/nimble_14501/githubcom_xmonadernimasciitables/.git/objects/67/d9b34c6cecad82ad17197ffa5db4860caf9037 to /tmp/nimble_14501/githubcom_xmonadernimasciitables/.git/objects/67/tmp_obj_zQDmSX
  delete /tmp/nimble_14501/githubcom_xmonadernimasciitables/.git/objects/67/tmp_obj_zQDmSX
  create directory /tmp/nimble_14501/githubcom_xmonadernimasciitables/.git/objects/fe
  create hard link from /tmp/nimble_14501/githubcom_xmonadernimasciitables/.git/objects/fe/9c54fbdc0757d1c92b23b68dcf09bb4dbaa0b3 to /tmp/nimble_14501/githubcom_xmonadernimasciitables/.git/objects/fe/tmp_obj_1mdoY3
  delete /tmp/nimble_14501/githubcom_xmonadernimasciitables/.git/objects/fe/tmp_obj_1mdoY3
  create directory /tmp/nimble_14501/githubcom_xmonadernimasciitables/.git/objects/54
  create hard link from /tmp/nimble_14501/githubcom_xmonadernimasciitables/.git/objects/54/89f4746d3412b0124793d87eeabebbb05c88a6 to /tmp/nimble_14501/githubcom_xmonadernimasciitables/.git/objects/54/tmp_obj_JjiR07
  delete /tmp/nimble_14501/githubcom_xmonadernimasciitables/.git/objects/54/tmp_obj_JjiR07
  create directory /tmp/nimble_14501/githubcom_xmonadernimasciitables/.git/objects/27
  create hard link from /tmp/nimble_14501/githubcom_xmonadernimasciitables/.git/objects/27/bfe16309c49147113469720ffeeb5f62a0adb4 to /tmp/nimble_14501/githubcom_xmonadernimasciitables/.git/objects/27/tmp_obj_rCA7Bd
  delete /tmp/nimble_14501/githubcom_xmonadernimasciitables/.git/objects/27/tmp_obj_rCA7Bd
  create directory /tmp/nimble_14501/githubcom_xmonadernimasciitables/.git/objects/8b
  create hard link from /tmp/nimble_14501/githubcom_xmonadernimasciitables/.git/objects/8b/15129fd5fa5c54cf380e67927e7777c2abf91b to /tmp/nimble_14501/githubcom_xmonadernimasciitables/.git/objects/8b/tmp_obj_nyTtmi
  delete /tmp/nimble_14501/githubcom_xmonadernimasciitables/.git/objects/8b/tmp_obj_nyTtmi
  create directory /tmp/nimble_14501/githubcom_xmonadernimasciitables/.git/objects/9f
  create hard link from /tmp/nimble_14501/githubcom_xmonadernimasciitables/.git/objects/9f/9b6742aef879e33fbd999200bccfe6fc505e5f to /tmp/nimble_14501/githubcom_xmonadernimasciitables/.git/objects/9f/tmp_obj_GiAqSg
  delete /tmp/nimble_14501/githubcom_xmonadernimasciitables/.git/objects/9f/tmp_obj_GiAqSg
  create directory /tmp/nimble_14501/githubcom_xmonadernimasciitables/.git/objects/50
  create hard link from /tmp/nimble_14501/githubcom_xmonadernimasciitables/.git/objects/50/653a0694c5a02f356f17d842be7565a3eb87b7 to /tmp/nimble_14501/githubcom_xmonadernimasciitables/.git/objects/50/tmp_obj_gDt8wp
  delete /tmp/nimble_14501/githubcom_xmonadernimasciitables/.git/objects/50/tmp_obj_gDt8wp
  rename /tmp/nimble_14501/githubcom_xmonadernimasciitables/.git/shallow.lock to shallow
  rename /tmp/nimble_14501/githubcom_xmonadernimasciitables/.git/packed-refs.new to packed-refs
  delete /tmp/nimble_14501/githubcom_xmonadernimasciitables/.git/packed-refs.lock
  create directory /tmp/nimble_14501/githubcom_xmonadernimasciitables/.git/refs/remotes
  create directory /tmp/nimble_14501/githubcom_xmonadernimasciitables/.git/refs/remotes/origin
  create directory /tmp/nimble_14501/githubcom_xmonadernimasciitables/.git/logs
  create directory /tmp/nimble_14501/githubcom_xmonadernimasciitables/.git/logs/refs
  create directory /tmp/nimble_14501/githubcom_xmonadernimasciitables/.git/logs/refs/remotes
  create directory /tmp/nimble_14501/githubcom_xmonadernimasciitables/.git/logs/refs/remotes/origin
  rename /tmp/nimble_14501/githubcom_xmonadernimasciitables/.git/refs/remotes/origin/HEAD.lock to HEAD
  rename /tmp/nimble_14501/githubcom_xmonadernimasciitables/.git/HEAD.lock to HEAD
  create directory /tmp/nimble_14501/githubcom_xmonadernimasciitables/.git/logs/refs/heads
  rename /tmp/nimble_14501/githubcom_xmonadernimasciitables/.git/refs/heads/master.lock to master
  delete /tmp/nimble_14501/githubcom_xmonadernimasciitables/.git/HEAD.lock
  change permissions of /tmp/nimble_14501/githubcom_xmonadernimasciitables/.git/config.lock to rw-r--r--
  rename /tmp/nimble_14501/githubcom_xmonadernimasciitables/.git/config.lock to config
  change permissions of /tmp/nimble_14501/githubcom_xmonadernimasciitables/.git/config.lock to rw-r--r--
  rename /tmp/nimble_14501/githubcom_xmonadernimasciitables/.git/config.lock to config
  create directory /tmp/nimble_14501/githubcom_xmonadernimasciitables/src
  rename /tmp/nimble_14501/githubcom_xmonadernimasciitables/.git/index.lock to index
  create directory /tmp
  create directory /tmp/nimblecache
  create directory /tmp/nimblecache/asciitables_100818204
  delete /tmp/nimblecache/asciitables_100818204/asciitables.ini
  delete /tmp/nimble_14501.out
  delete /tmp/nimble_14501/githubcom_xmonadernimasciitables/asciitables_14501.nims
  create directory /home
  create directory /home/runner
  create directory /home/runner/.nimble
  create directory /home/runner/.nimble/pkgs
  create directory /home/runner/.nimble/pkgs/asciitables-0.1.0
  create directory /home
  create directory /home/runner
  create directory /home/runner/.nimble
  create directory /home/runner/.nimble/pkgs
  create directory /home/runner/.nimble/pkgs/asciitables-0.1.0
  change permissions of /home/runner/.nimble/pkgs/asciitables-0.1.0/asciitables to rwxr-xr-x
  create directory /home
  create directory /home/runner
  create directory /home/runner/.nimble
  create directory /home/runner/.nimble/pkgs
  create directory /home/runner/.nimble/pkgs/asciitables-0.1.0
  change permissions of /home/runner/.nimble/pkgs/asciitables-0.1.0/asciitables.nim to rw-r--r--
  change permissions of /home/runner/.nimble/pkgs/asciitables-0.1.0/asciitables.nimble to rw-r--r--
  create directory /tmp
  create directory /tmp/nimblecache
  create directory /tmp/nimblecache/asciitables_2084879019
  delete /tmp/nimblecache/asciitables_2084879019/asciitables.ini
  delete /tmp/nimble_14501.out
  delete /home/runner/.nimble/pkgs/asciitables-0.1.0/asciitables_14501.nims
  delete /tmp/nimble_14501/githubcom_xmonadernimasciitables/README.md
  delete /tmp/nimble_14501/githubcom_xmonadernimasciitables/asciitables.nimble
  delete /tmp/nimble_14501/githubcom_xmonadernimasciitables/.git/refs/remotes/origin/HEAD
  delete /tmp/nimble_14501/githubcom_xmonadernimasciitables/.git/refs/remotes/origin
  delete /tmp/nimble_14501/githubcom_xmonadernimasciitables/.git/refs/remotes
  delete /tmp/nimble_14501/githubcom_xmonadernimasciitables/.git/refs/tags
  delete /tmp/nimble_14501/githubcom_xmonadernimasciitables/.git/refs/heads/master
  delete /tmp/nimble_14501/githubcom_xmonadernimasciitables/.git/refs/heads
  delete /tmp/nimble_14501/githubcom_xmonadernimasciitables/.git/refs
  delete /tmp/nimble_14501/githubcom_xmonadernimasciitables/.git/info/exclude
  delete /tmp/nimble_14501/githubcom_xmonadernimasciitables/.git/info
  delete /tmp/nimble_14501/githubcom_xmonadernimasciitables/.git/branches
  delete /tmp/nimble_14501/githubcom_xmonadernimasciitables/.git/logs/refs/remotes/origin/HEAD
  delete /tmp/nimble_14501/githubcom_xmonadernimasciitables/.git/logs/refs/remotes/origin
  delete /tmp/nimble_14501/githubcom_xmonadernimasciitables/.git/logs/refs/remotes
  delete /tmp/nimble_14501/githubcom_xmonadernimasciitables/.git/logs/refs/heads/master
  delete /tmp/nimble_14501/githubcom_xmonadernimasciitables/.git/logs/refs/heads
  delete /tmp/nimble_14501/githubcom_xmonadernimasciitables/.git/logs/refs
  delete /tmp/nimble_14501/githubcom_xmonadernimasciitables/.git/logs/HEAD
  delete /tmp/nimble_14501/githubcom_xmonadernimasciitables/.git/logs
  delete /tmp/nimble_14501/githubcom_xmonadernimasciitables/.git/description
  delete /tmp/nimble_14501/githubcom_xmonadernimasciitables/.git/hooks/pre-rebase.sample
  delete /tmp/nimble_14501/githubcom_xmonadernimasciitables/.git/hooks/applypatch-msg.sample
  delete /tmp/nimble_14501/githubcom_xmonadernimasciitables/.git/hooks/pre-push.sample
  delete /tmp/nimble_14501/githubcom_xmonadernimasciitables/.git/hooks/pre-merge-commit.sample
  delete /tmp/nimble_14501/githubcom_xmonadernimasciitables/.git/hooks/pre-receive.sample
  delete /tmp/nimble_14501/githubcom_xmonadernimasciitables/.git/hooks/update.sample
  delete /tmp/nimble_14501/githubcom_xmonadernimasciitables/.git/hooks/pre-commit.sample
  delete /tmp/nimble_14501/githubcom_xmonadernimasciitables/.git/hooks/pre-applypatch.sample
  delete /tmp/nimble_14501/githubcom_xmonadernimasciitables/.git/hooks/commit-msg.sample
  delete /tmp/nimble_14501/githubcom_xmonadernimasciitables/.git/hooks/fsmonitor-watchman.sample
  delete /tmp/nimble_14501/githubcom_xmonadernimasciitables/.git/hooks/prepare-commit-msg.sample
  delete /tmp/nimble_14501/githubcom_xmonadernimasciitables/.git/hooks/post-update.sample
  delete /tmp/nimble_14501/githubcom_xmonadernimasciitables/.git/hooks
  delete /tmp/nimble_14501/githubcom_xmonadernimasciitables/.git/shallow
  delete /tmp/nimble_14501/githubcom_xmonadernimasciitables/.git/config
  delete /tmp/nimble_14501/githubcom_xmonadernimasciitables/.git/index
  delete /tmp/nimble_14501/githubcom_xmonadernimasciitables/.git/objects/info
  delete /tmp/nimble_14501/githubcom_xmonadernimasciitables/.git/objects/54/89f4746d3412b0124793d87eeabebbb05c88a6
  delete /tmp/nimble_14501/githubcom_xmonadernimasciitables/.git/objects/54
  delete /tmp/nimble_14501/githubcom_xmonadernimasciitables/.git/objects/50/653a0694c5a02f356f17d842be7565a3eb87b7
  delete /tmp/nimble_14501/githubcom_xmonadernimasciitables/.git/objects/50
  delete /tmp/nimble_14501/githubcom_xmonadernimasciitables/.git/objects/17/adfde12e6362249783662fae3fc7fd457a6348
  delete /tmp/nimble_14501/githubcom_xmonadernimasciitables/.git/objects/17
  delete /tmp/nimble_14501/githubcom_xmonadernimasciitables/.git/objects/67/d9b34c6cecad82ad17197ffa5db4860caf9037
  delete /tmp/nimble_14501/githubcom_xmonadernimasciitables/.git/objects/67
  delete /tmp/nimble_14501/githubcom_xmonadernimasciitables/.git/objects/8b/15129fd5fa5c54cf380e67927e7777c2abf91b
  delete /tmp/nimble_14501/githubcom_xmonadernimasciitables/.git/objects/8b
  delete /tmp/nimble_14501/githubcom_xmonadernimasciitables/.git/objects/01/2d6fad7f9a4b46b002bfbf7125e928aeea0711
  delete /tmp/nimble_14501/githubcom_xmonadernimasciitables/.git/objects/01
  delete /tmp/nimble_14501/githubcom_xmonadernimasciitables/.git/objects/9f/9b6742aef879e33fbd999200bccfe6fc505e5f
  delete /tmp/nimble_14501/githubcom_xmonadernimasciitables/.git/objects/9f
  delete /tmp/nimble_14501/githubcom_xmonadernimasciitables/.git/objects/pack
  delete /tmp/nimble_14501/githubcom_xmonadernimasciitables/.git/objects/fe/9c54fbdc0757d1c92b23b68dcf09bb4dbaa0b3
  delete /tmp/nimble_14501/githubcom_xmonadernimasciitables/.git/objects/fe
  delete /tmp/nimble_14501/githubcom_xmonadernimasciitables/.git/objects/27/bfe16309c49147113469720ffeeb5f62a0adb4
  delete /tmp/nimble_14501/githubcom_xmonadernimasciitables/.git/objects/27
  delete /tmp/nimble_14501/githubcom_xmonadernimasciitables/.git/objects
  delete /tmp/nimble_14501/githubcom_xmonadernimasciitables/.git/packed-refs
  delete /tmp/nimble_14501/githubcom_xmonadernimasciitables/.git/HEAD
  delete /tmp/nimble_14501/githubcom_xmonadernimasciitables/.git
  delete /tmp/nimble_14501/githubcom_xmonadernimasciitables/src/asciitables
  delete /tmp/nimble_14501/githubcom_xmonadernimasciitables/src/asciitables.nim
  delete /tmp/nimble_14501/githubcom_xmonadernimasciitables/src
  delete /tmp/nimble_14501/githubcom_xmonadernimasciitables/.gitignore
  delete /tmp/nimble_14501/githubcom_xmonadernimasciitables/LICENSE
  delete /tmp/nimble_14501/githubcom_xmonadernimasciitables
  delete /tmp/nimble_14501
