     Info:  Nimble data file "/home/runner/.nimble/nimbledata2.json" has been loaded.
    Reading official package list
Downloading https://github.com/0kalekale/libass-nim using git
   Warning: The package has no tagged releases, downloading HEAD instead.
open('/workspace/destdir/ssl/openssl.cnf', 32768, 0x00000000000001b6)
open('/home/runner/.config/nimble/nimble.ini', 557056, 0x00000000000001b6)
open('/home/runner/.config/babel/babel.ini', 557056, 0x00000000000001b6)
open('/home/runner/.nimble/nimbledata2.json', 557056, 0x00000000000001b6)
writev(1, 0x00007ffd088e39d0, 2)
open('/home/runner/work/nim_packages_security_audit/nim_packages_security_audit', 622592, 0x0000000000000000)
writev(1, 0x00007ffd088e30a0, 2)
open('/home/runner/.nimble/packages_official.json', 557056, 0x00000000000001b6)
mkdir('/tmp/', 0x00000000000001ff)
mkdir('/tmp/nimble_3420/', 0x00000000000001ff)
mkdir('/tmp/nimble_3420/githubcom_0kalekalelibassnim', 0x00000000000001ff)
writev(1, 0x00007ffd088e3060, 2)
open('/tmp/nimble_3420/githubcom_0kalekalelibassnim', 622592, 0x0000000000000000)
rmdir('/tmp/nimble_3420/githubcom_0kalekalelibassnim')
writev(1, 0x00007ffd088e2fd0, 2)
mkdir(94227052410272, 0x00000000000001ff)
Error tracing process: readBytes(0x000055b2f1fcb5a0, 256) error: [Errno 5] Input/output error.
