      Info: Package cache path /home/runner/.nimble/pkgcache
     Info:  Nimble data file "/home/runner/.nimble/nimbledata2.json" has been loaded.
    Reading official package list
Downloading https://github.com/Alogani/asyncproc using git
    Cloning latest tagged version: v0.4.4
open('/workspace/destdir/ssl/openssl.cnf', 32768, 0x00000000000001b6)
open('/home/runner/.config/nimble/nimble.ini', 557056, 0x00000000000001b6)
open('/home/runner/.config/babel/babel.ini', 557056, 0x00000000000001b6)
writev(1, 0x00007ffe0505d360, 2)
open('/home/runner/.nimble/nimbledata2.json', 557056, 0x00000000000001b6)
writev(1, 0x00007ffe0505d430, 2)
writev(1, 0x00007fffd609ff30, 2)
writev(1, 0x00007fffd609ffc0, 2)
writev(1, 0x00007fffd609ffc0, 2)
writev(1, 0x00007fffd609ffc0, 2)
writev(1, 0x00007ffe0505be40, 2)
open('/home/runner/.nimble/packages_official.json', 557056, 0x00000000000001b6)
mkdir('/home/', 0x00000000000001ff)
mkdir('/home/runner/', 0x00000000000001ff)
mkdir('/home/runner/.nimble/', 0x00000000000001ff)
mkdir('/home/runner/.nimble/pkgcache/', 0x00000000000001ff)
mkdir('/home/runner/.nimble/pkgcache/githubcom_Aloganiasyncproc', 0x00000000000001ff)
open('/home/runner/.nimble/pkgcache/githubcom_Aloganiasyncproc', 622592, 0x0000000000000000)
writev(1, 0x00007ffe0505bea0, 2)
open('/home/runner/.nimble/pkgcache/githubcom_Aloganiasyncproc', 622592, 0x0000000000000000)
rmdir('/home/runner/.nimble/pkgcache/githubcom_Aloganiasyncproc')
writev(1, 0x00007ffe0505bd90, 2)
mkdir(93925018315664, 0x00000000000001ff)
Error tracing process: readBytes(0x0000556c9f5a2b90, 256) error: [Errno 5] Input/output error.
