     Info:  Nimble data file "/home/runner/.nimble/nimbledata2.json" has been loaded.
    Reading official package list
   Warning: The asyncdispatch2 package has been renamed to chronos
    Reading official package list
Downloading https://github.com/status-im/nim-chronos using git
    Cloning latest tagged version: v4.0.3
open('/workspace/destdir/ssl/openssl.cnf', 32768, 0x00000000000001b6)
open('/home/runner/.config/nimble/nimble.ini', 557056, 0x00000000000001b6)
open('/home/runner/.config/babel/babel.ini', 557056, 0x00000000000001b6)
open('/home/runner/.nimble/nimbledata2.json', 557056, 0x00000000000001b6)
writev(1, 0x00007fff7f3aef80, 2)
open('/home/runner/work/nim_packages_security_audit/nim_packages_security_audit', 622592, 0x0000000000000000)
writev(1, 0x00007fff7f3ae650, 2)
open('/home/runner/.nimble/packages_official.json', 557056, 0x00000000000001b6)
writev(1, 0x00007fff7f3ae610, 2)
writev(1, 0x00007fff7f3ae530, 2)
mkdir('/tmp/', 0x00000000000001ff)
mkdir('/tmp/nimble_2741/', 0x00000000000001ff)
mkdir('/tmp/nimble_2741/githubcom_statusimnimchronos', 0x00000000000001ff)
writev(1, 0x00007fff7f3ae610, 2)
open('/tmp/nimble_2741/githubcom_statusimnimchronos', 622592, 0x0000000000000000)
rmdir('/tmp/nimble_2741/githubcom_statusimnimchronos')
writev(1, 0x00007fff7f3ae580, 2)
mkdir(93979888395904, 0x00000000000001ff)
Error tracing process: readBytes(0x0000557965dd2680, 256) error: [Errno 5] Input/output error.
