      Info: Package cache path /home/runner/.nimble/pkgcache
     Info:  Nimble data file "/home/runner/.nimble/nimbledata2.json" has been loaded.
    Reading official package list
Downloading https://github.com/status-im/nim-async-channels using git
   Warning: The package has no tagged releases, downloading HEAD instead.
open('/workspace/destdir/ssl/openssl.cnf', 32768, 0x00000000000001b6)
open('/home/runner/.config/nimble/nimble.ini', 557056, 0x00000000000001b6)
open('/home/runner/.config/babel/babel.ini', 557056, 0x00000000000001b6)
writev(1, 0x00007ffecc462360, 2)
open('/home/runner/.nimble/nimbledata2.json', 557056, 0x00000000000001b6)
writev(1, 0x00007ffecc462430, 2)
writev(1, 0x00007ffe0a7e2020, 2)
writev(1, 0x00007ffe0a7e20b0, 2)
writev(1, 0x00007ffe0a7e20b0, 2)
writev(1, 0x00007ffe0a7e20b0, 2)
writev(1, 0x00007ffecc460e60, 2)
open('/home/runner/.nimble/packages_official.json', 557056, 0x00000000000001b6)
mkdir('/home/', 0x00000000000001ff)
mkdir('/home/runner/', 0x00000000000001ff)
mkdir('/home/runner/.nimble/', 0x00000000000001ff)
mkdir('/home/runner/.nimble/pkgcache/', 0x00000000000001ff)
mkdir('/home/runner/.nimble/pkgcache/githubcom_statusimnimasyncchannels', 0x00000000000001ff)
open('/home/runner/.nimble/pkgcache/githubcom_statusimnimasyncchannels', 622592, 0x0000000000000000)
writev(1, 0x00007ffecc460ea0, 2)
open('/home/runner/.nimble/pkgcache/githubcom_statusimnimasyncchannels', 622592, 0x0000000000000000)
rmdir('/home/runner/.nimble/pkgcache/githubcom_statusimnimasyncchannels')
writev(1, 0x00007ffecc460d90, 2)
mkdir(94921198938048, 0x00000000000001ff)
Error tracing process: readBytes(0x00005654905827c0, 256) error: [Errno 5] Input/output error.
