    Reading official package list
Downloading https://github.com/tulayang/asyncevents using git
    Cloning latest tagged version: 0.3.0
  Verifying dependencies for asyncevents@0.3.0
 Installing asyncevents@0.3.0
    Copying file /tmp/nimble_6161/githubcom_tulayangasyncevents/asyncevents.nim to /home/runner/.nimble/pkgs/asyncevents-0.3.0/asyncevents.nim
    Copying file /tmp/nimble_6161/githubcom_tulayangasyncevents/asyncevents.nimble to /home/runner/.nimble/pkgs/asyncevents-0.3.0/asyncevents.nimble
   Success: asyncevents installed successfully.
mkdir('/tmp', 0x00000000000001ff)
mkdir('/tmp/nimble_6161', 0x00000000000001ff)
mkdir('/tmp/nimble_6161/githubcom_tulayangasyncevents', 0x00000000000001ff)
rmdir('/tmp/nimble_6161/githubcom_tulayangasyncevents')
mkdir('/tmp/nimble_6161/githubcom_tulayangasyncevents', 0x00000000000001ff)
mkdir('/tmp/nimble_6161/githubcom_tulayangasyncevents/.git', 0x00000000000001ff)
mkdir('/tmp/nimble_6161/githubcom_tulayangasyncevents/.git/', 0x00000000000001ff)
mkdir('/tmp/nimble_6161/githubcom_tulayangasyncevents/.git/info/', 0x00000000000001ff)
mkdir('/tmp/nimble_6161/githubcom_tulayangasyncevents/.git/branches/', 0x00000000000001ff)
mkdir('/tmp/nimble_6161/githubcom_tulayangasyncevents/.git/hooks/', 0x00000000000001ff)
mkdir('/tmp/nimble_6161/githubcom_tulayangasyncevents/.git/refs', 0x00000000000001ff)
mkdir('/tmp/nimble_6161/githubcom_tulayangasyncevents/.git/refs/heads', 0x00000000000001ff)
mkdir('/tmp/nimble_6161/githubcom_tulayangasyncevents/.git/refs/tags', 0x00000000000001ff)
rename('/tmp/nimble_6161/githubcom_tulayangasyncevents/.git/HEAD.lock', '/tmp/nimble_6161/githubcom_tulayangasyncevents/.git/HEAD')
rename('/tmp/nimble_6161/githubcom_tulayangasyncevents/.git/config.lock', '/tmp/nimble_6161/githubcom_tulayangasyncevents/.git/config')
chmod('/tmp/nimble_6161/githubcom_tulayangasyncevents/.git/config', 0x00000000000081e4)
chmod('/tmp/nimble_6161/githubcom_tulayangasyncevents/.git/config', 0x00000000000081a4)
chmod('/tmp/nimble_6161/githubcom_tulayangasyncevents/.git/config.lock', 0x00000000000001a4)
rename('/tmp/nimble_6161/githubcom_tulayangasyncevents/.git/config.lock', '/tmp/nimble_6161/githubcom_tulayangasyncevents/.git/config')
chmod('/tmp/nimble_6161/githubcom_tulayangasyncevents/.git/config.lock', 0x00000000000001a4)
rename('/tmp/nimble_6161/githubcom_tulayangasyncevents/.git/config.lock', '/tmp/nimble_6161/githubcom_tulayangasyncevents/.git/config')
chmod('/tmp/nimble_6161/githubcom_tulayangasyncevents/.git/config.lock', 0x00000000000001a4)
rename('/tmp/nimble_6161/githubcom_tulayangasyncevents/.git/config.lock', '/tmp/nimble_6161/githubcom_tulayangasyncevents/.git/config')
unlink('/tmp/nimble_6161/githubcom_tulayangasyncevents/.git/tgKcHlo')
symlink('testing', '/tmp/nimble_6161/githubcom_tulayangasyncevents/.git/tgKcHlo')
unlink('/tmp/nimble_6161/githubcom_tulayangasyncevents/.git/tgKcHlo')
mkdir('/tmp/nimble_6161/githubcom_tulayangasyncevents/.git/objects', 0x00000000000001ff)
mkdir('/tmp/nimble_6161/githubcom_tulayangasyncevents/.git/objects/pack', 0x00000000000001ff)
mkdir('/tmp/nimble_6161/githubcom_tulayangasyncevents/.git/objects/info', 0x00000000000001ff)
chmod('/tmp/nimble_6161/githubcom_tulayangasyncevents/.git/config.lock', 0x00000000000001a4)
rename('/tmp/nimble_6161/githubcom_tulayangasyncevents/.git/config.lock', '/tmp/nimble_6161/githubcom_tulayangasyncevents/.git/config')
chmod('/tmp/nimble_6161/githubcom_tulayangasyncevents/.git/config.lock', 0x00000000000001a4)
rename('/tmp/nimble_6161/githubcom_tulayangasyncevents/.git/config.lock', '/tmp/nimble_6161/githubcom_tulayangasyncevents/.git/config')
chmod('/tmp/nimble_6161/githubcom_tulayangasyncevents/.git/config.lock', 0x00000000000001a4)
rename('/tmp/nimble_6161/githubcom_tulayangasyncevents/.git/config.lock', '/tmp/nimble_6161/githubcom_tulayangasyncevents/.git/config')
mkdir('/tmp/nimble_6161/githubcom_tulayangasyncevents/.git/objects/02', 0x00000000000001ff)
link('/tmp/nimble_6161/githubcom_tulayangasyncevents/.git/objects/02/tmp_obj_6U95WR', '/tmp/nimble_6161/githubcom_tulayangasyncevents/.git/objects/02/a9d70b91caa82fcd9c62b6033d978028dc783d')
unlink('/tmp/nimble_6161/githubcom_tulayangasyncevents/.git/objects/02/tmp_obj_6U95WR')
mkdir('/tmp/nimble_6161/githubcom_tulayangasyncevents/.git/objects/29', 0x00000000000001ff)
link('/tmp/nimble_6161/githubcom_tulayangasyncevents/.git/objects/29/tmp_obj_apEOTS', '/tmp/nimble_6161/githubcom_tulayangasyncevents/.git/objects/29/ceca4db763fc102d467041dd3de3c2cb21b7fd')
unlink('/tmp/nimble_6161/githubcom_tulayangasyncevents/.git/objects/29/tmp_obj_apEOTS')
mkdir('/tmp/nimble_6161/githubcom_tulayangasyncevents/.git/objects/4b', 0x00000000000001ff)
link('/tmp/nimble_6161/githubcom_tulayangasyncevents/.git/objects/4b/tmp_obj_81SrfZ', '/tmp/nimble_6161/githubcom_tulayangasyncevents/.git/objects/4b/01731d4b08130ebd2cb51566940d2a687233a3')
unlink('/tmp/nimble_6161/githubcom_tulayangasyncevents/.git/objects/4b/tmp_obj_81SrfZ')
mkdir('/tmp/nimble_6161/githubcom_tulayangasyncevents/.git/objects/4e', 0x00000000000001ff)
link('/tmp/nimble_6161/githubcom_tulayangasyncevents/.git/objects/4e/tmp_obj_siSra4', '/tmp/nimble_6161/githubcom_tulayangasyncevents/.git/objects/4e/ebbad0fbcd797b7c99998cf38c0ff6689bc472')
unlink('/tmp/nimble_6161/githubcom_tulayangasyncevents/.git/objects/4e/tmp_obj_siSra4')
mkdir('/tmp/nimble_6161/githubcom_tulayangasyncevents/.git/objects/df', 0x00000000000001ff)
link('/tmp/nimble_6161/githubcom_tulayangasyncevents/.git/objects/df/tmp_obj_AmMKxa', '/tmp/nimble_6161/githubcom_tulayangasyncevents/.git/objects/df/93037706945a622441d6d37921c6403c934546')
unlink('/tmp/nimble_6161/githubcom_tulayangasyncevents/.git/objects/df/tmp_obj_AmMKxa')
mkdir('/tmp/nimble_6161/githubcom_tulayangasyncevents/.git/objects/c2', 0x00000000000001ff)
link('/tmp/nimble_6161/githubcom_tulayangasyncevents/.git/objects/c2/tmp_obj_CFvjof', '/tmp/nimble_6161/githubcom_tulayangasyncevents/.git/objects/c2/f825ce34e8d634bfcf452b9a29de27b723a082')
unlink('/tmp/nimble_6161/githubcom_tulayangasyncevents/.git/objects/c2/tmp_obj_CFvjof')
rename('/tmp/nimble_6161/githubcom_tulayangasyncevents/.git/shallow.lock', '/tmp/nimble_6161/githubcom_tulayangasyncevents/.git/shallow')
rename('/tmp/nimble_6161/githubcom_tulayangasyncevents/.git/packed-refs.new', '/tmp/nimble_6161/githubcom_tulayangasyncevents/.git/packed-refs')
unlink('/tmp/nimble_6161/githubcom_tulayangasyncevents/.git/packed-refs.lock')
unlink('/tmp/nimble_6161/githubcom_tulayangasyncevents/.git/refs/tags/0.3.0.lock')
mkdir('/tmp/nimble_6161/githubcom_tulayangasyncevents/.git/logs', 0x00000000000001ff)
rename('/tmp/nimble_6161/githubcom_tulayangasyncevents/.git/HEAD.lock', '/tmp/nimble_6161/githubcom_tulayangasyncevents/.git/HEAD')
rename('/tmp/nimble_6161/githubcom_tulayangasyncevents/.git/index.lock', '/tmp/nimble_6161/githubcom_tulayangasyncevents/.git/index')
mkdir('/home', 0x00000000000001ff)
mkdir('/home/runner', 0x00000000000001ff)
mkdir('/home/runner/.nimble', 0x00000000000001ff)
mkdir('/home/runner/.nimble/pkgs', 0x00000000000001ff)
mkdir('/home/runner/.nimble/pkgs/asyncevents-0.3.0', 0x00000000000001ff)
mkdir('/home', 0x00000000000001ff)
mkdir('/home/runner', 0x00000000000001ff)
mkdir('/home/runner/.nimble', 0x00000000000001ff)
mkdir('/home/runner/.nimble/pkgs', 0x00000000000001ff)
mkdir('/home/runner/.nimble/pkgs/asyncevents-0.3.0', 0x00000000000001ff)
chmod('/home/runner/.nimble/pkgs/asyncevents-0.3.0/asyncevents.nim', 0x00000000000001a4)
chmod('/home/runner/.nimble/pkgs/asyncevents-0.3.0/asyncevents.nimble', 0x00000000000001a4)
unlink('/tmp/nimble_6161/githubcom_tulayangasyncevents/README.md')
unlink('/tmp/nimble_6161/githubcom_tulayangasyncevents/asyncevents.nim')
rmdir('/tmp/nimble_6161/githubcom_tulayangasyncevents/.git/refs/tags')
rmdir('/tmp/nimble_6161/githubcom_tulayangasyncevents/.git/refs/heads')
rmdir('/tmp/nimble_6161/githubcom_tulayangasyncevents/.git/refs')
unlink('/tmp/nimble_6161/githubcom_tulayangasyncevents/.git/info/exclude')
rmdir('/tmp/nimble_6161/githubcom_tulayangasyncevents/.git/info')
rmdir('/tmp/nimble_6161/githubcom_tulayangasyncevents/.git/branches')
unlink('/tmp/nimble_6161/githubcom_tulayangasyncevents/.git/logs/HEAD')
rmdir('/tmp/nimble_6161/githubcom_tulayangasyncevents/.git/logs')
unlink('/tmp/nimble_6161/githubcom_tulayangasyncevents/.git/description')
unlink('/tmp/nimble_6161/githubcom_tulayangasyncevents/.git/hooks/pre-rebase.sample')
unlink('/tmp/nimble_6161/githubcom_tulayangasyncevents/.git/hooks/applypatch-msg.sample')
unlink('/tmp/nimble_6161/githubcom_tulayangasyncevents/.git/hooks/pre-push.sample')
unlink('/tmp/nimble_6161/githubcom_tulayangasyncevents/.git/hooks/pre-merge-commit.sample')
unlink('/tmp/nimble_6161/githubcom_tulayangasyncevents/.git/hooks/pre-receive.sample')
unlink('/tmp/nimble_6161/githubcom_tulayangasyncevents/.git/hooks/update.sample')
unlink('/tmp/nimble_6161/githubcom_tulayangasyncevents/.git/hooks/pre-commit.sample')
unlink('/tmp/nimble_6161/githubcom_tulayangasyncevents/.git/hooks/pre-applypatch.sample')
unlink('/tmp/nimble_6161/githubcom_tulayangasyncevents/.git/hooks/commit-msg.sample')
unlink('/tmp/nimble_6161/githubcom_tulayangasyncevents/.git/hooks/fsmonitor-watchman.sample')
unlink('/tmp/nimble_6161/githubcom_tulayangasyncevents/.git/hooks/prepare-commit-msg.sample')
unlink('/tmp/nimble_6161/githubcom_tulayangasyncevents/.git/hooks/post-update.sample')
rmdir('/tmp/nimble_6161/githubcom_tulayangasyncevents/.git/hooks')
unlink('/tmp/nimble_6161/githubcom_tulayangasyncevents/.git/shallow')
unlink('/tmp/nimble_6161/githubcom_tulayangasyncevents/.git/config')
unlink('/tmp/nimble_6161/githubcom_tulayangasyncevents/.git/index')
unlink('/tmp/nimble_6161/githubcom_tulayangasyncevents/.git/objects/4e/ebbad0fbcd797b7c99998cf38c0ff6689bc472')
rmdir('/tmp/nimble_6161/githubcom_tulayangasyncevents/.git/objects/4e')
rmdir('/tmp/nimble_6161/githubcom_tulayangasyncevents/.git/objects/info')
unlink('/tmp/nimble_6161/githubcom_tulayangasyncevents/.git/objects/29/ceca4db763fc102d467041dd3de3c2cb21b7fd')
rmdir('/tmp/nimble_6161/githubcom_tulayangasyncevents/.git/objects/29')
unlink('/tmp/nimble_6161/githubcom_tulayangasyncevents/.git/objects/df/93037706945a622441d6d37921c6403c934546')
rmdir('/tmp/nimble_6161/githubcom_tulayangasyncevents/.git/objects/df')
unlink('/tmp/nimble_6161/githubcom_tulayangasyncevents/.git/objects/4b/01731d4b08130ebd2cb51566940d2a687233a3')
rmdir('/tmp/nimble_6161/githubcom_tulayangasyncevents/.git/objects/4b')
unlink('/tmp/nimble_6161/githubcom_tulayangasyncevents/.git/objects/c2/f825ce34e8d634bfcf452b9a29de27b723a082')
rmdir('/tmp/nimble_6161/githubcom_tulayangasyncevents/.git/objects/c2')
rmdir('/tmp/nimble_6161/githubcom_tulayangasyncevents/.git/objects/pack')
unlink('/tmp/nimble_6161/githubcom_tulayangasyncevents/.git/objects/02/a9d70b91caa82fcd9c62b6033d978028dc783d')
rmdir('/tmp/nimble_6161/githubcom_tulayangasyncevents/.git/objects/02')
rmdir('/tmp/nimble_6161/githubcom_tulayangasyncevents/.git/objects')
unlink('/tmp/nimble_6161/githubcom_tulayangasyncevents/.git/packed-refs')
unlink('/tmp/nimble_6161/githubcom_tulayangasyncevents/.git/HEAD')
rmdir('/tmp/nimble_6161/githubcom_tulayangasyncevents/.git')
unlink('/tmp/nimble_6161/githubcom_tulayangasyncevents/asyncevents.nimble')
unlink('/tmp/nimble_6161/githubcom_tulayangasyncevents/LICENSE')
rmdir('/tmp/nimble_6161/githubcom_tulayangasyncevents')
rmdir('/tmp/nimble_6161')
  create directory /tmp
  create directory /tmp/nimble_6161
  create directory /tmp/nimble_6161/githubcom_tulayangasyncevents
  delete /tmp/nimble_6161/githubcom_tulayangasyncevents
  create directory /tmp/nimble_6161/githubcom_tulayangasyncevents
  create directory /tmp/nimble_6161/githubcom_tulayangasyncevents/.git
  create directory /tmp/nimble_6161/githubcom_tulayangasyncevents/.git
  create directory /tmp/nimble_6161/githubcom_tulayangasyncevents/.git/info
  create directory /tmp/nimble_6161/githubcom_tulayangasyncevents/.git/branches
  create directory /tmp/nimble_6161/githubcom_tulayangasyncevents/.git/hooks
  create directory /tmp/nimble_6161/githubcom_tulayangasyncevents/.git/refs
  create directory /tmp/nimble_6161/githubcom_tulayangasyncevents/.git/refs/heads
  create directory /tmp/nimble_6161/githubcom_tulayangasyncevents/.git/refs/tags
  rename /tmp/nimble_6161/githubcom_tulayangasyncevents/.git/HEAD.lock to HEAD
  rename /tmp/nimble_6161/githubcom_tulayangasyncevents/.git/config.lock to config
  change permissions of /tmp/nimble_6161/githubcom_tulayangasyncevents/.git/config to rwxr--r--
  change permissions of /tmp/nimble_6161/githubcom_tulayangasyncevents/.git/config to rw-r--r--
  change permissions of /tmp/nimble_6161/githubcom_tulayangasyncevents/.git/config.lock to rw-r--r--
  rename /tmp/nimble_6161/githubcom_tulayangasyncevents/.git/config.lock to config
  change permissions of /tmp/nimble_6161/githubcom_tulayangasyncevents/.git/config.lock to rw-r--r--
  rename /tmp/nimble_6161/githubcom_tulayangasyncevents/.git/config.lock to config
  change permissions of /tmp/nimble_6161/githubcom_tulayangasyncevents/.git/config.lock to rw-r--r--
  rename /tmp/nimble_6161/githubcom_tulayangasyncevents/.git/config.lock to config
  delete /tmp/nimble_6161/githubcom_tulayangasyncevents/.git/tgKcHlo
  create symbolic link from /tmp/nimble_6161/githubcom_tulayangasyncevents/.git/tgKcHlo to /home/runner/work/nim_packages_security_audit/nim_packages_security_audit/testing
  delete /tmp/nimble_6161/githubcom_tulayangasyncevents/.git/tgKcHlo
  create directory /tmp/nimble_6161/githubcom_tulayangasyncevents/.git/objects
  create directory /tmp/nimble_6161/githubcom_tulayangasyncevents/.git/objects/pack
  create directory /tmp/nimble_6161/githubcom_tulayangasyncevents/.git/objects/info
  change permissions of /tmp/nimble_6161/githubcom_tulayangasyncevents/.git/config.lock to rw-r--r--
  rename /tmp/nimble_6161/githubcom_tulayangasyncevents/.git/config.lock to config
  change permissions of /tmp/nimble_6161/githubcom_tulayangasyncevents/.git/config.lock to rw-r--r--
  rename /tmp/nimble_6161/githubcom_tulayangasyncevents/.git/config.lock to config
  change permissions of /tmp/nimble_6161/githubcom_tulayangasyncevents/.git/config.lock to rw-r--r--
  rename /tmp/nimble_6161/githubcom_tulayangasyncevents/.git/config.lock to config
  create directory /tmp/nimble_6161/githubcom_tulayangasyncevents/.git/objects/02
  create hard link from /tmp/nimble_6161/githubcom_tulayangasyncevents/.git/objects/02/a9d70b91caa82fcd9c62b6033d978028dc783d to /tmp/nimble_6161/githubcom_tulayangasyncevents/.git/objects/02/tmp_obj_6U95WR
  delete /tmp/nimble_6161/githubcom_tulayangasyncevents/.git/objects/02/tmp_obj_6U95WR
  create directory /tmp/nimble_6161/githubcom_tulayangasyncevents/.git/objects/29
  create hard link from /tmp/nimble_6161/githubcom_tulayangasyncevents/.git/objects/29/ceca4db763fc102d467041dd3de3c2cb21b7fd to /tmp/nimble_6161/githubcom_tulayangasyncevents/.git/objects/29/tmp_obj_apEOTS
  delete /tmp/nimble_6161/githubcom_tulayangasyncevents/.git/objects/29/tmp_obj_apEOTS
  create directory /tmp/nimble_6161/githubcom_tulayangasyncevents/.git/objects/4b
  create hard link from /tmp/nimble_6161/githubcom_tulayangasyncevents/.git/objects/4b/01731d4b08130ebd2cb51566940d2a687233a3 to /tmp/nimble_6161/githubcom_tulayangasyncevents/.git/objects/4b/tmp_obj_81SrfZ
  delete /tmp/nimble_6161/githubcom_tulayangasyncevents/.git/objects/4b/tmp_obj_81SrfZ
  create directory /tmp/nimble_6161/githubcom_tulayangasyncevents/.git/objects/4e
  create hard link from /tmp/nimble_6161/githubcom_tulayangasyncevents/.git/objects/4e/ebbad0fbcd797b7c99998cf38c0ff6689bc472 to /tmp/nimble_6161/githubcom_tulayangasyncevents/.git/objects/4e/tmp_obj_siSra4
  delete /tmp/nimble_6161/githubcom_tulayangasyncevents/.git/objects/4e/tmp_obj_siSra4
  create directory /tmp/nimble_6161/githubcom_tulayangasyncevents/.git/objects/df
  create hard link from /tmp/nimble_6161/githubcom_tulayangasyncevents/.git/objects/df/93037706945a622441d6d37921c6403c934546 to /tmp/nimble_6161/githubcom_tulayangasyncevents/.git/objects/df/tmp_obj_AmMKxa
  delete /tmp/nimble_6161/githubcom_tulayangasyncevents/.git/objects/df/tmp_obj_AmMKxa
  create directory /tmp/nimble_6161/githubcom_tulayangasyncevents/.git/objects/c2
  create hard link from /tmp/nimble_6161/githubcom_tulayangasyncevents/.git/objects/c2/f825ce34e8d634bfcf452b9a29de27b723a082 to /tmp/nimble_6161/githubcom_tulayangasyncevents/.git/objects/c2/tmp_obj_CFvjof
  delete /tmp/nimble_6161/githubcom_tulayangasyncevents/.git/objects/c2/tmp_obj_CFvjof
  rename /tmp/nimble_6161/githubcom_tulayangasyncevents/.git/shallow.lock to shallow
  rename /tmp/nimble_6161/githubcom_tulayangasyncevents/.git/packed-refs.new to packed-refs
  delete /tmp/nimble_6161/githubcom_tulayangasyncevents/.git/packed-refs.lock
  delete /tmp/nimble_6161/githubcom_tulayangasyncevents/.git/refs/tags/0.3.0.lock
  create directory /tmp/nimble_6161/githubcom_tulayangasyncevents/.git/logs
  rename /tmp/nimble_6161/githubcom_tulayangasyncevents/.git/HEAD.lock to HEAD
  rename /tmp/nimble_6161/githubcom_tulayangasyncevents/.git/index.lock to index
  create directory /home
  create directory /home/runner
  create directory /home/runner/.nimble
  create directory /home/runner/.nimble/pkgs
  create directory /home/runner/.nimble/pkgs/asyncevents-0.3.0
  create directory /home
  create directory /home/runner
  create directory /home/runner/.nimble
  create directory /home/runner/.nimble/pkgs
  create directory /home/runner/.nimble/pkgs/asyncevents-0.3.0
  change permissions of /home/runner/.nimble/pkgs/asyncevents-0.3.0/asyncevents.nim to rw-r--r--
  change permissions of /home/runner/.nimble/pkgs/asyncevents-0.3.0/asyncevents.nimble to rw-r--r--
  delete /tmp/nimble_6161/githubcom_tulayangasyncevents/README.md
  delete /tmp/nimble_6161/githubcom_tulayangasyncevents/asyncevents.nim
  delete /tmp/nimble_6161/githubcom_tulayangasyncevents/.git/refs/tags
  delete /tmp/nimble_6161/githubcom_tulayangasyncevents/.git/refs/heads
  delete /tmp/nimble_6161/githubcom_tulayangasyncevents/.git/refs
  delete /tmp/nimble_6161/githubcom_tulayangasyncevents/.git/info/exclude
  delete /tmp/nimble_6161/githubcom_tulayangasyncevents/.git/info
  delete /tmp/nimble_6161/githubcom_tulayangasyncevents/.git/branches
  delete /tmp/nimble_6161/githubcom_tulayangasyncevents/.git/logs/HEAD
  delete /tmp/nimble_6161/githubcom_tulayangasyncevents/.git/logs
  delete /tmp/nimble_6161/githubcom_tulayangasyncevents/.git/description
  delete /tmp/nimble_6161/githubcom_tulayangasyncevents/.git/hooks/pre-rebase.sample
  delete /tmp/nimble_6161/githubcom_tulayangasyncevents/.git/hooks/applypatch-msg.sample
  delete /tmp/nimble_6161/githubcom_tulayangasyncevents/.git/hooks/pre-push.sample
  delete /tmp/nimble_6161/githubcom_tulayangasyncevents/.git/hooks/pre-merge-commit.sample
  delete /tmp/nimble_6161/githubcom_tulayangasyncevents/.git/hooks/pre-receive.sample
  delete /tmp/nimble_6161/githubcom_tulayangasyncevents/.git/hooks/update.sample
  delete /tmp/nimble_6161/githubcom_tulayangasyncevents/.git/hooks/pre-commit.sample
  delete /tmp/nimble_6161/githubcom_tulayangasyncevents/.git/hooks/pre-applypatch.sample
  delete /tmp/nimble_6161/githubcom_tulayangasyncevents/.git/hooks/commit-msg.sample
  delete /tmp/nimble_6161/githubcom_tulayangasyncevents/.git/hooks/fsmonitor-watchman.sample
  delete /tmp/nimble_6161/githubcom_tulayangasyncevents/.git/hooks/prepare-commit-msg.sample
  delete /tmp/nimble_6161/githubcom_tulayangasyncevents/.git/hooks/post-update.sample
  delete /tmp/nimble_6161/githubcom_tulayangasyncevents/.git/hooks
  delete /tmp/nimble_6161/githubcom_tulayangasyncevents/.git/shallow
  delete /tmp/nimble_6161/githubcom_tulayangasyncevents/.git/config
  delete /tmp/nimble_6161/githubcom_tulayangasyncevents/.git/index
  delete /tmp/nimble_6161/githubcom_tulayangasyncevents/.git/objects/4e/ebbad0fbcd797b7c99998cf38c0ff6689bc472
  delete /tmp/nimble_6161/githubcom_tulayangasyncevents/.git/objects/4e
  delete /tmp/nimble_6161/githubcom_tulayangasyncevents/.git/objects/info
  delete /tmp/nimble_6161/githubcom_tulayangasyncevents/.git/objects/29/ceca4db763fc102d467041dd3de3c2cb21b7fd
  delete /tmp/nimble_6161/githubcom_tulayangasyncevents/.git/objects/29
  delete /tmp/nimble_6161/githubcom_tulayangasyncevents/.git/objects/df/93037706945a622441d6d37921c6403c934546
  delete /tmp/nimble_6161/githubcom_tulayangasyncevents/.git/objects/df
  delete /tmp/nimble_6161/githubcom_tulayangasyncevents/.git/objects/4b/01731d4b08130ebd2cb51566940d2a687233a3
  delete /tmp/nimble_6161/githubcom_tulayangasyncevents/.git/objects/4b
  delete /tmp/nimble_6161/githubcom_tulayangasyncevents/.git/objects/c2/f825ce34e8d634bfcf452b9a29de27b723a082
  delete /tmp/nimble_6161/githubcom_tulayangasyncevents/.git/objects/c2
  delete /tmp/nimble_6161/githubcom_tulayangasyncevents/.git/objects/pack
  delete /tmp/nimble_6161/githubcom_tulayangasyncevents/.git/objects/02/a9d70b91caa82fcd9c62b6033d978028dc783d
  delete /tmp/nimble_6161/githubcom_tulayangasyncevents/.git/objects/02
  delete /tmp/nimble_6161/githubcom_tulayangasyncevents/.git/objects
  delete /tmp/nimble_6161/githubcom_tulayangasyncevents/.git/packed-refs
  delete /tmp/nimble_6161/githubcom_tulayangasyncevents/.git/HEAD
  delete /tmp/nimble_6161/githubcom_tulayangasyncevents/.git
  delete /tmp/nimble_6161/githubcom_tulayangasyncevents/asyncevents.nimble
  delete /tmp/nimble_6161/githubcom_tulayangasyncevents/LICENSE
  delete /tmp/nimble_6161/githubcom_tulayangasyncevents
  delete /tmp/nimble_6161
