      Info: Package cache path /home/runner/.nimble/pkgcache
     Info:  Nimble data file "/home/runner/.nimble/nimbledata2.json" has been loaded.
    Reading official package list
Downloading https://github.com/Q-Master/redis.nim using git
    Cloning latest tagged version: v0.8.2
open('/workspace/destdir/ssl/openssl.cnf', 32768, 0x00000000000001b6)
open('/home/runner/.config/nimble/nimble.ini', 557056, 0x00000000000001b6)
open('/home/runner/.config/babel/babel.ini', 557056, 0x00000000000001b6)
writev(1, 0x00007fff81f0f3a0, 2)
open('/home/runner/.nimble/nimbledata2.json', 557056, 0x00000000000001b6)
writev(1, 0x00007fff81f0f470, 2)
writev(1, 0x00007fff37cdc350, 2)
writev(1, 0x00007fff37cdc3e0, 2)
writev(1, 0x00007fff37cdc3e0, 2)
writev(1, 0x00007fff37cdc3e0, 2)
writev(1, 0x00007fff81f0de80, 2)
open('/home/runner/.nimble/packages_official.json', 557056, 0x00000000000001b6)
mkdir('/home/', 0x00000000000001ff)
mkdir('/home/runner/', 0x00000000000001ff)
mkdir('/home/runner/.nimble/', 0x00000000000001ff)
mkdir('/home/runner/.nimble/pkgcache/', 0x00000000000001ff)
mkdir('/home/runner/.nimble/pkgcache/githubcom_QMasterredisnim', 0x00000000000001ff)
open('/home/runner/.nimble/pkgcache/githubcom_QMasterredisnim', 622592, 0x0000000000000000)
writev(1, 0x00007fff81f0dee0, 2)
open('/home/runner/.nimble/pkgcache/githubcom_QMasterredisnim', 622592, 0x0000000000000000)
rmdir('/home/runner/.nimble/pkgcache/githubcom_QMasterredisnim')
writev(1, 0x00007fff81f0ddd0, 2)
mkdir(94887566605104, 0x00000000000001ff)
Error tracing process: readBytes(0x0000564cbbb37b30, 256) error: [Errno 5] Input/output error.
