    Reading official package list
Downloading https://github.com/miere43/autome using git
       Info /tmp/nimble_7652/githubcom_miere43autome/autome_7652.nims(5, 22) Warning: imported and not used: 'strutils' [UnusedImport]
  Verifying dependencies for autome@0.1.2
 Installing autome@0.1.2
    Copying file /tmp/nimble_7652/githubcom_miere43autome/autome.nim to /home/runner/.nimble/pkgs/autome-0.1.2/autome.nim
    Copying file /tmp/nimble_7652/githubcom_miere43autome/autome.nimble to /home/runner/.nimble/pkgs/autome-0.1.2/autome.nimble
   Success: autome installed successfully.
       Info /home/runner/.nimble/pkgs/autome-0.1.2/autome_7652.nims(5, 22) Warning: imported and not used: 'strutils' [UnusedImport]
mkdir('/tmp', 0x00000000000001ff)
mkdir('/tmp/nimble_7652', 0x00000000000001ff)
mkdir('/tmp/nimble_7652/githubcom_miere43autome', 0x00000000000001ff)
rmdir('/tmp/nimble_7652/githubcom_miere43autome')
mkdir('/tmp/nimble_7652/githubcom_miere43autome', 0x00000000000001ff)
mkdir('/tmp/nimble_7652/githubcom_miere43autome/.git', 0x00000000000001ff)
mkdir('/tmp/nimble_7652/githubcom_miere43autome/.git/', 0x00000000000001ff)
mkdir('/tmp/nimble_7652/githubcom_miere43autome/.git/branches/', 0x00000000000001ff)
mkdir('/tmp/nimble_7652/githubcom_miere43autome/.git/hooks/', 0x00000000000001ff)
mkdir('/tmp/nimble_7652/githubcom_miere43autome/.git/info/', 0x00000000000001ff)
mkdir('/tmp/nimble_7652/githubcom_miere43autome/.git/refs', 0x00000000000001ff)
mkdir('/tmp/nimble_7652/githubcom_miere43autome/.git/refs/heads', 0x00000000000001ff)
mkdir('/tmp/nimble_7652/githubcom_miere43autome/.git/refs/tags', 0x00000000000001ff)
rename('/tmp/nimble_7652/githubcom_miere43autome/.git/HEAD.lock', '/tmp/nimble_7652/githubcom_miere43autome/.git/HEAD')
rename('/tmp/nimble_7652/githubcom_miere43autome/.git/config.lock', '/tmp/nimble_7652/githubcom_miere43autome/.git/config')
chmod('/tmp/nimble_7652/githubcom_miere43autome/.git/config', 0x00000000000081e4)
chmod('/tmp/nimble_7652/githubcom_miere43autome/.git/config', 0x00000000000081a4)
chmod('/tmp/nimble_7652/githubcom_miere43autome/.git/config.lock', 0x00000000000001a4)
rename('/tmp/nimble_7652/githubcom_miere43autome/.git/config.lock', '/tmp/nimble_7652/githubcom_miere43autome/.git/config')
chmod('/tmp/nimble_7652/githubcom_miere43autome/.git/config.lock', 0x00000000000001a4)
rename('/tmp/nimble_7652/githubcom_miere43autome/.git/config.lock', '/tmp/nimble_7652/githubcom_miere43autome/.git/config')
chmod('/tmp/nimble_7652/githubcom_miere43autome/.git/config.lock', 0x00000000000001a4)
rename('/tmp/nimble_7652/githubcom_miere43autome/.git/config.lock', '/tmp/nimble_7652/githubcom_miere43autome/.git/config')
unlink('/tmp/nimble_7652/githubcom_miere43autome/.git/tpzkstN')
symlink('testing', '/tmp/nimble_7652/githubcom_miere43autome/.git/tpzkstN')
unlink('/tmp/nimble_7652/githubcom_miere43autome/.git/tpzkstN')
mkdir('/tmp/nimble_7652/githubcom_miere43autome/.git/objects', 0x00000000000001ff)
mkdir('/tmp/nimble_7652/githubcom_miere43autome/.git/objects/pack', 0x00000000000001ff)
mkdir('/tmp/nimble_7652/githubcom_miere43autome/.git/objects/info', 0x00000000000001ff)
chmod('/tmp/nimble_7652/githubcom_miere43autome/.git/config.lock', 0x00000000000001a4)
rename('/tmp/nimble_7652/githubcom_miere43autome/.git/config.lock', '/tmp/nimble_7652/githubcom_miere43autome/.git/config')
chmod('/tmp/nimble_7652/githubcom_miere43autome/.git/config.lock', 0x00000000000001a4)
rename('/tmp/nimble_7652/githubcom_miere43autome/.git/config.lock', '/tmp/nimble_7652/githubcom_miere43autome/.git/config')
chmod('/tmp/nimble_7652/githubcom_miere43autome/.git/config.lock', 0x00000000000001a4)
rename('/tmp/nimble_7652/githubcom_miere43autome/.git/config.lock', '/tmp/nimble_7652/githubcom_miere43autome/.git/config')
link('/tmp/nimble_7652/githubcom_miere43autome/.git/objects/pack/tmp_pack_QCJ9Fy', '/tmp/nimble_7652/githubcom_miere43autome/.git/objects/pack/pack-5f10daeebd90101d36ab4124fd0f1989a4a7add1.pack')
unlink('/tmp/nimble_7652/githubcom_miere43autome/.git/objects/pack/tmp_pack_QCJ9Fy')
link('/tmp/nimble_7652/githubcom_miere43autome/.git/objects/pack/tmp_idx_8xU2fL', '/tmp/nimble_7652/githubcom_miere43autome/.git/objects/pack/pack-5f10daeebd90101d36ab4124fd0f1989a4a7add1.idx')
unlink('/tmp/nimble_7652/githubcom_miere43autome/.git/objects/pack/tmp_idx_8xU2fL')
rename('/tmp/nimble_7652/githubcom_miere43autome/.git/shallow.lock', '/tmp/nimble_7652/githubcom_miere43autome/.git/shallow')
rename('/tmp/nimble_7652/githubcom_miere43autome/.git/packed-refs.new', '/tmp/nimble_7652/githubcom_miere43autome/.git/packed-refs')
unlink('/tmp/nimble_7652/githubcom_miere43autome/.git/packed-refs.lock')
mkdir('/tmp/nimble_7652/githubcom_miere43autome/.git/refs/remotes', 0x00000000000001ff)
mkdir('/tmp/nimble_7652/githubcom_miere43autome/.git/refs/remotes/origin', 0x00000000000001ff)
mkdir('/tmp/nimble_7652/githubcom_miere43autome/.git/logs', 0x00000000000001ff)
mkdir('/tmp/nimble_7652/githubcom_miere43autome/.git/logs/refs', 0x00000000000001ff)
mkdir('/tmp/nimble_7652/githubcom_miere43autome/.git/logs/refs/remotes', 0x00000000000001ff)
mkdir('/tmp/nimble_7652/githubcom_miere43autome/.git/logs/refs/remotes/origin', 0x00000000000001ff)
rename('/tmp/nimble_7652/githubcom_miere43autome/.git/refs/remotes/origin/HEAD.lock', '/tmp/nimble_7652/githubcom_miere43autome/.git/refs/remotes/origin/HEAD')
rename('/tmp/nimble_7652/githubcom_miere43autome/.git/HEAD.lock', '/tmp/nimble_7652/githubcom_miere43autome/.git/HEAD')
mkdir('/tmp/nimble_7652/githubcom_miere43autome/.git/logs/refs/heads', 0x00000000000001ff)
rename('/tmp/nimble_7652/githubcom_miere43autome/.git/refs/heads/master.lock', '/tmp/nimble_7652/githubcom_miere43autome/.git/refs/heads/master')
unlink('/tmp/nimble_7652/githubcom_miere43autome/.git/HEAD.lock')
chmod('/tmp/nimble_7652/githubcom_miere43autome/.git/config.lock', 0x00000000000001a4)
rename('/tmp/nimble_7652/githubcom_miere43autome/.git/config.lock', '/tmp/nimble_7652/githubcom_miere43autome/.git/config')
chmod('/tmp/nimble_7652/githubcom_miere43autome/.git/config.lock', 0x00000000000001a4)
rename('/tmp/nimble_7652/githubcom_miere43autome/.git/config.lock', '/tmp/nimble_7652/githubcom_miere43autome/.git/config')
unlink('/tmp/nimble_7652/githubcom_miere43autome/.git/objects/pack/pack-5f10daeebd90101d36ab4124fd0f1989a4a7add1.keep')
mkdir('private', 0x00000000000001ff)
rename('/tmp/nimble_7652/githubcom_miere43autome/.git/index.lock', '/tmp/nimble_7652/githubcom_miere43autome/.git/index')
mkdir('/tmp', 0x00000000000001ff)
mkdir('/tmp/nimblecache', 0x00000000000001ff)
mkdir('/tmp/nimblecache/autome_1358016068', 0x00000000000001ff)
unlink('/tmp/nimblecache/autome_1358016068/autome.ini')
unlink('/tmp/nimble_7652.out')
unlink('/tmp/nimble_7652/githubcom_miere43autome/autome_7652.nims')
mkdir('/home', 0x00000000000001ff)
mkdir('/home/runner', 0x00000000000001ff)
mkdir('/home/runner/.nimble', 0x00000000000001ff)
mkdir('/home/runner/.nimble/pkgs', 0x00000000000001ff)
mkdir('/home/runner/.nimble/pkgs/autome-0.1.2', 0x00000000000001ff)
mkdir('/home', 0x00000000000001ff)
mkdir('/home/runner', 0x00000000000001ff)
mkdir('/home/runner/.nimble', 0x00000000000001ff)
mkdir('/home/runner/.nimble/pkgs', 0x00000000000001ff)
mkdir('/home/runner/.nimble/pkgs/autome-0.1.2', 0x00000000000001ff)
chmod('/home/runner/.nimble/pkgs/autome-0.1.2/autome.nim', 0x00000000000001a4)
chmod('/home/runner/.nimble/pkgs/autome-0.1.2/autome.nimble', 0x00000000000001a4)
mkdir('/tmp', 0x00000000000001ff)
mkdir('/tmp/nimblecache', 0x00000000000001ff)
mkdir('/tmp/nimblecache/autome_941893940', 0x00000000000001ff)
unlink('/tmp/nimblecache/autome_941893940/autome.ini')
unlink('/tmp/nimble_7652.out')
unlink('/home/runner/.nimble/pkgs/autome-0.1.2/autome_7652.nims')
unlink('/tmp/nimble_7652/githubcom_miere43autome/.editorconfig')
unlink('/tmp/nimble_7652/githubcom_miere43autome/.gitignore')
unlink('/tmp/nimble_7652/githubcom_miere43autome/autome.nim')
unlink('/tmp/nimble_7652/githubcom_miere43autome/private/imports.nim')
unlink('/tmp/nimble_7652/githubcom_miere43autome/private/common.nim')
unlink('/tmp/nimble_7652/githubcom_miere43autome/private/virtualkeycodes.nim')
unlink('/tmp/nimble_7652/githubcom_miere43autome/private/hotkey.nim')
unlink('/tmp/nimble_7652/githubcom_miere43autome/private/keyboard.nim')
unlink('/tmp/nimble_7652/githubcom_miere43autome/private/window.nim')
unlink('/tmp/nimble_7652/githubcom_miere43autome/private/mouse.nim')
unlink('/tmp/nimble_7652/githubcom_miere43autome/private/notify.nim')
rmdir('/tmp/nimble_7652/githubcom_miere43autome/private')
unlink('/tmp/nimble_7652/githubcom_miere43autome/LICENSE')
unlink('/tmp/nimble_7652/githubcom_miere43autome/.git/HEAD')
unlink('/tmp/nimble_7652/githubcom_miere43autome/.git/config')
unlink('/tmp/nimble_7652/githubcom_miere43autome/.git/logs/HEAD')
unlink('/tmp/nimble_7652/githubcom_miere43autome/.git/logs/refs/heads/master')
rmdir('/tmp/nimble_7652/githubcom_miere43autome/.git/logs/refs/heads')
unlink('/tmp/nimble_7652/githubcom_miere43autome/.git/logs/refs/remotes/origin/HEAD')
rmdir('/tmp/nimble_7652/githubcom_miere43autome/.git/logs/refs/remotes/origin')
rmdir('/tmp/nimble_7652/githubcom_miere43autome/.git/logs/refs/remotes')
rmdir('/tmp/nimble_7652/githubcom_miere43autome/.git/logs/refs')
rmdir('/tmp/nimble_7652/githubcom_miere43autome/.git/logs')
rmdir('/tmp/nimble_7652/githubcom_miere43autome/.git/branches')
unlink('/tmp/nimble_7652/githubcom_miere43autome/.git/packed-refs')
unlink('/tmp/nimble_7652/githubcom_miere43autome/.git/refs/heads/master')
rmdir('/tmp/nimble_7652/githubcom_miere43autome/.git/refs/heads')
rmdir('/tmp/nimble_7652/githubcom_miere43autome/.git/refs/tags')
unlink('/tmp/nimble_7652/githubcom_miere43autome/.git/refs/remotes/origin/HEAD')
rmdir('/tmp/nimble_7652/githubcom_miere43autome/.git/refs/remotes/origin')
rmdir('/tmp/nimble_7652/githubcom_miere43autome/.git/refs/remotes')
rmdir('/tmp/nimble_7652/githubcom_miere43autome/.git/refs')
unlink('/tmp/nimble_7652/githubcom_miere43autome/.git/hooks/fsmonitor-watchman.sample')
unlink('/tmp/nimble_7652/githubcom_miere43autome/.git/hooks/pre-rebase.sample')
unlink('/tmp/nimble_7652/githubcom_miere43autome/.git/hooks/pre-push.sample')
unlink('/tmp/nimble_7652/githubcom_miere43autome/.git/hooks/pre-applypatch.sample')
unlink('/tmp/nimble_7652/githubcom_miere43autome/.git/hooks/pre-receive.sample')
unlink('/tmp/nimble_7652/githubcom_miere43autome/.git/hooks/commit-msg.sample')
unlink('/tmp/nimble_7652/githubcom_miere43autome/.git/hooks/pre-merge-commit.sample')
unlink('/tmp/nimble_7652/githubcom_miere43autome/.git/hooks/prepare-commit-msg.sample')
unlink('/tmp/nimble_7652/githubcom_miere43autome/.git/hooks/pre-commit.sample')
unlink('/tmp/nimble_7652/githubcom_miere43autome/.git/hooks/update.sample')
unlink('/tmp/nimble_7652/githubcom_miere43autome/.git/hooks/applypatch-msg.sample')
unlink('/tmp/nimble_7652/githubcom_miere43autome/.git/hooks/post-update.sample')
rmdir('/tmp/nimble_7652/githubcom_miere43autome/.git/hooks')
unlink('/tmp/nimble_7652/githubcom_miere43autome/.git/index')
unlink('/tmp/nimble_7652/githubcom_miere43autome/.git/info/exclude')
rmdir('/tmp/nimble_7652/githubcom_miere43autome/.git/info')
unlink('/tmp/nimble_7652/githubcom_miere43autome/.git/shallow')
unlink('/tmp/nimble_7652/githubcom_miere43autome/.git/description')
unlink('/tmp/nimble_7652/githubcom_miere43autome/.git/objects/pack/pack-5f10daeebd90101d36ab4124fd0f1989a4a7add1.idx')
unlink('/tmp/nimble_7652/githubcom_miere43autome/.git/objects/pack/pack-5f10daeebd90101d36ab4124fd0f1989a4a7add1.pack')
rmdir('/tmp/nimble_7652/githubcom_miere43autome/.git/objects/pack')
rmdir('/tmp/nimble_7652/githubcom_miere43autome/.git/objects/info')
rmdir('/tmp/nimble_7652/githubcom_miere43autome/.git/objects')
rmdir('/tmp/nimble_7652/githubcom_miere43autome/.git')
unlink('/tmp/nimble_7652/githubcom_miere43autome/autome.nimble')
unlink('/tmp/nimble_7652/githubcom_miere43autome/README.md')
rmdir('/tmp/nimble_7652/githubcom_miere43autome')
rmdir('/tmp/nimble_7652')
  create directory /tmp
  create directory /tmp/nimble_7652
  create directory /tmp/nimble_7652/githubcom_miere43autome
  delete /tmp/nimble_7652/githubcom_miere43autome
  create directory /tmp/nimble_7652/githubcom_miere43autome
  create directory /tmp/nimble_7652/githubcom_miere43autome/.git
  create directory /tmp/nimble_7652/githubcom_miere43autome/.git
  create directory /tmp/nimble_7652/githubcom_miere43autome/.git/branches
  create directory /tmp/nimble_7652/githubcom_miere43autome/.git/hooks
  create directory /tmp/nimble_7652/githubcom_miere43autome/.git/info
  create directory /tmp/nimble_7652/githubcom_miere43autome/.git/refs
  create directory /tmp/nimble_7652/githubcom_miere43autome/.git/refs/heads
  create directory /tmp/nimble_7652/githubcom_miere43autome/.git/refs/tags
  rename /tmp/nimble_7652/githubcom_miere43autome/.git/HEAD.lock to HEAD
  rename /tmp/nimble_7652/githubcom_miere43autome/.git/config.lock to config
  change permissions of /tmp/nimble_7652/githubcom_miere43autome/.git/config to rwxr--r--
  change permissions of /tmp/nimble_7652/githubcom_miere43autome/.git/config to rw-r--r--
  change permissions of /tmp/nimble_7652/githubcom_miere43autome/.git/config.lock to rw-r--r--
  rename /tmp/nimble_7652/githubcom_miere43autome/.git/config.lock to config
  change permissions of /tmp/nimble_7652/githubcom_miere43autome/.git/config.lock to rw-r--r--
  rename /tmp/nimble_7652/githubcom_miere43autome/.git/config.lock to config
  change permissions of /tmp/nimble_7652/githubcom_miere43autome/.git/config.lock to rw-r--r--
  rename /tmp/nimble_7652/githubcom_miere43autome/.git/config.lock to config
  delete /tmp/nimble_7652/githubcom_miere43autome/.git/tpzkstN
  create symbolic link from /tmp/nimble_7652/githubcom_miere43autome/.git/tpzkstN to /home/runner/work/nim_packages_security_audit/nim_packages_security_audit/testing
  delete /tmp/nimble_7652/githubcom_miere43autome/.git/tpzkstN
  create directory /tmp/nimble_7652/githubcom_miere43autome/.git/objects
  create directory /tmp/nimble_7652/githubcom_miere43autome/.git/objects/pack
  create directory /tmp/nimble_7652/githubcom_miere43autome/.git/objects/info
  change permissions of /tmp/nimble_7652/githubcom_miere43autome/.git/config.lock to rw-r--r--
  rename /tmp/nimble_7652/githubcom_miere43autome/.git/config.lock to config
  change permissions of /tmp/nimble_7652/githubcom_miere43autome/.git/config.lock to rw-r--r--
  rename /tmp/nimble_7652/githubcom_miere43autome/.git/config.lock to config
  change permissions of /tmp/nimble_7652/githubcom_miere43autome/.git/config.lock to rw-r--r--
  rename /tmp/nimble_7652/githubcom_miere43autome/.git/config.lock to config
  create hard link from /tmp/nimble_7652/githubcom_miere43autome/.git/objects/pack/pack-5f10daeebd90101d36ab4124fd0f1989a4a7add1.pack to /tmp/nimble_7652/githubcom_miere43autome/.git/objects/pack/tmp_pack_QCJ9Fy
  delete /tmp/nimble_7652/githubcom_miere43autome/.git/objects/pack/tmp_pack_QCJ9Fy
  create hard link from /tmp/nimble_7652/githubcom_miere43autome/.git/objects/pack/pack-5f10daeebd90101d36ab4124fd0f1989a4a7add1.idx to /tmp/nimble_7652/githubcom_miere43autome/.git/objects/pack/tmp_idx_8xU2fL
  delete /tmp/nimble_7652/githubcom_miere43autome/.git/objects/pack/tmp_idx_8xU2fL
  rename /tmp/nimble_7652/githubcom_miere43autome/.git/shallow.lock to shallow
  rename /tmp/nimble_7652/githubcom_miere43autome/.git/packed-refs.new to packed-refs
  delete /tmp/nimble_7652/githubcom_miere43autome/.git/packed-refs.lock
  create directory /tmp/nimble_7652/githubcom_miere43autome/.git/refs/remotes
  create directory /tmp/nimble_7652/githubcom_miere43autome/.git/refs/remotes/origin
  create directory /tmp/nimble_7652/githubcom_miere43autome/.git/logs
  create directory /tmp/nimble_7652/githubcom_miere43autome/.git/logs/refs
  create directory /tmp/nimble_7652/githubcom_miere43autome/.git/logs/refs/remotes
  create directory /tmp/nimble_7652/githubcom_miere43autome/.git/logs/refs/remotes/origin
  rename /tmp/nimble_7652/githubcom_miere43autome/.git/refs/remotes/origin/HEAD.lock to HEAD
  rename /tmp/nimble_7652/githubcom_miere43autome/.git/HEAD.lock to HEAD
  create directory /tmp/nimble_7652/githubcom_miere43autome/.git/logs/refs/heads
  rename /tmp/nimble_7652/githubcom_miere43autome/.git/refs/heads/master.lock to master
  delete /tmp/nimble_7652/githubcom_miere43autome/.git/HEAD.lock
  change permissions of /tmp/nimble_7652/githubcom_miere43autome/.git/config.lock to rw-r--r--
  rename /tmp/nimble_7652/githubcom_miere43autome/.git/config.lock to config
  change permissions of /tmp/nimble_7652/githubcom_miere43autome/.git/config.lock to rw-r--r--
  rename /tmp/nimble_7652/githubcom_miere43autome/.git/config.lock to config
  delete /tmp/nimble_7652/githubcom_miere43autome/.git/objects/pack/pack-5f10daeebd90101d36ab4124fd0f1989a4a7add1.keep
  create directory /tmp/nimble_7652/githubcom_miere43autome/private
  rename /tmp/nimble_7652/githubcom_miere43autome/.git/index.lock to index
  create directory /tmp
  create directory /tmp/nimblecache
  create directory /tmp/nimblecache/autome_1358016068
  delete /tmp/nimblecache/autome_1358016068/autome.ini
  delete /tmp/nimble_7652.out
  delete /tmp/nimble_7652/githubcom_miere43autome/autome_7652.nims
  create directory /home
  create directory /home/runner
  create directory /home/runner/.nimble
  create directory /home/runner/.nimble/pkgs
  create directory /home/runner/.nimble/pkgs/autome-0.1.2
  create directory /home
  create directory /home/runner
  create directory /home/runner/.nimble
  create directory /home/runner/.nimble/pkgs
  create directory /home/runner/.nimble/pkgs/autome-0.1.2
  change permissions of /home/runner/.nimble/pkgs/autome-0.1.2/autome.nim to rw-r--r--
  change permissions of /home/runner/.nimble/pkgs/autome-0.1.2/autome.nimble to rw-r--r--
  create directory /tmp
  create directory /tmp/nimblecache
  create directory /tmp/nimblecache/autome_941893940
  delete /tmp/nimblecache/autome_941893940/autome.ini
  delete /tmp/nimble_7652.out
  delete /home/runner/.nimble/pkgs/autome-0.1.2/autome_7652.nims
  delete /tmp/nimble_7652/githubcom_miere43autome/.editorconfig
  delete /tmp/nimble_7652/githubcom_miere43autome/.gitignore
  delete /tmp/nimble_7652/githubcom_miere43autome/autome.nim
  delete /tmp/nimble_7652/githubcom_miere43autome/private/imports.nim
  delete /tmp/nimble_7652/githubcom_miere43autome/private/common.nim
  delete /tmp/nimble_7652/githubcom_miere43autome/private/virtualkeycodes.nim
  delete /tmp/nimble_7652/githubcom_miere43autome/private/hotkey.nim
  delete /tmp/nimble_7652/githubcom_miere43autome/private/keyboard.nim
  delete /tmp/nimble_7652/githubcom_miere43autome/private/window.nim
  delete /tmp/nimble_7652/githubcom_miere43autome/private/mouse.nim
  delete /tmp/nimble_7652/githubcom_miere43autome/private/notify.nim
  delete /tmp/nimble_7652/githubcom_miere43autome/private
  delete /tmp/nimble_7652/githubcom_miere43autome/LICENSE
  delete /tmp/nimble_7652/githubcom_miere43autome/.git/HEAD
  delete /tmp/nimble_7652/githubcom_miere43autome/.git/config
  delete /tmp/nimble_7652/githubcom_miere43autome/.git/logs/HEAD
  delete /tmp/nimble_7652/githubcom_miere43autome/.git/logs/refs/heads/master
  delete /tmp/nimble_7652/githubcom_miere43autome/.git/logs/refs/heads
  delete /tmp/nimble_7652/githubcom_miere43autome/.git/logs/refs/remotes/origin/HEAD
  delete /tmp/nimble_7652/githubcom_miere43autome/.git/logs/refs/remotes/origin
  delete /tmp/nimble_7652/githubcom_miere43autome/.git/logs/refs/remotes
  delete /tmp/nimble_7652/githubcom_miere43autome/.git/logs/refs
  delete /tmp/nimble_7652/githubcom_miere43autome/.git/logs
  delete /tmp/nimble_7652/githubcom_miere43autome/.git/branches
  delete /tmp/nimble_7652/githubcom_miere43autome/.git/packed-refs
  delete /tmp/nimble_7652/githubcom_miere43autome/.git/refs/heads/master
  delete /tmp/nimble_7652/githubcom_miere43autome/.git/refs/heads
  delete /tmp/nimble_7652/githubcom_miere43autome/.git/refs/tags
  delete /tmp/nimble_7652/githubcom_miere43autome/.git/refs/remotes/origin/HEAD
  delete /tmp/nimble_7652/githubcom_miere43autome/.git/refs/remotes/origin
  delete /tmp/nimble_7652/githubcom_miere43autome/.git/refs/remotes
  delete /tmp/nimble_7652/githubcom_miere43autome/.git/refs
  delete /tmp/nimble_7652/githubcom_miere43autome/.git/hooks/fsmonitor-watchman.sample
  delete /tmp/nimble_7652/githubcom_miere43autome/.git/hooks/pre-rebase.sample
  delete /tmp/nimble_7652/githubcom_miere43autome/.git/hooks/pre-push.sample
  delete /tmp/nimble_7652/githubcom_miere43autome/.git/hooks/pre-applypatch.sample
  delete /tmp/nimble_7652/githubcom_miere43autome/.git/hooks/pre-receive.sample
  delete /tmp/nimble_7652/githubcom_miere43autome/.git/hooks/commit-msg.sample
  delete /tmp/nimble_7652/githubcom_miere43autome/.git/hooks/pre-merge-commit.sample
  delete /tmp/nimble_7652/githubcom_miere43autome/.git/hooks/prepare-commit-msg.sample
  delete /tmp/nimble_7652/githubcom_miere43autome/.git/hooks/pre-commit.sample
  delete /tmp/nimble_7652/githubcom_miere43autome/.git/hooks/update.sample
  delete /tmp/nimble_7652/githubcom_miere43autome/.git/hooks/applypatch-msg.sample
  delete /tmp/nimble_7652/githubcom_miere43autome/.git/hooks/post-update.sample
  delete /tmp/nimble_7652/githubcom_miere43autome/.git/hooks
  delete /tmp/nimble_7652/githubcom_miere43autome/.git/index
  delete /tmp/nimble_7652/githubcom_miere43autome/.git/info/exclude
  delete /tmp/nimble_7652/githubcom_miere43autome/.git/info
  delete /tmp/nimble_7652/githubcom_miere43autome/.git/shallow
  delete /tmp/nimble_7652/githubcom_miere43autome/.git/description
  delete /tmp/nimble_7652/githubcom_miere43autome/.git/objects/pack/pack-5f10daeebd90101d36ab4124fd0f1989a4a7add1.idx
  delete /tmp/nimble_7652/githubcom_miere43autome/.git/objects/pack/pack-5f10daeebd90101d36ab4124fd0f1989a4a7add1.pack
  delete /tmp/nimble_7652/githubcom_miere43autome/.git/objects/pack
  delete /tmp/nimble_7652/githubcom_miere43autome/.git/objects/info
  delete /tmp/nimble_7652/githubcom_miere43autome/.git/objects
  delete /tmp/nimble_7652/githubcom_miere43autome/.git
  delete /tmp/nimble_7652/githubcom_miere43autome/autome.nimble
  delete /tmp/nimble_7652/githubcom_miere43autome/README.md
  delete /tmp/nimble_7652/githubcom_miere43autome
  delete /tmp/nimble_7652
