    Reading official package list
Downloading https://github.com/kijowski/autotyper using git
    Cloning latest tagged version: v0.2.0
  Verifying dependencies for autotyper@0.2.0
    Reading official package list
   Checking for cligen@any version
 Installing cligen@any version
    Reading official package list
Downloading https://github.com/c-blake/cligen.git using git
    Cloning latest tagged version: v1.0.0
mkdir('/tmp', 0x00000000000001ff)
mkdir('/tmp/nimble_15598', 0x00000000000001ff)
mkdir('/tmp/nimble_15598/githubcom_kijowskiautotyper', 0x00000000000001ff)
rmdir('/tmp/nimble_15598/githubcom_kijowskiautotyper')
mkdir('/tmp/nimble_15598/githubcom_kijowskiautotyper', 0x00000000000001ff)
mkdir('/tmp/nimble_15598/githubcom_kijowskiautotyper/.git', 0x00000000000001ff)
mkdir('/tmp/nimble_15598/githubcom_kijowskiautotyper/.git/', 0x00000000000001ff)
mkdir('/tmp/nimble_15598/githubcom_kijowskiautotyper/.git/branches/', 0x00000000000001ff)
mkdir('/tmp/nimble_15598/githubcom_kijowskiautotyper/.git/hooks/', 0x00000000000001ff)
mkdir('/tmp/nimble_15598/githubcom_kijowskiautotyper/.git/info/', 0x00000000000001ff)
mkdir('/tmp/nimble_15598/githubcom_kijowskiautotyper/.git/refs', 0x00000000000001ff)
mkdir('/tmp/nimble_15598/githubcom_kijowskiautotyper/.git/refs/heads', 0x00000000000001ff)
mkdir('/tmp/nimble_15598/githubcom_kijowskiautotyper/.git/refs/tags', 0x00000000000001ff)
rename('/tmp/nimble_15598/githubcom_kijowskiautotyper/.git/HEAD.lock', '/tmp/nimble_15598/githubcom_kijowskiautotyper/.git/HEAD')
rename('/tmp/nimble_15598/githubcom_kijowskiautotyper/.git/config.lock', '/tmp/nimble_15598/githubcom_kijowskiautotyper/.git/config')
chmod('/tmp/nimble_15598/githubcom_kijowskiautotyper/.git/config', 0x00000000000081e4)
chmod('/tmp/nimble_15598/githubcom_kijowskiautotyper/.git/config', 0x00000000000081a4)
chmod('/tmp/nimble_15598/githubcom_kijowskiautotyper/.git/config.lock', 0x00000000000001a4)
rename('/tmp/nimble_15598/githubcom_kijowskiautotyper/.git/config.lock', '/tmp/nimble_15598/githubcom_kijowskiautotyper/.git/config')
chmod('/tmp/nimble_15598/githubcom_kijowskiautotyper/.git/config.lock', 0x00000000000001a4)
rename('/tmp/nimble_15598/githubcom_kijowskiautotyper/.git/config.lock', '/tmp/nimble_15598/githubcom_kijowskiautotyper/.git/config')
chmod('/tmp/nimble_15598/githubcom_kijowskiautotyper/.git/config.lock', 0x00000000000001a4)
rename('/tmp/nimble_15598/githubcom_kijowskiautotyper/.git/config.lock', '/tmp/nimble_15598/githubcom_kijowskiautotyper/.git/config')
unlink('/tmp/nimble_15598/githubcom_kijowskiautotyper/.git/tAwQcrQ')
symlink('testing', '/tmp/nimble_15598/githubcom_kijowskiautotyper/.git/tAwQcrQ')
unlink('/tmp/nimble_15598/githubcom_kijowskiautotyper/.git/tAwQcrQ')
mkdir('/tmp/nimble_15598/githubcom_kijowskiautotyper/.git/objects', 0x00000000000001ff)
mkdir('/tmp/nimble_15598/githubcom_kijowskiautotyper/.git/objects/pack', 0x00000000000001ff)
mkdir('/tmp/nimble_15598/githubcom_kijowskiautotyper/.git/objects/info', 0x00000000000001ff)
chmod('/tmp/nimble_15598/githubcom_kijowskiautotyper/.git/config.lock', 0x00000000000001a4)
rename('/tmp/nimble_15598/githubcom_kijowskiautotyper/.git/config.lock', '/tmp/nimble_15598/githubcom_kijowskiautotyper/.git/config')
chmod('/tmp/nimble_15598/githubcom_kijowskiautotyper/.git/config.lock', 0x00000000000001a4)
rename('/tmp/nimble_15598/githubcom_kijowskiautotyper/.git/config.lock', '/tmp/nimble_15598/githubcom_kijowskiautotyper/.git/config')
chmod('/tmp/nimble_15598/githubcom_kijowskiautotyper/.git/config.lock', 0x00000000000001a4)
rename('/tmp/nimble_15598/githubcom_kijowskiautotyper/.git/config.lock', '/tmp/nimble_15598/githubcom_kijowskiautotyper/.git/config')
link('/tmp/nimble_15598/githubcom_kijowskiautotyper/.git/objects/pack/tmp_pack_rAxXKm', '/tmp/nimble_15598/githubcom_kijowskiautotyper/.git/objects/pack/pack-0aabaf7059a3ff6459c0425689bffaf0b5171653.pack')
unlink('/tmp/nimble_15598/githubcom_kijowskiautotyper/.git/objects/pack/tmp_pack_rAxXKm')
link('/tmp/nimble_15598/githubcom_kijowskiautotyper/.git/objects/pack/tmp_idx_D6ginx', '/tmp/nimble_15598/githubcom_kijowskiautotyper/.git/objects/pack/pack-0aabaf7059a3ff6459c0425689bffaf0b5171653.idx')
unlink('/tmp/nimble_15598/githubcom_kijowskiautotyper/.git/objects/pack/tmp_idx_D6ginx')
rename('/tmp/nimble_15598/githubcom_kijowskiautotyper/.git/shallow.lock', '/tmp/nimble_15598/githubcom_kijowskiautotyper/.git/shallow')
rename('/tmp/nimble_15598/githubcom_kijowskiautotyper/.git/packed-refs.new', '/tmp/nimble_15598/githubcom_kijowskiautotyper/.git/packed-refs')
unlink('/tmp/nimble_15598/githubcom_kijowskiautotyper/.git/packed-refs.lock')
unlink('/tmp/nimble_15598/githubcom_kijowskiautotyper/.git/refs/tags/v0.2.0.lock')
mkdir('/tmp/nimble_15598/githubcom_kijowskiautotyper/.git/logs', 0x00000000000001ff)
rename('/tmp/nimble_15598/githubcom_kijowskiautotyper/.git/HEAD.lock', '/tmp/nimble_15598/githubcom_kijowskiautotyper/.git/HEAD')
unlink('/tmp/nimble_15598/githubcom_kijowskiautotyper/.git/objects/pack/pack-0aabaf7059a3ff6459c0425689bffaf0b5171653.keep')
mkdir('src', 0x00000000000001ff)
mkdir('src/autotyperpkg', 0x00000000000001ff)
mkdir('tests', 0x00000000000001ff)
rename('/tmp/nimble_15598/githubcom_kijowskiautotyper/.git/index.lock', '/tmp/nimble_15598/githubcom_kijowskiautotyper/.git/index')
mkdir('/tmp', 0x00000000000001ff)
mkdir('/tmp/nimblecache', 0x00000000000001ff)
mkdir('/tmp/nimblecache/autotyper_4285295051', 0x00000000000001ff)
unlink('/tmp/nimblecache/autotyper_4285295051/autotyper.ini')
unlink('/tmp/nimble_15598.out')
unlink('/tmp/nimble_15598/githubcom_kijowskiautotyper/autotyper_15598.nims')
mkdir('/tmp', 0x00000000000001ff)
mkdir('/tmp/nimble_15598', 0x00000000000001ff)
mkdir('/tmp/nimble_15598/githubcom_cblakecligengit', 0x00000000000001ff)
rmdir('/tmp/nimble_15598/githubcom_cblakecligengit')
mkdir('/tmp/nimble_15598/githubcom_cblakecligengit', 0x00000000000001ff)
mkdir('/tmp/nimble_15598/githubcom_cblakecligengit/.git', 0x00000000000001ff)
mkdir('/tmp/nimble_15598/githubcom_cblakecligengit/.git/', 0x00000000000001ff)
mkdir('/tmp/nimble_15598/githubcom_cblakecligengit/.git/branches/', 0x00000000000001ff)
mkdir('/tmp/nimble_15598/githubcom_cblakecligengit/.git/hooks/', 0x00000000000001ff)
mkdir('/tmp/nimble_15598/githubcom_cblakecligengit/.git/info/', 0x00000000000001ff)
mkdir('/tmp/nimble_15598/githubcom_cblakecligengit/.git/refs', 0x00000000000001ff)
mkdir('/tmp/nimble_15598/githubcom_cblakecligengit/.git/refs/heads', 0x00000000000001ff)
mkdir('/tmp/nimble_15598/githubcom_cblakecligengit/.git/refs/tags', 0x00000000000001ff)
rename('/tmp/nimble_15598/githubcom_cblakecligengit/.git/HEAD.lock', '/tmp/nimble_15598/githubcom_cblakecligengit/.git/HEAD')
rename('/tmp/nimble_15598/githubcom_cblakecligengit/.git/config.lock', '/tmp/nimble_15598/githubcom_cblakecligengit/.git/config')
chmod('/tmp/nimble_15598/githubcom_cblakecligengit/.git/config', 0x00000000000081e4)
chmod('/tmp/nimble_15598/githubcom_cblakecligengit/.git/config', 0x00000000000081a4)
chmod('/tmp/nimble_15598/githubcom_cblakecligengit/.git/config.lock', 0x00000000000001a4)
rename('/tmp/nimble_15598/githubcom_cblakecligengit/.git/config.lock', '/tmp/nimble_15598/githubcom_cblakecligengit/.git/config')
chmod('/tmp/nimble_15598/githubcom_cblakecligengit/.git/config.lock', 0x00000000000001a4)
rename('/tmp/nimble_15598/githubcom_cblakecligengit/.git/config.lock', '/tmp/nimble_15598/githubcom_cblakecligengit/.git/config')
chmod('/tmp/nimble_15598/githubcom_cblakecligengit/.git/config.lock', 0x00000000000001a4)
rename('/tmp/nimble_15598/githubcom_cblakecligengit/.git/config.lock', '/tmp/nimble_15598/githubcom_cblakecligengit/.git/config')
unlink('/tmp/nimble_15598/githubcom_cblakecligengit/.git/t98nxoV')
symlink('testing', '/tmp/nimble_15598/githubcom_cblakecligengit/.git/t98nxoV')
unlink('/tmp/nimble_15598/githubcom_cblakecligengit/.git/t98nxoV')
mkdir('/tmp/nimble_15598/githubcom_cblakecligengit/.git/objects', 0x00000000000001ff)
mkdir('/tmp/nimble_15598/githubcom_cblakecligengit/.git/objects/pack', 0x00000000000001ff)
mkdir('/tmp/nimble_15598/githubcom_cblakecligengit/.git/objects/info', 0x00000000000001ff)
chmod('/tmp/nimble_15598/githubcom_cblakecligengit/.git/config.lock', 0x00000000000001a4)
rename('/tmp/nimble_15598/githubcom_cblakecligengit/.git/config.lock', '/tmp/nimble_15598/githubcom_cblakecligengit/.git/config')
chmod('/tmp/nimble_15598/githubcom_cblakecligengit/.git/config.lock', 0x00000000000001a4)
rename('/tmp/nimble_15598/githubcom_cblakecligengit/.git/config.lock', '/tmp/nimble_15598/githubcom_cblakecligengit/.git/config')
chmod('/tmp/nimble_15598/githubcom_cblakecligengit/.git/config.lock', 0x00000000000001a4)       Info /tmp/nimble_15598/githubcom_cblakecligengit/cligen_15598.nims(5, 22) Warning: imported and not used: 'strutils' [UnusedImport]
  Verifying dependencies for cligen@1.0.0
 Installing cligen@1.0.0
    Copying file /tmp/nimble_15598/githubcom_cblakecligengit/cligen.nim to /home/runner/.nimble/pkgs/cligen-1.0.0/cligen.nim
    Copying file /tmp/nimble_15598/githubcom_cblakecligengit/cligen/tab.nim to /home/runner/.nimble/pkgs/cligen-1.0.0/cligen/tab.nim
    Copying file /tmp/nimble_15598/githubcom_cblakecligengit/cligen/argcvt.nim to /home/runner/.nimble/pkgs/cligen-1.0.0/cligen/argcvt.nim
    Copying file /tmp/nimble_15598/githubcom_cblakecligengit/cligen/humanUt.nim to /home/runner/.nimble/pkgs/cligen-1.0.0/cligen/humanUt.nim
    Copying file /tmp/nimble_15598/githubcom_cblakecligengit/cligen/textUt.nim to /home/runner/.nimble/pkgs/cligen-1.0.0/cligen/textUt.nim
    Copying file /tmp/nimble_15598/githubcom_cblakecligengit/cligen/mslice.nim to /home/runner/.nimble/pkgs/cligen-1.0.0/cligen/mslice.nim
    Copying file /tmp/nimble_15598/githubcom_cblakecligengit/cligen/clCfgInit.nim to /home/runner/.nimble/pkgs/cligen-1.0.0/cligen/clCfgInit.nim
    Copying file /tmp/nimble_15598/githubcom_cblakecligengit/cligen/sysUt.nim to /home/runner/.nimble/pkgs/cligen-1.0.0/cligen/sysUt.nim
    Copying file /tmp/nimble_15598/githubcom_cblakecligengit/cligen/tern.nim to /home/runner/.nimble/pkgs/cligen-1.0.0/cligen/tern.nim
    Copying file /tmp/nimble_15598/githubcom_cblakecligengit/cligen/posixUt.nim to /home/runner/.nimble/pkgs/cligen-1.0.0/cligen/posixUt.nim
    Copying file /tmp/nimble_15598/githubcom_cblakecligengit/cligen/mergeCfgEnv.nim to /home/runner/.nimble/pkgs/cligen-1.0.0/cligen/mergeCfgEnv.nim
    Copying file /tmp/nimble_15598/githubcom_cblakecligengit/cligen/unixUt.nim to /home/runner/.nimble/pkgs/cligen-1.0.0/cligen/unixUt.nim
    Copying file /tmp/nimble_15598/githubcom_cblakecligengit/cligen/mergeCfgEnvMulti.nim to /home/runner/.nimble/pkgs/cligen-1.0.0/cligen/mergeCfgEnvMulti.nim
    Copying file /tmp/nimble_15598/githubcom_cblakecligengit/cligen/helpTmpl.nim to /home/runner/.nimble/pkgs/cligen-1.0.0/cligen/helpTmpl.nim

rename('/tmp/nimble_15598/githubcom_cblakecligengit/.git/config.lock', '/tmp/nimble_15598/githubcom_cblakecligengit/.git/config')
link('/tmp/nimble_15598/githubcom_cblakecligengit/.git/objects/pack/tmp_pack_GwWNSb', '/tmp/nimble_15598/githubcom_cblakecligengit/.git/objects/pack/pack-dce576a9028a8173fb757abd10c9cd26655fe8c5.pack')
unlink('/tmp/nimble_15598/githubcom_cblakecligengit/.git/objects/pack/tmp_pack_GwWNSb')
link('/tmp/nimble_15598/githubcom_cblakecligengit/.git/objects/pack/tmp_idx_KY957K', '/tmp/nimble_15598/githubcom_cblakecligengit/.git/objects/pack/pack-dce576a9028a8173fb757abd10c9cd26655fe8c5.idx')
unlink('/tmp/nimble_15598/githubcom_cblakecligengit/.git/objects/pack/tmp_idx_KY957K')
rename('/tmp/nimble_15598/githubcom_cblakecligengit/.git/shallow.lock', '/tmp/nimble_15598/githubcom_cblakecligengit/.git/shallow')
rename('/tmp/nimble_15598/githubcom_cblakecligengit/.git/packed-refs.new', '/tmp/nimble_15598/githubcom_cblakecligengit/.git/packed-refs')
unlink('/tmp/nimble_15598/githubcom_cblakecligengit/.git/packed-refs.lock')
unlink('/tmp/nimble_15598/githubcom_cblakecligengit/.git/refs/tags/v1.0.0.lock')
mkdir('/tmp/nimble_15598/githubcom_cblakecligengit/.git/logs', 0x00000000000001ff)
rename('/tmp/nimble_15598/githubcom_cblakecligengit/.git/HEAD.lock', '/tmp/nimble_15598/githubcom_cblakecligengit/.git/HEAD')
unlink('/tmp/nimble_15598/githubcom_cblakecligengit/.git/objects/pack/pack-dce576a9028a8173fb757abd10c9cd26655fe8c5.keep')
mkdir('cligen', 0x00000000000001ff)
mkdir('configs', 0x00000000000001ff)
mkdir('docs', 0x00000000000001ff)
mkdir('examples', 0x00000000000001ff)
mkdir('test', 0x00000000000001ff)
rename('/tmp/nimble_15598/githubcom_cblakecligengit/.git/index.lock', '/tmp/nimble_15598/githubcom_cblakecligengit/.git/index')
mkdir('/tmp', 0x00000000000001ff)
mkdir('/tmp/nimblecache', 0x00000000000001ff)
mkdir('/tmp/nimblecache/cligen_941365044', 0x00000000000001ff)
unlink('/tmp/nimblecache/cligen_941365044/cligen.ini')
unlink('/tmp/nimble_15598.out')
unlink('/tmp/nimble_15598/githubcom_cblakecligengit/cligen_15598.nims')
mkdir('/home', 0x00000000000001ff)
mkdir('/home/runner', 0x00000000000001ff)
mkdir('/home/runner/.nimble', 0x00000000000001ff)
mkdir('/home/runner/.nimble/pkgs', 0x00000000000001ff)
mkdir('/home/runner/.nimble/pkgs/cligen-1.0.0', 0x00000000000001ff)
mkdir('/home', 0x00000000000001ff)
mkdir('/home/runner', 0x00000000000001ff)
mkdir('/home/runner/.nimble', 0x00000000000001ff)
mkdir('/home/runner/.nimble/pkgs', 0x00000000000001ff)
mkdir('/home/runner/.nimble/pkgs/cligen-1.0.0', 0x00000000000001ff)
chmod('/home/runner/.nimble/pkgs/cligen-1.0.0/cligen.nim', 0x00000000000001a4)
mkdir('/home', 0x00000000000001ff)
mkdir('/home/runner', 0x00000000000001ff)
mkdir('/home/runner/.nimble', 0x00000000000001ff)
mkdir('/home/runner/.nimble/pkgs', 0x00000000000001ff)
mkdir('/home/runner/.nimble/pkgs/cligen-1.0.0', 0x00000000000001ff)
mkdir('/home/runner/.nimble/pkgs/cligen-1.0.0/cligen', 0x00000000000001ff)
chmod('/home/runner/.nimble/pkgs/cligen-1.0.0/cligen/tab.nim', 0x00000000000001a4)
mkdir('/home', 0x00000000000001ff)
mkdir('/home/runner', 0x00000000000001ff)
mkdir('/home/runner/.nimble', 0x00000000000001ff)
mkdir('/home/runner/.nimble/pkgs', 0x00000000000001ff)
mkdir('/home/runner/.nimble/pkgs/cligen-1.0.0', 0x00000000000001ff)
mkdir('/home/runner/.nimble/pkgs/cligen-1.0.0/cligen', 0x00000000000001ff)
chmod('/home/runner/.nimble/pkgs/cligen-1.0.0/cligen/argcvt.nim', 0x00000000000001a4)
mkdir('/home', 0x00000000000001ff)
mkdir('/home/runner', 0x00000000000001ff)
mkdir('/home/runner/.nimble', 0x00000000000001ff)
mkdir('/home/runner/.nimble/pkgs', 0x00000000000001ff)
mkdir('/home/runner/.nimble/pkgs/cligen-1.0.0', 0x00000000000001ff)
mkdir('/home/runner/.nimble/pkgs/cligen-1.0.0/cligen', 0x00000000000001ff)
chmod('/home/runner/.nimble/pkgs/cligen-1.0.0/cligen/humanUt.nim', 0x00000000000001a4)
mkdir('/home', 0x00000000000001ff)
mkdir('/home/runner', 0x00000000000001ff)
mkdir('/home/runner/.nimble', 0x00000000000001ff)
mkdir('/home/runner/.nimble/pkgs', 0x00000000000001ff)
mkdir('/home/runner/.nimble/pkgs/cligen-1.0.0', 0x00000000000001ff)
mkdir('/home/runner/.nimble/pkgs/cligen-1.0.0/cligen', 0x00000000000001ff)
chmod('/home/runner/.nimble/pkgs/cligen-1.0.0/cligen/textUt.nim', 0x00000000000001a4)
mkdir('/home', 0x00000000000001ff)
mkdir('/home/runner', 0x00000000000001ff)
mkdir('/home/runner/.nimble', 0x00000000000001ff)
mkdir('/home/runner/.nimble/pkgs', 0x00000000000001ff)
mkdir('/home/runner/.nimble/pkgs/cligen-1.0.0', 0x00000000000001ff)
mkdir('/home/runner/.nimble/pkgs/cligen-1.0.0/cligen', 0x00000000000001ff)
chmod('/home/runner/.nimble/pkgs/cligen-1.0.0/cligen/mslice.nim', 0x00000000000001a4)
mkdir('/home', 0x00000000000001ff)
mkdir('/home/runner', 0x00000000000001ff)
mkdir('/home/runner/.nimble', 0x00000000000001ff)
mkdir('/home/runner/.nimble/pkgs', 0x00000000000001ff)
mkdir('/home/runner/.nimble/pkgs/cligen-1.0.0', 0x00000000000001ff)
mkdir('/home/runner/.nimble/pkgs/cligen-1.0.0/cligen', 0x00000000000001ff)
chmod('/home/runner/.nimble/pkgs/cligen-1.0.0/cligen/clCfgInit.nim', 0x00000000000001a4)
mkdir('/home', 0x00000000000001ff)
mkdir('/home/runner', 0x00000000000001ff)
mkdir('/home/runner/.nimble', 0x00000000000001ff)
mkdir('/home/runner/.nimble/pkgs', 0x00000000000001ff)
mkdir('/home/runner/.nimble/pkgs/cligen-1.0.0', 0x00000000000001ff)
mkdir('/home/runner/.nimble/pkgs/cligen-1.0.0/cligen', 0x00000000000001ff)
chmod('/home/runner/.nimble/pkgs/cligen-1.0.0/cligen/sysUt.nim', 0x00000000000001a4)
mkdir('/home', 0x00000000000001ff)
mkdir('/home/runner', 0x00000000000001ff)
mkdir('/home/runner/.nimble', 0x00000000000001ff)
mkdir('/home/runner/.nimble/pkgs', 0x00000000000001ff)
mkdir('/home/runner/.nimble/pkgs/cligen-1.0.0', 0x00000000000001ff)
mkdir('/home/runner/.nimble/pkgs/cligen-1.0.0/cligen', 0x00000000000001ff)
chmod('/home/runner/.nimble/pkgs/cligen-1.0.0/cligen/tern.nim', 0x00000000000001a4)
mkdir('/home', 0x00000000000001ff)
mkdir('/home/runner', 0x00000000000001ff)
mkdir('/home/runner/.nimble', 0x00000000000001ff)
mkdir('/home/runner/.nimble/pkgs', 0x00000000000001ff)
mkdir('/home/runner/.nimble/pkgs/cligen-1.0.0', 0x00000000000001ff)
mkdir('/home/runner/.nimble/pkgs/cligen-1.0.0/cligen', 0x00000000000001ff)
chmod('/home/runner/.nimble/pkgs/cligen-1.0.0/cligen/posixUt.nim', 0x00000000000001a4)
mkdir('/home', 0x00000000000001ff)
mkdir('/home/runner', 0x00000000000001ff)
mkdir('/home/runner/.nimble', 0x00000000000001ff)
mkdir('/home/runner/.nimble/pkgs', 0x00000000000001ff)
mkdir('/home/runner/.nimble/pkgs/cligen-1.0.0', 0x00000000000001ff)
mkdir('/home/runner/.nimble/pkgs/cligen-1.0.0/cligen', 0x00000000000001ff)
chmod('/home/runner/.nimble/pkgs/cligen-1.0.0/cligen/mergeCfgEnv.nim', 0x00000000000001a4)
mkdir('/home', 0x00000000000001ff)
mkdir('/home/runner', 0x00000000000001ff)
mkdir('/home/runner/.nimble', 0x00000000000001ff)
mkdir('/home/runner/.nimble/pkgs', 0x00000000000001ff)
mkdir('/home/runner/.nimble/pkgs/cligen-1.0.0', 0x00000000000001ff)
mkdir('/home/runner/.nimble/pkgs/cligen-1.0.0/cligen', 0x00000000000001ff)
chmod('/home/runner/.nimble/pkgs/cligen-1.0.0/cligen/unixUt.nim', 0x00000000000001a4)
mkdir('/home', 0x00000000000001ff)
mkdir('/home/runner', 0x00000000000001ff)
mkdir('/home/runner/.nimble', 0x00000000000001ff)
mkdir('/home/runner/.nimble/pkgs', 0x00000000000001ff)
mkdir('/home/runner/.nimble/pkgs/cligen-1.0.0', 0x00000000000001ff)
mkdir('/home/runner/.nimble/pkgs/cligen-1.0.0/cligen', 0x00000000000001ff)
chmod('/home/runner/.nimble/pkgs/cligen-1.0.0/cligen/mergeCfgEnvMulti.nim', 0x00000000000001a4)
mkdir('/home', 0x00000000000001ff)
mkdir('/home/runner', 0x00000000000001ff)
mkdir('/home/runner/.nimble', 0x00000000000001ff)
mkdir('/home/runner/.nimble/pkgs', 0x00000000000001ff)
mkdir('/home/runner/.nimble/pkgs/cligen-1.0.0', 0x00000000000001ff)
mkdir('/home/runner/.nimble/pkgs/cligen-1.0.0/cligen', 0x00000000000001ff)
chmod('/home/runner/.nimble/pkgs/cligen-1.0.0/cligen/helpTmpl.nim', 0x00000000000001a4)
mkdir('/home', 0x00000000000001ff)
mkdir('/home/runner', 0x00000000000001ff)
mkdir('/home/runner/.nimble', 0x00000000000001ff)
mkdir('/home/runner/.nimble/pkgs', 0x00000000000001ff)    Copying file /tmp/nimble_15598/githubcom_cblakecligengit/cligen/mfile.nim to /home/runner/.nimble/pkgs/cligen-1.0.0/cligen/mfile.nim
    Copying file /tmp/nimble_15598/githubcom_cblakecligengit/cligen/osUt.nim to /home/runner/.nimble/pkgs/cligen-1.0.0/cligen/osUt.nim
    Copying file /tmp/nimble_15598/githubcom_cblakecligengit/cligen/trie.nim to /home/runner/.nimble/pkgs/cligen-1.0.0/cligen/trie.nim
    Copying file /tmp/nimble_15598/githubcom_cblakecligengit/cligen/syntaxHelp.nim to /home/runner/.nimble/pkgs/cligen-1.0.0/cligen/syntaxHelp.nim
    Copying file /tmp/nimble_15598/githubcom_cblakecligengit/cligen/fileUt.nim to /home/runner/.nimble/pkgs/cligen-1.0.0/cligen/fileUt.nim
    Copying file /tmp/nimble_15598/githubcom_cblakecligengit/cligen/magic.nim to /home/runner/.nimble/pkgs/cligen-1.0.0/cligen/magic.nim
    Copying file /tmp/nimble_15598/githubcom_cblakecligengit/cligen/abbrev.nim to /home/runner/.nimble/pkgs/cligen-1.0.0/cligen/abbrev.nim
    Copying file /tmp/nimble_15598/githubcom_cblakecligengit/cligen/strUt.nim to /home/runner/.nimble/pkgs/cligen-1.0.0/cligen/strUt.nim
    Copying file /tmp/nimble_15598/githubcom_cblakecligengit/cligen/macUt.nim to /home/runner/.nimble/pkgs/cligen-1.0.0/cligen/macUt.nim
    Copying file /tmp/nimble_15598/githubcom_cblakecligengit/cligen/parseopt3.nim to /home/runner/.nimble/pkgs/cligen-1.0.0/cligen/parseopt3.nim
    Copying file /tmp/nimble_15598/githubcom_cblakecligengit/cligen/gcarc.nim to /home/runner/.nimble/pkgs/cligen-1.0.0/cligen/gcarc.nim
    Copying file /tmp/nimble_15598/githubcom_cblakecligengit/cligen/clCfgToml.nim to /home/runner/.nimble/pkgs/cligen-1.0.0/cligen/clCfgToml.nim
    Copying file /tmp/nimble_15598/githubcom_cblakecligengit/cligen/mergeCfgEnvMulMul.nim to /home/runner/.nimble/pkgs/cligen-1.0.0/cligen/mergeCfgEnvMulMul.nim
    Copying file /tmp/nimble_15598/githubcom_cblakecligengit/cligen/statx.nim to /home/runner/.nimble/pkgs/cligen-1.0.0/cligen/statx.nim
    Copying file /tmp/nimble_15598/githubcom_cblakecligengit/cligen/cfUt.nim to /home/runner/.nimble/pkgs/cligen-1.0.0/cligen/cfUt.nim
    Copying file /tmp/nimble_15598/githubcom_cblakecligengit/cligen.nimble to /home/runner/.nimble/pkgs/cligen-1.0.0/cligen.nimble
   Success: cligen installed successfully.
       Info /home/runner/.nimble/pkgs/cligen-1.0.0/cligen_15598.nims(5, 22) Warning: imported and not used: 'strutils' [UnusedImport]
 Installing autotyper@0.2.0
   Building autotyper/autotyper using c backend

mkdir('/home/runner/.nimble/pkgs/cligen-1.0.0', 0x00000000000001ff)
mkdir('/home/runner/.nimble/pkgs/cligen-1.0.0/cligen', 0x00000000000001ff)
chmod('/home/runner/.nimble/pkgs/cligen-1.0.0/cligen/mfile.nim', 0x00000000000001a4)
mkdir('/home', 0x00000000000001ff)
mkdir('/home/runner', 0x00000000000001ff)
mkdir('/home/runner/.nimble', 0x00000000000001ff)
mkdir('/home/runner/.nimble/pkgs', 0x00000000000001ff)
mkdir('/home/runner/.nimble/pkgs/cligen-1.0.0', 0x00000000000001ff)
mkdir('/home/runner/.nimble/pkgs/cligen-1.0.0/cligen', 0x00000000000001ff)
chmod('/home/runner/.nimble/pkgs/cligen-1.0.0/cligen/osUt.nim', 0x00000000000001a4)
mkdir('/home', 0x00000000000001ff)
mkdir('/home/runner', 0x00000000000001ff)
mkdir('/home/runner/.nimble', 0x00000000000001ff)
mkdir('/home/runner/.nimble/pkgs', 0x00000000000001ff)
mkdir('/home/runner/.nimble/pkgs/cligen-1.0.0', 0x00000000000001ff)
mkdir('/home/runner/.nimble/pkgs/cligen-1.0.0/cligen', 0x00000000000001ff)
chmod('/home/runner/.nimble/pkgs/cligen-1.0.0/cligen/trie.nim', 0x00000000000001a4)
mkdir('/home', 0x00000000000001ff)
mkdir('/home/runner', 0x00000000000001ff)
mkdir('/home/runner/.nimble', 0x00000000000001ff)
mkdir('/home/runner/.nimble/pkgs', 0x00000000000001ff)
mkdir('/home/runner/.nimble/pkgs/cligen-1.0.0', 0x00000000000001ff)
mkdir('/home/runner/.nimble/pkgs/cligen-1.0.0/cligen', 0x00000000000001ff)
chmod('/home/runner/.nimble/pkgs/cligen-1.0.0/cligen/syntaxHelp.nim', 0x00000000000001a4)
mkdir('/home', 0x00000000000001ff)
mkdir('/home/runner', 0x00000000000001ff)
mkdir('/home/runner/.nimble', 0x00000000000001ff)
mkdir('/home/runner/.nimble/pkgs', 0x00000000000001ff)
mkdir('/home/runner/.nimble/pkgs/cligen-1.0.0', 0x00000000000001ff)
mkdir('/home/runner/.nimble/pkgs/cligen-1.0.0/cligen', 0x00000000000001ff)
chmod('/home/runner/.nimble/pkgs/cligen-1.0.0/cligen/fileUt.nim', 0x00000000000001a4)
mkdir('/home', 0x00000000000001ff)
mkdir('/home/runner', 0x00000000000001ff)
mkdir('/home/runner/.nimble', 0x00000000000001ff)
mkdir('/home/runner/.nimble/pkgs', 0x00000000000001ff)
mkdir('/home/runner/.nimble/pkgs/cligen-1.0.0', 0x00000000000001ff)
mkdir('/home/runner/.nimble/pkgs/cligen-1.0.0/cligen', 0x00000000000001ff)
chmod('/home/runner/.nimble/pkgs/cligen-1.0.0/cligen/magic.nim', 0x00000000000001a4)
mkdir('/home', 0x00000000000001ff)
mkdir('/home/runner', 0x00000000000001ff)
mkdir('/home/runner/.nimble', 0x00000000000001ff)
mkdir('/home/runner/.nimble/pkgs', 0x00000000000001ff)
mkdir('/home/runner/.nimble/pkgs/cligen-1.0.0', 0x00000000000001ff)
mkdir('/home/runner/.nimble/pkgs/cligen-1.0.0/cligen', 0x00000000000001ff)
chmod('/home/runner/.nimble/pkgs/cligen-1.0.0/cligen/abbrev.nim', 0x00000000000001a4)
mkdir('/home', 0x00000000000001ff)
mkdir('/home/runner', 0x00000000000001ff)
mkdir('/home/runner/.nimble', 0x00000000000001ff)
mkdir('/home/runner/.nimble/pkgs', 0x00000000000001ff)
mkdir('/home/runner/.nimble/pkgs/cligen-1.0.0', 0x00000000000001ff)
mkdir('/home/runner/.nimble/pkgs/cligen-1.0.0/cligen', 0x00000000000001ff)
chmod('/home/runner/.nimble/pkgs/cligen-1.0.0/cligen/strUt.nim', 0x00000000000001a4)
mkdir('/home', 0x00000000000001ff)
mkdir('/home/runner', 0x00000000000001ff)
mkdir('/home/runner/.nimble', 0x00000000000001ff)
mkdir('/home/runner/.nimble/pkgs', 0x00000000000001ff)
mkdir('/home/runner/.nimble/pkgs/cligen-1.0.0', 0x00000000000001ff)
mkdir('/home/runner/.nimble/pkgs/cligen-1.0.0/cligen', 0x00000000000001ff)
chmod('/home/runner/.nimble/pkgs/cligen-1.0.0/cligen/macUt.nim', 0x00000000000001a4)
mkdir('/home', 0x00000000000001ff)
mkdir('/home/runner', 0x00000000000001ff)
mkdir('/home/runner/.nimble', 0x00000000000001ff)
mkdir('/home/runner/.nimble/pkgs', 0x00000000000001ff)
mkdir('/home/runner/.nimble/pkgs/cligen-1.0.0', 0x00000000000001ff)
mkdir('/home/runner/.nimble/pkgs/cligen-1.0.0/cligen', 0x00000000000001ff)
chmod('/home/runner/.nimble/pkgs/cligen-1.0.0/cligen/parseopt3.nim', 0x00000000000001a4)
mkdir('/home', 0x00000000000001ff)
mkdir('/home/runner', 0x00000000000001ff)
mkdir('/home/runner/.nimble', 0x00000000000001ff)
mkdir('/home/runner/.nimble/pkgs', 0x00000000000001ff)
mkdir('/home/runner/.nimble/pkgs/cligen-1.0.0', 0x00000000000001ff)
mkdir('/home/runner/.nimble/pkgs/cligen-1.0.0/cligen', 0x00000000000001ff)
chmod('/home/runner/.nimble/pkgs/cligen-1.0.0/cligen/gcarc.nim', 0x00000000000001a4)
mkdir('/home', 0x00000000000001ff)
mkdir('/home/runner', 0x00000000000001ff)
mkdir('/home/runner/.nimble', 0x00000000000001ff)
mkdir('/home/runner/.nimble/pkgs', 0x00000000000001ff)
mkdir('/home/runner/.nimble/pkgs/cligen-1.0.0', 0x00000000000001ff)
mkdir('/home/runner/.nimble/pkgs/cligen-1.0.0/cligen', 0x00000000000001ff)
chmod('/home/runner/.nimble/pkgs/cligen-1.0.0/cligen/clCfgToml.nim', 0x00000000000001a4)
mkdir('/home', 0x00000000000001ff)
mkdir('/home/runner', 0x00000000000001ff)
mkdir('/home/runner/.nimble', 0x00000000000001ff)
mkdir('/home/runner/.nimble/pkgs', 0x00000000000001ff)
mkdir('/home/runner/.nimble/pkgs/cligen-1.0.0', 0x00000000000001ff)
mkdir('/home/runner/.nimble/pkgs/cligen-1.0.0/cligen', 0x00000000000001ff)
chmod('/home/runner/.nimble/pkgs/cligen-1.0.0/cligen/mergeCfgEnvMulMul.nim', 0x00000000000001a4)
mkdir('/home', 0x00000000000001ff)
mkdir('/home/runner', 0x00000000000001ff)
mkdir('/home/runner/.nimble', 0x00000000000001ff)
mkdir('/home/runner/.nimble/pkgs', 0x00000000000001ff)
mkdir('/home/runner/.nimble/pkgs/cligen-1.0.0', 0x00000000000001ff)
mkdir('/home/runner/.nimble/pkgs/cligen-1.0.0/cligen', 0x00000000000001ff)
chmod('/home/runner/.nimble/pkgs/cligen-1.0.0/cligen/statx.nim', 0x00000000000001a4)
mkdir('/home', 0x00000000000001ff)
mkdir('/home/runner', 0x00000000000001ff)
mkdir('/home/runner/.nimble', 0x00000000000001ff)
mkdir('/home/runner/.nimble/pkgs', 0x00000000000001ff)
mkdir('/home/runner/.nimble/pkgs/cligen-1.0.0', 0x00000000000001ff)
mkdir('/home/runner/.nimble/pkgs/cligen-1.0.0/cligen', 0x00000000000001ff)
chmod('/home/runner/.nimble/pkgs/cligen-1.0.0/cligen/cfUt.nim', 0x00000000000001a4)
chmod('/home/runner/.nimble/pkgs/cligen-1.0.0/cligen.nimble', 0x00000000000001a4)
mkdir('/tmp', 0x00000000000001ff)
mkdir('/tmp/nimblecache', 0x00000000000001ff)
mkdir('/tmp/nimblecache/cligen_653939757', 0x00000000000001ff)
unlink('/tmp/nimblecache/cligen_653939757/cligen.ini')
unlink('/tmp/nimble_15598.out')
unlink('/home/runner/.nimble/pkgs/cligen-1.0.0/cligen_15598.nims')
mkdir('/tmp', 0x00000000000001ff)
mkdir('/tmp/nimble_15598', 0x00000000000001ff)
mkdir('/tmp/nimble_15598/githubcom_kijowskiautotyper', 0x00000000000001ff)
mkdir('/tmp/nimble_15598/githubcom_kijowskiautotyper/bin', 0x00000000000001ff)
mkdir('/home', 0x00000000000001ff)
mkdir('/home/runner', 0x00000000000001ff)
mkdir('/home/runner/.cache', 0x00000000000001ff)
mkdir('/home/runner/.cache/nim', 0x00000000000001ff)
mkdir('/home/runner/.cache/nim/autotyper_r', 0x00000000000001ff)
mkdir('/home', 0x00000000000001ff)
mkdir('/home/runner', 0x00000000000001ff)
mkdir('/home/runner/.cache', 0x00000000000001ff)
mkdir('/home/runner/.cache/nim', 0x00000000000001ff)
mkdir('/home/runner/.cache/nim/autotyper_r', 0x00000000000001ff)
mkdir('/home', 0x00000000000001ff)
mkdir('/home/runner', 0x00000000000001ff)
mkdir('/home/runner/.cache', 0x00000000000001ff)
mkdir('/home/runner/.cache/nim', 0x00000000000001ff)
mkdir('/home/runner/.cache/nim/autotyper_r', 0x00000000000001ff)
mkdir('/home', 0x00000000000001ff)
mkdir('/home/runner', 0x00000000000001ff)
mkdir('/home/runner/.cache', 0x00000000000001ff)
mkdir('/home/runner/.cache/nim', 0x00000000000001ff)
mkdir('/home/runner/.cache/nim/autotyper_r', 0x00000000000001ff)
mkdir('/home', 0x00000000000001ff)
mkdir('/home/runner', 0x00000000000001ff)
mkdir('/home/runner/.cache', 0x00000000000001ff)
mkdir('/home/runner/.cache/nim', 0x00000000000001ff)
mkdir('/home/runner/.cache/nim/autotyper_r', 0x00000000000001ff)
mkdir('/home', 0x00000000000001ff)
mkdir('/home/runner', 0x00000000000001ff)
mkdir('/home/runner/.cache', 0x00000000000001ff)
mkdir('/home/runner/.cache/nim', 0x00000000000001ff)
mkdir('/home/runner/.cache/nim/autotyper_r', 0x00000000000001ff)
mkdir('/home', 0x00000000000001ff)
mkdir('/home/runner', 0x00000000000001ff)
mkdir('/home/runner/.cache', 0x00000000000001ff)
mkdir('/home/runner/.cache/nim', 0x00000000000001ff)
mkdir('/home/runner/.cache/nim/autotyper_r', 0x00000000000001ff)
mkdir('/home', 0x00000000000001ff)
mkdir('/home/runner', 0x00000000000001ff)
mkdir('/home/runner/.cache', 0x00000000000001ff)
mkdir('/home/runner/.cache/nim', 0x00000000000001ff)
mkdir('/home/runner/.cache/nim/autotyper_r', 0x00000000000001ff)
mkdir('/home', 0x00000000000001ff)
mkdir('/home/runner', 0x00000000000001ff)
mkdir('/home/runner/.cache', 0x00000000000001ff)
mkdir('/home/runner/.cache/nim', 0x00000000000001ff)
mkdir('/home/runner/.cache/nim/autotyper_r', 0x00000000000001ff)
mkdir('/home', 0x00000000000001ff)
mkdir('/home/runner', 0x00000000000001ff)
mkdir('/home/runner/.cache', 0x00000000000001ff)
mkdir('/home/runner/.cache/nim', 0x00000000000001ff)
mkdir('/home/runner/.cache/nim/autotyper_r', 0x00000000000001ff)
mkdir('/home', 0x00000000000001ff)
mkdir('/home/runner', 0x00000000000001ff)
mkdir('/home/runner/.cache', 0x00000000000001ff)
mkdir('/home/runner/.cache/nim', 0x00000000000001ff)
mkdir('/home/runner/.cache/nim/autotyper_r', 0x00000000000001ff)
mkdir('/home', 0x00000000000001ff)
mkdir('/home/runner', 0x00000000000001ff)
mkdir('/home/runner/.cache', 0x00000000000001ff)
mkdir('/home/runner/.cache/nim', 0x00000000000001ff)
mkdir('/home/runner/.cache/nim/autotyper_r', 0x00000000000001ff)
mkdir('/home', 0x00000000000001ff)
mkdir('/home/runner', 0x00000000000001ff)
mkdir('/home/runner/.cache', 0x00000000000001ff)
mkdir('/home/runner/.cache/nim', 0x00000000000001ff)
mkdir('/home/runner/.cache/nim/autotyper_r', 0x00000000000001ff)
mkdir('/home', 0x00000000000001ff)
mkdir('/home/runner', 0x00000000000001ff)
mkdir('/home/runner/.cache', 0x00000000000001ff)
mkdir('/home/runner/.cache/nim', 0x00000000000001ff)
mkdir('/home/runner/.cache/nim/autotyper_r', 0x00000000000001ff)
mkdir('/home', 0x00000000000001ff)
mkdir('/home/runner', 0x00000000000001ff)
mkdir('/home/runner/.cache', 0x00000000000001ff)
mkdir('/home/runner/.cache/nim', 0x00000000000001ff)
mkdir('/home/runner/.cache/nim/autotyper_r', 0x00000000000001ff)
mkdir('/home', 0x00000000000001ff)
mkdir('/home/runner', 0x00000000000001ff)
mkdir('/home/runner/.cache', 0x00000000000001ff)
mkdir('/home/runner/.cache/nim', 0x00000000000001ff)
mkdir('/home/runner/.cache/nim/autotyper_r', 0x00000000000001ff)
mkdir('/home', 0x00000000000001ff)
mkdir('/home/runner', 0x00000000000001ff)
mkdir('/home/runner/.cache', 0x00000000000001ff)
mkdir('/home/runner/.cache/nim', 0x00000000000001ff)
mkdir('/home/runner/.cache/nim/autotyper_r', 0x00000000000001ff)
mkdir('/home', 0x00000000000001ff)
mkdir('/home/runner', 0x00000000000001ff)
mkdir('/home/runner/.cache', 0x00000000000001ff)
mkdir('/home/runner/.cache/nim', 0x00000000000001ff)
mkdir('/home/runner/.cache/nim/autotyper_r', 0x00000000000001ff)
mkdir('/home', 0x00000000000001ff)
mkdir('/home/runner', 0x00000000000001ff)
mkdir('/home/runner/.cache', 0x00000000000001ff)
mkdir('/home/runner/.cache/nim', 0x00000000000001ff)
mkdir('/home/runner/.cache/nim/autotyper_r', 0x00000000000001ff)
mkdir('/home', 0x00000000000001ff)
mkdir('/home/runner', 0x00000000000001ff)
mkdir('/home/runner/.cache', 0x00000000000001ff)
mkdir('/home/runner/.cache/nim', 0x00000000000001ff)
mkdir('/home/runner/.cache/nim/autotyper_r', 0x00000000000001ff)
mkdir('/home', 0x00000000000001ff)
mkdir('/home/runner', 0x00000000000001ff)
mkdir('/home/runner/.cache', 0x00000000000001ff)
mkdir('/home/runner/.cache/nim', 0x00000000000001ff)
mkdir('/home/runner/.cache/nim/autotyper_r', 0x00000000000001ff)
mkdir('/home', 0x00000000000001ff)
mkdir('/home/runner', 0x00000000000001ff)
mkdir('/home/runner/.cache', 0x00000000000001ff)
mkdir('/home/runner/.cache/nim', 0x00000000000001ff)
mkdir('/home/runner/.cache/nim/autotyper_r', 0x00000000000001ff)
mkdir('/home', 0x00000000000001ff)
mkdir('/home/runner', 0x00000000000001ff)
mkdir('/home/runner/.cache', 0x00000000000001ff)
mkdir('/home/runner/.cache/nim', 0x00000000000001ff)
mkdir('/home/runner/.cache/nim/autotyper_r', 0x00000000000001ff)
mkdir('/home', 0x00000000000001ff)
mkdir('/home/runner', 0x00000000000001ff)
mkdir('/home/runner/.cache', 0x00000000000001ff)
mkdir('/home/runner/.cache/nim', 0x00000000000001ff)
mkdir('/home/runner/.cache/nim/autotyper_r', 0x00000000000001ff)
mkdir('/home', 0x00000000000001ff)
mkdir('/home/runner', 0x00000000000001ff)
mkdir('/home/runner/.cache', 0x00000000000001ff)
mkdir('/home/runner/.cache/nim', 0x00000000000001ff)
mkdir('/home/runner/.cache/nim/autotyper_r', 0x00000000000001ff)
mkdir('/home', 0x00000000000001ff)
mkdir('/home/runner', 0x00000000000001ff)
mkdir('/home/runner/.cache', 0x00000000000001ff)
mkdir('/home/runner/.cache/nim', 0x00000000000001ff)
mkdir('/home/runner/.cache/nim/autotyper_r', 0x00000000000001ff)
mkdir('/home', 0x00000000000001ff)
mkdir('/home/runner', 0x00000000000001ff)
mkdir('/home/runner/.cache', 0x00000000000001ff)
mkdir('/home/runner/.cache/nim', 0x00000000000001ff)
mkdir('/home/runner/.cache/nim/autotyper_r', 0x00000000000001ff)
mkdir('/home', 0x00000000000001ff)
mkdir('/home/runner', 0x00000000000001ff)
mkdir('/home/runner/.cache', 0x00000000000001ff)
mkdir('/home/runner/.cache/nim', 0x00000000000001ff)
mkdir('/home/runner/.cache/nim/autotyper_r', 0x00000000000001ff)
mkdir('/home', 0x00000000000001ff)
mkdir('/home/runner', 0x00000000000001ff)
mkdir('/home/runner/.cache', 0x00000000000001ff)
mkdir('/home/runner/.cache/nim', 0x00000000000001ff)
mkdir('/home/runner/.cache/nim/autotyper_r', 0x00000000000001ff)
mkdir('/home', 0x00000000000001ff)
mkdir('/home/runner', 0x00000000000001ff)
mkdir('/home/runner/.cache', 0x00000000000001ff)
mkdir('/home/runner/.cache/nim', 0x00000000000001ff)
mkdir('/home/runner/.cache/nim/autotyper_r', 0x00000000000001ff)
mkdir('/home', 0x00000000000001ff)
mkdir('/home/runner', 0x00000000000001ff)
mkdir('/home/runner/.cache', 0x00000000000001ff)
mkdir('/home/runner/.cache/nim', 0x00000000000001ff)
mkdir('/home/runner/.cache/nim/autotyper_r', 0x00000000000001ff)
mkdir('/home', 0x00000000000001ff)
mkdir('/home/runner', 0x00000000000001ff)
mkdir('/home/runner/.cache', 0x00000000000001ff)
mkdir('/home/runner/.cache/nim', 0x00000000000001ff)
mkdir('/home/runner/.cache/nim/autotyper_r', 0x00000000000001ff)
mkdir('/home', 0x00000000000001ff)
mkdir('/home/runner', 0x00000000000001ff)
mkdir('/home/runner/.cache', 0x00000000000001ff)
mkdir('/home/runner/.cache/nim', 0x00000000000001ff)
mkdir('/home/runner/.cache/nim/autotyper_r', 0x00000000000001ff)
mkdir('/home', 0x00000000000001ff)
mkdir('/home/runner', 0x00000000000001ff)
mkdir('/home/runner/.cache', 0x00000000000001ff)
mkdir('/home/runner/.cache/nim', 0x00000000000001ff)
mkdir('/home/runner/.cache/nim/autotyper_r', 0x00000000000001ff)
mkdir('/home', 0x00000000000001ff)
mkdir('/home/runner', 0x00000000000001ff)
mkdir('/home/runner/.cache', 0x00000000000001ff)
mkdir('/home/runner/.cache/nim', 0x00000000000001ff)
mkdir('/home/runner/.cache/nim/autotyper_r', 0x00000000000001ff)
mkdir('/home', 0x00000000000001ff)
mkdir('/home/runner', 0x00000000000001ff)
mkdir('/home/runner/.cache', 0x00000000000001ff)
mkdir('/home/runner/.cache/nim', 0x00000000000001ff)
mkdir('/home/runner/.cache/nim/autotyper_r', 0x00000000000001ff)
mkdir('/home', 0x00000000000001ff)
mkdir('/home/runner', 0x00000000000001ff)
mkdir('/home/runner/.cache', 0x00000000000001ff)
mkdir('/home/runner/.cache/nim', 0x00000000000001ff)
mkdir('/home/runner/.cache/nim/autotyper_r', 0x00000000000001ff)
mkdir('/home', 0x00000000000001ff)
mkdir('/home/runner', 0x00000000000001ff)
mkdir('/home/runner/.cache', 0x00000000000001ff)
mkdir('/home/runner/.cache/nim', 0x00000000000001ff)
mkdir('/home/runner/.cache/nim/autotyper_r', 0x00000000000001ff)
mkdir('/home', 0x00000000000001ff)
mkdir('/home/runner', 0x00000000000001ff)
mkdir('/home/runner/.cache', 0x00000000000001ff)
mkdir('/home/runner/.cache/nim', 0x00000000000001ff)
mkdir('/home/runner/.cache/nim/autotyper_r', 0x00000000000001ff)
mkdir('/home', 0x00000000000001ff)
mkdir('/home/runner', 0x00000000000001ff)
mkdir('/home/runner/.cache', 0x00000000000001ff)
mkdir('/home/runner/.cache/nim', 0x00000000000001ff)
mkdir('/home/runner/.cache/nim/autotyper_r', 0x00000000000001ff)
mkdir('/home', 0x00000000000001ff)
mkdir('/home/runner', 0x00000000000001ff)
mkdir('/home/runner/.cache', 0x00000000000001ff)
mkdir('/home/runner/.cache/nim', 0x00000000000001ff)
mkdir('/home/runner/.cache/nim/autotyper_r', 0x00000000000001ff)
mkdir('/home', 0x00000000000001ff)
mkdir('/home/runner', 0x00000000000001ff)
mkdir('/home/runner/.cache', 0x00000000000001ff)
mkdir('/home/runner/.cache/nim', 0x00000000000001ff)
mkdir('/home/runner/.cache/nim/autotyper_r', 0x00000000000001ff)
mkdir('/home', 0x00000000000001ff)
mkdir('/home/runner', 0x00000000000001ff)
mkdir('/home/runner/.cache', 0x00000000000001ff)
mkdir('/home/runner/.cache/nim', 0x00000000000001ff)
mkdir('/home/runner/.cache/nim/autotyper_r', 0x00000000000001ff)
mkdir('/home', 0x00000000000001ff)
mkdir('/home/runner', 0x00000000000001ff)
mkdir('/home/runner/.cache', 0x00000000000001ff)
mkdir('/home/runner/.cache/nim', 0x00000000000001ff)
mkdir('/home/runner/.cache/nim/autotyper_r', 0x00000000000001ff)
mkdir('/home', 0x00000000000001ff)
mkdir('/home/runner', 0x00000000000001ff)
mkdir('/home/runner/.cache', 0x00000000000001ff)
mkdir('/home/runner/.cache/nim', 0x00000000000001ff)
mkdir('/home/runner/.cache/nim/autotyper_r', 0x00000000000001ff)
mkdir('/home', 0x00000000000001ff)
mkdir('/home/runner', 0x00000000000001ff)
mkdir('/home/runner/.cache', 0x00000000000001ff)
mkdir('/home/runner/.cache/nim', 0x00000000000001ff)
mkdir('/home/runner/.cache/nim/autotyper_r', 0x00000000000001ff)
mkdir('/home', 0x00000000000001ff)
mkdir('/home/runner', 0x00000000000001ff)
mkdir('/home/runner/.cache', 0x00000000000001ff)
mkdir('/home/runner/.cache/nim', 0x00000000000001ff)
mkdir('/home/runner/.cache/nim/autotyper_r', 0x00000000000001ff)
mkdir('/home', 0x00000000000001ff)
mkdir('/home/runner', 0x00000000000001ff)
mkdir('/home/runner/.cache', 0x00000000000001ff)
mkdir('/home/runner/.cache/nim', 0x00000000000001ff)
mkdir('/home/runner/.cache/nim/autotyper_r', 0x00000000000001ff)
mkdir('/home', 0x00000000000001ff)
mkdir('/home/runner', 0x00000000000001ff)
mkdir('/home/runner/.cache', 0x00000000000001ff)
mkdir('/home/runner/.cache/nim', 0x00000000000001ff)
mkdir('/home/runner/.cache/nim/autotyper_r', 0x00000000000001ff)
mkdir('/home', 0x00000000000001ff)
mkdir('/home/runner', 0x00000000000001ff)
mkdir('/home/runner/.cache', 0x00000000000001ff)
mkdir('/home/runner/.cache/nim', 0x00000000000001ff)
mkdir('/home/runner/.cache/nim/autotyper_r', 0x00000000000001ff)
mkdir('/home', 0x00000000000001ff)
mkdir('/home/runner', 0x00000000000001ff)
mkdir('/home/runner/.cache', 0x00000000000001ff)
mkdir('/home/runner/.cache/nim', 0x00000000000001ff)
mkdir('/home/runner/.cache/nim/autotyper_r', 0x00000000000001ff)
mkdir('/home', 0x00000000000001ff)
mkdir('/home/runner', 0x00000000000001ff)
mkdir('/home/runner/.cache', 0x00000000000001ff)
mkdir('/home/runner/.cache/nim', 0x00000000000001ff)
mkdir('/home/runner/.cache/nim/autotyper_r', 0x00000000000001ff)
mkdir('/home', 0x00000000000001ff)
mkdir('/home/runner', 0x00000000000001ff)
mkdir('/home/runner/.cache', 0x00000000000001ff)
mkdir('/home/runner/.cache/nim', 0x00000000000001ff)
mkdir('/home/runner/.cache/nim/autotyper_r', 0x00000000000001ff)
mkdir('/home', 0x00000000000001ff)
mkdir('/home/runner', 0x00000000000001ff)
mkdir('/home/runner/.cache', 0x00000000000001ff)
mkdir('/home/runner/.cache/nim', 0x00000000000001ff)
mkdir('/home/runner/.cache/nim/autotyper_r', 0x00000000000001ff)
mkdir('/home', 0x00000000000001ff)
mkdir('/home/runner', 0x00000000000001ff)
mkdir('/home/runner/.cache', 0x00000000000001ff)
mkdir('/home/runner/.cache/nim', 0x00000000000001ff)
mkdir('/home/runner/.cache/nim/autotyper_r', 0x00000000000001ff)
mkdir('/home', 0x00000000000001ff)
mkdir('/home/runner', 0x00000000000001ff)
mkdir('/home/runner/.cache', 0x00000000000001ff)
mkdir('/home/runner/.cache/nim', 0x00000000000001ff)
mkdir('/home/runner/.cache/nim/autotyper_r', 0x00000000000001ff)
mkdir('/home', 0x00000000000001ff)
mkdir('/home/runner', 0x00000000000001ff)
mkdir('/home/runner/.cache', 0x00000000000001ff)
mkdir('/home/runner/.cache/nim', 0x00000000000001ff)
mkdir('/home/runner/.cache/nim/autotyper_r', 0x00000000000001ff)
mkdir('/home', 0x00000000000001ff)
mkdir('/home/runner', 0x00000000000001ff)
mkdir('/home/runner/.cache', 0x00000000000001ff)
mkdir('/home/runner/.cache/nim', 0x00000000000001ff)
mkdir('/home/runner/.cache/nim/autotyper_r', 0x00000000000001ff)
mkdir('/home', 0x00000000000001ff)
mkdir('/home/runner', 0x00000000000001ff)
mkdir('/home/runner/.cache', 0x00000000000001ff)
mkdir('/home/runner/.cache/nim', 0x00000000000001ff)
mkdir('/home/runner/.cache/nim/autotyper_r', 0x00000000000001ff)
mkdir('/home', 0x00000000000001ff)
mkdir('/home/runner', 0x00000000000001ff)
mkdir('/home/runner/.cache', 0x00000000000001ff)
mkdir('/home/runner/.cache/nim', 0x00000000000001ff)
mkdir('/home/runner/.cache/nim/autotyper_r', 0x00000000000001ff)
mkdir('/home', 0x00000000000001ff)
mkdir('/home/runner', 0x00000000000001ff)
mkdir('/home/runner/.cache', 0x00000000000001ff)
mkdir('/home/runner/.cache/nim', 0x00000000000001ff)
mkdir('/home/runner/.cache/nim/autotyper_r', 0x00000000000001ff)
mkdir('/home', 0x00000000000001ff)
mkdir('/home/runner', 0x00000000000001ff)
mkdir('/home/runner/.cache', 0x00000000000001ff)
mkdir('/home/runner/.cache/nim', 0x00000000000001ff)
mkdir('/home/runner/.cache/nim/autotyper_r', 0x00000000000001ff)
mkdir('/home', 0x00000000000001ff)
mkdir('/home/runner', 0x00000000000001ff)
mkdir('/home/runner/.cache', 0x00000000000001ff)
mkdir('/home/runner/.cache/nim', 0x00000000000001ff)
mkdir('/home/runner/.cache/nim/autotyper_r', 0x00000000000001ff)
mkdir('/home', 0x00000000000001ff)
mkdir('/home/runner', 0x00000000000001ff)
mkdir('/home/runner/.cache', 0x00000000000001ff)
mkdir('/home/runner/.cache/nim', 0x00000000000001ff)
mkdir('/home/runner/.cache/nim/autotyper_r', 0x00000000000001ff)
mkdir('/home', 0x00000000000001ff)
mkdir('/home/runner', 0x00000000000001ff)
mkdir('/home/runner/.cache', 0x00000000000001ff)
mkdir('/home/runner/.cache/nim', 0x00000000000001ff)
mkdir('/home/runner/.cache/nim/autotyper_r', 0x00000000000001ff)
mkdir('/home', 0x00000000000001ff)
mkdir('/home/runner', 0x00000000000001ff)
mkdir('/home/runner/.cache', 0x00000000000001ff)
mkdir('/home/runner/.cache/nim', 0x00000000000001ff)
mkdir('/home/runner/.cache/nim/autotyper_r', 0x00000000000001ff)
mkdir('/home', 0x00000000000001ff)
mkdir('/home/runner', 0x00000000000001ff)
mkdir('/home/runner/.cache', 0x00000000000001ff)
mkdir('/home/runner/.cache/nim', 0x00000000000001ff)
mkdir('/home/runner/.cache/nim/autotyper_r', 0x00000000000001ff)
mkdir('/home', 0x00000000000001ff)
mkdir('/home/runner', 0x00000000000001ff)
mkdir('/home/runner/.cache', 0x00000000000001ff)
mkdir('/home/runner/.cache/nim', 0x00000000000001ff)
mkdir('/home/runner/.cache/nim/autotyper_r', 0x00000000000001ff)
mkdir('/home', 0x00000000000001ff)
mkdir('/home/runner', 0x00000000000001ff)
mkdir('/home/runner/.cache', 0x00000000000001ff)
mkdir('/home/runner/.cache/nim', 0x00000000000001ff)
mkdir('/home/runner/.cache/nim/autotyper_r', 0x00000000000001ff)
mkdir('/home', 0x00000000000001ff)
mkdir('/home/runner', 0x00000000000001ff)
mkdir('/home/runner/.cache', 0x00000000000001ff)
mkdir('/home/runner/.cache/nim', 0x00000000000001ff)
mkdir('/home/runner/.cache/nim/autotyper_r', 0x00000000000001ff)
mkdir('/home', 0x00000000000001ff)
mkdir('/home/runner', 0x00000000000001ff)
mkdir('/home/runner/.cache', 0x00000000000001ff)
mkdir('/home/runner/.cache/nim', 0x00000000000001ff)
mkdir('/home/runner/.cache/nim/autotyper_r', 0x00000000000001ff)
mkdir('/home', 0x00000000000001ff)
mkdir('/home/runner', 0x00000000000001ff)
mkdir('/home/runner/.cache', 0x00000000000001ff)
mkdir('/home/runner/.cache/nim', 0x00000000000001ff)
mkdir('/home/runner/.cache/nim/autotyper_r', 0x00000000000001ff)
mkdir('/home', 0x00000000000001ff)
mkdir('/home/runner', 0x00000000000001ff)
mkdir('/home/runner/.cache', 0x00000000000001ff)
mkdir('/home/runner/.cache/nim', 0x00000000000001ff)
mkdir('/home/runner/.cache/nim/autotyper_r', 0x00000000000001ff)
mkdir('/home', 0x00000000000001ff)
mkdir('/home/runner', 0x00000000000001ff)
mkdir('/home/runner/.cache', 0x00000000000001ff)
mkdir('/home/runner/.cache/nim', 0x00000000000001ff)
mkdir('/home/runner/.cache/nim/autotyper_r', 0x00000000000001ff)
mkdir('/home', 0x00000000000001ff)
mkdir('/home/runner', 0x00000000000001ff)
mkdir('/home/runner/.cache', 0x00000000000001ff)
mkdir('/home/runner/.cache/nim', 0x00000000000001ff)
mkdir('/home/runner/.cache/nim/autotyper_r', 0x00000000000001ff)
mkdir('/home', 0x00000000000001ff)
mkdir('/home/runner', 0x00000000000001ff)
mkdir('/home/runner/.cache', 0x00000000000001ff)
mkdir('/home/runner/.cache/nim', 0x00000000000001ff)
mkdir('/home/runner/.cache/nim/autotyper_r', 0x00000000000001ff)
mkdir('/home', 0x00000000000001ff)
mkdir('/home/runner', 0x00000000000001ff)
mkdir('/home/runner/.cache', 0x00000000000001ff)
mkdir('/home/runner/.cache/nim', 0x00000000000001ff)
mkdir('/home/runner/.cache/nim/autotyper_r', 0x00000000000001ff)
mkdir('/home', 0x00000000000001ff)
mkdir('/home/runner', 0x00000000000001ff)
mkdir('/home/runner/.cache', 0x00000000000001ff)
mkdir('/home/runner/.cache/nim', 0x00000000000001ff)
mkdir('/home/runner/.cache/nim/autotyper_r', 0x00000000000001ff)
mkdir('/home', 0x00000000000001ff)
mkdir('/home/runner', 0x00000000000001ff)
mkdir('/home/runner/.cache', 0x00000000000001ff)
mkdir('/home/runner/.cache/nim', 0x00000000000001ff)
mkdir('/home/runner/.cache/nim/autotyper_r', 0x00000000000001ff)
mkdir('/home', 0x00000000000001ff)
mkdir('/home/runner', 0x00000000000001ff)
mkdir('/home/runner/.cache', 0x00000000000001ff)
mkdir('/home/runner/.cache/nim', 0x00000000000001ff)
mkdir('/home/runner/.cache/nim/autotyper_r', 0x00000000000001ff)
mkdir('/home', 0x00000000000001ff)
mkdir('/home/runner', 0x00000000000001ff)
mkdir('/home/runner/.cache', 0x00000000000001ff)
mkdir('/home/runner/.cache/nim', 0x00000000000001ff)
mkdir('/home/runner/.cache/nim/autotyper_r', 0x00000000000001ff)
mkdir('/home', 0x00000000000001ff)
mkdir('/home/runner', 0x00000000000001ff)
mkdir('/home/runner/.cache', 0x00000000000001ff)
mkdir('/home/runner/.cache/nim', 0x00000000000001ff)
mkdir('/home/runner/.cache/nim/autotyper_r', 0x00000000000001ff)
mkdir('/home', 0x00000000000001ff)
mkdir('/home/runner', 0x00000000000001ff)
mkdir('/home/runner/.cache', 0x00000000000001ff)
mkdir('/home/runner/.cache/nim', 0x00000000000001ff)
mkdir('/home/runner/.cache/nim/autotyper_r', 0x00000000000001ff)
mkdir('/home', 0x00000000000001ff)
mkdir('/home/runner', 0x00000000000001ff)
mkdir('/home/runner/.cache', 0x00000000000001ff)
mkdir('/home/runner/.cache/nim', 0x00000000000001ff)
mkdir('/home/runner/.cache/nim/autotyper_r', 0x00000000000001ff)
mkdir('/home', 0x00000000000001ff)
mkdir('/home/runner', 0x00000000000001ff)
mkdir('/home/runner/.cache', 0x00000000000001ff)
mkdir('/home/runner/.cache/nim', 0x00000000000001ff)
mkdir('/home/runner/.cache/nim/autotyper_r', 0x00000000000001ff)
mkdir('/home', 0x00000000000001ff)
mkdir('/home/runner', 0x00000000000001ff)
mkdir('/home/runner/.cache', 0x00000000000001ff)
mkdir('/home/runner/.cache/nim', 0x00000000000001ff)
mkdir('/home/runner/.cache/nim/autotyper_r', 0x00000000000001ff)
mkdir('/home', 0x00000000000001ff)
mkdir('/home/runner', 0x00000000000001ff)
mkdir('/home/runner/.cache', 0x00000000000001ff)
mkdir('/home/runner/.cache/nim', 0x00000000000001ff)
mkdir('/home/runner/.cache/nim/autotyper_r', 0x00000000000001ff)
mkdir('/home', 0x00000000000001ff)
mkdir('/home/runner', 0x00000000000001ff)
mkdir('/home/runner/.cache', 0x00000000000001ff)
mkdir('/home/runner/.cache/nim', 0x00000000000001ff)
mkdir('/home/runner/.cache/nim/autotyper_r', 0x00000000000001ff)
mkdir('/home', 0x00000000000001ff)
mkdir('/home/runner', 0x00000000000001ff)
mkdir('/home/runner/.cache', 0x00000000000001ff)
mkdir('/home/runner/.cache/nim', 0x00000000000001ff)
mkdir('/home/runner/.cache/nim/autotyper_r', 0x00000000000001ff)
mkdir('/home', 0x00000000000001ff)
mkdir('/home/runner', 0x00000000000001ff)
mkdir('/home/runner/.cache', 0x00000000000001ff)
mkdir('/home/runner/.cache/nim', 0x00000000000001ff)
mkdir('/home/runner/.cache/nim/autotyper_r', 0x00000000000001ff)
mkdir('/home', 0x00000000000001ff)
mkdir('/home/runner', 0x00000000000001ff)
mkdir('/home/runner/.cache', 0x00000000000001ff)
mkdir('/home/runner/.cache/nim', 0x00000000000001ff)
mkdir('/home/runner/.cache/nim/autotyper_r', 0x00000000000001ff)
mkdir('/home', 0x00000000000001ff)
mkdir('/home/runner', 0x00000000000001ff)
mkdir('/home/runner/.cache', 0x00000000000001ff)
mkdir('/home/runner/.cache/nim', 0x00000000000001ff)
mkdir('/home/runner/.cache/nim/autotyper_r', 0x00000000000001ff)
unlink('/tmp/cc14ShgW.s')
unlink('/tmp/cczeoBQZ.s')
unlink('/tmp/cc5TZIns.s')
unlink('/tmp/cctAtEjB.s')
unlink('/tmp/ccnsaN0n.s')
unlink('/tmp/cclB0vNC.s')
unlink('/tmp/ccREmqJk.s')
unlink('/tmp/cc7YI4l4.s')
unlink('/tmp/ccN0tgK5.s')
unlink('/tmp/cckysmuU.s')
unlink('/tmp/cc0ScyWr.s')
unlink('/tmp/ccPU6W9v.s')
unlink('/tmp/ccQAroEd.s')
unlink('/tmp/ccLhPdFy.s')
unlink('/tmp/ccaFwlJk.s')
unlink('/tmp/ccQSxdgv.s')
unlink('/tmp/ccv2HQL1.s')
unlink('/tmp/ccOs41TB.s')
unlink('/tmp/cc2BOaJX.s')
unlink('/tmp/ccjqn1nP.s')
unlink('/tmp/ccmkjb3R.s')
unlink('/tmp/cc9gKIZz.s')
unlink('/tmp/cc59ucbl.s')
unlink('/tmp/ccO184pD.s')
unlink('/tmp/cc4Bcsj5.s')
unlink('/tmp/ccpMJjRK.s')
unlink('/tmp/ccgwikSW.s')
unlink('/tmp/cczeFbKE.s')
unlink('/tmp/cc0v1WK6.s')
mkdir('/tmp', 0x00000000000001ff)
mkdir('/tmp/nimble_15598', 0x00000000000001ff)
mkdir('/tmp/nimble_15598/githubcom_kijowskiautotyper', 0x00000000000001ff)
mkdir('/tmp/nimble_15598/githubcom_kijowskiautotyper/bin', 0x00000000000001ff)
chmod(94169212725840, 0x00000000000001ed)
Error tracing process: readBytes(0x000055a57a792a50, 256) error: [Errno 5] Input/output error.
