      Info: Package cache path /home/runner/.nimble/pkgcache
     Info:  Nimble data file "/home/runner/.nimble/nimbledata2.json" has been loaded.
    Reading official package list
Downloading https://github.com/Guevara-chan/AutoNim using git
   Warning: The package has no tagged releases, downloading HEAD instead.
open('/workspace/destdir/ssl/openssl.cnf', 32768, 0x00000000000001b6)
open('/home/runner/.config/nimble/nimble.ini', 557056, 0x00000000000001b6)
open('/home/runner/.config/babel/babel.ini', 557056, 0x00000000000001b6)
writev(1, 0x00007ffc8fc3b070, 2)
open('/home/runner/.nimble/nimbledata2.json', 557056, 0x00000000000001b6)
writev(1, 0x00007ffc8fc3b140, 2)
writev(1, 0x00007fffd428dd10, 2)
writev(1, 0x00007fffd428dda0, 2)
writev(1, 0x00007fffd428dda0, 2)
writev(1, 0x00007fffd428dda0, 2)
writev(1, 0x00007ffc8fc39b20, 2)
open('/home/runner/.nimble/packages_official.json', 557056, 0x00000000000001b6)
mkdir('/home/', 0x00000000000001ff)
mkdir('/home/runner/', 0x00000000000001ff)
mkdir('/home/runner/.nimble/', 0x00000000000001ff)
mkdir('/home/runner/.nimble/pkgcache/', 0x00000000000001ff)
mkdir('/home/runner/.nimble/pkgcache/githubcom_GuevarachanAutoNim', 0x00000000000001ff)
open('/home/runner/.nimble/pkgcache/githubcom_GuevarachanAutoNim', 622592, 0x0000000000000000)
writev(1, 0x00007ffc8fc39c00, 2)
open('/home/runner/.nimble/pkgcache/githubcom_GuevarachanAutoNim', 622592, 0x0000000000000000)
rmdir('/home/runner/.nimble/pkgcache/githubcom_GuevarachanAutoNim')
writev(1, 0x00007ffc8fc39af0, 2)
mkdir(94606848465552, 0x00000000000001ff)
Error tracing process: readBytes(0x0000560b5f989a90, 256) error: [Errno 5] Input/output error.
