      Info: Package cache path /home/runner/.nimble/pkgcache
     Info:  Nimble data file "/home/runner/.nimble/nimbledata2.json" has been loaded.
    Reading official package list
Downloading https://github.com/Vladar4/avbin using git
   Warning: The package has no tagged releases, downloading HEAD instead.
open('/workspace/destdir/ssl/openssl.cnf', 32768, 0x00000000000001b6)
open('/home/runner/.config/nimble/nimble.ini', 557056, 0x00000000000001b6)
open('/home/runner/.config/babel/babel.ini', 557056, 0x00000000000001b6)
writev(1, 0x00007ffffcfb55a0, 2)
open('/home/runner/.nimble/nimbledata2.json', 557056, 0x00000000000001b6)
writev(1, 0x00007ffffcfb5670, 2)
writev(1, 0x00007fffb70f12d0, 2)
writev(1, 0x00007fffb70f1360, 2)
writev(1, 0x00007fffb70f1360, 2)
writev(1, 0x00007fffb70f1360, 2)
writev(1, 0x00007ffffcfb4050, 2)
open('/home/runner/.nimble/packages_official.json', 557056, 0x00000000000001b6)
mkdir('/home/', 0x00000000000001ff)
mkdir('/home/runner/', 0x00000000000001ff)
mkdir('/home/runner/.nimble/', 0x00000000000001ff)
mkdir('/home/runner/.nimble/pkgcache/', 0x00000000000001ff)
mkdir('/home/runner/.nimble/pkgcache/githubcom_Vladar4avbin', 0x00000000000001ff)
open('/home/runner/.nimble/pkgcache/githubcom_Vladar4avbin', 622592, 0x0000000000000000)
writev(1, 0x00007ffffcfb4130, 2)
open('/home/runner/.nimble/pkgcache/githubcom_Vladar4avbin', 622592, 0x0000000000000000)
rmdir('/home/runner/.nimble/pkgcache/githubcom_Vladar4avbin')
writev(1, 0x00007ffffcfb4020, 2)
mkdir(94072522959088, 0x00000000000001ff)
Error tracing process: readBytes(0x0000558ef75068f0, 256) error: [Errno 5] Input/output error.
