     Info:  Nimble data file "/home/runner/.nimble/nimbledata2.json" has been loaded.
    Reading official package list
Downloading https://github.com/ThomasTJdev/nim_awsSTS using git
    Cloning latest tagged version: v1.0.3
open('/workspace/destdir/ssl/openssl.cnf', 32768, 0x00000000000001b6)
open('/home/runner/.config/nimble/nimble.ini', 557056, 0x00000000000001b6)
open('/home/runner/.config/babel/babel.ini', 557056, 0x00000000000001b6)
open('/home/runner/.nimble/nimbledata2.json', 557056, 0x00000000000001b6)
writev(1, 0x00007ffd8c5cc8e0, 2)
writev(1, 0x00007ffd8c5cc1c0, 2)
open('/home/runner/.nimble/packages_official.json', 557056, 0x00000000000001b6)
mkdir('/tmp/', 0x00000000000001ff)
mkdir('/tmp/nimble_3252/', 0x00000000000001ff)
mkdir('/tmp/nimble_3252/githubcom_ThomasTJdevnimawsSTS', 0x00000000000001ff)
writev(1, 0x00007ffd8c5cc190, 2)
open('/tmp/nimble_3252/githubcom_ThomasTJdevnimawsSTS', 622592, 0x0000000000000000)
rmdir('/tmp/nimble_3252/githubcom_ThomasTJdevnimawsSTS')
writev(1, 0x00007ffd8c5cc100, 2)
mkdir(94873668879632, 0x00000000000001ff)
Error tracing process: readBytes(0x000056497f550510, 256) error: [Errno 5] Input/output error.
