      Info: Package cache path /home/runner/.nimble/pkgcache
     Info:  Nimble data file "/home/runner/.nimble/nimbledata2.json" has been loaded.
    Reading official package list
Downloading https://github.com/FedericoCeratto/nim-i3ipc using git
   Warning: The package has no tagged releases, downloading HEAD instead.
open('/workspace/destdir/ssl/openssl.cnf', 32768, 0x00000000000001b6)
open('/home/runner/.config/nimble/nimble.ini', 557056, 0x00000000000001b6)
open('/home/runner/.config/babel/babel.ini', 557056, 0x00000000000001b6)
writev(1, 0x00007ffcd2c6e950, 2)
open('/home/runner/.nimble/nimbledata2.json', 557056, 0x00000000000001b6)
writev(1, 0x00007ffcd2c6ea20, 2)
writev(1, 0x00007fff3a86c610, 2)
writev(1, 0x00007fff3a86c6a0, 2)
writev(1, 0x00007fff3a86c6a0, 2)
writev(1, 0x00007fff3a86c6a0, 2)
writev(1, 0x00007ffcd2c6d540, 2)
open('/home/runner/.nimble/packages_official.json', 557056, 0x00000000000001b6)
mkdir('/home/', 0x00000000000001ff)
mkdir('/home/runner/', 0x00000000000001ff)
mkdir('/home/runner/.nimble/', 0x00000000000001ff)
mkdir('/home/runner/.nimble/pkgcache/', 0x00000000000001ff)
mkdir('/home/runner/.nimble/pkgcache/githubcom_FedericoCerattonimi3ipc', 0x00000000000001ff)
open('/home/runner/.nimble/pkgcache/githubcom_FedericoCerattonimi3ipc', 622592, 0x0000000000000000)
writev(1, 0x00007ffcd2c6d630, 2)
open('/home/runner/.nimble/pkgcache/githubcom_FedericoCerattonimi3ipc', 622592, 0x0000000000000000)
rmdir('/home/runner/.nimble/pkgcache/githubcom_FedericoCerattonimi3ipc')
writev(1, 0x00007ffcd2c6d520, 2)
mkdir(94786290645760, 0x00000000000001ff)
Error tracing process: readBytes(0x00005635272efb00, 256) error: [Errno 5] Input/output error.
