      Info: Package cache path /home/runner/.nimble/pkgcache
     Info:  Nimble data file "/home/runner/.nimble/nimbledata2.json" has been loaded.
    Reading official package list
Downloading https://github.com/hmbemba/icecream using git
   Warning: The package has no tagged releases, downloading HEAD instead.
open('/workspace/destdir/ssl/openssl.cnf', 32768, 0x00000000000001b6)
open('/home/runner/.config/nimble/nimble.ini', 557056, 0x00000000000001b6)
open('/home/runner/.config/babel/babel.ini', 557056, 0x00000000000001b6)
writev(1, 0x00007ffe0118daf0, 2)
open('/home/runner/.nimble/nimbledata2.json', 557056, 0x00000000000001b6)
writev(1, 0x00007ffe0118dbc0, 2)
writev(1, 0x00007ffcdf600e70, 2)
writev(1, 0x00007ffcdf600f00, 2)
writev(1, 0x00007ffcdf600f00, 2)
writev(1, 0x00007ffcdf600f00, 2)
writev(1, 0x00007ffe0118c6e0, 2)
open('/home/runner/.nimble/packages_official.json', 557056, 0x00000000000001b6)
mkdir('/home/', 0x00000000000001ff)
mkdir('/home/runner/', 0x00000000000001ff)
mkdir('/home/runner/.nimble/', 0x00000000000001ff)
mkdir('/home/runner/.nimble/pkgcache/', 0x00000000000001ff)
mkdir('/home/runner/.nimble/pkgcache/githubcom_hmbembaicecream', 0x00000000000001ff)
open('/home/runner/.nimble/pkgcache/githubcom_hmbembaicecream', 622592, 0x0000000000000000)
writev(1, 0x00007ffe0118c7d0, 2)
open('/home/runner/.nimble/pkgcache/githubcom_hmbembaicecream', 622592, 0x0000000000000000)
rmdir('/home/runner/.nimble/pkgcache/githubcom_hmbembaicecream')
writev(1, 0x00007ffe0118c6c0, 2)
mkdir(94461047122160, 0x00000000000001ff)
Error tracing process: readBytes(0x000055e96d28a8f0, 256) error: [Errno 5] Input/output error.
