      Info: Package cache path /home/runner/.nimble/pkgcache
     Info:  Nimble data file "/home/runner/.nimble/nimbledata2.json" has been loaded.
    Reading official package list
Downloading https://github.com/bung87/icon using git
   Warning: The package has no tagged releases, downloading HEAD instead.
open('/workspace/destdir/ssl/openssl.cnf', 32768, 0x00000000000001b6)
open('/home/runner/.config/nimble/nimble.ini', 557056, 0x00000000000001b6)
open('/home/runner/.config/babel/babel.ini', 557056, 0x00000000000001b6)
writev(1, 0x00007ffd15ce47d0, 2)
open('/home/runner/.nimble/nimbledata2.json', 557056, 0x00000000000001b6)
writev(1, 0x00007ffd15ce48a0, 2)
writev(1, 0x00007ffe86183130, 2)
writev(1, 0x00007ffe861831c0, 2)
writev(1, 0x00007ffe861831c0, 2)
writev(1, 0x00007ffe861831c0, 2)
writev(1, 0x00007ffd15ce33c0, 2)
open('/home/runner/.nimble/packages_official.json', 557056, 0x00000000000001b6)
mkdir('/home/', 0x00000000000001ff)
mkdir('/home/runner/', 0x00000000000001ff)
mkdir('/home/runner/.nimble/', 0x00000000000001ff)
mkdir('/home/runner/.nimble/pkgcache/', 0x00000000000001ff)
mkdir('/home/runner/.nimble/pkgcache/githubcom_bung87icon', 0x00000000000001ff)
open('/home/runner/.nimble/pkgcache/githubcom_bung87icon', 622592, 0x0000000000000000)
writev(1, 0x00007ffd15ce34b0, 2)
open('/home/runner/.nimble/pkgcache/githubcom_bung87icon', 622592, 0x0000000000000000)
rmdir('/home/runner/.nimble/pkgcache/githubcom_bung87icon')
writev(1, 0x00007ffd15ce33a0, 2)
mkdir(94827889760496, 0x00000000000001ff)
Error tracing process: readBytes(0x0000563ed6af18f0, 256) error: [Errno 5] Input/output error.
