      Info: Package cache path /home/runner/.nimble/pkgcache
     Info:  Nimble data file "/home/runner/.nimble/nimbledata2.json" has been loaded.
    Reading official package list
Downloading https://github.com/PMunch/ikeahomesmart using git
   Warning: The package has no tagged releases, downloading HEAD instead.
open('/workspace/destdir/ssl/openssl.cnf', 32768, 0x00000000000001b6)
open('/home/runner/.config/nimble/nimble.ini', 557056, 0x00000000000001b6)
open('/home/runner/.config/babel/babel.ini', 557056, 0x00000000000001b6)
writev(1, 0x00007ffdaf0945a0, 2)
open('/home/runner/.nimble/nimbledata2.json', 557056, 0x00000000000001b6)
writev(1, 0x00007ffdaf094670, 2)
writev(1, 0x00007ffed6db1a20, 2)
writev(1, 0x00007ffed6db1ab0, 2)
writev(1, 0x00007ffed6db1ab0, 2)
writev(1, 0x00007ffed6db1ab0, 2)
writev(1, 0x00007ffdaf093080, 2)
open('/home/runner/.nimble/packages_official.json', 557056, 0x00000000000001b6)
mkdir('/home/', 0x00000000000001ff)
mkdir('/home/runner/', 0x00000000000001ff)
mkdir('/home/runner/.nimble/', 0x00000000000001ff)
mkdir('/home/runner/.nimble/pkgcache/', 0x00000000000001ff)
mkdir('/home/runner/.nimble/pkgcache/githubcom_PMunchikeahomesmart', 0x00000000000001ff)
open('/home/runner/.nimble/pkgcache/githubcom_PMunchikeahomesmart', 622592, 0x0000000000000000)
writev(1, 0x00007ffdaf0930e0, 2)
open('/home/runner/.nimble/pkgcache/githubcom_PMunchikeahomesmart', 622592, 0x0000000000000000)
rmdir('/home/runner/.nimble/pkgcache/githubcom_PMunchikeahomesmart')
writev(1, 0x00007ffdaf092fd0, 2)
mkdir(94246929255168, 0x00000000000001ff)
Error tracing process: readBytes(0x000055b792bd4b00, 256) error: [Errno 5] Input/output error.
