    Reading official package list
Downloading https://github.com/matthewjcavalier/illwill_unsafe using git
    Cloning latest tagged version: 0.1.0
  Verifying dependencies for illwill@0.1.0
 Installing illwill@0.1.0
    Copying file /tmp/nimble_9756/githubcom_matthewjcavalierillwillunsafe/illwill.nim to /home/runner/.nimble/pkgs/illwill-0.1.0/illwill.nim
    Copying file /tmp/nimble_9756/githubcom_matthewjcavalierillwillunsafe/illwill.nimble to /home/runner/.nimble/pkgs/illwill-0.1.0/illwill.nimble
   Success: illwill installed successfully.
mkdir('/tmp', 0x00000000000001ff)
mkdir('/tmp/nimble_9756', 0x00000000000001ff)
mkdir('/tmp/nimble_9756/githubcom_matthewjcavalierillwillunsafe', 0x00000000000001ff)
rmdir('/tmp/nimble_9756/githubcom_matthewjcavalierillwillunsafe')
mkdir('/tmp/nimble_9756/githubcom_matthewjcavalierillwillunsafe', 0x00000000000001ff)
mkdir('/tmp/nimble_9756/githubcom_matthewjcavalierillwillunsafe/.git', 0x00000000000001ff)
mkdir('/tmp/nimble_9756/githubcom_matthewjcavalierillwillunsafe/.git/', 0x00000000000001ff)
mkdir('/tmp/nimble_9756/githubcom_matthewjcavalierillwillunsafe/.git/hooks/', 0x00000000000001ff)
mkdir('/tmp/nimble_9756/githubcom_matthewjcavalierillwillunsafe/.git/branches/', 0x00000000000001ff)
mkdir('/tmp/nimble_9756/githubcom_matthewjcavalierillwillunsafe/.git/info/', 0x00000000000001ff)
mkdir('/tmp/nimble_9756/githubcom_matthewjcavalierillwillunsafe/.git/refs', 0x00000000000001ff)
mkdir('/tmp/nimble_9756/githubcom_matthewjcavalierillwillunsafe/.git/refs/heads', 0x00000000000001ff)
mkdir('/tmp/nimble_9756/githubcom_matthewjcavalierillwillunsafe/.git/refs/tags', 0x00000000000001ff)
rename('/tmp/nimble_9756/githubcom_matthewjcavalierillwillunsafe/.git/HEAD.lock', '/tmp/nimble_9756/githubcom_matthewjcavalierillwillunsafe/.git/HEAD')
rename('/tmp/nimble_9756/githubcom_matthewjcavalierillwillunsafe/.git/config.lock', '/tmp/nimble_9756/githubcom_matthewjcavalierillwillunsafe/.git/config')
chmod('/tmp/nimble_9756/githubcom_matthewjcavalierillwillunsafe/.git/config', 0x00000000000081e4)
chmod('/tmp/nimble_9756/githubcom_matthewjcavalierillwillunsafe/.git/config', 0x00000000000081a4)
chmod('/tmp/nimble_9756/githubcom_matthewjcavalierillwillunsafe/.git/config.lock', 0x00000000000001a4)
rename('/tmp/nimble_9756/githubcom_matthewjcavalierillwillunsafe/.git/config.lock', '/tmp/nimble_9756/githubcom_matthewjcavalierillwillunsafe/.git/config')
chmod('/tmp/nimble_9756/githubcom_matthewjcavalierillwillunsafe/.git/config.lock', 0x00000000000001a4)
rename('/tmp/nimble_9756/githubcom_matthewjcavalierillwillunsafe/.git/config.lock', '/tmp/nimble_9756/githubcom_matthewjcavalierillwillunsafe/.git/config')
chmod('/tmp/nimble_9756/githubcom_matthewjcavalierillwillunsafe/.git/config.lock', 0x00000000000001a4)
rename('/tmp/nimble_9756/githubcom_matthewjcavalierillwillunsafe/.git/config.lock', '/tmp/nimble_9756/githubcom_matthewjcavalierillwillunsafe/.git/config')
unlink('/tmp/nimble_9756/githubcom_matthewjcavalierillwillunsafe/.git/thd06Iy')
symlink('testing', '/tmp/nimble_9756/githubcom_matthewjcavalierillwillunsafe/.git/thd06Iy')
unlink('/tmp/nimble_9756/githubcom_matthewjcavalierillwillunsafe/.git/thd06Iy')
mkdir('/tmp/nimble_9756/githubcom_matthewjcavalierillwillunsafe/.git/objects', 0x00000000000001ff)
mkdir('/tmp/nimble_9756/githubcom_matthewjcavalierillwillunsafe/.git/objects/pack', 0x00000000000001ff)
mkdir('/tmp/nimble_9756/githubcom_matthewjcavalierillwillunsafe/.git/objects/info', 0x00000000000001ff)
chmod('/tmp/nimble_9756/githubcom_matthewjcavalierillwillunsafe/.git/config.lock', 0x00000000000001a4)
rename('/tmp/nimble_9756/githubcom_matthewjcavalierillwillunsafe/.git/config.lock', '/tmp/nimble_9756/githubcom_matthewjcavalierillwillunsafe/.git/config')
chmod('/tmp/nimble_9756/githubcom_matthewjcavalierillwillunsafe/.git/config.lock', 0x00000000000001a4)
rename('/tmp/nimble_9756/githubcom_matthewjcavalierillwillunsafe/.git/config.lock', '/tmp/nimble_9756/githubcom_matthewjcavalierillwillunsafe/.git/config')
chmod('/tmp/nimble_9756/githubcom_matthewjcavalierillwillunsafe/.git/config.lock', 0x00000000000001a4)
rename('/tmp/nimble_9756/githubcom_matthewjcavalierillwillunsafe/.git/config.lock', '/tmp/nimble_9756/githubcom_matthewjcavalierillwillunsafe/.git/config')
link('/tmp/nimble_9756/githubcom_matthewjcavalierillwillunsafe/.git/objects/pack/tmp_pack_gn7D2b', '/tmp/nimble_9756/githubcom_matthewjcavalierillwillunsafe/.git/objects/pack/pack-480f7bd588d38463818b2c1edb57929b8e4cc729.pack')
unlink('/tmp/nimble_9756/githubcom_matthewjcavalierillwillunsafe/.git/objects/pack/tmp_pack_gn7D2b')
link('/tmp/nimble_9756/githubcom_matthewjcavalierillwillunsafe/.git/objects/pack/tmp_idx_G2qyu6', '/tmp/nimble_9756/githubcom_matthewjcavalierillwillunsafe/.git/objects/pack/pack-480f7bd588d38463818b2c1edb57929b8e4cc729.idx')
unlink('/tmp/nimble_9756/githubcom_matthewjcavalierillwillunsafe/.git/objects/pack/tmp_idx_G2qyu6')
rename('/tmp/nimble_9756/githubcom_matthewjcavalierillwillunsafe/.git/shallow.lock', '/tmp/nimble_9756/githubcom_matthewjcavalierillwillunsafe/.git/shallow')
rename('/tmp/nimble_9756/githubcom_matthewjcavalierillwillunsafe/.git/packed-refs.new', '/tmp/nimble_9756/githubcom_matthewjcavalierillwillunsafe/.git/packed-refs')
unlink('/tmp/nimble_9756/githubcom_matthewjcavalierillwillunsafe/.git/packed-refs.lock')
unlink('/tmp/nimble_9756/githubcom_matthewjcavalierillwillunsafe/.git/refs/tags/0.1.0.lock')
mkdir('/tmp/nimble_9756/githubcom_matthewjcavalierillwillunsafe/.git/logs', 0x00000000000001ff)
rename('/tmp/nimble_9756/githubcom_matthewjcavalierillwillunsafe/.git/HEAD.lock', '/tmp/nimble_9756/githubcom_matthewjcavalierillwillunsafe/.git/HEAD')
unlink('/tmp/nimble_9756/githubcom_matthewjcavalierillwillunsafe/.git/objects/pack/pack-480f7bd588d38463818b2c1edb57929b8e4cc729.keep')
mkdir('doc', 0x00000000000001ff)
mkdir('examples', 0x00000000000001ff)
mkdir('img', 0x00000000000001ff)
rename('/tmp/nimble_9756/githubcom_matthewjcavalierillwillunsafe/.git/index.lock', '/tmp/nimble_9756/githubcom_matthewjcavalierillwillunsafe/.git/index')
mkdir('/tmp', 0x00000000000001ff)
mkdir('/tmp/nimblecache', 0x00000000000001ff)
mkdir('/tmp/nimblecache/illwill_1229223425', 0x00000000000001ff)
unlink('/tmp/nimblecache/illwill_1229223425/illwill.ini')
unlink('/tmp/nimble_9756.out')
unlink('/tmp/nimble_9756/githubcom_matthewjcavalierillwillunsafe/illwill_9756.nims')
mkdir('/home', 0x00000000000001ff)
mkdir('/home/runner', 0x00000000000001ff)
mkdir('/home/runner/.nimble', 0x00000000000001ff)
mkdir('/home/runner/.nimble/pkgs', 0x00000000000001ff)
mkdir('/home/runner/.nimble/pkgs/illwill-0.1.0', 0x00000000000001ff)
mkdir('/home', 0x00000000000001ff)
mkdir('/home/runner', 0x00000000000001ff)
mkdir('/home/runner/.nimble', 0x00000000000001ff)
mkdir('/home/runner/.nimble/pkgs', 0x00000000000001ff)
mkdir('/home/runner/.nimble/pkgs/illwill-0.1.0', 0x00000000000001ff)
chmod('/home/runner/.nimble/pkgs/illwill-0.1.0/illwill.nim', 0x00000000000001a4)
chmod('/home/runner/.nimble/pkgs/illwill-0.1.0/illwill.nimble', 0x00000000000001a4)
mkdir('/tmp', 0x00000000000001ff)
mkdir('/tmp/nimblecache', 0x00000000000001ff)
mkdir('/tmp/nimblecache/illwill_1725286628', 0x00000000000001ff)
unlink('/tmp/nimblecache/illwill_1725286628/illwill.ini')
unlink('/tmp/nimble_9756.out')
unlink('/home/runner/.nimble/pkgs/illwill-0.1.0/illwill_9756.nims')
unlink('/tmp/nimble_9756/githubcom_matthewjcavalierillwillunsafe/examples/simplekeycodes.nim')
unlink('/tmp/nimble_9756/githubcom_matthewjcavalierillwillunsafe/examples/drawtest.nim')
unlink('/tmp/nimble_9756/githubcom_matthewjcavalierillwillunsafe/examples/fullscreen.nim')
unlink('/tmp/nimble_9756/githubcom_matthewjcavalierillwillunsafe/examples/readmeexample.nim')
unlink('/tmp/nimble_9756/githubcom_matthewjcavalierillwillunsafe/examples/nim.cfg')
unlink('/tmp/nimble_9756/githubcom_matthewjcavalierillwillunsafe/examples/boxdrawing.nim')
unlink('/tmp/nimble_9756/githubcom_matthewjcavalierillwillunsafe/examples/keycodes.nim')
rmdir('/tmp/nimble_9756/githubcom_matthewjcavalierillwillunsafe/examples')
unlink('/tmp/nimble_9756/githubcom_matthewjcavalierillwillunsafe/README.md')
rmdir('/tmp/nimble_9756/githubcom_matthewjcavalierillwillunsafe/.git/refs/heads')
rmdir('/tmp/nimble_9756/githubcom_matthewjcavalierillwillunsafe/.git/refs/tags')
rmdir('/tmp/nimble_9756/githubcom_matthewjcavalierillwillunsafe/.git/refs')
unlink('/tmp/nimble_9756/githubcom_matthewjcavalierillwillunsafe/.git/config')
unlink('/tmp/nimble_9756/githubcom_matthewjcavalierillwillunsafe/.git/logs/HEAD')
rmdir('/tmp/nimble_9756/githubcom_matthewjcavalierillwillunsafe/.git/logs')
unlink('/tmp/nimble_9756/githubcom_matthewjcavalierillwillunsafe/.git/packed-refs')
unlink('/tmp/nimble_9756/githubcom_matthewjcavalierillwillunsafe/.git/HEAD')
unlink('/tmp/nimble_9756/githubcom_matthewjcavalierillwillunsafe/.git/description')
unlink('/tmp/nimble_9756/githubcom_matthewjcavalierillwillunsafe/.git/hooks/fsmonitor-watchman.sample')
unlink('/tmp/nimble_9756/githubcom_matthewjcavalierillwillunsafe/.git/hooks/pre-commit.sample')
unlink('/tmp/nimble_9756/githubcom_matthewjcavalierillwillunsafe/.git/hooks/applypatch-msg.sample')
unlink('/tmp/nimble_9756/githubcom_matthewjcavalierillwillunsafe/.git/hooks/pre-rebase.sample')
unlink('/tmp/nimble_9756/githubcom_matthewjcavalierillwillunsafe/.git/hooks/update.sample')
unlink('/tmp/nimble_9756/githubcom_matthewjcavalierillwillunsafe/.git/hooks/pre-push.sample')
unlink('/tmp/nimble_9756/githubcom_matthewjcavalierillwillunsafe/.git/hooks/pre-receive.sample')
unlink('/tmp/nimble_9756/githubcom_matthewjcavalierillwillunsafe/.git/hooks/pre-applypatch.sample')
unlink('/tmp/nimble_9756/githubcom_matthewjcavalierillwillunsafe/.git/hooks/post-update.sample')
unlink('/tmp/nimble_9756/githubcom_matthewjcavalierillwillunsafe/.git/hooks/prepare-commit-msg.sample')
unlink('/tmp/nimble_9756/githubcom_matthewjcavalierillwillunsafe/.git/hooks/commit-msg.sample')
unlink('/tmp/nimble_9756/githubcom_matthewjcavalierillwillunsafe/.git/hooks/pre-merge-commit.sample')
rmdir('/tmp/nimble_9756/githubcom_matthewjcavalierillwillunsafe/.git/hooks')
unlink('/tmp/nimble_9756/githubcom_matthewjcavalierillwillunsafe/.git/objects/pack/pack-480f7bd588d38463818b2c1edb57929b8e4cc729.pack')
unlink('/tmp/nimble_9756/githubcom_matthewjcavalierillwillunsafe/.git/objects/pack/pack-480f7bd588d38463818b2c1edb57929b8e4cc729.idx')
rmdir('/tmp/nimble_9756/githubcom_matthewjcavalierillwillunsafe/.git/objects/pack')
rmdir('/tmp/nimble_9756/githubcom_matthewjcavalierillwillunsafe/.git/objects/info')
rmdir('/tmp/nimble_9756/githubcom_matthewjcavalierillwillunsafe/.git/objects')
rmdir('/tmp/nimble_9756/githubcom_matthewjcavalierillwillunsafe/.git/branches')
unlink('/tmp/nimble_9756/githubcom_matthewjcavalierillwillunsafe/.git/index')
unlink('/tmp/nimble_9756/githubcom_matthewjcavalierillwillunsafe/.git/info/exclude')
rmdir('/tmp/nimble_9756/githubcom_matthewjcavalierillwillunsafe/.git/info')
unlink('/tmp/nimble_9756/githubcom_matthewjcavalierillwillunsafe/.git/shallow')
rmdir('/tmp/nimble_9756/githubcom_matthewjcavalierillwillunsafe/.git')
unlink('/tmp/nimble_9756/githubcom_matthewjcavalierillwillunsafe/img/nim-mod-2.png')
unlink('/tmp/nimble_9756/githubcom_matthewjcavalierillwillunsafe/img/nim-mod-1.png')
rmdir('/tmp/nimble_9756/githubcom_matthewjcavalierillwillunsafe/img')
unlink('/tmp/nimble_9756/githubcom_matthewjcavalierillwillunsafe/COPYING')
unlink('/tmp/nimble_9756/githubcom_matthewjcavalierillwillunsafe/.gitignore')
unlink('/tmp/nimble_9756/githubcom_matthewjcavalierillwillunsafe/illwill.nim')
unlink('/tmp/nimble_9756/githubcom_matthewjcavalierillwillunsafe/illwill.nimble')
unlink('/tmp/nimble_9756/githubcom_matthewjcavalierillwillunsafe/doc/illwill.html')
rmdir('/tmp/nimble_9756/githubcom_matthewjcavalierillwillunsafe/doc')
rmdir('/tmp/nimble_9756/githubcom_matthewjcavalierillwillunsafe')
rmdir('/tmp/nimble_9756')
  create directory /tmp
  create directory /tmp/nimble_9756
  create directory /tmp/nimble_9756/githubcom_matthewjcavalierillwillunsafe
  delete /tmp/nimble_9756/githubcom_matthewjcavalierillwillunsafe
  create directory /tmp/nimble_9756/githubcom_matthewjcavalierillwillunsafe
  create directory /tmp/nimble_9756/githubcom_matthewjcavalierillwillunsafe/.git
  create directory /tmp/nimble_9756/githubcom_matthewjcavalierillwillunsafe/.git
  create directory /tmp/nimble_9756/githubcom_matthewjcavalierillwillunsafe/.git/hooks
  create directory /tmp/nimble_9756/githubcom_matthewjcavalierillwillunsafe/.git/branches
  create directory /tmp/nimble_9756/githubcom_matthewjcavalierillwillunsafe/.git/info
  create directory /tmp/nimble_9756/githubcom_matthewjcavalierillwillunsafe/.git/refs
  create directory /tmp/nimble_9756/githubcom_matthewjcavalierillwillunsafe/.git/refs/heads
  create directory /tmp/nimble_9756/githubcom_matthewjcavalierillwillunsafe/.git/refs/tags
  rename /tmp/nimble_9756/githubcom_matthewjcavalierillwillunsafe/.git/HEAD.lock to HEAD
  rename /tmp/nimble_9756/githubcom_matthewjcavalierillwillunsafe/.git/config.lock to config
  change permissions of /tmp/nimble_9756/githubcom_matthewjcavalierillwillunsafe/.git/config to rwxr--r--
  change permissions of /tmp/nimble_9756/githubcom_matthewjcavalierillwillunsafe/.git/config to rw-r--r--
  change permissions of /tmp/nimble_9756/githubcom_matthewjcavalierillwillunsafe/.git/config.lock to rw-r--r--
  rename /tmp/nimble_9756/githubcom_matthewjcavalierillwillunsafe/.git/config.lock to config
  change permissions of /tmp/nimble_9756/githubcom_matthewjcavalierillwillunsafe/.git/config.lock to rw-r--r--
  rename /tmp/nimble_9756/githubcom_matthewjcavalierillwillunsafe/.git/config.lock to config
  change permissions of /tmp/nimble_9756/githubcom_matthewjcavalierillwillunsafe/.git/config.lock to rw-r--r--
  rename /tmp/nimble_9756/githubcom_matthewjcavalierillwillunsafe/.git/config.lock to config
  delete /tmp/nimble_9756/githubcom_matthewjcavalierillwillunsafe/.git/thd06Iy
  create symbolic link from /tmp/nimble_9756/githubcom_matthewjcavalierillwillunsafe/.git/thd06Iy to /home/runner/work/nim_packages_security_audit/nim_packages_security_audit/testing
  delete /tmp/nimble_9756/githubcom_matthewjcavalierillwillunsafe/.git/thd06Iy
  create directory /tmp/nimble_9756/githubcom_matthewjcavalierillwillunsafe/.git/objects
  create directory /tmp/nimble_9756/githubcom_matthewjcavalierillwillunsafe/.git/objects/pack
  create directory /tmp/nimble_9756/githubcom_matthewjcavalierillwillunsafe/.git/objects/info
  change permissions of /tmp/nimble_9756/githubcom_matthewjcavalierillwillunsafe/.git/config.lock to rw-r--r--
  rename /tmp/nimble_9756/githubcom_matthewjcavalierillwillunsafe/.git/config.lock to config
  change permissions of /tmp/nimble_9756/githubcom_matthewjcavalierillwillunsafe/.git/config.lock to rw-r--r--
  rename /tmp/nimble_9756/githubcom_matthewjcavalierillwillunsafe/.git/config.lock to config
  change permissions of /tmp/nimble_9756/githubcom_matthewjcavalierillwillunsafe/.git/config.lock to rw-r--r--
  rename /tmp/nimble_9756/githubcom_matthewjcavalierillwillunsafe/.git/config.lock to config
  create hard link from /tmp/nimble_9756/githubcom_matthewjcavalierillwillunsafe/.git/objects/pack/pack-480f7bd588d38463818b2c1edb57929b8e4cc729.pack to /tmp/nimble_9756/githubcom_matthewjcavalierillwillunsafe/.git/objects/pack/tmp_pack_gn7D2b
  delete /tmp/nimble_9756/githubcom_matthewjcavalierillwillunsafe/.git/objects/pack/tmp_pack_gn7D2b
  create hard link from /tmp/nimble_9756/githubcom_matthewjcavalierillwillunsafe/.git/objects/pack/pack-480f7bd588d38463818b2c1edb57929b8e4cc729.idx to /tmp/nimble_9756/githubcom_matthewjcavalierillwillunsafe/.git/objects/pack/tmp_idx_G2qyu6
  delete /tmp/nimble_9756/githubcom_matthewjcavalierillwillunsafe/.git/objects/pack/tmp_idx_G2qyu6
  rename /tmp/nimble_9756/githubcom_matthewjcavalierillwillunsafe/.git/shallow.lock to shallow
  rename /tmp/nimble_9756/githubcom_matthewjcavalierillwillunsafe/.git/packed-refs.new to packed-refs
  delete /tmp/nimble_9756/githubcom_matthewjcavalierillwillunsafe/.git/packed-refs.lock
  delete /tmp/nimble_9756/githubcom_matthewjcavalierillwillunsafe/.git/refs/tags/0.1.0.lock
  create directory /tmp/nimble_9756/githubcom_matthewjcavalierillwillunsafe/.git/logs
  rename /tmp/nimble_9756/githubcom_matthewjcavalierillwillunsafe/.git/HEAD.lock to HEAD
  delete /tmp/nimble_9756/githubcom_matthewjcavalierillwillunsafe/.git/objects/pack/pack-480f7bd588d38463818b2c1edb57929b8e4cc729.keep
  create directory /tmp/nimble_9756/githubcom_matthewjcavalierillwillunsafe/doc
  create directory /tmp/nimble_9756/githubcom_matthewjcavalierillwillunsafe/examples
  create directory /tmp/nimble_9756/githubcom_matthewjcavalierillwillunsafe/img
  rename /tmp/nimble_9756/githubcom_matthewjcavalierillwillunsafe/.git/index.lock to index
  create directory /tmp
  create directory /tmp/nimblecache
  create directory /tmp/nimblecache/illwill_1229223425
  delete /tmp/nimblecache/illwill_1229223425/illwill.ini
  delete /tmp/nimble_9756.out
  delete /tmp/nimble_9756/githubcom_matthewjcavalierillwillunsafe/illwill_9756.nims
  create directory /home
  create directory /home/runner
  create directory /home/runner/.nimble
  create directory /home/runner/.nimble/pkgs
  create directory /home/runner/.nimble/pkgs/illwill-0.1.0
  create directory /home
  create directory /home/runner
  create directory /home/runner/.nimble
  create directory /home/runner/.nimble/pkgs
  create directory /home/runner/.nimble/pkgs/illwill-0.1.0
  change permissions of /home/runner/.nimble/pkgs/illwill-0.1.0/illwill.nim to rw-r--r--
  change permissions of /home/runner/.nimble/pkgs/illwill-0.1.0/illwill.nimble to rw-r--r--
  create directory /tmp
  create directory /tmp/nimblecache
  create directory /tmp/nimblecache/illwill_1725286628
  delete /tmp/nimblecache/illwill_1725286628/illwill.ini
  delete /tmp/nimble_9756.out
  delete /home/runner/.nimble/pkgs/illwill-0.1.0/illwill_9756.nims
  delete /tmp/nimble_9756/githubcom_matthewjcavalierillwillunsafe/examples/simplekeycodes.nim
  delete /tmp/nimble_9756/githubcom_matthewjcavalierillwillunsafe/examples/drawtest.nim
  delete /tmp/nimble_9756/githubcom_matthewjcavalierillwillunsafe/examples/fullscreen.nim
  delete /tmp/nimble_9756/githubcom_matthewjcavalierillwillunsafe/examples/readmeexample.nim
  delete /tmp/nimble_9756/githubcom_matthewjcavalierillwillunsafe/examples/nim.cfg
  delete /tmp/nimble_9756/githubcom_matthewjcavalierillwillunsafe/examples/boxdrawing.nim
  delete /tmp/nimble_9756/githubcom_matthewjcavalierillwillunsafe/examples/keycodes.nim
  delete /tmp/nimble_9756/githubcom_matthewjcavalierillwillunsafe/examples
  delete /tmp/nimble_9756/githubcom_matthewjcavalierillwillunsafe/README.md
  delete /tmp/nimble_9756/githubcom_matthewjcavalierillwillunsafe/.git/refs/heads
  delete /tmp/nimble_9756/githubcom_matthewjcavalierillwillunsafe/.git/refs/tags
  delete /tmp/nimble_9756/githubcom_matthewjcavalierillwillunsafe/.git/refs
  delete /tmp/nimble_9756/githubcom_matthewjcavalierillwillunsafe/.git/config
  delete /tmp/nimble_9756/githubcom_matthewjcavalierillwillunsafe/.git/logs/HEAD
  delete /tmp/nimble_9756/githubcom_matthewjcavalierillwillunsafe/.git/logs
  delete /tmp/nimble_9756/githubcom_matthewjcavalierillwillunsafe/.git/packed-refs
  delete /tmp/nimble_9756/githubcom_matthewjcavalierillwillunsafe/.git/HEAD
  delete /tmp/nimble_9756/githubcom_matthewjcavalierillwillunsafe/.git/description
  delete /tmp/nimble_9756/githubcom_matthewjcavalierillwillunsafe/.git/hooks/fsmonitor-watchman.sample
  delete /tmp/nimble_9756/githubcom_matthewjcavalierillwillunsafe/.git/hooks/pre-commit.sample
  delete /tmp/nimble_9756/githubcom_matthewjcavalierillwillunsafe/.git/hooks/applypatch-msg.sample
  delete /tmp/nimble_9756/githubcom_matthewjcavalierillwillunsafe/.git/hooks/pre-rebase.sample
  delete /tmp/nimble_9756/githubcom_matthewjcavalierillwillunsafe/.git/hooks/update.sample
  delete /tmp/nimble_9756/githubcom_matthewjcavalierillwillunsafe/.git/hooks/pre-push.sample
  delete /tmp/nimble_9756/githubcom_matthewjcavalierillwillunsafe/.git/hooks/pre-receive.sample
  delete /tmp/nimble_9756/githubcom_matthewjcavalierillwillunsafe/.git/hooks/pre-applypatch.sample
  delete /tmp/nimble_9756/githubcom_matthewjcavalierillwillunsafe/.git/hooks/post-update.sample
  delete /tmp/nimble_9756/githubcom_matthewjcavalierillwillunsafe/.git/hooks/prepare-commit-msg.sample
  delete /tmp/nimble_9756/githubcom_matthewjcavalierillwillunsafe/.git/hooks/commit-msg.sample
  delete /tmp/nimble_9756/githubcom_matthewjcavalierillwillunsafe/.git/hooks/pre-merge-commit.sample
  delete /tmp/nimble_9756/githubcom_matthewjcavalierillwillunsafe/.git/hooks
  delete /tmp/nimble_9756/githubcom_matthewjcavalierillwillunsafe/.git/objects/pack/pack-480f7bd588d38463818b2c1edb57929b8e4cc729.pack
  delete /tmp/nimble_9756/githubcom_matthewjcavalierillwillunsafe/.git/objects/pack/pack-480f7bd588d38463818b2c1edb57929b8e4cc729.idx
  delete /tmp/nimble_9756/githubcom_matthewjcavalierillwillunsafe/.git/objects/pack
  delete /tmp/nimble_9756/githubcom_matthewjcavalierillwillunsafe/.git/objects/info
  delete /tmp/nimble_9756/githubcom_matthewjcavalierillwillunsafe/.git/objects
  delete /tmp/nimble_9756/githubcom_matthewjcavalierillwillunsafe/.git/branches
  delete /tmp/nimble_9756/githubcom_matthewjcavalierillwillunsafe/.git/index
  delete /tmp/nimble_9756/githubcom_matthewjcavalierillwillunsafe/.git/info/exclude
  delete /tmp/nimble_9756/githubcom_matthewjcavalierillwillunsafe/.git/info
  delete /tmp/nimble_9756/githubcom_matthewjcavalierillwillunsafe/.git/shallow
  delete /tmp/nimble_9756/githubcom_matthewjcavalierillwillunsafe/.git
  delete /tmp/nimble_9756/githubcom_matthewjcavalierillwillunsafe/img/nim-mod-2.png
  delete /tmp/nimble_9756/githubcom_matthewjcavalierillwillunsafe/img/nim-mod-1.png
  delete /tmp/nimble_9756/githubcom_matthewjcavalierillwillunsafe/img
  delete /tmp/nimble_9756/githubcom_matthewjcavalierillwillunsafe/COPYING
  delete /tmp/nimble_9756/githubcom_matthewjcavalierillwillunsafe/.gitignore
  delete /tmp/nimble_9756/githubcom_matthewjcavalierillwillunsafe/illwill.nim
  delete /tmp/nimble_9756/githubcom_matthewjcavalierillwillunsafe/illwill.nimble
  delete /tmp/nimble_9756/githubcom_matthewjcavalierillwillunsafe/doc/illwill.html
  delete /tmp/nimble_9756/githubcom_matthewjcavalierillwillunsafe/doc
  delete /tmp/nimble_9756/githubcom_matthewjcavalierillwillunsafe
  delete /tmp/nimble_9756
