     Info:  Nimble data file "/home/runner/.nimble/nimbledata2.json" has been loaded.
    Reading official package list
Downloading https://git.sr.ht/~ehmry/nim_imap using git
    Cloning latest tagged version: v0.3.0
open('/workspace/destdir/ssl/openssl.cnf', 32768, 0x00000000000001b6)
open('/home/runner/.config/nimble/nimble.ini', 557056, 0x00000000000001b6)
open('/home/runner/.config/babel/babel.ini', 557056, 0x00000000000001b6)
open('/home/runner/.nimble/nimbledata2.json', 557056, 0x00000000000001b6)
writev(1, 0x00007ffec22e01b0, 2)
writev(1, 0x00007ffec22dfa90, 2)
open('/home/runner/.nimble/packages_official.json', 557056, 0x00000000000001b6)
mkdir('/tmp/', 0x00000000000001ff)
mkdir('/tmp/nimble_2337/', 0x00000000000001ff)
mkdir('/tmp/nimble_2337/gitsrht_ehmrynimimap', 0x00000000000001ff)
writev(1, 0x00007ffec22dfa60, 2)
open('/tmp/nimble_2337/gitsrht_ehmrynimimap', 622592, 0x0000000000000000)
rmdir('/tmp/nimble_2337/gitsrht_ehmrynimimap')
writev(1, 0x00007ffec22df9d0, 2)
mkdir(93965995341696, 0x00000000000001ff)
Error tracing process: readBytes(0x0000557629c5f780, 256) error: [Errno 5] Input/output error.
