      Info: Package cache path /home/runner/.nimble/pkgcache
     Info:  Nimble data file "/home/runner/.nimble/nimbledata2.json" has been loaded.
    Reading official package list
Downloading https://github.com/not-lum/imgcat using git
   Warning: The package has no tagged releases, downloading HEAD instead.
open('/workspace/destdir/ssl/openssl.cnf', 32768, 0x00000000000001b6)
open('/home/runner/.config/nimble/nimble.ini', 557056, 0x00000000000001b6)
open('/home/runner/.config/babel/babel.ini', 557056, 0x00000000000001b6)
writev(1, 0x00007ffea452fd20, 2)
open('/home/runner/.nimble/nimbledata2.json', 557056, 0x00000000000001b6)
writev(1, 0x00007ffea452fdf0, 2)
writev(1, 0x00007ffc84282550, 2)
writev(1, 0x00007ffc842825e0, 2)
writev(1, 0x00007ffc842825e0, 2)
writev(1, 0x00007ffc842825e0, 2)
writev(1, 0x00007ffea452e800, 2)
open('/home/runner/.nimble/packages_official.json', 557056, 0x00000000000001b6)
mkdir('/home/', 0x00000000000001ff)
mkdir('/home/runner/', 0x00000000000001ff)
mkdir('/home/runner/.nimble/', 0x00000000000001ff)
mkdir('/home/runner/.nimble/pkgcache/', 0x00000000000001ff)
mkdir('/home/runner/.nimble/pkgcache/githubcom_notlumimgcat', 0x00000000000001ff)
open('/home/runner/.nimble/pkgcache/githubcom_notlumimgcat', 622592, 0x0000000000000000)
writev(1, 0x00007ffea452e860, 2)
open('/home/runner/.nimble/pkgcache/githubcom_notlumimgcat', 622592, 0x0000000000000000)
rmdir('/home/runner/.nimble/pkgcache/githubcom_notlumimgcat')
writev(1, 0x00007ffea452e750, 2)
mkdir(94892154964640, 0x00000000000001ff)
Error tracing process: readBytes(0x0000564dcd304aa0, 256) error: [Errno 5] Input/output error.
