    Reading official package list
Downloading https://github.com/fredrikhr/nim-importc-helpers.git using git
  Verifying dependencies for importc_helpers@1.0.0
 Installing importc_helpers@1.0.0
    Copying file /tmp/nimble_8848/githubcom_fredrikhrnimimportchelpersgit/src/importc_helpers.nim to /home/runner/.nimble/pkgs/importc_helpers-1.0.0/importc_helpers.nim
mkdir('/tmp', 0x00000000000001ff)
mkdir('/tmp/nimble_8848', 0x00000000000001ff)
mkdir('/tmp/nimble_8848/githubcom_fredrikhrnimimportchelpersgit', 0x00000000000001ff)
rmdir('/tmp/nimble_8848/githubcom_fredrikhrnimimportchelpersgit')
mkdir('/tmp/nimble_8848/githubcom_fredrikhrnimimportchelpersgit', 0x00000000000001ff)
mkdir('/tmp/nimble_8848/githubcom_fredrikhrnimimportchelpersgit/.git', 0x00000000000001ff)
mkdir('/tmp/nimble_8848/githubcom_fredrikhrnimimportchelpersgit/.git/', 0x00000000000001ff)
mkdir('/tmp/nimble_8848/githubcom_fredrikhrnimimportchelpersgit/.git/branches/', 0x00000000000001ff)
mkdir('/tmp/nimble_8848/githubcom_fredrikhrnimimportchelpersgit/.git/hooks/', 0x00000000000001ff)
mkdir('/tmp/nimble_8848/githubcom_fredrikhrnimimportchelpersgit/.git/info/', 0x00000000000001ff)
mkdir('/tmp/nimble_8848/githubcom_fredrikhrnimimportchelpersgit/.git/refs', 0x00000000000001ff)
mkdir('/tmp/nimble_8848/githubcom_fredrikhrnimimportchelpersgit/.git/refs/heads', 0x00000000000001ff)
mkdir('/tmp/nimble_8848/githubcom_fredrikhrnimimportchelpersgit/.git/refs/tags', 0x00000000000001ff)
rename('/tmp/nimble_8848/githubcom_fredrikhrnimimportchelpersgit/.git/HEAD.lock', '/tmp/nimble_8848/githubcom_fredrikhrnimimportchelpersgit/.git/HEAD')
rename('/tmp/nimble_8848/githubcom_fredrikhrnimimportchelpersgit/.git/config.lock', '/tmp/nimble_8848/githubcom_fredrikhrnimimportchelpersgit/.git/config')
chmod('/tmp/nimble_8848/githubcom_fredrikhrnimimportchelpersgit/.git/config', 0x00000000000081e4)
chmod('/tmp/nimble_8848/githubcom_fredrikhrnimimportchelpersgit/.git/config', 0x00000000000081a4)
chmod('/tmp/nimble_8848/githubcom_fredrikhrnimimportchelpersgit/.git/config.lock', 0x00000000000001a4)
rename('/tmp/nimble_8848/githubcom_fredrikhrnimimportchelpersgit/.git/config.lock', '/tmp/nimble_8848/githubcom_fredrikhrnimimportchelpersgit/.git/config')
chmod('/tmp/nimble_8848/githubcom_fredrikhrnimimportchelpersgit/.git/config.lock', 0x00000000000001a4)
rename('/tmp/nimble_8848/githubcom_fredrikhrnimimportchelpersgit/.git/config.lock', '/tmp/nimble_8848/githubcom_fredrikhrnimimportchelpersgit/.git/config')
chmod('/tmp/nimble_8848/githubcom_fredrikhrnimimportchelpersgit/.git/config.lock', 0x00000000000001a4)
rename('/tmp/nimble_8848/githubcom_fredrikhrnimimportchelpersgit/.git/config.lock', '/tmp/nimble_8848/githubcom_fredrikhrnimimportchelpersgit/.git/config')
unlink('/tmp/nimble_8848/githubcom_fredrikhrnimimportchelpersgit/.git/tGjtcot')
symlink('testing', '/tmp/nimble_8848/githubcom_fredrikhrnimimportchelpersgit/.git/tGjtcot')
unlink('/tmp/nimble_8848/githubcom_fredrikhrnimimportchelpersgit/.git/tGjtcot')
mkdir('/tmp/nimble_8848/githubcom_fredrikhrnimimportchelpersgit/.git/objects', 0x00000000000001ff)
mkdir('/tmp/nimble_8848/githubcom_fredrikhrnimimportchelpersgit/.git/objects/pack', 0x00000000000001ff)
mkdir('/tmp/nimble_8848/githubcom_fredrikhrnimimportchelpersgit/.git/objects/info', 0x00000000000001ff)
chmod('/tmp/nimble_8848/githubcom_fredrikhrnimimportchelpersgit/.git/config.lock', 0x00000000000001a4)
rename('/tmp/nimble_8848/githubcom_fredrikhrnimimportchelpersgit/.git/config.lock', '/tmp/nimble_8848/githubcom_fredrikhrnimimportchelpersgit/.git/config')
chmod('/tmp/nimble_8848/githubcom_fredrikhrnimimportchelpersgit/.git/config.lock', 0x00000000000001a4)
rename('/tmp/nimble_8848/githubcom_fredrikhrnimimportchelpersgit/.git/config.lock', '/tmp/nimble_8848/githubcom_fredrikhrnimimportchelpersgit/.git/config')
chmod('/tmp/nimble_8848/githubcom_fredrikhrnimimportchelpersgit/.git/config.lock', 0x00000000000001a4)
rename('/tmp/nimble_8848/githubcom_fredrikhrnimimportchelpersgit/.git/config.lock', '/tmp/nimble_8848/githubcom_fredrikhrnimimportchelpersgit/.git/config')
link('/tmp/nimble_8848/githubcom_fredrikhrnimimportchelpersgit/.git/objects/pack/tmp_pack_u4AugL', '/tmp/nimble_8848/githubcom_fredrikhrnimimportchelpersgit/.git/objects/pack/pack-82c7a16f725fe84e951005a8ed7ee8ef3d1525fe.pack')
unlink('/tmp/nimble_8848/githubcom_fredrikhrnimimportchelpersgit/.git/objects/pack/tmp_pack_u4AugL')
link('/tmp/nimble_8848/githubcom_fredrikhrnimimportchelpersgit/.git/objects/pack/tmp_idx_Ed1CyX', '/tmp/nimble_8848/githubcom_fredrikhrnimimportchelpersgit/.git/objects/pack/pack-82c7a16f725fe84e951005a8ed7ee8ef3d1525fe.idx')
unlink('/tmp/nimble_8848/githubcom_fredrikhrnimimportchelpersgit/.git/objects/pack/tmp_idx_Ed1CyX')
rename('/tmp/nimble_8848/githubcom_fredrikhrnimimportchelpersgit/.git/shallow.lock', '/tmp/nimble_8848/githubcom_fredrikhrnimimportchelpersgit/.git/shallow')
rename('/tmp/nimble_8848/githubcom_fredrikhrnimimportchelpersgit/.git/packed-refs.new', '/tmp/nimble_8848/githubcom_fredrikhrnimimportchelpersgit/.git/packed-refs')
unlink('/tmp/nimble_8848/githubcom_fredrikhrnimimportchelpersgit/.git/packed-refs.lock')
mkdir('/tmp/nimble_8848/githubcom_fredrikhrnimimportchelpersgit/.git/refs/remotes', 0x00000000000001ff)
mkdir('/tmp/nimble_8848/githubcom_fredrikhrnimimportchelpersgit/.git/refs/remotes/origin', 0x00000000000001ff)
mkdir('/tmp/nimble_8848/githubcom_fredrikhrnimimportchelpersgit/.git/logs', 0x00000000000001ff)
mkdir('/tmp/nimble_8848/githubcom_fredrikhrnimimportchelpersgit/.git/logs/refs', 0x00000000000001ff)
mkdir('/tmp/nimble_8848/githubcom_fredrikhrnimimportchelpersgit/.git/logs/refs/remotes', 0x00000000000001ff)
mkdir('/tmp/nimble_8848/githubcom_fredrikhrnimimportchelpersgit/.git/logs/refs/remotes/origin', 0x00000000000001ff)
rename('/tmp/nimble_8848/githubcom_fredrikhrnimimportchelpersgit/.git/refs/remotes/origin/HEAD.lock', '/tmp/nimble_8848/githubcom_fredrikhrnimimportchelpersgit/.git/refs/remotes/origin/HEAD')
rename('/tmp/nimble_8848/githubcom_fredrikhrnimimportchelpersgit/.git/HEAD.lock', '/tmp/nimble_8848/githubcom_fredrikhrnimimportchelpersgit/.git/HEAD')
mkdir('/tmp/nimble_8848/githubcom_fredrikhrnimimportchelpersgit/.git/logs/refs/heads', 0x00000000000001ff)
rename('/tmp/nimble_8848/githubcom_fredrikhrnimimportchelpersgit/.git/refs/heads/master.lock', '/tmp/nimble_8848/githubcom_fredrikhrnimimportchelpersgit/.git/refs/heads/master')
unlink('/tmp/nimble_8848/githubcom_fredrikhrnimimportchelpersgit/.git/HEAD.lock')
chmod('/tmp/nimble_8848/githubcom_fredrikhrnimimportchelpersgit/.git/config.lock', 0x00000000000001a4)
rename('/tmp/nimble_8848/githubcom_fredrikhrnimimportchelpersgit/.git/config.lock', '/tmp/nimble_8848/githubcom_fredrikhrnimimportchelpersgit/.git/config')
chmod('/tmp/nimble_8848/githubcom_fredrikhrnimimportchelpersgit/.git/config.lock', 0x00000000000001a4)
rename('/tmp/nimble_8848/githubcom_fredrikhrnimimportchelpersgit/.git/config.lock', '/tmp/nimble_8848/githubcom_fredrikhrnimimportchelpersgit/.git/config')
unlink('/tmp/nimble_8848/githubcom_fredrikhrnimimportchelpersgit/.git/objects/pack/pack-82c7a16f725fe84e951005a8ed7ee8ef3d1525fe.keep')
mkdir('.vscode', 0x00000000000001ff)
mkdir('src', 0x00000000000001ff)
mkdir('src/importc_helpers', 0x00000000000001ff)
mkdir('test', 0x00000000000001ff)
rename('/tmp/nimble_8848/githubcom_fredrikhrnimimportchelpersgit/.git/index.lock', '/tmp/nimble_8848/githubcom_fredrikhrnimimportchelpersgit/.git/index')
mkdir('/tmp', 0x00000000000001ff)
mkdir('/tmp/nimblecache', 0x00000000000001ff)
mkdir('/tmp/nimblecache/importc_helpers_2743387224', 0x00000000000001ff)
unlink('/tmp/nimblecache/importc_helpers_2743387224/importc_helpers.ini')
unlink('/tmp/nimble_8848.out')
unlink('/tmp/nimble_8848/githubcom_fredrikhrnimimportchelpersgit/importc_helpers_8848.nims')
mkdir('/home', 0x00000000000001ff)
mkdir('/home/runner', 0x00000000000001ff)
mkdir('/home/runner/.nimble', 0x00000000000001ff)
mkdir('/home/runner/.nimble/pkgs', 0x00000000000001ff)
mkdir('/home/runner/.nimble/pkgs/importc_helpers-1.0.0', 0x00000000000001ff)
mkdir('/home', 0x00000000000001ff)
mkdir('/home/runner', 0x00000000000001ff)
mkdir('/home/runner/.nimble', 0x00000000000001ff)
mkdir('/home/runner/.nimble/pkgs', 0x00000000000001ff)
mkdir('/home/runner/.nimble/pkgs/importc_helpers-1.0.0', 0x00000000000001ff)
chmod('/home/runner/.nimble/pkgs/importc_helpers-1.0.0/importc_helpers.nim', 0x00000000000001a4)
mkdir('/home', 0x00000000000001ff)
mkdir('/home/runner', 0x00000000000001ff)
mkdir('/home/runner/.nimble', 0x00000000000001ff)
mkdir('/home/runner/.nimble/pkgs', 0x00000000000001ff)    Copying file /tmp/nimble_8848/githubcom_fredrikhrnimimportchelpersgit/src/importc_helpers.nim.cfg to /home/runner/.nimble/pkgs/importc_helpers-1.0.0/importc_helpers.nim.cfg
    Copying file /tmp/nimble_8848/githubcom_fredrikhrnimimportchelpersgit/src/importc_helpers/importc_pragma.nim to /home/runner/.nimble/pkgs/importc_helpers-1.0.0/importc_helpers/importc_pragma.nim
    Copying file /tmp/nimble_8848/githubcom_fredrikhrnimimportchelpersgit/src/importc_helpers/importc_distinct.nim to /home/runner/.nimble/pkgs/importc_helpers-1.0.0/importc_helpers/importc_distinct.nim
    Copying file /tmp/nimble_8848/githubcom_fredrikhrnimimportchelpersgit/importc_helpers.nimble to /home/runner/.nimble/pkgs/importc_helpers-1.0.0/importc_helpers.nimble
   Success: importc_helpers installed successfully.

mkdir('/home/runner/.nimble/pkgs/importc_helpers-1.0.0', 0x00000000000001ff)
chmod('/home/runner/.nimble/pkgs/importc_helpers-1.0.0/importc_helpers.nim.cfg', 0x00000000000001a4)
mkdir('/home', 0x00000000000001ff)
mkdir('/home/runner', 0x00000000000001ff)
mkdir('/home/runner/.nimble', 0x00000000000001ff)
mkdir('/home/runner/.nimble/pkgs', 0x00000000000001ff)
mkdir('/home/runner/.nimble/pkgs/importc_helpers-1.0.0', 0x00000000000001ff)
mkdir('/home/runner/.nimble/pkgs/importc_helpers-1.0.0/importc_helpers', 0x00000000000001ff)
chmod('/home/runner/.nimble/pkgs/importc_helpers-1.0.0/importc_helpers/importc_pragma.nim', 0x00000000000001a4)
mkdir('/home', 0x00000000000001ff)
mkdir('/home/runner', 0x00000000000001ff)
mkdir('/home/runner/.nimble', 0x00000000000001ff)
mkdir('/home/runner/.nimble/pkgs', 0x00000000000001ff)
mkdir('/home/runner/.nimble/pkgs/importc_helpers-1.0.0', 0x00000000000001ff)
mkdir('/home/runner/.nimble/pkgs/importc_helpers-1.0.0/importc_helpers', 0x00000000000001ff)
chmod('/home/runner/.nimble/pkgs/importc_helpers-1.0.0/importc_helpers/importc_distinct.nim', 0x00000000000001a4)
chmod('/home/runner/.nimble/pkgs/importc_helpers-1.0.0/importc_helpers.nimble', 0x00000000000001a4)
mkdir('/tmp', 0x00000000000001ff)
mkdir('/tmp/nimblecache', 0x00000000000001ff)
mkdir('/tmp/nimblecache/importc_helpers_3156841620', 0x00000000000001ff)
unlink('/tmp/nimblecache/importc_helpers_3156841620/importc_helpers.ini')
unlink('/tmp/nimble_8848.out')
unlink('/home/runner/.nimble/pkgs/importc_helpers-1.0.0/importc_helpers_8848.nims')
unlink('/tmp/nimble_8848/githubcom_fredrikhrnimimportchelpersgit/src/importc_helpers.nim')
unlink('/tmp/nimble_8848/githubcom_fredrikhrnimimportchelpersgit/src/importc_helpers.nim.cfg')
unlink('/tmp/nimble_8848/githubcom_fredrikhrnimimportchelpersgit/src/importc_helpers/importc_pragma.nim')
unlink('/tmp/nimble_8848/githubcom_fredrikhrnimimportchelpersgit/src/importc_helpers/importc_distinct.nim')
rmdir('/tmp/nimble_8848/githubcom_fredrikhrnimimportchelpersgit/src/importc_helpers')
rmdir('/tmp/nimble_8848/githubcom_fredrikhrnimimportchelpersgit/src')
unlink('/tmp/nimble_8848/githubcom_fredrikhrnimimportchelpersgit/.editorconfig')
unlink('/tmp/nimble_8848/githubcom_fredrikhrnimimportchelpersgit/.gitignore')
unlink('/tmp/nimble_8848/githubcom_fredrikhrnimimportchelpersgit/Readme.md')
unlink('/tmp/nimble_8848/githubcom_fredrikhrnimimportchelpersgit/importc_helpers.nimble')
unlink('/tmp/nimble_8848/githubcom_fredrikhrnimimportchelpersgit/LICENSE')
unlink('/tmp/nimble_8848/githubcom_fredrikhrnimimportchelpersgit/.vscode/tasks.json')
unlink('/tmp/nimble_8848/githubcom_fredrikhrnimimportchelpersgit/.vscode/extensions.json')
unlink('/tmp/nimble_8848/githubcom_fredrikhrnimimportchelpersgit/.vscode/settings.json')
unlink('/tmp/nimble_8848/githubcom_fredrikhrnimimportchelpersgit/.vscode/launch.json')
rmdir('/tmp/nimble_8848/githubcom_fredrikhrnimimportchelpersgit/.vscode')
unlink('/tmp/nimble_8848/githubcom_fredrikhrnimimportchelpersgit/.gitattributes')
unlink('/tmp/nimble_8848/githubcom_fredrikhrnimimportchelpersgit/.git/HEAD')
unlink('/tmp/nimble_8848/githubcom_fredrikhrnimimportchelpersgit/.git/config')
unlink('/tmp/nimble_8848/githubcom_fredrikhrnimimportchelpersgit/.git/logs/HEAD')
unlink('/tmp/nimble_8848/githubcom_fredrikhrnimimportchelpersgit/.git/logs/refs/heads/master')
rmdir('/tmp/nimble_8848/githubcom_fredrikhrnimimportchelpersgit/.git/logs/refs/heads')
unlink('/tmp/nimble_8848/githubcom_fredrikhrnimimportchelpersgit/.git/logs/refs/remotes/origin/HEAD')
rmdir('/tmp/nimble_8848/githubcom_fredrikhrnimimportchelpersgit/.git/logs/refs/remotes/origin')
rmdir('/tmp/nimble_8848/githubcom_fredrikhrnimimportchelpersgit/.git/logs/refs/remotes')
rmdir('/tmp/nimble_8848/githubcom_fredrikhrnimimportchelpersgit/.git/logs/refs')
rmdir('/tmp/nimble_8848/githubcom_fredrikhrnimimportchelpersgit/.git/logs')
rmdir('/tmp/nimble_8848/githubcom_fredrikhrnimimportchelpersgit/.git/branches')
unlink('/tmp/nimble_8848/githubcom_fredrikhrnimimportchelpersgit/.git/packed-refs')
unlink('/tmp/nimble_8848/githubcom_fredrikhrnimimportchelpersgit/.git/refs/heads/master')
rmdir('/tmp/nimble_8848/githubcom_fredrikhrnimimportchelpersgit/.git/refs/heads')
rmdir('/tmp/nimble_8848/githubcom_fredrikhrnimimportchelpersgit/.git/refs/tags')
unlink('/tmp/nimble_8848/githubcom_fredrikhrnimimportchelpersgit/.git/refs/remotes/origin/HEAD')
rmdir('/tmp/nimble_8848/githubcom_fredrikhrnimimportchelpersgit/.git/refs/remotes/origin')
rmdir('/tmp/nimble_8848/githubcom_fredrikhrnimimportchelpersgit/.git/refs/remotes')
rmdir('/tmp/nimble_8848/githubcom_fredrikhrnimimportchelpersgit/.git/refs')
unlink('/tmp/nimble_8848/githubcom_fredrikhrnimimportchelpersgit/.git/hooks/fsmonitor-watchman.sample')
unlink('/tmp/nimble_8848/githubcom_fredrikhrnimimportchelpersgit/.git/hooks/pre-rebase.sample')
unlink('/tmp/nimble_8848/githubcom_fredrikhrnimimportchelpersgit/.git/hooks/pre-push.sample')
unlink('/tmp/nimble_8848/githubcom_fredrikhrnimimportchelpersgit/.git/hooks/pre-applypatch.sample')
unlink('/tmp/nimble_8848/githubcom_fredrikhrnimimportchelpersgit/.git/hooks/pre-receive.sample')
unlink('/tmp/nimble_8848/githubcom_fredrikhrnimimportchelpersgit/.git/hooks/commit-msg.sample')
unlink('/tmp/nimble_8848/githubcom_fredrikhrnimimportchelpersgit/.git/hooks/pre-merge-commit.sample')
unlink('/tmp/nimble_8848/githubcom_fredrikhrnimimportchelpersgit/.git/hooks/prepare-commit-msg.sample')
unlink('/tmp/nimble_8848/githubcom_fredrikhrnimimportchelpersgit/.git/hooks/pre-commit.sample')
unlink('/tmp/nimble_8848/githubcom_fredrikhrnimimportchelpersgit/.git/hooks/update.sample')
unlink('/tmp/nimble_8848/githubcom_fredrikhrnimimportchelpersgit/.git/hooks/applypatch-msg.sample')
unlink('/tmp/nimble_8848/githubcom_fredrikhrnimimportchelpersgit/.git/hooks/post-update.sample')
rmdir('/tmp/nimble_8848/githubcom_fredrikhrnimimportchelpersgit/.git/hooks')
unlink('/tmp/nimble_8848/githubcom_fredrikhrnimimportchelpersgit/.git/index')
unlink('/tmp/nimble_8848/githubcom_fredrikhrnimimportchelpersgit/.git/info/exclude')
rmdir('/tmp/nimble_8848/githubcom_fredrikhrnimimportchelpersgit/.git/info')
unlink('/tmp/nimble_8848/githubcom_fredrikhrnimimportchelpersgit/.git/shallow')
unlink('/tmp/nimble_8848/githubcom_fredrikhrnimimportchelpersgit/.git/description')
unlink('/tmp/nimble_8848/githubcom_fredrikhrnimimportchelpersgit/.git/objects/pack/pack-82c7a16f725fe84e951005a8ed7ee8ef3d1525fe.idx')
unlink('/tmp/nimble_8848/githubcom_fredrikhrnimimportchelpersgit/.git/objects/pack/pack-82c7a16f725fe84e951005a8ed7ee8ef3d1525fe.pack')
rmdir('/tmp/nimble_8848/githubcom_fredrikhrnimimportchelpersgit/.git/objects/pack')
rmdir('/tmp/nimble_8848/githubcom_fredrikhrnimimportchelpersgit/.git/objects/info')
rmdir('/tmp/nimble_8848/githubcom_fredrikhrnimimportchelpersgit/.git/objects')
rmdir('/tmp/nimble_8848/githubcom_fredrikhrnimimportchelpersgit/.git')
unlink('/tmp/nimble_8848/githubcom_fredrikhrnimimportchelpersgit/test/timportc_helpers.nim')
unlink('/tmp/nimble_8848/githubcom_fredrikhrnimimportchelpersgit/test/timportc_distinct.nim')
rmdir('/tmp/nimble_8848/githubcom_fredrikhrnimimportchelpersgit/test')
rmdir('/tmp/nimble_8848/githubcom_fredrikhrnimimportchelpersgit')
rmdir('/tmp/nimble_8848')
  create directory /tmp
  create directory /tmp/nimble_8848
  create directory /tmp/nimble_8848/githubcom_fredrikhrnimimportchelpersgit
  delete /tmp/nimble_8848/githubcom_fredrikhrnimimportchelpersgit
  create directory /tmp/nimble_8848/githubcom_fredrikhrnimimportchelpersgit
  create directory /tmp/nimble_8848/githubcom_fredrikhrnimimportchelpersgit/.git
  create directory /tmp/nimble_8848/githubcom_fredrikhrnimimportchelpersgit/.git
  create directory /tmp/nimble_8848/githubcom_fredrikhrnimimportchelpersgit/.git/branches
  create directory /tmp/nimble_8848/githubcom_fredrikhrnimimportchelpersgit/.git/hooks
  create directory /tmp/nimble_8848/githubcom_fredrikhrnimimportchelpersgit/.git/info
  create directory /tmp/nimble_8848/githubcom_fredrikhrnimimportchelpersgit/.git/refs
  create directory /tmp/nimble_8848/githubcom_fredrikhrnimimportchelpersgit/.git/refs/heads
  create directory /tmp/nimble_8848/githubcom_fredrikhrnimimportchelpersgit/.git/refs/tags
  rename /tmp/nimble_8848/githubcom_fredrikhrnimimportchelpersgit/.git/HEAD.lock to HEAD
  rename /tmp/nimble_8848/githubcom_fredrikhrnimimportchelpersgit/.git/config.lock to config
  change permissions of /tmp/nimble_8848/githubcom_fredrikhrnimimportchelpersgit/.git/config to rwxr--r--
  change permissions of /tmp/nimble_8848/githubcom_fredrikhrnimimportchelpersgit/.git/config to rw-r--r--
  change permissions of /tmp/nimble_8848/githubcom_fredrikhrnimimportchelpersgit/.git/config.lock to rw-r--r--
  rename /tmp/nimble_8848/githubcom_fredrikhrnimimportchelpersgit/.git/config.lock to config
  change permissions of /tmp/nimble_8848/githubcom_fredrikhrnimimportchelpersgit/.git/config.lock to rw-r--r--
  rename /tmp/nimble_8848/githubcom_fredrikhrnimimportchelpersgit/.git/config.lock to config
  change permissions of /tmp/nimble_8848/githubcom_fredrikhrnimimportchelpersgit/.git/config.lock to rw-r--r--
  rename /tmp/nimble_8848/githubcom_fredrikhrnimimportchelpersgit/.git/config.lock to config
  delete /tmp/nimble_8848/githubcom_fredrikhrnimimportchelpersgit/.git/tGjtcot
  create symbolic link from /tmp/nimble_8848/githubcom_fredrikhrnimimportchelpersgit/.git/tGjtcot to /home/runner/work/nim_packages_security_audit/nim_packages_security_audit/testing
  delete /tmp/nimble_8848/githubcom_fredrikhrnimimportchelpersgit/.git/tGjtcot
  create directory /tmp/nimble_8848/githubcom_fredrikhrnimimportchelpersgit/.git/objects
  create directory /tmp/nimble_8848/githubcom_fredrikhrnimimportchelpersgit/.git/objects/pack
  create directory /tmp/nimble_8848/githubcom_fredrikhrnimimportchelpersgit/.git/objects/info
  change permissions of /tmp/nimble_8848/githubcom_fredrikhrnimimportchelpersgit/.git/config.lock to rw-r--r--
  rename /tmp/nimble_8848/githubcom_fredrikhrnimimportchelpersgit/.git/config.lock to config
  change permissions of /tmp/nimble_8848/githubcom_fredrikhrnimimportchelpersgit/.git/config.lock to rw-r--r--
  rename /tmp/nimble_8848/githubcom_fredrikhrnimimportchelpersgit/.git/config.lock to config
  change permissions of /tmp/nimble_8848/githubcom_fredrikhrnimimportchelpersgit/.git/config.lock to rw-r--r--
  rename /tmp/nimble_8848/githubcom_fredrikhrnimimportchelpersgit/.git/config.lock to config
  create hard link from /tmp/nimble_8848/githubcom_fredrikhrnimimportchelpersgit/.git/objects/pack/pack-82c7a16f725fe84e951005a8ed7ee8ef3d1525fe.pack to /tmp/nimble_8848/githubcom_fredrikhrnimimportchelpersgit/.git/objects/pack/tmp_pack_u4AugL
  delete /tmp/nimble_8848/githubcom_fredrikhrnimimportchelpersgit/.git/objects/pack/tmp_pack_u4AugL
  create hard link from /tmp/nimble_8848/githubcom_fredrikhrnimimportchelpersgit/.git/objects/pack/pack-82c7a16f725fe84e951005a8ed7ee8ef3d1525fe.idx to /tmp/nimble_8848/githubcom_fredrikhrnimimportchelpersgit/.git/objects/pack/tmp_idx_Ed1CyX
  delete /tmp/nimble_8848/githubcom_fredrikhrnimimportchelpersgit/.git/objects/pack/tmp_idx_Ed1CyX
  rename /tmp/nimble_8848/githubcom_fredrikhrnimimportchelpersgit/.git/shallow.lock to shallow
  rename /tmp/nimble_8848/githubcom_fredrikhrnimimportchelpersgit/.git/packed-refs.new to packed-refs
  delete /tmp/nimble_8848/githubcom_fredrikhrnimimportchelpersgit/.git/packed-refs.lock
  create directory /tmp/nimble_8848/githubcom_fredrikhrnimimportchelpersgit/.git/refs/remotes
  create directory /tmp/nimble_8848/githubcom_fredrikhrnimimportchelpersgit/.git/refs/remotes/origin
  create directory /tmp/nimble_8848/githubcom_fredrikhrnimimportchelpersgit/.git/logs
  create directory /tmp/nimble_8848/githubcom_fredrikhrnimimportchelpersgit/.git/logs/refs
  create directory /tmp/nimble_8848/githubcom_fredrikhrnimimportchelpersgit/.git/logs/refs/remotes
  create directory /tmp/nimble_8848/githubcom_fredrikhrnimimportchelpersgit/.git/logs/refs/remotes/origin
  rename /tmp/nimble_8848/githubcom_fredrikhrnimimportchelpersgit/.git/refs/remotes/origin/HEAD.lock to HEAD
  rename /tmp/nimble_8848/githubcom_fredrikhrnimimportchelpersgit/.git/HEAD.lock to HEAD
  create directory /tmp/nimble_8848/githubcom_fredrikhrnimimportchelpersgit/.git/logs/refs/heads
  rename /tmp/nimble_8848/githubcom_fredrikhrnimimportchelpersgit/.git/refs/heads/master.lock to master
  delete /tmp/nimble_8848/githubcom_fredrikhrnimimportchelpersgit/.git/HEAD.lock
  change permissions of /tmp/nimble_8848/githubcom_fredrikhrnimimportchelpersgit/.git/config.lock to rw-r--r--
  rename /tmp/nimble_8848/githubcom_fredrikhrnimimportchelpersgit/.git/config.lock to config
  change permissions of /tmp/nimble_8848/githubcom_fredrikhrnimimportchelpersgit/.git/config.lock to rw-r--r--
  rename /tmp/nimble_8848/githubcom_fredrikhrnimimportchelpersgit/.git/config.lock to config
  delete /tmp/nimble_8848/githubcom_fredrikhrnimimportchelpersgit/.git/objects/pack/pack-82c7a16f725fe84e951005a8ed7ee8ef3d1525fe.keep
  create directory /tmp/nimble_8848/githubcom_fredrikhrnimimportchelpersgit/.vscode
  create directory /tmp/nimble_8848/githubcom_fredrikhrnimimportchelpersgit/src
  create directory /tmp/nimble_8848/githubcom_fredrikhrnimimportchelpersgit/src/importc_helpers
  create directory /tmp/nimble_8848/githubcom_fredrikhrnimimportchelpersgit/test
  rename /tmp/nimble_8848/githubcom_fredrikhrnimimportchelpersgit/.git/index.lock to index
  create directory /tmp
  create directory /tmp/nimblecache
  create directory /tmp/nimblecache/importc_helpers_2743387224
  delete /tmp/nimblecache/importc_helpers_2743387224/importc_helpers.ini
  delete /tmp/nimble_8848.out
  delete /tmp/nimble_8848/githubcom_fredrikhrnimimportchelpersgit/importc_helpers_8848.nims
  create directory /home
  create directory /home/runner
  create directory /home/runner/.nimble
  create directory /home/runner/.nimble/pkgs
  create directory /home/runner/.nimble/pkgs/importc_helpers-1.0.0
  create directory /home
  create directory /home/runner
  create directory /home/runner/.nimble
  create directory /home/runner/.nimble/pkgs
  create directory /home/runner/.nimble/pkgs/importc_helpers-1.0.0
  change permissions of /home/runner/.nimble/pkgs/importc_helpers-1.0.0/importc_helpers.nim to rw-r--r--
  create directory /home
  create directory /home/runner
  create directory /home/runner/.nimble
  create directory /home/runner/.nimble/pkgs
  create directory /home/runner/.nimble/pkgs/importc_helpers-1.0.0
  change permissions of /home/runner/.nimble/pkgs/importc_helpers-1.0.0/importc_helpers.nim.cfg to rw-r--r--
  create directory /home
  create directory /home/runner
  create directory /home/runner/.nimble
  create directory /home/runner/.nimble/pkgs
  create directory /home/runner/.nimble/pkgs/importc_helpers-1.0.0
  create directory /home/runner/.nimble/pkgs/importc_helpers-1.0.0/importc_helpers
  change permissions of /home/runner/.nimble/pkgs/importc_helpers-1.0.0/importc_helpers/importc_pragma.nim to rw-r--r--
  create directory /home
  create directory /home/runner
  create directory /home/runner/.nimble
  create directory /home/runner/.nimble/pkgs
  create directory /home/runner/.nimble/pkgs/importc_helpers-1.0.0
  create directory /home/runner/.nimble/pkgs/importc_helpers-1.0.0/importc_helpers
  change permissions of /home/runner/.nimble/pkgs/importc_helpers-1.0.0/importc_helpers/importc_distinct.nim to rw-r--r--
  change permissions of /home/runner/.nimble/pkgs/importc_helpers-1.0.0/importc_helpers.nimble to rw-r--r--
  create directory /tmp
  create directory /tmp/nimblecache
  create directory /tmp/nimblecache/importc_helpers_3156841620
  delete /tmp/nimblecache/importc_helpers_3156841620/importc_helpers.ini
  delete /tmp/nimble_8848.out
  delete /home/runner/.nimble/pkgs/importc_helpers-1.0.0/importc_helpers_8848.nims
  delete /tmp/nimble_8848/githubcom_fredrikhrnimimportchelpersgit/src/importc_helpers.nim
  delete /tmp/nimble_8848/githubcom_fredrikhrnimimportchelpersgit/src/importc_helpers.nim.cfg
  delete /tmp/nimble_8848/githubcom_fredrikhrnimimportchelpersgit/src/importc_helpers/importc_pragma.nim
  delete /tmp/nimble_8848/githubcom_fredrikhrnimimportchelpersgit/src/importc_helpers/importc_distinct.nim
  delete /tmp/nimble_8848/githubcom_fredrikhrnimimportchelpersgit/src/importc_helpers
  delete /tmp/nimble_8848/githubcom_fredrikhrnimimportchelpersgit/src
  delete /tmp/nimble_8848/githubcom_fredrikhrnimimportchelpersgit/.editorconfig
  delete /tmp/nimble_8848/githubcom_fredrikhrnimimportchelpersgit/.gitignore
  delete /tmp/nimble_8848/githubcom_fredrikhrnimimportchelpersgit/Readme.md
  delete /tmp/nimble_8848/githubcom_fredrikhrnimimportchelpersgit/importc_helpers.nimble
  delete /tmp/nimble_8848/githubcom_fredrikhrnimimportchelpersgit/LICENSE
  delete /tmp/nimble_8848/githubcom_fredrikhrnimimportchelpersgit/.vscode/tasks.json
  delete /tmp/nimble_8848/githubcom_fredrikhrnimimportchelpersgit/.vscode/extensions.json
  delete /tmp/nimble_8848/githubcom_fredrikhrnimimportchelpersgit/.vscode/settings.json
  delete /tmp/nimble_8848/githubcom_fredrikhrnimimportchelpersgit/.vscode/launch.json
  delete /tmp/nimble_8848/githubcom_fredrikhrnimimportchelpersgit/.vscode
  delete /tmp/nimble_8848/githubcom_fredrikhrnimimportchelpersgit/.gitattributes
  delete /tmp/nimble_8848/githubcom_fredrikhrnimimportchelpersgit/.git/HEAD
  delete /tmp/nimble_8848/githubcom_fredrikhrnimimportchelpersgit/.git/config
  delete /tmp/nimble_8848/githubcom_fredrikhrnimimportchelpersgit/.git/logs/HEAD
  delete /tmp/nimble_8848/githubcom_fredrikhrnimimportchelpersgit/.git/logs/refs/heads/master
  delete /tmp/nimble_8848/githubcom_fredrikhrnimimportchelpersgit/.git/logs/refs/heads
  delete /tmp/nimble_8848/githubcom_fredrikhrnimimportchelpersgit/.git/logs/refs/remotes/origin/HEAD
  delete /tmp/nimble_8848/githubcom_fredrikhrnimimportchelpersgit/.git/logs/refs/remotes/origin
  delete /tmp/nimble_8848/githubcom_fredrikhrnimimportchelpersgit/.git/logs/refs/remotes
  delete /tmp/nimble_8848/githubcom_fredrikhrnimimportchelpersgit/.git/logs/refs
  delete /tmp/nimble_8848/githubcom_fredrikhrnimimportchelpersgit/.git/logs
  delete /tmp/nimble_8848/githubcom_fredrikhrnimimportchelpersgit/.git/branches
  delete /tmp/nimble_8848/githubcom_fredrikhrnimimportchelpersgit/.git/packed-refs
  delete /tmp/nimble_8848/githubcom_fredrikhrnimimportchelpersgit/.git/refs/heads/master
  delete /tmp/nimble_8848/githubcom_fredrikhrnimimportchelpersgit/.git/refs/heads
  delete /tmp/nimble_8848/githubcom_fredrikhrnimimportchelpersgit/.git/refs/tags
  delete /tmp/nimble_8848/githubcom_fredrikhrnimimportchelpersgit/.git/refs/remotes/origin/HEAD
  delete /tmp/nimble_8848/githubcom_fredrikhrnimimportchelpersgit/.git/refs/remotes/origin
  delete /tmp/nimble_8848/githubcom_fredrikhrnimimportchelpersgit/.git/refs/remotes
  delete /tmp/nimble_8848/githubcom_fredrikhrnimimportchelpersgit/.git/refs
  delete /tmp/nimble_8848/githubcom_fredrikhrnimimportchelpersgit/.git/hooks/fsmonitor-watchman.sample
  delete /tmp/nimble_8848/githubcom_fredrikhrnimimportchelpersgit/.git/hooks/pre-rebase.sample
  delete /tmp/nimble_8848/githubcom_fredrikhrnimimportchelpersgit/.git/hooks/pre-push.sample
  delete /tmp/nimble_8848/githubcom_fredrikhrnimimportchelpersgit/.git/hooks/pre-applypatch.sample
  delete /tmp/nimble_8848/githubcom_fredrikhrnimimportchelpersgit/.git/hooks/pre-receive.sample
  delete /tmp/nimble_8848/githubcom_fredrikhrnimimportchelpersgit/.git/hooks/commit-msg.sample
  delete /tmp/nimble_8848/githubcom_fredrikhrnimimportchelpersgit/.git/hooks/pre-merge-commit.sample
  delete /tmp/nimble_8848/githubcom_fredrikhrnimimportchelpersgit/.git/hooks/prepare-commit-msg.sample
  delete /tmp/nimble_8848/githubcom_fredrikhrnimimportchelpersgit/.git/hooks/pre-commit.sample
  delete /tmp/nimble_8848/githubcom_fredrikhrnimimportchelpersgit/.git/hooks/update.sample
  delete /tmp/nimble_8848/githubcom_fredrikhrnimimportchelpersgit/.git/hooks/applypatch-msg.sample
  delete /tmp/nimble_8848/githubcom_fredrikhrnimimportchelpersgit/.git/hooks/post-update.sample
  delete /tmp/nimble_8848/githubcom_fredrikhrnimimportchelpersgit/.git/hooks
  delete /tmp/nimble_8848/githubcom_fredrikhrnimimportchelpersgit/.git/index
  delete /tmp/nimble_8848/githubcom_fredrikhrnimimportchelpersgit/.git/info/exclude
  delete /tmp/nimble_8848/githubcom_fredrikhrnimimportchelpersgit/.git/info
  delete /tmp/nimble_8848/githubcom_fredrikhrnimimportchelpersgit/.git/shallow
  delete /tmp/nimble_8848/githubcom_fredrikhrnimimportchelpersgit/.git/description
  delete /tmp/nimble_8848/githubcom_fredrikhrnimimportchelpersgit/.git/objects/pack/pack-82c7a16f725fe84e951005a8ed7ee8ef3d1525fe.idx
  delete /tmp/nimble_8848/githubcom_fredrikhrnimimportchelpersgit/.git/objects/pack/pack-82c7a16f725fe84e951005a8ed7ee8ef3d1525fe.pack
  delete /tmp/nimble_8848/githubcom_fredrikhrnimimportchelpersgit/.git/objects/pack
  delete /tmp/nimble_8848/githubcom_fredrikhrnimimportchelpersgit/.git/objects/info
  delete /tmp/nimble_8848/githubcom_fredrikhrnimimportchelpersgit/.git/objects
  delete /tmp/nimble_8848/githubcom_fredrikhrnimimportchelpersgit/.git
  delete /tmp/nimble_8848/githubcom_fredrikhrnimimportchelpersgit/test/timportc_helpers.nim
  delete /tmp/nimble_8848/githubcom_fredrikhrnimimportchelpersgit/test/timportc_distinct.nim
  delete /tmp/nimble_8848/githubcom_fredrikhrnimimportchelpersgit/test
  delete /tmp/nimble_8848/githubcom_fredrikhrnimimportchelpersgit
  delete /tmp/nimble_8848
