    Reading official package list
Downloading https://github.com/nimious/io-egl.git using git
  Verifying dependencies for egl@0.1
    Reading official package list
   Checking for x11@any version
 Installing x11@any version
    Reading official package list
Downloading https://github.com/nim-lang/x11 using git
mkdir('/tmp', 0x00000000000001ff)
mkdir('/tmp/nimble_4538', 0x00000000000001ff)
mkdir('/tmp/nimble_4538/githubcom_nimiousioeglgit', 0x00000000000001ff)
rmdir('/tmp/nimble_4538/githubcom_nimiousioeglgit')
mkdir('/tmp/nimble_4538/githubcom_nimiousioeglgit', 0x00000000000001ff)
mkdir('/tmp/nimble_4538/githubcom_nimiousioeglgit/.git', 0x00000000000001ff)
mkdir('/tmp/nimble_4538/githubcom_nimiousioeglgit/.git/', 0x00000000000001ff)
mkdir('/tmp/nimble_4538/githubcom_nimiousioeglgit/.git/hooks/', 0x00000000000001ff)
mkdir('/tmp/nimble_4538/githubcom_nimiousioeglgit/.git/branches/', 0x00000000000001ff)
mkdir('/tmp/nimble_4538/githubcom_nimiousioeglgit/.git/info/', 0x00000000000001ff)
mkdir('/tmp/nimble_4538/githubcom_nimiousioeglgit/.git/refs', 0x00000000000001ff)
mkdir('/tmp/nimble_4538/githubcom_nimiousioeglgit/.git/refs/heads', 0x00000000000001ff)
mkdir('/tmp/nimble_4538/githubcom_nimiousioeglgit/.git/refs/tags', 0x00000000000001ff)
rename('/tmp/nimble_4538/githubcom_nimiousioeglgit/.git/HEAD.lock', '/tmp/nimble_4538/githubcom_nimiousioeglgit/.git/HEAD')
rename('/tmp/nimble_4538/githubcom_nimiousioeglgit/.git/config.lock', '/tmp/nimble_4538/githubcom_nimiousioeglgit/.git/config')
chmod('/tmp/nimble_4538/githubcom_nimiousioeglgit/.git/config', 0x00000000000081e4)
chmod('/tmp/nimble_4538/githubcom_nimiousioeglgit/.git/config', 0x00000000000081a4)
chmod('/tmp/nimble_4538/githubcom_nimiousioeglgit/.git/config.lock', 0x00000000000001a4)
rename('/tmp/nimble_4538/githubcom_nimiousioeglgit/.git/config.lock', '/tmp/nimble_4538/githubcom_nimiousioeglgit/.git/config')
chmod('/tmp/nimble_4538/githubcom_nimiousioeglgit/.git/config.lock', 0x00000000000001a4)
rename('/tmp/nimble_4538/githubcom_nimiousioeglgit/.git/config.lock', '/tmp/nimble_4538/githubcom_nimiousioeglgit/.git/config')
chmod('/tmp/nimble_4538/githubcom_nimiousioeglgit/.git/config.lock', 0x00000000000001a4)
rename('/tmp/nimble_4538/githubcom_nimiousioeglgit/.git/config.lock', '/tmp/nimble_4538/githubcom_nimiousioeglgit/.git/config')
unlink('/tmp/nimble_4538/githubcom_nimiousioeglgit/.git/tHvmv6X')
symlink('testing', '/tmp/nimble_4538/githubcom_nimiousioeglgit/.git/tHvmv6X')
unlink('/tmp/nimble_4538/githubcom_nimiousioeglgit/.git/tHvmv6X')
mkdir('/tmp/nimble_4538/githubcom_nimiousioeglgit/.git/objects', 0x00000000000001ff)
mkdir('/tmp/nimble_4538/githubcom_nimiousioeglgit/.git/objects/pack', 0x00000000000001ff)
mkdir('/tmp/nimble_4538/githubcom_nimiousioeglgit/.git/objects/info', 0x00000000000001ff)
chmod('/tmp/nimble_4538/githubcom_nimiousioeglgit/.git/config.lock', 0x00000000000001a4)
rename('/tmp/nimble_4538/githubcom_nimiousioeglgit/.git/config.lock', '/tmp/nimble_4538/githubcom_nimiousioeglgit/.git/config')
chmod('/tmp/nimble_4538/githubcom_nimiousioeglgit/.git/config.lock', 0x00000000000001a4)
rename('/tmp/nimble_4538/githubcom_nimiousioeglgit/.git/config.lock', '/tmp/nimble_4538/githubcom_nimiousioeglgit/.git/config')
chmod('/tmp/nimble_4538/githubcom_nimiousioeglgit/.git/config.lock', 0x00000000000001a4)
rename('/tmp/nimble_4538/githubcom_nimiousioeglgit/.git/config.lock', '/tmp/nimble_4538/githubcom_nimiousioeglgit/.git/config')
link('/tmp/nimble_4538/githubcom_nimiousioeglgit/.git/objects/pack/tmp_pack_Qz81ma', '/tmp/nimble_4538/githubcom_nimiousioeglgit/.git/objects/pack/pack-65cd9ead9839cfb993fca70415966ccd36d9ef44.pack')
unlink('/tmp/nimble_4538/githubcom_nimiousioeglgit/.git/objects/pack/tmp_pack_Qz81ma')
link('/tmp/nimble_4538/githubcom_nimiousioeglgit/.git/objects/pack/tmp_idx_rAL2E3', '/tmp/nimble_4538/githubcom_nimiousioeglgit/.git/objects/pack/pack-65cd9ead9839cfb993fca70415966ccd36d9ef44.idx')
unlink('/tmp/nimble_4538/githubcom_nimiousioeglgit/.git/objects/pack/tmp_idx_rAL2E3')
rename('/tmp/nimble_4538/githubcom_nimiousioeglgit/.git/shallow.lock', '/tmp/nimble_4538/githubcom_nimiousioeglgit/.git/shallow')
rename('/tmp/nimble_4538/githubcom_nimiousioeglgit/.git/packed-refs.new', '/tmp/nimble_4538/githubcom_nimiousioeglgit/.git/packed-refs')
unlink('/tmp/nimble_4538/githubcom_nimiousioeglgit/.git/packed-refs.lock')
mkdir('/tmp/nimble_4538/githubcom_nimiousioeglgit/.git/refs/remotes', 0x00000000000001ff)
mkdir('/tmp/nimble_4538/githubcom_nimiousioeglgit/.git/refs/remotes/origin', 0x00000000000001ff)
mkdir('/tmp/nimble_4538/githubcom_nimiousioeglgit/.git/logs', 0x00000000000001ff)
mkdir('/tmp/nimble_4538/githubcom_nimiousioeglgit/.git/logs/refs', 0x00000000000001ff)
mkdir('/tmp/nimble_4538/githubcom_nimiousioeglgit/.git/logs/refs/remotes', 0x00000000000001ff)
mkdir('/tmp/nimble_4538/githubcom_nimiousioeglgit/.git/logs/refs/remotes/origin', 0x00000000000001ff)
rename('/tmp/nimble_4538/githubcom_nimiousioeglgit/.git/refs/remotes/origin/HEAD.lock', '/tmp/nimble_4538/githubcom_nimiousioeglgit/.git/refs/remotes/origin/HEAD')
rename('/tmp/nimble_4538/githubcom_nimiousioeglgit/.git/HEAD.lock', '/tmp/nimble_4538/githubcom_nimiousioeglgit/.git/HEAD')
mkdir('/tmp/nimble_4538/githubcom_nimiousioeglgit/.git/logs/refs/heads', 0x00000000000001ff)
rename('/tmp/nimble_4538/githubcom_nimiousioeglgit/.git/refs/heads/master.lock', '/tmp/nimble_4538/githubcom_nimiousioeglgit/.git/refs/heads/master')
unlink('/tmp/nimble_4538/githubcom_nimiousioeglgit/.git/HEAD.lock')
chmod('/tmp/nimble_4538/githubcom_nimiousioeglgit/.git/config.lock', 0x00000000000001a4)
rename('/tmp/nimble_4538/githubcom_nimiousioeglgit/.git/config.lock', '/tmp/nimble_4538/githubcom_nimiousioeglgit/.git/config')
chmod('/tmp/nimble_4538/githubcom_nimiousioeglgit/.git/config.lock', 0x00000000000001a4)
rename('/tmp/nimble_4538/githubcom_nimiousioeglgit/.git/config.lock', '/tmp/nimble_4538/githubcom_nimiousioeglgit/.git/config')
unlink('/tmp/nimble_4538/githubcom_nimiousioeglgit/.git/objects/pack/pack-65cd9ead9839cfb993fca70415966ccd36d9ef44.keep')
mkdir('docs', 0x00000000000001ff)
mkdir('examples', 0x00000000000001ff)
mkdir('src', 0x00000000000001ff)
rename('/tmp/nimble_4538/githubcom_nimiousioeglgit/.git/index.lock', '/tmp/nimble_4538/githubcom_nimiousioeglgit/.git/index')
mkdir('/tmp', 0x00000000000001ff)
mkdir('/tmp/nimble_4538', 0x00000000000001ff)
mkdir('/tmp/nimble_4538/githubcom_nimlangx11', 0x00000000000001ff)
rmdir('/tmp/nimble_4538/githubcom_nimlangx11')
mkdir('/tmp/nimble_4538/githubcom_nimlangx11', 0x00000000000001ff)
mkdir('/tmp/nimble_4538/githubcom_nimlangx11/.git', 0x00000000000001ff)
mkdir('/tmp/nimble_4538/githubcom_nimlangx11/.git/', 0x00000000000001ff)
mkdir('/tmp/nimble_4538/githubcom_nimlangx11/.git/hooks/', 0x00000000000001ff)
mkdir('/tmp/nimble_4538/githubcom_nimlangx11/.git/branches/', 0x00000000000001ff)
mkdir('/tmp/nimble_4538/githubcom_nimlangx11/.git/info/', 0x00000000000001ff)
mkdir('/tmp/nimble_4538/githubcom_nimlangx11/.git/refs', 0x00000000000001ff)
mkdir('/tmp/nimble_4538/githubcom_nimlangx11/.git/refs/heads', 0x00000000000001ff)
mkdir('/tmp/nimble_4538/githubcom_nimlangx11/.git/refs/tags', 0x00000000000001ff)
rename('/tmp/nimble_4538/githubcom_nimlangx11/.git/HEAD.lock', '/tmp/nimble_4538/githubcom_nimlangx11/.git/HEAD')
rename('/tmp/nimble_4538/githubcom_nimlangx11/.git/config.lock', '/tmp/nimble_4538/githubcom_nimlangx11/.git/config')
chmod('/tmp/nimble_4538/githubcom_nimlangx11/.git/config', 0x00000000000081e4)
chmod('/tmp/nimble_4538/githubcom_nimlangx11/.git/config', 0x00000000000081a4)
chmod('/tmp/nimble_4538/githubcom_nimlangx11/.git/config.lock', 0x00000000000001a4)
rename('/tmp/nimble_4538/githubcom_nimlangx11/.git/config.lock', '/tmp/nimble_4538/githubcom_nimlangx11/.git/config')
chmod('/tmp/nimble_4538/githubcom_nimlangx11/.git/config.lock', 0x00000000000001a4)
rename('/tmp/nimble_4538/githubcom_nimlangx11/.git/config.lock', '/tmp/nimble_4538/githubcom_nimlangx11/.git/config')
chmod('/tmp/nimble_4538/githubcom_nimlangx11/.git/config.lock', 0x00000000000001a4)
rename('/tmp/nimble_4538/githubcom_nimlangx11/.git/config.lock', '/tmp/nimble_4538/githubcom_nimlangx11/.git/config')
unlink('/tmp/nimble_4538/githubcom_nimlangx11/.git/t7iHfwx')
symlink('testing', '/tmp/nimble_4538/githubcom_nimlangx11/.git/t7iHfwx')
unlink('/tmp/nimble_4538/githubcom_nimlangx11/.git/t7iHfwx')
mkdir('/tmp/nimble_4538/githubcom_nimlangx11/.git/objects', 0x00000000000001ff)
mkdir('/tmp/nimble_4538/githubcom_nimlangx11/.git/objects/pack', 0x00000000000001ff)       Info /tmp/nimble_4538/githubcom_nimlangx11/x11_4538.nims(1, 8) Warning: imported and not used: 'system' [UnusedImport]
        ... /tmp/nimble_4538/githubcom_nimlangx11/x11_4538.nims(5, 22) Warning: imported and not used: 'strutils' [UnusedImport]
  Verifying dependencies for x11@1.1
 Installing x11@1.1
    Copying file /tmp/nimble_4538/githubcom_nimlangx11/x11/xshm.nim to /home/runner/.nimble/pkgs/x11-1.1/x11/xshm.nim
    Copying file /tmp/nimble_4538/githubcom_nimlangx11/x11/keysym.nim to /home/runner/.nimble/pkgs/x11-1.1/x11/keysym.nim
    Copying file /tmp/nimble_4538/githubcom_nimlangx11/x11/xi.nim to /home/runner/.nimble/pkgs/x11-1.1/x11/xi.nim
    Copying file /tmp/nimble_4538/githubcom_nimlangx11/x11/xrender.nim to /home/runner/.nimble/pkgs/x11-1.1/x11/xrender.nim
    Copying file /tmp/nimble_4538/githubcom_nimlangx11/x11/xinerama.nim to /home/runner/.nimble/pkgs/x11-1.1/x11/xinerama.nim
    Copying file /tmp/nimble_4538/githubcom_nimlangx11/x11/xresource.nim to /home/runner/.nimble/pkgs/x11-1.1/x11/xresource.nim
    Copying file /tmp/nimble_4538/githubcom_nimlangx11/x11/xkblib.nim to /home/runner/.nimble/pkgs/x11-1.1/x11/xkblib.nim
    Copying file /tmp/nimble_4538/githubcom_nimlangx11/x11/xf86dga.nim to /home/runner/.nimble/pkgs/x11-1.1/x11/xf86dga.nim
    Copying file /tmp/nimble_4538/githubcom_nimlangx11/x11/xrandr.nim to /home/runner/.nimble/pkgs/x11-1.1/x11/xrandr.nim
    Copying file /tmp/nimble_4538/githubcom_nimlangx11/x11/xatom.nim to /home/runner/.nimble/pkgs/x11-1.1/x11/xatom.nim
    Copying file /tmp/nimble_4538/githubcom_nimlangx11/x11/xkb.nim to /home/runner/.nimble/pkgs/x11-1.1/x11/xkb.nim

mkdir('/tmp/nimble_4538/githubcom_nimlangx11/.git/objects/info', 0x00000000000001ff)
chmod('/tmp/nimble_4538/githubcom_nimlangx11/.git/config.lock', 0x00000000000001a4)
rename('/tmp/nimble_4538/githubcom_nimlangx11/.git/config.lock', '/tmp/nimble_4538/githubcom_nimlangx11/.git/config')
chmod('/tmp/nimble_4538/githubcom_nimlangx11/.git/config.lock', 0x00000000000001a4)
rename('/tmp/nimble_4538/githubcom_nimlangx11/.git/config.lock', '/tmp/nimble_4538/githubcom_nimlangx11/.git/config')
chmod('/tmp/nimble_4538/githubcom_nimlangx11/.git/config.lock', 0x00000000000001a4)
rename('/tmp/nimble_4538/githubcom_nimlangx11/.git/config.lock', '/tmp/nimble_4538/githubcom_nimlangx11/.git/config')
link('/tmp/nimble_4538/githubcom_nimlangx11/.git/objects/pack/tmp_pack_CadoS2', '/tmp/nimble_4538/githubcom_nimlangx11/.git/objects/pack/pack-90480013db8a8662f918a373aaca9e12c902da11.pack')
unlink('/tmp/nimble_4538/githubcom_nimlangx11/.git/objects/pack/tmp_pack_CadoS2')
link('/tmp/nimble_4538/githubcom_nimlangx11/.git/objects/pack/tmp_idx_j5GD7l', '/tmp/nimble_4538/githubcom_nimlangx11/.git/objects/pack/pack-90480013db8a8662f918a373aaca9e12c902da11.idx')
unlink('/tmp/nimble_4538/githubcom_nimlangx11/.git/objects/pack/tmp_idx_j5GD7l')
rename('/tmp/nimble_4538/githubcom_nimlangx11/.git/shallow.lock', '/tmp/nimble_4538/githubcom_nimlangx11/.git/shallow')
rename('/tmp/nimble_4538/githubcom_nimlangx11/.git/packed-refs.new', '/tmp/nimble_4538/githubcom_nimlangx11/.git/packed-refs')
unlink('/tmp/nimble_4538/githubcom_nimlangx11/.git/packed-refs.lock')
mkdir('/tmp/nimble_4538/githubcom_nimlangx11/.git/refs/remotes', 0x00000000000001ff)
mkdir('/tmp/nimble_4538/githubcom_nimlangx11/.git/refs/remotes/origin', 0x00000000000001ff)
mkdir('/tmp/nimble_4538/githubcom_nimlangx11/.git/logs', 0x00000000000001ff)
mkdir('/tmp/nimble_4538/githubcom_nimlangx11/.git/logs/refs', 0x00000000000001ff)
mkdir('/tmp/nimble_4538/githubcom_nimlangx11/.git/logs/refs/remotes', 0x00000000000001ff)
mkdir('/tmp/nimble_4538/githubcom_nimlangx11/.git/logs/refs/remotes/origin', 0x00000000000001ff)
rename('/tmp/nimble_4538/githubcom_nimlangx11/.git/refs/remotes/origin/HEAD.lock', '/tmp/nimble_4538/githubcom_nimlangx11/.git/refs/remotes/origin/HEAD')
rename('/tmp/nimble_4538/githubcom_nimlangx11/.git/HEAD.lock', '/tmp/nimble_4538/githubcom_nimlangx11/.git/HEAD')
mkdir('/tmp/nimble_4538/githubcom_nimlangx11/.git/logs/refs/heads', 0x00000000000001ff)
rename('/tmp/nimble_4538/githubcom_nimlangx11/.git/refs/heads/master.lock', '/tmp/nimble_4538/githubcom_nimlangx11/.git/refs/heads/master')
unlink('/tmp/nimble_4538/githubcom_nimlangx11/.git/HEAD.lock')
chmod('/tmp/nimble_4538/githubcom_nimlangx11/.git/config.lock', 0x00000000000001a4)
rename('/tmp/nimble_4538/githubcom_nimlangx11/.git/config.lock', '/tmp/nimble_4538/githubcom_nimlangx11/.git/config')
chmod('/tmp/nimble_4538/githubcom_nimlangx11/.git/config.lock', 0x00000000000001a4)
rename('/tmp/nimble_4538/githubcom_nimlangx11/.git/config.lock', '/tmp/nimble_4538/githubcom_nimlangx11/.git/config')
unlink('/tmp/nimble_4538/githubcom_nimlangx11/.git/objects/pack/pack-90480013db8a8662f918a373aaca9e12c902da11.keep')
mkdir('examples', 0x00000000000001ff)
mkdir('x11', 0x00000000000001ff)
rename('/tmp/nimble_4538/githubcom_nimlangx11/.git/index.lock', '/tmp/nimble_4538/githubcom_nimlangx11/.git/index')
mkdir('/tmp', 0x00000000000001ff)
mkdir('/tmp/nimblecache', 0x00000000000001ff)
mkdir('/tmp/nimblecache/x11_3779849350', 0x00000000000001ff)
unlink('/tmp/nimblecache/x11_3779849350/x11.ini')
unlink('/tmp/nimble_4538.out')
unlink('/tmp/nimble_4538/githubcom_nimlangx11/x11_4538.nims')
mkdir('/home', 0x00000000000001ff)
mkdir('/home/runner', 0x00000000000001ff)
mkdir('/home/runner/.nimble', 0x00000000000001ff)
mkdir('/home/runner/.nimble/pkgs', 0x00000000000001ff)
mkdir('/home/runner/.nimble/pkgs/x11-1.1', 0x00000000000001ff)
mkdir('/home', 0x00000000000001ff)
mkdir('/home/runner', 0x00000000000001ff)
mkdir('/home/runner/.nimble', 0x00000000000001ff)
mkdir('/home/runner/.nimble/pkgs', 0x00000000000001ff)
mkdir('/home/runner/.nimble/pkgs/x11-1.1', 0x00000000000001ff)
mkdir('/home/runner/.nimble/pkgs/x11-1.1/x11', 0x00000000000001ff)
chmod('/home/runner/.nimble/pkgs/x11-1.1/x11/xshm.nim', 0x00000000000001a4)
mkdir('/home', 0x00000000000001ff)
mkdir('/home/runner', 0x00000000000001ff)
mkdir('/home/runner/.nimble', 0x00000000000001ff)
mkdir('/home/runner/.nimble/pkgs', 0x00000000000001ff)
mkdir('/home/runner/.nimble/pkgs/x11-1.1', 0x00000000000001ff)
mkdir('/home/runner/.nimble/pkgs/x11-1.1/x11', 0x00000000000001ff)
chmod('/home/runner/.nimble/pkgs/x11-1.1/x11/keysym.nim', 0x00000000000001a4)
mkdir('/home', 0x00000000000001ff)
mkdir('/home/runner', 0x00000000000001ff)
mkdir('/home/runner/.nimble', 0x00000000000001ff)
mkdir('/home/runner/.nimble/pkgs', 0x00000000000001ff)
mkdir('/home/runner/.nimble/pkgs/x11-1.1', 0x00000000000001ff)
mkdir('/home/runner/.nimble/pkgs/x11-1.1/x11', 0x00000000000001ff)
chmod('/home/runner/.nimble/pkgs/x11-1.1/x11/xi.nim', 0x00000000000001a4)
mkdir('/home', 0x00000000000001ff)
mkdir('/home/runner', 0x00000000000001ff)
mkdir('/home/runner/.nimble', 0x00000000000001ff)
mkdir('/home/runner/.nimble/pkgs', 0x00000000000001ff)
mkdir('/home/runner/.nimble/pkgs/x11-1.1', 0x00000000000001ff)
mkdir('/home/runner/.nimble/pkgs/x11-1.1/x11', 0x00000000000001ff)
chmod('/home/runner/.nimble/pkgs/x11-1.1/x11/xrender.nim', 0x00000000000001a4)
mkdir('/home', 0x00000000000001ff)
mkdir('/home/runner', 0x00000000000001ff)
mkdir('/home/runner/.nimble', 0x00000000000001ff)
mkdir('/home/runner/.nimble/pkgs', 0x00000000000001ff)
mkdir('/home/runner/.nimble/pkgs/x11-1.1', 0x00000000000001ff)
mkdir('/home/runner/.nimble/pkgs/x11-1.1/x11', 0x00000000000001ff)
chmod('/home/runner/.nimble/pkgs/x11-1.1/x11/xinerama.nim', 0x00000000000001a4)
mkdir('/home', 0x00000000000001ff)
mkdir('/home/runner', 0x00000000000001ff)
mkdir('/home/runner/.nimble', 0x00000000000001ff)
mkdir('/home/runner/.nimble/pkgs', 0x00000000000001ff)
mkdir('/home/runner/.nimble/pkgs/x11-1.1', 0x00000000000001ff)
mkdir('/home/runner/.nimble/pkgs/x11-1.1/x11', 0x00000000000001ff)
chmod('/home/runner/.nimble/pkgs/x11-1.1/x11/xresource.nim', 0x00000000000001a4)
mkdir('/home', 0x00000000000001ff)
mkdir('/home/runner', 0x00000000000001ff)
mkdir('/home/runner/.nimble', 0x00000000000001ff)
mkdir('/home/runner/.nimble/pkgs', 0x00000000000001ff)
mkdir('/home/runner/.nimble/pkgs/x11-1.1', 0x00000000000001ff)
mkdir('/home/runner/.nimble/pkgs/x11-1.1/x11', 0x00000000000001ff)
chmod('/home/runner/.nimble/pkgs/x11-1.1/x11/xkblib.nim', 0x00000000000001a4)
mkdir('/home', 0x00000000000001ff)
mkdir('/home/runner', 0x00000000000001ff)
mkdir('/home/runner/.nimble', 0x00000000000001ff)
mkdir('/home/runner/.nimble/pkgs', 0x00000000000001ff)
mkdir('/home/runner/.nimble/pkgs/x11-1.1', 0x00000000000001ff)
mkdir('/home/runner/.nimble/pkgs/x11-1.1/x11', 0x00000000000001ff)
chmod('/home/runner/.nimble/pkgs/x11-1.1/x11/xf86dga.nim', 0x00000000000001a4)
mkdir('/home', 0x00000000000001ff)
mkdir('/home/runner', 0x00000000000001ff)
mkdir('/home/runner/.nimble', 0x00000000000001ff)
mkdir('/home/runner/.nimble/pkgs', 0x00000000000001ff)
mkdir('/home/runner/.nimble/pkgs/x11-1.1', 0x00000000000001ff)
mkdir('/home/runner/.nimble/pkgs/x11-1.1/x11', 0x00000000000001ff)
chmod('/home/runner/.nimble/pkgs/x11-1.1/x11/xrandr.nim', 0x00000000000001a4)
mkdir('/home', 0x00000000000001ff)
mkdir('/home/runner', 0x00000000000001ff)
mkdir('/home/runner/.nimble', 0x00000000000001ff)
mkdir('/home/runner/.nimble/pkgs', 0x00000000000001ff)
mkdir('/home/runner/.nimble/pkgs/x11-1.1', 0x00000000000001ff)
mkdir('/home/runner/.nimble/pkgs/x11-1.1/x11', 0x00000000000001ff)
chmod('/home/runner/.nimble/pkgs/x11-1.1/x11/xatom.nim', 0x00000000000001a4)
mkdir('/home', 0x00000000000001ff)
mkdir('/home/runner', 0x00000000000001ff)
mkdir('/home/runner/.nimble', 0x00000000000001ff)
mkdir('/home/runner/.nimble/pkgs', 0x00000000000001ff)
mkdir('/home/runner/.nimble/pkgs/x11-1.1', 0x00000000000001ff)
mkdir('/home/runner/.nimble/pkgs/x11-1.1/x11', 0x00000000000001ff)
chmod('/home/runner/.nimble/pkgs/x11-1.1/x11/xkb.nim', 0x00000000000001a4)
mkdir('/home', 0x00000000000001ff)
mkdir('/home/runner', 0x00000000000001ff)    Copying file /tmp/nimble_4538/githubcom_nimlangx11/x11/cursorfont.nim to /home/runner/.nimble/pkgs/x11-1.1/x11/cursorfont.nim
    Copying file /tmp/nimble_4538/githubcom_nimlangx11/x11/x11pragma.nim to /home/runner/.nimble/pkgs/x11-1.1/x11/x11pragma.nim
    Copying file /tmp/nimble_4538/githubcom_nimlangx11/x11/xlib.nim to /home/runner/.nimble/pkgs/x11-1.1/x11/xlib.nim
    Copying file /tmp/nimble_4538/githubcom_nimlangx11/x11/xf86vmode.nim to /home/runner/.nimble/pkgs/x11-1.1/x11/xf86vmode.nim
    Copying file /tmp/nimble_4538/githubcom_nimlangx11/x11/xinput.nim to /home/runner/.nimble/pkgs/x11-1.1/x11/xinput.nim
    Copying file /tmp/nimble_4538/githubcom_nimlangx11/x11/xcms.nim to /home/runner/.nimble/pkgs/x11-1.1/x11/xcms.nim
    Copying file /tmp/nimble_4538/githubcom_nimlangx11/x11/xutil.nim to /home/runner/.nimble/pkgs/x11-1.1/x11/xutil.nim
    Copying file /tmp/nimble_4538/githubcom_nimlangx11/x11/x.nim to /home/runner/.nimble/pkgs/x11-1.1/x11/x.nim
    Copying file /tmp/nimble_4538/githubcom_nimlangx11/x11/xvlib.nim to /home/runner/.nimble/pkgs/x11-1.1/x11/xvlib.nim
    Copying file /tmp/nimble_4538/githubcom_nimlangx11/x11/xv.nim to /home/runner/.nimble/pkgs/x11-1.1/x11/xv.nim
    Copying file /tmp/nimble_4538/githubcom_nimlangx11/x11/xtst.nim to /home/runner/.nimble/pkgs/x11-1.1/x11/xtst.nim
    Copying file /tmp/nimble_4538/githubcom_nimlangx11/x11.nimble to /home/runner/.nimble/pkgs/x11-1.1/x11.nimble
   Success: x11 installed successfully.
       Info /home/runner/.nimble/pkgs/x11-1.1/x11_4538.nims(1, 8) Warning: imported and not used: 'system' [UnusedImport]
        ... /home/runner/.nimble/pkgs/x11-1.1/x11_4538.nims(5, 22) Warning: imported and not used: 'strutils' [UnusedImport]
 Installing egl@0.1
    Copying file /tmp/nimble_4538/githubcom_nimiousioeglgit/src/egl.nim to /home/runner/.nimble/pkgs/egl-0.1/egl.nim
    Copying file /tmp/nimble_4538/githubcom_nimiousioeglgit/egl.nimble to /home/runner/.nimble/pkgs/egl-0.1/egl.nimble
   Success: egl installed successfully.

mkdir('/home/runner/.nimble', 0x00000000000001ff)
mkdir('/home/runner/.nimble/pkgs', 0x00000000000001ff)
mkdir('/home/runner/.nimble/pkgs/x11-1.1', 0x00000000000001ff)
mkdir('/home/runner/.nimble/pkgs/x11-1.1/x11', 0x00000000000001ff)
chmod('/home/runner/.nimble/pkgs/x11-1.1/x11/cursorfont.nim', 0x00000000000001a4)
mkdir('/home', 0x00000000000001ff)
mkdir('/home/runner', 0x00000000000001ff)
mkdir('/home/runner/.nimble', 0x00000000000001ff)
mkdir('/home/runner/.nimble/pkgs', 0x00000000000001ff)
mkdir('/home/runner/.nimble/pkgs/x11-1.1', 0x00000000000001ff)
mkdir('/home/runner/.nimble/pkgs/x11-1.1/x11', 0x00000000000001ff)
chmod('/home/runner/.nimble/pkgs/x11-1.1/x11/x11pragma.nim', 0x00000000000001a4)
mkdir('/home', 0x00000000000001ff)
mkdir('/home/runner', 0x00000000000001ff)
mkdir('/home/runner/.nimble', 0x00000000000001ff)
mkdir('/home/runner/.nimble/pkgs', 0x00000000000001ff)
mkdir('/home/runner/.nimble/pkgs/x11-1.1', 0x00000000000001ff)
mkdir('/home/runner/.nimble/pkgs/x11-1.1/x11', 0x00000000000001ff)
chmod('/home/runner/.nimble/pkgs/x11-1.1/x11/xlib.nim', 0x00000000000001a4)
mkdir('/home', 0x00000000000001ff)
mkdir('/home/runner', 0x00000000000001ff)
mkdir('/home/runner/.nimble', 0x00000000000001ff)
mkdir('/home/runner/.nimble/pkgs', 0x00000000000001ff)
mkdir('/home/runner/.nimble/pkgs/x11-1.1', 0x00000000000001ff)
mkdir('/home/runner/.nimble/pkgs/x11-1.1/x11', 0x00000000000001ff)
chmod('/home/runner/.nimble/pkgs/x11-1.1/x11/xf86vmode.nim', 0x00000000000001a4)
mkdir('/home', 0x00000000000001ff)
mkdir('/home/runner', 0x00000000000001ff)
mkdir('/home/runner/.nimble', 0x00000000000001ff)
mkdir('/home/runner/.nimble/pkgs', 0x00000000000001ff)
mkdir('/home/runner/.nimble/pkgs/x11-1.1', 0x00000000000001ff)
mkdir('/home/runner/.nimble/pkgs/x11-1.1/x11', 0x00000000000001ff)
chmod('/home/runner/.nimble/pkgs/x11-1.1/x11/xinput.nim', 0x00000000000001a4)
mkdir('/home', 0x00000000000001ff)
mkdir('/home/runner', 0x00000000000001ff)
mkdir('/home/runner/.nimble', 0x00000000000001ff)
mkdir('/home/runner/.nimble/pkgs', 0x00000000000001ff)
mkdir('/home/runner/.nimble/pkgs/x11-1.1', 0x00000000000001ff)
mkdir('/home/runner/.nimble/pkgs/x11-1.1/x11', 0x00000000000001ff)
chmod('/home/runner/.nimble/pkgs/x11-1.1/x11/xcms.nim', 0x00000000000001a4)
mkdir('/home', 0x00000000000001ff)
mkdir('/home/runner', 0x00000000000001ff)
mkdir('/home/runner/.nimble', 0x00000000000001ff)
mkdir('/home/runner/.nimble/pkgs', 0x00000000000001ff)
mkdir('/home/runner/.nimble/pkgs/x11-1.1', 0x00000000000001ff)
mkdir('/home/runner/.nimble/pkgs/x11-1.1/x11', 0x00000000000001ff)
chmod('/home/runner/.nimble/pkgs/x11-1.1/x11/xutil.nim', 0x00000000000001a4)
mkdir('/home', 0x00000000000001ff)
mkdir('/home/runner', 0x00000000000001ff)
mkdir('/home/runner/.nimble', 0x00000000000001ff)
mkdir('/home/runner/.nimble/pkgs', 0x00000000000001ff)
mkdir('/home/runner/.nimble/pkgs/x11-1.1', 0x00000000000001ff)
mkdir('/home/runner/.nimble/pkgs/x11-1.1/x11', 0x00000000000001ff)
chmod('/home/runner/.nimble/pkgs/x11-1.1/x11/x.nim', 0x00000000000001a4)
mkdir('/home', 0x00000000000001ff)
mkdir('/home/runner', 0x00000000000001ff)
mkdir('/home/runner/.nimble', 0x00000000000001ff)
mkdir('/home/runner/.nimble/pkgs', 0x00000000000001ff)
mkdir('/home/runner/.nimble/pkgs/x11-1.1', 0x00000000000001ff)
mkdir('/home/runner/.nimble/pkgs/x11-1.1/x11', 0x00000000000001ff)
chmod('/home/runner/.nimble/pkgs/x11-1.1/x11/xvlib.nim', 0x00000000000001a4)
mkdir('/home', 0x00000000000001ff)
mkdir('/home/runner', 0x00000000000001ff)
mkdir('/home/runner/.nimble', 0x00000000000001ff)
mkdir('/home/runner/.nimble/pkgs', 0x00000000000001ff)
mkdir('/home/runner/.nimble/pkgs/x11-1.1', 0x00000000000001ff)
mkdir('/home/runner/.nimble/pkgs/x11-1.1/x11', 0x00000000000001ff)
chmod('/home/runner/.nimble/pkgs/x11-1.1/x11/xv.nim', 0x00000000000001a4)
mkdir('/home', 0x00000000000001ff)
mkdir('/home/runner', 0x00000000000001ff)
mkdir('/home/runner/.nimble', 0x00000000000001ff)
mkdir('/home/runner/.nimble/pkgs', 0x00000000000001ff)
mkdir('/home/runner/.nimble/pkgs/x11-1.1', 0x00000000000001ff)
mkdir('/home/runner/.nimble/pkgs/x11-1.1/x11', 0x00000000000001ff)
chmod('/home/runner/.nimble/pkgs/x11-1.1/x11/xtst.nim', 0x00000000000001a4)
chmod('/home/runner/.nimble/pkgs/x11-1.1/x11.nimble', 0x00000000000001a4)
mkdir('/tmp', 0x00000000000001ff)
mkdir('/tmp/nimblecache', 0x00000000000001ff)
mkdir('/tmp/nimblecache/x11_3059475979', 0x00000000000001ff)
unlink('/tmp/nimblecache/x11_3059475979/x11.ini')
unlink('/tmp/nimble_4538.out')
unlink('/home/runner/.nimble/pkgs/x11-1.1/x11_4538.nims')
mkdir('/home', 0x00000000000001ff)
mkdir('/home/runner', 0x00000000000001ff)
mkdir('/home/runner/.nimble', 0x00000000000001ff)
mkdir('/home/runner/.nimble/pkgs', 0x00000000000001ff)
mkdir('/home/runner/.nimble/pkgs/egl-0.1', 0x00000000000001ff)
mkdir('/home', 0x00000000000001ff)
mkdir('/home/runner', 0x00000000000001ff)
mkdir('/home/runner/.nimble', 0x00000000000001ff)
mkdir('/home/runner/.nimble/pkgs', 0x00000000000001ff)
mkdir('/home/runner/.nimble/pkgs/egl-0.1', 0x00000000000001ff)
chmod('/home/runner/.nimble/pkgs/egl-0.1/egl.nim', 0x00000000000001a4)
chmod('/home/runner/.nimble/pkgs/egl-0.1/egl.nimble', 0x00000000000001a4)
unlink('/tmp/nimble_4538/githubcom_nimlangx11/examples/x11ex.nim')
unlink('/tmp/nimble_4538/githubcom_nimlangx11/examples/xshmex.nim')
rmdir('/tmp/nimble_4538/githubcom_nimlangx11/examples')
unlink('/tmp/nimble_4538/githubcom_nimlangx11/x11/xshm.nim')
unlink('/tmp/nimble_4538/githubcom_nimlangx11/x11/keysym.nim')
unlink('/tmp/nimble_4538/githubcom_nimlangx11/x11/xi.nim')
unlink('/tmp/nimble_4538/githubcom_nimlangx11/x11/xrender.nim')
unlink('/tmp/nimble_4538/githubcom_nimlangx11/x11/xinerama.nim')
unlink('/tmp/nimble_4538/githubcom_nimlangx11/x11/xresource.nim')
unlink('/tmp/nimble_4538/githubcom_nimlangx11/x11/xkblib.nim')
unlink('/tmp/nimble_4538/githubcom_nimlangx11/x11/xf86dga.nim')
unlink('/tmp/nimble_4538/githubcom_nimlangx11/x11/xrandr.nim')
unlink('/tmp/nimble_4538/githubcom_nimlangx11/x11/xatom.nim')
unlink('/tmp/nimble_4538/githubcom_nimlangx11/x11/xkb.nim')
unlink('/tmp/nimble_4538/githubcom_nimlangx11/x11/cursorfont.nim')
unlink('/tmp/nimble_4538/githubcom_nimlangx11/x11/x11pragma.nim')
unlink('/tmp/nimble_4538/githubcom_nimlangx11/x11/xlib.nim')
unlink('/tmp/nimble_4538/githubcom_nimlangx11/x11/xf86vmode.nim')
unlink('/tmp/nimble_4538/githubcom_nimlangx11/x11/xinput.nim')
unlink('/tmp/nimble_4538/githubcom_nimlangx11/x11/xcms.nim')
unlink('/tmp/nimble_4538/githubcom_nimlangx11/x11/xutil.nim')
unlink('/tmp/nimble_4538/githubcom_nimlangx11/x11/x.nim')
unlink('/tmp/nimble_4538/githubcom_nimlangx11/x11/xvlib.nim')
unlink('/tmp/nimble_4538/githubcom_nimlangx11/x11/xv.nim')
unlink('/tmp/nimble_4538/githubcom_nimlangx11/x11/xtst.nim')
rmdir('/tmp/nimble_4538/githubcom_nimlangx11/x11')
unlink('/tmp/nimble_4538/githubcom_nimlangx11/.git/refs/remotes/origin/HEAD')
rmdir('/tmp/nimble_4538/githubcom_nimlangx11/.git/refs/remotes/origin')
rmdir('/tmp/nimble_4538/githubcom_nimlangx11/.git/refs/remotes')
unlink('/tmp/nimble_4538/githubcom_nimlangx11/.git/refs/heads/master')
rmdir('/tmp/nimble_4538/githubcom_nimlangx11/.git/refs/heads')
rmdir('/tmp/nimble_4538/githubcom_nimlangx11/.git/refs/tags')
rmdir('/tmp/nimble_4538/githubcom_nimlangx11/.git/refs')
unlink('/tmp/nimble_4538/githubcom_nimlangx11/.git/config')
unlink('/tmp/nimble_4538/githubcom_nimlangx11/.git/logs/refs/remotes/origin/HEAD')
rmdir('/tmp/nimble_4538/githubcom_nimlangx11/.git/logs/refs/remotes/origin')
rmdir('/tmp/nimble_4538/githubcom_nimlangx11/.git/logs/refs/remotes')
unlink('/tmp/nimble_4538/githubcom_nimlangx11/.git/logs/refs/heads/master')
rmdir('/tmp/nimble_4538/githubcom_nimlangx11/.git/logs/refs/heads')
rmdir('/tmp/nimble_4538/githubcom_nimlangx11/.git/logs/refs')
unlink('/tmp/nimble_4538/githubcom_nimlangx11/.git/logs/HEAD')
rmdir('/tmp/nimble_4538/githubcom_nimlangx11/.git/logs')
unlink('/tmp/nimble_4538/githubcom_nimlangx11/.git/packed-refs')
unlink('/tmp/nimble_4538/githubcom_nimlangx11/.git/HEAD')
unlink('/tmp/nimble_4538/githubcom_nimlangx11/.git/description')
unlink('/tmp/nimble_4538/githubcom_nimlangx11/.git/hooks/fsmonitor-watchman.sample')
unlink('/tmp/nimble_4538/githubcom_nimlangx11/.git/hooks/pre-commit.sample')
unlink('/tmp/nimble_4538/githubcom_nimlangx11/.git/hooks/applypatch-msg.sample')
unlink('/tmp/nimble_4538/githubcom_nimlangx11/.git/hooks/pre-rebase.sample')
unlink('/tmp/nimble_4538/githubcom_nimlangx11/.git/hooks/update.sample')
unlink('/tmp/nimble_4538/githubcom_nimlangx11/.git/hooks/pre-push.sample')
unlink('/tmp/nimble_4538/githubcom_nimlangx11/.git/hooks/pre-receive.sample')
unlink('/tmp/nimble_4538/githubcom_nimlangx11/.git/hooks/pre-applypatch.sample')
unlink('/tmp/nimble_4538/githubcom_nimlangx11/.git/hooks/post-update.sample')
unlink('/tmp/nimble_4538/githubcom_nimlangx11/.git/hooks/prepare-commit-msg.sample')
unlink('/tmp/nimble_4538/githubcom_nimlangx11/.git/hooks/commit-msg.sample')
unlink('/tmp/nimble_4538/githubcom_nimlangx11/.git/hooks/pre-merge-commit.sample')
rmdir('/tmp/nimble_4538/githubcom_nimlangx11/.git/hooks')
unlink('/tmp/nimble_4538/githubcom_nimlangx11/.git/objects/pack/pack-90480013db8a8662f918a373aaca9e12c902da11.pack')
unlink('/tmp/nimble_4538/githubcom_nimlangx11/.git/objects/pack/pack-90480013db8a8662f918a373aaca9e12c902da11.idx')
rmdir('/tmp/nimble_4538/githubcom_nimlangx11/.git/objects/pack')
rmdir('/tmp/nimble_4538/githubcom_nimlangx11/.git/objects/info')
rmdir('/tmp/nimble_4538/githubcom_nimlangx11/.git/objects')
rmdir('/tmp/nimble_4538/githubcom_nimlangx11/.git/branches')
unlink('/tmp/nimble_4538/githubcom_nimlangx11/.git/index')
unlink('/tmp/nimble_4538/githubcom_nimlangx11/.git/info/exclude')
rmdir('/tmp/nimble_4538/githubcom_nimlangx11/.git/info')
unlink('/tmp/nimble_4538/githubcom_nimlangx11/.git/shallow')
rmdir('/tmp/nimble_4538/githubcom_nimlangx11/.git')
unlink('/tmp/nimble_4538/githubcom_nimlangx11/x11.nimble')
unlink('/tmp/nimble_4538/githubcom_nimlangx11/LICENSE')
rmdir('/tmp/nimble_4538/githubcom_nimlangx11')
unlink('/tmp/nimble_4538/githubcom_nimiousioeglgit/examples/egl_example.nim')
unlink('/tmp/nimble_4538/githubcom_nimiousioeglgit/examples/egl_example_headless.nim')
unlink('/tmp/nimble_4538/githubcom_nimiousioeglgit/examples/nativewindow.nim')
unlink('/tmp/nimble_4538/githubcom_nimiousioeglgit/examples/nim.cfg')
rmdir('/tmp/nimble_4538/githubcom_nimiousioeglgit/examples')
unlink('/tmp/nimble_4538/githubcom_nimiousioeglgit/docs/egl.html')
unlink('/tmp/nimble_4538/githubcom_nimiousioeglgit/docs/logo.png')
rmdir('/tmp/nimble_4538/githubcom_nimiousioeglgit/docs')
unlink('/tmp/nimble_4538/githubcom_nimiousioeglgit/README.md')
unlink('/tmp/nimble_4538/githubcom_nimiousioeglgit/.git/refs/remotes/origin/HEAD')
rmdir('/tmp/nimble_4538/githubcom_nimiousioeglgit/.git/refs/remotes/origin')
rmdir('/tmp/nimble_4538/githubcom_nimiousioeglgit/.git/refs/remotes')
unlink('/tmp/nimble_4538/githubcom_nimiousioeglgit/.git/refs/heads/master')
rmdir('/tmp/nimble_4538/githubcom_nimiousioeglgit/.git/refs/heads')
rmdir('/tmp/nimble_4538/githubcom_nimiousioeglgit/.git/refs/tags')
rmdir('/tmp/nimble_4538/githubcom_nimiousioeglgit/.git/refs')
unlink('/tmp/nimble_4538/githubcom_nimiousioeglgit/.git/config')
unlink('/tmp/nimble_4538/githubcom_nimiousioeglgit/.git/logs/refs/remotes/origin/HEAD')
rmdir('/tmp/nimble_4538/githubcom_nimiousioeglgit/.git/logs/refs/remotes/origin')
rmdir('/tmp/nimble_4538/githubcom_nimiousioeglgit/.git/logs/refs/remotes')
unlink('/tmp/nimble_4538/githubcom_nimiousioeglgit/.git/logs/refs/heads/master')
rmdir('/tmp/nimble_4538/githubcom_nimiousioeglgit/.git/logs/refs/heads')
rmdir('/tmp/nimble_4538/githubcom_nimiousioeglgit/.git/logs/refs')
unlink('/tmp/nimble_4538/githubcom_nimiousioeglgit/.git/logs/HEAD')
rmdir('/tmp/nimble_4538/githubcom_nimiousioeglgit/.git/logs')
unlink('/tmp/nimble_4538/githubcom_nimiousioeglgit/.git/packed-refs')
unlink('/tmp/nimble_4538/githubcom_nimiousioeglgit/.git/HEAD')
unlink('/tmp/nimble_4538/githubcom_nimiousioeglgit/.git/description')
unlink('/tmp/nimble_4538/githubcom_nimiousioeglgit/.git/hooks/fsmonitor-watchman.sample')
unlink('/tmp/nimble_4538/githubcom_nimiousioeglgit/.git/hooks/pre-commit.sample')
unlink('/tmp/nimble_4538/githubcom_nimiousioeglgit/.git/hooks/applypatch-msg.sample')
unlink('/tmp/nimble_4538/githubcom_nimiousioeglgit/.git/hooks/pre-rebase.sample')
unlink('/tmp/nimble_4538/githubcom_nimiousioeglgit/.git/hooks/update.sample')
unlink('/tmp/nimble_4538/githubcom_nimiousioeglgit/.git/hooks/pre-push.sample')
unlink('/tmp/nimble_4538/githubcom_nimiousioeglgit/.git/hooks/pre-receive.sample')
unlink('/tmp/nimble_4538/githubcom_nimiousioeglgit/.git/hooks/pre-applypatch.sample')
unlink('/tmp/nimble_4538/githubcom_nimiousioeglgit/.git/hooks/post-update.sample')
unlink('/tmp/nimble_4538/githubcom_nimiousioeglgit/.git/hooks/prepare-commit-msg.sample')
unlink('/tmp/nimble_4538/githubcom_nimiousioeglgit/.git/hooks/commit-msg.sample')
unlink('/tmp/nimble_4538/githubcom_nimiousioeglgit/.git/hooks/pre-merge-commit.sample')
rmdir('/tmp/nimble_4538/githubcom_nimiousioeglgit/.git/hooks')
unlink('/tmp/nimble_4538/githubcom_nimiousioeglgit/.git/objects/pack/pack-65cd9ead9839cfb993fca70415966ccd36d9ef44.idx')
unlink('/tmp/nimble_4538/githubcom_nimiousioeglgit/.git/objects/pack/pack-65cd9ead9839cfb993fca70415966ccd36d9ef44.pack')
rmdir('/tmp/nimble_4538/githubcom_nimiousioeglgit/.git/objects/pack')
rmdir('/tmp/nimble_4538/githubcom_nimiousioeglgit/.git/objects/info')
rmdir('/tmp/nimble_4538/githubcom_nimiousioeglgit/.git/objects')
rmdir('/tmp/nimble_4538/githubcom_nimiousioeglgit/.git/branches')
unlink('/tmp/nimble_4538/githubcom_nimiousioeglgit/.git/index')
unlink('/tmp/nimble_4538/githubcom_nimiousioeglgit/.git/info/exclude')
rmdir('/tmp/nimble_4538/githubcom_nimiousioeglgit/.git/info')
unlink('/tmp/nimble_4538/githubcom_nimiousioeglgit/.git/shallow')
rmdir('/tmp/nimble_4538/githubcom_nimiousioeglgit/.git')
unlink('/tmp/nimble_4538/githubcom_nimiousioeglgit/.gitignore')
unlink('/tmp/nimble_4538/githubcom_nimiousioeglgit/nimdoc.cfg')
unlink('/tmp/nimble_4538/githubcom_nimiousioeglgit/LICENSE')
unlink('/tmp/nimble_4538/githubcom_nimiousioeglgit/nim.cfg')
unlink('/tmp/nimble_4538/githubcom_nimiousioeglgit/egl.nimble')
unlink('/tmp/nimble_4538/githubcom_nimiousioeglgit/src/egl.nim')
rmdir('/tmp/nimble_4538/githubcom_nimiousioeglgit/src')
rmdir('/tmp/nimble_4538/githubcom_nimiousioeglgit')
rmdir('/tmp/nimble_4538')
  create directory /tmp
  create directory /tmp/nimble_4538
  create directory /tmp/nimble_4538/githubcom_nimiousioeglgit
  delete /tmp/nimble_4538/githubcom_nimiousioeglgit
  create directory /tmp/nimble_4538/githubcom_nimiousioeglgit
  create directory /tmp/nimble_4538/githubcom_nimiousioeglgit/.git
  create directory /tmp/nimble_4538/githubcom_nimiousioeglgit/.git
  create directory /tmp/nimble_4538/githubcom_nimiousioeglgit/.git/hooks
  create directory /tmp/nimble_4538/githubcom_nimiousioeglgit/.git/branches
  create directory /tmp/nimble_4538/githubcom_nimiousioeglgit/.git/info
  create directory /tmp/nimble_4538/githubcom_nimiousioeglgit/.git/refs
  create directory /tmp/nimble_4538/githubcom_nimiousioeglgit/.git/refs/heads
  create directory /tmp/nimble_4538/githubcom_nimiousioeglgit/.git/refs/tags
  rename /tmp/nimble_4538/githubcom_nimiousioeglgit/.git/HEAD.lock to HEAD
  rename /tmp/nimble_4538/githubcom_nimiousioeglgit/.git/config.lock to config
  change permissions of /tmp/nimble_4538/githubcom_nimiousioeglgit/.git/config to rwxr--r--
  change permissions of /tmp/nimble_4538/githubcom_nimiousioeglgit/.git/config to rw-r--r--
  change permissions of /tmp/nimble_4538/githubcom_nimiousioeglgit/.git/config.lock to rw-r--r--
  rename /tmp/nimble_4538/githubcom_nimiousioeglgit/.git/config.lock to config
  change permissions of /tmp/nimble_4538/githubcom_nimiousioeglgit/.git/config.lock to rw-r--r--
  rename /tmp/nimble_4538/githubcom_nimiousioeglgit/.git/config.lock to config
  change permissions of /tmp/nimble_4538/githubcom_nimiousioeglgit/.git/config.lock to rw-r--r--
  rename /tmp/nimble_4538/githubcom_nimiousioeglgit/.git/config.lock to config
  delete /tmp/nimble_4538/githubcom_nimiousioeglgit/.git/tHvmv6X
  create symbolic link from /tmp/nimble_4538/githubcom_nimiousioeglgit/.git/tHvmv6X to /home/runner/work/nim_packages_security_audit/nim_packages_security_audit/testing
  delete /tmp/nimble_4538/githubcom_nimiousioeglgit/.git/tHvmv6X
  create directory /tmp/nimble_4538/githubcom_nimiousioeglgit/.git/objects
  create directory /tmp/nimble_4538/githubcom_nimiousioeglgit/.git/objects/pack
  create directory /tmp/nimble_4538/githubcom_nimiousioeglgit/.git/objects/info
  change permissions of /tmp/nimble_4538/githubcom_nimiousioeglgit/.git/config.lock to rw-r--r--
  rename /tmp/nimble_4538/githubcom_nimiousioeglgit/.git/config.lock to config
  change permissions of /tmp/nimble_4538/githubcom_nimiousioeglgit/.git/config.lock to rw-r--r--
  rename /tmp/nimble_4538/githubcom_nimiousioeglgit/.git/config.lock to config
  change permissions of /tmp/nimble_4538/githubcom_nimiousioeglgit/.git/config.lock to rw-r--r--
  rename /tmp/nimble_4538/githubcom_nimiousioeglgit/.git/config.lock to config
  create hard link from /tmp/nimble_4538/githubcom_nimiousioeglgit/.git/objects/pack/pack-65cd9ead9839cfb993fca70415966ccd36d9ef44.pack to /tmp/nimble_4538/githubcom_nimiousioeglgit/.git/objects/pack/tmp_pack_Qz81ma
  delete /tmp/nimble_4538/githubcom_nimiousioeglgit/.git/objects/pack/tmp_pack_Qz81ma
  create hard link from /tmp/nimble_4538/githubcom_nimiousioeglgit/.git/objects/pack/pack-65cd9ead9839cfb993fca70415966ccd36d9ef44.idx to /tmp/nimble_4538/githubcom_nimiousioeglgit/.git/objects/pack/tmp_idx_rAL2E3
  delete /tmp/nimble_4538/githubcom_nimiousioeglgit/.git/objects/pack/tmp_idx_rAL2E3
  rename /tmp/nimble_4538/githubcom_nimiousioeglgit/.git/shallow.lock to shallow
  rename /tmp/nimble_4538/githubcom_nimiousioeglgit/.git/packed-refs.new to packed-refs
  delete /tmp/nimble_4538/githubcom_nimiousioeglgit/.git/packed-refs.lock
  create directory /tmp/nimble_4538/githubcom_nimiousioeglgit/.git/refs/remotes
  create directory /tmp/nimble_4538/githubcom_nimiousioeglgit/.git/refs/remotes/origin
  create directory /tmp/nimble_4538/githubcom_nimiousioeglgit/.git/logs
  create directory /tmp/nimble_4538/githubcom_nimiousioeglgit/.git/logs/refs
  create directory /tmp/nimble_4538/githubcom_nimiousioeglgit/.git/logs/refs/remotes
  create directory /tmp/nimble_4538/githubcom_nimiousioeglgit/.git/logs/refs/remotes/origin
  rename /tmp/nimble_4538/githubcom_nimiousioeglgit/.git/refs/remotes/origin/HEAD.lock to HEAD
  rename /tmp/nimble_4538/githubcom_nimiousioeglgit/.git/HEAD.lock to HEAD
  create directory /tmp/nimble_4538/githubcom_nimiousioeglgit/.git/logs/refs/heads
  rename /tmp/nimble_4538/githubcom_nimiousioeglgit/.git/refs/heads/master.lock to master
  delete /tmp/nimble_4538/githubcom_nimiousioeglgit/.git/HEAD.lock
  change permissions of /tmp/nimble_4538/githubcom_nimiousioeglgit/.git/config.lock to rw-r--r--
  rename /tmp/nimble_4538/githubcom_nimiousioeglgit/.git/config.lock to config
  change permissions of /tmp/nimble_4538/githubcom_nimiousioeglgit/.git/config.lock to rw-r--r--
  rename /tmp/nimble_4538/githubcom_nimiousioeglgit/.git/config.lock to config
  delete /tmp/nimble_4538/githubcom_nimiousioeglgit/.git/objects/pack/pack-65cd9ead9839cfb993fca70415966ccd36d9ef44.keep
  create directory /tmp/nimble_4538/githubcom_nimiousioeglgit/docs
  create directory /tmp/nimble_4538/githubcom_nimiousioeglgit/examples
  create directory /tmp/nimble_4538/githubcom_nimiousioeglgit/src
  rename /tmp/nimble_4538/githubcom_nimiousioeglgit/.git/index.lock to index
  create directory /tmp
  create directory /tmp/nimble_4538
  create directory /tmp/nimble_4538/githubcom_nimlangx11
  delete /tmp/nimble_4538/githubcom_nimlangx11
  create directory /tmp/nimble_4538/githubcom_nimlangx11
  create directory /tmp/nimble_4538/githubcom_nimlangx11/.git
  create directory /tmp/nimble_4538/githubcom_nimlangx11/.git
  create directory /tmp/nimble_4538/githubcom_nimlangx11/.git/hooks
  create directory /tmp/nimble_4538/githubcom_nimlangx11/.git/branches
  create directory /tmp/nimble_4538/githubcom_nimlangx11/.git/info
  create directory /tmp/nimble_4538/githubcom_nimlangx11/.git/refs
  create directory /tmp/nimble_4538/githubcom_nimlangx11/.git/refs/heads
  create directory /tmp/nimble_4538/githubcom_nimlangx11/.git/refs/tags
  rename /tmp/nimble_4538/githubcom_nimlangx11/.git/HEAD.lock to HEAD
  rename /tmp/nimble_4538/githubcom_nimlangx11/.git/config.lock to config
  change permissions of /tmp/nimble_4538/githubcom_nimlangx11/.git/config to rwxr--r--
  change permissions of /tmp/nimble_4538/githubcom_nimlangx11/.git/config to rw-r--r--
  change permissions of /tmp/nimble_4538/githubcom_nimlangx11/.git/config.lock to rw-r--r--
  rename /tmp/nimble_4538/githubcom_nimlangx11/.git/config.lock to config
  change permissions of /tmp/nimble_4538/githubcom_nimlangx11/.git/config.lock to rw-r--r--
  rename /tmp/nimble_4538/githubcom_nimlangx11/.git/config.lock to config
  change permissions of /tmp/nimble_4538/githubcom_nimlangx11/.git/config.lock to rw-r--r--
  rename /tmp/nimble_4538/githubcom_nimlangx11/.git/config.lock to config
  delete /tmp/nimble_4538/githubcom_nimlangx11/.git/t7iHfwx
  create symbolic link from /tmp/nimble_4538/githubcom_nimlangx11/.git/t7iHfwx to /home/runner/work/nim_packages_security_audit/nim_packages_security_audit/testing
  delete /tmp/nimble_4538/githubcom_nimlangx11/.git/t7iHfwx
  create directory /tmp/nimble_4538/githubcom_nimlangx11/.git/objects
  create directory /tmp/nimble_4538/githubcom_nimlangx11/.git/objects/pack
  create directory /tmp/nimble_4538/githubcom_nimlangx11/.git/objects/info
  change permissions of /tmp/nimble_4538/githubcom_nimlangx11/.git/config.lock to rw-r--r--
  rename /tmp/nimble_4538/githubcom_nimlangx11/.git/config.lock to config
  change permissions of /tmp/nimble_4538/githubcom_nimlangx11/.git/config.lock to rw-r--r--
  rename /tmp/nimble_4538/githubcom_nimlangx11/.git/config.lock to config
  change permissions of /tmp/nimble_4538/githubcom_nimlangx11/.git/config.lock to rw-r--r--
  rename /tmp/nimble_4538/githubcom_nimlangx11/.git/config.lock to config
  create hard link from /tmp/nimble_4538/githubcom_nimlangx11/.git/objects/pack/pack-90480013db8a8662f918a373aaca9e12c902da11.pack to /tmp/nimble_4538/githubcom_nimlangx11/.git/objects/pack/tmp_pack_CadoS2
  delete /tmp/nimble_4538/githubcom_nimlangx11/.git/objects/pack/tmp_pack_CadoS2
  create hard link from /tmp/nimble_4538/githubcom_nimlangx11/.git/objects/pack/pack-90480013db8a8662f918a373aaca9e12c902da11.idx to /tmp/nimble_4538/githubcom_nimlangx11/.git/objects/pack/tmp_idx_j5GD7l
  delete /tmp/nimble_4538/githubcom_nimlangx11/.git/objects/pack/tmp_idx_j5GD7l
  rename /tmp/nimble_4538/githubcom_nimlangx11/.git/shallow.lock to shallow
  rename /tmp/nimble_4538/githubcom_nimlangx11/.git/packed-refs.new to packed-refs
  delete /tmp/nimble_4538/githubcom_nimlangx11/.git/packed-refs.lock
  create directory /tmp/nimble_4538/githubcom_nimlangx11/.git/refs/remotes
  create directory /tmp/nimble_4538/githubcom_nimlangx11/.git/refs/remotes/origin
  create directory /tmp/nimble_4538/githubcom_nimlangx11/.git/logs
  create directory /tmp/nimble_4538/githubcom_nimlangx11/.git/logs/refs
  create directory /tmp/nimble_4538/githubcom_nimlangx11/.git/logs/refs/remotes
  create directory /tmp/nimble_4538/githubcom_nimlangx11/.git/logs/refs/remotes/origin
  rename /tmp/nimble_4538/githubcom_nimlangx11/.git/refs/remotes/origin/HEAD.lock to HEAD
  rename /tmp/nimble_4538/githubcom_nimlangx11/.git/HEAD.lock to HEAD
  create directory /tmp/nimble_4538/githubcom_nimlangx11/.git/logs/refs/heads
  rename /tmp/nimble_4538/githubcom_nimlangx11/.git/refs/heads/master.lock to master
  delete /tmp/nimble_4538/githubcom_nimlangx11/.git/HEAD.lock
  change permissions of /tmp/nimble_4538/githubcom_nimlangx11/.git/config.lock to rw-r--r--
  rename /tmp/nimble_4538/githubcom_nimlangx11/.git/config.lock to config
  change permissions of /tmp/nimble_4538/githubcom_nimlangx11/.git/config.lock to rw-r--r--
  rename /tmp/nimble_4538/githubcom_nimlangx11/.git/config.lock to config
  delete /tmp/nimble_4538/githubcom_nimlangx11/.git/objects/pack/pack-90480013db8a8662f918a373aaca9e12c902da11.keep
  create directory /tmp/nimble_4538/githubcom_nimlangx11/examples
  create directory /tmp/nimble_4538/githubcom_nimlangx11/x11
  rename /tmp/nimble_4538/githubcom_nimlangx11/.git/index.lock to index
  create directory /tmp
  create directory /tmp/nimblecache
  create directory /tmp/nimblecache/x11_3779849350
  delete /tmp/nimblecache/x11_3779849350/x11.ini
  delete /tmp/nimble_4538.out
  delete /tmp/nimble_4538/githubcom_nimlangx11/x11_4538.nims
  create directory /home
  create directory /home/runner
  create directory /home/runner/.nimble
  create directory /home/runner/.nimble/pkgs
  create directory /home/runner/.nimble/pkgs/x11-1.1
  create directory /home
  create directory /home/runner
  create directory /home/runner/.nimble
  create directory /home/runner/.nimble/pkgs
  create directory /home/runner/.nimble/pkgs/x11-1.1
  create directory /home/runner/.nimble/pkgs/x11-1.1/x11
  change permissions of /home/runner/.nimble/pkgs/x11-1.1/x11/xshm.nim to rw-r--r--
  create directory /home
  create directory /home/runner
  create directory /home/runner/.nimble
  create directory /home/runner/.nimble/pkgs
  create directory /home/runner/.nimble/pkgs/x11-1.1
  create directory /home/runner/.nimble/pkgs/x11-1.1/x11
  change permissions of /home/runner/.nimble/pkgs/x11-1.1/x11/keysym.nim to rw-r--r--
  create directory /home
  create directory /home/runner
  create directory /home/runner/.nimble
  create directory /home/runner/.nimble/pkgs
  create directory /home/runner/.nimble/pkgs/x11-1.1
  create directory /home/runner/.nimble/pkgs/x11-1.1/x11
  change permissions of /home/runner/.nimble/pkgs/x11-1.1/x11/xi.nim to rw-r--r--
  create directory /home
  create directory /home/runner
  create directory /home/runner/.nimble
  create directory /home/runner/.nimble/pkgs
  create directory /home/runner/.nimble/pkgs/x11-1.1
  create directory /home/runner/.nimble/pkgs/x11-1.1/x11
  change permissions of /home/runner/.nimble/pkgs/x11-1.1/x11/xrender.nim to rw-r--r--
  create directory /home
  create directory /home/runner
  create directory /home/runner/.nimble
  create directory /home/runner/.nimble/pkgs
  create directory /home/runner/.nimble/pkgs/x11-1.1
  create directory /home/runner/.nimble/pkgs/x11-1.1/x11
  change permissions of /home/runner/.nimble/pkgs/x11-1.1/x11/xinerama.nim to rw-r--r--
  create directory /home
  create directory /home/runner
  create directory /home/runner/.nimble
  create directory /home/runner/.nimble/pkgs
  create directory /home/runner/.nimble/pkgs/x11-1.1
  create directory /home/runner/.nimble/pkgs/x11-1.1/x11
  change permissions of /home/runner/.nimble/pkgs/x11-1.1/x11/xresource.nim to rw-r--r--
  create directory /home
  create directory /home/runner
  create directory /home/runner/.nimble
  create directory /home/runner/.nimble/pkgs
  create directory /home/runner/.nimble/pkgs/x11-1.1
  create directory /home/runner/.nimble/pkgs/x11-1.1/x11
  change permissions of /home/runner/.nimble/pkgs/x11-1.1/x11/xkblib.nim to rw-r--r--
  create directory /home
  create directory /home/runner
  create directory /home/runner/.nimble
  create directory /home/runner/.nimble/pkgs
  create directory /home/runner/.nimble/pkgs/x11-1.1
  create directory /home/runner/.nimble/pkgs/x11-1.1/x11
  change permissions of /home/runner/.nimble/pkgs/x11-1.1/x11/xf86dga.nim to rw-r--r--
  create directory /home
  create directory /home/runner
  create directory /home/runner/.nimble
  create directory /home/runner/.nimble/pkgs
  create directory /home/runner/.nimble/pkgs/x11-1.1
  create directory /home/runner/.nimble/pkgs/x11-1.1/x11
  change permissions of /home/runner/.nimble/pkgs/x11-1.1/x11/xrandr.nim to rw-r--r--
  create directory /home
  create directory /home/runner
  create directory /home/runner/.nimble
  create directory /home/runner/.nimble/pkgs
  create directory /home/runner/.nimble/pkgs/x11-1.1
  create directory /home/runner/.nimble/pkgs/x11-1.1/x11
  change permissions of /home/runner/.nimble/pkgs/x11-1.1/x11/xatom.nim to rw-r--r--
  create directory /home
  create directory /home/runner
  create directory /home/runner/.nimble
  create directory /home/runner/.nimble/pkgs
  create directory /home/runner/.nimble/pkgs/x11-1.1
  create directory /home/runner/.nimble/pkgs/x11-1.1/x11
  change permissions of /home/runner/.nimble/pkgs/x11-1.1/x11/xkb.nim to rw-r--r--
  create directory /home
  create directory /home/runner
  create directory /home/runner/.nimble
  create directory /home/runner/.nimble/pkgs
  create directory /home/runner/.nimble/pkgs/x11-1.1
  create directory /home/runner/.nimble/pkgs/x11-1.1/x11
  change permissions of /home/runner/.nimble/pkgs/x11-1.1/x11/cursorfont.nim to rw-r--r--
  create directory /home
  create directory /home/runner
  create directory /home/runner/.nimble
  create directory /home/runner/.nimble/pkgs
  create directory /home/runner/.nimble/pkgs/x11-1.1
  create directory /home/runner/.nimble/pkgs/x11-1.1/x11
  change permissions of /home/runner/.nimble/pkgs/x11-1.1/x11/x11pragma.nim to rw-r--r--
  create directory /home
  create directory /home/runner
  create directory /home/runner/.nimble
  create directory /home/runner/.nimble/pkgs
  create directory /home/runner/.nimble/pkgs/x11-1.1
  create directory /home/runner/.nimble/pkgs/x11-1.1/x11
  change permissions of /home/runner/.nimble/pkgs/x11-1.1/x11/xlib.nim to rw-r--r--
  create directory /home
  create directory /home/runner
  create directory /home/runner/.nimble
  create directory /home/runner/.nimble/pkgs
  create directory /home/runner/.nimble/pkgs/x11-1.1
  create directory /home/runner/.nimble/pkgs/x11-1.1/x11
  change permissions of /home/runner/.nimble/pkgs/x11-1.1/x11/xf86vmode.nim to rw-r--r--
  create directory /home
  create directory /home/runner
  create directory /home/runner/.nimble
  create directory /home/runner/.nimble/pkgs
  create directory /home/runner/.nimble/pkgs/x11-1.1
  create directory /home/runner/.nimble/pkgs/x11-1.1/x11
  change permissions of /home/runner/.nimble/pkgs/x11-1.1/x11/xinput.nim to rw-r--r--
  create directory /home
  create directory /home/runner
  create directory /home/runner/.nimble
  create directory /home/runner/.nimble/pkgs
  create directory /home/runner/.nimble/pkgs/x11-1.1
  create directory /home/runner/.nimble/pkgs/x11-1.1/x11
  change permissions of /home/runner/.nimble/pkgs/x11-1.1/x11/xcms.nim to rw-r--r--
  create directory /home
  create directory /home/runner
  create directory /home/runner/.nimble
  create directory /home/runner/.nimble/pkgs
  create directory /home/runner/.nimble/pkgs/x11-1.1
  create directory /home/runner/.nimble/pkgs/x11-1.1/x11
  change permissions of /home/runner/.nimble/pkgs/x11-1.1/x11/xutil.nim to rw-r--r--
  create directory /home
  create directory /home/runner
  create directory /home/runner/.nimble
  create directory /home/runner/.nimble/pkgs
  create directory /home/runner/.nimble/pkgs/x11-1.1
  create directory /home/runner/.nimble/pkgs/x11-1.1/x11
  change permissions of /home/runner/.nimble/pkgs/x11-1.1/x11/x.nim to rw-r--r--
  create directory /home
  create directory /home/runner
  create directory /home/runner/.nimble
  create directory /home/runner/.nimble/pkgs
  create directory /home/runner/.nimble/pkgs/x11-1.1
  create directory /home/runner/.nimble/pkgs/x11-1.1/x11
  change permissions of /home/runner/.nimble/pkgs/x11-1.1/x11/xvlib.nim to rw-r--r--
  create directory /home
  create directory /home/runner
  create directory /home/runner/.nimble
  create directory /home/runner/.nimble/pkgs
  create directory /home/runner/.nimble/pkgs/x11-1.1
  create directory /home/runner/.nimble/pkgs/x11-1.1/x11
  change permissions of /home/runner/.nimble/pkgs/x11-1.1/x11/xv.nim to rw-r--r--
  create directory /home
  create directory /home/runner
  create directory /home/runner/.nimble
  create directory /home/runner/.nimble/pkgs
  create directory /home/runner/.nimble/pkgs/x11-1.1
  create directory /home/runner/.nimble/pkgs/x11-1.1/x11
  change permissions of /home/runner/.nimble/pkgs/x11-1.1/x11/xtst.nim to rw-r--r--
  change permissions of /home/runner/.nimble/pkgs/x11-1.1/x11.nimble to rw-r--r--
  create directory /tmp
  create directory /tmp/nimblecache
  create directory /tmp/nimblecache/x11_3059475979
  delete /tmp/nimblecache/x11_3059475979/x11.ini
  delete /tmp/nimble_4538.out
  delete /home/runner/.nimble/pkgs/x11-1.1/x11_4538.nims
  create directory /home
  create directory /home/runner
  create directory /home/runner/.nimble
  create directory /home/runner/.nimble/pkgs
  create directory /home/runner/.nimble/pkgs/egl-0.1
  create directory /home
  create directory /home/runner
  create directory /home/runner/.nimble
  create directory /home/runner/.nimble/pkgs
  create directory /home/runner/.nimble/pkgs/egl-0.1
  change permissions of /home/runner/.nimble/pkgs/egl-0.1/egl.nim to rw-r--r--
  change permissions of /home/runner/.nimble/pkgs/egl-0.1/egl.nimble to rw-r--r--
  delete /tmp/nimble_4538/githubcom_nimlangx11/examples/x11ex.nim
  delete /tmp/nimble_4538/githubcom_nimlangx11/examples/xshmex.nim
  delete /tmp/nimble_4538/githubcom_nimlangx11/examples
  delete /tmp/nimble_4538/githubcom_nimlangx11/x11/xshm.nim
  delete /tmp/nimble_4538/githubcom_nimlangx11/x11/keysym.nim
  delete /tmp/nimble_4538/githubcom_nimlangx11/x11/xi.nim
  delete /tmp/nimble_4538/githubcom_nimlangx11/x11/xrender.nim
  delete /tmp/nimble_4538/githubcom_nimlangx11/x11/xinerama.nim
  delete /tmp/nimble_4538/githubcom_nimlangx11/x11/xresource.nim
  delete /tmp/nimble_4538/githubcom_nimlangx11/x11/xkblib.nim
  delete /tmp/nimble_4538/githubcom_nimlangx11/x11/xf86dga.nim
  delete /tmp/nimble_4538/githubcom_nimlangx11/x11/xrandr.nim
  delete /tmp/nimble_4538/githubcom_nimlangx11/x11/xatom.nim
  delete /tmp/nimble_4538/githubcom_nimlangx11/x11/xkb.nim
  delete /tmp/nimble_4538/githubcom_nimlangx11/x11/cursorfont.nim
  delete /tmp/nimble_4538/githubcom_nimlangx11/x11/x11pragma.nim
  delete /tmp/nimble_4538/githubcom_nimlangx11/x11/xlib.nim
  delete /tmp/nimble_4538/githubcom_nimlangx11/x11/xf86vmode.nim
  delete /tmp/nimble_4538/githubcom_nimlangx11/x11/xinput.nim
  delete /tmp/nimble_4538/githubcom_nimlangx11/x11/xcms.nim
  delete /tmp/nimble_4538/githubcom_nimlangx11/x11/xutil.nim
  delete /tmp/nimble_4538/githubcom_nimlangx11/x11/x.nim
  delete /tmp/nimble_4538/githubcom_nimlangx11/x11/xvlib.nim
  delete /tmp/nimble_4538/githubcom_nimlangx11/x11/xv.nim
  delete /tmp/nimble_4538/githubcom_nimlangx11/x11/xtst.nim
  delete /tmp/nimble_4538/githubcom_nimlangx11/x11
  delete /tmp/nimble_4538/githubcom_nimlangx11/.git/refs/remotes/origin/HEAD
  delete /tmp/nimble_4538/githubcom_nimlangx11/.git/refs/remotes/origin
  delete /tmp/nimble_4538/githubcom_nimlangx11/.git/refs/remotes
  delete /tmp/nimble_4538/githubcom_nimlangx11/.git/refs/heads/master
  delete /tmp/nimble_4538/githubcom_nimlangx11/.git/refs/heads
  delete /tmp/nimble_4538/githubcom_nimlangx11/.git/refs/tags
  delete /tmp/nimble_4538/githubcom_nimlangx11/.git/refs
  delete /tmp/nimble_4538/githubcom_nimlangx11/.git/config
  delete /tmp/nimble_4538/githubcom_nimlangx11/.git/logs/refs/remotes/origin/HEAD
  delete /tmp/nimble_4538/githubcom_nimlangx11/.git/logs/refs/remotes/origin
  delete /tmp/nimble_4538/githubcom_nimlangx11/.git/logs/refs/remotes
  delete /tmp/nimble_4538/githubcom_nimlangx11/.git/logs/refs/heads/master
  delete /tmp/nimble_4538/githubcom_nimlangx11/.git/logs/refs/heads
  delete /tmp/nimble_4538/githubcom_nimlangx11/.git/logs/refs
  delete /tmp/nimble_4538/githubcom_nimlangx11/.git/logs/HEAD
  delete /tmp/nimble_4538/githubcom_nimlangx11/.git/logs
  delete /tmp/nimble_4538/githubcom_nimlangx11/.git/packed-refs
  delete /tmp/nimble_4538/githubcom_nimlangx11/.git/HEAD
  delete /tmp/nimble_4538/githubcom_nimlangx11/.git/description
  delete /tmp/nimble_4538/githubcom_nimlangx11/.git/hooks/fsmonitor-watchman.sample
  delete /tmp/nimble_4538/githubcom_nimlangx11/.git/hooks/pre-commit.sample
  delete /tmp/nimble_4538/githubcom_nimlangx11/.git/hooks/applypatch-msg.sample
  delete /tmp/nimble_4538/githubcom_nimlangx11/.git/hooks/pre-rebase.sample
  delete /tmp/nimble_4538/githubcom_nimlangx11/.git/hooks/update.sample
  delete /tmp/nimble_4538/githubcom_nimlangx11/.git/hooks/pre-push.sample
  delete /tmp/nimble_4538/githubcom_nimlangx11/.git/hooks/pre-receive.sample
  delete /tmp/nimble_4538/githubcom_nimlangx11/.git/hooks/pre-applypatch.sample
  delete /tmp/nimble_4538/githubcom_nimlangx11/.git/hooks/post-update.sample
  delete /tmp/nimble_4538/githubcom_nimlangx11/.git/hooks/prepare-commit-msg.sample
  delete /tmp/nimble_4538/githubcom_nimlangx11/.git/hooks/commit-msg.sample
  delete /tmp/nimble_4538/githubcom_nimlangx11/.git/hooks/pre-merge-commit.sample
  delete /tmp/nimble_4538/githubcom_nimlangx11/.git/hooks
  delete /tmp/nimble_4538/githubcom_nimlangx11/.git/objects/pack/pack-90480013db8a8662f918a373aaca9e12c902da11.pack
  delete /tmp/nimble_4538/githubcom_nimlangx11/.git/objects/pack/pack-90480013db8a8662f918a373aaca9e12c902da11.idx
  delete /tmp/nimble_4538/githubcom_nimlangx11/.git/objects/pack
  delete /tmp/nimble_4538/githubcom_nimlangx11/.git/objects/info
  delete /tmp/nimble_4538/githubcom_nimlangx11/.git/objects
  delete /tmp/nimble_4538/githubcom_nimlangx11/.git/branches
  delete /tmp/nimble_4538/githubcom_nimlangx11/.git/index
  delete /tmp/nimble_4538/githubcom_nimlangx11/.git/info/exclude
  delete /tmp/nimble_4538/githubcom_nimlangx11/.git/info
  delete /tmp/nimble_4538/githubcom_nimlangx11/.git/shallow
  delete /tmp/nimble_4538/githubcom_nimlangx11/.git
  delete /tmp/nimble_4538/githubcom_nimlangx11/x11.nimble
  delete /tmp/nimble_4538/githubcom_nimlangx11/LICENSE
  delete /tmp/nimble_4538/githubcom_nimlangx11
  delete /tmp/nimble_4538/githubcom_nimiousioeglgit/examples/egl_example.nim
  delete /tmp/nimble_4538/githubcom_nimiousioeglgit/examples/egl_example_headless.nim
  delete /tmp/nimble_4538/githubcom_nimiousioeglgit/examples/nativewindow.nim
  delete /tmp/nimble_4538/githubcom_nimiousioeglgit/examples/nim.cfg
  delete /tmp/nimble_4538/githubcom_nimiousioeglgit/examples
  delete /tmp/nimble_4538/githubcom_nimiousioeglgit/docs/egl.html
  delete /tmp/nimble_4538/githubcom_nimiousioeglgit/docs/logo.png
  delete /tmp/nimble_4538/githubcom_nimiousioeglgit/docs
  delete /tmp/nimble_4538/githubcom_nimiousioeglgit/README.md
  delete /tmp/nimble_4538/githubcom_nimiousioeglgit/.git/refs/remotes/origin/HEAD
  delete /tmp/nimble_4538/githubcom_nimiousioeglgit/.git/refs/remotes/origin
  delete /tmp/nimble_4538/githubcom_nimiousioeglgit/.git/refs/remotes
  delete /tmp/nimble_4538/githubcom_nimiousioeglgit/.git/refs/heads/master
  delete /tmp/nimble_4538/githubcom_nimiousioeglgit/.git/refs/heads
  delete /tmp/nimble_4538/githubcom_nimiousioeglgit/.git/refs/tags
  delete /tmp/nimble_4538/githubcom_nimiousioeglgit/.git/refs
  delete /tmp/nimble_4538/githubcom_nimiousioeglgit/.git/config
  delete /tmp/nimble_4538/githubcom_nimiousioeglgit/.git/logs/refs/remotes/origin/HEAD
  delete /tmp/nimble_4538/githubcom_nimiousioeglgit/.git/logs/refs/remotes/origin
  delete /tmp/nimble_4538/githubcom_nimiousioeglgit/.git/logs/refs/remotes
  delete /tmp/nimble_4538/githubcom_nimiousioeglgit/.git/logs/refs/heads/master
  delete /tmp/nimble_4538/githubcom_nimiousioeglgit/.git/logs/refs/heads
  delete /tmp/nimble_4538/githubcom_nimiousioeglgit/.git/logs/refs
  delete /tmp/nimble_4538/githubcom_nimiousioeglgit/.git/logs/HEAD
  delete /tmp/nimble_4538/githubcom_nimiousioeglgit/.git/logs
  delete /tmp/nimble_4538/githubcom_nimiousioeglgit/.git/packed-refs
  delete /tmp/nimble_4538/githubcom_nimiousioeglgit/.git/HEAD
  delete /tmp/nimble_4538/githubcom_nimiousioeglgit/.git/description
  delete /tmp/nimble_4538/githubcom_nimiousioeglgit/.git/hooks/fsmonitor-watchman.sample
  delete /tmp/nimble_4538/githubcom_nimiousioeglgit/.git/hooks/pre-commit.sample
  delete /tmp/nimble_4538/githubcom_nimiousioeglgit/.git/hooks/applypatch-msg.sample
  delete /tmp/nimble_4538/githubcom_nimiousioeglgit/.git/hooks/pre-rebase.sample
  delete /tmp/nimble_4538/githubcom_nimiousioeglgit/.git/hooks/update.sample
  delete /tmp/nimble_4538/githubcom_nimiousioeglgit/.git/hooks/pre-push.sample
  delete /tmp/nimble_4538/githubcom_nimiousioeglgit/.git/hooks/pre-receive.sample
  delete /tmp/nimble_4538/githubcom_nimiousioeglgit/.git/hooks/pre-applypatch.sample
  delete /tmp/nimble_4538/githubcom_nimiousioeglgit/.git/hooks/post-update.sample
  delete /tmp/nimble_4538/githubcom_nimiousioeglgit/.git/hooks/prepare-commit-msg.sample
  delete /tmp/nimble_4538/githubcom_nimiousioeglgit/.git/hooks/commit-msg.sample
  delete /tmp/nimble_4538/githubcom_nimiousioeglgit/.git/hooks/pre-merge-commit.sample
  delete /tmp/nimble_4538/githubcom_nimiousioeglgit/.git/hooks
  delete /tmp/nimble_4538/githubcom_nimiousioeglgit/.git/objects/pack/pack-65cd9ead9839cfb993fca70415966ccd36d9ef44.idx
  delete /tmp/nimble_4538/githubcom_nimiousioeglgit/.git/objects/pack/pack-65cd9ead9839cfb993fca70415966ccd36d9ef44.pack
  delete /tmp/nimble_4538/githubcom_nimiousioeglgit/.git/objects/pack
  delete /tmp/nimble_4538/githubcom_nimiousioeglgit/.git/objects/info
  delete /tmp/nimble_4538/githubcom_nimiousioeglgit/.git/objects
  delete /tmp/nimble_4538/githubcom_nimiousioeglgit/.git/branches
  delete /tmp/nimble_4538/githubcom_nimiousioeglgit/.git/index
  delete /tmp/nimble_4538/githubcom_nimiousioeglgit/.git/info/exclude
  delete /tmp/nimble_4538/githubcom_nimiousioeglgit/.git/info
  delete /tmp/nimble_4538/githubcom_nimiousioeglgit/.git/shallow
  delete /tmp/nimble_4538/githubcom_nimiousioeglgit/.git
  delete /tmp/nimble_4538/githubcom_nimiousioeglgit/.gitignore
  delete /tmp/nimble_4538/githubcom_nimiousioeglgit/nimdoc.cfg
  delete /tmp/nimble_4538/githubcom_nimiousioeglgit/LICENSE
  delete /tmp/nimble_4538/githubcom_nimiousioeglgit/nim.cfg
  delete /tmp/nimble_4538/githubcom_nimiousioeglgit/egl.nimble
  delete /tmp/nimble_4538/githubcom_nimiousioeglgit/src/egl.nim
  delete /tmp/nimble_4538/githubcom_nimiousioeglgit/src
  delete /tmp/nimble_4538/githubcom_nimiousioeglgit
  delete /tmp/nimble_4538
