    Reading official package list
Downloading https://github.com/nimious/io-gles.git using git
mkdir('/tmp', 0x00000000000001ff)
mkdir('/tmp/nimble_4715', 0x00000000000001ff)
mkdir('/tmp/nimble_4715/githubcom_nimiousioglesgit', 0x00000000000001ff)
rmdir('/tmp/nimble_4715/githubcom_nimiousioglesgit')
mkdir('/tmp/nimble_4715/githubcom_nimiousioglesgit', 0x00000000000001ff)
mkdir('/tmp/nimble_4715/githubcom_nimiousioglesgit/.git', 0x00000000000001ff)
mkdir('/tmp/nimble_4715/githubcom_nimiousioglesgit/.git/', 0x00000000000001ff)
mkdir('/tmp/nimble_4715/githubcom_nimiousioglesgit/.git/info/', 0x00000000000001ff)
mkdir('/tmp/nimble_4715/githubcom_nimiousioglesgit/.git/branches/', 0x00000000000001ff)
mkdir('/tmp/nimble_4715/githubcom_nimiousioglesgit/.git/hooks/', 0x00000000000001ff)
mkdir('/tmp/nimble_4715/githubcom_nimiousioglesgit/.git/refs', 0x00000000000001ff)
mkdir('/tmp/nimble_4715/githubcom_nimiousioglesgit/.git/refs/heads', 0x00000000000001ff)
mkdir('/tmp/nimble_4715/githubcom_nimiousioglesgit/.git/refs/tags', 0x00000000000001ff)
rename('/tmp/nimble_4715/githubcom_nimiousioglesgit/.git/HEAD.lock', '/tmp/nimble_4715/githubcom_nimiousioglesgit/.git/HEAD')
rename('/tmp/nimble_4715/githubcom_nimiousioglesgit/.git/config.lock', '/tmp/nimble_4715/githubcom_nimiousioglesgit/.git/config')
chmod('/tmp/nimble_4715/githubcom_nimiousioglesgit/.git/config', 0x00000000000081e4)
chmod('/tmp/nimble_4715/githubcom_nimiousioglesgit/.git/config', 0x00000000000081a4)
chmod('/tmp/nimble_4715/githubcom_nimiousioglesgit/.git/config.lock', 0x00000000000001a4)
rename('/tmp/nimble_4715/githubcom_nimiousioglesgit/.git/config.lock', '/tmp/nimble_4715/githubcom_nimiousioglesgit/.git/config')
chmod('/tmp/nimble_4715/githubcom_nimiousioglesgit/.git/config.lock', 0x00000000000001a4)
rename('/tmp/nimble_4715/githubcom_nimiousioglesgit/.git/config.lock', '/tmp/nimble_4715/githubcom_nimiousioglesgit/.git/config')
chmod('/tmp/nimble_4715/githubcom_nimiousioglesgit/.git/config.lock', 0x00000000000001a4)
rename('/tmp/nimble_4715/githubcom_nimiousioglesgit/.git/config.lock', '/tmp/nimble_4715/githubcom_nimiousioglesgit/.git/config')
unlink('/tmp/nimble_4715/githubcom_nimiousioglesgit/.git/tNITFye')
symlink('testing', '/tmp/nimble_4715/githubcom_nimiousioglesgit/.git/tNITFye')
unlink('/tmp/nimble_4715/githubcom_nimiousioglesgit/.git/tNITFye')
mkdir('/tmp/nimble_4715/githubcom_nimiousioglesgit/.git/objects', 0x00000000000001ff)
mkdir('/tmp/nimble_4715/githubcom_nimiousioglesgit/.git/objects/pack', 0x00000000000001ff)
mkdir('/tmp/nimble_4715/githubcom_nimiousioglesgit/.git/objects/info', 0x00000000000001ff)
chmod('/tmp/nimble_4715/githubcom_nimiousioglesgit/.git/config.lock', 0x00000000000001a4)
rename('/tmp/nimble_4715/githubcom_nimiousioglesgit/.git/config.lock', '/tmp/nimble_4715/githubcom_nimiousioglesgit/.git/config')
chmod('/tmp/nimble_4715/githubcom_nimiousioglesgit/.git/config.lock', 0x00000000000001a4)
rename('/tmp/nimble_4715/githubcom_nimiousioglesgit/.git/config.lock', '/tmp/nimble_4715/githubcom_nimiousioglesgit/.git/config')
chmod('/tmp/nimble_4715/githubcom_nimiousioglesgit/.git/config.lock', 0x00000000000001a4)
rename('/tmp/nimble_4715/githubcom_nimiousioglesgit/.git/config.lock', '/tmp/nimble_4715/githubcom_nimiousioglesgit/.git/config')
mkdir('/tmp/nimble_4715/githubcom_nimiousioglesgit/.git/objects/11', 0x00000000000001ff)
link('/tmp/nimble_4715/githubcom_nimiousioglesgit/.git/objects/11/tmp_obj_aagITR', '/tmp/nimble_4715/githubcom_nimiousioglesgit/.git/objects/11/69850e7b1bcbfff1263229509d381b8dc4e0d3')
unlink('/tmp/nimble_4715/githubcom_nimiousioglesgit/.git/objects/11/tmp_obj_aagITR')
mkdir('/tmp/nimble_4715/githubcom_nimiousioglesgit/.git/objects/fa', 0x00000000000001ff)
link('/tmp/nimble_4715/githubcom_nimiousioglesgit/.git/objects/fa/tmp_obj_kVndPT', '/tmp/nimble_4715/githubcom_nimiousioglesgit/.git/objects/fa/979813723b8a4739263ee2bbbe2027b9269981')
unlink('/tmp/nimble_4715/githubcom_nimiousioglesgit/.git/objects/fa/tmp_obj_kVndPT')
mkdir('/tmp/nimble_4715/githubcom_nimiousioglesgit/.git/objects/74', 0x00000000000001ff)
link('/tmp/nimble_4715/githubcom_nimiousioglesgit/.git/objects/74/tmp_obj_i6nizX', '/tmp/nimble_4715/githubcom_nimiousioglesgit/.git/objects/74/d2c87a2f694110ea65a41c66f9e487c91cca4b')
unlink('/tmp/nimble_4715/githubcom_nimiousioglesgit/.git/objects/74/tmp_obj_i6nizX')
mkdir('/tmp/nimble_4715/githubcom_nimiousioglesgit/.git/objects/ef', 0x00000000000001ff)
link('/tmp/nimble_4715/githubcom_nimiousioglesgit/.git/objects/ef/tmp_obj_q2Vfy2', '/tmp/nimble_4715/githubcom_nimiousioglesgit/.git/objects/ef/cc725f80b3ffaa320ebcc55fd6e5c3367f0f35')
unlink('/tmp/nimble_4715/githubcom_nimiousioglesgit/.git/objects/ef/tmp_obj_q2Vfy2')
mkdir('/tmp/nimble_4715/githubcom_nimiousioglesgit/.git/objects/c8', 0x00000000000001ff)
link('/tmp/nimble_4715/githubcom_nimiousioglesgit/.git/objects/c8/tmp_obj_4KgKH8', '/tmp/nimble_4715/githubcom_nimiousioglesgit/.git/objects/c8/30c085d940aa6b3a85f1a73b1286f4a044fa16')
unlink('/tmp/nimble_4715/githubcom_nimiousioglesgit/.git/objects/c8/tmp_obj_4KgKH8')
mkdir('/tmp/nimble_4715/githubcom_nimiousioglesgit/.git/objects/c2', 0x00000000000001ff)
link('/tmp/nimble_4715/githubcom_nimiousioglesgit/.git/objects/c2/tmp_obj_eOlnWc', '/tmp/nimble_4715/githubcom_nimiousioglesgit/.git/objects/c2/9fdbb5c0abba2de7e426f0e9cc89049c5e8459')
unlink('/tmp/nimble_4715/githubcom_nimiousioglesgit/.git/objects/c2/tmp_obj_eOlnWc')
mkdir('/tmp/nimble_4715/githubcom_nimiousioglesgit/.git/objects/d7', 0x00000000000001ff)
link('/tmp/nimble_4715/githubcom_nimiousioglesgit/.git/objects/d7/tmp_obj_yNrRbH', '/tmp/nimble_4715/githubcom_nimiousioglesgit/.git/objects/d7/6484f8dd4b7354633eb93c5a45d072a85e6c80')
unlink('/tmp/nimble_4715/githubcom_nimiousioglesgit/.git/objects/d7/tmp_obj_yNrRbH')
mkdir('/tmp/nimble_4715/githubcom_nimiousioglesgit/.git/objects/b7', 0x00000000000001ff)
link('/tmp/nimble_4715/githubcom_nimiousioglesgit/.git/objects/b7/tmp_obj_GBzDuO', '/tmp/nimble_4715/githubcom_nimiousioglesgit/.git/objects/b7/304e76e0adfce032f3ed02301a9ef1927e3b17')
unlink('/tmp/nimble_4715/githubcom_nimiousioglesgit/.git/objects/b7/tmp_obj_GBzDuO')
mkdir('/tmp/nimble_4715/githubcom_nimiousioglesgit/.git/objects/56', 0x00000000000001ff)
link('/tmp/nimble_4715/githubcom_nimiousioglesgit/.git/objects/56/tmp_obj_mF6G9N', '/tmp/nimble_4715/githubcom_nimiousioglesgit/.git/objects/56/9e270502fa91f7299acf38c0ea796cbf2ce2f2')
unlink('/tmp/nimble_4715/githubcom_nimiousioglesgit/.git/objects/56/tmp_obj_mF6G9N')
mkdir('/tmp/nimble_4715/githubcom_nimiousioglesgit/.git/objects/63', 0x00000000000001ff)
link('/tmp/nimble_4715/githubcom_nimiousioglesgit/.git/objects/63/tmp_obj_A0b6ER', '/tmp/nimble_4715/githubcom_nimiousioglesgit/.git/objects/63/46fb00cb8e0b71f0c0cd71900dcd1019f02716')
unlink('/tmp/nimble_4715/githubcom_nimiousioglesgit/.git/objects/63/tmp_obj_A0b6ER')
mkdir('/tmp/nimble_4715/githubcom_nimiousioglesgit/.git/objects/95', 0x00000000000001ff)
link('/tmp/nimble_4715/githubcom_nimiousioglesgit/.git/objects/95/tmp_obj_GvuaiT', '/tmp/nimble_4715/githubcom_nimiousioglesgit/.git/objects/95/edf9691410657eec8f211c7ce4c7a12bbe2bfe')
unlink('/tmp/nimble_4715/githubcom_nimiousioglesgit/.git/objects/95/tmp_obj_GvuaiT')
mkdir('/tmp/nimble_4715/githubcom_nimiousioglesgit/.git/objects/a4', 0x00000000000001ff)
link('/tmp/nimble_4715/githubcom_nimiousioglesgit/.git/objects/a4/tmp_obj_gSqTGX', '/tmp/nimble_4715/githubcom_nimiousioglesgit/.git/objects/a4/defb4b02ee0d0525b36d15ba80c31e2b41c40a')
unlink('/tmp/nimble_4715/githubcom_nimiousioglesgit/.git/objects/a4/tmp_obj_gSqTGX')
mkdir('/tmp/nimble_4715/githubcom_nimiousioglesgit/.git/objects/bd', 0x00000000000001ff)
link('/tmp/nimble_4715/githubcom_nimiousioglesgit/.git/objects/bd/tmp_obj_eZKNJ0', '/tmp/nimble_4715/githubcom_nimiousioglesgit/.git/objects/bd/46748246b3e2866fc83cfe0c6857b200aa9d47')
unlink('/tmp/nimble_4715/githubcom_nimiousioglesgit/.git/objects/bd/tmp_obj_eZKNJ0')
mkdir('/tmp/nimble_4715/githubcom_nimiousioglesgit/.git/objects/50', 0x00000000000001ff)
link('/tmp/nimble_4715/githubcom_nimiousioglesgit/.git/objects/50/tmp_obj_EchaD5', '/tmp/nimble_4715/githubcom_nimiousioglesgit/.git/objects/50/e628a2a851544b65abb4d2838b0a1c7d8391b2')
unlink('/tmp/nimble_4715/githubcom_nimiousioglesgit/.git/objects/50/tmp_obj_EchaD5')   Warning: Package 'gles' has an incorrect structure. It should contain a single directory hierarchy for source files, named 'gles', but file 'gl3.nim' is in a directory named 'gles3' instead. This will be an error in the future.
      Hint: If 'gles3' contains source files for building 'gles', rename it to 'gles'. Otherwise, prevent its installation by adding `skipDirs = @["gles3"]` to the .nimble file.
  Verifying dependencies for gles@0.1
 Installing gles@0.1
    Copying file /tmp/nimble_4715/githubcom_nimiousioglesgit/src/gles3/gl3.nim to /home/runner/.nimble/pkgs/gles-0.1/gles3/gl3.nim
    Copying file /tmp/nimble_4715/githubcom_nimiousioglesgit/src/gles3/gl31.nim to /home/runner/.nimble/pkgs/gles-0.1/gles3/gl31.nim
    Copying file /tmp/nimble_4715/githubcom_nimiousioglesgit/src/gles2/gl2.nim to /home/runner/.nimble/pkgs/gles-0.1/gles2/gl2.nim
    Copying file /tmp/nimble_4715/githubcom_nimiousioglesgit/src/gles/gl.nim to /home/runner/.nimble/pkgs/gles-0.1/gles/gl.nim
    Copying file /tmp/nimble_4715/githubcom_nimiousioglesgit/gles.nimble to /home/runner/.nimble/pkgs/gles-0.1/gles.nimble
   Success: gles installed successfully.

mkdir('/tmp/nimble_4715/githubcom_nimiousioglesgit/.git/objects/42', 0x00000000000001ff)
link('/tmp/nimble_4715/githubcom_nimiousioglesgit/.git/objects/42/tmp_obj_EkDv16', '/tmp/nimble_4715/githubcom_nimiousioglesgit/.git/objects/42/160c149fc96042e6fd96e44e2a62ea467e8d4c')
unlink('/tmp/nimble_4715/githubcom_nimiousioglesgit/.git/objects/42/tmp_obj_EkDv16')
mkdir('/tmp/nimble_4715/githubcom_nimiousioglesgit/.git/objects/12', 0x00000000000001ff)
link('/tmp/nimble_4715/githubcom_nimiousioglesgit/.git/objects/12/tmp_obj_KZIEdb', '/tmp/nimble_4715/githubcom_nimiousioglesgit/.git/objects/12/2a385381d006a574b2b63d50125524207d0445')
unlink('/tmp/nimble_4715/githubcom_nimiousioglesgit/.git/objects/12/tmp_obj_KZIEdb')
mkdir('/tmp/nimble_4715/githubcom_nimiousioglesgit/.git/objects/31', 0x00000000000001ff)
link('/tmp/nimble_4715/githubcom_nimiousioglesgit/.git/objects/31/tmp_obj_i1g0Vb', '/tmp/nimble_4715/githubcom_nimiousioglesgit/.git/objects/31/580f5707033fd0e94a06a5159ee9b0edcb07be')
unlink('/tmp/nimble_4715/githubcom_nimiousioglesgit/.git/objects/31/tmp_obj_i1g0Vb')
mkdir('/tmp/nimble_4715/githubcom_nimiousioglesgit/.git/objects/d4', 0x00000000000001ff)
link('/tmp/nimble_4715/githubcom_nimiousioglesgit/.git/objects/d4/tmp_obj_4VzbRe', '/tmp/nimble_4715/githubcom_nimiousioglesgit/.git/objects/d4/52f7d801e658d52a76f0c746ebd8bf62cf9ae5')
unlink('/tmp/nimble_4715/githubcom_nimiousioglesgit/.git/objects/d4/tmp_obj_4VzbRe')
mkdir('/tmp/nimble_4715/githubcom_nimiousioglesgit/.git/objects/1b', 0x00000000000001ff)
link('/tmp/nimble_4715/githubcom_nimiousioglesgit/.git/objects/1b/tmp_obj_w88VLk', '/tmp/nimble_4715/githubcom_nimiousioglesgit/.git/objects/1b/8715c4072439c62d9d52cda3e6b1d37329e44a')
unlink('/tmp/nimble_4715/githubcom_nimiousioglesgit/.git/objects/1b/tmp_obj_w88VLk')
mkdir('/tmp/nimble_4715/githubcom_nimiousioglesgit/.git/objects/b6', 0x00000000000001ff)
link('/tmp/nimble_4715/githubcom_nimiousioglesgit/.git/objects/b6/tmp_obj_fcfatd', '/tmp/nimble_4715/githubcom_nimiousioglesgit/.git/objects/b6/7f78cce4efd29345daed4f78ec8f11e63b1566')
unlink('/tmp/nimble_4715/githubcom_nimiousioglesgit/.git/objects/b6/tmp_obj_fcfatd')
mkdir('/tmp/nimble_4715/githubcom_nimiousioglesgit/.git/objects/70', 0x00000000000001ff)
link('/tmp/nimble_4715/githubcom_nimiousioglesgit/.git/objects/70/tmp_obj_Zpmc7k', '/tmp/nimble_4715/githubcom_nimiousioglesgit/.git/objects/70/f7e71c93c1dca81940ae7b61b0e7599096fabd')
unlink('/tmp/nimble_4715/githubcom_nimiousioglesgit/.git/objects/70/tmp_obj_Zpmc7k')
mkdir('/tmp/nimble_4715/githubcom_nimiousioglesgit/.git/objects/14', 0x00000000000001ff)
link('/tmp/nimble_4715/githubcom_nimiousioglesgit/.git/objects/14/tmp_obj_7T9cup', '/tmp/nimble_4715/githubcom_nimiousioglesgit/.git/objects/14/ae54a1d852ea6adfdddc82a4ba8a952ce63039')
unlink('/tmp/nimble_4715/githubcom_nimiousioglesgit/.git/objects/14/tmp_obj_7T9cup')
link('/tmp/nimble_4715/githubcom_nimiousioglesgit/.git/objects/56/tmp_obj_79b8Kq', '/tmp/nimble_4715/githubcom_nimiousioglesgit/.git/objects/56/5c146034cf691bf082883bff259498342ef629')
unlink('/tmp/nimble_4715/githubcom_nimiousioglesgit/.git/objects/56/tmp_obj_79b8Kq')
mkdir('/tmp/nimble_4715/githubcom_nimiousioglesgit/.git/objects/6d', 0x00000000000001ff)
link('/tmp/nimble_4715/githubcom_nimiousioglesgit/.git/objects/6d/tmp_obj_BVGlUz', '/tmp/nimble_4715/githubcom_nimiousioglesgit/.git/objects/6d/8d22fec95bbb908e3c576670e6d7ccf7057874')
unlink('/tmp/nimble_4715/githubcom_nimiousioglesgit/.git/objects/6d/tmp_obj_BVGlUz')
rename('/tmp/nimble_4715/githubcom_nimiousioglesgit/.git/shallow.lock', '/tmp/nimble_4715/githubcom_nimiousioglesgit/.git/shallow')
rename('/tmp/nimble_4715/githubcom_nimiousioglesgit/.git/packed-refs.new', '/tmp/nimble_4715/githubcom_nimiousioglesgit/.git/packed-refs')
unlink('/tmp/nimble_4715/githubcom_nimiousioglesgit/.git/packed-refs.lock')
mkdir('/tmp/nimble_4715/githubcom_nimiousioglesgit/.git/refs/remotes', 0x00000000000001ff)
mkdir('/tmp/nimble_4715/githubcom_nimiousioglesgit/.git/refs/remotes/origin', 0x00000000000001ff)
mkdir('/tmp/nimble_4715/githubcom_nimiousioglesgit/.git/logs', 0x00000000000001ff)
mkdir('/tmp/nimble_4715/githubcom_nimiousioglesgit/.git/logs/refs', 0x00000000000001ff)
mkdir('/tmp/nimble_4715/githubcom_nimiousioglesgit/.git/logs/refs/remotes', 0x00000000000001ff)
mkdir('/tmp/nimble_4715/githubcom_nimiousioglesgit/.git/logs/refs/remotes/origin', 0x00000000000001ff)
rename('/tmp/nimble_4715/githubcom_nimiousioglesgit/.git/refs/remotes/origin/HEAD.lock', '/tmp/nimble_4715/githubcom_nimiousioglesgit/.git/refs/remotes/origin/HEAD')
rename('/tmp/nimble_4715/githubcom_nimiousioglesgit/.git/HEAD.lock', '/tmp/nimble_4715/githubcom_nimiousioglesgit/.git/HEAD')
mkdir('/tmp/nimble_4715/githubcom_nimiousioglesgit/.git/logs/refs/heads', 0x00000000000001ff)
rename('/tmp/nimble_4715/githubcom_nimiousioglesgit/.git/refs/heads/master.lock', '/tmp/nimble_4715/githubcom_nimiousioglesgit/.git/refs/heads/master')
unlink('/tmp/nimble_4715/githubcom_nimiousioglesgit/.git/HEAD.lock')
chmod('/tmp/nimble_4715/githubcom_nimiousioglesgit/.git/config.lock', 0x00000000000001a4)
rename('/tmp/nimble_4715/githubcom_nimiousioglesgit/.git/config.lock', '/tmp/nimble_4715/githubcom_nimiousioglesgit/.git/config')
chmod('/tmp/nimble_4715/githubcom_nimiousioglesgit/.git/config.lock', 0x00000000000001a4)
rename('/tmp/nimble_4715/githubcom_nimiousioglesgit/.git/config.lock', '/tmp/nimble_4715/githubcom_nimiousioglesgit/.git/config')
mkdir('docs', 0x00000000000001ff)
mkdir('examples', 0x00000000000001ff)
mkdir('src', 0x00000000000001ff)
mkdir('src/gles', 0x00000000000001ff)
mkdir('src/gles2', 0x00000000000001ff)
mkdir('src/gles3', 0x00000000000001ff)
rename('/tmp/nimble_4715/githubcom_nimiousioglesgit/.git/index.lock', '/tmp/nimble_4715/githubcom_nimiousioglesgit/.git/index')
mkdir('/home', 0x00000000000001ff)
mkdir('/home/runner', 0x00000000000001ff)
mkdir('/home/runner/.nimble', 0x00000000000001ff)
mkdir('/home/runner/.nimble/pkgs', 0x00000000000001ff)
mkdir('/home/runner/.nimble/pkgs/gles-0.1', 0x00000000000001ff)
mkdir('/home', 0x00000000000001ff)
mkdir('/home/runner', 0x00000000000001ff)
mkdir('/home/runner/.nimble', 0x00000000000001ff)
mkdir('/home/runner/.nimble/pkgs', 0x00000000000001ff)
mkdir('/home/runner/.nimble/pkgs/gles-0.1', 0x00000000000001ff)
mkdir('/home/runner/.nimble/pkgs/gles-0.1/gles3', 0x00000000000001ff)
chmod('/home/runner/.nimble/pkgs/gles-0.1/gles3/gl3.nim', 0x00000000000001a4)
mkdir('/home', 0x00000000000001ff)
mkdir('/home/runner', 0x00000000000001ff)
mkdir('/home/runner/.nimble', 0x00000000000001ff)
mkdir('/home/runner/.nimble/pkgs', 0x00000000000001ff)
mkdir('/home/runner/.nimble/pkgs/gles-0.1', 0x00000000000001ff)
mkdir('/home/runner/.nimble/pkgs/gles-0.1/gles3', 0x00000000000001ff)
chmod('/home/runner/.nimble/pkgs/gles-0.1/gles3/gl31.nim', 0x00000000000001a4)
mkdir('/home', 0x00000000000001ff)
mkdir('/home/runner', 0x00000000000001ff)
mkdir('/home/runner/.nimble', 0x00000000000001ff)
mkdir('/home/runner/.nimble/pkgs', 0x00000000000001ff)
mkdir('/home/runner/.nimble/pkgs/gles-0.1', 0x00000000000001ff)
mkdir('/home/runner/.nimble/pkgs/gles-0.1/gles2', 0x00000000000001ff)
chmod('/home/runner/.nimble/pkgs/gles-0.1/gles2/gl2.nim', 0x00000000000001a4)
mkdir('/home', 0x00000000000001ff)
mkdir('/home/runner', 0x00000000000001ff)
mkdir('/home/runner/.nimble', 0x00000000000001ff)
mkdir('/home/runner/.nimble/pkgs', 0x00000000000001ff)
mkdir('/home/runner/.nimble/pkgs/gles-0.1', 0x00000000000001ff)
mkdir('/home/runner/.nimble/pkgs/gles-0.1/gles', 0x00000000000001ff)
chmod('/home/runner/.nimble/pkgs/gles-0.1/gles/gl.nim', 0x00000000000001a4)
chmod('/home/runner/.nimble/pkgs/gles-0.1/gles.nimble', 0x00000000000001a4)
unlink('/tmp/nimble_4715/githubcom_nimiousioglesgit/docs/logo.png')
rmdir('/tmp/nimble_4715/githubcom_nimiousioglesgit/docs')
unlink('/tmp/nimble_4715/githubcom_nimiousioglesgit/README.md')
unlink('/tmp/nimble_4715/githubcom_nimiousioglesgit/.git/refs/remotes/origin/HEAD')
rmdir('/tmp/nimble_4715/githubcom_nimiousioglesgit/.git/refs/remotes/origin')
rmdir('/tmp/nimble_4715/githubcom_nimiousioglesgit/.git/refs/remotes')
rmdir('/tmp/nimble_4715/githubcom_nimiousioglesgit/.git/refs/tags')
unlink('/tmp/nimble_4715/githubcom_nimiousioglesgit/.git/refs/heads/master')
rmdir('/tmp/nimble_4715/githubcom_nimiousioglesgit/.git/refs/heads')
rmdir('/tmp/nimble_4715/githubcom_nimiousioglesgit/.git/refs')
unlink('/tmp/nimble_4715/githubcom_nimiousioglesgit/.git/info/exclude')
rmdir('/tmp/nimble_4715/githubcom_nimiousioglesgit/.git/info')
rmdir('/tmp/nimble_4715/githubcom_nimiousioglesgit/.git/branches')
unlink('/tmp/nimble_4715/githubcom_nimiousioglesgit/.git/logs/refs/remotes/origin/HEAD')
rmdir('/tmp/nimble_4715/githubcom_nimiousioglesgit/.git/logs/refs/remotes/origin')
rmdir('/tmp/nimble_4715/githubcom_nimiousioglesgit/.git/logs/refs/remotes')
unlink('/tmp/nimble_4715/githubcom_nimiousioglesgit/.git/logs/refs/heads/master')
rmdir('/tmp/nimble_4715/githubcom_nimiousioglesgit/.git/logs/refs/heads')
rmdir('/tmp/nimble_4715/githubcom_nimiousioglesgit/.git/logs/refs')
unlink('/tmp/nimble_4715/githubcom_nimiousioglesgit/.git/logs/HEAD')
rmdir('/tmp/nimble_4715/githubcom_nimiousioglesgit/.git/logs')
unlink('/tmp/nimble_4715/githubcom_nimiousioglesgit/.git/description')
unlink('/tmp/nimble_4715/githubcom_nimiousioglesgit/.git/hooks/pre-rebase.sample')
unlink('/tmp/nimble_4715/githubcom_nimiousioglesgit/.git/hooks/applypatch-msg.sample')
unlink('/tmp/nimble_4715/githubcom_nimiousioglesgit/.git/hooks/pre-push.sample')
unlink('/tmp/nimble_4715/githubcom_nimiousioglesgit/.git/hooks/pre-merge-commit.sample')
unlink('/tmp/nimble_4715/githubcom_nimiousioglesgit/.git/hooks/pre-receive.sample')
unlink('/tmp/nimble_4715/githubcom_nimiousioglesgit/.git/hooks/update.sample')
unlink('/tmp/nimble_4715/githubcom_nimiousioglesgit/.git/hooks/pre-commit.sample')
unlink('/tmp/nimble_4715/githubcom_nimiousioglesgit/.git/hooks/pre-applypatch.sample')
unlink('/tmp/nimble_4715/githubcom_nimiousioglesgit/.git/hooks/commit-msg.sample')
unlink('/tmp/nimble_4715/githubcom_nimiousioglesgit/.git/hooks/fsmonitor-watchman.sample')
unlink('/tmp/nimble_4715/githubcom_nimiousioglesgit/.git/hooks/prepare-commit-msg.sample')
unlink('/tmp/nimble_4715/githubcom_nimiousioglesgit/.git/hooks/post-update.sample')
rmdir('/tmp/nimble_4715/githubcom_nimiousioglesgit/.git/hooks')
unlink('/tmp/nimble_4715/githubcom_nimiousioglesgit/.git/shallow')
unlink('/tmp/nimble_4715/githubcom_nimiousioglesgit/.git/config')
unlink('/tmp/nimble_4715/githubcom_nimiousioglesgit/.git/index')
unlink('/tmp/nimble_4715/githubcom_nimiousioglesgit/.git/objects/6d/8d22fec95bbb908e3c576670e6d7ccf7057874')
rmdir('/tmp/nimble_4715/githubcom_nimiousioglesgit/.git/objects/6d')
unlink('/tmp/nimble_4715/githubcom_nimiousioglesgit/.git/objects/14/ae54a1d852ea6adfdddc82a4ba8a952ce63039')
rmdir('/tmp/nimble_4715/githubcom_nimiousioglesgit/.git/objects/14')
unlink('/tmp/nimble_4715/githubcom_nimiousioglesgit/.git/objects/1b/8715c4072439c62d9d52cda3e6b1d37329e44a')
rmdir('/tmp/nimble_4715/githubcom_nimiousioglesgit/.git/objects/1b')
unlink('/tmp/nimble_4715/githubcom_nimiousioglesgit/.git/objects/31/580f5707033fd0e94a06a5159ee9b0edcb07be')
rmdir('/tmp/nimble_4715/githubcom_nimiousioglesgit/.git/objects/31')
rmdir('/tmp/nimble_4715/githubcom_nimiousioglesgit/.git/objects/info')
unlink('/tmp/nimble_4715/githubcom_nimiousioglesgit/.git/objects/63/46fb00cb8e0b71f0c0cd71900dcd1019f02716')
rmdir('/tmp/nimble_4715/githubcom_nimiousioglesgit/.git/objects/63')
unlink('/tmp/nimble_4715/githubcom_nimiousioglesgit/.git/objects/70/f7e71c93c1dca81940ae7b61b0e7599096fabd')
rmdir('/tmp/nimble_4715/githubcom_nimiousioglesgit/.git/objects/70')
unlink('/tmp/nimble_4715/githubcom_nimiousioglesgit/.git/objects/fa/979813723b8a4739263ee2bbbe2027b9269981')
rmdir('/tmp/nimble_4715/githubcom_nimiousioglesgit/.git/objects/fa')
unlink('/tmp/nimble_4715/githubcom_nimiousioglesgit/.git/objects/50/e628a2a851544b65abb4d2838b0a1c7d8391b2')
rmdir('/tmp/nimble_4715/githubcom_nimiousioglesgit/.git/objects/50')
unlink('/tmp/nimble_4715/githubcom_nimiousioglesgit/.git/objects/11/69850e7b1bcbfff1263229509d381b8dc4e0d3')
rmdir('/tmp/nimble_4715/githubcom_nimiousioglesgit/.git/objects/11')
unlink('/tmp/nimble_4715/githubcom_nimiousioglesgit/.git/objects/ef/cc725f80b3ffaa320ebcc55fd6e5c3367f0f35')
rmdir('/tmp/nimble_4715/githubcom_nimiousioglesgit/.git/objects/ef')
unlink('/tmp/nimble_4715/githubcom_nimiousioglesgit/.git/objects/a4/defb4b02ee0d0525b36d15ba80c31e2b41c40a')
rmdir('/tmp/nimble_4715/githubcom_nimiousioglesgit/.git/objects/a4')
unlink('/tmp/nimble_4715/githubcom_nimiousioglesgit/.git/objects/95/edf9691410657eec8f211c7ce4c7a12bbe2bfe')
rmdir('/tmp/nimble_4715/githubcom_nimiousioglesgit/.git/objects/95')
unlink('/tmp/nimble_4715/githubcom_nimiousioglesgit/.git/objects/c2/9fdbb5c0abba2de7e426f0e9cc89049c5e8459')
rmdir('/tmp/nimble_4715/githubcom_nimiousioglesgit/.git/objects/c2')
unlink('/tmp/nimble_4715/githubcom_nimiousioglesgit/.git/objects/d7/6484f8dd4b7354633eb93c5a45d072a85e6c80')
rmdir('/tmp/nimble_4715/githubcom_nimiousioglesgit/.git/objects/d7')
unlink('/tmp/nimble_4715/githubcom_nimiousioglesgit/.git/objects/b6/7f78cce4efd29345daed4f78ec8f11e63b1566')
rmdir('/tmp/nimble_4715/githubcom_nimiousioglesgit/.git/objects/b6')
unlink('/tmp/nimble_4715/githubcom_nimiousioglesgit/.git/objects/56/9e270502fa91f7299acf38c0ea796cbf2ce2f2')
unlink('/tmp/nimble_4715/githubcom_nimiousioglesgit/.git/objects/56/5c146034cf691bf082883bff259498342ef629')
rmdir('/tmp/nimble_4715/githubcom_nimiousioglesgit/.git/objects/56')
unlink('/tmp/nimble_4715/githubcom_nimiousioglesgit/.git/objects/12/2a385381d006a574b2b63d50125524207d0445')
rmdir('/tmp/nimble_4715/githubcom_nimiousioglesgit/.git/objects/12')
unlink('/tmp/nimble_4715/githubcom_nimiousioglesgit/.git/objects/74/d2c87a2f694110ea65a41c66f9e487c91cca4b')
rmdir('/tmp/nimble_4715/githubcom_nimiousioglesgit/.git/objects/74')
unlink('/tmp/nimble_4715/githubcom_nimiousioglesgit/.git/objects/42/160c149fc96042e6fd96e44e2a62ea467e8d4c')
rmdir('/tmp/nimble_4715/githubcom_nimiousioglesgit/.git/objects/42')
unlink('/tmp/nimble_4715/githubcom_nimiousioglesgit/.git/objects/b7/304e76e0adfce032f3ed02301a9ef1927e3b17')
rmdir('/tmp/nimble_4715/githubcom_nimiousioglesgit/.git/objects/b7')
unlink('/tmp/nimble_4715/githubcom_nimiousioglesgit/.git/objects/d4/52f7d801e658d52a76f0c746ebd8bf62cf9ae5')
rmdir('/tmp/nimble_4715/githubcom_nimiousioglesgit/.git/objects/d4')
unlink('/tmp/nimble_4715/githubcom_nimiousioglesgit/.git/objects/c8/30c085d940aa6b3a85f1a73b1286f4a044fa16')
rmdir('/tmp/nimble_4715/githubcom_nimiousioglesgit/.git/objects/c8')
rmdir('/tmp/nimble_4715/githubcom_nimiousioglesgit/.git/objects/pack')
unlink('/tmp/nimble_4715/githubcom_nimiousioglesgit/.git/objects/bd/46748246b3e2866fc83cfe0c6857b200aa9d47')
rmdir('/tmp/nimble_4715/githubcom_nimiousioglesgit/.git/objects/bd')
rmdir('/tmp/nimble_4715/githubcom_nimiousioglesgit/.git/objects')
unlink('/tmp/nimble_4715/githubcom_nimiousioglesgit/.git/packed-refs')
unlink('/tmp/nimble_4715/githubcom_nimiousioglesgit/.git/HEAD')
rmdir('/tmp/nimble_4715/githubcom_nimiousioglesgit/.git')
unlink('/tmp/nimble_4715/githubcom_nimiousioglesgit/src/gles3/gl3.nim')
unlink('/tmp/nimble_4715/githubcom_nimiousioglesgit/src/gles3/gl31.nim')
rmdir('/tmp/nimble_4715/githubcom_nimiousioglesgit/src/gles3')
unlink('/tmp/nimble_4715/githubcom_nimiousioglesgit/src/gles2/gl2.nim')
rmdir('/tmp/nimble_4715/githubcom_nimiousioglesgit/src/gles2')
unlink('/tmp/nimble_4715/githubcom_nimiousioglesgit/src/gles/gl.nim')
rmdir('/tmp/nimble_4715/githubcom_nimiousioglesgit/src/gles')
rmdir('/tmp/nimble_4715/githubcom_nimiousioglesgit/src')
unlink('/tmp/nimble_4715/githubcom_nimiousioglesgit/nimdoc.cfg')
unlink('/tmp/nimble_4715/githubcom_nimiousioglesgit/examples/gl31_dummy_example.nim')
unlink('/tmp/nimble_4715/githubcom_nimiousioglesgit/examples/gl2_dummy_example.nim')
unlink('/tmp/nimble_4715/githubcom_nimiousioglesgit/examples/nim.cfg')
unlink('/tmp/nimble_4715/githubcom_nimiousioglesgit/examples/gl3_dummy_example.nim')
unlink('/tmp/nimble_4715/githubcom_nimiousioglesgit/examples/gl11_dummy_example.nim')
rmdir('/tmp/nimble_4715/githubcom_nimiousioglesgit/examples')
unlink('/tmp/nimble_4715/githubcom_nimiousioglesgit/gles.nimble')
unlink('/tmp/nimble_4715/githubcom_nimiousioglesgit/nim.cfg')
unlink('/tmp/nimble_4715/githubcom_nimiousioglesgit/.gitignore')
unlink('/tmp/nimble_4715/githubcom_nimiousioglesgit/LICENSE')
rmdir('/tmp/nimble_4715/githubcom_nimiousioglesgit')
rmdir('/tmp/nimble_4715')
  create directory /tmp
  create directory /tmp/nimble_4715
  create directory /tmp/nimble_4715/githubcom_nimiousioglesgit
  delete /tmp/nimble_4715/githubcom_nimiousioglesgit
  create directory /tmp/nimble_4715/githubcom_nimiousioglesgit
  create directory /tmp/nimble_4715/githubcom_nimiousioglesgit/.git
  create directory /tmp/nimble_4715/githubcom_nimiousioglesgit/.git
  create directory /tmp/nimble_4715/githubcom_nimiousioglesgit/.git/info
  create directory /tmp/nimble_4715/githubcom_nimiousioglesgit/.git/branches
  create directory /tmp/nimble_4715/githubcom_nimiousioglesgit/.git/hooks
  create directory /tmp/nimble_4715/githubcom_nimiousioglesgit/.git/refs
  create directory /tmp/nimble_4715/githubcom_nimiousioglesgit/.git/refs/heads
  create directory /tmp/nimble_4715/githubcom_nimiousioglesgit/.git/refs/tags
  rename /tmp/nimble_4715/githubcom_nimiousioglesgit/.git/HEAD.lock to HEAD
  rename /tmp/nimble_4715/githubcom_nimiousioglesgit/.git/config.lock to config
  change permissions of /tmp/nimble_4715/githubcom_nimiousioglesgit/.git/config to rwxr--r--
  change permissions of /tmp/nimble_4715/githubcom_nimiousioglesgit/.git/config to rw-r--r--
  change permissions of /tmp/nimble_4715/githubcom_nimiousioglesgit/.git/config.lock to rw-r--r--
  rename /tmp/nimble_4715/githubcom_nimiousioglesgit/.git/config.lock to config
  change permissions of /tmp/nimble_4715/githubcom_nimiousioglesgit/.git/config.lock to rw-r--r--
  rename /tmp/nimble_4715/githubcom_nimiousioglesgit/.git/config.lock to config
  change permissions of /tmp/nimble_4715/githubcom_nimiousioglesgit/.git/config.lock to rw-r--r--
  rename /tmp/nimble_4715/githubcom_nimiousioglesgit/.git/config.lock to config
  delete /tmp/nimble_4715/githubcom_nimiousioglesgit/.git/tNITFye
  create symbolic link from /tmp/nimble_4715/githubcom_nimiousioglesgit/.git/tNITFye to /home/runner/work/nim_packages_security_audit/nim_packages_security_audit/testing
  delete /tmp/nimble_4715/githubcom_nimiousioglesgit/.git/tNITFye
  create directory /tmp/nimble_4715/githubcom_nimiousioglesgit/.git/objects
  create directory /tmp/nimble_4715/githubcom_nimiousioglesgit/.git/objects/pack
  create directory /tmp/nimble_4715/githubcom_nimiousioglesgit/.git/objects/info
  change permissions of /tmp/nimble_4715/githubcom_nimiousioglesgit/.git/config.lock to rw-r--r--
  rename /tmp/nimble_4715/githubcom_nimiousioglesgit/.git/config.lock to config
  change permissions of /tmp/nimble_4715/githubcom_nimiousioglesgit/.git/config.lock to rw-r--r--
  rename /tmp/nimble_4715/githubcom_nimiousioglesgit/.git/config.lock to config
  change permissions of /tmp/nimble_4715/githubcom_nimiousioglesgit/.git/config.lock to rw-r--r--
  rename /tmp/nimble_4715/githubcom_nimiousioglesgit/.git/config.lock to config
  create directory /tmp/nimble_4715/githubcom_nimiousioglesgit/.git/objects/11
  create hard link from /tmp/nimble_4715/githubcom_nimiousioglesgit/.git/objects/11/69850e7b1bcbfff1263229509d381b8dc4e0d3 to /tmp/nimble_4715/githubcom_nimiousioglesgit/.git/objects/11/tmp_obj_aagITR
  delete /tmp/nimble_4715/githubcom_nimiousioglesgit/.git/objects/11/tmp_obj_aagITR
  create directory /tmp/nimble_4715/githubcom_nimiousioglesgit/.git/objects/fa
  create hard link from /tmp/nimble_4715/githubcom_nimiousioglesgit/.git/objects/fa/979813723b8a4739263ee2bbbe2027b9269981 to /tmp/nimble_4715/githubcom_nimiousioglesgit/.git/objects/fa/tmp_obj_kVndPT
  delete /tmp/nimble_4715/githubcom_nimiousioglesgit/.git/objects/fa/tmp_obj_kVndPT
  create directory /tmp/nimble_4715/githubcom_nimiousioglesgit/.git/objects/74
  create hard link from /tmp/nimble_4715/githubcom_nimiousioglesgit/.git/objects/74/d2c87a2f694110ea65a41c66f9e487c91cca4b to /tmp/nimble_4715/githubcom_nimiousioglesgit/.git/objects/74/tmp_obj_i6nizX
  delete /tmp/nimble_4715/githubcom_nimiousioglesgit/.git/objects/74/tmp_obj_i6nizX
  create directory /tmp/nimble_4715/githubcom_nimiousioglesgit/.git/objects/ef
  create hard link from /tmp/nimble_4715/githubcom_nimiousioglesgit/.git/objects/ef/cc725f80b3ffaa320ebcc55fd6e5c3367f0f35 to /tmp/nimble_4715/githubcom_nimiousioglesgit/.git/objects/ef/tmp_obj_q2Vfy2
  delete /tmp/nimble_4715/githubcom_nimiousioglesgit/.git/objects/ef/tmp_obj_q2Vfy2
  create directory /tmp/nimble_4715/githubcom_nimiousioglesgit/.git/objects/c8
  create hard link from /tmp/nimble_4715/githubcom_nimiousioglesgit/.git/objects/c8/30c085d940aa6b3a85f1a73b1286f4a044fa16 to /tmp/nimble_4715/githubcom_nimiousioglesgit/.git/objects/c8/tmp_obj_4KgKH8
  delete /tmp/nimble_4715/githubcom_nimiousioglesgit/.git/objects/c8/tmp_obj_4KgKH8
  create directory /tmp/nimble_4715/githubcom_nimiousioglesgit/.git/objects/c2
  create hard link from /tmp/nimble_4715/githubcom_nimiousioglesgit/.git/objects/c2/9fdbb5c0abba2de7e426f0e9cc89049c5e8459 to /tmp/nimble_4715/githubcom_nimiousioglesgit/.git/objects/c2/tmp_obj_eOlnWc
  delete /tmp/nimble_4715/githubcom_nimiousioglesgit/.git/objects/c2/tmp_obj_eOlnWc
  create directory /tmp/nimble_4715/githubcom_nimiousioglesgit/.git/objects/d7
  create hard link from /tmp/nimble_4715/githubcom_nimiousioglesgit/.git/objects/d7/6484f8dd4b7354633eb93c5a45d072a85e6c80 to /tmp/nimble_4715/githubcom_nimiousioglesgit/.git/objects/d7/tmp_obj_yNrRbH
  delete /tmp/nimble_4715/githubcom_nimiousioglesgit/.git/objects/d7/tmp_obj_yNrRbH
  create directory /tmp/nimble_4715/githubcom_nimiousioglesgit/.git/objects/b7
  create hard link from /tmp/nimble_4715/githubcom_nimiousioglesgit/.git/objects/b7/304e76e0adfce032f3ed02301a9ef1927e3b17 to /tmp/nimble_4715/githubcom_nimiousioglesgit/.git/objects/b7/tmp_obj_GBzDuO
  delete /tmp/nimble_4715/githubcom_nimiousioglesgit/.git/objects/b7/tmp_obj_GBzDuO
  create directory /tmp/nimble_4715/githubcom_nimiousioglesgit/.git/objects/56
  create hard link from /tmp/nimble_4715/githubcom_nimiousioglesgit/.git/objects/56/9e270502fa91f7299acf38c0ea796cbf2ce2f2 to /tmp/nimble_4715/githubcom_nimiousioglesgit/.git/objects/56/tmp_obj_mF6G9N
  delete /tmp/nimble_4715/githubcom_nimiousioglesgit/.git/objects/56/tmp_obj_mF6G9N
  create directory /tmp/nimble_4715/githubcom_nimiousioglesgit/.git/objects/63
  create hard link from /tmp/nimble_4715/githubcom_nimiousioglesgit/.git/objects/63/46fb00cb8e0b71f0c0cd71900dcd1019f02716 to /tmp/nimble_4715/githubcom_nimiousioglesgit/.git/objects/63/tmp_obj_A0b6ER
  delete /tmp/nimble_4715/githubcom_nimiousioglesgit/.git/objects/63/tmp_obj_A0b6ER
  create directory /tmp/nimble_4715/githubcom_nimiousioglesgit/.git/objects/95
  create hard link from /tmp/nimble_4715/githubcom_nimiousioglesgit/.git/objects/95/edf9691410657eec8f211c7ce4c7a12bbe2bfe to /tmp/nimble_4715/githubcom_nimiousioglesgit/.git/objects/95/tmp_obj_GvuaiT
  delete /tmp/nimble_4715/githubcom_nimiousioglesgit/.git/objects/95/tmp_obj_GvuaiT
  create directory /tmp/nimble_4715/githubcom_nimiousioglesgit/.git/objects/a4
  create hard link from /tmp/nimble_4715/githubcom_nimiousioglesgit/.git/objects/a4/defb4b02ee0d0525b36d15ba80c31e2b41c40a to /tmp/nimble_4715/githubcom_nimiousioglesgit/.git/objects/a4/tmp_obj_gSqTGX
  delete /tmp/nimble_4715/githubcom_nimiousioglesgit/.git/objects/a4/tmp_obj_gSqTGX
  create directory /tmp/nimble_4715/githubcom_nimiousioglesgit/.git/objects/bd
  create hard link from /tmp/nimble_4715/githubcom_nimiousioglesgit/.git/objects/bd/46748246b3e2866fc83cfe0c6857b200aa9d47 to /tmp/nimble_4715/githubcom_nimiousioglesgit/.git/objects/bd/tmp_obj_eZKNJ0
  delete /tmp/nimble_4715/githubcom_nimiousioglesgit/.git/objects/bd/tmp_obj_eZKNJ0
  create directory /tmp/nimble_4715/githubcom_nimiousioglesgit/.git/objects/50
  create hard link from /tmp/nimble_4715/githubcom_nimiousioglesgit/.git/objects/50/e628a2a851544b65abb4d2838b0a1c7d8391b2 to /tmp/nimble_4715/githubcom_nimiousioglesgit/.git/objects/50/tmp_obj_EchaD5
  delete /tmp/nimble_4715/githubcom_nimiousioglesgit/.git/objects/50/tmp_obj_EchaD5
  create directory /tmp/nimble_4715/githubcom_nimiousioglesgit/.git/objects/42
  create hard link from /tmp/nimble_4715/githubcom_nimiousioglesgit/.git/objects/42/160c149fc96042e6fd96e44e2a62ea467e8d4c to /tmp/nimble_4715/githubcom_nimiousioglesgit/.git/objects/42/tmp_obj_EkDv16
  delete /tmp/nimble_4715/githubcom_nimiousioglesgit/.git/objects/42/tmp_obj_EkDv16
  create directory /tmp/nimble_4715/githubcom_nimiousioglesgit/.git/objects/12
  create hard link from /tmp/nimble_4715/githubcom_nimiousioglesgit/.git/objects/12/2a385381d006a574b2b63d50125524207d0445 to /tmp/nimble_4715/githubcom_nimiousioglesgit/.git/objects/12/tmp_obj_KZIEdb
  delete /tmp/nimble_4715/githubcom_nimiousioglesgit/.git/objects/12/tmp_obj_KZIEdb
  create directory /tmp/nimble_4715/githubcom_nimiousioglesgit/.git/objects/31
  create hard link from /tmp/nimble_4715/githubcom_nimiousioglesgit/.git/objects/31/580f5707033fd0e94a06a5159ee9b0edcb07be to /tmp/nimble_4715/githubcom_nimiousioglesgit/.git/objects/31/tmp_obj_i1g0Vb
  delete /tmp/nimble_4715/githubcom_nimiousioglesgit/.git/objects/31/tmp_obj_i1g0Vb
  create directory /tmp/nimble_4715/githubcom_nimiousioglesgit/.git/objects/d4
  create hard link from /tmp/nimble_4715/githubcom_nimiousioglesgit/.git/objects/d4/52f7d801e658d52a76f0c746ebd8bf62cf9ae5 to /tmp/nimble_4715/githubcom_nimiousioglesgit/.git/objects/d4/tmp_obj_4VzbRe
  delete /tmp/nimble_4715/githubcom_nimiousioglesgit/.git/objects/d4/tmp_obj_4VzbRe
  create directory /tmp/nimble_4715/githubcom_nimiousioglesgit/.git/objects/1b
  create hard link from /tmp/nimble_4715/githubcom_nimiousioglesgit/.git/objects/1b/8715c4072439c62d9d52cda3e6b1d37329e44a to /tmp/nimble_4715/githubcom_nimiousioglesgit/.git/objects/1b/tmp_obj_w88VLk
  delete /tmp/nimble_4715/githubcom_nimiousioglesgit/.git/objects/1b/tmp_obj_w88VLk
  create directory /tmp/nimble_4715/githubcom_nimiousioglesgit/.git/objects/b6
  create hard link from /tmp/nimble_4715/githubcom_nimiousioglesgit/.git/objects/b6/7f78cce4efd29345daed4f78ec8f11e63b1566 to /tmp/nimble_4715/githubcom_nimiousioglesgit/.git/objects/b6/tmp_obj_fcfatd
  delete /tmp/nimble_4715/githubcom_nimiousioglesgit/.git/objects/b6/tmp_obj_fcfatd
  create directory /tmp/nimble_4715/githubcom_nimiousioglesgit/.git/objects/70
  create hard link from /tmp/nimble_4715/githubcom_nimiousioglesgit/.git/objects/70/f7e71c93c1dca81940ae7b61b0e7599096fabd to /tmp/nimble_4715/githubcom_nimiousioglesgit/.git/objects/70/tmp_obj_Zpmc7k
  delete /tmp/nimble_4715/githubcom_nimiousioglesgit/.git/objects/70/tmp_obj_Zpmc7k
  create directory /tmp/nimble_4715/githubcom_nimiousioglesgit/.git/objects/14
  create hard link from /tmp/nimble_4715/githubcom_nimiousioglesgit/.git/objects/14/ae54a1d852ea6adfdddc82a4ba8a952ce63039 to /tmp/nimble_4715/githubcom_nimiousioglesgit/.git/objects/14/tmp_obj_7T9cup
  delete /tmp/nimble_4715/githubcom_nimiousioglesgit/.git/objects/14/tmp_obj_7T9cup
  create hard link from /tmp/nimble_4715/githubcom_nimiousioglesgit/.git/objects/56/5c146034cf691bf082883bff259498342ef629 to /tmp/nimble_4715/githubcom_nimiousioglesgit/.git/objects/56/tmp_obj_79b8Kq
  delete /tmp/nimble_4715/githubcom_nimiousioglesgit/.git/objects/56/tmp_obj_79b8Kq
  create directory /tmp/nimble_4715/githubcom_nimiousioglesgit/.git/objects/6d
  create hard link from /tmp/nimble_4715/githubcom_nimiousioglesgit/.git/objects/6d/8d22fec95bbb908e3c576670e6d7ccf7057874 to /tmp/nimble_4715/githubcom_nimiousioglesgit/.git/objects/6d/tmp_obj_BVGlUz
  delete /tmp/nimble_4715/githubcom_nimiousioglesgit/.git/objects/6d/tmp_obj_BVGlUz
  rename /tmp/nimble_4715/githubcom_nimiousioglesgit/.git/shallow.lock to shallow
  rename /tmp/nimble_4715/githubcom_nimiousioglesgit/.git/packed-refs.new to packed-refs
  delete /tmp/nimble_4715/githubcom_nimiousioglesgit/.git/packed-refs.lock
  create directory /tmp/nimble_4715/githubcom_nimiousioglesgit/.git/refs/remotes
  create directory /tmp/nimble_4715/githubcom_nimiousioglesgit/.git/refs/remotes/origin
  create directory /tmp/nimble_4715/githubcom_nimiousioglesgit/.git/logs
  create directory /tmp/nimble_4715/githubcom_nimiousioglesgit/.git/logs/refs
  create directory /tmp/nimble_4715/githubcom_nimiousioglesgit/.git/logs/refs/remotes
  create directory /tmp/nimble_4715/githubcom_nimiousioglesgit/.git/logs/refs/remotes/origin
  rename /tmp/nimble_4715/githubcom_nimiousioglesgit/.git/refs/remotes/origin/HEAD.lock to HEAD
  rename /tmp/nimble_4715/githubcom_nimiousioglesgit/.git/HEAD.lock to HEAD
  create directory /tmp/nimble_4715/githubcom_nimiousioglesgit/.git/logs/refs/heads
  rename /tmp/nimble_4715/githubcom_nimiousioglesgit/.git/refs/heads/master.lock to master
  delete /tmp/nimble_4715/githubcom_nimiousioglesgit/.git/HEAD.lock
  change permissions of /tmp/nimble_4715/githubcom_nimiousioglesgit/.git/config.lock to rw-r--r--
  rename /tmp/nimble_4715/githubcom_nimiousioglesgit/.git/config.lock to config
  change permissions of /tmp/nimble_4715/githubcom_nimiousioglesgit/.git/config.lock to rw-r--r--
  rename /tmp/nimble_4715/githubcom_nimiousioglesgit/.git/config.lock to config
  create directory /tmp/nimble_4715/githubcom_nimiousioglesgit/docs
  create directory /tmp/nimble_4715/githubcom_nimiousioglesgit/examples
  create directory /tmp/nimble_4715/githubcom_nimiousioglesgit/src
  create directory /tmp/nimble_4715/githubcom_nimiousioglesgit/src/gles
  create directory /tmp/nimble_4715/githubcom_nimiousioglesgit/src/gles2
  create directory /tmp/nimble_4715/githubcom_nimiousioglesgit/src/gles3
  rename /tmp/nimble_4715/githubcom_nimiousioglesgit/.git/index.lock to index
  create directory /home
  create directory /home/runner
  create directory /home/runner/.nimble
  create directory /home/runner/.nimble/pkgs
  create directory /home/runner/.nimble/pkgs/gles-0.1
  create directory /home
  create directory /home/runner
  create directory /home/runner/.nimble
  create directory /home/runner/.nimble/pkgs
  create directory /home/runner/.nimble/pkgs/gles-0.1
  create directory /home/runner/.nimble/pkgs/gles-0.1/gles3
  change permissions of /home/runner/.nimble/pkgs/gles-0.1/gles3/gl3.nim to rw-r--r--
  create directory /home
  create directory /home/runner
  create directory /home/runner/.nimble
  create directory /home/runner/.nimble/pkgs
  create directory /home/runner/.nimble/pkgs/gles-0.1
  create directory /home/runner/.nimble/pkgs/gles-0.1/gles3
  change permissions of /home/runner/.nimble/pkgs/gles-0.1/gles3/gl31.nim to rw-r--r--
  create directory /home
  create directory /home/runner
  create directory /home/runner/.nimble
  create directory /home/runner/.nimble/pkgs
  create directory /home/runner/.nimble/pkgs/gles-0.1
  create directory /home/runner/.nimble/pkgs/gles-0.1/gles2
  change permissions of /home/runner/.nimble/pkgs/gles-0.1/gles2/gl2.nim to rw-r--r--
  create directory /home
  create directory /home/runner
  create directory /home/runner/.nimble
  create directory /home/runner/.nimble/pkgs
  create directory /home/runner/.nimble/pkgs/gles-0.1
  create directory /home/runner/.nimble/pkgs/gles-0.1/gles
  change permissions of /home/runner/.nimble/pkgs/gles-0.1/gles/gl.nim to rw-r--r--
  change permissions of /home/runner/.nimble/pkgs/gles-0.1/gles.nimble to rw-r--r--
  delete /tmp/nimble_4715/githubcom_nimiousioglesgit/docs/logo.png
  delete /tmp/nimble_4715/githubcom_nimiousioglesgit/docs
  delete /tmp/nimble_4715/githubcom_nimiousioglesgit/README.md
  delete /tmp/nimble_4715/githubcom_nimiousioglesgit/.git/refs/remotes/origin/HEAD
  delete /tmp/nimble_4715/githubcom_nimiousioglesgit/.git/refs/remotes/origin
  delete /tmp/nimble_4715/githubcom_nimiousioglesgit/.git/refs/remotes
  delete /tmp/nimble_4715/githubcom_nimiousioglesgit/.git/refs/tags
  delete /tmp/nimble_4715/githubcom_nimiousioglesgit/.git/refs/heads/master
  delete /tmp/nimble_4715/githubcom_nimiousioglesgit/.git/refs/heads
  delete /tmp/nimble_4715/githubcom_nimiousioglesgit/.git/refs
  delete /tmp/nimble_4715/githubcom_nimiousioglesgit/.git/info/exclude
  delete /tmp/nimble_4715/githubcom_nimiousioglesgit/.git/info
  delete /tmp/nimble_4715/githubcom_nimiousioglesgit/.git/branches
  delete /tmp/nimble_4715/githubcom_nimiousioglesgit/.git/logs/refs/remotes/origin/HEAD
  delete /tmp/nimble_4715/githubcom_nimiousioglesgit/.git/logs/refs/remotes/origin
  delete /tmp/nimble_4715/githubcom_nimiousioglesgit/.git/logs/refs/remotes
  delete /tmp/nimble_4715/githubcom_nimiousioglesgit/.git/logs/refs/heads/master
  delete /tmp/nimble_4715/githubcom_nimiousioglesgit/.git/logs/refs/heads
  delete /tmp/nimble_4715/githubcom_nimiousioglesgit/.git/logs/refs
  delete /tmp/nimble_4715/githubcom_nimiousioglesgit/.git/logs/HEAD
  delete /tmp/nimble_4715/githubcom_nimiousioglesgit/.git/logs
  delete /tmp/nimble_4715/githubcom_nimiousioglesgit/.git/description
  delete /tmp/nimble_4715/githubcom_nimiousioglesgit/.git/hooks/pre-rebase.sample
  delete /tmp/nimble_4715/githubcom_nimiousioglesgit/.git/hooks/applypatch-msg.sample
  delete /tmp/nimble_4715/githubcom_nimiousioglesgit/.git/hooks/pre-push.sample
  delete /tmp/nimble_4715/githubcom_nimiousioglesgit/.git/hooks/pre-merge-commit.sample
  delete /tmp/nimble_4715/githubcom_nimiousioglesgit/.git/hooks/pre-receive.sample
  delete /tmp/nimble_4715/githubcom_nimiousioglesgit/.git/hooks/update.sample
  delete /tmp/nimble_4715/githubcom_nimiousioglesgit/.git/hooks/pre-commit.sample
  delete /tmp/nimble_4715/githubcom_nimiousioglesgit/.git/hooks/pre-applypatch.sample
  delete /tmp/nimble_4715/githubcom_nimiousioglesgit/.git/hooks/commit-msg.sample
  delete /tmp/nimble_4715/githubcom_nimiousioglesgit/.git/hooks/fsmonitor-watchman.sample
  delete /tmp/nimble_4715/githubcom_nimiousioglesgit/.git/hooks/prepare-commit-msg.sample
  delete /tmp/nimble_4715/githubcom_nimiousioglesgit/.git/hooks/post-update.sample
  delete /tmp/nimble_4715/githubcom_nimiousioglesgit/.git/hooks
  delete /tmp/nimble_4715/githubcom_nimiousioglesgit/.git/shallow
  delete /tmp/nimble_4715/githubcom_nimiousioglesgit/.git/config
  delete /tmp/nimble_4715/githubcom_nimiousioglesgit/.git/index
  delete /tmp/nimble_4715/githubcom_nimiousioglesgit/.git/objects/6d/8d22fec95bbb908e3c576670e6d7ccf7057874
  delete /tmp/nimble_4715/githubcom_nimiousioglesgit/.git/objects/6d
  delete /tmp/nimble_4715/githubcom_nimiousioglesgit/.git/objects/14/ae54a1d852ea6adfdddc82a4ba8a952ce63039
  delete /tmp/nimble_4715/githubcom_nimiousioglesgit/.git/objects/14
  delete /tmp/nimble_4715/githubcom_nimiousioglesgit/.git/objects/1b/8715c4072439c62d9d52cda3e6b1d37329e44a
  delete /tmp/nimble_4715/githubcom_nimiousioglesgit/.git/objects/1b
  delete /tmp/nimble_4715/githubcom_nimiousioglesgit/.git/objects/31/580f5707033fd0e94a06a5159ee9b0edcb07be
  delete /tmp/nimble_4715/githubcom_nimiousioglesgit/.git/objects/31
  delete /tmp/nimble_4715/githubcom_nimiousioglesgit/.git/objects/info
  delete /tmp/nimble_4715/githubcom_nimiousioglesgit/.git/objects/63/46fb00cb8e0b71f0c0cd71900dcd1019f02716
  delete /tmp/nimble_4715/githubcom_nimiousioglesgit/.git/objects/63
  delete /tmp/nimble_4715/githubcom_nimiousioglesgit/.git/objects/70/f7e71c93c1dca81940ae7b61b0e7599096fabd
  delete /tmp/nimble_4715/githubcom_nimiousioglesgit/.git/objects/70
  delete /tmp/nimble_4715/githubcom_nimiousioglesgit/.git/objects/fa/979813723b8a4739263ee2bbbe2027b9269981
  delete /tmp/nimble_4715/githubcom_nimiousioglesgit/.git/objects/fa
  delete /tmp/nimble_4715/githubcom_nimiousioglesgit/.git/objects/50/e628a2a851544b65abb4d2838b0a1c7d8391b2
  delete /tmp/nimble_4715/githubcom_nimiousioglesgit/.git/objects/50
  delete /tmp/nimble_4715/githubcom_nimiousioglesgit/.git/objects/11/69850e7b1bcbfff1263229509d381b8dc4e0d3
  delete /tmp/nimble_4715/githubcom_nimiousioglesgit/.git/objects/11
  delete /tmp/nimble_4715/githubcom_nimiousioglesgit/.git/objects/ef/cc725f80b3ffaa320ebcc55fd6e5c3367f0f35
  delete /tmp/nimble_4715/githubcom_nimiousioglesgit/.git/objects/ef
  delete /tmp/nimble_4715/githubcom_nimiousioglesgit/.git/objects/a4/defb4b02ee0d0525b36d15ba80c31e2b41c40a
  delete /tmp/nimble_4715/githubcom_nimiousioglesgit/.git/objects/a4
  delete /tmp/nimble_4715/githubcom_nimiousioglesgit/.git/objects/95/edf9691410657eec8f211c7ce4c7a12bbe2bfe
  delete /tmp/nimble_4715/githubcom_nimiousioglesgit/.git/objects/95
  delete /tmp/nimble_4715/githubcom_nimiousioglesgit/.git/objects/c2/9fdbb5c0abba2de7e426f0e9cc89049c5e8459
  delete /tmp/nimble_4715/githubcom_nimiousioglesgit/.git/objects/c2
  delete /tmp/nimble_4715/githubcom_nimiousioglesgit/.git/objects/d7/6484f8dd4b7354633eb93c5a45d072a85e6c80
  delete /tmp/nimble_4715/githubcom_nimiousioglesgit/.git/objects/d7
  delete /tmp/nimble_4715/githubcom_nimiousioglesgit/.git/objects/b6/7f78cce4efd29345daed4f78ec8f11e63b1566
  delete /tmp/nimble_4715/githubcom_nimiousioglesgit/.git/objects/b6
  delete /tmp/nimble_4715/githubcom_nimiousioglesgit/.git/objects/56/9e270502fa91f7299acf38c0ea796cbf2ce2f2
  delete /tmp/nimble_4715/githubcom_nimiousioglesgit/.git/objects/56/5c146034cf691bf082883bff259498342ef629
  delete /tmp/nimble_4715/githubcom_nimiousioglesgit/.git/objects/56
  delete /tmp/nimble_4715/githubcom_nimiousioglesgit/.git/objects/12/2a385381d006a574b2b63d50125524207d0445
  delete /tmp/nimble_4715/githubcom_nimiousioglesgit/.git/objects/12
  delete /tmp/nimble_4715/githubcom_nimiousioglesgit/.git/objects/74/d2c87a2f694110ea65a41c66f9e487c91cca4b
  delete /tmp/nimble_4715/githubcom_nimiousioglesgit/.git/objects/74
  delete /tmp/nimble_4715/githubcom_nimiousioglesgit/.git/objects/42/160c149fc96042e6fd96e44e2a62ea467e8d4c
  delete /tmp/nimble_4715/githubcom_nimiousioglesgit/.git/objects/42
  delete /tmp/nimble_4715/githubcom_nimiousioglesgit/.git/objects/b7/304e76e0adfce032f3ed02301a9ef1927e3b17
  delete /tmp/nimble_4715/githubcom_nimiousioglesgit/.git/objects/b7
  delete /tmp/nimble_4715/githubcom_nimiousioglesgit/.git/objects/d4/52f7d801e658d52a76f0c746ebd8bf62cf9ae5
  delete /tmp/nimble_4715/githubcom_nimiousioglesgit/.git/objects/d4
  delete /tmp/nimble_4715/githubcom_nimiousioglesgit/.git/objects/c8/30c085d940aa6b3a85f1a73b1286f4a044fa16
  delete /tmp/nimble_4715/githubcom_nimiousioglesgit/.git/objects/c8
  delete /tmp/nimble_4715/githubcom_nimiousioglesgit/.git/objects/pack
  delete /tmp/nimble_4715/githubcom_nimiousioglesgit/.git/objects/bd/46748246b3e2866fc83cfe0c6857b200aa9d47
  delete /tmp/nimble_4715/githubcom_nimiousioglesgit/.git/objects/bd
  delete /tmp/nimble_4715/githubcom_nimiousioglesgit/.git/objects
  delete /tmp/nimble_4715/githubcom_nimiousioglesgit/.git/packed-refs
  delete /tmp/nimble_4715/githubcom_nimiousioglesgit/.git/HEAD
  delete /tmp/nimble_4715/githubcom_nimiousioglesgit/.git
  delete /tmp/nimble_4715/githubcom_nimiousioglesgit/src/gles3/gl3.nim
  delete /tmp/nimble_4715/githubcom_nimiousioglesgit/src/gles3/gl31.nim
  delete /tmp/nimble_4715/githubcom_nimiousioglesgit/src/gles3
  delete /tmp/nimble_4715/githubcom_nimiousioglesgit/src/gles2/gl2.nim
  delete /tmp/nimble_4715/githubcom_nimiousioglesgit/src/gles2
  delete /tmp/nimble_4715/githubcom_nimiousioglesgit/src/gles/gl.nim
  delete /tmp/nimble_4715/githubcom_nimiousioglesgit/src/gles
  delete /tmp/nimble_4715/githubcom_nimiousioglesgit/src
  delete /tmp/nimble_4715/githubcom_nimiousioglesgit/nimdoc.cfg
  delete /tmp/nimble_4715/githubcom_nimiousioglesgit/examples/gl31_dummy_example.nim
  delete /tmp/nimble_4715/githubcom_nimiousioglesgit/examples/gl2_dummy_example.nim
  delete /tmp/nimble_4715/githubcom_nimiousioglesgit/examples/nim.cfg
  delete /tmp/nimble_4715/githubcom_nimiousioglesgit/examples/gl3_dummy_example.nim
  delete /tmp/nimble_4715/githubcom_nimiousioglesgit/examples/gl11_dummy_example.nim
  delete /tmp/nimble_4715/githubcom_nimiousioglesgit/examples
  delete /tmp/nimble_4715/githubcom_nimiousioglesgit/gles.nimble
  delete /tmp/nimble_4715/githubcom_nimiousioglesgit/nim.cfg
  delete /tmp/nimble_4715/githubcom_nimiousioglesgit/.gitignore
  delete /tmp/nimble_4715/githubcom_nimiousioglesgit/LICENSE
  delete /tmp/nimble_4715/githubcom_nimiousioglesgit
  delete /tmp/nimble_4715
