     Info:  Nimble data file "/home/runner/.nimble/nimbledata2.json" has been loaded.
    Reading official package list
Downloading https://github.com/nimious/io-myo.git using git
   Warning: The package has no tagged releases, downloading HEAD instead.
open('/workspace/destdir/ssl/openssl.cnf', 32768, 0x00000000000001b6)
open('/home/runner/.config/nimble/nimble.ini', 557056, 0x00000000000001b6)
open('/home/runner/.config/babel/babel.ini', 557056, 0x00000000000001b6)
open('/home/runner/.nimble/nimbledata2.json', 557056, 0x00000000000001b6)
writev(1, 0x00007ffdca2679f0, 2)
writev(1, 0x00007ffdca2672d0, 2)
open('/home/runner/.nimble/packages_official.json', 557056, 0x00000000000001b6)
mkdir('/tmp/', 0x00000000000001ff)
mkdir('/tmp/nimble_2168/', 0x00000000000001ff)
mkdir('/tmp/nimble_2168/githubcom_nimiousiomyogit', 0x00000000000001ff)
writev(1, 0x00007ffdca2672a0, 2)
open('/tmp/nimble_2168/githubcom_nimiousiomyogit', 622592, 0x0000000000000000)
rmdir('/tmp/nimble_2168/githubcom_nimiousiomyogit')
writev(1, 0x00007ffdca267210, 2)
mkdir(93915532231824, 0x00000000000001ff)
Error tracing process: readBytes(0x0000556a69f00490, 256) error: [Errno 5] Input/output error.
