      Info: Package cache path /home/runner/.nimble/pkgcache
     Info:  Nimble data file "/home/runner/.nimble/nimbledata2.json" has been loaded.
    Reading official package list
Downloading https://github.com/nimious/io-oculus.git using git
   Warning: The package has no tagged releases, downloading HEAD instead.
open('/workspace/destdir/ssl/openssl.cnf', 32768, 0x00000000000001b6)
open('/home/runner/.config/nimble/nimble.ini', 557056, 0x00000000000001b6)
open('/home/runner/.config/babel/babel.ini', 557056, 0x00000000000001b6)
writev(1, 0x00007ffccb01b0d0, 2)
open('/home/runner/.nimble/nimbledata2.json', 557056, 0x00000000000001b6)
writev(1, 0x00007ffccb01b1a0, 2)
writev(1, 0x00007fff320461c0, 2)
writev(1, 0x00007fff32046250, 2)
writev(1, 0x00007fff32046250, 2)
writev(1, 0x00007fff32046250, 2)
writev(1, 0x00007ffccb019cc0, 2)
open('/home/runner/.nimble/packages_official.json', 557056, 0x00000000000001b6)
mkdir('/home/', 0x00000000000001ff)
mkdir('/home/runner/', 0x00000000000001ff)
mkdir('/home/runner/.nimble/', 0x00000000000001ff)
mkdir('/home/runner/.nimble/pkgcache/', 0x00000000000001ff)
mkdir('/home/runner/.nimble/pkgcache/githubcom_nimiousiooculusgit', 0x00000000000001ff)
open('/home/runner/.nimble/pkgcache/githubcom_nimiousiooculusgit', 622592, 0x0000000000000000)
writev(1, 0x00007ffccb019db0, 2)
open('/home/runner/.nimble/pkgcache/githubcom_nimiousiooculusgit', 622592, 0x0000000000000000)
rmdir('/home/runner/.nimble/pkgcache/githubcom_nimiousiooculusgit')
writev(1, 0x00007ffccb019ca0, 2)
mkdir(93974339971840, 0x00000000000001ff)
Error tracing process: readBytes(0x000055781b26eb00, 256) error: [Errno 5] Input/output error.
