      Info: Package cache path /home/runner/.nimble/pkgcache
     Info:  Nimble data file "/home/runner/.nimble/nimbledata2.json" has been loaded.
    Reading official package list
Downloading https://github.com/nimious/io-sixense.git using git
   Warning: The package has no tagged releases, downloading HEAD instead.
open('/workspace/destdir/ssl/openssl.cnf', 32768, 0x00000000000001b6)
open('/home/runner/.config/nimble/nimble.ini', 557056, 0x00000000000001b6)
open('/home/runner/.config/babel/babel.ini', 557056, 0x00000000000001b6)
writev(1, 0x00007ffd3fe00ec0, 2)
open('/home/runner/.nimble/nimbledata2.json', 557056, 0x00000000000001b6)
writev(1, 0x00007ffd3fe00f90, 2)
writev(1, 0x00007fff4359a750, 2)
writev(1, 0x00007fff4359a7e0, 2)
writev(1, 0x00007fff4359a7e0, 2)
writev(1, 0x00007fff4359a7e0, 2)
writev(1, 0x00007ffd3fdffab0, 2)
open('/home/runner/.nimble/packages_official.json', 557056, 0x00000000000001b6)
mkdir('/home/', 0x00000000000001ff)
mkdir('/home/runner/', 0x00000000000001ff)
mkdir('/home/runner/.nimble/', 0x00000000000001ff)
mkdir('/home/runner/.nimble/pkgcache/', 0x00000000000001ff)
mkdir('/home/runner/.nimble/pkgcache/githubcom_nimiousiosixensegit', 0x00000000000001ff)
open('/home/runner/.nimble/pkgcache/githubcom_nimiousiosixensegit', 622592, 0x0000000000000000)
writev(1, 0x00007ffd3fdffba0, 2)
open('/home/runner/.nimble/pkgcache/githubcom_nimiousiosixensegit', 622592, 0x0000000000000000)
rmdir('/home/runner/.nimble/pkgcache/githubcom_nimiousiosixensegit')
writev(1, 0x00007ffd3fdffa90, 2)
mkdir(94275028335360, 0x00000000000001ff)
Error tracing process: readBytes(0x000055be1d933b00, 256) error: [Errno 5] Input/output error.
