      Info: Package cache path /home/runner/.nimble/pkgcache
     Info:  Nimble data file "/home/runner/.nimble/nimbledata2.json" has been loaded.
    Reading official package list
Downloading https://github.com/nimious/io-usb.git using git
   Warning: The package has no tagged releases, downloading HEAD instead.
open('/workspace/destdir/ssl/openssl.cnf', 32768, 0x00000000000001b6)
open('/home/runner/.config/nimble/nimble.ini', 557056, 0x00000000000001b6)
open('/home/runner/.config/babel/babel.ini', 557056, 0x00000000000001b6)
writev(1, 0x00007ffec5b19da0, 2)
open('/home/runner/.nimble/nimbledata2.json', 557056, 0x00000000000001b6)
writev(1, 0x00007ffec5b19e70, 2)
writev(1, 0x00007ffe5317f3b0, 2)
writev(1, 0x00007ffe5317f440, 2)
writev(1, 0x00007ffe5317f440, 2)
writev(1, 0x00007ffe5317f440, 2)
writev(1, 0x00007ffec5b18880, 2)
open('/home/runner/.nimble/packages_official.json', 557056, 0x00000000000001b6)
mkdir('/home/', 0x00000000000001ff)
mkdir('/home/runner/', 0x00000000000001ff)
mkdir('/home/runner/.nimble/', 0x00000000000001ff)
mkdir('/home/runner/.nimble/pkgcache/', 0x00000000000001ff)
mkdir('/home/runner/.nimble/pkgcache/githubcom_nimiousiousbgit', 0x00000000000001ff)
open('/home/runner/.nimble/pkgcache/githubcom_nimiousiousbgit', 622592, 0x0000000000000000)
writev(1, 0x00007ffec5b188e0, 2)
open('/home/runner/.nimble/pkgcache/githubcom_nimiousiousbgit', 622592, 0x0000000000000000)
rmdir('/home/runner/.nimble/pkgcache/githubcom_nimiousiousbgit')
writev(1, 0x00007ffec5b187d0, 2)
mkdir(94059415173792, 0x00000000000001ff)
Error tracing process: readBytes(0x0000558bea077aa0, 256) error: [Errno 5] Input/output error.
