      Info: Package cache path /home/runner/.nimble/pkgcache
     Info:  Nimble data file "/home/runner/.nimble/nimbledata2.json" has been loaded.
    Reading official package list
Downloading https://github.com/nimscale/isa using git
download.nim(94)         getTagsListRemote

    Error:  Unable to query remote tags for https://github.com/nimscale/isa . Git returned: remote: Repository not found.
        ... fatal: repository 'https://github.com/nimscale/isa/' not found
     Info:  Nimble data file "/home/runner/.nimble/nimbledata2.json" has been saved.
open('/workspace/destdir/ssl/openssl.cnf', 32768, 0x00000000000001b6)
open('/home/runner/.config/nimble/nimble.ini', 557056, 0x00000000000001b6)
open('/home/runner/.config/babel/babel.ini', 557056, 0x00000000000001b6)
writev(1, 0x00007fffa8c73d90, 2)
open('/home/runner/.nimble/nimbledata2.json', 557056, 0x00000000000001b6)
writev(1, 0x00007fffa8c73e60, 2)
writev(1, 0x00007ffcc4b179c0, 2)
writev(1, 0x00007ffcc4b17a50, 2)
writev(1, 0x00007ffcc4b17a50, 2)
writev(1, 0x00007ffcc4b17a50, 2)
writev(1, 0x00007fffa8c72870, 2)
open('/home/runner/.nimble/packages_official.json', 557056, 0x00000000000001b6)
mkdir('/home/', 0x00000000000001ff)
mkdir('/home/runner/', 0x00000000000001ff)
mkdir('/home/runner/.nimble/', 0x00000000000001ff)
mkdir('/home/runner/.nimble/pkgcache/', 0x00000000000001ff)
mkdir('/home/runner/.nimble/pkgcache/githubcom_nimscaleisa', 0x00000000000001ff)
open('/home/runner/.nimble/pkgcache/githubcom_nimscaleisa', 622592, 0x0000000000000000)
writev(1, 0x00007fffa8c728d0, 2)
open('/home/runner/.nimble/pkgcache/githubcom_nimscaleisa', 622592, 0x0000000000000000)
rmdir('/home/runner/.nimble/pkgcache/githubcom_nimscaleisa')
writev(1, 0x00007fffa8c73f80, 2)
writev(1, 0x00007fffa8c73e50, 2)
writev(1, 0x00007fffa8c73e50, 2)
open('/tmp/nimble_2612', 622592, 0x0000000000000000)
rmdir('/tmp/nimble_2612')
open('/home/runner/.nimble/nimbledata2.json', 557633, 0x00000000000001b6)
writev(3, 0x00007fffa8c73e50, 2)
writev(1, 0x00007fffa8c73e40, 2)
  create directory /home
  create directory /home/runner
  create directory /home/runner/.nimble
  create directory /home/runner/.nimble/pkgcache
  create directory /home/runner/.nimble/pkgcache/githubcom_nimscaleisa
  delete /home/runner/.nimble/pkgcache/githubcom_nimscaleisa
  delete /tmp/nimble_2612
  truncate file /home/runner/.nimble/nimbledata2.json
