    Reading official package list
Downloading https://github.com/nim-lang/iup using git
mkdir('/tmp', 0x00000000000001ff)
mkdir('/tmp/nimble_6329', 0x00000000000001ff)
mkdir('/tmp/nimble_6329/githubcom_nimlangiup', 0x00000000000001ff)
rmdir('/tmp/nimble_6329/githubcom_nimlangiup')
mkdir('/tmp/nimble_6329/githubcom_nimlangiup', 0x00000000000001ff)
mkdir('/tmp/nimble_6329/githubcom_nimlangiup/.git', 0x00000000000001ff)
mkdir('/tmp/nimble_6329/githubcom_nimlangiup/.git/', 0x00000000000001ff)
mkdir('/tmp/nimble_6329/githubcom_nimlangiup/.git/info/', 0x00000000000001ff)
mkdir('/tmp/nimble_6329/githubcom_nimlangiup/.git/branches/', 0x00000000000001ff)
mkdir('/tmp/nimble_6329/githubcom_nimlangiup/.git/hooks/', 0x00000000000001ff)
mkdir('/tmp/nimble_6329/githubcom_nimlangiup/.git/refs', 0x00000000000001ff)
mkdir('/tmp/nimble_6329/githubcom_nimlangiup/.git/refs/heads', 0x00000000000001ff)
mkdir('/tmp/nimble_6329/githubcom_nimlangiup/.git/refs/tags', 0x00000000000001ff)
rename('/tmp/nimble_6329/githubcom_nimlangiup/.git/HEAD.lock', '/tmp/nimble_6329/githubcom_nimlangiup/.git/HEAD')
rename('/tmp/nimble_6329/githubcom_nimlangiup/.git/config.lock', '/tmp/nimble_6329/githubcom_nimlangiup/.git/config')
chmod('/tmp/nimble_6329/githubcom_nimlangiup/.git/config', 0x00000000000081e4)
chmod('/tmp/nimble_6329/githubcom_nimlangiup/.git/config', 0x00000000000081a4)
chmod('/tmp/nimble_6329/githubcom_nimlangiup/.git/config.lock', 0x00000000000001a4)
rename('/tmp/nimble_6329/githubcom_nimlangiup/.git/config.lock', '/tmp/nimble_6329/githubcom_nimlangiup/.git/config')
chmod('/tmp/nimble_6329/githubcom_nimlangiup/.git/config.lock', 0x00000000000001a4)
rename('/tmp/nimble_6329/githubcom_nimlangiup/.git/config.lock', '/tmp/nimble_6329/githubcom_nimlangiup/.git/config')
chmod('/tmp/nimble_6329/githubcom_nimlangiup/.git/config.lock', 0x00000000000001a4)
rename('/tmp/nimble_6329/githubcom_nimlangiup/.git/config.lock', '/tmp/nimble_6329/githubcom_nimlangiup/.git/config')
unlink('/tmp/nimble_6329/githubcom_nimlangiup/.git/tBIvYFE')
symlink('testing', '/tmp/nimble_6329/githubcom_nimlangiup/.git/tBIvYFE')
unlink('/tmp/nimble_6329/githubcom_nimlangiup/.git/tBIvYFE')
mkdir('/tmp/nimble_6329/githubcom_nimlangiup/.git/objects', 0x00000000000001ff)
mkdir('/tmp/nimble_6329/githubcom_nimlangiup/.git/objects/pack', 0x00000000000001ff)
mkdir('/tmp/nimble_6329/githubcom_nimlangiup/.git/objects/info', 0x00000000000001ff)
chmod('/tmp/nimble_6329/githubcom_nimlangiup/.git/config.lock', 0x00000000000001a4)
rename('/tmp/nimble_6329/githubcom_nimlangiup/.git/config.lock', '/tmp/nimble_6329/githubcom_nimlangiup/.git/config')
chmod('/tmp/nimble_6329/githubcom_nimlangiup/.git/config.lock', 0x00000000000001a4)
rename('/tmp/nimble_6329/githubcom_nimlangiup/.git/config.lock', '/tmp/nimble_6329/githubcom_nimlangiup/.git/config')
chmod('/tmp/nimble_6329/githubcom_nimlangiup/.git/config.lock', 0x00000000000001a4)
rename('/tmp/nimble_6329/githubcom_nimlangiup/.git/config.lock', '/tmp/nimble_6329/githubcom_nimlangiup/.git/config')
mkdir('/tmp/nimble_6329/githubcom_nimlangiup/.git/objects/df', 0x00000000000001ff)
link('/tmp/nimble_6329/githubcom_nimlangiup/.git/objects/df/tmp_obj_VGrpWF', '/tmp/nimble_6329/githubcom_nimlangiup/.git/objects/df/c63f3167177f617833d3f4db55b505d1022393')
unlink('/tmp/nimble_6329/githubcom_nimlangiup/.git/objects/df/tmp_obj_VGrpWF')
mkdir('/tmp/nimble_6329/githubcom_nimlangiup/.git/objects/bd', 0x00000000000001ff)
link('/tmp/nimble_6329/githubcom_nimlangiup/.git/objects/bd/tmp_obj_dOmJtH', '/tmp/nimble_6329/githubcom_nimlangiup/.git/objects/bd/077c950fc0dfded0ef71520a053168204d25de')
unlink('/tmp/nimble_6329/githubcom_nimlangiup/.git/objects/bd/tmp_obj_dOmJtH')
mkdir('/tmp/nimble_6329/githubcom_nimlangiup/.git/objects/67', 0x00000000000001ff)
link('/tmp/nimble_6329/githubcom_nimlangiup/.git/objects/67/tmp_obj_jFqa5K', '/tmp/nimble_6329/githubcom_nimlangiup/.git/objects/67/d9b34c6cecad82ad17197ffa5db4860caf9037')
unlink('/tmp/nimble_6329/githubcom_nimlangiup/.git/objects/67/tmp_obj_jFqa5K')
mkdir('/tmp/nimble_6329/githubcom_nimlangiup/.git/objects/20', 0x00000000000001ff)
link('/tmp/nimble_6329/githubcom_nimlangiup/.git/objects/20/tmp_obj_TBfQyP', '/tmp/nimble_6329/githubcom_nimlangiup/.git/objects/20/efd1b3e9763444d06a2d5e47b6bf048d83e7f4')
unlink('/tmp/nimble_6329/githubcom_nimlangiup/.git/objects/20/tmp_obj_TBfQyP')
mkdir('/tmp/nimble_6329/githubcom_nimlangiup/.git/objects/55', 0x00000000000001ff)
link('/tmp/nimble_6329/githubcom_nimlangiup/.git/objects/55/tmp_obj_btGWmS', '/tmp/nimble_6329/githubcom_nimlangiup/.git/objects/55/0e41072f7ccec5d54e20b2b37d43ba2f2c5e2d')
unlink('/tmp/nimble_6329/githubcom_nimlangiup/.git/objects/55/tmp_obj_btGWmS')
mkdir('/tmp/nimble_6329/githubcom_nimlangiup/.git/objects/d2', 0x00000000000001ff)
link('/tmp/nimble_6329/githubcom_nimlangiup/.git/objects/d2/tmp_obj_h03spW', '/tmp/nimble_6329/githubcom_nimlangiup/.git/objects/d2/4a599427f374ecdea13d06b338d4e3ef8ab65e')
unlink('/tmp/nimble_6329/githubcom_nimlangiup/.git/objects/d2/tmp_obj_h03spW')
mkdir('/tmp/nimble_6329/githubcom_nimlangiup/.git/objects/f4', 0x00000000000001ff)
link('/tmp/nimble_6329/githubcom_nimlangiup/.git/objects/f4/tmp_obj_nri2iY', '/tmp/nimble_6329/githubcom_nimlangiup/.git/objects/f4/20630489e0d1e5cb771943d86085b3bd31c96c')
unlink('/tmp/nimble_6329/githubcom_nimlangiup/.git/objects/f4/tmp_obj_nri2iY')
mkdir('/tmp/nimble_6329/githubcom_nimlangiup/.git/objects/0d', 0x00000000000001ff)
link('/tmp/nimble_6329/githubcom_nimlangiup/.git/objects/0d/tmp_obj_9nwqg2', '/tmp/nimble_6329/githubcom_nimlangiup/.git/objects/0d/79d3a13b5cad2dd68ef24880d4e8195d068a70')
unlink('/tmp/nimble_6329/githubcom_nimlangiup/.git/objects/0d/tmp_obj_9nwqg2')
mkdir('/tmp/nimble_6329/githubcom_nimlangiup/.git/objects/0b', 0x00000000000001ff)
link('/tmp/nimble_6329/githubcom_nimlangiup/.git/objects/0b/tmp_obj_lIJDN8', '/tmp/nimble_6329/githubcom_nimlangiup/.git/objects/0b/0ce161d6e1cb0d707c7dab0931a536126aa813')
unlink('/tmp/nimble_6329/githubcom_nimlangiup/.git/objects/0b/tmp_obj_lIJDN8')
mkdir('/tmp/nimble_6329/githubcom_nimlangiup/.git/objects/0c', 0x00000000000001ff)
link('/tmp/nimble_6329/githubcom_nimlangiup/.git/objects/0c/tmp_obj_FIsvEc', '/tmp/nimble_6329/githubcom_nimlangiup/.git/objects/0c/a91963be88afb79915f3781d2f17b6ca88d16d')
unlink('/tmp/nimble_6329/githubcom_nimlangiup/.git/objects/0c/tmp_obj_FIsvEc')
mkdir('/tmp/nimble_6329/githubcom_nimlangiup/.git/objects/35', 0x00000000000001ff)
link('/tmp/nimble_6329/githubcom_nimlangiup/.git/objects/35/tmp_obj_VCn6qg', '/tmp/nimble_6329/githubcom_nimlangiup/.git/objects/35/2794ec9a2452661df16c7f885b171acda0509a')
unlink('/tmp/nimble_6329/githubcom_nimlangiup/.git/objects/35/tmp_obj_VCn6qg')
rename('/tmp/nimble_6329/githubcom_nimlangiup/.git/shallow.lock', '/tmp/nimble_6329/githubcom_nimlangiup/.git/shallow')
rename('/tmp/nimble_6329/githubcom_nimlangiup/.git/packed-refs.new', '/tmp/nimble_6329/githubcom_nimlangiup/.git/packed-refs')
unlink('/tmp/nimble_6329/githubcom_nimlangiup/.git/packed-refs.lock')
mkdir('/tmp/nimble_6329/githubcom_nimlangiup/.git/refs/remotes', 0x00000000000001ff)
mkdir('/tmp/nimble_6329/githubcom_nimlangiup/.git/refs/remotes/origin', 0x00000000000001ff)
mkdir('/tmp/nimble_6329/githubcom_nimlangiup/.git/logs', 0x00000000000001ff)
mkdir('/tmp/nimble_6329/githubcom_nimlangiup/.git/logs/refs', 0x00000000000001ff)
mkdir('/tmp/nimble_6329/githubcom_nimlangiup/.git/logs/refs/remotes', 0x00000000000001ff)
mkdir('/tmp/nimble_6329/githubcom_nimlangiup/.git/logs/refs/remotes/origin', 0x00000000000001ff)
rename('/tmp/nimble_6329/githubcom_nimlangiup/.git/refs/remotes/origin/HEAD.lock', '/tmp/nimble_6329/githubcom_nimlangiup/.git/refs/remotes/origin/HEAD')
rename('/tmp/nimble_6329/githubcom_nimlangiup/.git/HEAD.lock', '/tmp/nimble_6329/githubcom_nimlangiup/.git/HEAD')
mkdir('/tmp/nimble_6329/githubcom_nimlangiup/.git/logs/refs/heads', 0x00000000000001ff)
rename('/tmp/nimble_6329/githubcom_nimlangiup/.git/refs/heads/master.lock', '/tmp/nimble_6329/githubcom_nimlangiup/.git/refs/heads/master')
unlink('/tmp/nimble_6329/githubcom_nimlangiup/.git/HEAD.lock')
chmod('/tmp/nimble_6329/githubcom_nimlangiup/.git/config.lock', 0x00000000000001a4)
rename('/tmp/nimble_6329/githubcom_nimlangiup/.git/config.lock', '/tmp/nimble_6329/githubcom_nimlangiup/.git/config')  Verifying dependencies for iup@3.0.0
 Installing iup@3.0.0
    Copying file /tmp/nimble_6329/githubcom_nimlangiup/iup.nim to /home/runner/.nimble/pkgs/iup-3.0.0/iup.nim
    Copying file /tmp/nimble_6329/githubcom_nimlangiup/iup.nimble to /home/runner/.nimble/pkgs/iup-3.0.0/iup.nimble
   Success: iup installed successfully.

chmod('/tmp/nimble_6329/githubcom_nimlangiup/.git/config.lock', 0x00000000000001a4)
rename('/tmp/nimble_6329/githubcom_nimlangiup/.git/config.lock', '/tmp/nimble_6329/githubcom_nimlangiup/.git/config')
mkdir('examples', 0x00000000000001ff)
rename('/tmp/nimble_6329/githubcom_nimlangiup/.git/index.lock', '/tmp/nimble_6329/githubcom_nimlangiup/.git/index')
mkdir('/home', 0x00000000000001ff)
mkdir('/home/runner', 0x00000000000001ff)
mkdir('/home/runner/.nimble', 0x00000000000001ff)
mkdir('/home/runner/.nimble/pkgs', 0x00000000000001ff)
mkdir('/home/runner/.nimble/pkgs/iup-3.0.0', 0x00000000000001ff)
mkdir('/home', 0x00000000000001ff)
mkdir('/home/runner', 0x00000000000001ff)
mkdir('/home/runner/.nimble', 0x00000000000001ff)
mkdir('/home/runner/.nimble/pkgs', 0x00000000000001ff)
mkdir('/home/runner/.nimble/pkgs/iup-3.0.0', 0x00000000000001ff)
chmod('/home/runner/.nimble/pkgs/iup-3.0.0/iup.nim', 0x00000000000001a4)
chmod('/home/runner/.nimble/pkgs/iup-3.0.0/iup.nimble', 0x00000000000001a4)
unlink('/tmp/nimble_6329/githubcom_nimlangiup/iup.nimble')
unlink('/tmp/nimble_6329/githubcom_nimlangiup/README.md')
unlink('/tmp/nimble_6329/githubcom_nimlangiup/.git/refs/remotes/origin/HEAD')
rmdir('/tmp/nimble_6329/githubcom_nimlangiup/.git/refs/remotes/origin')
rmdir('/tmp/nimble_6329/githubcom_nimlangiup/.git/refs/remotes')
rmdir('/tmp/nimble_6329/githubcom_nimlangiup/.git/refs/tags')
unlink('/tmp/nimble_6329/githubcom_nimlangiup/.git/refs/heads/master')
rmdir('/tmp/nimble_6329/githubcom_nimlangiup/.git/refs/heads')
rmdir('/tmp/nimble_6329/githubcom_nimlangiup/.git/refs')
unlink('/tmp/nimble_6329/githubcom_nimlangiup/.git/info/exclude')
rmdir('/tmp/nimble_6329/githubcom_nimlangiup/.git/info')
rmdir('/tmp/nimble_6329/githubcom_nimlangiup/.git/branches')
unlink('/tmp/nimble_6329/githubcom_nimlangiup/.git/logs/refs/remotes/origin/HEAD')
rmdir('/tmp/nimble_6329/githubcom_nimlangiup/.git/logs/refs/remotes/origin')
rmdir('/tmp/nimble_6329/githubcom_nimlangiup/.git/logs/refs/remotes')
unlink('/tmp/nimble_6329/githubcom_nimlangiup/.git/logs/refs/heads/master')
rmdir('/tmp/nimble_6329/githubcom_nimlangiup/.git/logs/refs/heads')
rmdir('/tmp/nimble_6329/githubcom_nimlangiup/.git/logs/refs')
unlink('/tmp/nimble_6329/githubcom_nimlangiup/.git/logs/HEAD')
rmdir('/tmp/nimble_6329/githubcom_nimlangiup/.git/logs')
unlink('/tmp/nimble_6329/githubcom_nimlangiup/.git/description')
unlink('/tmp/nimble_6329/githubcom_nimlangiup/.git/hooks/pre-rebase.sample')
unlink('/tmp/nimble_6329/githubcom_nimlangiup/.git/hooks/applypatch-msg.sample')
unlink('/tmp/nimble_6329/githubcom_nimlangiup/.git/hooks/pre-push.sample')
unlink('/tmp/nimble_6329/githubcom_nimlangiup/.git/hooks/pre-merge-commit.sample')
unlink('/tmp/nimble_6329/githubcom_nimlangiup/.git/hooks/pre-receive.sample')
unlink('/tmp/nimble_6329/githubcom_nimlangiup/.git/hooks/update.sample')
unlink('/tmp/nimble_6329/githubcom_nimlangiup/.git/hooks/pre-commit.sample')
unlink('/tmp/nimble_6329/githubcom_nimlangiup/.git/hooks/pre-applypatch.sample')
unlink('/tmp/nimble_6329/githubcom_nimlangiup/.git/hooks/commit-msg.sample')
unlink('/tmp/nimble_6329/githubcom_nimlangiup/.git/hooks/fsmonitor-watchman.sample')
unlink('/tmp/nimble_6329/githubcom_nimlangiup/.git/hooks/prepare-commit-msg.sample')
unlink('/tmp/nimble_6329/githubcom_nimlangiup/.git/hooks/post-update.sample')
rmdir('/tmp/nimble_6329/githubcom_nimlangiup/.git/hooks')
unlink('/tmp/nimble_6329/githubcom_nimlangiup/.git/shallow')
unlink('/tmp/nimble_6329/githubcom_nimlangiup/.git/config')
unlink('/tmp/nimble_6329/githubcom_nimlangiup/.git/index')
unlink('/tmp/nimble_6329/githubcom_nimlangiup/.git/objects/0c/a91963be88afb79915f3781d2f17b6ca88d16d')
rmdir('/tmp/nimble_6329/githubcom_nimlangiup/.git/objects/0c')
rmdir('/tmp/nimble_6329/githubcom_nimlangiup/.git/objects/info')
unlink('/tmp/nimble_6329/githubcom_nimlangiup/.git/objects/35/2794ec9a2452661df16c7f885b171acda0509a')
rmdir('/tmp/nimble_6329/githubcom_nimlangiup/.git/objects/35')
unlink('/tmp/nimble_6329/githubcom_nimlangiup/.git/objects/df/c63f3167177f617833d3f4db55b505d1022393')
rmdir('/tmp/nimble_6329/githubcom_nimlangiup/.git/objects/df')
unlink('/tmp/nimble_6329/githubcom_nimlangiup/.git/objects/20/efd1b3e9763444d06a2d5e47b6bf048d83e7f4')
rmdir('/tmp/nimble_6329/githubcom_nimlangiup/.git/objects/20')
unlink('/tmp/nimble_6329/githubcom_nimlangiup/.git/objects/0d/79d3a13b5cad2dd68ef24880d4e8195d068a70')
rmdir('/tmp/nimble_6329/githubcom_nimlangiup/.git/objects/0d')
unlink('/tmp/nimble_6329/githubcom_nimlangiup/.git/objects/67/d9b34c6cecad82ad17197ffa5db4860caf9037')
rmdir('/tmp/nimble_6329/githubcom_nimlangiup/.git/objects/67')
unlink('/tmp/nimble_6329/githubcom_nimlangiup/.git/objects/0b/0ce161d6e1cb0d707c7dab0931a536126aa813')
rmdir('/tmp/nimble_6329/githubcom_nimlangiup/.git/objects/0b')
unlink('/tmp/nimble_6329/githubcom_nimlangiup/.git/objects/d2/4a599427f374ecdea13d06b338d4e3ef8ab65e')
rmdir('/tmp/nimble_6329/githubcom_nimlangiup/.git/objects/d2')
unlink('/tmp/nimble_6329/githubcom_nimlangiup/.git/objects/55/0e41072f7ccec5d54e20b2b37d43ba2f2c5e2d')
rmdir('/tmp/nimble_6329/githubcom_nimlangiup/.git/objects/55')
rmdir('/tmp/nimble_6329/githubcom_nimlangiup/.git/objects/pack')
unlink('/tmp/nimble_6329/githubcom_nimlangiup/.git/objects/bd/077c950fc0dfded0ef71520a053168204d25de')
rmdir('/tmp/nimble_6329/githubcom_nimlangiup/.git/objects/bd')
unlink('/tmp/nimble_6329/githubcom_nimlangiup/.git/objects/f4/20630489e0d1e5cb771943d86085b3bd31c96c')
rmdir('/tmp/nimble_6329/githubcom_nimlangiup/.git/objects/f4')
rmdir('/tmp/nimble_6329/githubcom_nimlangiup/.git/objects')
unlink('/tmp/nimble_6329/githubcom_nimlangiup/.git/packed-refs')
unlink('/tmp/nimble_6329/githubcom_nimlangiup/.git/HEAD')
rmdir('/tmp/nimble_6329/githubcom_nimlangiup/.git')
unlink('/tmp/nimble_6329/githubcom_nimlangiup/iup.nim')
unlink('/tmp/nimble_6329/githubcom_nimlangiup/examples/menu.nim')
unlink('/tmp/nimble_6329/githubcom_nimlangiup/examples/tabs.nim')
unlink('/tmp/nimble_6329/githubcom_nimlangiup/examples/callbacks.nim')
rmdir('/tmp/nimble_6329/githubcom_nimlangiup/examples')
unlink('/tmp/nimble_6329/githubcom_nimlangiup/.gitignore')
unlink('/tmp/nimble_6329/githubcom_nimlangiup/LICENSE')
rmdir('/tmp/nimble_6329/githubcom_nimlangiup')
rmdir('/tmp/nimble_6329')
  create directory /tmp
  create directory /tmp/nimble_6329
  create directory /tmp/nimble_6329/githubcom_nimlangiup
  delete /tmp/nimble_6329/githubcom_nimlangiup
  create directory /tmp/nimble_6329/githubcom_nimlangiup
  create directory /tmp/nimble_6329/githubcom_nimlangiup/.git
  create directory /tmp/nimble_6329/githubcom_nimlangiup/.git
  create directory /tmp/nimble_6329/githubcom_nimlangiup/.git/info
  create directory /tmp/nimble_6329/githubcom_nimlangiup/.git/branches
  create directory /tmp/nimble_6329/githubcom_nimlangiup/.git/hooks
  create directory /tmp/nimble_6329/githubcom_nimlangiup/.git/refs
  create directory /tmp/nimble_6329/githubcom_nimlangiup/.git/refs/heads
  create directory /tmp/nimble_6329/githubcom_nimlangiup/.git/refs/tags
  rename /tmp/nimble_6329/githubcom_nimlangiup/.git/HEAD.lock to HEAD
  rename /tmp/nimble_6329/githubcom_nimlangiup/.git/config.lock to config
  change permissions of /tmp/nimble_6329/githubcom_nimlangiup/.git/config to rwxr--r--
  change permissions of /tmp/nimble_6329/githubcom_nimlangiup/.git/config to rw-r--r--
  change permissions of /tmp/nimble_6329/githubcom_nimlangiup/.git/config.lock to rw-r--r--
  rename /tmp/nimble_6329/githubcom_nimlangiup/.git/config.lock to config
  change permissions of /tmp/nimble_6329/githubcom_nimlangiup/.git/config.lock to rw-r--r--
  rename /tmp/nimble_6329/githubcom_nimlangiup/.git/config.lock to config
  change permissions of /tmp/nimble_6329/githubcom_nimlangiup/.git/config.lock to rw-r--r--
  rename /tmp/nimble_6329/githubcom_nimlangiup/.git/config.lock to config
  delete /tmp/nimble_6329/githubcom_nimlangiup/.git/tBIvYFE
  create symbolic link from /tmp/nimble_6329/githubcom_nimlangiup/.git/tBIvYFE to /home/runner/work/nim_packages_security_audit/nim_packages_security_audit/testing
  delete /tmp/nimble_6329/githubcom_nimlangiup/.git/tBIvYFE
  create directory /tmp/nimble_6329/githubcom_nimlangiup/.git/objects
  create directory /tmp/nimble_6329/githubcom_nimlangiup/.git/objects/pack
  create directory /tmp/nimble_6329/githubcom_nimlangiup/.git/objects/info
  change permissions of /tmp/nimble_6329/githubcom_nimlangiup/.git/config.lock to rw-r--r--
  rename /tmp/nimble_6329/githubcom_nimlangiup/.git/config.lock to config
  change permissions of /tmp/nimble_6329/githubcom_nimlangiup/.git/config.lock to rw-r--r--
  rename /tmp/nimble_6329/githubcom_nimlangiup/.git/config.lock to config
  change permissions of /tmp/nimble_6329/githubcom_nimlangiup/.git/config.lock to rw-r--r--
  rename /tmp/nimble_6329/githubcom_nimlangiup/.git/config.lock to config
  create directory /tmp/nimble_6329/githubcom_nimlangiup/.git/objects/df
  create hard link from /tmp/nimble_6329/githubcom_nimlangiup/.git/objects/df/c63f3167177f617833d3f4db55b505d1022393 to /tmp/nimble_6329/githubcom_nimlangiup/.git/objects/df/tmp_obj_VGrpWF
  delete /tmp/nimble_6329/githubcom_nimlangiup/.git/objects/df/tmp_obj_VGrpWF
  create directory /tmp/nimble_6329/githubcom_nimlangiup/.git/objects/bd
  create hard link from /tmp/nimble_6329/githubcom_nimlangiup/.git/objects/bd/077c950fc0dfded0ef71520a053168204d25de to /tmp/nimble_6329/githubcom_nimlangiup/.git/objects/bd/tmp_obj_dOmJtH
  delete /tmp/nimble_6329/githubcom_nimlangiup/.git/objects/bd/tmp_obj_dOmJtH
  create directory /tmp/nimble_6329/githubcom_nimlangiup/.git/objects/67
  create hard link from /tmp/nimble_6329/githubcom_nimlangiup/.git/objects/67/d9b34c6cecad82ad17197ffa5db4860caf9037 to /tmp/nimble_6329/githubcom_nimlangiup/.git/objects/67/tmp_obj_jFqa5K
  delete /tmp/nimble_6329/githubcom_nimlangiup/.git/objects/67/tmp_obj_jFqa5K
  create directory /tmp/nimble_6329/githubcom_nimlangiup/.git/objects/20
  create hard link from /tmp/nimble_6329/githubcom_nimlangiup/.git/objects/20/efd1b3e9763444d06a2d5e47b6bf048d83e7f4 to /tmp/nimble_6329/githubcom_nimlangiup/.git/objects/20/tmp_obj_TBfQyP
  delete /tmp/nimble_6329/githubcom_nimlangiup/.git/objects/20/tmp_obj_TBfQyP
  create directory /tmp/nimble_6329/githubcom_nimlangiup/.git/objects/55
  create hard link from /tmp/nimble_6329/githubcom_nimlangiup/.git/objects/55/0e41072f7ccec5d54e20b2b37d43ba2f2c5e2d to /tmp/nimble_6329/githubcom_nimlangiup/.git/objects/55/tmp_obj_btGWmS
  delete /tmp/nimble_6329/githubcom_nimlangiup/.git/objects/55/tmp_obj_btGWmS
  create directory /tmp/nimble_6329/githubcom_nimlangiup/.git/objects/d2
  create hard link from /tmp/nimble_6329/githubcom_nimlangiup/.git/objects/d2/4a599427f374ecdea13d06b338d4e3ef8ab65e to /tmp/nimble_6329/githubcom_nimlangiup/.git/objects/d2/tmp_obj_h03spW
  delete /tmp/nimble_6329/githubcom_nimlangiup/.git/objects/d2/tmp_obj_h03spW
  create directory /tmp/nimble_6329/githubcom_nimlangiup/.git/objects/f4
  create hard link from /tmp/nimble_6329/githubcom_nimlangiup/.git/objects/f4/20630489e0d1e5cb771943d86085b3bd31c96c to /tmp/nimble_6329/githubcom_nimlangiup/.git/objects/f4/tmp_obj_nri2iY
  delete /tmp/nimble_6329/githubcom_nimlangiup/.git/objects/f4/tmp_obj_nri2iY
  create directory /tmp/nimble_6329/githubcom_nimlangiup/.git/objects/0d
  create hard link from /tmp/nimble_6329/githubcom_nimlangiup/.git/objects/0d/79d3a13b5cad2dd68ef24880d4e8195d068a70 to /tmp/nimble_6329/githubcom_nimlangiup/.git/objects/0d/tmp_obj_9nwqg2
  delete /tmp/nimble_6329/githubcom_nimlangiup/.git/objects/0d/tmp_obj_9nwqg2
  create directory /tmp/nimble_6329/githubcom_nimlangiup/.git/objects/0b
  create hard link from /tmp/nimble_6329/githubcom_nimlangiup/.git/objects/0b/0ce161d6e1cb0d707c7dab0931a536126aa813 to /tmp/nimble_6329/githubcom_nimlangiup/.git/objects/0b/tmp_obj_lIJDN8
  delete /tmp/nimble_6329/githubcom_nimlangiup/.git/objects/0b/tmp_obj_lIJDN8
  create directory /tmp/nimble_6329/githubcom_nimlangiup/.git/objects/0c
  create hard link from /tmp/nimble_6329/githubcom_nimlangiup/.git/objects/0c/a91963be88afb79915f3781d2f17b6ca88d16d to /tmp/nimble_6329/githubcom_nimlangiup/.git/objects/0c/tmp_obj_FIsvEc
  delete /tmp/nimble_6329/githubcom_nimlangiup/.git/objects/0c/tmp_obj_FIsvEc
  create directory /tmp/nimble_6329/githubcom_nimlangiup/.git/objects/35
  create hard link from /tmp/nimble_6329/githubcom_nimlangiup/.git/objects/35/2794ec9a2452661df16c7f885b171acda0509a to /tmp/nimble_6329/githubcom_nimlangiup/.git/objects/35/tmp_obj_VCn6qg
  delete /tmp/nimble_6329/githubcom_nimlangiup/.git/objects/35/tmp_obj_VCn6qg
  rename /tmp/nimble_6329/githubcom_nimlangiup/.git/shallow.lock to shallow
  rename /tmp/nimble_6329/githubcom_nimlangiup/.git/packed-refs.new to packed-refs
  delete /tmp/nimble_6329/githubcom_nimlangiup/.git/packed-refs.lock
  create directory /tmp/nimble_6329/githubcom_nimlangiup/.git/refs/remotes
  create directory /tmp/nimble_6329/githubcom_nimlangiup/.git/refs/remotes/origin
  create directory /tmp/nimble_6329/githubcom_nimlangiup/.git/logs
  create directory /tmp/nimble_6329/githubcom_nimlangiup/.git/logs/refs
  create directory /tmp/nimble_6329/githubcom_nimlangiup/.git/logs/refs/remotes
  create directory /tmp/nimble_6329/githubcom_nimlangiup/.git/logs/refs/remotes/origin
  rename /tmp/nimble_6329/githubcom_nimlangiup/.git/refs/remotes/origin/HEAD.lock to HEAD
  rename /tmp/nimble_6329/githubcom_nimlangiup/.git/HEAD.lock to HEAD
  create directory /tmp/nimble_6329/githubcom_nimlangiup/.git/logs/refs/heads
  rename /tmp/nimble_6329/githubcom_nimlangiup/.git/refs/heads/master.lock to master
  delete /tmp/nimble_6329/githubcom_nimlangiup/.git/HEAD.lock
  change permissions of /tmp/nimble_6329/githubcom_nimlangiup/.git/config.lock to rw-r--r--
  rename /tmp/nimble_6329/githubcom_nimlangiup/.git/config.lock to config
  change permissions of /tmp/nimble_6329/githubcom_nimlangiup/.git/config.lock to rw-r--r--
  rename /tmp/nimble_6329/githubcom_nimlangiup/.git/config.lock to config
  create directory /tmp/nimble_6329/githubcom_nimlangiup/examples
  rename /tmp/nimble_6329/githubcom_nimlangiup/.git/index.lock to index
  create directory /home
  create directory /home/runner
  create directory /home/runner/.nimble
  create directory /home/runner/.nimble/pkgs
  create directory /home/runner/.nimble/pkgs/iup-3.0.0
  create directory /home
  create directory /home/runner
  create directory /home/runner/.nimble
  create directory /home/runner/.nimble/pkgs
  create directory /home/runner/.nimble/pkgs/iup-3.0.0
  change permissions of /home/runner/.nimble/pkgs/iup-3.0.0/iup.nim to rw-r--r--
  change permissions of /home/runner/.nimble/pkgs/iup-3.0.0/iup.nimble to rw-r--r--
  delete /tmp/nimble_6329/githubcom_nimlangiup/iup.nimble
  delete /tmp/nimble_6329/githubcom_nimlangiup/README.md
  delete /tmp/nimble_6329/githubcom_nimlangiup/.git/refs/remotes/origin/HEAD
  delete /tmp/nimble_6329/githubcom_nimlangiup/.git/refs/remotes/origin
  delete /tmp/nimble_6329/githubcom_nimlangiup/.git/refs/remotes
  delete /tmp/nimble_6329/githubcom_nimlangiup/.git/refs/tags
  delete /tmp/nimble_6329/githubcom_nimlangiup/.git/refs/heads/master
  delete /tmp/nimble_6329/githubcom_nimlangiup/.git/refs/heads
  delete /tmp/nimble_6329/githubcom_nimlangiup/.git/refs
  delete /tmp/nimble_6329/githubcom_nimlangiup/.git/info/exclude
  delete /tmp/nimble_6329/githubcom_nimlangiup/.git/info
  delete /tmp/nimble_6329/githubcom_nimlangiup/.git/branches
  delete /tmp/nimble_6329/githubcom_nimlangiup/.git/logs/refs/remotes/origin/HEAD
  delete /tmp/nimble_6329/githubcom_nimlangiup/.git/logs/refs/remotes/origin
  delete /tmp/nimble_6329/githubcom_nimlangiup/.git/logs/refs/remotes
  delete /tmp/nimble_6329/githubcom_nimlangiup/.git/logs/refs/heads/master
  delete /tmp/nimble_6329/githubcom_nimlangiup/.git/logs/refs/heads
  delete /tmp/nimble_6329/githubcom_nimlangiup/.git/logs/refs
  delete /tmp/nimble_6329/githubcom_nimlangiup/.git/logs/HEAD
  delete /tmp/nimble_6329/githubcom_nimlangiup/.git/logs
  delete /tmp/nimble_6329/githubcom_nimlangiup/.git/description
  delete /tmp/nimble_6329/githubcom_nimlangiup/.git/hooks/pre-rebase.sample
  delete /tmp/nimble_6329/githubcom_nimlangiup/.git/hooks/applypatch-msg.sample
  delete /tmp/nimble_6329/githubcom_nimlangiup/.git/hooks/pre-push.sample
  delete /tmp/nimble_6329/githubcom_nimlangiup/.git/hooks/pre-merge-commit.sample
  delete /tmp/nimble_6329/githubcom_nimlangiup/.git/hooks/pre-receive.sample
  delete /tmp/nimble_6329/githubcom_nimlangiup/.git/hooks/update.sample
  delete /tmp/nimble_6329/githubcom_nimlangiup/.git/hooks/pre-commit.sample
  delete /tmp/nimble_6329/githubcom_nimlangiup/.git/hooks/pre-applypatch.sample
  delete /tmp/nimble_6329/githubcom_nimlangiup/.git/hooks/commit-msg.sample
  delete /tmp/nimble_6329/githubcom_nimlangiup/.git/hooks/fsmonitor-watchman.sample
  delete /tmp/nimble_6329/githubcom_nimlangiup/.git/hooks/prepare-commit-msg.sample
  delete /tmp/nimble_6329/githubcom_nimlangiup/.git/hooks/post-update.sample
  delete /tmp/nimble_6329/githubcom_nimlangiup/.git/hooks
  delete /tmp/nimble_6329/githubcom_nimlangiup/.git/shallow
  delete /tmp/nimble_6329/githubcom_nimlangiup/.git/config
  delete /tmp/nimble_6329/githubcom_nimlangiup/.git/index
  delete /tmp/nimble_6329/githubcom_nimlangiup/.git/objects/0c/a91963be88afb79915f3781d2f17b6ca88d16d
  delete /tmp/nimble_6329/githubcom_nimlangiup/.git/objects/0c
  delete /tmp/nimble_6329/githubcom_nimlangiup/.git/objects/info
  delete /tmp/nimble_6329/githubcom_nimlangiup/.git/objects/35/2794ec9a2452661df16c7f885b171acda0509a
  delete /tmp/nimble_6329/githubcom_nimlangiup/.git/objects/35
  delete /tmp/nimble_6329/githubcom_nimlangiup/.git/objects/df/c63f3167177f617833d3f4db55b505d1022393
  delete /tmp/nimble_6329/githubcom_nimlangiup/.git/objects/df
  delete /tmp/nimble_6329/githubcom_nimlangiup/.git/objects/20/efd1b3e9763444d06a2d5e47b6bf048d83e7f4
  delete /tmp/nimble_6329/githubcom_nimlangiup/.git/objects/20
  delete /tmp/nimble_6329/githubcom_nimlangiup/.git/objects/0d/79d3a13b5cad2dd68ef24880d4e8195d068a70
  delete /tmp/nimble_6329/githubcom_nimlangiup/.git/objects/0d
  delete /tmp/nimble_6329/githubcom_nimlangiup/.git/objects/67/d9b34c6cecad82ad17197ffa5db4860caf9037
  delete /tmp/nimble_6329/githubcom_nimlangiup/.git/objects/67
  delete /tmp/nimble_6329/githubcom_nimlangiup/.git/objects/0b/0ce161d6e1cb0d707c7dab0931a536126aa813
  delete /tmp/nimble_6329/githubcom_nimlangiup/.git/objects/0b
  delete /tmp/nimble_6329/githubcom_nimlangiup/.git/objects/d2/4a599427f374ecdea13d06b338d4e3ef8ab65e
  delete /tmp/nimble_6329/githubcom_nimlangiup/.git/objects/d2
  delete /tmp/nimble_6329/githubcom_nimlangiup/.git/objects/55/0e41072f7ccec5d54e20b2b37d43ba2f2c5e2d
  delete /tmp/nimble_6329/githubcom_nimlangiup/.git/objects/55
  delete /tmp/nimble_6329/githubcom_nimlangiup/.git/objects/pack
  delete /tmp/nimble_6329/githubcom_nimlangiup/.git/objects/bd/077c950fc0dfded0ef71520a053168204d25de
  delete /tmp/nimble_6329/githubcom_nimlangiup/.git/objects/bd
  delete /tmp/nimble_6329/githubcom_nimlangiup/.git/objects/f4/20630489e0d1e5cb771943d86085b3bd31c96c
  delete /tmp/nimble_6329/githubcom_nimlangiup/.git/objects/f4
  delete /tmp/nimble_6329/githubcom_nimlangiup/.git/objects
  delete /tmp/nimble_6329/githubcom_nimlangiup/.git/packed-refs
  delete /tmp/nimble_6329/githubcom_nimlangiup/.git/HEAD
  delete /tmp/nimble_6329/githubcom_nimlangiup/.git
  delete /tmp/nimble_6329/githubcom_nimlangiup/iup.nim
  delete /tmp/nimble_6329/githubcom_nimlangiup/examples/menu.nim
  delete /tmp/nimble_6329/githubcom_nimlangiup/examples/tabs.nim
  delete /tmp/nimble_6329/githubcom_nimlangiup/examples/callbacks.nim
  delete /tmp/nimble_6329/githubcom_nimlangiup/examples
  delete /tmp/nimble_6329/githubcom_nimlangiup/.gitignore
  delete /tmp/nimble_6329/githubcom_nimlangiup/LICENSE
  delete /tmp/nimble_6329/githubcom_nimlangiup
  delete /tmp/nimble_6329
