     Info:  Nimble data file "/home/runner/.nimble/nimbledata2.json" has been loaded.
    Reading official package list
Downloading https://github.com/Q-Master/packets.nim using git
    Cloning latest tagged version: v2.2.1
open('/workspace/destdir/ssl/openssl.cnf', 32768, 0x00000000000001b6)
open('/home/runner/.config/nimble/nimble.ini', 557056, 0x00000000000001b6)
open('/home/runner/.config/babel/babel.ini', 557056, 0x00000000000001b6)
open('/home/runner/.nimble/nimbledata2.json', 557056, 0x00000000000001b6)
writev(1, 0x00007ffce45848d0, 2)
writev(1, 0x00007ffce45841b0, 2)
open('/home/runner/.nimble/packages_official.json', 557056, 0x00000000000001b6)
mkdir('/tmp/', 0x00000000000001ff)
mkdir('/tmp/nimble_3296/', 0x00000000000001ff)
mkdir('/tmp/nimble_3296/githubcom_QMasterpacketsnim', 0x00000000000001ff)
writev(1, 0x00007ffce4584180, 2)
open('/tmp/nimble_3296/githubcom_QMasterpacketsnim', 622592, 0x0000000000000000)
rmdir('/tmp/nimble_3296/githubcom_QMasterpacketsnim')
writev(1, 0x00007ffce45840f0, 2)
mkdir(94726276392080, 0x00000000000001ff)
Error tracing process: readBytes(0x000056272e0e2490, 256) error: [Errno 5] Input/output error.
