    Reading official package list
Downloading https://github.com/paranim/pararules using git
    Cloning latest tagged version: 0.3.0
mkdir('/tmp', 0x00000000000001ff)
mkdir('/tmp/nimble_15985', 0x00000000000001ff)
mkdir('/tmp/nimble_15985/githubcom_paranimpararules', 0x00000000000001ff)
rmdir('/tmp/nimble_15985/githubcom_paranimpararules')
mkdir('/tmp/nimble_15985/githubcom_paranimpararules', 0x00000000000001ff)
mkdir('/tmp/nimble_15985/githubcom_paranimpararules/.git', 0x00000000000001ff)
mkdir('/tmp/nimble_15985/githubcom_paranimpararules/.git/', 0x00000000000001ff)
mkdir('/tmp/nimble_15985/githubcom_paranimpararules/.git/info/', 0x00000000000001ff)
mkdir('/tmp/nimble_15985/githubcom_paranimpararules/.git/branches/', 0x00000000000001ff)
mkdir('/tmp/nimble_15985/githubcom_paranimpararules/.git/hooks/', 0x00000000000001ff)
mkdir('/tmp/nimble_15985/githubcom_paranimpararules/.git/refs', 0x00000000000001ff)
mkdir('/tmp/nimble_15985/githubcom_paranimpararules/.git/refs/heads', 0x00000000000001ff)
mkdir('/tmp/nimble_15985/githubcom_paranimpararules/.git/refs/tags', 0x00000000000001ff)
rename('/tmp/nimble_15985/githubcom_paranimpararules/.git/HEAD.lock', '/tmp/nimble_15985/githubcom_paranimpararules/.git/HEAD')
rename('/tmp/nimble_15985/githubcom_paranimpararules/.git/config.lock', '/tmp/nimble_15985/githubcom_paranimpararules/.git/config')
chmod('/tmp/nimble_15985/githubcom_paranimpararules/.git/config', 0x00000000000081e4)
chmod('/tmp/nimble_15985/githubcom_paranimpararules/.git/config', 0x00000000000081a4)
chmod('/tmp/nimble_15985/githubcom_paranimpararules/.git/config.lock', 0x00000000000001a4)
rename('/tmp/nimble_15985/githubcom_paranimpararules/.git/config.lock', '/tmp/nimble_15985/githubcom_paranimpararules/.git/config')
chmod('/tmp/nimble_15985/githubcom_paranimpararules/.git/config.lock', 0x00000000000001a4)
rename('/tmp/nimble_15985/githubcom_paranimpararules/.git/config.lock', '/tmp/nimble_15985/githubcom_paranimpararules/.git/config')
chmod('/tmp/nimble_15985/githubcom_paranimpararules/.git/config.lock', 0x00000000000001a4)
rename('/tmp/nimble_15985/githubcom_paranimpararules/.git/config.lock', '/tmp/nimble_15985/githubcom_paranimpararules/.git/config')
unlink('/tmp/nimble_15985/githubcom_paranimpararules/.git/ty6COcH')
symlink('testing', '/tmp/nimble_15985/githubcom_paranimpararules/.git/ty6COcH')
unlink('/tmp/nimble_15985/githubcom_paranimpararules/.git/ty6COcH')
mkdir('/tmp/nimble_15985/githubcom_paranimpararules/.git/objects', 0x00000000000001ff)
mkdir('/tmp/nimble_15985/githubcom_paranimpararules/.git/objects/pack', 0x00000000000001ff)
mkdir('/tmp/nimble_15985/githubcom_paranimpararules/.git/objects/info', 0x00000000000001ff)
chmod('/tmp/nimble_15985/githubcom_paranimpararules/.git/config.lock', 0x00000000000001a4)
rename('/tmp/nimble_15985/githubcom_paranimpararules/.git/config.lock', '/tmp/nimble_15985/githubcom_paranimpararules/.git/config')
chmod('/tmp/nimble_15985/githubcom_paranimpararules/.git/config.lock', 0x00000000000001a4)
rename('/tmp/nimble_15985/githubcom_paranimpararules/.git/config.lock', '/tmp/nimble_15985/githubcom_paranimpararules/.git/config')
chmod('/tmp/nimble_15985/githubcom_paranimpararules/.git/config.lock', 0x00000000000001a4)
rename('/tmp/nimble_15985/githubcom_paranimpararules/.git/config.lock', '/tmp/nimble_15985/githubcom_paranimpararules/.git/config')
mkdir('/tmp/nimble_15985/githubcom_paranimpararules/.git/objects/27', 0x00000000000001ff)
link('/tmp/nimble_15985/githubcom_paranimpararules/.git/objects/27/tmp_obj_2OJnXP', '/tmp/nimble_15985/githubcom_paranimpararules/.git/objects/27/3cb615cf84a47fd6cbf72c009d47d4a986161e')
unlink('/tmp/nimble_15985/githubcom_paranimpararules/.git/objects/27/tmp_obj_2OJnXP')
mkdir('/tmp/nimble_15985/githubcom_paranimpararules/.git/objects/f8', 0x00000000000001ff)
link('/tmp/nimble_15985/githubcom_paranimpararules/.git/objects/f8/tmp_obj_qDfi1Q', '/tmp/nimble_15985/githubcom_paranimpararules/.git/objects/f8/77f6d2bfbb4c3d98b686ca738ecd2e9b105bdf')
unlink('/tmp/nimble_15985/githubcom_paranimpararules/.git/objects/f8/tmp_obj_qDfi1Q')
mkdir('/tmp/nimble_15985/githubcom_paranimpararules/.git/objects/ee', 0x00000000000001ff)
link('/tmp/nimble_15985/githubcom_paranimpararules/.git/objects/ee/tmp_obj_yfvFtV', '/tmp/nimble_15985/githubcom_paranimpararules/.git/objects/ee/4a11fc8d927e1f561142c27cc50325220822c2')
unlink('/tmp/nimble_15985/githubcom_paranimpararules/.git/objects/ee/tmp_obj_yfvFtV')
mkdir('/tmp/nimble_15985/githubcom_paranimpararules/.git/objects/de', 0x00000000000001ff)
link('/tmp/nimble_15985/githubcom_paranimpararules/.git/objects/de/tmp_obj_uxHsa1', '/tmp/nimble_15985/githubcom_paranimpararules/.git/objects/de/4854e4510ad194112f19425b2b680c0dbb8352')
unlink('/tmp/nimble_15985/githubcom_paranimpararules/.git/objects/de/tmp_obj_uxHsa1')
mkdir('/tmp/nimble_15985/githubcom_paranimpararules/.git/objects/cd', 0x00000000000001ff)
link('/tmp/nimble_15985/githubcom_paranimpararules/.git/objects/cd/tmp_obj_GZeAq2', '/tmp/nimble_15985/githubcom_paranimpararules/.git/objects/cd/a4f16aae00b4f5394ca6123ab2792372d7a4b5')
unlink('/tmp/nimble_15985/githubcom_paranimpararules/.git/objects/cd/tmp_obj_GZeAq2')
mkdir('/tmp/nimble_15985/githubcom_paranimpararules/.git/objects/81', 0x00000000000001ff)
link('/tmp/nimble_15985/githubcom_paranimpararules/.git/objects/81/tmp_obj_i3Qbe6', '/tmp/nimble_15985/githubcom_paranimpararules/.git/objects/81/04d44b48d1315180bba175e5731f5f79cfbae4')
unlink('/tmp/nimble_15985/githubcom_paranimpararules/.git/objects/81/tmp_obj_i3Qbe6')
mkdir('/tmp/nimble_15985/githubcom_paranimpararules/.git/objects/bd', 0x00000000000001ff)
link('/tmp/nimble_15985/githubcom_paranimpararules/.git/objects/bd/tmp_obj_c84U27', '/tmp/nimble_15985/githubcom_paranimpararules/.git/objects/bd/d64aa5bb1e0c88c862bf759f1e547e6227f10b')
unlink('/tmp/nimble_15985/githubcom_paranimpararules/.git/objects/bd/tmp_obj_c84U27')
mkdir('/tmp/nimble_15985/githubcom_paranimpararules/.git/objects/c3', 0x00000000000001ff)
link('/tmp/nimble_15985/githubcom_paranimpararules/.git/objects/c3/tmp_obj_64IdOa', '/tmp/nimble_15985/githubcom_paranimpararules/.git/objects/c3/cd6bdceced803d127e8cbae15d78b2bdbbe613')
unlink('/tmp/nimble_15985/githubcom_paranimpararules/.git/objects/c3/tmp_obj_64IdOa')
mkdir('/tmp/nimble_15985/githubcom_paranimpararules/.git/objects/e5', 0x00000000000001ff)
link('/tmp/nimble_15985/githubcom_paranimpararules/.git/objects/e5/tmp_obj_qrPRkd', '/tmp/nimble_15985/githubcom_paranimpararules/.git/objects/e5/0ead20b3b55522c1cf08972446301d804a3583')
unlink('/tmp/nimble_15985/githubcom_paranimpararules/.git/objects/e5/tmp_obj_qrPRkd')
mkdir('/tmp/nimble_15985/githubcom_paranimpararules/.git/objects/68', 0x00000000000001ff)
link('/tmp/nimble_15985/githubcom_paranimpararules/.git/objects/68/tmp_obj_EGZECg', '/tmp/nimble_15985/githubcom_paranimpararules/.git/objects/68/a49daad8ff7e35068f2b7a97d643aab440eaec')
unlink('/tmp/nimble_15985/githubcom_paranimpararules/.git/objects/68/tmp_obj_EGZECg')
mkdir('/tmp/nimble_15985/githubcom_paranimpararules/.git/objects/7f', 0x00000000000001ff)
link('/tmp/nimble_15985/githubcom_paranimpararules/.git/objects/7f/tmp_obj_3y1mOa', '/tmp/nimble_15985/githubcom_paranimpararules/.git/objects/7f/a9e0c203bce560f02aa7df8e873f8011f11933')
unlink('/tmp/nimble_15985/githubcom_paranimpararules/.git/objects/7f/tmp_obj_3y1mOa')
mkdir('/tmp/nimble_15985/githubcom_paranimpararules/.git/objects/da', 0x00000000000001ff)
link('/tmp/nimble_15985/githubcom_paranimpararules/.git/objects/da/tmp_obj_BeOJWf', '/tmp/nimble_15985/githubcom_paranimpararules/.git/objects/da/aebd9c1a42aa77323bc0f77757cc37698570f9')
unlink('/tmp/nimble_15985/githubcom_paranimpararules/.git/objects/da/tmp_obj_BeOJWf')
mkdir('/tmp/nimble_15985/githubcom_paranimpararules/.git/objects/30', 0x00000000000001ff)
link('/tmp/nimble_15985/githubcom_paranimpararules/.git/objects/30/tmp_obj_BY7J5n', '/tmp/nimble_15985/githubcom_paranimpararules/.git/objects/30/841c7f683678c22f1aae17d417d58d6b07f2fd')
unlink('/tmp/nimble_15985/githubcom_paranimpararules/.git/objects/30/tmp_obj_BY7J5n')
mkdir('/tmp/nimble_15985/githubcom_paranimpararules/.git/objects/89', 0x00000000000001ff)
link('/tmp/nimble_15985/githubcom_paranimpararules/.git/objects/89/tmp_obj_R6rmss', '/tmp/nimble_15985/githubcom_paranimpararules/.git/objects/89/eb3cc499f729ac526d79f3a86323921cd6d428')       Info /tmp/nimble_15985/githubcom_paranimpararules/pararules_15985.nims(1, 8) Warning: imported and not used: 'system' [UnusedImport]
        ... /tmp/nimble_15985/githubcom_paranimpararules/pararules_15985.nims(5, 22) Warning: imported and not used: 'strutils' [UnusedImport]
  Verifying dependencies for pararules@0.3.0
 Installing pararules@0.3.0
    Copying file /tmp/nimble_15985/githubcom_paranimpararules/src/pararules.nim to /home/runner/.nimble/pkgs/pararules-0.3.0/pararules.nim
    Copying file /tmp/nimble_15985/githubcom_paranimpararules/src/pararules/engine.nim to /home/runner/.nimble/pkgs/pararules-0.3.0/pararules/engine.nim
    Copying file /tmp/nimble_15985/githubcom_paranimpararules/pararules.nimble to /home/runner/.nimble/pkgs/pararules-0.3.0/pararules.nimble
   Success: pararules installed successfully.
       Info /home/runner/.nimble/pkgs/pararules-0.3.0/pararules_15985.nims(1, 8) Warning: imported and not used: 'system' [UnusedImport]
        ... /home/runner/.nimble/pkgs/pararules-0.3.0/pararules_15985.nims(5, 22) Warning: imported and not used: 'strutils' [UnusedImport]

unlink('/tmp/nimble_15985/githubcom_paranimpararules/.git/objects/89/tmp_obj_R6rmss')
mkdir('/tmp/nimble_15985/githubcom_paranimpararules/.git/objects/46', 0x00000000000001ff)
link('/tmp/nimble_15985/githubcom_paranimpararules/.git/objects/46/tmp_obj_fXm5xw', '/tmp/nimble_15985/githubcom_paranimpararules/.git/objects/46/4c17405ca1e3c3200caf262765600cb027f473')
unlink('/tmp/nimble_15985/githubcom_paranimpararules/.git/objects/46/tmp_obj_fXm5xw')
mkdir('/tmp/nimble_15985/githubcom_paranimpararules/.git/objects/09', 0x00000000000001ff)
link('/tmp/nimble_15985/githubcom_paranimpararules/.git/objects/09/tmp_obj_xmrzMx', '/tmp/nimble_15985/githubcom_paranimpararules/.git/objects/09/2c6b9fbac62c0999d2e910c215d901792cce32')
unlink('/tmp/nimble_15985/githubcom_paranimpararules/.git/objects/09/tmp_obj_xmrzMx')
mkdir('/tmp/nimble_15985/githubcom_paranimpararules/.git/objects/b5', 0x00000000000001ff)
link('/tmp/nimble_15985/githubcom_paranimpararules/.git/objects/b5/tmp_obj_ZoDKzC', '/tmp/nimble_15985/githubcom_paranimpararules/.git/objects/b5/fc4cbc2f6e4e9634a333c7f4f34f31178dad3e')
unlink('/tmp/nimble_15985/githubcom_paranimpararules/.git/objects/b5/tmp_obj_ZoDKzC')
rename('/tmp/nimble_15985/githubcom_paranimpararules/.git/shallow.lock', '/tmp/nimble_15985/githubcom_paranimpararules/.git/shallow')
rename('/tmp/nimble_15985/githubcom_paranimpararules/.git/packed-refs.new', '/tmp/nimble_15985/githubcom_paranimpararules/.git/packed-refs')
unlink('/tmp/nimble_15985/githubcom_paranimpararules/.git/packed-refs.lock')
unlink('/tmp/nimble_15985/githubcom_paranimpararules/.git/refs/tags/0.3.0.lock')
mkdir('/tmp/nimble_15985/githubcom_paranimpararules/.git/logs', 0x00000000000001ff)
rename('/tmp/nimble_15985/githubcom_paranimpararules/.git/HEAD.lock', '/tmp/nimble_15985/githubcom_paranimpararules/.git/HEAD')
mkdir('.github', 0x00000000000001ff)
mkdir('src', 0x00000000000001ff)
mkdir('src/pararules', 0x00000000000001ff)
mkdir('tests', 0x00000000000001ff)
rename('/tmp/nimble_15985/githubcom_paranimpararules/.git/index.lock', '/tmp/nimble_15985/githubcom_paranimpararules/.git/index')
mkdir('/tmp', 0x00000000000001ff)
mkdir('/tmp/nimblecache', 0x00000000000001ff)
mkdir('/tmp/nimblecache/pararules_3971102451', 0x00000000000001ff)
unlink('/tmp/nimblecache/pararules_3971102451/pararules.ini')
unlink('/tmp/nimble_15985.out')
unlink('/tmp/nimble_15985/githubcom_paranimpararules/pararules_15985.nims')
mkdir('/home', 0x00000000000001ff)
mkdir('/home/runner', 0x00000000000001ff)
mkdir('/home/runner/.nimble', 0x00000000000001ff)
mkdir('/home/runner/.nimble/pkgs', 0x00000000000001ff)
mkdir('/home/runner/.nimble/pkgs/pararules-0.3.0', 0x00000000000001ff)
mkdir('/home', 0x00000000000001ff)
mkdir('/home/runner', 0x00000000000001ff)
mkdir('/home/runner/.nimble', 0x00000000000001ff)
mkdir('/home/runner/.nimble/pkgs', 0x00000000000001ff)
mkdir('/home/runner/.nimble/pkgs/pararules-0.3.0', 0x00000000000001ff)
chmod('/home/runner/.nimble/pkgs/pararules-0.3.0/pararules.nim', 0x00000000000001a4)
mkdir('/home', 0x00000000000001ff)
mkdir('/home/runner', 0x00000000000001ff)
mkdir('/home/runner/.nimble', 0x00000000000001ff)
mkdir('/home/runner/.nimble/pkgs', 0x00000000000001ff)
mkdir('/home/runner/.nimble/pkgs/pararules-0.3.0', 0x00000000000001ff)
mkdir('/home/runner/.nimble/pkgs/pararules-0.3.0/pararules', 0x00000000000001ff)
chmod('/home/runner/.nimble/pkgs/pararules-0.3.0/pararules/engine.nim', 0x00000000000001a4)
chmod('/home/runner/.nimble/pkgs/pararules-0.3.0/pararules.nimble', 0x00000000000001a4)
mkdir('/tmp', 0x00000000000001ff)
mkdir('/tmp/nimblecache', 0x00000000000001ff)
mkdir('/tmp/nimblecache/pararules_1419422330', 0x00000000000001ff)
unlink('/tmp/nimblecache/pararules_1419422330/pararules.ini')
unlink('/tmp/nimble_15985.out')
unlink('/home/runner/.nimble/pkgs/pararules-0.3.0/pararules_15985.nims')
unlink('/tmp/nimble_15985/githubcom_paranimpararules/README.md')
unlink('/tmp/nimble_15985/githubcom_paranimpararules/.github/FUNDING.yml')
rmdir('/tmp/nimble_15985/githubcom_paranimpararules/.github')
rmdir('/tmp/nimble_15985/githubcom_paranimpararules/.git/refs/tags')
rmdir('/tmp/nimble_15985/githubcom_paranimpararules/.git/refs/heads')
rmdir('/tmp/nimble_15985/githubcom_paranimpararules/.git/refs')
unlink('/tmp/nimble_15985/githubcom_paranimpararules/.git/info/exclude')
rmdir('/tmp/nimble_15985/githubcom_paranimpararules/.git/info')
rmdir('/tmp/nimble_15985/githubcom_paranimpararules/.git/branches')
unlink('/tmp/nimble_15985/githubcom_paranimpararules/.git/logs/HEAD')
rmdir('/tmp/nimble_15985/githubcom_paranimpararules/.git/logs')
unlink('/tmp/nimble_15985/githubcom_paranimpararules/.git/description')
unlink('/tmp/nimble_15985/githubcom_paranimpararules/.git/hooks/pre-rebase.sample')
unlink('/tmp/nimble_15985/githubcom_paranimpararules/.git/hooks/applypatch-msg.sample')
unlink('/tmp/nimble_15985/githubcom_paranimpararules/.git/hooks/pre-push.sample')
unlink('/tmp/nimble_15985/githubcom_paranimpararules/.git/hooks/pre-merge-commit.sample')
unlink('/tmp/nimble_15985/githubcom_paranimpararules/.git/hooks/pre-receive.sample')
unlink('/tmp/nimble_15985/githubcom_paranimpararules/.git/hooks/update.sample')
unlink('/tmp/nimble_15985/githubcom_paranimpararules/.git/hooks/pre-commit.sample')
unlink('/tmp/nimble_15985/githubcom_paranimpararules/.git/hooks/pre-applypatch.sample')
unlink('/tmp/nimble_15985/githubcom_paranimpararules/.git/hooks/commit-msg.sample')
unlink('/tmp/nimble_15985/githubcom_paranimpararules/.git/hooks/fsmonitor-watchman.sample')
unlink('/tmp/nimble_15985/githubcom_paranimpararules/.git/hooks/prepare-commit-msg.sample')
unlink('/tmp/nimble_15985/githubcom_paranimpararules/.git/hooks/post-update.sample')
rmdir('/tmp/nimble_15985/githubcom_paranimpararules/.git/hooks')
unlink('/tmp/nimble_15985/githubcom_paranimpararules/.git/shallow')
unlink('/tmp/nimble_15985/githubcom_paranimpararules/.git/config')
unlink('/tmp/nimble_15985/githubcom_paranimpararules/.git/index')
unlink('/tmp/nimble_15985/githubcom_paranimpararules/.git/objects/b5/fc4cbc2f6e4e9634a333c7f4f34f31178dad3e')
rmdir('/tmp/nimble_15985/githubcom_paranimpararules/.git/objects/b5')
rmdir('/tmp/nimble_15985/githubcom_paranimpararules/.git/objects/info')
unlink('/tmp/nimble_15985/githubcom_paranimpararules/.git/objects/de/4854e4510ad194112f19425b2b680c0dbb8352')
rmdir('/tmp/nimble_15985/githubcom_paranimpararules/.git/objects/de')
unlink('/tmp/nimble_15985/githubcom_paranimpararules/.git/objects/c3/cd6bdceced803d127e8cbae15d78b2bdbbe613')
rmdir('/tmp/nimble_15985/githubcom_paranimpararules/.git/objects/c3')
unlink('/tmp/nimble_15985/githubcom_paranimpararules/.git/objects/81/04d44b48d1315180bba175e5731f5f79cfbae4')
rmdir('/tmp/nimble_15985/githubcom_paranimpararules/.git/objects/81')
unlink('/tmp/nimble_15985/githubcom_paranimpararules/.git/objects/e5/0ead20b3b55522c1cf08972446301d804a3583')
rmdir('/tmp/nimble_15985/githubcom_paranimpararules/.git/objects/e5')
unlink('/tmp/nimble_15985/githubcom_paranimpararules/.git/objects/68/a49daad8ff7e35068f2b7a97d643aab440eaec')
rmdir('/tmp/nimble_15985/githubcom_paranimpararules/.git/objects/68')
unlink('/tmp/nimble_15985/githubcom_paranimpararules/.git/objects/30/841c7f683678c22f1aae17d417d58d6b07f2fd')
rmdir('/tmp/nimble_15985/githubcom_paranimpararules/.git/objects/30')
unlink('/tmp/nimble_15985/githubcom_paranimpararules/.git/objects/ee/4a11fc8d927e1f561142c27cc50325220822c2')
rmdir('/tmp/nimble_15985/githubcom_paranimpararules/.git/objects/ee')
unlink('/tmp/nimble_15985/githubcom_paranimpararules/.git/objects/da/aebd9c1a42aa77323bc0f77757cc37698570f9')
rmdir('/tmp/nimble_15985/githubcom_paranimpararules/.git/objects/da')
unlink('/tmp/nimble_15985/githubcom_paranimpararules/.git/objects/cd/a4f16aae00b4f5394ca6123ab2792372d7a4b5')
rmdir('/tmp/nimble_15985/githubcom_paranimpararules/.git/objects/cd')
unlink('/tmp/nimble_15985/githubcom_paranimpararules/.git/objects/f8/77f6d2bfbb4c3d98b686ca738ecd2e9b105bdf')
rmdir('/tmp/nimble_15985/githubcom_paranimpararules/.git/objects/f8')
unlink('/tmp/nimble_15985/githubcom_paranimpararules/.git/objects/89/eb3cc499f729ac526d79f3a86323921cd6d428')
rmdir('/tmp/nimble_15985/githubcom_paranimpararules/.git/objects/89')
unlink('/tmp/nimble_15985/githubcom_paranimpararules/.git/objects/09/2c6b9fbac62c0999d2e910c215d901792cce32')
rmdir('/tmp/nimble_15985/githubcom_paranimpararules/.git/objects/09')
rmdir('/tmp/nimble_15985/githubcom_paranimpararules/.git/objects/pack')
unlink('/tmp/nimble_15985/githubcom_paranimpararules/.git/objects/27/3cb615cf84a47fd6cbf72c009d47d4a986161e')
rmdir('/tmp/nimble_15985/githubcom_paranimpararules/.git/objects/27')
unlink('/tmp/nimble_15985/githubcom_paranimpararules/.git/objects/46/4c17405ca1e3c3200caf262765600cb027f473')
rmdir('/tmp/nimble_15985/githubcom_paranimpararules/.git/objects/46')
unlink('/tmp/nimble_15985/githubcom_paranimpararules/.git/objects/bd/d64aa5bb1e0c88c862bf759f1e547e6227f10b')
rmdir('/tmp/nimble_15985/githubcom_paranimpararules/.git/objects/bd')
unlink('/tmp/nimble_15985/githubcom_paranimpararules/.git/objects/7f/a9e0c203bce560f02aa7df8e873f8011f11933')
rmdir('/tmp/nimble_15985/githubcom_paranimpararules/.git/objects/7f')
rmdir('/tmp/nimble_15985/githubcom_paranimpararules/.git/objects')
unlink('/tmp/nimble_15985/githubcom_paranimpararules/.git/packed-refs')
unlink('/tmp/nimble_15985/githubcom_paranimpararules/.git/HEAD')
rmdir('/tmp/nimble_15985/githubcom_paranimpararules/.git')
unlink('/tmp/nimble_15985/githubcom_paranimpararules/src/pararules.nim')
unlink('/tmp/nimble_15985/githubcom_paranimpararules/src/pararules/engine.nim')
rmdir('/tmp/nimble_15985/githubcom_paranimpararules/src/pararules')
rmdir('/tmp/nimble_15985/githubcom_paranimpararules/src')
unlink('/tmp/nimble_15985/githubcom_paranimpararules/UNLICENSE')
unlink('/tmp/nimble_15985/githubcom_paranimpararules/pararules.nimble')
unlink('/tmp/nimble_15985/githubcom_paranimpararules/tests/config.nims')
unlink('/tmp/nimble_15985/githubcom_paranimpararules/tests/test3.nim')
unlink('/tmp/nimble_15985/githubcom_paranimpararules/tests/test2.nim')
unlink('/tmp/nimble_15985/githubcom_paranimpararules/tests/test1.nim')
rmdir('/tmp/nimble_15985/githubcom_paranimpararules/tests')
rmdir('/tmp/nimble_15985/githubcom_paranimpararules')
rmdir('/tmp/nimble_15985')
  create directory /tmp
  create directory /tmp/nimble_15985
  create directory /tmp/nimble_15985/githubcom_paranimpararules
  delete /tmp/nimble_15985/githubcom_paranimpararules
  create directory /tmp/nimble_15985/githubcom_paranimpararules
  create directory /tmp/nimble_15985/githubcom_paranimpararules/.git
  create directory /tmp/nimble_15985/githubcom_paranimpararules/.git
  create directory /tmp/nimble_15985/githubcom_paranimpararules/.git/info
  create directory /tmp/nimble_15985/githubcom_paranimpararules/.git/branches
  create directory /tmp/nimble_15985/githubcom_paranimpararules/.git/hooks
  create directory /tmp/nimble_15985/githubcom_paranimpararules/.git/refs
  create directory /tmp/nimble_15985/githubcom_paranimpararules/.git/refs/heads
  create directory /tmp/nimble_15985/githubcom_paranimpararules/.git/refs/tags
  rename /tmp/nimble_15985/githubcom_paranimpararules/.git/HEAD.lock to HEAD
  rename /tmp/nimble_15985/githubcom_paranimpararules/.git/config.lock to config
  change permissions of /tmp/nimble_15985/githubcom_paranimpararules/.git/config to rwxr--r--
  change permissions of /tmp/nimble_15985/githubcom_paranimpararules/.git/config to rw-r--r--
  change permissions of /tmp/nimble_15985/githubcom_paranimpararules/.git/config.lock to rw-r--r--
  rename /tmp/nimble_15985/githubcom_paranimpararules/.git/config.lock to config
  change permissions of /tmp/nimble_15985/githubcom_paranimpararules/.git/config.lock to rw-r--r--
  rename /tmp/nimble_15985/githubcom_paranimpararules/.git/config.lock to config
  change permissions of /tmp/nimble_15985/githubcom_paranimpararules/.git/config.lock to rw-r--r--
  rename /tmp/nimble_15985/githubcom_paranimpararules/.git/config.lock to config
  delete /tmp/nimble_15985/githubcom_paranimpararules/.git/ty6COcH
  create symbolic link from /tmp/nimble_15985/githubcom_paranimpararules/.git/ty6COcH to /home/runner/work/nim_packages_security_audit/nim_packages_security_audit/testing
  delete /tmp/nimble_15985/githubcom_paranimpararules/.git/ty6COcH
  create directory /tmp/nimble_15985/githubcom_paranimpararules/.git/objects
  create directory /tmp/nimble_15985/githubcom_paranimpararules/.git/objects/pack
  create directory /tmp/nimble_15985/githubcom_paranimpararules/.git/objects/info
  change permissions of /tmp/nimble_15985/githubcom_paranimpararules/.git/config.lock to rw-r--r--
  rename /tmp/nimble_15985/githubcom_paranimpararules/.git/config.lock to config
  change permissions of /tmp/nimble_15985/githubcom_paranimpararules/.git/config.lock to rw-r--r--
  rename /tmp/nimble_15985/githubcom_paranimpararules/.git/config.lock to config
  change permissions of /tmp/nimble_15985/githubcom_paranimpararules/.git/config.lock to rw-r--r--
  rename /tmp/nimble_15985/githubcom_paranimpararules/.git/config.lock to config
  create directory /tmp/nimble_15985/githubcom_paranimpararules/.git/objects/27
  create hard link from /tmp/nimble_15985/githubcom_paranimpararules/.git/objects/27/3cb615cf84a47fd6cbf72c009d47d4a986161e to /tmp/nimble_15985/githubcom_paranimpararules/.git/objects/27/tmp_obj_2OJnXP
  delete /tmp/nimble_15985/githubcom_paranimpararules/.git/objects/27/tmp_obj_2OJnXP
  create directory /tmp/nimble_15985/githubcom_paranimpararules/.git/objects/f8
  create hard link from /tmp/nimble_15985/githubcom_paranimpararules/.git/objects/f8/77f6d2bfbb4c3d98b686ca738ecd2e9b105bdf to /tmp/nimble_15985/githubcom_paranimpararules/.git/objects/f8/tmp_obj_qDfi1Q
  delete /tmp/nimble_15985/githubcom_paranimpararules/.git/objects/f8/tmp_obj_qDfi1Q
  create directory /tmp/nimble_15985/githubcom_paranimpararules/.git/objects/ee
  create hard link from /tmp/nimble_15985/githubcom_paranimpararules/.git/objects/ee/4a11fc8d927e1f561142c27cc50325220822c2 to /tmp/nimble_15985/githubcom_paranimpararules/.git/objects/ee/tmp_obj_yfvFtV
  delete /tmp/nimble_15985/githubcom_paranimpararules/.git/objects/ee/tmp_obj_yfvFtV
  create directory /tmp/nimble_15985/githubcom_paranimpararules/.git/objects/de
  create hard link from /tmp/nimble_15985/githubcom_paranimpararules/.git/objects/de/4854e4510ad194112f19425b2b680c0dbb8352 to /tmp/nimble_15985/githubcom_paranimpararules/.git/objects/de/tmp_obj_uxHsa1
  delete /tmp/nimble_15985/githubcom_paranimpararules/.git/objects/de/tmp_obj_uxHsa1
  create directory /tmp/nimble_15985/githubcom_paranimpararules/.git/objects/cd
  create hard link from /tmp/nimble_15985/githubcom_paranimpararules/.git/objects/cd/a4f16aae00b4f5394ca6123ab2792372d7a4b5 to /tmp/nimble_15985/githubcom_paranimpararules/.git/objects/cd/tmp_obj_GZeAq2
  delete /tmp/nimble_15985/githubcom_paranimpararules/.git/objects/cd/tmp_obj_GZeAq2
  create directory /tmp/nimble_15985/githubcom_paranimpararules/.git/objects/81
  create hard link from /tmp/nimble_15985/githubcom_paranimpararules/.git/objects/81/04d44b48d1315180bba175e5731f5f79cfbae4 to /tmp/nimble_15985/githubcom_paranimpararules/.git/objects/81/tmp_obj_i3Qbe6
  delete /tmp/nimble_15985/githubcom_paranimpararules/.git/objects/81/tmp_obj_i3Qbe6
  create directory /tmp/nimble_15985/githubcom_paranimpararules/.git/objects/bd
  create hard link from /tmp/nimble_15985/githubcom_paranimpararules/.git/objects/bd/d64aa5bb1e0c88c862bf759f1e547e6227f10b to /tmp/nimble_15985/githubcom_paranimpararules/.git/objects/bd/tmp_obj_c84U27
  delete /tmp/nimble_15985/githubcom_paranimpararules/.git/objects/bd/tmp_obj_c84U27
  create directory /tmp/nimble_15985/githubcom_paranimpararules/.git/objects/c3
  create hard link from /tmp/nimble_15985/githubcom_paranimpararules/.git/objects/c3/cd6bdceced803d127e8cbae15d78b2bdbbe613 to /tmp/nimble_15985/githubcom_paranimpararules/.git/objects/c3/tmp_obj_64IdOa
  delete /tmp/nimble_15985/githubcom_paranimpararules/.git/objects/c3/tmp_obj_64IdOa
  create directory /tmp/nimble_15985/githubcom_paranimpararules/.git/objects/e5
  create hard link from /tmp/nimble_15985/githubcom_paranimpararules/.git/objects/e5/0ead20b3b55522c1cf08972446301d804a3583 to /tmp/nimble_15985/githubcom_paranimpararules/.git/objects/e5/tmp_obj_qrPRkd
  delete /tmp/nimble_15985/githubcom_paranimpararules/.git/objects/e5/tmp_obj_qrPRkd
  create directory /tmp/nimble_15985/githubcom_paranimpararules/.git/objects/68
  create hard link from /tmp/nimble_15985/githubcom_paranimpararules/.git/objects/68/a49daad8ff7e35068f2b7a97d643aab440eaec to /tmp/nimble_15985/githubcom_paranimpararules/.git/objects/68/tmp_obj_EGZECg
  delete /tmp/nimble_15985/githubcom_paranimpararules/.git/objects/68/tmp_obj_EGZECg
  create directory /tmp/nimble_15985/githubcom_paranimpararules/.git/objects/7f
  create hard link from /tmp/nimble_15985/githubcom_paranimpararules/.git/objects/7f/a9e0c203bce560f02aa7df8e873f8011f11933 to /tmp/nimble_15985/githubcom_paranimpararules/.git/objects/7f/tmp_obj_3y1mOa
  delete /tmp/nimble_15985/githubcom_paranimpararules/.git/objects/7f/tmp_obj_3y1mOa
  create directory /tmp/nimble_15985/githubcom_paranimpararules/.git/objects/da
  create hard link from /tmp/nimble_15985/githubcom_paranimpararules/.git/objects/da/aebd9c1a42aa77323bc0f77757cc37698570f9 to /tmp/nimble_15985/githubcom_paranimpararules/.git/objects/da/tmp_obj_BeOJWf
  delete /tmp/nimble_15985/githubcom_paranimpararules/.git/objects/da/tmp_obj_BeOJWf
  create directory /tmp/nimble_15985/githubcom_paranimpararules/.git/objects/30
  create hard link from /tmp/nimble_15985/githubcom_paranimpararules/.git/objects/30/841c7f683678c22f1aae17d417d58d6b07f2fd to /tmp/nimble_15985/githubcom_paranimpararules/.git/objects/30/tmp_obj_BY7J5n
  delete /tmp/nimble_15985/githubcom_paranimpararules/.git/objects/30/tmp_obj_BY7J5n
  create directory /tmp/nimble_15985/githubcom_paranimpararules/.git/objects/89
  create hard link from /tmp/nimble_15985/githubcom_paranimpararules/.git/objects/89/eb3cc499f729ac526d79f3a86323921cd6d428 to /tmp/nimble_15985/githubcom_paranimpararules/.git/objects/89/tmp_obj_R6rmss
  delete /tmp/nimble_15985/githubcom_paranimpararules/.git/objects/89/tmp_obj_R6rmss
  create directory /tmp/nimble_15985/githubcom_paranimpararules/.git/objects/46
  create hard link from /tmp/nimble_15985/githubcom_paranimpararules/.git/objects/46/4c17405ca1e3c3200caf262765600cb027f473 to /tmp/nimble_15985/githubcom_paranimpararules/.git/objects/46/tmp_obj_fXm5xw
  delete /tmp/nimble_15985/githubcom_paranimpararules/.git/objects/46/tmp_obj_fXm5xw
  create directory /tmp/nimble_15985/githubcom_paranimpararules/.git/objects/09
  create hard link from /tmp/nimble_15985/githubcom_paranimpararules/.git/objects/09/2c6b9fbac62c0999d2e910c215d901792cce32 to /tmp/nimble_15985/githubcom_paranimpararules/.git/objects/09/tmp_obj_xmrzMx
  delete /tmp/nimble_15985/githubcom_paranimpararules/.git/objects/09/tmp_obj_xmrzMx
  create directory /tmp/nimble_15985/githubcom_paranimpararules/.git/objects/b5
  create hard link from /tmp/nimble_15985/githubcom_paranimpararules/.git/objects/b5/fc4cbc2f6e4e9634a333c7f4f34f31178dad3e to /tmp/nimble_15985/githubcom_paranimpararules/.git/objects/b5/tmp_obj_ZoDKzC
  delete /tmp/nimble_15985/githubcom_paranimpararules/.git/objects/b5/tmp_obj_ZoDKzC
  rename /tmp/nimble_15985/githubcom_paranimpararules/.git/shallow.lock to shallow
  rename /tmp/nimble_15985/githubcom_paranimpararules/.git/packed-refs.new to packed-refs
  delete /tmp/nimble_15985/githubcom_paranimpararules/.git/packed-refs.lock
  delete /tmp/nimble_15985/githubcom_paranimpararules/.git/refs/tags/0.3.0.lock
  create directory /tmp/nimble_15985/githubcom_paranimpararules/.git/logs
  rename /tmp/nimble_15985/githubcom_paranimpararules/.git/HEAD.lock to HEAD
  create directory /tmp/nimble_15985/githubcom_paranimpararules/.github
  create directory /tmp/nimble_15985/githubcom_paranimpararules/src
  create directory /tmp/nimble_15985/githubcom_paranimpararules/src/pararules
  create directory /tmp/nimble_15985/githubcom_paranimpararules/tests
  rename /tmp/nimble_15985/githubcom_paranimpararules/.git/index.lock to index
  create directory /tmp
  create directory /tmp/nimblecache
  create directory /tmp/nimblecache/pararules_3971102451
  delete /tmp/nimblecache/pararules_3971102451/pararules.ini
  delete /tmp/nimble_15985.out
  delete /tmp/nimble_15985/githubcom_paranimpararules/pararules_15985.nims
  create directory /home
  create directory /home/runner
  create directory /home/runner/.nimble
  create directory /home/runner/.nimble/pkgs
  create directory /home/runner/.nimble/pkgs/pararules-0.3.0
  create directory /home
  create directory /home/runner
  create directory /home/runner/.nimble
  create directory /home/runner/.nimble/pkgs
  create directory /home/runner/.nimble/pkgs/pararules-0.3.0
  change permissions of /home/runner/.nimble/pkgs/pararules-0.3.0/pararules.nim to rw-r--r--
  create directory /home
  create directory /home/runner
  create directory /home/runner/.nimble
  create directory /home/runner/.nimble/pkgs
  create directory /home/runner/.nimble/pkgs/pararules-0.3.0
  create directory /home/runner/.nimble/pkgs/pararules-0.3.0/pararules
  change permissions of /home/runner/.nimble/pkgs/pararules-0.3.0/pararules/engine.nim to rw-r--r--
  change permissions of /home/runner/.nimble/pkgs/pararules-0.3.0/pararules.nimble to rw-r--r--
  create directory /tmp
  create directory /tmp/nimblecache
  create directory /tmp/nimblecache/pararules_1419422330
  delete /tmp/nimblecache/pararules_1419422330/pararules.ini
  delete /tmp/nimble_15985.out
  delete /home/runner/.nimble/pkgs/pararules-0.3.0/pararules_15985.nims
  delete /tmp/nimble_15985/githubcom_paranimpararules/README.md
  delete /tmp/nimble_15985/githubcom_paranimpararules/.github/FUNDING.yml
  delete /tmp/nimble_15985/githubcom_paranimpararules/.github
  delete /tmp/nimble_15985/githubcom_paranimpararules/.git/refs/tags
  delete /tmp/nimble_15985/githubcom_paranimpararules/.git/refs/heads
  delete /tmp/nimble_15985/githubcom_paranimpararules/.git/refs
  delete /tmp/nimble_15985/githubcom_paranimpararules/.git/info/exclude
  delete /tmp/nimble_15985/githubcom_paranimpararules/.git/info
  delete /tmp/nimble_15985/githubcom_paranimpararules/.git/branches
  delete /tmp/nimble_15985/githubcom_paranimpararules/.git/logs/HEAD
  delete /tmp/nimble_15985/githubcom_paranimpararules/.git/logs
  delete /tmp/nimble_15985/githubcom_paranimpararules/.git/description
  delete /tmp/nimble_15985/githubcom_paranimpararules/.git/hooks/pre-rebase.sample
  delete /tmp/nimble_15985/githubcom_paranimpararules/.git/hooks/applypatch-msg.sample
  delete /tmp/nimble_15985/githubcom_paranimpararules/.git/hooks/pre-push.sample
  delete /tmp/nimble_15985/githubcom_paranimpararules/.git/hooks/pre-merge-commit.sample
  delete /tmp/nimble_15985/githubcom_paranimpararules/.git/hooks/pre-receive.sample
  delete /tmp/nimble_15985/githubcom_paranimpararules/.git/hooks/update.sample
  delete /tmp/nimble_15985/githubcom_paranimpararules/.git/hooks/pre-commit.sample
  delete /tmp/nimble_15985/githubcom_paranimpararules/.git/hooks/pre-applypatch.sample
  delete /tmp/nimble_15985/githubcom_paranimpararules/.git/hooks/commit-msg.sample
  delete /tmp/nimble_15985/githubcom_paranimpararules/.git/hooks/fsmonitor-watchman.sample
  delete /tmp/nimble_15985/githubcom_paranimpararules/.git/hooks/prepare-commit-msg.sample
  delete /tmp/nimble_15985/githubcom_paranimpararules/.git/hooks/post-update.sample
  delete /tmp/nimble_15985/githubcom_paranimpararules/.git/hooks
  delete /tmp/nimble_15985/githubcom_paranimpararules/.git/shallow
  delete /tmp/nimble_15985/githubcom_paranimpararules/.git/config
  delete /tmp/nimble_15985/githubcom_paranimpararules/.git/index
  delete /tmp/nimble_15985/githubcom_paranimpararules/.git/objects/b5/fc4cbc2f6e4e9634a333c7f4f34f31178dad3e
  delete /tmp/nimble_15985/githubcom_paranimpararules/.git/objects/b5
  delete /tmp/nimble_15985/githubcom_paranimpararules/.git/objects/info
  delete /tmp/nimble_15985/githubcom_paranimpararules/.git/objects/de/4854e4510ad194112f19425b2b680c0dbb8352
  delete /tmp/nimble_15985/githubcom_paranimpararules/.git/objects/de
  delete /tmp/nimble_15985/githubcom_paranimpararules/.git/objects/c3/cd6bdceced803d127e8cbae15d78b2bdbbe613
  delete /tmp/nimble_15985/githubcom_paranimpararules/.git/objects/c3
  delete /tmp/nimble_15985/githubcom_paranimpararules/.git/objects/81/04d44b48d1315180bba175e5731f5f79cfbae4
  delete /tmp/nimble_15985/githubcom_paranimpararules/.git/objects/81
  delete /tmp/nimble_15985/githubcom_paranimpararules/.git/objects/e5/0ead20b3b55522c1cf08972446301d804a3583
  delete /tmp/nimble_15985/githubcom_paranimpararules/.git/objects/e5
  delete /tmp/nimble_15985/githubcom_paranimpararules/.git/objects/68/a49daad8ff7e35068f2b7a97d643aab440eaec
  delete /tmp/nimble_15985/githubcom_paranimpararules/.git/objects/68
  delete /tmp/nimble_15985/githubcom_paranimpararules/.git/objects/30/841c7f683678c22f1aae17d417d58d6b07f2fd
  delete /tmp/nimble_15985/githubcom_paranimpararules/.git/objects/30
  delete /tmp/nimble_15985/githubcom_paranimpararules/.git/objects/ee/4a11fc8d927e1f561142c27cc50325220822c2
  delete /tmp/nimble_15985/githubcom_paranimpararules/.git/objects/ee
  delete /tmp/nimble_15985/githubcom_paranimpararules/.git/objects/da/aebd9c1a42aa77323bc0f77757cc37698570f9
  delete /tmp/nimble_15985/githubcom_paranimpararules/.git/objects/da
  delete /tmp/nimble_15985/githubcom_paranimpararules/.git/objects/cd/a4f16aae00b4f5394ca6123ab2792372d7a4b5
  delete /tmp/nimble_15985/githubcom_paranimpararules/.git/objects/cd
  delete /tmp/nimble_15985/githubcom_paranimpararules/.git/objects/f8/77f6d2bfbb4c3d98b686ca738ecd2e9b105bdf
  delete /tmp/nimble_15985/githubcom_paranimpararules/.git/objects/f8
  delete /tmp/nimble_15985/githubcom_paranimpararules/.git/objects/89/eb3cc499f729ac526d79f3a86323921cd6d428
  delete /tmp/nimble_15985/githubcom_paranimpararules/.git/objects/89
  delete /tmp/nimble_15985/githubcom_paranimpararules/.git/objects/09/2c6b9fbac62c0999d2e910c215d901792cce32
  delete /tmp/nimble_15985/githubcom_paranimpararules/.git/objects/09
  delete /tmp/nimble_15985/githubcom_paranimpararules/.git/objects/pack
  delete /tmp/nimble_15985/githubcom_paranimpararules/.git/objects/27/3cb615cf84a47fd6cbf72c009d47d4a986161e
  delete /tmp/nimble_15985/githubcom_paranimpararules/.git/objects/27
  delete /tmp/nimble_15985/githubcom_paranimpararules/.git/objects/46/4c17405ca1e3c3200caf262765600cb027f473
  delete /tmp/nimble_15985/githubcom_paranimpararules/.git/objects/46
  delete /tmp/nimble_15985/githubcom_paranimpararules/.git/objects/bd/d64aa5bb1e0c88c862bf759f1e547e6227f10b
  delete /tmp/nimble_15985/githubcom_paranimpararules/.git/objects/bd
  delete /tmp/nimble_15985/githubcom_paranimpararules/.git/objects/7f/a9e0c203bce560f02aa7df8e873f8011f11933
  delete /tmp/nimble_15985/githubcom_paranimpararules/.git/objects/7f
  delete /tmp/nimble_15985/githubcom_paranimpararules/.git/objects
  delete /tmp/nimble_15985/githubcom_paranimpararules/.git/packed-refs
  delete /tmp/nimble_15985/githubcom_paranimpararules/.git/HEAD
  delete /tmp/nimble_15985/githubcom_paranimpararules/.git
  delete /tmp/nimble_15985/githubcom_paranimpararules/src/pararules.nim
  delete /tmp/nimble_15985/githubcom_paranimpararules/src/pararules/engine.nim
  delete /tmp/nimble_15985/githubcom_paranimpararules/src/pararules
  delete /tmp/nimble_15985/githubcom_paranimpararules/src
  delete /tmp/nimble_15985/githubcom_paranimpararules/UNLICENSE
  delete /tmp/nimble_15985/githubcom_paranimpararules/pararules.nimble
  delete /tmp/nimble_15985/githubcom_paranimpararules/tests/config.nims
  delete /tmp/nimble_15985/githubcom_paranimpararules/tests/test3.nim
  delete /tmp/nimble_15985/githubcom_paranimpararules/tests/test2.nim
  delete /tmp/nimble_15985/githubcom_paranimpararules/tests/test1.nim
  delete /tmp/nimble_15985/githubcom_paranimpararules/tests
  delete /tmp/nimble_15985/githubcom_paranimpararules
  delete /tmp/nimble_15985
