      Info: Package cache path /home/runner/.nimble/pkgcache
     Info:  Nimble data file "/home/runner/.nimble/nimbledata2.json" has been loaded.
    Reading official package list
Downloading https://github.com/paranim/paramidi using git
    Cloning latest tagged version: 0.7.0
open('/workspace/destdir/ssl/openssl.cnf', 32768, 0x00000000000001b6)
open('/home/runner/.config/nimble/nimble.ini', 557056, 0x00000000000001b6)
open('/home/runner/.config/babel/babel.ini', 557056, 0x00000000000001b6)
writev(1, 0x00007ffc4c7aa670, 2)
open('/home/runner/.nimble/nimbledata2.json', 557056, 0x00000000000001b6)
writev(1, 0x00007ffc4c7aa740, 2)
writev(1, 0x00007ffeb4e201e0, 2)
writev(1, 0x00007ffeb4e20270, 2)
writev(1, 0x00007ffeb4e20270, 2)
writev(1, 0x00007ffeb4e20270, 2)
writev(1, 0x00007ffc4c7a9150, 2)
open('/home/runner/.nimble/packages_official.json', 557056, 0x00000000000001b6)
mkdir('/home/', 0x00000000000001ff)
mkdir('/home/runner/', 0x00000000000001ff)
mkdir('/home/runner/.nimble/', 0x00000000000001ff)
mkdir('/home/runner/.nimble/pkgcache/', 0x00000000000001ff)
mkdir('/home/runner/.nimble/pkgcache/githubcom_paranimparamidi', 0x00000000000001ff)
open('/home/runner/.nimble/pkgcache/githubcom_paranimparamidi', 622592, 0x0000000000000000)
writev(1, 0x00007ffc4c7a91b0, 2)
open('/home/runner/.nimble/pkgcache/githubcom_paranimparamidi', 622592, 0x0000000000000000)
rmdir('/home/runner/.nimble/pkgcache/githubcom_paranimparamidi')
writev(1, 0x00007ffc4c7a90a0, 2)
mkdir(94762466233072, 0x00000000000001ff)
Error tracing process: readBytes(0x0000562f9b234af0, 256) error: [Errno 5] Input/output error.
