      Info: Package cache path /home/runner/.nimble/pkgcache
     Info:  Nimble data file "/home/runner/.nimble/nimbledata2.json" has been loaded.
    Reading official package list
Downloading https://github.com/nim-lang/pas2nim using git
   Warning: The package has no tagged releases, downloading HEAD instead.
open('/workspace/destdir/ssl/openssl.cnf', 32768, 0x00000000000001b6)
open('/home/runner/.config/nimble/nimble.ini', 557056, 0x00000000000001b6)
open('/home/runner/.config/babel/babel.ini', 557056, 0x00000000000001b6)
writev(1, 0x00007ffcc168fdd0, 2)
open('/home/runner/.nimble/nimbledata2.json', 557056, 0x00000000000001b6)
writev(1, 0x00007ffcc168fea0, 2)
writev(1, 0x00007fff76df5f20, 2)
writev(1, 0x00007fff76df5fb0, 2)
writev(1, 0x00007fff76df5fb0, 2)
writev(1, 0x00007fff76df5fb0, 2)
writev(1, 0x00007ffcc168e9c0, 2)
open('/home/runner/.nimble/packages_official.json', 557056, 0x00000000000001b6)
mkdir('/home/', 0x00000000000001ff)
mkdir('/home/runner/', 0x00000000000001ff)
mkdir('/home/runner/.nimble/', 0x00000000000001ff)
mkdir('/home/runner/.nimble/pkgcache/', 0x00000000000001ff)
mkdir('/home/runner/.nimble/pkgcache/githubcom_nimlangpas2nim', 0x00000000000001ff)
open('/home/runner/.nimble/pkgcache/githubcom_nimlangpas2nim', 622592, 0x0000000000000000)
writev(1, 0x00007ffcc168eab0, 2)
open('/home/runner/.nimble/pkgcache/githubcom_nimlangpas2nim', 622592, 0x0000000000000000)
rmdir('/home/runner/.nimble/pkgcache/githubcom_nimlangpas2nim')
writev(1, 0x00007ffcc168e9a0, 2)
mkdir(94906043009264, 0x00000000000001ff)
Error tracing process: readBytes(0x0000565108fb08f0, 256) error: [Errno 5] Input/output error.
