      Info: Package cache path /home/runner/.nimble/pkgcache
     Info:  Nimble data file "/home/runner/.nimble/nimbledata2.json" has been loaded.
    Reading official package list
Downloading https://github.com/infinitybeond1/passy using git
   Warning: The package has no tagged releases, downloading HEAD instead.
open('/workspace/destdir/ssl/openssl.cnf', 32768, 0x00000000000001b6)
open('/home/runner/.config/nimble/nimble.ini', 557056, 0x00000000000001b6)
open('/home/runner/.config/babel/babel.ini', 557056, 0x00000000000001b6)
writev(1, 0x00007ffc4a074200, 2)
open('/home/runner/.nimble/nimbledata2.json', 557056, 0x00000000000001b6)
writev(1, 0x00007ffc4a0742d0, 2)
writev(1, 0x00007ffded6fc340, 2)
writev(1, 0x00007ffded6fc3d0, 2)
writev(1, 0x00007ffded6fc3d0, 2)
writev(1, 0x00007ffded6fc3d0, 2)
writev(1, 0x00007ffc4a072ce0, 2)
open('/home/runner/.nimble/packages_official.json', 557056, 0x00000000000001b6)
mkdir('/home/', 0x00000000000001ff)
mkdir('/home/runner/', 0x00000000000001ff)
mkdir('/home/runner/.nimble/', 0x00000000000001ff)
mkdir('/home/runner/.nimble/pkgcache/', 0x00000000000001ff)
mkdir('/home/runner/.nimble/pkgcache/githubcom_infinitybeond1passy', 0x00000000000001ff)
open('/home/runner/.nimble/pkgcache/githubcom_infinitybeond1passy', 622592, 0x0000000000000000)
writev(1, 0x00007ffc4a072d40, 2)
open('/home/runner/.nimble/pkgcache/githubcom_infinitybeond1passy', 622592, 0x0000000000000000)
rmdir('/home/runner/.nimble/pkgcache/githubcom_infinitybeond1passy')
writev(1, 0x00007ffc4a072c30, 2)
mkdir(94018437798656, 0x00000000000001ff)
Error tracing process: readBytes(0x000055825f965b00, 256) error: [Errno 5] Input/output error.
