      Info: Package cache path /home/runner/.nimble/pkgcache
     Info:  Nimble data file "/home/runner/.nimble/nimbledata2.json" has been loaded.
    Reading official package list
Downloading https://github.com/RaimundHuebel/nimpathname using git
    Cloning latest tagged version: v0.1.1
open('/workspace/destdir/ssl/openssl.cnf', 32768, 0x00000000000001b6)
open('/home/runner/.config/nimble/nimble.ini', 557056, 0x00000000000001b6)
open('/home/runner/.config/babel/babel.ini', 557056, 0x00000000000001b6)
writev(1, 0x00007ffe52064c80, 2)
open('/home/runner/.nimble/nimbledata2.json', 557056, 0x00000000000001b6)
writev(1, 0x00007ffe52064d50, 2)
writev(1, 0x00007fff07066290, 2)
writev(1, 0x00007fff07066320, 2)
writev(1, 0x00007fff07066320, 2)
writev(1, 0x00007fff07066320, 2)
writev(1, 0x00007ffe52063870, 2)
open('/home/runner/.nimble/packages_official.json', 557056, 0x00000000000001b6)
mkdir('/home/', 0x00000000000001ff)
mkdir('/home/runner/', 0x00000000000001ff)
mkdir('/home/runner/.nimble/', 0x00000000000001ff)
mkdir('/home/runner/.nimble/pkgcache/', 0x00000000000001ff)
mkdir('/home/runner/.nimble/pkgcache/githubcom_RaimundHuebelnimpathname', 0x00000000000001ff)
open('/home/runner/.nimble/pkgcache/githubcom_RaimundHuebelnimpathname', 622592, 0x0000000000000000)
writev(1, 0x00007ffe52063960, 2)
open('/home/runner/.nimble/pkgcache/githubcom_RaimundHuebelnimpathname', 622592, 0x0000000000000000)
rmdir('/home/runner/.nimble/pkgcache/githubcom_RaimundHuebelnimpathname')
writev(1, 0x00007ffe52063850, 2)
mkdir(94258570378064, 0x00000000000001ff)
Error tracing process: readBytes(0x000055ba489abb50, 256) error: [Errno 5] Input/output error.
