      Info: Package cache path /home/runner/.nimble/pkgcache
     Info:  Nimble data file "/home/runner/.nimble/nimbledata2.json" has been loaded.
    Reading official package list
Downloading https://github.com/yglukhov/persistent_enums using git
   Warning: The package has no tagged releases, downloading HEAD instead.
open('/workspace/destdir/ssl/openssl.cnf', 32768, 0x00000000000001b6)
open('/home/runner/.config/nimble/nimble.ini', 557056, 0x00000000000001b6)
open('/home/runner/.config/babel/babel.ini', 557056, 0x00000000000001b6)
writev(1, 0x00007ffdb82231a0, 2)
open('/home/runner/.nimble/nimbledata2.json', 557056, 0x00000000000001b6)
writev(1, 0x00007ffdb8223270, 2)
writev(1, 0x00007ffc223be1d0, 2)
writev(1, 0x00007ffc223be260, 2)
writev(1, 0x00007ffc223be260, 2)
writev(1, 0x00007ffc223be260, 2)
writev(1, 0x00007ffdb8221d90, 2)
open('/home/runner/.nimble/packages_official.json', 557056, 0x00000000000001b6)
mkdir('/home/', 0x00000000000001ff)
mkdir('/home/runner/', 0x00000000000001ff)
mkdir('/home/runner/.nimble/', 0x00000000000001ff)
mkdir('/home/runner/.nimble/pkgcache/', 0x00000000000001ff)
mkdir('/home/runner/.nimble/pkgcache/githubcom_yglukhovpersistentenums', 0x00000000000001ff)
open('/home/runner/.nimble/pkgcache/githubcom_yglukhovpersistentenums', 622592, 0x0000000000000000)
writev(1, 0x00007ffdb8221e80, 2)
open('/home/runner/.nimble/pkgcache/githubcom_yglukhovpersistentenums', 622592, 0x0000000000000000)
rmdir('/home/runner/.nimble/pkgcache/githubcom_yglukhovpersistentenums')
writev(1, 0x00007ffdb8221d70, 2)
mkdir(94564518415104, 0x00000000000001ff)
Error tracing process: readBytes(0x0000560184874b00, 256) error: [Errno 5] Input/output error.
