      Info: Package cache path /home/runner/.nimble/pkgcache
     Info:  Nimble data file "/home/runner/.nimble/nimbledata2.json" has been loaded.
    Reading official package list
Downloading https://github.com/PMunch/nim-persistent-vector using git
    Cloning latest tagged version: v1.0.0
open('/workspace/destdir/ssl/openssl.cnf', 32768, 0x00000000000001b6)
open('/home/runner/.config/nimble/nimble.ini', 557056, 0x00000000000001b6)
open('/home/runner/.config/babel/babel.ini', 557056, 0x00000000000001b6)
writev(1, 0x00007ffed5489c80, 2)
open('/home/runner/.nimble/nimbledata2.json', 557056, 0x00000000000001b6)
writev(1, 0x00007ffed5489d50, 2)
writev(1, 0x00007fff7cb0d2f0, 2)
writev(1, 0x00007fff7cb0d380, 2)
writev(1, 0x00007fff7cb0d380, 2)
writev(1, 0x00007fff7cb0d380, 2)
writev(1, 0x00007ffed5488870, 2)
open('/home/runner/.nimble/packages_official.json', 557056, 0x00000000000001b6)
mkdir('/home/', 0x00000000000001ff)
mkdir('/home/runner/', 0x00000000000001ff)
mkdir('/home/runner/.nimble/', 0x00000000000001ff)
mkdir('/home/runner/.nimble/pkgcache/', 0x00000000000001ff)
mkdir('/home/runner/.nimble/pkgcache/githubcom_PMunchnimpersistentvector', 0x00000000000001ff)
open('/home/runner/.nimble/pkgcache/githubcom_PMunchnimpersistentvector', 622592, 0x0000000000000000)
writev(1, 0x00007ffed5488960, 2)
open('/home/runner/.nimble/pkgcache/githubcom_PMunchnimpersistentvector', 622592, 0x0000000000000000)
rmdir('/home/runner/.nimble/pkgcache/githubcom_PMunchnimpersistentvector')
writev(1, 0x00007ffed5488850, 2)
mkdir(94763068218192, 0x00000000000001ff)
Error tracing process: readBytes(0x0000562fbf04db50, 256) error: [Errno 5] Input/output error.
