      Info: Package cache path /home/runner/.nimble/pkgcache
     Info:  Nimble data file "/home/runner/.nimble/nimbledata2.json" has been loaded.
    Reading official package list
Downloading https://github.com/openpeeps/nim-pexels using git
   Warning: The package has no tagged releases, downloading HEAD instead.
open('/workspace/destdir/ssl/openssl.cnf', 32768, 0x00000000000001b6)
open('/home/runner/.config/nimble/nimble.ini', 557056, 0x00000000000001b6)
open('/home/runner/.config/babel/babel.ini', 557056, 0x00000000000001b6)
writev(1, 0x00007ffe2626cef0, 2)
open('/home/runner/.nimble/nimbledata2.json', 557056, 0x00000000000001b6)
writev(1, 0x00007ffe2626cfc0, 2)
writev(1, 0x00007fff590e72d0, 2)
writev(1, 0x00007fff590e7360, 2)
writev(1, 0x00007fff590e7360, 2)
writev(1, 0x00007fff590e7360, 2)
writev(1, 0x00007ffe2626b9d0, 2)
open('/home/runner/.nimble/packages_official.json', 557056, 0x00000000000001b6)
mkdir('/home/', 0x00000000000001ff)
mkdir('/home/runner/', 0x00000000000001ff)
mkdir('/home/runner/.nimble/', 0x00000000000001ff)
mkdir('/home/runner/.nimble/pkgcache/', 0x00000000000001ff)
mkdir('/home/runner/.nimble/pkgcache/githubcom_openpeepsnimpexels', 0x00000000000001ff)
open('/home/runner/.nimble/pkgcache/githubcom_openpeepsnimpexels', 622592, 0x0000000000000000)
writev(1, 0x00007ffe2626ba30, 2)
open('/home/runner/.nimble/pkgcache/githubcom_openpeepsnimpexels', 622592, 0x0000000000000000)
rmdir('/home/runner/.nimble/pkgcache/githubcom_openpeepsnimpexels')
writev(1, 0x00007ffe2626b920, 2)
mkdir(93921769360128, 0x00000000000001ff)
Error tracing process: readBytes(0x0000556bddb30b00, 256) error: [Errno 5] Input/output error.
