    Reading official package list
Downloading https://github.com/fowlmouth/physfs using git
  Verifying dependencies for physfs@1.0
 Installing physfs@1.0
    Copying file /tmp/nimble_3771/githubcom_fowlmouthphysfs/physfs.nim to /home/runner/.nimble/pkgs/physfs-1.0/physfs.nim
    Copying file /tmp/nimble_3771/githubcom_fowlmouthphysfs/physfs.babel to /home/runner/.nimble/pkgs/physfs-1.0/physfs.babel
   Success: physfs installed successfully.
mkdir('/tmp', 0x00000000000001ff)
mkdir('/tmp/nimble_3771', 0x00000000000001ff)
mkdir('/tmp/nimble_3771/githubcom_fowlmouthphysfs', 0x00000000000001ff)
rmdir('/tmp/nimble_3771/githubcom_fowlmouthphysfs')
mkdir('/tmp/nimble_3771/githubcom_fowlmouthphysfs', 0x00000000000001ff)
mkdir('/tmp/nimble_3771/githubcom_fowlmouthphysfs/.git', 0x00000000000001ff)
mkdir('/tmp/nimble_3771/githubcom_fowlmouthphysfs/.git/', 0x00000000000001ff)
mkdir('/tmp/nimble_3771/githubcom_fowlmouthphysfs/.git/info/', 0x00000000000001ff)
mkdir('/tmp/nimble_3771/githubcom_fowlmouthphysfs/.git/hooks/', 0x00000000000001ff)
mkdir('/tmp/nimble_3771/githubcom_fowlmouthphysfs/.git/branches/', 0x00000000000001ff)
mkdir('/tmp/nimble_3771/githubcom_fowlmouthphysfs/.git/refs', 0x00000000000001ff)
mkdir('/tmp/nimble_3771/githubcom_fowlmouthphysfs/.git/refs/heads', 0x00000000000001ff)
mkdir('/tmp/nimble_3771/githubcom_fowlmouthphysfs/.git/refs/tags', 0x00000000000001ff)
rename('/tmp/nimble_3771/githubcom_fowlmouthphysfs/.git/HEAD.lock', '/tmp/nimble_3771/githubcom_fowlmouthphysfs/.git/HEAD')
rename('/tmp/nimble_3771/githubcom_fowlmouthphysfs/.git/config.lock', '/tmp/nimble_3771/githubcom_fowlmouthphysfs/.git/config')
chmod('/tmp/nimble_3771/githubcom_fowlmouthphysfs/.git/config', 0x00000000000081e4)
chmod('/tmp/nimble_3771/githubcom_fowlmouthphysfs/.git/config', 0x00000000000081a4)
chmod('/tmp/nimble_3771/githubcom_fowlmouthphysfs/.git/config.lock', 0x00000000000001a4)
rename('/tmp/nimble_3771/githubcom_fowlmouthphysfs/.git/config.lock', '/tmp/nimble_3771/githubcom_fowlmouthphysfs/.git/config')
chmod('/tmp/nimble_3771/githubcom_fowlmouthphysfs/.git/config.lock', 0x00000000000001a4)
rename('/tmp/nimble_3771/githubcom_fowlmouthphysfs/.git/config.lock', '/tmp/nimble_3771/githubcom_fowlmouthphysfs/.git/config')
chmod('/tmp/nimble_3771/githubcom_fowlmouthphysfs/.git/config.lock', 0x00000000000001a4)
rename('/tmp/nimble_3771/githubcom_fowlmouthphysfs/.git/config.lock', '/tmp/nimble_3771/githubcom_fowlmouthphysfs/.git/config')
unlink('/tmp/nimble_3771/githubcom_fowlmouthphysfs/.git/tLwhEYw')
symlink('testing', '/tmp/nimble_3771/githubcom_fowlmouthphysfs/.git/tLwhEYw')
unlink('/tmp/nimble_3771/githubcom_fowlmouthphysfs/.git/tLwhEYw')
mkdir('/tmp/nimble_3771/githubcom_fowlmouthphysfs/.git/objects', 0x00000000000001ff)
mkdir('/tmp/nimble_3771/githubcom_fowlmouthphysfs/.git/objects/pack', 0x00000000000001ff)
mkdir('/tmp/nimble_3771/githubcom_fowlmouthphysfs/.git/objects/info', 0x00000000000001ff)
chmod('/tmp/nimble_3771/githubcom_fowlmouthphysfs/.git/config.lock', 0x00000000000001a4)
rename('/tmp/nimble_3771/githubcom_fowlmouthphysfs/.git/config.lock', '/tmp/nimble_3771/githubcom_fowlmouthphysfs/.git/config')
chmod('/tmp/nimble_3771/githubcom_fowlmouthphysfs/.git/config.lock', 0x00000000000001a4)
rename('/tmp/nimble_3771/githubcom_fowlmouthphysfs/.git/config.lock', '/tmp/nimble_3771/githubcom_fowlmouthphysfs/.git/config')
chmod('/tmp/nimble_3771/githubcom_fowlmouthphysfs/.git/config.lock', 0x00000000000001a4)
rename('/tmp/nimble_3771/githubcom_fowlmouthphysfs/.git/config.lock', '/tmp/nimble_3771/githubcom_fowlmouthphysfs/.git/config')
mkdir('/tmp/nimble_3771/githubcom_fowlmouthphysfs/.git/objects/27', 0x00000000000001ff)
link('/tmp/nimble_3771/githubcom_fowlmouthphysfs/.git/objects/27/tmp_obj_whfafh', '/tmp/nimble_3771/githubcom_fowlmouthphysfs/.git/objects/27/24f417694b16b72be69c64988fab6fa4764081')
unlink('/tmp/nimble_3771/githubcom_fowlmouthphysfs/.git/objects/27/tmp_obj_whfafh')
mkdir('/tmp/nimble_3771/githubcom_fowlmouthphysfs/.git/objects/ed', 0x00000000000001ff)
link('/tmp/nimble_3771/githubcom_fowlmouthphysfs/.git/objects/ed/tmp_obj_CCWz5j', '/tmp/nimble_3771/githubcom_fowlmouthphysfs/.git/objects/ed/374b604e3147725dfdc8061f815dffd5293502')
unlink('/tmp/nimble_3771/githubcom_fowlmouthphysfs/.git/objects/ed/tmp_obj_CCWz5j')
mkdir('/tmp/nimble_3771/githubcom_fowlmouthphysfs/.git/objects/42', 0x00000000000001ff)
link('/tmp/nimble_3771/githubcom_fowlmouthphysfs/.git/objects/42/tmp_obj_sDf4sk', '/tmp/nimble_3771/githubcom_fowlmouthphysfs/.git/objects/42/2bfcad8e6544dba4aec07d54503f13484a0216')
unlink('/tmp/nimble_3771/githubcom_fowlmouthphysfs/.git/objects/42/tmp_obj_sDf4sk')
mkdir('/tmp/nimble_3771/githubcom_fowlmouthphysfs/.git/objects/57', 0x00000000000001ff)
link('/tmp/nimble_3771/githubcom_fowlmouthphysfs/.git/objects/57/tmp_obj_7dWfaa', '/tmp/nimble_3771/githubcom_fowlmouthphysfs/.git/objects/57/ad795e49721035bbe68e1d46473cf50c8c9df3')
unlink('/tmp/nimble_3771/githubcom_fowlmouthphysfs/.git/objects/57/tmp_obj_7dWfaa')
rename('/tmp/nimble_3771/githubcom_fowlmouthphysfs/.git/shallow.lock', '/tmp/nimble_3771/githubcom_fowlmouthphysfs/.git/shallow')
rename('/tmp/nimble_3771/githubcom_fowlmouthphysfs/.git/packed-refs.new', '/tmp/nimble_3771/githubcom_fowlmouthphysfs/.git/packed-refs')
unlink('/tmp/nimble_3771/githubcom_fowlmouthphysfs/.git/packed-refs.lock')
mkdir('/tmp/nimble_3771/githubcom_fowlmouthphysfs/.git/refs/remotes', 0x00000000000001ff)
mkdir('/tmp/nimble_3771/githubcom_fowlmouthphysfs/.git/refs/remotes/origin', 0x00000000000001ff)
mkdir('/tmp/nimble_3771/githubcom_fowlmouthphysfs/.git/logs', 0x00000000000001ff)
mkdir('/tmp/nimble_3771/githubcom_fowlmouthphysfs/.git/logs/refs', 0x00000000000001ff)
mkdir('/tmp/nimble_3771/githubcom_fowlmouthphysfs/.git/logs/refs/remotes', 0x00000000000001ff)
mkdir('/tmp/nimble_3771/githubcom_fowlmouthphysfs/.git/logs/refs/remotes/origin', 0x00000000000001ff)
rename('/tmp/nimble_3771/githubcom_fowlmouthphysfs/.git/refs/remotes/origin/HEAD.lock', '/tmp/nimble_3771/githubcom_fowlmouthphysfs/.git/refs/remotes/origin/HEAD')
rename('/tmp/nimble_3771/githubcom_fowlmouthphysfs/.git/HEAD.lock', '/tmp/nimble_3771/githubcom_fowlmouthphysfs/.git/HEAD')
mkdir('/tmp/nimble_3771/githubcom_fowlmouthphysfs/.git/logs/refs/heads', 0x00000000000001ff)
rename('/tmp/nimble_3771/githubcom_fowlmouthphysfs/.git/refs/heads/master.lock', '/tmp/nimble_3771/githubcom_fowlmouthphysfs/.git/refs/heads/master')
unlink('/tmp/nimble_3771/githubcom_fowlmouthphysfs/.git/HEAD.lock')
chmod('/tmp/nimble_3771/githubcom_fowlmouthphysfs/.git/config.lock', 0x00000000000001a4)
rename('/tmp/nimble_3771/githubcom_fowlmouthphysfs/.git/config.lock', '/tmp/nimble_3771/githubcom_fowlmouthphysfs/.git/config')
chmod('/tmp/nimble_3771/githubcom_fowlmouthphysfs/.git/config.lock', 0x00000000000001a4)
rename('/tmp/nimble_3771/githubcom_fowlmouthphysfs/.git/config.lock', '/tmp/nimble_3771/githubcom_fowlmouthphysfs/.git/config')
rename('/tmp/nimble_3771/githubcom_fowlmouthphysfs/.git/index.lock', '/tmp/nimble_3771/githubcom_fowlmouthphysfs/.git/index')
mkdir('/home', 0x00000000000001ff)
mkdir('/home/runner', 0x00000000000001ff)
mkdir('/home/runner/.nimble', 0x00000000000001ff)
mkdir('/home/runner/.nimble/pkgs', 0x00000000000001ff)
mkdir('/home/runner/.nimble/pkgs/physfs-1.0', 0x00000000000001ff)
mkdir('/home', 0x00000000000001ff)
mkdir('/home/runner', 0x00000000000001ff)
mkdir('/home/runner/.nimble', 0x00000000000001ff)
mkdir('/home/runner/.nimble/pkgs', 0x00000000000001ff)
mkdir('/home/runner/.nimble/pkgs/physfs-1.0', 0x00000000000001ff)
chmod('/home/runner/.nimble/pkgs/physfs-1.0/physfs.nim', 0x00000000000001a4)
chmod('/home/runner/.nimble/pkgs/physfs-1.0/physfs.babel', 0x00000000000001a4)
unlink('/tmp/nimble_3771/githubcom_fowlmouthphysfs/physfs.babel')
unlink('/tmp/nimble_3771/githubcom_fowlmouthphysfs/physfs.nim')
unlink('/tmp/nimble_3771/githubcom_fowlmouthphysfs/.git/config')
unlink('/tmp/nimble_3771/githubcom_fowlmouthphysfs/.git/info/exclude')
rmdir('/tmp/nimble_3771/githubcom_fowlmouthphysfs/.git/info')
unlink('/tmp/nimble_3771/githubcom_fowlmouthphysfs/.git/shallow')
unlink('/tmp/nimble_3771/githubcom_fowlmouthphysfs/.git/description')
unlink('/tmp/nimble_3771/githubcom_fowlmouthphysfs/.git/index')
unlink('/tmp/nimble_3771/githubcom_fowlmouthphysfs/.git/packed-refs')
unlink('/tmp/nimble_3771/githubcom_fowlmouthphysfs/.git/HEAD')
unlink('/tmp/nimble_3771/githubcom_fowlmouthphysfs/.git/hooks/pre-applypatch.sample')
unlink('/tmp/nimble_3771/githubcom_fowlmouthphysfs/.git/hooks/applypatch-msg.sample')
unlink('/tmp/nimble_3771/githubcom_fowlmouthphysfs/.git/hooks/pre-rebase.sample')
unlink('/tmp/nimble_3771/githubcom_fowlmouthphysfs/.git/hooks/pre-push.sample')
unlink('/tmp/nimble_3771/githubcom_fowlmouthphysfs/.git/hooks/fsmonitor-watchman.sample')
unlink('/tmp/nimble_3771/githubcom_fowlmouthphysfs/.git/hooks/update.sample')
unlink('/tmp/nimble_3771/githubcom_fowlmouthphysfs/.git/hooks/pre-commit.sample')
unlink('/tmp/nimble_3771/githubcom_fowlmouthphysfs/.git/hooks/prepare-commit-msg.sample')
unlink('/tmp/nimble_3771/githubcom_fowlmouthphysfs/.git/hooks/post-update.sample')
unlink('/tmp/nimble_3771/githubcom_fowlmouthphysfs/.git/hooks/pre-merge-commit.sample')
unlink('/tmp/nimble_3771/githubcom_fowlmouthphysfs/.git/hooks/pre-receive.sample')
unlink('/tmp/nimble_3771/githubcom_fowlmouthphysfs/.git/hooks/commit-msg.sample')
rmdir('/tmp/nimble_3771/githubcom_fowlmouthphysfs/.git/hooks')
unlink('/tmp/nimble_3771/githubcom_fowlmouthphysfs/.git/logs/HEAD')
unlink('/tmp/nimble_3771/githubcom_fowlmouthphysfs/.git/logs/refs/heads/master')
rmdir('/tmp/nimble_3771/githubcom_fowlmouthphysfs/.git/logs/refs/heads')
unlink('/tmp/nimble_3771/githubcom_fowlmouthphysfs/.git/logs/refs/remotes/origin/HEAD')
rmdir('/tmp/nimble_3771/githubcom_fowlmouthphysfs/.git/logs/refs/remotes/origin')
rmdir('/tmp/nimble_3771/githubcom_fowlmouthphysfs/.git/logs/refs/remotes')
rmdir('/tmp/nimble_3771/githubcom_fowlmouthphysfs/.git/logs/refs')
rmdir('/tmp/nimble_3771/githubcom_fowlmouthphysfs/.git/logs')
rmdir('/tmp/nimble_3771/githubcom_fowlmouthphysfs/.git/branches')
rmdir('/tmp/nimble_3771/githubcom_fowlmouthphysfs/.git/objects/info')
unlink('/tmp/nimble_3771/githubcom_fowlmouthphysfs/.git/objects/ed/374b604e3147725dfdc8061f815dffd5293502')
rmdir('/tmp/nimble_3771/githubcom_fowlmouthphysfs/.git/objects/ed')
rmdir('/tmp/nimble_3771/githubcom_fowlmouthphysfs/.git/objects/pack')
unlink('/tmp/nimble_3771/githubcom_fowlmouthphysfs/.git/objects/42/2bfcad8e6544dba4aec07d54503f13484a0216')
rmdir('/tmp/nimble_3771/githubcom_fowlmouthphysfs/.git/objects/42')
unlink('/tmp/nimble_3771/githubcom_fowlmouthphysfs/.git/objects/57/ad795e49721035bbe68e1d46473cf50c8c9df3')
rmdir('/tmp/nimble_3771/githubcom_fowlmouthphysfs/.git/objects/57')
unlink('/tmp/nimble_3771/githubcom_fowlmouthphysfs/.git/objects/27/24f417694b16b72be69c64988fab6fa4764081')
rmdir('/tmp/nimble_3771/githubcom_fowlmouthphysfs/.git/objects/27')
rmdir('/tmp/nimble_3771/githubcom_fowlmouthphysfs/.git/objects')
unlink('/tmp/nimble_3771/githubcom_fowlmouthphysfs/.git/refs/heads/master')
rmdir('/tmp/nimble_3771/githubcom_fowlmouthphysfs/.git/refs/heads')
unlink('/tmp/nimble_3771/githubcom_fowlmouthphysfs/.git/refs/remotes/origin/HEAD')
rmdir('/tmp/nimble_3771/githubcom_fowlmouthphysfs/.git/refs/remotes/origin')
rmdir('/tmp/nimble_3771/githubcom_fowlmouthphysfs/.git/refs/remotes')
rmdir('/tmp/nimble_3771/githubcom_fowlmouthphysfs/.git/refs/tags')
rmdir('/tmp/nimble_3771/githubcom_fowlmouthphysfs/.git/refs')
rmdir('/tmp/nimble_3771/githubcom_fowlmouthphysfs/.git')
rmdir('/tmp/nimble_3771/githubcom_fowlmouthphysfs')
rmdir('/tmp/nimble_3771')
  create directory /tmp
  create directory /tmp/nimble_3771
  create directory /tmp/nimble_3771/githubcom_fowlmouthphysfs
  delete /tmp/nimble_3771/githubcom_fowlmouthphysfs
  create directory /tmp/nimble_3771/githubcom_fowlmouthphysfs
  create directory /tmp/nimble_3771/githubcom_fowlmouthphysfs/.git
  create directory /tmp/nimble_3771/githubcom_fowlmouthphysfs/.git
  create directory /tmp/nimble_3771/githubcom_fowlmouthphysfs/.git/info
  create directory /tmp/nimble_3771/githubcom_fowlmouthphysfs/.git/hooks
  create directory /tmp/nimble_3771/githubcom_fowlmouthphysfs/.git/branches
  create directory /tmp/nimble_3771/githubcom_fowlmouthphysfs/.git/refs
  create directory /tmp/nimble_3771/githubcom_fowlmouthphysfs/.git/refs/heads
  create directory /tmp/nimble_3771/githubcom_fowlmouthphysfs/.git/refs/tags
  rename /tmp/nimble_3771/githubcom_fowlmouthphysfs/.git/HEAD.lock to HEAD
  rename /tmp/nimble_3771/githubcom_fowlmouthphysfs/.git/config.lock to config
  change permissions of /tmp/nimble_3771/githubcom_fowlmouthphysfs/.git/config to rwxr--r--
  change permissions of /tmp/nimble_3771/githubcom_fowlmouthphysfs/.git/config to rw-r--r--
  change permissions of /tmp/nimble_3771/githubcom_fowlmouthphysfs/.git/config.lock to rw-r--r--
  rename /tmp/nimble_3771/githubcom_fowlmouthphysfs/.git/config.lock to config
  change permissions of /tmp/nimble_3771/githubcom_fowlmouthphysfs/.git/config.lock to rw-r--r--
  rename /tmp/nimble_3771/githubcom_fowlmouthphysfs/.git/config.lock to config
  change permissions of /tmp/nimble_3771/githubcom_fowlmouthphysfs/.git/config.lock to rw-r--r--
  rename /tmp/nimble_3771/githubcom_fowlmouthphysfs/.git/config.lock to config
  delete /tmp/nimble_3771/githubcom_fowlmouthphysfs/.git/tLwhEYw
  create symbolic link from /tmp/nimble_3771/githubcom_fowlmouthphysfs/.git/tLwhEYw to /home/runner/work/nim_packages_security_audit/nim_packages_security_audit/testing
  delete /tmp/nimble_3771/githubcom_fowlmouthphysfs/.git/tLwhEYw
  create directory /tmp/nimble_3771/githubcom_fowlmouthphysfs/.git/objects
  create directory /tmp/nimble_3771/githubcom_fowlmouthphysfs/.git/objects/pack
  create directory /tmp/nimble_3771/githubcom_fowlmouthphysfs/.git/objects/info
  change permissions of /tmp/nimble_3771/githubcom_fowlmouthphysfs/.git/config.lock to rw-r--r--
  rename /tmp/nimble_3771/githubcom_fowlmouthphysfs/.git/config.lock to config
  change permissions of /tmp/nimble_3771/githubcom_fowlmouthphysfs/.git/config.lock to rw-r--r--
  rename /tmp/nimble_3771/githubcom_fowlmouthphysfs/.git/config.lock to config
  change permissions of /tmp/nimble_3771/githubcom_fowlmouthphysfs/.git/config.lock to rw-r--r--
  rename /tmp/nimble_3771/githubcom_fowlmouthphysfs/.git/config.lock to config
  create directory /tmp/nimble_3771/githubcom_fowlmouthphysfs/.git/objects/27
  create hard link from /tmp/nimble_3771/githubcom_fowlmouthphysfs/.git/objects/27/24f417694b16b72be69c64988fab6fa4764081 to /tmp/nimble_3771/githubcom_fowlmouthphysfs/.git/objects/27/tmp_obj_whfafh
  delete /tmp/nimble_3771/githubcom_fowlmouthphysfs/.git/objects/27/tmp_obj_whfafh
  create directory /tmp/nimble_3771/githubcom_fowlmouthphysfs/.git/objects/ed
  create hard link from /tmp/nimble_3771/githubcom_fowlmouthphysfs/.git/objects/ed/374b604e3147725dfdc8061f815dffd5293502 to /tmp/nimble_3771/githubcom_fowlmouthphysfs/.git/objects/ed/tmp_obj_CCWz5j
  delete /tmp/nimble_3771/githubcom_fowlmouthphysfs/.git/objects/ed/tmp_obj_CCWz5j
  create directory /tmp/nimble_3771/githubcom_fowlmouthphysfs/.git/objects/42
  create hard link from /tmp/nimble_3771/githubcom_fowlmouthphysfs/.git/objects/42/2bfcad8e6544dba4aec07d54503f13484a0216 to /tmp/nimble_3771/githubcom_fowlmouthphysfs/.git/objects/42/tmp_obj_sDf4sk
  delete /tmp/nimble_3771/githubcom_fowlmouthphysfs/.git/objects/42/tmp_obj_sDf4sk
  create directory /tmp/nimble_3771/githubcom_fowlmouthphysfs/.git/objects/57
  create hard link from /tmp/nimble_3771/githubcom_fowlmouthphysfs/.git/objects/57/ad795e49721035bbe68e1d46473cf50c8c9df3 to /tmp/nimble_3771/githubcom_fowlmouthphysfs/.git/objects/57/tmp_obj_7dWfaa
  delete /tmp/nimble_3771/githubcom_fowlmouthphysfs/.git/objects/57/tmp_obj_7dWfaa
  rename /tmp/nimble_3771/githubcom_fowlmouthphysfs/.git/shallow.lock to shallow
  rename /tmp/nimble_3771/githubcom_fowlmouthphysfs/.git/packed-refs.new to packed-refs
  delete /tmp/nimble_3771/githubcom_fowlmouthphysfs/.git/packed-refs.lock
  create directory /tmp/nimble_3771/githubcom_fowlmouthphysfs/.git/refs/remotes
  create directory /tmp/nimble_3771/githubcom_fowlmouthphysfs/.git/refs/remotes/origin
  create directory /tmp/nimble_3771/githubcom_fowlmouthphysfs/.git/logs
  create directory /tmp/nimble_3771/githubcom_fowlmouthphysfs/.git/logs/refs
  create directory /tmp/nimble_3771/githubcom_fowlmouthphysfs/.git/logs/refs/remotes
  create directory /tmp/nimble_3771/githubcom_fowlmouthphysfs/.git/logs/refs/remotes/origin
  rename /tmp/nimble_3771/githubcom_fowlmouthphysfs/.git/refs/remotes/origin/HEAD.lock to HEAD
  rename /tmp/nimble_3771/githubcom_fowlmouthphysfs/.git/HEAD.lock to HEAD
  create directory /tmp/nimble_3771/githubcom_fowlmouthphysfs/.git/logs/refs/heads
  rename /tmp/nimble_3771/githubcom_fowlmouthphysfs/.git/refs/heads/master.lock to master
  delete /tmp/nimble_3771/githubcom_fowlmouthphysfs/.git/HEAD.lock
  change permissions of /tmp/nimble_3771/githubcom_fowlmouthphysfs/.git/config.lock to rw-r--r--
  rename /tmp/nimble_3771/githubcom_fowlmouthphysfs/.git/config.lock to config
  change permissions of /tmp/nimble_3771/githubcom_fowlmouthphysfs/.git/config.lock to rw-r--r--
  rename /tmp/nimble_3771/githubcom_fowlmouthphysfs/.git/config.lock to config
  rename /tmp/nimble_3771/githubcom_fowlmouthphysfs/.git/index.lock to index
  create directory /home
  create directory /home/runner
  create directory /home/runner/.nimble
  create directory /home/runner/.nimble/pkgs
  create directory /home/runner/.nimble/pkgs/physfs-1.0
  create directory /home
  create directory /home/runner
  create directory /home/runner/.nimble
  create directory /home/runner/.nimble/pkgs
  create directory /home/runner/.nimble/pkgs/physfs-1.0
  change permissions of /home/runner/.nimble/pkgs/physfs-1.0/physfs.nim to rw-r--r--
  change permissions of /home/runner/.nimble/pkgs/physfs-1.0/physfs.babel to rw-r--r--
  delete /tmp/nimble_3771/githubcom_fowlmouthphysfs/physfs.babel
  delete /tmp/nimble_3771/githubcom_fowlmouthphysfs/physfs.nim
  delete /tmp/nimble_3771/githubcom_fowlmouthphysfs/.git/config
  delete /tmp/nimble_3771/githubcom_fowlmouthphysfs/.git/info/exclude
  delete /tmp/nimble_3771/githubcom_fowlmouthphysfs/.git/info
  delete /tmp/nimble_3771/githubcom_fowlmouthphysfs/.git/shallow
  delete /tmp/nimble_3771/githubcom_fowlmouthphysfs/.git/description
  delete /tmp/nimble_3771/githubcom_fowlmouthphysfs/.git/index
  delete /tmp/nimble_3771/githubcom_fowlmouthphysfs/.git/packed-refs
  delete /tmp/nimble_3771/githubcom_fowlmouthphysfs/.git/HEAD
  delete /tmp/nimble_3771/githubcom_fowlmouthphysfs/.git/hooks/pre-applypatch.sample
  delete /tmp/nimble_3771/githubcom_fowlmouthphysfs/.git/hooks/applypatch-msg.sample
  delete /tmp/nimble_3771/githubcom_fowlmouthphysfs/.git/hooks/pre-rebase.sample
  delete /tmp/nimble_3771/githubcom_fowlmouthphysfs/.git/hooks/pre-push.sample
  delete /tmp/nimble_3771/githubcom_fowlmouthphysfs/.git/hooks/fsmonitor-watchman.sample
  delete /tmp/nimble_3771/githubcom_fowlmouthphysfs/.git/hooks/update.sample
  delete /tmp/nimble_3771/githubcom_fowlmouthphysfs/.git/hooks/pre-commit.sample
  delete /tmp/nimble_3771/githubcom_fowlmouthphysfs/.git/hooks/prepare-commit-msg.sample
  delete /tmp/nimble_3771/githubcom_fowlmouthphysfs/.git/hooks/post-update.sample
  delete /tmp/nimble_3771/githubcom_fowlmouthphysfs/.git/hooks/pre-merge-commit.sample
  delete /tmp/nimble_3771/githubcom_fowlmouthphysfs/.git/hooks/pre-receive.sample
  delete /tmp/nimble_3771/githubcom_fowlmouthphysfs/.git/hooks/commit-msg.sample
  delete /tmp/nimble_3771/githubcom_fowlmouthphysfs/.git/hooks
  delete /tmp/nimble_3771/githubcom_fowlmouthphysfs/.git/logs/HEAD
  delete /tmp/nimble_3771/githubcom_fowlmouthphysfs/.git/logs/refs/heads/master
  delete /tmp/nimble_3771/githubcom_fowlmouthphysfs/.git/logs/refs/heads
  delete /tmp/nimble_3771/githubcom_fowlmouthphysfs/.git/logs/refs/remotes/origin/HEAD
  delete /tmp/nimble_3771/githubcom_fowlmouthphysfs/.git/logs/refs/remotes/origin
  delete /tmp/nimble_3771/githubcom_fowlmouthphysfs/.git/logs/refs/remotes
  delete /tmp/nimble_3771/githubcom_fowlmouthphysfs/.git/logs/refs
  delete /tmp/nimble_3771/githubcom_fowlmouthphysfs/.git/logs
  delete /tmp/nimble_3771/githubcom_fowlmouthphysfs/.git/branches
  delete /tmp/nimble_3771/githubcom_fowlmouthphysfs/.git/objects/info
  delete /tmp/nimble_3771/githubcom_fowlmouthphysfs/.git/objects/ed/374b604e3147725dfdc8061f815dffd5293502
  delete /tmp/nimble_3771/githubcom_fowlmouthphysfs/.git/objects/ed
  delete /tmp/nimble_3771/githubcom_fowlmouthphysfs/.git/objects/pack
  delete /tmp/nimble_3771/githubcom_fowlmouthphysfs/.git/objects/42/2bfcad8e6544dba4aec07d54503f13484a0216
  delete /tmp/nimble_3771/githubcom_fowlmouthphysfs/.git/objects/42
  delete /tmp/nimble_3771/githubcom_fowlmouthphysfs/.git/objects/57/ad795e49721035bbe68e1d46473cf50c8c9df3
  delete /tmp/nimble_3771/githubcom_fowlmouthphysfs/.git/objects/57
  delete /tmp/nimble_3771/githubcom_fowlmouthphysfs/.git/objects/27/24f417694b16b72be69c64988fab6fa4764081
  delete /tmp/nimble_3771/githubcom_fowlmouthphysfs/.git/objects/27
  delete /tmp/nimble_3771/githubcom_fowlmouthphysfs/.git/objects
  delete /tmp/nimble_3771/githubcom_fowlmouthphysfs/.git/refs/heads/master
  delete /tmp/nimble_3771/githubcom_fowlmouthphysfs/.git/refs/heads
  delete /tmp/nimble_3771/githubcom_fowlmouthphysfs/.git/refs/remotes/origin/HEAD
  delete /tmp/nimble_3771/githubcom_fowlmouthphysfs/.git/refs/remotes/origin
  delete /tmp/nimble_3771/githubcom_fowlmouthphysfs/.git/refs/remotes
  delete /tmp/nimble_3771/githubcom_fowlmouthphysfs/.git/refs/tags
  delete /tmp/nimble_3771/githubcom_fowlmouthphysfs/.git/refs
  delete /tmp/nimble_3771/githubcom_fowlmouthphysfs/.git
  delete /tmp/nimble_3771/githubcom_fowlmouthphysfs
  delete /tmp/nimble_3771
