    Reading official package list
Downloading https://github.com/philip-wernersbach/nim-picohttpparser using git
    Cloning latest tagged version: 0.10.0
   Warning: Package 'picohttpparser' has an incorrect structure. The top level of the package source directory should contain at most one module, named 'picohttpparser.nim', but a file named 'picohttpparser_api.nim' was found. This will be an error in the future.
      Hint: If this is the primary source file in the package, rename it to 'picohttpparser.nim'. If it's a source file required by the main module, or if it is one of several modules exposed by 'picohttpparser', then move it into a 'picohttpparser/' subdirectory. If it's a test file or otherwise not required to build the the package 'picohttpparser.nim', prevent its installation by adding `skipFiles = @["picohttpparser_api.nim"]` to the .nimble file. See https://github.com/nim-lang/nimble#libraries for more info.
  Verifying dependencies for picohttpparser@0.10.0
 Installing picohttpparser@0.10.0
    Copying file /tmp/nimble_8339/githubcom_philipwernersbachnimpicohttpparser/picohttpparser_api.nim to /home/runner/.nimble/pkgs/picohttpparser-0.10.0/picohttpparser_api.nim
    Copying file /tmp/nimble_8339/githubcom_philipwernersbachnimpicohttpparser/picohttpparser.nimble to /home/runner/.nimble/pkgs/picohttpparser-0.10.0/picohttpparser.nimble
    Copying file /tmp/nimble_8339/githubcom_philipwernersbachnimpicohttpparser/README.md to /home/runner/.nimble/pkgs/picohttpparser-0.10.0/README.md
    Copying file /tmp/nimble_8339/githubcom_philipwernersbachnimpicohttpparser/picohttpparser.nimble to /home/runner/.nimble/pkgs/picohttpparser-0.10.0/picohttpparser.nimble
   Success: picohttpparser installed successfully.
mkdir('/tmp', 0x00000000000001ff)
mkdir('/tmp/nimble_8339', 0x00000000000001ff)
mkdir('/tmp/nimble_8339/githubcom_philipwernersbachnimpicohttpparser', 0x00000000000001ff)
rmdir('/tmp/nimble_8339/githubcom_philipwernersbachnimpicohttpparser')
mkdir('/tmp/nimble_8339/githubcom_philipwernersbachnimpicohttpparser', 0x00000000000001ff)
mkdir('/tmp/nimble_8339/githubcom_philipwernersbachnimpicohttpparser/.git', 0x00000000000001ff)
mkdir('/tmp/nimble_8339/githubcom_philipwernersbachnimpicohttpparser/.git/', 0x00000000000001ff)
mkdir('/tmp/nimble_8339/githubcom_philipwernersbachnimpicohttpparser/.git/branches/', 0x00000000000001ff)
mkdir('/tmp/nimble_8339/githubcom_philipwernersbachnimpicohttpparser/.git/hooks/', 0x00000000000001ff)
mkdir('/tmp/nimble_8339/githubcom_philipwernersbachnimpicohttpparser/.git/info/', 0x00000000000001ff)
mkdir('/tmp/nimble_8339/githubcom_philipwernersbachnimpicohttpparser/.git/refs', 0x00000000000001ff)
mkdir('/tmp/nimble_8339/githubcom_philipwernersbachnimpicohttpparser/.git/refs/heads', 0x00000000000001ff)
mkdir('/tmp/nimble_8339/githubcom_philipwernersbachnimpicohttpparser/.git/refs/tags', 0x00000000000001ff)
rename('/tmp/nimble_8339/githubcom_philipwernersbachnimpicohttpparser/.git/HEAD.lock', '/tmp/nimble_8339/githubcom_philipwernersbachnimpicohttpparser/.git/HEAD')
rename('/tmp/nimble_8339/githubcom_philipwernersbachnimpicohttpparser/.git/config.lock', '/tmp/nimble_8339/githubcom_philipwernersbachnimpicohttpparser/.git/config')
chmod('/tmp/nimble_8339/githubcom_philipwernersbachnimpicohttpparser/.git/config', 0x00000000000081e4)
chmod('/tmp/nimble_8339/githubcom_philipwernersbachnimpicohttpparser/.git/config', 0x00000000000081a4)
chmod('/tmp/nimble_8339/githubcom_philipwernersbachnimpicohttpparser/.git/config.lock', 0x00000000000001a4)
rename('/tmp/nimble_8339/githubcom_philipwernersbachnimpicohttpparser/.git/config.lock', '/tmp/nimble_8339/githubcom_philipwernersbachnimpicohttpparser/.git/config')
chmod('/tmp/nimble_8339/githubcom_philipwernersbachnimpicohttpparser/.git/config.lock', 0x00000000000001a4)
rename('/tmp/nimble_8339/githubcom_philipwernersbachnimpicohttpparser/.git/config.lock', '/tmp/nimble_8339/githubcom_philipwernersbachnimpicohttpparser/.git/config')
chmod('/tmp/nimble_8339/githubcom_philipwernersbachnimpicohttpparser/.git/config.lock', 0x00000000000001a4)
rename('/tmp/nimble_8339/githubcom_philipwernersbachnimpicohttpparser/.git/config.lock', '/tmp/nimble_8339/githubcom_philipwernersbachnimpicohttpparser/.git/config')
unlink('/tmp/nimble_8339/githubcom_philipwernersbachnimpicohttpparser/.git/tKUb7ze')
symlink('testing', '/tmp/nimble_8339/githubcom_philipwernersbachnimpicohttpparser/.git/tKUb7ze')
unlink('/tmp/nimble_8339/githubcom_philipwernersbachnimpicohttpparser/.git/tKUb7ze')
mkdir('/tmp/nimble_8339/githubcom_philipwernersbachnimpicohttpparser/.git/objects', 0x00000000000001ff)
mkdir('/tmp/nimble_8339/githubcom_philipwernersbachnimpicohttpparser/.git/objects/pack', 0x00000000000001ff)
mkdir('/tmp/nimble_8339/githubcom_philipwernersbachnimpicohttpparser/.git/objects/info', 0x00000000000001ff)
chmod('/tmp/nimble_8339/githubcom_philipwernersbachnimpicohttpparser/.git/config.lock', 0x00000000000001a4)
rename('/tmp/nimble_8339/githubcom_philipwernersbachnimpicohttpparser/.git/config.lock', '/tmp/nimble_8339/githubcom_philipwernersbachnimpicohttpparser/.git/config')
chmod('/tmp/nimble_8339/githubcom_philipwernersbachnimpicohttpparser/.git/config.lock', 0x00000000000001a4)
rename('/tmp/nimble_8339/githubcom_philipwernersbachnimpicohttpparser/.git/config.lock', '/tmp/nimble_8339/githubcom_philipwernersbachnimpicohttpparser/.git/config')
chmod('/tmp/nimble_8339/githubcom_philipwernersbachnimpicohttpparser/.git/config.lock', 0x00000000000001a4)
rename('/tmp/nimble_8339/githubcom_philipwernersbachnimpicohttpparser/.git/config.lock', '/tmp/nimble_8339/githubcom_philipwernersbachnimpicohttpparser/.git/config')
link('/tmp/nimble_8339/githubcom_philipwernersbachnimpicohttpparser/.git/objects/pack/tmp_pack_EQExHP', '/tmp/nimble_8339/githubcom_philipwernersbachnimpicohttpparser/.git/objects/pack/pack-cf2f55a81b86f7aba3e1e1a81cd191f96406d610.pack')
unlink('/tmp/nimble_8339/githubcom_philipwernersbachnimpicohttpparser/.git/objects/pack/tmp_pack_EQExHP')
link('/tmp/nimble_8339/githubcom_philipwernersbachnimpicohttpparser/.git/objects/pack/tmp_idx_yBiDUU', '/tmp/nimble_8339/githubcom_philipwernersbachnimpicohttpparser/.git/objects/pack/pack-cf2f55a81b86f7aba3e1e1a81cd191f96406d610.idx')
unlink('/tmp/nimble_8339/githubcom_philipwernersbachnimpicohttpparser/.git/objects/pack/tmp_idx_yBiDUU')
rename('/tmp/nimble_8339/githubcom_philipwernersbachnimpicohttpparser/.git/shallow.lock', '/tmp/nimble_8339/githubcom_philipwernersbachnimpicohttpparser/.git/shallow')
rename('/tmp/nimble_8339/githubcom_philipwernersbachnimpicohttpparser/.git/packed-refs.new', '/tmp/nimble_8339/githubcom_philipwernersbachnimpicohttpparser/.git/packed-refs')
unlink('/tmp/nimble_8339/githubcom_philipwernersbachnimpicohttpparser/.git/packed-refs.lock')
unlink('/tmp/nimble_8339/githubcom_philipwernersbachnimpicohttpparser/.git/refs/tags/0.10.0.lock')
mkdir('/tmp/nimble_8339/githubcom_philipwernersbachnimpicohttpparser/.git/logs', 0x00000000000001ff)
rename('/tmp/nimble_8339/githubcom_philipwernersbachnimpicohttpparser/.git/HEAD.lock', '/tmp/nimble_8339/githubcom_philipwernersbachnimpicohttpparser/.git/HEAD')
unlink('/tmp/nimble_8339/githubcom_philipwernersbachnimpicohttpparser/.git/objects/pack/pack-cf2f55a81b86f7aba3e1e1a81cd191f96406d610.keep')
rename('/tmp/nimble_8339/githubcom_philipwernersbachnimpicohttpparser/.git/index.lock', '/tmp/nimble_8339/githubcom_philipwernersbachnimpicohttpparser/.git/index')
mkdir('/home', 0x00000000000001ff)
mkdir('/home/runner', 0x00000000000001ff)
mkdir('/home/runner/.nimble', 0x00000000000001ff)
mkdir('/home/runner/.nimble/pkgs', 0x00000000000001ff)
mkdir('/home/runner/.nimble/pkgs/picohttpparser-0.10.0', 0x00000000000001ff)
mkdir('/home', 0x00000000000001ff)
mkdir('/home/runner', 0x00000000000001ff)
mkdir('/home/runner/.nimble', 0x00000000000001ff)
mkdir('/home/runner/.nimble/pkgs', 0x00000000000001ff)
mkdir('/home/runner/.nimble/pkgs/picohttpparser-0.10.0', 0x00000000000001ff)
chmod('/home/runner/.nimble/pkgs/picohttpparser-0.10.0/picohttpparser_api.nim', 0x00000000000001a4)
mkdir('/home', 0x00000000000001ff)
mkdir('/home/runner', 0x00000000000001ff)
mkdir('/home/runner/.nimble', 0x00000000000001ff)
mkdir('/home/runner/.nimble/pkgs', 0x00000000000001ff)
mkdir('/home/runner/.nimble/pkgs/picohttpparser-0.10.0', 0x00000000000001ff)
chmod('/home/runner/.nimble/pkgs/picohttpparser-0.10.0/picohttpparser.nimble', 0x00000000000001a4)
mkdir('/home', 0x00000000000001ff)
mkdir('/home/runner', 0x00000000000001ff)
mkdir('/home/runner/.nimble', 0x00000000000001ff)
mkdir('/home/runner/.nimble/pkgs', 0x00000000000001ff)
mkdir('/home/runner/.nimble/pkgs/picohttpparser-0.10.0', 0x00000000000001ff)
chmod('/home/runner/.nimble/pkgs/picohttpparser-0.10.0/README.md', 0x00000000000001a4)
chmod('/home/runner/.nimble/pkgs/picohttpparser-0.10.0/picohttpparser.nimble', 0x00000000000001a4)
unlink('/tmp/nimble_8339/githubcom_philipwernersbachnimpicohttpparser/.gitignore')
unlink('/tmp/nimble_8339/githubcom_philipwernersbachnimpicohttpparser/picohttpparser_api.nim')
unlink('/tmp/nimble_8339/githubcom_philipwernersbachnimpicohttpparser/picohttpparser.nimble')
unlink('/tmp/nimble_8339/githubcom_philipwernersbachnimpicohttpparser/.git/HEAD')
unlink('/tmp/nimble_8339/githubcom_philipwernersbachnimpicohttpparser/.git/config')
unlink('/tmp/nimble_8339/githubcom_philipwernersbachnimpicohttpparser/.git/logs/HEAD')
rmdir('/tmp/nimble_8339/githubcom_philipwernersbachnimpicohttpparser/.git/logs')
rmdir('/tmp/nimble_8339/githubcom_philipwernersbachnimpicohttpparser/.git/branches')
unlink('/tmp/nimble_8339/githubcom_philipwernersbachnimpicohttpparser/.git/packed-refs')
rmdir('/tmp/nimble_8339/githubcom_philipwernersbachnimpicohttpparser/.git/refs/heads')
rmdir('/tmp/nimble_8339/githubcom_philipwernersbachnimpicohttpparser/.git/refs/tags')
rmdir('/tmp/nimble_8339/githubcom_philipwernersbachnimpicohttpparser/.git/refs')
unlink('/tmp/nimble_8339/githubcom_philipwernersbachnimpicohttpparser/.git/hooks/fsmonitor-watchman.sample')
unlink('/tmp/nimble_8339/githubcom_philipwernersbachnimpicohttpparser/.git/hooks/pre-rebase.sample')
unlink('/tmp/nimble_8339/githubcom_philipwernersbachnimpicohttpparser/.git/hooks/pre-push.sample')
unlink('/tmp/nimble_8339/githubcom_philipwernersbachnimpicohttpparser/.git/hooks/pre-applypatch.sample')
unlink('/tmp/nimble_8339/githubcom_philipwernersbachnimpicohttpparser/.git/hooks/pre-receive.sample')
unlink('/tmp/nimble_8339/githubcom_philipwernersbachnimpicohttpparser/.git/hooks/commit-msg.sample')
unlink('/tmp/nimble_8339/githubcom_philipwernersbachnimpicohttpparser/.git/hooks/pre-merge-commit.sample')
unlink('/tmp/nimble_8339/githubcom_philipwernersbachnimpicohttpparser/.git/hooks/prepare-commit-msg.sample')
unlink('/tmp/nimble_8339/githubcom_philipwernersbachnimpicohttpparser/.git/hooks/pre-commit.sample')
unlink('/tmp/nimble_8339/githubcom_philipwernersbachnimpicohttpparser/.git/hooks/update.sample')
unlink('/tmp/nimble_8339/githubcom_philipwernersbachnimpicohttpparser/.git/hooks/applypatch-msg.sample')
unlink('/tmp/nimble_8339/githubcom_philipwernersbachnimpicohttpparser/.git/hooks/post-update.sample')
rmdir('/tmp/nimble_8339/githubcom_philipwernersbachnimpicohttpparser/.git/hooks')
unlink('/tmp/nimble_8339/githubcom_philipwernersbachnimpicohttpparser/.git/index')
unlink('/tmp/nimble_8339/githubcom_philipwernersbachnimpicohttpparser/.git/info/exclude')
rmdir('/tmp/nimble_8339/githubcom_philipwernersbachnimpicohttpparser/.git/info')
unlink('/tmp/nimble_8339/githubcom_philipwernersbachnimpicohttpparser/.git/shallow')
unlink('/tmp/nimble_8339/githubcom_philipwernersbachnimpicohttpparser/.git/description')
unlink('/tmp/nimble_8339/githubcom_philipwernersbachnimpicohttpparser/.git/objects/pack/pack-cf2f55a81b86f7aba3e1e1a81cd191f96406d610.idx')
unlink('/tmp/nimble_8339/githubcom_philipwernersbachnimpicohttpparser/.git/objects/pack/pack-cf2f55a81b86f7aba3e1e1a81cd191f96406d610.pack')
rmdir('/tmp/nimble_8339/githubcom_philipwernersbachnimpicohttpparser/.git/objects/pack')
rmdir('/tmp/nimble_8339/githubcom_philipwernersbachnimpicohttpparser/.git/objects/info')
rmdir('/tmp/nimble_8339/githubcom_philipwernersbachnimpicohttpparser/.git/objects')
rmdir('/tmp/nimble_8339/githubcom_philipwernersbachnimpicohttpparser/.git')
unlink('/tmp/nimble_8339/githubcom_philipwernersbachnimpicohttpparser/.gitmodules')
unlink('/tmp/nimble_8339/githubcom_philipwernersbachnimpicohttpparser/README.md')
rmdir('/tmp/nimble_8339/githubcom_philipwernersbachnimpicohttpparser')
rmdir('/tmp/nimble_8339')
  create directory /tmp
  create directory /tmp/nimble_8339
  create directory /tmp/nimble_8339/githubcom_philipwernersbachnimpicohttpparser
  delete /tmp/nimble_8339/githubcom_philipwernersbachnimpicohttpparser
  create directory /tmp/nimble_8339/githubcom_philipwernersbachnimpicohttpparser
  create directory /tmp/nimble_8339/githubcom_philipwernersbachnimpicohttpparser/.git
  create directory /tmp/nimble_8339/githubcom_philipwernersbachnimpicohttpparser/.git
  create directory /tmp/nimble_8339/githubcom_philipwernersbachnimpicohttpparser/.git/branches
  create directory /tmp/nimble_8339/githubcom_philipwernersbachnimpicohttpparser/.git/hooks
  create directory /tmp/nimble_8339/githubcom_philipwernersbachnimpicohttpparser/.git/info
  create directory /tmp/nimble_8339/githubcom_philipwernersbachnimpicohttpparser/.git/refs
  create directory /tmp/nimble_8339/githubcom_philipwernersbachnimpicohttpparser/.git/refs/heads
  create directory /tmp/nimble_8339/githubcom_philipwernersbachnimpicohttpparser/.git/refs/tags
  rename /tmp/nimble_8339/githubcom_philipwernersbachnimpicohttpparser/.git/HEAD.lock to HEAD
  rename /tmp/nimble_8339/githubcom_philipwernersbachnimpicohttpparser/.git/config.lock to config
  change permissions of /tmp/nimble_8339/githubcom_philipwernersbachnimpicohttpparser/.git/config to rwxr--r--
  change permissions of /tmp/nimble_8339/githubcom_philipwernersbachnimpicohttpparser/.git/config to rw-r--r--
  change permissions of /tmp/nimble_8339/githubcom_philipwernersbachnimpicohttpparser/.git/config.lock to rw-r--r--
  rename /tmp/nimble_8339/githubcom_philipwernersbachnimpicohttpparser/.git/config.lock to config
  change permissions of /tmp/nimble_8339/githubcom_philipwernersbachnimpicohttpparser/.git/config.lock to rw-r--r--
  rename /tmp/nimble_8339/githubcom_philipwernersbachnimpicohttpparser/.git/config.lock to config
  change permissions of /tmp/nimble_8339/githubcom_philipwernersbachnimpicohttpparser/.git/config.lock to rw-r--r--
  rename /tmp/nimble_8339/githubcom_philipwernersbachnimpicohttpparser/.git/config.lock to config
  delete /tmp/nimble_8339/githubcom_philipwernersbachnimpicohttpparser/.git/tKUb7ze
  create symbolic link from /tmp/nimble_8339/githubcom_philipwernersbachnimpicohttpparser/.git/tKUb7ze to /home/runner/work/nim_packages_security_audit/nim_packages_security_audit/testing
  delete /tmp/nimble_8339/githubcom_philipwernersbachnimpicohttpparser/.git/tKUb7ze
  create directory /tmp/nimble_8339/githubcom_philipwernersbachnimpicohttpparser/.git/objects
  create directory /tmp/nimble_8339/githubcom_philipwernersbachnimpicohttpparser/.git/objects/pack
  create directory /tmp/nimble_8339/githubcom_philipwernersbachnimpicohttpparser/.git/objects/info
  change permissions of /tmp/nimble_8339/githubcom_philipwernersbachnimpicohttpparser/.git/config.lock to rw-r--r--
  rename /tmp/nimble_8339/githubcom_philipwernersbachnimpicohttpparser/.git/config.lock to config
  change permissions of /tmp/nimble_8339/githubcom_philipwernersbachnimpicohttpparser/.git/config.lock to rw-r--r--
  rename /tmp/nimble_8339/githubcom_philipwernersbachnimpicohttpparser/.git/config.lock to config
  change permissions of /tmp/nimble_8339/githubcom_philipwernersbachnimpicohttpparser/.git/config.lock to rw-r--r--
  rename /tmp/nimble_8339/githubcom_philipwernersbachnimpicohttpparser/.git/config.lock to config
  create hard link from /tmp/nimble_8339/githubcom_philipwernersbachnimpicohttpparser/.git/objects/pack/pack-cf2f55a81b86f7aba3e1e1a81cd191f96406d610.pack to /tmp/nimble_8339/githubcom_philipwernersbachnimpicohttpparser/.git/objects/pack/tmp_pack_EQExHP
  delete /tmp/nimble_8339/githubcom_philipwernersbachnimpicohttpparser/.git/objects/pack/tmp_pack_EQExHP
  create hard link from /tmp/nimble_8339/githubcom_philipwernersbachnimpicohttpparser/.git/objects/pack/pack-cf2f55a81b86f7aba3e1e1a81cd191f96406d610.idx to /tmp/nimble_8339/githubcom_philipwernersbachnimpicohttpparser/.git/objects/pack/tmp_idx_yBiDUU
  delete /tmp/nimble_8339/githubcom_philipwernersbachnimpicohttpparser/.git/objects/pack/tmp_idx_yBiDUU
  rename /tmp/nimble_8339/githubcom_philipwernersbachnimpicohttpparser/.git/shallow.lock to shallow
  rename /tmp/nimble_8339/githubcom_philipwernersbachnimpicohttpparser/.git/packed-refs.new to packed-refs
  delete /tmp/nimble_8339/githubcom_philipwernersbachnimpicohttpparser/.git/packed-refs.lock
  delete /tmp/nimble_8339/githubcom_philipwernersbachnimpicohttpparser/.git/refs/tags/0.10.0.lock
  create directory /tmp/nimble_8339/githubcom_philipwernersbachnimpicohttpparser/.git/logs
  rename /tmp/nimble_8339/githubcom_philipwernersbachnimpicohttpparser/.git/HEAD.lock to HEAD
  delete /tmp/nimble_8339/githubcom_philipwernersbachnimpicohttpparser/.git/objects/pack/pack-cf2f55a81b86f7aba3e1e1a81cd191f96406d610.keep
  rename /tmp/nimble_8339/githubcom_philipwernersbachnimpicohttpparser/.git/index.lock to index
  create directory /home
  create directory /home/runner
  create directory /home/runner/.nimble
  create directory /home/runner/.nimble/pkgs
  create directory /home/runner/.nimble/pkgs/picohttpparser-0.10.0
  create directory /home
  create directory /home/runner
  create directory /home/runner/.nimble
  create directory /home/runner/.nimble/pkgs
  create directory /home/runner/.nimble/pkgs/picohttpparser-0.10.0
  change permissions of /home/runner/.nimble/pkgs/picohttpparser-0.10.0/picohttpparser_api.nim to rw-r--r--
  create directory /home
  create directory /home/runner
  create directory /home/runner/.nimble
  create directory /home/runner/.nimble/pkgs
  create directory /home/runner/.nimble/pkgs/picohttpparser-0.10.0
  change permissions of /home/runner/.nimble/pkgs/picohttpparser-0.10.0/picohttpparser.nimble to rw-r--r--
  create directory /home
  create directory /home/runner
  create directory /home/runner/.nimble
  create directory /home/runner/.nimble/pkgs
  create directory /home/runner/.nimble/pkgs/picohttpparser-0.10.0
  change permissions of /home/runner/.nimble/pkgs/picohttpparser-0.10.0/README.md to rw-r--r--
  change permissions of /home/runner/.nimble/pkgs/picohttpparser-0.10.0/picohttpparser.nimble to rw-r--r--
  delete /tmp/nimble_8339/githubcom_philipwernersbachnimpicohttpparser/.gitignore
  delete /tmp/nimble_8339/githubcom_philipwernersbachnimpicohttpparser/picohttpparser_api.nim
  delete /tmp/nimble_8339/githubcom_philipwernersbachnimpicohttpparser/picohttpparser.nimble
  delete /tmp/nimble_8339/githubcom_philipwernersbachnimpicohttpparser/.git/HEAD
  delete /tmp/nimble_8339/githubcom_philipwernersbachnimpicohttpparser/.git/config
  delete /tmp/nimble_8339/githubcom_philipwernersbachnimpicohttpparser/.git/logs/HEAD
  delete /tmp/nimble_8339/githubcom_philipwernersbachnimpicohttpparser/.git/logs
  delete /tmp/nimble_8339/githubcom_philipwernersbachnimpicohttpparser/.git/branches
  delete /tmp/nimble_8339/githubcom_philipwernersbachnimpicohttpparser/.git/packed-refs
  delete /tmp/nimble_8339/githubcom_philipwernersbachnimpicohttpparser/.git/refs/heads
  delete /tmp/nimble_8339/githubcom_philipwernersbachnimpicohttpparser/.git/refs/tags
  delete /tmp/nimble_8339/githubcom_philipwernersbachnimpicohttpparser/.git/refs
  delete /tmp/nimble_8339/githubcom_philipwernersbachnimpicohttpparser/.git/hooks/fsmonitor-watchman.sample
  delete /tmp/nimble_8339/githubcom_philipwernersbachnimpicohttpparser/.git/hooks/pre-rebase.sample
  delete /tmp/nimble_8339/githubcom_philipwernersbachnimpicohttpparser/.git/hooks/pre-push.sample
  delete /tmp/nimble_8339/githubcom_philipwernersbachnimpicohttpparser/.git/hooks/pre-applypatch.sample
  delete /tmp/nimble_8339/githubcom_philipwernersbachnimpicohttpparser/.git/hooks/pre-receive.sample
  delete /tmp/nimble_8339/githubcom_philipwernersbachnimpicohttpparser/.git/hooks/commit-msg.sample
  delete /tmp/nimble_8339/githubcom_philipwernersbachnimpicohttpparser/.git/hooks/pre-merge-commit.sample
  delete /tmp/nimble_8339/githubcom_philipwernersbachnimpicohttpparser/.git/hooks/prepare-commit-msg.sample
  delete /tmp/nimble_8339/githubcom_philipwernersbachnimpicohttpparser/.git/hooks/pre-commit.sample
  delete /tmp/nimble_8339/githubcom_philipwernersbachnimpicohttpparser/.git/hooks/update.sample
  delete /tmp/nimble_8339/githubcom_philipwernersbachnimpicohttpparser/.git/hooks/applypatch-msg.sample
  delete /tmp/nimble_8339/githubcom_philipwernersbachnimpicohttpparser/.git/hooks/post-update.sample
  delete /tmp/nimble_8339/githubcom_philipwernersbachnimpicohttpparser/.git/hooks
  delete /tmp/nimble_8339/githubcom_philipwernersbachnimpicohttpparser/.git/index
  delete /tmp/nimble_8339/githubcom_philipwernersbachnimpicohttpparser/.git/info/exclude
  delete /tmp/nimble_8339/githubcom_philipwernersbachnimpicohttpparser/.git/info
  delete /tmp/nimble_8339/githubcom_philipwernersbachnimpicohttpparser/.git/shallow
  delete /tmp/nimble_8339/githubcom_philipwernersbachnimpicohttpparser/.git/description
  delete /tmp/nimble_8339/githubcom_philipwernersbachnimpicohttpparser/.git/objects/pack/pack-cf2f55a81b86f7aba3e1e1a81cd191f96406d610.idx
  delete /tmp/nimble_8339/githubcom_philipwernersbachnimpicohttpparser/.git/objects/pack/pack-cf2f55a81b86f7aba3e1e1a81cd191f96406d610.pack
  delete /tmp/nimble_8339/githubcom_philipwernersbachnimpicohttpparser/.git/objects/pack
  delete /tmp/nimble_8339/githubcom_philipwernersbachnimpicohttpparser/.git/objects/info
  delete /tmp/nimble_8339/githubcom_philipwernersbachnimpicohttpparser/.git/objects
  delete /tmp/nimble_8339/githubcom_philipwernersbachnimpicohttpparser/.git
  delete /tmp/nimble_8339/githubcom_philipwernersbachnimpicohttpparser/.gitmodules
  delete /tmp/nimble_8339/githubcom_philipwernersbachnimpicohttpparser/README.md
  delete /tmp/nimble_8339/githubcom_philipwernersbachnimpicohttpparser
  delete /tmp/nimble_8339
