     Info:  Nimble data file "/home/runner/.nimble/nimbledata2.json" has been loaded.
    Reading official package list
Downloading https://github.com/patternspandemic/pixienator using git
    Cloning latest tagged version: 20230610
open('/workspace/destdir/ssl/openssl.cnf', 32768, 0x00000000000001b6)
open('/home/runner/.config/nimble/nimble.ini', 557056, 0x00000000000001b6)
open('/home/runner/.config/babel/babel.ini', 557056, 0x00000000000001b6)
open('/home/runner/.nimble/nimbledata2.json', 557056, 0x00000000000001b6)
writev(1, 0x00007fffdb6598a0, 2)
writev(1, 0x00007fffdb659180, 2)
open('/home/runner/.nimble/packages_official.json', 557056, 0x00000000000001b6)
mkdir('/tmp/', 0x00000000000001ff)
mkdir('/tmp/nimble_3919/', 0x00000000000001ff)
mkdir('/tmp/nimble_3919/githubcom_patternspandemicpixienator', 0x00000000000001ff)
writev(1, 0x00007fffdb659150, 2)
open('/tmp/nimble_3919/githubcom_patternspandemicpixienator', 622592, 0x0000000000000000)
rmdir('/tmp/nimble_3919/githubcom_patternspandemicpixienator')
writev(1, 0x00007fffdb6590c0, 2)
mkdir(94085279348080, 0x00000000000001ff)
Error tracing process: readBytes(0x00005591efa77570, 256) error: [Errno 5] Input/output error.
