      Info: Package cache path /home/runner/.nimble/pkgcache
     Info:  Nimble data file "/home/runner/.nimble/nimbledata2.json" has been loaded.
    Reading official package list
Downloading https://github.com/def-/nim-platformer using git
   Warning: The package has no tagged releases, downloading HEAD instead.
open('/workspace/destdir/ssl/openssl.cnf', 32768, 0x00000000000001b6)
open('/home/runner/.config/nimble/nimble.ini', 557056, 0x00000000000001b6)
open('/home/runner/.config/babel/babel.ini', 557056, 0x00000000000001b6)
writev(1, 0x00007fffa8bccc20, 2)
open('/home/runner/.nimble/nimbledata2.json', 557056, 0x00000000000001b6)
writev(1, 0x00007fffa8bcccf0, 2)
writev(1, 0x00007ffd95215c80, 2)
writev(1, 0x00007ffd95215d10, 2)
writev(1, 0x00007ffd95215d10, 2)
writev(1, 0x00007ffd95215d10, 2)
writev(1, 0x00007fffa8bcb810, 2)
open('/home/runner/.nimble/packages_official.json', 557056, 0x00000000000001b6)
mkdir('/home/', 0x00000000000001ff)
mkdir('/home/runner/', 0x00000000000001ff)
mkdir('/home/runner/.nimble/', 0x00000000000001ff)
mkdir('/home/runner/.nimble/pkgcache/', 0x00000000000001ff)
mkdir('/home/runner/.nimble/pkgcache/githubcom_defnimplatformer', 0x00000000000001ff)
open('/home/runner/.nimble/pkgcache/githubcom_defnimplatformer', 622592, 0x0000000000000000)
writev(1, 0x00007fffa8bcb900, 2)
open('/home/runner/.nimble/pkgcache/githubcom_defnimplatformer', 622592, 0x0000000000000000)
rmdir('/home/runner/.nimble/pkgcache/githubcom_defnimplatformer')
writev(1, 0x00007fffa8bcb7f0, 2)
mkdir(93947266472688, 0x00000000000001ff)
Error tracing process: readBytes(0x00005571cd721af0, 256) error: [Errno 5] Input/output error.
