      Info: Package cache path /home/runner/.nimble/pkgcache
     Info:  Nimble data file "/home/runner/.nimble/nimbledata2.json" has been loaded.
    Reading official package list
Downloading https://github.com/samdze/playdate-nim using git
    Cloning latest tagged version: v0.22.0
open('/workspace/destdir/ssl/openssl.cnf', 32768, 0x00000000000001b6)
open('/home/runner/.config/nimble/nimble.ini', 557056, 0x00000000000001b6)
open('/home/runner/.config/babel/babel.ini', 557056, 0x00000000000001b6)
writev(1, 0x00007ffe1fa4f1a0, 2)
open('/home/runner/.nimble/nimbledata2.json', 557056, 0x00000000000001b6)
writev(1, 0x00007ffe1fa4f270, 2)
writev(1, 0x00007ffc4d06bd00, 2)
writev(1, 0x00007ffc4d06bd90, 2)
writev(1, 0x00007ffc4d06bd90, 2)
writev(1, 0x00007ffc4d06bd90, 2)
writev(1, 0x00007ffe1fa4dc80, 2)
open('/home/runner/.nimble/packages_official.json', 557056, 0x00000000000001b6)
mkdir('/home/', 0x00000000000001ff)
mkdir('/home/runner/', 0x00000000000001ff)
mkdir('/home/runner/.nimble/', 0x00000000000001ff)
mkdir('/home/runner/.nimble/pkgcache/', 0x00000000000001ff)
mkdir('/home/runner/.nimble/pkgcache/githubcom_samdzeplaydatenim', 0x00000000000001ff)
open('/home/runner/.nimble/pkgcache/githubcom_samdzeplaydatenim', 622592, 0x0000000000000000)
writev(1, 0x00007ffe1fa4dce0, 2)
open('/home/runner/.nimble/pkgcache/githubcom_samdzeplaydatenim', 622592, 0x0000000000000000)
rmdir('/home/runner/.nimble/pkgcache/githubcom_samdzeplaydatenim')
writev(1, 0x00007ffe1fa4dbd0, 2)
mkdir(94105502280528, 0x00000000000001ff)
Error tracing process: readBytes(0x00005596a508eb50, 256) error: [Errno 5] Input/output error.
