      Info: Package cache path /home/runner/.nimble/pkgcache
     Info:  Nimble data file "/home/runner/.nimble/nimbledata2.json" has been loaded.
    Reading official package list
Downloading https://github.com/theduke/nim-playground using git
    Cloning latest tagged version: v0.1.0
open('/workspace/destdir/ssl/openssl.cnf', 32768, 0x00000000000001b6)
open('/home/runner/.config/nimble/nimble.ini', 557056, 0x00000000000001b6)
open('/home/runner/.config/babel/babel.ini', 557056, 0x00000000000001b6)
writev(1, 0x00007fff79cdce90, 2)
open('/home/runner/.nimble/nimbledata2.json', 557056, 0x00000000000001b6)
writev(1, 0x00007fff79cdcf60, 2)
writev(1, 0x00007ffd057ccfc0, 2)
writev(1, 0x00007ffd057cd050, 2)
writev(1, 0x00007ffd057cd050, 2)
writev(1, 0x00007ffd057cd050, 2)
writev(1, 0x00007fff79cdb970, 2)
open('/home/runner/.nimble/packages_official.json', 557056, 0x00000000000001b6)
mkdir('/home/', 0x00000000000001ff)
mkdir('/home/runner/', 0x00000000000001ff)
mkdir('/home/runner/.nimble/', 0x00000000000001ff)
mkdir('/home/runner/.nimble/pkgcache/', 0x00000000000001ff)
mkdir('/home/runner/.nimble/pkgcache/githubcom_thedukenimplayground', 0x00000000000001ff)
open('/home/runner/.nimble/pkgcache/githubcom_thedukenimplayground', 622592, 0x0000000000000000)
writev(1, 0x00007fff79cdb9d0, 2)
open('/home/runner/.nimble/pkgcache/githubcom_thedukenimplayground', 622592, 0x0000000000000000)
rmdir('/home/runner/.nimble/pkgcache/githubcom_thedukenimplayground')
writev(1, 0x00007fff79cdb8c0, 2)
mkdir(93859746487136, 0x00000000000001ff)
Error tracing process: readBytes(0x0000555d6cd91b60, 256) error: [Errno 5] Input/output error.
