      Info: Package cache path /home/runner/.nimble/pkgcache
     Info:  Nimble data file "/home/runner/.nimble/nimbledata2.json" has been loaded.
    Reading official package list
Downloading https://github.com/genotrance/plugins using git
    Cloning latest tagged version: v0.1.2
open('/workspace/destdir/ssl/openssl.cnf', 32768, 0x00000000000001b6)
open('/home/runner/.config/nimble/nimble.ini', 557056, 0x00000000000001b6)
open('/home/runner/.config/babel/babel.ini', 557056, 0x00000000000001b6)
writev(1, 0x00007ffe52499260, 2)
open('/home/runner/.nimble/nimbledata2.json', 557056, 0x00000000000001b6)
writev(1, 0x00007ffe52499330, 2)
writev(1, 0x00007ffc47675130, 2)
writev(1, 0x00007ffc476751c0, 2)
writev(1, 0x00007ffc476751c0, 2)
writev(1, 0x00007ffc476751c0, 2)
writev(1, 0x00007ffe52497e50, 2)
open('/home/runner/.nimble/packages_official.json', 557056, 0x00000000000001b6)
mkdir('/home/', 0x00000000000001ff)
mkdir('/home/runner/', 0x00000000000001ff)
mkdir('/home/runner/.nimble/', 0x00000000000001ff)
mkdir('/home/runner/.nimble/pkgcache/', 0x00000000000001ff)
mkdir('/home/runner/.nimble/pkgcache/githubcom_genotranceplugins', 0x00000000000001ff)
open('/home/runner/.nimble/pkgcache/githubcom_genotranceplugins', 622592, 0x0000000000000000)
writev(1, 0x00007ffe52497f40, 2)
open('/home/runner/.nimble/pkgcache/githubcom_genotranceplugins', 622592, 0x0000000000000000)
rmdir('/home/runner/.nimble/pkgcache/githubcom_genotranceplugins')
writev(1, 0x00007ffe52497e30, 2)
mkdir(94212531501888, 0x00000000000001ff)
Error tracing process: readBytes(0x000055af90793b40, 256) error: [Errno 5] Input/output error.
