    Reading official package list
Downloading https://github.com/juancarlospaco/nim-pypi using git
    Cloning latest tagged version: 0.0.1
mkdir('/tmp', 0x00000000000001ff)
mkdir('/tmp/nimble_9873', 0x00000000000001ff)
mkdir('/tmp/nimble_9873/githubcom_juancarlospaconimpypi', 0x00000000000001ff)
rmdir('/tmp/nimble_9873/githubcom_juancarlospaconimpypi')
mkdir('/tmp/nimble_9873/githubcom_juancarlospaconimpypi', 0x00000000000001ff)
mkdir('/tmp/nimble_9873/githubcom_juancarlospaconimpypi/.git', 0x00000000000001ff)
mkdir('/tmp/nimble_9873/githubcom_juancarlospaconimpypi/.git/', 0x00000000000001ff)
mkdir('/tmp/nimble_9873/githubcom_juancarlospaconimpypi/.git/info/', 0x00000000000001ff)
mkdir('/tmp/nimble_9873/githubcom_juancarlospaconimpypi/.git/hooks/', 0x00000000000001ff)
mkdir('/tmp/nimble_9873/githubcom_juancarlospaconimpypi/.git/branches/', 0x00000000000001ff)
mkdir('/tmp/nimble_9873/githubcom_juancarlospaconimpypi/.git/refs', 0x00000000000001ff)
mkdir('/tmp/nimble_9873/githubcom_juancarlospaconimpypi/.git/refs/heads', 0x00000000000001ff)
mkdir('/tmp/nimble_9873/githubcom_juancarlospaconimpypi/.git/refs/tags', 0x00000000000001ff)
rename('/tmp/nimble_9873/githubcom_juancarlospaconimpypi/.git/HEAD.lock', '/tmp/nimble_9873/githubcom_juancarlospaconimpypi/.git/HEAD')
rename('/tmp/nimble_9873/githubcom_juancarlospaconimpypi/.git/config.lock', '/tmp/nimble_9873/githubcom_juancarlospaconimpypi/.git/config')
chmod('/tmp/nimble_9873/githubcom_juancarlospaconimpypi/.git/config', 0x00000000000081e4)
chmod('/tmp/nimble_9873/githubcom_juancarlospaconimpypi/.git/config', 0x00000000000081a4)
chmod('/tmp/nimble_9873/githubcom_juancarlospaconimpypi/.git/config.lock', 0x00000000000001a4)
rename('/tmp/nimble_9873/githubcom_juancarlospaconimpypi/.git/config.lock', '/tmp/nimble_9873/githubcom_juancarlospaconimpypi/.git/config')
chmod('/tmp/nimble_9873/githubcom_juancarlospaconimpypi/.git/config.lock', 0x00000000000001a4)
rename('/tmp/nimble_9873/githubcom_juancarlospaconimpypi/.git/config.lock', '/tmp/nimble_9873/githubcom_juancarlospaconimpypi/.git/config')
chmod('/tmp/nimble_9873/githubcom_juancarlospaconimpypi/.git/config.lock', 0x00000000000001a4)
rename('/tmp/nimble_9873/githubcom_juancarlospaconimpypi/.git/config.lock', '/tmp/nimble_9873/githubcom_juancarlospaconimpypi/.git/config')
unlink('/tmp/nimble_9873/githubcom_juancarlospaconimpypi/.git/tkFby5O')
symlink('testing', '/tmp/nimble_9873/githubcom_juancarlospaconimpypi/.git/tkFby5O')
unlink('/tmp/nimble_9873/githubcom_juancarlospaconimpypi/.git/tkFby5O')
mkdir('/tmp/nimble_9873/githubcom_juancarlospaconimpypi/.git/objects', 0x00000000000001ff)
mkdir('/tmp/nimble_9873/githubcom_juancarlospaconimpypi/.git/objects/pack', 0x00000000000001ff)
mkdir('/tmp/nimble_9873/githubcom_juancarlospaconimpypi/.git/objects/info', 0x00000000000001ff)
chmod('/tmp/nimble_9873/githubcom_juancarlospaconimpypi/.git/config.lock', 0x00000000000001a4)
rename('/tmp/nimble_9873/githubcom_juancarlospaconimpypi/.git/config.lock', '/tmp/nimble_9873/githubcom_juancarlospaconimpypi/.git/config')
chmod('/tmp/nimble_9873/githubcom_juancarlospaconimpypi/.git/config.lock', 0x00000000000001a4)
rename('/tmp/nimble_9873/githubcom_juancarlospaconimpypi/.git/config.lock', '/tmp/nimble_9873/githubcom_juancarlospaconimpypi/.git/config')
chmod('/tmp/nimble_9873/githubcom_juancarlospaconimpypi/.git/config.lock', 0x00000000000001a4)
rename('/tmp/nimble_9873/githubcom_juancarlospaconimpypi/.git/config.lock', '/tmp/nimble_9873/githubcom_juancarlospaconimpypi/.git/config')
mkdir('/tmp/nimble_9873/githubcom_juancarlospaconimpypi/.git/objects/1d', 0x00000000000001ff)
link('/tmp/nimble_9873/githubcom_juancarlospaconimpypi/.git/objects/1d/tmp_obj_PjXhuG', '/tmp/nimble_9873/githubcom_juancarlospaconimpypi/.git/objects/1d/03837a9bce94ede1d1063e5165646d8ff321ea')
unlink('/tmp/nimble_9873/githubcom_juancarlospaconimpypi/.git/objects/1d/tmp_obj_PjXhuG')
mkdir('/tmp/nimble_9873/githubcom_juancarlospaconimpypi/.git/objects/fd', 0x00000000000001ff)
link('/tmp/nimble_9873/githubcom_juancarlospaconimpypi/.git/objects/fd/tmp_obj_rBAcrF', '/tmp/nimble_9873/githubcom_juancarlospaconimpypi/.git/objects/fd/6e831af41821c52faccf000a25faffd23d3dc8')
unlink('/tmp/nimble_9873/githubcom_juancarlospaconimpypi/.git/objects/fd/tmp_obj_rBAcrF')
mkdir('/tmp/nimble_9873/githubcom_juancarlospaconimpypi/.git/objects/27', 0x00000000000001ff)
link('/tmp/nimble_9873/githubcom_juancarlospaconimpypi/.git/objects/27/tmp_obj_L5UZfI', '/tmp/nimble_9873/githubcom_juancarlospaconimpypi/.git/objects/27/57815b18c68e52617eb9479e7f342654bffc53')
unlink('/tmp/nimble_9873/githubcom_juancarlospaconimpypi/.git/objects/27/tmp_obj_L5UZfI')
mkdir('/tmp/nimble_9873/githubcom_juancarlospaconimpypi/.git/objects/bb', 0x00000000000001ff)
link('/tmp/nimble_9873/githubcom_juancarlospaconimpypi/.git/objects/bb/tmp_obj_3oCjyH', '/tmp/nimble_9873/githubcom_juancarlospaconimpypi/.git/objects/bb/bacff2ebc3335cfcd17fafabf232664cfca2bd')
unlink('/tmp/nimble_9873/githubcom_juancarlospaconimpypi/.git/objects/bb/tmp_obj_3oCjyH')
mkdir('/tmp/nimble_9873/githubcom_juancarlospaconimpypi/.git/objects/a3', 0x00000000000001ff)
link('/tmp/nimble_9873/githubcom_juancarlospaconimpypi/.git/objects/a3/tmp_obj_NyVA0G', '/tmp/nimble_9873/githubcom_juancarlospaconimpypi/.git/objects/a3/af295aac89b8075641cfeb920c6fcd22e70c78')
unlink('/tmp/nimble_9873/githubcom_juancarlospaconimpypi/.git/objects/a3/tmp_obj_NyVA0G')
mkdir('/tmp/nimble_9873/githubcom_juancarlospaconimpypi/.git/objects/a4', 0x00000000000001ff)
link('/tmp/nimble_9873/githubcom_juancarlospaconimpypi/.git/objects/a4/tmp_obj_NeLcAH', '/tmp/nimble_9873/githubcom_juancarlospaconimpypi/.git/objects/a4/cef9c68e5434318337e12e64f43f61bb5c8b27')
unlink('/tmp/nimble_9873/githubcom_juancarlospaconimpypi/.git/objects/a4/tmp_obj_NeLcAH')
mkdir('/tmp/nimble_9873/githubcom_juancarlospaconimpypi/.git/objects/c4', 0x00000000000001ff)
link('/tmp/nimble_9873/githubcom_juancarlospaconimpypi/.git/objects/c4/tmp_obj_TfCACL', '/tmp/nimble_9873/githubcom_juancarlospaconimpypi/.git/objects/c4/b40d4f7d3632a3450ae458f9d3d7f6c6fe4700')
unlink('/tmp/nimble_9873/githubcom_juancarlospaconimpypi/.git/objects/c4/tmp_obj_TfCACL')
mkdir('/tmp/nimble_9873/githubcom_juancarlospaconimpypi/.git/objects/8c', 0x00000000000001ff)
link('/tmp/nimble_9873/githubcom_juancarlospaconimpypi/.git/objects/8c/tmp_obj_BS0KHJ', '/tmp/nimble_9873/githubcom_juancarlospaconimpypi/.git/objects/8c/cc7310c535384f8d3d2dc4606b9a0f160e03ad')
unlink('/tmp/nimble_9873/githubcom_juancarlospaconimpypi/.git/objects/8c/tmp_obj_BS0KHJ')
mkdir('/tmp/nimble_9873/githubcom_juancarlospaconimpypi/.git/objects/83', 0x00000000000001ff)
link('/tmp/nimble_9873/githubcom_juancarlospaconimpypi/.git/objects/83/tmp_obj_lAnbiN', '/tmp/nimble_9873/githubcom_juancarlospaconimpypi/.git/objects/83/ba7b68521dd614e41c6b1b038bc300436dcd25')
unlink('/tmp/nimble_9873/githubcom_juancarlospaconimpypi/.git/objects/83/tmp_obj_lAnbiN')
mkdir('/tmp/nimble_9873/githubcom_juancarlospaconimpypi/.git/objects/d6', 0x00000000000001ff)
link('/tmp/nimble_9873/githubcom_juancarlospaconimpypi/.git/objects/d6/tmp_obj_B6Rk0L', '/tmp/nimble_9873/githubcom_juancarlospaconimpypi/.git/objects/d6/17e0c1a3f567eb3064480d617fed40f3e98405')
unlink('/tmp/nimble_9873/githubcom_juancarlospaconimpypi/.git/objects/d6/tmp_obj_B6Rk0L')
mkdir('/tmp/nimble_9873/githubcom_juancarlospaconimpypi/.git/objects/f8', 0x00000000000001ff)
link('/tmp/nimble_9873/githubcom_juancarlospaconimpypi/.git/objects/f8/tmp_obj_3uXOBP', '/tmp/nimble_9873/githubcom_juancarlospaconimpypi/.git/objects/f8/4499aeb55dae8bd34749db02bada7711545d11')
unlink('/tmp/nimble_9873/githubcom_juancarlospaconimpypi/.git/objects/f8/tmp_obj_3uXOBP')
mkdir('/tmp/nimble_9873/githubcom_juancarlospaconimpypi/.git/objects/e6', 0x00000000000001ff)
link('/tmp/nimble_9873/githubcom_juancarlospaconimpypi/.git/objects/e6/tmp_obj_L1IOWP', '/tmp/nimble_9873/githubcom_juancarlospaconimpypi/.git/objects/e6/9de29bb2d1d6434b8b29ae775ad8c2e48c5391')
unlink('/tmp/nimble_9873/githubcom_juancarlospaconimpypi/.git/objects/e6/tmp_obj_L1IOWP')
mkdir('/tmp/nimble_9873/githubcom_juancarlospaconimpypi/.git/objects/b6', 0x00000000000001ff)
link('/tmp/nimble_9873/githubcom_juancarlospaconimpypi/.git/objects/b6/tmp_obj_ZUhKTW', '/tmp/nimble_9873/githubcom_juancarlospaconimpypi/.git/objects/b6/ca97f9990b642a74b1d20ecd0e02c7928973ec')       Info /tmp/nimble_9873/githubcom_juancarlospaconimpypi/plz_9873.nims(5, 22) Warning: imported and not used: 'strutils' [UnusedImport]
  Verifying dependencies for plz@1.0.0
    Reading official package list
   Checking for requirementstxt@>= 0.0.1
 Installing requirementstxt@>= 0.0.1
    Reading official package list
Downloading https://github.com/juancarlospaco/nim-requirementstxt using git

unlink('/tmp/nimble_9873/githubcom_juancarlospaconimpypi/.git/objects/b6/tmp_obj_ZUhKTW')
mkdir('/tmp/nimble_9873/githubcom_juancarlospaconimpypi/.git/objects/75', 0x00000000000001ff)
link('/tmp/nimble_9873/githubcom_juancarlospaconimpypi/.git/objects/75/tmp_obj_Fa7HQ0', '/tmp/nimble_9873/githubcom_juancarlospaconimpypi/.git/objects/75/c2367a5a9246e901f5b9dc534e408b41ecb45b')
unlink('/tmp/nimble_9873/githubcom_juancarlospaconimpypi/.git/objects/75/tmp_obj_Fa7HQ0')
mkdir('/tmp/nimble_9873/githubcom_juancarlospaconimpypi/.git/objects/d0', 0x00000000000001ff)
link('/tmp/nimble_9873/githubcom_juancarlospaconimpypi/.git/objects/d0/tmp_obj_fxbvd4', '/tmp/nimble_9873/githubcom_juancarlospaconimpypi/.git/objects/d0/c1f2c7199db7546237e2d1700e84fb90b59b51')
unlink('/tmp/nimble_9873/githubcom_juancarlospaconimpypi/.git/objects/d0/tmp_obj_fxbvd4')
mkdir('/tmp/nimble_9873/githubcom_juancarlospaconimpypi/.git/objects/0d', 0x00000000000001ff)
link('/tmp/nimble_9873/githubcom_juancarlospaconimpypi/.git/objects/0d/tmp_obj_V8z951', '/tmp/nimble_9873/githubcom_juancarlospaconimpypi/.git/objects/0d/eaa58c4d52650d3f86dd5187e11cf91ac27605')
unlink('/tmp/nimble_9873/githubcom_juancarlospaconimpypi/.git/objects/0d/tmp_obj_V8z951')
rename('/tmp/nimble_9873/githubcom_juancarlospaconimpypi/.git/shallow.lock', '/tmp/nimble_9873/githubcom_juancarlospaconimpypi/.git/shallow')
rename('/tmp/nimble_9873/githubcom_juancarlospaconimpypi/.git/packed-refs.new', '/tmp/nimble_9873/githubcom_juancarlospaconimpypi/.git/packed-refs')
unlink('/tmp/nimble_9873/githubcom_juancarlospaconimpypi/.git/packed-refs.lock')
unlink('/tmp/nimble_9873/githubcom_juancarlospaconimpypi/.git/refs/tags/0.0.1.lock')
mkdir('/tmp/nimble_9873/githubcom_juancarlospaconimpypi/.git/logs', 0x00000000000001ff)
rename('/tmp/nimble_9873/githubcom_juancarlospaconimpypi/.git/HEAD.lock', '/tmp/nimble_9873/githubcom_juancarlospaconimpypi/.git/HEAD')
mkdir('.github', 0x00000000000001ff)
mkdir('src', 0x00000000000001ff)
rename('/tmp/nimble_9873/githubcom_juancarlospaconimpypi/.git/index.lock', '/tmp/nimble_9873/githubcom_juancarlospaconimpypi/.git/index')
mkdir('/tmp', 0x00000000000001ff)
mkdir('/tmp/nimblecache', 0x00000000000001ff)
mkdir('/tmp/nimblecache/plz_3320001815', 0x00000000000001ff)
unlink('/tmp/nimblecache/plz_3320001815/plz.ini')
unlink('/tmp/nimble_9873.out')
unlink('/tmp/nimble_9873/githubcom_juancarlospaconimpypi/plz_9873.nims')
mkdir('/tmp', 0x00000000000001ff)
mkdir('/tmp/nimble_9873', 0x00000000000001ff)
mkdir('/tmp/nimble_9873/githubcom_juancarlospaconimrequirementstxt_0.0.1', 0x00000000000001ff)
rmdir('/tmp/nimble_9873/githubcom_juancarlospaconimrequirementstxt_0.0.1')
mkdir('/tmp/nimble_9873/githubcom_juancarlospaconimrequirementstxt_0.0.1', 0x00000000000001ff)
mkdir('/tmp/nimble_9873/githubcom_juancarlospaconimrequirementstxt_0.0.1/.git', 0x00000000000001ff)
mkdir('/tmp/nimble_9873/githubcom_juancarlospaconimrequirementstxt_0.0.1/.git/', 0x00000000000001ff)
mkdir('/tmp/nimble_9873/githubcom_juancarlospaconimrequirementstxt_0.0.1/.git/info/', 0x00000000000001ff)
mkdir('/tmp/nimble_9873/githubcom_juancarlospaconimrequirementstxt_0.0.1/.git/hooks/', 0x00000000000001ff)
mkdir('/tmp/nimble_9873/githubcom_juancarlospaconimrequirementstxt_0.0.1/.git/branches/', 0x00000000000001ff)
mkdir('/tmp/nimble_9873/githubcom_juancarlospaconimrequirementstxt_0.0.1/.git/refs', 0x00000000000001ff)
mkdir('/tmp/nimble_9873/githubcom_juancarlospaconimrequirementstxt_0.0.1/.git/refs/heads', 0x00000000000001ff)
mkdir('/tmp/nimble_9873/githubcom_juancarlospaconimrequirementstxt_0.0.1/.git/refs/tags', 0x00000000000001ff)
rename('/tmp/nimble_9873/githubcom_juancarlospaconimrequirementstxt_0.0.1/.git/HEAD.lock', '/tmp/nimble_9873/githubcom_juancarlospaconimrequirementstxt_0.0.1/.git/HEAD')
rename('/tmp/nimble_9873/githubcom_juancarlospaconimrequirementstxt_0.0.1/.git/config.lock', '/tmp/nimble_9873/githubcom_juancarlospaconimrequirementstxt_0.0.1/.git/config')
chmod('/tmp/nimble_9873/githubcom_juancarlospaconimrequirementstxt_0.0.1/.git/config', 0x00000000000081e4)
chmod('/tmp/nimble_9873/githubcom_juancarlospaconimrequirementstxt_0.0.1/.git/config', 0x00000000000081a4)
chmod('/tmp/nimble_9873/githubcom_juancarlospaconimrequirementstxt_0.0.1/.git/config.lock', 0x00000000000001a4)
rename('/tmp/nimble_9873/githubcom_juancarlospaconimrequirementstxt_0.0.1/.git/config.lock', '/tmp/nimble_9873/githubcom_juancarlospaconimrequirementstxt_0.0.1/.git/config')
chmod('/tmp/nimble_9873/githubcom_juancarlospaconimrequirementstxt_0.0.1/.git/config.lock', 0x00000000000001a4)
rename('/tmp/nimble_9873/githubcom_juancarlospaconimrequirementstxt_0.0.1/.git/config.lock', '/tmp/nimble_9873/githubcom_juancarlospaconimrequirementstxt_0.0.1/.git/config')
chmod('/tmp/nimble_9873/githubcom_juancarlospaconimrequirementstxt_0.0.1/.git/config.lock', 0x00000000000001a4)
rename('/tmp/nimble_9873/githubcom_juancarlospaconimrequirementstxt_0.0.1/.git/config.lock', '/tmp/nimble_9873/githubcom_juancarlospaconimrequirementstxt_0.0.1/.git/config')
unlink('/tmp/nimble_9873/githubcom_juancarlospaconimrequirementstxt_0.0.1/.git/tmWsS5C')
symlink('testing', '/tmp/nimble_9873/githubcom_juancarlospaconimrequirementstxt_0.0.1/.git/tmWsS5C')
unlink('/tmp/nimble_9873/githubcom_juancarlospaconimrequirementstxt_0.0.1/.git/tmWsS5C')
mkdir('/tmp/nimble_9873/githubcom_juancarlospaconimrequirementstxt_0.0.1/.git/objects', 0x00000000000001ff)
mkdir('/tmp/nimble_9873/githubcom_juancarlospaconimrequirementstxt_0.0.1/.git/objects/pack', 0x00000000000001ff)
mkdir('/tmp/nimble_9873/githubcom_juancarlospaconimrequirementstxt_0.0.1/.git/objects/info', 0x00000000000001ff)
chmod('/tmp/nimble_9873/githubcom_juancarlospaconimrequirementstxt_0.0.1/.git/config.lock', 0x00000000000001a4)
rename('/tmp/nimble_9873/githubcom_juancarlospaconimrequirementstxt_0.0.1/.git/config.lock', '/tmp/nimble_9873/githubcom_juancarlospaconimrequirementstxt_0.0.1/.git/config')
chmod('/tmp/nimble_9873/githubcom_juancarlospaconimrequirementstxt_0.0.1/.git/config.lock', 0x00000000000001a4)
rename('/tmp/nimble_9873/githubcom_juancarlospaconimrequirementstxt_0.0.1/.git/config.lock', '/tmp/nimble_9873/githubcom_juancarlospaconimrequirementstxt_0.0.1/.git/config')
chmod('/tmp/nimble_9873/githubcom_juancarlospaconimrequirementstxt_0.0.1/.git/config.lock', 0x00000000000001a4)
rename('/tmp/nimble_9873/githubcom_juancarlospaconimrequirementstxt_0.0.1/.git/config.lock', '/tmp/nimble_9873/githubcom_juancarlospaconimrequirementstxt_0.0.1/.git/config')
mkdir('/tmp/nimble_9873/githubcom_juancarlospaconimrequirementstxt_0.0.1/.git/objects/fc', 0x00000000000001ff)
link('/tmp/nimble_9873/githubcom_juancarlospaconimrequirementstxt_0.0.1/.git/objects/fc/tmp_obj_TevbYY', '/tmp/nimble_9873/githubcom_juancarlospaconimrequirementstxt_0.0.1/.git/objects/fc/7cead5faa55f60507cd4273dd8e64248d8cef3')
unlink('/tmp/nimble_9873/githubcom_juancarlospaconimrequirementstxt_0.0.1/.git/objects/fc/tmp_obj_TevbYY')
mkdir('/tmp/nimble_9873/githubcom_juancarlospaconimrequirementstxt_0.0.1/.git/objects/64', 0x00000000000001ff)
link('/tmp/nimble_9873/githubcom_juancarlospaconimrequirementstxt_0.0.1/.git/objects/64/tmp_obj_d9qnrZ', '/tmp/nimble_9873/githubcom_juancarlospaconimrequirementstxt_0.0.1/.git/objects/64/f5602a8c71ac721bd70db7f3710646b4b0edc8')
unlink('/tmp/nimble_9873/githubcom_juancarlospaconimrequirementstxt_0.0.1/.git/objects/64/tmp_obj_d9qnrZ')
mkdir('/tmp/nimble_9873/githubcom_juancarlospaconimrequirementstxt_0.0.1/.git/objects/67', 0x00000000000001ff)
link('/tmp/nimble_9873/githubcom_juancarlospaconimrequirementstxt_0.0.1/.git/objects/67/tmp_obj_nYs0AX', '/tmp/nimble_9873/githubcom_juancarlospaconimrequirementstxt_0.0.1/.git/objects/67/d9b34c6cecad82ad17197ffa5db4860caf9037')
unlink('/tmp/nimble_9873/githubcom_juancarlospaconimrequirementstxt_0.0.1/.git/objects/67/tmp_obj_nYs0AX')
mkdir('/tmp/nimble_9873/githubcom_juancarlospaconimrequirementstxt_0.0.1/.git/objects/df', 0x00000000000001ff)
link('/tmp/nimble_9873/githubcom_juancarlospaconimrequirementstxt_0.0.1/.git/objects/df/tmp_obj_VJQm4X', '/tmp/nimble_9873/githubcom_juancarlospaconimrequirementstxt_0.0.1/.git/objects/df/66393e2cc3ee2863c542a3a7ed65acd1ae7747')
unlink('/tmp/nimble_9873/githubcom_juancarlospaconimrequirementstxt_0.0.1/.git/objects/df/tmp_obj_VJQm4X')       Info /tmp/nimble_9873/githubcom_juancarlospaconimrequirementstxt_0.0.1/requirementstxt_9873.nims(1, 8) Warning: imported and not used: 'system' [UnusedImport]
        ... /tmp/nimble_9873/githubcom_juancarlospaconimrequirementstxt_0.0.1/requirementstxt_9873.nims(5, 22) Warning: imported and not used: 'strutils' [UnusedImport]
  Verifying dependencies for requirementstxt@0.1.0
 Installing requirementstxt@0.1.0
    Copying file /tmp/nimble_9873/githubcom_juancarlospaconimrequirementstxt_0.0.1/src/requirementstxt.nim to /home/runner/.nimble/pkgs/requirementstxt-0.1.0/requirementstxt.nim
    Copying file /tmp/nimble_9873/githubcom_juancarlospaconimrequirementstxt_0.0.1/requirementstxt.nimble to /home/runner/.nimble/pkgs/requirementstxt-0.1.0/requirementstxt.nimble
   Success: requirementstxt installed successfully.
       Info /home/runner/.nimble/pkgs/requirementstxt-0.1.0/requirementstxt_9873.nims(1, 8) Warning: imported and not used: 'system' [UnusedImport]
        ... /home/runner/.nimble/pkgs/requirementstxt-0.1.0/requirementstxt_9873.nims(5, 22) Warning: imported and not used: 'strutils' [UnusedImport]
    Reading official package list
   Checking for libarchibi@>= 0.0.1
 Installing libarchibi@>= 0.0.1
    Reading official package list
Downloading https://github.com/juancarlospaco/libarchibi using git

mkdir('/tmp/nimble_9873/githubcom_juancarlospaconimrequirementstxt_0.0.1/.git/objects/b2', 0x00000000000001ff)
link('/tmp/nimble_9873/githubcom_juancarlospaconimrequirementstxt_0.0.1/.git/objects/b2/tmp_obj_1Ox221', '/tmp/nimble_9873/githubcom_juancarlospaconimrequirementstxt_0.0.1/.git/objects/b2/ad3d9278533a776d2bfa6bd2a4b84855b1f47b')
unlink('/tmp/nimble_9873/githubcom_juancarlospaconimrequirementstxt_0.0.1/.git/objects/b2/tmp_obj_1Ox221')
mkdir('/tmp/nimble_9873/githubcom_juancarlospaconimrequirementstxt_0.0.1/.git/objects/b6', 0x00000000000001ff)
link('/tmp/nimble_9873/githubcom_juancarlospaconimrequirementstxt_0.0.1/.git/objects/b6/tmp_obj_lJRyy1', '/tmp/nimble_9873/githubcom_juancarlospaconimrequirementstxt_0.0.1/.git/objects/b6/24a5c37ef656fdd7877074fb8f53008702e908')
unlink('/tmp/nimble_9873/githubcom_juancarlospaconimrequirementstxt_0.0.1/.git/objects/b6/tmp_obj_lJRyy1')
mkdir('/tmp/nimble_9873/githubcom_juancarlospaconimrequirementstxt_0.0.1/.git/objects/2b', 0x00000000000001ff)
link('/tmp/nimble_9873/githubcom_juancarlospaconimrequirementstxt_0.0.1/.git/objects/2b/tmp_obj_1sKCNZ', '/tmp/nimble_9873/githubcom_juancarlospaconimrequirementstxt_0.0.1/.git/objects/2b/2985395442ed836c330f0ced2f71e72ba74f94')
unlink('/tmp/nimble_9873/githubcom_juancarlospaconimrequirementstxt_0.0.1/.git/objects/2b/tmp_obj_1sKCNZ')
mkdir('/tmp/nimble_9873/githubcom_juancarlospaconimrequirementstxt_0.0.1/.git/objects/35', 0x00000000000001ff)
link('/tmp/nimble_9873/githubcom_juancarlospaconimrequirementstxt_0.0.1/.git/objects/35/tmp_obj_Lkmqp3', '/tmp/nimble_9873/githubcom_juancarlospaconimrequirementstxt_0.0.1/.git/objects/35/4e2fa08070568ad6b407b30d0dd786c0766c42')
unlink('/tmp/nimble_9873/githubcom_juancarlospaconimrequirementstxt_0.0.1/.git/objects/35/tmp_obj_Lkmqp3')
mkdir('/tmp/nimble_9873/githubcom_juancarlospaconimrequirementstxt_0.0.1/.git/objects/4e', 0x00000000000001ff)
link('/tmp/nimble_9873/githubcom_juancarlospaconimrequirementstxt_0.0.1/.git/objects/4e/tmp_obj_zYHR51', '/tmp/nimble_9873/githubcom_juancarlospaconimrequirementstxt_0.0.1/.git/objects/4e/1d6436bd0f801aef5be285d61c3c6f88ab91a1')
unlink('/tmp/nimble_9873/githubcom_juancarlospaconimrequirementstxt_0.0.1/.git/objects/4e/tmp_obj_zYHR51')
mkdir('/tmp/nimble_9873/githubcom_juancarlospaconimrequirementstxt_0.0.1/.git/objects/c0', 0x00000000000001ff)
link('/tmp/nimble_9873/githubcom_juancarlospaconimrequirementstxt_0.0.1/.git/objects/c0/tmp_obj_Fp8ID5', '/tmp/nimble_9873/githubcom_juancarlospaconimrequirementstxt_0.0.1/.git/objects/c0/a1f565816cf4601abe5bdc63638c9b6819f1c1')
unlink('/tmp/nimble_9873/githubcom_juancarlospaconimrequirementstxt_0.0.1/.git/objects/c0/tmp_obj_Fp8ID5')
mkdir('/tmp/nimble_9873/githubcom_juancarlospaconimrequirementstxt_0.0.1/.git/objects/b1', 0x00000000000001ff)
link('/tmp/nimble_9873/githubcom_juancarlospaconimrequirementstxt_0.0.1/.git/objects/b1/tmp_obj_fYuUL4', '/tmp/nimble_9873/githubcom_juancarlospaconimrequirementstxt_0.0.1/.git/objects/b1/92fb6ca598391ae84d3b0554ce10948e612889')
unlink('/tmp/nimble_9873/githubcom_juancarlospaconimrequirementstxt_0.0.1/.git/objects/b1/tmp_obj_fYuUL4')
mkdir('/tmp/nimble_9873/githubcom_juancarlospaconimrequirementstxt_0.0.1/.git/objects/e8', 0x00000000000001ff)
link('/tmp/nimble_9873/githubcom_juancarlospaconimrequirementstxt_0.0.1/.git/objects/e8/tmp_obj_fI2Rr8', '/tmp/nimble_9873/githubcom_juancarlospaconimrequirementstxt_0.0.1/.git/objects/e8/a0e78e3fc3b5f64c1502db6e66ac9388588ce7')
unlink('/tmp/nimble_9873/githubcom_juancarlospaconimrequirementstxt_0.0.1/.git/objects/e8/tmp_obj_fI2Rr8')
rename('/tmp/nimble_9873/githubcom_juancarlospaconimrequirementstxt_0.0.1/.git/shallow.lock', '/tmp/nimble_9873/githubcom_juancarlospaconimrequirementstxt_0.0.1/.git/shallow')
rename('/tmp/nimble_9873/githubcom_juancarlospaconimrequirementstxt_0.0.1/.git/packed-refs.new', '/tmp/nimble_9873/githubcom_juancarlospaconimrequirementstxt_0.0.1/.git/packed-refs')
unlink('/tmp/nimble_9873/githubcom_juancarlospaconimrequirementstxt_0.0.1/.git/packed-refs.lock')
mkdir('/tmp/nimble_9873/githubcom_juancarlospaconimrequirementstxt_0.0.1/.git/refs/remotes', 0x00000000000001ff)
mkdir('/tmp/nimble_9873/githubcom_juancarlospaconimrequirementstxt_0.0.1/.git/refs/remotes/origin', 0x00000000000001ff)
mkdir('/tmp/nimble_9873/githubcom_juancarlospaconimrequirementstxt_0.0.1/.git/logs', 0x00000000000001ff)
mkdir('/tmp/nimble_9873/githubcom_juancarlospaconimrequirementstxt_0.0.1/.git/logs/refs', 0x00000000000001ff)
mkdir('/tmp/nimble_9873/githubcom_juancarlospaconimrequirementstxt_0.0.1/.git/logs/refs/remotes', 0x00000000000001ff)
mkdir('/tmp/nimble_9873/githubcom_juancarlospaconimrequirementstxt_0.0.1/.git/logs/refs/remotes/origin', 0x00000000000001ff)
rename('/tmp/nimble_9873/githubcom_juancarlospaconimrequirementstxt_0.0.1/.git/refs/remotes/origin/HEAD.lock', '/tmp/nimble_9873/githubcom_juancarlospaconimrequirementstxt_0.0.1/.git/refs/remotes/origin/HEAD')
rename('/tmp/nimble_9873/githubcom_juancarlospaconimrequirementstxt_0.0.1/.git/HEAD.lock', '/tmp/nimble_9873/githubcom_juancarlospaconimrequirementstxt_0.0.1/.git/HEAD')
mkdir('/tmp/nimble_9873/githubcom_juancarlospaconimrequirementstxt_0.0.1/.git/logs/refs/heads', 0x00000000000001ff)
rename('/tmp/nimble_9873/githubcom_juancarlospaconimrequirementstxt_0.0.1/.git/refs/heads/master.lock', '/tmp/nimble_9873/githubcom_juancarlospaconimrequirementstxt_0.0.1/.git/refs/heads/master')
unlink('/tmp/nimble_9873/githubcom_juancarlospaconimrequirementstxt_0.0.1/.git/HEAD.lock')
chmod('/tmp/nimble_9873/githubcom_juancarlospaconimrequirementstxt_0.0.1/.git/config.lock', 0x00000000000001a4)
rename('/tmp/nimble_9873/githubcom_juancarlospaconimrequirementstxt_0.0.1/.git/config.lock', '/tmp/nimble_9873/githubcom_juancarlospaconimrequirementstxt_0.0.1/.git/config')
chmod('/tmp/nimble_9873/githubcom_juancarlospaconimrequirementstxt_0.0.1/.git/config.lock', 0x00000000000001a4)
rename('/tmp/nimble_9873/githubcom_juancarlospaconimrequirementstxt_0.0.1/.git/config.lock', '/tmp/nimble_9873/githubcom_juancarlospaconimrequirementstxt_0.0.1/.git/config')
mkdir('src', 0x00000000000001ff)
mkdir('tests', 0x00000000000001ff)
rename('/tmp/nimble_9873/githubcom_juancarlospaconimrequirementstxt_0.0.1/.git/index.lock', '/tmp/nimble_9873/githubcom_juancarlospaconimrequirementstxt_0.0.1/.git/index')
mkdir('/tmp', 0x00000000000001ff)
mkdir('/tmp/nimblecache', 0x00000000000001ff)
mkdir('/tmp/nimblecache/requirementstxt_3597746384', 0x00000000000001ff)
unlink('/tmp/nimblecache/requirementstxt_3597746384/requirementstxt.ini')
unlink('/tmp/nimble_9873.out')
unlink('/tmp/nimble_9873/githubcom_juancarlospaconimrequirementstxt_0.0.1/requirementstxt_9873.nims')
mkdir('/home', 0x00000000000001ff)
mkdir('/home/runner', 0x00000000000001ff)
mkdir('/home/runner/.nimble', 0x00000000000001ff)
mkdir('/home/runner/.nimble/pkgs', 0x00000000000001ff)
mkdir('/home/runner/.nimble/pkgs/requirementstxt-0.1.0', 0x00000000000001ff)
mkdir('/home', 0x00000000000001ff)
mkdir('/home/runner', 0x00000000000001ff)
mkdir('/home/runner/.nimble', 0x00000000000001ff)
mkdir('/home/runner/.nimble/pkgs', 0x00000000000001ff)
mkdir('/home/runner/.nimble/pkgs/requirementstxt-0.1.0', 0x00000000000001ff)
chmod('/home/runner/.nimble/pkgs/requirementstxt-0.1.0/requirementstxt.nim', 0x00000000000001a4)
chmod('/home/runner/.nimble/pkgs/requirementstxt-0.1.0/requirementstxt.nimble', 0x00000000000001a4)
mkdir('/tmp', 0x00000000000001ff)
mkdir('/tmp/nimblecache', 0x00000000000001ff)
mkdir('/tmp/nimblecache/requirementstxt_1822316984', 0x00000000000001ff)
unlink('/tmp/nimblecache/requirementstxt_1822316984/requirementstxt.ini')
unlink('/tmp/nimble_9873.out')
unlink('/home/runner/.nimble/pkgs/requirementstxt-0.1.0/requirementstxt_9873.nims')
mkdir('/tmp', 0x00000000000001ff)
mkdir('/tmp/nimble_9873', 0x00000000000001ff)
mkdir('/tmp/nimble_9873/githubcom_juancarlospacolibarchibi_0.0.1', 0x00000000000001ff)
rmdir('/tmp/nimble_9873/githubcom_juancarlospacolibarchibi_0.0.1')
mkdir('/tmp/nimble_9873/githubcom_juancarlospacolibarchibi_0.0.1', 0x00000000000001ff)
mkdir('/tmp/nimble_9873/githubcom_juancarlospacolibarchibi_0.0.1/.git', 0x00000000000001ff)
mkdir('/tmp/nimble_9873/githubcom_juancarlospacolibarchibi_0.0.1/.git/', 0x00000000000001ff)
mkdir('/tmp/nimble_9873/githubcom_juancarlospacolibarchibi_0.0.1/.git/info/', 0x00000000000001ff)
mkdir('/tmp/nimble_9873/githubcom_juancarlospacolibarchibi_0.0.1/.git/hooks/', 0x00000000000001ff)
mkdir('/tmp/nimble_9873/githubcom_juancarlospacolibarchibi_0.0.1/.git/branches/', 0x00000000000001ff)
mkdir('/tmp/nimble_9873/githubcom_juancarlospacolibarchibi_0.0.1/.git/refs', 0x00000000000001ff)
mkdir('/tmp/nimble_9873/githubcom_juancarlospacolibarchibi_0.0.1/.git/refs/heads', 0x00000000000001ff)
mkdir('/tmp/nimble_9873/githubcom_juancarlospacolibarchibi_0.0.1/.git/refs/tags', 0x00000000000001ff)
rename('/tmp/nimble_9873/githubcom_juancarlospacolibarchibi_0.0.1/.git/HEAD.lock', '/tmp/nimble_9873/githubcom_juancarlospacolibarchibi_0.0.1/.git/HEAD')
rename('/tmp/nimble_9873/githubcom_juancarlospacolibarchibi_0.0.1/.git/config.lock', '/tmp/nimble_9873/githubcom_juancarlospacolibarchibi_0.0.1/.git/config')
chmod('/tmp/nimble_9873/githubcom_juancarlospacolibarchibi_0.0.1/.git/config', 0x00000000000081e4)
chmod('/tmp/nimble_9873/githubcom_juancarlospacolibarchibi_0.0.1/.git/config', 0x00000000000081a4)
chmod('/tmp/nimble_9873/githubcom_juancarlospacolibarchibi_0.0.1/.git/config.lock', 0x00000000000001a4)
rename('/tmp/nimble_9873/githubcom_juancarlospacolibarchibi_0.0.1/.git/config.lock', '/tmp/nimble_9873/githubcom_juancarlospacolibarchibi_0.0.1/.git/config')
chmod('/tmp/nimble_9873/githubcom_juancarlospacolibarchibi_0.0.1/.git/config.lock', 0x00000000000001a4)
rename('/tmp/nimble_9873/githubcom_juancarlospacolibarchibi_0.0.1/.git/config.lock', '/tmp/nimble_9873/githubcom_juancarlospacolibarchibi_0.0.1/.git/config')
chmod('/tmp/nimble_9873/githubcom_juancarlospacolibarchibi_0.0.1/.git/config.lock', 0x00000000000001a4)
rename('/tmp/nimble_9873/githubcom_juancarlospacolibarchibi_0.0.1/.git/config.lock', '/tmp/nimble_9873/githubcom_juancarlospacolibarchibi_0.0.1/.git/config')
unlink('/tmp/nimble_9873/githubcom_juancarlospacolibarchibi_0.0.1/.git/t42WZuL')
symlink('testing', '/tmp/nimble_9873/githubcom_juancarlospacolibarchibi_0.0.1/.git/t42WZuL')
unlink('/tmp/nimble_9873/githubcom_juancarlospacolibarchibi_0.0.1/.git/t42WZuL')
mkdir('/tmp/nimble_9873/githubcom_juancarlospacolibarchibi_0.0.1/.git/objects', 0x00000000000001ff)
mkdir('/tmp/nimble_9873/githubcom_juancarlospacolibarchibi_0.0.1/.git/objects/pack', 0x00000000000001ff)
mkdir('/tmp/nimble_9873/githubcom_juancarlospacolibarchibi_0.0.1/.git/objects/info', 0x00000000000001ff)
chmod('/tmp/nimble_9873/githubcom_juancarlospacolibarchibi_0.0.1/.git/config.lock', 0x00000000000001a4)
rename('/tmp/nimble_9873/githubcom_juancarlospacolibarchibi_0.0.1/.git/config.lock', '/tmp/nimble_9873/githubcom_juancarlospacolibarchibi_0.0.1/.git/config')
chmod('/tmp/nimble_9873/githubcom_juancarlospacolibarchibi_0.0.1/.git/config.lock', 0x00000000000001a4)
rename('/tmp/nimble_9873/githubcom_juancarlospacolibarchibi_0.0.1/.git/config.lock', '/tmp/nimble_9873/githubcom_juancarlospacolibarchibi_0.0.1/.git/config')
chmod('/tmp/nimble_9873/githubcom_juancarlospacolibarchibi_0.0.1/.git/config.lock', 0x00000000000001a4)
rename('/tmp/nimble_9873/githubcom_juancarlospacolibarchibi_0.0.1/.git/config.lock', '/tmp/nimble_9873/githubcom_juancarlospacolibarchibi_0.0.1/.git/config')
mkdir('/tmp/nimble_9873/githubcom_juancarlospacolibarchibi_0.0.1/.git/objects/ab', 0x00000000000001ff)
link('/tmp/nimble_9873/githubcom_juancarlospacolibarchibi_0.0.1/.git/objects/ab/tmp_obj_vYiaiz', '/tmp/nimble_9873/githubcom_juancarlospacolibarchibi_0.0.1/.git/objects/ab/7d2fe3452d1196449c7cb8122350feaeb8a09c')
unlink('/tmp/nimble_9873/githubcom_juancarlospacolibarchibi_0.0.1/.git/objects/ab/tmp_obj_vYiaiz')
mkdir('/tmp/nimble_9873/githubcom_juancarlospacolibarchibi_0.0.1/.git/objects/b8', 0x00000000000001ff)
link('/tmp/nimble_9873/githubcom_juancarlospacolibarchibi_0.0.1/.git/objects/b8/tmp_obj_L4DlWz', '/tmp/nimble_9873/githubcom_juancarlospacolibarchibi_0.0.1/.git/objects/b8/8ef4e99e64a10cea3d047b2973402d79e4f61b')
unlink('/tmp/nimble_9873/githubcom_juancarlospacolibarchibi_0.0.1/.git/objects/b8/tmp_obj_L4DlWz')
mkdir('/tmp/nimble_9873/githubcom_juancarlospacolibarchibi_0.0.1/.git/objects/47', 0x00000000000001ff)
link('/tmp/nimble_9873/githubcom_juancarlospacolibarchibi_0.0.1/.git/objects/47/tmp_obj_31zqoz', '/tmp/nimble_9873/githubcom_juancarlospacolibarchibi_0.0.1/.git/objects/47/058cbb5ce19f5053480fa75d715d1cfb16d31e')
unlink('/tmp/nimble_9873/githubcom_juancarlospacolibarchibi_0.0.1/.git/objects/47/tmp_obj_31zqoz')
mkdir('/tmp/nimble_9873/githubcom_juancarlospacolibarchibi_0.0.1/.git/objects/0e', 0x00000000000001ff)
link('/tmp/nimble_9873/githubcom_juancarlospacolibarchibi_0.0.1/.git/objects/0e/tmp_obj_rEL9FI', '/tmp/nimble_9873/githubcom_juancarlospacolibarchibi_0.0.1/.git/objects/0e/a34b36839e65554612048f5c93ca688eded4a5')
unlink('/tmp/nimble_9873/githubcom_juancarlospacolibarchibi_0.0.1/.git/objects/0e/tmp_obj_rEL9FI')
mkdir('/tmp/nimble_9873/githubcom_juancarlospacolibarchibi_0.0.1/.git/objects/fe', 0x00000000000001ff)
link('/tmp/nimble_9873/githubcom_juancarlospacolibarchibi_0.0.1/.git/objects/fe/tmp_obj_ZVtuDJ', '/tmp/nimble_9873/githubcom_juancarlospacolibarchibi_0.0.1/.git/objects/fe/6b123d9743c66290c3fcfe9fd3062c28ed0180')
unlink('/tmp/nimble_9873/githubcom_juancarlospacolibarchibi_0.0.1/.git/objects/fe/tmp_obj_ZVtuDJ')
mkdir('/tmp/nimble_9873/githubcom_juancarlospacolibarchibi_0.0.1/.git/objects/42', 0x00000000000001ff)
link('/tmp/nimble_9873/githubcom_juancarlospacolibarchibi_0.0.1/.git/objects/42/tmp_obj_nGlhhK', '/tmp/nimble_9873/githubcom_juancarlospacolibarchibi_0.0.1/.git/objects/42/a6790028152e485388cd65626521c7111a13b3')
unlink('/tmp/nimble_9873/githubcom_juancarlospacolibarchibi_0.0.1/.git/objects/42/tmp_obj_nGlhhK')
mkdir('/tmp/nimble_9873/githubcom_juancarlospacolibarchibi_0.0.1/.git/objects/57', 0x00000000000001ff)
link('/tmp/nimble_9873/githubcom_juancarlospacolibarchibi_0.0.1/.git/objects/57/tmp_obj_noILQM', '/tmp/nimble_9873/githubcom_juancarlospacolibarchibi_0.0.1/.git/objects/57/9a88d2c4acaa32bb724de1737a382f96e59a04')
unlink('/tmp/nimble_9873/githubcom_juancarlospacolibarchibi_0.0.1/.git/objects/57/tmp_obj_noILQM')
rename('/tmp/nimble_9873/githubcom_juancarlospacolibarchibi_0.0.1/.git/shallow.lock', '/tmp/nimble_9873/githubcom_juancarlospacolibarchibi_0.0.1/.git/shallow')
rename('/tmp/nimble_9873/githubcom_juancarlospacolibarchibi_0.0.1/.git/packed-refs.new', '/tmp/nimble_9873/githubcom_juancarlospacolibarchibi_0.0.1/.git/packed-refs')
unlink('/tmp/nimble_9873/githubcom_juancarlospacolibarchibi_0.0.1/.git/packed-refs.lock')
mkdir('/tmp/nimble_9873/githubcom_juancarlospacolibarchibi_0.0.1/.git/refs/remotes', 0x00000000000001ff)
mkdir('/tmp/nimble_9873/githubcom_juancarlospacolibarchibi_0.0.1/.git/refs/remotes/origin', 0x00000000000001ff)
mkdir('/tmp/nimble_9873/githubcom_juancarlospacolibarchibi_0.0.1/.git/logs', 0x00000000000001ff)
mkdir('/tmp/nimble_9873/githubcom_juancarlospacolibarchibi_0.0.1/.git/logs/refs', 0x00000000000001ff)
mkdir('/tmp/nimble_9873/githubcom_juancarlospacolibarchibi_0.0.1/.git/logs/refs/remotes', 0x00000000000001ff)
mkdir('/tmp/nimble_9873/githubcom_juancarlospacolibarchibi_0.0.1/.git/logs/refs/remotes/origin', 0x00000000000001ff)
rename('/tmp/nimble_9873/githubcom_juancarlospacolibarchibi_0.0.1/.git/refs/remotes/origin/HEAD.lock', '/tmp/nimble_9873/githubcom_juancarlospacolibarchibi_0.0.1/.git/refs/remotes/origin/HEAD')
rename('/tmp/nimble_9873/githubcom_juancarlospacolibarchibi_0.0.1/.git/HEAD.lock', '/tmp/nimble_9873/githubcom_juancarlospacolibarchibi_0.0.1/.git/HEAD')
mkdir('/tmp/nimble_9873/githubcom_juancarlospacolibarchibi_0.0.1/.git/logs/refs/heads', 0x00000000000001ff)
rename('/tmp/nimble_9873/githubcom_juancarlospacolibarchibi_0.0.1/.git/refs/heads/master.lock', '/tmp/nimble_9873/githubcom_juancarlospacolibarchibi_0.0.1/.git/refs/heads/master')
unlink('/tmp/nimble_9873/githubcom_juancarlospacolibarchibi_0.0.1/.git/HEAD.lock')
chmod('/tmp/nimble_9873/githubcom_juancarlospacolibarchibi_0.0.1/.git/config.lock', 0x00000000000001a4)
rename('/tmp/nimble_9873/githubcom_juancarlospacolibarchibi_0.0.1/.git/config.lock', '/tmp/nimble_9873/githubcom_juancarlospacolibarchibi_0.0.1/.git/config')       Info /tmp/nimble_9873/githubcom_juancarlospacolibarchibi_0.0.1/libarchibi_9873.nims(1, 8) Warning: imported and not used: 'system' [UnusedImport]
        ... /tmp/nimble_9873/githubcom_juancarlospacolibarchibi_0.0.1/libarchibi_9873.nims(5, 22) Warning: imported and not used: 'strutils' [UnusedImport]
  Verifying dependencies for libarchibi@0.1.0
 Installing libarchibi@0.1.0
    Copying file /tmp/nimble_9873/githubcom_juancarlospacolibarchibi_0.0.1/src/libarchibi.nim to /home/runner/.nimble/pkgs/libarchibi-0.1.0/libarchibi.nim
    Copying file /tmp/nimble_9873/githubcom_juancarlospacolibarchibi_0.0.1/libarchibi.nimble to /home/runner/.nimble/pkgs/libarchibi-0.1.0/libarchibi.nimble
   Success: libarchibi installed successfully.
       Info /home/runner/.nimble/pkgs/libarchibi-0.1.0/libarchibi_9873.nims(1, 8) Warning: imported and not used: 'system' [UnusedImport]
        ... /home/runner/.nimble/pkgs/libarchibi-0.1.0/libarchibi_9873.nims(5, 22) Warning: imported and not used: 'strutils' [UnusedImport]
 Installing plz@1.0.0
   Building plz/plz using c backend

chmod('/tmp/nimble_9873/githubcom_juancarlospacolibarchibi_0.0.1/.git/config.lock', 0x00000000000001a4)
rename('/tmp/nimble_9873/githubcom_juancarlospacolibarchibi_0.0.1/.git/config.lock', '/tmp/nimble_9873/githubcom_juancarlospacolibarchibi_0.0.1/.git/config')
mkdir('src', 0x00000000000001ff)
rename('/tmp/nimble_9873/githubcom_juancarlospacolibarchibi_0.0.1/.git/index.lock', '/tmp/nimble_9873/githubcom_juancarlospacolibarchibi_0.0.1/.git/index')
mkdir('/tmp', 0x00000000000001ff)
mkdir('/tmp/nimblecache', 0x00000000000001ff)
mkdir('/tmp/nimblecache/libarchibi_2886442886', 0x00000000000001ff)
unlink('/tmp/nimblecache/libarchibi_2886442886/libarchibi.ini')
unlink('/tmp/nimble_9873.out')
unlink('/tmp/nimble_9873/githubcom_juancarlospacolibarchibi_0.0.1/libarchibi_9873.nims')
mkdir('/home', 0x00000000000001ff)
mkdir('/home/runner', 0x00000000000001ff)
mkdir('/home/runner/.nimble', 0x00000000000001ff)
mkdir('/home/runner/.nimble/pkgs', 0x00000000000001ff)
mkdir('/home/runner/.nimble/pkgs/libarchibi-0.1.0', 0x00000000000001ff)
mkdir('/home', 0x00000000000001ff)
mkdir('/home/runner', 0x00000000000001ff)
mkdir('/home/runner/.nimble', 0x00000000000001ff)
mkdir('/home/runner/.nimble/pkgs', 0x00000000000001ff)
mkdir('/home/runner/.nimble/pkgs/libarchibi-0.1.0', 0x00000000000001ff)
chmod('/home/runner/.nimble/pkgs/libarchibi-0.1.0/libarchibi.nim', 0x00000000000001a4)
chmod('/home/runner/.nimble/pkgs/libarchibi-0.1.0/libarchibi.nimble', 0x00000000000001a4)
mkdir('/tmp', 0x00000000000001ff)
mkdir('/tmp/nimblecache', 0x00000000000001ff)
mkdir('/tmp/nimblecache/libarchibi_2495392044', 0x00000000000001ff)
unlink('/tmp/nimblecache/libarchibi_2495392044/libarchibi.ini')
unlink('/tmp/nimble_9873.out')
unlink('/home/runner/.nimble/pkgs/libarchibi-0.1.0/libarchibi_9873.nims')
unlink('/home/runner/.cache/nim/plz_r/linenoise.c.o')
mkdir('/home', 0x00000000000001ff)
mkdir('/home/runner', 0x00000000000001ff)
mkdir('/home/runner/.cache', 0x00000000000001ff)
mkdir('/home/runner/.cache/nim', 0x00000000000001ff)
mkdir('/home/runner/.cache/nim/plz_r', 0x00000000000001ff)
mkdir('/home', 0x00000000000001ff)
mkdir('/home/runner', 0x00000000000001ff)
mkdir('/home/runner/.cache', 0x00000000000001ff)
mkdir('/home/runner/.cache/nim', 0x00000000000001ff)
mkdir('/home/runner/.cache/nim/plz_r', 0x00000000000001ff)
mkdir('/home', 0x00000000000001ff)
mkdir('/home/runner', 0x00000000000001ff)
mkdir('/home/runner/.cache', 0x00000000000001ff)
mkdir('/home/runner/.cache/nim', 0x00000000000001ff)
mkdir('/home/runner/.cache/nim/plz_r', 0x00000000000001ff)
mkdir('/home', 0x00000000000001ff)
mkdir('/home/runner', 0x00000000000001ff)
mkdir('/home/runner/.cache', 0x00000000000001ff)
mkdir('/home/runner/.cache/nim', 0x00000000000001ff)
mkdir('/home/runner/.cache/nim/plz_r', 0x00000000000001ff)
mkdir('/home', 0x00000000000001ff)
mkdir('/home/runner', 0x00000000000001ff)
mkdir('/home/runner/.cache', 0x00000000000001ff)
mkdir('/home/runner/.cache/nim', 0x00000000000001ff)
mkdir('/home/runner/.cache/nim/plz_r', 0x00000000000001ff)
mkdir('/home', 0x00000000000001ff)
mkdir('/home/runner', 0x00000000000001ff)
mkdir('/home/runner/.cache', 0x00000000000001ff)
mkdir('/home/runner/.cache/nim', 0x00000000000001ff)
mkdir('/home/runner/.cache/nim/plz_r', 0x00000000000001ff)
mkdir('/home', 0x00000000000001ff)
mkdir('/home/runner', 0x00000000000001ff)
mkdir('/home/runner/.cache', 0x00000000000001ff)
mkdir('/home/runner/.cache/nim', 0x00000000000001ff)
mkdir('/home/runner/.cache/nim/plz_r', 0x00000000000001ff)
mkdir('/home', 0x00000000000001ff)
mkdir('/home/runner', 0x00000000000001ff)
mkdir('/home/runner/.cache', 0x00000000000001ff)
mkdir('/home/runner/.cache/nim', 0x00000000000001ff)
mkdir('/home/runner/.cache/nim/plz_r', 0x00000000000001ff)
mkdir('/home', 0x00000000000001ff)
mkdir('/home/runner', 0x00000000000001ff)
mkdir('/home/runner/.cache', 0x00000000000001ff)
mkdir('/home/runner/.cache/nim', 0x00000000000001ff)
mkdir('/home/runner/.cache/nim/plz_r', 0x00000000000001ff)
mkdir('/home', 0x00000000000001ff)
mkdir('/home/runner', 0x00000000000001ff)
mkdir('/home/runner/.cache', 0x00000000000001ff)
mkdir('/home/runner/.cache/nim', 0x00000000000001ff)
mkdir('/home/runner/.cache/nim/plz_r', 0x00000000000001ff)
mkdir('/home', 0x00000000000001ff)
mkdir('/home/runner', 0x00000000000001ff)
mkdir('/home/runner/.cache', 0x00000000000001ff)
mkdir('/home/runner/.cache/nim', 0x00000000000001ff)
mkdir('/home/runner/.cache/nim/plz_r', 0x00000000000001ff)
mkdir('/home', 0x00000000000001ff)
mkdir('/home/runner', 0x00000000000001ff)
mkdir('/home/runner/.cache', 0x00000000000001ff)
mkdir('/home/runner/.cache/nim', 0x00000000000001ff)
mkdir('/home/runner/.cache/nim/plz_r', 0x00000000000001ff)
mkdir('/home', 0x00000000000001ff)
mkdir('/home/runner', 0x00000000000001ff)
mkdir('/home/runner/.cache', 0x00000000000001ff)
mkdir('/home/runner/.cache/nim', 0x00000000000001ff)
mkdir('/home/runner/.cache/nim/plz_r', 0x00000000000001ff)
mkdir('/home', 0x00000000000001ff)
mkdir('/home/runner', 0x00000000000001ff)
mkdir('/home/runner/.cache', 0x00000000000001ff)
mkdir('/home/runner/.cache/nim', 0x00000000000001ff)
mkdir('/home/runner/.cache/nim/plz_r', 0x00000000000001ff)
mkdir('/home', 0x00000000000001ff)
mkdir('/home/runner', 0x00000000000001ff)
mkdir('/home/runner/.cache', 0x00000000000001ff)
mkdir('/home/runner/.cache/nim', 0x00000000000001ff)
mkdir('/home/runner/.cache/nim/plz_r', 0x00000000000001ff)
mkdir('/home', 0x00000000000001ff)
mkdir('/home/runner', 0x00000000000001ff)
mkdir('/home/runner/.cache', 0x00000000000001ff)
mkdir('/home/runner/.cache/nim', 0x00000000000001ff)
mkdir('/home/runner/.cache/nim/plz_r', 0x00000000000001ff)
mkdir('/home', 0x00000000000001ff)
mkdir('/home/runner', 0x00000000000001ff)
mkdir('/home/runner/.cache', 0x00000000000001ff)
mkdir('/home/runner/.cache/nim', 0x00000000000001ff)
mkdir('/home/runner/.cache/nim/plz_r', 0x00000000000001ff)
mkdir('/home', 0x00000000000001ff)
mkdir('/home/runner', 0x00000000000001ff)
mkdir('/home/runner/.cache', 0x00000000000001ff)
mkdir('/home/runner/.cache/nim', 0x00000000000001ff)
mkdir('/home/runner/.cache/nim/plz_r', 0x00000000000001ff)
mkdir('/home', 0x00000000000001ff)
mkdir('/home/runner', 0x00000000000001ff)
mkdir('/home/runner/.cache', 0x00000000000001ff)
mkdir('/home/runner/.cache/nim', 0x00000000000001ff)
mkdir('/home/runner/.cache/nim/plz_r', 0x00000000000001ff)
mkdir('/home', 0x00000000000001ff)
mkdir('/home/runner', 0x00000000000001ff)
mkdir('/home/runner/.cache', 0x00000000000001ff)
mkdir('/home/runner/.cache/nim', 0x00000000000001ff)
mkdir('/home/runner/.cache/nim/plz_r', 0x00000000000001ff)
mkdir('/home', 0x00000000000001ff)
mkdir('/home/runner', 0x00000000000001ff)
mkdir('/home/runner/.cache', 0x00000000000001ff)
mkdir('/home/runner/.cache/nim', 0x00000000000001ff)
mkdir('/home/runner/.cache/nim/plz_r', 0x00000000000001ff)
mkdir('/home', 0x00000000000001ff)
mkdir('/home/runner', 0x00000000000001ff)
mkdir('/home/runner/.cache', 0x00000000000001ff)
mkdir('/home/runner/.cache/nim', 0x00000000000001ff)
mkdir('/home/runner/.cache/nim/plz_r', 0x00000000000001ff)
mkdir('/home', 0x00000000000001ff)
mkdir('/home/runner', 0x00000000000001ff)
mkdir('/home/runner/.cache', 0x00000000000001ff)
mkdir('/home/runner/.cache/nim', 0x00000000000001ff)
mkdir('/home/runner/.cache/nim/plz_r', 0x00000000000001ff)
mkdir('/home', 0x00000000000001ff)
mkdir('/home/runner', 0x00000000000001ff)
mkdir('/home/runner/.cache', 0x00000000000001ff)
mkdir('/home/runner/.cache/nim', 0x00000000000001ff)
mkdir('/home/runner/.cache/nim/plz_r', 0x00000000000001ff)
mkdir('/home', 0x00000000000001ff)
mkdir('/home/runner', 0x00000000000001ff)
mkdir('/home/runner/.cache', 0x00000000000001ff)
mkdir('/home/runner/.cache/nim', 0x00000000000001ff)
mkdir('/home/runner/.cache/nim/plz_r', 0x00000000000001ff)
mkdir('/home', 0x00000000000001ff)
mkdir('/home/runner', 0x00000000000001ff)
mkdir('/home/runner/.cache', 0x00000000000001ff)
mkdir('/home/runner/.cache/nim', 0x00000000000001ff)
mkdir('/home/runner/.cache/nim/plz_r', 0x00000000000001ff)
mkdir('/home', 0x00000000000001ff)
mkdir('/home/runner', 0x00000000000001ff)
mkdir('/home/runner/.cache', 0x00000000000001ff)
mkdir('/home/runner/.cache/nim', 0x00000000000001ff)
mkdir('/home/runner/.cache/nim/plz_r', 0x00000000000001ff)
mkdir('/home', 0x00000000000001ff)
mkdir('/home/runner', 0x00000000000001ff)
mkdir('/home/runner/.cache', 0x00000000000001ff)
mkdir('/home/runner/.cache/nim', 0x00000000000001ff)
mkdir('/home/runner/.cache/nim/plz_r', 0x00000000000001ff)
mkdir('/home', 0x00000000000001ff)
mkdir('/home/runner', 0x00000000000001ff)
mkdir('/home/runner/.cache', 0x00000000000001ff)
mkdir('/home/runner/.cache/nim', 0x00000000000001ff)
mkdir('/home/runner/.cache/nim/plz_r', 0x00000000000001ff)
mkdir('/home', 0x00000000000001ff)
mkdir('/home/runner', 0x00000000000001ff)
mkdir('/home/runner/.cache', 0x00000000000001ff)
mkdir('/home/runner/.cache/nim', 0x00000000000001ff)
mkdir('/home/runner/.cache/nim/plz_r', 0x00000000000001ff)
mkdir('/home', 0x00000000000001ff)
mkdir('/home/runner', 0x00000000000001ff)
mkdir('/home/runner/.cache', 0x00000000000001ff)
mkdir('/home/runner/.cache/nim', 0x00000000000001ff)
mkdir('/home/runner/.cache/nim/plz_r', 0x00000000000001ff)
mkdir('/home', 0x00000000000001ff)
mkdir('/home/runner', 0x00000000000001ff)
mkdir('/home/runner/.cache', 0x00000000000001ff)
mkdir('/home/runner/.cache/nim', 0x00000000000001ff)
mkdir('/home/runner/.cache/nim/plz_r', 0x00000000000001ff)
mkdir('/home', 0x00000000000001ff)
mkdir('/home/runner', 0x00000000000001ff)
mkdir('/home/runner/.cache', 0x00000000000001ff)
mkdir('/home/runner/.cache/nim', 0x00000000000001ff)
mkdir('/home/runner/.cache/nim/plz_r', 0x00000000000001ff)
mkdir('/home', 0x00000000000001ff)
mkdir('/home/runner', 0x00000000000001ff)
mkdir('/home/runner/.cache', 0x00000000000001ff)
mkdir('/home/runner/.cache/nim', 0x00000000000001ff)
mkdir('/home/runner/.cache/nim/plz_r', 0x00000000000001ff)
mkdir('/home', 0x00000000000001ff)
mkdir('/home/runner', 0x00000000000001ff)
mkdir('/home/runner/.cache', 0x00000000000001ff)
mkdir('/home/runner/.cache/nim', 0x00000000000001ff)
mkdir('/home/runner/.cache/nim/plz_r', 0x00000000000001ff)
mkdir('/home', 0x00000000000001ff)
mkdir('/home/runner', 0x00000000000001ff)
mkdir('/home/runner/.cache', 0x00000000000001ff)
mkdir('/home/runner/.cache/nim', 0x00000000000001ff)
mkdir('/home/runner/.cache/nim/plz_r', 0x00000000000001ff)
mkdir('/home', 0x00000000000001ff)
mkdir('/home/runner', 0x00000000000001ff)
mkdir('/home/runner/.cache', 0x00000000000001ff)
mkdir('/home/runner/.cache/nim', 0x00000000000001ff)
mkdir('/home/runner/.cache/nim/plz_r', 0x00000000000001ff)
mkdir('/home', 0x00000000000001ff)
mkdir('/home/runner', 0x00000000000001ff)
mkdir('/home/runner/.cache', 0x00000000000001ff)
mkdir('/home/runner/.cache/nim', 0x00000000000001ff)
mkdir('/home/runner/.cache/nim/plz_r', 0x00000000000001ff)
mkdir('/home', 0x00000000000001ff)
mkdir('/home/runner', 0x00000000000001ff)
mkdir('/home/runner/.cache', 0x00000000000001ff)
mkdir('/home/runner/.cache/nim', 0x00000000000001ff)
mkdir('/home/runner/.cache/nim/plz_r', 0x00000000000001ff)
mkdir('/home', 0x00000000000001ff)
mkdir('/home/runner', 0x00000000000001ff)
mkdir('/home/runner/.cache', 0x00000000000001ff)
mkdir('/home/runner/.cache/nim', 0x00000000000001ff)
mkdir('/home/runner/.cache/nim/plz_r', 0x00000000000001ff)
mkdir('/home', 0x00000000000001ff)
mkdir('/home/runner', 0x00000000000001ff)
mkdir('/home/runner/.cache', 0x00000000000001ff)
mkdir('/home/runner/.cache/nim', 0x00000000000001ff)
mkdir('/home/runner/.cache/nim/plz_r', 0x00000000000001ff)
mkdir('/home', 0x00000000000001ff)
mkdir('/home/runner', 0x00000000000001ff)
mkdir('/home/runner/.cache', 0x00000000000001ff)
mkdir('/home/runner/.cache/nim', 0x00000000000001ff)
mkdir('/home/runner/.cache/nim/plz_r', 0x00000000000001ff)
mkdir('/home', 0x00000000000001ff)
mkdir('/home/runner', 0x00000000000001ff)
mkdir('/home/runner/.cache', 0x00000000000001ff)
mkdir('/home/runner/.cache/nim', 0x00000000000001ff)
mkdir('/home/runner/.cache/nim/plz_r', 0x00000000000001ff)
mkdir('/home', 0x00000000000001ff)
mkdir('/home/runner', 0x00000000000001ff)
mkdir('/home/runner/.cache', 0x00000000000001ff)
mkdir('/home/runner/.cache/nim', 0x00000000000001ff)
mkdir('/home/runner/.cache/nim/plz_r', 0x00000000000001ff)
mkdir('/home', 0x00000000000001ff)
mkdir('/home/runner', 0x00000000000001ff)
mkdir('/home/runner/.cache', 0x00000000000001ff)
mkdir('/home/runner/.cache/nim', 0x00000000000001ff)
mkdir('/home/runner/.cache/nim/plz_r', 0x00000000000001ff)
mkdir('/home', 0x00000000000001ff)
mkdir('/home/runner', 0x00000000000001ff)
mkdir('/home/runner/.cache', 0x00000000000001ff)
mkdir('/home/runner/.cache/nim', 0x00000000000001ff)
mkdir('/home/runner/.cache/nim/plz_r', 0x00000000000001ff)
mkdir('/home', 0x00000000000001ff)
mkdir('/home/runner', 0x00000000000001ff)
mkdir('/home/runner/.cache', 0x00000000000001ff)
mkdir('/home/runner/.cache/nim', 0x00000000000001ff)
mkdir('/home/runner/.cache/nim/plz_r', 0x00000000000001ff)
mkdir('/home', 0x00000000000001ff)
mkdir('/home/runner', 0x00000000000001ff)
mkdir('/home/runner/.cache', 0x00000000000001ff)
mkdir('/home/runner/.cache/nim', 0x00000000000001ff)
mkdir('/home/runner/.cache/nim/plz_r', 0x00000000000001ff)
mkdir('/home', 0x00000000000001ff)
mkdir('/home/runner', 0x00000000000001ff)
mkdir('/home/runner/.cache', 0x00000000000001ff)
mkdir('/home/runner/.cache/nim', 0x00000000000001ff)
mkdir('/home/runner/.cache/nim/plz_r', 0x00000000000001ff)
mkdir('/home', 0x00000000000001ff)
mkdir('/home/runner', 0x00000000000001ff)
mkdir('/home/runner/.cache', 0x00000000000001ff)
mkdir('/home/runner/.cache/nim', 0x00000000000001ff)
mkdir('/home/runner/.cache/nim/plz_r', 0x00000000000001ff)
mkdir('/home', 0x00000000000001ff)
mkdir('/home/runner', 0x00000000000001ff)
mkdir('/home/runner/.cache', 0x00000000000001ff)
mkdir('/home/runner/.cache/nim', 0x00000000000001ff)
mkdir('/home/runner/.cache/nim/plz_r', 0x00000000000001ff)
mkdir('/home', 0x00000000000001ff)
mkdir('/home/runner', 0x00000000000001ff)
mkdir('/home/runner/.cache', 0x00000000000001ff)
mkdir('/home/runner/.cache/nim', 0x00000000000001ff)
mkdir('/home/runner/.cache/nim/plz_r', 0x00000000000001ff)
mkdir('/home', 0x00000000000001ff)
mkdir('/home/runner', 0x00000000000001ff)
mkdir('/home/runner/.cache', 0x00000000000001ff)
mkdir('/home/runner/.cache/nim', 0x00000000000001ff)
mkdir('/home/runner/.cache/nim/plz_r', 0x00000000000001ff)
mkdir('/home', 0x00000000000001ff)
mkdir('/home/runner', 0x00000000000001ff)
mkdir('/home/runner/.cache', 0x00000000000001ff)
mkdir('/home/runner/.cache/nim', 0x00000000000001ff)
mkdir('/home/runner/.cache/nim/plz_r', 0x00000000000001ff)
mkdir('/home', 0x00000000000001ff)
mkdir('/home/runner', 0x00000000000001ff)
mkdir('/home/runner/.cache', 0x00000000000001ff)
mkdir('/home/runner/.cache/nim', 0x00000000000001ff)
mkdir('/home/runner/.cache/nim/plz_r', 0x00000000000001ff)
mkdir('/home', 0x00000000000001ff)
mkdir('/home/runner', 0x00000000000001ff)
mkdir('/home/runner/.cache', 0x00000000000001ff)
mkdir('/home/runner/.cache/nim', 0x00000000000001ff)
mkdir('/home/runner/.cache/nim/plz_r', 0x00000000000001ff)
mkdir('/home', 0x00000000000001ff)
mkdir('/home/runner', 0x00000000000001ff)
mkdir('/home/runner/.cache', 0x00000000000001ff)
mkdir('/home/runner/.cache/nim', 0x00000000000001ff)
mkdir('/home/runner/.cache/nim/plz_r', 0x00000000000001ff)
mkdir('/home', 0x00000000000001ff)
mkdir('/home/runner', 0x00000000000001ff)
mkdir('/home/runner/.cache', 0x00000000000001ff)
mkdir('/home/runner/.cache/nim', 0x00000000000001ff)
mkdir('/home/runner/.cache/nim/plz_r', 0x00000000000001ff)
mkdir('/home', 0x00000000000001ff)
mkdir('/home/runner', 0x00000000000001ff)
mkdir('/home/runner/.cache', 0x00000000000001ff)
mkdir('/home/runner/.cache/nim', 0x00000000000001ff)
mkdir('/home/runner/.cache/nim/plz_r', 0x00000000000001ff)
mkdir('/home', 0x00000000000001ff)
mkdir('/home/runner', 0x00000000000001ff)
mkdir('/home/runner/.cache', 0x00000000000001ff)
mkdir('/home/runner/.cache/nim', 0x00000000000001ff)
mkdir('/home/runner/.cache/nim/plz_r', 0x00000000000001ff)
mkdir('/home', 0x00000000000001ff)
mkdir('/home/runner', 0x00000000000001ff)
mkdir('/home/runner/.cache', 0x00000000000001ff)
mkdir('/home/runner/.cache/nim', 0x00000000000001ff)
mkdir('/home/runner/.cache/nim/plz_r', 0x00000000000001ff)
mkdir('/home', 0x00000000000001ff)
mkdir('/home/runner', 0x00000000000001ff)
mkdir('/home/runner/.cache', 0x00000000000001ff)
mkdir('/home/runner/.cache/nim', 0x00000000000001ff)
mkdir('/home/runner/.cache/nim/plz_r', 0x00000000000001ff)
mkdir('/home', 0x00000000000001ff)
mkdir('/home/runner', 0x00000000000001ff)
mkdir('/home/runner/.cache', 0x00000000000001ff)
mkdir('/home/runner/.cache/nim', 0x00000000000001ff)
mkdir('/home/runner/.cache/nim/plz_r', 0x00000000000001ff)
mkdir('/home', 0x00000000000001ff)
mkdir('/home/runner', 0x00000000000001ff)
mkdir('/home/runner/.cache', 0x00000000000001ff)
mkdir('/home/runner/.cache/nim', 0x00000000000001ff)
mkdir('/home/runner/.cache/nim/plz_r', 0x00000000000001ff)
mkdir('/home', 0x00000000000001ff)
mkdir('/home/runner', 0x00000000000001ff)
mkdir('/home/runner/.cache', 0x00000000000001ff)
mkdir('/home/runner/.cache/nim', 0x00000000000001ff)
mkdir('/home/runner/.cache/nim/plz_r', 0x00000000000001ff)
mkdir('/home', 0x00000000000001ff)
mkdir('/home/runner', 0x00000000000001ff)
mkdir('/home/runner/.cache', 0x00000000000001ff)
mkdir('/home/runner/.cache/nim', 0x00000000000001ff)
mkdir('/home/runner/.cache/nim/plz_r', 0x00000000000001ff)
mkdir('/home', 0x00000000000001ff)
mkdir('/home/runner', 0x00000000000001ff)
mkdir('/home/runner/.cache', 0x00000000000001ff)
mkdir('/home/runner/.cache/nim', 0x00000000000001ff)
mkdir('/home/runner/.cache/nim/plz_r', 0x00000000000001ff)
mkdir('/home', 0x00000000000001ff)
mkdir('/home/runner', 0x00000000000001ff)
mkdir('/home/runner/.cache', 0x00000000000001ff)
mkdir('/home/runner/.cache/nim', 0x00000000000001ff)
mkdir('/home/runner/.cache/nim/plz_r', 0x00000000000001ff)
mkdir('/home', 0x00000000000001ff)
mkdir('/home/runner', 0x00000000000001ff)
mkdir('/home/runner/.cache', 0x00000000000001ff)
mkdir('/home/runner/.cache/nim', 0x00000000000001ff)
mkdir('/home/runner/.cache/nim/plz_r', 0x00000000000001ff)
mkdir('/home', 0x00000000000001ff)
mkdir('/home/runner', 0x00000000000001ff)
mkdir('/home/runner/.cache', 0x00000000000001ff)
mkdir('/home/runner/.cache/nim', 0x00000000000001ff)
mkdir('/home/runner/.cache/nim/plz_r', 0x00000000000001ff)
mkdir('/home', 0x00000000000001ff)
mkdir('/home/runner', 0x00000000000001ff)
mkdir('/home/runner/.cache', 0x00000000000001ff)
mkdir('/home/runner/.cache/nim', 0x00000000000001ff)
mkdir('/home/runner/.cache/nim/plz_r', 0x00000000000001ff)
mkdir('/home', 0x00000000000001ff)
mkdir('/home/runner', 0x00000000000001ff)
mkdir('/home/runner/.cache', 0x00000000000001ff)
mkdir('/home/runner/.cache/nim', 0x00000000000001ff)
mkdir('/home/runner/.cache/nim/plz_r', 0x00000000000001ff)
mkdir('/home', 0x00000000000001ff)
mkdir('/home/runner', 0x00000000000001ff)
mkdir('/home/runner/.cache', 0x00000000000001ff)
mkdir('/home/runner/.cache/nim', 0x00000000000001ff)
mkdir('/home/runner/.cache/nim/plz_r', 0x00000000000001ff)
mkdir('/home', 0x00000000000001ff)
mkdir('/home/runner', 0x00000000000001ff)
mkdir('/home/runner/.cache', 0x00000000000001ff)
mkdir('/home/runner/.cache/nim', 0x00000000000001ff)
mkdir('/home/runner/.cache/nim/plz_r', 0x00000000000001ff)
mkdir('/home', 0x00000000000001ff)
mkdir('/home/runner', 0x00000000000001ff)
mkdir('/home/runner/.cache', 0x00000000000001ff)
mkdir('/home/runner/.cache/nim', 0x00000000000001ff)
mkdir('/home/runner/.cache/nim/plz_r', 0x00000000000001ff)
mkdir('/home', 0x00000000000001ff)
mkdir('/home/runner', 0x00000000000001ff)
mkdir('/home/runner/.cache', 0x00000000000001ff)
mkdir('/home/runner/.cache/nim', 0x00000000000001ff)
mkdir('/home/runner/.cache/nim/plz_r', 0x00000000000001ff)
mkdir('/home', 0x00000000000001ff)
mkdir('/home/runner', 0x00000000000001ff)
mkdir('/home/runner/.cache', 0x00000000000001ff)
mkdir('/home/runner/.cache/nim', 0x00000000000001ff)
mkdir('/home/runner/.cache/nim/plz_r', 0x00000000000001ff)
mkdir('/home', 0x00000000000001ff)
mkdir('/home/runner', 0x00000000000001ff)
mkdir('/home/runner/.cache', 0x00000000000001ff)
mkdir('/home/runner/.cache/nim', 0x00000000000001ff)
mkdir('/home/runner/.cache/nim/plz_r', 0x00000000000001ff)
mkdir('/home', 0x00000000000001ff)
mkdir('/home/runner', 0x00000000000001ff)
mkdir('/home/runner/.cache', 0x00000000000001ff)
mkdir('/home/runner/.cache/nim', 0x00000000000001ff)
mkdir('/home/runner/.cache/nim/plz_r', 0x00000000000001ff)
mkdir('/home', 0x00000000000001ff)
mkdir('/home/runner', 0x00000000000001ff)
mkdir('/home/runner/.cache', 0x00000000000001ff)
mkdir('/home/runner/.cache/nim', 0x00000000000001ff)
mkdir('/home/runner/.cache/nim/plz_r', 0x00000000000001ff)
mkdir('/home', 0x00000000000001ff)
mkdir('/home/runner', 0x00000000000001ff)
mkdir('/home/runner/.cache', 0x00000000000001ff)
mkdir('/home/runner/.cache/nim', 0x00000000000001ff)
mkdir('/home/runner/.cache/nim/plz_r', 0x00000000000001ff)
mkdir('/home', 0x00000000000001ff)
mkdir('/home/runner', 0x00000000000001ff)
mkdir('/home/runner/.cache', 0x00000000000001ff)
mkdir('/home/runner/.cache/nim', 0x00000000000001ff)
mkdir('/home/runner/.cache/nim/plz_r', 0x00000000000001ff)
mkdir('/home', 0x00000000000001ff)
mkdir('/home/runner', 0x00000000000001ff)
mkdir('/home/runner/.cache', 0x00000000000001ff)
mkdir('/home/runner/.cache/nim', 0x00000000000001ff)
mkdir('/home/runner/.cache/nim/plz_r', 0x00000000000001ff)
mkdir('/home', 0x00000000000001ff)
mkdir('/home/runner', 0x00000000000001ff)
mkdir('/home/runner/.cache', 0x00000000000001ff)
mkdir('/home/runner/.cache/nim', 0x00000000000001ff)
mkdir('/home/runner/.cache/nim/plz_r', 0x00000000000001ff)
mkdir('/home', 0x00000000000001ff)
mkdir('/home/runner', 0x00000000000001ff)
mkdir('/home/runner/.cache', 0x00000000000001ff)
mkdir('/home/runner/.cache/nim', 0x00000000000001ff)
mkdir('/home/runner/.cache/nim/plz_r', 0x00000000000001ff)
mkdir('/home', 0x00000000000001ff)
mkdir('/home/runner', 0x00000000000001ff)
mkdir('/home/runner/.cache', 0x00000000000001ff)
mkdir('/home/runner/.cache/nim', 0x00000000000001ff)
mkdir('/home/runner/.cache/nim/plz_r', 0x00000000000001ff)
mkdir('/home', 0x00000000000001ff)
mkdir('/home/runner', 0x00000000000001ff)
mkdir('/home/runner/.cache', 0x00000000000001ff)
mkdir('/home/runner/.cache/nim', 0x00000000000001ff)
mkdir('/home/runner/.cache/nim/plz_r', 0x00000000000001ff)
mkdir('/home', 0x00000000000001ff)
mkdir('/home/runner', 0x00000000000001ff)
mkdir('/home/runner/.cache', 0x00000000000001ff)
mkdir('/home/runner/.cache/nim', 0x00000000000001ff)
mkdir('/home/runner/.cache/nim/plz_r', 0x00000000000001ff)
mkdir('/home', 0x00000000000001ff)
mkdir('/home/runner', 0x00000000000001ff)
mkdir('/home/runner/.cache', 0x00000000000001ff)
mkdir('/home/runner/.cache/nim', 0x00000000000001ff)
mkdir('/home/runner/.cache/nim/plz_r', 0x00000000000001ff)
mkdir('/home', 0x00000000000001ff)
mkdir('/home/runner', 0x00000000000001ff)
mkdir('/home/runner/.cache', 0x00000000000001ff)
mkdir('/home/runner/.cache/nim', 0x00000000000001ff)
mkdir('/home/runner/.cache/nim/plz_r', 0x00000000000001ff)
mkdir('/home', 0x00000000000001ff)
mkdir('/home/runner', 0x00000000000001ff)
mkdir('/home/runner/.cache', 0x00000000000001ff)
mkdir('/home/runner/.cache/nim', 0x00000000000001ff)
mkdir('/home/runner/.cache/nim/plz_r', 0x00000000000001ff)
mkdir('/home', 0x00000000000001ff)
mkdir('/home/runner', 0x00000000000001ff)
mkdir('/home/runner/.cache', 0x00000000000001ff)
mkdir('/home/runner/.cache/nim', 0x00000000000001ff)
mkdir('/home/runner/.cache/nim/plz_r', 0x00000000000001ff)
mkdir('/home', 0x00000000000001ff)
mkdir('/home/runner', 0x00000000000001ff)
mkdir('/home/runner/.cache', 0x00000000000001ff)
mkdir('/home/runner/.cache/nim', 0x00000000000001ff)
mkdir('/home/runner/.cache/nim/plz_r', 0x00000000000001ff)
mkdir('/home', 0x00000000000001ff)
mkdir('/home/runner', 0x00000000000001ff)
mkdir('/home/runner/.cache', 0x00000000000001ff)
mkdir('/home/runner/.cache/nim', 0x00000000000001ff)
mkdir('/home/runner/.cache/nim/plz_r', 0x00000000000001ff)
mkdir('/home', 0x00000000000001ff)
mkdir('/home/runner', 0x00000000000001ff)
mkdir('/home/runner/.cache', 0x00000000000001ff)
mkdir('/home/runner/.cache/nim', 0x00000000000001ff)
mkdir('/home/runner/.cache/nim/plz_r', 0x00000000000001ff)
mkdir('/home', 0x00000000000001ff)
mkdir('/home/runner', 0x00000000000001ff)
mkdir('/home/runner/.cache', 0x00000000000001ff)
mkdir('/home/runner/.cache/nim', 0x00000000000001ff)
mkdir('/home/runner/.cache/nim/plz_r', 0x00000000000001ff)
mkdir('/home', 0x00000000000001ff)
mkdir('/home/runner', 0x00000000000001ff)
mkdir('/home/runner/.cache', 0x00000000000001ff)
mkdir('/home/runner/.cache/nim', 0x00000000000001ff)
mkdir('/home/runner/.cache/nim/plz_r', 0x00000000000001ff)
mkdir('/home', 0x00000000000001ff)
mkdir('/home/runner', 0x00000000000001ff)
mkdir('/home/runner/.cache', 0x00000000000001ff)
mkdir('/home/runner/.cache/nim', 0x00000000000001ff)
mkdir('/home/runner/.cache/nim/plz_r', 0x00000000000001ff)
mkdir('/home', 0x00000000000001ff)
mkdir('/home/runner', 0x00000000000001ff)
mkdir('/home/runner/.cache', 0x00000000000001ff)
mkdir('/home/runner/.cache/nim', 0x00000000000001ff)
mkdir('/home/runner/.cache/nim/plz_r', 0x00000000000001ff)
mkdir('/home', 0x00000000000001ff)
mkdir('/home/runner', 0x00000000000001ff)
mkdir('/home/runner/.cache', 0x00000000000001ff)
mkdir('/home/runner/.cache/nim', 0x00000000000001ff)
mkdir('/home/runner/.cache/nim/plz_r', 0x00000000000001ff)
mkdir('/home', 0x00000000000001ff)
mkdir('/home/runner', 0x00000000000001ff)
mkdir('/home/runner/.cache', 0x00000000000001ff)
mkdir('/home/runner/.cache/nim', 0x00000000000001ff)
mkdir('/home/runner/.cache/nim/plz_r', 0x00000000000001ff)
mkdir('/home', 0x00000000000001ff)
mkdir('/home/runner', 0x00000000000001ff)
mkdir('/home/runner/.cache', 0x00000000000001ff)
mkdir('/home/runner/.cache/nim', 0x00000000000001ff)
mkdir('/home/runner/.cache/nim/plz_r', 0x00000000000001ff)
mkdir('/home', 0x00000000000001ff)
mkdir('/home/runner', 0x00000000000001ff)
mkdir('/home/runner/.cache', 0x00000000000001ff)
mkdir('/home/runner/.cache/nim', 0x00000000000001ff)
mkdir('/home/runner/.cache/nim/plz_r', 0x00000000000001ff)
mkdir('/home', 0x00000000000001ff)
mkdir('/home/runner', 0x00000000000001ff)
mkdir('/home/runner/.cache', 0x00000000000001ff)
mkdir('/home/runner/.cache/nim', 0x00000000000001ff)
mkdir('/home/runner/.cache/nim/plz_r', 0x00000000000001ff)
mkdir('/home', 0x00000000000001ff)
mkdir('/home/runner', 0x00000000000001ff)
mkdir('/home/runner/.cache', 0x00000000000001ff)
mkdir('/home/runner/.cache/nim', 0x00000000000001ff)
mkdir('/home/runner/.cache/nim/plz_r', 0x00000000000001ff)
mkdir('/home', 0x00000000000001ff)
mkdir('/home/runner', 0x00000000000001ff)
mkdir('/home/runner/.cache', 0x00000000000001ff)
mkdir('/home/runner/.cache/nim', 0x00000000000001ff)
mkdir('/home/runner/.cache/nim/plz_r', 0x00000000000001ff)
mkdir('/home', 0x00000000000001ff)
mkdir('/home/runner', 0x00000000000001ff)
mkdir('/home/runner/.cache', 0x00000000000001ff)
mkdir('/home/runner/.cache/nim', 0x00000000000001ff)
mkdir('/home/runner/.cache/nim/plz_r', 0x00000000000001ff)
mkdir('/home', 0x00000000000001ff)
mkdir('/home/runner', 0x00000000000001ff)
mkdir('/home/runner/.cache', 0x00000000000001ff)
mkdir('/home/runner/.cache/nim', 0x00000000000001ff)
mkdir('/home/runner/.cache/nim/plz_r', 0x00000000000001ff)
mkdir('/home', 0x00000000000001ff)
mkdir('/home/runner', 0x00000000000001ff)
mkdir('/home/runner/.cache', 0x00000000000001ff)
mkdir('/home/runner/.cache/nim', 0x00000000000001ff)
mkdir('/home/runner/.cache/nim/plz_r', 0x00000000000001ff)
mkdir('/home', 0x00000000000001ff)
mkdir('/home/runner', 0x00000000000001ff)
mkdir('/home/runner/.cache', 0x00000000000001ff)
mkdir('/home/runner/.cache/nim', 0x00000000000001ff)
mkdir('/home/runner/.cache/nim/plz_r', 0x00000000000001ff)
mkdir('/home', 0x00000000000001ff)
mkdir('/home/runner', 0x00000000000001ff)
mkdir('/home/runner/.cache', 0x00000000000001ff)
mkdir('/home/runner/.cache/nim', 0x00000000000001ff)
mkdir('/home/runner/.cache/nim/plz_r', 0x00000000000001ff)
mkdir('/home', 0x00000000000001ff)
mkdir('/home/runner', 0x00000000000001ff)
mkdir('/home/runner/.cache', 0x00000000000001ff)
mkdir('/home/runner/.cache/nim', 0x00000000000001ff)
mkdir('/home/runner/.cache/nim/plz_r', 0x00000000000001ff)
mkdir('/home', 0x00000000000001ff)
mkdir('/home/runner', 0x00000000000001ff)
mkdir('/home/runner/.cache', 0x00000000000001ff)
mkdir('/home/runner/.cache/nim', 0x00000000000001ff)
mkdir('/home/runner/.cache/nim/plz_r', 0x00000000000001ff)
mkdir('/home', 0x00000000000001ff)
mkdir('/home/runner', 0x00000000000001ff)
mkdir('/home/runner/.cache', 0x00000000000001ff)
mkdir('/home/runner/.cache/nim', 0x00000000000001ff)
mkdir('/home/runner/.cache/nim/plz_r', 0x00000000000001ff)
mkdir('/home', 0x00000000000001ff)
mkdir('/home/runner', 0x00000000000001ff)
mkdir('/home/runner/.cache', 0x00000000000001ff)
mkdir('/home/runner/.cache/nim', 0x00000000000001ff)
mkdir('/home/runner/.cache/nim/plz_r', 0x00000000000001ff)
mkdir('/home', 0x00000000000001ff)
mkdir('/home/runner', 0x00000000000001ff)
mkdir('/home/runner/.cache', 0x00000000000001ff)
mkdir('/home/runner/.cache/nim', 0x00000000000001ff)
mkdir('/home/runner/.cache/nim/plz_r', 0x00000000000001ff)
mkdir('/home', 0x00000000000001ff)
mkdir('/home/runner', 0x00000000000001ff)
mkdir('/home/runner/.cache', 0x00000000000001ff)
mkdir('/home/runner/.cache/nim', 0x00000000000001ff)
mkdir('/home/runner/.cache/nim/plz_r', 0x00000000000001ff)
mkdir('/home', 0x00000000000001ff)
mkdir('/home/runner', 0x00000000000001ff)
mkdir('/home/runner/.cache', 0x00000000000001ff)
mkdir('/home/runner/.cache/nim', 0x00000000000001ff)
mkdir('/home/runner/.cache/nim/plz_r', 0x00000000000001ff)
mkdir('/home', 0x00000000000001ff)
mkdir('/home/runner', 0x00000000000001ff)
mkdir('/home/runner/.cache', 0x00000000000001ff)
mkdir('/home/runner/.cache/nim', 0x00000000000001ff)
mkdir('/home/runner/.cache/nim/plz_r', 0x00000000000001ff)
mkdir('/home', 0x00000000000001ff)
mkdir('/home/runner', 0x00000000000001ff)
mkdir('/home/runner/.cache', 0x00000000000001ff)
mkdir('/home/runner/.cache/nim', 0x00000000000001ff)
mkdir('/home/runner/.cache/nim/plz_r', 0x00000000000001ff)
mkdir('/home', 0x00000000000001ff)
mkdir('/home/runner', 0x00000000000001ff)
mkdir('/home/runner/.cache', 0x00000000000001ff)
mkdir('/home/runner/.cache/nim', 0x00000000000001ff)
mkdir('/home/runner/.cache/nim/plz_r', 0x00000000000001ff)
mkdir('/home', 0x00000000000001ff)
mkdir('/home/runner', 0x00000000000001ff)
mkdir('/home/runner/.cache', 0x00000000000001ff)
mkdir('/home/runner/.cache/nim', 0x00000000000001ff)
mkdir('/home/runner/.cache/nim/plz_r', 0x00000000000001ff)
mkdir('/home', 0x00000000000001ff)
mkdir('/home/runner', 0x00000000000001ff)
mkdir('/home/runner/.cache', 0x00000000000001ff)
mkdir('/home/runner/.cache/nim', 0x00000000000001ff)
mkdir('/home/runner/.cache/nim/plz_r', 0x00000000000001ff)
mkdir('/home', 0x00000000000001ff)
mkdir('/home/runner', 0x00000000000001ff)
mkdir('/home/runner/.cache', 0x00000000000001ff)
mkdir('/home/runner/.cache/nim', 0x00000000000001ff)
mkdir('/home/runner/.cache/nim/plz_r', 0x00000000000001ff)
mkdir('/home', 0x00000000000001ff)
mkdir('/home/runner', 0x00000000000001ff)
mkdir('/home/runner/.cache', 0x00000000000001ff)
mkdir('/home/runner/.cache/nim', 0x00000000000001ff)
mkdir('/home/runner/.cache/nim/plz_r', 0x00000000000001ff)
mkdir('/home', 0x00000000000001ff)
mkdir('/home/runner', 0x00000000000001ff)
mkdir('/home/runner/.cache', 0x00000000000001ff)
mkdir('/home/runner/.cache/nim', 0x00000000000001ff)
mkdir('/home/runner/.cache/nim/plz_r', 0x00000000000001ff)
mkdir('/home', 0x00000000000001ff)
mkdir('/home/runner', 0x00000000000001ff)
mkdir('/home/runner/.cache', 0x00000000000001ff)
mkdir('/home/runner/.cache/nim', 0x00000000000001ff)
mkdir('/home/runner/.cache/nim/plz_r', 0x00000000000001ff)
mkdir('/home', 0x00000000000001ff)
mkdir('/home/runner', 0x00000000000001ff)
mkdir('/home/runner/.cache', 0x00000000000001ff)
mkdir('/home/runner/.cache/nim', 0x00000000000001ff)
mkdir('/home/runner/.cache/nim/plz_r', 0x00000000000001ff)
mkdir('/home', 0x00000000000001ff)
mkdir('/home/runner', 0x00000000000001ff)
mkdir('/home/runner/.cache', 0x00000000000001ff)
mkdir('/home/runner/.cache/nim', 0x00000000000001ff)
mkdir('/home/runner/.cache/nim/plz_r', 0x00000000000001ff)
mkdir('/home', 0x00000000000001ff)
mkdir('/home/runner', 0x00000000000001ff)
mkdir('/home/runner/.cache', 0x00000000000001ff)
mkdir('/home/runner/.cache/nim', 0x00000000000001ff)
mkdir('/home/runner/.cache/nim/plz_r', 0x00000000000001ff)
mkdir('/home', 0x00000000000001ff)
mkdir('/home/runner', 0x00000000000001ff)
mkdir('/home/runner/.cache', 0x00000000000001ff)
mkdir('/home/runner/.cache/nim', 0x00000000000001ff)
mkdir('/home/runner/.cache/nim/plz_r', 0x00000000000001ff)
mkdir('/home', 0x00000000000001ff)
mkdir('/home/runner', 0x00000000000001ff)
mkdir('/home/runner/.cache', 0x00000000000001ff)
mkdir('/home/runner/.cache/nim', 0x00000000000001ff)
mkdir('/home/runner/.cache/nim/plz_r', 0x00000000000001ff)
mkdir('/home', 0x00000000000001ff)
mkdir('/home/runner', 0x00000000000001ff)
mkdir('/home/runner/.cache', 0x00000000000001ff)
mkdir('/home/runner/.cache/nim', 0x00000000000001ff)
mkdir('/home/runner/.cache/nim/plz_r', 0x00000000000001ff)
mkdir('/home', 0x00000000000001ff)
mkdir('/home/runner', 0x00000000000001ff)
mkdir('/home/runner/.cache', 0x00000000000001ff)
mkdir('/home/runner/.cache/nim', 0x00000000000001ff)
mkdir('/home/runner/.cache/nim/plz_r', 0x00000000000001ff)
mkdir('/home', 0x00000000000001ff)
mkdir('/home/runner', 0x00000000000001ff)
mkdir('/home/runner/.cache', 0x00000000000001ff)
mkdir('/home/runner/.cache/nim', 0x00000000000001ff)
mkdir('/home/runner/.cache/nim/plz_r', 0x00000000000001ff)
mkdir('/home', 0x00000000000001ff)
mkdir('/home/runner', 0x00000000000001ff)
mkdir('/home/runner/.cache', 0x00000000000001ff)
mkdir('/home/runner/.cache/nim', 0x00000000000001ff)
mkdir('/home/runner/.cache/nim/plz_r', 0x00000000000001ff)
mkdir('/home', 0x00000000000001ff)
mkdir('/home/runner', 0x00000000000001ff)
mkdir('/home/runner/.cache', 0x00000000000001ff)
mkdir('/home/runner/.cache/nim', 0x00000000000001ff)
mkdir('/home/runner/.cache/nim/plz_r', 0x00000000000001ff)
mkdir('/home', 0x00000000000001ff)
mkdir('/home/runner', 0x00000000000001ff)
mkdir('/home/runner/.cache', 0x00000000000001ff)
mkdir('/home/runner/.cache/nim', 0x00000000000001ff)
mkdir('/home/runner/.cache/nim/plz_r', 0x00000000000001ff)
mkdir('/home', 0x00000000000001ff)
mkdir('/home/runner', 0x00000000000001ff)
mkdir('/home/runner/.cache', 0x00000000000001ff)
mkdir('/home/runner/.cache/nim', 0x00000000000001ff)
mkdir('/home/runner/.cache/nim/plz_r', 0x00000000000001ff)
mkdir('/home', 0x00000000000001ff)
mkdir('/home/runner', 0x00000000000001ff)
mkdir('/home/runner/.cache', 0x00000000000001ff)
mkdir('/home/runner/.cache/nim', 0x00000000000001ff)
mkdir('/home/runner/.cache/nim/plz_r', 0x00000000000001ff)
mkdir('/home', 0x00000000000001ff)
mkdir('/home/runner', 0x00000000000001ff)
mkdir('/home/runner/.cache', 0x00000000000001ff)
mkdir('/home/runner/.cache/nim', 0x00000000000001ff)
mkdir('/home/runner/.cache/nim/plz_r', 0x00000000000001ff)
mkdir('/home', 0x00000000000001ff)
mkdir('/home/runner', 0x00000000000001ff)
mkdir('/home/runner/.cache', 0x00000000000001ff)
mkdir('/home/runner/.cache/nim', 0x00000000000001ff)
mkdir('/home/runner/.cache/nim/plz_r', 0x00000000000001ff)
mkdir('/home', 0x00000000000001ff)
mkdir('/home/runner', 0x00000000000001ff)
mkdir('/home/runner/.cache', 0x00000000000001ff)
mkdir('/home/runner/.cache/nim', 0x00000000000001ff)
mkdir('/home/runner/.cache/nim/plz_r', 0x00000000000001ff)
mkdir('/home', 0x00000000000001ff)
mkdir('/home/runner', 0x00000000000001ff)
mkdir('/home/runner/.cache', 0x00000000000001ff)
mkdir('/home/runner/.cache/nim', 0x00000000000001ff)
mkdir('/home/runner/.cache/nim/plz_r', 0x00000000000001ff)
mkdir('/home', 0x00000000000001ff)
mkdir('/home/runner', 0x00000000000001ff)
mkdir('/home/runner/.cache', 0x00000000000001ff)
mkdir('/home/runner/.cache/nim', 0x00000000000001ff)
mkdir('/home/runner/.cache/nim/plz_r', 0x00000000000001ff)
mkdir('/home', 0x00000000000001ff)
mkdir('/home/runner', 0x00000000000001ff)
mkdir('/home/runner/.cache', 0x00000000000001ff)
mkdir('/home/runner/.cache/nim', 0x00000000000001ff)
mkdir('/home/runner/.cache/nim/plz_r', 0x00000000000001ff)
mkdir('/home', 0x00000000000001ff)
mkdir('/home/runner', 0x00000000000001ff)
mkdir('/home/runner/.cache', 0x00000000000001ff)
mkdir('/home/runner/.cache/nim', 0x00000000000001ff)
mkdir('/home/runner/.cache/nim/plz_r', 0x00000000000001ff)
mkdir('/home', 0x00000000000001ff)
mkdir('/home/runner', 0x00000000000001ff)
mkdir('/home/runner/.cache', 0x00000000000001ff)
mkdir('/home/runner/.cache/nim', 0x00000000000001ff)
mkdir('/home/runner/.cache/nim/plz_r', 0x00000000000001ff)
mkdir('/home', 0x00000000000001ff)
mkdir('/home/runner', 0x00000000000001ff)
mkdir('/home/runner/.cache', 0x00000000000001ff)
mkdir('/home/runner/.cache/nim', 0x00000000000001ff)
mkdir('/home/runner/.cache/nim/plz_r', 0x00000000000001ff)
mkdir('/home', 0x00000000000001ff)
mkdir('/home/runner', 0x00000000000001ff)
mkdir('/home/runner/.cache', 0x00000000000001ff)
mkdir('/home/runner/.cache/nim', 0x00000000000001ff)
mkdir('/home/runner/.cache/nim/plz_r', 0x00000000000001ff)
mkdir('/home', 0x00000000000001ff)
mkdir('/home/runner', 0x00000000000001ff)
mkdir('/home/runner/.cache', 0x00000000000001ff)
mkdir('/home/runner/.cache/nim', 0x00000000000001ff)
mkdir('/home/runner/.cache/nim/plz_r', 0x00000000000001ff)
mkdir('/home', 0x00000000000001ff)
mkdir('/home/runner', 0x00000000000001ff)
mkdir('/home/runner/.cache', 0x00000000000001ff)
mkdir('/home/runner/.cache/nim', 0x00000000000001ff)
mkdir('/home/runner/.cache/nim/plz_r', 0x00000000000001ff)
mkdir('/home', 0x00000000000001ff)
mkdir('/home/runner', 0x00000000000001ff)
mkdir('/home/runner/.cache', 0x00000000000001ff)
mkdir('/home/runner/.cache/nim', 0x00000000000001ff)
mkdir('/home/runner/.cache/nim/plz_r', 0x00000000000001ff)
mkdir('/home', 0x00000000000001ff)
mkdir('/home/runner', 0x00000000000001ff)
mkdir('/home/runner/.cache', 0x00000000000001ff)
mkdir('/home/runner/.cache/nim', 0x00000000000001ff)
mkdir('/home/runner/.cache/nim/plz_r', 0x00000000000001ff)
mkdir('/home', 0x00000000000001ff)
mkdir('/home/runner', 0x00000000000001ff)
mkdir('/home/runner/.cache', 0x00000000000001ff)
mkdir('/home/runner/.cache/nim', 0x00000000000001ff)
mkdir('/home/runner/.cache/nim/plz_r', 0x00000000000001ff)
mkdir('/home', 0x00000000000001ff)
mkdir('/home/runner', 0x00000000000001ff)
mkdir('/home/runner/.cache', 0x00000000000001ff)
mkdir('/home/runner/.cache/nim', 0x00000000000001ff)
mkdir('/home/runner/.cache/nim/plz_r', 0x00000000000001ff)
mkdir('/home', 0x00000000000001ff)
mkdir('/home/runner', 0x00000000000001ff)
mkdir('/home/runner/.cache', 0x00000000000001ff)
mkdir('/home/runner/.cache/nim', 0x00000000000001ff)
mkdir('/home/runner/.cache/nim/plz_r', 0x00000000000001ff)
mkdir('/home', 0x00000000000001ff)
mkdir('/home/runner', 0x00000000000001ff)
mkdir('/home/runner/.cache', 0x00000000000001ff)
mkdir('/home/runner/.cache/nim', 0x00000000000001ff)
mkdir('/home/runner/.cache/nim/plz_r', 0x00000000000001ff)
mkdir('/home', 0x00000000000001ff)
mkdir('/home/runner', 0x00000000000001ff)
mkdir('/home/runner/.cache', 0x00000000000001ff)
mkdir('/home/runner/.cache/nim', 0x00000000000001ff)
mkdir('/home/runner/.cache/nim/plz_r', 0x00000000000001ff)
mkdir('/home', 0x00000000000001ff)
mkdir('/home/runner', 0x00000000000001ff)
mkdir('/home/runner/.cache', 0x00000000000001ff)
mkdir('/home/runner/.cache/nim', 0x00000000000001ff)
mkdir('/home/runner/.cache/nim/plz_r', 0x00000000000001ff)
unlink('/tmp/ccbYfHwY.s')
unlink('/tmp/cc8dHAK2.s')
unlink('/tmp/ccIivx1a.s')
unlink('/tmp/ccjNlz9e.s')
unlink('/tmp/cc8nurdL.s')
unlink('/tmp/ccIgopAM.s')
unlink('/tmp/ccRon52W.s')
unlink('/tmp/cc5DzwJD.s')
unlink('/tmp/ccyhMFDF.s')
unlink('/tmp/ccx0U4f4.s')
unlink('/tmp/ccxde2t7.s')
unlink('/tmp/ccLJXeHJ.s')
unlink('/tmp/ccW10RIh.s')
unlink('/tmp/ccMOadbB.s')
unlink('/tmp/ccgtIPaM.s')
unlink('/tmp/ccsFK4Fa.s')
unlink('/tmp/cchZJTLY.s')
unlink('/tmp/ccYFafQI.s')
unlink('/tmp/ccmUN8VT.s')
unlink('/tmp/ccJanQMd.s')
unlink('/tmp/cc82YpDy.s')
unlink('/tmp/cch0TSLR.s')
unlink('/tmp/ccvw76sQ.s')
unlink('/tmp/ccHSJyzx.s')
unlink('/tmp/cc0gFc3T.s')
unlink('/tmp/ccw0nbIA.s')
unlink('/tmp/ccMtDZcF.s')
unlink('/tmp/ccY1vlOf.s')
unlink('/tmp/cclFjl62.s')
unlink('/tmp/ccnXvpzv.s')
unlink('/tmp/ccrJuNoR.s')
unlink('/tmp/cclCIQX2.s')
unlink('/tmp/ccQYaBnG.s')
unlink('/tmp/cc0FnKdK.s')
unlink('/tmp/ccMmar47.s')
unlink('/tmp/ccIYLNw6.s')
unlink('/tmp/ccyABOp5.s')
unlink('/tmp/cc825wn7.s')
unlink('/tmp/ccOMsByR.s')
unlink('/tmp/ccuotcS5.s')
unlink('/tmp/cc4PE2Qu.s')
unlink('/tmp/ccLICRQO.s')
unlink('/tmp/cc0sB2Gb.s')
unlink('/tmp/cc8bjr1x.s')
unlink('/tmp/ccHI8sH4.s')
unlink('/tmp/ccaxeNE6.s')
unlink('/tmp/ccpFnSmU.s')
unlink('/tmp/ccaU7J2T.s')
unlink('/tmp/cchEnFgZ.s')
unlink('/tmp/cc4Rrpn2.s')
unlink('/tmp/cccogzWA.s')
unlink('/tmp/ccRdsvJR.s')
unlink('/tmp/ccbxQmN6.s')
unlink('/tmp/cc0pbT49.s')
unlink('/tmp/ccdvLLaV.s')
unlink('/tmp/ccG6nQF6.s')
unlink('/tmp/ccB1Qd4r.s')
unlink('/tmp/cc7W45Lr.s')
mkdir('/tmp', 0x00000000000001ff)
mkdir('/tmp/nimble_9873', 0x00000000000001ff)
mkdir('/tmp/nimble_9873/githubcom_juancarlospaconimpypi', 0x00000000000001ff)
unlink(32011920)
Error tracing process: readBytes(0x0000000001e87690, 256) error: [Errno 5] Input/output error.
