     Info:  Nimble data file "/home/runner/.nimble/nimbledata2.json" has been loaded.
    Reading official package list
Downloading https://github.com/jiro4989/pnm using git
    Cloning latest tagged version: v2.1.1
open('/workspace/destdir/ssl/openssl.cnf', 32768, 0x00000000000001b6)
open('/home/runner/.config/nimble/nimble.ini', 557056, 0x00000000000001b6)
open('/home/runner/.config/babel/babel.ini', 557056, 0x00000000000001b6)
open('/home/runner/.nimble/nimbledata2.json', 557056, 0x00000000000001b6)
writev(1, 0x00007ffe31b979d0, 2)
writev(1, 0x00007ffe31b972b0, 2)
open('/home/runner/.nimble/packages_official.json', 557056, 0x00000000000001b6)
mkdir('/tmp/', 0x00000000000001ff)
mkdir('/tmp/nimble_2852/', 0x00000000000001ff)
mkdir('/tmp/nimble_2852/githubcom_jiro4989pnm', 0x00000000000001ff)
writev(1, 0x00007ffe31b97280, 2)
open('/tmp/nimble_2852/githubcom_jiro4989pnm', 622592, 0x0000000000000000)
rmdir('/tmp/nimble_2852/githubcom_jiro4989pnm')
writev(1, 0x00007ffe31b971f0, 2)
mkdir(94501240391536, 0x00000000000001ff)
Error tracing process: readBytes(0x000055f2c8dd4770, 256) error: [Errno 5] Input/output error.
