    Reading official package list
Downloading https://github.com/jasonlu7/pokereval using git
    Cloning latest tagged version: v0.1.0
       Info /tmp/nimble_22318/githubcom_jasonlu7pokereval/pokereval_22318.nims(1, 8) Warning: imported and not used: 'system' [UnusedImport]
        ... /tmp/nimble_22318/githubcom_jasonlu7pokereval/pokereval_22318.nims(5, 22) Warning: imported and not used: 'strutils' [UnusedImport]
  Verifying dependencies for pokereval@0.1.0
 Installing pokereval@0.1.0
    Copying file /tmp/nimble_22318/githubcom_jasonlu7pokereval/src/pokereval/perfhashoffsets.nim to /home/runner/.nimble/pkgs/pokereval-0.1.0/pokereval/perfhashoffsets.nim
    Copying file /tmp/nimble_22318/githubcom_jasonlu7pokereval/src/pokereval/hand.nim to /home/runner/.nimble/pkgs/pokereval-0.1.0/pokereval/hand.nim
    Copying file /tmp/nimble_22318/githubcom_jasonlu7pokereval/src/pokereval.nim to /home/runner/.nimble/pkgs/pokereval-0.1.0/pokereval.nim
    Copying file /tmp/nimble_22318/githubcom_jasonlu7pokereval/pokereval.nimble to /home/runner/.nimble/pkgs/pokereval-0.1.0/pokereval.nimble
   Success: pokereval installed successfully.
       Info /home/runner/.nimble/pkgs/pokereval-0.1.0/pokereval_22318.nims(1, 8) Warning: imported and not used: 'system' [UnusedImport]
        ... /home/runner/.nimble/pkgs/pokereval-0.1.0/pokereval_22318.nims(5, 22) Warning: imported and not used: 'strutils' [UnusedImport]
mkdir('/tmp', 0x00000000000001ff)
mkdir('/tmp/nimble_22318', 0x00000000000001ff)
mkdir('/tmp/nimble_22318/githubcom_jasonlu7pokereval', 0x00000000000001ff)
rmdir('/tmp/nimble_22318/githubcom_jasonlu7pokereval')
mkdir('/tmp/nimble_22318/githubcom_jasonlu7pokereval', 0x00000000000001ff)
mkdir('/tmp/nimble_22318/githubcom_jasonlu7pokereval/.git', 0x00000000000001ff)
mkdir('/tmp/nimble_22318/githubcom_jasonlu7pokereval/.git/', 0x00000000000001ff)
mkdir('/tmp/nimble_22318/githubcom_jasonlu7pokereval/.git/branches/', 0x00000000000001ff)
mkdir('/tmp/nimble_22318/githubcom_jasonlu7pokereval/.git/hooks/', 0x00000000000001ff)
mkdir('/tmp/nimble_22318/githubcom_jasonlu7pokereval/.git/info/', 0x00000000000001ff)
mkdir('/tmp/nimble_22318/githubcom_jasonlu7pokereval/.git/refs', 0x00000000000001ff)
mkdir('/tmp/nimble_22318/githubcom_jasonlu7pokereval/.git/refs/heads', 0x00000000000001ff)
mkdir('/tmp/nimble_22318/githubcom_jasonlu7pokereval/.git/refs/tags', 0x00000000000001ff)
rename('/tmp/nimble_22318/githubcom_jasonlu7pokereval/.git/HEAD.lock', '/tmp/nimble_22318/githubcom_jasonlu7pokereval/.git/HEAD')
rename('/tmp/nimble_22318/githubcom_jasonlu7pokereval/.git/config.lock', '/tmp/nimble_22318/githubcom_jasonlu7pokereval/.git/config')
chmod('/tmp/nimble_22318/githubcom_jasonlu7pokereval/.git/config', 0x00000000000081e4)
chmod('/tmp/nimble_22318/githubcom_jasonlu7pokereval/.git/config', 0x00000000000081a4)
chmod('/tmp/nimble_22318/githubcom_jasonlu7pokereval/.git/config.lock', 0x00000000000001a4)
rename('/tmp/nimble_22318/githubcom_jasonlu7pokereval/.git/config.lock', '/tmp/nimble_22318/githubcom_jasonlu7pokereval/.git/config')
chmod('/tmp/nimble_22318/githubcom_jasonlu7pokereval/.git/config.lock', 0x00000000000001a4)
rename('/tmp/nimble_22318/githubcom_jasonlu7pokereval/.git/config.lock', '/tmp/nimble_22318/githubcom_jasonlu7pokereval/.git/config')
chmod('/tmp/nimble_22318/githubcom_jasonlu7pokereval/.git/config.lock', 0x00000000000001a4)
rename('/tmp/nimble_22318/githubcom_jasonlu7pokereval/.git/config.lock', '/tmp/nimble_22318/githubcom_jasonlu7pokereval/.git/config')
unlink('/tmp/nimble_22318/githubcom_jasonlu7pokereval/.git/tXGohee')
symlink('testing', '/tmp/nimble_22318/githubcom_jasonlu7pokereval/.git/tXGohee')
unlink('/tmp/nimble_22318/githubcom_jasonlu7pokereval/.git/tXGohee')
mkdir('/tmp/nimble_22318/githubcom_jasonlu7pokereval/.git/objects', 0x00000000000001ff)
mkdir('/tmp/nimble_22318/githubcom_jasonlu7pokereval/.git/objects/pack', 0x00000000000001ff)
mkdir('/tmp/nimble_22318/githubcom_jasonlu7pokereval/.git/objects/info', 0x00000000000001ff)
chmod('/tmp/nimble_22318/githubcom_jasonlu7pokereval/.git/config.lock', 0x00000000000001a4)
rename('/tmp/nimble_22318/githubcom_jasonlu7pokereval/.git/config.lock', '/tmp/nimble_22318/githubcom_jasonlu7pokereval/.git/config')
chmod('/tmp/nimble_22318/githubcom_jasonlu7pokereval/.git/config.lock', 0x00000000000001a4)
rename('/tmp/nimble_22318/githubcom_jasonlu7pokereval/.git/config.lock', '/tmp/nimble_22318/githubcom_jasonlu7pokereval/.git/config')
chmod('/tmp/nimble_22318/githubcom_jasonlu7pokereval/.git/config.lock', 0x00000000000001a4)
rename('/tmp/nimble_22318/githubcom_jasonlu7pokereval/.git/config.lock', '/tmp/nimble_22318/githubcom_jasonlu7pokereval/.git/config')
link('/tmp/nimble_22318/githubcom_jasonlu7pokereval/.git/objects/pack/tmp_pack_sUQfaR', '/tmp/nimble_22318/githubcom_jasonlu7pokereval/.git/objects/pack/pack-dfc2190de90e6f8e123560d779a52f890a74987e.pack')
unlink('/tmp/nimble_22318/githubcom_jasonlu7pokereval/.git/objects/pack/tmp_pack_sUQfaR')
link('/tmp/nimble_22318/githubcom_jasonlu7pokereval/.git/objects/pack/tmp_idx_OVZEb5', '/tmp/nimble_22318/githubcom_jasonlu7pokereval/.git/objects/pack/pack-dfc2190de90e6f8e123560d779a52f890a74987e.idx')
unlink('/tmp/nimble_22318/githubcom_jasonlu7pokereval/.git/objects/pack/tmp_idx_OVZEb5')
rename('/tmp/nimble_22318/githubcom_jasonlu7pokereval/.git/shallow.lock', '/tmp/nimble_22318/githubcom_jasonlu7pokereval/.git/shallow')
rename('/tmp/nimble_22318/githubcom_jasonlu7pokereval/.git/packed-refs.new', '/tmp/nimble_22318/githubcom_jasonlu7pokereval/.git/packed-refs')
unlink('/tmp/nimble_22318/githubcom_jasonlu7pokereval/.git/packed-refs.lock')
unlink('/tmp/nimble_22318/githubcom_jasonlu7pokereval/.git/refs/tags/v0.1.0.lock')
mkdir('/tmp/nimble_22318/githubcom_jasonlu7pokereval/.git/logs', 0x00000000000001ff)
rename('/tmp/nimble_22318/githubcom_jasonlu7pokereval/.git/HEAD.lock', '/tmp/nimble_22318/githubcom_jasonlu7pokereval/.git/HEAD')
unlink('/tmp/nimble_22318/githubcom_jasonlu7pokereval/.git/objects/pack/pack-dfc2190de90e6f8e123560d779a52f890a74987e.keep')
mkdir('src', 0x00000000000001ff)
mkdir('src/pokereval', 0x00000000000001ff)
mkdir('tests', 0x00000000000001ff)
rename('/tmp/nimble_22318/githubcom_jasonlu7pokereval/.git/index.lock', '/tmp/nimble_22318/githubcom_jasonlu7pokereval/.git/index')
mkdir('/tmp', 0x00000000000001ff)
mkdir('/tmp/nimblecache', 0x00000000000001ff)
mkdir('/tmp/nimblecache/pokereval_77912364', 0x00000000000001ff)
unlink('/tmp/nimblecache/pokereval_77912364/pokereval.ini')
unlink('/tmp/nimble_22318.out')
unlink('/tmp/nimble_22318/githubcom_jasonlu7pokereval/pokereval_22318.nims')
mkdir('/home', 0x00000000000001ff)
mkdir('/home/runner', 0x00000000000001ff)
mkdir('/home/runner/.nimble', 0x00000000000001ff)
mkdir('/home/runner/.nimble/pkgs', 0x00000000000001ff)
mkdir('/home/runner/.nimble/pkgs/pokereval-0.1.0', 0x00000000000001ff)
mkdir('/home', 0x00000000000001ff)
mkdir('/home/runner', 0x00000000000001ff)
mkdir('/home/runner/.nimble', 0x00000000000001ff)
mkdir('/home/runner/.nimble/pkgs', 0x00000000000001ff)
mkdir('/home/runner/.nimble/pkgs/pokereval-0.1.0', 0x00000000000001ff)
mkdir('/home/runner/.nimble/pkgs/pokereval-0.1.0/pokereval', 0x00000000000001ff)
chmod('/home/runner/.nimble/pkgs/pokereval-0.1.0/pokereval/perfhashoffsets.nim', 0x00000000000001a4)
mkdir('/home', 0x00000000000001ff)
mkdir('/home/runner', 0x00000000000001ff)
mkdir('/home/runner/.nimble', 0x00000000000001ff)
mkdir('/home/runner/.nimble/pkgs', 0x00000000000001ff)
mkdir('/home/runner/.nimble/pkgs/pokereval-0.1.0', 0x00000000000001ff)
mkdir('/home/runner/.nimble/pkgs/pokereval-0.1.0/pokereval', 0x00000000000001ff)
chmod('/home/runner/.nimble/pkgs/pokereval-0.1.0/pokereval/hand.nim', 0x00000000000001a4)
mkdir('/home', 0x00000000000001ff)
mkdir('/home/runner', 0x00000000000001ff)
mkdir('/home/runner/.nimble', 0x00000000000001ff)
mkdir('/home/runner/.nimble/pkgs', 0x00000000000001ff)
mkdir('/home/runner/.nimble/pkgs/pokereval-0.1.0', 0x00000000000001ff)
chmod('/home/runner/.nimble/pkgs/pokereval-0.1.0/pokereval.nim', 0x00000000000001a4)
chmod('/home/runner/.nimble/pkgs/pokereval-0.1.0/pokereval.nimble', 0x00000000000001a4)
mkdir('/tmp', 0x00000000000001ff)
mkdir('/tmp/nimblecache', 0x00000000000001ff)
mkdir('/tmp/nimblecache/pokereval_1589286449', 0x00000000000001ff)
unlink('/tmp/nimblecache/pokereval_1589286449/pokereval.ini')
unlink('/tmp/nimble_22318.out')
unlink('/home/runner/.nimble/pkgs/pokereval-0.1.0/pokereval_22318.nims')
unlink('/tmp/nimble_22318/githubcom_jasonlu7pokereval/pokereval.nimble')
unlink('/tmp/nimble_22318/githubcom_jasonlu7pokereval/src/pokereval/perfhashoffsets.nim')
unlink('/tmp/nimble_22318/githubcom_jasonlu7pokereval/src/pokereval/hand.nim')
rmdir('/tmp/nimble_22318/githubcom_jasonlu7pokereval/src/pokereval')
unlink('/tmp/nimble_22318/githubcom_jasonlu7pokereval/src/pokereval.nim')
rmdir('/tmp/nimble_22318/githubcom_jasonlu7pokereval/src')
unlink('/tmp/nimble_22318/githubcom_jasonlu7pokereval/.gitignore')
unlink('/tmp/nimble_22318/githubcom_jasonlu7pokereval/LICENSE')
unlink('/tmp/nimble_22318/githubcom_jasonlu7pokereval/.git/HEAD')
unlink('/tmp/nimble_22318/githubcom_jasonlu7pokereval/.git/config')
unlink('/tmp/nimble_22318/githubcom_jasonlu7pokereval/.git/logs/HEAD')
rmdir('/tmp/nimble_22318/githubcom_jasonlu7pokereval/.git/logs')
rmdir('/tmp/nimble_22318/githubcom_jasonlu7pokereval/.git/branches')
unlink('/tmp/nimble_22318/githubcom_jasonlu7pokereval/.git/packed-refs')
rmdir('/tmp/nimble_22318/githubcom_jasonlu7pokereval/.git/refs/heads')
rmdir('/tmp/nimble_22318/githubcom_jasonlu7pokereval/.git/refs/tags')
rmdir('/tmp/nimble_22318/githubcom_jasonlu7pokereval/.git/refs')
unlink('/tmp/nimble_22318/githubcom_jasonlu7pokereval/.git/hooks/fsmonitor-watchman.sample')
unlink('/tmp/nimble_22318/githubcom_jasonlu7pokereval/.git/hooks/pre-rebase.sample')
unlink('/tmp/nimble_22318/githubcom_jasonlu7pokereval/.git/hooks/pre-push.sample')
unlink('/tmp/nimble_22318/githubcom_jasonlu7pokereval/.git/hooks/pre-applypatch.sample')
unlink('/tmp/nimble_22318/githubcom_jasonlu7pokereval/.git/hooks/pre-receive.sample')
unlink('/tmp/nimble_22318/githubcom_jasonlu7pokereval/.git/hooks/commit-msg.sample')
unlink('/tmp/nimble_22318/githubcom_jasonlu7pokereval/.git/hooks/pre-merge-commit.sample')
unlink('/tmp/nimble_22318/githubcom_jasonlu7pokereval/.git/hooks/prepare-commit-msg.sample')
unlink('/tmp/nimble_22318/githubcom_jasonlu7pokereval/.git/hooks/pre-commit.sample')
unlink('/tmp/nimble_22318/githubcom_jasonlu7pokereval/.git/hooks/update.sample')
unlink('/tmp/nimble_22318/githubcom_jasonlu7pokereval/.git/hooks/applypatch-msg.sample')
unlink('/tmp/nimble_22318/githubcom_jasonlu7pokereval/.git/hooks/post-update.sample')
rmdir('/tmp/nimble_22318/githubcom_jasonlu7pokereval/.git/hooks')
unlink('/tmp/nimble_22318/githubcom_jasonlu7pokereval/.git/index')
unlink('/tmp/nimble_22318/githubcom_jasonlu7pokereval/.git/info/exclude')
rmdir('/tmp/nimble_22318/githubcom_jasonlu7pokereval/.git/info')
unlink('/tmp/nimble_22318/githubcom_jasonlu7pokereval/.git/shallow')
unlink('/tmp/nimble_22318/githubcom_jasonlu7pokereval/.git/description')
unlink('/tmp/nimble_22318/githubcom_jasonlu7pokereval/.git/objects/pack/pack-dfc2190de90e6f8e123560d779a52f890a74987e.pack')
unlink('/tmp/nimble_22318/githubcom_jasonlu7pokereval/.git/objects/pack/pack-dfc2190de90e6f8e123560d779a52f890a74987e.idx')
rmdir('/tmp/nimble_22318/githubcom_jasonlu7pokereval/.git/objects/pack')
rmdir('/tmp/nimble_22318/githubcom_jasonlu7pokereval/.git/objects/info')
rmdir('/tmp/nimble_22318/githubcom_jasonlu7pokereval/.git/objects')
rmdir('/tmp/nimble_22318/githubcom_jasonlu7pokereval/.git')
unlink('/tmp/nimble_22318/githubcom_jasonlu7pokereval/README.md')
unlink('/tmp/nimble_22318/githubcom_jasonlu7pokereval/tests/test.nim')
unlink('/tmp/nimble_22318/githubcom_jasonlu7pokereval/tests/config.nims')
rmdir('/tmp/nimble_22318/githubcom_jasonlu7pokereval/tests')
rmdir('/tmp/nimble_22318/githubcom_jasonlu7pokereval')
rmdir('/tmp/nimble_22318')
  create directory /tmp
  create directory /tmp/nimble_22318
  create directory /tmp/nimble_22318/githubcom_jasonlu7pokereval
  delete /tmp/nimble_22318/githubcom_jasonlu7pokereval
  create directory /tmp/nimble_22318/githubcom_jasonlu7pokereval
  create directory /tmp/nimble_22318/githubcom_jasonlu7pokereval/.git
  create directory /tmp/nimble_22318/githubcom_jasonlu7pokereval/.git
  create directory /tmp/nimble_22318/githubcom_jasonlu7pokereval/.git/branches
  create directory /tmp/nimble_22318/githubcom_jasonlu7pokereval/.git/hooks
  create directory /tmp/nimble_22318/githubcom_jasonlu7pokereval/.git/info
  create directory /tmp/nimble_22318/githubcom_jasonlu7pokereval/.git/refs
  create directory /tmp/nimble_22318/githubcom_jasonlu7pokereval/.git/refs/heads
  create directory /tmp/nimble_22318/githubcom_jasonlu7pokereval/.git/refs/tags
  rename /tmp/nimble_22318/githubcom_jasonlu7pokereval/.git/HEAD.lock to HEAD
  rename /tmp/nimble_22318/githubcom_jasonlu7pokereval/.git/config.lock to config
  change permissions of /tmp/nimble_22318/githubcom_jasonlu7pokereval/.git/config to rwxr--r--
  change permissions of /tmp/nimble_22318/githubcom_jasonlu7pokereval/.git/config to rw-r--r--
  change permissions of /tmp/nimble_22318/githubcom_jasonlu7pokereval/.git/config.lock to rw-r--r--
  rename /tmp/nimble_22318/githubcom_jasonlu7pokereval/.git/config.lock to config
  change permissions of /tmp/nimble_22318/githubcom_jasonlu7pokereval/.git/config.lock to rw-r--r--
  rename /tmp/nimble_22318/githubcom_jasonlu7pokereval/.git/config.lock to config
  change permissions of /tmp/nimble_22318/githubcom_jasonlu7pokereval/.git/config.lock to rw-r--r--
  rename /tmp/nimble_22318/githubcom_jasonlu7pokereval/.git/config.lock to config
  delete /tmp/nimble_22318/githubcom_jasonlu7pokereval/.git/tXGohee
  create symbolic link from /tmp/nimble_22318/githubcom_jasonlu7pokereval/.git/tXGohee to /home/runner/work/nim_packages_security_audit/nim_packages_security_audit/testing
  delete /tmp/nimble_22318/githubcom_jasonlu7pokereval/.git/tXGohee
  create directory /tmp/nimble_22318/githubcom_jasonlu7pokereval/.git/objects
  create directory /tmp/nimble_22318/githubcom_jasonlu7pokereval/.git/objects/pack
  create directory /tmp/nimble_22318/githubcom_jasonlu7pokereval/.git/objects/info
  change permissions of /tmp/nimble_22318/githubcom_jasonlu7pokereval/.git/config.lock to rw-r--r--
  rename /tmp/nimble_22318/githubcom_jasonlu7pokereval/.git/config.lock to config
  change permissions of /tmp/nimble_22318/githubcom_jasonlu7pokereval/.git/config.lock to rw-r--r--
  rename /tmp/nimble_22318/githubcom_jasonlu7pokereval/.git/config.lock to config
  change permissions of /tmp/nimble_22318/githubcom_jasonlu7pokereval/.git/config.lock to rw-r--r--
  rename /tmp/nimble_22318/githubcom_jasonlu7pokereval/.git/config.lock to config
  create hard link from /tmp/nimble_22318/githubcom_jasonlu7pokereval/.git/objects/pack/pack-dfc2190de90e6f8e123560d779a52f890a74987e.pack to /tmp/nimble_22318/githubcom_jasonlu7pokereval/.git/objects/pack/tmp_pack_sUQfaR
  delete /tmp/nimble_22318/githubcom_jasonlu7pokereval/.git/objects/pack/tmp_pack_sUQfaR
  create hard link from /tmp/nimble_22318/githubcom_jasonlu7pokereval/.git/objects/pack/pack-dfc2190de90e6f8e123560d779a52f890a74987e.idx to /tmp/nimble_22318/githubcom_jasonlu7pokereval/.git/objects/pack/tmp_idx_OVZEb5
  delete /tmp/nimble_22318/githubcom_jasonlu7pokereval/.git/objects/pack/tmp_idx_OVZEb5
  rename /tmp/nimble_22318/githubcom_jasonlu7pokereval/.git/shallow.lock to shallow
  rename /tmp/nimble_22318/githubcom_jasonlu7pokereval/.git/packed-refs.new to packed-refs
  delete /tmp/nimble_22318/githubcom_jasonlu7pokereval/.git/packed-refs.lock
  delete /tmp/nimble_22318/githubcom_jasonlu7pokereval/.git/refs/tags/v0.1.0.lock
  create directory /tmp/nimble_22318/githubcom_jasonlu7pokereval/.git/logs
  rename /tmp/nimble_22318/githubcom_jasonlu7pokereval/.git/HEAD.lock to HEAD
  delete /tmp/nimble_22318/githubcom_jasonlu7pokereval/.git/objects/pack/pack-dfc2190de90e6f8e123560d779a52f890a74987e.keep
  create directory /tmp/nimble_22318/githubcom_jasonlu7pokereval/src
  create directory /tmp/nimble_22318/githubcom_jasonlu7pokereval/src/pokereval
  create directory /tmp/nimble_22318/githubcom_jasonlu7pokereval/tests
  rename /tmp/nimble_22318/githubcom_jasonlu7pokereval/.git/index.lock to index
  create directory /tmp
  create directory /tmp/nimblecache
  create directory /tmp/nimblecache/pokereval_77912364
  delete /tmp/nimblecache/pokereval_77912364/pokereval.ini
  delete /tmp/nimble_22318.out
  delete /tmp/nimble_22318/githubcom_jasonlu7pokereval/pokereval_22318.nims
  create directory /home
  create directory /home/runner
  create directory /home/runner/.nimble
  create directory /home/runner/.nimble/pkgs
  create directory /home/runner/.nimble/pkgs/pokereval-0.1.0
  create directory /home
  create directory /home/runner
  create directory /home/runner/.nimble
  create directory /home/runner/.nimble/pkgs
  create directory /home/runner/.nimble/pkgs/pokereval-0.1.0
  create directory /home/runner/.nimble/pkgs/pokereval-0.1.0/pokereval
  change permissions of /home/runner/.nimble/pkgs/pokereval-0.1.0/pokereval/perfhashoffsets.nim to rw-r--r--
  create directory /home
  create directory /home/runner
  create directory /home/runner/.nimble
  create directory /home/runner/.nimble/pkgs
  create directory /home/runner/.nimble/pkgs/pokereval-0.1.0
  create directory /home/runner/.nimble/pkgs/pokereval-0.1.0/pokereval
  change permissions of /home/runner/.nimble/pkgs/pokereval-0.1.0/pokereval/hand.nim to rw-r--r--
  create directory /home
  create directory /home/runner
  create directory /home/runner/.nimble
  create directory /home/runner/.nimble/pkgs
  create directory /home/runner/.nimble/pkgs/pokereval-0.1.0
  change permissions of /home/runner/.nimble/pkgs/pokereval-0.1.0/pokereval.nim to rw-r--r--
  change permissions of /home/runner/.nimble/pkgs/pokereval-0.1.0/pokereval.nimble to rw-r--r--
  create directory /tmp
  create directory /tmp/nimblecache
  create directory /tmp/nimblecache/pokereval_1589286449
  delete /tmp/nimblecache/pokereval_1589286449/pokereval.ini
  delete /tmp/nimble_22318.out
  delete /home/runner/.nimble/pkgs/pokereval-0.1.0/pokereval_22318.nims
  delete /tmp/nimble_22318/githubcom_jasonlu7pokereval/pokereval.nimble
  delete /tmp/nimble_22318/githubcom_jasonlu7pokereval/src/pokereval/perfhashoffsets.nim
  delete /tmp/nimble_22318/githubcom_jasonlu7pokereval/src/pokereval/hand.nim
  delete /tmp/nimble_22318/githubcom_jasonlu7pokereval/src/pokereval
  delete /tmp/nimble_22318/githubcom_jasonlu7pokereval/src/pokereval.nim
  delete /tmp/nimble_22318/githubcom_jasonlu7pokereval/src
  delete /tmp/nimble_22318/githubcom_jasonlu7pokereval/.gitignore
  delete /tmp/nimble_22318/githubcom_jasonlu7pokereval/LICENSE
  delete /tmp/nimble_22318/githubcom_jasonlu7pokereval/.git/HEAD
  delete /tmp/nimble_22318/githubcom_jasonlu7pokereval/.git/config
  delete /tmp/nimble_22318/githubcom_jasonlu7pokereval/.git/logs/HEAD
  delete /tmp/nimble_22318/githubcom_jasonlu7pokereval/.git/logs
  delete /tmp/nimble_22318/githubcom_jasonlu7pokereval/.git/branches
  delete /tmp/nimble_22318/githubcom_jasonlu7pokereval/.git/packed-refs
  delete /tmp/nimble_22318/githubcom_jasonlu7pokereval/.git/refs/heads
  delete /tmp/nimble_22318/githubcom_jasonlu7pokereval/.git/refs/tags
  delete /tmp/nimble_22318/githubcom_jasonlu7pokereval/.git/refs
  delete /tmp/nimble_22318/githubcom_jasonlu7pokereval/.git/hooks/fsmonitor-watchman.sample
  delete /tmp/nimble_22318/githubcom_jasonlu7pokereval/.git/hooks/pre-rebase.sample
  delete /tmp/nimble_22318/githubcom_jasonlu7pokereval/.git/hooks/pre-push.sample
  delete /tmp/nimble_22318/githubcom_jasonlu7pokereval/.git/hooks/pre-applypatch.sample
  delete /tmp/nimble_22318/githubcom_jasonlu7pokereval/.git/hooks/pre-receive.sample
  delete /tmp/nimble_22318/githubcom_jasonlu7pokereval/.git/hooks/commit-msg.sample
  delete /tmp/nimble_22318/githubcom_jasonlu7pokereval/.git/hooks/pre-merge-commit.sample
  delete /tmp/nimble_22318/githubcom_jasonlu7pokereval/.git/hooks/prepare-commit-msg.sample
  delete /tmp/nimble_22318/githubcom_jasonlu7pokereval/.git/hooks/pre-commit.sample
  delete /tmp/nimble_22318/githubcom_jasonlu7pokereval/.git/hooks/update.sample
  delete /tmp/nimble_22318/githubcom_jasonlu7pokereval/.git/hooks/applypatch-msg.sample
  delete /tmp/nimble_22318/githubcom_jasonlu7pokereval/.git/hooks/post-update.sample
  delete /tmp/nimble_22318/githubcom_jasonlu7pokereval/.git/hooks
  delete /tmp/nimble_22318/githubcom_jasonlu7pokereval/.git/index
  delete /tmp/nimble_22318/githubcom_jasonlu7pokereval/.git/info/exclude
  delete /tmp/nimble_22318/githubcom_jasonlu7pokereval/.git/info
  delete /tmp/nimble_22318/githubcom_jasonlu7pokereval/.git/shallow
  delete /tmp/nimble_22318/githubcom_jasonlu7pokereval/.git/description
  delete /tmp/nimble_22318/githubcom_jasonlu7pokereval/.git/objects/pack/pack-dfc2190de90e6f8e123560d779a52f890a74987e.pack
  delete /tmp/nimble_22318/githubcom_jasonlu7pokereval/.git/objects/pack/pack-dfc2190de90e6f8e123560d779a52f890a74987e.idx
  delete /tmp/nimble_22318/githubcom_jasonlu7pokereval/.git/objects/pack
  delete /tmp/nimble_22318/githubcom_jasonlu7pokereval/.git/objects/info
  delete /tmp/nimble_22318/githubcom_jasonlu7pokereval/.git/objects
  delete /tmp/nimble_22318/githubcom_jasonlu7pokereval/.git
  delete /tmp/nimble_22318/githubcom_jasonlu7pokereval/README.md
  delete /tmp/nimble_22318/githubcom_jasonlu7pokereval/tests/test.nim
  delete /tmp/nimble_22318/githubcom_jasonlu7pokereval/tests/config.nims
  delete /tmp/nimble_22318/githubcom_jasonlu7pokereval/tests
  delete /tmp/nimble_22318/githubcom_jasonlu7pokereval
  delete /tmp/nimble_22318
