    Reading official package list
Downloading https://github.com/jangko/polyBool using git
mkdir('/tmp', 0x00000000000001ff)
mkdir('/tmp/nimble_7186', 0x00000000000001ff)
mkdir('/tmp/nimble_7186/githubcom_jangkopolyBool', 0x00000000000001ff)
rmdir('/tmp/nimble_7186/githubcom_jangkopolyBool')
mkdir('/tmp/nimble_7186/githubcom_jangkopolyBool', 0x00000000000001ff)
mkdir('/tmp/nimble_7186/githubcom_jangkopolyBool/.git', 0x00000000000001ff)
mkdir('/tmp/nimble_7186/githubcom_jangkopolyBool/.git/', 0x00000000000001ff)
mkdir('/tmp/nimble_7186/githubcom_jangkopolyBool/.git/info/', 0x00000000000001ff)
mkdir('/tmp/nimble_7186/githubcom_jangkopolyBool/.git/hooks/', 0x00000000000001ff)
mkdir('/tmp/nimble_7186/githubcom_jangkopolyBool/.git/branches/', 0x00000000000001ff)
mkdir('/tmp/nimble_7186/githubcom_jangkopolyBool/.git/refs', 0x00000000000001ff)
mkdir('/tmp/nimble_7186/githubcom_jangkopolyBool/.git/refs/heads', 0x00000000000001ff)
mkdir('/tmp/nimble_7186/githubcom_jangkopolyBool/.git/refs/tags', 0x00000000000001ff)
rename('/tmp/nimble_7186/githubcom_jangkopolyBool/.git/HEAD.lock', '/tmp/nimble_7186/githubcom_jangkopolyBool/.git/HEAD')
rename('/tmp/nimble_7186/githubcom_jangkopolyBool/.git/config.lock', '/tmp/nimble_7186/githubcom_jangkopolyBool/.git/config')
chmod('/tmp/nimble_7186/githubcom_jangkopolyBool/.git/config', 0x00000000000081e4)
chmod('/tmp/nimble_7186/githubcom_jangkopolyBool/.git/config', 0x00000000000081a4)
chmod('/tmp/nimble_7186/githubcom_jangkopolyBool/.git/config.lock', 0x00000000000001a4)
rename('/tmp/nimble_7186/githubcom_jangkopolyBool/.git/config.lock', '/tmp/nimble_7186/githubcom_jangkopolyBool/.git/config')
chmod('/tmp/nimble_7186/githubcom_jangkopolyBool/.git/config.lock', 0x00000000000001a4)
rename('/tmp/nimble_7186/githubcom_jangkopolyBool/.git/config.lock', '/tmp/nimble_7186/githubcom_jangkopolyBool/.git/config')
chmod('/tmp/nimble_7186/githubcom_jangkopolyBool/.git/config.lock', 0x00000000000001a4)
rename('/tmp/nimble_7186/githubcom_jangkopolyBool/.git/config.lock', '/tmp/nimble_7186/githubcom_jangkopolyBool/.git/config')
unlink('/tmp/nimble_7186/githubcom_jangkopolyBool/.git/tfjbOQW')
symlink('testing', '/tmp/nimble_7186/githubcom_jangkopolyBool/.git/tfjbOQW')
unlink('/tmp/nimble_7186/githubcom_jangkopolyBool/.git/tfjbOQW')
mkdir('/tmp/nimble_7186/githubcom_jangkopolyBool/.git/objects', 0x00000000000001ff)
mkdir('/tmp/nimble_7186/githubcom_jangkopolyBool/.git/objects/pack', 0x00000000000001ff)
mkdir('/tmp/nimble_7186/githubcom_jangkopolyBool/.git/objects/info', 0x00000000000001ff)
chmod('/tmp/nimble_7186/githubcom_jangkopolyBool/.git/config.lock', 0x00000000000001a4)
rename('/tmp/nimble_7186/githubcom_jangkopolyBool/.git/config.lock', '/tmp/nimble_7186/githubcom_jangkopolyBool/.git/config')
chmod('/tmp/nimble_7186/githubcom_jangkopolyBool/.git/config.lock', 0x00000000000001a4)
rename('/tmp/nimble_7186/githubcom_jangkopolyBool/.git/config.lock', '/tmp/nimble_7186/githubcom_jangkopolyBool/.git/config')
chmod('/tmp/nimble_7186/githubcom_jangkopolyBool/.git/config.lock', 0x00000000000001a4)
rename('/tmp/nimble_7186/githubcom_jangkopolyBool/.git/config.lock', '/tmp/nimble_7186/githubcom_jangkopolyBool/.git/config')
mkdir('/tmp/nimble_7186/githubcom_jangkopolyBool/.git/objects/e7', 0x00000000000001ff)
link('/tmp/nimble_7186/githubcom_jangkopolyBool/.git/objects/e7/tmp_obj_iNe1k4', '/tmp/nimble_7186/githubcom_jangkopolyBool/.git/objects/e7/281860b002ed1e62b5802ede40c530dfd5bfde')
unlink('/tmp/nimble_7186/githubcom_jangkopolyBool/.git/objects/e7/tmp_obj_iNe1k4')
mkdir('/tmp/nimble_7186/githubcom_jangkopolyBool/.git/objects/c9', 0x00000000000001ff)
link('/tmp/nimble_7186/githubcom_jangkopolyBool/.git/objects/c9/tmp_obj_UaDi81', '/tmp/nimble_7186/githubcom_jangkopolyBool/.git/objects/c9/157ed3db2b6fff693a9b0a6bdf9680ea4eb489')
unlink('/tmp/nimble_7186/githubcom_jangkopolyBool/.git/objects/c9/tmp_obj_UaDi81')
mkdir('/tmp/nimble_7186/githubcom_jangkopolyBool/.git/objects/1b', 0x00000000000001ff)
link('/tmp/nimble_7186/githubcom_jangkopolyBool/.git/objects/1b/tmp_obj_ciAN45', '/tmp/nimble_7186/githubcom_jangkopolyBool/.git/objects/1b/9ec080199888b559a4391ef896233cce536181')
unlink('/tmp/nimble_7186/githubcom_jangkopolyBool/.git/objects/1b/tmp_obj_ciAN45')
mkdir('/tmp/nimble_7186/githubcom_jangkopolyBool/.git/objects/84', 0x00000000000001ff)
link('/tmp/nimble_7186/githubcom_jangkopolyBool/.git/objects/84/tmp_obj_GXTCp6', '/tmp/nimble_7186/githubcom_jangkopolyBool/.git/objects/84/60b651358329184f31d99fd76d78c80fd7450f')
unlink('/tmp/nimble_7186/githubcom_jangkopolyBool/.git/objects/84/tmp_obj_GXTCp6')
mkdir('/tmp/nimble_7186/githubcom_jangkopolyBool/.git/objects/3d', 0x00000000000001ff)
link('/tmp/nimble_7186/githubcom_jangkopolyBool/.git/objects/3d/tmp_obj_ezC6p5', '/tmp/nimble_7186/githubcom_jangkopolyBool/.git/objects/3d/5d93f51bb2e52e046c3a4a57413df093a49b41')
unlink('/tmp/nimble_7186/githubcom_jangkopolyBool/.git/objects/3d/tmp_obj_ezC6p5')
mkdir('/tmp/nimble_7186/githubcom_jangkopolyBool/.git/objects/d1', 0x00000000000001ff)
link('/tmp/nimble_7186/githubcom_jangkopolyBool/.git/objects/d1/tmp_obj_skZF57', '/tmp/nimble_7186/githubcom_jangkopolyBool/.git/objects/d1/8a0ae297be58852120344ebd0737a459376d87')
unlink('/tmp/nimble_7186/githubcom_jangkopolyBool/.git/objects/d1/tmp_obj_skZF57')
mkdir('/tmp/nimble_7186/githubcom_jangkopolyBool/.git/objects/66', 0x00000000000001ff)
link('/tmp/nimble_7186/githubcom_jangkopolyBool/.git/objects/66/tmp_obj_utjmh7', '/tmp/nimble_7186/githubcom_jangkopolyBool/.git/objects/66/19e375ae2e3af1733b883ebb56b5fb76ed4cdb')
unlink('/tmp/nimble_7186/githubcom_jangkopolyBool/.git/objects/66/tmp_obj_utjmh7')
mkdir('/tmp/nimble_7186/githubcom_jangkopolyBool/.git/objects/61', 0x00000000000001ff)
link('/tmp/nimble_7186/githubcom_jangkopolyBool/.git/objects/61/tmp_obj_Of9IGa', '/tmp/nimble_7186/githubcom_jangkopolyBool/.git/objects/61/3e2be08c2e2238dec81b3cb06dac8e21c80168')
unlink('/tmp/nimble_7186/githubcom_jangkopolyBool/.git/objects/61/tmp_obj_Of9IGa')
mkdir('/tmp/nimble_7186/githubcom_jangkopolyBool/.git/objects/be', 0x00000000000001ff)
link('/tmp/nimble_7186/githubcom_jangkopolyBool/.git/objects/be/tmp_obj_8FTen9', '/tmp/nimble_7186/githubcom_jangkopolyBool/.git/objects/be/68452e5c6f930381c0929749dfeef9eacfb217')
unlink('/tmp/nimble_7186/githubcom_jangkopolyBool/.git/objects/be/tmp_obj_8FTen9')
mkdir('/tmp/nimble_7186/githubcom_jangkopolyBool/.git/objects/f8', 0x00000000000001ff)
link('/tmp/nimble_7186/githubcom_jangkopolyBool/.git/objects/f8/tmp_obj_ybzvH9', '/tmp/nimble_7186/githubcom_jangkopolyBool/.git/objects/f8/a0ae8a4f36f417746723ef92ce160f57bcc45e')
unlink('/tmp/nimble_7186/githubcom_jangkopolyBool/.git/objects/f8/tmp_obj_ybzvH9')
mkdir('/tmp/nimble_7186/githubcom_jangkopolyBool/.git/objects/69', 0x00000000000001ff)
link('/tmp/nimble_7186/githubcom_jangkopolyBool/.git/objects/69/tmp_obj_wyRetd', '/tmp/nimble_7186/githubcom_jangkopolyBool/.git/objects/69/e82512ae8c73a987aefd5aa613808d20c6568c')
unlink('/tmp/nimble_7186/githubcom_jangkopolyBool/.git/objects/69/tmp_obj_wyRetd')
link('/tmp/nimble_7186/githubcom_jangkopolyBool/.git/objects/e7/tmp_obj_Y46vyc', '/tmp/nimble_7186/githubcom_jangkopolyBool/.git/objects/e7/73917225b790eed1a36f643b77996eebfec1e6')
unlink('/tmp/nimble_7186/githubcom_jangkopolyBool/.git/objects/e7/tmp_obj_Y46vyc')
link('/tmp/nimble_7186/githubcom_jangkopolyBool/.git/objects/84/tmp_obj_EsuRhf', '/tmp/nimble_7186/githubcom_jangkopolyBool/.git/objects/84/99a42d04c030115b4e4934b275b00f39b31e1f')
unlink('/tmp/nimble_7186/githubcom_jangkopolyBool/.git/objects/84/tmp_obj_EsuRhf')
mkdir('/tmp/nimble_7186/githubcom_jangkopolyBool/.git/objects/06', 0x00000000000001ff)
link('/tmp/nimble_7186/githubcom_jangkopolyBool/.git/objects/06/tmp_obj_EoMDje', '/tmp/nimble_7186/githubcom_jangkopolyBool/.git/objects/06/825748485c430ad7a2704d2203c74b6e044ce4')
unlink('/tmp/nimble_7186/githubcom_jangkopolyBool/.git/objects/06/tmp_obj_EoMDje')
mkdir('/tmp/nimble_7186/githubcom_jangkopolyBool/.git/objects/af', 0x00000000000001ff)
link('/tmp/nimble_7186/githubcom_jangkopolyBool/.git/objects/af/tmp_obj_sKmnte', '/tmp/nimble_7186/githubcom_jangkopolyBool/.git/objects/af/75a68ceade08a893be8164094c387b787fe398')
unlink('/tmp/nimble_7186/githubcom_jangkopolyBool/.git/objects/af/tmp_obj_sKmnte')
rename('/tmp/nimble_7186/githubcom_jangkopolyBool/.git/shallow.lock', '/tmp/nimble_7186/githubcom_jangkopolyBool/.git/shallow')  Verifying dependencies for polyBool@0.1.0
 Installing polyBool@0.1.0
    Copying file /tmp/nimble_7186/githubcom_jangkopolyBool/polyBool/polyBool.nim to /home/runner/.nimble/pkgs/polyBool-0.1.0/polyBool/polyBool.nim
    Copying file /tmp/nimble_7186/githubcom_jangkopolyBool/polyBool/epsilon.nim to /home/runner/.nimble/pkgs/polyBool-0.1.0/polyBool/epsilon.nim
    Copying file /tmp/nimble_7186/githubcom_jangkopolyBool/polyBool/poly_types.nim to /home/runner/.nimble/pkgs/polyBool-0.1.0/polyBool/poly_types.nim
    Copying file /tmp/nimble_7186/githubcom_jangkopolyBool/polyBool/intersecter.nim to /home/runner/.nimble/pkgs/polyBool-0.1.0/polyBool/intersecter.nim
    Copying file /tmp/nimble_7186/githubcom_jangkopolyBool/polyBool/edge_selector.nim to /home/runner/.nimble/pkgs/polyBool-0.1.0/polyBool/edge_selector.nim
    Copying file /tmp/nimble_7186/githubcom_jangkopolyBool/polyBool/linked_list.nim to /home/runner/.nimble/pkgs/polyBool-0.1.0/polyBool/linked_list.nim
    Copying file /tmp/nimble_7186/githubcom_jangkopolyBool/polyBool/edge_chainer.nim to /home/runner/.nimble/pkgs/polyBool-0.1.0/polyBool/edge_chainer.nim
    Copying file /tmp/nimble_7186/githubcom_jangkopolyBool/polyBool/build_log.nim to /home/runner/.nimble/pkgs/polyBool-0.1.0/polyBool/build_log.nim
    Copying file /tmp/nimble_7186/githubcom_jangkopolyBool/polyBool.nimble to /home/runner/.nimble/pkgs/polyBool-0.1.0/polyBool.nimble
   Success: polyBool installed successfully.

rename('/tmp/nimble_7186/githubcom_jangkopolyBool/.git/packed-refs.new', '/tmp/nimble_7186/githubcom_jangkopolyBool/.git/packed-refs')
unlink('/tmp/nimble_7186/githubcom_jangkopolyBool/.git/packed-refs.lock')
mkdir('/tmp/nimble_7186/githubcom_jangkopolyBool/.git/refs/remotes', 0x00000000000001ff)
mkdir('/tmp/nimble_7186/githubcom_jangkopolyBool/.git/refs/remotes/origin', 0x00000000000001ff)
mkdir('/tmp/nimble_7186/githubcom_jangkopolyBool/.git/logs', 0x00000000000001ff)
mkdir('/tmp/nimble_7186/githubcom_jangkopolyBool/.git/logs/refs', 0x00000000000001ff)
mkdir('/tmp/nimble_7186/githubcom_jangkopolyBool/.git/logs/refs/remotes', 0x00000000000001ff)
mkdir('/tmp/nimble_7186/githubcom_jangkopolyBool/.git/logs/refs/remotes/origin', 0x00000000000001ff)
rename('/tmp/nimble_7186/githubcom_jangkopolyBool/.git/refs/remotes/origin/HEAD.lock', '/tmp/nimble_7186/githubcom_jangkopolyBool/.git/refs/remotes/origin/HEAD')
rename('/tmp/nimble_7186/githubcom_jangkopolyBool/.git/HEAD.lock', '/tmp/nimble_7186/githubcom_jangkopolyBool/.git/HEAD')
mkdir('/tmp/nimble_7186/githubcom_jangkopolyBool/.git/logs/refs/heads', 0x00000000000001ff)
rename('/tmp/nimble_7186/githubcom_jangkopolyBool/.git/refs/heads/master.lock', '/tmp/nimble_7186/githubcom_jangkopolyBool/.git/refs/heads/master')
unlink('/tmp/nimble_7186/githubcom_jangkopolyBool/.git/HEAD.lock')
chmod('/tmp/nimble_7186/githubcom_jangkopolyBool/.git/config.lock', 0x00000000000001a4)
rename('/tmp/nimble_7186/githubcom_jangkopolyBool/.git/config.lock', '/tmp/nimble_7186/githubcom_jangkopolyBool/.git/config')
chmod('/tmp/nimble_7186/githubcom_jangkopolyBool/.git/config.lock', 0x00000000000001a4)
rename('/tmp/nimble_7186/githubcom_jangkopolyBool/.git/config.lock', '/tmp/nimble_7186/githubcom_jangkopolyBool/.git/config')
mkdir('polyBool', 0x00000000000001ff)
rename('/tmp/nimble_7186/githubcom_jangkopolyBool/.git/index.lock', '/tmp/nimble_7186/githubcom_jangkopolyBool/.git/index')
mkdir('/home', 0x00000000000001ff)
mkdir('/home/runner', 0x00000000000001ff)
mkdir('/home/runner/.nimble', 0x00000000000001ff)
mkdir('/home/runner/.nimble/pkgs', 0x00000000000001ff)
mkdir('/home/runner/.nimble/pkgs/polyBool-0.1.0', 0x00000000000001ff)
mkdir('/home', 0x00000000000001ff)
mkdir('/home/runner', 0x00000000000001ff)
mkdir('/home/runner/.nimble', 0x00000000000001ff)
mkdir('/home/runner/.nimble/pkgs', 0x00000000000001ff)
mkdir('/home/runner/.nimble/pkgs/polyBool-0.1.0', 0x00000000000001ff)
mkdir('/home/runner/.nimble/pkgs/polyBool-0.1.0/polyBool', 0x00000000000001ff)
chmod('/home/runner/.nimble/pkgs/polyBool-0.1.0/polyBool/polyBool.nim', 0x00000000000001a4)
mkdir('/home', 0x00000000000001ff)
mkdir('/home/runner', 0x00000000000001ff)
mkdir('/home/runner/.nimble', 0x00000000000001ff)
mkdir('/home/runner/.nimble/pkgs', 0x00000000000001ff)
mkdir('/home/runner/.nimble/pkgs/polyBool-0.1.0', 0x00000000000001ff)
mkdir('/home/runner/.nimble/pkgs/polyBool-0.1.0/polyBool', 0x00000000000001ff)
chmod('/home/runner/.nimble/pkgs/polyBool-0.1.0/polyBool/epsilon.nim', 0x00000000000001a4)
mkdir('/home', 0x00000000000001ff)
mkdir('/home/runner', 0x00000000000001ff)
mkdir('/home/runner/.nimble', 0x00000000000001ff)
mkdir('/home/runner/.nimble/pkgs', 0x00000000000001ff)
mkdir('/home/runner/.nimble/pkgs/polyBool-0.1.0', 0x00000000000001ff)
mkdir('/home/runner/.nimble/pkgs/polyBool-0.1.0/polyBool', 0x00000000000001ff)
chmod('/home/runner/.nimble/pkgs/polyBool-0.1.0/polyBool/poly_types.nim', 0x00000000000001a4)
mkdir('/home', 0x00000000000001ff)
mkdir('/home/runner', 0x00000000000001ff)
mkdir('/home/runner/.nimble', 0x00000000000001ff)
mkdir('/home/runner/.nimble/pkgs', 0x00000000000001ff)
mkdir('/home/runner/.nimble/pkgs/polyBool-0.1.0', 0x00000000000001ff)
mkdir('/home/runner/.nimble/pkgs/polyBool-0.1.0/polyBool', 0x00000000000001ff)
chmod('/home/runner/.nimble/pkgs/polyBool-0.1.0/polyBool/intersecter.nim', 0x00000000000001a4)
mkdir('/home', 0x00000000000001ff)
mkdir('/home/runner', 0x00000000000001ff)
mkdir('/home/runner/.nimble', 0x00000000000001ff)
mkdir('/home/runner/.nimble/pkgs', 0x00000000000001ff)
mkdir('/home/runner/.nimble/pkgs/polyBool-0.1.0', 0x00000000000001ff)
mkdir('/home/runner/.nimble/pkgs/polyBool-0.1.0/polyBool', 0x00000000000001ff)
chmod('/home/runner/.nimble/pkgs/polyBool-0.1.0/polyBool/edge_selector.nim', 0x00000000000001a4)
mkdir('/home', 0x00000000000001ff)
mkdir('/home/runner', 0x00000000000001ff)
mkdir('/home/runner/.nimble', 0x00000000000001ff)
mkdir('/home/runner/.nimble/pkgs', 0x00000000000001ff)
mkdir('/home/runner/.nimble/pkgs/polyBool-0.1.0', 0x00000000000001ff)
mkdir('/home/runner/.nimble/pkgs/polyBool-0.1.0/polyBool', 0x00000000000001ff)
chmod('/home/runner/.nimble/pkgs/polyBool-0.1.0/polyBool/linked_list.nim', 0x00000000000001a4)
mkdir('/home', 0x00000000000001ff)
mkdir('/home/runner', 0x00000000000001ff)
mkdir('/home/runner/.nimble', 0x00000000000001ff)
mkdir('/home/runner/.nimble/pkgs', 0x00000000000001ff)
mkdir('/home/runner/.nimble/pkgs/polyBool-0.1.0', 0x00000000000001ff)
mkdir('/home/runner/.nimble/pkgs/polyBool-0.1.0/polyBool', 0x00000000000001ff)
chmod('/home/runner/.nimble/pkgs/polyBool-0.1.0/polyBool/edge_chainer.nim', 0x00000000000001a4)
mkdir('/home', 0x00000000000001ff)
mkdir('/home/runner', 0x00000000000001ff)
mkdir('/home/runner/.nimble', 0x00000000000001ff)
mkdir('/home/runner/.nimble/pkgs', 0x00000000000001ff)
mkdir('/home/runner/.nimble/pkgs/polyBool-0.1.0', 0x00000000000001ff)
mkdir('/home/runner/.nimble/pkgs/polyBool-0.1.0/polyBool', 0x00000000000001ff)
chmod('/home/runner/.nimble/pkgs/polyBool-0.1.0/polyBool/build_log.nim', 0x00000000000001a4)
chmod('/home/runner/.nimble/pkgs/polyBool-0.1.0/polyBool.nimble', 0x00000000000001a4)
unlink('/tmp/nimble_7186/githubcom_jangkopolyBool/.git/config')
unlink('/tmp/nimble_7186/githubcom_jangkopolyBool/.git/info/exclude')
rmdir('/tmp/nimble_7186/githubcom_jangkopolyBool/.git/info')
unlink('/tmp/nimble_7186/githubcom_jangkopolyBool/.git/shallow')
unlink('/tmp/nimble_7186/githubcom_jangkopolyBool/.git/description')
unlink('/tmp/nimble_7186/githubcom_jangkopolyBool/.git/index')
unlink('/tmp/nimble_7186/githubcom_jangkopolyBool/.git/packed-refs')
unlink('/tmp/nimble_7186/githubcom_jangkopolyBool/.git/HEAD')
unlink('/tmp/nimble_7186/githubcom_jangkopolyBool/.git/hooks/pre-applypatch.sample')
unlink('/tmp/nimble_7186/githubcom_jangkopolyBool/.git/hooks/applypatch-msg.sample')
unlink('/tmp/nimble_7186/githubcom_jangkopolyBool/.git/hooks/pre-rebase.sample')
unlink('/tmp/nimble_7186/githubcom_jangkopolyBool/.git/hooks/pre-push.sample')
unlink('/tmp/nimble_7186/githubcom_jangkopolyBool/.git/hooks/fsmonitor-watchman.sample')
unlink('/tmp/nimble_7186/githubcom_jangkopolyBool/.git/hooks/update.sample')
unlink('/tmp/nimble_7186/githubcom_jangkopolyBool/.git/hooks/pre-commit.sample')
unlink('/tmp/nimble_7186/githubcom_jangkopolyBool/.git/hooks/prepare-commit-msg.sample')
unlink('/tmp/nimble_7186/githubcom_jangkopolyBool/.git/hooks/post-update.sample')
unlink('/tmp/nimble_7186/githubcom_jangkopolyBool/.git/hooks/pre-merge-commit.sample')
unlink('/tmp/nimble_7186/githubcom_jangkopolyBool/.git/hooks/pre-receive.sample')
unlink('/tmp/nimble_7186/githubcom_jangkopolyBool/.git/hooks/commit-msg.sample')
rmdir('/tmp/nimble_7186/githubcom_jangkopolyBool/.git/hooks')
unlink('/tmp/nimble_7186/githubcom_jangkopolyBool/.git/logs/HEAD')
unlink('/tmp/nimble_7186/githubcom_jangkopolyBool/.git/logs/refs/heads/master')
rmdir('/tmp/nimble_7186/githubcom_jangkopolyBool/.git/logs/refs/heads')
unlink('/tmp/nimble_7186/githubcom_jangkopolyBool/.git/logs/refs/remotes/origin/HEAD')
rmdir('/tmp/nimble_7186/githubcom_jangkopolyBool/.git/logs/refs/remotes/origin')
rmdir('/tmp/nimble_7186/githubcom_jangkopolyBool/.git/logs/refs/remotes')
rmdir('/tmp/nimble_7186/githubcom_jangkopolyBool/.git/logs/refs')
rmdir('/tmp/nimble_7186/githubcom_jangkopolyBool/.git/logs')
rmdir('/tmp/nimble_7186/githubcom_jangkopolyBool/.git/branches')
unlink('/tmp/nimble_7186/githubcom_jangkopolyBool/.git/objects/66/19e375ae2e3af1733b883ebb56b5fb76ed4cdb')
rmdir('/tmp/nimble_7186/githubcom_jangkopolyBool/.git/objects/66')
unlink('/tmp/nimble_7186/githubcom_jangkopolyBool/.git/objects/d1/8a0ae297be58852120344ebd0737a459376d87')
rmdir('/tmp/nimble_7186/githubcom_jangkopolyBool/.git/objects/d1')
rmdir('/tmp/nimble_7186/githubcom_jangkopolyBool/.git/objects/info')
unlink('/tmp/nimble_7186/githubcom_jangkopolyBool/.git/objects/be/68452e5c6f930381c0929749dfeef9eacfb217')
rmdir('/tmp/nimble_7186/githubcom_jangkopolyBool/.git/objects/be')
rmdir('/tmp/nimble_7186/githubcom_jangkopolyBool/.git/objects/pack')
unlink('/tmp/nimble_7186/githubcom_jangkopolyBool/.git/objects/c9/157ed3db2b6fff693a9b0a6bdf9680ea4eb489')
rmdir('/tmp/nimble_7186/githubcom_jangkopolyBool/.git/objects/c9')
unlink('/tmp/nimble_7186/githubcom_jangkopolyBool/.git/objects/69/e82512ae8c73a987aefd5aa613808d20c6568c')
rmdir('/tmp/nimble_7186/githubcom_jangkopolyBool/.git/objects/69')
unlink('/tmp/nimble_7186/githubcom_jangkopolyBool/.git/objects/f8/a0ae8a4f36f417746723ef92ce160f57bcc45e')
rmdir('/tmp/nimble_7186/githubcom_jangkopolyBool/.git/objects/f8')
unlink('/tmp/nimble_7186/githubcom_jangkopolyBool/.git/objects/3d/5d93f51bb2e52e046c3a4a57413df093a49b41')
rmdir('/tmp/nimble_7186/githubcom_jangkopolyBool/.git/objects/3d')
unlink('/tmp/nimble_7186/githubcom_jangkopolyBool/.git/objects/84/60b651358329184f31d99fd76d78c80fd7450f')
unlink('/tmp/nimble_7186/githubcom_jangkopolyBool/.git/objects/84/99a42d04c030115b4e4934b275b00f39b31e1f')
rmdir('/tmp/nimble_7186/githubcom_jangkopolyBool/.git/objects/84')
unlink('/tmp/nimble_7186/githubcom_jangkopolyBool/.git/objects/06/825748485c430ad7a2704d2203c74b6e044ce4')
rmdir('/tmp/nimble_7186/githubcom_jangkopolyBool/.git/objects/06')
unlink('/tmp/nimble_7186/githubcom_jangkopolyBool/.git/objects/e7/73917225b790eed1a36f643b77996eebfec1e6')
unlink('/tmp/nimble_7186/githubcom_jangkopolyBool/.git/objects/e7/281860b002ed1e62b5802ede40c530dfd5bfde')
rmdir('/tmp/nimble_7186/githubcom_jangkopolyBool/.git/objects/e7')
unlink('/tmp/nimble_7186/githubcom_jangkopolyBool/.git/objects/af/75a68ceade08a893be8164094c387b787fe398')
rmdir('/tmp/nimble_7186/githubcom_jangkopolyBool/.git/objects/af')
unlink('/tmp/nimble_7186/githubcom_jangkopolyBool/.git/objects/61/3e2be08c2e2238dec81b3cb06dac8e21c80168')
rmdir('/tmp/nimble_7186/githubcom_jangkopolyBool/.git/objects/61')
unlink('/tmp/nimble_7186/githubcom_jangkopolyBool/.git/objects/1b/9ec080199888b559a4391ef896233cce536181')
rmdir('/tmp/nimble_7186/githubcom_jangkopolyBool/.git/objects/1b')
rmdir('/tmp/nimble_7186/githubcom_jangkopolyBool/.git/objects')
unlink('/tmp/nimble_7186/githubcom_jangkopolyBool/.git/refs/heads/master')
rmdir('/tmp/nimble_7186/githubcom_jangkopolyBool/.git/refs/heads')
unlink('/tmp/nimble_7186/githubcom_jangkopolyBool/.git/refs/remotes/origin/HEAD')
rmdir('/tmp/nimble_7186/githubcom_jangkopolyBool/.git/refs/remotes/origin')
rmdir('/tmp/nimble_7186/githubcom_jangkopolyBool/.git/refs/remotes')
rmdir('/tmp/nimble_7186/githubcom_jangkopolyBool/.git/refs/tags')
rmdir('/tmp/nimble_7186/githubcom_jangkopolyBool/.git/refs')
rmdir('/tmp/nimble_7186/githubcom_jangkopolyBool/.git')
unlink('/tmp/nimble_7186/githubcom_jangkopolyBool/polyBool.nimble')
unlink('/tmp/nimble_7186/githubcom_jangkopolyBool/.gitignore')
unlink('/tmp/nimble_7186/githubcom_jangkopolyBool/README.md')
unlink('/tmp/nimble_7186/githubcom_jangkopolyBool/LICENSE.TXT')
unlink('/tmp/nimble_7186/githubcom_jangkopolyBool/polyBool/polyBool.nim')
unlink('/tmp/nimble_7186/githubcom_jangkopolyBool/polyBool/epsilon.nim')
unlink('/tmp/nimble_7186/githubcom_jangkopolyBool/polyBool/poly_types.nim')
unlink('/tmp/nimble_7186/githubcom_jangkopolyBool/polyBool/intersecter.nim')
unlink('/tmp/nimble_7186/githubcom_jangkopolyBool/polyBool/edge_selector.nim')
unlink('/tmp/nimble_7186/githubcom_jangkopolyBool/polyBool/linked_list.nim')
unlink('/tmp/nimble_7186/githubcom_jangkopolyBool/polyBool/edge_chainer.nim')
unlink('/tmp/nimble_7186/githubcom_jangkopolyBool/polyBool/build_log.nim')
rmdir('/tmp/nimble_7186/githubcom_jangkopolyBool/polyBool')
rmdir('/tmp/nimble_7186/githubcom_jangkopolyBool')
rmdir('/tmp/nimble_7186')
  create directory /tmp
  create directory /tmp/nimble_7186
  create directory /tmp/nimble_7186/githubcom_jangkopolyBool
  delete /tmp/nimble_7186/githubcom_jangkopolyBool
  create directory /tmp/nimble_7186/githubcom_jangkopolyBool
  create directory /tmp/nimble_7186/githubcom_jangkopolyBool/.git
  create directory /tmp/nimble_7186/githubcom_jangkopolyBool/.git
  create directory /tmp/nimble_7186/githubcom_jangkopolyBool/.git/info
  create directory /tmp/nimble_7186/githubcom_jangkopolyBool/.git/hooks
  create directory /tmp/nimble_7186/githubcom_jangkopolyBool/.git/branches
  create directory /tmp/nimble_7186/githubcom_jangkopolyBool/.git/refs
  create directory /tmp/nimble_7186/githubcom_jangkopolyBool/.git/refs/heads
  create directory /tmp/nimble_7186/githubcom_jangkopolyBool/.git/refs/tags
  rename /tmp/nimble_7186/githubcom_jangkopolyBool/.git/HEAD.lock to HEAD
  rename /tmp/nimble_7186/githubcom_jangkopolyBool/.git/config.lock to config
  change permissions of /tmp/nimble_7186/githubcom_jangkopolyBool/.git/config to rwxr--r--
  change permissions of /tmp/nimble_7186/githubcom_jangkopolyBool/.git/config to rw-r--r--
  change permissions of /tmp/nimble_7186/githubcom_jangkopolyBool/.git/config.lock to rw-r--r--
  rename /tmp/nimble_7186/githubcom_jangkopolyBool/.git/config.lock to config
  change permissions of /tmp/nimble_7186/githubcom_jangkopolyBool/.git/config.lock to rw-r--r--
  rename /tmp/nimble_7186/githubcom_jangkopolyBool/.git/config.lock to config
  change permissions of /tmp/nimble_7186/githubcom_jangkopolyBool/.git/config.lock to rw-r--r--
  rename /tmp/nimble_7186/githubcom_jangkopolyBool/.git/config.lock to config
  delete /tmp/nimble_7186/githubcom_jangkopolyBool/.git/tfjbOQW
  create symbolic link from /tmp/nimble_7186/githubcom_jangkopolyBool/.git/tfjbOQW to /home/runner/work/nim_packages_security_audit/nim_packages_security_audit/testing
  delete /tmp/nimble_7186/githubcom_jangkopolyBool/.git/tfjbOQW
  create directory /tmp/nimble_7186/githubcom_jangkopolyBool/.git/objects
  create directory /tmp/nimble_7186/githubcom_jangkopolyBool/.git/objects/pack
  create directory /tmp/nimble_7186/githubcom_jangkopolyBool/.git/objects/info
  change permissions of /tmp/nimble_7186/githubcom_jangkopolyBool/.git/config.lock to rw-r--r--
  rename /tmp/nimble_7186/githubcom_jangkopolyBool/.git/config.lock to config
  change permissions of /tmp/nimble_7186/githubcom_jangkopolyBool/.git/config.lock to rw-r--r--
  rename /tmp/nimble_7186/githubcom_jangkopolyBool/.git/config.lock to config
  change permissions of /tmp/nimble_7186/githubcom_jangkopolyBool/.git/config.lock to rw-r--r--
  rename /tmp/nimble_7186/githubcom_jangkopolyBool/.git/config.lock to config
  create directory /tmp/nimble_7186/githubcom_jangkopolyBool/.git/objects/e7
  create hard link from /tmp/nimble_7186/githubcom_jangkopolyBool/.git/objects/e7/281860b002ed1e62b5802ede40c530dfd5bfde to /tmp/nimble_7186/githubcom_jangkopolyBool/.git/objects/e7/tmp_obj_iNe1k4
  delete /tmp/nimble_7186/githubcom_jangkopolyBool/.git/objects/e7/tmp_obj_iNe1k4
  create directory /tmp/nimble_7186/githubcom_jangkopolyBool/.git/objects/c9
  create hard link from /tmp/nimble_7186/githubcom_jangkopolyBool/.git/objects/c9/157ed3db2b6fff693a9b0a6bdf9680ea4eb489 to /tmp/nimble_7186/githubcom_jangkopolyBool/.git/objects/c9/tmp_obj_UaDi81
  delete /tmp/nimble_7186/githubcom_jangkopolyBool/.git/objects/c9/tmp_obj_UaDi81
  create directory /tmp/nimble_7186/githubcom_jangkopolyBool/.git/objects/1b
  create hard link from /tmp/nimble_7186/githubcom_jangkopolyBool/.git/objects/1b/9ec080199888b559a4391ef896233cce536181 to /tmp/nimble_7186/githubcom_jangkopolyBool/.git/objects/1b/tmp_obj_ciAN45
  delete /tmp/nimble_7186/githubcom_jangkopolyBool/.git/objects/1b/tmp_obj_ciAN45
  create directory /tmp/nimble_7186/githubcom_jangkopolyBool/.git/objects/84
  create hard link from /tmp/nimble_7186/githubcom_jangkopolyBool/.git/objects/84/60b651358329184f31d99fd76d78c80fd7450f to /tmp/nimble_7186/githubcom_jangkopolyBool/.git/objects/84/tmp_obj_GXTCp6
  delete /tmp/nimble_7186/githubcom_jangkopolyBool/.git/objects/84/tmp_obj_GXTCp6
  create directory /tmp/nimble_7186/githubcom_jangkopolyBool/.git/objects/3d
  create hard link from /tmp/nimble_7186/githubcom_jangkopolyBool/.git/objects/3d/5d93f51bb2e52e046c3a4a57413df093a49b41 to /tmp/nimble_7186/githubcom_jangkopolyBool/.git/objects/3d/tmp_obj_ezC6p5
  delete /tmp/nimble_7186/githubcom_jangkopolyBool/.git/objects/3d/tmp_obj_ezC6p5
  create directory /tmp/nimble_7186/githubcom_jangkopolyBool/.git/objects/d1
  create hard link from /tmp/nimble_7186/githubcom_jangkopolyBool/.git/objects/d1/8a0ae297be58852120344ebd0737a459376d87 to /tmp/nimble_7186/githubcom_jangkopolyBool/.git/objects/d1/tmp_obj_skZF57
  delete /tmp/nimble_7186/githubcom_jangkopolyBool/.git/objects/d1/tmp_obj_skZF57
  create directory /tmp/nimble_7186/githubcom_jangkopolyBool/.git/objects/66
  create hard link from /tmp/nimble_7186/githubcom_jangkopolyBool/.git/objects/66/19e375ae2e3af1733b883ebb56b5fb76ed4cdb to /tmp/nimble_7186/githubcom_jangkopolyBool/.git/objects/66/tmp_obj_utjmh7
  delete /tmp/nimble_7186/githubcom_jangkopolyBool/.git/objects/66/tmp_obj_utjmh7
  create directory /tmp/nimble_7186/githubcom_jangkopolyBool/.git/objects/61
  create hard link from /tmp/nimble_7186/githubcom_jangkopolyBool/.git/objects/61/3e2be08c2e2238dec81b3cb06dac8e21c80168 to /tmp/nimble_7186/githubcom_jangkopolyBool/.git/objects/61/tmp_obj_Of9IGa
  delete /tmp/nimble_7186/githubcom_jangkopolyBool/.git/objects/61/tmp_obj_Of9IGa
  create directory /tmp/nimble_7186/githubcom_jangkopolyBool/.git/objects/be
  create hard link from /tmp/nimble_7186/githubcom_jangkopolyBool/.git/objects/be/68452e5c6f930381c0929749dfeef9eacfb217 to /tmp/nimble_7186/githubcom_jangkopolyBool/.git/objects/be/tmp_obj_8FTen9
  delete /tmp/nimble_7186/githubcom_jangkopolyBool/.git/objects/be/tmp_obj_8FTen9
  create directory /tmp/nimble_7186/githubcom_jangkopolyBool/.git/objects/f8
  create hard link from /tmp/nimble_7186/githubcom_jangkopolyBool/.git/objects/f8/a0ae8a4f36f417746723ef92ce160f57bcc45e to /tmp/nimble_7186/githubcom_jangkopolyBool/.git/objects/f8/tmp_obj_ybzvH9
  delete /tmp/nimble_7186/githubcom_jangkopolyBool/.git/objects/f8/tmp_obj_ybzvH9
  create directory /tmp/nimble_7186/githubcom_jangkopolyBool/.git/objects/69
  create hard link from /tmp/nimble_7186/githubcom_jangkopolyBool/.git/objects/69/e82512ae8c73a987aefd5aa613808d20c6568c to /tmp/nimble_7186/githubcom_jangkopolyBool/.git/objects/69/tmp_obj_wyRetd
  delete /tmp/nimble_7186/githubcom_jangkopolyBool/.git/objects/69/tmp_obj_wyRetd
  create hard link from /tmp/nimble_7186/githubcom_jangkopolyBool/.git/objects/e7/73917225b790eed1a36f643b77996eebfec1e6 to /tmp/nimble_7186/githubcom_jangkopolyBool/.git/objects/e7/tmp_obj_Y46vyc
  delete /tmp/nimble_7186/githubcom_jangkopolyBool/.git/objects/e7/tmp_obj_Y46vyc
  create hard link from /tmp/nimble_7186/githubcom_jangkopolyBool/.git/objects/84/99a42d04c030115b4e4934b275b00f39b31e1f to /tmp/nimble_7186/githubcom_jangkopolyBool/.git/objects/84/tmp_obj_EsuRhf
  delete /tmp/nimble_7186/githubcom_jangkopolyBool/.git/objects/84/tmp_obj_EsuRhf
  create directory /tmp/nimble_7186/githubcom_jangkopolyBool/.git/objects/06
  create hard link from /tmp/nimble_7186/githubcom_jangkopolyBool/.git/objects/06/825748485c430ad7a2704d2203c74b6e044ce4 to /tmp/nimble_7186/githubcom_jangkopolyBool/.git/objects/06/tmp_obj_EoMDje
  delete /tmp/nimble_7186/githubcom_jangkopolyBool/.git/objects/06/tmp_obj_EoMDje
  create directory /tmp/nimble_7186/githubcom_jangkopolyBool/.git/objects/af
  create hard link from /tmp/nimble_7186/githubcom_jangkopolyBool/.git/objects/af/75a68ceade08a893be8164094c387b787fe398 to /tmp/nimble_7186/githubcom_jangkopolyBool/.git/objects/af/tmp_obj_sKmnte
  delete /tmp/nimble_7186/githubcom_jangkopolyBool/.git/objects/af/tmp_obj_sKmnte
  rename /tmp/nimble_7186/githubcom_jangkopolyBool/.git/shallow.lock to shallow
  rename /tmp/nimble_7186/githubcom_jangkopolyBool/.git/packed-refs.new to packed-refs
  delete /tmp/nimble_7186/githubcom_jangkopolyBool/.git/packed-refs.lock
  create directory /tmp/nimble_7186/githubcom_jangkopolyBool/.git/refs/remotes
  create directory /tmp/nimble_7186/githubcom_jangkopolyBool/.git/refs/remotes/origin
  create directory /tmp/nimble_7186/githubcom_jangkopolyBool/.git/logs
  create directory /tmp/nimble_7186/githubcom_jangkopolyBool/.git/logs/refs
  create directory /tmp/nimble_7186/githubcom_jangkopolyBool/.git/logs/refs/remotes
  create directory /tmp/nimble_7186/githubcom_jangkopolyBool/.git/logs/refs/remotes/origin
  rename /tmp/nimble_7186/githubcom_jangkopolyBool/.git/refs/remotes/origin/HEAD.lock to HEAD
  rename /tmp/nimble_7186/githubcom_jangkopolyBool/.git/HEAD.lock to HEAD
  create directory /tmp/nimble_7186/githubcom_jangkopolyBool/.git/logs/refs/heads
  rename /tmp/nimble_7186/githubcom_jangkopolyBool/.git/refs/heads/master.lock to master
  delete /tmp/nimble_7186/githubcom_jangkopolyBool/.git/HEAD.lock
  change permissions of /tmp/nimble_7186/githubcom_jangkopolyBool/.git/config.lock to rw-r--r--
  rename /tmp/nimble_7186/githubcom_jangkopolyBool/.git/config.lock to config
  change permissions of /tmp/nimble_7186/githubcom_jangkopolyBool/.git/config.lock to rw-r--r--
  rename /tmp/nimble_7186/githubcom_jangkopolyBool/.git/config.lock to config
  create directory /tmp/nimble_7186/githubcom_jangkopolyBool/polyBool
  rename /tmp/nimble_7186/githubcom_jangkopolyBool/.git/index.lock to index
  create directory /home
  create directory /home/runner
  create directory /home/runner/.nimble
  create directory /home/runner/.nimble/pkgs
  create directory /home/runner/.nimble/pkgs/polyBool-0.1.0
  create directory /home
  create directory /home/runner
  create directory /home/runner/.nimble
  create directory /home/runner/.nimble/pkgs
  create directory /home/runner/.nimble/pkgs/polyBool-0.1.0
  create directory /home/runner/.nimble/pkgs/polyBool-0.1.0/polyBool
  change permissions of /home/runner/.nimble/pkgs/polyBool-0.1.0/polyBool/polyBool.nim to rw-r--r--
  create directory /home
  create directory /home/runner
  create directory /home/runner/.nimble
  create directory /home/runner/.nimble/pkgs
  create directory /home/runner/.nimble/pkgs/polyBool-0.1.0
  create directory /home/runner/.nimble/pkgs/polyBool-0.1.0/polyBool
  change permissions of /home/runner/.nimble/pkgs/polyBool-0.1.0/polyBool/epsilon.nim to rw-r--r--
  create directory /home
  create directory /home/runner
  create directory /home/runner/.nimble
  create directory /home/runner/.nimble/pkgs
  create directory /home/runner/.nimble/pkgs/polyBool-0.1.0
  create directory /home/runner/.nimble/pkgs/polyBool-0.1.0/polyBool
  change permissions of /home/runner/.nimble/pkgs/polyBool-0.1.0/polyBool/poly_types.nim to rw-r--r--
  create directory /home
  create directory /home/runner
  create directory /home/runner/.nimble
  create directory /home/runner/.nimble/pkgs
  create directory /home/runner/.nimble/pkgs/polyBool-0.1.0
  create directory /home/runner/.nimble/pkgs/polyBool-0.1.0/polyBool
  change permissions of /home/runner/.nimble/pkgs/polyBool-0.1.0/polyBool/intersecter.nim to rw-r--r--
  create directory /home
  create directory /home/runner
  create directory /home/runner/.nimble
  create directory /home/runner/.nimble/pkgs
  create directory /home/runner/.nimble/pkgs/polyBool-0.1.0
  create directory /home/runner/.nimble/pkgs/polyBool-0.1.0/polyBool
  change permissions of /home/runner/.nimble/pkgs/polyBool-0.1.0/polyBool/edge_selector.nim to rw-r--r--
  create directory /home
  create directory /home/runner
  create directory /home/runner/.nimble
  create directory /home/runner/.nimble/pkgs
  create directory /home/runner/.nimble/pkgs/polyBool-0.1.0
  create directory /home/runner/.nimble/pkgs/polyBool-0.1.0/polyBool
  change permissions of /home/runner/.nimble/pkgs/polyBool-0.1.0/polyBool/linked_list.nim to rw-r--r--
  create directory /home
  create directory /home/runner
  create directory /home/runner/.nimble
  create directory /home/runner/.nimble/pkgs
  create directory /home/runner/.nimble/pkgs/polyBool-0.1.0
  create directory /home/runner/.nimble/pkgs/polyBool-0.1.0/polyBool
  change permissions of /home/runner/.nimble/pkgs/polyBool-0.1.0/polyBool/edge_chainer.nim to rw-r--r--
  create directory /home
  create directory /home/runner
  create directory /home/runner/.nimble
  create directory /home/runner/.nimble/pkgs
  create directory /home/runner/.nimble/pkgs/polyBool-0.1.0
  create directory /home/runner/.nimble/pkgs/polyBool-0.1.0/polyBool
  change permissions of /home/runner/.nimble/pkgs/polyBool-0.1.0/polyBool/build_log.nim to rw-r--r--
  change permissions of /home/runner/.nimble/pkgs/polyBool-0.1.0/polyBool.nimble to rw-r--r--
  delete /tmp/nimble_7186/githubcom_jangkopolyBool/.git/config
  delete /tmp/nimble_7186/githubcom_jangkopolyBool/.git/info/exclude
  delete /tmp/nimble_7186/githubcom_jangkopolyBool/.git/info
  delete /tmp/nimble_7186/githubcom_jangkopolyBool/.git/shallow
  delete /tmp/nimble_7186/githubcom_jangkopolyBool/.git/description
  delete /tmp/nimble_7186/githubcom_jangkopolyBool/.git/index
  delete /tmp/nimble_7186/githubcom_jangkopolyBool/.git/packed-refs
  delete /tmp/nimble_7186/githubcom_jangkopolyBool/.git/HEAD
  delete /tmp/nimble_7186/githubcom_jangkopolyBool/.git/hooks/pre-applypatch.sample
  delete /tmp/nimble_7186/githubcom_jangkopolyBool/.git/hooks/applypatch-msg.sample
  delete /tmp/nimble_7186/githubcom_jangkopolyBool/.git/hooks/pre-rebase.sample
  delete /tmp/nimble_7186/githubcom_jangkopolyBool/.git/hooks/pre-push.sample
  delete /tmp/nimble_7186/githubcom_jangkopolyBool/.git/hooks/fsmonitor-watchman.sample
  delete /tmp/nimble_7186/githubcom_jangkopolyBool/.git/hooks/update.sample
  delete /tmp/nimble_7186/githubcom_jangkopolyBool/.git/hooks/pre-commit.sample
  delete /tmp/nimble_7186/githubcom_jangkopolyBool/.git/hooks/prepare-commit-msg.sample
  delete /tmp/nimble_7186/githubcom_jangkopolyBool/.git/hooks/post-update.sample
  delete /tmp/nimble_7186/githubcom_jangkopolyBool/.git/hooks/pre-merge-commit.sample
  delete /tmp/nimble_7186/githubcom_jangkopolyBool/.git/hooks/pre-receive.sample
  delete /tmp/nimble_7186/githubcom_jangkopolyBool/.git/hooks/commit-msg.sample
  delete /tmp/nimble_7186/githubcom_jangkopolyBool/.git/hooks
  delete /tmp/nimble_7186/githubcom_jangkopolyBool/.git/logs/HEAD
  delete /tmp/nimble_7186/githubcom_jangkopolyBool/.git/logs/refs/heads/master
  delete /tmp/nimble_7186/githubcom_jangkopolyBool/.git/logs/refs/heads
  delete /tmp/nimble_7186/githubcom_jangkopolyBool/.git/logs/refs/remotes/origin/HEAD
  delete /tmp/nimble_7186/githubcom_jangkopolyBool/.git/logs/refs/remotes/origin
  delete /tmp/nimble_7186/githubcom_jangkopolyBool/.git/logs/refs/remotes
  delete /tmp/nimble_7186/githubcom_jangkopolyBool/.git/logs/refs
  delete /tmp/nimble_7186/githubcom_jangkopolyBool/.git/logs
  delete /tmp/nimble_7186/githubcom_jangkopolyBool/.git/branches
  delete /tmp/nimble_7186/githubcom_jangkopolyBool/.git/objects/66/19e375ae2e3af1733b883ebb56b5fb76ed4cdb
  delete /tmp/nimble_7186/githubcom_jangkopolyBool/.git/objects/66
  delete /tmp/nimble_7186/githubcom_jangkopolyBool/.git/objects/d1/8a0ae297be58852120344ebd0737a459376d87
  delete /tmp/nimble_7186/githubcom_jangkopolyBool/.git/objects/d1
  delete /tmp/nimble_7186/githubcom_jangkopolyBool/.git/objects/info
  delete /tmp/nimble_7186/githubcom_jangkopolyBool/.git/objects/be/68452e5c6f930381c0929749dfeef9eacfb217
  delete /tmp/nimble_7186/githubcom_jangkopolyBool/.git/objects/be
  delete /tmp/nimble_7186/githubcom_jangkopolyBool/.git/objects/pack
  delete /tmp/nimble_7186/githubcom_jangkopolyBool/.git/objects/c9/157ed3db2b6fff693a9b0a6bdf9680ea4eb489
  delete /tmp/nimble_7186/githubcom_jangkopolyBool/.git/objects/c9
  delete /tmp/nimble_7186/githubcom_jangkopolyBool/.git/objects/69/e82512ae8c73a987aefd5aa613808d20c6568c
  delete /tmp/nimble_7186/githubcom_jangkopolyBool/.git/objects/69
  delete /tmp/nimble_7186/githubcom_jangkopolyBool/.git/objects/f8/a0ae8a4f36f417746723ef92ce160f57bcc45e
  delete /tmp/nimble_7186/githubcom_jangkopolyBool/.git/objects/f8
  delete /tmp/nimble_7186/githubcom_jangkopolyBool/.git/objects/3d/5d93f51bb2e52e046c3a4a57413df093a49b41
  delete /tmp/nimble_7186/githubcom_jangkopolyBool/.git/objects/3d
  delete /tmp/nimble_7186/githubcom_jangkopolyBool/.git/objects/84/60b651358329184f31d99fd76d78c80fd7450f
  delete /tmp/nimble_7186/githubcom_jangkopolyBool/.git/objects/84/99a42d04c030115b4e4934b275b00f39b31e1f
  delete /tmp/nimble_7186/githubcom_jangkopolyBool/.git/objects/84
  delete /tmp/nimble_7186/githubcom_jangkopolyBool/.git/objects/06/825748485c430ad7a2704d2203c74b6e044ce4
  delete /tmp/nimble_7186/githubcom_jangkopolyBool/.git/objects/06
  delete /tmp/nimble_7186/githubcom_jangkopolyBool/.git/objects/e7/73917225b790eed1a36f643b77996eebfec1e6
  delete /tmp/nimble_7186/githubcom_jangkopolyBool/.git/objects/e7/281860b002ed1e62b5802ede40c530dfd5bfde
  delete /tmp/nimble_7186/githubcom_jangkopolyBool/.git/objects/e7
  delete /tmp/nimble_7186/githubcom_jangkopolyBool/.git/objects/af/75a68ceade08a893be8164094c387b787fe398
  delete /tmp/nimble_7186/githubcom_jangkopolyBool/.git/objects/af
  delete /tmp/nimble_7186/githubcom_jangkopolyBool/.git/objects/61/3e2be08c2e2238dec81b3cb06dac8e21c80168
  delete /tmp/nimble_7186/githubcom_jangkopolyBool/.git/objects/61
  delete /tmp/nimble_7186/githubcom_jangkopolyBool/.git/objects/1b/9ec080199888b559a4391ef896233cce536181
  delete /tmp/nimble_7186/githubcom_jangkopolyBool/.git/objects/1b
  delete /tmp/nimble_7186/githubcom_jangkopolyBool/.git/objects
  delete /tmp/nimble_7186/githubcom_jangkopolyBool/.git/refs/heads/master
  delete /tmp/nimble_7186/githubcom_jangkopolyBool/.git/refs/heads
  delete /tmp/nimble_7186/githubcom_jangkopolyBool/.git/refs/remotes/origin/HEAD
  delete /tmp/nimble_7186/githubcom_jangkopolyBool/.git/refs/remotes/origin
  delete /tmp/nimble_7186/githubcom_jangkopolyBool/.git/refs/remotes
  delete /tmp/nimble_7186/githubcom_jangkopolyBool/.git/refs/tags
  delete /tmp/nimble_7186/githubcom_jangkopolyBool/.git/refs
  delete /tmp/nimble_7186/githubcom_jangkopolyBool/.git
  delete /tmp/nimble_7186/githubcom_jangkopolyBool/polyBool.nimble
  delete /tmp/nimble_7186/githubcom_jangkopolyBool/.gitignore
  delete /tmp/nimble_7186/githubcom_jangkopolyBool/README.md
  delete /tmp/nimble_7186/githubcom_jangkopolyBool/LICENSE.TXT
  delete /tmp/nimble_7186/githubcom_jangkopolyBool/polyBool/polyBool.nim
  delete /tmp/nimble_7186/githubcom_jangkopolyBool/polyBool/epsilon.nim
  delete /tmp/nimble_7186/githubcom_jangkopolyBool/polyBool/poly_types.nim
  delete /tmp/nimble_7186/githubcom_jangkopolyBool/polyBool/intersecter.nim
  delete /tmp/nimble_7186/githubcom_jangkopolyBool/polyBool/edge_selector.nim
  delete /tmp/nimble_7186/githubcom_jangkopolyBool/polyBool/linked_list.nim
  delete /tmp/nimble_7186/githubcom_jangkopolyBool/polyBool/edge_chainer.nim
  delete /tmp/nimble_7186/githubcom_jangkopolyBool/polyBool/build_log.nim
  delete /tmp/nimble_7186/githubcom_jangkopolyBool/polyBool
  delete /tmp/nimble_7186/githubcom_jangkopolyBool
  delete /tmp/nimble_7186
