    Reading official package list
Downloading https://github.com/MnlPhlp/pomTimer using git
mkdir('/tmp', 0x00000000000001ff)
mkdir('/tmp/nimble_13689', 0x00000000000001ff)
mkdir('/tmp/nimble_13689/githubcom_MnlPhlppomTimer', 0x00000000000001ff)
rmdir('/tmp/nimble_13689/githubcom_MnlPhlppomTimer')
mkdir('/tmp/nimble_13689/githubcom_MnlPhlppomTimer', 0x00000000000001ff)
mkdir('/tmp/nimble_13689/githubcom_MnlPhlppomTimer/.git', 0x00000000000001ff)
mkdir('/tmp/nimble_13689/githubcom_MnlPhlppomTimer/.git/', 0x00000000000001ff)
mkdir('/tmp/nimble_13689/githubcom_MnlPhlppomTimer/.git/info/', 0x00000000000001ff)
mkdir('/tmp/nimble_13689/githubcom_MnlPhlppomTimer/.git/hooks/', 0x00000000000001ff)
mkdir('/tmp/nimble_13689/githubcom_MnlPhlppomTimer/.git/branches/', 0x00000000000001ff)
mkdir('/tmp/nimble_13689/githubcom_MnlPhlppomTimer/.git/refs', 0x00000000000001ff)
mkdir('/tmp/nimble_13689/githubcom_MnlPhlppomTimer/.git/refs/heads', 0x00000000000001ff)
mkdir('/tmp/nimble_13689/githubcom_MnlPhlppomTimer/.git/refs/tags', 0x00000000000001ff)
rename('/tmp/nimble_13689/githubcom_MnlPhlppomTimer/.git/HEAD.lock', '/tmp/nimble_13689/githubcom_MnlPhlppomTimer/.git/HEAD')
rename('/tmp/nimble_13689/githubcom_MnlPhlppomTimer/.git/config.lock', '/tmp/nimble_13689/githubcom_MnlPhlppomTimer/.git/config')
chmod('/tmp/nimble_13689/githubcom_MnlPhlppomTimer/.git/config', 0x00000000000081e4)
chmod('/tmp/nimble_13689/githubcom_MnlPhlppomTimer/.git/config', 0x00000000000081a4)
chmod('/tmp/nimble_13689/githubcom_MnlPhlppomTimer/.git/config.lock', 0x00000000000001a4)
rename('/tmp/nimble_13689/githubcom_MnlPhlppomTimer/.git/config.lock', '/tmp/nimble_13689/githubcom_MnlPhlppomTimer/.git/config')
chmod('/tmp/nimble_13689/githubcom_MnlPhlppomTimer/.git/config.lock', 0x00000000000001a4)
rename('/tmp/nimble_13689/githubcom_MnlPhlppomTimer/.git/config.lock', '/tmp/nimble_13689/githubcom_MnlPhlppomTimer/.git/config')
chmod('/tmp/nimble_13689/githubcom_MnlPhlppomTimer/.git/config.lock', 0x00000000000001a4)
rename('/tmp/nimble_13689/githubcom_MnlPhlppomTimer/.git/config.lock', '/tmp/nimble_13689/githubcom_MnlPhlppomTimer/.git/config')
unlink('/tmp/nimble_13689/githubcom_MnlPhlppomTimer/.git/t7CGmLl')
symlink('testing', '/tmp/nimble_13689/githubcom_MnlPhlppomTimer/.git/t7CGmLl')
unlink('/tmp/nimble_13689/githubcom_MnlPhlppomTimer/.git/t7CGmLl')
mkdir('/tmp/nimble_13689/githubcom_MnlPhlppomTimer/.git/objects', 0x00000000000001ff)
mkdir('/tmp/nimble_13689/githubcom_MnlPhlppomTimer/.git/objects/pack', 0x00000000000001ff)
mkdir('/tmp/nimble_13689/githubcom_MnlPhlppomTimer/.git/objects/info', 0x00000000000001ff)
chmod('/tmp/nimble_13689/githubcom_MnlPhlppomTimer/.git/config.lock', 0x00000000000001a4)
rename('/tmp/nimble_13689/githubcom_MnlPhlppomTimer/.git/config.lock', '/tmp/nimble_13689/githubcom_MnlPhlppomTimer/.git/config')
chmod('/tmp/nimble_13689/githubcom_MnlPhlppomTimer/.git/config.lock', 0x00000000000001a4)
rename('/tmp/nimble_13689/githubcom_MnlPhlppomTimer/.git/config.lock', '/tmp/nimble_13689/githubcom_MnlPhlppomTimer/.git/config')
chmod('/tmp/nimble_13689/githubcom_MnlPhlppomTimer/.git/config.lock', 0x00000000000001a4)
rename('/tmp/nimble_13689/githubcom_MnlPhlppomTimer/.git/config.lock', '/tmp/nimble_13689/githubcom_MnlPhlppomTimer/.git/config')
mkdir('/tmp/nimble_13689/githubcom_MnlPhlppomTimer/.git/objects/60', 0x00000000000001ff)
link('/tmp/nimble_13689/githubcom_MnlPhlppomTimer/.git/objects/60/tmp_obj_Bq4Rsn', '/tmp/nimble_13689/githubcom_MnlPhlppomTimer/.git/objects/60/456be6f86f759d64cff1909dce4fddcd3f4bb3')
unlink('/tmp/nimble_13689/githubcom_MnlPhlppomTimer/.git/objects/60/tmp_obj_Bq4Rsn')
mkdir('/tmp/nimble_13689/githubcom_MnlPhlppomTimer/.git/objects/00', 0x00000000000001ff)
link('/tmp/nimble_13689/githubcom_MnlPhlppomTimer/.git/objects/00/tmp_obj_53kqNn', '/tmp/nimble_13689/githubcom_MnlPhlppomTimer/.git/objects/00/f098c5cd5cee4e58ef4c043ed680163d025b4a')
unlink('/tmp/nimble_13689/githubcom_MnlPhlppomTimer/.git/objects/00/tmp_obj_53kqNn')
mkdir('/tmp/nimble_13689/githubcom_MnlPhlppomTimer/.git/objects/95', 0x00000000000001ff)
link('/tmp/nimble_13689/githubcom_MnlPhlppomTimer/.git/objects/95/tmp_obj_rRMAYl', '/tmp/nimble_13689/githubcom_MnlPhlppomTimer/.git/objects/95/7507f6c8518d1a59fb11284f6ead77fad39913')
unlink('/tmp/nimble_13689/githubcom_MnlPhlppomTimer/.git/objects/95/tmp_obj_rRMAYl')
mkdir('/tmp/nimble_13689/githubcom_MnlPhlppomTimer/.git/objects/e0', 0x00000000000001ff)
link('/tmp/nimble_13689/githubcom_MnlPhlppomTimer/.git/objects/e0/tmp_obj_vB12Yp', '/tmp/nimble_13689/githubcom_MnlPhlppomTimer/.git/objects/e0/9e2fe3269328a27f205cd0be301e83cd9e9b92')
unlink('/tmp/nimble_13689/githubcom_MnlPhlppomTimer/.git/objects/e0/tmp_obj_vB12Yp')
mkdir('/tmp/nimble_13689/githubcom_MnlPhlppomTimer/.git/objects/61', 0x00000000000001ff)
link('/tmp/nimble_13689/githubcom_MnlPhlppomTimer/.git/objects/61/tmp_obj_LNdKiq', '/tmp/nimble_13689/githubcom_MnlPhlppomTimer/.git/objects/61/e41aff1a343503dc74310c13f9532dd0c5afc0')
unlink('/tmp/nimble_13689/githubcom_MnlPhlppomTimer/.git/objects/61/tmp_obj_LNdKiq')
mkdir('/tmp/nimble_13689/githubcom_MnlPhlppomTimer/.git/objects/c5', 0x00000000000001ff)
link('/tmp/nimble_13689/githubcom_MnlPhlppomTimer/.git/objects/c5/tmp_obj_d0Q4eo', '/tmp/nimble_13689/githubcom_MnlPhlppomTimer/.git/objects/c5/e82d74585d15d6ea821b5f23cd65624190f244')
unlink('/tmp/nimble_13689/githubcom_MnlPhlppomTimer/.git/objects/c5/tmp_obj_d0Q4eo')
mkdir('/tmp/nimble_13689/githubcom_MnlPhlppomTimer/.git/objects/9d', 0x00000000000001ff)
link('/tmp/nimble_13689/githubcom_MnlPhlppomTimer/.git/objects/9d/tmp_obj_15YL4r', '/tmp/nimble_13689/githubcom_MnlPhlppomTimer/.git/objects/9d/6c02671315984b6858809207fbad9eed5202a5')
unlink('/tmp/nimble_13689/githubcom_MnlPhlppomTimer/.git/objects/9d/tmp_obj_15YL4r')
mkdir('/tmp/nimble_13689/githubcom_MnlPhlppomTimer/.git/objects/cb', 0x00000000000001ff)
link('/tmp/nimble_13689/githubcom_MnlPhlppomTimer/.git/objects/cb/tmp_obj_r7suKs', '/tmp/nimble_13689/githubcom_MnlPhlppomTimer/.git/objects/cb/dbf08d64d0adab66ee15f6967d32047ffdf36e')
unlink('/tmp/nimble_13689/githubcom_MnlPhlppomTimer/.git/objects/cb/tmp_obj_r7suKs')
mkdir('/tmp/nimble_13689/githubcom_MnlPhlppomTimer/.git/objects/c1', 0x00000000000001ff)
link('/tmp/nimble_13689/githubcom_MnlPhlppomTimer/.git/objects/c1/tmp_obj_PNqLLq', '/tmp/nimble_13689/githubcom_MnlPhlppomTimer/.git/objects/c1/031856ad1e9621ac3f66929a3b201f168ce169')
unlink('/tmp/nimble_13689/githubcom_MnlPhlppomTimer/.git/objects/c1/tmp_obj_PNqLLq')
mkdir('/tmp/nimble_13689/githubcom_MnlPhlppomTimer/.git/objects/7f', 0x00000000000001ff)
link('/tmp/nimble_13689/githubcom_MnlPhlppomTimer/.git/objects/7f/tmp_obj_nPY6tr', '/tmp/nimble_13689/githubcom_MnlPhlppomTimer/.git/objects/7f/8801960085e2f4544e8a6d52edea6069a87b16')
unlink('/tmp/nimble_13689/githubcom_MnlPhlppomTimer/.git/objects/7f/tmp_obj_nPY6tr')
mkdir('/tmp/nimble_13689/githubcom_MnlPhlppomTimer/.git/objects/8d', 0x00000000000001ff)
link('/tmp/nimble_13689/githubcom_MnlPhlppomTimer/.git/objects/8d/tmp_obj_Dr6Oku', '/tmp/nimble_13689/githubcom_MnlPhlppomTimer/.git/objects/8d/4a28c8f2de7657ac3f30c4ad211472d8c1bb41')
unlink('/tmp/nimble_13689/githubcom_MnlPhlppomTimer/.git/objects/8d/tmp_obj_Dr6Oku')
mkdir('/tmp/nimble_13689/githubcom_MnlPhlppomTimer/.git/objects/22', 0x00000000000001ff)
link('/tmp/nimble_13689/githubcom_MnlPhlppomTimer/.git/objects/22/tmp_obj_bXPIHu', '/tmp/nimble_13689/githubcom_MnlPhlppomTimer/.git/objects/22/d67269fd53216abb87404c015c61296cfeba8b')
unlink('/tmp/nimble_13689/githubcom_MnlPhlppomTimer/.git/objects/22/tmp_obj_bXPIHu')
rename('/tmp/nimble_13689/githubcom_MnlPhlppomTimer/.git/shallow.lock', '/tmp/nimble_13689/githubcom_MnlPhlppomTimer/.git/shallow')
rename('/tmp/nimble_13689/githubcom_MnlPhlppomTimer/.git/packed-refs.new', '/tmp/nimble_13689/githubcom_MnlPhlppomTimer/.git/packed-refs')
unlink('/tmp/nimble_13689/githubcom_MnlPhlppomTimer/.git/packed-refs.lock')
mkdir('/tmp/nimble_13689/githubcom_MnlPhlppomTimer/.git/refs/remotes', 0x00000000000001ff)
mkdir('/tmp/nimble_13689/githubcom_MnlPhlppomTimer/.git/refs/remotes/origin', 0x00000000000001ff)
mkdir('/tmp/nimble_13689/githubcom_MnlPhlppomTimer/.git/logs', 0x00000000000001ff)
mkdir('/tmp/nimble_13689/githubcom_MnlPhlppomTimer/.git/logs/refs', 0x00000000000001ff)       Info /tmp/nimble_13689/githubcom_MnlPhlppomTimer/pomTimer_13689.nims(5, 22) Warning: imported and not used: 'strutils' [UnusedImport]
  Verifying dependencies for pomTimer@1.0
    Reading official package list
   Checking for progress@any version
      Info: Dependency on progress@any version already satisfied
  Verifying dependencies for progress@1.1.1
    Reading official package list
   Checking for notify@any version
 Installing notify@any version
    Reading official package list
Downloading https://github.com/xbello/notify-nim using git
    Cloning latest tagged version: 0.1.5

mkdir('/tmp/nimble_13689/githubcom_MnlPhlppomTimer/.git/logs/refs/remotes', 0x00000000000001ff)
mkdir('/tmp/nimble_13689/githubcom_MnlPhlppomTimer/.git/logs/refs/remotes/origin', 0x00000000000001ff)
rename('/tmp/nimble_13689/githubcom_MnlPhlppomTimer/.git/refs/remotes/origin/HEAD.lock', '/tmp/nimble_13689/githubcom_MnlPhlppomTimer/.git/refs/remotes/origin/HEAD')
rename('/tmp/nimble_13689/githubcom_MnlPhlppomTimer/.git/HEAD.lock', '/tmp/nimble_13689/githubcom_MnlPhlppomTimer/.git/HEAD')
mkdir('/tmp/nimble_13689/githubcom_MnlPhlppomTimer/.git/logs/refs/heads', 0x00000000000001ff)
rename('/tmp/nimble_13689/githubcom_MnlPhlppomTimer/.git/refs/heads/master.lock', '/tmp/nimble_13689/githubcom_MnlPhlppomTimer/.git/refs/heads/master')
unlink('/tmp/nimble_13689/githubcom_MnlPhlppomTimer/.git/HEAD.lock')
chmod('/tmp/nimble_13689/githubcom_MnlPhlppomTimer/.git/config.lock', 0x00000000000001a4)
rename('/tmp/nimble_13689/githubcom_MnlPhlppomTimer/.git/config.lock', '/tmp/nimble_13689/githubcom_MnlPhlppomTimer/.git/config')
chmod('/tmp/nimble_13689/githubcom_MnlPhlppomTimer/.git/config.lock', 0x00000000000001a4)
rename('/tmp/nimble_13689/githubcom_MnlPhlppomTimer/.git/config.lock', '/tmp/nimble_13689/githubcom_MnlPhlppomTimer/.git/config')
mkdir('.github', 0x00000000000001ff)
mkdir('.github/workflows', 0x00000000000001ff)
mkdir('src', 0x00000000000001ff)
rename('/tmp/nimble_13689/githubcom_MnlPhlppomTimer/.git/index.lock', '/tmp/nimble_13689/githubcom_MnlPhlppomTimer/.git/index')
mkdir('/tmp', 0x00000000000001ff)
mkdir('/tmp/nimblecache', 0x00000000000001ff)
mkdir('/tmp/nimblecache/pomTimer_1863576114', 0x00000000000001ff)
unlink('/tmp/nimblecache/pomTimer_1863576114/pomTimer.ini')
unlink('/tmp/nimble_13689.out')
unlink('/tmp/nimble_13689/githubcom_MnlPhlppomTimer/pomTimer_13689.nims')
mkdir('/tmp', 0x00000000000001ff)
mkdir('/tmp/nimble_13689', 0x00000000000001ff)
mkdir('/tmp/nimble_13689/githubcom_xbellonotifynim', 0x00000000000001ff)
rmdir('/tmp/nimble_13689/githubcom_xbellonotifynim')
mkdir('/tmp/nimble_13689/githubcom_xbellonotifynim', 0x00000000000001ff)
mkdir('/tmp/nimble_13689/githubcom_xbellonotifynim/.git', 0x00000000000001ff)
mkdir('/tmp/nimble_13689/githubcom_xbellonotifynim/.git/', 0x00000000000001ff)
mkdir('/tmp/nimble_13689/githubcom_xbellonotifynim/.git/info/', 0x00000000000001ff)
mkdir('/tmp/nimble_13689/githubcom_xbellonotifynim/.git/hooks/', 0x00000000000001ff)
mkdir('/tmp/nimble_13689/githubcom_xbellonotifynim/.git/branches/', 0x00000000000001ff)
mkdir('/tmp/nimble_13689/githubcom_xbellonotifynim/.git/refs', 0x00000000000001ff)
mkdir('/tmp/nimble_13689/githubcom_xbellonotifynim/.git/refs/heads', 0x00000000000001ff)
mkdir('/tmp/nimble_13689/githubcom_xbellonotifynim/.git/refs/tags', 0x00000000000001ff)
rename('/tmp/nimble_13689/githubcom_xbellonotifynim/.git/HEAD.lock', '/tmp/nimble_13689/githubcom_xbellonotifynim/.git/HEAD')
rename('/tmp/nimble_13689/githubcom_xbellonotifynim/.git/config.lock', '/tmp/nimble_13689/githubcom_xbellonotifynim/.git/config')
chmod('/tmp/nimble_13689/githubcom_xbellonotifynim/.git/config', 0x00000000000081e4)
chmod('/tmp/nimble_13689/githubcom_xbellonotifynim/.git/config', 0x00000000000081a4)
chmod('/tmp/nimble_13689/githubcom_xbellonotifynim/.git/config.lock', 0x00000000000001a4)
rename('/tmp/nimble_13689/githubcom_xbellonotifynim/.git/config.lock', '/tmp/nimble_13689/githubcom_xbellonotifynim/.git/config')
chmod('/tmp/nimble_13689/githubcom_xbellonotifynim/.git/config.lock', 0x00000000000001a4)
rename('/tmp/nimble_13689/githubcom_xbellonotifynim/.git/config.lock', '/tmp/nimble_13689/githubcom_xbellonotifynim/.git/config')
chmod('/tmp/nimble_13689/githubcom_xbellonotifynim/.git/config.lock', 0x00000000000001a4)
rename('/tmp/nimble_13689/githubcom_xbellonotifynim/.git/config.lock', '/tmp/nimble_13689/githubcom_xbellonotifynim/.git/config')
unlink('/tmp/nimble_13689/githubcom_xbellonotifynim/.git/tT6U7eT')
symlink('testing', '/tmp/nimble_13689/githubcom_xbellonotifynim/.git/tT6U7eT')
unlink('/tmp/nimble_13689/githubcom_xbellonotifynim/.git/tT6U7eT')
mkdir('/tmp/nimble_13689/githubcom_xbellonotifynim/.git/objects', 0x00000000000001ff)
mkdir('/tmp/nimble_13689/githubcom_xbellonotifynim/.git/objects/pack', 0x00000000000001ff)
mkdir('/tmp/nimble_13689/githubcom_xbellonotifynim/.git/objects/info', 0x00000000000001ff)
chmod('/tmp/nimble_13689/githubcom_xbellonotifynim/.git/config.lock', 0x00000000000001a4)
rename('/tmp/nimble_13689/githubcom_xbellonotifynim/.git/config.lock', '/tmp/nimble_13689/githubcom_xbellonotifynim/.git/config')
chmod('/tmp/nimble_13689/githubcom_xbellonotifynim/.git/config.lock', 0x00000000000001a4)
rename('/tmp/nimble_13689/githubcom_xbellonotifynim/.git/config.lock', '/tmp/nimble_13689/githubcom_xbellonotifynim/.git/config')
chmod('/tmp/nimble_13689/githubcom_xbellonotifynim/.git/config.lock', 0x00000000000001a4)
rename('/tmp/nimble_13689/githubcom_xbellonotifynim/.git/config.lock', '/tmp/nimble_13689/githubcom_xbellonotifynim/.git/config')
mkdir('/tmp/nimble_13689/githubcom_xbellonotifynim/.git/objects/32', 0x00000000000001ff)
link('/tmp/nimble_13689/githubcom_xbellonotifynim/.git/objects/32/tmp_obj_Ci6Ryo', '/tmp/nimble_13689/githubcom_xbellonotifynim/.git/objects/32/5b098374f4f40aa24f65c9178ea07555f8bd28')
unlink('/tmp/nimble_13689/githubcom_xbellonotifynim/.git/objects/32/tmp_obj_Ci6Ryo')
mkdir('/tmp/nimble_13689/githubcom_xbellonotifynim/.git/objects/da', 0x00000000000001ff)
link('/tmp/nimble_13689/githubcom_xbellonotifynim/.git/objects/da/tmp_obj_kNsrgs', '/tmp/nimble_13689/githubcom_xbellonotifynim/.git/objects/da/459a8336ea239cd22704626cd56fccdf8f7ba6')
unlink('/tmp/nimble_13689/githubcom_xbellonotifynim/.git/objects/da/tmp_obj_kNsrgs')
mkdir('/tmp/nimble_13689/githubcom_xbellonotifynim/.git/objects/cb', 0x00000000000001ff)
link('/tmp/nimble_13689/githubcom_xbellonotifynim/.git/objects/cb/tmp_obj_4A6CHs', '/tmp/nimble_13689/githubcom_xbellonotifynim/.git/objects/cb/2ab9098ab25c7b339cd4d458ba49ee6972ead9')
unlink('/tmp/nimble_13689/githubcom_xbellonotifynim/.git/objects/cb/tmp_obj_4A6CHs')
mkdir('/tmp/nimble_13689/githubcom_xbellonotifynim/.git/objects/05', 0x00000000000001ff)
link('/tmp/nimble_13689/githubcom_xbellonotifynim/.git/objects/05/tmp_obj_Kg9o0q', '/tmp/nimble_13689/githubcom_xbellonotifynim/.git/objects/05/fbf9b9116b828fc906587971842bc53f63f23a')
unlink('/tmp/nimble_13689/githubcom_xbellonotifynim/.git/objects/05/tmp_obj_Kg9o0q')
mkdir('/tmp/nimble_13689/githubcom_xbellonotifynim/.git/objects/08', 0x00000000000001ff)
link('/tmp/nimble_13689/githubcom_xbellonotifynim/.git/objects/08/tmp_obj_69LzBr', '/tmp/nimble_13689/githubcom_xbellonotifynim/.git/objects/08/6bc4086484e78e74dd857aa4d88c68d979d28f')
unlink('/tmp/nimble_13689/githubcom_xbellonotifynim/.git/objects/08/tmp_obj_69LzBr')
mkdir('/tmp/nimble_13689/githubcom_xbellonotifynim/.git/objects/ab', 0x00000000000001ff)
link('/tmp/nimble_13689/githubcom_xbellonotifynim/.git/objects/ab/tmp_obj_qgiRzu', '/tmp/nimble_13689/githubcom_xbellonotifynim/.git/objects/ab/fc28174ae1fba808d9a8cc4acc30d8b91092ed')
unlink('/tmp/nimble_13689/githubcom_xbellonotifynim/.git/objects/ab/tmp_obj_qgiRzu')
mkdir('/tmp/nimble_13689/githubcom_xbellonotifynim/.git/objects/2e', 0x00000000000001ff)
link('/tmp/nimble_13689/githubcom_xbellonotifynim/.git/objects/2e/tmp_obj_uMNNfv', '/tmp/nimble_13689/githubcom_xbellonotifynim/.git/objects/2e/4a81b956a878488a6223e1cbcc21efe66ee1ab')
unlink('/tmp/nimble_13689/githubcom_xbellonotifynim/.git/objects/2e/tmp_obj_uMNNfv')
mkdir('/tmp/nimble_13689/githubcom_xbellonotifynim/.git/objects/3d', 0x00000000000001ff)
link('/tmp/nimble_13689/githubcom_xbellonotifynim/.git/objects/3d/tmp_obj_mSooet', '/tmp/nimble_13689/githubcom_xbellonotifynim/.git/objects/3d/c498adf155e9717f8cd155357ae8a4b9a637a2')
unlink('/tmp/nimble_13689/githubcom_xbellonotifynim/.git/objects/3d/tmp_obj_mSooet')
mkdir('/tmp/nimble_13689/githubcom_xbellonotifynim/.git/objects/b6', 0x00000000000001ff)
link('/tmp/nimble_13689/githubcom_xbellonotifynim/.git/objects/b6/tmp_obj_uA3Avt', '/tmp/nimble_13689/githubcom_xbellonotifynim/.git/objects/b6/6a6237b33f60c34d8215802d837fc54754fb6c')
unlink('/tmp/nimble_13689/githubcom_xbellonotifynim/.git/objects/b6/tmp_obj_uA3Avt')       Info /tmp/nimble_13689/githubcom_xbellonotifynim/notify_13689.nims(5, 22) Warning: imported and not used: 'strutils' [UnusedImport]
  Verifying dependencies for notify@0.1.5
 Installing notify@0.1.5
   Building notify/notify using c backend

mkdir('/tmp/nimble_13689/githubcom_xbellonotifynim/.git/objects/0b', 0x00000000000001ff)
link('/tmp/nimble_13689/githubcom_xbellonotifynim/.git/objects/0b/tmp_obj_KYdQux', '/tmp/nimble_13689/githubcom_xbellonotifynim/.git/objects/0b/5ec676f9cd2244207c3f62a98892e913568e37')
unlink('/tmp/nimble_13689/githubcom_xbellonotifynim/.git/objects/0b/tmp_obj_KYdQux')
mkdir('/tmp/nimble_13689/githubcom_xbellonotifynim/.git/objects/f7', 0x00000000000001ff)
link('/tmp/nimble_13689/githubcom_xbellonotifynim/.git/objects/f7/tmp_obj_EnIQiv', '/tmp/nimble_13689/githubcom_xbellonotifynim/.git/objects/f7/42db98561538b23659758552407a17d3d619ca')
unlink('/tmp/nimble_13689/githubcom_xbellonotifynim/.git/objects/f7/tmp_obj_EnIQiv')
mkdir('/tmp/nimble_13689/githubcom_xbellonotifynim/.git/objects/a6', 0x00000000000001ff)
link('/tmp/nimble_13689/githubcom_xbellonotifynim/.git/objects/a6/tmp_obj_wH6aiz', '/tmp/nimble_13689/githubcom_xbellonotifynim/.git/objects/a6/523db87d085c124e04b1641f4a8c75d87d1a1b')
unlink('/tmp/nimble_13689/githubcom_xbellonotifynim/.git/objects/a6/tmp_obj_wH6aiz')
mkdir('/tmp/nimble_13689/githubcom_xbellonotifynim/.git/objects/b9', 0x00000000000001ff)
link('/tmp/nimble_13689/githubcom_xbellonotifynim/.git/objects/b9/tmp_obj_4ajkNz', '/tmp/nimble_13689/githubcom_xbellonotifynim/.git/objects/b9/98e6d18de020e2392db8aca18a870a45482a1a')
unlink('/tmp/nimble_13689/githubcom_xbellonotifynim/.git/objects/b9/tmp_obj_4ajkNz')
mkdir('/tmp/nimble_13689/githubcom_xbellonotifynim/.git/objects/19', 0x00000000000001ff)
link('/tmp/nimble_13689/githubcom_xbellonotifynim/.git/objects/19/tmp_obj_s7qA3x', '/tmp/nimble_13689/githubcom_xbellonotifynim/.git/objects/19/a079a30e68d9765fb3baba7c921a843e3b5cfe')
unlink('/tmp/nimble_13689/githubcom_xbellonotifynim/.git/objects/19/tmp_obj_s7qA3x')
mkdir('/tmp/nimble_13689/githubcom_xbellonotifynim/.git/objects/3b', 0x00000000000001ff)
link('/tmp/nimble_13689/githubcom_xbellonotifynim/.git/objects/3b/tmp_obj_CSE6Fy', '/tmp/nimble_13689/githubcom_xbellonotifynim/.git/objects/3b/b69f82af2b03d759a985634d69563496d956b6')
unlink('/tmp/nimble_13689/githubcom_xbellonotifynim/.git/objects/3b/tmp_obj_CSE6Fy')
mkdir('/tmp/nimble_13689/githubcom_xbellonotifynim/.git/objects/11', 0x00000000000001ff)
link('/tmp/nimble_13689/githubcom_xbellonotifynim/.git/objects/11/tmp_obj_6X79kB', '/tmp/nimble_13689/githubcom_xbellonotifynim/.git/objects/11/304a25363d54bbedbf5ed69071cfeb53abc7bf')
unlink('/tmp/nimble_13689/githubcom_xbellonotifynim/.git/objects/11/tmp_obj_6X79kB')
mkdir('/tmp/nimble_13689/githubcom_xbellonotifynim/.git/objects/40', 0x00000000000001ff)
link('/tmp/nimble_13689/githubcom_xbellonotifynim/.git/objects/40/tmp_obj_yuDHuA', '/tmp/nimble_13689/githubcom_xbellonotifynim/.git/objects/40/32c7b34028ce05b36ed6b12fb64cbb15ac70c6')
unlink('/tmp/nimble_13689/githubcom_xbellonotifynim/.git/objects/40/tmp_obj_yuDHuA')
rename('/tmp/nimble_13689/githubcom_xbellonotifynim/.git/shallow.lock', '/tmp/nimble_13689/githubcom_xbellonotifynim/.git/shallow')
rename('/tmp/nimble_13689/githubcom_xbellonotifynim/.git/packed-refs.new', '/tmp/nimble_13689/githubcom_xbellonotifynim/.git/packed-refs')
unlink('/tmp/nimble_13689/githubcom_xbellonotifynim/.git/packed-refs.lock')
unlink('/tmp/nimble_13689/githubcom_xbellonotifynim/.git/refs/tags/0.1.5.lock')
mkdir('/tmp/nimble_13689/githubcom_xbellonotifynim/.git/logs', 0x00000000000001ff)
rename('/tmp/nimble_13689/githubcom_xbellonotifynim/.git/HEAD.lock', '/tmp/nimble_13689/githubcom_xbellonotifynim/.git/HEAD')
mkdir('src', 0x00000000000001ff)
mkdir('src/notifypkg', 0x00000000000001ff)
mkdir('tests', 0x00000000000001ff)
rename('/tmp/nimble_13689/githubcom_xbellonotifynim/.git/index.lock', '/tmp/nimble_13689/githubcom_xbellonotifynim/.git/index')
mkdir('/tmp', 0x00000000000001ff)
mkdir('/tmp/nimblecache', 0x00000000000001ff)
mkdir('/tmp/nimblecache/notify_4246881999', 0x00000000000001ff)
unlink('/tmp/nimblecache/notify_4246881999/notify.ini')
unlink('/tmp/nimble_13689.out')
unlink('/tmp/nimble_13689/githubcom_xbellonotifynim/notify_13689.nims')
mkdir('/home', 0x00000000000001ff)
mkdir('/home/runner', 0x00000000000001ff)
mkdir('/home/runner/.cache', 0x00000000000001ff)
mkdir('/home/runner/.cache/nim', 0x00000000000001ff)
mkdir('/home/runner/.cache/nim/notify_r', 0x00000000000001ff)
mkdir('/home', 0x00000000000001ff)
mkdir('/home/runner', 0x00000000000001ff)
mkdir('/home/runner/.cache', 0x00000000000001ff)
mkdir('/home/runner/.cache/nim', 0x00000000000001ff)
mkdir('/home/runner/.cache/nim/notify_r', 0x00000000000001ff)
mkdir('/home', 0x00000000000001ff)
mkdir('/home/runner', 0x00000000000001ff)
mkdir('/home/runner/.cache', 0x00000000000001ff)
mkdir('/home/runner/.cache/nim', 0x00000000000001ff)
mkdir('/home/runner/.cache/nim/notify_r', 0x00000000000001ff)
mkdir('/home', 0x00000000000001ff)
mkdir('/home/runner', 0x00000000000001ff)
mkdir('/home/runner/.cache', 0x00000000000001ff)
mkdir('/home/runner/.cache/nim', 0x00000000000001ff)
mkdir('/home/runner/.cache/nim/notify_r', 0x00000000000001ff)
mkdir('/home', 0x00000000000001ff)
mkdir('/home/runner', 0x00000000000001ff)
mkdir('/home/runner/.cache', 0x00000000000001ff)
mkdir('/home/runner/.cache/nim', 0x00000000000001ff)
mkdir('/home/runner/.cache/nim/notify_r', 0x00000000000001ff)
mkdir('/home', 0x00000000000001ff)
mkdir('/home/runner', 0x00000000000001ff)
mkdir('/home/runner/.cache', 0x00000000000001ff)
mkdir('/home/runner/.cache/nim', 0x00000000000001ff)
mkdir('/home/runner/.cache/nim/notify_r', 0x00000000000001ff)
mkdir('/home', 0x00000000000001ff)
mkdir('/home/runner', 0x00000000000001ff)
mkdir('/home/runner/.cache', 0x00000000000001ff)
mkdir('/home/runner/.cache/nim', 0x00000000000001ff)
mkdir('/home/runner/.cache/nim/notify_r', 0x00000000000001ff)
mkdir('/home', 0x00000000000001ff)
mkdir('/home/runner', 0x00000000000001ff)
mkdir('/home/runner/.cache', 0x00000000000001ff)
mkdir('/home/runner/.cache/nim', 0x00000000000001ff)
mkdir('/home/runner/.cache/nim/notify_r', 0x00000000000001ff)
mkdir('/home', 0x00000000000001ff)
mkdir('/home/runner', 0x00000000000001ff)
mkdir('/home/runner/.cache', 0x00000000000001ff)
mkdir('/home/runner/.cache/nim', 0x00000000000001ff)
mkdir('/home/runner/.cache/nim/notify_r', 0x00000000000001ff)
mkdir('/home', 0x00000000000001ff)
mkdir('/home/runner', 0x00000000000001ff)
mkdir('/home/runner/.cache', 0x00000000000001ff)
mkdir('/home/runner/.cache/nim', 0x00000000000001ff)
mkdir('/home/runner/.cache/nim/notify_r', 0x00000000000001ff)
mkdir('/home', 0x00000000000001ff)
mkdir('/home/runner', 0x00000000000001ff)
mkdir('/home/runner/.cache', 0x00000000000001ff)
mkdir('/home/runner/.cache/nim', 0x00000000000001ff)
mkdir('/home/runner/.cache/nim/notify_r', 0x00000000000001ff)
mkdir('/home', 0x00000000000001ff)
mkdir('/home/runner', 0x00000000000001ff)
mkdir('/home/runner/.cache', 0x00000000000001ff)
mkdir('/home/runner/.cache/nim', 0x00000000000001ff)
mkdir('/home/runner/.cache/nim/notify_r', 0x00000000000001ff)
mkdir('/home', 0x00000000000001ff)
mkdir('/home/runner', 0x00000000000001ff)
mkdir('/home/runner/.cache', 0x00000000000001ff)
mkdir('/home/runner/.cache/nim', 0x00000000000001ff)
mkdir('/home/runner/.cache/nim/notify_r', 0x00000000000001ff)
mkdir('/home', 0x00000000000001ff)
mkdir('/home/runner', 0x00000000000001ff)
mkdir('/home/runner/.cache', 0x00000000000001ff)
mkdir('/home/runner/.cache/nim', 0x00000000000001ff)
mkdir('/home/runner/.cache/nim/notify_r', 0x00000000000001ff)
mkdir('/home', 0x00000000000001ff)
mkdir('/home/runner', 0x00000000000001ff)
mkdir('/home/runner/.cache', 0x00000000000001ff)
mkdir('/home/runner/.cache/nim', 0x00000000000001ff)
mkdir('/home/runner/.cache/nim/notify_r', 0x00000000000001ff)
mkdir('/home', 0x00000000000001ff)
mkdir('/home/runner', 0x00000000000001ff)
mkdir('/home/runner/.cache', 0x00000000000001ff)
mkdir('/home/runner/.cache/nim', 0x00000000000001ff)
mkdir('/home/runner/.cache/nim/notify_r', 0x00000000000001ff)
mkdir('/home', 0x00000000000001ff)
mkdir('/home/runner', 0x00000000000001ff)
mkdir('/home/runner/.cache', 0x00000000000001ff)
mkdir('/home/runner/.cache/nim', 0x00000000000001ff)
mkdir('/home/runner/.cache/nim/notify_r', 0x00000000000001ff)
mkdir('/home', 0x00000000000001ff)
mkdir('/home/runner', 0x00000000000001ff)
mkdir('/home/runner/.cache', 0x00000000000001ff)
mkdir('/home/runner/.cache/nim', 0x00000000000001ff)
mkdir('/home/runner/.cache/nim/notify_r', 0x00000000000001ff)
mkdir('/home', 0x00000000000001ff)
mkdir('/home/runner', 0x00000000000001ff)
mkdir('/home/runner/.cache', 0x00000000000001ff)
mkdir('/home/runner/.cache/nim', 0x00000000000001ff)
mkdir('/home/runner/.cache/nim/notify_r', 0x00000000000001ff)
mkdir('/home', 0x00000000000001ff)
mkdir('/home/runner', 0x00000000000001ff)
mkdir('/home/runner/.cache', 0x00000000000001ff)
mkdir('/home/runner/.cache/nim', 0x00000000000001ff)
mkdir('/home/runner/.cache/nim/notify_r', 0x00000000000001ff)
mkdir('/home', 0x00000000000001ff)
mkdir('/home/runner', 0x00000000000001ff)
mkdir('/home/runner/.cache', 0x00000000000001ff)
mkdir('/home/runner/.cache/nim', 0x00000000000001ff)
mkdir('/home/runner/.cache/nim/notify_r', 0x00000000000001ff)
mkdir('/home', 0x00000000000001ff)
mkdir('/home/runner', 0x00000000000001ff)
mkdir('/home/runner/.cache', 0x00000000000001ff)
mkdir('/home/runner/.cache/nim', 0x00000000000001ff)
mkdir('/home/runner/.cache/nim/notify_r', 0x00000000000001ff)
mkdir('/home', 0x00000000000001ff)
mkdir('/home/runner', 0x00000000000001ff)
mkdir('/home/runner/.cache', 0x00000000000001ff)
mkdir('/home/runner/.cache/nim', 0x00000000000001ff)
mkdir('/home/runner/.cache/nim/notify_r', 0x00000000000001ff)
mkdir('/home', 0x00000000000001ff)
mkdir('/home/runner', 0x00000000000001ff)
mkdir('/home/runner/.cache', 0x00000000000001ff)
mkdir('/home/runner/.cache/nim', 0x00000000000001ff)
mkdir('/home/runner/.cache/nim/notify_r', 0x00000000000001ff)
mkdir('/home', 0x00000000000001ff)
mkdir('/home/runner', 0x00000000000001ff)
mkdir('/home/runner/.cache', 0x00000000000001ff)
mkdir('/home/runner/.cache/nim', 0x00000000000001ff)
mkdir('/home/runner/.cache/nim/notify_r', 0x00000000000001ff)
mkdir('/home', 0x00000000000001ff)
mkdir('/home/runner', 0x00000000000001ff)
mkdir('/home/runner/.cache', 0x00000000000001ff)
mkdir('/home/runner/.cache/nim', 0x00000000000001ff)
mkdir('/home/runner/.cache/nim/notify_r', 0x00000000000001ff)
mkdir('/home', 0x00000000000001ff)
mkdir('/home/runner', 0x00000000000001ff)
mkdir('/home/runner/.cache', 0x00000000000001ff)
mkdir('/home/runner/.cache/nim', 0x00000000000001ff)
mkdir('/home/runner/.cache/nim/notify_r', 0x00000000000001ff)
mkdir('/home', 0x00000000000001ff)
mkdir('/home/runner', 0x00000000000001ff)
mkdir('/home/runner/.cache', 0x00000000000001ff)
mkdir('/home/runner/.cache/nim', 0x00000000000001ff)
mkdir('/home/runner/.cache/nim/notify_r', 0x00000000000001ff)
mkdir('/home', 0x00000000000001ff)
mkdir('/home/runner', 0x00000000000001ff)
mkdir('/home/runner/.cache', 0x00000000000001ff)
mkdir('/home/runner/.cache/nim', 0x00000000000001ff)
mkdir('/home/runner/.cache/nim/notify_r', 0x00000000000001ff)
mkdir('/home', 0x00000000000001ff)
mkdir('/home/runner', 0x00000000000001ff)
mkdir('/home/runner/.cache', 0x00000000000001ff)
mkdir('/home/runner/.cache/nim', 0x00000000000001ff)
mkdir('/home/runner/.cache/nim/notify_r', 0x00000000000001ff)
mkdir('/home', 0x00000000000001ff)
mkdir('/home/runner', 0x00000000000001ff)
mkdir('/home/runner/.cache', 0x00000000000001ff)
mkdir('/home/runner/.cache/nim', 0x00000000000001ff)
mkdir('/home/runner/.cache/nim/notify_r', 0x00000000000001ff)
mkdir('/home', 0x00000000000001ff)
mkdir('/home/runner', 0x00000000000001ff)
mkdir('/home/runner/.cache', 0x00000000000001ff)
mkdir('/home/runner/.cache/nim', 0x00000000000001ff)
mkdir('/home/runner/.cache/nim/notify_r', 0x00000000000001ff)
mkdir('/home', 0x00000000000001ff)
mkdir('/home/runner', 0x00000000000001ff)
mkdir('/home/runner/.cache', 0x00000000000001ff)
mkdir('/home/runner/.cache/nim', 0x00000000000001ff)
mkdir('/home/runner/.cache/nim/notify_r', 0x00000000000001ff)
mkdir('/home', 0x00000000000001ff)
mkdir('/home/runner', 0x00000000000001ff)
mkdir('/home/runner/.cache', 0x00000000000001ff)
mkdir('/home/runner/.cache/nim', 0x00000000000001ff)
mkdir('/home/runner/.cache/nim/notify_r', 0x00000000000001ff)
mkdir('/home', 0x00000000000001ff)
mkdir('/home/runner', 0x00000000000001ff)
mkdir('/home/runner/.cache', 0x00000000000001ff)
mkdir('/home/runner/.cache/nim', 0x00000000000001ff)
mkdir('/home/runner/.cache/nim/notify_r', 0x00000000000001ff)
mkdir('/home', 0x00000000000001ff)
mkdir('/home/runner', 0x00000000000001ff)
mkdir('/home/runner/.cache', 0x00000000000001ff)
mkdir('/home/runner/.cache/nim', 0x00000000000001ff)
mkdir('/home/runner/.cache/nim/notify_r', 0x00000000000001ff)
mkdir('/home', 0x00000000000001ff)
mkdir('/home/runner', 0x00000000000001ff)
mkdir('/home/runner/.cache', 0x00000000000001ff)
mkdir('/home/runner/.cache/nim', 0x00000000000001ff)
mkdir('/home/runner/.cache/nim/notify_r', 0x00000000000001ff)
mkdir('/home', 0x00000000000001ff)
mkdir('/home/runner', 0x00000000000001ff)
mkdir('/home/runner/.cache', 0x00000000000001ff)
mkdir('/home/runner/.cache/nim', 0x00000000000001ff)
mkdir('/home/runner/.cache/nim/notify_r', 0x00000000000001ff)
mkdir('/home', 0x00000000000001ff)
mkdir('/home/runner', 0x00000000000001ff)
mkdir('/home/runner/.cache', 0x00000000000001ff)
mkdir('/home/runner/.cache/nim', 0x00000000000001ff)
mkdir('/home/runner/.cache/nim/notify_r', 0x00000000000001ff)
mkdir('/home', 0x00000000000001ff)
mkdir('/home/runner', 0x00000000000001ff)
mkdir('/home/runner/.cache', 0x00000000000001ff)
mkdir('/home/runner/.cache/nim', 0x00000000000001ff)
mkdir('/home/runner/.cache/nim/notify_r', 0x00000000000001ff)
mkdir('/home', 0x00000000000001ff)
mkdir('/home/runner', 0x00000000000001ff)
mkdir('/home/runner/.cache', 0x00000000000001ff)
mkdir('/home/runner/.cache/nim', 0x00000000000001ff)
mkdir('/home/runner/.cache/nim/notify_r', 0x00000000000001ff)
mkdir('/home', 0x00000000000001ff)
mkdir('/home/runner', 0x00000000000001ff)
mkdir('/home/runner/.cache', 0x00000000000001ff)
mkdir('/home/runner/.cache/nim', 0x00000000000001ff)
mkdir('/home/runner/.cache/nim/notify_r', 0x00000000000001ff)
mkdir('/home', 0x00000000000001ff)
mkdir('/home/runner', 0x00000000000001ff)
mkdir('/home/runner/.cache', 0x00000000000001ff)
mkdir('/home/runner/.cache/nim', 0x00000000000001ff)
mkdir('/home/runner/.cache/nim/notify_r', 0x00000000000001ff)
mkdir('/home', 0x00000000000001ff)
mkdir('/home/runner', 0x00000000000001ff)
mkdir('/home/runner/.cache', 0x00000000000001ff)
mkdir('/home/runner/.cache/nim', 0x00000000000001ff)
mkdir('/home/runner/.cache/nim/notify_r', 0x00000000000001ff)
mkdir('/home', 0x00000000000001ff)
mkdir('/home/runner', 0x00000000000001ff)
mkdir('/home/runner/.cache', 0x00000000000001ff)
mkdir('/home/runner/.cache/nim', 0x00000000000001ff)
mkdir('/home/runner/.cache/nim/notify_r', 0x00000000000001ff)
mkdir('/home', 0x00000000000001ff)
mkdir('/home/runner', 0x00000000000001ff)
mkdir('/home/runner/.cache', 0x00000000000001ff)
mkdir('/home/runner/.cache/nim', 0x00000000000001ff)
mkdir('/home/runner/.cache/nim/notify_r', 0x00000000000001ff)
mkdir('/home', 0x00000000000001ff)
mkdir('/home/runner', 0x00000000000001ff)
mkdir('/home/runner/.cache', 0x00000000000001ff)
mkdir('/home/runner/.cache/nim', 0x00000000000001ff)
mkdir('/home/runner/.cache/nim/notify_r', 0x00000000000001ff)
mkdir('/home', 0x00000000000001ff)
mkdir('/home/runner', 0x00000000000001ff)
mkdir('/home/runner/.cache', 0x00000000000001ff)
mkdir('/home/runner/.cache/nim', 0x00000000000001ff)
mkdir('/home/runner/.cache/nim/notify_r', 0x00000000000001ff)
mkdir('/home', 0x00000000000001ff)
mkdir('/home/runner', 0x00000000000001ff)
mkdir('/home/runner/.cache', 0x00000000000001ff)
mkdir('/home/runner/.cache/nim', 0x00000000000001ff)
mkdir('/home/runner/.cache/nim/notify_r', 0x00000000000001ff)
mkdir('/home', 0x00000000000001ff)
mkdir('/home/runner', 0x00000000000001ff)
mkdir('/home/runner/.cache', 0x00000000000001ff)
mkdir('/home/runner/.cache/nim', 0x00000000000001ff)
mkdir('/home/runner/.cache/nim/notify_r', 0x00000000000001ff)
mkdir('/home', 0x00000000000001ff)
mkdir('/home/runner', 0x00000000000001ff)
mkdir('/home/runner/.cache', 0x00000000000001ff)
mkdir('/home/runner/.cache/nim', 0x00000000000001ff)
mkdir('/home/runner/.cache/nim/notify_r', 0x00000000000001ff)
mkdir('/home', 0x00000000000001ff)
mkdir('/home/runner', 0x00000000000001ff)
mkdir('/home/runner/.cache', 0x00000000000001ff)
mkdir('/home/runner/.cache/nim', 0x00000000000001ff)
mkdir('/home/runner/.cache/nim/notify_r', 0x00000000000001ff)
mkdir('/home', 0x00000000000001ff)
mkdir('/home/runner', 0x00000000000001ff)
mkdir('/home/runner/.cache', 0x00000000000001ff)
mkdir('/home/runner/.cache/nim', 0x00000000000001ff)
mkdir('/home/runner/.cache/nim/notify_r', 0x00000000000001ff)
mkdir('/home', 0x00000000000001ff)
mkdir('/home/runner', 0x00000000000001ff)
mkdir('/home/runner/.cache', 0x00000000000001ff)
mkdir('/home/runner/.cache/nim', 0x00000000000001ff)
mkdir('/home/runner/.cache/nim/notify_r', 0x00000000000001ff)
mkdir('/home', 0x00000000000001ff)
mkdir('/home/runner', 0x00000000000001ff)
mkdir('/home/runner/.cache', 0x00000000000001ff)
mkdir('/home/runner/.cache/nim', 0x00000000000001ff)
mkdir('/home/runner/.cache/nim/notify_r', 0x00000000000001ff)
mkdir('/home', 0x00000000000001ff)
mkdir('/home/runner', 0x00000000000001ff)
mkdir('/home/runner/.cache', 0x00000000000001ff)
mkdir('/home/runner/.cache/nim', 0x00000000000001ff)
mkdir('/home/runner/.cache/nim/notify_r', 0x00000000000001ff)
mkdir('/home', 0x00000000000001ff)
mkdir('/home/runner', 0x00000000000001ff)
mkdir('/home/runner/.cache', 0x00000000000001ff)
mkdir('/home/runner/.cache/nim', 0x00000000000001ff)
mkdir('/home/runner/.cache/nim/notify_r', 0x00000000000001ff)
mkdir('/home', 0x00000000000001ff)
mkdir('/home/runner', 0x00000000000001ff)
mkdir('/home/runner/.cache', 0x00000000000001ff)
mkdir('/home/runner/.cache/nim', 0x00000000000001ff)
mkdir('/home/runner/.cache/nim/notify_r', 0x00000000000001ff)
unlink('/tmp/ccL7MaDx.s')
unlink('/tmp/ccwOfrQn.s')
unlink('/tmp/ccfsa94s.s')
unlink('/tmp/ccGMGFyw.s')
unlink('/tmp/cctzpKtt.s')
unlink('/tmp/cck2lLOM.s')
unlink('/tmp/cc0Bcyr9.s')
unlink('/tmp/ccsYnrhy.s')
unlink('/tmp/cckSNMW2.s')
unlink('/tmp/ccFtu1n7.s')
mkdir('/tmp', 0x00000000000001ff)
mkdir('/tmp/nimble_13689', 0x00000000000001ff)
mkdir('/tmp/nimble_13689/githubcom_xbellonotifynim', 0x00000000000001ff)
chmod(93870235110592, 0x00000000000001ed)
Error tracing process: readBytes(0x0000555fde04ccc0, 256) error: [Errno 5] Input/output error.
