      Info: Package cache path /home/runner/.nimble/pkgcache
     Info:  Nimble data file "/home/runner/.nimble/nimbledata2.json" has been loaded.
    Reading official package list
Downloading https://github.com/status-im/nim-presto using git
    Cloning latest tagged version: v0.1.1
open('/workspace/destdir/ssl/openssl.cnf', 32768, 0x00000000000001b6)
open('/home/runner/.config/nimble/nimble.ini', 557056, 0x00000000000001b6)
open('/home/runner/.config/babel/babel.ini', 557056, 0x00000000000001b6)
writev(1, 0x00007ffc1e6bb370, 2)
open('/home/runner/.nimble/nimbledata2.json', 557056, 0x00000000000001b6)
writev(1, 0x00007ffc1e6bb440, 2)
writev(1, 0x00007ffc7e3853f0, 2)
writev(1, 0x00007ffc7e385480, 2)
writev(1, 0x00007ffc7e385480, 2)
writev(1, 0x00007ffc7e385480, 2)
writev(1, 0x00007ffc1e6b9e50, 2)
open('/home/runner/.nimble/packages_official.json', 557056, 0x00000000000001b6)
mkdir('/home/', 0x00000000000001ff)
mkdir('/home/runner/', 0x00000000000001ff)
mkdir('/home/runner/.nimble/', 0x00000000000001ff)
mkdir('/home/runner/.nimble/pkgcache/', 0x00000000000001ff)
mkdir('/home/runner/.nimble/pkgcache/githubcom_statusimnimpresto', 0x00000000000001ff)
open('/home/runner/.nimble/pkgcache/githubcom_statusimnimpresto', 622592, 0x0000000000000000)
writev(1, 0x00007ffc1e6b9eb0, 2)
open('/home/runner/.nimble/pkgcache/githubcom_statusimnimpresto', 622592, 0x0000000000000000)
rmdir('/home/runner/.nimble/pkgcache/githubcom_statusimnimpresto')
writev(1, 0x00007ffc1e6b9da0, 2)
mkdir(94100818258768, 0x00000000000001ff)
Error tracing process: readBytes(0x000055958dd86b50, 256) error: [Errno 5] Input/output error.
