      Info: Package cache path /home/runner/.nimble/pkgcache
     Info:  Nimble data file "/home/runner/.nimble/nimbledata2.json" has been loaded.
    Reading official package list
Downloading https://github.com/prettybauble/prettyclr using git
   Warning: The package has no tagged releases, downloading HEAD instead.
open('/workspace/destdir/ssl/openssl.cnf', 32768, 0x00000000000001b6)
open('/home/runner/.config/nimble/nimble.ini', 557056, 0x00000000000001b6)
open('/home/runner/.config/babel/babel.ini', 557056, 0x00000000000001b6)
writev(1, 0x00007fff6e1ff3a0, 2)
open('/home/runner/.nimble/nimbledata2.json', 557056, 0x00000000000001b6)
writev(1, 0x00007fff6e1ff470, 2)
writev(1, 0x00007ffd280f0430, 2)
writev(1, 0x00007ffd280f04c0, 2)
writev(1, 0x00007ffd280f04c0, 2)
writev(1, 0x00007ffd280f04c0, 2)
writev(1, 0x00007fff6e1fde80, 2)
open('/home/runner/.nimble/packages_official.json', 557056, 0x00000000000001b6)
mkdir('/home/', 0x00000000000001ff)
mkdir('/home/runner/', 0x00000000000001ff)
mkdir('/home/runner/.nimble/', 0x00000000000001ff)
mkdir('/home/runner/.nimble/pkgcache/', 0x00000000000001ff)
mkdir('/home/runner/.nimble/pkgcache/githubcom_prettybaubleprettyclr', 0x00000000000001ff)
open('/home/runner/.nimble/pkgcache/githubcom_prettybaubleprettyclr', 622592, 0x0000000000000000)
writev(1, 0x00007fff6e1fdee0, 2)
open('/home/runner/.nimble/pkgcache/githubcom_prettybaubleprettyclr', 622592, 0x0000000000000000)
rmdir('/home/runner/.nimble/pkgcache/githubcom_prettybaubleprettyclr')
writev(1, 0x00007fff6e1fddd0, 2)
mkdir(94807962561296, 0x00000000000001ff)
Error tracing process: readBytes(0x0000563a32ee2b10, 256) error: [Errno 5] Input/output error.
