      Info: Package cache path /home/runner/.nimble/pkgcache
     Info:  Nimble data file "/home/runner/.nimble/nimbledata2.json" has been loaded.
    Reading official package list
Downloading https://github.com/juancarlospaco/nim-printdebug using git
   Warning: The package has no tagged releases, downloading HEAD instead.
open('/workspace/destdir/ssl/openssl.cnf', 32768, 0x00000000000001b6)
open('/home/runner/.config/nimble/nimble.ini', 557056, 0x00000000000001b6)
open('/home/runner/.config/babel/babel.ini', 557056, 0x00000000000001b6)
writev(1, 0x00007fffb3f120b0, 2)
open('/home/runner/.nimble/nimbledata2.json', 557056, 0x00000000000001b6)
writev(1, 0x00007fffb3f12180, 2)
writev(1, 0x00007fff04a885a0, 2)
writev(1, 0x00007fff04a88630, 2)
writev(1, 0x00007fff04a88630, 2)
writev(1, 0x00007fff04a88630, 2)
writev(1, 0x00007fffb3f10b90, 2)
open('/home/runner/.nimble/packages_official.json', 557056, 0x00000000000001b6)
mkdir('/home/', 0x00000000000001ff)
mkdir('/home/runner/', 0x00000000000001ff)
mkdir('/home/runner/.nimble/', 0x00000000000001ff)
mkdir('/home/runner/.nimble/pkgcache/', 0x00000000000001ff)
mkdir('/home/runner/.nimble/pkgcache/githubcom_juancarlospaconimprintdebug', 0x00000000000001ff)
open('/home/runner/.nimble/pkgcache/githubcom_juancarlospaconimprintdebug', 622592, 0x0000000000000000)
writev(1, 0x00007fffb3f10bf0, 2)
open('/home/runner/.nimble/pkgcache/githubcom_juancarlospaconimprintdebug', 622592, 0x0000000000000000)
rmdir('/home/runner/.nimble/pkgcache/githubcom_juancarlospaconimprintdebug')
writev(1, 0x00007fffb3f10ae0, 2)
mkdir(94368719260432, 0x00000000000001ff)
Error tracing process: readBytes(0x000055d3edfd4b10, 256) error: [Errno 5] Input/output error.
