    Reading official package list
Downloading https://github.com/c-blake/procs using git
       Info /tmp/nimble_15975/githubcom_cblakeprocs/procs_15975.nims(5, 22) Warning: imported and not used: 'strutils' [UnusedImport]
  Verifying dependencies for procs@0.2
    Reading official package list
   Checking for cligen@#head
 Installing cligen@#head
    Reading official package list
Downloading https://github.com/c-blake/cligen.git using git
mkdir('/tmp', 0x00000000000001ff)
mkdir('/tmp/nimble_15975', 0x00000000000001ff)
mkdir('/tmp/nimble_15975/githubcom_cblakeprocs', 0x00000000000001ff)
rmdir('/tmp/nimble_15975/githubcom_cblakeprocs')
mkdir('/tmp/nimble_15975/githubcom_cblakeprocs', 0x00000000000001ff)
mkdir('/tmp/nimble_15975/githubcom_cblakeprocs/.git', 0x00000000000001ff)
mkdir('/tmp/nimble_15975/githubcom_cblakeprocs/.git/', 0x00000000000001ff)
mkdir('/tmp/nimble_15975/githubcom_cblakeprocs/.git/branches/', 0x00000000000001ff)
mkdir('/tmp/nimble_15975/githubcom_cblakeprocs/.git/hooks/', 0x00000000000001ff)
mkdir('/tmp/nimble_15975/githubcom_cblakeprocs/.git/info/', 0x00000000000001ff)
mkdir('/tmp/nimble_15975/githubcom_cblakeprocs/.git/refs', 0x00000000000001ff)
mkdir('/tmp/nimble_15975/githubcom_cblakeprocs/.git/refs/heads', 0x00000000000001ff)
mkdir('/tmp/nimble_15975/githubcom_cblakeprocs/.git/refs/tags', 0x00000000000001ff)
rename('/tmp/nimble_15975/githubcom_cblakeprocs/.git/HEAD.lock', '/tmp/nimble_15975/githubcom_cblakeprocs/.git/HEAD')
rename('/tmp/nimble_15975/githubcom_cblakeprocs/.git/config.lock', '/tmp/nimble_15975/githubcom_cblakeprocs/.git/config')
chmod('/tmp/nimble_15975/githubcom_cblakeprocs/.git/config', 0x00000000000081e4)
chmod('/tmp/nimble_15975/githubcom_cblakeprocs/.git/config', 0x00000000000081a4)
chmod('/tmp/nimble_15975/githubcom_cblakeprocs/.git/config.lock', 0x00000000000001a4)
rename('/tmp/nimble_15975/githubcom_cblakeprocs/.git/config.lock', '/tmp/nimble_15975/githubcom_cblakeprocs/.git/config')
chmod('/tmp/nimble_15975/githubcom_cblakeprocs/.git/config.lock', 0x00000000000001a4)
rename('/tmp/nimble_15975/githubcom_cblakeprocs/.git/config.lock', '/tmp/nimble_15975/githubcom_cblakeprocs/.git/config')
chmod('/tmp/nimble_15975/githubcom_cblakeprocs/.git/config.lock', 0x00000000000001a4)
rename('/tmp/nimble_15975/githubcom_cblakeprocs/.git/config.lock', '/tmp/nimble_15975/githubcom_cblakeprocs/.git/config')
unlink('/tmp/nimble_15975/githubcom_cblakeprocs/.git/t2qnBwy')
symlink('testing', '/tmp/nimble_15975/githubcom_cblakeprocs/.git/t2qnBwy')
unlink('/tmp/nimble_15975/githubcom_cblakeprocs/.git/t2qnBwy')
mkdir('/tmp/nimble_15975/githubcom_cblakeprocs/.git/objects', 0x00000000000001ff)
mkdir('/tmp/nimble_15975/githubcom_cblakeprocs/.git/objects/pack', 0x00000000000001ff)
mkdir('/tmp/nimble_15975/githubcom_cblakeprocs/.git/objects/info', 0x00000000000001ff)
chmod('/tmp/nimble_15975/githubcom_cblakeprocs/.git/config.lock', 0x00000000000001a4)
rename('/tmp/nimble_15975/githubcom_cblakeprocs/.git/config.lock', '/tmp/nimble_15975/githubcom_cblakeprocs/.git/config')
chmod('/tmp/nimble_15975/githubcom_cblakeprocs/.git/config.lock', 0x00000000000001a4)
rename('/tmp/nimble_15975/githubcom_cblakeprocs/.git/config.lock', '/tmp/nimble_15975/githubcom_cblakeprocs/.git/config')
chmod('/tmp/nimble_15975/githubcom_cblakeprocs/.git/config.lock', 0x00000000000001a4)
rename('/tmp/nimble_15975/githubcom_cblakeprocs/.git/config.lock', '/tmp/nimble_15975/githubcom_cblakeprocs/.git/config')
link('/tmp/nimble_15975/githubcom_cblakeprocs/.git/objects/pack/tmp_pack_kW7Yyb', '/tmp/nimble_15975/githubcom_cblakeprocs/.git/objects/pack/pack-45c2bf448484a1d5accfe578e747fcb96d8aa996.pack')
unlink('/tmp/nimble_15975/githubcom_cblakeprocs/.git/objects/pack/tmp_pack_kW7Yyb')
link('/tmp/nimble_15975/githubcom_cblakeprocs/.git/objects/pack/tmp_idx_B3M0YV', '/tmp/nimble_15975/githubcom_cblakeprocs/.git/objects/pack/pack-45c2bf448484a1d5accfe578e747fcb96d8aa996.idx')
unlink('/tmp/nimble_15975/githubcom_cblakeprocs/.git/objects/pack/tmp_idx_B3M0YV')
rename('/tmp/nimble_15975/githubcom_cblakeprocs/.git/shallow.lock', '/tmp/nimble_15975/githubcom_cblakeprocs/.git/shallow')
rename('/tmp/nimble_15975/githubcom_cblakeprocs/.git/packed-refs.new', '/tmp/nimble_15975/githubcom_cblakeprocs/.git/packed-refs')
unlink('/tmp/nimble_15975/githubcom_cblakeprocs/.git/packed-refs.lock')
mkdir('/tmp/nimble_15975/githubcom_cblakeprocs/.git/refs/remotes', 0x00000000000001ff)
mkdir('/tmp/nimble_15975/githubcom_cblakeprocs/.git/refs/remotes/origin', 0x00000000000001ff)
mkdir('/tmp/nimble_15975/githubcom_cblakeprocs/.git/logs', 0x00000000000001ff)
mkdir('/tmp/nimble_15975/githubcom_cblakeprocs/.git/logs/refs', 0x00000000000001ff)
mkdir('/tmp/nimble_15975/githubcom_cblakeprocs/.git/logs/refs/remotes', 0x00000000000001ff)
mkdir('/tmp/nimble_15975/githubcom_cblakeprocs/.git/logs/refs/remotes/origin', 0x00000000000001ff)
rename('/tmp/nimble_15975/githubcom_cblakeprocs/.git/refs/remotes/origin/HEAD.lock', '/tmp/nimble_15975/githubcom_cblakeprocs/.git/refs/remotes/origin/HEAD')
rename('/tmp/nimble_15975/githubcom_cblakeprocs/.git/HEAD.lock', '/tmp/nimble_15975/githubcom_cblakeprocs/.git/HEAD')
mkdir('/tmp/nimble_15975/githubcom_cblakeprocs/.git/logs/refs/heads', 0x00000000000001ff)
rename('/tmp/nimble_15975/githubcom_cblakeprocs/.git/refs/heads/master.lock', '/tmp/nimble_15975/githubcom_cblakeprocs/.git/refs/heads/master')
unlink('/tmp/nimble_15975/githubcom_cblakeprocs/.git/HEAD.lock')
chmod('/tmp/nimble_15975/githubcom_cblakeprocs/.git/config.lock', 0x00000000000001a4)
rename('/tmp/nimble_15975/githubcom_cblakeprocs/.git/config.lock', '/tmp/nimble_15975/githubcom_cblakeprocs/.git/config')
chmod('/tmp/nimble_15975/githubcom_cblakeprocs/.git/config.lock', 0x00000000000001a4)
rename('/tmp/nimble_15975/githubcom_cblakeprocs/.git/config.lock', '/tmp/nimble_15975/githubcom_cblakeprocs/.git/config')
unlink('/tmp/nimble_15975/githubcom_cblakeprocs/.git/objects/pack/pack-45c2bf448484a1d5accfe578e747fcb96d8aa996.keep')
mkdir('configs', 0x00000000000001ff)
mkdir('configs/cb0', 0x00000000000001ff)
symlink('darkBG', 'configs/cb0/linuxVT')
mkdir('screenshots', 0x00000000000001ff)
rename('/tmp/nimble_15975/githubcom_cblakeprocs/.git/index.lock', '/tmp/nimble_15975/githubcom_cblakeprocs/.git/index')
mkdir('/tmp', 0x00000000000001ff)
mkdir('/tmp/nimblecache', 0x00000000000001ff)
mkdir('/tmp/nimblecache/procs_159771747', 0x00000000000001ff)
unlink('/tmp/nimblecache/procs_159771747/procs.ini')
unlink('/tmp/nimble_15975.out')
unlink('/tmp/nimble_15975/githubcom_cblakeprocs/procs_15975.nims')
mkdir('/tmp', 0x00000000000001ff)
mkdir('/tmp/nimble_15975', 0x00000000000001ff)
mkdir('/tmp/nimble_15975/githubcom_cblakecligengit_#head', 0x00000000000001ff)
rmdir('/tmp/nimble_15975/githubcom_cblakecligengit_#head')
mkdir('/tmp/nimble_15975/githubcom_cblakecligengit_#head', 0x00000000000001ff)
mkdir('/tmp/nimble_15975/githubcom_cblakecligengit_#head/.git', 0x00000000000001ff)
mkdir('/tmp/nimble_15975/githubcom_cblakecligengit_#head/.git/', 0x00000000000001ff)
mkdir('/tmp/nimble_15975/githubcom_cblakecligengit_#head/.git/branches/', 0x00000000000001ff)
mkdir('/tmp/nimble_15975/githubcom_cblakecligengit_#head/.git/hooks/', 0x00000000000001ff)
mkdir('/tmp/nimble_15975/githubcom_cblakecligengit_#head/.git/info/', 0x00000000000001ff)
mkdir('/tmp/nimble_15975/githubcom_cblakecligengit_#head/.git/refs', 0x00000000000001ff)
mkdir('/tmp/nimble_15975/githubcom_cblakecligengit_#head/.git/refs/heads', 0x00000000000001ff)
mkdir('/tmp/nimble_15975/githubcom_cblakecligengit_#head/.git/refs/tags', 0x00000000000001ff)
rename('/tmp/nimble_15975/githubcom_cblakecligengit_#head/.git/HEAD.lock', '/tmp/nimble_15975/githubcom_cblakecligengit_#head/.git/HEAD')
rename('/tmp/nimble_15975/githubcom_cblakecligengit_#head/.git/config.lock', '/tmp/nimble_15975/githubcom_cblakecligengit_#head/.git/config')
chmod('/tmp/nimble_15975/githubcom_cblakecligengit_#head/.git/config', 0x00000000000081e4)
chmod('/tmp/nimble_15975/githubcom_cblakecligengit_#head/.git/config', 0x00000000000081a4)
chmod('/tmp/nimble_15975/githubcom_cblakecligengit_#head/.git/config.lock', 0x00000000000001a4)
rename('/tmp/nimble_15975/githubcom_cblakecligengit_#head/.git/config.lock', '/tmp/nimble_15975/githubcom_cblakecligengit_#head/.git/config')
chmod('/tmp/nimble_15975/githubcom_cblakecligengit_#head/.git/config.lock', 0x00000000000001a4)
rename('/tmp/nimble_15975/githubcom_cblakecligengit_#head/.git/config.lock', '/tmp/nimble_15975/githubcom_cblakecligengit_#head/.git/config')
chmod('/tmp/nimble_15975/githubcom_cblakecligengit_#head/.git/config.lock', 0x00000000000001a4)
rename('/tmp/nimble_15975/githubcom_cblakecligengit_#head/.git/config.lock', '/tmp/nimble_15975/githubcom_cblakecligengit_#head/.git/config')       Info /tmp/nimble_15975/githubcom_cblakecligengit_#head/cligen_15975.nims(5, 22) Warning: imported and not used: 'strutils' [UnusedImport]
  Verifying dependencies for cligen@#head
 Installing cligen@#head
    Copying file /tmp/nimble_15975/githubcom_cblakecligengit_#head/cligen.nim to /home/runner/.nimble/pkgs/cligen-#head/cligen.nim
    Copying file /tmp/nimble_15975/githubcom_cblakecligengit_#head/cligen/tab.nim to /home/runner/.nimble/pkgs/cligen-#head/cligen/tab.nim
    Copying file /tmp/nimble_15975/githubcom_cblakecligengit_#head/cligen/argcvt.nim to /home/runner/.nimble/pkgs/cligen-#head/cligen/argcvt.nim
    Copying file /tmp/nimble_15975/githubcom_cblakecligengit_#head/cligen/humanUt.nim to /home/runner/.nimble/pkgs/cligen-#head/cligen/humanUt.nim
    Copying file /tmp/nimble_15975/githubcom_cblakecligengit_#head/cligen/textUt.nim to /home/runner/.nimble/pkgs/cligen-#head/cligen/textUt.nim
    Copying file /tmp/nimble_15975/githubcom_cblakecligengit_#head/cligen/mslice.nim to /home/runner/.nimble/pkgs/cligen-#head/cligen/mslice.nim
    Copying file /tmp/nimble_15975/githubcom_cblakecligengit_#head/cligen/clCfgInit.nim to /home/runner/.nimble/pkgs/cligen-#head/cligen/clCfgInit.nim
    Copying file /tmp/nimble_15975/githubcom_cblakecligengit_#head/cligen/sysUt.nim to /home/runner/.nimble/pkgs/cligen-#head/cligen/sysUt.nim

unlink('/tmp/nimble_15975/githubcom_cblakecligengit_#head/.git/tRtqTqb')
symlink('testing', '/tmp/nimble_15975/githubcom_cblakecligengit_#head/.git/tRtqTqb')
unlink('/tmp/nimble_15975/githubcom_cblakecligengit_#head/.git/tRtqTqb')
mkdir('/tmp/nimble_15975/githubcom_cblakecligengit_#head/.git/objects', 0x00000000000001ff)
mkdir('/tmp/nimble_15975/githubcom_cblakecligengit_#head/.git/objects/pack', 0x00000000000001ff)
mkdir('/tmp/nimble_15975/githubcom_cblakecligengit_#head/.git/objects/info', 0x00000000000001ff)
chmod('/tmp/nimble_15975/githubcom_cblakecligengit_#head/.git/config.lock', 0x00000000000001a4)
rename('/tmp/nimble_15975/githubcom_cblakecligengit_#head/.git/config.lock', '/tmp/nimble_15975/githubcom_cblakecligengit_#head/.git/config')
chmod('/tmp/nimble_15975/githubcom_cblakecligengit_#head/.git/config.lock', 0x00000000000001a4)
rename('/tmp/nimble_15975/githubcom_cblakecligengit_#head/.git/config.lock', '/tmp/nimble_15975/githubcom_cblakecligengit_#head/.git/config')
chmod('/tmp/nimble_15975/githubcom_cblakecligengit_#head/.git/config.lock', 0x00000000000001a4)
rename('/tmp/nimble_15975/githubcom_cblakecligengit_#head/.git/config.lock', '/tmp/nimble_15975/githubcom_cblakecligengit_#head/.git/config')
link('/tmp/nimble_15975/githubcom_cblakecligengit_#head/.git/objects/pack/tmp_pack_ZUFmeO', '/tmp/nimble_15975/githubcom_cblakecligengit_#head/.git/objects/pack/pack-ea04c1aa57b2126e8210b14f7a17227538f7f5d6.pack')
unlink('/tmp/nimble_15975/githubcom_cblakecligengit_#head/.git/objects/pack/tmp_pack_ZUFmeO')
link('/tmp/nimble_15975/githubcom_cblakecligengit_#head/.git/objects/pack/tmp_idx_W42J7e', '/tmp/nimble_15975/githubcom_cblakecligengit_#head/.git/objects/pack/pack-ea04c1aa57b2126e8210b14f7a17227538f7f5d6.idx')
unlink('/tmp/nimble_15975/githubcom_cblakecligengit_#head/.git/objects/pack/tmp_idx_W42J7e')
rename('/tmp/nimble_15975/githubcom_cblakecligengit_#head/.git/shallow.lock', '/tmp/nimble_15975/githubcom_cblakecligengit_#head/.git/shallow')
rename('/tmp/nimble_15975/githubcom_cblakecligengit_#head/.git/packed-refs.new', '/tmp/nimble_15975/githubcom_cblakecligengit_#head/.git/packed-refs')
unlink('/tmp/nimble_15975/githubcom_cblakecligengit_#head/.git/packed-refs.lock')
mkdir('/tmp/nimble_15975/githubcom_cblakecligengit_#head/.git/refs/remotes', 0x00000000000001ff)
mkdir('/tmp/nimble_15975/githubcom_cblakecligengit_#head/.git/refs/remotes/origin', 0x00000000000001ff)
mkdir('/tmp/nimble_15975/githubcom_cblakecligengit_#head/.git/logs', 0x00000000000001ff)
mkdir('/tmp/nimble_15975/githubcom_cblakecligengit_#head/.git/logs/refs', 0x00000000000001ff)
mkdir('/tmp/nimble_15975/githubcom_cblakecligengit_#head/.git/logs/refs/remotes', 0x00000000000001ff)
mkdir('/tmp/nimble_15975/githubcom_cblakecligengit_#head/.git/logs/refs/remotes/origin', 0x00000000000001ff)
rename('/tmp/nimble_15975/githubcom_cblakecligengit_#head/.git/refs/remotes/origin/HEAD.lock', '/tmp/nimble_15975/githubcom_cblakecligengit_#head/.git/refs/remotes/origin/HEAD')
rename('/tmp/nimble_15975/githubcom_cblakecligengit_#head/.git/HEAD.lock', '/tmp/nimble_15975/githubcom_cblakecligengit_#head/.git/HEAD')
mkdir('/tmp/nimble_15975/githubcom_cblakecligengit_#head/.git/logs/refs/heads', 0x00000000000001ff)
rename('/tmp/nimble_15975/githubcom_cblakecligengit_#head/.git/refs/heads/master.lock', '/tmp/nimble_15975/githubcom_cblakecligengit_#head/.git/refs/heads/master')
unlink('/tmp/nimble_15975/githubcom_cblakecligengit_#head/.git/HEAD.lock')
chmod('/tmp/nimble_15975/githubcom_cblakecligengit_#head/.git/config.lock', 0x00000000000001a4)
rename('/tmp/nimble_15975/githubcom_cblakecligengit_#head/.git/config.lock', '/tmp/nimble_15975/githubcom_cblakecligengit_#head/.git/config')
chmod('/tmp/nimble_15975/githubcom_cblakecligengit_#head/.git/config.lock', 0x00000000000001a4)
rename('/tmp/nimble_15975/githubcom_cblakecligengit_#head/.git/config.lock', '/tmp/nimble_15975/githubcom_cblakecligengit_#head/.git/config')
unlink('/tmp/nimble_15975/githubcom_cblakecligengit_#head/.git/objects/pack/pack-ea04c1aa57b2126e8210b14f7a17227538f7f5d6.keep')
mkdir('cligen', 0x00000000000001ff)
mkdir('configs', 0x00000000000001ff)
mkdir('docs', 0x00000000000001ff)
mkdir('examples', 0x00000000000001ff)
mkdir('test', 0x00000000000001ff)
rename('/tmp/nimble_15975/githubcom_cblakecligengit_#head/.git/index.lock', '/tmp/nimble_15975/githubcom_cblakecligengit_#head/.git/index')
mkdir('/tmp', 0x00000000000001ff)
mkdir('/tmp/nimblecache', 0x00000000000001ff)
mkdir('/tmp/nimblecache/cligen_3787235076', 0x00000000000001ff)
unlink('/tmp/nimblecache/cligen_3787235076/cligen.ini')
unlink('/tmp/nimble_15975.out')
unlink('/tmp/nimble_15975/githubcom_cblakecligengit_#head/cligen_15975.nims')
mkdir('/home', 0x00000000000001ff)
mkdir('/home/runner', 0x00000000000001ff)
mkdir('/home/runner/.nimble', 0x00000000000001ff)
mkdir('/home/runner/.nimble/pkgs', 0x00000000000001ff)
mkdir('/home/runner/.nimble/pkgs/cligen-#head', 0x00000000000001ff)
mkdir('/home', 0x00000000000001ff)
mkdir('/home/runner', 0x00000000000001ff)
mkdir('/home/runner/.nimble', 0x00000000000001ff)
mkdir('/home/runner/.nimble/pkgs', 0x00000000000001ff)
mkdir('/home/runner/.nimble/pkgs/cligen-#head', 0x00000000000001ff)
chmod('/home/runner/.nimble/pkgs/cligen-#head/cligen.nim', 0x00000000000001a4)
mkdir('/home', 0x00000000000001ff)
mkdir('/home/runner', 0x00000000000001ff)
mkdir('/home/runner/.nimble', 0x00000000000001ff)
mkdir('/home/runner/.nimble/pkgs', 0x00000000000001ff)
mkdir('/home/runner/.nimble/pkgs/cligen-#head', 0x00000000000001ff)
mkdir('/home/runner/.nimble/pkgs/cligen-#head/cligen', 0x00000000000001ff)
chmod('/home/runner/.nimble/pkgs/cligen-#head/cligen/tab.nim', 0x00000000000001a4)
mkdir('/home', 0x00000000000001ff)
mkdir('/home/runner', 0x00000000000001ff)
mkdir('/home/runner/.nimble', 0x00000000000001ff)
mkdir('/home/runner/.nimble/pkgs', 0x00000000000001ff)
mkdir('/home/runner/.nimble/pkgs/cligen-#head', 0x00000000000001ff)
mkdir('/home/runner/.nimble/pkgs/cligen-#head/cligen', 0x00000000000001ff)
chmod('/home/runner/.nimble/pkgs/cligen-#head/cligen/argcvt.nim', 0x00000000000001a4)
mkdir('/home', 0x00000000000001ff)
mkdir('/home/runner', 0x00000000000001ff)
mkdir('/home/runner/.nimble', 0x00000000000001ff)
mkdir('/home/runner/.nimble/pkgs', 0x00000000000001ff)
mkdir('/home/runner/.nimble/pkgs/cligen-#head', 0x00000000000001ff)
mkdir('/home/runner/.nimble/pkgs/cligen-#head/cligen', 0x00000000000001ff)
chmod('/home/runner/.nimble/pkgs/cligen-#head/cligen/humanUt.nim', 0x00000000000001a4)
mkdir('/home', 0x00000000000001ff)
mkdir('/home/runner', 0x00000000000001ff)
mkdir('/home/runner/.nimble', 0x00000000000001ff)
mkdir('/home/runner/.nimble/pkgs', 0x00000000000001ff)
mkdir('/home/runner/.nimble/pkgs/cligen-#head', 0x00000000000001ff)
mkdir('/home/runner/.nimble/pkgs/cligen-#head/cligen', 0x00000000000001ff)
chmod('/home/runner/.nimble/pkgs/cligen-#head/cligen/textUt.nim', 0x00000000000001a4)
mkdir('/home', 0x00000000000001ff)
mkdir('/home/runner', 0x00000000000001ff)
mkdir('/home/runner/.nimble', 0x00000000000001ff)
mkdir('/home/runner/.nimble/pkgs', 0x00000000000001ff)
mkdir('/home/runner/.nimble/pkgs/cligen-#head', 0x00000000000001ff)
mkdir('/home/runner/.nimble/pkgs/cligen-#head/cligen', 0x00000000000001ff)
chmod('/home/runner/.nimble/pkgs/cligen-#head/cligen/mslice.nim', 0x00000000000001a4)
mkdir('/home', 0x00000000000001ff)
mkdir('/home/runner', 0x00000000000001ff)
mkdir('/home/runner/.nimble', 0x00000000000001ff)
mkdir('/home/runner/.nimble/pkgs', 0x00000000000001ff)
mkdir('/home/runner/.nimble/pkgs/cligen-#head', 0x00000000000001ff)
mkdir('/home/runner/.nimble/pkgs/cligen-#head/cligen', 0x00000000000001ff)
chmod('/home/runner/.nimble/pkgs/cligen-#head/cligen/clCfgInit.nim', 0x00000000000001a4)
mkdir('/home', 0x00000000000001ff)
mkdir('/home/runner', 0x00000000000001ff)
mkdir('/home/runner/.nimble', 0x00000000000001ff)
mkdir('/home/runner/.nimble/pkgs', 0x00000000000001ff)
mkdir('/home/runner/.nimble/pkgs/cligen-#head', 0x00000000000001ff)
mkdir('/home/runner/.nimble/pkgs/cligen-#head/cligen', 0x00000000000001ff)
chmod('/home/runner/.nimble/pkgs/cligen-#head/cligen/sysUt.nim', 0x00000000000001a4)
mkdir('/home', 0x00000000000001ff)    Copying file /tmp/nimble_15975/githubcom_cblakecligengit_#head/cligen/tern.nim to /home/runner/.nimble/pkgs/cligen-#head/cligen/tern.nim
    Copying file /tmp/nimble_15975/githubcom_cblakecligengit_#head/cligen/posixUt.nim to /home/runner/.nimble/pkgs/cligen-#head/cligen/posixUt.nim
    Copying file /tmp/nimble_15975/githubcom_cblakecligengit_#head/cligen/mergeCfgEnv.nim to /home/runner/.nimble/pkgs/cligen-#head/cligen/mergeCfgEnv.nim
    Copying file /tmp/nimble_15975/githubcom_cblakecligengit_#head/cligen/unixUt.nim to /home/runner/.nimble/pkgs/cligen-#head/cligen/unixUt.nim
    Copying file /tmp/nimble_15975/githubcom_cblakecligengit_#head/cligen/mergeCfgEnvMulti.nim to /home/runner/.nimble/pkgs/cligen-#head/cligen/mergeCfgEnvMulti.nim
    Copying file /tmp/nimble_15975/githubcom_cblakecligengit_#head/cligen/helpTmpl.nim to /home/runner/.nimble/pkgs/cligen-#head/cligen/helpTmpl.nim
    Copying file /tmp/nimble_15975/githubcom_cblakecligengit_#head/cligen/mfile.nim to /home/runner/.nimble/pkgs/cligen-#head/cligen/mfile.nim
    Copying file /tmp/nimble_15975/githubcom_cblakecligengit_#head/cligen/osUt.nim to /home/runner/.nimble/pkgs/cligen-#head/cligen/osUt.nim
    Copying file /tmp/nimble_15975/githubcom_cblakecligengit_#head/cligen/trie.nim to /home/runner/.nimble/pkgs/cligen-#head/cligen/trie.nim
    Copying file /tmp/nimble_15975/githubcom_cblakecligengit_#head/cligen/syntaxHelp.nim to /home/runner/.nimble/pkgs/cligen-#head/cligen/syntaxHelp.nim
    Copying file /tmp/nimble_15975/githubcom_cblakecligengit_#head/cligen/fileUt.nim to /home/runner/.nimble/pkgs/cligen-#head/cligen/fileUt.nim
    Copying file /tmp/nimble_15975/githubcom_cblakecligengit_#head/cligen/magic.nim to /home/runner/.nimble/pkgs/cligen-#head/cligen/magic.nim
    Copying file /tmp/nimble_15975/githubcom_cblakecligengit_#head/cligen/abbrev.nim to /home/runner/.nimble/pkgs/cligen-#head/cligen/abbrev.nim
    Copying file /tmp/nimble_15975/githubcom_cblakecligengit_#head/cligen/strUt.nim to /home/runner/.nimble/pkgs/cligen-#head/cligen/strUt.nim
    Copying file /tmp/nimble_15975/githubcom_cblakecligengit_#head/cligen/macUt.nim to /home/runner/.nimble/pkgs/cligen-#head/cligen/macUt.nim
    Copying file /tmp/nimble_15975/githubcom_cblakecligengit_#head/cligen/parseopt3.nim to /home/runner/.nimble/pkgs/cligen-#head/cligen/parseopt3.nim
    Copying file /tmp/nimble_15975/githubcom_cblakecligengit_#head/cligen/gcarc.nim to /home/runner/.nimble/pkgs/cligen-#head/cligen/gcarc.nim
    Copying file /tmp/nimble_15975/githubcom_cblakecligengit_#head/cligen/clCfgToml.nim to /home/runner/.nimble/pkgs/cligen-#head/cligen/clCfgToml.nim
    Copying file /tmp/nimble_15975/githubcom_cblakecligengit_#head/cligen/mergeCfgEnvMulMul.nim to /home/runner/.nimble/pkgs/cligen-#head/cligen/mergeCfgEnvMulMul.nim
    Copying file /tmp/nimble_15975/githubcom_cblakecligengit_#head/cligen/statx.nim to /home/runner/.nimble/pkgs/cligen-#head/cligen/statx.nim

mkdir('/home/runner', 0x00000000000001ff)
mkdir('/home/runner/.nimble', 0x00000000000001ff)
mkdir('/home/runner/.nimble/pkgs', 0x00000000000001ff)
mkdir('/home/runner/.nimble/pkgs/cligen-#head', 0x00000000000001ff)
mkdir('/home/runner/.nimble/pkgs/cligen-#head/cligen', 0x00000000000001ff)
chmod('/home/runner/.nimble/pkgs/cligen-#head/cligen/tern.nim', 0x00000000000001a4)
mkdir('/home', 0x00000000000001ff)
mkdir('/home/runner', 0x00000000000001ff)
mkdir('/home/runner/.nimble', 0x00000000000001ff)
mkdir('/home/runner/.nimble/pkgs', 0x00000000000001ff)
mkdir('/home/runner/.nimble/pkgs/cligen-#head', 0x00000000000001ff)
mkdir('/home/runner/.nimble/pkgs/cligen-#head/cligen', 0x00000000000001ff)
chmod('/home/runner/.nimble/pkgs/cligen-#head/cligen/posixUt.nim', 0x00000000000001a4)
mkdir('/home', 0x00000000000001ff)
mkdir('/home/runner', 0x00000000000001ff)
mkdir('/home/runner/.nimble', 0x00000000000001ff)
mkdir('/home/runner/.nimble/pkgs', 0x00000000000001ff)
mkdir('/home/runner/.nimble/pkgs/cligen-#head', 0x00000000000001ff)
mkdir('/home/runner/.nimble/pkgs/cligen-#head/cligen', 0x00000000000001ff)
chmod('/home/runner/.nimble/pkgs/cligen-#head/cligen/mergeCfgEnv.nim', 0x00000000000001a4)
mkdir('/home', 0x00000000000001ff)
mkdir('/home/runner', 0x00000000000001ff)
mkdir('/home/runner/.nimble', 0x00000000000001ff)
mkdir('/home/runner/.nimble/pkgs', 0x00000000000001ff)
mkdir('/home/runner/.nimble/pkgs/cligen-#head', 0x00000000000001ff)
mkdir('/home/runner/.nimble/pkgs/cligen-#head/cligen', 0x00000000000001ff)
chmod('/home/runner/.nimble/pkgs/cligen-#head/cligen/unixUt.nim', 0x00000000000001a4)
mkdir('/home', 0x00000000000001ff)
mkdir('/home/runner', 0x00000000000001ff)
mkdir('/home/runner/.nimble', 0x00000000000001ff)
mkdir('/home/runner/.nimble/pkgs', 0x00000000000001ff)
mkdir('/home/runner/.nimble/pkgs/cligen-#head', 0x00000000000001ff)
mkdir('/home/runner/.nimble/pkgs/cligen-#head/cligen', 0x00000000000001ff)
chmod('/home/runner/.nimble/pkgs/cligen-#head/cligen/mergeCfgEnvMulti.nim', 0x00000000000001a4)
mkdir('/home', 0x00000000000001ff)
mkdir('/home/runner', 0x00000000000001ff)
mkdir('/home/runner/.nimble', 0x00000000000001ff)
mkdir('/home/runner/.nimble/pkgs', 0x00000000000001ff)
mkdir('/home/runner/.nimble/pkgs/cligen-#head', 0x00000000000001ff)
mkdir('/home/runner/.nimble/pkgs/cligen-#head/cligen', 0x00000000000001ff)
chmod('/home/runner/.nimble/pkgs/cligen-#head/cligen/helpTmpl.nim', 0x00000000000001a4)
mkdir('/home', 0x00000000000001ff)
mkdir('/home/runner', 0x00000000000001ff)
mkdir('/home/runner/.nimble', 0x00000000000001ff)
mkdir('/home/runner/.nimble/pkgs', 0x00000000000001ff)
mkdir('/home/runner/.nimble/pkgs/cligen-#head', 0x00000000000001ff)
mkdir('/home/runner/.nimble/pkgs/cligen-#head/cligen', 0x00000000000001ff)
chmod('/home/runner/.nimble/pkgs/cligen-#head/cligen/mfile.nim', 0x00000000000001a4)
mkdir('/home', 0x00000000000001ff)
mkdir('/home/runner', 0x00000000000001ff)
mkdir('/home/runner/.nimble', 0x00000000000001ff)
mkdir('/home/runner/.nimble/pkgs', 0x00000000000001ff)
mkdir('/home/runner/.nimble/pkgs/cligen-#head', 0x00000000000001ff)
mkdir('/home/runner/.nimble/pkgs/cligen-#head/cligen', 0x00000000000001ff)
chmod('/home/runner/.nimble/pkgs/cligen-#head/cligen/osUt.nim', 0x00000000000001a4)
mkdir('/home', 0x00000000000001ff)
mkdir('/home/runner', 0x00000000000001ff)
mkdir('/home/runner/.nimble', 0x00000000000001ff)
mkdir('/home/runner/.nimble/pkgs', 0x00000000000001ff)
mkdir('/home/runner/.nimble/pkgs/cligen-#head', 0x00000000000001ff)
mkdir('/home/runner/.nimble/pkgs/cligen-#head/cligen', 0x00000000000001ff)
chmod('/home/runner/.nimble/pkgs/cligen-#head/cligen/trie.nim', 0x00000000000001a4)
mkdir('/home', 0x00000000000001ff)
mkdir('/home/runner', 0x00000000000001ff)
mkdir('/home/runner/.nimble', 0x00000000000001ff)
mkdir('/home/runner/.nimble/pkgs', 0x00000000000001ff)
mkdir('/home/runner/.nimble/pkgs/cligen-#head', 0x00000000000001ff)
mkdir('/home/runner/.nimble/pkgs/cligen-#head/cligen', 0x00000000000001ff)
chmod('/home/runner/.nimble/pkgs/cligen-#head/cligen/syntaxHelp.nim', 0x00000000000001a4)
mkdir('/home', 0x00000000000001ff)
mkdir('/home/runner', 0x00000000000001ff)
mkdir('/home/runner/.nimble', 0x00000000000001ff)
mkdir('/home/runner/.nimble/pkgs', 0x00000000000001ff)
mkdir('/home/runner/.nimble/pkgs/cligen-#head', 0x00000000000001ff)
mkdir('/home/runner/.nimble/pkgs/cligen-#head/cligen', 0x00000000000001ff)
chmod('/home/runner/.nimble/pkgs/cligen-#head/cligen/fileUt.nim', 0x00000000000001a4)
mkdir('/home', 0x00000000000001ff)
mkdir('/home/runner', 0x00000000000001ff)
mkdir('/home/runner/.nimble', 0x00000000000001ff)
mkdir('/home/runner/.nimble/pkgs', 0x00000000000001ff)
mkdir('/home/runner/.nimble/pkgs/cligen-#head', 0x00000000000001ff)
mkdir('/home/runner/.nimble/pkgs/cligen-#head/cligen', 0x00000000000001ff)
chmod('/home/runner/.nimble/pkgs/cligen-#head/cligen/magic.nim', 0x00000000000001a4)
mkdir('/home', 0x00000000000001ff)
mkdir('/home/runner', 0x00000000000001ff)
mkdir('/home/runner/.nimble', 0x00000000000001ff)
mkdir('/home/runner/.nimble/pkgs', 0x00000000000001ff)
mkdir('/home/runner/.nimble/pkgs/cligen-#head', 0x00000000000001ff)
mkdir('/home/runner/.nimble/pkgs/cligen-#head/cligen', 0x00000000000001ff)
chmod('/home/runner/.nimble/pkgs/cligen-#head/cligen/abbrev.nim', 0x00000000000001a4)
mkdir('/home', 0x00000000000001ff)
mkdir('/home/runner', 0x00000000000001ff)
mkdir('/home/runner/.nimble', 0x00000000000001ff)
mkdir('/home/runner/.nimble/pkgs', 0x00000000000001ff)
mkdir('/home/runner/.nimble/pkgs/cligen-#head', 0x00000000000001ff)
mkdir('/home/runner/.nimble/pkgs/cligen-#head/cligen', 0x00000000000001ff)
chmod('/home/runner/.nimble/pkgs/cligen-#head/cligen/strUt.nim', 0x00000000000001a4)
mkdir('/home', 0x00000000000001ff)
mkdir('/home/runner', 0x00000000000001ff)
mkdir('/home/runner/.nimble', 0x00000000000001ff)
mkdir('/home/runner/.nimble/pkgs', 0x00000000000001ff)
mkdir('/home/runner/.nimble/pkgs/cligen-#head', 0x00000000000001ff)
mkdir('/home/runner/.nimble/pkgs/cligen-#head/cligen', 0x00000000000001ff)
chmod('/home/runner/.nimble/pkgs/cligen-#head/cligen/macUt.nim', 0x00000000000001a4)
mkdir('/home', 0x00000000000001ff)
mkdir('/home/runner', 0x00000000000001ff)
mkdir('/home/runner/.nimble', 0x00000000000001ff)
mkdir('/home/runner/.nimble/pkgs', 0x00000000000001ff)
mkdir('/home/runner/.nimble/pkgs/cligen-#head', 0x00000000000001ff)
mkdir('/home/runner/.nimble/pkgs/cligen-#head/cligen', 0x00000000000001ff)
chmod('/home/runner/.nimble/pkgs/cligen-#head/cligen/parseopt3.nim', 0x00000000000001a4)
mkdir('/home', 0x00000000000001ff)
mkdir('/home/runner', 0x00000000000001ff)
mkdir('/home/runner/.nimble', 0x00000000000001ff)
mkdir('/home/runner/.nimble/pkgs', 0x00000000000001ff)
mkdir('/home/runner/.nimble/pkgs/cligen-#head', 0x00000000000001ff)
mkdir('/home/runner/.nimble/pkgs/cligen-#head/cligen', 0x00000000000001ff)
chmod('/home/runner/.nimble/pkgs/cligen-#head/cligen/gcarc.nim', 0x00000000000001a4)
mkdir('/home', 0x00000000000001ff)
mkdir('/home/runner', 0x00000000000001ff)
mkdir('/home/runner/.nimble', 0x00000000000001ff)
mkdir('/home/runner/.nimble/pkgs', 0x00000000000001ff)
mkdir('/home/runner/.nimble/pkgs/cligen-#head', 0x00000000000001ff)
mkdir('/home/runner/.nimble/pkgs/cligen-#head/cligen', 0x00000000000001ff)
chmod('/home/runner/.nimble/pkgs/cligen-#head/cligen/clCfgToml.nim', 0x00000000000001a4)
mkdir('/home', 0x00000000000001ff)
mkdir('/home/runner', 0x00000000000001ff)
mkdir('/home/runner/.nimble', 0x00000000000001ff)
mkdir('/home/runner/.nimble/pkgs', 0x00000000000001ff)
mkdir('/home/runner/.nimble/pkgs/cligen-#head', 0x00000000000001ff)
mkdir('/home/runner/.nimble/pkgs/cligen-#head/cligen', 0x00000000000001ff)
chmod('/home/runner/.nimble/pkgs/cligen-#head/cligen/mergeCfgEnvMulMul.nim', 0x00000000000001a4)
mkdir('/home', 0x00000000000001ff)
mkdir('/home/runner', 0x00000000000001ff)
mkdir('/home/runner/.nimble', 0x00000000000001ff)
mkdir('/home/runner/.nimble/pkgs', 0x00000000000001ff)
mkdir('/home/runner/.nimble/pkgs/cligen-#head', 0x00000000000001ff)
mkdir('/home/runner/.nimble/pkgs/cligen-#head/cligen', 0x00000000000001ff)
chmod('/home/runner/.nimble/pkgs/cligen-#head/cligen/statx.nim', 0x00000000000001a4)    Copying file /tmp/nimble_15975/githubcom_cblakecligengit_#head/cligen/cfUt.nim to /home/runner/.nimble/pkgs/cligen-#head/cligen/cfUt.nim
    Copying file /tmp/nimble_15975/githubcom_cblakecligengit_#head/cligen.nimble to /home/runner/.nimble/pkgs/cligen-#head/cligen.nimble
   Success: cligen installed successfully.
       Info /home/runner/.nimble/pkgs/cligen-#head/cligen_15975.nims(5, 22) Warning: imported and not used: 'strutils' [UnusedImport]
 Installing procs@0.2
   Building procs/procs using c backend

mkdir('/home', 0x00000000000001ff)
mkdir('/home/runner', 0x00000000000001ff)
mkdir('/home/runner/.nimble', 0x00000000000001ff)
mkdir('/home/runner/.nimble/pkgs', 0x00000000000001ff)
mkdir('/home/runner/.nimble/pkgs/cligen-#head', 0x00000000000001ff)
mkdir('/home/runner/.nimble/pkgs/cligen-#head/cligen', 0x00000000000001ff)
chmod('/home/runner/.nimble/pkgs/cligen-#head/cligen/cfUt.nim', 0x00000000000001a4)
chmod('/home/runner/.nimble/pkgs/cligen-#head/cligen.nimble', 0x00000000000001a4)
mkdir('/tmp', 0x00000000000001ff)
mkdir('/tmp/nimblecache', 0x00000000000001ff)
mkdir('/tmp/nimblecache/cligen_3702294603', 0x00000000000001ff)
unlink('/tmp/nimblecache/cligen_3702294603/cligen.ini')
unlink('/tmp/nimble_15975.out')
unlink('/home/runner/.nimble/pkgs/cligen-#head/cligen_15975.nims')
mkdir('/home', 0x00000000000001ff)
mkdir('/home/runner', 0x00000000000001ff)
mkdir('/home/runner/.cache', 0x00000000000001ff)
mkdir('/home/runner/.cache/nim', 0x00000000000001ff)
mkdir('/home/runner/.cache/nim/procs_r', 0x00000000000001ff)
mkdir('/home', 0x00000000000001ff)
mkdir('/home/runner', 0x00000000000001ff)
mkdir('/home/runner/.cache', 0x00000000000001ff)
mkdir('/home/runner/.cache/nim', 0x00000000000001ff)
mkdir('/home/runner/.cache/nim/procs_r', 0x00000000000001ff)
mkdir('/home', 0x00000000000001ff)
mkdir('/home/runner', 0x00000000000001ff)
mkdir('/home/runner/.cache', 0x00000000000001ff)
mkdir('/home/runner/.cache/nim', 0x00000000000001ff)
mkdir('/home/runner/.cache/nim/procs_r', 0x00000000000001ff)
mkdir('/home', 0x00000000000001ff)
mkdir('/home/runner', 0x00000000000001ff)
mkdir('/home/runner/.cache', 0x00000000000001ff)
mkdir('/home/runner/.cache/nim', 0x00000000000001ff)
mkdir('/home/runner/.cache/nim/procs_r', 0x00000000000001ff)
mkdir('/home', 0x00000000000001ff)
mkdir('/home/runner', 0x00000000000001ff)
mkdir('/home/runner/.cache', 0x00000000000001ff)
mkdir('/home/runner/.cache/nim', 0x00000000000001ff)
mkdir('/home/runner/.cache/nim/procs_r', 0x00000000000001ff)
mkdir('/home', 0x00000000000001ff)
mkdir('/home/runner', 0x00000000000001ff)
mkdir('/home/runner/.cache', 0x00000000000001ff)
mkdir('/home/runner/.cache/nim', 0x00000000000001ff)
mkdir('/home/runner/.cache/nim/procs_r', 0x00000000000001ff)
mkdir('/home', 0x00000000000001ff)
mkdir('/home/runner', 0x00000000000001ff)
mkdir('/home/runner/.cache', 0x00000000000001ff)
mkdir('/home/runner/.cache/nim', 0x00000000000001ff)
mkdir('/home/runner/.cache/nim/procs_r', 0x00000000000001ff)
mkdir('/home', 0x00000000000001ff)
mkdir('/home/runner', 0x00000000000001ff)
mkdir('/home/runner/.cache', 0x00000000000001ff)
mkdir('/home/runner/.cache/nim', 0x00000000000001ff)
mkdir('/home/runner/.cache/nim/procs_r', 0x00000000000001ff)
mkdir('/home', 0x00000000000001ff)
mkdir('/home/runner', 0x00000000000001ff)
mkdir('/home/runner/.cache', 0x00000000000001ff)
mkdir('/home/runner/.cache/nim', 0x00000000000001ff)
mkdir('/home/runner/.cache/nim/procs_r', 0x00000000000001ff)
mkdir('/home', 0x00000000000001ff)
mkdir('/home/runner', 0x00000000000001ff)
mkdir('/home/runner/.cache', 0x00000000000001ff)
mkdir('/home/runner/.cache/nim', 0x00000000000001ff)
mkdir('/home/runner/.cache/nim/procs_r', 0x00000000000001ff)
mkdir('/home', 0x00000000000001ff)
mkdir('/home/runner', 0x00000000000001ff)
mkdir('/home/runner/.cache', 0x00000000000001ff)
mkdir('/home/runner/.cache/nim', 0x00000000000001ff)
mkdir('/home/runner/.cache/nim/procs_r', 0x00000000000001ff)
mkdir('/home', 0x00000000000001ff)
mkdir('/home/runner', 0x00000000000001ff)
mkdir('/home/runner/.cache', 0x00000000000001ff)
mkdir('/home/runner/.cache/nim', 0x00000000000001ff)
mkdir('/home/runner/.cache/nim/procs_r', 0x00000000000001ff)
mkdir('/home', 0x00000000000001ff)
mkdir('/home/runner', 0x00000000000001ff)
mkdir('/home/runner/.cache', 0x00000000000001ff)
mkdir('/home/runner/.cache/nim', 0x00000000000001ff)
mkdir('/home/runner/.cache/nim/procs_r', 0x00000000000001ff)
mkdir('/home', 0x00000000000001ff)
mkdir('/home/runner', 0x00000000000001ff)
mkdir('/home/runner/.cache', 0x00000000000001ff)
mkdir('/home/runner/.cache/nim', 0x00000000000001ff)
mkdir('/home/runner/.cache/nim/procs_r', 0x00000000000001ff)
mkdir('/home', 0x00000000000001ff)
mkdir('/home/runner', 0x00000000000001ff)
mkdir('/home/runner/.cache', 0x00000000000001ff)
mkdir('/home/runner/.cache/nim', 0x00000000000001ff)
mkdir('/home/runner/.cache/nim/procs_r', 0x00000000000001ff)
mkdir('/home', 0x00000000000001ff)
mkdir('/home/runner', 0x00000000000001ff)
mkdir('/home/runner/.cache', 0x00000000000001ff)
mkdir('/home/runner/.cache/nim', 0x00000000000001ff)
mkdir('/home/runner/.cache/nim/procs_r', 0x00000000000001ff)
mkdir('/home', 0x00000000000001ff)
mkdir('/home/runner', 0x00000000000001ff)
mkdir('/home/runner/.cache', 0x00000000000001ff)
mkdir('/home/runner/.cache/nim', 0x00000000000001ff)
mkdir('/home/runner/.cache/nim/procs_r', 0x00000000000001ff)
mkdir('/home', 0x00000000000001ff)
mkdir('/home/runner', 0x00000000000001ff)
mkdir('/home/runner/.cache', 0x00000000000001ff)
mkdir('/home/runner/.cache/nim', 0x00000000000001ff)
mkdir('/home/runner/.cache/nim/procs_r', 0x00000000000001ff)
mkdir('/home', 0x00000000000001ff)
mkdir('/home/runner', 0x00000000000001ff)
mkdir('/home/runner/.cache', 0x00000000000001ff)
mkdir('/home/runner/.cache/nim', 0x00000000000001ff)
mkdir('/home/runner/.cache/nim/procs_r', 0x00000000000001ff)
mkdir('/home', 0x00000000000001ff)
mkdir('/home/runner', 0x00000000000001ff)
mkdir('/home/runner/.cache', 0x00000000000001ff)
mkdir('/home/runner/.cache/nim', 0x00000000000001ff)
mkdir('/home/runner/.cache/nim/procs_r', 0x00000000000001ff)
mkdir('/home', 0x00000000000001ff)
mkdir('/home/runner', 0x00000000000001ff)
mkdir('/home/runner/.cache', 0x00000000000001ff)
mkdir('/home/runner/.cache/nim', 0x00000000000001ff)
mkdir('/home/runner/.cache/nim/procs_r', 0x00000000000001ff)
mkdir('/home', 0x00000000000001ff)
mkdir('/home/runner', 0x00000000000001ff)
mkdir('/home/runner/.cache', 0x00000000000001ff)
mkdir('/home/runner/.cache/nim', 0x00000000000001ff)
mkdir('/home/runner/.cache/nim/procs_r', 0x00000000000001ff)
mkdir('/home', 0x00000000000001ff)
mkdir('/home/runner', 0x00000000000001ff)
mkdir('/home/runner/.cache', 0x00000000000001ff)
mkdir('/home/runner/.cache/nim', 0x00000000000001ff)
mkdir('/home/runner/.cache/nim/procs_r', 0x00000000000001ff)
mkdir('/home', 0x00000000000001ff)
mkdir('/home/runner', 0x00000000000001ff)
mkdir('/home/runner/.cache', 0x00000000000001ff)
mkdir('/home/runner/.cache/nim', 0x00000000000001ff)
mkdir('/home/runner/.cache/nim/procs_r', 0x00000000000001ff)
mkdir('/home', 0x00000000000001ff)
mkdir('/home/runner', 0x00000000000001ff)
mkdir('/home/runner/.cache', 0x00000000000001ff)
mkdir('/home/runner/.cache/nim', 0x00000000000001ff)
mkdir('/home/runner/.cache/nim/procs_r', 0x00000000000001ff)
mkdir('/home', 0x00000000000001ff)
mkdir('/home/runner', 0x00000000000001ff)
mkdir('/home/runner/.cache', 0x00000000000001ff)
mkdir('/home/runner/.cache/nim', 0x00000000000001ff)
mkdir('/home/runner/.cache/nim/procs_r', 0x00000000000001ff)
mkdir('/home', 0x00000000000001ff)
mkdir('/home/runner', 0x00000000000001ff)
mkdir('/home/runner/.cache', 0x00000000000001ff)
mkdir('/home/runner/.cache/nim', 0x00000000000001ff)
mkdir('/home/runner/.cache/nim/procs_r', 0x00000000000001ff)
mkdir('/home', 0x00000000000001ff)
mkdir('/home/runner', 0x00000000000001ff)
mkdir('/home/runner/.cache', 0x00000000000001ff)
mkdir('/home/runner/.cache/nim', 0x00000000000001ff)
mkdir('/home/runner/.cache/nim/procs_r', 0x00000000000001ff)
mkdir('/home', 0x00000000000001ff)
mkdir('/home/runner', 0x00000000000001ff)
mkdir('/home/runner/.cache', 0x00000000000001ff)
mkdir('/home/runner/.cache/nim', 0x00000000000001ff)
mkdir('/home/runner/.cache/nim/procs_r', 0x00000000000001ff)
mkdir('/home', 0x00000000000001ff)
mkdir('/home/runner', 0x00000000000001ff)
mkdir('/home/runner/.cache', 0x00000000000001ff)
mkdir('/home/runner/.cache/nim', 0x00000000000001ff)
mkdir('/home/runner/.cache/nim/procs_r', 0x00000000000001ff)
mkdir('/home', 0x00000000000001ff)
mkdir('/home/runner', 0x00000000000001ff)
mkdir('/home/runner/.cache', 0x00000000000001ff)
mkdir('/home/runner/.cache/nim', 0x00000000000001ff)
mkdir('/home/runner/.cache/nim/procs_r', 0x00000000000001ff)
mkdir('/home', 0x00000000000001ff)
mkdir('/home/runner', 0x00000000000001ff)
mkdir('/home/runner/.cache', 0x00000000000001ff)
mkdir('/home/runner/.cache/nim', 0x00000000000001ff)
mkdir('/home/runner/.cache/nim/procs_r', 0x00000000000001ff)
mkdir('/home', 0x00000000000001ff)
mkdir('/home/runner', 0x00000000000001ff)
mkdir('/home/runner/.cache', 0x00000000000001ff)
mkdir('/home/runner/.cache/nim', 0x00000000000001ff)
mkdir('/home/runner/.cache/nim/procs_r', 0x00000000000001ff)
mkdir('/home', 0x00000000000001ff)
mkdir('/home/runner', 0x00000000000001ff)
mkdir('/home/runner/.cache', 0x00000000000001ff)
mkdir('/home/runner/.cache/nim', 0x00000000000001ff)
mkdir('/home/runner/.cache/nim/procs_r', 0x00000000000001ff)
mkdir('/home', 0x00000000000001ff)
mkdir('/home/runner', 0x00000000000001ff)
mkdir('/home/runner/.cache', 0x00000000000001ff)
mkdir('/home/runner/.cache/nim', 0x00000000000001ff)
mkdir('/home/runner/.cache/nim/procs_r', 0x00000000000001ff)
mkdir('/home', 0x00000000000001ff)
mkdir('/home/runner', 0x00000000000001ff)
mkdir('/home/runner/.cache', 0x00000000000001ff)
mkdir('/home/runner/.cache/nim', 0x00000000000001ff)
mkdir('/home/runner/.cache/nim/procs_r', 0x00000000000001ff)
mkdir('/home', 0x00000000000001ff)
mkdir('/home/runner', 0x00000000000001ff)
mkdir('/home/runner/.cache', 0x00000000000001ff)
mkdir('/home/runner/.cache/nim', 0x00000000000001ff)
mkdir('/home/runner/.cache/nim/procs_r', 0x00000000000001ff)
mkdir('/home', 0x00000000000001ff)
mkdir('/home/runner', 0x00000000000001ff)
mkdir('/home/runner/.cache', 0x00000000000001ff)
mkdir('/home/runner/.cache/nim', 0x00000000000001ff)
mkdir('/home/runner/.cache/nim/procs_r', 0x00000000000001ff)
mkdir('/home', 0x00000000000001ff)
mkdir('/home/runner', 0x00000000000001ff)
mkdir('/home/runner/.cache', 0x00000000000001ff)
mkdir('/home/runner/.cache/nim', 0x00000000000001ff)
mkdir('/home/runner/.cache/nim/procs_r', 0x00000000000001ff)
mkdir('/home', 0x00000000000001ff)
mkdir('/home/runner', 0x00000000000001ff)
mkdir('/home/runner/.cache', 0x00000000000001ff)
mkdir('/home/runner/.cache/nim', 0x00000000000001ff)
mkdir('/home/runner/.cache/nim/procs_r', 0x00000000000001ff)
mkdir('/home', 0x00000000000001ff)
mkdir('/home/runner', 0x00000000000001ff)
mkdir('/home/runner/.cache', 0x00000000000001ff)
mkdir('/home/runner/.cache/nim', 0x00000000000001ff)
mkdir('/home/runner/.cache/nim/procs_r', 0x00000000000001ff)
mkdir('/home', 0x00000000000001ff)
mkdir('/home/runner', 0x00000000000001ff)
mkdir('/home/runner/.cache', 0x00000000000001ff)
mkdir('/home/runner/.cache/nim', 0x00000000000001ff)
mkdir('/home/runner/.cache/nim/procs_r', 0x00000000000001ff)
mkdir('/home', 0x00000000000001ff)
mkdir('/home/runner', 0x00000000000001ff)
mkdir('/home/runner/.cache', 0x00000000000001ff)
mkdir('/home/runner/.cache/nim', 0x00000000000001ff)
mkdir('/home/runner/.cache/nim/procs_r', 0x00000000000001ff)
mkdir('/home', 0x00000000000001ff)
mkdir('/home/runner', 0x00000000000001ff)
mkdir('/home/runner/.cache', 0x00000000000001ff)
mkdir('/home/runner/.cache/nim', 0x00000000000001ff)
mkdir('/home/runner/.cache/nim/procs_r', 0x00000000000001ff)
mkdir('/home', 0x00000000000001ff)
mkdir('/home/runner', 0x00000000000001ff)
mkdir('/home/runner/.cache', 0x00000000000001ff)
mkdir('/home/runner/.cache/nim', 0x00000000000001ff)
mkdir('/home/runner/.cache/nim/procs_r', 0x00000000000001ff)
mkdir('/home', 0x00000000000001ff)
mkdir('/home/runner', 0x00000000000001ff)
mkdir('/home/runner/.cache', 0x00000000000001ff)
mkdir('/home/runner/.cache/nim', 0x00000000000001ff)
mkdir('/home/runner/.cache/nim/procs_r', 0x00000000000001ff)
mkdir('/home', 0x00000000000001ff)
mkdir('/home/runner', 0x00000000000001ff)
mkdir('/home/runner/.cache', 0x00000000000001ff)
mkdir('/home/runner/.cache/nim', 0x00000000000001ff)
mkdir('/home/runner/.cache/nim/procs_r', 0x00000000000001ff)
mkdir('/home', 0x00000000000001ff)
mkdir('/home/runner', 0x00000000000001ff)
mkdir('/home/runner/.cache', 0x00000000000001ff)
mkdir('/home/runner/.cache/nim', 0x00000000000001ff)
mkdir('/home/runner/.cache/nim/procs_r', 0x00000000000001ff)
mkdir('/home', 0x00000000000001ff)
mkdir('/home/runner', 0x00000000000001ff)
mkdir('/home/runner/.cache', 0x00000000000001ff)
mkdir('/home/runner/.cache/nim', 0x00000000000001ff)
mkdir('/home/runner/.cache/nim/procs_r', 0x00000000000001ff)
mkdir('/home', 0x00000000000001ff)
mkdir('/home/runner', 0x00000000000001ff)
mkdir('/home/runner/.cache', 0x00000000000001ff)
mkdir('/home/runner/.cache/nim', 0x00000000000001ff)
mkdir('/home/runner/.cache/nim/procs_r', 0x00000000000001ff)
mkdir('/home', 0x00000000000001ff)
mkdir('/home/runner', 0x00000000000001ff)
mkdir('/home/runner/.cache', 0x00000000000001ff)
mkdir('/home/runner/.cache/nim', 0x00000000000001ff)
mkdir('/home/runner/.cache/nim/procs_r', 0x00000000000001ff)
mkdir('/home', 0x00000000000001ff)
mkdir('/home/runner', 0x00000000000001ff)
mkdir('/home/runner/.cache', 0x00000000000001ff)
mkdir('/home/runner/.cache/nim', 0x00000000000001ff)
mkdir('/home/runner/.cache/nim/procs_r', 0x00000000000001ff)
mkdir('/home', 0x00000000000001ff)
mkdir('/home/runner', 0x00000000000001ff)
mkdir('/home/runner/.cache', 0x00000000000001ff)
mkdir('/home/runner/.cache/nim', 0x00000000000001ff)
mkdir('/home/runner/.cache/nim/procs_r', 0x00000000000001ff)
mkdir('/home', 0x00000000000001ff)
mkdir('/home/runner', 0x00000000000001ff)
mkdir('/home/runner/.cache', 0x00000000000001ff)
mkdir('/home/runner/.cache/nim', 0x00000000000001ff)
mkdir('/home/runner/.cache/nim/procs_r', 0x00000000000001ff)
mkdir('/home', 0x00000000000001ff)
mkdir('/home/runner', 0x00000000000001ff)
mkdir('/home/runner/.cache', 0x00000000000001ff)
mkdir('/home/runner/.cache/nim', 0x00000000000001ff)
mkdir('/home/runner/.cache/nim/procs_r', 0x00000000000001ff)
mkdir('/home', 0x00000000000001ff)
mkdir('/home/runner', 0x00000000000001ff)
mkdir('/home/runner/.cache', 0x00000000000001ff)
mkdir('/home/runner/.cache/nim', 0x00000000000001ff)
mkdir('/home/runner/.cache/nim/procs_r', 0x00000000000001ff)
mkdir('/home', 0x00000000000001ff)
mkdir('/home/runner', 0x00000000000001ff)
mkdir('/home/runner/.cache', 0x00000000000001ff)
mkdir('/home/runner/.cache/nim', 0x00000000000001ff)
mkdir('/home/runner/.cache/nim/procs_r', 0x00000000000001ff)
mkdir('/home', 0x00000000000001ff)
mkdir('/home/runner', 0x00000000000001ff)
mkdir('/home/runner/.cache', 0x00000000000001ff)
mkdir('/home/runner/.cache/nim', 0x00000000000001ff)
mkdir('/home/runner/.cache/nim/procs_r', 0x00000000000001ff)
mkdir('/home', 0x00000000000001ff)
mkdir('/home/runner', 0x00000000000001ff)
mkdir('/home/runner/.cache', 0x00000000000001ff)
mkdir('/home/runner/.cache/nim', 0x00000000000001ff)
mkdir('/home/runner/.cache/nim/procs_r', 0x00000000000001ff)
mkdir('/home', 0x00000000000001ff)
mkdir('/home/runner', 0x00000000000001ff)
mkdir('/home/runner/.cache', 0x00000000000001ff)
mkdir('/home/runner/.cache/nim', 0x00000000000001ff)
mkdir('/home/runner/.cache/nim/procs_r', 0x00000000000001ff)
mkdir('/home', 0x00000000000001ff)
mkdir('/home/runner', 0x00000000000001ff)
mkdir('/home/runner/.cache', 0x00000000000001ff)
mkdir('/home/runner/.cache/nim', 0x00000000000001ff)
mkdir('/home/runner/.cache/nim/procs_r', 0x00000000000001ff)
mkdir('/home', 0x00000000000001ff)
mkdir('/home/runner', 0x00000000000001ff)
mkdir('/home/runner/.cache', 0x00000000000001ff)
mkdir('/home/runner/.cache/nim', 0x00000000000001ff)
mkdir('/home/runner/.cache/nim/procs_r', 0x00000000000001ff)
mkdir('/home', 0x00000000000001ff)
mkdir('/home/runner', 0x00000000000001ff)
mkdir('/home/runner/.cache', 0x00000000000001ff)
mkdir('/home/runner/.cache/nim', 0x00000000000001ff)
mkdir('/home/runner/.cache/nim/procs_r', 0x00000000000001ff)
mkdir('/home', 0x00000000000001ff)
mkdir('/home/runner', 0x00000000000001ff)
mkdir('/home/runner/.cache', 0x00000000000001ff)
mkdir('/home/runner/.cache/nim', 0x00000000000001ff)
mkdir('/home/runner/.cache/nim/procs_r', 0x00000000000001ff)
mkdir('/home', 0x00000000000001ff)
mkdir('/home/runner', 0x00000000000001ff)
mkdir('/home/runner/.cache', 0x00000000000001ff)
mkdir('/home/runner/.cache/nim', 0x00000000000001ff)
mkdir('/home/runner/.cache/nim/procs_r', 0x00000000000001ff)
mkdir('/home', 0x00000000000001ff)
mkdir('/home/runner', 0x00000000000001ff)
mkdir('/home/runner/.cache', 0x00000000000001ff)
mkdir('/home/runner/.cache/nim', 0x00000000000001ff)
mkdir('/home/runner/.cache/nim/procs_r', 0x00000000000001ff)
mkdir('/home', 0x00000000000001ff)
mkdir('/home/runner', 0x00000000000001ff)
mkdir('/home/runner/.cache', 0x00000000000001ff)
mkdir('/home/runner/.cache/nim', 0x00000000000001ff)
mkdir('/home/runner/.cache/nim/procs_r', 0x00000000000001ff)
mkdir('/home', 0x00000000000001ff)
mkdir('/home/runner', 0x00000000000001ff)
mkdir('/home/runner/.cache', 0x00000000000001ff)
mkdir('/home/runner/.cache/nim', 0x00000000000001ff)
mkdir('/home/runner/.cache/nim/procs_r', 0x00000000000001ff)
mkdir('/home', 0x00000000000001ff)
mkdir('/home/runner', 0x00000000000001ff)
mkdir('/home/runner/.cache', 0x00000000000001ff)
mkdir('/home/runner/.cache/nim', 0x00000000000001ff)
mkdir('/home/runner/.cache/nim/procs_r', 0x00000000000001ff)
mkdir('/home', 0x00000000000001ff)
mkdir('/home/runner', 0x00000000000001ff)
mkdir('/home/runner/.cache', 0x00000000000001ff)
mkdir('/home/runner/.cache/nim', 0x00000000000001ff)
mkdir('/home/runner/.cache/nim/procs_r', 0x00000000000001ff)
mkdir('/home', 0x00000000000001ff)
mkdir('/home/runner', 0x00000000000001ff)
mkdir('/home/runner/.cache', 0x00000000000001ff)
mkdir('/home/runner/.cache/nim', 0x00000000000001ff)
mkdir('/home/runner/.cache/nim/procs_r', 0x00000000000001ff)
mkdir('/home', 0x00000000000001ff)
mkdir('/home/runner', 0x00000000000001ff)
mkdir('/home/runner/.cache', 0x00000000000001ff)
mkdir('/home/runner/.cache/nim', 0x00000000000001ff)
mkdir('/home/runner/.cache/nim/procs_r', 0x00000000000001ff)
mkdir('/home', 0x00000000000001ff)
mkdir('/home/runner', 0x00000000000001ff)
mkdir('/home/runner/.cache', 0x00000000000001ff)
mkdir('/home/runner/.cache/nim', 0x00000000000001ff)
mkdir('/home/runner/.cache/nim/procs_r', 0x00000000000001ff)
mkdir('/home', 0x00000000000001ff)
mkdir('/home/runner', 0x00000000000001ff)
mkdir('/home/runner/.cache', 0x00000000000001ff)
mkdir('/home/runner/.cache/nim', 0x00000000000001ff)
mkdir('/home/runner/.cache/nim/procs_r', 0x00000000000001ff)
mkdir('/home', 0x00000000000001ff)
mkdir('/home/runner', 0x00000000000001ff)
mkdir('/home/runner/.cache', 0x00000000000001ff)
mkdir('/home/runner/.cache/nim', 0x00000000000001ff)
mkdir('/home/runner/.cache/nim/procs_r', 0x00000000000001ff)
mkdir('/home', 0x00000000000001ff)
mkdir('/home/runner', 0x00000000000001ff)
mkdir('/home/runner/.cache', 0x00000000000001ff)
mkdir('/home/runner/.cache/nim', 0x00000000000001ff)
mkdir('/home/runner/.cache/nim/procs_r', 0x00000000000001ff)
mkdir('/home', 0x00000000000001ff)
mkdir('/home/runner', 0x00000000000001ff)
mkdir('/home/runner/.cache', 0x00000000000001ff)
mkdir('/home/runner/.cache/nim', 0x00000000000001ff)
mkdir('/home/runner/.cache/nim/procs_r', 0x00000000000001ff)
mkdir('/home', 0x00000000000001ff)
mkdir('/home/runner', 0x00000000000001ff)
mkdir('/home/runner/.cache', 0x00000000000001ff)
mkdir('/home/runner/.cache/nim', 0x00000000000001ff)
mkdir('/home/runner/.cache/nim/procs_r', 0x00000000000001ff)
mkdir('/home', 0x00000000000001ff)
mkdir('/home/runner', 0x00000000000001ff)
mkdir('/home/runner/.cache', 0x00000000000001ff)
mkdir('/home/runner/.cache/nim', 0x00000000000001ff)
mkdir('/home/runner/.cache/nim/procs_r', 0x00000000000001ff)
mkdir('/home', 0x00000000000001ff)
mkdir('/home/runner', 0x00000000000001ff)
mkdir('/home/runner/.cache', 0x00000000000001ff)
mkdir('/home/runner/.cache/nim', 0x00000000000001ff)
mkdir('/home/runner/.cache/nim/procs_r', 0x00000000000001ff)
mkdir('/home', 0x00000000000001ff)
mkdir('/home/runner', 0x00000000000001ff)
mkdir('/home/runner/.cache', 0x00000000000001ff)
mkdir('/home/runner/.cache/nim', 0x00000000000001ff)
mkdir('/home/runner/.cache/nim/procs_r', 0x00000000000001ff)
mkdir('/home', 0x00000000000001ff)
mkdir('/home/runner', 0x00000000000001ff)
mkdir('/home/runner/.cache', 0x00000000000001ff)
mkdir('/home/runner/.cache/nim', 0x00000000000001ff)
mkdir('/home/runner/.cache/nim/procs_r', 0x00000000000001ff)
mkdir('/home', 0x00000000000001ff)
mkdir('/home/runner', 0x00000000000001ff)
mkdir('/home/runner/.cache', 0x00000000000001ff)
mkdir('/home/runner/.cache/nim', 0x00000000000001ff)
mkdir('/home/runner/.cache/nim/procs_r', 0x00000000000001ff)
mkdir('/home', 0x00000000000001ff)
mkdir('/home/runner', 0x00000000000001ff)
mkdir('/home/runner/.cache', 0x00000000000001ff)
mkdir('/home/runner/.cache/nim', 0x00000000000001ff)
mkdir('/home/runner/.cache/nim/procs_r', 0x00000000000001ff)
mkdir('/home', 0x00000000000001ff)
mkdir('/home/runner', 0x00000000000001ff)
mkdir('/home/runner/.cache', 0x00000000000001ff)
mkdir('/home/runner/.cache/nim', 0x00000000000001ff)
mkdir('/home/runner/.cache/nim/procs_r', 0x00000000000001ff)
mkdir('/home', 0x00000000000001ff)
mkdir('/home/runner', 0x00000000000001ff)
mkdir('/home/runner/.cache', 0x00000000000001ff)
mkdir('/home/runner/.cache/nim', 0x00000000000001ff)
mkdir('/home/runner/.cache/nim/procs_r', 0x00000000000001ff)
mkdir('/home', 0x00000000000001ff)
mkdir('/home/runner', 0x00000000000001ff)
mkdir('/home/runner/.cache', 0x00000000000001ff)
mkdir('/home/runner/.cache/nim', 0x00000000000001ff)
mkdir('/home/runner/.cache/nim/procs_r', 0x00000000000001ff)
mkdir('/home', 0x00000000000001ff)
mkdir('/home/runner', 0x00000000000001ff)
mkdir('/home/runner/.cache', 0x00000000000001ff)
mkdir('/home/runner/.cache/nim', 0x00000000000001ff)
mkdir('/home/runner/.cache/nim/procs_r', 0x00000000000001ff)
mkdir('/home', 0x00000000000001ff)
mkdir('/home/runner', 0x00000000000001ff)
mkdir('/home/runner/.cache', 0x00000000000001ff)
mkdir('/home/runner/.cache/nim', 0x00000000000001ff)
mkdir('/home/runner/.cache/nim/procs_r', 0x00000000000001ff)
mkdir('/home', 0x00000000000001ff)
mkdir('/home/runner', 0x00000000000001ff)
mkdir('/home/runner/.cache', 0x00000000000001ff)
mkdir('/home/runner/.cache/nim', 0x00000000000001ff)
mkdir('/home/runner/.cache/nim/procs_r', 0x00000000000001ff)
mkdir('/home', 0x00000000000001ff)
mkdir('/home/runner', 0x00000000000001ff)
mkdir('/home/runner/.cache', 0x00000000000001ff)
mkdir('/home/runner/.cache/nim', 0x00000000000001ff)
mkdir('/home/runner/.cache/nim/procs_r', 0x00000000000001ff)
mkdir('/home', 0x00000000000001ff)
mkdir('/home/runner', 0x00000000000001ff)
mkdir('/home/runner/.cache', 0x00000000000001ff)
mkdir('/home/runner/.cache/nim', 0x00000000000001ff)
mkdir('/home/runner/.cache/nim/procs_r', 0x00000000000001ff)
mkdir('/home', 0x00000000000001ff)
mkdir('/home/runner', 0x00000000000001ff)
mkdir('/home/runner/.cache', 0x00000000000001ff)
mkdir('/home/runner/.cache/nim', 0x00000000000001ff)
mkdir('/home/runner/.cache/nim/procs_r', 0x00000000000001ff)
mkdir('/home', 0x00000000000001ff)
mkdir('/home/runner', 0x00000000000001ff)
mkdir('/home/runner/.cache', 0x00000000000001ff)
mkdir('/home/runner/.cache/nim', 0x00000000000001ff)
mkdir('/home/runner/.cache/nim/procs_r', 0x00000000000001ff)
mkdir('/home', 0x00000000000001ff)
mkdir('/home/runner', 0x00000000000001ff)
mkdir('/home/runner/.cache', 0x00000000000001ff)
mkdir('/home/runner/.cache/nim', 0x00000000000001ff)
mkdir('/home/runner/.cache/nim/procs_r', 0x00000000000001ff)
mkdir('/home', 0x00000000000001ff)
mkdir('/home/runner', 0x00000000000001ff)
mkdir('/home/runner/.cache', 0x00000000000001ff)
mkdir('/home/runner/.cache/nim', 0x00000000000001ff)
mkdir('/home/runner/.cache/nim/procs_r', 0x00000000000001ff)
mkdir('/home', 0x00000000000001ff)
mkdir('/home/runner', 0x00000000000001ff)
mkdir('/home/runner/.cache', 0x00000000000001ff)
mkdir('/home/runner/.cache/nim', 0x00000000000001ff)
mkdir('/home/runner/.cache/nim/procs_r', 0x00000000000001ff)
mkdir('/home', 0x00000000000001ff)
mkdir('/home/runner', 0x00000000000001ff)
mkdir('/home/runner/.cache', 0x00000000000001ff)
mkdir('/home/runner/.cache/nim', 0x00000000000001ff)
mkdir('/home/runner/.cache/nim/procs_r', 0x00000000000001ff)
mkdir('/home', 0x00000000000001ff)
mkdir('/home/runner', 0x00000000000001ff)
mkdir('/home/runner/.cache', 0x00000000000001ff)
mkdir('/home/runner/.cache/nim', 0x00000000000001ff)
mkdir('/home/runner/.cache/nim/procs_r', 0x00000000000001ff)
mkdir('/home', 0x00000000000001ff)
mkdir('/home/runner', 0x00000000000001ff)
mkdir('/home/runner/.cache', 0x00000000000001ff)
mkdir('/home/runner/.cache/nim', 0x00000000000001ff)
mkdir('/home/runner/.cache/nim/procs_r', 0x00000000000001ff)
mkdir('/home', 0x00000000000001ff)
mkdir('/home/runner', 0x00000000000001ff)
mkdir('/home/runner/.cache', 0x00000000000001ff)
mkdir('/home/runner/.cache/nim', 0x00000000000001ff)
mkdir('/home/runner/.cache/nim/procs_r', 0x00000000000001ff)
mkdir('/home', 0x00000000000001ff)
mkdir('/home/runner', 0x00000000000001ff)
mkdir('/home/runner/.cache', 0x00000000000001ff)
mkdir('/home/runner/.cache/nim', 0x00000000000001ff)
mkdir('/home/runner/.cache/nim/procs_r', 0x00000000000001ff)
mkdir('/home', 0x00000000000001ff)
mkdir('/home/runner', 0x00000000000001ff)
mkdir('/home/runner/.cache', 0x00000000000001ff)
mkdir('/home/runner/.cache/nim', 0x00000000000001ff)
mkdir('/home/runner/.cache/nim/procs_r', 0x00000000000001ff)
mkdir('/home', 0x00000000000001ff)
mkdir('/home/runner', 0x00000000000001ff)
mkdir('/home/runner/.cache', 0x00000000000001ff)
mkdir('/home/runner/.cache/nim', 0x00000000000001ff)
mkdir('/home/runner/.cache/nim/procs_r', 0x00000000000001ff)
mkdir('/home', 0x00000000000001ff)
mkdir('/home/runner', 0x00000000000001ff)
mkdir('/home/runner/.cache', 0x00000000000001ff)
mkdir('/home/runner/.cache/nim', 0x00000000000001ff)
mkdir('/home/runner/.cache/nim/procs_r', 0x00000000000001ff)
mkdir('/home', 0x00000000000001ff)
mkdir('/home/runner', 0x00000000000001ff)
mkdir('/home/runner/.cache', 0x00000000000001ff)
mkdir('/home/runner/.cache/nim', 0x00000000000001ff)
mkdir('/home/runner/.cache/nim/procs_r', 0x00000000000001ff)
mkdir('/home', 0x00000000000001ff)
mkdir('/home/runner', 0x00000000000001ff)
mkdir('/home/runner/.cache', 0x00000000000001ff)
mkdir('/home/runner/.cache/nim', 0x00000000000001ff)
mkdir('/home/runner/.cache/nim/procs_r', 0x00000000000001ff)
mkdir('/home', 0x00000000000001ff)
mkdir('/home/runner', 0x00000000000001ff)
mkdir('/home/runner/.cache', 0x00000000000001ff)
mkdir('/home/runner/.cache/nim', 0x00000000000001ff)
mkdir('/home/runner/.cache/nim/procs_r', 0x00000000000001ff)
mkdir('/home', 0x00000000000001ff)
mkdir('/home/runner', 0x00000000000001ff)
mkdir('/home/runner/.cache', 0x00000000000001ff)
mkdir('/home/runner/.cache/nim', 0x00000000000001ff)
mkdir('/home/runner/.cache/nim/procs_r', 0x00000000000001ff)
mkdir('/home', 0x00000000000001ff)
mkdir('/home/runner', 0x00000000000001ff)
mkdir('/home/runner/.cache', 0x00000000000001ff)
mkdir('/home/runner/.cache/nim', 0x00000000000001ff)
mkdir('/home/runner/.cache/nim/procs_r', 0x00000000000001ff)
mkdir('/home', 0x00000000000001ff)
mkdir('/home/runner', 0x00000000000001ff)
mkdir('/home/runner/.cache', 0x00000000000001ff)
mkdir('/home/runner/.cache/nim', 0x00000000000001ff)
mkdir('/home/runner/.cache/nim/procs_r', 0x00000000000001ff)
mkdir('/home', 0x00000000000001ff)
mkdir('/home/runner', 0x00000000000001ff)
mkdir('/home/runner/.cache', 0x00000000000001ff)
mkdir('/home/runner/.cache/nim', 0x00000000000001ff)
mkdir('/home/runner/.cache/nim/procs_r', 0x00000000000001ff)
mkdir('/home', 0x00000000000001ff)
mkdir('/home/runner', 0x00000000000001ff)
mkdir('/home/runner/.cache', 0x00000000000001ff)
mkdir('/home/runner/.cache/nim', 0x00000000000001ff)
mkdir('/home/runner/.cache/nim/procs_r', 0x00000000000001ff)
mkdir('/home', 0x00000000000001ff)
mkdir('/home/runner', 0x00000000000001ff)
mkdir('/home/runner/.cache', 0x00000000000001ff)
mkdir('/home/runner/.cache/nim', 0x00000000000001ff)
mkdir('/home/runner/.cache/nim/procs_r', 0x00000000000001ff)
unlink('/tmp/cc1EvS6k.s')
unlink('/tmp/cchJWXun.s')
unlink('/tmp/cc5Uglqe.s')
unlink('/tmp/ccUspG53.s')
unlink('/tmp/ccNNN15c.s')
unlink('/tmp/ccruAcLr.s')
unlink('/tmp/ccdPhxN0.s')
unlink('/tmp/ccYJbkOb.s')
unlink('/tmp/ccXESv5e.s')
unlink('/tmp/ccOZjJKu.s')
unlink('/tmp/ccz96e3d.s')
unlink('/tmp/ccjxRtOw.s')
unlink('/tmp/ccmXIDIc.s')
unlink('/tmp/ccpGP1Jk.s')
unlink('/tmp/ccDnbhst.s')
unlink('/tmp/ccuOuoQh.s')
unlink('/tmp/cc5NNnts.s')
unlink('/tmp/ccwMUKmo.s')
unlink('/tmp/ccteTntI.s')
unlink('/tmp/ccmdooyN.s')
unlink('/tmp/ccMOfpUP.s')
unlink('/tmp/ccLlPGjt.s')
unlink('/tmp/ccoIqwtK.s')
unlink('/tmp/cc7xY88r.s')
unlink('/tmp/ccJKvgsd.s')
unlink('/tmp/cc32drke.s')
unlink('/tmp/cc4bLIpz.s')
unlink('/tmp/ccuMUzOJ.s')
unlink('/tmp/ccmvdttW.s')
unlink('/tmp/ccepefKe.s')
unlink('/tmp/ccji1yAg.s')
unlink('/tmp/ccoZ4kV8.s')
unlink('/tmp/ccHfihyP.s')
unlink('/tmp/ccOpyYT4.s')
unlink('/tmp/ccDCCBpj.s')
unlink('/tmp/cciOTs10.s')
unlink('/tmp/ccN9UA1i.s')
unlink('/tmp/cczOTBg1.s')
unlink('/tmp/cc9Oo91f.s')
unlink('/tmp/cccmDqY7.s')
unlink('/tmp/ccoLXh6a.s')
mkdir('/tmp', 0x00000000000001ff)
mkdir('/tmp/nimble_15975', 0x00000000000001ff)
mkdir('/tmp/nimble_15975/githubcom_cblakeprocs', 0x00000000000001ff)
chmod(94628717918352, 0x00000000000001ed)
Error tracing process: readBytes(0x00005610771df890, 256) error: [Errno 5] Input/output error.
