     Info:  Nimble data file "/home/runner/.nimble/nimbledata2.json" has been loaded.
    Reading official package list
Downloading https://github.com/status-im/nim-protobuf-serialization using git
   Warning: The package has no tagged releases, downloading HEAD instead.
open('/workspace/destdir/ssl/openssl.cnf', 32768, 0x00000000000001b6)
open('/home/runner/.config/nimble/nimble.ini', 557056, 0x00000000000001b6)
open('/home/runner/.config/babel/babel.ini', 557056, 0x00000000000001b6)
open('/home/runner/.nimble/nimbledata2.json', 557056, 0x00000000000001b6)
writev(1, 0x00007fffa9396fa0, 2)
writev(1, 0x00007fffa9396880, 2)
open('/home/runner/.nimble/packages_official.json', 557056, 0x00000000000001b6)
mkdir('/tmp/', 0x00000000000001ff)
mkdir('/tmp/nimble_3271/', 0x00000000000001ff)
mkdir('/tmp/nimble_3271/githubcom_statusimnimprotobufserialization', 0x00000000000001ff)
writev(1, 0x00007fffa9396850, 2)
open('/tmp/nimble_3271/githubcom_statusimnimprotobufserialization', 622592, 0x0000000000000000)
rmdir('/tmp/nimble_3271/githubcom_statusimnimprotobufserialization')
writev(1, 0x00007fffa93967c0, 2)
mkdir(94631613589104, 0x00000000000001ff)
Error tracing process: readBytes(0x0000561123b66670, 256) error: [Errno 5] Input/output error.
