      Info: Package cache path /home/runner/.nimble/pkgcache
     Info:  Nimble data file "/home/runner/.nimble/nimbledata2.json" has been loaded.
    Reading official package list
Downloading https://github.com/psypac/psypac using git
download.nim(89)         getTagsListRemote

    Error:  Unable to query remote tags for https://github.com/psypac/psypac. Git returned: remote: Repository not found.
        ... fatal: repository 'https://github.com/psypac/psypac/' not found
     Info:  Nimble data file "/home/runner/.nimble/nimbledata2.json" has been saved.
open('/workspace/destdir/ssl/openssl.cnf', 32768, 0x00000000000001b6)
open('/home/runner/.config/nimble/nimble.ini', 557056, 0x00000000000001b6)
open('/home/runner/.config/babel/babel.ini', 557056, 0x00000000000001b6)
writev(1, 0x00007ffc17088ae0, 2)
open('/home/runner/.nimble/nimbledata2.json', 557056, 0x00000000000001b6)
writev(1, 0x00007ffc17088bb0, 2)
writev(1, 0x00007ffd63900c50, 2)
writev(1, 0x00007ffd63900ce0, 2)
writev(1, 0x00007ffd63900ce0, 2)
writev(1, 0x00007ffd63900ce0, 2)
writev(1, 0x00007ffc170876d0, 2)
open('/home/runner/.nimble/packages_official.json', 557056, 0x00000000000001b6)
mkdir('/home/', 0x00000000000001ff)
mkdir('/home/runner/', 0x00000000000001ff)
mkdir('/home/runner/.nimble/', 0x00000000000001ff)
mkdir('/home/runner/.nimble/pkgcache/', 0x00000000000001ff)
mkdir('/home/runner/.nimble/pkgcache/githubcom_psypacpsypac', 0x00000000000001ff)
open('/home/runner/.nimble/pkgcache/githubcom_psypacpsypac', 622592, 0x0000000000000000)
writev(1, 0x00007ffc170877c0, 2)
open('/home/runner/.nimble/pkgcache/githubcom_psypacpsypac', 622592, 0x0000000000000000)
rmdir('/home/runner/.nimble/pkgcache/githubcom_psypacpsypac')
writev(1, 0x00007ffc17088cd0, 2)
writev(1, 0x00007ffc17088ba0, 2)
writev(1, 0x00007ffc17088ba0, 2)
open('/tmp/nimble_4192', 622592, 0x0000000000000000)
rmdir('/tmp/nimble_4192')
open('/home/runner/.nimble/nimbledata2.json', 557633, 0x00000000000001b6)
writev(3, 0x00007ffc17088ba0, 2)
writev(1, 0x00007ffc17088b90, 2)
  create directory /home
  create directory /home/runner
  create directory /home/runner/.nimble
  create directory /home/runner/.nimble/pkgcache
  create directory /home/runner/.nimble/pkgcache/githubcom_psypacpsypac
  delete /home/runner/.nimble/pkgcache/githubcom_psypacpsypac
  delete /tmp/nimble_4192
  truncate file /home/runner/.nimble/nimbledata2.json
