      Info: Package cache path /home/runner/.nimble/pkgcache
     Info:  Nimble data file "/home/runner/.nimble/nimbledata2.json" has been loaded.
    Reading official package list
Downloading https://github.com/NimAudio/nim-pugl using git
   Warning: The package has no tagged releases, downloading HEAD instead.
open('/workspace/destdir/ssl/openssl.cnf', 32768, 0x00000000000001b6)
open('/home/runner/.config/nimble/nimble.ini', 557056, 0x00000000000001b6)
open('/home/runner/.config/babel/babel.ini', 557056, 0x00000000000001b6)
writev(1, 0x00007fffcc74ee60, 2)
open('/home/runner/.nimble/nimbledata2.json', 557056, 0x00000000000001b6)
writev(1, 0x00007fffcc74ef30, 2)
writev(1, 0x00007ffc8d7f8890, 2)
writev(1, 0x00007ffc8d7f8920, 2)
writev(1, 0x00007ffc8d7f8920, 2)
writev(1, 0x00007ffc8d7f8920, 2)
writev(1, 0x00007fffcc74d940, 2)
open('/home/runner/.nimble/packages_official.json', 557056, 0x00000000000001b6)
mkdir('/home/', 0x00000000000001ff)
mkdir('/home/runner/', 0x00000000000001ff)
mkdir('/home/runner/.nimble/', 0x00000000000001ff)
mkdir('/home/runner/.nimble/pkgcache/', 0x00000000000001ff)
mkdir('/home/runner/.nimble/pkgcache/githubcom_NimAudionimpugl', 0x00000000000001ff)
open('/home/runner/.nimble/pkgcache/githubcom_NimAudionimpugl', 622592, 0x0000000000000000)
writev(1, 0x00007fffcc74d9a0, 2)
open('/home/runner/.nimble/pkgcache/githubcom_NimAudionimpugl', 622592, 0x0000000000000000)
rmdir('/home/runner/.nimble/pkgcache/githubcom_NimAudionimpugl')
writev(1, 0x00007fffcc74d890, 2)
mkdir(94375390964384, 0x00000000000001ff)
Error tracing process: readBytes(0x000055d57ba76aa0, 256) error: [Errno 5] Input/output error.
