      Info: Package cache path /home/runner/.nimble/pkgcache
     Info:  Nimble data file "/home/runner/.nimble/nimbledata2.json" has been loaded.
    Reading official package list
Downloading https://github.com/treeform/puppy using git
    Cloning latest tagged version: 2.1.2
open('/workspace/destdir/ssl/openssl.cnf', 32768, 0x00000000000001b6)
open('/home/runner/.config/nimble/nimble.ini', 557056, 0x00000000000001b6)
open('/home/runner/.config/babel/babel.ini', 557056, 0x00000000000001b6)
writev(1, 0x00007ffc96bf4040, 2)
open('/home/runner/.nimble/nimbledata2.json', 557056, 0x00000000000001b6)
writev(1, 0x00007ffc96bf4110, 2)
writev(1, 0x00007ffed379a830, 2)
writev(1, 0x00007ffed379a8c0, 2)
writev(1, 0x00007ffed379a8c0, 2)
writev(1, 0x00007ffed379a8c0, 2)
writev(1, 0x00007ffc96bf2c30, 2)
open('/home/runner/.nimble/packages_official.json', 557056, 0x00000000000001b6)
mkdir('/home/', 0x00000000000001ff)
mkdir('/home/runner/', 0x00000000000001ff)
mkdir('/home/runner/.nimble/', 0x00000000000001ff)
mkdir('/home/runner/.nimble/pkgcache/', 0x00000000000001ff)
mkdir('/home/runner/.nimble/pkgcache/githubcom_treeformpuppy', 0x00000000000001ff)
open('/home/runner/.nimble/pkgcache/githubcom_treeformpuppy', 622592, 0x0000000000000000)
writev(1, 0x00007ffc96bf2d20, 2)
open('/home/runner/.nimble/pkgcache/githubcom_treeformpuppy', 622592, 0x0000000000000000)
rmdir('/home/runner/.nimble/pkgcache/githubcom_treeformpuppy')
writev(1, 0x00007ffc96bf2c10, 2)
mkdir(94898890615104, 0x00000000000001ff)
Error tracing process: readBytes(0x0000564f5eaa2940, 256) error: [Errno 5] Input/output error.
