      Info: Package cache path /home/runner/.nimble/pkgcache
     Info:  Nimble data file "/home/runner/.nimble/nimbledata2.json" has been loaded.
    Reading official package list
Downloading https://github.com/foxoman/pwnedpass using git
    Cloning latest tagged version: v2.0.5
open('/workspace/destdir/ssl/openssl.cnf', 32768, 0x00000000000001b6)
open('/home/runner/.config/nimble/nimble.ini', 557056, 0x00000000000001b6)
open('/home/runner/.config/babel/babel.ini', 557056, 0x00000000000001b6)
writev(1, 0x00007ffeafa75020, 2)
open('/home/runner/.nimble/nimbledata2.json', 557056, 0x00000000000001b6)
writev(1, 0x00007ffeafa750f0, 2)
writev(1, 0x00007ffec44f8890, 2)
writev(1, 0x00007ffec44f8920, 2)
writev(1, 0x00007ffec44f8920, 2)
writev(1, 0x00007ffec44f8920, 2)
writev(1, 0x00007ffeafa73b00, 2)
open('/home/runner/.nimble/packages_official.json', 557056, 0x00000000000001b6)
mkdir('/home/', 0x00000000000001ff)
mkdir('/home/runner/', 0x00000000000001ff)
mkdir('/home/runner/.nimble/', 0x00000000000001ff)
mkdir('/home/runner/.nimble/pkgcache/', 0x00000000000001ff)
mkdir('/home/runner/.nimble/pkgcache/githubcom_foxomanpwnedpass', 0x00000000000001ff)
open('/home/runner/.nimble/pkgcache/githubcom_foxomanpwnedpass', 622592, 0x0000000000000000)
writev(1, 0x00007ffeafa73b60, 2)
open('/home/runner/.nimble/pkgcache/githubcom_foxomanpwnedpass', 622592, 0x0000000000000000)
rmdir('/home/runner/.nimble/pkgcache/githubcom_foxomanpwnedpass')
writev(1, 0x00007ffeafa73a50, 2)
mkdir(94440408263504, 0x00000000000001ff)
Error tracing process: readBytes(0x000055e49efcab50, 256) error: [Errno 5] Input/output error.
