      Info: Package cache path /home/runner/.nimble/pkgcache
     Info:  Nimble data file "/home/runner/.nimble/nimbledata2.json" has been loaded.
    Reading official package list
Downloading https://github.com/rburmorrison/pych using git
    Cloning latest tagged version: v1.0.2
open('/workspace/destdir/ssl/openssl.cnf', 32768, 0x00000000000001b6)
open('/home/runner/.config/nimble/nimble.ini', 557056, 0x00000000000001b6)
open('/home/runner/.config/babel/babel.ini', 557056, 0x00000000000001b6)
writev(1, 0x00007ffe9a031440, 2)
open('/home/runner/.nimble/nimbledata2.json', 557056, 0x00000000000001b6)
writev(1, 0x00007ffe9a031510, 2)
writev(1, 0x00007ffe21b3a6e0, 2)
writev(1, 0x00007ffe21b3a770, 2)
writev(1, 0x00007ffe21b3a770, 2)
writev(1, 0x00007ffe21b3a770, 2)
writev(1, 0x00007ffe9a02ff20, 2)
open('/home/runner/.nimble/packages_official.json', 557056, 0x00000000000001b6)
mkdir('/home/', 0x00000000000001ff)
mkdir('/home/runner/', 0x00000000000001ff)
mkdir('/home/runner/.nimble/', 0x00000000000001ff)
mkdir('/home/runner/.nimble/pkgcache/', 0x00000000000001ff)
mkdir('/home/runner/.nimble/pkgcache/githubcom_rburmorrisonpych', 0x00000000000001ff)
open('/home/runner/.nimble/pkgcache/githubcom_rburmorrisonpych', 622592, 0x0000000000000000)
writev(1, 0x00007ffe9a02ff80, 2)
open('/home/runner/.nimble/pkgcache/githubcom_rburmorrisonpych', 622592, 0x0000000000000000)
rmdir('/home/runner/.nimble/pkgcache/githubcom_rburmorrisonpych')
writev(1, 0x00007ffe9a02fe70, 2)
mkdir(93945501719376, 0x00000000000001ff)
Error tracing process: readBytes(0x0000557164421b50, 256) error: [Errno 5] Input/output error.
