      Info: Package cache path /home/runner/.nimble/pkgcache
     Info:  Nimble data file "/home/runner/.nimble/nimbledata2.json" has been loaded.
    Reading official package list
Downloading https://github.com/jabbalaci/nimpykot using git
    Cloning latest tagged version: v0.2.2
open('/workspace/destdir/ssl/openssl.cnf', 32768, 0x00000000000001b6)
open('/home/runner/.config/nimble/nimble.ini', 557056, 0x00000000000001b6)
open('/home/runner/.config/babel/babel.ini', 557056, 0x00000000000001b6)
writev(1, 0x00007ffe1239eca0, 2)
open('/home/runner/.nimble/nimbledata2.json', 557056, 0x00000000000001b6)
writev(1, 0x00007ffe1239ed70, 2)
writev(1, 0x00007ffcf4e08620, 2)
writev(1, 0x00007ffcf4e086b0, 2)
writev(1, 0x00007ffcf4e086b0, 2)
writev(1, 0x00007ffcf4e086b0, 2)
writev(1, 0x00007ffe1239d780, 2)
open('/home/runner/.nimble/packages_official.json', 557056, 0x00000000000001b6)
mkdir('/home/', 0x00000000000001ff)
mkdir('/home/runner/', 0x00000000000001ff)
mkdir('/home/runner/.nimble/', 0x00000000000001ff)
mkdir('/home/runner/.nimble/pkgcache/', 0x00000000000001ff)
mkdir('/home/runner/.nimble/pkgcache/githubcom_jabbalacinimpykot', 0x00000000000001ff)
open('/home/runner/.nimble/pkgcache/githubcom_jabbalacinimpykot', 622592, 0x0000000000000000)
writev(1, 0x00007ffe1239d7e0, 2)
open('/home/runner/.nimble/pkgcache/githubcom_jabbalacinimpykot', 622592, 0x0000000000000000)
rmdir('/home/runner/.nimble/pkgcache/githubcom_jabbalacinimpykot')
writev(1, 0x00007ffe1239d6d0, 2)
mkdir(94303020108624, 0x00000000000001ff)
Error tracing process: readBytes(0x000055c4a203cb50, 256) error: [Errno 5] Input/output error.
