      Info: Package cache path /home/runner/.nimble/pkgcache
     Info:  Nimble data file "/home/runner/.nimble/nimbledata2.json" has been loaded.
    Reading official package list
Downloading https://github.com/jboy/nim-pymod using git
   Warning: The package has no tagged releases, downloading HEAD instead.
open('/workspace/destdir/ssl/openssl.cnf', 32768, 0x00000000000001b6)
open('/home/runner/.config/nimble/nimble.ini', 557056, 0x00000000000001b6)
open('/home/runner/.config/babel/babel.ini', 557056, 0x00000000000001b6)
writev(1, 0x00007ffef6d4f1c0, 2)
open('/home/runner/.nimble/nimbledata2.json', 557056, 0x00000000000001b6)
writev(1, 0x00007ffef6d4f290, 2)
writev(1, 0x00007ffdf67a27d0, 2)
writev(1, 0x00007ffdf67a2860, 2)
writev(1, 0x00007ffdf67a2860, 2)
writev(1, 0x00007ffdf67a2860, 2)
writev(1, 0x00007ffef6d4ddb0, 2)
open('/home/runner/.nimble/packages_official.json', 557056, 0x00000000000001b6)
mkdir('/home/', 0x00000000000001ff)
mkdir('/home/runner/', 0x00000000000001ff)
mkdir('/home/runner/.nimble/', 0x00000000000001ff)
mkdir('/home/runner/.nimble/pkgcache/', 0x00000000000001ff)
mkdir('/home/runner/.nimble/pkgcache/githubcom_jboynimpymod', 0x00000000000001ff)
open('/home/runner/.nimble/pkgcache/githubcom_jboynimpymod', 622592, 0x0000000000000000)
writev(1, 0x00007ffef6d4dea0, 2)
open('/home/runner/.nimble/pkgcache/githubcom_jboynimpymod', 622592, 0x0000000000000000)
rmdir('/home/runner/.nimble/pkgcache/githubcom_jboynimpymod')
writev(1, 0x00007ffef6d4dd90, 2)
mkdir(94154721601776, 0x00000000000001ff)
Error tracing process: readBytes(0x000055a21abc28f0, 256) error: [Errno 5] Input/output error.
