    Reading official package list
Downloading https://github.com/achesak/nim-pythonmath using git
  Verifying dependencies for pythonmath@0.2
 Installing pythonmath@0.2
mkdir('/tmp', 0x00000000000001ff)
mkdir('/tmp/nimble_6703', 0x00000000000001ff)
mkdir('/tmp/nimble_6703/githubcom_achesaknimpythonmath', 0x00000000000001ff)
rmdir('/tmp/nimble_6703/githubcom_achesaknimpythonmath')
mkdir('/tmp/nimble_6703/githubcom_achesaknimpythonmath', 0x00000000000001ff)
mkdir('/tmp/nimble_6703/githubcom_achesaknimpythonmath/.git', 0x00000000000001ff)
mkdir('/tmp/nimble_6703/githubcom_achesaknimpythonmath/.git/', 0x00000000000001ff)
mkdir('/tmp/nimble_6703/githubcom_achesaknimpythonmath/.git/info/', 0x00000000000001ff)
mkdir('/tmp/nimble_6703/githubcom_achesaknimpythonmath/.git/branches/', 0x00000000000001ff)
mkdir('/tmp/nimble_6703/githubcom_achesaknimpythonmath/.git/hooks/', 0x00000000000001ff)
mkdir('/tmp/nimble_6703/githubcom_achesaknimpythonmath/.git/refs', 0x00000000000001ff)
mkdir('/tmp/nimble_6703/githubcom_achesaknimpythonmath/.git/refs/heads', 0x00000000000001ff)
mkdir('/tmp/nimble_6703/githubcom_achesaknimpythonmath/.git/refs/tags', 0x00000000000001ff)
rename('/tmp/nimble_6703/githubcom_achesaknimpythonmath/.git/HEAD.lock', '/tmp/nimble_6703/githubcom_achesaknimpythonmath/.git/HEAD')
rename('/tmp/nimble_6703/githubcom_achesaknimpythonmath/.git/config.lock', '/tmp/nimble_6703/githubcom_achesaknimpythonmath/.git/config')
chmod('/tmp/nimble_6703/githubcom_achesaknimpythonmath/.git/config', 0x00000000000081e4)
chmod('/tmp/nimble_6703/githubcom_achesaknimpythonmath/.git/config', 0x00000000000081a4)
chmod('/tmp/nimble_6703/githubcom_achesaknimpythonmath/.git/config.lock', 0x00000000000001a4)
rename('/tmp/nimble_6703/githubcom_achesaknimpythonmath/.git/config.lock', '/tmp/nimble_6703/githubcom_achesaknimpythonmath/.git/config')
chmod('/tmp/nimble_6703/githubcom_achesaknimpythonmath/.git/config.lock', 0x00000000000001a4)
rename('/tmp/nimble_6703/githubcom_achesaknimpythonmath/.git/config.lock', '/tmp/nimble_6703/githubcom_achesaknimpythonmath/.git/config')
chmod('/tmp/nimble_6703/githubcom_achesaknimpythonmath/.git/config.lock', 0x00000000000001a4)
rename('/tmp/nimble_6703/githubcom_achesaknimpythonmath/.git/config.lock', '/tmp/nimble_6703/githubcom_achesaknimpythonmath/.git/config')
unlink('/tmp/nimble_6703/githubcom_achesaknimpythonmath/.git/tXJ259A')
symlink('testing', '/tmp/nimble_6703/githubcom_achesaknimpythonmath/.git/tXJ259A')
unlink('/tmp/nimble_6703/githubcom_achesaknimpythonmath/.git/tXJ259A')
mkdir('/tmp/nimble_6703/githubcom_achesaknimpythonmath/.git/objects', 0x00000000000001ff)
mkdir('/tmp/nimble_6703/githubcom_achesaknimpythonmath/.git/objects/pack', 0x00000000000001ff)
mkdir('/tmp/nimble_6703/githubcom_achesaknimpythonmath/.git/objects/info', 0x00000000000001ff)
chmod('/tmp/nimble_6703/githubcom_achesaknimpythonmath/.git/config.lock', 0x00000000000001a4)
rename('/tmp/nimble_6703/githubcom_achesaknimpythonmath/.git/config.lock', '/tmp/nimble_6703/githubcom_achesaknimpythonmath/.git/config')
chmod('/tmp/nimble_6703/githubcom_achesaknimpythonmath/.git/config.lock', 0x00000000000001a4)
rename('/tmp/nimble_6703/githubcom_achesaknimpythonmath/.git/config.lock', '/tmp/nimble_6703/githubcom_achesaknimpythonmath/.git/config')
chmod('/tmp/nimble_6703/githubcom_achesaknimpythonmath/.git/config.lock', 0x00000000000001a4)
rename('/tmp/nimble_6703/githubcom_achesaknimpythonmath/.git/config.lock', '/tmp/nimble_6703/githubcom_achesaknimpythonmath/.git/config')
mkdir('/tmp/nimble_6703/githubcom_achesaknimpythonmath/.git/objects/54', 0x00000000000001ff)
link('/tmp/nimble_6703/githubcom_achesaknimpythonmath/.git/objects/54/tmp_obj_Ic1IdH', '/tmp/nimble_6703/githubcom_achesaknimpythonmath/.git/objects/54/921db90885d018b543313b06c0b0029e973c6d')
unlink('/tmp/nimble_6703/githubcom_achesaknimpythonmath/.git/objects/54/tmp_obj_Ic1IdH')
mkdir('/tmp/nimble_6703/githubcom_achesaknimpythonmath/.git/objects/30', 0x00000000000001ff)
link('/tmp/nimble_6703/githubcom_achesaknimpythonmath/.git/objects/30/tmp_obj_MmbcLN', '/tmp/nimble_6703/githubcom_achesaknimpythonmath/.git/objects/30/15c8cd3aecc40cf04b834ebeda35bfda06330d')
unlink('/tmp/nimble_6703/githubcom_achesaknimpythonmath/.git/objects/30/tmp_obj_MmbcLN')
mkdir('/tmp/nimble_6703/githubcom_achesaknimpythonmath/.git/objects/a8', 0x00000000000001ff)
link('/tmp/nimble_6703/githubcom_achesaknimpythonmath/.git/objects/a8/tmp_obj_wqL9DO', '/tmp/nimble_6703/githubcom_achesaknimpythonmath/.git/objects/a8/a8c8bcbac4c439f9585d65ce56453aad82d622')
unlink('/tmp/nimble_6703/githubcom_achesaknimpythonmath/.git/objects/a8/tmp_obj_wqL9DO')
mkdir('/tmp/nimble_6703/githubcom_achesaknimpythonmath/.git/objects/36', 0x00000000000001ff)
link('/tmp/nimble_6703/githubcom_achesaknimpythonmath/.git/objects/36/tmp_obj_EuVAXS', '/tmp/nimble_6703/githubcom_achesaknimpythonmath/.git/objects/36/1f6f192b61dba0040b2bb74d8160eaba2b5d47')
unlink('/tmp/nimble_6703/githubcom_achesaknimpythonmath/.git/objects/36/tmp_obj_EuVAXS')
mkdir('/tmp/nimble_6703/githubcom_achesaknimpythonmath/.git/objects/72', 0x00000000000001ff)
link('/tmp/nimble_6703/githubcom_achesaknimpythonmath/.git/objects/72/tmp_obj_A8KywZ', '/tmp/nimble_6703/githubcom_achesaknimpythonmath/.git/objects/72/a740f0d716777cd4175db827500baad8598bfa')
unlink('/tmp/nimble_6703/githubcom_achesaknimpythonmath/.git/objects/72/tmp_obj_A8KywZ')
mkdir('/tmp/nimble_6703/githubcom_achesaknimpythonmath/.git/objects/d5', 0x00000000000001ff)
link('/tmp/nimble_6703/githubcom_achesaknimpythonmath/.git/objects/d5/tmp_obj_UMauZ0', '/tmp/nimble_6703/githubcom_achesaknimpythonmath/.git/objects/d5/cb9ffa6ebbcba4772f9335fe0949f53a2d702e')
unlink('/tmp/nimble_6703/githubcom_achesaknimpythonmath/.git/objects/d5/tmp_obj_UMauZ0')
rename('/tmp/nimble_6703/githubcom_achesaknimpythonmath/.git/shallow.lock', '/tmp/nimble_6703/githubcom_achesaknimpythonmath/.git/shallow')
rename('/tmp/nimble_6703/githubcom_achesaknimpythonmath/.git/packed-refs.new', '/tmp/nimble_6703/githubcom_achesaknimpythonmath/.git/packed-refs')
unlink('/tmp/nimble_6703/githubcom_achesaknimpythonmath/.git/packed-refs.lock')
mkdir('/tmp/nimble_6703/githubcom_achesaknimpythonmath/.git/refs/remotes', 0x00000000000001ff)
mkdir('/tmp/nimble_6703/githubcom_achesaknimpythonmath/.git/refs/remotes/origin', 0x00000000000001ff)
mkdir('/tmp/nimble_6703/githubcom_achesaknimpythonmath/.git/logs', 0x00000000000001ff)
mkdir('/tmp/nimble_6703/githubcom_achesaknimpythonmath/.git/logs/refs', 0x00000000000001ff)
mkdir('/tmp/nimble_6703/githubcom_achesaknimpythonmath/.git/logs/refs/remotes', 0x00000000000001ff)
mkdir('/tmp/nimble_6703/githubcom_achesaknimpythonmath/.git/logs/refs/remotes/origin', 0x00000000000001ff)
rename('/tmp/nimble_6703/githubcom_achesaknimpythonmath/.git/refs/remotes/origin/HEAD.lock', '/tmp/nimble_6703/githubcom_achesaknimpythonmath/.git/refs/remotes/origin/HEAD')
rename('/tmp/nimble_6703/githubcom_achesaknimpythonmath/.git/HEAD.lock', '/tmp/nimble_6703/githubcom_achesaknimpythonmath/.git/HEAD')
mkdir('/tmp/nimble_6703/githubcom_achesaknimpythonmath/.git/logs/refs/heads', 0x00000000000001ff)
rename('/tmp/nimble_6703/githubcom_achesaknimpythonmath/.git/refs/heads/master.lock', '/tmp/nimble_6703/githubcom_achesaknimpythonmath/.git/refs/heads/master')
unlink('/tmp/nimble_6703/githubcom_achesaknimpythonmath/.git/HEAD.lock')
chmod('/tmp/nimble_6703/githubcom_achesaknimpythonmath/.git/config.lock', 0x00000000000001a4)
rename('/tmp/nimble_6703/githubcom_achesaknimpythonmath/.git/config.lock', '/tmp/nimble_6703/githubcom_achesaknimpythonmath/.git/config')
chmod('/tmp/nimble_6703/githubcom_achesaknimpythonmath/.git/config.lock', 0x00000000000001a4)
rename('/tmp/nimble_6703/githubcom_achesaknimpythonmath/.git/config.lock', '/tmp/nimble_6703/githubcom_achesaknimpythonmath/.git/config')
rename('/tmp/nimble_6703/githubcom_achesaknimpythonmath/.git/index.lock', '/tmp/nimble_6703/githubcom_achesaknimpythonmath/.git/index')
mkdir('/home', 0x00000000000001ff)
mkdir('/home/runner', 0x00000000000001ff)
mkdir('/home/runner/.nimble', 0x00000000000001ff)
mkdir('/home/runner/.nimble/pkgs', 0x00000000000001ff)
mkdir('/home/runner/.nimble/pkgs/pythonmath-0.2', 0x00000000000001ff)
mkdir('/home', 0x00000000000001ff)
mkdir('/home/runner', 0x00000000000001ff)
mkdir('/home/runner/.nimble', 0x00000000000001ff)
mkdir('/home/runner/.nimble/pkgs', 0x00000000000001ff)    Copying file /tmp/nimble_6703/githubcom_achesaknimpythonmath/pythonmath.nim to /home/runner/.nimble/pkgs/pythonmath-0.2/pythonmath.nim
    Copying file /tmp/nimble_6703/githubcom_achesaknimpythonmath/pythonmath.nimble to /home/runner/.nimble/pkgs/pythonmath-0.2/pythonmath.nimble
   Success: pythonmath installed successfully.

mkdir('/home/runner/.nimble/pkgs/pythonmath-0.2', 0x00000000000001ff)
chmod('/home/runner/.nimble/pkgs/pythonmath-0.2/pythonmath.nim', 0x00000000000001a4)
chmod('/home/runner/.nimble/pkgs/pythonmath-0.2/pythonmath.nimble', 0x00000000000001a4)
unlink('/tmp/nimble_6703/githubcom_achesaknimpythonmath/README.md')
unlink('/tmp/nimble_6703/githubcom_achesaknimpythonmath/.git/refs/remotes/origin/HEAD')
rmdir('/tmp/nimble_6703/githubcom_achesaknimpythonmath/.git/refs/remotes/origin')
rmdir('/tmp/nimble_6703/githubcom_achesaknimpythonmath/.git/refs/remotes')
rmdir('/tmp/nimble_6703/githubcom_achesaknimpythonmath/.git/refs/tags')
unlink('/tmp/nimble_6703/githubcom_achesaknimpythonmath/.git/refs/heads/master')
rmdir('/tmp/nimble_6703/githubcom_achesaknimpythonmath/.git/refs/heads')
rmdir('/tmp/nimble_6703/githubcom_achesaknimpythonmath/.git/refs')
unlink('/tmp/nimble_6703/githubcom_achesaknimpythonmath/.git/info/exclude')
rmdir('/tmp/nimble_6703/githubcom_achesaknimpythonmath/.git/info')
rmdir('/tmp/nimble_6703/githubcom_achesaknimpythonmath/.git/branches')
unlink('/tmp/nimble_6703/githubcom_achesaknimpythonmath/.git/logs/refs/remotes/origin/HEAD')
rmdir('/tmp/nimble_6703/githubcom_achesaknimpythonmath/.git/logs/refs/remotes/origin')
rmdir('/tmp/nimble_6703/githubcom_achesaknimpythonmath/.git/logs/refs/remotes')
unlink('/tmp/nimble_6703/githubcom_achesaknimpythonmath/.git/logs/refs/heads/master')
rmdir('/tmp/nimble_6703/githubcom_achesaknimpythonmath/.git/logs/refs/heads')
rmdir('/tmp/nimble_6703/githubcom_achesaknimpythonmath/.git/logs/refs')
unlink('/tmp/nimble_6703/githubcom_achesaknimpythonmath/.git/logs/HEAD')
rmdir('/tmp/nimble_6703/githubcom_achesaknimpythonmath/.git/logs')
unlink('/tmp/nimble_6703/githubcom_achesaknimpythonmath/.git/description')
unlink('/tmp/nimble_6703/githubcom_achesaknimpythonmath/.git/hooks/pre-rebase.sample')
unlink('/tmp/nimble_6703/githubcom_achesaknimpythonmath/.git/hooks/applypatch-msg.sample')
unlink('/tmp/nimble_6703/githubcom_achesaknimpythonmath/.git/hooks/pre-push.sample')
unlink('/tmp/nimble_6703/githubcom_achesaknimpythonmath/.git/hooks/pre-merge-commit.sample')
unlink('/tmp/nimble_6703/githubcom_achesaknimpythonmath/.git/hooks/pre-receive.sample')
unlink('/tmp/nimble_6703/githubcom_achesaknimpythonmath/.git/hooks/update.sample')
unlink('/tmp/nimble_6703/githubcom_achesaknimpythonmath/.git/hooks/pre-commit.sample')
unlink('/tmp/nimble_6703/githubcom_achesaknimpythonmath/.git/hooks/pre-applypatch.sample')
unlink('/tmp/nimble_6703/githubcom_achesaknimpythonmath/.git/hooks/commit-msg.sample')
unlink('/tmp/nimble_6703/githubcom_achesaknimpythonmath/.git/hooks/fsmonitor-watchman.sample')
unlink('/tmp/nimble_6703/githubcom_achesaknimpythonmath/.git/hooks/prepare-commit-msg.sample')
unlink('/tmp/nimble_6703/githubcom_achesaknimpythonmath/.git/hooks/post-update.sample')
rmdir('/tmp/nimble_6703/githubcom_achesaknimpythonmath/.git/hooks')
unlink('/tmp/nimble_6703/githubcom_achesaknimpythonmath/.git/shallow')
unlink('/tmp/nimble_6703/githubcom_achesaknimpythonmath/.git/config')
unlink('/tmp/nimble_6703/githubcom_achesaknimpythonmath/.git/index')
rmdir('/tmp/nimble_6703/githubcom_achesaknimpythonmath/.git/objects/info')
unlink('/tmp/nimble_6703/githubcom_achesaknimpythonmath/.git/objects/72/a740f0d716777cd4175db827500baad8598bfa')
rmdir('/tmp/nimble_6703/githubcom_achesaknimpythonmath/.git/objects/72')
unlink('/tmp/nimble_6703/githubcom_achesaknimpythonmath/.git/objects/54/921db90885d018b543313b06c0b0029e973c6d')
rmdir('/tmp/nimble_6703/githubcom_achesaknimpythonmath/.git/objects/54')
unlink('/tmp/nimble_6703/githubcom_achesaknimpythonmath/.git/objects/36/1f6f192b61dba0040b2bb74d8160eaba2b5d47')
rmdir('/tmp/nimble_6703/githubcom_achesaknimpythonmath/.git/objects/36')
unlink('/tmp/nimble_6703/githubcom_achesaknimpythonmath/.git/objects/30/15c8cd3aecc40cf04b834ebeda35bfda06330d')
rmdir('/tmp/nimble_6703/githubcom_achesaknimpythonmath/.git/objects/30')
unlink('/tmp/nimble_6703/githubcom_achesaknimpythonmath/.git/objects/a8/a8c8bcbac4c439f9585d65ce56453aad82d622')
rmdir('/tmp/nimble_6703/githubcom_achesaknimpythonmath/.git/objects/a8')
rmdir('/tmp/nimble_6703/githubcom_achesaknimpythonmath/.git/objects/pack')
unlink('/tmp/nimble_6703/githubcom_achesaknimpythonmath/.git/objects/d5/cb9ffa6ebbcba4772f9335fe0949f53a2d702e')
rmdir('/tmp/nimble_6703/githubcom_achesaknimpythonmath/.git/objects/d5')
rmdir('/tmp/nimble_6703/githubcom_achesaknimpythonmath/.git/objects')
unlink('/tmp/nimble_6703/githubcom_achesaknimpythonmath/.git/packed-refs')
unlink('/tmp/nimble_6703/githubcom_achesaknimpythonmath/.git/HEAD')
rmdir('/tmp/nimble_6703/githubcom_achesaknimpythonmath/.git')
unlink('/tmp/nimble_6703/githubcom_achesaknimpythonmath/pythonmath.nim')
unlink('/tmp/nimble_6703/githubcom_achesaknimpythonmath/LICENSE.md')
unlink('/tmp/nimble_6703/githubcom_achesaknimpythonmath/pythonmath.nimble')
rmdir('/tmp/nimble_6703/githubcom_achesaknimpythonmath')
rmdir('/tmp/nimble_6703')
  create directory /tmp
  create directory /tmp/nimble_6703
  create directory /tmp/nimble_6703/githubcom_achesaknimpythonmath
  delete /tmp/nimble_6703/githubcom_achesaknimpythonmath
  create directory /tmp/nimble_6703/githubcom_achesaknimpythonmath
  create directory /tmp/nimble_6703/githubcom_achesaknimpythonmath/.git
  create directory /tmp/nimble_6703/githubcom_achesaknimpythonmath/.git
  create directory /tmp/nimble_6703/githubcom_achesaknimpythonmath/.git/info
  create directory /tmp/nimble_6703/githubcom_achesaknimpythonmath/.git/branches
  create directory /tmp/nimble_6703/githubcom_achesaknimpythonmath/.git/hooks
  create directory /tmp/nimble_6703/githubcom_achesaknimpythonmath/.git/refs
  create directory /tmp/nimble_6703/githubcom_achesaknimpythonmath/.git/refs/heads
  create directory /tmp/nimble_6703/githubcom_achesaknimpythonmath/.git/refs/tags
  rename /tmp/nimble_6703/githubcom_achesaknimpythonmath/.git/HEAD.lock to HEAD
  rename /tmp/nimble_6703/githubcom_achesaknimpythonmath/.git/config.lock to config
  change permissions of /tmp/nimble_6703/githubcom_achesaknimpythonmath/.git/config to rwxr--r--
  change permissions of /tmp/nimble_6703/githubcom_achesaknimpythonmath/.git/config to rw-r--r--
  change permissions of /tmp/nimble_6703/githubcom_achesaknimpythonmath/.git/config.lock to rw-r--r--
  rename /tmp/nimble_6703/githubcom_achesaknimpythonmath/.git/config.lock to config
  change permissions of /tmp/nimble_6703/githubcom_achesaknimpythonmath/.git/config.lock to rw-r--r--
  rename /tmp/nimble_6703/githubcom_achesaknimpythonmath/.git/config.lock to config
  change permissions of /tmp/nimble_6703/githubcom_achesaknimpythonmath/.git/config.lock to rw-r--r--
  rename /tmp/nimble_6703/githubcom_achesaknimpythonmath/.git/config.lock to config
  delete /tmp/nimble_6703/githubcom_achesaknimpythonmath/.git/tXJ259A
  create symbolic link from /tmp/nimble_6703/githubcom_achesaknimpythonmath/.git/tXJ259A to /home/runner/work/nim_packages_security_audit/nim_packages_security_audit/testing
  delete /tmp/nimble_6703/githubcom_achesaknimpythonmath/.git/tXJ259A
  create directory /tmp/nimble_6703/githubcom_achesaknimpythonmath/.git/objects
  create directory /tmp/nimble_6703/githubcom_achesaknimpythonmath/.git/objects/pack
  create directory /tmp/nimble_6703/githubcom_achesaknimpythonmath/.git/objects/info
  change permissions of /tmp/nimble_6703/githubcom_achesaknimpythonmath/.git/config.lock to rw-r--r--
  rename /tmp/nimble_6703/githubcom_achesaknimpythonmath/.git/config.lock to config
  change permissions of /tmp/nimble_6703/githubcom_achesaknimpythonmath/.git/config.lock to rw-r--r--
  rename /tmp/nimble_6703/githubcom_achesaknimpythonmath/.git/config.lock to config
  change permissions of /tmp/nimble_6703/githubcom_achesaknimpythonmath/.git/config.lock to rw-r--r--
  rename /tmp/nimble_6703/githubcom_achesaknimpythonmath/.git/config.lock to config
  create directory /tmp/nimble_6703/githubcom_achesaknimpythonmath/.git/objects/54
  create hard link from /tmp/nimble_6703/githubcom_achesaknimpythonmath/.git/objects/54/921db90885d018b543313b06c0b0029e973c6d to /tmp/nimble_6703/githubcom_achesaknimpythonmath/.git/objects/54/tmp_obj_Ic1IdH
  delete /tmp/nimble_6703/githubcom_achesaknimpythonmath/.git/objects/54/tmp_obj_Ic1IdH
  create directory /tmp/nimble_6703/githubcom_achesaknimpythonmath/.git/objects/30
  create hard link from /tmp/nimble_6703/githubcom_achesaknimpythonmath/.git/objects/30/15c8cd3aecc40cf04b834ebeda35bfda06330d to /tmp/nimble_6703/githubcom_achesaknimpythonmath/.git/objects/30/tmp_obj_MmbcLN
  delete /tmp/nimble_6703/githubcom_achesaknimpythonmath/.git/objects/30/tmp_obj_MmbcLN
  create directory /tmp/nimble_6703/githubcom_achesaknimpythonmath/.git/objects/a8
  create hard link from /tmp/nimble_6703/githubcom_achesaknimpythonmath/.git/objects/a8/a8c8bcbac4c439f9585d65ce56453aad82d622 to /tmp/nimble_6703/githubcom_achesaknimpythonmath/.git/objects/a8/tmp_obj_wqL9DO
  delete /tmp/nimble_6703/githubcom_achesaknimpythonmath/.git/objects/a8/tmp_obj_wqL9DO
  create directory /tmp/nimble_6703/githubcom_achesaknimpythonmath/.git/objects/36
  create hard link from /tmp/nimble_6703/githubcom_achesaknimpythonmath/.git/objects/36/1f6f192b61dba0040b2bb74d8160eaba2b5d47 to /tmp/nimble_6703/githubcom_achesaknimpythonmath/.git/objects/36/tmp_obj_EuVAXS
  delete /tmp/nimble_6703/githubcom_achesaknimpythonmath/.git/objects/36/tmp_obj_EuVAXS
  create directory /tmp/nimble_6703/githubcom_achesaknimpythonmath/.git/objects/72
  create hard link from /tmp/nimble_6703/githubcom_achesaknimpythonmath/.git/objects/72/a740f0d716777cd4175db827500baad8598bfa to /tmp/nimble_6703/githubcom_achesaknimpythonmath/.git/objects/72/tmp_obj_A8KywZ
  delete /tmp/nimble_6703/githubcom_achesaknimpythonmath/.git/objects/72/tmp_obj_A8KywZ
  create directory /tmp/nimble_6703/githubcom_achesaknimpythonmath/.git/objects/d5
  create hard link from /tmp/nimble_6703/githubcom_achesaknimpythonmath/.git/objects/d5/cb9ffa6ebbcba4772f9335fe0949f53a2d702e to /tmp/nimble_6703/githubcom_achesaknimpythonmath/.git/objects/d5/tmp_obj_UMauZ0
  delete /tmp/nimble_6703/githubcom_achesaknimpythonmath/.git/objects/d5/tmp_obj_UMauZ0
  rename /tmp/nimble_6703/githubcom_achesaknimpythonmath/.git/shallow.lock to shallow
  rename /tmp/nimble_6703/githubcom_achesaknimpythonmath/.git/packed-refs.new to packed-refs
  delete /tmp/nimble_6703/githubcom_achesaknimpythonmath/.git/packed-refs.lock
  create directory /tmp/nimble_6703/githubcom_achesaknimpythonmath/.git/refs/remotes
  create directory /tmp/nimble_6703/githubcom_achesaknimpythonmath/.git/refs/remotes/origin
  create directory /tmp/nimble_6703/githubcom_achesaknimpythonmath/.git/logs
  create directory /tmp/nimble_6703/githubcom_achesaknimpythonmath/.git/logs/refs
  create directory /tmp/nimble_6703/githubcom_achesaknimpythonmath/.git/logs/refs/remotes
  create directory /tmp/nimble_6703/githubcom_achesaknimpythonmath/.git/logs/refs/remotes/origin
  rename /tmp/nimble_6703/githubcom_achesaknimpythonmath/.git/refs/remotes/origin/HEAD.lock to HEAD
  rename /tmp/nimble_6703/githubcom_achesaknimpythonmath/.git/HEAD.lock to HEAD
  create directory /tmp/nimble_6703/githubcom_achesaknimpythonmath/.git/logs/refs/heads
  rename /tmp/nimble_6703/githubcom_achesaknimpythonmath/.git/refs/heads/master.lock to master
  delete /tmp/nimble_6703/githubcom_achesaknimpythonmath/.git/HEAD.lock
  change permissions of /tmp/nimble_6703/githubcom_achesaknimpythonmath/.git/config.lock to rw-r--r--
  rename /tmp/nimble_6703/githubcom_achesaknimpythonmath/.git/config.lock to config
  change permissions of /tmp/nimble_6703/githubcom_achesaknimpythonmath/.git/config.lock to rw-r--r--
  rename /tmp/nimble_6703/githubcom_achesaknimpythonmath/.git/config.lock to config
  rename /tmp/nimble_6703/githubcom_achesaknimpythonmath/.git/index.lock to index
  create directory /home
  create directory /home/runner
  create directory /home/runner/.nimble
  create directory /home/runner/.nimble/pkgs
  create directory /home/runner/.nimble/pkgs/pythonmath-0.2
  create directory /home
  create directory /home/runner
  create directory /home/runner/.nimble
  create directory /home/runner/.nimble/pkgs
  create directory /home/runner/.nimble/pkgs/pythonmath-0.2
  change permissions of /home/runner/.nimble/pkgs/pythonmath-0.2/pythonmath.nim to rw-r--r--
  change permissions of /home/runner/.nimble/pkgs/pythonmath-0.2/pythonmath.nimble to rw-r--r--
  delete /tmp/nimble_6703/githubcom_achesaknimpythonmath/README.md
  delete /tmp/nimble_6703/githubcom_achesaknimpythonmath/.git/refs/remotes/origin/HEAD
  delete /tmp/nimble_6703/githubcom_achesaknimpythonmath/.git/refs/remotes/origin
  delete /tmp/nimble_6703/githubcom_achesaknimpythonmath/.git/refs/remotes
  delete /tmp/nimble_6703/githubcom_achesaknimpythonmath/.git/refs/tags
  delete /tmp/nimble_6703/githubcom_achesaknimpythonmath/.git/refs/heads/master
  delete /tmp/nimble_6703/githubcom_achesaknimpythonmath/.git/refs/heads
  delete /tmp/nimble_6703/githubcom_achesaknimpythonmath/.git/refs
  delete /tmp/nimble_6703/githubcom_achesaknimpythonmath/.git/info/exclude
  delete /tmp/nimble_6703/githubcom_achesaknimpythonmath/.git/info
  delete /tmp/nimble_6703/githubcom_achesaknimpythonmath/.git/branches
  delete /tmp/nimble_6703/githubcom_achesaknimpythonmath/.git/logs/refs/remotes/origin/HEAD
  delete /tmp/nimble_6703/githubcom_achesaknimpythonmath/.git/logs/refs/remotes/origin
  delete /tmp/nimble_6703/githubcom_achesaknimpythonmath/.git/logs/refs/remotes
  delete /tmp/nimble_6703/githubcom_achesaknimpythonmath/.git/logs/refs/heads/master
  delete /tmp/nimble_6703/githubcom_achesaknimpythonmath/.git/logs/refs/heads
  delete /tmp/nimble_6703/githubcom_achesaknimpythonmath/.git/logs/refs
  delete /tmp/nimble_6703/githubcom_achesaknimpythonmath/.git/logs/HEAD
  delete /tmp/nimble_6703/githubcom_achesaknimpythonmath/.git/logs
  delete /tmp/nimble_6703/githubcom_achesaknimpythonmath/.git/description
  delete /tmp/nimble_6703/githubcom_achesaknimpythonmath/.git/hooks/pre-rebase.sample
  delete /tmp/nimble_6703/githubcom_achesaknimpythonmath/.git/hooks/applypatch-msg.sample
  delete /tmp/nimble_6703/githubcom_achesaknimpythonmath/.git/hooks/pre-push.sample
  delete /tmp/nimble_6703/githubcom_achesaknimpythonmath/.git/hooks/pre-merge-commit.sample
  delete /tmp/nimble_6703/githubcom_achesaknimpythonmath/.git/hooks/pre-receive.sample
  delete /tmp/nimble_6703/githubcom_achesaknimpythonmath/.git/hooks/update.sample
  delete /tmp/nimble_6703/githubcom_achesaknimpythonmath/.git/hooks/pre-commit.sample
  delete /tmp/nimble_6703/githubcom_achesaknimpythonmath/.git/hooks/pre-applypatch.sample
  delete /tmp/nimble_6703/githubcom_achesaknimpythonmath/.git/hooks/commit-msg.sample
  delete /tmp/nimble_6703/githubcom_achesaknimpythonmath/.git/hooks/fsmonitor-watchman.sample
  delete /tmp/nimble_6703/githubcom_achesaknimpythonmath/.git/hooks/prepare-commit-msg.sample
  delete /tmp/nimble_6703/githubcom_achesaknimpythonmath/.git/hooks/post-update.sample
  delete /tmp/nimble_6703/githubcom_achesaknimpythonmath/.git/hooks
  delete /tmp/nimble_6703/githubcom_achesaknimpythonmath/.git/shallow
  delete /tmp/nimble_6703/githubcom_achesaknimpythonmath/.git/config
  delete /tmp/nimble_6703/githubcom_achesaknimpythonmath/.git/index
  delete /tmp/nimble_6703/githubcom_achesaknimpythonmath/.git/objects/info
  delete /tmp/nimble_6703/githubcom_achesaknimpythonmath/.git/objects/72/a740f0d716777cd4175db827500baad8598bfa
  delete /tmp/nimble_6703/githubcom_achesaknimpythonmath/.git/objects/72
  delete /tmp/nimble_6703/githubcom_achesaknimpythonmath/.git/objects/54/921db90885d018b543313b06c0b0029e973c6d
  delete /tmp/nimble_6703/githubcom_achesaknimpythonmath/.git/objects/54
  delete /tmp/nimble_6703/githubcom_achesaknimpythonmath/.git/objects/36/1f6f192b61dba0040b2bb74d8160eaba2b5d47
  delete /tmp/nimble_6703/githubcom_achesaknimpythonmath/.git/objects/36
  delete /tmp/nimble_6703/githubcom_achesaknimpythonmath/.git/objects/30/15c8cd3aecc40cf04b834ebeda35bfda06330d
  delete /tmp/nimble_6703/githubcom_achesaknimpythonmath/.git/objects/30
  delete /tmp/nimble_6703/githubcom_achesaknimpythonmath/.git/objects/a8/a8c8bcbac4c439f9585d65ce56453aad82d622
  delete /tmp/nimble_6703/githubcom_achesaknimpythonmath/.git/objects/a8
  delete /tmp/nimble_6703/githubcom_achesaknimpythonmath/.git/objects/pack
  delete /tmp/nimble_6703/githubcom_achesaknimpythonmath/.git/objects/d5/cb9ffa6ebbcba4772f9335fe0949f53a2d702e
  delete /tmp/nimble_6703/githubcom_achesaknimpythonmath/.git/objects/d5
  delete /tmp/nimble_6703/githubcom_achesaknimpythonmath/.git/objects
  delete /tmp/nimble_6703/githubcom_achesaknimpythonmath/.git/packed-refs
  delete /tmp/nimble_6703/githubcom_achesaknimpythonmath/.git/HEAD
  delete /tmp/nimble_6703/githubcom_achesaknimpythonmath/.git
  delete /tmp/nimble_6703/githubcom_achesaknimpythonmath/pythonmath.nim
  delete /tmp/nimble_6703/githubcom_achesaknimpythonmath/LICENSE.md
  delete /tmp/nimble_6703/githubcom_achesaknimpythonmath/pythonmath.nimble
  delete /tmp/nimble_6703/githubcom_achesaknimpythonmath
  delete /tmp/nimble_6703
