    Reading official package list
Downloading https://github.com/matkuki/python3 using git
mkdir('/tmp', 0x00000000000001ff)
mkdir('/tmp/nimble_6949', 0x00000000000001ff)
mkdir('/tmp/nimble_6949/githubcom_matkukipython3', 0x00000000000001ff)
rmdir('/tmp/nimble_6949/githubcom_matkukipython3')
mkdir('/tmp/nimble_6949/githubcom_matkukipython3', 0x00000000000001ff)
mkdir('/tmp/nimble_6949/githubcom_matkukipython3/.git', 0x00000000000001ff)
mkdir('/tmp/nimble_6949/githubcom_matkukipython3/.git/', 0x00000000000001ff)
mkdir('/tmp/nimble_6949/githubcom_matkukipython3/.git/info/', 0x00000000000001ff)
mkdir('/tmp/nimble_6949/githubcom_matkukipython3/.git/branches/', 0x00000000000001ff)
mkdir('/tmp/nimble_6949/githubcom_matkukipython3/.git/hooks/', 0x00000000000001ff)
mkdir('/tmp/nimble_6949/githubcom_matkukipython3/.git/refs', 0x00000000000001ff)
mkdir('/tmp/nimble_6949/githubcom_matkukipython3/.git/refs/heads', 0x00000000000001ff)
mkdir('/tmp/nimble_6949/githubcom_matkukipython3/.git/refs/tags', 0x00000000000001ff)
rename('/tmp/nimble_6949/githubcom_matkukipython3/.git/HEAD.lock', '/tmp/nimble_6949/githubcom_matkukipython3/.git/HEAD')
rename('/tmp/nimble_6949/githubcom_matkukipython3/.git/config.lock', '/tmp/nimble_6949/githubcom_matkukipython3/.git/config')
chmod('/tmp/nimble_6949/githubcom_matkukipython3/.git/config', 0x00000000000081e4)
chmod('/tmp/nimble_6949/githubcom_matkukipython3/.git/config', 0x00000000000081a4)
chmod('/tmp/nimble_6949/githubcom_matkukipython3/.git/config.lock', 0x00000000000001a4)
rename('/tmp/nimble_6949/githubcom_matkukipython3/.git/config.lock', '/tmp/nimble_6949/githubcom_matkukipython3/.git/config')
chmod('/tmp/nimble_6949/githubcom_matkukipython3/.git/config.lock', 0x00000000000001a4)
rename('/tmp/nimble_6949/githubcom_matkukipython3/.git/config.lock', '/tmp/nimble_6949/githubcom_matkukipython3/.git/config')
chmod('/tmp/nimble_6949/githubcom_matkukipython3/.git/config.lock', 0x00000000000001a4)
rename('/tmp/nimble_6949/githubcom_matkukipython3/.git/config.lock', '/tmp/nimble_6949/githubcom_matkukipython3/.git/config')
unlink('/tmp/nimble_6949/githubcom_matkukipython3/.git/tlsDm17')
symlink('testing', '/tmp/nimble_6949/githubcom_matkukipython3/.git/tlsDm17')
unlink('/tmp/nimble_6949/githubcom_matkukipython3/.git/tlsDm17')
mkdir('/tmp/nimble_6949/githubcom_matkukipython3/.git/objects', 0x00000000000001ff)
mkdir('/tmp/nimble_6949/githubcom_matkukipython3/.git/objects/pack', 0x00000000000001ff)
mkdir('/tmp/nimble_6949/githubcom_matkukipython3/.git/objects/info', 0x00000000000001ff)
chmod('/tmp/nimble_6949/githubcom_matkukipython3/.git/config.lock', 0x00000000000001a4)
rename('/tmp/nimble_6949/githubcom_matkukipython3/.git/config.lock', '/tmp/nimble_6949/githubcom_matkukipython3/.git/config')
chmod('/tmp/nimble_6949/githubcom_matkukipython3/.git/config.lock', 0x00000000000001a4)
rename('/tmp/nimble_6949/githubcom_matkukipython3/.git/config.lock', '/tmp/nimble_6949/githubcom_matkukipython3/.git/config')
chmod('/tmp/nimble_6949/githubcom_matkukipython3/.git/config.lock', 0x00000000000001a4)
rename('/tmp/nimble_6949/githubcom_matkukipython3/.git/config.lock', '/tmp/nimble_6949/githubcom_matkukipython3/.git/config')
mkdir('/tmp/nimble_6949/githubcom_matkukipython3/.git/objects/98', 0x00000000000001ff)
link('/tmp/nimble_6949/githubcom_matkukipython3/.git/objects/98/tmp_obj_CyZ6wg', '/tmp/nimble_6949/githubcom_matkukipython3/.git/objects/98/9a8fe96552a3709ecce6e13c8da4ab9b218154')
unlink('/tmp/nimble_6949/githubcom_matkukipython3/.git/objects/98/tmp_obj_CyZ6wg')
mkdir('/tmp/nimble_6949/githubcom_matkukipython3/.git/objects/72', 0x00000000000001ff)
link('/tmp/nimble_6949/githubcom_matkukipython3/.git/objects/72/tmp_obj_U3qvrf', '/tmp/nimble_6949/githubcom_matkukipython3/.git/objects/72/d5b7ccd25e083ec677d17a42f8158d044d89f6')
unlink('/tmp/nimble_6949/githubcom_matkukipython3/.git/objects/72/tmp_obj_U3qvrf')
mkdir('/tmp/nimble_6949/githubcom_matkukipython3/.git/objects/9e', 0x00000000000001ff)
link('/tmp/nimble_6949/githubcom_matkukipython3/.git/objects/9e/tmp_obj_us6gml', '/tmp/nimble_6949/githubcom_matkukipython3/.git/objects/9e/8d694fef5aa09618132d41f6f64f2dd989b42e')
unlink('/tmp/nimble_6949/githubcom_matkukipython3/.git/objects/9e/tmp_obj_us6gml')
link('/tmp/nimble_6949/githubcom_matkukipython3/.git/objects/98/tmp_obj_E3CZmm', '/tmp/nimble_6949/githubcom_matkukipython3/.git/objects/98/9bce4d296f17f8e20026cdd3ba1242491154fc')
unlink('/tmp/nimble_6949/githubcom_matkukipython3/.git/objects/98/tmp_obj_E3CZmm')
mkdir('/tmp/nimble_6949/githubcom_matkukipython3/.git/objects/a6', 0x00000000000001ff)
link('/tmp/nimble_6949/githubcom_matkukipython3/.git/objects/a6/tmp_obj_qQRovs', '/tmp/nimble_6949/githubcom_matkukipython3/.git/objects/a6/6a1e29dea4ba176097af92cb8207dac3ef9673')
unlink('/tmp/nimble_6949/githubcom_matkukipython3/.git/objects/a6/tmp_obj_qQRovs')
mkdir('/tmp/nimble_6949/githubcom_matkukipython3/.git/objects/0a', 0x00000000000001ff)
link('/tmp/nimble_6949/githubcom_matkukipython3/.git/objects/0a/tmp_obj_0MO0Ot', '/tmp/nimble_6949/githubcom_matkukipython3/.git/objects/0a/13478a11fcfdc3ab04ae3d78572fcc9104ebd5')
unlink('/tmp/nimble_6949/githubcom_matkukipython3/.git/objects/0a/tmp_obj_0MO0Ot')
mkdir('/tmp/nimble_6949/githubcom_matkukipython3/.git/objects/ac', 0x00000000000001ff)
link('/tmp/nimble_6949/githubcom_matkukipython3/.git/objects/ac/tmp_obj_qSwBJx', '/tmp/nimble_6949/githubcom_matkukipython3/.git/objects/ac/b0be6fe22a63050f5d6cabf1c1db897eb8ad18')
unlink('/tmp/nimble_6949/githubcom_matkukipython3/.git/objects/ac/tmp_obj_qSwBJx')
link('/tmp/nimble_6949/githubcom_matkukipython3/.git/objects/a6/tmp_obj_KMCiQD', '/tmp/nimble_6949/githubcom_matkukipython3/.git/objects/a6/2baa47abd4ab3dbb885304c56fbaa8ff1b6188')
unlink('/tmp/nimble_6949/githubcom_matkukipython3/.git/objects/a6/tmp_obj_KMCiQD')
mkdir('/tmp/nimble_6949/githubcom_matkukipython3/.git/objects/bb', 0x00000000000001ff)
link('/tmp/nimble_6949/githubcom_matkukipython3/.git/objects/bb/tmp_obj_656nqG', '/tmp/nimble_6949/githubcom_matkukipython3/.git/objects/bb/1484db253085244575a07a17640fdf7969b20d')
unlink('/tmp/nimble_6949/githubcom_matkukipython3/.git/objects/bb/tmp_obj_656nqG')
link('/tmp/nimble_6949/githubcom_matkukipython3/.git/objects/a6/tmp_obj_6LgmCH', '/tmp/nimble_6949/githubcom_matkukipython3/.git/objects/a6/a22df01c4497fb3a8cbbb48160820b6afe81e0')
unlink('/tmp/nimble_6949/githubcom_matkukipython3/.git/objects/a6/tmp_obj_6LgmCH')
mkdir('/tmp/nimble_6949/githubcom_matkukipython3/.git/objects/39', 0x00000000000001ff)
link('/tmp/nimble_6949/githubcom_matkukipython3/.git/objects/39/tmp_obj_EvPU8L', '/tmp/nimble_6949/githubcom_matkukipython3/.git/objects/39/9bc163ba87d32ae11b727576cf0a7d9f96ec7a')
unlink('/tmp/nimble_6949/githubcom_matkukipython3/.git/objects/39/tmp_obj_EvPU8L')
mkdir('/tmp/nimble_6949/githubcom_matkukipython3/.git/objects/73', 0x00000000000001ff)
link('/tmp/nimble_6949/githubcom_matkukipython3/.git/objects/73/tmp_obj_kzExpQ', '/tmp/nimble_6949/githubcom_matkukipython3/.git/objects/73/50bd8064dac9caa076c3391aef4624edb47c4b')
unlink('/tmp/nimble_6949/githubcom_matkukipython3/.git/objects/73/tmp_obj_kzExpQ')
mkdir('/tmp/nimble_6949/githubcom_matkukipython3/.git/objects/d2', 0x00000000000001ff)
link('/tmp/nimble_6949/githubcom_matkukipython3/.git/objects/d2/tmp_obj_aMLsdV', '/tmp/nimble_6949/githubcom_matkukipython3/.git/objects/d2/8b045ab5e39a0dde00c3ee59ecdaa7aca42ee0')
unlink('/tmp/nimble_6949/githubcom_matkukipython3/.git/objects/d2/tmp_obj_aMLsdV')
mkdir('/tmp/nimble_6949/githubcom_matkukipython3/.git/objects/ca', 0x00000000000001ff)
link('/tmp/nimble_6949/githubcom_matkukipython3/.git/objects/ca/tmp_obj_0k47i1', '/tmp/nimble_6949/githubcom_matkukipython3/.git/objects/ca/cd0b4e0a47a97859c6141f03b477f83fbc2001')
unlink('/tmp/nimble_6949/githubcom_matkukipython3/.git/objects/ca/tmp_obj_0k47i1')
mkdir('/tmp/nimble_6949/githubcom_matkukipython3/.git/objects/30', 0x00000000000001ff)
link('/tmp/nimble_6949/githubcom_matkukipython3/.git/objects/30/tmp_obj_63D1p2', '/tmp/nimble_6949/githubcom_matkukipython3/.git/objects/30/7ead7761ed7d9db21f0b548a0553c46cacf0c5')
unlink('/tmp/nimble_6949/githubcom_matkukipython3/.git/objects/30/tmp_obj_63D1p2')
rename('/tmp/nimble_6949/githubcom_matkukipython3/.git/shallow.lock', '/tmp/nimble_6949/githubcom_matkukipython3/.git/shallow')   Warning: Package 'python3' has an incorrect structure. It should contain a single directory hierarchy for source files, named 'python3', but file 'python3_dynamic.nim' is in a directory named 'dynamic' instead. This will be an error in the future.
      Hint: If 'dynamic' contains source files for building 'python3', rename it to 'python3'. Otherwise, prevent its installation by adding `skipDirs = @["dynamic"]` to the .nimble file.
  Verifying dependencies for python3@1.4
 Installing python3@1.4
    Copying file /tmp/nimble_6949/githubcom_matkukipython3/src/python3.nim to /home/runner/.nimble/pkgs/python3-1.4/python3.nim
    Copying file /tmp/nimble_6949/githubcom_matkukipython3/src/dynamic/python3_dynamic.nim to /home/runner/.nimble/pkgs/python3-1.4/dynamic/python3_dynamic.nim
    Copying file /tmp/nimble_6949/githubcom_matkukipython3/src/static/python3_static.nim to /home/runner/.nimble/pkgs/python3-1.4/static/python3_static.nim
    Copying file /tmp/nimble_6949/githubcom_matkukipython3/python3.nimble to /home/runner/.nimble/pkgs/python3-1.4/python3.nimble
   Success: python3 installed successfully.

rename('/tmp/nimble_6949/githubcom_matkukipython3/.git/packed-refs.new', '/tmp/nimble_6949/githubcom_matkukipython3/.git/packed-refs')
unlink('/tmp/nimble_6949/githubcom_matkukipython3/.git/packed-refs.lock')
mkdir('/tmp/nimble_6949/githubcom_matkukipython3/.git/refs/remotes', 0x00000000000001ff)
mkdir('/tmp/nimble_6949/githubcom_matkukipython3/.git/refs/remotes/origin', 0x00000000000001ff)
mkdir('/tmp/nimble_6949/githubcom_matkukipython3/.git/logs', 0x00000000000001ff)
mkdir('/tmp/nimble_6949/githubcom_matkukipython3/.git/logs/refs', 0x00000000000001ff)
mkdir('/tmp/nimble_6949/githubcom_matkukipython3/.git/logs/refs/remotes', 0x00000000000001ff)
mkdir('/tmp/nimble_6949/githubcom_matkukipython3/.git/logs/refs/remotes/origin', 0x00000000000001ff)
rename('/tmp/nimble_6949/githubcom_matkukipython3/.git/refs/remotes/origin/HEAD.lock', '/tmp/nimble_6949/githubcom_matkukipython3/.git/refs/remotes/origin/HEAD')
rename('/tmp/nimble_6949/githubcom_matkukipython3/.git/HEAD.lock', '/tmp/nimble_6949/githubcom_matkukipython3/.git/HEAD')
mkdir('/tmp/nimble_6949/githubcom_matkukipython3/.git/logs/refs/heads', 0x00000000000001ff)
rename('/tmp/nimble_6949/githubcom_matkukipython3/.git/refs/heads/master.lock', '/tmp/nimble_6949/githubcom_matkukipython3/.git/refs/heads/master')
unlink('/tmp/nimble_6949/githubcom_matkukipython3/.git/HEAD.lock')
chmod('/tmp/nimble_6949/githubcom_matkukipython3/.git/config.lock', 0x00000000000001a4)
rename('/tmp/nimble_6949/githubcom_matkukipython3/.git/config.lock', '/tmp/nimble_6949/githubcom_matkukipython3/.git/config')
chmod('/tmp/nimble_6949/githubcom_matkukipython3/.git/config.lock', 0x00000000000001a4)
rename('/tmp/nimble_6949/githubcom_matkukipython3/.git/config.lock', '/tmp/nimble_6949/githubcom_matkukipython3/.git/config')
mkdir('examples', 0x00000000000001ff)
mkdir('src', 0x00000000000001ff)
mkdir('src/dynamic', 0x00000000000001ff)
mkdir('src/static', 0x00000000000001ff)
rename('/tmp/nimble_6949/githubcom_matkukipython3/.git/index.lock', '/tmp/nimble_6949/githubcom_matkukipython3/.git/index')
mkdir('/home', 0x00000000000001ff)
mkdir('/home/runner', 0x00000000000001ff)
mkdir('/home/runner/.nimble', 0x00000000000001ff)
mkdir('/home/runner/.nimble/pkgs', 0x00000000000001ff)
mkdir('/home/runner/.nimble/pkgs/python3-1.4', 0x00000000000001ff)
mkdir('/home', 0x00000000000001ff)
mkdir('/home/runner', 0x00000000000001ff)
mkdir('/home/runner/.nimble', 0x00000000000001ff)
mkdir('/home/runner/.nimble/pkgs', 0x00000000000001ff)
mkdir('/home/runner/.nimble/pkgs/python3-1.4', 0x00000000000001ff)
chmod('/home/runner/.nimble/pkgs/python3-1.4/python3.nim', 0x00000000000001a4)
mkdir('/home', 0x00000000000001ff)
mkdir('/home/runner', 0x00000000000001ff)
mkdir('/home/runner/.nimble', 0x00000000000001ff)
mkdir('/home/runner/.nimble/pkgs', 0x00000000000001ff)
mkdir('/home/runner/.nimble/pkgs/python3-1.4', 0x00000000000001ff)
mkdir('/home/runner/.nimble/pkgs/python3-1.4/dynamic', 0x00000000000001ff)
chmod('/home/runner/.nimble/pkgs/python3-1.4/dynamic/python3_dynamic.nim', 0x00000000000001a4)
mkdir('/home', 0x00000000000001ff)
mkdir('/home/runner', 0x00000000000001ff)
mkdir('/home/runner/.nimble', 0x00000000000001ff)
mkdir('/home/runner/.nimble/pkgs', 0x00000000000001ff)
mkdir('/home/runner/.nimble/pkgs/python3-1.4', 0x00000000000001ff)
mkdir('/home/runner/.nimble/pkgs/python3-1.4/static', 0x00000000000001ff)
chmod('/home/runner/.nimble/pkgs/python3-1.4/static/python3_static.nim', 0x00000000000001a4)
chmod('/home/runner/.nimble/pkgs/python3-1.4/python3.nimble', 0x00000000000001a4)
unlink('/tmp/nimble_6949/githubcom_matkukipython3/README.md')
unlink('/tmp/nimble_6949/githubcom_matkukipython3/.git/refs/remotes/origin/HEAD')
rmdir('/tmp/nimble_6949/githubcom_matkukipython3/.git/refs/remotes/origin')
rmdir('/tmp/nimble_6949/githubcom_matkukipython3/.git/refs/remotes')
rmdir('/tmp/nimble_6949/githubcom_matkukipython3/.git/refs/tags')
unlink('/tmp/nimble_6949/githubcom_matkukipython3/.git/refs/heads/master')
rmdir('/tmp/nimble_6949/githubcom_matkukipython3/.git/refs/heads')
rmdir('/tmp/nimble_6949/githubcom_matkukipython3/.git/refs')
unlink('/tmp/nimble_6949/githubcom_matkukipython3/.git/info/exclude')
rmdir('/tmp/nimble_6949/githubcom_matkukipython3/.git/info')
rmdir('/tmp/nimble_6949/githubcom_matkukipython3/.git/branches')
unlink('/tmp/nimble_6949/githubcom_matkukipython3/.git/logs/refs/remotes/origin/HEAD')
rmdir('/tmp/nimble_6949/githubcom_matkukipython3/.git/logs/refs/remotes/origin')
rmdir('/tmp/nimble_6949/githubcom_matkukipython3/.git/logs/refs/remotes')
unlink('/tmp/nimble_6949/githubcom_matkukipython3/.git/logs/refs/heads/master')
rmdir('/tmp/nimble_6949/githubcom_matkukipython3/.git/logs/refs/heads')
rmdir('/tmp/nimble_6949/githubcom_matkukipython3/.git/logs/refs')
unlink('/tmp/nimble_6949/githubcom_matkukipython3/.git/logs/HEAD')
rmdir('/tmp/nimble_6949/githubcom_matkukipython3/.git/logs')
unlink('/tmp/nimble_6949/githubcom_matkukipython3/.git/description')
unlink('/tmp/nimble_6949/githubcom_matkukipython3/.git/hooks/pre-rebase.sample')
unlink('/tmp/nimble_6949/githubcom_matkukipython3/.git/hooks/applypatch-msg.sample')
unlink('/tmp/nimble_6949/githubcom_matkukipython3/.git/hooks/pre-push.sample')
unlink('/tmp/nimble_6949/githubcom_matkukipython3/.git/hooks/pre-merge-commit.sample')
unlink('/tmp/nimble_6949/githubcom_matkukipython3/.git/hooks/pre-receive.sample')
unlink('/tmp/nimble_6949/githubcom_matkukipython3/.git/hooks/update.sample')
unlink('/tmp/nimble_6949/githubcom_matkukipython3/.git/hooks/pre-commit.sample')
unlink('/tmp/nimble_6949/githubcom_matkukipython3/.git/hooks/pre-applypatch.sample')
unlink('/tmp/nimble_6949/githubcom_matkukipython3/.git/hooks/commit-msg.sample')
unlink('/tmp/nimble_6949/githubcom_matkukipython3/.git/hooks/fsmonitor-watchman.sample')
unlink('/tmp/nimble_6949/githubcom_matkukipython3/.git/hooks/prepare-commit-msg.sample')
unlink('/tmp/nimble_6949/githubcom_matkukipython3/.git/hooks/post-update.sample')
rmdir('/tmp/nimble_6949/githubcom_matkukipython3/.git/hooks')
unlink('/tmp/nimble_6949/githubcom_matkukipython3/.git/shallow')
unlink('/tmp/nimble_6949/githubcom_matkukipython3/.git/config')
unlink('/tmp/nimble_6949/githubcom_matkukipython3/.git/index')
unlink('/tmp/nimble_6949/githubcom_matkukipython3/.git/objects/ac/b0be6fe22a63050f5d6cabf1c1db897eb8ad18')
rmdir('/tmp/nimble_6949/githubcom_matkukipython3/.git/objects/ac')
rmdir('/tmp/nimble_6949/githubcom_matkukipython3/.git/objects/info')
unlink('/tmp/nimble_6949/githubcom_matkukipython3/.git/objects/72/d5b7ccd25e083ec677d17a42f8158d044d89f6')
rmdir('/tmp/nimble_6949/githubcom_matkukipython3/.git/objects/72')
unlink('/tmp/nimble_6949/githubcom_matkukipython3/.git/objects/73/50bd8064dac9caa076c3391aef4624edb47c4b')
rmdir('/tmp/nimble_6949/githubcom_matkukipython3/.git/objects/73')
unlink('/tmp/nimble_6949/githubcom_matkukipython3/.git/objects/ca/cd0b4e0a47a97859c6141f03b477f83fbc2001')
rmdir('/tmp/nimble_6949/githubcom_matkukipython3/.git/objects/ca')
unlink('/tmp/nimble_6949/githubcom_matkukipython3/.git/objects/39/9bc163ba87d32ae11b727576cf0a7d9f96ec7a')
rmdir('/tmp/nimble_6949/githubcom_matkukipython3/.git/objects/39')
unlink('/tmp/nimble_6949/githubcom_matkukipython3/.git/objects/a6/6a1e29dea4ba176097af92cb8207dac3ef9673')
unlink('/tmp/nimble_6949/githubcom_matkukipython3/.git/objects/a6/2baa47abd4ab3dbb885304c56fbaa8ff1b6188')
unlink('/tmp/nimble_6949/githubcom_matkukipython3/.git/objects/a6/a22df01c4497fb3a8cbbb48160820b6afe81e0')
rmdir('/tmp/nimble_6949/githubcom_matkukipython3/.git/objects/a6')
unlink('/tmp/nimble_6949/githubcom_matkukipython3/.git/objects/30/7ead7761ed7d9db21f0b548a0553c46cacf0c5')
rmdir('/tmp/nimble_6949/githubcom_matkukipython3/.git/objects/30')
unlink('/tmp/nimble_6949/githubcom_matkukipython3/.git/objects/0a/13478a11fcfdc3ab04ae3d78572fcc9104ebd5')
rmdir('/tmp/nimble_6949/githubcom_matkukipython3/.git/objects/0a')
unlink('/tmp/nimble_6949/githubcom_matkukipython3/.git/objects/98/9bce4d296f17f8e20026cdd3ba1242491154fc')
unlink('/tmp/nimble_6949/githubcom_matkukipython3/.git/objects/98/9a8fe96552a3709ecce6e13c8da4ab9b218154')
rmdir('/tmp/nimble_6949/githubcom_matkukipython3/.git/objects/98')
unlink('/tmp/nimble_6949/githubcom_matkukipython3/.git/objects/9e/8d694fef5aa09618132d41f6f64f2dd989b42e')
rmdir('/tmp/nimble_6949/githubcom_matkukipython3/.git/objects/9e')
unlink('/tmp/nimble_6949/githubcom_matkukipython3/.git/objects/d2/8b045ab5e39a0dde00c3ee59ecdaa7aca42ee0')
rmdir('/tmp/nimble_6949/githubcom_matkukipython3/.git/objects/d2')
unlink('/tmp/nimble_6949/githubcom_matkukipython3/.git/objects/bb/1484db253085244575a07a17640fdf7969b20d')
rmdir('/tmp/nimble_6949/githubcom_matkukipython3/.git/objects/bb')
rmdir('/tmp/nimble_6949/githubcom_matkukipython3/.git/objects/pack')
rmdir('/tmp/nimble_6949/githubcom_matkukipython3/.git/objects')
unlink('/tmp/nimble_6949/githubcom_matkukipython3/.git/packed-refs')
unlink('/tmp/nimble_6949/githubcom_matkukipython3/.git/HEAD')
rmdir('/tmp/nimble_6949/githubcom_matkukipython3/.git')
unlink('/tmp/nimble_6949/githubcom_matkukipython3/src/python3.nim')
unlink('/tmp/nimble_6949/githubcom_matkukipython3/src/dynamic/python3_dynamic.nim')
rmdir('/tmp/nimble_6949/githubcom_matkukipython3/src/dynamic')
unlink('/tmp/nimble_6949/githubcom_matkukipython3/src/static/python3_static.nim')
rmdir('/tmp/nimble_6949/githubcom_matkukipython3/src/static')
rmdir('/tmp/nimble_6949/githubcom_matkukipython3/src')
unlink('/tmp/nimble_6949/githubcom_matkukipython3/examples/examples.nim')
unlink('/tmp/nimble_6949/githubcom_matkukipython3/examples/example_module.py')
unlink('/tmp/nimble_6949/githubcom_matkukipython3/examples/script_example2.py')
unlink('/tmp/nimble_6949/githubcom_matkukipython3/examples/script_example1.py')
rmdir('/tmp/nimble_6949/githubcom_matkukipython3/examples')
unlink('/tmp/nimble_6949/githubcom_matkukipython3/python3.nimble')
rmdir('/tmp/nimble_6949/githubcom_matkukipython3')
rmdir('/tmp/nimble_6949')
  create directory /tmp
  create directory /tmp/nimble_6949
  create directory /tmp/nimble_6949/githubcom_matkukipython3
  delete /tmp/nimble_6949/githubcom_matkukipython3
  create directory /tmp/nimble_6949/githubcom_matkukipython3
  create directory /tmp/nimble_6949/githubcom_matkukipython3/.git
  create directory /tmp/nimble_6949/githubcom_matkukipython3/.git
  create directory /tmp/nimble_6949/githubcom_matkukipython3/.git/info
  create directory /tmp/nimble_6949/githubcom_matkukipython3/.git/branches
  create directory /tmp/nimble_6949/githubcom_matkukipython3/.git/hooks
  create directory /tmp/nimble_6949/githubcom_matkukipython3/.git/refs
  create directory /tmp/nimble_6949/githubcom_matkukipython3/.git/refs/heads
  create directory /tmp/nimble_6949/githubcom_matkukipython3/.git/refs/tags
  rename /tmp/nimble_6949/githubcom_matkukipython3/.git/HEAD.lock to HEAD
  rename /tmp/nimble_6949/githubcom_matkukipython3/.git/config.lock to config
  change permissions of /tmp/nimble_6949/githubcom_matkukipython3/.git/config to rwxr--r--
  change permissions of /tmp/nimble_6949/githubcom_matkukipython3/.git/config to rw-r--r--
  change permissions of /tmp/nimble_6949/githubcom_matkukipython3/.git/config.lock to rw-r--r--
  rename /tmp/nimble_6949/githubcom_matkukipython3/.git/config.lock to config
  change permissions of /tmp/nimble_6949/githubcom_matkukipython3/.git/config.lock to rw-r--r--
  rename /tmp/nimble_6949/githubcom_matkukipython3/.git/config.lock to config
  change permissions of /tmp/nimble_6949/githubcom_matkukipython3/.git/config.lock to rw-r--r--
  rename /tmp/nimble_6949/githubcom_matkukipython3/.git/config.lock to config
  delete /tmp/nimble_6949/githubcom_matkukipython3/.git/tlsDm17
  create symbolic link from /tmp/nimble_6949/githubcom_matkukipython3/.git/tlsDm17 to /home/runner/work/nim_packages_security_audit/nim_packages_security_audit/testing
  delete /tmp/nimble_6949/githubcom_matkukipython3/.git/tlsDm17
  create directory /tmp/nimble_6949/githubcom_matkukipython3/.git/objects
  create directory /tmp/nimble_6949/githubcom_matkukipython3/.git/objects/pack
  create directory /tmp/nimble_6949/githubcom_matkukipython3/.git/objects/info
  change permissions of /tmp/nimble_6949/githubcom_matkukipython3/.git/config.lock to rw-r--r--
  rename /tmp/nimble_6949/githubcom_matkukipython3/.git/config.lock to config
  change permissions of /tmp/nimble_6949/githubcom_matkukipython3/.git/config.lock to rw-r--r--
  rename /tmp/nimble_6949/githubcom_matkukipython3/.git/config.lock to config
  change permissions of /tmp/nimble_6949/githubcom_matkukipython3/.git/config.lock to rw-r--r--
  rename /tmp/nimble_6949/githubcom_matkukipython3/.git/config.lock to config
  create directory /tmp/nimble_6949/githubcom_matkukipython3/.git/objects/98
  create hard link from /tmp/nimble_6949/githubcom_matkukipython3/.git/objects/98/9a8fe96552a3709ecce6e13c8da4ab9b218154 to /tmp/nimble_6949/githubcom_matkukipython3/.git/objects/98/tmp_obj_CyZ6wg
  delete /tmp/nimble_6949/githubcom_matkukipython3/.git/objects/98/tmp_obj_CyZ6wg
  create directory /tmp/nimble_6949/githubcom_matkukipython3/.git/objects/72
  create hard link from /tmp/nimble_6949/githubcom_matkukipython3/.git/objects/72/d5b7ccd25e083ec677d17a42f8158d044d89f6 to /tmp/nimble_6949/githubcom_matkukipython3/.git/objects/72/tmp_obj_U3qvrf
  delete /tmp/nimble_6949/githubcom_matkukipython3/.git/objects/72/tmp_obj_U3qvrf
  create directory /tmp/nimble_6949/githubcom_matkukipython3/.git/objects/9e
  create hard link from /tmp/nimble_6949/githubcom_matkukipython3/.git/objects/9e/8d694fef5aa09618132d41f6f64f2dd989b42e to /tmp/nimble_6949/githubcom_matkukipython3/.git/objects/9e/tmp_obj_us6gml
  delete /tmp/nimble_6949/githubcom_matkukipython3/.git/objects/9e/tmp_obj_us6gml
  create hard link from /tmp/nimble_6949/githubcom_matkukipython3/.git/objects/98/9bce4d296f17f8e20026cdd3ba1242491154fc to /tmp/nimble_6949/githubcom_matkukipython3/.git/objects/98/tmp_obj_E3CZmm
  delete /tmp/nimble_6949/githubcom_matkukipython3/.git/objects/98/tmp_obj_E3CZmm
  create directory /tmp/nimble_6949/githubcom_matkukipython3/.git/objects/a6
  create hard link from /tmp/nimble_6949/githubcom_matkukipython3/.git/objects/a6/6a1e29dea4ba176097af92cb8207dac3ef9673 to /tmp/nimble_6949/githubcom_matkukipython3/.git/objects/a6/tmp_obj_qQRovs
  delete /tmp/nimble_6949/githubcom_matkukipython3/.git/objects/a6/tmp_obj_qQRovs
  create directory /tmp/nimble_6949/githubcom_matkukipython3/.git/objects/0a
  create hard link from /tmp/nimble_6949/githubcom_matkukipython3/.git/objects/0a/13478a11fcfdc3ab04ae3d78572fcc9104ebd5 to /tmp/nimble_6949/githubcom_matkukipython3/.git/objects/0a/tmp_obj_0MO0Ot
  delete /tmp/nimble_6949/githubcom_matkukipython3/.git/objects/0a/tmp_obj_0MO0Ot
  create directory /tmp/nimble_6949/githubcom_matkukipython3/.git/objects/ac
  create hard link from /tmp/nimble_6949/githubcom_matkukipython3/.git/objects/ac/b0be6fe22a63050f5d6cabf1c1db897eb8ad18 to /tmp/nimble_6949/githubcom_matkukipython3/.git/objects/ac/tmp_obj_qSwBJx
  delete /tmp/nimble_6949/githubcom_matkukipython3/.git/objects/ac/tmp_obj_qSwBJx
  create hard link from /tmp/nimble_6949/githubcom_matkukipython3/.git/objects/a6/2baa47abd4ab3dbb885304c56fbaa8ff1b6188 to /tmp/nimble_6949/githubcom_matkukipython3/.git/objects/a6/tmp_obj_KMCiQD
  delete /tmp/nimble_6949/githubcom_matkukipython3/.git/objects/a6/tmp_obj_KMCiQD
  create directory /tmp/nimble_6949/githubcom_matkukipython3/.git/objects/bb
  create hard link from /tmp/nimble_6949/githubcom_matkukipython3/.git/objects/bb/1484db253085244575a07a17640fdf7969b20d to /tmp/nimble_6949/githubcom_matkukipython3/.git/objects/bb/tmp_obj_656nqG
  delete /tmp/nimble_6949/githubcom_matkukipython3/.git/objects/bb/tmp_obj_656nqG
  create hard link from /tmp/nimble_6949/githubcom_matkukipython3/.git/objects/a6/a22df01c4497fb3a8cbbb48160820b6afe81e0 to /tmp/nimble_6949/githubcom_matkukipython3/.git/objects/a6/tmp_obj_6LgmCH
  delete /tmp/nimble_6949/githubcom_matkukipython3/.git/objects/a6/tmp_obj_6LgmCH
  create directory /tmp/nimble_6949/githubcom_matkukipython3/.git/objects/39
  create hard link from /tmp/nimble_6949/githubcom_matkukipython3/.git/objects/39/9bc163ba87d32ae11b727576cf0a7d9f96ec7a to /tmp/nimble_6949/githubcom_matkukipython3/.git/objects/39/tmp_obj_EvPU8L
  delete /tmp/nimble_6949/githubcom_matkukipython3/.git/objects/39/tmp_obj_EvPU8L
  create directory /tmp/nimble_6949/githubcom_matkukipython3/.git/objects/73
  create hard link from /tmp/nimble_6949/githubcom_matkukipython3/.git/objects/73/50bd8064dac9caa076c3391aef4624edb47c4b to /tmp/nimble_6949/githubcom_matkukipython3/.git/objects/73/tmp_obj_kzExpQ
  delete /tmp/nimble_6949/githubcom_matkukipython3/.git/objects/73/tmp_obj_kzExpQ
  create directory /tmp/nimble_6949/githubcom_matkukipython3/.git/objects/d2
  create hard link from /tmp/nimble_6949/githubcom_matkukipython3/.git/objects/d2/8b045ab5e39a0dde00c3ee59ecdaa7aca42ee0 to /tmp/nimble_6949/githubcom_matkukipython3/.git/objects/d2/tmp_obj_aMLsdV
  delete /tmp/nimble_6949/githubcom_matkukipython3/.git/objects/d2/tmp_obj_aMLsdV
  create directory /tmp/nimble_6949/githubcom_matkukipython3/.git/objects/ca
  create hard link from /tmp/nimble_6949/githubcom_matkukipython3/.git/objects/ca/cd0b4e0a47a97859c6141f03b477f83fbc2001 to /tmp/nimble_6949/githubcom_matkukipython3/.git/objects/ca/tmp_obj_0k47i1
  delete /tmp/nimble_6949/githubcom_matkukipython3/.git/objects/ca/tmp_obj_0k47i1
  create directory /tmp/nimble_6949/githubcom_matkukipython3/.git/objects/30
  create hard link from /tmp/nimble_6949/githubcom_matkukipython3/.git/objects/30/7ead7761ed7d9db21f0b548a0553c46cacf0c5 to /tmp/nimble_6949/githubcom_matkukipython3/.git/objects/30/tmp_obj_63D1p2
  delete /tmp/nimble_6949/githubcom_matkukipython3/.git/objects/30/tmp_obj_63D1p2
  rename /tmp/nimble_6949/githubcom_matkukipython3/.git/shallow.lock to shallow
  rename /tmp/nimble_6949/githubcom_matkukipython3/.git/packed-refs.new to packed-refs
  delete /tmp/nimble_6949/githubcom_matkukipython3/.git/packed-refs.lock
  create directory /tmp/nimble_6949/githubcom_matkukipython3/.git/refs/remotes
  create directory /tmp/nimble_6949/githubcom_matkukipython3/.git/refs/remotes/origin
  create directory /tmp/nimble_6949/githubcom_matkukipython3/.git/logs
  create directory /tmp/nimble_6949/githubcom_matkukipython3/.git/logs/refs
  create directory /tmp/nimble_6949/githubcom_matkukipython3/.git/logs/refs/remotes
  create directory /tmp/nimble_6949/githubcom_matkukipython3/.git/logs/refs/remotes/origin
  rename /tmp/nimble_6949/githubcom_matkukipython3/.git/refs/remotes/origin/HEAD.lock to HEAD
  rename /tmp/nimble_6949/githubcom_matkukipython3/.git/HEAD.lock to HEAD
  create directory /tmp/nimble_6949/githubcom_matkukipython3/.git/logs/refs/heads
  rename /tmp/nimble_6949/githubcom_matkukipython3/.git/refs/heads/master.lock to master
  delete /tmp/nimble_6949/githubcom_matkukipython3/.git/HEAD.lock
  change permissions of /tmp/nimble_6949/githubcom_matkukipython3/.git/config.lock to rw-r--r--
  rename /tmp/nimble_6949/githubcom_matkukipython3/.git/config.lock to config
  change permissions of /tmp/nimble_6949/githubcom_matkukipython3/.git/config.lock to rw-r--r--
  rename /tmp/nimble_6949/githubcom_matkukipython3/.git/config.lock to config
  create directory /tmp/nimble_6949/githubcom_matkukipython3/examples
  create directory /tmp/nimble_6949/githubcom_matkukipython3/src
  create directory /tmp/nimble_6949/githubcom_matkukipython3/src/dynamic
  create directory /tmp/nimble_6949/githubcom_matkukipython3/src/static
  rename /tmp/nimble_6949/githubcom_matkukipython3/.git/index.lock to index
  create directory /home
  create directory /home/runner
  create directory /home/runner/.nimble
  create directory /home/runner/.nimble/pkgs
  create directory /home/runner/.nimble/pkgs/python3-1.4
  create directory /home
  create directory /home/runner
  create directory /home/runner/.nimble
  create directory /home/runner/.nimble/pkgs
  create directory /home/runner/.nimble/pkgs/python3-1.4
  change permissions of /home/runner/.nimble/pkgs/python3-1.4/python3.nim to rw-r--r--
  create directory /home
  create directory /home/runner
  create directory /home/runner/.nimble
  create directory /home/runner/.nimble/pkgs
  create directory /home/runner/.nimble/pkgs/python3-1.4
  create directory /home/runner/.nimble/pkgs/python3-1.4/dynamic
  change permissions of /home/runner/.nimble/pkgs/python3-1.4/dynamic/python3_dynamic.nim to rw-r--r--
  create directory /home
  create directory /home/runner
  create directory /home/runner/.nimble
  create directory /home/runner/.nimble/pkgs
  create directory /home/runner/.nimble/pkgs/python3-1.4
  create directory /home/runner/.nimble/pkgs/python3-1.4/static
  change permissions of /home/runner/.nimble/pkgs/python3-1.4/static/python3_static.nim to rw-r--r--
  change permissions of /home/runner/.nimble/pkgs/python3-1.4/python3.nimble to rw-r--r--
  delete /tmp/nimble_6949/githubcom_matkukipython3/README.md
  delete /tmp/nimble_6949/githubcom_matkukipython3/.git/refs/remotes/origin/HEAD
  delete /tmp/nimble_6949/githubcom_matkukipython3/.git/refs/remotes/origin
  delete /tmp/nimble_6949/githubcom_matkukipython3/.git/refs/remotes
  delete /tmp/nimble_6949/githubcom_matkukipython3/.git/refs/tags
  delete /tmp/nimble_6949/githubcom_matkukipython3/.git/refs/heads/master
  delete /tmp/nimble_6949/githubcom_matkukipython3/.git/refs/heads
  delete /tmp/nimble_6949/githubcom_matkukipython3/.git/refs
  delete /tmp/nimble_6949/githubcom_matkukipython3/.git/info/exclude
  delete /tmp/nimble_6949/githubcom_matkukipython3/.git/info
  delete /tmp/nimble_6949/githubcom_matkukipython3/.git/branches
  delete /tmp/nimble_6949/githubcom_matkukipython3/.git/logs/refs/remotes/origin/HEAD
  delete /tmp/nimble_6949/githubcom_matkukipython3/.git/logs/refs/remotes/origin
  delete /tmp/nimble_6949/githubcom_matkukipython3/.git/logs/refs/remotes
  delete /tmp/nimble_6949/githubcom_matkukipython3/.git/logs/refs/heads/master
  delete /tmp/nimble_6949/githubcom_matkukipython3/.git/logs/refs/heads
  delete /tmp/nimble_6949/githubcom_matkukipython3/.git/logs/refs
  delete /tmp/nimble_6949/githubcom_matkukipython3/.git/logs/HEAD
  delete /tmp/nimble_6949/githubcom_matkukipython3/.git/logs
  delete /tmp/nimble_6949/githubcom_matkukipython3/.git/description
  delete /tmp/nimble_6949/githubcom_matkukipython3/.git/hooks/pre-rebase.sample
  delete /tmp/nimble_6949/githubcom_matkukipython3/.git/hooks/applypatch-msg.sample
  delete /tmp/nimble_6949/githubcom_matkukipython3/.git/hooks/pre-push.sample
  delete /tmp/nimble_6949/githubcom_matkukipython3/.git/hooks/pre-merge-commit.sample
  delete /tmp/nimble_6949/githubcom_matkukipython3/.git/hooks/pre-receive.sample
  delete /tmp/nimble_6949/githubcom_matkukipython3/.git/hooks/update.sample
  delete /tmp/nimble_6949/githubcom_matkukipython3/.git/hooks/pre-commit.sample
  delete /tmp/nimble_6949/githubcom_matkukipython3/.git/hooks/pre-applypatch.sample
  delete /tmp/nimble_6949/githubcom_matkukipython3/.git/hooks/commit-msg.sample
  delete /tmp/nimble_6949/githubcom_matkukipython3/.git/hooks/fsmonitor-watchman.sample
  delete /tmp/nimble_6949/githubcom_matkukipython3/.git/hooks/prepare-commit-msg.sample
  delete /tmp/nimble_6949/githubcom_matkukipython3/.git/hooks/post-update.sample
  delete /tmp/nimble_6949/githubcom_matkukipython3/.git/hooks
  delete /tmp/nimble_6949/githubcom_matkukipython3/.git/shallow
  delete /tmp/nimble_6949/githubcom_matkukipython3/.git/config
  delete /tmp/nimble_6949/githubcom_matkukipython3/.git/index
  delete /tmp/nimble_6949/githubcom_matkukipython3/.git/objects/ac/b0be6fe22a63050f5d6cabf1c1db897eb8ad18
  delete /tmp/nimble_6949/githubcom_matkukipython3/.git/objects/ac
  delete /tmp/nimble_6949/githubcom_matkukipython3/.git/objects/info
  delete /tmp/nimble_6949/githubcom_matkukipython3/.git/objects/72/d5b7ccd25e083ec677d17a42f8158d044d89f6
  delete /tmp/nimble_6949/githubcom_matkukipython3/.git/objects/72
  delete /tmp/nimble_6949/githubcom_matkukipython3/.git/objects/73/50bd8064dac9caa076c3391aef4624edb47c4b
  delete /tmp/nimble_6949/githubcom_matkukipython3/.git/objects/73
  delete /tmp/nimble_6949/githubcom_matkukipython3/.git/objects/ca/cd0b4e0a47a97859c6141f03b477f83fbc2001
  delete /tmp/nimble_6949/githubcom_matkukipython3/.git/objects/ca
  delete /tmp/nimble_6949/githubcom_matkukipython3/.git/objects/39/9bc163ba87d32ae11b727576cf0a7d9f96ec7a
  delete /tmp/nimble_6949/githubcom_matkukipython3/.git/objects/39
  delete /tmp/nimble_6949/githubcom_matkukipython3/.git/objects/a6/6a1e29dea4ba176097af92cb8207dac3ef9673
  delete /tmp/nimble_6949/githubcom_matkukipython3/.git/objects/a6/2baa47abd4ab3dbb885304c56fbaa8ff1b6188
  delete /tmp/nimble_6949/githubcom_matkukipython3/.git/objects/a6/a22df01c4497fb3a8cbbb48160820b6afe81e0
  delete /tmp/nimble_6949/githubcom_matkukipython3/.git/objects/a6
  delete /tmp/nimble_6949/githubcom_matkukipython3/.git/objects/30/7ead7761ed7d9db21f0b548a0553c46cacf0c5
  delete /tmp/nimble_6949/githubcom_matkukipython3/.git/objects/30
  delete /tmp/nimble_6949/githubcom_matkukipython3/.git/objects/0a/13478a11fcfdc3ab04ae3d78572fcc9104ebd5
  delete /tmp/nimble_6949/githubcom_matkukipython3/.git/objects/0a
  delete /tmp/nimble_6949/githubcom_matkukipython3/.git/objects/98/9bce4d296f17f8e20026cdd3ba1242491154fc
  delete /tmp/nimble_6949/githubcom_matkukipython3/.git/objects/98/9a8fe96552a3709ecce6e13c8da4ab9b218154
  delete /tmp/nimble_6949/githubcom_matkukipython3/.git/objects/98
  delete /tmp/nimble_6949/githubcom_matkukipython3/.git/objects/9e/8d694fef5aa09618132d41f6f64f2dd989b42e
  delete /tmp/nimble_6949/githubcom_matkukipython3/.git/objects/9e
  delete /tmp/nimble_6949/githubcom_matkukipython3/.git/objects/d2/8b045ab5e39a0dde00c3ee59ecdaa7aca42ee0
  delete /tmp/nimble_6949/githubcom_matkukipython3/.git/objects/d2
  delete /tmp/nimble_6949/githubcom_matkukipython3/.git/objects/bb/1484db253085244575a07a17640fdf7969b20d
  delete /tmp/nimble_6949/githubcom_matkukipython3/.git/objects/bb
  delete /tmp/nimble_6949/githubcom_matkukipython3/.git/objects/pack
  delete /tmp/nimble_6949/githubcom_matkukipython3/.git/objects
  delete /tmp/nimble_6949/githubcom_matkukipython3/.git/packed-refs
  delete /tmp/nimble_6949/githubcom_matkukipython3/.git/HEAD
  delete /tmp/nimble_6949/githubcom_matkukipython3/.git
  delete /tmp/nimble_6949/githubcom_matkukipython3/src/python3.nim
  delete /tmp/nimble_6949/githubcom_matkukipython3/src/dynamic/python3_dynamic.nim
  delete /tmp/nimble_6949/githubcom_matkukipython3/src/dynamic
  delete /tmp/nimble_6949/githubcom_matkukipython3/src/static/python3_static.nim
  delete /tmp/nimble_6949/githubcom_matkukipython3/src/static
  delete /tmp/nimble_6949/githubcom_matkukipython3/src
  delete /tmp/nimble_6949/githubcom_matkukipython3/examples/examples.nim
  delete /tmp/nimble_6949/githubcom_matkukipython3/examples/example_module.py
  delete /tmp/nimble_6949/githubcom_matkukipython3/examples/script_example2.py
  delete /tmp/nimble_6949/githubcom_matkukipython3/examples/script_example1.py
  delete /tmp/nimble_6949/githubcom_matkukipython3/examples
  delete /tmp/nimble_6949/githubcom_matkukipython3/python3.nimble
  delete /tmp/nimble_6949/githubcom_matkukipython3
  delete /tmp/nimble_6949
