    Reading official package list
Downloading https://github.com/hyu1996/qeu using git
mkdir('/tmp', 0x00000000000001ff)
mkdir('/tmp/nimble_4168', 0x00000000000001ff)
mkdir('/tmp/nimble_4168/githubcom_hyu1996qeu', 0x00000000000001ff)
rmdir('/tmp/nimble_4168/githubcom_hyu1996qeu')
mkdir('/tmp/nimble_4168/githubcom_hyu1996qeu', 0x00000000000001ff)
mkdir('/tmp/nimble_4168/githubcom_hyu1996qeu/.git', 0x00000000000001ff)
mkdir('/tmp/nimble_4168/githubcom_hyu1996qeu/.git/', 0x00000000000001ff)
mkdir('/tmp/nimble_4168/githubcom_hyu1996qeu/.git/info/', 0x00000000000001ff)
mkdir('/tmp/nimble_4168/githubcom_hyu1996qeu/.git/branches/', 0x00000000000001ff)
mkdir('/tmp/nimble_4168/githubcom_hyu1996qeu/.git/hooks/', 0x00000000000001ff)
mkdir('/tmp/nimble_4168/githubcom_hyu1996qeu/.git/refs', 0x00000000000001ff)
mkdir('/tmp/nimble_4168/githubcom_hyu1996qeu/.git/refs/heads', 0x00000000000001ff)
mkdir('/tmp/nimble_4168/githubcom_hyu1996qeu/.git/refs/tags', 0x00000000000001ff)
rename('/tmp/nimble_4168/githubcom_hyu1996qeu/.git/HEAD.lock', '/tmp/nimble_4168/githubcom_hyu1996qeu/.git/HEAD')
rename('/tmp/nimble_4168/githubcom_hyu1996qeu/.git/config.lock', '/tmp/nimble_4168/githubcom_hyu1996qeu/.git/config')
chmod('/tmp/nimble_4168/githubcom_hyu1996qeu/.git/config', 0x00000000000081e4)
chmod('/tmp/nimble_4168/githubcom_hyu1996qeu/.git/config', 0x00000000000081a4)
chmod('/tmp/nimble_4168/githubcom_hyu1996qeu/.git/config.lock', 0x00000000000001a4)
rename('/tmp/nimble_4168/githubcom_hyu1996qeu/.git/config.lock', '/tmp/nimble_4168/githubcom_hyu1996qeu/.git/config')
chmod('/tmp/nimble_4168/githubcom_hyu1996qeu/.git/config.lock', 0x00000000000001a4)
rename('/tmp/nimble_4168/githubcom_hyu1996qeu/.git/config.lock', '/tmp/nimble_4168/githubcom_hyu1996qeu/.git/config')
chmod('/tmp/nimble_4168/githubcom_hyu1996qeu/.git/config.lock', 0x00000000000001a4)
rename('/tmp/nimble_4168/githubcom_hyu1996qeu/.git/config.lock', '/tmp/nimble_4168/githubcom_hyu1996qeu/.git/config')
unlink('/tmp/nimble_4168/githubcom_hyu1996qeu/.git/tf3ALEa')
symlink('testing', '/tmp/nimble_4168/githubcom_hyu1996qeu/.git/tf3ALEa')
unlink('/tmp/nimble_4168/githubcom_hyu1996qeu/.git/tf3ALEa')
mkdir('/tmp/nimble_4168/githubcom_hyu1996qeu/.git/objects', 0x00000000000001ff)
mkdir('/tmp/nimble_4168/githubcom_hyu1996qeu/.git/objects/pack', 0x00000000000001ff)
mkdir('/tmp/nimble_4168/githubcom_hyu1996qeu/.git/objects/info', 0x00000000000001ff)
chmod('/tmp/nimble_4168/githubcom_hyu1996qeu/.git/config.lock', 0x00000000000001a4)
rename('/tmp/nimble_4168/githubcom_hyu1996qeu/.git/config.lock', '/tmp/nimble_4168/githubcom_hyu1996qeu/.git/config')
chmod('/tmp/nimble_4168/githubcom_hyu1996qeu/.git/config.lock', 0x00000000000001a4)
rename('/tmp/nimble_4168/githubcom_hyu1996qeu/.git/config.lock', '/tmp/nimble_4168/githubcom_hyu1996qeu/.git/config')
chmod('/tmp/nimble_4168/githubcom_hyu1996qeu/.git/config.lock', 0x00000000000001a4)
rename('/tmp/nimble_4168/githubcom_hyu1996qeu/.git/config.lock', '/tmp/nimble_4168/githubcom_hyu1996qeu/.git/config')
mkdir('/tmp/nimble_4168/githubcom_hyu1996qeu/.git/objects/ef', 0x00000000000001ff)
link('/tmp/nimble_4168/githubcom_hyu1996qeu/.git/objects/ef/tmp_obj_URHvaV', '/tmp/nimble_4168/githubcom_hyu1996qeu/.git/objects/ef/ba753872207b144f3249c349f8f32356fad2ec')
unlink('/tmp/nimble_4168/githubcom_hyu1996qeu/.git/objects/ef/tmp_obj_URHvaV')
mkdir('/tmp/nimble_4168/githubcom_hyu1996qeu/.git/objects/57', 0x00000000000001ff)
link('/tmp/nimble_4168/githubcom_hyu1996qeu/.git/objects/57/tmp_obj_SS2XH1', '/tmp/nimble_4168/githubcom_hyu1996qeu/.git/objects/57/a60b131de87409e75b010efc5c5a6246ead135')
unlink('/tmp/nimble_4168/githubcom_hyu1996qeu/.git/objects/57/tmp_obj_SS2XH1')
mkdir('/tmp/nimble_4168/githubcom_hyu1996qeu/.git/objects/32', 0x00000000000001ff)
link('/tmp/nimble_4168/githubcom_hyu1996qeu/.git/objects/32/tmp_obj_2hXNc4', '/tmp/nimble_4168/githubcom_hyu1996qeu/.git/objects/32/e1dc0fdec7f15dec4fa2940ed5a02bb76ce2f1')
unlink('/tmp/nimble_4168/githubcom_hyu1996qeu/.git/objects/32/tmp_obj_2hXNc4')
mkdir('/tmp/nimble_4168/githubcom_hyu1996qeu/.git/objects/34', 0x00000000000001ff)
link('/tmp/nimble_4168/githubcom_hyu1996qeu/.git/objects/34/tmp_obj_UbUAw5', '/tmp/nimble_4168/githubcom_hyu1996qeu/.git/objects/34/f358a014c346f08beb9655473b3da9709c1d4f')
unlink('/tmp/nimble_4168/githubcom_hyu1996qeu/.git/objects/34/tmp_obj_UbUAw5')
mkdir('/tmp/nimble_4168/githubcom_hyu1996qeu/.git/objects/15', 0x00000000000001ff)
link('/tmp/nimble_4168/githubcom_hyu1996qeu/.git/objects/15/tmp_obj_2t5Inb', '/tmp/nimble_4168/githubcom_hyu1996qeu/.git/objects/15/2fe577dbaba0defc42f5f1c45e0a420c3d4a92')
unlink('/tmp/nimble_4168/githubcom_hyu1996qeu/.git/objects/15/tmp_obj_2t5Inb')
mkdir('/tmp/nimble_4168/githubcom_hyu1996qeu/.git/objects/2b', 0x00000000000001ff)
link('/tmp/nimble_4168/githubcom_hyu1996qeu/.git/objects/2b/tmp_obj_GIGXkf', '/tmp/nimble_4168/githubcom_hyu1996qeu/.git/objects/2b/b8fd08dd283b2bb251c7b88be2cc7377ac4ba3')
unlink('/tmp/nimble_4168/githubcom_hyu1996qeu/.git/objects/2b/tmp_obj_GIGXkf')
mkdir('/tmp/nimble_4168/githubcom_hyu1996qeu/.git/objects/41', 0x00000000000001ff)
link('/tmp/nimble_4168/githubcom_hyu1996qeu/.git/objects/41/tmp_obj_e4Ww9j', '/tmp/nimble_4168/githubcom_hyu1996qeu/.git/objects/41/618544241da0b4f6233b46733e42b6ccde7b88')
unlink('/tmp/nimble_4168/githubcom_hyu1996qeu/.git/objects/41/tmp_obj_e4Ww9j')
mkdir('/tmp/nimble_4168/githubcom_hyu1996qeu/.git/objects/e2', 0x00000000000001ff)
link('/tmp/nimble_4168/githubcom_hyu1996qeu/.git/objects/e2/tmp_obj_xZXove', '/tmp/nimble_4168/githubcom_hyu1996qeu/.git/objects/e2/8ff64a3dcca2aab437da612f28cda0ba05ed66')
unlink('/tmp/nimble_4168/githubcom_hyu1996qeu/.git/objects/e2/tmp_obj_xZXove')
mkdir('/tmp/nimble_4168/githubcom_hyu1996qeu/.git/objects/e8', 0x00000000000001ff)
link('/tmp/nimble_4168/githubcom_hyu1996qeu/.git/objects/e8/tmp_obj_VdLBRg', '/tmp/nimble_4168/githubcom_hyu1996qeu/.git/objects/e8/f6d6cb48bc47354c6bca71de65ea2aa3abfb8e')
unlink('/tmp/nimble_4168/githubcom_hyu1996qeu/.git/objects/e8/tmp_obj_VdLBRg')
mkdir('/tmp/nimble_4168/githubcom_hyu1996qeu/.git/objects/52', 0x00000000000001ff)
link('/tmp/nimble_4168/githubcom_hyu1996qeu/.git/objects/52/tmp_obj_zEk05h', '/tmp/nimble_4168/githubcom_hyu1996qeu/.git/objects/52/22999888cf707fc22ca46b2057639b5de2daba')
unlink('/tmp/nimble_4168/githubcom_hyu1996qeu/.git/objects/52/tmp_obj_zEk05h')
mkdir('/tmp/nimble_4168/githubcom_hyu1996qeu/.git/objects/a4', 0x00000000000001ff)
link('/tmp/nimble_4168/githubcom_hyu1996qeu/.git/objects/a4/tmp_obj_HYGtVm', '/tmp/nimble_4168/githubcom_hyu1996qeu/.git/objects/a4/e98ff0ae2c7ad52b16ef5915fa454f8260cece')
unlink('/tmp/nimble_4168/githubcom_hyu1996qeu/.git/objects/a4/tmp_obj_HYGtVm')
link('/tmp/nimble_4168/githubcom_hyu1996qeu/.git/objects/52/tmp_obj_1We0Nr', '/tmp/nimble_4168/githubcom_hyu1996qeu/.git/objects/52/a77a33798c8d56e0b1cccbe93b67f557480de7')
unlink('/tmp/nimble_4168/githubcom_hyu1996qeu/.git/objects/52/tmp_obj_1We0Nr')
mkdir('/tmp/nimble_4168/githubcom_hyu1996qeu/.git/objects/3b', 0x00000000000001ff)
link('/tmp/nimble_4168/githubcom_hyu1996qeu/.git/objects/3b/tmp_obj_9U9k9s', '/tmp/nimble_4168/githubcom_hyu1996qeu/.git/objects/3b/b69f82af2b03d759a985634d69563496d956b6')
unlink('/tmp/nimble_4168/githubcom_hyu1996qeu/.git/objects/3b/tmp_obj_9U9k9s')
mkdir('/tmp/nimble_4168/githubcom_hyu1996qeu/.git/objects/73', 0x00000000000001ff)
link('/tmp/nimble_4168/githubcom_hyu1996qeu/.git/objects/73/tmp_obj_Z1lwBv', '/tmp/nimble_4168/githubcom_hyu1996qeu/.git/objects/73/c27b48a4e871ba8d76ea487cf3fc828d691ed2')
unlink('/tmp/nimble_4168/githubcom_hyu1996qeu/.git/objects/73/tmp_obj_Z1lwBv')
rename('/tmp/nimble_4168/githubcom_hyu1996qeu/.git/shallow.lock', '/tmp/nimble_4168/githubcom_hyu1996qeu/.git/shallow')
rename('/tmp/nimble_4168/githubcom_hyu1996qeu/.git/packed-refs.new', '/tmp/nimble_4168/githubcom_hyu1996qeu/.git/packed-refs')
unlink('/tmp/nimble_4168/githubcom_hyu1996qeu/.git/packed-refs.lock')
mkdir('/tmp/nimble_4168/githubcom_hyu1996qeu/.git/refs/remotes', 0x00000000000001ff)
mkdir('/tmp/nimble_4168/githubcom_hyu1996qeu/.git/refs/remotes/origin', 0x00000000000001ff)
mkdir('/tmp/nimble_4168/githubcom_hyu1996qeu/.git/logs', 0x00000000000001ff)
mkdir('/tmp/nimble_4168/githubcom_hyu1996qeu/.git/logs/refs', 0x00000000000001ff)       Info /tmp/nimble_4168/githubcom_hyu1996qeu/qeu_4168.nims(1, 8) Warning: imported and not used: 'system' [UnusedImport]
        ... /tmp/nimble_4168/githubcom_hyu1996qeu/qeu_4168.nims(5, 22) Warning: imported and not used: 'strutils' [UnusedImport]
  Verifying dependencies for qeu@0.1.0
 Installing qeu@0.1.0
    Copying file /tmp/nimble_4168/githubcom_hyu1996qeu/src/qeu.nim to /home/runner/.nimble/pkgs/qeu-0.1.0/qeu.nim
    Copying file /tmp/nimble_4168/githubcom_hyu1996qeu/qeu.nimble to /home/runner/.nimble/pkgs/qeu-0.1.0/qeu.nimble
   Success: qeu installed successfully.
       Info /home/runner/.nimble/pkgs/qeu-0.1.0/qeu_4168.nims(1, 8) Warning: imported and not used: 'system' [UnusedImport]
        ... /home/runner/.nimble/pkgs/qeu-0.1.0/qeu_4168.nims(5, 22) Warning: imported and not used: 'strutils' [UnusedImport]

mkdir('/tmp/nimble_4168/githubcom_hyu1996qeu/.git/logs/refs/remotes', 0x00000000000001ff)
mkdir('/tmp/nimble_4168/githubcom_hyu1996qeu/.git/logs/refs/remotes/origin', 0x00000000000001ff)
rename('/tmp/nimble_4168/githubcom_hyu1996qeu/.git/refs/remotes/origin/HEAD.lock', '/tmp/nimble_4168/githubcom_hyu1996qeu/.git/refs/remotes/origin/HEAD')
rename('/tmp/nimble_4168/githubcom_hyu1996qeu/.git/HEAD.lock', '/tmp/nimble_4168/githubcom_hyu1996qeu/.git/HEAD')
mkdir('/tmp/nimble_4168/githubcom_hyu1996qeu/.git/logs/refs/heads', 0x00000000000001ff)
rename('/tmp/nimble_4168/githubcom_hyu1996qeu/.git/refs/heads/master.lock', '/tmp/nimble_4168/githubcom_hyu1996qeu/.git/refs/heads/master')
unlink('/tmp/nimble_4168/githubcom_hyu1996qeu/.git/HEAD.lock')
chmod('/tmp/nimble_4168/githubcom_hyu1996qeu/.git/config.lock', 0x00000000000001a4)
rename('/tmp/nimble_4168/githubcom_hyu1996qeu/.git/config.lock', '/tmp/nimble_4168/githubcom_hyu1996qeu/.git/config')
chmod('/tmp/nimble_4168/githubcom_hyu1996qeu/.git/config.lock', 0x00000000000001a4)
rename('/tmp/nimble_4168/githubcom_hyu1996qeu/.git/config.lock', '/tmp/nimble_4168/githubcom_hyu1996qeu/.git/config')
mkdir('.vscode', 0x00000000000001ff)
mkdir('src', 0x00000000000001ff)
mkdir('tests', 0x00000000000001ff)
rename('/tmp/nimble_4168/githubcom_hyu1996qeu/.git/index.lock', '/tmp/nimble_4168/githubcom_hyu1996qeu/.git/index')
mkdir('/tmp', 0x00000000000001ff)
mkdir('/tmp/nimblecache', 0x00000000000001ff)
mkdir('/tmp/nimblecache/qeu_476605345', 0x00000000000001ff)
unlink('/tmp/nimblecache/qeu_476605345/qeu.ini')
unlink('/tmp/nimble_4168.out')
unlink('/tmp/nimble_4168/githubcom_hyu1996qeu/qeu_4168.nims')
mkdir('/home', 0x00000000000001ff)
mkdir('/home/runner', 0x00000000000001ff)
mkdir('/home/runner/.nimble', 0x00000000000001ff)
mkdir('/home/runner/.nimble/pkgs', 0x00000000000001ff)
mkdir('/home/runner/.nimble/pkgs/qeu-0.1.0', 0x00000000000001ff)
mkdir('/home', 0x00000000000001ff)
mkdir('/home/runner', 0x00000000000001ff)
mkdir('/home/runner/.nimble', 0x00000000000001ff)
mkdir('/home/runner/.nimble/pkgs', 0x00000000000001ff)
mkdir('/home/runner/.nimble/pkgs/qeu-0.1.0', 0x00000000000001ff)
chmod('/home/runner/.nimble/pkgs/qeu-0.1.0/qeu.nim', 0x00000000000001a4)
chmod('/home/runner/.nimble/pkgs/qeu-0.1.0/qeu.nimble', 0x00000000000001a4)
mkdir('/tmp', 0x00000000000001ff)
mkdir('/tmp/nimblecache', 0x00000000000001ff)
mkdir('/tmp/nimblecache/qeu_3355474733', 0x00000000000001ff)
unlink('/tmp/nimblecache/qeu_3355474733/qeu.ini')
unlink('/tmp/nimble_4168.out')
unlink('/home/runner/.nimble/pkgs/qeu-0.1.0/qeu_4168.nims')
unlink('/tmp/nimble_4168/githubcom_hyu1996qeu/README.md')
unlink('/tmp/nimble_4168/githubcom_hyu1996qeu/.git/refs/remotes/origin/HEAD')
rmdir('/tmp/nimble_4168/githubcom_hyu1996qeu/.git/refs/remotes/origin')
rmdir('/tmp/nimble_4168/githubcom_hyu1996qeu/.git/refs/remotes')
rmdir('/tmp/nimble_4168/githubcom_hyu1996qeu/.git/refs/tags')
unlink('/tmp/nimble_4168/githubcom_hyu1996qeu/.git/refs/heads/master')
rmdir('/tmp/nimble_4168/githubcom_hyu1996qeu/.git/refs/heads')
rmdir('/tmp/nimble_4168/githubcom_hyu1996qeu/.git/refs')
unlink('/tmp/nimble_4168/githubcom_hyu1996qeu/.git/info/exclude')
rmdir('/tmp/nimble_4168/githubcom_hyu1996qeu/.git/info')
rmdir('/tmp/nimble_4168/githubcom_hyu1996qeu/.git/branches')
unlink('/tmp/nimble_4168/githubcom_hyu1996qeu/.git/logs/refs/remotes/origin/HEAD')
rmdir('/tmp/nimble_4168/githubcom_hyu1996qeu/.git/logs/refs/remotes/origin')
rmdir('/tmp/nimble_4168/githubcom_hyu1996qeu/.git/logs/refs/remotes')
unlink('/tmp/nimble_4168/githubcom_hyu1996qeu/.git/logs/refs/heads/master')
rmdir('/tmp/nimble_4168/githubcom_hyu1996qeu/.git/logs/refs/heads')
rmdir('/tmp/nimble_4168/githubcom_hyu1996qeu/.git/logs/refs')
unlink('/tmp/nimble_4168/githubcom_hyu1996qeu/.git/logs/HEAD')
rmdir('/tmp/nimble_4168/githubcom_hyu1996qeu/.git/logs')
unlink('/tmp/nimble_4168/githubcom_hyu1996qeu/.git/description')
unlink('/tmp/nimble_4168/githubcom_hyu1996qeu/.git/hooks/pre-rebase.sample')
unlink('/tmp/nimble_4168/githubcom_hyu1996qeu/.git/hooks/applypatch-msg.sample')
unlink('/tmp/nimble_4168/githubcom_hyu1996qeu/.git/hooks/pre-push.sample')
unlink('/tmp/nimble_4168/githubcom_hyu1996qeu/.git/hooks/pre-merge-commit.sample')
unlink('/tmp/nimble_4168/githubcom_hyu1996qeu/.git/hooks/pre-receive.sample')
unlink('/tmp/nimble_4168/githubcom_hyu1996qeu/.git/hooks/update.sample')
unlink('/tmp/nimble_4168/githubcom_hyu1996qeu/.git/hooks/pre-commit.sample')
unlink('/tmp/nimble_4168/githubcom_hyu1996qeu/.git/hooks/pre-applypatch.sample')
unlink('/tmp/nimble_4168/githubcom_hyu1996qeu/.git/hooks/commit-msg.sample')
unlink('/tmp/nimble_4168/githubcom_hyu1996qeu/.git/hooks/fsmonitor-watchman.sample')
unlink('/tmp/nimble_4168/githubcom_hyu1996qeu/.git/hooks/prepare-commit-msg.sample')
unlink('/tmp/nimble_4168/githubcom_hyu1996qeu/.git/hooks/post-update.sample')
rmdir('/tmp/nimble_4168/githubcom_hyu1996qeu/.git/hooks')
unlink('/tmp/nimble_4168/githubcom_hyu1996qeu/.git/shallow')
unlink('/tmp/nimble_4168/githubcom_hyu1996qeu/.git/config')
unlink('/tmp/nimble_4168/githubcom_hyu1996qeu/.git/index')
unlink('/tmp/nimble_4168/githubcom_hyu1996qeu/.git/objects/15/2fe577dbaba0defc42f5f1c45e0a420c3d4a92')
rmdir('/tmp/nimble_4168/githubcom_hyu1996qeu/.git/objects/15')
unlink('/tmp/nimble_4168/githubcom_hyu1996qeu/.git/objects/41/618544241da0b4f6233b46733e42b6ccde7b88')
rmdir('/tmp/nimble_4168/githubcom_hyu1996qeu/.git/objects/41')
rmdir('/tmp/nimble_4168/githubcom_hyu1996qeu/.git/objects/info')
unlink('/tmp/nimble_4168/githubcom_hyu1996qeu/.git/objects/e2/8ff64a3dcca2aab437da612f28cda0ba05ed66')
rmdir('/tmp/nimble_4168/githubcom_hyu1996qeu/.git/objects/e2')
unlink('/tmp/nimble_4168/githubcom_hyu1996qeu/.git/objects/73/c27b48a4e871ba8d76ea487cf3fc828d691ed2')
rmdir('/tmp/nimble_4168/githubcom_hyu1996qeu/.git/objects/73')
unlink('/tmp/nimble_4168/githubcom_hyu1996qeu/.git/objects/32/e1dc0fdec7f15dec4fa2940ed5a02bb76ce2f1')
rmdir('/tmp/nimble_4168/githubcom_hyu1996qeu/.git/objects/32')
unlink('/tmp/nimble_4168/githubcom_hyu1996qeu/.git/objects/ef/ba753872207b144f3249c349f8f32356fad2ec')
rmdir('/tmp/nimble_4168/githubcom_hyu1996qeu/.git/objects/ef')
unlink('/tmp/nimble_4168/githubcom_hyu1996qeu/.git/objects/57/a60b131de87409e75b010efc5c5a6246ead135')
rmdir('/tmp/nimble_4168/githubcom_hyu1996qeu/.git/objects/57')
unlink('/tmp/nimble_4168/githubcom_hyu1996qeu/.git/objects/3b/b69f82af2b03d759a985634d69563496d956b6')
rmdir('/tmp/nimble_4168/githubcom_hyu1996qeu/.git/objects/3b')
unlink('/tmp/nimble_4168/githubcom_hyu1996qeu/.git/objects/a4/e98ff0ae2c7ad52b16ef5915fa454f8260cece')
rmdir('/tmp/nimble_4168/githubcom_hyu1996qeu/.git/objects/a4')
unlink('/tmp/nimble_4168/githubcom_hyu1996qeu/.git/objects/34/f358a014c346f08beb9655473b3da9709c1d4f')
rmdir('/tmp/nimble_4168/githubcom_hyu1996qeu/.git/objects/34')
unlink('/tmp/nimble_4168/githubcom_hyu1996qeu/.git/objects/52/a77a33798c8d56e0b1cccbe93b67f557480de7')
unlink('/tmp/nimble_4168/githubcom_hyu1996qeu/.git/objects/52/22999888cf707fc22ca46b2057639b5de2daba')
rmdir('/tmp/nimble_4168/githubcom_hyu1996qeu/.git/objects/52')
unlink('/tmp/nimble_4168/githubcom_hyu1996qeu/.git/objects/e8/f6d6cb48bc47354c6bca71de65ea2aa3abfb8e')
rmdir('/tmp/nimble_4168/githubcom_hyu1996qeu/.git/objects/e8')
unlink('/tmp/nimble_4168/githubcom_hyu1996qeu/.git/objects/2b/b8fd08dd283b2bb251c7b88be2cc7377ac4ba3')
rmdir('/tmp/nimble_4168/githubcom_hyu1996qeu/.git/objects/2b')
rmdir('/tmp/nimble_4168/githubcom_hyu1996qeu/.git/objects/pack')
rmdir('/tmp/nimble_4168/githubcom_hyu1996qeu/.git/objects')
unlink('/tmp/nimble_4168/githubcom_hyu1996qeu/.git/packed-refs')
unlink('/tmp/nimble_4168/githubcom_hyu1996qeu/.git/HEAD')
rmdir('/tmp/nimble_4168/githubcom_hyu1996qeu/.git')
unlink('/tmp/nimble_4168/githubcom_hyu1996qeu/src/qeu.nim')
rmdir('/tmp/nimble_4168/githubcom_hyu1996qeu/src')
unlink('/tmp/nimble_4168/githubcom_hyu1996qeu/.vscode/launch.json')
unlink('/tmp/nimble_4168/githubcom_hyu1996qeu/.vscode/tasks.json')
rmdir('/tmp/nimble_4168/githubcom_hyu1996qeu/.vscode')
unlink('/tmp/nimble_4168/githubcom_hyu1996qeu/tests/config.nims')
unlink('/tmp/nimble_4168/githubcom_hyu1996qeu/tests/test.nim')
rmdir('/tmp/nimble_4168/githubcom_hyu1996qeu/tests')
unlink('/tmp/nimble_4168/githubcom_hyu1996qeu/.gitignore')
unlink('/tmp/nimble_4168/githubcom_hyu1996qeu/qeu.nimble')
unlink('/tmp/nimble_4168/githubcom_hyu1996qeu/LICENSE')
rmdir('/tmp/nimble_4168/githubcom_hyu1996qeu')
rmdir('/tmp/nimble_4168')
  create directory /tmp
  create directory /tmp/nimble_4168
  create directory /tmp/nimble_4168/githubcom_hyu1996qeu
  delete /tmp/nimble_4168/githubcom_hyu1996qeu
  create directory /tmp/nimble_4168/githubcom_hyu1996qeu
  create directory /tmp/nimble_4168/githubcom_hyu1996qeu/.git
  create directory /tmp/nimble_4168/githubcom_hyu1996qeu/.git
  create directory /tmp/nimble_4168/githubcom_hyu1996qeu/.git/info
  create directory /tmp/nimble_4168/githubcom_hyu1996qeu/.git/branches
  create directory /tmp/nimble_4168/githubcom_hyu1996qeu/.git/hooks
  create directory /tmp/nimble_4168/githubcom_hyu1996qeu/.git/refs
  create directory /tmp/nimble_4168/githubcom_hyu1996qeu/.git/refs/heads
  create directory /tmp/nimble_4168/githubcom_hyu1996qeu/.git/refs/tags
  rename /tmp/nimble_4168/githubcom_hyu1996qeu/.git/HEAD.lock to HEAD
  rename /tmp/nimble_4168/githubcom_hyu1996qeu/.git/config.lock to config
  change permissions of /tmp/nimble_4168/githubcom_hyu1996qeu/.git/config to rwxr--r--
  change permissions of /tmp/nimble_4168/githubcom_hyu1996qeu/.git/config to rw-r--r--
  change permissions of /tmp/nimble_4168/githubcom_hyu1996qeu/.git/config.lock to rw-r--r--
  rename /tmp/nimble_4168/githubcom_hyu1996qeu/.git/config.lock to config
  change permissions of /tmp/nimble_4168/githubcom_hyu1996qeu/.git/config.lock to rw-r--r--
  rename /tmp/nimble_4168/githubcom_hyu1996qeu/.git/config.lock to config
  change permissions of /tmp/nimble_4168/githubcom_hyu1996qeu/.git/config.lock to rw-r--r--
  rename /tmp/nimble_4168/githubcom_hyu1996qeu/.git/config.lock to config
  delete /tmp/nimble_4168/githubcom_hyu1996qeu/.git/tf3ALEa
  create symbolic link from /tmp/nimble_4168/githubcom_hyu1996qeu/.git/tf3ALEa to /home/runner/work/nim_packages_security_audit/nim_packages_security_audit/testing
  delete /tmp/nimble_4168/githubcom_hyu1996qeu/.git/tf3ALEa
  create directory /tmp/nimble_4168/githubcom_hyu1996qeu/.git/objects
  create directory /tmp/nimble_4168/githubcom_hyu1996qeu/.git/objects/pack
  create directory /tmp/nimble_4168/githubcom_hyu1996qeu/.git/objects/info
  change permissions of /tmp/nimble_4168/githubcom_hyu1996qeu/.git/config.lock to rw-r--r--
  rename /tmp/nimble_4168/githubcom_hyu1996qeu/.git/config.lock to config
  change permissions of /tmp/nimble_4168/githubcom_hyu1996qeu/.git/config.lock to rw-r--r--
  rename /tmp/nimble_4168/githubcom_hyu1996qeu/.git/config.lock to config
  change permissions of /tmp/nimble_4168/githubcom_hyu1996qeu/.git/config.lock to rw-r--r--
  rename /tmp/nimble_4168/githubcom_hyu1996qeu/.git/config.lock to config
  create directory /tmp/nimble_4168/githubcom_hyu1996qeu/.git/objects/ef
  create hard link from /tmp/nimble_4168/githubcom_hyu1996qeu/.git/objects/ef/ba753872207b144f3249c349f8f32356fad2ec to /tmp/nimble_4168/githubcom_hyu1996qeu/.git/objects/ef/tmp_obj_URHvaV
  delete /tmp/nimble_4168/githubcom_hyu1996qeu/.git/objects/ef/tmp_obj_URHvaV
  create directory /tmp/nimble_4168/githubcom_hyu1996qeu/.git/objects/57
  create hard link from /tmp/nimble_4168/githubcom_hyu1996qeu/.git/objects/57/a60b131de87409e75b010efc5c5a6246ead135 to /tmp/nimble_4168/githubcom_hyu1996qeu/.git/objects/57/tmp_obj_SS2XH1
  delete /tmp/nimble_4168/githubcom_hyu1996qeu/.git/objects/57/tmp_obj_SS2XH1
  create directory /tmp/nimble_4168/githubcom_hyu1996qeu/.git/objects/32
  create hard link from /tmp/nimble_4168/githubcom_hyu1996qeu/.git/objects/32/e1dc0fdec7f15dec4fa2940ed5a02bb76ce2f1 to /tmp/nimble_4168/githubcom_hyu1996qeu/.git/objects/32/tmp_obj_2hXNc4
  delete /tmp/nimble_4168/githubcom_hyu1996qeu/.git/objects/32/tmp_obj_2hXNc4
  create directory /tmp/nimble_4168/githubcom_hyu1996qeu/.git/objects/34
  create hard link from /tmp/nimble_4168/githubcom_hyu1996qeu/.git/objects/34/f358a014c346f08beb9655473b3da9709c1d4f to /tmp/nimble_4168/githubcom_hyu1996qeu/.git/objects/34/tmp_obj_UbUAw5
  delete /tmp/nimble_4168/githubcom_hyu1996qeu/.git/objects/34/tmp_obj_UbUAw5
  create directory /tmp/nimble_4168/githubcom_hyu1996qeu/.git/objects/15
  create hard link from /tmp/nimble_4168/githubcom_hyu1996qeu/.git/objects/15/2fe577dbaba0defc42f5f1c45e0a420c3d4a92 to /tmp/nimble_4168/githubcom_hyu1996qeu/.git/objects/15/tmp_obj_2t5Inb
  delete /tmp/nimble_4168/githubcom_hyu1996qeu/.git/objects/15/tmp_obj_2t5Inb
  create directory /tmp/nimble_4168/githubcom_hyu1996qeu/.git/objects/2b
  create hard link from /tmp/nimble_4168/githubcom_hyu1996qeu/.git/objects/2b/b8fd08dd283b2bb251c7b88be2cc7377ac4ba3 to /tmp/nimble_4168/githubcom_hyu1996qeu/.git/objects/2b/tmp_obj_GIGXkf
  delete /tmp/nimble_4168/githubcom_hyu1996qeu/.git/objects/2b/tmp_obj_GIGXkf
  create directory /tmp/nimble_4168/githubcom_hyu1996qeu/.git/objects/41
  create hard link from /tmp/nimble_4168/githubcom_hyu1996qeu/.git/objects/41/618544241da0b4f6233b46733e42b6ccde7b88 to /tmp/nimble_4168/githubcom_hyu1996qeu/.git/objects/41/tmp_obj_e4Ww9j
  delete /tmp/nimble_4168/githubcom_hyu1996qeu/.git/objects/41/tmp_obj_e4Ww9j
  create directory /tmp/nimble_4168/githubcom_hyu1996qeu/.git/objects/e2
  create hard link from /tmp/nimble_4168/githubcom_hyu1996qeu/.git/objects/e2/8ff64a3dcca2aab437da612f28cda0ba05ed66 to /tmp/nimble_4168/githubcom_hyu1996qeu/.git/objects/e2/tmp_obj_xZXove
  delete /tmp/nimble_4168/githubcom_hyu1996qeu/.git/objects/e2/tmp_obj_xZXove
  create directory /tmp/nimble_4168/githubcom_hyu1996qeu/.git/objects/e8
  create hard link from /tmp/nimble_4168/githubcom_hyu1996qeu/.git/objects/e8/f6d6cb48bc47354c6bca71de65ea2aa3abfb8e to /tmp/nimble_4168/githubcom_hyu1996qeu/.git/objects/e8/tmp_obj_VdLBRg
  delete /tmp/nimble_4168/githubcom_hyu1996qeu/.git/objects/e8/tmp_obj_VdLBRg
  create directory /tmp/nimble_4168/githubcom_hyu1996qeu/.git/objects/52
  create hard link from /tmp/nimble_4168/githubcom_hyu1996qeu/.git/objects/52/22999888cf707fc22ca46b2057639b5de2daba to /tmp/nimble_4168/githubcom_hyu1996qeu/.git/objects/52/tmp_obj_zEk05h
  delete /tmp/nimble_4168/githubcom_hyu1996qeu/.git/objects/52/tmp_obj_zEk05h
  create directory /tmp/nimble_4168/githubcom_hyu1996qeu/.git/objects/a4
  create hard link from /tmp/nimble_4168/githubcom_hyu1996qeu/.git/objects/a4/e98ff0ae2c7ad52b16ef5915fa454f8260cece to /tmp/nimble_4168/githubcom_hyu1996qeu/.git/objects/a4/tmp_obj_HYGtVm
  delete /tmp/nimble_4168/githubcom_hyu1996qeu/.git/objects/a4/tmp_obj_HYGtVm
  create hard link from /tmp/nimble_4168/githubcom_hyu1996qeu/.git/objects/52/a77a33798c8d56e0b1cccbe93b67f557480de7 to /tmp/nimble_4168/githubcom_hyu1996qeu/.git/objects/52/tmp_obj_1We0Nr
  delete /tmp/nimble_4168/githubcom_hyu1996qeu/.git/objects/52/tmp_obj_1We0Nr
  create directory /tmp/nimble_4168/githubcom_hyu1996qeu/.git/objects/3b
  create hard link from /tmp/nimble_4168/githubcom_hyu1996qeu/.git/objects/3b/b69f82af2b03d759a985634d69563496d956b6 to /tmp/nimble_4168/githubcom_hyu1996qeu/.git/objects/3b/tmp_obj_9U9k9s
  delete /tmp/nimble_4168/githubcom_hyu1996qeu/.git/objects/3b/tmp_obj_9U9k9s
  create directory /tmp/nimble_4168/githubcom_hyu1996qeu/.git/objects/73
  create hard link from /tmp/nimble_4168/githubcom_hyu1996qeu/.git/objects/73/c27b48a4e871ba8d76ea487cf3fc828d691ed2 to /tmp/nimble_4168/githubcom_hyu1996qeu/.git/objects/73/tmp_obj_Z1lwBv
  delete /tmp/nimble_4168/githubcom_hyu1996qeu/.git/objects/73/tmp_obj_Z1lwBv
  rename /tmp/nimble_4168/githubcom_hyu1996qeu/.git/shallow.lock to shallow
  rename /tmp/nimble_4168/githubcom_hyu1996qeu/.git/packed-refs.new to packed-refs
  delete /tmp/nimble_4168/githubcom_hyu1996qeu/.git/packed-refs.lock
  create directory /tmp/nimble_4168/githubcom_hyu1996qeu/.git/refs/remotes
  create directory /tmp/nimble_4168/githubcom_hyu1996qeu/.git/refs/remotes/origin
  create directory /tmp/nimble_4168/githubcom_hyu1996qeu/.git/logs
  create directory /tmp/nimble_4168/githubcom_hyu1996qeu/.git/logs/refs
  create directory /tmp/nimble_4168/githubcom_hyu1996qeu/.git/logs/refs/remotes
  create directory /tmp/nimble_4168/githubcom_hyu1996qeu/.git/logs/refs/remotes/origin
  rename /tmp/nimble_4168/githubcom_hyu1996qeu/.git/refs/remotes/origin/HEAD.lock to HEAD
  rename /tmp/nimble_4168/githubcom_hyu1996qeu/.git/HEAD.lock to HEAD
  create directory /tmp/nimble_4168/githubcom_hyu1996qeu/.git/logs/refs/heads
  rename /tmp/nimble_4168/githubcom_hyu1996qeu/.git/refs/heads/master.lock to master
  delete /tmp/nimble_4168/githubcom_hyu1996qeu/.git/HEAD.lock
  change permissions of /tmp/nimble_4168/githubcom_hyu1996qeu/.git/config.lock to rw-r--r--
  rename /tmp/nimble_4168/githubcom_hyu1996qeu/.git/config.lock to config
  change permissions of /tmp/nimble_4168/githubcom_hyu1996qeu/.git/config.lock to rw-r--r--
  rename /tmp/nimble_4168/githubcom_hyu1996qeu/.git/config.lock to config
  create directory /tmp/nimble_4168/githubcom_hyu1996qeu/.vscode
  create directory /tmp/nimble_4168/githubcom_hyu1996qeu/src
  create directory /tmp/nimble_4168/githubcom_hyu1996qeu/tests
  rename /tmp/nimble_4168/githubcom_hyu1996qeu/.git/index.lock to index
  create directory /tmp
  create directory /tmp/nimblecache
  create directory /tmp/nimblecache/qeu_476605345
  delete /tmp/nimblecache/qeu_476605345/qeu.ini
  delete /tmp/nimble_4168.out
  delete /tmp/nimble_4168/githubcom_hyu1996qeu/qeu_4168.nims
  create directory /home
  create directory /home/runner
  create directory /home/runner/.nimble
  create directory /home/runner/.nimble/pkgs
  create directory /home/runner/.nimble/pkgs/qeu-0.1.0
  create directory /home
  create directory /home/runner
  create directory /home/runner/.nimble
  create directory /home/runner/.nimble/pkgs
  create directory /home/runner/.nimble/pkgs/qeu-0.1.0
  change permissions of /home/runner/.nimble/pkgs/qeu-0.1.0/qeu.nim to rw-r--r--
  change permissions of /home/runner/.nimble/pkgs/qeu-0.1.0/qeu.nimble to rw-r--r--
  create directory /tmp
  create directory /tmp/nimblecache
  create directory /tmp/nimblecache/qeu_3355474733
  delete /tmp/nimblecache/qeu_3355474733/qeu.ini
  delete /tmp/nimble_4168.out
  delete /home/runner/.nimble/pkgs/qeu-0.1.0/qeu_4168.nims
  delete /tmp/nimble_4168/githubcom_hyu1996qeu/README.md
  delete /tmp/nimble_4168/githubcom_hyu1996qeu/.git/refs/remotes/origin/HEAD
  delete /tmp/nimble_4168/githubcom_hyu1996qeu/.git/refs/remotes/origin
  delete /tmp/nimble_4168/githubcom_hyu1996qeu/.git/refs/remotes
  delete /tmp/nimble_4168/githubcom_hyu1996qeu/.git/refs/tags
  delete /tmp/nimble_4168/githubcom_hyu1996qeu/.git/refs/heads/master
  delete /tmp/nimble_4168/githubcom_hyu1996qeu/.git/refs/heads
  delete /tmp/nimble_4168/githubcom_hyu1996qeu/.git/refs
  delete /tmp/nimble_4168/githubcom_hyu1996qeu/.git/info/exclude
  delete /tmp/nimble_4168/githubcom_hyu1996qeu/.git/info
  delete /tmp/nimble_4168/githubcom_hyu1996qeu/.git/branches
  delete /tmp/nimble_4168/githubcom_hyu1996qeu/.git/logs/refs/remotes/origin/HEAD
  delete /tmp/nimble_4168/githubcom_hyu1996qeu/.git/logs/refs/remotes/origin
  delete /tmp/nimble_4168/githubcom_hyu1996qeu/.git/logs/refs/remotes
  delete /tmp/nimble_4168/githubcom_hyu1996qeu/.git/logs/refs/heads/master
  delete /tmp/nimble_4168/githubcom_hyu1996qeu/.git/logs/refs/heads
  delete /tmp/nimble_4168/githubcom_hyu1996qeu/.git/logs/refs
  delete /tmp/nimble_4168/githubcom_hyu1996qeu/.git/logs/HEAD
  delete /tmp/nimble_4168/githubcom_hyu1996qeu/.git/logs
  delete /tmp/nimble_4168/githubcom_hyu1996qeu/.git/description
  delete /tmp/nimble_4168/githubcom_hyu1996qeu/.git/hooks/pre-rebase.sample
  delete /tmp/nimble_4168/githubcom_hyu1996qeu/.git/hooks/applypatch-msg.sample
  delete /tmp/nimble_4168/githubcom_hyu1996qeu/.git/hooks/pre-push.sample
  delete /tmp/nimble_4168/githubcom_hyu1996qeu/.git/hooks/pre-merge-commit.sample
  delete /tmp/nimble_4168/githubcom_hyu1996qeu/.git/hooks/pre-receive.sample
  delete /tmp/nimble_4168/githubcom_hyu1996qeu/.git/hooks/update.sample
  delete /tmp/nimble_4168/githubcom_hyu1996qeu/.git/hooks/pre-commit.sample
  delete /tmp/nimble_4168/githubcom_hyu1996qeu/.git/hooks/pre-applypatch.sample
  delete /tmp/nimble_4168/githubcom_hyu1996qeu/.git/hooks/commit-msg.sample
  delete /tmp/nimble_4168/githubcom_hyu1996qeu/.git/hooks/fsmonitor-watchman.sample
  delete /tmp/nimble_4168/githubcom_hyu1996qeu/.git/hooks/prepare-commit-msg.sample
  delete /tmp/nimble_4168/githubcom_hyu1996qeu/.git/hooks/post-update.sample
  delete /tmp/nimble_4168/githubcom_hyu1996qeu/.git/hooks
  delete /tmp/nimble_4168/githubcom_hyu1996qeu/.git/shallow
  delete /tmp/nimble_4168/githubcom_hyu1996qeu/.git/config
  delete /tmp/nimble_4168/githubcom_hyu1996qeu/.git/index
  delete /tmp/nimble_4168/githubcom_hyu1996qeu/.git/objects/15/2fe577dbaba0defc42f5f1c45e0a420c3d4a92
  delete /tmp/nimble_4168/githubcom_hyu1996qeu/.git/objects/15
  delete /tmp/nimble_4168/githubcom_hyu1996qeu/.git/objects/41/618544241da0b4f6233b46733e42b6ccde7b88
  delete /tmp/nimble_4168/githubcom_hyu1996qeu/.git/objects/41
  delete /tmp/nimble_4168/githubcom_hyu1996qeu/.git/objects/info
  delete /tmp/nimble_4168/githubcom_hyu1996qeu/.git/objects/e2/8ff64a3dcca2aab437da612f28cda0ba05ed66
  delete /tmp/nimble_4168/githubcom_hyu1996qeu/.git/objects/e2
  delete /tmp/nimble_4168/githubcom_hyu1996qeu/.git/objects/73/c27b48a4e871ba8d76ea487cf3fc828d691ed2
  delete /tmp/nimble_4168/githubcom_hyu1996qeu/.git/objects/73
  delete /tmp/nimble_4168/githubcom_hyu1996qeu/.git/objects/32/e1dc0fdec7f15dec4fa2940ed5a02bb76ce2f1
  delete /tmp/nimble_4168/githubcom_hyu1996qeu/.git/objects/32
  delete /tmp/nimble_4168/githubcom_hyu1996qeu/.git/objects/ef/ba753872207b144f3249c349f8f32356fad2ec
  delete /tmp/nimble_4168/githubcom_hyu1996qeu/.git/objects/ef
  delete /tmp/nimble_4168/githubcom_hyu1996qeu/.git/objects/57/a60b131de87409e75b010efc5c5a6246ead135
  delete /tmp/nimble_4168/githubcom_hyu1996qeu/.git/objects/57
  delete /tmp/nimble_4168/githubcom_hyu1996qeu/.git/objects/3b/b69f82af2b03d759a985634d69563496d956b6
  delete /tmp/nimble_4168/githubcom_hyu1996qeu/.git/objects/3b
  delete /tmp/nimble_4168/githubcom_hyu1996qeu/.git/objects/a4/e98ff0ae2c7ad52b16ef5915fa454f8260cece
  delete /tmp/nimble_4168/githubcom_hyu1996qeu/.git/objects/a4
  delete /tmp/nimble_4168/githubcom_hyu1996qeu/.git/objects/34/f358a014c346f08beb9655473b3da9709c1d4f
  delete /tmp/nimble_4168/githubcom_hyu1996qeu/.git/objects/34
  delete /tmp/nimble_4168/githubcom_hyu1996qeu/.git/objects/52/a77a33798c8d56e0b1cccbe93b67f557480de7
  delete /tmp/nimble_4168/githubcom_hyu1996qeu/.git/objects/52/22999888cf707fc22ca46b2057639b5de2daba
  delete /tmp/nimble_4168/githubcom_hyu1996qeu/.git/objects/52
  delete /tmp/nimble_4168/githubcom_hyu1996qeu/.git/objects/e8/f6d6cb48bc47354c6bca71de65ea2aa3abfb8e
  delete /tmp/nimble_4168/githubcom_hyu1996qeu/.git/objects/e8
  delete /tmp/nimble_4168/githubcom_hyu1996qeu/.git/objects/2b/b8fd08dd283b2bb251c7b88be2cc7377ac4ba3
  delete /tmp/nimble_4168/githubcom_hyu1996qeu/.git/objects/2b
  delete /tmp/nimble_4168/githubcom_hyu1996qeu/.git/objects/pack
  delete /tmp/nimble_4168/githubcom_hyu1996qeu/.git/objects
  delete /tmp/nimble_4168/githubcom_hyu1996qeu/.git/packed-refs
  delete /tmp/nimble_4168/githubcom_hyu1996qeu/.git/HEAD
  delete /tmp/nimble_4168/githubcom_hyu1996qeu/.git
  delete /tmp/nimble_4168/githubcom_hyu1996qeu/src/qeu.nim
  delete /tmp/nimble_4168/githubcom_hyu1996qeu/src
  delete /tmp/nimble_4168/githubcom_hyu1996qeu/.vscode/launch.json
  delete /tmp/nimble_4168/githubcom_hyu1996qeu/.vscode/tasks.json
  delete /tmp/nimble_4168/githubcom_hyu1996qeu/.vscode
  delete /tmp/nimble_4168/githubcom_hyu1996qeu/tests/config.nims
  delete /tmp/nimble_4168/githubcom_hyu1996qeu/tests/test.nim
  delete /tmp/nimble_4168/githubcom_hyu1996qeu/tests
  delete /tmp/nimble_4168/githubcom_hyu1996qeu/.gitignore
  delete /tmp/nimble_4168/githubcom_hyu1996qeu/qeu.nimble
  delete /tmp/nimble_4168/githubcom_hyu1996qeu/LICENSE
  delete /tmp/nimble_4168/githubcom_hyu1996qeu
  delete /tmp/nimble_4168
