    Reading official package list
Downloading https://github.com/achesak/nim-qrcode using git
  Verifying dependencies for qrcode@0.3
 Installing qrcode@0.3
    Copying file /tmp/nimble_3795/githubcom_achesaknimqrcode/qrcode.nim to /home/runner/.nimble/pkgs/qrcode-0.3/qrcode.nim
    Copying file /tmp/nimble_3795/githubcom_achesaknimqrcode/qrcode.nimble to /home/runner/.nimble/pkgs/qrcode-0.3/qrcode.nimble
   Success: qrcode installed successfully.
mkdir('/tmp', 0x00000000000001ff)
mkdir('/tmp/nimble_3795', 0x00000000000001ff)
mkdir('/tmp/nimble_3795/githubcom_achesaknimqrcode', 0x00000000000001ff)
rmdir('/tmp/nimble_3795/githubcom_achesaknimqrcode')
mkdir('/tmp/nimble_3795/githubcom_achesaknimqrcode', 0x00000000000001ff)
mkdir('/tmp/nimble_3795/githubcom_achesaknimqrcode/.git', 0x00000000000001ff)
mkdir('/tmp/nimble_3795/githubcom_achesaknimqrcode/.git/', 0x00000000000001ff)
mkdir('/tmp/nimble_3795/githubcom_achesaknimqrcode/.git/info/', 0x00000000000001ff)
mkdir('/tmp/nimble_3795/githubcom_achesaknimqrcode/.git/branches/', 0x00000000000001ff)
mkdir('/tmp/nimble_3795/githubcom_achesaknimqrcode/.git/hooks/', 0x00000000000001ff)
mkdir('/tmp/nimble_3795/githubcom_achesaknimqrcode/.git/refs', 0x00000000000001ff)
mkdir('/tmp/nimble_3795/githubcom_achesaknimqrcode/.git/refs/heads', 0x00000000000001ff)
mkdir('/tmp/nimble_3795/githubcom_achesaknimqrcode/.git/refs/tags', 0x00000000000001ff)
rename('/tmp/nimble_3795/githubcom_achesaknimqrcode/.git/HEAD.lock', '/tmp/nimble_3795/githubcom_achesaknimqrcode/.git/HEAD')
rename('/tmp/nimble_3795/githubcom_achesaknimqrcode/.git/config.lock', '/tmp/nimble_3795/githubcom_achesaknimqrcode/.git/config')
chmod('/tmp/nimble_3795/githubcom_achesaknimqrcode/.git/config', 0x00000000000081e4)
chmod('/tmp/nimble_3795/githubcom_achesaknimqrcode/.git/config', 0x00000000000081a4)
chmod('/tmp/nimble_3795/githubcom_achesaknimqrcode/.git/config.lock', 0x00000000000001a4)
rename('/tmp/nimble_3795/githubcom_achesaknimqrcode/.git/config.lock', '/tmp/nimble_3795/githubcom_achesaknimqrcode/.git/config')
chmod('/tmp/nimble_3795/githubcom_achesaknimqrcode/.git/config.lock', 0x00000000000001a4)
rename('/tmp/nimble_3795/githubcom_achesaknimqrcode/.git/config.lock', '/tmp/nimble_3795/githubcom_achesaknimqrcode/.git/config')
chmod('/tmp/nimble_3795/githubcom_achesaknimqrcode/.git/config.lock', 0x00000000000001a4)
rename('/tmp/nimble_3795/githubcom_achesaknimqrcode/.git/config.lock', '/tmp/nimble_3795/githubcom_achesaknimqrcode/.git/config')
unlink('/tmp/nimble_3795/githubcom_achesaknimqrcode/.git/tZ10V00')
symlink('testing', '/tmp/nimble_3795/githubcom_achesaknimqrcode/.git/tZ10V00')
unlink('/tmp/nimble_3795/githubcom_achesaknimqrcode/.git/tZ10V00')
mkdir('/tmp/nimble_3795/githubcom_achesaknimqrcode/.git/objects', 0x00000000000001ff)
mkdir('/tmp/nimble_3795/githubcom_achesaknimqrcode/.git/objects/pack', 0x00000000000001ff)
mkdir('/tmp/nimble_3795/githubcom_achesaknimqrcode/.git/objects/info', 0x00000000000001ff)
chmod('/tmp/nimble_3795/githubcom_achesaknimqrcode/.git/config.lock', 0x00000000000001a4)
rename('/tmp/nimble_3795/githubcom_achesaknimqrcode/.git/config.lock', '/tmp/nimble_3795/githubcom_achesaknimqrcode/.git/config')
chmod('/tmp/nimble_3795/githubcom_achesaknimqrcode/.git/config.lock', 0x00000000000001a4)
rename('/tmp/nimble_3795/githubcom_achesaknimqrcode/.git/config.lock', '/tmp/nimble_3795/githubcom_achesaknimqrcode/.git/config')
chmod('/tmp/nimble_3795/githubcom_achesaknimqrcode/.git/config.lock', 0x00000000000001a4)
rename('/tmp/nimble_3795/githubcom_achesaknimqrcode/.git/config.lock', '/tmp/nimble_3795/githubcom_achesaknimqrcode/.git/config')
mkdir('/tmp/nimble_3795/githubcom_achesaknimqrcode/.git/objects/f7', 0x00000000000001ff)
link('/tmp/nimble_3795/githubcom_achesaknimqrcode/.git/objects/f7/tmp_obj_cWX6G0', '/tmp/nimble_3795/githubcom_achesaknimqrcode/.git/objects/f7/320621aaa74dfef6e681ed2d3568fbf67c9c2c')
unlink('/tmp/nimble_3795/githubcom_achesaknimqrcode/.git/objects/f7/tmp_obj_cWX6G0')
mkdir('/tmp/nimble_3795/githubcom_achesaknimqrcode/.git/objects/83', 0x00000000000001ff)
link('/tmp/nimble_3795/githubcom_achesaknimqrcode/.git/objects/83/tmp_obj_QAeYY4', '/tmp/nimble_3795/githubcom_achesaknimqrcode/.git/objects/83/161f9b2a6bd03bacd8e4481b56ca935f63699c')
unlink('/tmp/nimble_3795/githubcom_achesaknimqrcode/.git/objects/83/tmp_obj_QAeYY4')
mkdir('/tmp/nimble_3795/githubcom_achesaknimqrcode/.git/objects/de', 0x00000000000001ff)
link('/tmp/nimble_3795/githubcom_achesaknimqrcode/.git/objects/de/tmp_obj_OxF21a', '/tmp/nimble_3795/githubcom_achesaknimqrcode/.git/objects/de/b55a8aa34cfdbe376cd9c8763c7ceb815dc4cd')
unlink('/tmp/nimble_3795/githubcom_achesaknimqrcode/.git/objects/de/tmp_obj_OxF21a')
mkdir('/tmp/nimble_3795/githubcom_achesaknimqrcode/.git/objects/5b', 0x00000000000001ff)
link('/tmp/nimble_3795/githubcom_achesaknimqrcode/.git/objects/5b/tmp_obj_weWFsb', '/tmp/nimble_3795/githubcom_achesaknimqrcode/.git/objects/5b/cc6829fbb8b6b1b41bc52c60d9da556359a029')
unlink('/tmp/nimble_3795/githubcom_achesaknimqrcode/.git/objects/5b/tmp_obj_weWFsb')
mkdir('/tmp/nimble_3795/githubcom_achesaknimqrcode/.git/objects/68', 0x00000000000001ff)
link('/tmp/nimble_3795/githubcom_achesaknimqrcode/.git/objects/68/tmp_obj_GtVCGg', '/tmp/nimble_3795/githubcom_achesaknimqrcode/.git/objects/68/ee7330359a725ae1e83777582c3d7376409141')
unlink('/tmp/nimble_3795/githubcom_achesaknimqrcode/.git/objects/68/tmp_obj_GtVCGg')
mkdir('/tmp/nimble_3795/githubcom_achesaknimqrcode/.git/objects/5d', 0x00000000000001ff)
link('/tmp/nimble_3795/githubcom_achesaknimqrcode/.git/objects/5d/tmp_obj_hrpSXa', '/tmp/nimble_3795/githubcom_achesaknimqrcode/.git/objects/5d/00718c863ae38f120429010b052878d71be8a6')
unlink('/tmp/nimble_3795/githubcom_achesaknimqrcode/.git/objects/5d/tmp_obj_hrpSXa')
rename('/tmp/nimble_3795/githubcom_achesaknimqrcode/.git/shallow.lock', '/tmp/nimble_3795/githubcom_achesaknimqrcode/.git/shallow')
rename('/tmp/nimble_3795/githubcom_achesaknimqrcode/.git/packed-refs.new', '/tmp/nimble_3795/githubcom_achesaknimqrcode/.git/packed-refs')
unlink('/tmp/nimble_3795/githubcom_achesaknimqrcode/.git/packed-refs.lock')
mkdir('/tmp/nimble_3795/githubcom_achesaknimqrcode/.git/refs/remotes', 0x00000000000001ff)
mkdir('/tmp/nimble_3795/githubcom_achesaknimqrcode/.git/refs/remotes/origin', 0x00000000000001ff)
mkdir('/tmp/nimble_3795/githubcom_achesaknimqrcode/.git/logs', 0x00000000000001ff)
mkdir('/tmp/nimble_3795/githubcom_achesaknimqrcode/.git/logs/refs', 0x00000000000001ff)
mkdir('/tmp/nimble_3795/githubcom_achesaknimqrcode/.git/logs/refs/remotes', 0x00000000000001ff)
mkdir('/tmp/nimble_3795/githubcom_achesaknimqrcode/.git/logs/refs/remotes/origin', 0x00000000000001ff)
rename('/tmp/nimble_3795/githubcom_achesaknimqrcode/.git/refs/remotes/origin/HEAD.lock', '/tmp/nimble_3795/githubcom_achesaknimqrcode/.git/refs/remotes/origin/HEAD')
rename('/tmp/nimble_3795/githubcom_achesaknimqrcode/.git/HEAD.lock', '/tmp/nimble_3795/githubcom_achesaknimqrcode/.git/HEAD')
mkdir('/tmp/nimble_3795/githubcom_achesaknimqrcode/.git/logs/refs/heads', 0x00000000000001ff)
rename('/tmp/nimble_3795/githubcom_achesaknimqrcode/.git/refs/heads/master.lock', '/tmp/nimble_3795/githubcom_achesaknimqrcode/.git/refs/heads/master')
unlink('/tmp/nimble_3795/githubcom_achesaknimqrcode/.git/HEAD.lock')
chmod('/tmp/nimble_3795/githubcom_achesaknimqrcode/.git/config.lock', 0x00000000000001a4)
rename('/tmp/nimble_3795/githubcom_achesaknimqrcode/.git/config.lock', '/tmp/nimble_3795/githubcom_achesaknimqrcode/.git/config')
chmod('/tmp/nimble_3795/githubcom_achesaknimqrcode/.git/config.lock', 0x00000000000001a4)
rename('/tmp/nimble_3795/githubcom_achesaknimqrcode/.git/config.lock', '/tmp/nimble_3795/githubcom_achesaknimqrcode/.git/config')
rename('/tmp/nimble_3795/githubcom_achesaknimqrcode/.git/index.lock', '/tmp/nimble_3795/githubcom_achesaknimqrcode/.git/index')
mkdir('/home', 0x00000000000001ff)
mkdir('/home/runner', 0x00000000000001ff)
mkdir('/home/runner/.nimble', 0x00000000000001ff)
mkdir('/home/runner/.nimble/pkgs', 0x00000000000001ff)
mkdir('/home/runner/.nimble/pkgs/qrcode-0.3', 0x00000000000001ff)
mkdir('/home', 0x00000000000001ff)
mkdir('/home/runner', 0x00000000000001ff)
mkdir('/home/runner/.nimble', 0x00000000000001ff)
mkdir('/home/runner/.nimble/pkgs', 0x00000000000001ff)
mkdir('/home/runner/.nimble/pkgs/qrcode-0.3', 0x00000000000001ff)
chmod('/home/runner/.nimble/pkgs/qrcode-0.3/qrcode.nim', 0x00000000000001a4)
chmod('/home/runner/.nimble/pkgs/qrcode-0.3/qrcode.nimble', 0x00000000000001a4)
unlink('/tmp/nimble_3795/githubcom_achesaknimqrcode/README.md')
unlink('/tmp/nimble_3795/githubcom_achesaknimqrcode/.git/refs/remotes/origin/HEAD')
rmdir('/tmp/nimble_3795/githubcom_achesaknimqrcode/.git/refs/remotes/origin')
rmdir('/tmp/nimble_3795/githubcom_achesaknimqrcode/.git/refs/remotes')
rmdir('/tmp/nimble_3795/githubcom_achesaknimqrcode/.git/refs/tags')
unlink('/tmp/nimble_3795/githubcom_achesaknimqrcode/.git/refs/heads/master')
rmdir('/tmp/nimble_3795/githubcom_achesaknimqrcode/.git/refs/heads')
rmdir('/tmp/nimble_3795/githubcom_achesaknimqrcode/.git/refs')
unlink('/tmp/nimble_3795/githubcom_achesaknimqrcode/.git/info/exclude')
rmdir('/tmp/nimble_3795/githubcom_achesaknimqrcode/.git/info')
rmdir('/tmp/nimble_3795/githubcom_achesaknimqrcode/.git/branches')
unlink('/tmp/nimble_3795/githubcom_achesaknimqrcode/.git/logs/refs/remotes/origin/HEAD')
rmdir('/tmp/nimble_3795/githubcom_achesaknimqrcode/.git/logs/refs/remotes/origin')
rmdir('/tmp/nimble_3795/githubcom_achesaknimqrcode/.git/logs/refs/remotes')
unlink('/tmp/nimble_3795/githubcom_achesaknimqrcode/.git/logs/refs/heads/master')
rmdir('/tmp/nimble_3795/githubcom_achesaknimqrcode/.git/logs/refs/heads')
rmdir('/tmp/nimble_3795/githubcom_achesaknimqrcode/.git/logs/refs')
unlink('/tmp/nimble_3795/githubcom_achesaknimqrcode/.git/logs/HEAD')
rmdir('/tmp/nimble_3795/githubcom_achesaknimqrcode/.git/logs')
unlink('/tmp/nimble_3795/githubcom_achesaknimqrcode/.git/description')
unlink('/tmp/nimble_3795/githubcom_achesaknimqrcode/.git/hooks/pre-rebase.sample')
unlink('/tmp/nimble_3795/githubcom_achesaknimqrcode/.git/hooks/applypatch-msg.sample')
unlink('/tmp/nimble_3795/githubcom_achesaknimqrcode/.git/hooks/pre-push.sample')
unlink('/tmp/nimble_3795/githubcom_achesaknimqrcode/.git/hooks/pre-merge-commit.sample')
unlink('/tmp/nimble_3795/githubcom_achesaknimqrcode/.git/hooks/pre-receive.sample')
unlink('/tmp/nimble_3795/githubcom_achesaknimqrcode/.git/hooks/update.sample')
unlink('/tmp/nimble_3795/githubcom_achesaknimqrcode/.git/hooks/pre-commit.sample')
unlink('/tmp/nimble_3795/githubcom_achesaknimqrcode/.git/hooks/pre-applypatch.sample')
unlink('/tmp/nimble_3795/githubcom_achesaknimqrcode/.git/hooks/commit-msg.sample')
unlink('/tmp/nimble_3795/githubcom_achesaknimqrcode/.git/hooks/fsmonitor-watchman.sample')
unlink('/tmp/nimble_3795/githubcom_achesaknimqrcode/.git/hooks/prepare-commit-msg.sample')
unlink('/tmp/nimble_3795/githubcom_achesaknimqrcode/.git/hooks/post-update.sample')
rmdir('/tmp/nimble_3795/githubcom_achesaknimqrcode/.git/hooks')
unlink('/tmp/nimble_3795/githubcom_achesaknimqrcode/.git/shallow')
unlink('/tmp/nimble_3795/githubcom_achesaknimqrcode/.git/config')
unlink('/tmp/nimble_3795/githubcom_achesaknimqrcode/.git/index')
rmdir('/tmp/nimble_3795/githubcom_achesaknimqrcode/.git/objects/info')
unlink('/tmp/nimble_3795/githubcom_achesaknimqrcode/.git/objects/5b/cc6829fbb8b6b1b41bc52c60d9da556359a029')
rmdir('/tmp/nimble_3795/githubcom_achesaknimqrcode/.git/objects/5b')
unlink('/tmp/nimble_3795/githubcom_achesaknimqrcode/.git/objects/de/b55a8aa34cfdbe376cd9c8763c7ceb815dc4cd')
rmdir('/tmp/nimble_3795/githubcom_achesaknimqrcode/.git/objects/de')
unlink('/tmp/nimble_3795/githubcom_achesaknimqrcode/.git/objects/f7/320621aaa74dfef6e681ed2d3568fbf67c9c2c')
rmdir('/tmp/nimble_3795/githubcom_achesaknimqrcode/.git/objects/f7')
unlink('/tmp/nimble_3795/githubcom_achesaknimqrcode/.git/objects/68/ee7330359a725ae1e83777582c3d7376409141')
rmdir('/tmp/nimble_3795/githubcom_achesaknimqrcode/.git/objects/68')
unlink('/tmp/nimble_3795/githubcom_achesaknimqrcode/.git/objects/5d/00718c863ae38f120429010b052878d71be8a6')
rmdir('/tmp/nimble_3795/githubcom_achesaknimqrcode/.git/objects/5d')
rmdir('/tmp/nimble_3795/githubcom_achesaknimqrcode/.git/objects/pack')
unlink('/tmp/nimble_3795/githubcom_achesaknimqrcode/.git/objects/83/161f9b2a6bd03bacd8e4481b56ca935f63699c')
rmdir('/tmp/nimble_3795/githubcom_achesaknimqrcode/.git/objects/83')
rmdir('/tmp/nimble_3795/githubcom_achesaknimqrcode/.git/objects')
unlink('/tmp/nimble_3795/githubcom_achesaknimqrcode/.git/packed-refs')
unlink('/tmp/nimble_3795/githubcom_achesaknimqrcode/.git/HEAD')
rmdir('/tmp/nimble_3795/githubcom_achesaknimqrcode/.git')
unlink('/tmp/nimble_3795/githubcom_achesaknimqrcode/qrcode.nimble')
unlink('/tmp/nimble_3795/githubcom_achesaknimqrcode/qrcode.nim')
unlink('/tmp/nimble_3795/githubcom_achesaknimqrcode/LICENSE.md')
rmdir('/tmp/nimble_3795/githubcom_achesaknimqrcode')
rmdir('/tmp/nimble_3795')
  create directory /tmp
  create directory /tmp/nimble_3795
  create directory /tmp/nimble_3795/githubcom_achesaknimqrcode
  delete /tmp/nimble_3795/githubcom_achesaknimqrcode
  create directory /tmp/nimble_3795/githubcom_achesaknimqrcode
  create directory /tmp/nimble_3795/githubcom_achesaknimqrcode/.git
  create directory /tmp/nimble_3795/githubcom_achesaknimqrcode/.git
  create directory /tmp/nimble_3795/githubcom_achesaknimqrcode/.git/info
  create directory /tmp/nimble_3795/githubcom_achesaknimqrcode/.git/branches
  create directory /tmp/nimble_3795/githubcom_achesaknimqrcode/.git/hooks
  create directory /tmp/nimble_3795/githubcom_achesaknimqrcode/.git/refs
  create directory /tmp/nimble_3795/githubcom_achesaknimqrcode/.git/refs/heads
  create directory /tmp/nimble_3795/githubcom_achesaknimqrcode/.git/refs/tags
  rename /tmp/nimble_3795/githubcom_achesaknimqrcode/.git/HEAD.lock to HEAD
  rename /tmp/nimble_3795/githubcom_achesaknimqrcode/.git/config.lock to config
  change permissions of /tmp/nimble_3795/githubcom_achesaknimqrcode/.git/config to rwxr--r--
  change permissions of /tmp/nimble_3795/githubcom_achesaknimqrcode/.git/config to rw-r--r--
  change permissions of /tmp/nimble_3795/githubcom_achesaknimqrcode/.git/config.lock to rw-r--r--
  rename /tmp/nimble_3795/githubcom_achesaknimqrcode/.git/config.lock to config
  change permissions of /tmp/nimble_3795/githubcom_achesaknimqrcode/.git/config.lock to rw-r--r--
  rename /tmp/nimble_3795/githubcom_achesaknimqrcode/.git/config.lock to config
  change permissions of /tmp/nimble_3795/githubcom_achesaknimqrcode/.git/config.lock to rw-r--r--
  rename /tmp/nimble_3795/githubcom_achesaknimqrcode/.git/config.lock to config
  delete /tmp/nimble_3795/githubcom_achesaknimqrcode/.git/tZ10V00
  create symbolic link from /tmp/nimble_3795/githubcom_achesaknimqrcode/.git/tZ10V00 to /home/runner/work/nim_packages_security_audit/nim_packages_security_audit/testing
  delete /tmp/nimble_3795/githubcom_achesaknimqrcode/.git/tZ10V00
  create directory /tmp/nimble_3795/githubcom_achesaknimqrcode/.git/objects
  create directory /tmp/nimble_3795/githubcom_achesaknimqrcode/.git/objects/pack
  create directory /tmp/nimble_3795/githubcom_achesaknimqrcode/.git/objects/info
  change permissions of /tmp/nimble_3795/githubcom_achesaknimqrcode/.git/config.lock to rw-r--r--
  rename /tmp/nimble_3795/githubcom_achesaknimqrcode/.git/config.lock to config
  change permissions of /tmp/nimble_3795/githubcom_achesaknimqrcode/.git/config.lock to rw-r--r--
  rename /tmp/nimble_3795/githubcom_achesaknimqrcode/.git/config.lock to config
  change permissions of /tmp/nimble_3795/githubcom_achesaknimqrcode/.git/config.lock to rw-r--r--
  rename /tmp/nimble_3795/githubcom_achesaknimqrcode/.git/config.lock to config
  create directory /tmp/nimble_3795/githubcom_achesaknimqrcode/.git/objects/f7
  create hard link from /tmp/nimble_3795/githubcom_achesaknimqrcode/.git/objects/f7/320621aaa74dfef6e681ed2d3568fbf67c9c2c to /tmp/nimble_3795/githubcom_achesaknimqrcode/.git/objects/f7/tmp_obj_cWX6G0
  delete /tmp/nimble_3795/githubcom_achesaknimqrcode/.git/objects/f7/tmp_obj_cWX6G0
  create directory /tmp/nimble_3795/githubcom_achesaknimqrcode/.git/objects/83
  create hard link from /tmp/nimble_3795/githubcom_achesaknimqrcode/.git/objects/83/161f9b2a6bd03bacd8e4481b56ca935f63699c to /tmp/nimble_3795/githubcom_achesaknimqrcode/.git/objects/83/tmp_obj_QAeYY4
  delete /tmp/nimble_3795/githubcom_achesaknimqrcode/.git/objects/83/tmp_obj_QAeYY4
  create directory /tmp/nimble_3795/githubcom_achesaknimqrcode/.git/objects/de
  create hard link from /tmp/nimble_3795/githubcom_achesaknimqrcode/.git/objects/de/b55a8aa34cfdbe376cd9c8763c7ceb815dc4cd to /tmp/nimble_3795/githubcom_achesaknimqrcode/.git/objects/de/tmp_obj_OxF21a
  delete /tmp/nimble_3795/githubcom_achesaknimqrcode/.git/objects/de/tmp_obj_OxF21a
  create directory /tmp/nimble_3795/githubcom_achesaknimqrcode/.git/objects/5b
  create hard link from /tmp/nimble_3795/githubcom_achesaknimqrcode/.git/objects/5b/cc6829fbb8b6b1b41bc52c60d9da556359a029 to /tmp/nimble_3795/githubcom_achesaknimqrcode/.git/objects/5b/tmp_obj_weWFsb
  delete /tmp/nimble_3795/githubcom_achesaknimqrcode/.git/objects/5b/tmp_obj_weWFsb
  create directory /tmp/nimble_3795/githubcom_achesaknimqrcode/.git/objects/68
  create hard link from /tmp/nimble_3795/githubcom_achesaknimqrcode/.git/objects/68/ee7330359a725ae1e83777582c3d7376409141 to /tmp/nimble_3795/githubcom_achesaknimqrcode/.git/objects/68/tmp_obj_GtVCGg
  delete /tmp/nimble_3795/githubcom_achesaknimqrcode/.git/objects/68/tmp_obj_GtVCGg
  create directory /tmp/nimble_3795/githubcom_achesaknimqrcode/.git/objects/5d
  create hard link from /tmp/nimble_3795/githubcom_achesaknimqrcode/.git/objects/5d/00718c863ae38f120429010b052878d71be8a6 to /tmp/nimble_3795/githubcom_achesaknimqrcode/.git/objects/5d/tmp_obj_hrpSXa
  delete /tmp/nimble_3795/githubcom_achesaknimqrcode/.git/objects/5d/tmp_obj_hrpSXa
  rename /tmp/nimble_3795/githubcom_achesaknimqrcode/.git/shallow.lock to shallow
  rename /tmp/nimble_3795/githubcom_achesaknimqrcode/.git/packed-refs.new to packed-refs
  delete /tmp/nimble_3795/githubcom_achesaknimqrcode/.git/packed-refs.lock
  create directory /tmp/nimble_3795/githubcom_achesaknimqrcode/.git/refs/remotes
  create directory /tmp/nimble_3795/githubcom_achesaknimqrcode/.git/refs/remotes/origin
  create directory /tmp/nimble_3795/githubcom_achesaknimqrcode/.git/logs
  create directory /tmp/nimble_3795/githubcom_achesaknimqrcode/.git/logs/refs
  create directory /tmp/nimble_3795/githubcom_achesaknimqrcode/.git/logs/refs/remotes
  create directory /tmp/nimble_3795/githubcom_achesaknimqrcode/.git/logs/refs/remotes/origin
  rename /tmp/nimble_3795/githubcom_achesaknimqrcode/.git/refs/remotes/origin/HEAD.lock to HEAD
  rename /tmp/nimble_3795/githubcom_achesaknimqrcode/.git/HEAD.lock to HEAD
  create directory /tmp/nimble_3795/githubcom_achesaknimqrcode/.git/logs/refs/heads
  rename /tmp/nimble_3795/githubcom_achesaknimqrcode/.git/refs/heads/master.lock to master
  delete /tmp/nimble_3795/githubcom_achesaknimqrcode/.git/HEAD.lock
  change permissions of /tmp/nimble_3795/githubcom_achesaknimqrcode/.git/config.lock to rw-r--r--
  rename /tmp/nimble_3795/githubcom_achesaknimqrcode/.git/config.lock to config
  change permissions of /tmp/nimble_3795/githubcom_achesaknimqrcode/.git/config.lock to rw-r--r--
  rename /tmp/nimble_3795/githubcom_achesaknimqrcode/.git/config.lock to config
  rename /tmp/nimble_3795/githubcom_achesaknimqrcode/.git/index.lock to index
  create directory /home
  create directory /home/runner
  create directory /home/runner/.nimble
  create directory /home/runner/.nimble/pkgs
  create directory /home/runner/.nimble/pkgs/qrcode-0.3
  create directory /home
  create directory /home/runner
  create directory /home/runner/.nimble
  create directory /home/runner/.nimble/pkgs
  create directory /home/runner/.nimble/pkgs/qrcode-0.3
  change permissions of /home/runner/.nimble/pkgs/qrcode-0.3/qrcode.nim to rw-r--r--
  change permissions of /home/runner/.nimble/pkgs/qrcode-0.3/qrcode.nimble to rw-r--r--
  delete /tmp/nimble_3795/githubcom_achesaknimqrcode/README.md
  delete /tmp/nimble_3795/githubcom_achesaknimqrcode/.git/refs/remotes/origin/HEAD
  delete /tmp/nimble_3795/githubcom_achesaknimqrcode/.git/refs/remotes/origin
  delete /tmp/nimble_3795/githubcom_achesaknimqrcode/.git/refs/remotes
  delete /tmp/nimble_3795/githubcom_achesaknimqrcode/.git/refs/tags
  delete /tmp/nimble_3795/githubcom_achesaknimqrcode/.git/refs/heads/master
  delete /tmp/nimble_3795/githubcom_achesaknimqrcode/.git/refs/heads
  delete /tmp/nimble_3795/githubcom_achesaknimqrcode/.git/refs
  delete /tmp/nimble_3795/githubcom_achesaknimqrcode/.git/info/exclude
  delete /tmp/nimble_3795/githubcom_achesaknimqrcode/.git/info
  delete /tmp/nimble_3795/githubcom_achesaknimqrcode/.git/branches
  delete /tmp/nimble_3795/githubcom_achesaknimqrcode/.git/logs/refs/remotes/origin/HEAD
  delete /tmp/nimble_3795/githubcom_achesaknimqrcode/.git/logs/refs/remotes/origin
  delete /tmp/nimble_3795/githubcom_achesaknimqrcode/.git/logs/refs/remotes
  delete /tmp/nimble_3795/githubcom_achesaknimqrcode/.git/logs/refs/heads/master
  delete /tmp/nimble_3795/githubcom_achesaknimqrcode/.git/logs/refs/heads
  delete /tmp/nimble_3795/githubcom_achesaknimqrcode/.git/logs/refs
  delete /tmp/nimble_3795/githubcom_achesaknimqrcode/.git/logs/HEAD
  delete /tmp/nimble_3795/githubcom_achesaknimqrcode/.git/logs
  delete /tmp/nimble_3795/githubcom_achesaknimqrcode/.git/description
  delete /tmp/nimble_3795/githubcom_achesaknimqrcode/.git/hooks/pre-rebase.sample
  delete /tmp/nimble_3795/githubcom_achesaknimqrcode/.git/hooks/applypatch-msg.sample
  delete /tmp/nimble_3795/githubcom_achesaknimqrcode/.git/hooks/pre-push.sample
  delete /tmp/nimble_3795/githubcom_achesaknimqrcode/.git/hooks/pre-merge-commit.sample
  delete /tmp/nimble_3795/githubcom_achesaknimqrcode/.git/hooks/pre-receive.sample
  delete /tmp/nimble_3795/githubcom_achesaknimqrcode/.git/hooks/update.sample
  delete /tmp/nimble_3795/githubcom_achesaknimqrcode/.git/hooks/pre-commit.sample
  delete /tmp/nimble_3795/githubcom_achesaknimqrcode/.git/hooks/pre-applypatch.sample
  delete /tmp/nimble_3795/githubcom_achesaknimqrcode/.git/hooks/commit-msg.sample
  delete /tmp/nimble_3795/githubcom_achesaknimqrcode/.git/hooks/fsmonitor-watchman.sample
  delete /tmp/nimble_3795/githubcom_achesaknimqrcode/.git/hooks/prepare-commit-msg.sample
  delete /tmp/nimble_3795/githubcom_achesaknimqrcode/.git/hooks/post-update.sample
  delete /tmp/nimble_3795/githubcom_achesaknimqrcode/.git/hooks
  delete /tmp/nimble_3795/githubcom_achesaknimqrcode/.git/shallow
  delete /tmp/nimble_3795/githubcom_achesaknimqrcode/.git/config
  delete /tmp/nimble_3795/githubcom_achesaknimqrcode/.git/index
  delete /tmp/nimble_3795/githubcom_achesaknimqrcode/.git/objects/info
  delete /tmp/nimble_3795/githubcom_achesaknimqrcode/.git/objects/5b/cc6829fbb8b6b1b41bc52c60d9da556359a029
  delete /tmp/nimble_3795/githubcom_achesaknimqrcode/.git/objects/5b
  delete /tmp/nimble_3795/githubcom_achesaknimqrcode/.git/objects/de/b55a8aa34cfdbe376cd9c8763c7ceb815dc4cd
  delete /tmp/nimble_3795/githubcom_achesaknimqrcode/.git/objects/de
  delete /tmp/nimble_3795/githubcom_achesaknimqrcode/.git/objects/f7/320621aaa74dfef6e681ed2d3568fbf67c9c2c
  delete /tmp/nimble_3795/githubcom_achesaknimqrcode/.git/objects/f7
  delete /tmp/nimble_3795/githubcom_achesaknimqrcode/.git/objects/68/ee7330359a725ae1e83777582c3d7376409141
  delete /tmp/nimble_3795/githubcom_achesaknimqrcode/.git/objects/68
  delete /tmp/nimble_3795/githubcom_achesaknimqrcode/.git/objects/5d/00718c863ae38f120429010b052878d71be8a6
  delete /tmp/nimble_3795/githubcom_achesaknimqrcode/.git/objects/5d
  delete /tmp/nimble_3795/githubcom_achesaknimqrcode/.git/objects/pack
  delete /tmp/nimble_3795/githubcom_achesaknimqrcode/.git/objects/83/161f9b2a6bd03bacd8e4481b56ca935f63699c
  delete /tmp/nimble_3795/githubcom_achesaknimqrcode/.git/objects/83
  delete /tmp/nimble_3795/githubcom_achesaknimqrcode/.git/objects
  delete /tmp/nimble_3795/githubcom_achesaknimqrcode/.git/packed-refs
  delete /tmp/nimble_3795/githubcom_achesaknimqrcode/.git/HEAD
  delete /tmp/nimble_3795/githubcom_achesaknimqrcode/.git
  delete /tmp/nimble_3795/githubcom_achesaknimqrcode/qrcode.nimble
  delete /tmp/nimble_3795/githubcom_achesaknimqrcode/qrcode.nim
  delete /tmp/nimble_3795/githubcom_achesaknimqrcode/LICENSE.md
  delete /tmp/nimble_3795/githubcom_achesaknimqrcode
  delete /tmp/nimble_3795
