    Reading official package list
Downloading https://github.com/philip-wernersbach/nim-qt5_qtsql.git using git
    Cloning latest tagged version: 1.1.1
  Verifying dependencies for qt5_qtsql@1.1.1
 Installing qt5_qtsql@1.1.1
    Copying file /tmp/nimble_3357/githubcom_philipwernersbachnimqt5qtsqlgit/qt5_qtsql.nim to /home/runner/.nimble/pkgs/qt5_qtsql-1.1.1/qt5_qtsql.nim
    Copying file /tmp/nimble_3357/githubcom_philipwernersbachnimqt5qtsqlgit/qt5_qtsql/src/qobjectconversionerror.nim to /home/runner/.nimble/pkgs/qt5_qtsql-1.1.1/qt5_qtsql/src/qobjectconversionerror.nim
    Copying file /tmp/nimble_3357/githubcom_philipwernersbachnimqt5qtsqlgit/qt5_qtsql/src/qsqldatabase.nim to /home/runner/.nimble/pkgs/qt5_qtsql-1.1.1/qt5_qtsql/src/qsqldatabase.nim
    Copying file /tmp/nimble_3357/githubcom_philipwernersbachnimqt5qtsqlgit/qt5_qtsql/src/qsqlerror.nim to /home/runner/.nimble/pkgs/qt5_qtsql-1.1.1/qt5_qtsql/src/qsqlerror.nim
mkdir('/tmp', 0x00000000000001ff)
mkdir('/tmp/nimble_3357', 0x00000000000001ff)
mkdir('/tmp/nimble_3357/githubcom_philipwernersbachnimqt5qtsqlgit', 0x00000000000001ff)
rmdir('/tmp/nimble_3357/githubcom_philipwernersbachnimqt5qtsqlgit')
mkdir('/tmp/nimble_3357/githubcom_philipwernersbachnimqt5qtsqlgit', 0x00000000000001ff)
mkdir('/tmp/nimble_3357/githubcom_philipwernersbachnimqt5qtsqlgit/.git', 0x00000000000001ff)
mkdir('/tmp/nimble_3357/githubcom_philipwernersbachnimqt5qtsqlgit/.git/', 0x00000000000001ff)
mkdir('/tmp/nimble_3357/githubcom_philipwernersbachnimqt5qtsqlgit/.git/branches/', 0x00000000000001ff)
mkdir('/tmp/nimble_3357/githubcom_philipwernersbachnimqt5qtsqlgit/.git/hooks/', 0x00000000000001ff)
mkdir('/tmp/nimble_3357/githubcom_philipwernersbachnimqt5qtsqlgit/.git/info/', 0x00000000000001ff)
mkdir('/tmp/nimble_3357/githubcom_philipwernersbachnimqt5qtsqlgit/.git/refs', 0x00000000000001ff)
mkdir('/tmp/nimble_3357/githubcom_philipwernersbachnimqt5qtsqlgit/.git/refs/heads', 0x00000000000001ff)
mkdir('/tmp/nimble_3357/githubcom_philipwernersbachnimqt5qtsqlgit/.git/refs/tags', 0x00000000000001ff)
rename('/tmp/nimble_3357/githubcom_philipwernersbachnimqt5qtsqlgit/.git/HEAD.lock', '/tmp/nimble_3357/githubcom_philipwernersbachnimqt5qtsqlgit/.git/HEAD')
rename('/tmp/nimble_3357/githubcom_philipwernersbachnimqt5qtsqlgit/.git/config.lock', '/tmp/nimble_3357/githubcom_philipwernersbachnimqt5qtsqlgit/.git/config')
chmod('/tmp/nimble_3357/githubcom_philipwernersbachnimqt5qtsqlgit/.git/config', 0x00000000000081e4)
chmod('/tmp/nimble_3357/githubcom_philipwernersbachnimqt5qtsqlgit/.git/config', 0x00000000000081a4)
chmod('/tmp/nimble_3357/githubcom_philipwernersbachnimqt5qtsqlgit/.git/config.lock', 0x00000000000001a4)
rename('/tmp/nimble_3357/githubcom_philipwernersbachnimqt5qtsqlgit/.git/config.lock', '/tmp/nimble_3357/githubcom_philipwernersbachnimqt5qtsqlgit/.git/config')
chmod('/tmp/nimble_3357/githubcom_philipwernersbachnimqt5qtsqlgit/.git/config.lock', 0x00000000000001a4)
rename('/tmp/nimble_3357/githubcom_philipwernersbachnimqt5qtsqlgit/.git/config.lock', '/tmp/nimble_3357/githubcom_philipwernersbachnimqt5qtsqlgit/.git/config')
chmod('/tmp/nimble_3357/githubcom_philipwernersbachnimqt5qtsqlgit/.git/config.lock', 0x00000000000001a4)
rename('/tmp/nimble_3357/githubcom_philipwernersbachnimqt5qtsqlgit/.git/config.lock', '/tmp/nimble_3357/githubcom_philipwernersbachnimqt5qtsqlgit/.git/config')
unlink('/tmp/nimble_3357/githubcom_philipwernersbachnimqt5qtsqlgit/.git/tzAvJYo')
symlink('testing', '/tmp/nimble_3357/githubcom_philipwernersbachnimqt5qtsqlgit/.git/tzAvJYo')
unlink('/tmp/nimble_3357/githubcom_philipwernersbachnimqt5qtsqlgit/.git/tzAvJYo')
mkdir('/tmp/nimble_3357/githubcom_philipwernersbachnimqt5qtsqlgit/.git/objects', 0x00000000000001ff)
mkdir('/tmp/nimble_3357/githubcom_philipwernersbachnimqt5qtsqlgit/.git/objects/pack', 0x00000000000001ff)
mkdir('/tmp/nimble_3357/githubcom_philipwernersbachnimqt5qtsqlgit/.git/objects/info', 0x00000000000001ff)
chmod('/tmp/nimble_3357/githubcom_philipwernersbachnimqt5qtsqlgit/.git/config.lock', 0x00000000000001a4)
rename('/tmp/nimble_3357/githubcom_philipwernersbachnimqt5qtsqlgit/.git/config.lock', '/tmp/nimble_3357/githubcom_philipwernersbachnimqt5qtsqlgit/.git/config')
chmod('/tmp/nimble_3357/githubcom_philipwernersbachnimqt5qtsqlgit/.git/config.lock', 0x00000000000001a4)
rename('/tmp/nimble_3357/githubcom_philipwernersbachnimqt5qtsqlgit/.git/config.lock', '/tmp/nimble_3357/githubcom_philipwernersbachnimqt5qtsqlgit/.git/config')
chmod('/tmp/nimble_3357/githubcom_philipwernersbachnimqt5qtsqlgit/.git/config.lock', 0x00000000000001a4)
rename('/tmp/nimble_3357/githubcom_philipwernersbachnimqt5qtsqlgit/.git/config.lock', '/tmp/nimble_3357/githubcom_philipwernersbachnimqt5qtsqlgit/.git/config')
link('/tmp/nimble_3357/githubcom_philipwernersbachnimqt5qtsqlgit/.git/objects/pack/tmp_pack_7yaXP1', '/tmp/nimble_3357/githubcom_philipwernersbachnimqt5qtsqlgit/.git/objects/pack/pack-c0bc5eae04d2d81fc8a937d06d5a63160a2600fc.pack')
unlink('/tmp/nimble_3357/githubcom_philipwernersbachnimqt5qtsqlgit/.git/objects/pack/tmp_pack_7yaXP1')
link('/tmp/nimble_3357/githubcom_philipwernersbachnimqt5qtsqlgit/.git/objects/pack/tmp_idx_dm6ayb', '/tmp/nimble_3357/githubcom_philipwernersbachnimqt5qtsqlgit/.git/objects/pack/pack-c0bc5eae04d2d81fc8a937d06d5a63160a2600fc.idx')
unlink('/tmp/nimble_3357/githubcom_philipwernersbachnimqt5qtsqlgit/.git/objects/pack/tmp_idx_dm6ayb')
rename('/tmp/nimble_3357/githubcom_philipwernersbachnimqt5qtsqlgit/.git/shallow.lock', '/tmp/nimble_3357/githubcom_philipwernersbachnimqt5qtsqlgit/.git/shallow')
rename('/tmp/nimble_3357/githubcom_philipwernersbachnimqt5qtsqlgit/.git/packed-refs.new', '/tmp/nimble_3357/githubcom_philipwernersbachnimqt5qtsqlgit/.git/packed-refs')
unlink('/tmp/nimble_3357/githubcom_philipwernersbachnimqt5qtsqlgit/.git/packed-refs.lock')
unlink('/tmp/nimble_3357/githubcom_philipwernersbachnimqt5qtsqlgit/.git/refs/tags/1.1.1.lock')
mkdir('/tmp/nimble_3357/githubcom_philipwernersbachnimqt5qtsqlgit/.git/logs', 0x00000000000001ff)
rename('/tmp/nimble_3357/githubcom_philipwernersbachnimqt5qtsqlgit/.git/HEAD.lock', '/tmp/nimble_3357/githubcom_philipwernersbachnimqt5qtsqlgit/.git/HEAD')
unlink('/tmp/nimble_3357/githubcom_philipwernersbachnimqt5qtsqlgit/.git/objects/pack/pack-c0bc5eae04d2d81fc8a937d06d5a63160a2600fc.keep')
mkdir('qt5_qtsql', 0x00000000000001ff)
mkdir('qt5_qtsql/src', 0x00000000000001ff)
mkdir('qt5_qtsql/tests', 0x00000000000001ff)
rename('/tmp/nimble_3357/githubcom_philipwernersbachnimqt5qtsqlgit/.git/index.lock', '/tmp/nimble_3357/githubcom_philipwernersbachnimqt5qtsqlgit/.git/index')
mkdir('/home', 0x00000000000001ff)
mkdir('/home/runner', 0x00000000000001ff)
mkdir('/home/runner/.nimble', 0x00000000000001ff)
mkdir('/home/runner/.nimble/pkgs', 0x00000000000001ff)
mkdir('/home/runner/.nimble/pkgs/qt5_qtsql-1.1.1', 0x00000000000001ff)
mkdir('/home', 0x00000000000001ff)
mkdir('/home/runner', 0x00000000000001ff)
mkdir('/home/runner/.nimble', 0x00000000000001ff)
mkdir('/home/runner/.nimble/pkgs', 0x00000000000001ff)
mkdir('/home/runner/.nimble/pkgs/qt5_qtsql-1.1.1', 0x00000000000001ff)
chmod('/home/runner/.nimble/pkgs/qt5_qtsql-1.1.1/qt5_qtsql.nim', 0x00000000000001a4)
mkdir('/home', 0x00000000000001ff)
mkdir('/home/runner', 0x00000000000001ff)
mkdir('/home/runner/.nimble', 0x00000000000001ff)
mkdir('/home/runner/.nimble/pkgs', 0x00000000000001ff)
mkdir('/home/runner/.nimble/pkgs/qt5_qtsql-1.1.1', 0x00000000000001ff)
mkdir('/home/runner/.nimble/pkgs/qt5_qtsql-1.1.1/qt5_qtsql', 0x00000000000001ff)
mkdir('/home/runner/.nimble/pkgs/qt5_qtsql-1.1.1/qt5_qtsql/src', 0x00000000000001ff)
chmod('/home/runner/.nimble/pkgs/qt5_qtsql-1.1.1/qt5_qtsql/src/qobjectconversionerror.nim', 0x00000000000001a4)
mkdir('/home', 0x00000000000001ff)
mkdir('/home/runner', 0x00000000000001ff)
mkdir('/home/runner/.nimble', 0x00000000000001ff)
mkdir('/home/runner/.nimble/pkgs', 0x00000000000001ff)
mkdir('/home/runner/.nimble/pkgs/qt5_qtsql-1.1.1', 0x00000000000001ff)
mkdir('/home/runner/.nimble/pkgs/qt5_qtsql-1.1.1/qt5_qtsql', 0x00000000000001ff)
mkdir('/home/runner/.nimble/pkgs/qt5_qtsql-1.1.1/qt5_qtsql/src', 0x00000000000001ff)
chmod('/home/runner/.nimble/pkgs/qt5_qtsql-1.1.1/qt5_qtsql/src/qsqldatabase.nim', 0x00000000000001a4)
mkdir('/home', 0x00000000000001ff)
mkdir('/home/runner', 0x00000000000001ff)
mkdir('/home/runner/.nimble', 0x00000000000001ff)
mkdir('/home/runner/.nimble/pkgs', 0x00000000000001ff)
mkdir('/home/runner/.nimble/pkgs/qt5_qtsql-1.1.1', 0x00000000000001ff)
mkdir('/home/runner/.nimble/pkgs/qt5_qtsql-1.1.1/qt5_qtsql', 0x00000000000001ff)
mkdir('/home/runner/.nimble/pkgs/qt5_qtsql-1.1.1/qt5_qtsql/src', 0x00000000000001ff)
chmod('/home/runner/.nimble/pkgs/qt5_qtsql-1.1.1/qt5_qtsql/src/qsqlerror.nim', 0x00000000000001a4)
mkdir('/home', 0x00000000000001ff)
mkdir('/home/runner', 0x00000000000001ff)
mkdir('/home/runner/.nimble', 0x00000000000001ff)
mkdir('/home/runner/.nimble/pkgs', 0x00000000000001ff)
mkdir('/home/runner/.nimble/pkgs/qt5_qtsql-1.1.1', 0x00000000000001ff)
mkdir('/home/runner/.nimble/pkgs/qt5_qtsql-1.1.1/qt5_qtsql', 0x00000000000001ff)
mkdir('/home/runner/.nimble/pkgs/qt5_qtsql-1.1.1/qt5_qtsql/src', 0x00000000000001ff)    Copying file /tmp/nimble_3357/githubcom_philipwernersbachnimqt5qtsqlgit/qt5_qtsql/src/qdatetime.nim to /home/runner/.nimble/pkgs/qt5_qtsql-1.1.1/qt5_qtsql/src/qdatetime.nim
    Copying file /tmp/nimble_3357/githubcom_philipwernersbachnimqt5qtsqlgit/qt5_qtsql/src/qsqlquery.nim to /home/runner/.nimble/pkgs/qt5_qtsql-1.1.1/qt5_qtsql/src/qsqlquery.nim
    Copying file /tmp/nimble_3357/githubcom_philipwernersbachnimqt5qtsqlgit/qt5_qtsql/src/qstring.nim to /home/runner/.nimble/pkgs/qt5_qtsql-1.1.1/qt5_qtsql/src/qstring.nim
    Copying file /tmp/nimble_3357/githubcom_philipwernersbachnimqt5qtsqlgit/qt5_qtsql/src/immutablecstring.nim to /home/runner/.nimble/pkgs/qt5_qtsql-1.1.1/qt5_qtsql/src/immutablecstring.nim
    Copying file /tmp/nimble_3357/githubcom_philipwernersbachnimqt5qtsqlgit/qt5_qtsql/src/qvariant.nim to /home/runner/.nimble/pkgs/qt5_qtsql-1.1.1/qt5_qtsql/src/qvariant.nim
    Copying file /tmp/nimble_3357/githubcom_philipwernersbachnimqt5qtsqlgit/qt5_qtsql/src/qbytearray.nim to /home/runner/.nimble/pkgs/qt5_qtsql-1.1.1/qt5_qtsql/src/qbytearray.nim
    Copying file /tmp/nimble_3357/githubcom_philipwernersbachnimqt5qtsqlgit/qt5_qtsql/src/qsqlrecord.nim to /home/runner/.nimble/pkgs/qt5_qtsql-1.1.1/qt5_qtsql/src/qsqlrecord.nim
    Copying file /tmp/nimble_3357/githubcom_philipwernersbachnimqt5qtsqlgit/qt5_qtsql/src/qtimezone.nim to /home/runner/.nimble/pkgs/qt5_qtsql-1.1.1/qt5_qtsql/src/qtimezone.nim
    Copying file /tmp/nimble_3357/githubcom_philipwernersbachnimqt5qtsqlgit/qt5_qtsql/src/qttimespec.nim to /home/runner/.nimble/pkgs/qt5_qtsql-1.1.1/qt5_qtsql/src/qttimespec.nim
    Copying file /tmp/nimble_3357/githubcom_philipwernersbachnimqt5qtsqlgit/qt5_qtsql/tests/sqlcat.nim to /home/runner/.nimble/pkgs/qt5_qtsql-1.1.1/qt5_qtsql/tests/sqlcat.nim
    Copying file /tmp/nimble_3357/githubcom_philipwernersbachnimqt5qtsqlgit/qt5_qtsql/tests/nim.cfg to /home/runner/.nimble/pkgs/qt5_qtsql-1.1.1/qt5_qtsql/tests/nim.cfg
    Copying file /tmp/nimble_3357/githubcom_philipwernersbachnimqt5qtsqlgit/qt5_qtsql.nimble to /home/runner/.nimble/pkgs/qt5_qtsql-1.1.1/qt5_qtsql.nimble
   Success: qt5_qtsql installed successfully.

chmod('/home/runner/.nimble/pkgs/qt5_qtsql-1.1.1/qt5_qtsql/src/qdatetime.nim', 0x00000000000001a4)
mkdir('/home', 0x00000000000001ff)
mkdir('/home/runner', 0x00000000000001ff)
mkdir('/home/runner/.nimble', 0x00000000000001ff)
mkdir('/home/runner/.nimble/pkgs', 0x00000000000001ff)
mkdir('/home/runner/.nimble/pkgs/qt5_qtsql-1.1.1', 0x00000000000001ff)
mkdir('/home/runner/.nimble/pkgs/qt5_qtsql-1.1.1/qt5_qtsql', 0x00000000000001ff)
mkdir('/home/runner/.nimble/pkgs/qt5_qtsql-1.1.1/qt5_qtsql/src', 0x00000000000001ff)
chmod('/home/runner/.nimble/pkgs/qt5_qtsql-1.1.1/qt5_qtsql/src/qsqlquery.nim', 0x00000000000001a4)
mkdir('/home', 0x00000000000001ff)
mkdir('/home/runner', 0x00000000000001ff)
mkdir('/home/runner/.nimble', 0x00000000000001ff)
mkdir('/home/runner/.nimble/pkgs', 0x00000000000001ff)
mkdir('/home/runner/.nimble/pkgs/qt5_qtsql-1.1.1', 0x00000000000001ff)
mkdir('/home/runner/.nimble/pkgs/qt5_qtsql-1.1.1/qt5_qtsql', 0x00000000000001ff)
mkdir('/home/runner/.nimble/pkgs/qt5_qtsql-1.1.1/qt5_qtsql/src', 0x00000000000001ff)
chmod('/home/runner/.nimble/pkgs/qt5_qtsql-1.1.1/qt5_qtsql/src/qstring.nim', 0x00000000000001a4)
mkdir('/home', 0x00000000000001ff)
mkdir('/home/runner', 0x00000000000001ff)
mkdir('/home/runner/.nimble', 0x00000000000001ff)
mkdir('/home/runner/.nimble/pkgs', 0x00000000000001ff)
mkdir('/home/runner/.nimble/pkgs/qt5_qtsql-1.1.1', 0x00000000000001ff)
mkdir('/home/runner/.nimble/pkgs/qt5_qtsql-1.1.1/qt5_qtsql', 0x00000000000001ff)
mkdir('/home/runner/.nimble/pkgs/qt5_qtsql-1.1.1/qt5_qtsql/src', 0x00000000000001ff)
chmod('/home/runner/.nimble/pkgs/qt5_qtsql-1.1.1/qt5_qtsql/src/immutablecstring.nim', 0x00000000000001a4)
mkdir('/home', 0x00000000000001ff)
mkdir('/home/runner', 0x00000000000001ff)
mkdir('/home/runner/.nimble', 0x00000000000001ff)
mkdir('/home/runner/.nimble/pkgs', 0x00000000000001ff)
mkdir('/home/runner/.nimble/pkgs/qt5_qtsql-1.1.1', 0x00000000000001ff)
mkdir('/home/runner/.nimble/pkgs/qt5_qtsql-1.1.1/qt5_qtsql', 0x00000000000001ff)
mkdir('/home/runner/.nimble/pkgs/qt5_qtsql-1.1.1/qt5_qtsql/src', 0x00000000000001ff)
chmod('/home/runner/.nimble/pkgs/qt5_qtsql-1.1.1/qt5_qtsql/src/qvariant.nim', 0x00000000000001a4)
mkdir('/home', 0x00000000000001ff)
mkdir('/home/runner', 0x00000000000001ff)
mkdir('/home/runner/.nimble', 0x00000000000001ff)
mkdir('/home/runner/.nimble/pkgs', 0x00000000000001ff)
mkdir('/home/runner/.nimble/pkgs/qt5_qtsql-1.1.1', 0x00000000000001ff)
mkdir('/home/runner/.nimble/pkgs/qt5_qtsql-1.1.1/qt5_qtsql', 0x00000000000001ff)
mkdir('/home/runner/.nimble/pkgs/qt5_qtsql-1.1.1/qt5_qtsql/src', 0x00000000000001ff)
chmod('/home/runner/.nimble/pkgs/qt5_qtsql-1.1.1/qt5_qtsql/src/qbytearray.nim', 0x00000000000001a4)
mkdir('/home', 0x00000000000001ff)
mkdir('/home/runner', 0x00000000000001ff)
mkdir('/home/runner/.nimble', 0x00000000000001ff)
mkdir('/home/runner/.nimble/pkgs', 0x00000000000001ff)
mkdir('/home/runner/.nimble/pkgs/qt5_qtsql-1.1.1', 0x00000000000001ff)
mkdir('/home/runner/.nimble/pkgs/qt5_qtsql-1.1.1/qt5_qtsql', 0x00000000000001ff)
mkdir('/home/runner/.nimble/pkgs/qt5_qtsql-1.1.1/qt5_qtsql/src', 0x00000000000001ff)
chmod('/home/runner/.nimble/pkgs/qt5_qtsql-1.1.1/qt5_qtsql/src/qsqlrecord.nim', 0x00000000000001a4)
mkdir('/home', 0x00000000000001ff)
mkdir('/home/runner', 0x00000000000001ff)
mkdir('/home/runner/.nimble', 0x00000000000001ff)
mkdir('/home/runner/.nimble/pkgs', 0x00000000000001ff)
mkdir('/home/runner/.nimble/pkgs/qt5_qtsql-1.1.1', 0x00000000000001ff)
mkdir('/home/runner/.nimble/pkgs/qt5_qtsql-1.1.1/qt5_qtsql', 0x00000000000001ff)
mkdir('/home/runner/.nimble/pkgs/qt5_qtsql-1.1.1/qt5_qtsql/src', 0x00000000000001ff)
chmod('/home/runner/.nimble/pkgs/qt5_qtsql-1.1.1/qt5_qtsql/src/qtimezone.nim', 0x00000000000001a4)
mkdir('/home', 0x00000000000001ff)
mkdir('/home/runner', 0x00000000000001ff)
mkdir('/home/runner/.nimble', 0x00000000000001ff)
mkdir('/home/runner/.nimble/pkgs', 0x00000000000001ff)
mkdir('/home/runner/.nimble/pkgs/qt5_qtsql-1.1.1', 0x00000000000001ff)
mkdir('/home/runner/.nimble/pkgs/qt5_qtsql-1.1.1/qt5_qtsql', 0x00000000000001ff)
mkdir('/home/runner/.nimble/pkgs/qt5_qtsql-1.1.1/qt5_qtsql/src', 0x00000000000001ff)
chmod('/home/runner/.nimble/pkgs/qt5_qtsql-1.1.1/qt5_qtsql/src/qttimespec.nim', 0x00000000000001a4)
mkdir('/home', 0x00000000000001ff)
mkdir('/home/runner', 0x00000000000001ff)
mkdir('/home/runner/.nimble', 0x00000000000001ff)
mkdir('/home/runner/.nimble/pkgs', 0x00000000000001ff)
mkdir('/home/runner/.nimble/pkgs/qt5_qtsql-1.1.1', 0x00000000000001ff)
mkdir('/home/runner/.nimble/pkgs/qt5_qtsql-1.1.1/qt5_qtsql', 0x00000000000001ff)
mkdir('/home/runner/.nimble/pkgs/qt5_qtsql-1.1.1/qt5_qtsql/tests', 0x00000000000001ff)
chmod('/home/runner/.nimble/pkgs/qt5_qtsql-1.1.1/qt5_qtsql/tests/sqlcat.nim', 0x00000000000001a4)
mkdir('/home', 0x00000000000001ff)
mkdir('/home/runner', 0x00000000000001ff)
mkdir('/home/runner/.nimble', 0x00000000000001ff)
mkdir('/home/runner/.nimble/pkgs', 0x00000000000001ff)
mkdir('/home/runner/.nimble/pkgs/qt5_qtsql-1.1.1', 0x00000000000001ff)
mkdir('/home/runner/.nimble/pkgs/qt5_qtsql-1.1.1/qt5_qtsql', 0x00000000000001ff)
mkdir('/home/runner/.nimble/pkgs/qt5_qtsql-1.1.1/qt5_qtsql/tests', 0x00000000000001ff)
chmod('/home/runner/.nimble/pkgs/qt5_qtsql-1.1.1/qt5_qtsql/tests/nim.cfg', 0x00000000000001a4)
chmod('/home/runner/.nimble/pkgs/qt5_qtsql-1.1.1/qt5_qtsql.nimble', 0x00000000000001a4)
unlink('/tmp/nimble_3357/githubcom_philipwernersbachnimqt5qtsqlgit/qt5_qtsql.nimble')
unlink('/tmp/nimble_3357/githubcom_philipwernersbachnimqt5qtsqlgit/qt5_qtsql/src/qobjectconversionerror.nim')
unlink('/tmp/nimble_3357/githubcom_philipwernersbachnimqt5qtsqlgit/qt5_qtsql/src/qsqldatabase.nim')
unlink('/tmp/nimble_3357/githubcom_philipwernersbachnimqt5qtsqlgit/qt5_qtsql/src/qsqlerror.nim')
unlink('/tmp/nimble_3357/githubcom_philipwernersbachnimqt5qtsqlgit/qt5_qtsql/src/qdatetime.nim')
unlink('/tmp/nimble_3357/githubcom_philipwernersbachnimqt5qtsqlgit/qt5_qtsql/src/qsqlquery.nim')
unlink('/tmp/nimble_3357/githubcom_philipwernersbachnimqt5qtsqlgit/qt5_qtsql/src/qstring.nim')
unlink('/tmp/nimble_3357/githubcom_philipwernersbachnimqt5qtsqlgit/qt5_qtsql/src/immutablecstring.nim')
unlink('/tmp/nimble_3357/githubcom_philipwernersbachnimqt5qtsqlgit/qt5_qtsql/src/qvariant.nim')
unlink('/tmp/nimble_3357/githubcom_philipwernersbachnimqt5qtsqlgit/qt5_qtsql/src/qbytearray.nim')
unlink('/tmp/nimble_3357/githubcom_philipwernersbachnimqt5qtsqlgit/qt5_qtsql/src/qsqlrecord.nim')
unlink('/tmp/nimble_3357/githubcom_philipwernersbachnimqt5qtsqlgit/qt5_qtsql/src/qtimezone.nim')
unlink('/tmp/nimble_3357/githubcom_philipwernersbachnimqt5qtsqlgit/qt5_qtsql/src/qttimespec.nim')
rmdir('/tmp/nimble_3357/githubcom_philipwernersbachnimqt5qtsqlgit/qt5_qtsql/src')
unlink('/tmp/nimble_3357/githubcom_philipwernersbachnimqt5qtsqlgit/qt5_qtsql/tests/sqlcat.nim')
unlink('/tmp/nimble_3357/githubcom_philipwernersbachnimqt5qtsqlgit/qt5_qtsql/tests/nim.cfg')
rmdir('/tmp/nimble_3357/githubcom_philipwernersbachnimqt5qtsqlgit/qt5_qtsql/tests')
rmdir('/tmp/nimble_3357/githubcom_philipwernersbachnimqt5qtsqlgit/qt5_qtsql')
unlink('/tmp/nimble_3357/githubcom_philipwernersbachnimqt5qtsqlgit/LICENSE')
unlink('/tmp/nimble_3357/githubcom_philipwernersbachnimqt5qtsqlgit/qt5_qtsql.nim')
unlink('/tmp/nimble_3357/githubcom_philipwernersbachnimqt5qtsqlgit/.git/HEAD')
unlink('/tmp/nimble_3357/githubcom_philipwernersbachnimqt5qtsqlgit/.git/config')
unlink('/tmp/nimble_3357/githubcom_philipwernersbachnimqt5qtsqlgit/.git/logs/HEAD')
rmdir('/tmp/nimble_3357/githubcom_philipwernersbachnimqt5qtsqlgit/.git/logs')
rmdir('/tmp/nimble_3357/githubcom_philipwernersbachnimqt5qtsqlgit/.git/branches')
unlink('/tmp/nimble_3357/githubcom_philipwernersbachnimqt5qtsqlgit/.git/packed-refs')
rmdir('/tmp/nimble_3357/githubcom_philipwernersbachnimqt5qtsqlgit/.git/refs/heads')
rmdir('/tmp/nimble_3357/githubcom_philipwernersbachnimqt5qtsqlgit/.git/refs/tags')
rmdir('/tmp/nimble_3357/githubcom_philipwernersbachnimqt5qtsqlgit/.git/refs')
unlink('/tmp/nimble_3357/githubcom_philipwernersbachnimqt5qtsqlgit/.git/hooks/fsmonitor-watchman.sample')
unlink('/tmp/nimble_3357/githubcom_philipwernersbachnimqt5qtsqlgit/.git/hooks/pre-rebase.sample')
unlink('/tmp/nimble_3357/githubcom_philipwernersbachnimqt5qtsqlgit/.git/hooks/pre-push.sample')
unlink('/tmp/nimble_3357/githubcom_philipwernersbachnimqt5qtsqlgit/.git/hooks/pre-applypatch.sample')
unlink('/tmp/nimble_3357/githubcom_philipwernersbachnimqt5qtsqlgit/.git/hooks/pre-receive.sample')
unlink('/tmp/nimble_3357/githubcom_philipwernersbachnimqt5qtsqlgit/.git/hooks/commit-msg.sample')
unlink('/tmp/nimble_3357/githubcom_philipwernersbachnimqt5qtsqlgit/.git/hooks/pre-merge-commit.sample')
unlink('/tmp/nimble_3357/githubcom_philipwernersbachnimqt5qtsqlgit/.git/hooks/prepare-commit-msg.sample')
unlink('/tmp/nimble_3357/githubcom_philipwernersbachnimqt5qtsqlgit/.git/hooks/pre-commit.sample')
unlink('/tmp/nimble_3357/githubcom_philipwernersbachnimqt5qtsqlgit/.git/hooks/update.sample')
unlink('/tmp/nimble_3357/githubcom_philipwernersbachnimqt5qtsqlgit/.git/hooks/applypatch-msg.sample')
unlink('/tmp/nimble_3357/githubcom_philipwernersbachnimqt5qtsqlgit/.git/hooks/post-update.sample')
rmdir('/tmp/nimble_3357/githubcom_philipwernersbachnimqt5qtsqlgit/.git/hooks')
unlink('/tmp/nimble_3357/githubcom_philipwernersbachnimqt5qtsqlgit/.git/index')
unlink('/tmp/nimble_3357/githubcom_philipwernersbachnimqt5qtsqlgit/.git/info/exclude')
rmdir('/tmp/nimble_3357/githubcom_philipwernersbachnimqt5qtsqlgit/.git/info')
unlink('/tmp/nimble_3357/githubcom_philipwernersbachnimqt5qtsqlgit/.git/shallow')
unlink('/tmp/nimble_3357/githubcom_philipwernersbachnimqt5qtsqlgit/.git/description')
unlink('/tmp/nimble_3357/githubcom_philipwernersbachnimqt5qtsqlgit/.git/objects/pack/pack-c0bc5eae04d2d81fc8a937d06d5a63160a2600fc.pack')
unlink('/tmp/nimble_3357/githubcom_philipwernersbachnimqt5qtsqlgit/.git/objects/pack/pack-c0bc5eae04d2d81fc8a937d06d5a63160a2600fc.idx')
rmdir('/tmp/nimble_3357/githubcom_philipwernersbachnimqt5qtsqlgit/.git/objects/pack')
rmdir('/tmp/nimble_3357/githubcom_philipwernersbachnimqt5qtsqlgit/.git/objects/info')
rmdir('/tmp/nimble_3357/githubcom_philipwernersbachnimqt5qtsqlgit/.git/objects')
rmdir('/tmp/nimble_3357/githubcom_philipwernersbachnimqt5qtsqlgit/.git')
unlink('/tmp/nimble_3357/githubcom_philipwernersbachnimqt5qtsqlgit/README.md')
rmdir('/tmp/nimble_3357/githubcom_philipwernersbachnimqt5qtsqlgit')
rmdir('/tmp/nimble_3357')
  create directory /tmp
  create directory /tmp/nimble_3357
  create directory /tmp/nimble_3357/githubcom_philipwernersbachnimqt5qtsqlgit
  delete /tmp/nimble_3357/githubcom_philipwernersbachnimqt5qtsqlgit
  create directory /tmp/nimble_3357/githubcom_philipwernersbachnimqt5qtsqlgit
  create directory /tmp/nimble_3357/githubcom_philipwernersbachnimqt5qtsqlgit/.git
  create directory /tmp/nimble_3357/githubcom_philipwernersbachnimqt5qtsqlgit/.git
  create directory /tmp/nimble_3357/githubcom_philipwernersbachnimqt5qtsqlgit/.git/branches
  create directory /tmp/nimble_3357/githubcom_philipwernersbachnimqt5qtsqlgit/.git/hooks
  create directory /tmp/nimble_3357/githubcom_philipwernersbachnimqt5qtsqlgit/.git/info
  create directory /tmp/nimble_3357/githubcom_philipwernersbachnimqt5qtsqlgit/.git/refs
  create directory /tmp/nimble_3357/githubcom_philipwernersbachnimqt5qtsqlgit/.git/refs/heads
  create directory /tmp/nimble_3357/githubcom_philipwernersbachnimqt5qtsqlgit/.git/refs/tags
  rename /tmp/nimble_3357/githubcom_philipwernersbachnimqt5qtsqlgit/.git/HEAD.lock to HEAD
  rename /tmp/nimble_3357/githubcom_philipwernersbachnimqt5qtsqlgit/.git/config.lock to config
  change permissions of /tmp/nimble_3357/githubcom_philipwernersbachnimqt5qtsqlgit/.git/config to rwxr--r--
  change permissions of /tmp/nimble_3357/githubcom_philipwernersbachnimqt5qtsqlgit/.git/config to rw-r--r--
  change permissions of /tmp/nimble_3357/githubcom_philipwernersbachnimqt5qtsqlgit/.git/config.lock to rw-r--r--
  rename /tmp/nimble_3357/githubcom_philipwernersbachnimqt5qtsqlgit/.git/config.lock to config
  change permissions of /tmp/nimble_3357/githubcom_philipwernersbachnimqt5qtsqlgit/.git/config.lock to rw-r--r--
  rename /tmp/nimble_3357/githubcom_philipwernersbachnimqt5qtsqlgit/.git/config.lock to config
  change permissions of /tmp/nimble_3357/githubcom_philipwernersbachnimqt5qtsqlgit/.git/config.lock to rw-r--r--
  rename /tmp/nimble_3357/githubcom_philipwernersbachnimqt5qtsqlgit/.git/config.lock to config
  delete /tmp/nimble_3357/githubcom_philipwernersbachnimqt5qtsqlgit/.git/tzAvJYo
  create symbolic link from /tmp/nimble_3357/githubcom_philipwernersbachnimqt5qtsqlgit/.git/tzAvJYo to /home/runner/work/nim_packages_security_audit/nim_packages_security_audit/testing
  delete /tmp/nimble_3357/githubcom_philipwernersbachnimqt5qtsqlgit/.git/tzAvJYo
  create directory /tmp/nimble_3357/githubcom_philipwernersbachnimqt5qtsqlgit/.git/objects
  create directory /tmp/nimble_3357/githubcom_philipwernersbachnimqt5qtsqlgit/.git/objects/pack
  create directory /tmp/nimble_3357/githubcom_philipwernersbachnimqt5qtsqlgit/.git/objects/info
  change permissions of /tmp/nimble_3357/githubcom_philipwernersbachnimqt5qtsqlgit/.git/config.lock to rw-r--r--
  rename /tmp/nimble_3357/githubcom_philipwernersbachnimqt5qtsqlgit/.git/config.lock to config
  change permissions of /tmp/nimble_3357/githubcom_philipwernersbachnimqt5qtsqlgit/.git/config.lock to rw-r--r--
  rename /tmp/nimble_3357/githubcom_philipwernersbachnimqt5qtsqlgit/.git/config.lock to config
  change permissions of /tmp/nimble_3357/githubcom_philipwernersbachnimqt5qtsqlgit/.git/config.lock to rw-r--r--
  rename /tmp/nimble_3357/githubcom_philipwernersbachnimqt5qtsqlgit/.git/config.lock to config
  create hard link from /tmp/nimble_3357/githubcom_philipwernersbachnimqt5qtsqlgit/.git/objects/pack/pack-c0bc5eae04d2d81fc8a937d06d5a63160a2600fc.pack to /tmp/nimble_3357/githubcom_philipwernersbachnimqt5qtsqlgit/.git/objects/pack/tmp_pack_7yaXP1
  delete /tmp/nimble_3357/githubcom_philipwernersbachnimqt5qtsqlgit/.git/objects/pack/tmp_pack_7yaXP1
  create hard link from /tmp/nimble_3357/githubcom_philipwernersbachnimqt5qtsqlgit/.git/objects/pack/pack-c0bc5eae04d2d81fc8a937d06d5a63160a2600fc.idx to /tmp/nimble_3357/githubcom_philipwernersbachnimqt5qtsqlgit/.git/objects/pack/tmp_idx_dm6ayb
  delete /tmp/nimble_3357/githubcom_philipwernersbachnimqt5qtsqlgit/.git/objects/pack/tmp_idx_dm6ayb
  rename /tmp/nimble_3357/githubcom_philipwernersbachnimqt5qtsqlgit/.git/shallow.lock to shallow
  rename /tmp/nimble_3357/githubcom_philipwernersbachnimqt5qtsqlgit/.git/packed-refs.new to packed-refs
  delete /tmp/nimble_3357/githubcom_philipwernersbachnimqt5qtsqlgit/.git/packed-refs.lock
  delete /tmp/nimble_3357/githubcom_philipwernersbachnimqt5qtsqlgit/.git/refs/tags/1.1.1.lock
  create directory /tmp/nimble_3357/githubcom_philipwernersbachnimqt5qtsqlgit/.git/logs
  rename /tmp/nimble_3357/githubcom_philipwernersbachnimqt5qtsqlgit/.git/HEAD.lock to HEAD
  delete /tmp/nimble_3357/githubcom_philipwernersbachnimqt5qtsqlgit/.git/objects/pack/pack-c0bc5eae04d2d81fc8a937d06d5a63160a2600fc.keep
  create directory /tmp/nimble_3357/githubcom_philipwernersbachnimqt5qtsqlgit/qt5_qtsql
  create directory /tmp/nimble_3357/githubcom_philipwernersbachnimqt5qtsqlgit/qt5_qtsql/src
  create directory /tmp/nimble_3357/githubcom_philipwernersbachnimqt5qtsqlgit/qt5_qtsql/tests
  rename /tmp/nimble_3357/githubcom_philipwernersbachnimqt5qtsqlgit/.git/index.lock to index
  create directory /home
  create directory /home/runner
  create directory /home/runner/.nimble
  create directory /home/runner/.nimble/pkgs
  create directory /home/runner/.nimble/pkgs/qt5_qtsql-1.1.1
  create directory /home
  create directory /home/runner
  create directory /home/runner/.nimble
  create directory /home/runner/.nimble/pkgs
  create directory /home/runner/.nimble/pkgs/qt5_qtsql-1.1.1
  change permissions of /home/runner/.nimble/pkgs/qt5_qtsql-1.1.1/qt5_qtsql.nim to rw-r--r--
  create directory /home
  create directory /home/runner
  create directory /home/runner/.nimble
  create directory /home/runner/.nimble/pkgs
  create directory /home/runner/.nimble/pkgs/qt5_qtsql-1.1.1
  create directory /home/runner/.nimble/pkgs/qt5_qtsql-1.1.1/qt5_qtsql
  create directory /home/runner/.nimble/pkgs/qt5_qtsql-1.1.1/qt5_qtsql/src
  change permissions of /home/runner/.nimble/pkgs/qt5_qtsql-1.1.1/qt5_qtsql/src/qobjectconversionerror.nim to rw-r--r--
  create directory /home
  create directory /home/runner
  create directory /home/runner/.nimble
  create directory /home/runner/.nimble/pkgs
  create directory /home/runner/.nimble/pkgs/qt5_qtsql-1.1.1
  create directory /home/runner/.nimble/pkgs/qt5_qtsql-1.1.1/qt5_qtsql
  create directory /home/runner/.nimble/pkgs/qt5_qtsql-1.1.1/qt5_qtsql/src
  change permissions of /home/runner/.nimble/pkgs/qt5_qtsql-1.1.1/qt5_qtsql/src/qsqldatabase.nim to rw-r--r--
  create directory /home
  create directory /home/runner
  create directory /home/runner/.nimble
  create directory /home/runner/.nimble/pkgs
  create directory /home/runner/.nimble/pkgs/qt5_qtsql-1.1.1
  create directory /home/runner/.nimble/pkgs/qt5_qtsql-1.1.1/qt5_qtsql
  create directory /home/runner/.nimble/pkgs/qt5_qtsql-1.1.1/qt5_qtsql/src
  change permissions of /home/runner/.nimble/pkgs/qt5_qtsql-1.1.1/qt5_qtsql/src/qsqlerror.nim to rw-r--r--
  create directory /home
  create directory /home/runner
  create directory /home/runner/.nimble
  create directory /home/runner/.nimble/pkgs
  create directory /home/runner/.nimble/pkgs/qt5_qtsql-1.1.1
  create directory /home/runner/.nimble/pkgs/qt5_qtsql-1.1.1/qt5_qtsql
  create directory /home/runner/.nimble/pkgs/qt5_qtsql-1.1.1/qt5_qtsql/src
  change permissions of /home/runner/.nimble/pkgs/qt5_qtsql-1.1.1/qt5_qtsql/src/qdatetime.nim to rw-r--r--
  create directory /home
  create directory /home/runner
  create directory /home/runner/.nimble
  create directory /home/runner/.nimble/pkgs
  create directory /home/runner/.nimble/pkgs/qt5_qtsql-1.1.1
  create directory /home/runner/.nimble/pkgs/qt5_qtsql-1.1.1/qt5_qtsql
  create directory /home/runner/.nimble/pkgs/qt5_qtsql-1.1.1/qt5_qtsql/src
  change permissions of /home/runner/.nimble/pkgs/qt5_qtsql-1.1.1/qt5_qtsql/src/qsqlquery.nim to rw-r--r--
  create directory /home
  create directory /home/runner
  create directory /home/runner/.nimble
  create directory /home/runner/.nimble/pkgs
  create directory /home/runner/.nimble/pkgs/qt5_qtsql-1.1.1
  create directory /home/runner/.nimble/pkgs/qt5_qtsql-1.1.1/qt5_qtsql
  create directory /home/runner/.nimble/pkgs/qt5_qtsql-1.1.1/qt5_qtsql/src
  change permissions of /home/runner/.nimble/pkgs/qt5_qtsql-1.1.1/qt5_qtsql/src/qstring.nim to rw-r--r--
  create directory /home
  create directory /home/runner
  create directory /home/runner/.nimble
  create directory /home/runner/.nimble/pkgs
  create directory /home/runner/.nimble/pkgs/qt5_qtsql-1.1.1
  create directory /home/runner/.nimble/pkgs/qt5_qtsql-1.1.1/qt5_qtsql
  create directory /home/runner/.nimble/pkgs/qt5_qtsql-1.1.1/qt5_qtsql/src
  change permissions of /home/runner/.nimble/pkgs/qt5_qtsql-1.1.1/qt5_qtsql/src/immutablecstring.nim to rw-r--r--
  create directory /home
  create directory /home/runner
  create directory /home/runner/.nimble
  create directory /home/runner/.nimble/pkgs
  create directory /home/runner/.nimble/pkgs/qt5_qtsql-1.1.1
  create directory /home/runner/.nimble/pkgs/qt5_qtsql-1.1.1/qt5_qtsql
  create directory /home/runner/.nimble/pkgs/qt5_qtsql-1.1.1/qt5_qtsql/src
  change permissions of /home/runner/.nimble/pkgs/qt5_qtsql-1.1.1/qt5_qtsql/src/qvariant.nim to rw-r--r--
  create directory /home
  create directory /home/runner
  create directory /home/runner/.nimble
  create directory /home/runner/.nimble/pkgs
  create directory /home/runner/.nimble/pkgs/qt5_qtsql-1.1.1
  create directory /home/runner/.nimble/pkgs/qt5_qtsql-1.1.1/qt5_qtsql
  create directory /home/runner/.nimble/pkgs/qt5_qtsql-1.1.1/qt5_qtsql/src
  change permissions of /home/runner/.nimble/pkgs/qt5_qtsql-1.1.1/qt5_qtsql/src/qbytearray.nim to rw-r--r--
  create directory /home
  create directory /home/runner
  create directory /home/runner/.nimble
  create directory /home/runner/.nimble/pkgs
  create directory /home/runner/.nimble/pkgs/qt5_qtsql-1.1.1
  create directory /home/runner/.nimble/pkgs/qt5_qtsql-1.1.1/qt5_qtsql
  create directory /home/runner/.nimble/pkgs/qt5_qtsql-1.1.1/qt5_qtsql/src
  change permissions of /home/runner/.nimble/pkgs/qt5_qtsql-1.1.1/qt5_qtsql/src/qsqlrecord.nim to rw-r--r--
  create directory /home
  create directory /home/runner
  create directory /home/runner/.nimble
  create directory /home/runner/.nimble/pkgs
  create directory /home/runner/.nimble/pkgs/qt5_qtsql-1.1.1
  create directory /home/runner/.nimble/pkgs/qt5_qtsql-1.1.1/qt5_qtsql
  create directory /home/runner/.nimble/pkgs/qt5_qtsql-1.1.1/qt5_qtsql/src
  change permissions of /home/runner/.nimble/pkgs/qt5_qtsql-1.1.1/qt5_qtsql/src/qtimezone.nim to rw-r--r--
  create directory /home
  create directory /home/runner
  create directory /home/runner/.nimble
  create directory /home/runner/.nimble/pkgs
  create directory /home/runner/.nimble/pkgs/qt5_qtsql-1.1.1
  create directory /home/runner/.nimble/pkgs/qt5_qtsql-1.1.1/qt5_qtsql
  create directory /home/runner/.nimble/pkgs/qt5_qtsql-1.1.1/qt5_qtsql/src
  change permissions of /home/runner/.nimble/pkgs/qt5_qtsql-1.1.1/qt5_qtsql/src/qttimespec.nim to rw-r--r--
  create directory /home
  create directory /home/runner
  create directory /home/runner/.nimble
  create directory /home/runner/.nimble/pkgs
  create directory /home/runner/.nimble/pkgs/qt5_qtsql-1.1.1
  create directory /home/runner/.nimble/pkgs/qt5_qtsql-1.1.1/qt5_qtsql
  create directory /home/runner/.nimble/pkgs/qt5_qtsql-1.1.1/qt5_qtsql/tests
  change permissions of /home/runner/.nimble/pkgs/qt5_qtsql-1.1.1/qt5_qtsql/tests/sqlcat.nim to rw-r--r--
  create directory /home
  create directory /home/runner
  create directory /home/runner/.nimble
  create directory /home/runner/.nimble/pkgs
  create directory /home/runner/.nimble/pkgs/qt5_qtsql-1.1.1
  create directory /home/runner/.nimble/pkgs/qt5_qtsql-1.1.1/qt5_qtsql
  create directory /home/runner/.nimble/pkgs/qt5_qtsql-1.1.1/qt5_qtsql/tests
  change permissions of /home/runner/.nimble/pkgs/qt5_qtsql-1.1.1/qt5_qtsql/tests/nim.cfg to rw-r--r--
  change permissions of /home/runner/.nimble/pkgs/qt5_qtsql-1.1.1/qt5_qtsql.nimble to rw-r--r--
  delete /tmp/nimble_3357/githubcom_philipwernersbachnimqt5qtsqlgit/qt5_qtsql.nimble
  delete /tmp/nimble_3357/githubcom_philipwernersbachnimqt5qtsqlgit/qt5_qtsql/src/qobjectconversionerror.nim
  delete /tmp/nimble_3357/githubcom_philipwernersbachnimqt5qtsqlgit/qt5_qtsql/src/qsqldatabase.nim
  delete /tmp/nimble_3357/githubcom_philipwernersbachnimqt5qtsqlgit/qt5_qtsql/src/qsqlerror.nim
  delete /tmp/nimble_3357/githubcom_philipwernersbachnimqt5qtsqlgit/qt5_qtsql/src/qdatetime.nim
  delete /tmp/nimble_3357/githubcom_philipwernersbachnimqt5qtsqlgit/qt5_qtsql/src/qsqlquery.nim
  delete /tmp/nimble_3357/githubcom_philipwernersbachnimqt5qtsqlgit/qt5_qtsql/src/qstring.nim
  delete /tmp/nimble_3357/githubcom_philipwernersbachnimqt5qtsqlgit/qt5_qtsql/src/immutablecstring.nim
  delete /tmp/nimble_3357/githubcom_philipwernersbachnimqt5qtsqlgit/qt5_qtsql/src/qvariant.nim
  delete /tmp/nimble_3357/githubcom_philipwernersbachnimqt5qtsqlgit/qt5_qtsql/src/qbytearray.nim
  delete /tmp/nimble_3357/githubcom_philipwernersbachnimqt5qtsqlgit/qt5_qtsql/src/qsqlrecord.nim
  delete /tmp/nimble_3357/githubcom_philipwernersbachnimqt5qtsqlgit/qt5_qtsql/src/qtimezone.nim
  delete /tmp/nimble_3357/githubcom_philipwernersbachnimqt5qtsqlgit/qt5_qtsql/src/qttimespec.nim
  delete /tmp/nimble_3357/githubcom_philipwernersbachnimqt5qtsqlgit/qt5_qtsql/src
  delete /tmp/nimble_3357/githubcom_philipwernersbachnimqt5qtsqlgit/qt5_qtsql/tests/sqlcat.nim
  delete /tmp/nimble_3357/githubcom_philipwernersbachnimqt5qtsqlgit/qt5_qtsql/tests/nim.cfg
  delete /tmp/nimble_3357/githubcom_philipwernersbachnimqt5qtsqlgit/qt5_qtsql/tests
  delete /tmp/nimble_3357/githubcom_philipwernersbachnimqt5qtsqlgit/qt5_qtsql
  delete /tmp/nimble_3357/githubcom_philipwernersbachnimqt5qtsqlgit/LICENSE
  delete /tmp/nimble_3357/githubcom_philipwernersbachnimqt5qtsqlgit/qt5_qtsql.nim
  delete /tmp/nimble_3357/githubcom_philipwernersbachnimqt5qtsqlgit/.git/HEAD
  delete /tmp/nimble_3357/githubcom_philipwernersbachnimqt5qtsqlgit/.git/config
  delete /tmp/nimble_3357/githubcom_philipwernersbachnimqt5qtsqlgit/.git/logs/HEAD
  delete /tmp/nimble_3357/githubcom_philipwernersbachnimqt5qtsqlgit/.git/logs
  delete /tmp/nimble_3357/githubcom_philipwernersbachnimqt5qtsqlgit/.git/branches
  delete /tmp/nimble_3357/githubcom_philipwernersbachnimqt5qtsqlgit/.git/packed-refs
  delete /tmp/nimble_3357/githubcom_philipwernersbachnimqt5qtsqlgit/.git/refs/heads
  delete /tmp/nimble_3357/githubcom_philipwernersbachnimqt5qtsqlgit/.git/refs/tags
  delete /tmp/nimble_3357/githubcom_philipwernersbachnimqt5qtsqlgit/.git/refs
  delete /tmp/nimble_3357/githubcom_philipwernersbachnimqt5qtsqlgit/.git/hooks/fsmonitor-watchman.sample
  delete /tmp/nimble_3357/githubcom_philipwernersbachnimqt5qtsqlgit/.git/hooks/pre-rebase.sample
  delete /tmp/nimble_3357/githubcom_philipwernersbachnimqt5qtsqlgit/.git/hooks/pre-push.sample
  delete /tmp/nimble_3357/githubcom_philipwernersbachnimqt5qtsqlgit/.git/hooks/pre-applypatch.sample
  delete /tmp/nimble_3357/githubcom_philipwernersbachnimqt5qtsqlgit/.git/hooks/pre-receive.sample
  delete /tmp/nimble_3357/githubcom_philipwernersbachnimqt5qtsqlgit/.git/hooks/commit-msg.sample
  delete /tmp/nimble_3357/githubcom_philipwernersbachnimqt5qtsqlgit/.git/hooks/pre-merge-commit.sample
  delete /tmp/nimble_3357/githubcom_philipwernersbachnimqt5qtsqlgit/.git/hooks/prepare-commit-msg.sample
  delete /tmp/nimble_3357/githubcom_philipwernersbachnimqt5qtsqlgit/.git/hooks/pre-commit.sample
  delete /tmp/nimble_3357/githubcom_philipwernersbachnimqt5qtsqlgit/.git/hooks/update.sample
  delete /tmp/nimble_3357/githubcom_philipwernersbachnimqt5qtsqlgit/.git/hooks/applypatch-msg.sample
  delete /tmp/nimble_3357/githubcom_philipwernersbachnimqt5qtsqlgit/.git/hooks/post-update.sample
  delete /tmp/nimble_3357/githubcom_philipwernersbachnimqt5qtsqlgit/.git/hooks
  delete /tmp/nimble_3357/githubcom_philipwernersbachnimqt5qtsqlgit/.git/index
  delete /tmp/nimble_3357/githubcom_philipwernersbachnimqt5qtsqlgit/.git/info/exclude
  delete /tmp/nimble_3357/githubcom_philipwernersbachnimqt5qtsqlgit/.git/info
  delete /tmp/nimble_3357/githubcom_philipwernersbachnimqt5qtsqlgit/.git/shallow
  delete /tmp/nimble_3357/githubcom_philipwernersbachnimqt5qtsqlgit/.git/description
  delete /tmp/nimble_3357/githubcom_philipwernersbachnimqt5qtsqlgit/.git/objects/pack/pack-c0bc5eae04d2d81fc8a937d06d5a63160a2600fc.pack
  delete /tmp/nimble_3357/githubcom_philipwernersbachnimqt5qtsqlgit/.git/objects/pack/pack-c0bc5eae04d2d81fc8a937d06d5a63160a2600fc.idx
  delete /tmp/nimble_3357/githubcom_philipwernersbachnimqt5qtsqlgit/.git/objects/pack
  delete /tmp/nimble_3357/githubcom_philipwernersbachnimqt5qtsqlgit/.git/objects/info
  delete /tmp/nimble_3357/githubcom_philipwernersbachnimqt5qtsqlgit/.git/objects
  delete /tmp/nimble_3357/githubcom_philipwernersbachnimqt5qtsqlgit/.git
  delete /tmp/nimble_3357/githubcom_philipwernersbachnimqt5qtsqlgit/README.md
  delete /tmp/nimble_3357/githubcom_philipwernersbachnimqt5qtsqlgit
  delete /tmp/nimble_3357
