    Reading official package list
Downloading https://github.com/treeform/quickjwt using git
    Cloning latest tagged version: v0.2.1
mkdir('/tmp', 0x00000000000001ff)
mkdir('/tmp/nimble_3969', 0x00000000000001ff)
mkdir('/tmp/nimble_3969/githubcom_treeformquickjwt', 0x00000000000001ff)
rmdir('/tmp/nimble_3969/githubcom_treeformquickjwt')
mkdir('/tmp/nimble_3969/githubcom_treeformquickjwt', 0x00000000000001ff)
mkdir('/tmp/nimble_3969/githubcom_treeformquickjwt/.git', 0x00000000000001ff)
mkdir('/tmp/nimble_3969/githubcom_treeformquickjwt/.git/', 0x00000000000001ff)
mkdir('/tmp/nimble_3969/githubcom_treeformquickjwt/.git/info/', 0x00000000000001ff)
mkdir('/tmp/nimble_3969/githubcom_treeformquickjwt/.git/branches/', 0x00000000000001ff)
mkdir('/tmp/nimble_3969/githubcom_treeformquickjwt/.git/hooks/', 0x00000000000001ff)
mkdir('/tmp/nimble_3969/githubcom_treeformquickjwt/.git/refs', 0x00000000000001ff)
mkdir('/tmp/nimble_3969/githubcom_treeformquickjwt/.git/refs/heads', 0x00000000000001ff)
mkdir('/tmp/nimble_3969/githubcom_treeformquickjwt/.git/refs/tags', 0x00000000000001ff)
rename('/tmp/nimble_3969/githubcom_treeformquickjwt/.git/HEAD.lock', '/tmp/nimble_3969/githubcom_treeformquickjwt/.git/HEAD')
rename('/tmp/nimble_3969/githubcom_treeformquickjwt/.git/config.lock', '/tmp/nimble_3969/githubcom_treeformquickjwt/.git/config')
chmod('/tmp/nimble_3969/githubcom_treeformquickjwt/.git/config', 0x00000000000081e4)
chmod('/tmp/nimble_3969/githubcom_treeformquickjwt/.git/config', 0x00000000000081a4)
chmod('/tmp/nimble_3969/githubcom_treeformquickjwt/.git/config.lock', 0x00000000000001a4)
rename('/tmp/nimble_3969/githubcom_treeformquickjwt/.git/config.lock', '/tmp/nimble_3969/githubcom_treeformquickjwt/.git/config')
chmod('/tmp/nimble_3969/githubcom_treeformquickjwt/.git/config.lock', 0x00000000000001a4)
rename('/tmp/nimble_3969/githubcom_treeformquickjwt/.git/config.lock', '/tmp/nimble_3969/githubcom_treeformquickjwt/.git/config')
chmod('/tmp/nimble_3969/githubcom_treeformquickjwt/.git/config.lock', 0x00000000000001a4)
rename('/tmp/nimble_3969/githubcom_treeformquickjwt/.git/config.lock', '/tmp/nimble_3969/githubcom_treeformquickjwt/.git/config')
unlink('/tmp/nimble_3969/githubcom_treeformquickjwt/.git/t3HWFZ4')
symlink('testing', '/tmp/nimble_3969/githubcom_treeformquickjwt/.git/t3HWFZ4')
unlink('/tmp/nimble_3969/githubcom_treeformquickjwt/.git/t3HWFZ4')
mkdir('/tmp/nimble_3969/githubcom_treeformquickjwt/.git/objects', 0x00000000000001ff)
mkdir('/tmp/nimble_3969/githubcom_treeformquickjwt/.git/objects/pack', 0x00000000000001ff)
mkdir('/tmp/nimble_3969/githubcom_treeformquickjwt/.git/objects/info', 0x00000000000001ff)
chmod('/tmp/nimble_3969/githubcom_treeformquickjwt/.git/config.lock', 0x00000000000001a4)
rename('/tmp/nimble_3969/githubcom_treeformquickjwt/.git/config.lock', '/tmp/nimble_3969/githubcom_treeformquickjwt/.git/config')
chmod('/tmp/nimble_3969/githubcom_treeformquickjwt/.git/config.lock', 0x00000000000001a4)
rename('/tmp/nimble_3969/githubcom_treeformquickjwt/.git/config.lock', '/tmp/nimble_3969/githubcom_treeformquickjwt/.git/config')
chmod('/tmp/nimble_3969/githubcom_treeformquickjwt/.git/config.lock', 0x00000000000001a4)
rename('/tmp/nimble_3969/githubcom_treeformquickjwt/.git/config.lock', '/tmp/nimble_3969/githubcom_treeformquickjwt/.git/config')
mkdir('/tmp/nimble_3969/githubcom_treeformquickjwt/.git/objects/d3', 0x00000000000001ff)
link('/tmp/nimble_3969/githubcom_treeformquickjwt/.git/objects/d3/tmp_obj_24GiPv', '/tmp/nimble_3969/githubcom_treeformquickjwt/.git/objects/d3/989dce8b025bd7c813190b7079f6531b9f0f27')
unlink('/tmp/nimble_3969/githubcom_treeformquickjwt/.git/objects/d3/tmp_obj_24GiPv')
mkdir('/tmp/nimble_3969/githubcom_treeformquickjwt/.git/objects/02', 0x00000000000001ff)
link('/tmp/nimble_3969/githubcom_treeformquickjwt/.git/objects/02/tmp_obj_gETxHB', '/tmp/nimble_3969/githubcom_treeformquickjwt/.git/objects/02/a92b125bc09b4a61b144fd7b4cde6fc62f091d')
unlink('/tmp/nimble_3969/githubcom_treeformquickjwt/.git/objects/02/tmp_obj_gETxHB')
mkdir('/tmp/nimble_3969/githubcom_treeformquickjwt/.git/objects/dc', 0x00000000000001ff)
link('/tmp/nimble_3969/githubcom_treeformquickjwt/.git/objects/dc/tmp_obj_YsqnHC', '/tmp/nimble_3969/githubcom_treeformquickjwt/.git/objects/dc/5d45264b25e39716adbef51293c84cf52e17e5')
unlink('/tmp/nimble_3969/githubcom_treeformquickjwt/.git/objects/dc/tmp_obj_YsqnHC')
mkdir('/tmp/nimble_3969/githubcom_treeformquickjwt/.git/objects/3b', 0x00000000000001ff)
link('/tmp/nimble_3969/githubcom_treeformquickjwt/.git/objects/3b/tmp_obj_S9l7NE', '/tmp/nimble_3969/githubcom_treeformquickjwt/.git/objects/3b/0b6491e9c2cf3e6f4cf945b12666880d301d88')
unlink('/tmp/nimble_3969/githubcom_treeformquickjwt/.git/objects/3b/tmp_obj_S9l7NE')
mkdir('/tmp/nimble_3969/githubcom_treeformquickjwt/.git/objects/af', 0x00000000000001ff)
link('/tmp/nimble_3969/githubcom_treeformquickjwt/.git/objects/af/tmp_obj_aLQHqL', '/tmp/nimble_3969/githubcom_treeformquickjwt/.git/objects/af/7cf2f3d5705de72a8674585627ba09e219d218')
unlink('/tmp/nimble_3969/githubcom_treeformquickjwt/.git/objects/af/tmp_obj_aLQHqL')
mkdir('/tmp/nimble_3969/githubcom_treeformquickjwt/.git/objects/0f', 0x00000000000001ff)
link('/tmp/nimble_3969/githubcom_treeformquickjwt/.git/objects/0f/tmp_obj_ONblDP', '/tmp/nimble_3969/githubcom_treeformquickjwt/.git/objects/0f/d69a39404e0dcb3f698127f5cce9519967b3f7')
unlink('/tmp/nimble_3969/githubcom_treeformquickjwt/.git/objects/0f/tmp_obj_ONblDP')
mkdir('/tmp/nimble_3969/githubcom_treeformquickjwt/.git/objects/2f', 0x00000000000001ff)
link('/tmp/nimble_3969/githubcom_treeformquickjwt/.git/objects/2f/tmp_obj_C9zM8N', '/tmp/nimble_3969/githubcom_treeformquickjwt/.git/objects/2f/0bb149bc15dad76a8ce0358d4ef85d1e8fa1bb')
unlink('/tmp/nimble_3969/githubcom_treeformquickjwt/.git/objects/2f/tmp_obj_C9zM8N')
mkdir('/tmp/nimble_3969/githubcom_treeformquickjwt/.git/objects/17', 0x00000000000001ff)
link('/tmp/nimble_3969/githubcom_treeformquickjwt/.git/objects/17/tmp_obj_UyQy1Q', '/tmp/nimble_3969/githubcom_treeformquickjwt/.git/objects/17/337ffa83d93c7daff88ff5998cfa94125a1040')
unlink('/tmp/nimble_3969/githubcom_treeformquickjwt/.git/objects/17/tmp_obj_UyQy1Q')
mkdir('/tmp/nimble_3969/githubcom_treeformquickjwt/.git/objects/07', 0x00000000000001ff)
link('/tmp/nimble_3969/githubcom_treeformquickjwt/.git/objects/07/tmp_obj_Ch4rLS', '/tmp/nimble_3969/githubcom_treeformquickjwt/.git/objects/07/e51a764117f3c0e98b92bc272ca0ec008380a2')
unlink('/tmp/nimble_3969/githubcom_treeformquickjwt/.git/objects/07/tmp_obj_Ch4rLS')
mkdir('/tmp/nimble_3969/githubcom_treeformquickjwt/.git/objects/86', 0x00000000000001ff)
link('/tmp/nimble_3969/githubcom_treeformquickjwt/.git/objects/86/tmp_obj_eg3Vyt', '/tmp/nimble_3969/githubcom_treeformquickjwt/.git/objects/86/67d7520cacfa04ead688c009f59ec2e6e7c5c9')
unlink('/tmp/nimble_3969/githubcom_treeformquickjwt/.git/objects/86/tmp_obj_eg3Vyt')
mkdir('/tmp/nimble_3969/githubcom_treeformquickjwt/.git/objects/2b', 0x00000000000001ff)
link('/tmp/nimble_3969/githubcom_treeformquickjwt/.git/objects/2b/tmp_obj_bxDy0T', '/tmp/nimble_3969/githubcom_treeformquickjwt/.git/objects/2b/bab884ac8d0b2674b31f018a1922fab960954e')
unlink('/tmp/nimble_3969/githubcom_treeformquickjwt/.git/objects/2b/tmp_obj_bxDy0T')
mkdir('/tmp/nimble_3969/githubcom_treeformquickjwt/.git/objects/76', 0x00000000000001ff)
link('/tmp/nimble_3969/githubcom_treeformquickjwt/.git/objects/76/tmp_obj_46Mv3i', '/tmp/nimble_3969/githubcom_treeformquickjwt/.git/objects/76/041666a5be92956a2e5c1c99df8b971fa54ac6')
unlink('/tmp/nimble_3969/githubcom_treeformquickjwt/.git/objects/76/tmp_obj_46Mv3i')
mkdir('/tmp/nimble_3969/githubcom_treeformquickjwt/.git/objects/4a', 0x00000000000001ff)
link('/tmp/nimble_3969/githubcom_treeformquickjwt/.git/objects/4a/tmp_obj_ZVeuwu', '/tmp/nimble_3969/githubcom_treeformquickjwt/.git/objects/4a/0783d7b6c3c7a89d5d074173276e4c2a0987c7')
unlink('/tmp/nimble_3969/githubcom_treeformquickjwt/.git/objects/4a/tmp_obj_ZVeuwu')
mkdir('/tmp/nimble_3969/githubcom_treeformquickjwt/.git/objects/23', 0x00000000000001ff)
link('/tmp/nimble_3969/githubcom_treeformquickjwt/.git/objects/23/tmp_obj_z8PqOt', '/tmp/nimble_3969/githubcom_treeformquickjwt/.git/objects/23/142613767877354c9c54b94daa568ce8f81270')
unlink('/tmp/nimble_3969/githubcom_treeformquickjwt/.git/objects/23/tmp_obj_z8PqOt')       Info /tmp/nimble_3969/githubcom_treeformquickjwt/quickjwt_3969.nims(1, 8) Warning: imported and not used: 'system' [UnusedImport]
        ... /tmp/nimble_3969/githubcom_treeformquickjwt/quickjwt_3969.nims(5, 22) Warning: imported and not used: 'strutils' [UnusedImport]
  Verifying dependencies for quickjwt@0.2.1
 Installing quickjwt@0.2.1
    Copying file /tmp/nimble_3969/githubcom_treeformquickjwt/src/quickjwt.nim to /home/runner/.nimble/pkgs/quickjwt-0.2.1/quickjwt.nim
    Copying file /tmp/nimble_3969/githubcom_treeformquickjwt/src/quickjwt/crypto.nim to /home/runner/.nimble/pkgs/quickjwt-0.2.1/quickjwt/crypto.nim
    Copying file /tmp/nimble_3969/githubcom_treeformquickjwt/quickjwt.nimble to /home/runner/.nimble/pkgs/quickjwt-0.2.1/quickjwt.nimble
   Success: quickjwt installed successfully.
       Info /home/runner/.nimble/pkgs/quickjwt-0.2.1/quickjwt_3969.nims(1, 8) Warning: imported and not used: 'system' [UnusedImport]
        ... /home/runner/.nimble/pkgs/quickjwt-0.2.1/quickjwt_3969.nims(5, 22) Warning: imported and not used: 'strutils' [UnusedImport]

mkdir('/tmp/nimble_3969/githubcom_treeformquickjwt/.git/objects/33', 0x00000000000001ff)
link('/tmp/nimble_3969/githubcom_treeformquickjwt/.git/objects/33/tmp_obj_9sVaRz', '/tmp/nimble_3969/githubcom_treeformquickjwt/.git/objects/33/ccf3fc7c640a057c0263267dba23333fd8a489')
unlink('/tmp/nimble_3969/githubcom_treeformquickjwt/.git/objects/33/tmp_obj_9sVaRz')
mkdir('/tmp/nimble_3969/githubcom_treeformquickjwt/.git/objects/1b', 0x00000000000001ff)
link('/tmp/nimble_3969/githubcom_treeformquickjwt/.git/objects/1b/tmp_obj_dnXj2z', '/tmp/nimble_3969/githubcom_treeformquickjwt/.git/objects/1b/36dfd222969af2aca4534409d308fe8c6b310d')
unlink('/tmp/nimble_3969/githubcom_treeformquickjwt/.git/objects/1b/tmp_obj_dnXj2z')
mkdir('/tmp/nimble_3969/githubcom_treeformquickjwt/.git/objects/50', 0x00000000000001ff)
link('/tmp/nimble_3969/githubcom_treeformquickjwt/.git/objects/50/tmp_obj_F3pb8C', '/tmp/nimble_3969/githubcom_treeformquickjwt/.git/objects/50/be1f572e1afefa8b8fb6543bb829ba94d6f8cc')
unlink('/tmp/nimble_3969/githubcom_treeformquickjwt/.git/objects/50/tmp_obj_F3pb8C')
mkdir('/tmp/nimble_3969/githubcom_treeformquickjwt/.git/objects/0e', 0x00000000000001ff)
link('/tmp/nimble_3969/githubcom_treeformquickjwt/.git/objects/0e/tmp_obj_lpWxvH', '/tmp/nimble_3969/githubcom_treeformquickjwt/.git/objects/0e/3fa1b309469ac8f7787ba12dd2d04063861ef6')
unlink('/tmp/nimble_3969/githubcom_treeformquickjwt/.git/objects/0e/tmp_obj_lpWxvH')
rename('/tmp/nimble_3969/githubcom_treeformquickjwt/.git/shallow.lock', '/tmp/nimble_3969/githubcom_treeformquickjwt/.git/shallow')
rename('/tmp/nimble_3969/githubcom_treeformquickjwt/.git/packed-refs.new', '/tmp/nimble_3969/githubcom_treeformquickjwt/.git/packed-refs')
unlink('/tmp/nimble_3969/githubcom_treeformquickjwt/.git/packed-refs.lock')
rename('/tmp/nimble_3969/githubcom_treeformquickjwt/.git/refs/tags/0.2.1.lock', '/tmp/nimble_3969/githubcom_treeformquickjwt/.git/refs/tags/0.2.1')
unlink('/tmp/nimble_3969/githubcom_treeformquickjwt/.git/refs/tags/v0.2.1.lock')
mkdir('/tmp/nimble_3969/githubcom_treeformquickjwt/.git/logs', 0x00000000000001ff)
rename('/tmp/nimble_3969/githubcom_treeformquickjwt/.git/HEAD.lock', '/tmp/nimble_3969/githubcom_treeformquickjwt/.git/HEAD')
mkdir('dlls', 0x00000000000001ff)
mkdir('src', 0x00000000000001ff)
mkdir('src/quickjwt', 0x00000000000001ff)
mkdir('tests', 0x00000000000001ff)
rename('/tmp/nimble_3969/githubcom_treeformquickjwt/.git/index.lock', '/tmp/nimble_3969/githubcom_treeformquickjwt/.git/index')
mkdir('/tmp', 0x00000000000001ff)
mkdir('/tmp/nimblecache', 0x00000000000001ff)
mkdir('/tmp/nimblecache/quickjwt_2715040221', 0x00000000000001ff)
unlink('/tmp/nimblecache/quickjwt_2715040221/quickjwt.ini')
unlink('/tmp/nimble_3969.out')
unlink('/tmp/nimble_3969/githubcom_treeformquickjwt/quickjwt_3969.nims')
mkdir('/home', 0x00000000000001ff)
mkdir('/home/runner', 0x00000000000001ff)
mkdir('/home/runner/.nimble', 0x00000000000001ff)
mkdir('/home/runner/.nimble/pkgs', 0x00000000000001ff)
mkdir('/home/runner/.nimble/pkgs/quickjwt-0.2.1', 0x00000000000001ff)
mkdir('/home', 0x00000000000001ff)
mkdir('/home/runner', 0x00000000000001ff)
mkdir('/home/runner/.nimble', 0x00000000000001ff)
mkdir('/home/runner/.nimble/pkgs', 0x00000000000001ff)
mkdir('/home/runner/.nimble/pkgs/quickjwt-0.2.1', 0x00000000000001ff)
chmod('/home/runner/.nimble/pkgs/quickjwt-0.2.1/quickjwt.nim', 0x00000000000001a4)
mkdir('/home', 0x00000000000001ff)
mkdir('/home/runner', 0x00000000000001ff)
mkdir('/home/runner/.nimble', 0x00000000000001ff)
mkdir('/home/runner/.nimble/pkgs', 0x00000000000001ff)
mkdir('/home/runner/.nimble/pkgs/quickjwt-0.2.1', 0x00000000000001ff)
mkdir('/home/runner/.nimble/pkgs/quickjwt-0.2.1/quickjwt', 0x00000000000001ff)
chmod('/home/runner/.nimble/pkgs/quickjwt-0.2.1/quickjwt/crypto.nim', 0x00000000000001a4)
chmod('/home/runner/.nimble/pkgs/quickjwt-0.2.1/quickjwt.nimble', 0x00000000000001a4)
mkdir('/tmp', 0x00000000000001ff)
mkdir('/tmp/nimblecache', 0x00000000000001ff)
mkdir('/tmp/nimblecache/quickjwt_4086251682', 0x00000000000001ff)
unlink('/tmp/nimblecache/quickjwt_4086251682/quickjwt.ini')
unlink('/tmp/nimble_3969.out')
unlink('/home/runner/.nimble/pkgs/quickjwt-0.2.1/quickjwt_3969.nims')
unlink('/tmp/nimble_3969/githubcom_treeformquickjwt/README.md')
unlink('/tmp/nimble_3969/githubcom_treeformquickjwt/.git/refs/tags/0.2.1')
rmdir('/tmp/nimble_3969/githubcom_treeformquickjwt/.git/refs/tags')
rmdir('/tmp/nimble_3969/githubcom_treeformquickjwt/.git/refs/heads')
rmdir('/tmp/nimble_3969/githubcom_treeformquickjwt/.git/refs')
unlink('/tmp/nimble_3969/githubcom_treeformquickjwt/.git/info/exclude')
rmdir('/tmp/nimble_3969/githubcom_treeformquickjwt/.git/info')
rmdir('/tmp/nimble_3969/githubcom_treeformquickjwt/.git/branches')
unlink('/tmp/nimble_3969/githubcom_treeformquickjwt/.git/logs/HEAD')
rmdir('/tmp/nimble_3969/githubcom_treeformquickjwt/.git/logs')
unlink('/tmp/nimble_3969/githubcom_treeformquickjwt/.git/description')
unlink('/tmp/nimble_3969/githubcom_treeformquickjwt/.git/hooks/pre-rebase.sample')
unlink('/tmp/nimble_3969/githubcom_treeformquickjwt/.git/hooks/applypatch-msg.sample')
unlink('/tmp/nimble_3969/githubcom_treeformquickjwt/.git/hooks/pre-push.sample')
unlink('/tmp/nimble_3969/githubcom_treeformquickjwt/.git/hooks/pre-merge-commit.sample')
unlink('/tmp/nimble_3969/githubcom_treeformquickjwt/.git/hooks/pre-receive.sample')
unlink('/tmp/nimble_3969/githubcom_treeformquickjwt/.git/hooks/update.sample')
unlink('/tmp/nimble_3969/githubcom_treeformquickjwt/.git/hooks/pre-commit.sample')
unlink('/tmp/nimble_3969/githubcom_treeformquickjwt/.git/hooks/pre-applypatch.sample')
unlink('/tmp/nimble_3969/githubcom_treeformquickjwt/.git/hooks/commit-msg.sample')
unlink('/tmp/nimble_3969/githubcom_treeformquickjwt/.git/hooks/fsmonitor-watchman.sample')
unlink('/tmp/nimble_3969/githubcom_treeformquickjwt/.git/hooks/prepare-commit-msg.sample')
unlink('/tmp/nimble_3969/githubcom_treeformquickjwt/.git/hooks/post-update.sample')
rmdir('/tmp/nimble_3969/githubcom_treeformquickjwt/.git/hooks')
unlink('/tmp/nimble_3969/githubcom_treeformquickjwt/.git/shallow')
unlink('/tmp/nimble_3969/githubcom_treeformquickjwt/.git/config')
unlink('/tmp/nimble_3969/githubcom_treeformquickjwt/.git/index')
unlink('/tmp/nimble_3969/githubcom_treeformquickjwt/.git/objects/1b/36dfd222969af2aca4534409d308fe8c6b310d')
rmdir('/tmp/nimble_3969/githubcom_treeformquickjwt/.git/objects/1b')
unlink('/tmp/nimble_3969/githubcom_treeformquickjwt/.git/objects/33/ccf3fc7c640a057c0263267dba23333fd8a489')
rmdir('/tmp/nimble_3969/githubcom_treeformquickjwt/.git/objects/33')
rmdir('/tmp/nimble_3969/githubcom_treeformquickjwt/.git/objects/info')
unlink('/tmp/nimble_3969/githubcom_treeformquickjwt/.git/objects/0f/d69a39404e0dcb3f698127f5cce9519967b3f7')
rmdir('/tmp/nimble_3969/githubcom_treeformquickjwt/.git/objects/0f')
unlink('/tmp/nimble_3969/githubcom_treeformquickjwt/.git/objects/af/7cf2f3d5705de72a8674585627ba09e219d218')
rmdir('/tmp/nimble_3969/githubcom_treeformquickjwt/.git/objects/af')
unlink('/tmp/nimble_3969/githubcom_treeformquickjwt/.git/objects/50/be1f572e1afefa8b8fb6543bb829ba94d6f8cc')
rmdir('/tmp/nimble_3969/githubcom_treeformquickjwt/.git/objects/50')
unlink('/tmp/nimble_3969/githubcom_treeformquickjwt/.git/objects/17/337ffa83d93c7daff88ff5998cfa94125a1040')
rmdir('/tmp/nimble_3969/githubcom_treeformquickjwt/.git/objects/17')
unlink('/tmp/nimble_3969/githubcom_treeformquickjwt/.git/objects/d3/989dce8b025bd7c813190b7079f6531b9f0f27')
rmdir('/tmp/nimble_3969/githubcom_treeformquickjwt/.git/objects/d3')
unlink('/tmp/nimble_3969/githubcom_treeformquickjwt/.git/objects/07/e51a764117f3c0e98b92bc272ca0ec008380a2')
rmdir('/tmp/nimble_3969/githubcom_treeformquickjwt/.git/objects/07')
unlink('/tmp/nimble_3969/githubcom_treeformquickjwt/.git/objects/2f/0bb149bc15dad76a8ce0358d4ef85d1e8fa1bb')
rmdir('/tmp/nimble_3969/githubcom_treeformquickjwt/.git/objects/2f')
unlink('/tmp/nimble_3969/githubcom_treeformquickjwt/.git/objects/23/142613767877354c9c54b94daa568ce8f81270')
rmdir('/tmp/nimble_3969/githubcom_treeformquickjwt/.git/objects/23')
unlink('/tmp/nimble_3969/githubcom_treeformquickjwt/.git/objects/3b/0b6491e9c2cf3e6f4cf945b12666880d301d88')
rmdir('/tmp/nimble_3969/githubcom_treeformquickjwt/.git/objects/3b')
unlink('/tmp/nimble_3969/githubcom_treeformquickjwt/.git/objects/4a/0783d7b6c3c7a89d5d074173276e4c2a0987c7')
rmdir('/tmp/nimble_3969/githubcom_treeformquickjwt/.git/objects/4a')
unlink('/tmp/nimble_3969/githubcom_treeformquickjwt/.git/objects/86/67d7520cacfa04ead688c009f59ec2e6e7c5c9')
rmdir('/tmp/nimble_3969/githubcom_treeformquickjwt/.git/objects/86')
unlink('/tmp/nimble_3969/githubcom_treeformquickjwt/.git/objects/76/041666a5be92956a2e5c1c99df8b971fa54ac6')
rmdir('/tmp/nimble_3969/githubcom_treeformquickjwt/.git/objects/76')
unlink('/tmp/nimble_3969/githubcom_treeformquickjwt/.git/objects/0e/3fa1b309469ac8f7787ba12dd2d04063861ef6')
rmdir('/tmp/nimble_3969/githubcom_treeformquickjwt/.git/objects/0e')
unlink('/tmp/nimble_3969/githubcom_treeformquickjwt/.git/objects/2b/bab884ac8d0b2674b31f018a1922fab960954e')
rmdir('/tmp/nimble_3969/githubcom_treeformquickjwt/.git/objects/2b')
rmdir('/tmp/nimble_3969/githubcom_treeformquickjwt/.git/objects/pack')
unlink('/tmp/nimble_3969/githubcom_treeformquickjwt/.git/objects/02/a92b125bc09b4a61b144fd7b4cde6fc62f091d')
rmdir('/tmp/nimble_3969/githubcom_treeformquickjwt/.git/objects/02')
unlink('/tmp/nimble_3969/githubcom_treeformquickjwt/.git/objects/dc/5d45264b25e39716adbef51293c84cf52e17e5')
rmdir('/tmp/nimble_3969/githubcom_treeformquickjwt/.git/objects/dc')
rmdir('/tmp/nimble_3969/githubcom_treeformquickjwt/.git/objects')
unlink('/tmp/nimble_3969/githubcom_treeformquickjwt/.git/packed-refs')
unlink('/tmp/nimble_3969/githubcom_treeformquickjwt/.git/HEAD')
rmdir('/tmp/nimble_3969/githubcom_treeformquickjwt/.git')
unlink('/tmp/nimble_3969/githubcom_treeformquickjwt/src/quickjwt.nim')
unlink('/tmp/nimble_3969/githubcom_treeformquickjwt/src/quickjwt/crypto.nim')
rmdir('/tmp/nimble_3969/githubcom_treeformquickjwt/src/quickjwt')
rmdir('/tmp/nimble_3969/githubcom_treeformquickjwt/src')
unlink('/tmp/nimble_3969/githubcom_treeformquickjwt/quickjwt.nimble')
unlink('/tmp/nimble_3969/githubcom_treeformquickjwt/dlls/libssl-1_1-x64.dll')
unlink('/tmp/nimble_3969/githubcom_treeformquickjwt/dlls/libcrypto-1_1-x64.dll')
unlink('/tmp/nimble_3969/githubcom_treeformquickjwt/dlls/libeay32.dll')
unlink('/tmp/nimble_3969/githubcom_treeformquickjwt/dlls/readme.md')
rmdir('/tmp/nimble_3969/githubcom_treeformquickjwt/dlls')
unlink('/tmp/nimble_3969/githubcom_treeformquickjwt/tests/testjwt.nim')
unlink('/tmp/nimble_3969/githubcom_treeformquickjwt/tests/nim.cfg')
rmdir('/tmp/nimble_3969/githubcom_treeformquickjwt/tests')
unlink('/tmp/nimble_3969/githubcom_treeformquickjwt/.gitignore')
unlink('/tmp/nimble_3969/githubcom_treeformquickjwt/LICENSE')
rmdir('/tmp/nimble_3969/githubcom_treeformquickjwt')
rmdir('/tmp/nimble_3969')
  create directory /tmp
  create directory /tmp/nimble_3969
  create directory /tmp/nimble_3969/githubcom_treeformquickjwt
  delete /tmp/nimble_3969/githubcom_treeformquickjwt
  create directory /tmp/nimble_3969/githubcom_treeformquickjwt
  create directory /tmp/nimble_3969/githubcom_treeformquickjwt/.git
  create directory /tmp/nimble_3969/githubcom_treeformquickjwt/.git
  create directory /tmp/nimble_3969/githubcom_treeformquickjwt/.git/info
  create directory /tmp/nimble_3969/githubcom_treeformquickjwt/.git/branches
  create directory /tmp/nimble_3969/githubcom_treeformquickjwt/.git/hooks
  create directory /tmp/nimble_3969/githubcom_treeformquickjwt/.git/refs
  create directory /tmp/nimble_3969/githubcom_treeformquickjwt/.git/refs/heads
  create directory /tmp/nimble_3969/githubcom_treeformquickjwt/.git/refs/tags
  rename /tmp/nimble_3969/githubcom_treeformquickjwt/.git/HEAD.lock to HEAD
  rename /tmp/nimble_3969/githubcom_treeformquickjwt/.git/config.lock to config
  change permissions of /tmp/nimble_3969/githubcom_treeformquickjwt/.git/config to rwxr--r--
  change permissions of /tmp/nimble_3969/githubcom_treeformquickjwt/.git/config to rw-r--r--
  change permissions of /tmp/nimble_3969/githubcom_treeformquickjwt/.git/config.lock to rw-r--r--
  rename /tmp/nimble_3969/githubcom_treeformquickjwt/.git/config.lock to config
  change permissions of /tmp/nimble_3969/githubcom_treeformquickjwt/.git/config.lock to rw-r--r--
  rename /tmp/nimble_3969/githubcom_treeformquickjwt/.git/config.lock to config
  change permissions of /tmp/nimble_3969/githubcom_treeformquickjwt/.git/config.lock to rw-r--r--
  rename /tmp/nimble_3969/githubcom_treeformquickjwt/.git/config.lock to config
  delete /tmp/nimble_3969/githubcom_treeformquickjwt/.git/t3HWFZ4
  create symbolic link from /tmp/nimble_3969/githubcom_treeformquickjwt/.git/t3HWFZ4 to /home/runner/work/nim_packages_security_audit/nim_packages_security_audit/testing
  delete /tmp/nimble_3969/githubcom_treeformquickjwt/.git/t3HWFZ4
  create directory /tmp/nimble_3969/githubcom_treeformquickjwt/.git/objects
  create directory /tmp/nimble_3969/githubcom_treeformquickjwt/.git/objects/pack
  create directory /tmp/nimble_3969/githubcom_treeformquickjwt/.git/objects/info
  change permissions of /tmp/nimble_3969/githubcom_treeformquickjwt/.git/config.lock to rw-r--r--
  rename /tmp/nimble_3969/githubcom_treeformquickjwt/.git/config.lock to config
  change permissions of /tmp/nimble_3969/githubcom_treeformquickjwt/.git/config.lock to rw-r--r--
  rename /tmp/nimble_3969/githubcom_treeformquickjwt/.git/config.lock to config
  change permissions of /tmp/nimble_3969/githubcom_treeformquickjwt/.git/config.lock to rw-r--r--
  rename /tmp/nimble_3969/githubcom_treeformquickjwt/.git/config.lock to config
  create directory /tmp/nimble_3969/githubcom_treeformquickjwt/.git/objects/d3
  create hard link from /tmp/nimble_3969/githubcom_treeformquickjwt/.git/objects/d3/989dce8b025bd7c813190b7079f6531b9f0f27 to /tmp/nimble_3969/githubcom_treeformquickjwt/.git/objects/d3/tmp_obj_24GiPv
  delete /tmp/nimble_3969/githubcom_treeformquickjwt/.git/objects/d3/tmp_obj_24GiPv
  create directory /tmp/nimble_3969/githubcom_treeformquickjwt/.git/objects/02
  create hard link from /tmp/nimble_3969/githubcom_treeformquickjwt/.git/objects/02/a92b125bc09b4a61b144fd7b4cde6fc62f091d to /tmp/nimble_3969/githubcom_treeformquickjwt/.git/objects/02/tmp_obj_gETxHB
  delete /tmp/nimble_3969/githubcom_treeformquickjwt/.git/objects/02/tmp_obj_gETxHB
  create directory /tmp/nimble_3969/githubcom_treeformquickjwt/.git/objects/dc
  create hard link from /tmp/nimble_3969/githubcom_treeformquickjwt/.git/objects/dc/5d45264b25e39716adbef51293c84cf52e17e5 to /tmp/nimble_3969/githubcom_treeformquickjwt/.git/objects/dc/tmp_obj_YsqnHC
  delete /tmp/nimble_3969/githubcom_treeformquickjwt/.git/objects/dc/tmp_obj_YsqnHC
  create directory /tmp/nimble_3969/githubcom_treeformquickjwt/.git/objects/3b
  create hard link from /tmp/nimble_3969/githubcom_treeformquickjwt/.git/objects/3b/0b6491e9c2cf3e6f4cf945b12666880d301d88 to /tmp/nimble_3969/githubcom_treeformquickjwt/.git/objects/3b/tmp_obj_S9l7NE
  delete /tmp/nimble_3969/githubcom_treeformquickjwt/.git/objects/3b/tmp_obj_S9l7NE
  create directory /tmp/nimble_3969/githubcom_treeformquickjwt/.git/objects/af
  create hard link from /tmp/nimble_3969/githubcom_treeformquickjwt/.git/objects/af/7cf2f3d5705de72a8674585627ba09e219d218 to /tmp/nimble_3969/githubcom_treeformquickjwt/.git/objects/af/tmp_obj_aLQHqL
  delete /tmp/nimble_3969/githubcom_treeformquickjwt/.git/objects/af/tmp_obj_aLQHqL
  create directory /tmp/nimble_3969/githubcom_treeformquickjwt/.git/objects/0f
  create hard link from /tmp/nimble_3969/githubcom_treeformquickjwt/.git/objects/0f/d69a39404e0dcb3f698127f5cce9519967b3f7 to /tmp/nimble_3969/githubcom_treeformquickjwt/.git/objects/0f/tmp_obj_ONblDP
  delete /tmp/nimble_3969/githubcom_treeformquickjwt/.git/objects/0f/tmp_obj_ONblDP
  create directory /tmp/nimble_3969/githubcom_treeformquickjwt/.git/objects/2f
  create hard link from /tmp/nimble_3969/githubcom_treeformquickjwt/.git/objects/2f/0bb149bc15dad76a8ce0358d4ef85d1e8fa1bb to /tmp/nimble_3969/githubcom_treeformquickjwt/.git/objects/2f/tmp_obj_C9zM8N
  delete /tmp/nimble_3969/githubcom_treeformquickjwt/.git/objects/2f/tmp_obj_C9zM8N
  create directory /tmp/nimble_3969/githubcom_treeformquickjwt/.git/objects/17
  create hard link from /tmp/nimble_3969/githubcom_treeformquickjwt/.git/objects/17/337ffa83d93c7daff88ff5998cfa94125a1040 to /tmp/nimble_3969/githubcom_treeformquickjwt/.git/objects/17/tmp_obj_UyQy1Q
  delete /tmp/nimble_3969/githubcom_treeformquickjwt/.git/objects/17/tmp_obj_UyQy1Q
  create directory /tmp/nimble_3969/githubcom_treeformquickjwt/.git/objects/07
  create hard link from /tmp/nimble_3969/githubcom_treeformquickjwt/.git/objects/07/e51a764117f3c0e98b92bc272ca0ec008380a2 to /tmp/nimble_3969/githubcom_treeformquickjwt/.git/objects/07/tmp_obj_Ch4rLS
  delete /tmp/nimble_3969/githubcom_treeformquickjwt/.git/objects/07/tmp_obj_Ch4rLS
  create directory /tmp/nimble_3969/githubcom_treeformquickjwt/.git/objects/86
  create hard link from /tmp/nimble_3969/githubcom_treeformquickjwt/.git/objects/86/67d7520cacfa04ead688c009f59ec2e6e7c5c9 to /tmp/nimble_3969/githubcom_treeformquickjwt/.git/objects/86/tmp_obj_eg3Vyt
  delete /tmp/nimble_3969/githubcom_treeformquickjwt/.git/objects/86/tmp_obj_eg3Vyt
  create directory /tmp/nimble_3969/githubcom_treeformquickjwt/.git/objects/2b
  create hard link from /tmp/nimble_3969/githubcom_treeformquickjwt/.git/objects/2b/bab884ac8d0b2674b31f018a1922fab960954e to /tmp/nimble_3969/githubcom_treeformquickjwt/.git/objects/2b/tmp_obj_bxDy0T
  delete /tmp/nimble_3969/githubcom_treeformquickjwt/.git/objects/2b/tmp_obj_bxDy0T
  create directory /tmp/nimble_3969/githubcom_treeformquickjwt/.git/objects/76
  create hard link from /tmp/nimble_3969/githubcom_treeformquickjwt/.git/objects/76/041666a5be92956a2e5c1c99df8b971fa54ac6 to /tmp/nimble_3969/githubcom_treeformquickjwt/.git/objects/76/tmp_obj_46Mv3i
  delete /tmp/nimble_3969/githubcom_treeformquickjwt/.git/objects/76/tmp_obj_46Mv3i
  create directory /tmp/nimble_3969/githubcom_treeformquickjwt/.git/objects/4a
  create hard link from /tmp/nimble_3969/githubcom_treeformquickjwt/.git/objects/4a/0783d7b6c3c7a89d5d074173276e4c2a0987c7 to /tmp/nimble_3969/githubcom_treeformquickjwt/.git/objects/4a/tmp_obj_ZVeuwu
  delete /tmp/nimble_3969/githubcom_treeformquickjwt/.git/objects/4a/tmp_obj_ZVeuwu
  create directory /tmp/nimble_3969/githubcom_treeformquickjwt/.git/objects/23
  create hard link from /tmp/nimble_3969/githubcom_treeformquickjwt/.git/objects/23/142613767877354c9c54b94daa568ce8f81270 to /tmp/nimble_3969/githubcom_treeformquickjwt/.git/objects/23/tmp_obj_z8PqOt
  delete /tmp/nimble_3969/githubcom_treeformquickjwt/.git/objects/23/tmp_obj_z8PqOt
  create directory /tmp/nimble_3969/githubcom_treeformquickjwt/.git/objects/33
  create hard link from /tmp/nimble_3969/githubcom_treeformquickjwt/.git/objects/33/ccf3fc7c640a057c0263267dba23333fd8a489 to /tmp/nimble_3969/githubcom_treeformquickjwt/.git/objects/33/tmp_obj_9sVaRz
  delete /tmp/nimble_3969/githubcom_treeformquickjwt/.git/objects/33/tmp_obj_9sVaRz
  create directory /tmp/nimble_3969/githubcom_treeformquickjwt/.git/objects/1b
  create hard link from /tmp/nimble_3969/githubcom_treeformquickjwt/.git/objects/1b/36dfd222969af2aca4534409d308fe8c6b310d to /tmp/nimble_3969/githubcom_treeformquickjwt/.git/objects/1b/tmp_obj_dnXj2z
  delete /tmp/nimble_3969/githubcom_treeformquickjwt/.git/objects/1b/tmp_obj_dnXj2z
  create directory /tmp/nimble_3969/githubcom_treeformquickjwt/.git/objects/50
  create hard link from /tmp/nimble_3969/githubcom_treeformquickjwt/.git/objects/50/be1f572e1afefa8b8fb6543bb829ba94d6f8cc to /tmp/nimble_3969/githubcom_treeformquickjwt/.git/objects/50/tmp_obj_F3pb8C
  delete /tmp/nimble_3969/githubcom_treeformquickjwt/.git/objects/50/tmp_obj_F3pb8C
  create directory /tmp/nimble_3969/githubcom_treeformquickjwt/.git/objects/0e
  create hard link from /tmp/nimble_3969/githubcom_treeformquickjwt/.git/objects/0e/3fa1b309469ac8f7787ba12dd2d04063861ef6 to /tmp/nimble_3969/githubcom_treeformquickjwt/.git/objects/0e/tmp_obj_lpWxvH
  delete /tmp/nimble_3969/githubcom_treeformquickjwt/.git/objects/0e/tmp_obj_lpWxvH
  rename /tmp/nimble_3969/githubcom_treeformquickjwt/.git/shallow.lock to shallow
  rename /tmp/nimble_3969/githubcom_treeformquickjwt/.git/packed-refs.new to packed-refs
  delete /tmp/nimble_3969/githubcom_treeformquickjwt/.git/packed-refs.lock
  rename /tmp/nimble_3969/githubcom_treeformquickjwt/.git/refs/tags/0.2.1.lock to 0.2.1
  delete /tmp/nimble_3969/githubcom_treeformquickjwt/.git/refs/tags/v0.2.1.lock
  create directory /tmp/nimble_3969/githubcom_treeformquickjwt/.git/logs
  rename /tmp/nimble_3969/githubcom_treeformquickjwt/.git/HEAD.lock to HEAD
  create directory /tmp/nimble_3969/githubcom_treeformquickjwt/dlls
  create directory /tmp/nimble_3969/githubcom_treeformquickjwt/src
  create directory /tmp/nimble_3969/githubcom_treeformquickjwt/src/quickjwt
  create directory /tmp/nimble_3969/githubcom_treeformquickjwt/tests
  rename /tmp/nimble_3969/githubcom_treeformquickjwt/.git/index.lock to index
  create directory /tmp
  create directory /tmp/nimblecache
  create directory /tmp/nimblecache/quickjwt_2715040221
  delete /tmp/nimblecache/quickjwt_2715040221/quickjwt.ini
  delete /tmp/nimble_3969.out
  delete /tmp/nimble_3969/githubcom_treeformquickjwt/quickjwt_3969.nims
  create directory /home
  create directory /home/runner
  create directory /home/runner/.nimble
  create directory /home/runner/.nimble/pkgs
  create directory /home/runner/.nimble/pkgs/quickjwt-0.2.1
  create directory /home
  create directory /home/runner
  create directory /home/runner/.nimble
  create directory /home/runner/.nimble/pkgs
  create directory /home/runner/.nimble/pkgs/quickjwt-0.2.1
  change permissions of /home/runner/.nimble/pkgs/quickjwt-0.2.1/quickjwt.nim to rw-r--r--
  create directory /home
  create directory /home/runner
  create directory /home/runner/.nimble
  create directory /home/runner/.nimble/pkgs
  create directory /home/runner/.nimble/pkgs/quickjwt-0.2.1
  create directory /home/runner/.nimble/pkgs/quickjwt-0.2.1/quickjwt
  change permissions of /home/runner/.nimble/pkgs/quickjwt-0.2.1/quickjwt/crypto.nim to rw-r--r--
  change permissions of /home/runner/.nimble/pkgs/quickjwt-0.2.1/quickjwt.nimble to rw-r--r--
  create directory /tmp
  create directory /tmp/nimblecache
  create directory /tmp/nimblecache/quickjwt_4086251682
  delete /tmp/nimblecache/quickjwt_4086251682/quickjwt.ini
  delete /tmp/nimble_3969.out
  delete /home/runner/.nimble/pkgs/quickjwt-0.2.1/quickjwt_3969.nims
  delete /tmp/nimble_3969/githubcom_treeformquickjwt/README.md
  delete /tmp/nimble_3969/githubcom_treeformquickjwt/.git/refs/tags/0.2.1
  delete /tmp/nimble_3969/githubcom_treeformquickjwt/.git/refs/tags
  delete /tmp/nimble_3969/githubcom_treeformquickjwt/.git/refs/heads
  delete /tmp/nimble_3969/githubcom_treeformquickjwt/.git/refs
  delete /tmp/nimble_3969/githubcom_treeformquickjwt/.git/info/exclude
  delete /tmp/nimble_3969/githubcom_treeformquickjwt/.git/info
  delete /tmp/nimble_3969/githubcom_treeformquickjwt/.git/branches
  delete /tmp/nimble_3969/githubcom_treeformquickjwt/.git/logs/HEAD
  delete /tmp/nimble_3969/githubcom_treeformquickjwt/.git/logs
  delete /tmp/nimble_3969/githubcom_treeformquickjwt/.git/description
  delete /tmp/nimble_3969/githubcom_treeformquickjwt/.git/hooks/pre-rebase.sample
  delete /tmp/nimble_3969/githubcom_treeformquickjwt/.git/hooks/applypatch-msg.sample
  delete /tmp/nimble_3969/githubcom_treeformquickjwt/.git/hooks/pre-push.sample
  delete /tmp/nimble_3969/githubcom_treeformquickjwt/.git/hooks/pre-merge-commit.sample
  delete /tmp/nimble_3969/githubcom_treeformquickjwt/.git/hooks/pre-receive.sample
  delete /tmp/nimble_3969/githubcom_treeformquickjwt/.git/hooks/update.sample
  delete /tmp/nimble_3969/githubcom_treeformquickjwt/.git/hooks/pre-commit.sample
  delete /tmp/nimble_3969/githubcom_treeformquickjwt/.git/hooks/pre-applypatch.sample
  delete /tmp/nimble_3969/githubcom_treeformquickjwt/.git/hooks/commit-msg.sample
  delete /tmp/nimble_3969/githubcom_treeformquickjwt/.git/hooks/fsmonitor-watchman.sample
  delete /tmp/nimble_3969/githubcom_treeformquickjwt/.git/hooks/prepare-commit-msg.sample
  delete /tmp/nimble_3969/githubcom_treeformquickjwt/.git/hooks/post-update.sample
  delete /tmp/nimble_3969/githubcom_treeformquickjwt/.git/hooks
  delete /tmp/nimble_3969/githubcom_treeformquickjwt/.git/shallow
  delete /tmp/nimble_3969/githubcom_treeformquickjwt/.git/config
  delete /tmp/nimble_3969/githubcom_treeformquickjwt/.git/index
  delete /tmp/nimble_3969/githubcom_treeformquickjwt/.git/objects/1b/36dfd222969af2aca4534409d308fe8c6b310d
  delete /tmp/nimble_3969/githubcom_treeformquickjwt/.git/objects/1b
  delete /tmp/nimble_3969/githubcom_treeformquickjwt/.git/objects/33/ccf3fc7c640a057c0263267dba23333fd8a489
  delete /tmp/nimble_3969/githubcom_treeformquickjwt/.git/objects/33
  delete /tmp/nimble_3969/githubcom_treeformquickjwt/.git/objects/info
  delete /tmp/nimble_3969/githubcom_treeformquickjwt/.git/objects/0f/d69a39404e0dcb3f698127f5cce9519967b3f7
  delete /tmp/nimble_3969/githubcom_treeformquickjwt/.git/objects/0f
  delete /tmp/nimble_3969/githubcom_treeformquickjwt/.git/objects/af/7cf2f3d5705de72a8674585627ba09e219d218
  delete /tmp/nimble_3969/githubcom_treeformquickjwt/.git/objects/af
  delete /tmp/nimble_3969/githubcom_treeformquickjwt/.git/objects/50/be1f572e1afefa8b8fb6543bb829ba94d6f8cc
  delete /tmp/nimble_3969/githubcom_treeformquickjwt/.git/objects/50
  delete /tmp/nimble_3969/githubcom_treeformquickjwt/.git/objects/17/337ffa83d93c7daff88ff5998cfa94125a1040
  delete /tmp/nimble_3969/githubcom_treeformquickjwt/.git/objects/17
  delete /tmp/nimble_3969/githubcom_treeformquickjwt/.git/objects/d3/989dce8b025bd7c813190b7079f6531b9f0f27
  delete /tmp/nimble_3969/githubcom_treeformquickjwt/.git/objects/d3
  delete /tmp/nimble_3969/githubcom_treeformquickjwt/.git/objects/07/e51a764117f3c0e98b92bc272ca0ec008380a2
  delete /tmp/nimble_3969/githubcom_treeformquickjwt/.git/objects/07
  delete /tmp/nimble_3969/githubcom_treeformquickjwt/.git/objects/2f/0bb149bc15dad76a8ce0358d4ef85d1e8fa1bb
  delete /tmp/nimble_3969/githubcom_treeformquickjwt/.git/objects/2f
  delete /tmp/nimble_3969/githubcom_treeformquickjwt/.git/objects/23/142613767877354c9c54b94daa568ce8f81270
  delete /tmp/nimble_3969/githubcom_treeformquickjwt/.git/objects/23
  delete /tmp/nimble_3969/githubcom_treeformquickjwt/.git/objects/3b/0b6491e9c2cf3e6f4cf945b12666880d301d88
  delete /tmp/nimble_3969/githubcom_treeformquickjwt/.git/objects/3b
  delete /tmp/nimble_3969/githubcom_treeformquickjwt/.git/objects/4a/0783d7b6c3c7a89d5d074173276e4c2a0987c7
  delete /tmp/nimble_3969/githubcom_treeformquickjwt/.git/objects/4a
  delete /tmp/nimble_3969/githubcom_treeformquickjwt/.git/objects/86/67d7520cacfa04ead688c009f59ec2e6e7c5c9
  delete /tmp/nimble_3969/githubcom_treeformquickjwt/.git/objects/86
  delete /tmp/nimble_3969/githubcom_treeformquickjwt/.git/objects/76/041666a5be92956a2e5c1c99df8b971fa54ac6
  delete /tmp/nimble_3969/githubcom_treeformquickjwt/.git/objects/76
  delete /tmp/nimble_3969/githubcom_treeformquickjwt/.git/objects/0e/3fa1b309469ac8f7787ba12dd2d04063861ef6
  delete /tmp/nimble_3969/githubcom_treeformquickjwt/.git/objects/0e
  delete /tmp/nimble_3969/githubcom_treeformquickjwt/.git/objects/2b/bab884ac8d0b2674b31f018a1922fab960954e
  delete /tmp/nimble_3969/githubcom_treeformquickjwt/.git/objects/2b
  delete /tmp/nimble_3969/githubcom_treeformquickjwt/.git/objects/pack
  delete /tmp/nimble_3969/githubcom_treeformquickjwt/.git/objects/02/a92b125bc09b4a61b144fd7b4cde6fc62f091d
  delete /tmp/nimble_3969/githubcom_treeformquickjwt/.git/objects/02
  delete /tmp/nimble_3969/githubcom_treeformquickjwt/.git/objects/dc/5d45264b25e39716adbef51293c84cf52e17e5
  delete /tmp/nimble_3969/githubcom_treeformquickjwt/.git/objects/dc
  delete /tmp/nimble_3969/githubcom_treeformquickjwt/.git/objects
  delete /tmp/nimble_3969/githubcom_treeformquickjwt/.git/packed-refs
  delete /tmp/nimble_3969/githubcom_treeformquickjwt/.git/HEAD
  delete /tmp/nimble_3969/githubcom_treeformquickjwt/.git
  delete /tmp/nimble_3969/githubcom_treeformquickjwt/src/quickjwt.nim
  delete /tmp/nimble_3969/githubcom_treeformquickjwt/src/quickjwt/crypto.nim
  delete /tmp/nimble_3969/githubcom_treeformquickjwt/src/quickjwt
  delete /tmp/nimble_3969/githubcom_treeformquickjwt/src
  delete /tmp/nimble_3969/githubcom_treeformquickjwt/quickjwt.nimble
  delete /tmp/nimble_3969/githubcom_treeformquickjwt/dlls/libssl-1_1-x64.dll
  delete /tmp/nimble_3969/githubcom_treeformquickjwt/dlls/libcrypto-1_1-x64.dll
  delete /tmp/nimble_3969/githubcom_treeformquickjwt/dlls/libeay32.dll
  delete /tmp/nimble_3969/githubcom_treeformquickjwt/dlls/readme.md
  delete /tmp/nimble_3969/githubcom_treeformquickjwt/dlls
  delete /tmp/nimble_3969/githubcom_treeformquickjwt/tests/testjwt.nim
  delete /tmp/nimble_3969/githubcom_treeformquickjwt/tests/nim.cfg
  delete /tmp/nimble_3969/githubcom_treeformquickjwt/tests
  delete /tmp/nimble_3969/githubcom_treeformquickjwt/.gitignore
  delete /tmp/nimble_3969/githubcom_treeformquickjwt/LICENSE
  delete /tmp/nimble_3969/githubcom_treeformquickjwt
  delete /tmp/nimble_3969
