    Reading official package list
Downloading https://github.com/bunkford/wChart using git
mkdir('/tmp', 0x00000000000001ff)
mkdir('/tmp/nimble_10089', 0x00000000000001ff)
mkdir('/tmp/nimble_10089/githubcom_bunkfordwChart', 0x00000000000001ff)
rmdir('/tmp/nimble_10089/githubcom_bunkfordwChart')
mkdir('/tmp/nimble_10089/githubcom_bunkfordwChart', 0x00000000000001ff)
mkdir('/tmp/nimble_10089/githubcom_bunkfordwChart/.git', 0x00000000000001ff)
mkdir('/tmp/nimble_10089/githubcom_bunkfordwChart/.git/', 0x00000000000001ff)
mkdir('/tmp/nimble_10089/githubcom_bunkfordwChart/.git/info/', 0x00000000000001ff)
mkdir('/tmp/nimble_10089/githubcom_bunkfordwChart/.git/branches/', 0x00000000000001ff)
mkdir('/tmp/nimble_10089/githubcom_bunkfordwChart/.git/hooks/', 0x00000000000001ff)
mkdir('/tmp/nimble_10089/githubcom_bunkfordwChart/.git/refs', 0x00000000000001ff)
mkdir('/tmp/nimble_10089/githubcom_bunkfordwChart/.git/refs/heads', 0x00000000000001ff)
mkdir('/tmp/nimble_10089/githubcom_bunkfordwChart/.git/refs/tags', 0x00000000000001ff)
rename('/tmp/nimble_10089/githubcom_bunkfordwChart/.git/HEAD.lock', '/tmp/nimble_10089/githubcom_bunkfordwChart/.git/HEAD')
rename('/tmp/nimble_10089/githubcom_bunkfordwChart/.git/config.lock', '/tmp/nimble_10089/githubcom_bunkfordwChart/.git/config')
chmod('/tmp/nimble_10089/githubcom_bunkfordwChart/.git/config', 0x00000000000081e4)
chmod('/tmp/nimble_10089/githubcom_bunkfordwChart/.git/config', 0x00000000000081a4)
chmod('/tmp/nimble_10089/githubcom_bunkfordwChart/.git/config.lock', 0x00000000000001a4)
rename('/tmp/nimble_10089/githubcom_bunkfordwChart/.git/config.lock', '/tmp/nimble_10089/githubcom_bunkfordwChart/.git/config')
chmod('/tmp/nimble_10089/githubcom_bunkfordwChart/.git/config.lock', 0x00000000000001a4)
rename('/tmp/nimble_10089/githubcom_bunkfordwChart/.git/config.lock', '/tmp/nimble_10089/githubcom_bunkfordwChart/.git/config')
chmod('/tmp/nimble_10089/githubcom_bunkfordwChart/.git/config.lock', 0x00000000000001a4)
rename('/tmp/nimble_10089/githubcom_bunkfordwChart/.git/config.lock', '/tmp/nimble_10089/githubcom_bunkfordwChart/.git/config')
unlink('/tmp/nimble_10089/githubcom_bunkfordwChart/.git/tlbccUC')
symlink('testing', '/tmp/nimble_10089/githubcom_bunkfordwChart/.git/tlbccUC')
unlink('/tmp/nimble_10089/githubcom_bunkfordwChart/.git/tlbccUC')
mkdir('/tmp/nimble_10089/githubcom_bunkfordwChart/.git/objects', 0x00000000000001ff)
mkdir('/tmp/nimble_10089/githubcom_bunkfordwChart/.git/objects/pack', 0x00000000000001ff)
mkdir('/tmp/nimble_10089/githubcom_bunkfordwChart/.git/objects/info', 0x00000000000001ff)
chmod('/tmp/nimble_10089/githubcom_bunkfordwChart/.git/config.lock', 0x00000000000001a4)
rename('/tmp/nimble_10089/githubcom_bunkfordwChart/.git/config.lock', '/tmp/nimble_10089/githubcom_bunkfordwChart/.git/config')
chmod('/tmp/nimble_10089/githubcom_bunkfordwChart/.git/config.lock', 0x00000000000001a4)
rename('/tmp/nimble_10089/githubcom_bunkfordwChart/.git/config.lock', '/tmp/nimble_10089/githubcom_bunkfordwChart/.git/config')
chmod('/tmp/nimble_10089/githubcom_bunkfordwChart/.git/config.lock', 0x00000000000001a4)
rename('/tmp/nimble_10089/githubcom_bunkfordwChart/.git/config.lock', '/tmp/nimble_10089/githubcom_bunkfordwChart/.git/config')
mkdir('/tmp/nimble_10089/githubcom_bunkfordwChart/.git/objects/85', 0x00000000000001ff)
link('/tmp/nimble_10089/githubcom_bunkfordwChart/.git/objects/85/tmp_obj_n8BGnh', '/tmp/nimble_10089/githubcom_bunkfordwChart/.git/objects/85/ddc33c8e88d66c3a658ecdae23d129dfcefd30')
unlink('/tmp/nimble_10089/githubcom_bunkfordwChart/.git/objects/85/tmp_obj_n8BGnh')
mkdir('/tmp/nimble_10089/githubcom_bunkfordwChart/.git/objects/9e', 0x00000000000001ff)
link('/tmp/nimble_10089/githubcom_bunkfordwChart/.git/objects/9e/tmp_obj_PElHAk', '/tmp/nimble_10089/githubcom_bunkfordwChart/.git/objects/9e/7a857c7f311ae0fa48a04566153d0314f66646')
unlink('/tmp/nimble_10089/githubcom_bunkfordwChart/.git/objects/9e/tmp_obj_PElHAk')
mkdir('/tmp/nimble_10089/githubcom_bunkfordwChart/.git/objects/8b', 0x00000000000001ff)
link('/tmp/nimble_10089/githubcom_bunkfordwChart/.git/objects/8b/tmp_obj_oiPSVa', '/tmp/nimble_10089/githubcom_bunkfordwChart/.git/objects/8b/0bace5c7cf12499c037369a11dc36c3a3be172')
unlink('/tmp/nimble_10089/githubcom_bunkfordwChart/.git/objects/8b/tmp_obj_oiPSVa')
link('/tmp/nimble_10089/githubcom_bunkfordwChart/.git/objects/8b/tmp_obj_IAtHGe', '/tmp/nimble_10089/githubcom_bunkfordwChart/.git/objects/8b/8b219e4842d85b0c663e502895a694b7fd1783')
unlink('/tmp/nimble_10089/githubcom_bunkfordwChart/.git/objects/8b/tmp_obj_IAtHGe')
mkdir('/tmp/nimble_10089/githubcom_bunkfordwChart/.git/objects/3e', 0x00000000000001ff)
link('/tmp/nimble_10089/githubcom_bunkfordwChart/.git/objects/3e/tmp_obj_W7g0of', '/tmp/nimble_10089/githubcom_bunkfordwChart/.git/objects/3e/f77f3c9823cf681805a32e2051140f6149b8fa')
unlink('/tmp/nimble_10089/githubcom_bunkfordwChart/.git/objects/3e/tmp_obj_W7g0of')
mkdir('/tmp/nimble_10089/githubcom_bunkfordwChart/.git/objects/d2', 0x00000000000001ff)
link('/tmp/nimble_10089/githubcom_bunkfordwChart/.git/objects/d2/tmp_obj_cOW4eo', '/tmp/nimble_10089/githubcom_bunkfordwChart/.git/objects/d2/0607da01c21e8aec50f090a1165cb8bedc9645')
unlink('/tmp/nimble_10089/githubcom_bunkfordwChart/.git/objects/d2/tmp_obj_cOW4eo')
mkdir('/tmp/nimble_10089/githubcom_bunkfordwChart/.git/objects/f0', 0x00000000000001ff)
link('/tmp/nimble_10089/githubcom_bunkfordwChart/.git/objects/f0/tmp_obj_U6W9Cv', '/tmp/nimble_10089/githubcom_bunkfordwChart/.git/objects/f0/71c22a3aed0dd3116bde9988a2acbc79740122')
unlink('/tmp/nimble_10089/githubcom_bunkfordwChart/.git/objects/f0/tmp_obj_U6W9Cv')
mkdir('/tmp/nimble_10089/githubcom_bunkfordwChart/.git/objects/b5', 0x00000000000001ff)
link('/tmp/nimble_10089/githubcom_bunkfordwChart/.git/objects/b5/tmp_obj_A2jiGx', '/tmp/nimble_10089/githubcom_bunkfordwChart/.git/objects/b5/c523f2ff151013581760a1934809e42eaabded')
unlink('/tmp/nimble_10089/githubcom_bunkfordwChart/.git/objects/b5/tmp_obj_A2jiGx')
mkdir('/tmp/nimble_10089/githubcom_bunkfordwChart/.git/objects/63', 0x00000000000001ff)
link('/tmp/nimble_10089/githubcom_bunkfordwChart/.git/objects/63/tmp_obj_PdIzh3', '/tmp/nimble_10089/githubcom_bunkfordwChart/.git/objects/63/bf365bcf84532e8562a4b3fe76ace92c98b1a5')
unlink('/tmp/nimble_10089/githubcom_bunkfordwChart/.git/objects/63/tmp_obj_PdIzh3')
mkdir('/tmp/nimble_10089/githubcom_bunkfordwChart/.git/objects/e4', 0x00000000000001ff)
link('/tmp/nimble_10089/githubcom_bunkfordwChart/.git/objects/e4/tmp_obj_eQ50Ax', '/tmp/nimble_10089/githubcom_bunkfordwChart/.git/objects/e4/c9af0e225f6f1af0f89388a78864422bd6c3d7')
unlink('/tmp/nimble_10089/githubcom_bunkfordwChart/.git/objects/e4/tmp_obj_eQ50Ax')
mkdir('/tmp/nimble_10089/githubcom_bunkfordwChart/.git/objects/e9', 0x00000000000001ff)
link('/tmp/nimble_10089/githubcom_bunkfordwChart/.git/objects/e9/tmp_obj_oV5IJA', '/tmp/nimble_10089/githubcom_bunkfordwChart/.git/objects/e9/7e258b6a0c4183f06b1239abbd9a168c3628d1')
unlink('/tmp/nimble_10089/githubcom_bunkfordwChart/.git/objects/e9/tmp_obj_oV5IJA')
mkdir('/tmp/nimble_10089/githubcom_bunkfordwChart/.git/objects/53', 0x00000000000001ff)
link('/tmp/nimble_10089/githubcom_bunkfordwChart/.git/objects/53/tmp_obj_CCK4qC', '/tmp/nimble_10089/githubcom_bunkfordwChart/.git/objects/53/362f559f99a419703c593f0646c9bf55e795eb')
unlink('/tmp/nimble_10089/githubcom_bunkfordwChart/.git/objects/53/tmp_obj_CCK4qC')
rename('/tmp/nimble_10089/githubcom_bunkfordwChart/.git/shallow.lock', '/tmp/nimble_10089/githubcom_bunkfordwChart/.git/shallow')
rename('/tmp/nimble_10089/githubcom_bunkfordwChart/.git/packed-refs.new', '/tmp/nimble_10089/githubcom_bunkfordwChart/.git/packed-refs')
unlink('/tmp/nimble_10089/githubcom_bunkfordwChart/.git/packed-refs.lock')
mkdir('/tmp/nimble_10089/githubcom_bunkfordwChart/.git/refs/remotes', 0x00000000000001ff)
mkdir('/tmp/nimble_10089/githubcom_bunkfordwChart/.git/refs/remotes/origin', 0x00000000000001ff)
mkdir('/tmp/nimble_10089/githubcom_bunkfordwChart/.git/logs', 0x00000000000001ff)
mkdir('/tmp/nimble_10089/githubcom_bunkfordwChart/.git/logs/refs', 0x00000000000001ff)
mkdir('/tmp/nimble_10089/githubcom_bunkfordwChart/.git/logs/refs/remotes', 0x00000000000001ff)
mkdir('/tmp/nimble_10089/githubcom_bunkfordwChart/.git/logs/refs/remotes/origin', 0x00000000000001ff)       Info /tmp/nimble_10089/githubcom_bunkfordwChart/wChart_10089.nims(5, 22) Warning: imported and not used: 'strutils' [UnusedImport]
  Verifying dependencies for wChart@1.0.0
    Reading official package list
   Checking for wNim@>= 0.9.0
 Installing wNim@>= 0.9.0
    Reading official package list
Downloading https://github.com/khchen/wNim using git

rename('/tmp/nimble_10089/githubcom_bunkfordwChart/.git/refs/remotes/origin/HEAD.lock', '/tmp/nimble_10089/githubcom_bunkfordwChart/.git/refs/remotes/origin/HEAD')
rename('/tmp/nimble_10089/githubcom_bunkfordwChart/.git/HEAD.lock', '/tmp/nimble_10089/githubcom_bunkfordwChart/.git/HEAD')
mkdir('/tmp/nimble_10089/githubcom_bunkfordwChart/.git/logs/refs/heads', 0x00000000000001ff)
rename('/tmp/nimble_10089/githubcom_bunkfordwChart/.git/refs/heads/master.lock', '/tmp/nimble_10089/githubcom_bunkfordwChart/.git/refs/heads/master')
unlink('/tmp/nimble_10089/githubcom_bunkfordwChart/.git/HEAD.lock')
chmod('/tmp/nimble_10089/githubcom_bunkfordwChart/.git/config.lock', 0x00000000000001a4)
rename('/tmp/nimble_10089/githubcom_bunkfordwChart/.git/config.lock', '/tmp/nimble_10089/githubcom_bunkfordwChart/.git/config')
chmod('/tmp/nimble_10089/githubcom_bunkfordwChart/.git/config.lock', 0x00000000000001a4)
rename('/tmp/nimble_10089/githubcom_bunkfordwChart/.git/config.lock', '/tmp/nimble_10089/githubcom_bunkfordwChart/.git/config')
mkdir('docs', 0x00000000000001ff)
mkdir('examples', 0x00000000000001ff)
rename('/tmp/nimble_10089/githubcom_bunkfordwChart/.git/index.lock', '/tmp/nimble_10089/githubcom_bunkfordwChart/.git/index')
mkdir('/tmp', 0x00000000000001ff)
mkdir('/tmp/nimblecache', 0x00000000000001ff)
mkdir('/tmp/nimblecache/wChart_4179724724', 0x00000000000001ff)
unlink('/tmp/nimblecache/wChart_4179724724/wChart.ini')
unlink('/tmp/nimble_10089.out')
unlink('/tmp/nimble_10089/githubcom_bunkfordwChart/wChart_10089.nims')
mkdir('/tmp', 0x00000000000001ff)
mkdir('/tmp/nimble_10089', 0x00000000000001ff)
mkdir('/tmp/nimble_10089/githubcom_khchenwNim_0.9.0', 0x00000000000001ff)
rmdir('/tmp/nimble_10089/githubcom_khchenwNim_0.9.0')
mkdir('/tmp/nimble_10089/githubcom_khchenwNim_0.9.0', 0x00000000000001ff)
mkdir('/tmp/nimble_10089/githubcom_khchenwNim_0.9.0/.git', 0x00000000000001ff)
mkdir('/tmp/nimble_10089/githubcom_khchenwNim_0.9.0/.git/', 0x00000000000001ff)
mkdir('/tmp/nimble_10089/githubcom_khchenwNim_0.9.0/.git/info/', 0x00000000000001ff)
mkdir('/tmp/nimble_10089/githubcom_khchenwNim_0.9.0/.git/branches/', 0x00000000000001ff)
mkdir('/tmp/nimble_10089/githubcom_khchenwNim_0.9.0/.git/hooks/', 0x00000000000001ff)
mkdir('/tmp/nimble_10089/githubcom_khchenwNim_0.9.0/.git/refs', 0x00000000000001ff)
mkdir('/tmp/nimble_10089/githubcom_khchenwNim_0.9.0/.git/refs/heads', 0x00000000000001ff)
mkdir('/tmp/nimble_10089/githubcom_khchenwNim_0.9.0/.git/refs/tags', 0x00000000000001ff)
rename('/tmp/nimble_10089/githubcom_khchenwNim_0.9.0/.git/HEAD.lock', '/tmp/nimble_10089/githubcom_khchenwNim_0.9.0/.git/HEAD')
rename('/tmp/nimble_10089/githubcom_khchenwNim_0.9.0/.git/config.lock', '/tmp/nimble_10089/githubcom_khchenwNim_0.9.0/.git/config')
chmod('/tmp/nimble_10089/githubcom_khchenwNim_0.9.0/.git/config', 0x00000000000081e4)
chmod('/tmp/nimble_10089/githubcom_khchenwNim_0.9.0/.git/config', 0x00000000000081a4)
chmod('/tmp/nimble_10089/githubcom_khchenwNim_0.9.0/.git/config.lock', 0x00000000000001a4)
rename('/tmp/nimble_10089/githubcom_khchenwNim_0.9.0/.git/config.lock', '/tmp/nimble_10089/githubcom_khchenwNim_0.9.0/.git/config')
chmod('/tmp/nimble_10089/githubcom_khchenwNim_0.9.0/.git/config.lock', 0x00000000000001a4)
rename('/tmp/nimble_10089/githubcom_khchenwNim_0.9.0/.git/config.lock', '/tmp/nimble_10089/githubcom_khchenwNim_0.9.0/.git/config')
chmod('/tmp/nimble_10089/githubcom_khchenwNim_0.9.0/.git/config.lock', 0x00000000000001a4)
rename('/tmp/nimble_10089/githubcom_khchenwNim_0.9.0/.git/config.lock', '/tmp/nimble_10089/githubcom_khchenwNim_0.9.0/.git/config')
unlink('/tmp/nimble_10089/githubcom_khchenwNim_0.9.0/.git/tSKwQ64')
symlink('testing', '/tmp/nimble_10089/githubcom_khchenwNim_0.9.0/.git/tSKwQ64')
unlink('/tmp/nimble_10089/githubcom_khchenwNim_0.9.0/.git/tSKwQ64')
mkdir('/tmp/nimble_10089/githubcom_khchenwNim_0.9.0/.git/objects', 0x00000000000001ff)
mkdir('/tmp/nimble_10089/githubcom_khchenwNim_0.9.0/.git/objects/pack', 0x00000000000001ff)
mkdir('/tmp/nimble_10089/githubcom_khchenwNim_0.9.0/.git/objects/info', 0x00000000000001ff)
chmod('/tmp/nimble_10089/githubcom_khchenwNim_0.9.0/.git/config.lock', 0x00000000000001a4)
rename('/tmp/nimble_10089/githubcom_khchenwNim_0.9.0/.git/config.lock', '/tmp/nimble_10089/githubcom_khchenwNim_0.9.0/.git/config')
chmod('/tmp/nimble_10089/githubcom_khchenwNim_0.9.0/.git/config.lock', 0x00000000000001a4)
rename('/tmp/nimble_10089/githubcom_khchenwNim_0.9.0/.git/config.lock', '/tmp/nimble_10089/githubcom_khchenwNim_0.9.0/.git/config')
chmod('/tmp/nimble_10089/githubcom_khchenwNim_0.9.0/.git/config.lock', 0x00000000000001a4)
rename('/tmp/nimble_10089/githubcom_khchenwNim_0.9.0/.git/config.lock', '/tmp/nimble_10089/githubcom_khchenwNim_0.9.0/.git/config')
link('/tmp/nimble_10089/githubcom_khchenwNim_0.9.0/.git/objects/pack/tmp_pack_dIhPXz', '/tmp/nimble_10089/githubcom_khchenwNim_0.9.0/.git/objects/pack/pack-ca8b06945db57eb7c118f8afd6212fc50b17ca9f.pack')
unlink('/tmp/nimble_10089/githubcom_khchenwNim_0.9.0/.git/objects/pack/tmp_pack_dIhPXz')
link('/tmp/nimble_10089/githubcom_khchenwNim_0.9.0/.git/objects/pack/tmp_idx_bU7uTe', '/tmp/nimble_10089/githubcom_khchenwNim_0.9.0/.git/objects/pack/pack-ca8b06945db57eb7c118f8afd6212fc50b17ca9f.idx')
unlink('/tmp/nimble_10089/githubcom_khchenwNim_0.9.0/.git/objects/pack/tmp_idx_bU7uTe')
rename('/tmp/nimble_10089/githubcom_khchenwNim_0.9.0/.git/shallow.lock', '/tmp/nimble_10089/githubcom_khchenwNim_0.9.0/.git/shallow')
rename('/tmp/nimble_10089/githubcom_khchenwNim_0.9.0/.git/packed-refs.new', '/tmp/nimble_10089/githubcom_khchenwNim_0.9.0/.git/packed-refs')
unlink('/tmp/nimble_10089/githubcom_khchenwNim_0.9.0/.git/packed-refs.lock')
mkdir('/tmp/nimble_10089/githubcom_khchenwNim_0.9.0/.git/refs/remotes', 0x00000000000001ff)
mkdir('/tmp/nimble_10089/githubcom_khchenwNim_0.9.0/.git/refs/remotes/origin', 0x00000000000001ff)
mkdir('/tmp/nimble_10089/githubcom_khchenwNim_0.9.0/.git/logs', 0x00000000000001ff)
mkdir('/tmp/nimble_10089/githubcom_khchenwNim_0.9.0/.git/logs/refs', 0x00000000000001ff)
mkdir('/tmp/nimble_10089/githubcom_khchenwNim_0.9.0/.git/logs/refs/remotes', 0x00000000000001ff)
mkdir('/tmp/nimble_10089/githubcom_khchenwNim_0.9.0/.git/logs/refs/remotes/origin', 0x00000000000001ff)
rename('/tmp/nimble_10089/githubcom_khchenwNim_0.9.0/.git/refs/remotes/origin/HEAD.lock', '/tmp/nimble_10089/githubcom_khchenwNim_0.9.0/.git/refs/remotes/origin/HEAD')
rename('/tmp/nimble_10089/githubcom_khchenwNim_0.9.0/.git/HEAD.lock', '/tmp/nimble_10089/githubcom_khchenwNim_0.9.0/.git/HEAD')
mkdir('/tmp/nimble_10089/githubcom_khchenwNim_0.9.0/.git/logs/refs/heads', 0x00000000000001ff)
rename('/tmp/nimble_10089/githubcom_khchenwNim_0.9.0/.git/refs/heads/master.lock', '/tmp/nimble_10089/githubcom_khchenwNim_0.9.0/.git/refs/heads/master')
unlink('/tmp/nimble_10089/githubcom_khchenwNim_0.9.0/.git/HEAD.lock')
chmod('/tmp/nimble_10089/githubcom_khchenwNim_0.9.0/.git/config.lock', 0x00000000000001a4)
rename('/tmp/nimble_10089/githubcom_khchenwNim_0.9.0/.git/config.lock', '/tmp/nimble_10089/githubcom_khchenwNim_0.9.0/.git/config')
chmod('/tmp/nimble_10089/githubcom_khchenwNim_0.9.0/.git/config.lock', 0x00000000000001a4)
rename('/tmp/nimble_10089/githubcom_khchenwNim_0.9.0/.git/config.lock', '/tmp/nimble_10089/githubcom_khchenwNim_0.9.0/.git/config')
unlink('/tmp/nimble_10089/githubcom_khchenwNim_0.9.0/.git/objects/pack/pack-ca8b06945db57eb7c118f8afd6212fc50b17ca9f.keep')
mkdir('docs', 0x00000000000001ff)
mkdir('docs/images', 0x00000000000001ff)
mkdir('examples', 0x00000000000001ff)
mkdir('examples/html', 0x00000000000001ff)
mkdir('examples/images', 0x00000000000001ff)
mkdir('examples/mcts', 0x00000000000001ff)
mkdir('examples/resource', 0x00000000000001ff)
mkdir('wNim', 0x00000000000001ff)
mkdir('wNim/private', 0x00000000000001ff)
mkdir('wNim/private/consts', 0x00000000000001ff)
mkdir('wNim/private/controls', 0x00000000000001ff)
mkdir('wNim/private/dc', 0x00000000000001ff)
mkdir('wNim/private/dialogs', 0x00000000000001ff)
mkdir('wNim/private/events', 0x00000000000001ff)
mkdir('wNim/private/gdiobjects', 0x00000000000001ff)
mkdir('wNim/private/kiwi', 0x00000000000001ff)
mkdir('wNim/private/menu', 0x00000000000001ff)   Warning: Package 'wnim' has an incorrect structure. The top level of the package source directory should contain at most one module, named 'wnim.nim', but a file named 'wNim.nim' was found. This will be an error in the future.
      Hint: If this is the primary source file in the package, rename it to 'wnim.nim'. If it's a source file required by the main module, or if it is one of several modules exposed by 'wnim', then move it into a 'wnim/' subdirectory. If it's a test file or otherwise not required to build the the package 'wnim.nim', prevent its installation by adding `skipFiles = @["wNim.nim"]` to the .nimble file. See https://github.com/nim-lang/nimble#libraries for more info.
  Verifying dependencies for wnim@0.11.1
    Reading official package list
   Checking for winim@>= 3.3.4
 Installing winim@>= 3.3.4
    Reading official package list
Downloading https://github.com/khchen/winim using git
  Verifying dependencies for winim@3.3.5
 Installing winim@3.3.5
   Building winim/winim/winimx using c backend
  Executing "/home/runner/.nimble/bin/nim" c --noNimblePath -d:NimblePkgVersion=3.3.5 -d:release -o:"/tmp/nimble_10089/githubcom_khchenwinim_3.3.4/winim/winimx" "/tmp/nimble_10089/githubcom_khchenwinim_3.3.4/winim/winimx.nim"

rename('/tmp/nimble_10089/githubcom_khchenwNim_0.9.0/.git/index.lock', '/tmp/nimble_10089/githubcom_khchenwNim_0.9.0/.git/index')
mkdir('/tmp', 0x00000000000001ff)
mkdir('/tmp/nimblecache', 0x00000000000001ff)
mkdir('/tmp/nimblecache/wnim_456011606', 0x00000000000001ff)
unlink('/tmp/nimblecache/wnim_456011606/wnim.ini')
unlink('/tmp/nimble_10089.out')
unlink('/tmp/nimble_10089/githubcom_khchenwNim_0.9.0/wnim_10089.nims')
mkdir('/tmp', 0x00000000000001ff)
mkdir('/tmp/nimble_10089', 0x00000000000001ff)
mkdir('/tmp/nimble_10089/githubcom_khchenwinim_3.3.4', 0x00000000000001ff)
rmdir('/tmp/nimble_10089/githubcom_khchenwinim_3.3.4')
mkdir('/tmp/nimble_10089/githubcom_khchenwinim_3.3.4', 0x00000000000001ff)
mkdir('/tmp/nimble_10089/githubcom_khchenwinim_3.3.4/.git', 0x00000000000001ff)
mkdir('/tmp/nimble_10089/githubcom_khchenwinim_3.3.4/.git/', 0x00000000000001ff)
mkdir('/tmp/nimble_10089/githubcom_khchenwinim_3.3.4/.git/info/', 0x00000000000001ff)
mkdir('/tmp/nimble_10089/githubcom_khchenwinim_3.3.4/.git/branches/', 0x00000000000001ff)
mkdir('/tmp/nimble_10089/githubcom_khchenwinim_3.3.4/.git/hooks/', 0x00000000000001ff)
mkdir('/tmp/nimble_10089/githubcom_khchenwinim_3.3.4/.git/refs', 0x00000000000001ff)
mkdir('/tmp/nimble_10089/githubcom_khchenwinim_3.3.4/.git/refs/heads', 0x00000000000001ff)
mkdir('/tmp/nimble_10089/githubcom_khchenwinim_3.3.4/.git/refs/tags', 0x00000000000001ff)
rename('/tmp/nimble_10089/githubcom_khchenwinim_3.3.4/.git/HEAD.lock', '/tmp/nimble_10089/githubcom_khchenwinim_3.3.4/.git/HEAD')
rename('/tmp/nimble_10089/githubcom_khchenwinim_3.3.4/.git/config.lock', '/tmp/nimble_10089/githubcom_khchenwinim_3.3.4/.git/config')
chmod('/tmp/nimble_10089/githubcom_khchenwinim_3.3.4/.git/config', 0x00000000000081e4)
chmod('/tmp/nimble_10089/githubcom_khchenwinim_3.3.4/.git/config', 0x00000000000081a4)
chmod('/tmp/nimble_10089/githubcom_khchenwinim_3.3.4/.git/config.lock', 0x00000000000001a4)
rename('/tmp/nimble_10089/githubcom_khchenwinim_3.3.4/.git/config.lock', '/tmp/nimble_10089/githubcom_khchenwinim_3.3.4/.git/config')
chmod('/tmp/nimble_10089/githubcom_khchenwinim_3.3.4/.git/config.lock', 0x00000000000001a4)
rename('/tmp/nimble_10089/githubcom_khchenwinim_3.3.4/.git/config.lock', '/tmp/nimble_10089/githubcom_khchenwinim_3.3.4/.git/config')
chmod('/tmp/nimble_10089/githubcom_khchenwinim_3.3.4/.git/config.lock', 0x00000000000001a4)
rename('/tmp/nimble_10089/githubcom_khchenwinim_3.3.4/.git/config.lock', '/tmp/nimble_10089/githubcom_khchenwinim_3.3.4/.git/config')
unlink('/tmp/nimble_10089/githubcom_khchenwinim_3.3.4/.git/tHUOdxf')
symlink('testing', '/tmp/nimble_10089/githubcom_khchenwinim_3.3.4/.git/tHUOdxf')
unlink('/tmp/nimble_10089/githubcom_khchenwinim_3.3.4/.git/tHUOdxf')
mkdir('/tmp/nimble_10089/githubcom_khchenwinim_3.3.4/.git/objects', 0x00000000000001ff)
mkdir('/tmp/nimble_10089/githubcom_khchenwinim_3.3.4/.git/objects/pack', 0x00000000000001ff)
mkdir('/tmp/nimble_10089/githubcom_khchenwinim_3.3.4/.git/objects/info', 0x00000000000001ff)
chmod('/tmp/nimble_10089/githubcom_khchenwinim_3.3.4/.git/config.lock', 0x00000000000001a4)
rename('/tmp/nimble_10089/githubcom_khchenwinim_3.3.4/.git/config.lock', '/tmp/nimble_10089/githubcom_khchenwinim_3.3.4/.git/config')
chmod('/tmp/nimble_10089/githubcom_khchenwinim_3.3.4/.git/config.lock', 0x00000000000001a4)
rename('/tmp/nimble_10089/githubcom_khchenwinim_3.3.4/.git/config.lock', '/tmp/nimble_10089/githubcom_khchenwinim_3.3.4/.git/config')
chmod('/tmp/nimble_10089/githubcom_khchenwinim_3.3.4/.git/config.lock', 0x00000000000001a4)
rename('/tmp/nimble_10089/githubcom_khchenwinim_3.3.4/.git/config.lock', '/tmp/nimble_10089/githubcom_khchenwinim_3.3.4/.git/config')
link('/tmp/nimble_10089/githubcom_khchenwinim_3.3.4/.git/objects/pack/tmp_pack_UyDGjc', '/tmp/nimble_10089/githubcom_khchenwinim_3.3.4/.git/objects/pack/pack-645b742b584e50e9f8a645893fb24fd6b3c7ced8.pack')
unlink('/tmp/nimble_10089/githubcom_khchenwinim_3.3.4/.git/objects/pack/tmp_pack_UyDGjc')
link('/tmp/nimble_10089/githubcom_khchenwinim_3.3.4/.git/objects/pack/tmp_idx_IXGDEA', '/tmp/nimble_10089/githubcom_khchenwinim_3.3.4/.git/objects/pack/pack-645b742b584e50e9f8a645893fb24fd6b3c7ced8.idx')
unlink('/tmp/nimble_10089/githubcom_khchenwinim_3.3.4/.git/objects/pack/tmp_idx_IXGDEA')
rename('/tmp/nimble_10089/githubcom_khchenwinim_3.3.4/.git/shallow.lock', '/tmp/nimble_10089/githubcom_khchenwinim_3.3.4/.git/shallow')
rename('/tmp/nimble_10089/githubcom_khchenwinim_3.3.4/.git/packed-refs.new', '/tmp/nimble_10089/githubcom_khchenwinim_3.3.4/.git/packed-refs')
unlink('/tmp/nimble_10089/githubcom_khchenwinim_3.3.4/.git/packed-refs.lock')
mkdir('/tmp/nimble_10089/githubcom_khchenwinim_3.3.4/.git/refs/remotes', 0x00000000000001ff)
mkdir('/tmp/nimble_10089/githubcom_khchenwinim_3.3.4/.git/refs/remotes/origin', 0x00000000000001ff)
mkdir('/tmp/nimble_10089/githubcom_khchenwinim_3.3.4/.git/logs', 0x00000000000001ff)
mkdir('/tmp/nimble_10089/githubcom_khchenwinim_3.3.4/.git/logs/refs', 0x00000000000001ff)
mkdir('/tmp/nimble_10089/githubcom_khchenwinim_3.3.4/.git/logs/refs/remotes', 0x00000000000001ff)
mkdir('/tmp/nimble_10089/githubcom_khchenwinim_3.3.4/.git/logs/refs/remotes/origin', 0x00000000000001ff)
rename('/tmp/nimble_10089/githubcom_khchenwinim_3.3.4/.git/refs/remotes/origin/HEAD.lock', '/tmp/nimble_10089/githubcom_khchenwinim_3.3.4/.git/refs/remotes/origin/HEAD')
rename('/tmp/nimble_10089/githubcom_khchenwinim_3.3.4/.git/HEAD.lock', '/tmp/nimble_10089/githubcom_khchenwinim_3.3.4/.git/HEAD')
mkdir('/tmp/nimble_10089/githubcom_khchenwinim_3.3.4/.git/logs/refs/heads', 0x00000000000001ff)
rename('/tmp/nimble_10089/githubcom_khchenwinim_3.3.4/.git/refs/heads/master.lock', '/tmp/nimble_10089/githubcom_khchenwinim_3.3.4/.git/refs/heads/master')
unlink('/tmp/nimble_10089/githubcom_khchenwinim_3.3.4/.git/HEAD.lock')
chmod('/tmp/nimble_10089/githubcom_khchenwinim_3.3.4/.git/config.lock', 0x00000000000001a4)
rename('/tmp/nimble_10089/githubcom_khchenwinim_3.3.4/.git/config.lock', '/tmp/nimble_10089/githubcom_khchenwinim_3.3.4/.git/config')
chmod('/tmp/nimble_10089/githubcom_khchenwinim_3.3.4/.git/config.lock', 0x00000000000001a4)
rename('/tmp/nimble_10089/githubcom_khchenwinim_3.3.4/.git/config.lock', '/tmp/nimble_10089/githubcom_khchenwinim_3.3.4/.git/config')
unlink('/tmp/nimble_10089/githubcom_khchenwinim_3.3.4/.git/objects/pack/pack-645b742b584e50e9f8a645893fb24fd6b3c7ced8.keep')
mkdir('docs', 0x00000000000001ff)
mkdir('examples', 0x00000000000001ff)
mkdir('examples/com', 0x00000000000001ff)
mkdir('examples/com/nimDispatch', 0x00000000000001ff)
mkdir('tcclib', 0x00000000000001ff)
mkdir('tests', 0x00000000000001ff)
mkdir('winim', 0x00000000000001ff)
mkdir('winim/inc', 0x00000000000001ff)
mkdir('winim/lib', 0x00000000000001ff)
rename('/tmp/nimble_10089/githubcom_khchenwinim_3.3.4/.git/index.lock', '/tmp/nimble_10089/githubcom_khchenwinim_3.3.4/.git/index')
mkdir('/tmp', 0x00000000000001ff)
mkdir('/tmp/nimblecache', 0x00000000000001ff)
mkdir('/tmp/nimblecache/winim_2818296081', 0x00000000000001ff)
unlink('/tmp/nimblecache/winim_2818296081/winim.ini')
unlink('/tmp/nimble_10089.out')
unlink('/tmp/nimble_10089/githubcom_khchenwinim_3.3.4/winim_10089.nims')
unlink('/home/runner/.cache/nim/winimx_r/miniz.c.o')
mkdir('/home', 0x00000000000001ff)
mkdir('/home/runner', 0x00000000000001ff)
mkdir('/home/runner/.cache', 0x00000000000001ff)
mkdir('/home/runner/.cache/nim', 0x00000000000001ff)
mkdir('/home/runner/.cache/nim/winimx_r', 0x00000000000001ff)
mkdir('/home', 0x00000000000001ff)
mkdir('/home/runner', 0x00000000000001ff)
mkdir('/home/runner/.cache', 0x00000000000001ff)
mkdir('/home/runner/.cache/nim', 0x00000000000001ff)
mkdir('/home/runner/.cache/nim/winimx_r', 0x00000000000001ff)
mkdir('/home', 0x00000000000001ff)
mkdir('/home/runner', 0x00000000000001ff)
mkdir('/home/runner/.cache', 0x00000000000001ff)
mkdir('/home/runner/.cache/nim', 0x00000000000001ff)
mkdir('/home/runner/.cache/nim/winimx_r', 0x00000000000001ff)
mkdir('/home', 0x00000000000001ff)
mkdir('/home/runner', 0x00000000000001ff)
mkdir('/home/runner/.cache', 0x00000000000001ff)
mkdir('/home/runner/.cache/nim', 0x00000000000001ff)
mkdir('/home/runner/.cache/nim/winimx_r', 0x00000000000001ff)
mkdir('/home', 0x00000000000001ff)
mkdir('/home/runner', 0x00000000000001ff)
mkdir('/home/runner/.cache', 0x00000000000001ff)
mkdir('/home/runner/.cache/nim', 0x00000000000001ff)
mkdir('/home/runner/.cache/nim/winimx_r', 0x00000000000001ff)
mkdir('/home', 0x00000000000001ff)
mkdir('/home/runner', 0x00000000000001ff)
mkdir('/home/runner/.cache', 0x00000000000001ff)
mkdir('/home/runner/.cache/nim', 0x00000000000001ff)
mkdir('/home/runner/.cache/nim/winimx_r', 0x00000000000001ff)
mkdir('/home', 0x00000000000001ff)
mkdir('/home/runner', 0x00000000000001ff)
mkdir('/home/runner/.cache', 0x00000000000001ff)
mkdir('/home/runner/.cache/nim', 0x00000000000001ff)
mkdir('/home/runner/.cache/nim/winimx_r', 0x00000000000001ff)
mkdir('/home', 0x00000000000001ff)
mkdir('/home/runner', 0x00000000000001ff)
mkdir('/home/runner/.cache', 0x00000000000001ff)
mkdir('/home/runner/.cache/nim', 0x00000000000001ff)
mkdir('/home/runner/.cache/nim/winimx_r', 0x00000000000001ff)
mkdir('/home', 0x00000000000001ff)
mkdir('/home/runner', 0x00000000000001ff)
mkdir('/home/runner/.cache', 0x00000000000001ff)
mkdir('/home/runner/.cache/nim', 0x00000000000001ff)
mkdir('/home/runner/.cache/nim/winimx_r', 0x00000000000001ff)
mkdir('/home', 0x00000000000001ff)
mkdir('/home/runner', 0x00000000000001ff)
mkdir('/home/runner/.cache', 0x00000000000001ff)
mkdir('/home/runner/.cache/nim', 0x00000000000001ff)
mkdir('/home/runner/.cache/nim/winimx_r', 0x00000000000001ff)
mkdir('/home', 0x00000000000001ff)
mkdir('/home/runner', 0x00000000000001ff)
mkdir('/home/runner/.cache', 0x00000000000001ff)
mkdir('/home/runner/.cache/nim', 0x00000000000001ff)
mkdir('/home/runner/.cache/nim/winimx_r', 0x00000000000001ff)
mkdir('/home', 0x00000000000001ff)
mkdir('/home/runner', 0x00000000000001ff)
mkdir('/home/runner/.cache', 0x00000000000001ff)
mkdir('/home/runner/.cache/nim', 0x00000000000001ff)
mkdir('/home/runner/.cache/nim/winimx_r', 0x00000000000001ff)
mkdir('/home', 0x00000000000001ff)
mkdir('/home/runner', 0x00000000000001ff)
mkdir('/home/runner/.cache', 0x00000000000001ff)
mkdir('/home/runner/.cache/nim', 0x00000000000001ff)
mkdir('/home/runner/.cache/nim/winimx_r', 0x00000000000001ff)
mkdir('/home', 0x00000000000001ff)
mkdir('/home/runner', 0x00000000000001ff)
mkdir('/home/runner/.cache', 0x00000000000001ff)
mkdir('/home/runner/.cache/nim', 0x00000000000001ff)
mkdir('/home/runner/.cache/nim/winimx_r', 0x00000000000001ff)
mkdir('/home', 0x00000000000001ff)
mkdir('/home/runner', 0x00000000000001ff)
mkdir('/home/runner/.cache', 0x00000000000001ff)
mkdir('/home/runner/.cache/nim', 0x00000000000001ff)
mkdir('/home/runner/.cache/nim/winimx_r', 0x00000000000001ff)
mkdir('/home', 0x00000000000001ff)
mkdir('/home/runner', 0x00000000000001ff)
mkdir('/home/runner/.cache', 0x00000000000001ff)
mkdir('/home/runner/.cache/nim', 0x00000000000001ff)
mkdir('/home/runner/.cache/nim/winimx_r', 0x00000000000001ff)
mkdir('/home', 0x00000000000001ff)
mkdir('/home/runner', 0x00000000000001ff)
mkdir('/home/runner/.cache', 0x00000000000001ff)
mkdir('/home/runner/.cache/nim', 0x00000000000001ff)
mkdir('/home/runner/.cache/nim/winimx_r', 0x00000000000001ff)
mkdir('/home', 0x00000000000001ff)
mkdir('/home/runner', 0x00000000000001ff)
mkdir('/home/runner/.cache', 0x00000000000001ff)
mkdir('/home/runner/.cache/nim', 0x00000000000001ff)
mkdir('/home/runner/.cache/nim/winimx_r', 0x00000000000001ff)
mkdir('/home', 0x00000000000001ff)
mkdir('/home/runner', 0x00000000000001ff)
mkdir('/home/runner/.cache', 0x00000000000001ff)
mkdir('/home/runner/.cache/nim', 0x00000000000001ff)
mkdir('/home/runner/.cache/nim/winimx_r', 0x00000000000001ff)
mkdir('/home', 0x00000000000001ff)
mkdir('/home/runner', 0x00000000000001ff)
mkdir('/home/runner/.cache', 0x00000000000001ff)
mkdir('/home/runner/.cache/nim', 0x00000000000001ff)
mkdir('/home/runner/.cache/nim/winimx_r', 0x00000000000001ff)
mkdir('/home', 0x00000000000001ff)
mkdir('/home/runner', 0x00000000000001ff)
mkdir('/home/runner/.cache', 0x00000000000001ff)
mkdir('/home/runner/.cache/nim', 0x00000000000001ff)
mkdir('/home/runner/.cache/nim/winimx_r', 0x00000000000001ff)
mkdir('/home', 0x00000000000001ff)
mkdir('/home/runner', 0x00000000000001ff)
mkdir('/home/runner/.cache', 0x00000000000001ff)
mkdir('/home/runner/.cache/nim', 0x00000000000001ff)
mkdir('/home/runner/.cache/nim/winimx_r', 0x00000000000001ff)
mkdir('/home', 0x00000000000001ff)
mkdir('/home/runner', 0x00000000000001ff)
mkdir('/home/runner/.cache', 0x00000000000001ff)
mkdir('/home/runner/.cache/nim', 0x00000000000001ff)
mkdir('/home/runner/.cache/nim/winimx_r', 0x00000000000001ff)
mkdir('/home', 0x00000000000001ff)
mkdir('/home/runner', 0x00000000000001ff)
mkdir('/home/runner/.cache', 0x00000000000001ff)
mkdir('/home/runner/.cache/nim', 0x00000000000001ff)
mkdir('/home/runner/.cache/nim/winimx_r', 0x00000000000001ff)
mkdir('/home', 0x00000000000001ff)
mkdir('/home/runner', 0x00000000000001ff)
mkdir('/home/runner/.cache', 0x00000000000001ff)
mkdir('/home/runner/.cache/nim', 0x00000000000001ff)
mkdir('/home/runner/.cache/nim/winimx_r', 0x00000000000001ff)
mkdir('/home', 0x00000000000001ff)
mkdir('/home/runner', 0x00000000000001ff)
mkdir('/home/runner/.cache', 0x00000000000001ff)
mkdir('/home/runner/.cache/nim', 0x00000000000001ff)
mkdir('/home/runner/.cache/nim/winimx_r', 0x00000000000001ff)
mkdir('/home', 0x00000000000001ff)
mkdir('/home/runner', 0x00000000000001ff)
mkdir('/home/runner/.cache', 0x00000000000001ff)
mkdir('/home/runner/.cache/nim', 0x00000000000001ff)
mkdir('/home/runner/.cache/nim/winimx_r', 0x00000000000001ff)
mkdir('/home', 0x00000000000001ff)
mkdir('/home/runner', 0x00000000000001ff)
mkdir('/home/runner/.cache', 0x00000000000001ff)
mkdir('/home/runner/.cache/nim', 0x00000000000001ff)
mkdir('/home/runner/.cache/nim/winimx_r', 0x00000000000001ff)
mkdir('/home', 0x00000000000001ff)
mkdir('/home/runner', 0x00000000000001ff)
mkdir('/home/runner/.cache', 0x00000000000001ff)
mkdir('/home/runner/.cache/nim', 0x00000000000001ff)
mkdir('/home/runner/.cache/nim/winimx_r', 0x00000000000001ff)
mkdir('/home', 0x00000000000001ff)
mkdir('/home/runner', 0x00000000000001ff)
mkdir('/home/runner/.cache', 0x00000000000001ff)
mkdir('/home/runner/.cache/nim', 0x00000000000001ff)
mkdir('/home/runner/.cache/nim/winimx_r', 0x00000000000001ff)
mkdir('/home', 0x00000000000001ff)
mkdir('/home/runner', 0x00000000000001ff)
mkdir('/home/runner/.cache', 0x00000000000001ff)
mkdir('/home/runner/.cache/nim', 0x00000000000001ff)
mkdir('/home/runner/.cache/nim/winimx_r', 0x00000000000001ff)
mkdir('/home', 0x00000000000001ff)
mkdir('/home/runner', 0x00000000000001ff)
mkdir('/home/runner/.cache', 0x00000000000001ff)
mkdir('/home/runner/.cache/nim', 0x00000000000001ff)
mkdir('/home/runner/.cache/nim/winimx_r', 0x00000000000001ff)
mkdir('/home', 0x00000000000001ff)
mkdir('/home/runner', 0x00000000000001ff)
mkdir('/home/runner/.cache', 0x00000000000001ff)
mkdir('/home/runner/.cache/nim', 0x00000000000001ff)
mkdir('/home/runner/.cache/nim/winimx_r', 0x00000000000001ff)
mkdir('/home', 0x00000000000001ff)
mkdir('/home/runner', 0x00000000000001ff)
mkdir('/home/runner/.cache', 0x00000000000001ff)
mkdir('/home/runner/.cache/nim', 0x00000000000001ff)
mkdir('/home/runner/.cache/nim/winimx_r', 0x00000000000001ff)
mkdir('/home', 0x00000000000001ff)
mkdir('/home/runner', 0x00000000000001ff)
mkdir('/home/runner/.cache', 0x00000000000001ff)
mkdir('/home/runner/.cache/nim', 0x00000000000001ff)
mkdir('/home/runner/.cache/nim/winimx_r', 0x00000000000001ff)
mkdir('/home', 0x00000000000001ff)
mkdir('/home/runner', 0x00000000000001ff)
mkdir('/home/runner/.cache', 0x00000000000001ff)
mkdir('/home/runner/.cache/nim', 0x00000000000001ff)
mkdir('/home/runner/.cache/nim/winimx_r', 0x00000000000001ff)
mkdir('/home', 0x00000000000001ff)
mkdir('/home/runner', 0x00000000000001ff)
mkdir('/home/runner/.cache', 0x00000000000001ff)
mkdir('/home/runner/.cache/nim', 0x00000000000001ff)
mkdir('/home/runner/.cache/nim/winimx_r', 0x00000000000001ff)
mkdir('/home', 0x00000000000001ff)
mkdir('/home/runner', 0x00000000000001ff)
mkdir('/home/runner/.cache', 0x00000000000001ff)
mkdir('/home/runner/.cache/nim', 0x00000000000001ff)
mkdir('/home/runner/.cache/nim/winimx_r', 0x00000000000001ff)
mkdir('/home', 0x00000000000001ff)
mkdir('/home/runner', 0x00000000000001ff)
mkdir('/home/runner/.cache', 0x00000000000001ff)
mkdir('/home/runner/.cache/nim', 0x00000000000001ff)
mkdir('/home/runner/.cache/nim/winimx_r', 0x00000000000001ff)
mkdir('/home', 0x00000000000001ff)
mkdir('/home/runner', 0x00000000000001ff)
mkdir('/home/runner/.cache', 0x00000000000001ff)
mkdir('/home/runner/.cache/nim', 0x00000000000001ff)
mkdir('/home/runner/.cache/nim/winimx_r', 0x00000000000001ff)
mkdir('/home', 0x00000000000001ff)
mkdir('/home/runner', 0x00000000000001ff)
mkdir('/home/runner/.cache', 0x00000000000001ff)
mkdir('/home/runner/.cache/nim', 0x00000000000001ff)
mkdir('/home/runner/.cache/nim/winimx_r', 0x00000000000001ff)
mkdir('/home', 0x00000000000001ff)
mkdir('/home/runner', 0x00000000000001ff)
mkdir('/home/runner/.cache', 0x00000000000001ff)
mkdir('/home/runner/.cache/nim', 0x00000000000001ff)
mkdir('/home/runner/.cache/nim/winimx_r', 0x00000000000001ff)
mkdir('/home', 0x00000000000001ff)
mkdir('/home/runner', 0x00000000000001ff)
mkdir('/home/runner/.cache', 0x00000000000001ff)
mkdir('/home/runner/.cache/nim', 0x00000000000001ff)
mkdir('/home/runner/.cache/nim/winimx_r', 0x00000000000001ff)
mkdir('/home', 0x00000000000001ff)
mkdir('/home/runner', 0x00000000000001ff)
mkdir('/home/runner/.cache', 0x00000000000001ff)
mkdir('/home/runner/.cache/nim', 0x00000000000001ff)
mkdir('/home/runner/.cache/nim/winimx_r', 0x00000000000001ff)
mkdir('/home', 0x00000000000001ff)
mkdir('/home/runner', 0x00000000000001ff)
mkdir('/home/runner/.cache', 0x00000000000001ff)
mkdir('/home/runner/.cache/nim', 0x00000000000001ff)
mkdir('/home/runner/.cache/nim/winimx_r', 0x00000000000001ff)
mkdir('/home', 0x00000000000001ff)
mkdir('/home/runner', 0x00000000000001ff)
mkdir('/home/runner/.cache', 0x00000000000001ff)
mkdir('/home/runner/.cache/nim', 0x00000000000001ff)
mkdir('/home/runner/.cache/nim/winimx_r', 0x00000000000001ff)
mkdir('/home', 0x00000000000001ff)
mkdir('/home/runner', 0x00000000000001ff)
mkdir('/home/runner/.cache', 0x00000000000001ff)
mkdir('/home/runner/.cache/nim', 0x00000000000001ff)
mkdir('/home/runner/.cache/nim/winimx_r', 0x00000000000001ff)
mkdir('/home', 0x00000000000001ff)
mkdir('/home/runner', 0x00000000000001ff)
mkdir('/home/runner/.cache', 0x00000000000001ff)
mkdir('/home/runner/.cache/nim', 0x00000000000001ff)
mkdir('/home/runner/.cache/nim/winimx_r', 0x00000000000001ff)
mkdir('/home', 0x00000000000001ff)
mkdir('/home/runner', 0x00000000000001ff)
mkdir('/home/runner/.cache', 0x00000000000001ff)
mkdir('/home/runner/.cache/nim', 0x00000000000001ff)
mkdir('/home/runner/.cache/nim/winimx_r', 0x00000000000001ff)
mkdir('/home', 0x00000000000001ff)
mkdir('/home/runner', 0x00000000000001ff)
mkdir('/home/runner/.cache', 0x00000000000001ff)
mkdir('/home/runner/.cache/nim', 0x00000000000001ff)
mkdir('/home/runner/.cache/nim/winimx_r', 0x00000000000001ff)
mkdir('/home', 0x00000000000001ff)
mkdir('/home/runner', 0x00000000000001ff)
mkdir('/home/runner/.cache', 0x00000000000001ff)
mkdir('/home/runner/.cache/nim', 0x00000000000001ff)
mkdir('/home/runner/.cache/nim/winimx_r', 0x00000000000001ff)
mkdir('/home', 0x00000000000001ff)
mkdir('/home/runner', 0x00000000000001ff)
mkdir('/home/runner/.cache', 0x00000000000001ff)
mkdir('/home/runner/.cache/nim', 0x00000000000001ff)
mkdir('/home/runner/.cache/nim/winimx_r', 0x00000000000001ff)
mkdir('/home', 0x00000000000001ff)
mkdir('/home/runner', 0x00000000000001ff)
mkdir('/home/runner/.cache', 0x00000000000001ff)
mkdir('/home/runner/.cache/nim', 0x00000000000001ff)
mkdir('/home/runner/.cache/nim/winimx_r', 0x00000000000001ff)
mkdir('/home', 0x00000000000001ff)
mkdir('/home/runner', 0x00000000000001ff)
mkdir('/home/runner/.cache', 0x00000000000001ff)
mkdir('/home/runner/.cache/nim', 0x00000000000001ff)
mkdir('/home/runner/.cache/nim/winimx_r', 0x00000000000001ff)
mkdir('/home', 0x00000000000001ff)
mkdir('/home/runner', 0x00000000000001ff)
mkdir('/home/runner/.cache', 0x00000000000001ff)
mkdir('/home/runner/.cache/nim', 0x00000000000001ff)
mkdir('/home/runner/.cache/nim/winimx_r', 0x00000000000001ff)
mkdir('/home', 0x00000000000001ff)
mkdir('/home/runner', 0x00000000000001ff)
mkdir('/home/runner/.cache', 0x00000000000001ff)
mkdir('/home/runner/.cache/nim', 0x00000000000001ff)
mkdir('/home/runner/.cache/nim/winimx_r', 0x00000000000001ff)
mkdir('/home', 0x00000000000001ff)
mkdir('/home/runner', 0x00000000000001ff)
mkdir('/home/runner/.cache', 0x00000000000001ff)
mkdir('/home/runner/.cache/nim', 0x00000000000001ff)
mkdir('/home/runner/.cache/nim/winimx_r', 0x00000000000001ff)
mkdir('/home', 0x00000000000001ff)
mkdir('/home/runner', 0x00000000000001ff)
mkdir('/home/runner/.cache', 0x00000000000001ff)
mkdir('/home/runner/.cache/nim', 0x00000000000001ff)
mkdir('/home/runner/.cache/nim/winimx_r', 0x00000000000001ff)
mkdir('/home', 0x00000000000001ff)
mkdir('/home/runner', 0x00000000000001ff)
mkdir('/home/runner/.cache', 0x00000000000001ff)
mkdir('/home/runner/.cache/nim', 0x00000000000001ff)
mkdir('/home/runner/.cache/nim/winimx_r', 0x00000000000001ff)
mkdir('/home', 0x00000000000001ff)
mkdir('/home/runner', 0x00000000000001ff)
mkdir('/home/runner/.cache', 0x00000000000001ff)
mkdir('/home/runner/.cache/nim', 0x00000000000001ff)
mkdir('/home/runner/.cache/nim/winimx_r', 0x00000000000001ff)
mkdir('/home', 0x00000000000001ff)
mkdir('/home/runner', 0x00000000000001ff)
mkdir('/home/runner/.cache', 0x00000000000001ff)
mkdir('/home/runner/.cache/nim', 0x00000000000001ff)
mkdir('/home/runner/.cache/nim/winimx_r', 0x00000000000001ff)
mkdir('/home', 0x00000000000001ff)
mkdir('/home/runner', 0x00000000000001ff)
mkdir('/home/runner/.cache', 0x00000000000001ff)
mkdir('/home/runner/.cache/nim', 0x00000000000001ff)
mkdir('/home/runner/.cache/nim/winimx_r', 0x00000000000001ff)
mkdir('/home', 0x00000000000001ff)
mkdir('/home/runner', 0x00000000000001ff)
mkdir('/home/runner/.cache', 0x00000000000001ff)
mkdir('/home/runner/.cache/nim', 0x00000000000001ff)
mkdir('/home/runner/.cache/nim/winimx_r', 0x00000000000001ff)
mkdir('/home', 0x00000000000001ff)
mkdir('/home/runner', 0x00000000000001ff)
mkdir('/home/runner/.cache', 0x00000000000001ff)
mkdir('/home/runner/.cache/nim', 0x00000000000001ff)
mkdir('/home/runner/.cache/nim/winimx_r', 0x00000000000001ff)
mkdir('/home', 0x00000000000001ff)
mkdir('/home/runner', 0x00000000000001ff)
mkdir('/home/runner/.cache', 0x00000000000001ff)
mkdir('/home/runner/.cache/nim', 0x00000000000001ff)
mkdir('/home/runner/.cache/nim/winimx_r', 0x00000000000001ff)
mkdir('/home', 0x00000000000001ff)
mkdir('/home/runner', 0x00000000000001ff)
mkdir('/home/runner/.cache', 0x00000000000001ff)
mkdir('/home/runner/.cache/nim', 0x00000000000001ff)
mkdir('/home/runner/.cache/nim/winimx_r', 0x00000000000001ff)
mkdir('/home', 0x00000000000001ff)
mkdir('/home/runner', 0x00000000000001ff)
mkdir('/home/runner/.cache', 0x00000000000001ff)
mkdir('/home/runner/.cache/nim', 0x00000000000001ff)
mkdir('/home/runner/.cache/nim/winimx_r', 0x00000000000001ff)
mkdir('/home', 0x00000000000001ff)
mkdir('/home/runner', 0x00000000000001ff)
mkdir('/home/runner/.cache', 0x00000000000001ff)
mkdir('/home/runner/.cache/nim', 0x00000000000001ff)
mkdir('/home/runner/.cache/nim/winimx_r', 0x00000000000001ff)
mkdir('/home', 0x00000000000001ff)
mkdir('/home/runner', 0x00000000000001ff)
mkdir('/home/runner/.cache', 0x00000000000001ff)
mkdir('/home/runner/.cache/nim', 0x00000000000001ff)
mkdir('/home/runner/.cache/nim/winimx_r', 0x00000000000001ff)
mkdir('/home', 0x00000000000001ff)
mkdir('/home/runner', 0x00000000000001ff)
mkdir('/home/runner/.cache', 0x00000000000001ff)
mkdir('/home/runner/.cache/nim', 0x00000000000001ff)
mkdir('/home/runner/.cache/nim/winimx_r', 0x00000000000001ff)
mkdir('/home', 0x00000000000001ff)
mkdir('/home/runner', 0x00000000000001ff)
mkdir('/home/runner/.cache', 0x00000000000001ff)
mkdir('/home/runner/.cache/nim', 0x00000000000001ff)
mkdir('/home/runner/.cache/nim/winimx_r', 0x00000000000001ff)
mkdir('/home', 0x00000000000001ff)
mkdir('/home/runner', 0x00000000000001ff)
mkdir('/home/runner/.cache', 0x00000000000001ff)
mkdir('/home/runner/.cache/nim', 0x00000000000001ff)
mkdir('/home/runner/.cache/nim/winimx_r', 0x00000000000001ff)
mkdir('/home', 0x00000000000001ff)
mkdir('/home/runner', 0x00000000000001ff)
mkdir('/home/runner/.cache', 0x00000000000001ff)
mkdir('/home/runner/.cache/nim', 0x00000000000001ff)
mkdir('/home/runner/.cache/nim/winimx_r', 0x00000000000001ff)
mkdir('/home', 0x00000000000001ff)
mkdir('/home/runner', 0x00000000000001ff)
mkdir('/home/runner/.cache', 0x00000000000001ff)
mkdir('/home/runner/.cache/nim', 0x00000000000001ff)
mkdir('/home/runner/.cache/nim/winimx_r', 0x00000000000001ff)
mkdir('/home', 0x00000000000001ff)
mkdir('/home/runner', 0x00000000000001ff)
mkdir('/home/runner/.cache', 0x00000000000001ff)
mkdir('/home/runner/.cache/nim', 0x00000000000001ff)
mkdir('/home/runner/.cache/nim/winimx_r', 0x00000000000001ff)
mkdir('/home', 0x00000000000001ff)
mkdir('/home/runner', 0x00000000000001ff)
mkdir('/home/runner/.cache', 0x00000000000001ff)
mkdir('/home/runner/.cache/nim', 0x00000000000001ff)
mkdir('/home/runner/.cache/nim/winimx_r', 0x00000000000001ff)
mkdir('/home', 0x00000000000001ff)
mkdir('/home/runner', 0x00000000000001ff)
mkdir('/home/runner/.cache', 0x00000000000001ff)
mkdir('/home/runner/.cache/nim', 0x00000000000001ff)
mkdir('/home/runner/.cache/nim/winimx_r', 0x00000000000001ff)
mkdir('/home', 0x00000000000001ff)
mkdir('/home/runner', 0x00000000000001ff)
mkdir('/home/runner/.cache', 0x00000000000001ff)
mkdir('/home/runner/.cache/nim', 0x00000000000001ff)
mkdir('/home/runner/.cache/nim/winimx_r', 0x00000000000001ff)
mkdir('/home', 0x00000000000001ff)
mkdir('/home/runner', 0x00000000000001ff)
mkdir('/home/runner/.cache', 0x00000000000001ff)
mkdir('/home/runner/.cache/nim', 0x00000000000001ff)
mkdir('/home/runner/.cache/nim/winimx_r', 0x00000000000001ff)
mkdir('/home', 0x00000000000001ff)
mkdir('/home/runner', 0x00000000000001ff)
mkdir('/home/runner/.cache', 0x00000000000001ff)
mkdir('/home/runner/.cache/nim', 0x00000000000001ff)
mkdir('/home/runner/.cache/nim/winimx_r', 0x00000000000001ff)
mkdir('/home', 0x00000000000001ff)
mkdir('/home/runner', 0x00000000000001ff)
mkdir('/home/runner/.cache', 0x00000000000001ff)
mkdir('/home/runner/.cache/nim', 0x00000000000001ff)
mkdir('/home/runner/.cache/nim/winimx_r', 0x00000000000001ff)
mkdir('/home', 0x00000000000001ff)
mkdir('/home/runner', 0x00000000000001ff)
mkdir('/home/runner/.cache', 0x00000000000001ff)
mkdir('/home/runner/.cache/nim', 0x00000000000001ff)
mkdir('/home/runner/.cache/nim/winimx_r', 0x00000000000001ff)
mkdir('/home', 0x00000000000001ff)
mkdir('/home/runner', 0x00000000000001ff)
mkdir('/home/runner/.cache', 0x00000000000001ff)
mkdir('/home/runner/.cache/nim', 0x00000000000001ff)
mkdir('/home/runner/.cache/nim/winimx_r', 0x00000000000001ff)
mkdir('/home', 0x00000000000001ff)
mkdir('/home/runner', 0x00000000000001ff)
mkdir('/home/runner/.cache', 0x00000000000001ff)
mkdir('/home/runner/.cache/nim', 0x00000000000001ff)
mkdir('/home/runner/.cache/nim/winimx_r', 0x00000000000001ff)
mkdir('/home', 0x00000000000001ff)
mkdir('/home/runner', 0x00000000000001ff)
mkdir('/home/runner/.cache', 0x00000000000001ff)
mkdir('/home/runner/.cache/nim', 0x00000000000001ff)
mkdir('/home/runner/.cache/nim/winimx_r', 0x00000000000001ff)
mkdir('/home', 0x00000000000001ff)
mkdir('/home/runner', 0x00000000000001ff)
mkdir('/home/runner/.cache', 0x00000000000001ff)
mkdir('/home/runner/.cache/nim', 0x00000000000001ff)
mkdir('/home/runner/.cache/nim/winimx_r', 0x00000000000001ff)
mkdir('/home', 0x00000000000001ff)
mkdir('/home/runner', 0x00000000000001ff)
mkdir('/home/runner/.cache', 0x00000000000001ff)
mkdir('/home/runner/.cache/nim', 0x00000000000001ff)
mkdir('/home/runner/.cache/nim/winimx_r', 0x00000000000001ff)
mkdir('/home', 0x00000000000001ff)
mkdir('/home/runner', 0x00000000000001ff)
mkdir('/home/runner/.cache', 0x00000000000001ff)
mkdir('/home/runner/.cache/nim', 0x00000000000001ff)
mkdir('/home/runner/.cache/nim/winimx_r', 0x00000000000001ff)
mkdir('/home', 0x00000000000001ff)
mkdir('/home/runner', 0x00000000000001ff)
mkdir('/home/runner/.cache', 0x00000000000001ff)
mkdir('/home/runner/.cache/nim', 0x00000000000001ff)
mkdir('/home/runner/.cache/nim/winimx_r', 0x00000000000001ff)
mkdir('/home', 0x00000000000001ff)
mkdir('/home/runner', 0x00000000000001ff)
mkdir('/home/runner/.cache', 0x00000000000001ff)
mkdir('/home/runner/.cache/nim', 0x00000000000001ff)
mkdir('/home/runner/.cache/nim/winimx_r', 0x00000000000001ff)
mkdir('/home', 0x00000000000001ff)
mkdir('/home/runner', 0x00000000000001ff)
mkdir('/home/runner/.cache', 0x00000000000001ff)
mkdir('/home/runner/.cache/nim', 0x00000000000001ff)
mkdir('/home/runner/.cache/nim/winimx_r', 0x00000000000001ff)
mkdir('/home', 0x00000000000001ff)
mkdir('/home/runner', 0x00000000000001ff)
mkdir('/home/runner/.cache', 0x00000000000001ff)
mkdir('/home/runner/.cache/nim', 0x00000000000001ff)
mkdir('/home/runner/.cache/nim/winimx_r', 0x00000000000001ff)
mkdir('/home', 0x00000000000001ff)
mkdir('/home/runner', 0x00000000000001ff)
mkdir('/home/runner/.cache', 0x00000000000001ff)
mkdir('/home/runner/.cache/nim', 0x00000000000001ff)
mkdir('/home/runner/.cache/nim/winimx_r', 0x00000000000001ff)
mkdir('/home', 0x00000000000001ff)
mkdir('/home/runner', 0x00000000000001ff)
mkdir('/home/runner/.cache', 0x00000000000001ff)
mkdir('/home/runner/.cache/nim', 0x00000000000001ff)
mkdir('/home/runner/.cache/nim/winimx_r', 0x00000000000001ff)
mkdir('/home', 0x00000000000001ff)
mkdir('/home/runner', 0x00000000000001ff)
mkdir('/home/runner/.cache', 0x00000000000001ff)
mkdir('/home/runner/.cache/nim', 0x00000000000001ff)
mkdir('/home/runner/.cache/nim/winimx_r', 0x00000000000001ff)
mkdir('/home', 0x00000000000001ff)
mkdir('/home/runner', 0x00000000000001ff)
mkdir('/home/runner/.cache', 0x00000000000001ff)
mkdir('/home/runner/.cache/nim', 0x00000000000001ff)
mkdir('/home/runner/.cache/nim/winimx_r', 0x00000000000001ff)
mkdir('/home', 0x00000000000001ff)
mkdir('/home/runner', 0x00000000000001ff)
mkdir('/home/runner/.cache', 0x00000000000001ff)
mkdir('/home/runner/.cache/nim', 0x00000000000001ff)
mkdir('/home/runner/.cache/nim/winimx_r', 0x00000000000001ff)
mkdir('/home', 0x00000000000001ff)
mkdir('/home/runner', 0x00000000000001ff)
mkdir('/home/runner/.cache', 0x00000000000001ff)
mkdir('/home/runner/.cache/nim', 0x00000000000001ff)
mkdir('/home/runner/.cache/nim/winimx_r', 0x00000000000001ff)
mkdir('/home', 0x00000000000001ff)
mkdir('/home/runner', 0x00000000000001ff)
mkdir('/home/runner/.cache', 0x00000000000001ff)
mkdir('/home/runner/.cache/nim', 0x00000000000001ff)
mkdir('/home/runner/.cache/nim/winimx_r', 0x00000000000001ff)
mkdir('/home', 0x00000000000001ff)
mkdir('/home/runner', 0x00000000000001ff)
mkdir('/home/runner/.cache', 0x00000000000001ff)
mkdir('/home/runner/.cache/nim', 0x00000000000001ff)
mkdir('/home/runner/.cache/nim/winimx_r', 0x00000000000001ff)
mkdir('/home', 0x00000000000001ff)
mkdir('/home/runner', 0x00000000000001ff)
mkdir('/home/runner/.cache', 0x00000000000001ff)
mkdir('/home/runner/.cache/nim', 0x00000000000001ff)
mkdir('/home/runner/.cache/nim/winimx_r', 0x00000000000001ff)
mkdir('/home', 0x00000000000001ff)
mkdir('/home/runner', 0x00000000000001ff)
mkdir('/home/runner/.cache', 0x00000000000001ff)
mkdir('/home/runner/.cache/nim', 0x00000000000001ff)
mkdir('/home/runner/.cache/nim/winimx_r', 0x00000000000001ff)
mkdir('/home', 0x00000000000001ff)
mkdir('/home/runner', 0x00000000000001ff)
mkdir('/home/runner/.cache', 0x00000000000001ff)
mkdir('/home/runner/.cache/nim', 0x00000000000001ff)
mkdir('/home/runner/.cache/nim/winimx_r', 0x00000000000001ff)
mkdir('/home', 0x00000000000001ff)
mkdir('/home/runner', 0x00000000000001ff)
mkdir('/home/runner/.cache', 0x00000000000001ff)
mkdir('/home/runner/.cache/nim', 0x00000000000001ff)
mkdir('/home/runner/.cache/nim/winimx_r', 0x00000000000001ff)
mkdir('/home', 0x00000000000001ff)
mkdir('/home/runner', 0x00000000000001ff)
mkdir('/home/runner/.cache', 0x00000000000001ff)
mkdir('/home/runner/.cache/nim', 0x00000000000001ff)
mkdir('/home/runner/.cache/nim/winimx_r', 0x00000000000001ff)
mkdir('/home', 0x00000000000001ff)
mkdir('/home/runner', 0x00000000000001ff)
mkdir('/home/runner/.cache', 0x00000000000001ff)
mkdir('/home/runner/.cache/nim', 0x00000000000001ff)
mkdir('/home/runner/.cache/nim/winimx_r', 0x00000000000001ff)
mkdir('/home', 0x00000000000001ff)
mkdir('/home/runner', 0x00000000000001ff)
mkdir('/home/runner/.cache', 0x00000000000001ff)
mkdir('/home/runner/.cache/nim', 0x00000000000001ff)
mkdir('/home/runner/.cache/nim/winimx_r', 0x00000000000001ff)
mkdir('/home', 0x00000000000001ff)
mkdir('/home/runner', 0x00000000000001ff)
mkdir('/home/runner/.cache', 0x00000000000001ff)
mkdir('/home/runner/.cache/nim', 0x00000000000001ff)
mkdir('/home/runner/.cache/nim/winimx_r', 0x00000000000001ff)
mkdir('/home', 0x00000000000001ff)
mkdir('/home/runner', 0x00000000000001ff)
mkdir('/home/runner/.cache', 0x00000000000001ff)
mkdir('/home/runner/.cache/nim', 0x00000000000001ff)
mkdir('/home/runner/.cache/nim/winimx_r', 0x00000000000001ff)
mkdir('/home', 0x00000000000001ff)
mkdir('/home/runner', 0x00000000000001ff)
mkdir('/home/runner/.cache', 0x00000000000001ff)
mkdir('/home/runner/.cache/nim', 0x00000000000001ff)
mkdir('/home/runner/.cache/nim/winimx_r', 0x00000000000001ff)
mkdir('/home', 0x00000000000001ff)
mkdir('/home/runner', 0x00000000000001ff)
mkdir('/home/runner/.cache', 0x00000000000001ff)
mkdir('/home/runner/.cache/nim', 0x00000000000001ff)
mkdir('/home/runner/.cache/nim/winimx_r', 0x00000000000001ff)
mkdir('/home', 0x00000000000001ff)
mkdir('/home/runner', 0x00000000000001ff)
mkdir('/home/runner/.cache', 0x00000000000001ff)
mkdir('/home/runner/.cache/nim', 0x00000000000001ff)
mkdir('/home/runner/.cache/nim/winimx_r', 0x00000000000001ff)
mkdir('/home', 0x00000000000001ff)
mkdir('/home/runner', 0x00000000000001ff)
mkdir('/home/runner/.cache', 0x00000000000001ff)
mkdir('/home/runner/.cache/nim', 0x00000000000001ff)
mkdir('/home/runner/.cache/nim/winimx_r', 0x00000000000001ff)
mkdir('/home', 0x00000000000001ff)
mkdir('/home/runner', 0x00000000000001ff)
mkdir('/home/runner/.cache', 0x00000000000001ff)
mkdir('/home/runner/.cache/nim', 0x00000000000001ff)
mkdir('/home/runner/.cache/nim/winimx_r', 0x00000000000001ff)
unlink(94795248804944)
Error tracing process: readBytes(0x000056373d21a450, 256) error: [Errno 5] Input/output error.
