      Info: Package cache path /home/runner/.nimble/pkgcache
     Info:  Nimble data file "/home/runner/.nimble/nimbledata2.json" has been loaded.
    Reading official package list
Downloading https://github.com/thing-king/web using git
   Warning: The package has no tagged releases, downloading HEAD instead.
open('/workspace/destdir/ssl/openssl.cnf', 32768, 0x00000000000001b6)
open('/home/runner/.config/nimble/nimble.ini', 557056, 0x00000000000001b6)
open('/home/runner/.config/babel/babel.ini', 557056, 0x00000000000001b6)
writev(1, 0x00007ffdc0495d30, 2)
open('/home/runner/.nimble/nimbledata2.json', 557056, 0x00000000000001b6)
writev(1, 0x00007ffdc0495e00, 2)
writev(1, 0x00007ffe28298a10, 2)
writev(1, 0x00007ffe28298aa0, 2)
writev(1, 0x00007ffe28298aa0, 2)
writev(1, 0x00007ffe28298aa0, 2)
writev(1, 0x00007ffdc0494810, 2)
open('/home/runner/.nimble/packages_official.json', 557056, 0x00000000000001b6)
mkdir('/home/', 0x00000000000001ff)
mkdir('/home/runner/', 0x00000000000001ff)
mkdir('/home/runner/.nimble/', 0x00000000000001ff)
mkdir('/home/runner/.nimble/pkgcache/', 0x00000000000001ff)
mkdir('/home/runner/.nimble/pkgcache/githubcom_thingkingweb', 0x00000000000001ff)
open('/home/runner/.nimble/pkgcache/githubcom_thingkingweb', 622592, 0x0000000000000000)
writev(1, 0x00007ffdc0494870, 2)
open('/home/runner/.nimble/pkgcache/githubcom_thingkingweb', 622592, 0x0000000000000000)
rmdir('/home/runner/.nimble/pkgcache/githubcom_thingkingweb')
writev(1, 0x00007ffdc0494760, 2)
mkdir(94655893285536, 0x00000000000001ff)
Error tracing process: readBytes(0x00005616cae52aa0, 256) error: [Errno 5] Input/output error.
