    Reading official package list
Downloading https://github.com/ftsf/nim-webaudio using git
mkdir('/tmp', 0x00000000000001ff)
mkdir('/tmp/nimble_4743', 0x00000000000001ff)
mkdir('/tmp/nimble_4743/githubcom_ftsfnimwebaudio', 0x00000000000001ff)
rmdir('/tmp/nimble_4743/githubcom_ftsfnimwebaudio')
mkdir('/tmp/nimble_4743/githubcom_ftsfnimwebaudio', 0x00000000000001ff)
mkdir('/tmp/nimble_4743/githubcom_ftsfnimwebaudio/.git', 0x00000000000001ff)
mkdir('/tmp/nimble_4743/githubcom_ftsfnimwebaudio/.git/', 0x00000000000001ff)
mkdir('/tmp/nimble_4743/githubcom_ftsfnimwebaudio/.git/info/', 0x00000000000001ff)
mkdir('/tmp/nimble_4743/githubcom_ftsfnimwebaudio/.git/branches/', 0x00000000000001ff)
mkdir('/tmp/nimble_4743/githubcom_ftsfnimwebaudio/.git/hooks/', 0x00000000000001ff)
mkdir('/tmp/nimble_4743/githubcom_ftsfnimwebaudio/.git/refs', 0x00000000000001ff)
mkdir('/tmp/nimble_4743/githubcom_ftsfnimwebaudio/.git/refs/heads', 0x00000000000001ff)
mkdir('/tmp/nimble_4743/githubcom_ftsfnimwebaudio/.git/refs/tags', 0x00000000000001ff)
rename('/tmp/nimble_4743/githubcom_ftsfnimwebaudio/.git/HEAD.lock', '/tmp/nimble_4743/githubcom_ftsfnimwebaudio/.git/HEAD')
rename('/tmp/nimble_4743/githubcom_ftsfnimwebaudio/.git/config.lock', '/tmp/nimble_4743/githubcom_ftsfnimwebaudio/.git/config')
chmod('/tmp/nimble_4743/githubcom_ftsfnimwebaudio/.git/config', 0x00000000000081e4)
chmod('/tmp/nimble_4743/githubcom_ftsfnimwebaudio/.git/config', 0x00000000000081a4)
chmod('/tmp/nimble_4743/githubcom_ftsfnimwebaudio/.git/config.lock', 0x00000000000001a4)
rename('/tmp/nimble_4743/githubcom_ftsfnimwebaudio/.git/config.lock', '/tmp/nimble_4743/githubcom_ftsfnimwebaudio/.git/config')
chmod('/tmp/nimble_4743/githubcom_ftsfnimwebaudio/.git/config.lock', 0x00000000000001a4)
rename('/tmp/nimble_4743/githubcom_ftsfnimwebaudio/.git/config.lock', '/tmp/nimble_4743/githubcom_ftsfnimwebaudio/.git/config')
chmod('/tmp/nimble_4743/githubcom_ftsfnimwebaudio/.git/config.lock', 0x00000000000001a4)
rename('/tmp/nimble_4743/githubcom_ftsfnimwebaudio/.git/config.lock', '/tmp/nimble_4743/githubcom_ftsfnimwebaudio/.git/config')
unlink('/tmp/nimble_4743/githubcom_ftsfnimwebaudio/.git/tWR5GxA')
symlink('testing', '/tmp/nimble_4743/githubcom_ftsfnimwebaudio/.git/tWR5GxA')
unlink('/tmp/nimble_4743/githubcom_ftsfnimwebaudio/.git/tWR5GxA')
mkdir('/tmp/nimble_4743/githubcom_ftsfnimwebaudio/.git/objects', 0x00000000000001ff)
mkdir('/tmp/nimble_4743/githubcom_ftsfnimwebaudio/.git/objects/pack', 0x00000000000001ff)
mkdir('/tmp/nimble_4743/githubcom_ftsfnimwebaudio/.git/objects/info', 0x00000000000001ff)
chmod('/tmp/nimble_4743/githubcom_ftsfnimwebaudio/.git/config.lock', 0x00000000000001a4)
rename('/tmp/nimble_4743/githubcom_ftsfnimwebaudio/.git/config.lock', '/tmp/nimble_4743/githubcom_ftsfnimwebaudio/.git/config')
chmod('/tmp/nimble_4743/githubcom_ftsfnimwebaudio/.git/config.lock', 0x00000000000001a4)
rename('/tmp/nimble_4743/githubcom_ftsfnimwebaudio/.git/config.lock', '/tmp/nimble_4743/githubcom_ftsfnimwebaudio/.git/config')
chmod('/tmp/nimble_4743/githubcom_ftsfnimwebaudio/.git/config.lock', 0x00000000000001a4)
rename('/tmp/nimble_4743/githubcom_ftsfnimwebaudio/.git/config.lock', '/tmp/nimble_4743/githubcom_ftsfnimwebaudio/.git/config')
mkdir('/tmp/nimble_4743/githubcom_ftsfnimwebaudio/.git/objects/ec', 0x00000000000001ff)
link('/tmp/nimble_4743/githubcom_ftsfnimwebaudio/.git/objects/ec/tmp_obj_iAPI4n', '/tmp/nimble_4743/githubcom_ftsfnimwebaudio/.git/objects/ec/9c96411abe8a7b1a729e2ef8c11f29550dc265')
unlink('/tmp/nimble_4743/githubcom_ftsfnimwebaudio/.git/objects/ec/tmp_obj_iAPI4n')
mkdir('/tmp/nimble_4743/githubcom_ftsfnimwebaudio/.git/objects/c9', 0x00000000000001ff)
link('/tmp/nimble_4743/githubcom_ftsfnimwebaudio/.git/objects/c9/tmp_obj_isXYFo', '/tmp/nimble_4743/githubcom_ftsfnimwebaudio/.git/objects/c9/a5167c0243d340972f417a876d17d6fedb62be')
unlink('/tmp/nimble_4743/githubcom_ftsfnimwebaudio/.git/objects/c9/tmp_obj_isXYFo')
mkdir('/tmp/nimble_4743/githubcom_ftsfnimwebaudio/.git/objects/b0', 0x00000000000001ff)
link('/tmp/nimble_4743/githubcom_ftsfnimwebaudio/.git/objects/b0/tmp_obj_29hu7t', '/tmp/nimble_4743/githubcom_ftsfnimwebaudio/.git/objects/b0/d6663bb0fb38c6b27170ee6a26babc6487efbb')
unlink('/tmp/nimble_4743/githubcom_ftsfnimwebaudio/.git/objects/b0/tmp_obj_29hu7t')
mkdir('/tmp/nimble_4743/githubcom_ftsfnimwebaudio/.git/objects/93', 0x00000000000001ff)
link('/tmp/nimble_4743/githubcom_ftsfnimwebaudio/.git/objects/93/tmp_obj_6TO7kw', '/tmp/nimble_4743/githubcom_ftsfnimwebaudio/.git/objects/93/929bac58b06e0c3d7b624f1fac7b23159821fb')
unlink('/tmp/nimble_4743/githubcom_ftsfnimwebaudio/.git/objects/93/tmp_obj_6TO7kw')
mkdir('/tmp/nimble_4743/githubcom_ftsfnimwebaudio/.git/objects/2c', 0x00000000000001ff)
link('/tmp/nimble_4743/githubcom_ftsfnimwebaudio/.git/objects/2c/tmp_obj_g1D1OB', '/tmp/nimble_4743/githubcom_ftsfnimwebaudio/.git/objects/2c/8dd07c409ae5423020d582afee812920137a17')
unlink('/tmp/nimble_4743/githubcom_ftsfnimwebaudio/.git/objects/2c/tmp_obj_g1D1OB')
mkdir('/tmp/nimble_4743/githubcom_ftsfnimwebaudio/.git/objects/41', 0x00000000000001ff)
link('/tmp/nimble_4743/githubcom_ftsfnimwebaudio/.git/objects/41/tmp_obj_ykbm0D', '/tmp/nimble_4743/githubcom_ftsfnimwebaudio/.git/objects/41/40ea7518b3bf5c67f78b60add62e3b951ee2fe')
unlink('/tmp/nimble_4743/githubcom_ftsfnimwebaudio/.git/objects/41/tmp_obj_ykbm0D')
mkdir('/tmp/nimble_4743/githubcom_ftsfnimwebaudio/.git/objects/ef', 0x00000000000001ff)
link('/tmp/nimble_4743/githubcom_ftsfnimwebaudio/.git/objects/ef/tmp_obj_uI26rD', '/tmp/nimble_4743/githubcom_ftsfnimwebaudio/.git/objects/ef/330e387d09ee214111b4ff511b443902393fae')
unlink('/tmp/nimble_4743/githubcom_ftsfnimwebaudio/.git/objects/ef/tmp_obj_uI26rD')
mkdir('/tmp/nimble_4743/githubcom_ftsfnimwebaudio/.git/objects/6a', 0x00000000000001ff)
link('/tmp/nimble_4743/githubcom_ftsfnimwebaudio/.git/objects/6a/tmp_obj_KsuZhF', '/tmp/nimble_4743/githubcom_ftsfnimwebaudio/.git/objects/6a/8064a1ab625bf39135034516e8319ab1294a13')
unlink('/tmp/nimble_4743/githubcom_ftsfnimwebaudio/.git/objects/6a/tmp_obj_KsuZhF')
mkdir('/tmp/nimble_4743/githubcom_ftsfnimwebaudio/.git/objects/34', 0x00000000000001ff)
link('/tmp/nimble_4743/githubcom_ftsfnimwebaudio/.git/objects/34/tmp_obj_4gPbqK', '/tmp/nimble_4743/githubcom_ftsfnimwebaudio/.git/objects/34/f42f3def74db227ebe1e6ef0fad6b643e6666f')
unlink('/tmp/nimble_4743/githubcom_ftsfnimwebaudio/.git/objects/34/tmp_obj_4gPbqK')
rename('/tmp/nimble_4743/githubcom_ftsfnimwebaudio/.git/shallow.lock', '/tmp/nimble_4743/githubcom_ftsfnimwebaudio/.git/shallow')
rename('/tmp/nimble_4743/githubcom_ftsfnimwebaudio/.git/packed-refs.new', '/tmp/nimble_4743/githubcom_ftsfnimwebaudio/.git/packed-refs')
unlink('/tmp/nimble_4743/githubcom_ftsfnimwebaudio/.git/packed-refs.lock')
mkdir('/tmp/nimble_4743/githubcom_ftsfnimwebaudio/.git/refs/remotes', 0x00000000000001ff)
mkdir('/tmp/nimble_4743/githubcom_ftsfnimwebaudio/.git/refs/remotes/origin', 0x00000000000001ff)
mkdir('/tmp/nimble_4743/githubcom_ftsfnimwebaudio/.git/logs', 0x00000000000001ff)
mkdir('/tmp/nimble_4743/githubcom_ftsfnimwebaudio/.git/logs/refs', 0x00000000000001ff)
mkdir('/tmp/nimble_4743/githubcom_ftsfnimwebaudio/.git/logs/refs/remotes', 0x00000000000001ff)
mkdir('/tmp/nimble_4743/githubcom_ftsfnimwebaudio/.git/logs/refs/remotes/origin', 0x00000000000001ff)
rename('/tmp/nimble_4743/githubcom_ftsfnimwebaudio/.git/refs/remotes/origin/HEAD.lock', '/tmp/nimble_4743/githubcom_ftsfnimwebaudio/.git/refs/remotes/origin/HEAD')
rename('/tmp/nimble_4743/githubcom_ftsfnimwebaudio/.git/HEAD.lock', '/tmp/nimble_4743/githubcom_ftsfnimwebaudio/.git/HEAD')
mkdir('/tmp/nimble_4743/githubcom_ftsfnimwebaudio/.git/logs/refs/heads', 0x00000000000001ff)
rename('/tmp/nimble_4743/githubcom_ftsfnimwebaudio/.git/refs/heads/master.lock', '/tmp/nimble_4743/githubcom_ftsfnimwebaudio/.git/refs/heads/master')
unlink('/tmp/nimble_4743/githubcom_ftsfnimwebaudio/.git/HEAD.lock')
chmod('/tmp/nimble_4743/githubcom_ftsfnimwebaudio/.git/config.lock', 0x00000000000001a4)
rename('/tmp/nimble_4743/githubcom_ftsfnimwebaudio/.git/config.lock', '/tmp/nimble_4743/githubcom_ftsfnimwebaudio/.git/config')
chmod('/tmp/nimble_4743/githubcom_ftsfnimwebaudio/.git/config.lock', 0x00000000000001a4)
rename('/tmp/nimble_4743/githubcom_ftsfnimwebaudio/.git/config.lock', '/tmp/nimble_4743/githubcom_ftsfnimwebaudio/.git/config')  Verifying dependencies for webaudio@0.2.0
 Installing webaudio@0.2.0
    Copying file /tmp/nimble_4743/githubcom_ftsfnimwebaudio/webaudio.nim to /home/runner/.nimble/pkgs/webaudio-0.2.0/webaudio.nim
    Copying file /tmp/nimble_4743/githubcom_ftsfnimwebaudio/webaudio.nimble to /home/runner/.nimble/pkgs/webaudio-0.2.0/webaudio.nimble
   Success: webaudio installed successfully.

mkdir('tests', 0x00000000000001ff)
rename('/tmp/nimble_4743/githubcom_ftsfnimwebaudio/.git/index.lock', '/tmp/nimble_4743/githubcom_ftsfnimwebaudio/.git/index')
mkdir('/tmp', 0x00000000000001ff)
mkdir('/tmp/nimblecache', 0x00000000000001ff)
mkdir('/tmp/nimblecache/webaudio_708818034', 0x00000000000001ff)
unlink('/tmp/nimblecache/webaudio_708818034/webaudio.ini')
unlink('/tmp/nimble_4743.out')
unlink('/tmp/nimble_4743/githubcom_ftsfnimwebaudio/webaudio_4743.nims')
mkdir('/home', 0x00000000000001ff)
mkdir('/home/runner', 0x00000000000001ff)
mkdir('/home/runner/.nimble', 0x00000000000001ff)
mkdir('/home/runner/.nimble/pkgs', 0x00000000000001ff)
mkdir('/home/runner/.nimble/pkgs/webaudio-0.2.0', 0x00000000000001ff)
mkdir('/home', 0x00000000000001ff)
mkdir('/home/runner', 0x00000000000001ff)
mkdir('/home/runner/.nimble', 0x00000000000001ff)
mkdir('/home/runner/.nimble/pkgs', 0x00000000000001ff)
mkdir('/home/runner/.nimble/pkgs/webaudio-0.2.0', 0x00000000000001ff)
chmod('/home/runner/.nimble/pkgs/webaudio-0.2.0/webaudio.nim', 0x00000000000001a4)
chmod('/home/runner/.nimble/pkgs/webaudio-0.2.0/webaudio.nimble', 0x00000000000001a4)
mkdir('/tmp', 0x00000000000001ff)
mkdir('/tmp/nimblecache', 0x00000000000001ff)
mkdir('/tmp/nimblecache/webaudio_1903113935', 0x00000000000001ff)
unlink('/tmp/nimblecache/webaudio_1903113935/webaudio.ini')
unlink('/tmp/nimble_4743.out')
unlink('/home/runner/.nimble/pkgs/webaudio-0.2.0/webaudio_4743.nims')
unlink('/tmp/nimble_4743/githubcom_ftsfnimwebaudio/README.md')
unlink('/tmp/nimble_4743/githubcom_ftsfnimwebaudio/.git/refs/remotes/origin/HEAD')
rmdir('/tmp/nimble_4743/githubcom_ftsfnimwebaudio/.git/refs/remotes/origin')
rmdir('/tmp/nimble_4743/githubcom_ftsfnimwebaudio/.git/refs/remotes')
rmdir('/tmp/nimble_4743/githubcom_ftsfnimwebaudio/.git/refs/tags')
unlink('/tmp/nimble_4743/githubcom_ftsfnimwebaudio/.git/refs/heads/master')
rmdir('/tmp/nimble_4743/githubcom_ftsfnimwebaudio/.git/refs/heads')
rmdir('/tmp/nimble_4743/githubcom_ftsfnimwebaudio/.git/refs')
unlink('/tmp/nimble_4743/githubcom_ftsfnimwebaudio/.git/info/exclude')
rmdir('/tmp/nimble_4743/githubcom_ftsfnimwebaudio/.git/info')
rmdir('/tmp/nimble_4743/githubcom_ftsfnimwebaudio/.git/branches')
unlink('/tmp/nimble_4743/githubcom_ftsfnimwebaudio/.git/logs/refs/remotes/origin/HEAD')
rmdir('/tmp/nimble_4743/githubcom_ftsfnimwebaudio/.git/logs/refs/remotes/origin')
rmdir('/tmp/nimble_4743/githubcom_ftsfnimwebaudio/.git/logs/refs/remotes')
unlink('/tmp/nimble_4743/githubcom_ftsfnimwebaudio/.git/logs/refs/heads/master')
rmdir('/tmp/nimble_4743/githubcom_ftsfnimwebaudio/.git/logs/refs/heads')
rmdir('/tmp/nimble_4743/githubcom_ftsfnimwebaudio/.git/logs/refs')
unlink('/tmp/nimble_4743/githubcom_ftsfnimwebaudio/.git/logs/HEAD')
rmdir('/tmp/nimble_4743/githubcom_ftsfnimwebaudio/.git/logs')
unlink('/tmp/nimble_4743/githubcom_ftsfnimwebaudio/.git/description')
unlink('/tmp/nimble_4743/githubcom_ftsfnimwebaudio/.git/hooks/pre-rebase.sample')
unlink('/tmp/nimble_4743/githubcom_ftsfnimwebaudio/.git/hooks/applypatch-msg.sample')
unlink('/tmp/nimble_4743/githubcom_ftsfnimwebaudio/.git/hooks/pre-push.sample')
unlink('/tmp/nimble_4743/githubcom_ftsfnimwebaudio/.git/hooks/pre-merge-commit.sample')
unlink('/tmp/nimble_4743/githubcom_ftsfnimwebaudio/.git/hooks/pre-receive.sample')
unlink('/tmp/nimble_4743/githubcom_ftsfnimwebaudio/.git/hooks/update.sample')
unlink('/tmp/nimble_4743/githubcom_ftsfnimwebaudio/.git/hooks/pre-commit.sample')
unlink('/tmp/nimble_4743/githubcom_ftsfnimwebaudio/.git/hooks/pre-applypatch.sample')
unlink('/tmp/nimble_4743/githubcom_ftsfnimwebaudio/.git/hooks/commit-msg.sample')
unlink('/tmp/nimble_4743/githubcom_ftsfnimwebaudio/.git/hooks/fsmonitor-watchman.sample')
unlink('/tmp/nimble_4743/githubcom_ftsfnimwebaudio/.git/hooks/prepare-commit-msg.sample')
unlink('/tmp/nimble_4743/githubcom_ftsfnimwebaudio/.git/hooks/post-update.sample')
rmdir('/tmp/nimble_4743/githubcom_ftsfnimwebaudio/.git/hooks')
unlink('/tmp/nimble_4743/githubcom_ftsfnimwebaudio/.git/shallow')
unlink('/tmp/nimble_4743/githubcom_ftsfnimwebaudio/.git/config')
unlink('/tmp/nimble_4743/githubcom_ftsfnimwebaudio/.git/index')
unlink('/tmp/nimble_4743/githubcom_ftsfnimwebaudio/.git/objects/93/929bac58b06e0c3d7b624f1fac7b23159821fb')
rmdir('/tmp/nimble_4743/githubcom_ftsfnimwebaudio/.git/objects/93')
unlink('/tmp/nimble_4743/githubcom_ftsfnimwebaudio/.git/objects/ec/9c96411abe8a7b1a729e2ef8c11f29550dc265')
rmdir('/tmp/nimble_4743/githubcom_ftsfnimwebaudio/.git/objects/ec')
unlink('/tmp/nimble_4743/githubcom_ftsfnimwebaudio/.git/objects/41/40ea7518b3bf5c67f78b60add62e3b951ee2fe')
rmdir('/tmp/nimble_4743/githubcom_ftsfnimwebaudio/.git/objects/41')
rmdir('/tmp/nimble_4743/githubcom_ftsfnimwebaudio/.git/objects/info')
unlink('/tmp/nimble_4743/githubcom_ftsfnimwebaudio/.git/objects/b0/d6663bb0fb38c6b27170ee6a26babc6487efbb')
rmdir('/tmp/nimble_4743/githubcom_ftsfnimwebaudio/.git/objects/b0')
unlink('/tmp/nimble_4743/githubcom_ftsfnimwebaudio/.git/objects/c9/a5167c0243d340972f417a876d17d6fedb62be')
rmdir('/tmp/nimble_4743/githubcom_ftsfnimwebaudio/.git/objects/c9')
unlink('/tmp/nimble_4743/githubcom_ftsfnimwebaudio/.git/objects/ef/330e387d09ee214111b4ff511b443902393fae')
rmdir('/tmp/nimble_4743/githubcom_ftsfnimwebaudio/.git/objects/ef')
unlink('/tmp/nimble_4743/githubcom_ftsfnimwebaudio/.git/objects/34/f42f3def74db227ebe1e6ef0fad6b643e6666f')
rmdir('/tmp/nimble_4743/githubcom_ftsfnimwebaudio/.git/objects/34')
unlink('/tmp/nimble_4743/githubcom_ftsfnimwebaudio/.git/objects/2c/8dd07c409ae5423020d582afee812920137a17')
rmdir('/tmp/nimble_4743/githubcom_ftsfnimwebaudio/.git/objects/2c')
unlink('/tmp/nimble_4743/githubcom_ftsfnimwebaudio/.git/objects/6a/8064a1ab625bf39135034516e8319ab1294a13')
rmdir('/tmp/nimble_4743/githubcom_ftsfnimwebaudio/.git/objects/6a')
rmdir('/tmp/nimble_4743/githubcom_ftsfnimwebaudio/.git/objects/pack')
rmdir('/tmp/nimble_4743/githubcom_ftsfnimwebaudio/.git/objects')
unlink('/tmp/nimble_4743/githubcom_ftsfnimwebaudio/.git/packed-refs')
unlink('/tmp/nimble_4743/githubcom_ftsfnimwebaudio/.git/HEAD')
rmdir('/tmp/nimble_4743/githubcom_ftsfnimwebaudio/.git')
unlink('/tmp/nimble_4743/githubcom_ftsfnimwebaudio/webaudio.nimble')
unlink('/tmp/nimble_4743/githubcom_ftsfnimwebaudio/webaudio.nim')
unlink('/tmp/nimble_4743/githubcom_ftsfnimwebaudio/tests/test.js')
unlink('/tmp/nimble_4743/githubcom_ftsfnimwebaudio/tests/test.nim')
unlink('/tmp/nimble_4743/githubcom_ftsfnimwebaudio/tests/test.html')
rmdir('/tmp/nimble_4743/githubcom_ftsfnimwebaudio/tests')
rmdir('/tmp/nimble_4743/githubcom_ftsfnimwebaudio')
rmdir('/tmp/nimble_4743')
  create directory /tmp
  create directory /tmp/nimble_4743
  create directory /tmp/nimble_4743/githubcom_ftsfnimwebaudio
  delete /tmp/nimble_4743/githubcom_ftsfnimwebaudio
  create directory /tmp/nimble_4743/githubcom_ftsfnimwebaudio
  create directory /tmp/nimble_4743/githubcom_ftsfnimwebaudio/.git
  create directory /tmp/nimble_4743/githubcom_ftsfnimwebaudio/.git
  create directory /tmp/nimble_4743/githubcom_ftsfnimwebaudio/.git/info
  create directory /tmp/nimble_4743/githubcom_ftsfnimwebaudio/.git/branches
  create directory /tmp/nimble_4743/githubcom_ftsfnimwebaudio/.git/hooks
  create directory /tmp/nimble_4743/githubcom_ftsfnimwebaudio/.git/refs
  create directory /tmp/nimble_4743/githubcom_ftsfnimwebaudio/.git/refs/heads
  create directory /tmp/nimble_4743/githubcom_ftsfnimwebaudio/.git/refs/tags
  rename /tmp/nimble_4743/githubcom_ftsfnimwebaudio/.git/HEAD.lock to HEAD
  rename /tmp/nimble_4743/githubcom_ftsfnimwebaudio/.git/config.lock to config
  change permissions of /tmp/nimble_4743/githubcom_ftsfnimwebaudio/.git/config to rwxr--r--
  change permissions of /tmp/nimble_4743/githubcom_ftsfnimwebaudio/.git/config to rw-r--r--
  change permissions of /tmp/nimble_4743/githubcom_ftsfnimwebaudio/.git/config.lock to rw-r--r--
  rename /tmp/nimble_4743/githubcom_ftsfnimwebaudio/.git/config.lock to config
  change permissions of /tmp/nimble_4743/githubcom_ftsfnimwebaudio/.git/config.lock to rw-r--r--
  rename /tmp/nimble_4743/githubcom_ftsfnimwebaudio/.git/config.lock to config
  change permissions of /tmp/nimble_4743/githubcom_ftsfnimwebaudio/.git/config.lock to rw-r--r--
  rename /tmp/nimble_4743/githubcom_ftsfnimwebaudio/.git/config.lock to config
  delete /tmp/nimble_4743/githubcom_ftsfnimwebaudio/.git/tWR5GxA
  create symbolic link from /tmp/nimble_4743/githubcom_ftsfnimwebaudio/.git/tWR5GxA to /home/runner/work/nim_packages_security_audit/nim_packages_security_audit/testing
  delete /tmp/nimble_4743/githubcom_ftsfnimwebaudio/.git/tWR5GxA
  create directory /tmp/nimble_4743/githubcom_ftsfnimwebaudio/.git/objects
  create directory /tmp/nimble_4743/githubcom_ftsfnimwebaudio/.git/objects/pack
  create directory /tmp/nimble_4743/githubcom_ftsfnimwebaudio/.git/objects/info
  change permissions of /tmp/nimble_4743/githubcom_ftsfnimwebaudio/.git/config.lock to rw-r--r--
  rename /tmp/nimble_4743/githubcom_ftsfnimwebaudio/.git/config.lock to config
  change permissions of /tmp/nimble_4743/githubcom_ftsfnimwebaudio/.git/config.lock to rw-r--r--
  rename /tmp/nimble_4743/githubcom_ftsfnimwebaudio/.git/config.lock to config
  change permissions of /tmp/nimble_4743/githubcom_ftsfnimwebaudio/.git/config.lock to rw-r--r--
  rename /tmp/nimble_4743/githubcom_ftsfnimwebaudio/.git/config.lock to config
  create directory /tmp/nimble_4743/githubcom_ftsfnimwebaudio/.git/objects/ec
  create hard link from /tmp/nimble_4743/githubcom_ftsfnimwebaudio/.git/objects/ec/9c96411abe8a7b1a729e2ef8c11f29550dc265 to /tmp/nimble_4743/githubcom_ftsfnimwebaudio/.git/objects/ec/tmp_obj_iAPI4n
  delete /tmp/nimble_4743/githubcom_ftsfnimwebaudio/.git/objects/ec/tmp_obj_iAPI4n
  create directory /tmp/nimble_4743/githubcom_ftsfnimwebaudio/.git/objects/c9
  create hard link from /tmp/nimble_4743/githubcom_ftsfnimwebaudio/.git/objects/c9/a5167c0243d340972f417a876d17d6fedb62be to /tmp/nimble_4743/githubcom_ftsfnimwebaudio/.git/objects/c9/tmp_obj_isXYFo
  delete /tmp/nimble_4743/githubcom_ftsfnimwebaudio/.git/objects/c9/tmp_obj_isXYFo
  create directory /tmp/nimble_4743/githubcom_ftsfnimwebaudio/.git/objects/b0
  create hard link from /tmp/nimble_4743/githubcom_ftsfnimwebaudio/.git/objects/b0/d6663bb0fb38c6b27170ee6a26babc6487efbb to /tmp/nimble_4743/githubcom_ftsfnimwebaudio/.git/objects/b0/tmp_obj_29hu7t
  delete /tmp/nimble_4743/githubcom_ftsfnimwebaudio/.git/objects/b0/tmp_obj_29hu7t
  create directory /tmp/nimble_4743/githubcom_ftsfnimwebaudio/.git/objects/93
  create hard link from /tmp/nimble_4743/githubcom_ftsfnimwebaudio/.git/objects/93/929bac58b06e0c3d7b624f1fac7b23159821fb to /tmp/nimble_4743/githubcom_ftsfnimwebaudio/.git/objects/93/tmp_obj_6TO7kw
  delete /tmp/nimble_4743/githubcom_ftsfnimwebaudio/.git/objects/93/tmp_obj_6TO7kw
  create directory /tmp/nimble_4743/githubcom_ftsfnimwebaudio/.git/objects/2c
  create hard link from /tmp/nimble_4743/githubcom_ftsfnimwebaudio/.git/objects/2c/8dd07c409ae5423020d582afee812920137a17 to /tmp/nimble_4743/githubcom_ftsfnimwebaudio/.git/objects/2c/tmp_obj_g1D1OB
  delete /tmp/nimble_4743/githubcom_ftsfnimwebaudio/.git/objects/2c/tmp_obj_g1D1OB
  create directory /tmp/nimble_4743/githubcom_ftsfnimwebaudio/.git/objects/41
  create hard link from /tmp/nimble_4743/githubcom_ftsfnimwebaudio/.git/objects/41/40ea7518b3bf5c67f78b60add62e3b951ee2fe to /tmp/nimble_4743/githubcom_ftsfnimwebaudio/.git/objects/41/tmp_obj_ykbm0D
  delete /tmp/nimble_4743/githubcom_ftsfnimwebaudio/.git/objects/41/tmp_obj_ykbm0D
  create directory /tmp/nimble_4743/githubcom_ftsfnimwebaudio/.git/objects/ef
  create hard link from /tmp/nimble_4743/githubcom_ftsfnimwebaudio/.git/objects/ef/330e387d09ee214111b4ff511b443902393fae to /tmp/nimble_4743/githubcom_ftsfnimwebaudio/.git/objects/ef/tmp_obj_uI26rD
  delete /tmp/nimble_4743/githubcom_ftsfnimwebaudio/.git/objects/ef/tmp_obj_uI26rD
  create directory /tmp/nimble_4743/githubcom_ftsfnimwebaudio/.git/objects/6a
  create hard link from /tmp/nimble_4743/githubcom_ftsfnimwebaudio/.git/objects/6a/8064a1ab625bf39135034516e8319ab1294a13 to /tmp/nimble_4743/githubcom_ftsfnimwebaudio/.git/objects/6a/tmp_obj_KsuZhF
  delete /tmp/nimble_4743/githubcom_ftsfnimwebaudio/.git/objects/6a/tmp_obj_KsuZhF
  create directory /tmp/nimble_4743/githubcom_ftsfnimwebaudio/.git/objects/34
  create hard link from /tmp/nimble_4743/githubcom_ftsfnimwebaudio/.git/objects/34/f42f3def74db227ebe1e6ef0fad6b643e6666f to /tmp/nimble_4743/githubcom_ftsfnimwebaudio/.git/objects/34/tmp_obj_4gPbqK
  delete /tmp/nimble_4743/githubcom_ftsfnimwebaudio/.git/objects/34/tmp_obj_4gPbqK
  rename /tmp/nimble_4743/githubcom_ftsfnimwebaudio/.git/shallow.lock to shallow
  rename /tmp/nimble_4743/githubcom_ftsfnimwebaudio/.git/packed-refs.new to packed-refs
  delete /tmp/nimble_4743/githubcom_ftsfnimwebaudio/.git/packed-refs.lock
  create directory /tmp/nimble_4743/githubcom_ftsfnimwebaudio/.git/refs/remotes
  create directory /tmp/nimble_4743/githubcom_ftsfnimwebaudio/.git/refs/remotes/origin
  create directory /tmp/nimble_4743/githubcom_ftsfnimwebaudio/.git/logs
  create directory /tmp/nimble_4743/githubcom_ftsfnimwebaudio/.git/logs/refs
  create directory /tmp/nimble_4743/githubcom_ftsfnimwebaudio/.git/logs/refs/remotes
  create directory /tmp/nimble_4743/githubcom_ftsfnimwebaudio/.git/logs/refs/remotes/origin
  rename /tmp/nimble_4743/githubcom_ftsfnimwebaudio/.git/refs/remotes/origin/HEAD.lock to HEAD
  rename /tmp/nimble_4743/githubcom_ftsfnimwebaudio/.git/HEAD.lock to HEAD
  create directory /tmp/nimble_4743/githubcom_ftsfnimwebaudio/.git/logs/refs/heads
  rename /tmp/nimble_4743/githubcom_ftsfnimwebaudio/.git/refs/heads/master.lock to master
  delete /tmp/nimble_4743/githubcom_ftsfnimwebaudio/.git/HEAD.lock
  change permissions of /tmp/nimble_4743/githubcom_ftsfnimwebaudio/.git/config.lock to rw-r--r--
  rename /tmp/nimble_4743/githubcom_ftsfnimwebaudio/.git/config.lock to config
  change permissions of /tmp/nimble_4743/githubcom_ftsfnimwebaudio/.git/config.lock to rw-r--r--
  rename /tmp/nimble_4743/githubcom_ftsfnimwebaudio/.git/config.lock to config
  create directory /tmp/nimble_4743/githubcom_ftsfnimwebaudio/tests
  rename /tmp/nimble_4743/githubcom_ftsfnimwebaudio/.git/index.lock to index
  create directory /tmp
  create directory /tmp/nimblecache
  create directory /tmp/nimblecache/webaudio_708818034
  delete /tmp/nimblecache/webaudio_708818034/webaudio.ini
  delete /tmp/nimble_4743.out
  delete /tmp/nimble_4743/githubcom_ftsfnimwebaudio/webaudio_4743.nims
  create directory /home
  create directory /home/runner
  create directory /home/runner/.nimble
  create directory /home/runner/.nimble/pkgs
  create directory /home/runner/.nimble/pkgs/webaudio-0.2.0
  create directory /home
  create directory /home/runner
  create directory /home/runner/.nimble
  create directory /home/runner/.nimble/pkgs
  create directory /home/runner/.nimble/pkgs/webaudio-0.2.0
  change permissions of /home/runner/.nimble/pkgs/webaudio-0.2.0/webaudio.nim to rw-r--r--
  change permissions of /home/runner/.nimble/pkgs/webaudio-0.2.0/webaudio.nimble to rw-r--r--
  create directory /tmp
  create directory /tmp/nimblecache
  create directory /tmp/nimblecache/webaudio_1903113935
  delete /tmp/nimblecache/webaudio_1903113935/webaudio.ini
  delete /tmp/nimble_4743.out
  delete /home/runner/.nimble/pkgs/webaudio-0.2.0/webaudio_4743.nims
  delete /tmp/nimble_4743/githubcom_ftsfnimwebaudio/README.md
  delete /tmp/nimble_4743/githubcom_ftsfnimwebaudio/.git/refs/remotes/origin/HEAD
  delete /tmp/nimble_4743/githubcom_ftsfnimwebaudio/.git/refs/remotes/origin
  delete /tmp/nimble_4743/githubcom_ftsfnimwebaudio/.git/refs/remotes
  delete /tmp/nimble_4743/githubcom_ftsfnimwebaudio/.git/refs/tags
  delete /tmp/nimble_4743/githubcom_ftsfnimwebaudio/.git/refs/heads/master
  delete /tmp/nimble_4743/githubcom_ftsfnimwebaudio/.git/refs/heads
  delete /tmp/nimble_4743/githubcom_ftsfnimwebaudio/.git/refs
  delete /tmp/nimble_4743/githubcom_ftsfnimwebaudio/.git/info/exclude
  delete /tmp/nimble_4743/githubcom_ftsfnimwebaudio/.git/info
  delete /tmp/nimble_4743/githubcom_ftsfnimwebaudio/.git/branches
  delete /tmp/nimble_4743/githubcom_ftsfnimwebaudio/.git/logs/refs/remotes/origin/HEAD
  delete /tmp/nimble_4743/githubcom_ftsfnimwebaudio/.git/logs/refs/remotes/origin
  delete /tmp/nimble_4743/githubcom_ftsfnimwebaudio/.git/logs/refs/remotes
  delete /tmp/nimble_4743/githubcom_ftsfnimwebaudio/.git/logs/refs/heads/master
  delete /tmp/nimble_4743/githubcom_ftsfnimwebaudio/.git/logs/refs/heads
  delete /tmp/nimble_4743/githubcom_ftsfnimwebaudio/.git/logs/refs
  delete /tmp/nimble_4743/githubcom_ftsfnimwebaudio/.git/logs/HEAD
  delete /tmp/nimble_4743/githubcom_ftsfnimwebaudio/.git/logs
  delete /tmp/nimble_4743/githubcom_ftsfnimwebaudio/.git/description
  delete /tmp/nimble_4743/githubcom_ftsfnimwebaudio/.git/hooks/pre-rebase.sample
  delete /tmp/nimble_4743/githubcom_ftsfnimwebaudio/.git/hooks/applypatch-msg.sample
  delete /tmp/nimble_4743/githubcom_ftsfnimwebaudio/.git/hooks/pre-push.sample
  delete /tmp/nimble_4743/githubcom_ftsfnimwebaudio/.git/hooks/pre-merge-commit.sample
  delete /tmp/nimble_4743/githubcom_ftsfnimwebaudio/.git/hooks/pre-receive.sample
  delete /tmp/nimble_4743/githubcom_ftsfnimwebaudio/.git/hooks/update.sample
  delete /tmp/nimble_4743/githubcom_ftsfnimwebaudio/.git/hooks/pre-commit.sample
  delete /tmp/nimble_4743/githubcom_ftsfnimwebaudio/.git/hooks/pre-applypatch.sample
  delete /tmp/nimble_4743/githubcom_ftsfnimwebaudio/.git/hooks/commit-msg.sample
  delete /tmp/nimble_4743/githubcom_ftsfnimwebaudio/.git/hooks/fsmonitor-watchman.sample
  delete /tmp/nimble_4743/githubcom_ftsfnimwebaudio/.git/hooks/prepare-commit-msg.sample
  delete /tmp/nimble_4743/githubcom_ftsfnimwebaudio/.git/hooks/post-update.sample
  delete /tmp/nimble_4743/githubcom_ftsfnimwebaudio/.git/hooks
  delete /tmp/nimble_4743/githubcom_ftsfnimwebaudio/.git/shallow
  delete /tmp/nimble_4743/githubcom_ftsfnimwebaudio/.git/config
  delete /tmp/nimble_4743/githubcom_ftsfnimwebaudio/.git/index
  delete /tmp/nimble_4743/githubcom_ftsfnimwebaudio/.git/objects/93/929bac58b06e0c3d7b624f1fac7b23159821fb
  delete /tmp/nimble_4743/githubcom_ftsfnimwebaudio/.git/objects/93
  delete /tmp/nimble_4743/githubcom_ftsfnimwebaudio/.git/objects/ec/9c96411abe8a7b1a729e2ef8c11f29550dc265
  delete /tmp/nimble_4743/githubcom_ftsfnimwebaudio/.git/objects/ec
  delete /tmp/nimble_4743/githubcom_ftsfnimwebaudio/.git/objects/41/40ea7518b3bf5c67f78b60add62e3b951ee2fe
  delete /tmp/nimble_4743/githubcom_ftsfnimwebaudio/.git/objects/41
  delete /tmp/nimble_4743/githubcom_ftsfnimwebaudio/.git/objects/info
  delete /tmp/nimble_4743/githubcom_ftsfnimwebaudio/.git/objects/b0/d6663bb0fb38c6b27170ee6a26babc6487efbb
  delete /tmp/nimble_4743/githubcom_ftsfnimwebaudio/.git/objects/b0
  delete /tmp/nimble_4743/githubcom_ftsfnimwebaudio/.git/objects/c9/a5167c0243d340972f417a876d17d6fedb62be
  delete /tmp/nimble_4743/githubcom_ftsfnimwebaudio/.git/objects/c9
  delete /tmp/nimble_4743/githubcom_ftsfnimwebaudio/.git/objects/ef/330e387d09ee214111b4ff511b443902393fae
  delete /tmp/nimble_4743/githubcom_ftsfnimwebaudio/.git/objects/ef
  delete /tmp/nimble_4743/githubcom_ftsfnimwebaudio/.git/objects/34/f42f3def74db227ebe1e6ef0fad6b643e6666f
  delete /tmp/nimble_4743/githubcom_ftsfnimwebaudio/.git/objects/34
  delete /tmp/nimble_4743/githubcom_ftsfnimwebaudio/.git/objects/2c/8dd07c409ae5423020d582afee812920137a17
  delete /tmp/nimble_4743/githubcom_ftsfnimwebaudio/.git/objects/2c
  delete /tmp/nimble_4743/githubcom_ftsfnimwebaudio/.git/objects/6a/8064a1ab625bf39135034516e8319ab1294a13
  delete /tmp/nimble_4743/githubcom_ftsfnimwebaudio/.git/objects/6a
  delete /tmp/nimble_4743/githubcom_ftsfnimwebaudio/.git/objects/pack
  delete /tmp/nimble_4743/githubcom_ftsfnimwebaudio/.git/objects
  delete /tmp/nimble_4743/githubcom_ftsfnimwebaudio/.git/packed-refs
  delete /tmp/nimble_4743/githubcom_ftsfnimwebaudio/.git/HEAD
  delete /tmp/nimble_4743/githubcom_ftsfnimwebaudio/.git
  delete /tmp/nimble_4743/githubcom_ftsfnimwebaudio/webaudio.nimble
  delete /tmp/nimble_4743/githubcom_ftsfnimwebaudio/webaudio.nim
  delete /tmp/nimble_4743/githubcom_ftsfnimwebaudio/tests/test.js
  delete /tmp/nimble_4743/githubcom_ftsfnimwebaudio/tests/test.nim
  delete /tmp/nimble_4743/githubcom_ftsfnimwebaudio/tests/test.html
  delete /tmp/nimble_4743/githubcom_ftsfnimwebaudio/tests
  delete /tmp/nimble_4743/githubcom_ftsfnimwebaudio
  delete /tmp/nimble_4743
