    Reading official package list
Downloading https://github.com/stisa/webgl using git
    Cloning latest tagged version: 0.2.1
mkdir('/tmp', 0x00000000000001ff)
mkdir('/tmp/nimble_4263', 0x00000000000001ff)
mkdir('/tmp/nimble_4263/githubcom_stisawebgl', 0x00000000000001ff)
rmdir('/tmp/nimble_4263/githubcom_stisawebgl')
mkdir('/tmp/nimble_4263/githubcom_stisawebgl', 0x00000000000001ff)
mkdir('/tmp/nimble_4263/githubcom_stisawebgl/.git', 0x00000000000001ff)
mkdir('/tmp/nimble_4263/githubcom_stisawebgl/.git/', 0x00000000000001ff)
mkdir('/tmp/nimble_4263/githubcom_stisawebgl/.git/info/', 0x00000000000001ff)
mkdir('/tmp/nimble_4263/githubcom_stisawebgl/.git/hooks/', 0x00000000000001ff)
mkdir('/tmp/nimble_4263/githubcom_stisawebgl/.git/branches/', 0x00000000000001ff)
mkdir('/tmp/nimble_4263/githubcom_stisawebgl/.git/refs', 0x00000000000001ff)
mkdir('/tmp/nimble_4263/githubcom_stisawebgl/.git/refs/heads', 0x00000000000001ff)
mkdir('/tmp/nimble_4263/githubcom_stisawebgl/.git/refs/tags', 0x00000000000001ff)
rename('/tmp/nimble_4263/githubcom_stisawebgl/.git/HEAD.lock', '/tmp/nimble_4263/githubcom_stisawebgl/.git/HEAD')
rename('/tmp/nimble_4263/githubcom_stisawebgl/.git/config.lock', '/tmp/nimble_4263/githubcom_stisawebgl/.git/config')
chmod('/tmp/nimble_4263/githubcom_stisawebgl/.git/config', 0x00000000000081e4)
chmod('/tmp/nimble_4263/githubcom_stisawebgl/.git/config', 0x00000000000081a4)
chmod('/tmp/nimble_4263/githubcom_stisawebgl/.git/config.lock', 0x00000000000001a4)
rename('/tmp/nimble_4263/githubcom_stisawebgl/.git/config.lock', '/tmp/nimble_4263/githubcom_stisawebgl/.git/config')
chmod('/tmp/nimble_4263/githubcom_stisawebgl/.git/config.lock', 0x00000000000001a4)
rename('/tmp/nimble_4263/githubcom_stisawebgl/.git/config.lock', '/tmp/nimble_4263/githubcom_stisawebgl/.git/config')
chmod('/tmp/nimble_4263/githubcom_stisawebgl/.git/config.lock', 0x00000000000001a4)
rename('/tmp/nimble_4263/githubcom_stisawebgl/.git/config.lock', '/tmp/nimble_4263/githubcom_stisawebgl/.git/config')
unlink('/tmp/nimble_4263/githubcom_stisawebgl/.git/th1RkCI')
symlink('testing', '/tmp/nimble_4263/githubcom_stisawebgl/.git/th1RkCI')
unlink('/tmp/nimble_4263/githubcom_stisawebgl/.git/th1RkCI')
mkdir('/tmp/nimble_4263/githubcom_stisawebgl/.git/objects', 0x00000000000001ff)
mkdir('/tmp/nimble_4263/githubcom_stisawebgl/.git/objects/pack', 0x00000000000001ff)
mkdir('/tmp/nimble_4263/githubcom_stisawebgl/.git/objects/info', 0x00000000000001ff)
chmod('/tmp/nimble_4263/githubcom_stisawebgl/.git/config.lock', 0x00000000000001a4)
rename('/tmp/nimble_4263/githubcom_stisawebgl/.git/config.lock', '/tmp/nimble_4263/githubcom_stisawebgl/.git/config')
chmod('/tmp/nimble_4263/githubcom_stisawebgl/.git/config.lock', 0x00000000000001a4)
rename('/tmp/nimble_4263/githubcom_stisawebgl/.git/config.lock', '/tmp/nimble_4263/githubcom_stisawebgl/.git/config')
chmod('/tmp/nimble_4263/githubcom_stisawebgl/.git/config.lock', 0x00000000000001a4)
rename('/tmp/nimble_4263/githubcom_stisawebgl/.git/config.lock', '/tmp/nimble_4263/githubcom_stisawebgl/.git/config')
chmod('/tmp/nimble_4263/githubcom_stisawebgl/.git/config.lock', 0x00000000000001a4)
rename('/tmp/nimble_4263/githubcom_stisawebgl/.git/config.lock', '/tmp/nimble_4263/githubcom_stisawebgl/.git/config')
mkdir('/tmp/nimble_4263/githubcom_stisawebgl/.git/objects/18', 0x00000000000001ff)
link('/tmp/nimble_4263/githubcom_stisawebgl/.git/objects/18/tmp_obj_Erylsk', '/tmp/nimble_4263/githubcom_stisawebgl/.git/objects/18/ef9a0ce37824779e6cf2c2c6a9ba72b4c120f5')
unlink('/tmp/nimble_4263/githubcom_stisawebgl/.git/objects/18/tmp_obj_Erylsk')
mkdir('/tmp/nimble_4263/githubcom_stisawebgl/.git/objects/7c', 0x00000000000001ff)
link('/tmp/nimble_4263/githubcom_stisawebgl/.git/objects/7c/tmp_obj_GylFaq', '/tmp/nimble_4263/githubcom_stisawebgl/.git/objects/7c/1d32fabc072066e931cda29c16a61faeff11a2')
unlink('/tmp/nimble_4263/githubcom_stisawebgl/.git/objects/7c/tmp_obj_GylFaq')
mkdir('/tmp/nimble_4263/githubcom_stisawebgl/.git/objects/f9', 0x00000000000001ff)
link('/tmp/nimble_4263/githubcom_stisawebgl/.git/objects/f9/tmp_obj_EhHW7t', '/tmp/nimble_4263/githubcom_stisawebgl/.git/objects/f9/ea98cd6d0a9135e123fe264c2a71b097ab874c')
unlink('/tmp/nimble_4263/githubcom_stisawebgl/.git/objects/f9/tmp_obj_EhHW7t')
mkdir('/tmp/nimble_4263/githubcom_stisawebgl/.git/objects/97', 0x00000000000001ff)
link('/tmp/nimble_4263/githubcom_stisawebgl/.git/objects/97/tmp_obj_aQqRBv', '/tmp/nimble_4263/githubcom_stisawebgl/.git/objects/97/136d35b644d2a2e90ad8c5f508d1bdcf5cf39e')
unlink('/tmp/nimble_4263/githubcom_stisawebgl/.git/objects/97/tmp_obj_aQqRBv')
mkdir('/tmp/nimble_4263/githubcom_stisawebgl/.git/objects/c0', 0x00000000000001ff)
link('/tmp/nimble_4263/githubcom_stisawebgl/.git/objects/c0/tmp_obj_21q3bC', '/tmp/nimble_4263/githubcom_stisawebgl/.git/objects/c0/a85d10ae18b66dce0d7019edbb485e58a7be24')
unlink('/tmp/nimble_4263/githubcom_stisawebgl/.git/objects/c0/tmp_obj_21q3bC')
mkdir('/tmp/nimble_4263/githubcom_stisawebgl/.git/objects/e9', 0x00000000000001ff)
link('/tmp/nimble_4263/githubcom_stisawebgl/.git/objects/e9/tmp_obj_IFsJTC', '/tmp/nimble_4263/githubcom_stisawebgl/.git/objects/e9/e4f4d97b9e58809e9f601ad4549c18a34663de')
unlink('/tmp/nimble_4263/githubcom_stisawebgl/.git/objects/e9/tmp_obj_IFsJTC')
mkdir('/tmp/nimble_4263/githubcom_stisawebgl/.git/objects/8a', 0x00000000000001ff)
link('/tmp/nimble_4263/githubcom_stisawebgl/.git/objects/8a/tmp_obj_MJNBUH', '/tmp/nimble_4263/githubcom_stisawebgl/.git/objects/8a/41b623fce45d3303f11d8d0e7bcb3d774bd4f5')
unlink('/tmp/nimble_4263/githubcom_stisawebgl/.git/objects/8a/tmp_obj_MJNBUH')
mkdir('/tmp/nimble_4263/githubcom_stisawebgl/.git/objects/e8', 0x00000000000001ff)
link('/tmp/nimble_4263/githubcom_stisawebgl/.git/objects/e8/tmp_obj_0oD9EN', '/tmp/nimble_4263/githubcom_stisawebgl/.git/objects/e8/d47b015870f8d1c9faacf240ec950ff3b6ba4d')
unlink('/tmp/nimble_4263/githubcom_stisawebgl/.git/objects/e8/tmp_obj_0oD9EN')
mkdir('/tmp/nimble_4263/githubcom_stisawebgl/.git/objects/76', 0x00000000000001ff)
link('/tmp/nimble_4263/githubcom_stisawebgl/.git/objects/76/tmp_obj_uCok2O', '/tmp/nimble_4263/githubcom_stisawebgl/.git/objects/76/ffe323a2a305345efb56dd83ed8d5e68427291')
unlink('/tmp/nimble_4263/githubcom_stisawebgl/.git/objects/76/tmp_obj_uCok2O')
mkdir('/tmp/nimble_4263/githubcom_stisawebgl/.git/objects/24', 0x00000000000001ff)
link('/tmp/nimble_4263/githubcom_stisawebgl/.git/objects/24/tmp_obj_wPecOR', '/tmp/nimble_4263/githubcom_stisawebgl/.git/objects/24/3df3b06ce213721bfa5f79bde923b6ee287b0b')
unlink('/tmp/nimble_4263/githubcom_stisawebgl/.git/objects/24/tmp_obj_wPecOR')
mkdir('/tmp/nimble_4263/githubcom_stisawebgl/.git/objects/71', 0x00000000000001ff)
link('/tmp/nimble_4263/githubcom_stisawebgl/.git/objects/71/tmp_obj_8OW9QQ', '/tmp/nimble_4263/githubcom_stisawebgl/.git/objects/71/4e5404ed374156c25176e00dd97bb1ec669f4a')
unlink('/tmp/nimble_4263/githubcom_stisawebgl/.git/objects/71/tmp_obj_8OW9QQ')
mkdir('/tmp/nimble_4263/githubcom_stisawebgl/.git/objects/01', 0x00000000000001ff)
link('/tmp/nimble_4263/githubcom_stisawebgl/.git/objects/01/tmp_obj_gPmkVT', '/tmp/nimble_4263/githubcom_stisawebgl/.git/objects/01/f7cc7e18a5ced3168b87b7c606ecd2bdb143e0')
unlink('/tmp/nimble_4263/githubcom_stisawebgl/.git/objects/01/tmp_obj_gPmkVT')
mkdir('/tmp/nimble_4263/githubcom_stisawebgl/.git/objects/df', 0x00000000000001ff)
link('/tmp/nimble_4263/githubcom_stisawebgl/.git/objects/df/tmp_obj_2ZdP7V', '/tmp/nimble_4263/githubcom_stisawebgl/.git/objects/df/38e896b7099b9625c0a5fe8928f4fed13b30fe')
unlink('/tmp/nimble_4263/githubcom_stisawebgl/.git/objects/df/tmp_obj_2ZdP7V')
link('/tmp/nimble_4263/githubcom_stisawebgl/.git/objects/97/tmp_obj_qcSRU1', '/tmp/nimble_4263/githubcom_stisawebgl/.git/objects/97/01698ae71c696e3b8367d56d694a855f6ebb7b')
unlink('/tmp/nimble_4263/githubcom_stisawebgl/.git/objects/97/tmp_obj_qcSRU1')
mkdir('/tmp/nimble_4263/githubcom_stisawebgl/.git/objects/bb', 0x00000000000001ff)
link('/tmp/nimble_4263/githubcom_stisawebgl/.git/objects/bb/tmp_obj_2pxGd6', '/tmp/nimble_4263/githubcom_stisawebgl/.git/objects/bb/8ec35540d8d7104b5f5d62578729780130ddc0')
unlink('/tmp/nimble_4263/githubcom_stisawebgl/.git/objects/bb/tmp_obj_2pxGd6')
mkdir('/tmp/nimble_4263/githubcom_stisawebgl/.git/objects/d6', 0x00000000000001ff)
link('/tmp/nimble_4263/githubcom_stisawebgl/.git/objects/d6/tmp_obj_G2u0qa', '/tmp/nimble_4263/githubcom_stisawebgl/.git/objects/d6/2a0d6dda84e84894a87012239c9594a0c49d6f')
unlink('/tmp/nimble_4263/githubcom_stisawebgl/.git/objects/d6/tmp_obj_G2u0qa')
mkdir('/tmp/nimble_4263/githubcom_stisawebgl/.git/objects/1c', 0x00000000000001ff)
link('/tmp/nimble_4263/githubcom_stisawebgl/.git/objects/1c/tmp_obj_qOvqjc', '/tmp/nimble_4263/githubcom_stisawebgl/.git/objects/1c/8874ae5676364ce1a17057b9bc19eaa1e0703b')
unlink('/tmp/nimble_4263/githubcom_stisawebgl/.git/objects/1c/tmp_obj_qOvqjc')
mkdir('/tmp/nimble_4263/githubcom_stisawebgl/.git/objects/7d', 0x00000000000001ff)
link('/tmp/nimble_4263/githubcom_stisawebgl/.git/objects/7d/tmp_obj_wRplCk', '/tmp/nimble_4263/githubcom_stisawebgl/.git/objects/7d/836f8eb2515d2ef06787975d20ee8947a5c956')
unlink('/tmp/nimble_4263/githubcom_stisawebgl/.git/objects/7d/tmp_obj_wRplCk')
mkdir('/tmp/nimble_4263/githubcom_stisawebgl/.git/objects/66', 0x00000000000001ff)
link('/tmp/nimble_4263/githubcom_stisawebgl/.git/objects/66/tmp_obj_Rdas3f', '/tmp/nimble_4263/githubcom_stisawebgl/.git/objects/66/13750960d27fd2d8210ddd20c1cca854257582')
unlink('/tmp/nimble_4263/githubcom_stisawebgl/.git/objects/66/tmp_obj_Rdas3f')
mkdir('/tmp/nimble_4263/githubcom_stisawebgl/.git/objects/74', 0x00000000000001ff)
link('/tmp/nimble_4263/githubcom_stisawebgl/.git/objects/74/tmp_obj_P6AZMk', '/tmp/nimble_4263/githubcom_stisawebgl/.git/objects/74/b098e2022e957ed37b24df5e031a15ec2d21f8')
unlink('/tmp/nimble_4263/githubcom_stisawebgl/.git/objects/74/tmp_obj_P6AZMk')
mkdir('/tmp/nimble_4263/githubcom_stisawebgl/.git/objects/00', 0x00000000000001ff)
link('/tmp/nimble_4263/githubcom_stisawebgl/.git/objects/00/tmp_obj_jkmqqq', '/tmp/nimble_4263/githubcom_stisawebgl/.git/objects/00/5b63cc50297529586f028d8e0cfc88e4bb6167')
unlink('/tmp/nimble_4263/githubcom_stisawebgl/.git/objects/00/tmp_obj_jkmqqq')
mkdir('/tmp/nimble_4263/githubcom_stisawebgl/.git/objects/85', 0x00000000000001ff)
link('/tmp/nimble_4263/githubcom_stisawebgl/.git/objects/85/tmp_obj_77qYft', '/tmp/nimble_4263/githubcom_stisawebgl/.git/objects/85/1099779b1719d67afb444e45c99ae2c68c9eac')
unlink('/tmp/nimble_4263/githubcom_stisawebgl/.git/objects/85/tmp_obj_77qYft')
mkdir('/tmp/nimble_4263/githubcom_stisawebgl/.git/objects/7e', 0x00000000000001ff)
link('/tmp/nimble_4263/githubcom_stisawebgl/.git/objects/7e/tmp_obj_lJyi2x', '/tmp/nimble_4263/githubcom_stisawebgl/.git/objects/7e/3b8fe5b70a1356d11fba886afbe8dfa704f606')
unlink('/tmp/nimble_4263/githubcom_stisawebgl/.git/objects/7e/tmp_obj_lJyi2x')
mkdir('/tmp/nimble_4263/githubcom_stisawebgl/.git/objects/6a', 0x00000000000001ff)
link('/tmp/nimble_4263/githubcom_stisawebgl/.git/objects/6a/tmp_obj_1W8OsC', '/tmp/nimble_4263/githubcom_stisawebgl/.git/objects/6a/b862e6693856261fc8b465ee591822521d2066')
unlink('/tmp/nimble_4263/githubcom_stisawebgl/.git/objects/6a/tmp_obj_1W8OsC')
mkdir('/tmp/nimble_4263/githubcom_stisawebgl/.git/objects/78', 0x00000000000001ff)
link('/tmp/nimble_4263/githubcom_stisawebgl/.git/objects/78/tmp_obj_v4QzUI', '/tmp/nimble_4263/githubcom_stisawebgl/.git/objects/78/537ef45b0e6513da1766e0ac5c45ce58961818')
unlink('/tmp/nimble_4263/githubcom_stisawebgl/.git/objects/78/tmp_obj_v4QzUI')
mkdir('/tmp/nimble_4263/githubcom_stisawebgl/.git/objects/b7', 0x00000000000001ff)
link('/tmp/nimble_4263/githubcom_stisawebgl/.git/objects/b7/tmp_obj_1s71HM', '/tmp/nimble_4263/githubcom_stisawebgl/.git/objects/b7/23737deca8f9c663ea7b5efc66de80582ab0cd')
unlink('/tmp/nimble_4263/githubcom_stisawebgl/.git/objects/b7/tmp_obj_1s71HM')
mkdir('/tmp/nimble_4263/githubcom_stisawebgl/.git/objects/2e', 0x00000000000001ff)
link('/tmp/nimble_4263/githubcom_stisawebgl/.git/objects/2e/tmp_obj_PaXfmZ', '/tmp/nimble_4263/githubcom_stisawebgl/.git/objects/2e/0dea7498d2fb4d84f2c4236df13699b41893df')
unlink('/tmp/nimble_4263/githubcom_stisawebgl/.git/objects/2e/tmp_obj_PaXfmZ')
mkdir('/tmp/nimble_4263/githubcom_stisawebgl/.git/objects/ea', 0x00000000000001ff)
link('/tmp/nimble_4263/githubcom_stisawebgl/.git/objects/ea/tmp_obj_98WcP3', '/tmp/nimble_4263/githubcom_stisawebgl/.git/objects/ea/cffe310a644d710f84e528f0faef2342bf024a')
unlink('/tmp/nimble_4263/githubcom_stisawebgl/.git/objects/ea/tmp_obj_98WcP3')
link('/tmp/nimble_4263/githubcom_stisawebgl/.git/objects/76/tmp_obj_NBTeG5', '/tmp/nimble_4263/githubcom_stisawebgl/.git/objects/76/62e3ab1a90f2efc109853e380f5ab8615da20e')
unlink('/tmp/nimble_4263/githubcom_stisawebgl/.git/objects/76/tmp_obj_NBTeG5')
link('/tmp/nimble_4263/githubcom_stisawebgl/.git/objects/7e/tmp_obj_DgZbL8', '/tmp/nimble_4263/githubcom_stisawebgl/.git/objects/7e/a2cbd8c66dd7ca40ab2e307d71bd9b684af00c')
unlink('/tmp/nimble_4263/githubcom_stisawebgl/.git/objects/7e/tmp_obj_DgZbL8')
mkdir('/tmp/nimble_4263/githubcom_stisawebgl/.git/objects/70', 0x00000000000001ff)
link('/tmp/nimble_4263/githubcom_stisawebgl/.git/objects/70/tmp_obj_hBhP8c', '/tmp/nimble_4263/githubcom_stisawebgl/.git/objects/70/01f280953fd2c5638369f73277b0c739bfb62c')
unlink('/tmp/nimble_4263/githubcom_stisawebgl/.git/objects/70/tmp_obj_hBhP8c')
mkdir('/tmp/nimble_4263/githubcom_stisawebgl/.git/objects/81', 0x00000000000001ff)
link('/tmp/nimble_4263/githubcom_stisawebgl/.git/objects/81/tmp_obj_BvBtMe', '/tmp/nimble_4263/githubcom_stisawebgl/.git/objects/81/af3f08c2c0f03177776e60731e8f8a2ed43a0f')
unlink('/tmp/nimble_4263/githubcom_stisawebgl/.git/objects/81/tmp_obj_BvBtMe')
mkdir('/tmp/nimble_4263/githubcom_stisawebgl/.git/objects/61', 0x00000000000001ff)
link('/tmp/nimble_4263/githubcom_stisawebgl/.git/objects/61/tmp_obj_pj2yDk', '/tmp/nimble_4263/githubcom_stisawebgl/.git/objects/61/28e2bb276aab3b71f2e7be3ff292407c2a8480')
unlink('/tmp/nimble_4263/githubcom_stisawebgl/.git/objects/61/tmp_obj_pj2yDk')
mkdir('/tmp/nimble_4263/githubcom_stisawebgl/.git/objects/52', 0x00000000000001ff)
link('/tmp/nimble_4263/githubcom_stisawebgl/.git/objects/52/tmp_obj_a5k2we', '/tmp/nimble_4263/githubcom_stisawebgl/.git/objects/52/30848eaea89fde42fca86263507b95f11eb6eb')
unlink('/tmp/nimble_4263/githubcom_stisawebgl/.git/objects/52/tmp_obj_a5k2we')
mkdir('/tmp/nimble_4263/githubcom_stisawebgl/.git/objects/27', 0x00000000000001ff)
link('/tmp/nimble_4263/githubcom_stisawebgl/.git/objects/27/tmp_obj_60Dg9g', '/tmp/nimble_4263/githubcom_stisawebgl/.git/objects/27/ed35017069d7931b2d5a650183eac688cb0e86')
unlink('/tmp/nimble_4263/githubcom_stisawebgl/.git/objects/27/tmp_obj_60Dg9g')
mkdir('/tmp/nimble_4263/githubcom_stisawebgl/.git/objects/c7', 0x00000000000001ff)
link('/tmp/nimble_4263/githubcom_stisawebgl/.git/objects/c7/tmp_obj_mtsnih', '/tmp/nimble_4263/githubcom_stisawebgl/.git/objects/c7/7d726937097be9ab2dba35fe6c234e37c07a91')
unlink('/tmp/nimble_4263/githubcom_stisawebgl/.git/objects/c7/tmp_obj_mtsnih')
mkdir('/tmp/nimble_4263/githubcom_stisawebgl/.git/objects/1d', 0x00000000000001ff)
link('/tmp/nimble_4263/githubcom_stisawebgl/.git/objects/1d/tmp_obj_UMphUj', '/tmp/nimble_4263/githubcom_stisawebgl/.git/objects/1d/2f31e83f9483dc2169ab077934caedeadbe4ea')
unlink('/tmp/nimble_4263/githubcom_stisawebgl/.git/objects/1d/tmp_obj_UMphUj')
mkdir('/tmp/nimble_4263/githubcom_stisawebgl/.git/objects/cb', 0x00000000000001ff)
link('/tmp/nimble_4263/githubcom_stisawebgl/.git/objects/cb/tmp_obj_AuxDKm', '/tmp/nimble_4263/githubcom_stisawebgl/.git/objects/cb/920dbf9e845789befb488185a6fc7b73e5d0a8')
unlink('/tmp/nimble_4263/githubcom_stisawebgl/.git/objects/cb/tmp_obj_AuxDKm')
rename('/tmp/nimble_4263/githubcom_stisawebgl/.git/shallow.lock', '/tmp/nimble_4263/githubcom_stisawebgl/.git/shallow')
rename('/tmp/nimble_4263/githubcom_stisawebgl/.git/packed-refs.new', '/tmp/nimble_4263/githubcom_stisawebgl/.git/packed-refs')
unlink('/tmp/nimble_4263/githubcom_stisawebgl/.git/packed-refs.lock')
unlink('/tmp/nimble_4263/githubcom_stisawebgl/.git/refs/tags/0.2.1.lock')
mkdir('/tmp/nimble_4263/githubcom_stisawebgl/.git/logs', 0x00000000000001ff)
rename('/tmp/nimble_4263/githubcom_stisawebgl/.git/HEAD.lock', '/tmp/nimble_4263/githubcom_stisawebgl/.git/HEAD')
mkdir('docs', 0x00000000000001ff)
mkdir('docs/examples', 0x00000000000001ff)
mkdir('docs/webgl', 0x00000000000001ff)
mkdir('examples', 0x00000000000001ff)
mkdir('oldwrapper', 0x00000000000001ff)
mkdir('src', 0x00000000000001ff)
mkdir('src/webgl', 0x00000000000001ff)
mkdir('templates', 0x00000000000001ff)
rename('/tmp/nimble_4263/githubcom_stisawebgl/.git/index.lock', '/tmp/nimble_4263/githubcom_stisawebgl/.git/index')       Info /tmp/nimble_4263/githubcom_stisawebgl/webgl_4263.nims(19, 8) Warning: import os.nim instead; ospaths is deprecated [Deprecated]
  Verifying dependencies for webgl@0.2.1
 Installing webgl@0.2.1
    Copying file /tmp/nimble_4263/githubcom_stisawebgl/src/webgl/enums.nim to /home/runner/.nimble/pkgs/webgl-0.2.1/webgl/enums.nim
    Copying file /tmp/nimble_4263/githubcom_stisawebgl/src/webgl/consts.nim to /home/runner/.nimble/pkgs/webgl-0.2.1/webgl/consts.nim
    Copying file /tmp/nimble_4263/githubcom_stisawebgl/src/webgl.nim to /home/runner/.nimble/pkgs/webgl-0.2.1/webgl.nim
    Copying file /tmp/nimble_4263/githubcom_stisawebgl/webgl.nimble to /home/runner/.nimble/pkgs/webgl-0.2.1/webgl.nimble
   Success: webgl installed successfully.
       Info /home/runner/.nimble/pkgs/webgl-0.2.1/webgl_4263.nims(19, 8) Warning: import os.nim instead; ospaths is deprecated [Deprecated]

mkdir('/tmp', 0x00000000000001ff)
mkdir('/tmp/nimblecache', 0x00000000000001ff)
mkdir('/tmp/nimblecache/webgl_166909967', 0x00000000000001ff)
unlink('/tmp/nimblecache/webgl_166909967/webgl.ini')
unlink('/tmp/nimble_4263.out')
unlink('/tmp/nimble_4263/githubcom_stisawebgl/webgl_4263.nims')
mkdir('/home', 0x00000000000001ff)
mkdir('/home/runner', 0x00000000000001ff)
mkdir('/home/runner/.nimble', 0x00000000000001ff)
mkdir('/home/runner/.nimble/pkgs', 0x00000000000001ff)
mkdir('/home/runner/.nimble/pkgs/webgl-0.2.1', 0x00000000000001ff)
mkdir('/home', 0x00000000000001ff)
mkdir('/home/runner', 0x00000000000001ff)
mkdir('/home/runner/.nimble', 0x00000000000001ff)
mkdir('/home/runner/.nimble/pkgs', 0x00000000000001ff)
mkdir('/home/runner/.nimble/pkgs/webgl-0.2.1', 0x00000000000001ff)
mkdir('/home/runner/.nimble/pkgs/webgl-0.2.1/webgl', 0x00000000000001ff)
chmod('/home/runner/.nimble/pkgs/webgl-0.2.1/webgl/enums.nim', 0x00000000000001a4)
mkdir('/home', 0x00000000000001ff)
mkdir('/home/runner', 0x00000000000001ff)
mkdir('/home/runner/.nimble', 0x00000000000001ff)
mkdir('/home/runner/.nimble/pkgs', 0x00000000000001ff)
mkdir('/home/runner/.nimble/pkgs/webgl-0.2.1', 0x00000000000001ff)
mkdir('/home/runner/.nimble/pkgs/webgl-0.2.1/webgl', 0x00000000000001ff)
chmod('/home/runner/.nimble/pkgs/webgl-0.2.1/webgl/consts.nim', 0x00000000000001a4)
mkdir('/home', 0x00000000000001ff)
mkdir('/home/runner', 0x00000000000001ff)
mkdir('/home/runner/.nimble', 0x00000000000001ff)
mkdir('/home/runner/.nimble/pkgs', 0x00000000000001ff)
mkdir('/home/runner/.nimble/pkgs/webgl-0.2.1', 0x00000000000001ff)
chmod('/home/runner/.nimble/pkgs/webgl-0.2.1/webgl.nim', 0x00000000000001a4)
chmod('/home/runner/.nimble/pkgs/webgl-0.2.1/webgl.nimble', 0x00000000000001a4)
mkdir('/tmp', 0x00000000000001ff)
mkdir('/tmp/nimblecache', 0x00000000000001ff)
mkdir('/tmp/nimblecache/webgl_965580704', 0x00000000000001ff)
unlink('/tmp/nimblecache/webgl_965580704/webgl.ini')
unlink('/tmp/nimble_4263.out')
unlink('/home/runner/.nimble/pkgs/webgl-0.2.1/webgl_4263.nims')
unlink('/tmp/nimble_4263/githubcom_stisawebgl/LICENSE')
unlink('/tmp/nimble_4263/githubcom_stisawebgl/webgl.nimble')
unlink('/tmp/nimble_4263/githubcom_stisawebgl/templates/templ_index.html')
unlink('/tmp/nimble_4263/githubcom_stisawebgl/templates/templ_li.html')
unlink('/tmp/nimble_4263/githubcom_stisawebgl/templates/templ_entry.html')
rmdir('/tmp/nimble_4263/githubcom_stisawebgl/templates')
unlink('/tmp/nimble_4263/githubcom_stisawebgl/src/webgl/enums.nim')
unlink('/tmp/nimble_4263/githubcom_stisawebgl/src/webgl/consts.nim')
rmdir('/tmp/nimble_4263/githubcom_stisawebgl/src/webgl')
unlink('/tmp/nimble_4263/githubcom_stisawebgl/src/webgl.nim')
rmdir('/tmp/nimble_4263/githubcom_stisawebgl/src')
unlink('/tmp/nimble_4263/githubcom_stisawebgl/docs/webgl/enums.html')
unlink('/tmp/nimble_4263/githubcom_stisawebgl/docs/webgl/consts.html')
rmdir('/tmp/nimble_4263/githubcom_stisawebgl/docs/webgl')
unlink('/tmp/nimble_4263/githubcom_stisawebgl/docs/examples/ex2.js')
unlink('/tmp/nimble_4263/githubcom_stisawebgl/docs/examples/ex3.js')
unlink('/tmp/nimble_4263/githubcom_stisawebgl/docs/examples/ex4.html')
unlink('/tmp/nimble_4263/githubcom_stisawebgl/docs/examples/ex1.html')
unlink('/tmp/nimble_4263/githubcom_stisawebgl/docs/examples/ex4.js')
unlink('/tmp/nimble_4263/githubcom_stisawebgl/docs/examples/ex2.html')
unlink('/tmp/nimble_4263/githubcom_stisawebgl/docs/examples/ex3.html')
unlink('/tmp/nimble_4263/githubcom_stisawebgl/docs/examples/ex1.js')
rmdir('/tmp/nimble_4263/githubcom_stisawebgl/docs/examples')
unlink('/tmp/nimble_4263/githubcom_stisawebgl/docs/webgl.html')
unlink('/tmp/nimble_4263/githubcom_stisawebgl/docs/index.html')
rmdir('/tmp/nimble_4263/githubcom_stisawebgl/docs')
unlink('/tmp/nimble_4263/githubcom_stisawebgl/.gitignore')
unlink('/tmp/nimble_4263/githubcom_stisawebgl/examples/ex1.nim')
unlink('/tmp/nimble_4263/githubcom_stisawebgl/examples/ex2.nim')
unlink('/tmp/nimble_4263/githubcom_stisawebgl/examples/ex3.nim')
unlink('/tmp/nimble_4263/githubcom_stisawebgl/examples/ex4.nim')
rmdir('/tmp/nimble_4263/githubcom_stisawebgl/examples')
unlink('/tmp/nimble_4263/githubcom_stisawebgl/oldwrapper/webgl.nim')
unlink('/tmp/nimble_4263/githubcom_stisawebgl/oldwrapper/webglconsts.nim')
rmdir('/tmp/nimble_4263/githubcom_stisawebgl/oldwrapper')
unlink('/tmp/nimble_4263/githubcom_stisawebgl/README.md')
unlink('/tmp/nimble_4263/githubcom_stisawebgl/.git/index')
unlink('/tmp/nimble_4263/githubcom_stisawebgl/.git/packed-refs')
unlink('/tmp/nimble_4263/githubcom_stisawebgl/.git/description')
unlink('/tmp/nimble_4263/githubcom_stisawebgl/.git/logs/HEAD')
rmdir('/tmp/nimble_4263/githubcom_stisawebgl/.git/logs')
unlink('/tmp/nimble_4263/githubcom_stisawebgl/.git/info/exclude')
rmdir('/tmp/nimble_4263/githubcom_stisawebgl/.git/info')
unlink('/tmp/nimble_4263/githubcom_stisawebgl/.git/hooks/pre-rebase.sample')
unlink('/tmp/nimble_4263/githubcom_stisawebgl/.git/hooks/pre-merge-commit.sample')
unlink('/tmp/nimble_4263/githubcom_stisawebgl/.git/hooks/applypatch-msg.sample')
unlink('/tmp/nimble_4263/githubcom_stisawebgl/.git/hooks/pre-receive.sample')
unlink('/tmp/nimble_4263/githubcom_stisawebgl/.git/hooks/pre-push.sample')
unlink('/tmp/nimble_4263/githubcom_stisawebgl/.git/hooks/prepare-commit-msg.sample')
unlink('/tmp/nimble_4263/githubcom_stisawebgl/.git/hooks/commit-msg.sample')
unlink('/tmp/nimble_4263/githubcom_stisawebgl/.git/hooks/pre-applypatch.sample')
unlink('/tmp/nimble_4263/githubcom_stisawebgl/.git/hooks/fsmonitor-watchman.sample')
unlink('/tmp/nimble_4263/githubcom_stisawebgl/.git/hooks/pre-commit.sample')
unlink('/tmp/nimble_4263/githubcom_stisawebgl/.git/hooks/post-update.sample')
unlink('/tmp/nimble_4263/githubcom_stisawebgl/.git/hooks/update.sample')
rmdir('/tmp/nimble_4263/githubcom_stisawebgl/.git/hooks')
unlink('/tmp/nimble_4263/githubcom_stisawebgl/.git/shallow')
rmdir('/tmp/nimble_4263/githubcom_stisawebgl/.git/branches')
unlink('/tmp/nimble_4263/githubcom_stisawebgl/.git/objects/52/30848eaea89fde42fca86263507b95f11eb6eb')
rmdir('/tmp/nimble_4263/githubcom_stisawebgl/.git/objects/52')
unlink('/tmp/nimble_4263/githubcom_stisawebgl/.git/objects/8a/41b623fce45d3303f11d8d0e7bcb3d774bd4f5')
rmdir('/tmp/nimble_4263/githubcom_stisawebgl/.git/objects/8a')
unlink('/tmp/nimble_4263/githubcom_stisawebgl/.git/objects/7c/1d32fabc072066e931cda29c16a61faeff11a2')
rmdir('/tmp/nimble_4263/githubcom_stisawebgl/.git/objects/7c')
unlink('/tmp/nimble_4263/githubcom_stisawebgl/.git/objects/27/ed35017069d7931b2d5a650183eac688cb0e86')
rmdir('/tmp/nimble_4263/githubcom_stisawebgl/.git/objects/27')
unlink('/tmp/nimble_4263/githubcom_stisawebgl/.git/objects/f9/ea98cd6d0a9135e123fe264c2a71b097ab874c')
rmdir('/tmp/nimble_4263/githubcom_stisawebgl/.git/objects/f9')
rmdir('/tmp/nimble_4263/githubcom_stisawebgl/.git/objects/pack')
unlink('/tmp/nimble_4263/githubcom_stisawebgl/.git/objects/85/1099779b1719d67afb444e45c99ae2c68c9eac')
rmdir('/tmp/nimble_4263/githubcom_stisawebgl/.git/objects/85')
unlink('/tmp/nimble_4263/githubcom_stisawebgl/.git/objects/b7/23737deca8f9c663ea7b5efc66de80582ab0cd')
rmdir('/tmp/nimble_4263/githubcom_stisawebgl/.git/objects/b7')
unlink('/tmp/nimble_4263/githubcom_stisawebgl/.git/objects/1c/8874ae5676364ce1a17057b9bc19eaa1e0703b')
rmdir('/tmp/nimble_4263/githubcom_stisawebgl/.git/objects/1c')
unlink('/tmp/nimble_4263/githubcom_stisawebgl/.git/objects/70/01f280953fd2c5638369f73277b0c739bfb62c')
rmdir('/tmp/nimble_4263/githubcom_stisawebgl/.git/objects/70')
unlink('/tmp/nimble_4263/githubcom_stisawebgl/.git/objects/6a/b862e6693856261fc8b465ee591822521d2066')
rmdir('/tmp/nimble_4263/githubcom_stisawebgl/.git/objects/6a')
unlink('/tmp/nimble_4263/githubcom_stisawebgl/.git/objects/74/b098e2022e957ed37b24df5e031a15ec2d21f8')
rmdir('/tmp/nimble_4263/githubcom_stisawebgl/.git/objects/74')
unlink('/tmp/nimble_4263/githubcom_stisawebgl/.git/objects/81/af3f08c2c0f03177776e60731e8f8a2ed43a0f')
rmdir('/tmp/nimble_4263/githubcom_stisawebgl/.git/objects/81')
rmdir('/tmp/nimble_4263/githubcom_stisawebgl/.git/objects/info')
unlink('/tmp/nimble_4263/githubcom_stisawebgl/.git/objects/76/ffe323a2a305345efb56dd83ed8d5e68427291')
unlink('/tmp/nimble_4263/githubcom_stisawebgl/.git/objects/76/62e3ab1a90f2efc109853e380f5ab8615da20e')
rmdir('/tmp/nimble_4263/githubcom_stisawebgl/.git/objects/76')
unlink('/tmp/nimble_4263/githubcom_stisawebgl/.git/objects/d6/2a0d6dda84e84894a87012239c9594a0c49d6f')
rmdir('/tmp/nimble_4263/githubcom_stisawebgl/.git/objects/d6')
unlink('/tmp/nimble_4263/githubcom_stisawebgl/.git/objects/1d/2f31e83f9483dc2169ab077934caedeadbe4ea')
rmdir('/tmp/nimble_4263/githubcom_stisawebgl/.git/objects/1d')
unlink('/tmp/nimble_4263/githubcom_stisawebgl/.git/objects/71/4e5404ed374156c25176e00dd97bb1ec669f4a')
rmdir('/tmp/nimble_4263/githubcom_stisawebgl/.git/objects/71')
unlink('/tmp/nimble_4263/githubcom_stisawebgl/.git/objects/ea/cffe310a644d710f84e528f0faef2342bf024a')
rmdir('/tmp/nimble_4263/githubcom_stisawebgl/.git/objects/ea')
unlink('/tmp/nimble_4263/githubcom_stisawebgl/.git/objects/c0/a85d10ae18b66dce0d7019edbb485e58a7be24')
rmdir('/tmp/nimble_4263/githubcom_stisawebgl/.git/objects/c0')
unlink('/tmp/nimble_4263/githubcom_stisawebgl/.git/objects/e8/d47b015870f8d1c9faacf240ec950ff3b6ba4d')
rmdir('/tmp/nimble_4263/githubcom_stisawebgl/.git/objects/e8')
unlink('/tmp/nimble_4263/githubcom_stisawebgl/.git/objects/61/28e2bb276aab3b71f2e7be3ff292407c2a8480')
rmdir('/tmp/nimble_4263/githubcom_stisawebgl/.git/objects/61')
unlink('/tmp/nimble_4263/githubcom_stisawebgl/.git/objects/e9/e4f4d97b9e58809e9f601ad4549c18a34663de')
rmdir('/tmp/nimble_4263/githubcom_stisawebgl/.git/objects/e9')
unlink('/tmp/nimble_4263/githubcom_stisawebgl/.git/objects/78/537ef45b0e6513da1766e0ac5c45ce58961818')
rmdir('/tmp/nimble_4263/githubcom_stisawebgl/.git/objects/78')
unlink('/tmp/nimble_4263/githubcom_stisawebgl/.git/objects/df/38e896b7099b9625c0a5fe8928f4fed13b30fe')
rmdir('/tmp/nimble_4263/githubcom_stisawebgl/.git/objects/df')
unlink('/tmp/nimble_4263/githubcom_stisawebgl/.git/objects/66/13750960d27fd2d8210ddd20c1cca854257582')
rmdir('/tmp/nimble_4263/githubcom_stisawebgl/.git/objects/66')
unlink('/tmp/nimble_4263/githubcom_stisawebgl/.git/objects/18/ef9a0ce37824779e6cf2c2c6a9ba72b4c120f5')
rmdir('/tmp/nimble_4263/githubcom_stisawebgl/.git/objects/18')
unlink('/tmp/nimble_4263/githubcom_stisawebgl/.git/objects/bb/8ec35540d8d7104b5f5d62578729780130ddc0')
rmdir('/tmp/nimble_4263/githubcom_stisawebgl/.git/objects/bb')
unlink('/tmp/nimble_4263/githubcom_stisawebgl/.git/objects/7e/a2cbd8c66dd7ca40ab2e307d71bd9b684af00c')
unlink('/tmp/nimble_4263/githubcom_stisawebgl/.git/objects/7e/3b8fe5b70a1356d11fba886afbe8dfa704f606')
rmdir('/tmp/nimble_4263/githubcom_stisawebgl/.git/objects/7e')
unlink('/tmp/nimble_4263/githubcom_stisawebgl/.git/objects/7d/836f8eb2515d2ef06787975d20ee8947a5c956')
rmdir('/tmp/nimble_4263/githubcom_stisawebgl/.git/objects/7d')
unlink('/tmp/nimble_4263/githubcom_stisawebgl/.git/objects/2e/0dea7498d2fb4d84f2c4236df13699b41893df')
rmdir('/tmp/nimble_4263/githubcom_stisawebgl/.git/objects/2e')
unlink('/tmp/nimble_4263/githubcom_stisawebgl/.git/objects/cb/920dbf9e845789befb488185a6fc7b73e5d0a8')
rmdir('/tmp/nimble_4263/githubcom_stisawebgl/.git/objects/cb')
unlink('/tmp/nimble_4263/githubcom_stisawebgl/.git/objects/c7/7d726937097be9ab2dba35fe6c234e37c07a91')
rmdir('/tmp/nimble_4263/githubcom_stisawebgl/.git/objects/c7')
unlink('/tmp/nimble_4263/githubcom_stisawebgl/.git/objects/00/5b63cc50297529586f028d8e0cfc88e4bb6167')
rmdir('/tmp/nimble_4263/githubcom_stisawebgl/.git/objects/00')
unlink('/tmp/nimble_4263/githubcom_stisawebgl/.git/objects/24/3df3b06ce213721bfa5f79bde923b6ee287b0b')
rmdir('/tmp/nimble_4263/githubcom_stisawebgl/.git/objects/24')
unlink('/tmp/nimble_4263/githubcom_stisawebgl/.git/objects/97/136d35b644d2a2e90ad8c5f508d1bdcf5cf39e')
unlink('/tmp/nimble_4263/githubcom_stisawebgl/.git/objects/97/01698ae71c696e3b8367d56d694a855f6ebb7b')
rmdir('/tmp/nimble_4263/githubcom_stisawebgl/.git/objects/97')
unlink('/tmp/nimble_4263/githubcom_stisawebgl/.git/objects/01/f7cc7e18a5ced3168b87b7c606ecd2bdb143e0')
rmdir('/tmp/nimble_4263/githubcom_stisawebgl/.git/objects/01')
rmdir('/tmp/nimble_4263/githubcom_stisawebgl/.git/objects')
unlink('/tmp/nimble_4263/githubcom_stisawebgl/.git/config')
unlink('/tmp/nimble_4263/githubcom_stisawebgl/.git/HEAD')
rmdir('/tmp/nimble_4263/githubcom_stisawebgl/.git/refs/heads')
rmdir('/tmp/nimble_4263/githubcom_stisawebgl/.git/refs/tags')
rmdir('/tmp/nimble_4263/githubcom_stisawebgl/.git/refs')
rmdir('/tmp/nimble_4263/githubcom_stisawebgl/.git')
rmdir('/tmp/nimble_4263/githubcom_stisawebgl')
rmdir('/tmp/nimble_4263')
  create directory /tmp
  create directory /tmp/nimble_4263
  create directory /tmp/nimble_4263/githubcom_stisawebgl
  delete /tmp/nimble_4263/githubcom_stisawebgl
  create directory /tmp/nimble_4263/githubcom_stisawebgl
  create directory /tmp/nimble_4263/githubcom_stisawebgl/.git
  create directory /tmp/nimble_4263/githubcom_stisawebgl/.git
  create directory /tmp/nimble_4263/githubcom_stisawebgl/.git/info
  create directory /tmp/nimble_4263/githubcom_stisawebgl/.git/hooks
  create directory /tmp/nimble_4263/githubcom_stisawebgl/.git/branches
  create directory /tmp/nimble_4263/githubcom_stisawebgl/.git/refs
  create directory /tmp/nimble_4263/githubcom_stisawebgl/.git/refs/heads
  create directory /tmp/nimble_4263/githubcom_stisawebgl/.git/refs/tags
  rename /tmp/nimble_4263/githubcom_stisawebgl/.git/HEAD.lock to HEAD
  rename /tmp/nimble_4263/githubcom_stisawebgl/.git/config.lock to config
  change permissions of /tmp/nimble_4263/githubcom_stisawebgl/.git/config to rwxr--r--
  change permissions of /tmp/nimble_4263/githubcom_stisawebgl/.git/config to rw-r--r--
  change permissions of /tmp/nimble_4263/githubcom_stisawebgl/.git/config.lock to rw-r--r--
  rename /tmp/nimble_4263/githubcom_stisawebgl/.git/config.lock to config
  change permissions of /tmp/nimble_4263/githubcom_stisawebgl/.git/config.lock to rw-r--r--
  rename /tmp/nimble_4263/githubcom_stisawebgl/.git/config.lock to config
  change permissions of /tmp/nimble_4263/githubcom_stisawebgl/.git/config.lock to rw-r--r--
  rename /tmp/nimble_4263/githubcom_stisawebgl/.git/config.lock to config
  delete /tmp/nimble_4263/githubcom_stisawebgl/.git/th1RkCI
  create symbolic link from /tmp/nimble_4263/githubcom_stisawebgl/.git/th1RkCI to /home/runner/work/nim_packages_security_audit/nim_packages_security_audit/testing
  delete /tmp/nimble_4263/githubcom_stisawebgl/.git/th1RkCI
  create directory /tmp/nimble_4263/githubcom_stisawebgl/.git/objects
  create directory /tmp/nimble_4263/githubcom_stisawebgl/.git/objects/pack
  create directory /tmp/nimble_4263/githubcom_stisawebgl/.git/objects/info
  change permissions of /tmp/nimble_4263/githubcom_stisawebgl/.git/config.lock to rw-r--r--
  rename /tmp/nimble_4263/githubcom_stisawebgl/.git/config.lock to config
  change permissions of /tmp/nimble_4263/githubcom_stisawebgl/.git/config.lock to rw-r--r--
  rename /tmp/nimble_4263/githubcom_stisawebgl/.git/config.lock to config
  change permissions of /tmp/nimble_4263/githubcom_stisawebgl/.git/config.lock to rw-r--r--
  rename /tmp/nimble_4263/githubcom_stisawebgl/.git/config.lock to config
  change permissions of /tmp/nimble_4263/githubcom_stisawebgl/.git/config.lock to rw-r--r--
  rename /tmp/nimble_4263/githubcom_stisawebgl/.git/config.lock to config
  create directory /tmp/nimble_4263/githubcom_stisawebgl/.git/objects/18
  create hard link from /tmp/nimble_4263/githubcom_stisawebgl/.git/objects/18/ef9a0ce37824779e6cf2c2c6a9ba72b4c120f5 to /tmp/nimble_4263/githubcom_stisawebgl/.git/objects/18/tmp_obj_Erylsk
  delete /tmp/nimble_4263/githubcom_stisawebgl/.git/objects/18/tmp_obj_Erylsk
  create directory /tmp/nimble_4263/githubcom_stisawebgl/.git/objects/7c
  create hard link from /tmp/nimble_4263/githubcom_stisawebgl/.git/objects/7c/1d32fabc072066e931cda29c16a61faeff11a2 to /tmp/nimble_4263/githubcom_stisawebgl/.git/objects/7c/tmp_obj_GylFaq
  delete /tmp/nimble_4263/githubcom_stisawebgl/.git/objects/7c/tmp_obj_GylFaq
  create directory /tmp/nimble_4263/githubcom_stisawebgl/.git/objects/f9
  create hard link from /tmp/nimble_4263/githubcom_stisawebgl/.git/objects/f9/ea98cd6d0a9135e123fe264c2a71b097ab874c to /tmp/nimble_4263/githubcom_stisawebgl/.git/objects/f9/tmp_obj_EhHW7t
  delete /tmp/nimble_4263/githubcom_stisawebgl/.git/objects/f9/tmp_obj_EhHW7t
  create directory /tmp/nimble_4263/githubcom_stisawebgl/.git/objects/97
  create hard link from /tmp/nimble_4263/githubcom_stisawebgl/.git/objects/97/136d35b644d2a2e90ad8c5f508d1bdcf5cf39e to /tmp/nimble_4263/githubcom_stisawebgl/.git/objects/97/tmp_obj_aQqRBv
  delete /tmp/nimble_4263/githubcom_stisawebgl/.git/objects/97/tmp_obj_aQqRBv
  create directory /tmp/nimble_4263/githubcom_stisawebgl/.git/objects/c0
  create hard link from /tmp/nimble_4263/githubcom_stisawebgl/.git/objects/c0/a85d10ae18b66dce0d7019edbb485e58a7be24 to /tmp/nimble_4263/githubcom_stisawebgl/.git/objects/c0/tmp_obj_21q3bC
  delete /tmp/nimble_4263/githubcom_stisawebgl/.git/objects/c0/tmp_obj_21q3bC
  create directory /tmp/nimble_4263/githubcom_stisawebgl/.git/objects/e9
  create hard link from /tmp/nimble_4263/githubcom_stisawebgl/.git/objects/e9/e4f4d97b9e58809e9f601ad4549c18a34663de to /tmp/nimble_4263/githubcom_stisawebgl/.git/objects/e9/tmp_obj_IFsJTC
  delete /tmp/nimble_4263/githubcom_stisawebgl/.git/objects/e9/tmp_obj_IFsJTC
  create directory /tmp/nimble_4263/githubcom_stisawebgl/.git/objects/8a
  create hard link from /tmp/nimble_4263/githubcom_stisawebgl/.git/objects/8a/41b623fce45d3303f11d8d0e7bcb3d774bd4f5 to /tmp/nimble_4263/githubcom_stisawebgl/.git/objects/8a/tmp_obj_MJNBUH
  delete /tmp/nimble_4263/githubcom_stisawebgl/.git/objects/8a/tmp_obj_MJNBUH
  create directory /tmp/nimble_4263/githubcom_stisawebgl/.git/objects/e8
  create hard link from /tmp/nimble_4263/githubcom_stisawebgl/.git/objects/e8/d47b015870f8d1c9faacf240ec950ff3b6ba4d to /tmp/nimble_4263/githubcom_stisawebgl/.git/objects/e8/tmp_obj_0oD9EN
  delete /tmp/nimble_4263/githubcom_stisawebgl/.git/objects/e8/tmp_obj_0oD9EN
  create directory /tmp/nimble_4263/githubcom_stisawebgl/.git/objects/76
  create hard link from /tmp/nimble_4263/githubcom_stisawebgl/.git/objects/76/ffe323a2a305345efb56dd83ed8d5e68427291 to /tmp/nimble_4263/githubcom_stisawebgl/.git/objects/76/tmp_obj_uCok2O
  delete /tmp/nimble_4263/githubcom_stisawebgl/.git/objects/76/tmp_obj_uCok2O
  create directory /tmp/nimble_4263/githubcom_stisawebgl/.git/objects/24
  create hard link from /tmp/nimble_4263/githubcom_stisawebgl/.git/objects/24/3df3b06ce213721bfa5f79bde923b6ee287b0b to /tmp/nimble_4263/githubcom_stisawebgl/.git/objects/24/tmp_obj_wPecOR
  delete /tmp/nimble_4263/githubcom_stisawebgl/.git/objects/24/tmp_obj_wPecOR
  create directory /tmp/nimble_4263/githubcom_stisawebgl/.git/objects/71
  create hard link from /tmp/nimble_4263/githubcom_stisawebgl/.git/objects/71/4e5404ed374156c25176e00dd97bb1ec669f4a to /tmp/nimble_4263/githubcom_stisawebgl/.git/objects/71/tmp_obj_8OW9QQ
  delete /tmp/nimble_4263/githubcom_stisawebgl/.git/objects/71/tmp_obj_8OW9QQ
  create directory /tmp/nimble_4263/githubcom_stisawebgl/.git/objects/01
  create hard link from /tmp/nimble_4263/githubcom_stisawebgl/.git/objects/01/f7cc7e18a5ced3168b87b7c606ecd2bdb143e0 to /tmp/nimble_4263/githubcom_stisawebgl/.git/objects/01/tmp_obj_gPmkVT
  delete /tmp/nimble_4263/githubcom_stisawebgl/.git/objects/01/tmp_obj_gPmkVT
  create directory /tmp/nimble_4263/githubcom_stisawebgl/.git/objects/df
  create hard link from /tmp/nimble_4263/githubcom_stisawebgl/.git/objects/df/38e896b7099b9625c0a5fe8928f4fed13b30fe to /tmp/nimble_4263/githubcom_stisawebgl/.git/objects/df/tmp_obj_2ZdP7V
  delete /tmp/nimble_4263/githubcom_stisawebgl/.git/objects/df/tmp_obj_2ZdP7V
  create hard link from /tmp/nimble_4263/githubcom_stisawebgl/.git/objects/97/01698ae71c696e3b8367d56d694a855f6ebb7b to /tmp/nimble_4263/githubcom_stisawebgl/.git/objects/97/tmp_obj_qcSRU1
  delete /tmp/nimble_4263/githubcom_stisawebgl/.git/objects/97/tmp_obj_qcSRU1
  create directory /tmp/nimble_4263/githubcom_stisawebgl/.git/objects/bb
  create hard link from /tmp/nimble_4263/githubcom_stisawebgl/.git/objects/bb/8ec35540d8d7104b5f5d62578729780130ddc0 to /tmp/nimble_4263/githubcom_stisawebgl/.git/objects/bb/tmp_obj_2pxGd6
  delete /tmp/nimble_4263/githubcom_stisawebgl/.git/objects/bb/tmp_obj_2pxGd6
  create directory /tmp/nimble_4263/githubcom_stisawebgl/.git/objects/d6
  create hard link from /tmp/nimble_4263/githubcom_stisawebgl/.git/objects/d6/2a0d6dda84e84894a87012239c9594a0c49d6f to /tmp/nimble_4263/githubcom_stisawebgl/.git/objects/d6/tmp_obj_G2u0qa
  delete /tmp/nimble_4263/githubcom_stisawebgl/.git/objects/d6/tmp_obj_G2u0qa
  create directory /tmp/nimble_4263/githubcom_stisawebgl/.git/objects/1c
  create hard link from /tmp/nimble_4263/githubcom_stisawebgl/.git/objects/1c/8874ae5676364ce1a17057b9bc19eaa1e0703b to /tmp/nimble_4263/githubcom_stisawebgl/.git/objects/1c/tmp_obj_qOvqjc
  delete /tmp/nimble_4263/githubcom_stisawebgl/.git/objects/1c/tmp_obj_qOvqjc
  create directory /tmp/nimble_4263/githubcom_stisawebgl/.git/objects/7d
  create hard link from /tmp/nimble_4263/githubcom_stisawebgl/.git/objects/7d/836f8eb2515d2ef06787975d20ee8947a5c956 to /tmp/nimble_4263/githubcom_stisawebgl/.git/objects/7d/tmp_obj_wRplCk
  delete /tmp/nimble_4263/githubcom_stisawebgl/.git/objects/7d/tmp_obj_wRplCk
  create directory /tmp/nimble_4263/githubcom_stisawebgl/.git/objects/66
  create hard link from /tmp/nimble_4263/githubcom_stisawebgl/.git/objects/66/13750960d27fd2d8210ddd20c1cca854257582 to /tmp/nimble_4263/githubcom_stisawebgl/.git/objects/66/tmp_obj_Rdas3f
  delete /tmp/nimble_4263/githubcom_stisawebgl/.git/objects/66/tmp_obj_Rdas3f
  create directory /tmp/nimble_4263/githubcom_stisawebgl/.git/objects/74
  create hard link from /tmp/nimble_4263/githubcom_stisawebgl/.git/objects/74/b098e2022e957ed37b24df5e031a15ec2d21f8 to /tmp/nimble_4263/githubcom_stisawebgl/.git/objects/74/tmp_obj_P6AZMk
  delete /tmp/nimble_4263/githubcom_stisawebgl/.git/objects/74/tmp_obj_P6AZMk
  create directory /tmp/nimble_4263/githubcom_stisawebgl/.git/objects/00
  create hard link from /tmp/nimble_4263/githubcom_stisawebgl/.git/objects/00/5b63cc50297529586f028d8e0cfc88e4bb6167 to /tmp/nimble_4263/githubcom_stisawebgl/.git/objects/00/tmp_obj_jkmqqq
  delete /tmp/nimble_4263/githubcom_stisawebgl/.git/objects/00/tmp_obj_jkmqqq
  create directory /tmp/nimble_4263/githubcom_stisawebgl/.git/objects/85
  create hard link from /tmp/nimble_4263/githubcom_stisawebgl/.git/objects/85/1099779b1719d67afb444e45c99ae2c68c9eac to /tmp/nimble_4263/githubcom_stisawebgl/.git/objects/85/tmp_obj_77qYft
  delete /tmp/nimble_4263/githubcom_stisawebgl/.git/objects/85/tmp_obj_77qYft
  create directory /tmp/nimble_4263/githubcom_stisawebgl/.git/objects/7e
  create hard link from /tmp/nimble_4263/githubcom_stisawebgl/.git/objects/7e/3b8fe5b70a1356d11fba886afbe8dfa704f606 to /tmp/nimble_4263/githubcom_stisawebgl/.git/objects/7e/tmp_obj_lJyi2x
  delete /tmp/nimble_4263/githubcom_stisawebgl/.git/objects/7e/tmp_obj_lJyi2x
  create directory /tmp/nimble_4263/githubcom_stisawebgl/.git/objects/6a
  create hard link from /tmp/nimble_4263/githubcom_stisawebgl/.git/objects/6a/b862e6693856261fc8b465ee591822521d2066 to /tmp/nimble_4263/githubcom_stisawebgl/.git/objects/6a/tmp_obj_1W8OsC
  delete /tmp/nimble_4263/githubcom_stisawebgl/.git/objects/6a/tmp_obj_1W8OsC
  create directory /tmp/nimble_4263/githubcom_stisawebgl/.git/objects/78
  create hard link from /tmp/nimble_4263/githubcom_stisawebgl/.git/objects/78/537ef45b0e6513da1766e0ac5c45ce58961818 to /tmp/nimble_4263/githubcom_stisawebgl/.git/objects/78/tmp_obj_v4QzUI
  delete /tmp/nimble_4263/githubcom_stisawebgl/.git/objects/78/tmp_obj_v4QzUI
  create directory /tmp/nimble_4263/githubcom_stisawebgl/.git/objects/b7
  create hard link from /tmp/nimble_4263/githubcom_stisawebgl/.git/objects/b7/23737deca8f9c663ea7b5efc66de80582ab0cd to /tmp/nimble_4263/githubcom_stisawebgl/.git/objects/b7/tmp_obj_1s71HM
  delete /tmp/nimble_4263/githubcom_stisawebgl/.git/objects/b7/tmp_obj_1s71HM
  create directory /tmp/nimble_4263/githubcom_stisawebgl/.git/objects/2e
  create hard link from /tmp/nimble_4263/githubcom_stisawebgl/.git/objects/2e/0dea7498d2fb4d84f2c4236df13699b41893df to /tmp/nimble_4263/githubcom_stisawebgl/.git/objects/2e/tmp_obj_PaXfmZ
  delete /tmp/nimble_4263/githubcom_stisawebgl/.git/objects/2e/tmp_obj_PaXfmZ
  create directory /tmp/nimble_4263/githubcom_stisawebgl/.git/objects/ea
  create hard link from /tmp/nimble_4263/githubcom_stisawebgl/.git/objects/ea/cffe310a644d710f84e528f0faef2342bf024a to /tmp/nimble_4263/githubcom_stisawebgl/.git/objects/ea/tmp_obj_98WcP3
  delete /tmp/nimble_4263/githubcom_stisawebgl/.git/objects/ea/tmp_obj_98WcP3
  create hard link from /tmp/nimble_4263/githubcom_stisawebgl/.git/objects/76/62e3ab1a90f2efc109853e380f5ab8615da20e to /tmp/nimble_4263/githubcom_stisawebgl/.git/objects/76/tmp_obj_NBTeG5
  delete /tmp/nimble_4263/githubcom_stisawebgl/.git/objects/76/tmp_obj_NBTeG5
  create hard link from /tmp/nimble_4263/githubcom_stisawebgl/.git/objects/7e/a2cbd8c66dd7ca40ab2e307d71bd9b684af00c to /tmp/nimble_4263/githubcom_stisawebgl/.git/objects/7e/tmp_obj_DgZbL8
  delete /tmp/nimble_4263/githubcom_stisawebgl/.git/objects/7e/tmp_obj_DgZbL8
  create directory /tmp/nimble_4263/githubcom_stisawebgl/.git/objects/70
  create hard link from /tmp/nimble_4263/githubcom_stisawebgl/.git/objects/70/01f280953fd2c5638369f73277b0c739bfb62c to /tmp/nimble_4263/githubcom_stisawebgl/.git/objects/70/tmp_obj_hBhP8c
  delete /tmp/nimble_4263/githubcom_stisawebgl/.git/objects/70/tmp_obj_hBhP8c
  create directory /tmp/nimble_4263/githubcom_stisawebgl/.git/objects/81
  create hard link from /tmp/nimble_4263/githubcom_stisawebgl/.git/objects/81/af3f08c2c0f03177776e60731e8f8a2ed43a0f to /tmp/nimble_4263/githubcom_stisawebgl/.git/objects/81/tmp_obj_BvBtMe
  delete /tmp/nimble_4263/githubcom_stisawebgl/.git/objects/81/tmp_obj_BvBtMe
  create directory /tmp/nimble_4263/githubcom_stisawebgl/.git/objects/61
  create hard link from /tmp/nimble_4263/githubcom_stisawebgl/.git/objects/61/28e2bb276aab3b71f2e7be3ff292407c2a8480 to /tmp/nimble_4263/githubcom_stisawebgl/.git/objects/61/tmp_obj_pj2yDk
  delete /tmp/nimble_4263/githubcom_stisawebgl/.git/objects/61/tmp_obj_pj2yDk
  create directory /tmp/nimble_4263/githubcom_stisawebgl/.git/objects/52
  create hard link from /tmp/nimble_4263/githubcom_stisawebgl/.git/objects/52/30848eaea89fde42fca86263507b95f11eb6eb to /tmp/nimble_4263/githubcom_stisawebgl/.git/objects/52/tmp_obj_a5k2we
  delete /tmp/nimble_4263/githubcom_stisawebgl/.git/objects/52/tmp_obj_a5k2we
  create directory /tmp/nimble_4263/githubcom_stisawebgl/.git/objects/27
  create hard link from /tmp/nimble_4263/githubcom_stisawebgl/.git/objects/27/ed35017069d7931b2d5a650183eac688cb0e86 to /tmp/nimble_4263/githubcom_stisawebgl/.git/objects/27/tmp_obj_60Dg9g
  delete /tmp/nimble_4263/githubcom_stisawebgl/.git/objects/27/tmp_obj_60Dg9g
  create directory /tmp/nimble_4263/githubcom_stisawebgl/.git/objects/c7
  create hard link from /tmp/nimble_4263/githubcom_stisawebgl/.git/objects/c7/7d726937097be9ab2dba35fe6c234e37c07a91 to /tmp/nimble_4263/githubcom_stisawebgl/.git/objects/c7/tmp_obj_mtsnih
  delete /tmp/nimble_4263/githubcom_stisawebgl/.git/objects/c7/tmp_obj_mtsnih
  create directory /tmp/nimble_4263/githubcom_stisawebgl/.git/objects/1d
  create hard link from /tmp/nimble_4263/githubcom_stisawebgl/.git/objects/1d/2f31e83f9483dc2169ab077934caedeadbe4ea to /tmp/nimble_4263/githubcom_stisawebgl/.git/objects/1d/tmp_obj_UMphUj
  delete /tmp/nimble_4263/githubcom_stisawebgl/.git/objects/1d/tmp_obj_UMphUj
  create directory /tmp/nimble_4263/githubcom_stisawebgl/.git/objects/cb
  create hard link from /tmp/nimble_4263/githubcom_stisawebgl/.git/objects/cb/920dbf9e845789befb488185a6fc7b73e5d0a8 to /tmp/nimble_4263/githubcom_stisawebgl/.git/objects/cb/tmp_obj_AuxDKm
  delete /tmp/nimble_4263/githubcom_stisawebgl/.git/objects/cb/tmp_obj_AuxDKm
  rename /tmp/nimble_4263/githubcom_stisawebgl/.git/shallow.lock to shallow
  rename /tmp/nimble_4263/githubcom_stisawebgl/.git/packed-refs.new to packed-refs
  delete /tmp/nimble_4263/githubcom_stisawebgl/.git/packed-refs.lock
  delete /tmp/nimble_4263/githubcom_stisawebgl/.git/refs/tags/0.2.1.lock
  create directory /tmp/nimble_4263/githubcom_stisawebgl/.git/logs
  rename /tmp/nimble_4263/githubcom_stisawebgl/.git/HEAD.lock to HEAD
  create directory /tmp/nimble_4263/githubcom_stisawebgl/docs
  create directory /tmp/nimble_4263/githubcom_stisawebgl/docs/examples
  create directory /tmp/nimble_4263/githubcom_stisawebgl/docs/webgl
  create directory /tmp/nimble_4263/githubcom_stisawebgl/examples
  create directory /tmp/nimble_4263/githubcom_stisawebgl/oldwrapper
  create directory /tmp/nimble_4263/githubcom_stisawebgl/src
  create directory /tmp/nimble_4263/githubcom_stisawebgl/src/webgl
  create directory /tmp/nimble_4263/githubcom_stisawebgl/templates
  rename /tmp/nimble_4263/githubcom_stisawebgl/.git/index.lock to index
  create directory /tmp
  create directory /tmp/nimblecache
  create directory /tmp/nimblecache/webgl_166909967
  delete /tmp/nimblecache/webgl_166909967/webgl.ini
  delete /tmp/nimble_4263.out
  delete /tmp/nimble_4263/githubcom_stisawebgl/webgl_4263.nims
  create directory /home
  create directory /home/runner
  create directory /home/runner/.nimble
  create directory /home/runner/.nimble/pkgs
  create directory /home/runner/.nimble/pkgs/webgl-0.2.1
  create directory /home
  create directory /home/runner
  create directory /home/runner/.nimble
  create directory /home/runner/.nimble/pkgs
  create directory /home/runner/.nimble/pkgs/webgl-0.2.1
  create directory /home/runner/.nimble/pkgs/webgl-0.2.1/webgl
  change permissions of /home/runner/.nimble/pkgs/webgl-0.2.1/webgl/enums.nim to rw-r--r--
  create directory /home
  create directory /home/runner
  create directory /home/runner/.nimble
  create directory /home/runner/.nimble/pkgs
  create directory /home/runner/.nimble/pkgs/webgl-0.2.1
  create directory /home/runner/.nimble/pkgs/webgl-0.2.1/webgl
  change permissions of /home/runner/.nimble/pkgs/webgl-0.2.1/webgl/consts.nim to rw-r--r--
  create directory /home
  create directory /home/runner
  create directory /home/runner/.nimble
  create directory /home/runner/.nimble/pkgs
  create directory /home/runner/.nimble/pkgs/webgl-0.2.1
  change permissions of /home/runner/.nimble/pkgs/webgl-0.2.1/webgl.nim to rw-r--r--
  change permissions of /home/runner/.nimble/pkgs/webgl-0.2.1/webgl.nimble to rw-r--r--
  create directory /tmp
  create directory /tmp/nimblecache
  create directory /tmp/nimblecache/webgl_965580704
  delete /tmp/nimblecache/webgl_965580704/webgl.ini
  delete /tmp/nimble_4263.out
  delete /home/runner/.nimble/pkgs/webgl-0.2.1/webgl_4263.nims
  delete /tmp/nimble_4263/githubcom_stisawebgl/LICENSE
  delete /tmp/nimble_4263/githubcom_stisawebgl/webgl.nimble
  delete /tmp/nimble_4263/githubcom_stisawebgl/templates/templ_index.html
  delete /tmp/nimble_4263/githubcom_stisawebgl/templates/templ_li.html
  delete /tmp/nimble_4263/githubcom_stisawebgl/templates/templ_entry.html
  delete /tmp/nimble_4263/githubcom_stisawebgl/templates
  delete /tmp/nimble_4263/githubcom_stisawebgl/src/webgl/enums.nim
  delete /tmp/nimble_4263/githubcom_stisawebgl/src/webgl/consts.nim
  delete /tmp/nimble_4263/githubcom_stisawebgl/src/webgl
  delete /tmp/nimble_4263/githubcom_stisawebgl/src/webgl.nim
  delete /tmp/nimble_4263/githubcom_stisawebgl/src
  delete /tmp/nimble_4263/githubcom_stisawebgl/docs/webgl/enums.html
  delete /tmp/nimble_4263/githubcom_stisawebgl/docs/webgl/consts.html
  delete /tmp/nimble_4263/githubcom_stisawebgl/docs/webgl
  delete /tmp/nimble_4263/githubcom_stisawebgl/docs/examples/ex2.js
  delete /tmp/nimble_4263/githubcom_stisawebgl/docs/examples/ex3.js
  delete /tmp/nimble_4263/githubcom_stisawebgl/docs/examples/ex4.html
  delete /tmp/nimble_4263/githubcom_stisawebgl/docs/examples/ex1.html
  delete /tmp/nimble_4263/githubcom_stisawebgl/docs/examples/ex4.js
  delete /tmp/nimble_4263/githubcom_stisawebgl/docs/examples/ex2.html
  delete /tmp/nimble_4263/githubcom_stisawebgl/docs/examples/ex3.html
  delete /tmp/nimble_4263/githubcom_stisawebgl/docs/examples/ex1.js
  delete /tmp/nimble_4263/githubcom_stisawebgl/docs/examples
  delete /tmp/nimble_4263/githubcom_stisawebgl/docs/webgl.html
  delete /tmp/nimble_4263/githubcom_stisawebgl/docs/index.html
  delete /tmp/nimble_4263/githubcom_stisawebgl/docs
  delete /tmp/nimble_4263/githubcom_stisawebgl/.gitignore
  delete /tmp/nimble_4263/githubcom_stisawebgl/examples/ex1.nim
  delete /tmp/nimble_4263/githubcom_stisawebgl/examples/ex2.nim
  delete /tmp/nimble_4263/githubcom_stisawebgl/examples/ex3.nim
  delete /tmp/nimble_4263/githubcom_stisawebgl/examples/ex4.nim
  delete /tmp/nimble_4263/githubcom_stisawebgl/examples
  delete /tmp/nimble_4263/githubcom_stisawebgl/oldwrapper/webgl.nim
  delete /tmp/nimble_4263/githubcom_stisawebgl/oldwrapper/webglconsts.nim
  delete /tmp/nimble_4263/githubcom_stisawebgl/oldwrapper
  delete /tmp/nimble_4263/githubcom_stisawebgl/README.md
  delete /tmp/nimble_4263/githubcom_stisawebgl/.git/index
  delete /tmp/nimble_4263/githubcom_stisawebgl/.git/packed-refs
  delete /tmp/nimble_4263/githubcom_stisawebgl/.git/description
  delete /tmp/nimble_4263/githubcom_stisawebgl/.git/logs/HEAD
  delete /tmp/nimble_4263/githubcom_stisawebgl/.git/logs
  delete /tmp/nimble_4263/githubcom_stisawebgl/.git/info/exclude
  delete /tmp/nimble_4263/githubcom_stisawebgl/.git/info
  delete /tmp/nimble_4263/githubcom_stisawebgl/.git/hooks/pre-rebase.sample
  delete /tmp/nimble_4263/githubcom_stisawebgl/.git/hooks/pre-merge-commit.sample
  delete /tmp/nimble_4263/githubcom_stisawebgl/.git/hooks/applypatch-msg.sample
  delete /tmp/nimble_4263/githubcom_stisawebgl/.git/hooks/pre-receive.sample
  delete /tmp/nimble_4263/githubcom_stisawebgl/.git/hooks/pre-push.sample
  delete /tmp/nimble_4263/githubcom_stisawebgl/.git/hooks/prepare-commit-msg.sample
  delete /tmp/nimble_4263/githubcom_stisawebgl/.git/hooks/commit-msg.sample
  delete /tmp/nimble_4263/githubcom_stisawebgl/.git/hooks/pre-applypatch.sample
  delete /tmp/nimble_4263/githubcom_stisawebgl/.git/hooks/fsmonitor-watchman.sample
  delete /tmp/nimble_4263/githubcom_stisawebgl/.git/hooks/pre-commit.sample
  delete /tmp/nimble_4263/githubcom_stisawebgl/.git/hooks/post-update.sample
  delete /tmp/nimble_4263/githubcom_stisawebgl/.git/hooks/update.sample
  delete /tmp/nimble_4263/githubcom_stisawebgl/.git/hooks
  delete /tmp/nimble_4263/githubcom_stisawebgl/.git/shallow
  delete /tmp/nimble_4263/githubcom_stisawebgl/.git/branches
  delete /tmp/nimble_4263/githubcom_stisawebgl/.git/objects/52/30848eaea89fde42fca86263507b95f11eb6eb
  delete /tmp/nimble_4263/githubcom_stisawebgl/.git/objects/52
  delete /tmp/nimble_4263/githubcom_stisawebgl/.git/objects/8a/41b623fce45d3303f11d8d0e7bcb3d774bd4f5
  delete /tmp/nimble_4263/githubcom_stisawebgl/.git/objects/8a
  delete /tmp/nimble_4263/githubcom_stisawebgl/.git/objects/7c/1d32fabc072066e931cda29c16a61faeff11a2
  delete /tmp/nimble_4263/githubcom_stisawebgl/.git/objects/7c
  delete /tmp/nimble_4263/githubcom_stisawebgl/.git/objects/27/ed35017069d7931b2d5a650183eac688cb0e86
  delete /tmp/nimble_4263/githubcom_stisawebgl/.git/objects/27
  delete /tmp/nimble_4263/githubcom_stisawebgl/.git/objects/f9/ea98cd6d0a9135e123fe264c2a71b097ab874c
  delete /tmp/nimble_4263/githubcom_stisawebgl/.git/objects/f9
  delete /tmp/nimble_4263/githubcom_stisawebgl/.git/objects/pack
  delete /tmp/nimble_4263/githubcom_stisawebgl/.git/objects/85/1099779b1719d67afb444e45c99ae2c68c9eac
  delete /tmp/nimble_4263/githubcom_stisawebgl/.git/objects/85
  delete /tmp/nimble_4263/githubcom_stisawebgl/.git/objects/b7/23737deca8f9c663ea7b5efc66de80582ab0cd
  delete /tmp/nimble_4263/githubcom_stisawebgl/.git/objects/b7
  delete /tmp/nimble_4263/githubcom_stisawebgl/.git/objects/1c/8874ae5676364ce1a17057b9bc19eaa1e0703b
  delete /tmp/nimble_4263/githubcom_stisawebgl/.git/objects/1c
  delete /tmp/nimble_4263/githubcom_stisawebgl/.git/objects/70/01f280953fd2c5638369f73277b0c739bfb62c
  delete /tmp/nimble_4263/githubcom_stisawebgl/.git/objects/70
  delete /tmp/nimble_4263/githubcom_stisawebgl/.git/objects/6a/b862e6693856261fc8b465ee591822521d2066
  delete /tmp/nimble_4263/githubcom_stisawebgl/.git/objects/6a
  delete /tmp/nimble_4263/githubcom_stisawebgl/.git/objects/74/b098e2022e957ed37b24df5e031a15ec2d21f8
  delete /tmp/nimble_4263/githubcom_stisawebgl/.git/objects/74
  delete /tmp/nimble_4263/githubcom_stisawebgl/.git/objects/81/af3f08c2c0f03177776e60731e8f8a2ed43a0f
  delete /tmp/nimble_4263/githubcom_stisawebgl/.git/objects/81
  delete /tmp/nimble_4263/githubcom_stisawebgl/.git/objects/info
  delete /tmp/nimble_4263/githubcom_stisawebgl/.git/objects/76/ffe323a2a305345efb56dd83ed8d5e68427291
  delete /tmp/nimble_4263/githubcom_stisawebgl/.git/objects/76/62e3ab1a90f2efc109853e380f5ab8615da20e
  delete /tmp/nimble_4263/githubcom_stisawebgl/.git/objects/76
  delete /tmp/nimble_4263/githubcom_stisawebgl/.git/objects/d6/2a0d6dda84e84894a87012239c9594a0c49d6f
  delete /tmp/nimble_4263/githubcom_stisawebgl/.git/objects/d6
  delete /tmp/nimble_4263/githubcom_stisawebgl/.git/objects/1d/2f31e83f9483dc2169ab077934caedeadbe4ea
  delete /tmp/nimble_4263/githubcom_stisawebgl/.git/objects/1d
  delete /tmp/nimble_4263/githubcom_stisawebgl/.git/objects/71/4e5404ed374156c25176e00dd97bb1ec669f4a
  delete /tmp/nimble_4263/githubcom_stisawebgl/.git/objects/71
  delete /tmp/nimble_4263/githubcom_stisawebgl/.git/objects/ea/cffe310a644d710f84e528f0faef2342bf024a
  delete /tmp/nimble_4263/githubcom_stisawebgl/.git/objects/ea
  delete /tmp/nimble_4263/githubcom_stisawebgl/.git/objects/c0/a85d10ae18b66dce0d7019edbb485e58a7be24
  delete /tmp/nimble_4263/githubcom_stisawebgl/.git/objects/c0
  delete /tmp/nimble_4263/githubcom_stisawebgl/.git/objects/e8/d47b015870f8d1c9faacf240ec950ff3b6ba4d
  delete /tmp/nimble_4263/githubcom_stisawebgl/.git/objects/e8
  delete /tmp/nimble_4263/githubcom_stisawebgl/.git/objects/61/28e2bb276aab3b71f2e7be3ff292407c2a8480
  delete /tmp/nimble_4263/githubcom_stisawebgl/.git/objects/61
  delete /tmp/nimble_4263/githubcom_stisawebgl/.git/objects/e9/e4f4d97b9e58809e9f601ad4549c18a34663de
  delete /tmp/nimble_4263/githubcom_stisawebgl/.git/objects/e9
  delete /tmp/nimble_4263/githubcom_stisawebgl/.git/objects/78/537ef45b0e6513da1766e0ac5c45ce58961818
  delete /tmp/nimble_4263/githubcom_stisawebgl/.git/objects/78
  delete /tmp/nimble_4263/githubcom_stisawebgl/.git/objects/df/38e896b7099b9625c0a5fe8928f4fed13b30fe
  delete /tmp/nimble_4263/githubcom_stisawebgl/.git/objects/df
  delete /tmp/nimble_4263/githubcom_stisawebgl/.git/objects/66/13750960d27fd2d8210ddd20c1cca854257582
  delete /tmp/nimble_4263/githubcom_stisawebgl/.git/objects/66
  delete /tmp/nimble_4263/githubcom_stisawebgl/.git/objects/18/ef9a0ce37824779e6cf2c2c6a9ba72b4c120f5
  delete /tmp/nimble_4263/githubcom_stisawebgl/.git/objects/18
  delete /tmp/nimble_4263/githubcom_stisawebgl/.git/objects/bb/8ec35540d8d7104b5f5d62578729780130ddc0
  delete /tmp/nimble_4263/githubcom_stisawebgl/.git/objects/bb
  delete /tmp/nimble_4263/githubcom_stisawebgl/.git/objects/7e/a2cbd8c66dd7ca40ab2e307d71bd9b684af00c
  delete /tmp/nimble_4263/githubcom_stisawebgl/.git/objects/7e/3b8fe5b70a1356d11fba886afbe8dfa704f606
  delete /tmp/nimble_4263/githubcom_stisawebgl/.git/objects/7e
  delete /tmp/nimble_4263/githubcom_stisawebgl/.git/objects/7d/836f8eb2515d2ef06787975d20ee8947a5c956
  delete /tmp/nimble_4263/githubcom_stisawebgl/.git/objects/7d
  delete /tmp/nimble_4263/githubcom_stisawebgl/.git/objects/2e/0dea7498d2fb4d84f2c4236df13699b41893df
  delete /tmp/nimble_4263/githubcom_stisawebgl/.git/objects/2e
  delete /tmp/nimble_4263/githubcom_stisawebgl/.git/objects/cb/920dbf9e845789befb488185a6fc7b73e5d0a8
  delete /tmp/nimble_4263/githubcom_stisawebgl/.git/objects/cb
  delete /tmp/nimble_4263/githubcom_stisawebgl/.git/objects/c7/7d726937097be9ab2dba35fe6c234e37c07a91
  delete /tmp/nimble_4263/githubcom_stisawebgl/.git/objects/c7
  delete /tmp/nimble_4263/githubcom_stisawebgl/.git/objects/00/5b63cc50297529586f028d8e0cfc88e4bb6167
  delete /tmp/nimble_4263/githubcom_stisawebgl/.git/objects/00
  delete /tmp/nimble_4263/githubcom_stisawebgl/.git/objects/24/3df3b06ce213721bfa5f79bde923b6ee287b0b
  delete /tmp/nimble_4263/githubcom_stisawebgl/.git/objects/24
  delete /tmp/nimble_4263/githubcom_stisawebgl/.git/objects/97/136d35b644d2a2e90ad8c5f508d1bdcf5cf39e
  delete /tmp/nimble_4263/githubcom_stisawebgl/.git/objects/97/01698ae71c696e3b8367d56d694a855f6ebb7b
  delete /tmp/nimble_4263/githubcom_stisawebgl/.git/objects/97
  delete /tmp/nimble_4263/githubcom_stisawebgl/.git/objects/01/f7cc7e18a5ced3168b87b7c606ecd2bdb143e0
  delete /tmp/nimble_4263/githubcom_stisawebgl/.git/objects/01
  delete /tmp/nimble_4263/githubcom_stisawebgl/.git/objects
  delete /tmp/nimble_4263/githubcom_stisawebgl/.git/config
  delete /tmp/nimble_4263/githubcom_stisawebgl/.git/HEAD
  delete /tmp/nimble_4263/githubcom_stisawebgl/.git/refs/heads
  delete /tmp/nimble_4263/githubcom_stisawebgl/.git/refs/tags
  delete /tmp/nimble_4263/githubcom_stisawebgl/.git/refs
  delete /tmp/nimble_4263/githubcom_stisawebgl/.git
  delete /tmp/nimble_4263/githubcom_stisawebgl
  delete /tmp/nimble_4263
