     Info:  Nimble data file "/home/runner/.nimble/nimbledata2.json" has been loaded.
    Reading official package list
   Warning: The websitecreator package has been renamed to nimwc
    Reading official package list
Downloading https://github.com/ThomasTJdev/nim_websitecreator using git
    Cloning latest tagged version: v6.2.0
open('/workspace/destdir/ssl/openssl.cnf', 32768, 0x00000000000001b6)
open('/home/runner/.config/nimble/nimble.ini', 557056, 0x00000000000001b6)
open('/home/runner/.config/babel/babel.ini', 557056, 0x00000000000001b6)
open('/home/runner/.nimble/nimbledata2.json', 557056, 0x00000000000001b6)
writev(1, 0x00007fff00996cf0, 2)
open('/home/runner/work/nim_packages_security_audit/nim_packages_security_audit', 622592, 0x0000000000000000)
writev(1, 0x00007fff009964a0, 2)
open('/home/runner/.nimble/packages_official.json', 557056, 0x00000000000001b6)
writev(1, 0x00007fff00996460, 2)
writev(1, 0x00007fff00996380, 2)
mkdir('/tmp/', 0x00000000000001ff)
mkdir('/tmp/nimble_8896/', 0x00000000000001ff)
mkdir('/tmp/nimble_8896/githubcom_ThomasTJdevnimwebsitecreator', 0x00000000000001ff)
writev(1, 0x00007fff00996470, 2)
open('/tmp/nimble_8896/githubcom_ThomasTJdevnimwebsitecreator', 622592, 0x0000000000000000)
rmdir('/tmp/nimble_8896/githubcom_ThomasTJdevnimwebsitecreator')
writev(1, 0x00007fff009963e0, 2)
mkdir(94594612290912, 0x00000000000001ff)
Error tracing process: readBytes(0x0000560886436560, 256) error: [Errno 5] Input/output error.
