     Info:  Nimble data file "/home/runner/.nimble/nimbledata2.json" has been loaded.
    Reading official package list
Downloading https://github.com/webui-dev/nim-webui using git
    Cloning latest tagged version: 2.4.2
open('/workspace/destdir/ssl/openssl.cnf', 32768, 0x00000000000001b6)
open('/home/runner/.config/nimble/nimble.ini', 557056, 0x00000000000001b6)
open('/home/runner/.config/babel/babel.ini', 557056, 0x00000000000001b6)
open('/home/runner/.nimble/nimbledata2.json', 557056, 0x00000000000001b6)
writev(1, 0x00007ffe22ed1070, 2)
open('/home/runner/work/nim_packages_security_audit/nim_packages_security_audit', 622592, 0x0000000000000000)
writev(1, 0x00007ffe22ed0820, 2)
open('/home/runner/.nimble/packages_official.json', 557056, 0x00000000000001b6)
mkdir('/tmp/', 0x00000000000001ff)
mkdir('/tmp/nimble_8707/', 0x00000000000001ff)
mkdir('/tmp/nimble_8707/githubcom_webuidevnimwebui', 0x00000000000001ff)
writev(1, 0x00007ffe22ed07f0, 2)
open('/tmp/nimble_8707/githubcom_webuidevnimwebui', 622592, 0x0000000000000000)
rmdir('/tmp/nimble_8707/githubcom_webuidevnimwebui')
writev(1, 0x00007ffe22ed0760, 2)
mkdir(93842616816768, 0x00000000000001ff)
Error tracing process: readBytes(0x000055596fd71480, 256) error: [Errno 5] Input/output error.
