    Reading official package list
Downloading https://github.com/AzamShafiul/weighted_graph using git
mkdir('/tmp', 0x00000000000001ff)
mkdir('/tmp/nimble_10269', 0x00000000000001ff)
mkdir('/tmp/nimble_10269/githubcom_AzamShafiulweightedgraph', 0x00000000000001ff)
rmdir('/tmp/nimble_10269/githubcom_AzamShafiulweightedgraph')
mkdir('/tmp/nimble_10269/githubcom_AzamShafiulweightedgraph', 0x00000000000001ff)
mkdir('/tmp/nimble_10269/githubcom_AzamShafiulweightedgraph/.git', 0x00000000000001ff)
mkdir('/tmp/nimble_10269/githubcom_AzamShafiulweightedgraph/.git/', 0x00000000000001ff)
mkdir('/tmp/nimble_10269/githubcom_AzamShafiulweightedgraph/.git/info/', 0x00000000000001ff)
mkdir('/tmp/nimble_10269/githubcom_AzamShafiulweightedgraph/.git/hooks/', 0x00000000000001ff)
mkdir('/tmp/nimble_10269/githubcom_AzamShafiulweightedgraph/.git/branches/', 0x00000000000001ff)
mkdir('/tmp/nimble_10269/githubcom_AzamShafiulweightedgraph/.git/refs', 0x00000000000001ff)
mkdir('/tmp/nimble_10269/githubcom_AzamShafiulweightedgraph/.git/refs/heads', 0x00000000000001ff)
mkdir('/tmp/nimble_10269/githubcom_AzamShafiulweightedgraph/.git/refs/tags', 0x00000000000001ff)
rename('/tmp/nimble_10269/githubcom_AzamShafiulweightedgraph/.git/HEAD.lock', '/tmp/nimble_10269/githubcom_AzamShafiulweightedgraph/.git/HEAD')
rename('/tmp/nimble_10269/githubcom_AzamShafiulweightedgraph/.git/config.lock', '/tmp/nimble_10269/githubcom_AzamShafiulweightedgraph/.git/config')
chmod('/tmp/nimble_10269/githubcom_AzamShafiulweightedgraph/.git/config', 0x00000000000081e4)
chmod('/tmp/nimble_10269/githubcom_AzamShafiulweightedgraph/.git/config', 0x00000000000081a4)
chmod('/tmp/nimble_10269/githubcom_AzamShafiulweightedgraph/.git/config.lock', 0x00000000000001a4)
rename('/tmp/nimble_10269/githubcom_AzamShafiulweightedgraph/.git/config.lock', '/tmp/nimble_10269/githubcom_AzamShafiulweightedgraph/.git/config')
chmod('/tmp/nimble_10269/githubcom_AzamShafiulweightedgraph/.git/config.lock', 0x00000000000001a4)
rename('/tmp/nimble_10269/githubcom_AzamShafiulweightedgraph/.git/config.lock', '/tmp/nimble_10269/githubcom_AzamShafiulweightedgraph/.git/config')
chmod('/tmp/nimble_10269/githubcom_AzamShafiulweightedgraph/.git/config.lock', 0x00000000000001a4)
rename('/tmp/nimble_10269/githubcom_AzamShafiulweightedgraph/.git/config.lock', '/tmp/nimble_10269/githubcom_AzamShafiulweightedgraph/.git/config')
unlink('/tmp/nimble_10269/githubcom_AzamShafiulweightedgraph/.git/tnCAG4l')
symlink('testing', '/tmp/nimble_10269/githubcom_AzamShafiulweightedgraph/.git/tnCAG4l')
unlink('/tmp/nimble_10269/githubcom_AzamShafiulweightedgraph/.git/tnCAG4l')
mkdir('/tmp/nimble_10269/githubcom_AzamShafiulweightedgraph/.git/objects', 0x00000000000001ff)
mkdir('/tmp/nimble_10269/githubcom_AzamShafiulweightedgraph/.git/objects/pack', 0x00000000000001ff)
mkdir('/tmp/nimble_10269/githubcom_AzamShafiulweightedgraph/.git/objects/info', 0x00000000000001ff)
chmod('/tmp/nimble_10269/githubcom_AzamShafiulweightedgraph/.git/config.lock', 0x00000000000001a4)
rename('/tmp/nimble_10269/githubcom_AzamShafiulweightedgraph/.git/config.lock', '/tmp/nimble_10269/githubcom_AzamShafiulweightedgraph/.git/config')
chmod('/tmp/nimble_10269/githubcom_AzamShafiulweightedgraph/.git/config.lock', 0x00000000000001a4)
rename('/tmp/nimble_10269/githubcom_AzamShafiulweightedgraph/.git/config.lock', '/tmp/nimble_10269/githubcom_AzamShafiulweightedgraph/.git/config')
chmod('/tmp/nimble_10269/githubcom_AzamShafiulweightedgraph/.git/config.lock', 0x00000000000001a4)
rename('/tmp/nimble_10269/githubcom_AzamShafiulweightedgraph/.git/config.lock', '/tmp/nimble_10269/githubcom_AzamShafiulweightedgraph/.git/config')
chmod('/tmp/nimble_10269/githubcom_AzamShafiulweightedgraph/.git/config.lock', 0x00000000000001a4)
rename('/tmp/nimble_10269/githubcom_AzamShafiulweightedgraph/.git/config.lock', '/tmp/nimble_10269/githubcom_AzamShafiulweightedgraph/.git/config')
mkdir('/tmp/nimble_10269/githubcom_AzamShafiulweightedgraph/.git/objects/5c', 0x00000000000001ff)
link('/tmp/nimble_10269/githubcom_AzamShafiulweightedgraph/.git/objects/5c/tmp_obj_UtH9Od', '/tmp/nimble_10269/githubcom_AzamShafiulweightedgraph/.git/objects/5c/028550e1acfa9bea264a22941698210364a2ca')
unlink('/tmp/nimble_10269/githubcom_AzamShafiulweightedgraph/.git/objects/5c/tmp_obj_UtH9Od')
mkdir('/tmp/nimble_10269/githubcom_AzamShafiulweightedgraph/.git/objects/b3', 0x00000000000001ff)
link('/tmp/nimble_10269/githubcom_AzamShafiulweightedgraph/.git/objects/b3/tmp_obj_Ilw61j', '/tmp/nimble_10269/githubcom_AzamShafiulweightedgraph/.git/objects/b3/ce0ebc0ef20c71f2b1ef1eb13ea35a11e21f76')
unlink('/tmp/nimble_10269/githubcom_AzamShafiulweightedgraph/.git/objects/b3/tmp_obj_Ilw61j')
mkdir('/tmp/nimble_10269/githubcom_AzamShafiulweightedgraph/.git/objects/32', 0x00000000000001ff)
link('/tmp/nimble_10269/githubcom_AzamShafiulweightedgraph/.git/objects/32/tmp_obj_136tVa', '/tmp/nimble_10269/githubcom_AzamShafiulweightedgraph/.git/objects/32/e1dc0fdec7f15dec4fa2940ed5a02bb76ce2f1')
unlink('/tmp/nimble_10269/githubcom_AzamShafiulweightedgraph/.git/objects/32/tmp_obj_136tVa')
mkdir('/tmp/nimble_10269/githubcom_AzamShafiulweightedgraph/.git/objects/7c', 0x00000000000001ff)
link('/tmp/nimble_10269/githubcom_AzamShafiulweightedgraph/.git/objects/7c/tmp_obj_Vq2c7g', '/tmp/nimble_10269/githubcom_AzamShafiulweightedgraph/.git/objects/7c/dc28066fbd6de9100a4953d852bd974352d26e')
unlink('/tmp/nimble_10269/githubcom_AzamShafiulweightedgraph/.git/objects/7c/tmp_obj_Vq2c7g')
mkdir('/tmp/nimble_10269/githubcom_AzamShafiulweightedgraph/.git/objects/d7', 0x00000000000001ff)
link('/tmp/nimble_10269/githubcom_AzamShafiulweightedgraph/.git/objects/d7/tmp_obj_fFUr5e', '/tmp/nimble_10269/githubcom_AzamShafiulweightedgraph/.git/objects/d7/01b188dd2e1c85d3f3053ab6ca29b121d793e2')
unlink('/tmp/nimble_10269/githubcom_AzamShafiulweightedgraph/.git/objects/d7/tmp_obj_fFUr5e')
mkdir('/tmp/nimble_10269/githubcom_AzamShafiulweightedgraph/.git/objects/7e', 0x00000000000001ff)
link('/tmp/nimble_10269/githubcom_AzamShafiulweightedgraph/.git/objects/7e/tmp_obj_ZafuIi', '/tmp/nimble_10269/githubcom_AzamShafiulweightedgraph/.git/objects/7e/c43b67b46329624975c5579a7e37b5ef87234e')
unlink('/tmp/nimble_10269/githubcom_AzamShafiulweightedgraph/.git/objects/7e/tmp_obj_ZafuIi')
link('/tmp/nimble_10269/githubcom_AzamShafiulweightedgraph/.git/objects/7e/tmp_obj_RoASfj', '/tmp/nimble_10269/githubcom_AzamShafiulweightedgraph/.git/objects/7e/4967494d03136e320e97628fd52f6714bee864')
unlink('/tmp/nimble_10269/githubcom_AzamShafiulweightedgraph/.git/objects/7e/tmp_obj_RoASfj')
mkdir('/tmp/nimble_10269/githubcom_AzamShafiulweightedgraph/.git/objects/66', 0x00000000000001ff)
link('/tmp/nimble_10269/githubcom_AzamShafiulweightedgraph/.git/objects/66/tmp_obj_dS5ZVj', '/tmp/nimble_10269/githubcom_AzamShafiulweightedgraph/.git/objects/66/09165d78ca42dcd4e67d36ed3bf186d186a2ea')
unlink('/tmp/nimble_10269/githubcom_AzamShafiulweightedgraph/.git/objects/66/tmp_obj_dS5ZVj')
mkdir('/tmp/nimble_10269/githubcom_AzamShafiulweightedgraph/.git/objects/51', 0x00000000000001ff)
link('/tmp/nimble_10269/githubcom_AzamShafiulweightedgraph/.git/objects/51/tmp_obj_Z6wE8n', '/tmp/nimble_10269/githubcom_AzamShafiulweightedgraph/.git/objects/51/879437b84c5924796c9594d66551626bd81b2f')
unlink('/tmp/nimble_10269/githubcom_AzamShafiulweightedgraph/.git/objects/51/tmp_obj_Z6wE8n')
mkdir('/tmp/nimble_10269/githubcom_AzamShafiulweightedgraph/.git/objects/4c', 0x00000000000001ff)
link('/tmp/nimble_10269/githubcom_AzamShafiulweightedgraph/.git/objects/4c/tmp_obj_ftsclo', '/tmp/nimble_10269/githubcom_AzamShafiulweightedgraph/.git/objects/4c/dbf076020b7e51fcd8a8dd527f35080b279a01')
unlink('/tmp/nimble_10269/githubcom_AzamShafiulweightedgraph/.git/objects/4c/tmp_obj_ftsclo')
mkdir('/tmp/nimble_10269/githubcom_AzamShafiulweightedgraph/.git/objects/2e', 0x00000000000001ff)
link('/tmp/nimble_10269/githubcom_AzamShafiulweightedgraph/.git/objects/2e/tmp_obj_5nUqjt', '/tmp/nimble_10269/githubcom_AzamShafiulweightedgraph/.git/objects/2e/ec66bd9768ce84b31d159049e296c6d3ec75e2')
unlink('/tmp/nimble_10269/githubcom_AzamShafiulweightedgraph/.git/objects/2e/tmp_obj_5nUqjt')
rename('/tmp/nimble_10269/githubcom_AzamShafiulweightedgraph/.git/shallow.lock', '/tmp/nimble_10269/githubcom_AzamShafiulweightedgraph/.git/shallow')       Info /tmp/nimble_10269/githubcom_AzamShafiulweightedgraph/weighted_graph_10269.nims(1, 8) Warning: imported and not used: 'system' [UnusedImport]
        ... /tmp/nimble_10269/githubcom_AzamShafiulweightedgraph/weighted_graph_10269.nims(5, 22) Warning: imported and not used: 'strutils' [UnusedImport]
  Verifying dependencies for weighted_graph@0.1.0
 Installing weighted_graph@0.1.0
    Copying file /tmp/nimble_10269/githubcom_AzamShafiulweightedgraph/src/weighted_graph.nim to /home/runner/.nimble/pkgs/weighted_graph-0.1.0/weighted_graph.nim
    Copying file /tmp/nimble_10269/githubcom_AzamShafiulweightedgraph/weighted_graph.nimble to /home/runner/.nimble/pkgs/weighted_graph-0.1.0/weighted_graph.nimble
   Success: weighted_graph installed successfully.
       Info /home/runner/.nimble/pkgs/weighted_graph-0.1.0/weighted_graph_10269.nims(1, 8) Warning: imported and not used: 'system' [UnusedImport]
        ... /home/runner/.nimble/pkgs/weighted_graph-0.1.0/weighted_graph_10269.nims(5, 22) Warning: imported and not used: 'strutils' [UnusedImport]

rename('/tmp/nimble_10269/githubcom_AzamShafiulweightedgraph/.git/packed-refs.new', '/tmp/nimble_10269/githubcom_AzamShafiulweightedgraph/.git/packed-refs')
unlink('/tmp/nimble_10269/githubcom_AzamShafiulweightedgraph/.git/packed-refs.lock')
mkdir('/tmp/nimble_10269/githubcom_AzamShafiulweightedgraph/.git/refs/remotes', 0x00000000000001ff)
mkdir('/tmp/nimble_10269/githubcom_AzamShafiulweightedgraph/.git/refs/remotes/origin', 0x00000000000001ff)
mkdir('/tmp/nimble_10269/githubcom_AzamShafiulweightedgraph/.git/logs', 0x00000000000001ff)
mkdir('/tmp/nimble_10269/githubcom_AzamShafiulweightedgraph/.git/logs/refs', 0x00000000000001ff)
mkdir('/tmp/nimble_10269/githubcom_AzamShafiulweightedgraph/.git/logs/refs/remotes', 0x00000000000001ff)
mkdir('/tmp/nimble_10269/githubcom_AzamShafiulweightedgraph/.git/logs/refs/remotes/origin', 0x00000000000001ff)
rename('/tmp/nimble_10269/githubcom_AzamShafiulweightedgraph/.git/refs/remotes/origin/HEAD.lock', '/tmp/nimble_10269/githubcom_AzamShafiulweightedgraph/.git/refs/remotes/origin/HEAD')
rename('/tmp/nimble_10269/githubcom_AzamShafiulweightedgraph/.git/HEAD.lock', '/tmp/nimble_10269/githubcom_AzamShafiulweightedgraph/.git/HEAD')
mkdir('/tmp/nimble_10269/githubcom_AzamShafiulweightedgraph/.git/logs/refs/heads', 0x00000000000001ff)
rename('/tmp/nimble_10269/githubcom_AzamShafiulweightedgraph/.git/refs/heads/master.lock', '/tmp/nimble_10269/githubcom_AzamShafiulweightedgraph/.git/refs/heads/master')
unlink('/tmp/nimble_10269/githubcom_AzamShafiulweightedgraph/.git/HEAD.lock')
chmod('/tmp/nimble_10269/githubcom_AzamShafiulweightedgraph/.git/config.lock', 0x00000000000001a4)
rename('/tmp/nimble_10269/githubcom_AzamShafiulweightedgraph/.git/config.lock', '/tmp/nimble_10269/githubcom_AzamShafiulweightedgraph/.git/config')
chmod('/tmp/nimble_10269/githubcom_AzamShafiulweightedgraph/.git/config.lock', 0x00000000000001a4)
rename('/tmp/nimble_10269/githubcom_AzamShafiulweightedgraph/.git/config.lock', '/tmp/nimble_10269/githubcom_AzamShafiulweightedgraph/.git/config')
mkdir('src', 0x00000000000001ff)
mkdir('tests', 0x00000000000001ff)
rename('/tmp/nimble_10269/githubcom_AzamShafiulweightedgraph/.git/index.lock', '/tmp/nimble_10269/githubcom_AzamShafiulweightedgraph/.git/index')
mkdir('/tmp', 0x00000000000001ff)
mkdir('/tmp/nimblecache', 0x00000000000001ff)
mkdir('/tmp/nimblecache/weighted_graph_3585304811', 0x00000000000001ff)
unlink('/tmp/nimblecache/weighted_graph_3585304811/weighted_graph.ini')
unlink('/tmp/nimble_10269.out')
unlink('/tmp/nimble_10269/githubcom_AzamShafiulweightedgraph/weighted_graph_10269.nims')
mkdir('/home', 0x00000000000001ff)
mkdir('/home/runner', 0x00000000000001ff)
mkdir('/home/runner/.nimble', 0x00000000000001ff)
mkdir('/home/runner/.nimble/pkgs', 0x00000000000001ff)
mkdir('/home/runner/.nimble/pkgs/weighted_graph-0.1.0', 0x00000000000001ff)
mkdir('/home', 0x00000000000001ff)
mkdir('/home/runner', 0x00000000000001ff)
mkdir('/home/runner/.nimble', 0x00000000000001ff)
mkdir('/home/runner/.nimble/pkgs', 0x00000000000001ff)
mkdir('/home/runner/.nimble/pkgs/weighted_graph-0.1.0', 0x00000000000001ff)
chmod('/home/runner/.nimble/pkgs/weighted_graph-0.1.0/weighted_graph.nim', 0x00000000000001a4)
chmod('/home/runner/.nimble/pkgs/weighted_graph-0.1.0/weighted_graph.nimble', 0x00000000000001a4)
mkdir('/tmp', 0x00000000000001ff)
mkdir('/tmp/nimblecache', 0x00000000000001ff)
mkdir('/tmp/nimblecache/weighted_graph_2576073664', 0x00000000000001ff)
unlink('/tmp/nimblecache/weighted_graph_2576073664/weighted_graph.ini')
unlink('/tmp/nimble_10269.out')
unlink('/home/runner/.nimble/pkgs/weighted_graph-0.1.0/weighted_graph_10269.nims')
unlink('/tmp/nimble_10269/githubcom_AzamShafiulweightedgraph/LICENSE')
unlink('/tmp/nimble_10269/githubcom_AzamShafiulweightedgraph/tests/test.nim')
unlink('/tmp/nimble_10269/githubcom_AzamShafiulweightedgraph/tests/config.nims')
rmdir('/tmp/nimble_10269/githubcom_AzamShafiulweightedgraph/tests')
unlink('/tmp/nimble_10269/githubcom_AzamShafiulweightedgraph/src/weighted_graph.nim')
rmdir('/tmp/nimble_10269/githubcom_AzamShafiulweightedgraph/src')
unlink('/tmp/nimble_10269/githubcom_AzamShafiulweightedgraph/.gitignore')
unlink('/tmp/nimble_10269/githubcom_AzamShafiulweightedgraph/README.md')
unlink('/tmp/nimble_10269/githubcom_AzamShafiulweightedgraph/.git/index')
unlink('/tmp/nimble_10269/githubcom_AzamShafiulweightedgraph/.git/packed-refs')
unlink('/tmp/nimble_10269/githubcom_AzamShafiulweightedgraph/.git/description')
unlink('/tmp/nimble_10269/githubcom_AzamShafiulweightedgraph/.git/logs/HEAD')
unlink('/tmp/nimble_10269/githubcom_AzamShafiulweightedgraph/.git/logs/refs/remotes/origin/HEAD')
rmdir('/tmp/nimble_10269/githubcom_AzamShafiulweightedgraph/.git/logs/refs/remotes/origin')
rmdir('/tmp/nimble_10269/githubcom_AzamShafiulweightedgraph/.git/logs/refs/remotes')
unlink('/tmp/nimble_10269/githubcom_AzamShafiulweightedgraph/.git/logs/refs/heads/master')
rmdir('/tmp/nimble_10269/githubcom_AzamShafiulweightedgraph/.git/logs/refs/heads')
rmdir('/tmp/nimble_10269/githubcom_AzamShafiulweightedgraph/.git/logs/refs')
rmdir('/tmp/nimble_10269/githubcom_AzamShafiulweightedgraph/.git/logs')
unlink('/tmp/nimble_10269/githubcom_AzamShafiulweightedgraph/.git/info/exclude')
rmdir('/tmp/nimble_10269/githubcom_AzamShafiulweightedgraph/.git/info')
unlink('/tmp/nimble_10269/githubcom_AzamShafiulweightedgraph/.git/hooks/pre-rebase.sample')
unlink('/tmp/nimble_10269/githubcom_AzamShafiulweightedgraph/.git/hooks/pre-merge-commit.sample')
unlink('/tmp/nimble_10269/githubcom_AzamShafiulweightedgraph/.git/hooks/applypatch-msg.sample')
unlink('/tmp/nimble_10269/githubcom_AzamShafiulweightedgraph/.git/hooks/pre-receive.sample')
unlink('/tmp/nimble_10269/githubcom_AzamShafiulweightedgraph/.git/hooks/pre-push.sample')
unlink('/tmp/nimble_10269/githubcom_AzamShafiulweightedgraph/.git/hooks/prepare-commit-msg.sample')
unlink('/tmp/nimble_10269/githubcom_AzamShafiulweightedgraph/.git/hooks/commit-msg.sample')
unlink('/tmp/nimble_10269/githubcom_AzamShafiulweightedgraph/.git/hooks/pre-applypatch.sample')
unlink('/tmp/nimble_10269/githubcom_AzamShafiulweightedgraph/.git/hooks/fsmonitor-watchman.sample')
unlink('/tmp/nimble_10269/githubcom_AzamShafiulweightedgraph/.git/hooks/pre-commit.sample')
unlink('/tmp/nimble_10269/githubcom_AzamShafiulweightedgraph/.git/hooks/post-update.sample')
unlink('/tmp/nimble_10269/githubcom_AzamShafiulweightedgraph/.git/hooks/update.sample')
rmdir('/tmp/nimble_10269/githubcom_AzamShafiulweightedgraph/.git/hooks')
unlink('/tmp/nimble_10269/githubcom_AzamShafiulweightedgraph/.git/shallow')
rmdir('/tmp/nimble_10269/githubcom_AzamShafiulweightedgraph/.git/branches')
unlink('/tmp/nimble_10269/githubcom_AzamShafiulweightedgraph/.git/objects/7c/dc28066fbd6de9100a4953d852bd974352d26e')
rmdir('/tmp/nimble_10269/githubcom_AzamShafiulweightedgraph/.git/objects/7c')
rmdir('/tmp/nimble_10269/githubcom_AzamShafiulweightedgraph/.git/objects/pack')
unlink('/tmp/nimble_10269/githubcom_AzamShafiulweightedgraph/.git/objects/32/e1dc0fdec7f15dec4fa2940ed5a02bb76ce2f1')
rmdir('/tmp/nimble_10269/githubcom_AzamShafiulweightedgraph/.git/objects/32')
unlink('/tmp/nimble_10269/githubcom_AzamShafiulweightedgraph/.git/objects/b3/ce0ebc0ef20c71f2b1ef1eb13ea35a11e21f76')
rmdir('/tmp/nimble_10269/githubcom_AzamShafiulweightedgraph/.git/objects/b3')
unlink('/tmp/nimble_10269/githubcom_AzamShafiulweightedgraph/.git/objects/4c/dbf076020b7e51fcd8a8dd527f35080b279a01')
rmdir('/tmp/nimble_10269/githubcom_AzamShafiulweightedgraph/.git/objects/4c')
rmdir('/tmp/nimble_10269/githubcom_AzamShafiulweightedgraph/.git/objects/info')
unlink('/tmp/nimble_10269/githubcom_AzamShafiulweightedgraph/.git/objects/d7/01b188dd2e1c85d3f3053ab6ca29b121d793e2')
rmdir('/tmp/nimble_10269/githubcom_AzamShafiulweightedgraph/.git/objects/d7')
unlink('/tmp/nimble_10269/githubcom_AzamShafiulweightedgraph/.git/objects/51/879437b84c5924796c9594d66551626bd81b2f')
rmdir('/tmp/nimble_10269/githubcom_AzamShafiulweightedgraph/.git/objects/51')
unlink('/tmp/nimble_10269/githubcom_AzamShafiulweightedgraph/.git/objects/66/09165d78ca42dcd4e67d36ed3bf186d186a2ea')
rmdir('/tmp/nimble_10269/githubcom_AzamShafiulweightedgraph/.git/objects/66')
unlink('/tmp/nimble_10269/githubcom_AzamShafiulweightedgraph/.git/objects/5c/028550e1acfa9bea264a22941698210364a2ca')
rmdir('/tmp/nimble_10269/githubcom_AzamShafiulweightedgraph/.git/objects/5c')
unlink('/tmp/nimble_10269/githubcom_AzamShafiulweightedgraph/.git/objects/7e/c43b67b46329624975c5579a7e37b5ef87234e')
unlink('/tmp/nimble_10269/githubcom_AzamShafiulweightedgraph/.git/objects/7e/4967494d03136e320e97628fd52f6714bee864')
rmdir('/tmp/nimble_10269/githubcom_AzamShafiulweightedgraph/.git/objects/7e')
unlink('/tmp/nimble_10269/githubcom_AzamShafiulweightedgraph/.git/objects/2e/ec66bd9768ce84b31d159049e296c6d3ec75e2')
rmdir('/tmp/nimble_10269/githubcom_AzamShafiulweightedgraph/.git/objects/2e')
rmdir('/tmp/nimble_10269/githubcom_AzamShafiulweightedgraph/.git/objects')
unlink('/tmp/nimble_10269/githubcom_AzamShafiulweightedgraph/.git/config')
unlink('/tmp/nimble_10269/githubcom_AzamShafiulweightedgraph/.git/HEAD')
unlink('/tmp/nimble_10269/githubcom_AzamShafiulweightedgraph/.git/refs/remotes/origin/HEAD')
rmdir('/tmp/nimble_10269/githubcom_AzamShafiulweightedgraph/.git/refs/remotes/origin')
rmdir('/tmp/nimble_10269/githubcom_AzamShafiulweightedgraph/.git/refs/remotes')
unlink('/tmp/nimble_10269/githubcom_AzamShafiulweightedgraph/.git/refs/heads/master')
rmdir('/tmp/nimble_10269/githubcom_AzamShafiulweightedgraph/.git/refs/heads')
rmdir('/tmp/nimble_10269/githubcom_AzamShafiulweightedgraph/.git/refs/tags')
rmdir('/tmp/nimble_10269/githubcom_AzamShafiulweightedgraph/.git/refs')
rmdir('/tmp/nimble_10269/githubcom_AzamShafiulweightedgraph/.git')
unlink('/tmp/nimble_10269/githubcom_AzamShafiulweightedgraph/weighted_graph.nimble')
rmdir('/tmp/nimble_10269/githubcom_AzamShafiulweightedgraph')
rmdir('/tmp/nimble_10269')
  create directory /tmp
  create directory /tmp/nimble_10269
  create directory /tmp/nimble_10269/githubcom_AzamShafiulweightedgraph
  delete /tmp/nimble_10269/githubcom_AzamShafiulweightedgraph
  create directory /tmp/nimble_10269/githubcom_AzamShafiulweightedgraph
  create directory /tmp/nimble_10269/githubcom_AzamShafiulweightedgraph/.git
  create directory /tmp/nimble_10269/githubcom_AzamShafiulweightedgraph/.git
  create directory /tmp/nimble_10269/githubcom_AzamShafiulweightedgraph/.git/info
  create directory /tmp/nimble_10269/githubcom_AzamShafiulweightedgraph/.git/hooks
  create directory /tmp/nimble_10269/githubcom_AzamShafiulweightedgraph/.git/branches
  create directory /tmp/nimble_10269/githubcom_AzamShafiulweightedgraph/.git/refs
  create directory /tmp/nimble_10269/githubcom_AzamShafiulweightedgraph/.git/refs/heads
  create directory /tmp/nimble_10269/githubcom_AzamShafiulweightedgraph/.git/refs/tags
  rename /tmp/nimble_10269/githubcom_AzamShafiulweightedgraph/.git/HEAD.lock to HEAD
  rename /tmp/nimble_10269/githubcom_AzamShafiulweightedgraph/.git/config.lock to config
  change permissions of /tmp/nimble_10269/githubcom_AzamShafiulweightedgraph/.git/config to rwxr--r--
  change permissions of /tmp/nimble_10269/githubcom_AzamShafiulweightedgraph/.git/config to rw-r--r--
  change permissions of /tmp/nimble_10269/githubcom_AzamShafiulweightedgraph/.git/config.lock to rw-r--r--
  rename /tmp/nimble_10269/githubcom_AzamShafiulweightedgraph/.git/config.lock to config
  change permissions of /tmp/nimble_10269/githubcom_AzamShafiulweightedgraph/.git/config.lock to rw-r--r--
  rename /tmp/nimble_10269/githubcom_AzamShafiulweightedgraph/.git/config.lock to config
  change permissions of /tmp/nimble_10269/githubcom_AzamShafiulweightedgraph/.git/config.lock to rw-r--r--
  rename /tmp/nimble_10269/githubcom_AzamShafiulweightedgraph/.git/config.lock to config
  delete /tmp/nimble_10269/githubcom_AzamShafiulweightedgraph/.git/tnCAG4l
  create symbolic link from /tmp/nimble_10269/githubcom_AzamShafiulweightedgraph/.git/tnCAG4l to /home/runner/work/nim_packages_security_audit/nim_packages_security_audit/testing
  delete /tmp/nimble_10269/githubcom_AzamShafiulweightedgraph/.git/tnCAG4l
  create directory /tmp/nimble_10269/githubcom_AzamShafiulweightedgraph/.git/objects
  create directory /tmp/nimble_10269/githubcom_AzamShafiulweightedgraph/.git/objects/pack
  create directory /tmp/nimble_10269/githubcom_AzamShafiulweightedgraph/.git/objects/info
  change permissions of /tmp/nimble_10269/githubcom_AzamShafiulweightedgraph/.git/config.lock to rw-r--r--
  rename /tmp/nimble_10269/githubcom_AzamShafiulweightedgraph/.git/config.lock to config
  change permissions of /tmp/nimble_10269/githubcom_AzamShafiulweightedgraph/.git/config.lock to rw-r--r--
  rename /tmp/nimble_10269/githubcom_AzamShafiulweightedgraph/.git/config.lock to config
  change permissions of /tmp/nimble_10269/githubcom_AzamShafiulweightedgraph/.git/config.lock to rw-r--r--
  rename /tmp/nimble_10269/githubcom_AzamShafiulweightedgraph/.git/config.lock to config
  change permissions of /tmp/nimble_10269/githubcom_AzamShafiulweightedgraph/.git/config.lock to rw-r--r--
  rename /tmp/nimble_10269/githubcom_AzamShafiulweightedgraph/.git/config.lock to config
  create directory /tmp/nimble_10269/githubcom_AzamShafiulweightedgraph/.git/objects/5c
  create hard link from /tmp/nimble_10269/githubcom_AzamShafiulweightedgraph/.git/objects/5c/028550e1acfa9bea264a22941698210364a2ca to /tmp/nimble_10269/githubcom_AzamShafiulweightedgraph/.git/objects/5c/tmp_obj_UtH9Od
  delete /tmp/nimble_10269/githubcom_AzamShafiulweightedgraph/.git/objects/5c/tmp_obj_UtH9Od
  create directory /tmp/nimble_10269/githubcom_AzamShafiulweightedgraph/.git/objects/b3
  create hard link from /tmp/nimble_10269/githubcom_AzamShafiulweightedgraph/.git/objects/b3/ce0ebc0ef20c71f2b1ef1eb13ea35a11e21f76 to /tmp/nimble_10269/githubcom_AzamShafiulweightedgraph/.git/objects/b3/tmp_obj_Ilw61j
  delete /tmp/nimble_10269/githubcom_AzamShafiulweightedgraph/.git/objects/b3/tmp_obj_Ilw61j
  create directory /tmp/nimble_10269/githubcom_AzamShafiulweightedgraph/.git/objects/32
  create hard link from /tmp/nimble_10269/githubcom_AzamShafiulweightedgraph/.git/objects/32/e1dc0fdec7f15dec4fa2940ed5a02bb76ce2f1 to /tmp/nimble_10269/githubcom_AzamShafiulweightedgraph/.git/objects/32/tmp_obj_136tVa
  delete /tmp/nimble_10269/githubcom_AzamShafiulweightedgraph/.git/objects/32/tmp_obj_136tVa
  create directory /tmp/nimble_10269/githubcom_AzamShafiulweightedgraph/.git/objects/7c
  create hard link from /tmp/nimble_10269/githubcom_AzamShafiulweightedgraph/.git/objects/7c/dc28066fbd6de9100a4953d852bd974352d26e to /tmp/nimble_10269/githubcom_AzamShafiulweightedgraph/.git/objects/7c/tmp_obj_Vq2c7g
  delete /tmp/nimble_10269/githubcom_AzamShafiulweightedgraph/.git/objects/7c/tmp_obj_Vq2c7g
  create directory /tmp/nimble_10269/githubcom_AzamShafiulweightedgraph/.git/objects/d7
  create hard link from /tmp/nimble_10269/githubcom_AzamShafiulweightedgraph/.git/objects/d7/01b188dd2e1c85d3f3053ab6ca29b121d793e2 to /tmp/nimble_10269/githubcom_AzamShafiulweightedgraph/.git/objects/d7/tmp_obj_fFUr5e
  delete /tmp/nimble_10269/githubcom_AzamShafiulweightedgraph/.git/objects/d7/tmp_obj_fFUr5e
  create directory /tmp/nimble_10269/githubcom_AzamShafiulweightedgraph/.git/objects/7e
  create hard link from /tmp/nimble_10269/githubcom_AzamShafiulweightedgraph/.git/objects/7e/c43b67b46329624975c5579a7e37b5ef87234e to /tmp/nimble_10269/githubcom_AzamShafiulweightedgraph/.git/objects/7e/tmp_obj_ZafuIi
  delete /tmp/nimble_10269/githubcom_AzamShafiulweightedgraph/.git/objects/7e/tmp_obj_ZafuIi
  create hard link from /tmp/nimble_10269/githubcom_AzamShafiulweightedgraph/.git/objects/7e/4967494d03136e320e97628fd52f6714bee864 to /tmp/nimble_10269/githubcom_AzamShafiulweightedgraph/.git/objects/7e/tmp_obj_RoASfj
  delete /tmp/nimble_10269/githubcom_AzamShafiulweightedgraph/.git/objects/7e/tmp_obj_RoASfj
  create directory /tmp/nimble_10269/githubcom_AzamShafiulweightedgraph/.git/objects/66
  create hard link from /tmp/nimble_10269/githubcom_AzamShafiulweightedgraph/.git/objects/66/09165d78ca42dcd4e67d36ed3bf186d186a2ea to /tmp/nimble_10269/githubcom_AzamShafiulweightedgraph/.git/objects/66/tmp_obj_dS5ZVj
  delete /tmp/nimble_10269/githubcom_AzamShafiulweightedgraph/.git/objects/66/tmp_obj_dS5ZVj
  create directory /tmp/nimble_10269/githubcom_AzamShafiulweightedgraph/.git/objects/51
  create hard link from /tmp/nimble_10269/githubcom_AzamShafiulweightedgraph/.git/objects/51/879437b84c5924796c9594d66551626bd81b2f to /tmp/nimble_10269/githubcom_AzamShafiulweightedgraph/.git/objects/51/tmp_obj_Z6wE8n
  delete /tmp/nimble_10269/githubcom_AzamShafiulweightedgraph/.git/objects/51/tmp_obj_Z6wE8n
  create directory /tmp/nimble_10269/githubcom_AzamShafiulweightedgraph/.git/objects/4c
  create hard link from /tmp/nimble_10269/githubcom_AzamShafiulweightedgraph/.git/objects/4c/dbf076020b7e51fcd8a8dd527f35080b279a01 to /tmp/nimble_10269/githubcom_AzamShafiulweightedgraph/.git/objects/4c/tmp_obj_ftsclo
  delete /tmp/nimble_10269/githubcom_AzamShafiulweightedgraph/.git/objects/4c/tmp_obj_ftsclo
  create directory /tmp/nimble_10269/githubcom_AzamShafiulweightedgraph/.git/objects/2e
  create hard link from /tmp/nimble_10269/githubcom_AzamShafiulweightedgraph/.git/objects/2e/ec66bd9768ce84b31d159049e296c6d3ec75e2 to /tmp/nimble_10269/githubcom_AzamShafiulweightedgraph/.git/objects/2e/tmp_obj_5nUqjt
  delete /tmp/nimble_10269/githubcom_AzamShafiulweightedgraph/.git/objects/2e/tmp_obj_5nUqjt
  rename /tmp/nimble_10269/githubcom_AzamShafiulweightedgraph/.git/shallow.lock to shallow
  rename /tmp/nimble_10269/githubcom_AzamShafiulweightedgraph/.git/packed-refs.new to packed-refs
  delete /tmp/nimble_10269/githubcom_AzamShafiulweightedgraph/.git/packed-refs.lock
  create directory /tmp/nimble_10269/githubcom_AzamShafiulweightedgraph/.git/refs/remotes
  create directory /tmp/nimble_10269/githubcom_AzamShafiulweightedgraph/.git/refs/remotes/origin
  create directory /tmp/nimble_10269/githubcom_AzamShafiulweightedgraph/.git/logs
  create directory /tmp/nimble_10269/githubcom_AzamShafiulweightedgraph/.git/logs/refs
  create directory /tmp/nimble_10269/githubcom_AzamShafiulweightedgraph/.git/logs/refs/remotes
  create directory /tmp/nimble_10269/githubcom_AzamShafiulweightedgraph/.git/logs/refs/remotes/origin
  rename /tmp/nimble_10269/githubcom_AzamShafiulweightedgraph/.git/refs/remotes/origin/HEAD.lock to HEAD
  rename /tmp/nimble_10269/githubcom_AzamShafiulweightedgraph/.git/HEAD.lock to HEAD
  create directory /tmp/nimble_10269/githubcom_AzamShafiulweightedgraph/.git/logs/refs/heads
  rename /tmp/nimble_10269/githubcom_AzamShafiulweightedgraph/.git/refs/heads/master.lock to master
  delete /tmp/nimble_10269/githubcom_AzamShafiulweightedgraph/.git/HEAD.lock
  change permissions of /tmp/nimble_10269/githubcom_AzamShafiulweightedgraph/.git/config.lock to rw-r--r--
  rename /tmp/nimble_10269/githubcom_AzamShafiulweightedgraph/.git/config.lock to config
  change permissions of /tmp/nimble_10269/githubcom_AzamShafiulweightedgraph/.git/config.lock to rw-r--r--
  rename /tmp/nimble_10269/githubcom_AzamShafiulweightedgraph/.git/config.lock to config
  create directory /tmp/nimble_10269/githubcom_AzamShafiulweightedgraph/src
  create directory /tmp/nimble_10269/githubcom_AzamShafiulweightedgraph/tests
  rename /tmp/nimble_10269/githubcom_AzamShafiulweightedgraph/.git/index.lock to index
  create directory /tmp
  create directory /tmp/nimblecache
  create directory /tmp/nimblecache/weighted_graph_3585304811
  delete /tmp/nimblecache/weighted_graph_3585304811/weighted_graph.ini
  delete /tmp/nimble_10269.out
  delete /tmp/nimble_10269/githubcom_AzamShafiulweightedgraph/weighted_graph_10269.nims
  create directory /home
  create directory /home/runner
  create directory /home/runner/.nimble
  create directory /home/runner/.nimble/pkgs
  create directory /home/runner/.nimble/pkgs/weighted_graph-0.1.0
  create directory /home
  create directory /home/runner
  create directory /home/runner/.nimble
  create directory /home/runner/.nimble/pkgs
  create directory /home/runner/.nimble/pkgs/weighted_graph-0.1.0
  change permissions of /home/runner/.nimble/pkgs/weighted_graph-0.1.0/weighted_graph.nim to rw-r--r--
  change permissions of /home/runner/.nimble/pkgs/weighted_graph-0.1.0/weighted_graph.nimble to rw-r--r--
  create directory /tmp
  create directory /tmp/nimblecache
  create directory /tmp/nimblecache/weighted_graph_2576073664
  delete /tmp/nimblecache/weighted_graph_2576073664/weighted_graph.ini
  delete /tmp/nimble_10269.out
  delete /home/runner/.nimble/pkgs/weighted_graph-0.1.0/weighted_graph_10269.nims
  delete /tmp/nimble_10269/githubcom_AzamShafiulweightedgraph/LICENSE
  delete /tmp/nimble_10269/githubcom_AzamShafiulweightedgraph/tests/test.nim
  delete /tmp/nimble_10269/githubcom_AzamShafiulweightedgraph/tests/config.nims
  delete /tmp/nimble_10269/githubcom_AzamShafiulweightedgraph/tests
  delete /tmp/nimble_10269/githubcom_AzamShafiulweightedgraph/src/weighted_graph.nim
  delete /tmp/nimble_10269/githubcom_AzamShafiulweightedgraph/src
  delete /tmp/nimble_10269/githubcom_AzamShafiulweightedgraph/.gitignore
  delete /tmp/nimble_10269/githubcom_AzamShafiulweightedgraph/README.md
  delete /tmp/nimble_10269/githubcom_AzamShafiulweightedgraph/.git/index
  delete /tmp/nimble_10269/githubcom_AzamShafiulweightedgraph/.git/packed-refs
  delete /tmp/nimble_10269/githubcom_AzamShafiulweightedgraph/.git/description
  delete /tmp/nimble_10269/githubcom_AzamShafiulweightedgraph/.git/logs/HEAD
  delete /tmp/nimble_10269/githubcom_AzamShafiulweightedgraph/.git/logs/refs/remotes/origin/HEAD
  delete /tmp/nimble_10269/githubcom_AzamShafiulweightedgraph/.git/logs/refs/remotes/origin
  delete /tmp/nimble_10269/githubcom_AzamShafiulweightedgraph/.git/logs/refs/remotes
  delete /tmp/nimble_10269/githubcom_AzamShafiulweightedgraph/.git/logs/refs/heads/master
  delete /tmp/nimble_10269/githubcom_AzamShafiulweightedgraph/.git/logs/refs/heads
  delete /tmp/nimble_10269/githubcom_AzamShafiulweightedgraph/.git/logs/refs
  delete /tmp/nimble_10269/githubcom_AzamShafiulweightedgraph/.git/logs
  delete /tmp/nimble_10269/githubcom_AzamShafiulweightedgraph/.git/info/exclude
  delete /tmp/nimble_10269/githubcom_AzamShafiulweightedgraph/.git/info
  delete /tmp/nimble_10269/githubcom_AzamShafiulweightedgraph/.git/hooks/pre-rebase.sample
  delete /tmp/nimble_10269/githubcom_AzamShafiulweightedgraph/.git/hooks/pre-merge-commit.sample
  delete /tmp/nimble_10269/githubcom_AzamShafiulweightedgraph/.git/hooks/applypatch-msg.sample
  delete /tmp/nimble_10269/githubcom_AzamShafiulweightedgraph/.git/hooks/pre-receive.sample
  delete /tmp/nimble_10269/githubcom_AzamShafiulweightedgraph/.git/hooks/pre-push.sample
  delete /tmp/nimble_10269/githubcom_AzamShafiulweightedgraph/.git/hooks/prepare-commit-msg.sample
  delete /tmp/nimble_10269/githubcom_AzamShafiulweightedgraph/.git/hooks/commit-msg.sample
  delete /tmp/nimble_10269/githubcom_AzamShafiulweightedgraph/.git/hooks/pre-applypatch.sample
  delete /tmp/nimble_10269/githubcom_AzamShafiulweightedgraph/.git/hooks/fsmonitor-watchman.sample
  delete /tmp/nimble_10269/githubcom_AzamShafiulweightedgraph/.git/hooks/pre-commit.sample
  delete /tmp/nimble_10269/githubcom_AzamShafiulweightedgraph/.git/hooks/post-update.sample
  delete /tmp/nimble_10269/githubcom_AzamShafiulweightedgraph/.git/hooks/update.sample
  delete /tmp/nimble_10269/githubcom_AzamShafiulweightedgraph/.git/hooks
  delete /tmp/nimble_10269/githubcom_AzamShafiulweightedgraph/.git/shallow
  delete /tmp/nimble_10269/githubcom_AzamShafiulweightedgraph/.git/branches
  delete /tmp/nimble_10269/githubcom_AzamShafiulweightedgraph/.git/objects/7c/dc28066fbd6de9100a4953d852bd974352d26e
  delete /tmp/nimble_10269/githubcom_AzamShafiulweightedgraph/.git/objects/7c
  delete /tmp/nimble_10269/githubcom_AzamShafiulweightedgraph/.git/objects/pack
  delete /tmp/nimble_10269/githubcom_AzamShafiulweightedgraph/.git/objects/32/e1dc0fdec7f15dec4fa2940ed5a02bb76ce2f1
  delete /tmp/nimble_10269/githubcom_AzamShafiulweightedgraph/.git/objects/32
  delete /tmp/nimble_10269/githubcom_AzamShafiulweightedgraph/.git/objects/b3/ce0ebc0ef20c71f2b1ef1eb13ea35a11e21f76
  delete /tmp/nimble_10269/githubcom_AzamShafiulweightedgraph/.git/objects/b3
  delete /tmp/nimble_10269/githubcom_AzamShafiulweightedgraph/.git/objects/4c/dbf076020b7e51fcd8a8dd527f35080b279a01
  delete /tmp/nimble_10269/githubcom_AzamShafiulweightedgraph/.git/objects/4c
  delete /tmp/nimble_10269/githubcom_AzamShafiulweightedgraph/.git/objects/info
  delete /tmp/nimble_10269/githubcom_AzamShafiulweightedgraph/.git/objects/d7/01b188dd2e1c85d3f3053ab6ca29b121d793e2
  delete /tmp/nimble_10269/githubcom_AzamShafiulweightedgraph/.git/objects/d7
  delete /tmp/nimble_10269/githubcom_AzamShafiulweightedgraph/.git/objects/51/879437b84c5924796c9594d66551626bd81b2f
  delete /tmp/nimble_10269/githubcom_AzamShafiulweightedgraph/.git/objects/51
  delete /tmp/nimble_10269/githubcom_AzamShafiulweightedgraph/.git/objects/66/09165d78ca42dcd4e67d36ed3bf186d186a2ea
  delete /tmp/nimble_10269/githubcom_AzamShafiulweightedgraph/.git/objects/66
  delete /tmp/nimble_10269/githubcom_AzamShafiulweightedgraph/.git/objects/5c/028550e1acfa9bea264a22941698210364a2ca
  delete /tmp/nimble_10269/githubcom_AzamShafiulweightedgraph/.git/objects/5c
  delete /tmp/nimble_10269/githubcom_AzamShafiulweightedgraph/.git/objects/7e/c43b67b46329624975c5579a7e37b5ef87234e
  delete /tmp/nimble_10269/githubcom_AzamShafiulweightedgraph/.git/objects/7e/4967494d03136e320e97628fd52f6714bee864
  delete /tmp/nimble_10269/githubcom_AzamShafiulweightedgraph/.git/objects/7e
  delete /tmp/nimble_10269/githubcom_AzamShafiulweightedgraph/.git/objects/2e/ec66bd9768ce84b31d159049e296c6d3ec75e2
  delete /tmp/nimble_10269/githubcom_AzamShafiulweightedgraph/.git/objects/2e
  delete /tmp/nimble_10269/githubcom_AzamShafiulweightedgraph/.git/objects
  delete /tmp/nimble_10269/githubcom_AzamShafiulweightedgraph/.git/config
  delete /tmp/nimble_10269/githubcom_AzamShafiulweightedgraph/.git/HEAD
  delete /tmp/nimble_10269/githubcom_AzamShafiulweightedgraph/.git/refs/remotes/origin/HEAD
  delete /tmp/nimble_10269/githubcom_AzamShafiulweightedgraph/.git/refs/remotes/origin
  delete /tmp/nimble_10269/githubcom_AzamShafiulweightedgraph/.git/refs/remotes
  delete /tmp/nimble_10269/githubcom_AzamShafiulweightedgraph/.git/refs/heads/master
  delete /tmp/nimble_10269/githubcom_AzamShafiulweightedgraph/.git/refs/heads
  delete /tmp/nimble_10269/githubcom_AzamShafiulweightedgraph/.git/refs/tags
  delete /tmp/nimble_10269/githubcom_AzamShafiulweightedgraph/.git/refs
  delete /tmp/nimble_10269/githubcom_AzamShafiulweightedgraph/.git
  delete /tmp/nimble_10269/githubcom_AzamShafiulweightedgraph/weighted_graph.nimble
  delete /tmp/nimble_10269/githubcom_AzamShafiulweightedgraph
  delete /tmp/nimble_10269
