      Info: Package cache path /home/runner/.nimble/pkgcache
     Info:  Nimble data file "/home/runner/.nimble/nimbledata2.json" has been loaded.
    Reading official package list
Downloading https://codeberg.org/samsamros/RRC-permits using git
    Cloning latest tagged version: v0.2.1
open('/workspace/destdir/ssl/openssl.cnf', 32768, 0x00000000000001b6)
open('/home/runner/.config/nimble/nimble.ini', 557056, 0x00000000000001b6)
open('/home/runner/.config/babel/babel.ini', 557056, 0x00000000000001b6)
writev(1, 0x00007ffe17263a80, 2)
open('/home/runner/.nimble/nimbledata2.json', 557056, 0x00000000000001b6)
writev(1, 0x00007ffe17263b50, 2)
writev(1, 0x00007ffdbbfa9170, 2)
writev(1, 0x00007ffdbbfa9200, 2)
writev(1, 0x00007ffdbbfa9200, 2)
writev(1, 0x00007ffdbbfa9200, 2)
writev(1, 0x00007ffe17262670, 2)
open('/home/runner/.nimble/packages_official.json', 557056, 0x00000000000001b6)
mkdir('/home/', 0x00000000000001ff)
mkdir('/home/runner/', 0x00000000000001ff)
mkdir('/home/runner/.nimble/', 0x00000000000001ff)
mkdir('/home/runner/.nimble/pkgcache/', 0x00000000000001ff)
mkdir('/home/runner/.nimble/pkgcache/codebergorg_samsamrosRRCpermits', 0x00000000000001ff)
open('/home/runner/.nimble/pkgcache/codebergorg_samsamrosRRCpermits', 622592, 0x0000000000000000)
writev(1, 0x00007ffe17262760, 2)
open('/home/runner/.nimble/pkgcache/codebergorg_samsamrosRRCpermits', 622592, 0x0000000000000000)
rmdir('/home/runner/.nimble/pkgcache/codebergorg_samsamrosRRCpermits')
writev(1, 0x00007ffe17262650, 2)
mkdir(93917802101584, 0x00000000000001ff)
Error tracing process: readBytes(0x0000556af13b7b50, 256) error: [Errno 5] Input/output error.
