    Reading official package list
Downloading https://github.com/xflywind/wepoll using git
    Cloning latest tagged version: v0.1.0
mkdir('/tmp', 0x00000000000001ff)
mkdir('/tmp/nimble_10698', 0x00000000000001ff)
mkdir('/tmp/nimble_10698/githubcom_xflywindwepoll', 0x00000000000001ff)
rmdir('/tmp/nimble_10698/githubcom_xflywindwepoll')
mkdir('/tmp/nimble_10698/githubcom_xflywindwepoll', 0x00000000000001ff)
mkdir('/tmp/nimble_10698/githubcom_xflywindwepoll/.git', 0x00000000000001ff)
mkdir('/tmp/nimble_10698/githubcom_xflywindwepoll/.git/', 0x00000000000001ff)
mkdir('/tmp/nimble_10698/githubcom_xflywindwepoll/.git/info/', 0x00000000000001ff)
mkdir('/tmp/nimble_10698/githubcom_xflywindwepoll/.git/hooks/', 0x00000000000001ff)
mkdir('/tmp/nimble_10698/githubcom_xflywindwepoll/.git/branches/', 0x00000000000001ff)
mkdir('/tmp/nimble_10698/githubcom_xflywindwepoll/.git/refs', 0x00000000000001ff)
mkdir('/tmp/nimble_10698/githubcom_xflywindwepoll/.git/refs/heads', 0x00000000000001ff)
mkdir('/tmp/nimble_10698/githubcom_xflywindwepoll/.git/refs/tags', 0x00000000000001ff)
rename('/tmp/nimble_10698/githubcom_xflywindwepoll/.git/HEAD.lock', '/tmp/nimble_10698/githubcom_xflywindwepoll/.git/HEAD')
rename('/tmp/nimble_10698/githubcom_xflywindwepoll/.git/config.lock', '/tmp/nimble_10698/githubcom_xflywindwepoll/.git/config')
chmod('/tmp/nimble_10698/githubcom_xflywindwepoll/.git/config', 0x00000000000081e4)
chmod('/tmp/nimble_10698/githubcom_xflywindwepoll/.git/config', 0x00000000000081a4)
chmod('/tmp/nimble_10698/githubcom_xflywindwepoll/.git/config.lock', 0x00000000000001a4)
rename('/tmp/nimble_10698/githubcom_xflywindwepoll/.git/config.lock', '/tmp/nimble_10698/githubcom_xflywindwepoll/.git/config')
chmod('/tmp/nimble_10698/githubcom_xflywindwepoll/.git/config.lock', 0x00000000000001a4)
rename('/tmp/nimble_10698/githubcom_xflywindwepoll/.git/config.lock', '/tmp/nimble_10698/githubcom_xflywindwepoll/.git/config')
chmod('/tmp/nimble_10698/githubcom_xflywindwepoll/.git/config.lock', 0x00000000000001a4)
rename('/tmp/nimble_10698/githubcom_xflywindwepoll/.git/config.lock', '/tmp/nimble_10698/githubcom_xflywindwepoll/.git/config')
unlink('/tmp/nimble_10698/githubcom_xflywindwepoll/.git/t2qDXM6')
symlink('testing', '/tmp/nimble_10698/githubcom_xflywindwepoll/.git/t2qDXM6')
unlink('/tmp/nimble_10698/githubcom_xflywindwepoll/.git/t2qDXM6')
mkdir('/tmp/nimble_10698/githubcom_xflywindwepoll/.git/objects', 0x00000000000001ff)
mkdir('/tmp/nimble_10698/githubcom_xflywindwepoll/.git/objects/pack', 0x00000000000001ff)
mkdir('/tmp/nimble_10698/githubcom_xflywindwepoll/.git/objects/info', 0x00000000000001ff)
chmod('/tmp/nimble_10698/githubcom_xflywindwepoll/.git/config.lock', 0x00000000000001a4)
rename('/tmp/nimble_10698/githubcom_xflywindwepoll/.git/config.lock', '/tmp/nimble_10698/githubcom_xflywindwepoll/.git/config')
chmod('/tmp/nimble_10698/githubcom_xflywindwepoll/.git/config.lock', 0x00000000000001a4)
rename('/tmp/nimble_10698/githubcom_xflywindwepoll/.git/config.lock', '/tmp/nimble_10698/githubcom_xflywindwepoll/.git/config')
chmod('/tmp/nimble_10698/githubcom_xflywindwepoll/.git/config.lock', 0x00000000000001a4)
rename('/tmp/nimble_10698/githubcom_xflywindwepoll/.git/config.lock', '/tmp/nimble_10698/githubcom_xflywindwepoll/.git/config')
chmod('/tmp/nimble_10698/githubcom_xflywindwepoll/.git/config.lock', 0x00000000000001a4)
rename('/tmp/nimble_10698/githubcom_xflywindwepoll/.git/config.lock', '/tmp/nimble_10698/githubcom_xflywindwepoll/.git/config')
mkdir('/tmp/nimble_10698/githubcom_xflywindwepoll/.git/objects/c4', 0x00000000000001ff)
link('/tmp/nimble_10698/githubcom_xflywindwepoll/.git/objects/c4/tmp_obj_CLfkLy', '/tmp/nimble_10698/githubcom_xflywindwepoll/.git/objects/c4/9c3280130bb724f1601b1d42f5b7deabad3198')
unlink('/tmp/nimble_10698/githubcom_xflywindwepoll/.git/objects/c4/tmp_obj_CLfkLy')
mkdir('/tmp/nimble_10698/githubcom_xflywindwepoll/.git/objects/31', 0x00000000000001ff)
link('/tmp/nimble_10698/githubcom_xflywindwepoll/.git/objects/31/tmp_obj_IIoCXD', '/tmp/nimble_10698/githubcom_xflywindwepoll/.git/objects/31/0e668fe8da48f3eee77374263463a2093f725a')
unlink('/tmp/nimble_10698/githubcom_xflywindwepoll/.git/objects/31/tmp_obj_IIoCXD')
mkdir('/tmp/nimble_10698/githubcom_xflywindwepoll/.git/objects/d1', 0x00000000000001ff)
link('/tmp/nimble_10698/githubcom_xflywindwepoll/.git/objects/d1/tmp_obj_sM6LWF', '/tmp/nimble_10698/githubcom_xflywindwepoll/.git/objects/d1/d67bd84545888f136c6f39188771a884998d5e')
unlink('/tmp/nimble_10698/githubcom_xflywindwepoll/.git/objects/d1/tmp_obj_sM6LWF')
mkdir('/tmp/nimble_10698/githubcom_xflywindwepoll/.git/objects/33', 0x00000000000001ff)
link('/tmp/nimble_10698/githubcom_xflywindwepoll/.git/objects/33/tmp_obj_QkScdI', '/tmp/nimble_10698/githubcom_xflywindwepoll/.git/objects/33/0ebf1e322c9541330fa9004f5f73c2c51255f7')
unlink('/tmp/nimble_10698/githubcom_xflywindwepoll/.git/objects/33/tmp_obj_QkScdI')
mkdir('/tmp/nimble_10698/githubcom_xflywindwepoll/.git/objects/4e', 0x00000000000001ff)
link('/tmp/nimble_10698/githubcom_xflywindwepoll/.git/objects/4e/tmp_obj_e9f3iK', '/tmp/nimble_10698/githubcom_xflywindwepoll/.git/objects/4e/d1e8da70f5fd570370a932150b850c802bb6d2')
unlink('/tmp/nimble_10698/githubcom_xflywindwepoll/.git/objects/4e/tmp_obj_e9f3iK')
mkdir('/tmp/nimble_10698/githubcom_xflywindwepoll/.git/objects/94', 0x00000000000001ff)
link('/tmp/nimble_10698/githubcom_xflywindwepoll/.git/objects/94/tmp_obj_uRS7bQ', '/tmp/nimble_10698/githubcom_xflywindwepoll/.git/objects/94/f505e024daef8821f728ab5870fe449d31db93')
unlink('/tmp/nimble_10698/githubcom_xflywindwepoll/.git/objects/94/tmp_obj_uRS7bQ')
mkdir('/tmp/nimble_10698/githubcom_xflywindwepoll/.git/objects/fb', 0x00000000000001ff)
link('/tmp/nimble_10698/githubcom_xflywindwepoll/.git/objects/fb/tmp_obj_0p0mIQ', '/tmp/nimble_10698/githubcom_xflywindwepoll/.git/objects/fb/e8c06854b63785d2fe5e5ec1e9d39b1b7f5bf8')
unlink('/tmp/nimble_10698/githubcom_xflywindwepoll/.git/objects/fb/tmp_obj_0p0mIQ')
mkdir('/tmp/nimble_10698/githubcom_xflywindwepoll/.git/objects/d3', 0x00000000000001ff)
link('/tmp/nimble_10698/githubcom_xflywindwepoll/.git/objects/d3/tmp_obj_cKZekV', '/tmp/nimble_10698/githubcom_xflywindwepoll/.git/objects/d3/34d0833c9fba4d564ea8bbbe7d279288cd5964')
unlink('/tmp/nimble_10698/githubcom_xflywindwepoll/.git/objects/d3/tmp_obj_cKZekV')
mkdir('/tmp/nimble_10698/githubcom_xflywindwepoll/.git/objects/72', 0x00000000000001ff)
link('/tmp/nimble_10698/githubcom_xflywindwepoll/.git/objects/72/tmp_obj_uZ85x3', '/tmp/nimble_10698/githubcom_xflywindwepoll/.git/objects/72/935b2ca8613628a6225fe9da23d0590c6a5ef4')
unlink('/tmp/nimble_10698/githubcom_xflywindwepoll/.git/objects/72/tmp_obj_uZ85x3')
mkdir('/tmp/nimble_10698/githubcom_xflywindwepoll/.git/objects/95', 0x00000000000001ff)
link('/tmp/nimble_10698/githubcom_xflywindwepoll/.git/objects/95/tmp_obj_6w6mf6', '/tmp/nimble_10698/githubcom_xflywindwepoll/.git/objects/95/3b8923834e237441744790afaea0a8b9dd21d8')
unlink('/tmp/nimble_10698/githubcom_xflywindwepoll/.git/objects/95/tmp_obj_6w6mf6')
mkdir('/tmp/nimble_10698/githubcom_xflywindwepoll/.git/objects/8d', 0x00000000000001ff)
link('/tmp/nimble_10698/githubcom_xflywindwepoll/.git/objects/8d/tmp_obj_gsZTsa', '/tmp/nimble_10698/githubcom_xflywindwepoll/.git/objects/8d/74794399831770110e37d3d46eb2662b231ff3')
unlink('/tmp/nimble_10698/githubcom_xflywindwepoll/.git/objects/8d/tmp_obj_gsZTsa')
mkdir('/tmp/nimble_10698/githubcom_xflywindwepoll/.git/objects/d7', 0x00000000000001ff)
link('/tmp/nimble_10698/githubcom_xflywindwepoll/.git/objects/d7/tmp_obj_2mQMVf', '/tmp/nimble_10698/githubcom_xflywindwepoll/.git/objects/d7/fc4b1170534d221d6afad77b3932765bb1bd8f')
unlink('/tmp/nimble_10698/githubcom_xflywindwepoll/.git/objects/d7/tmp_obj_2mQMVf')
mkdir('/tmp/nimble_10698/githubcom_xflywindwepoll/.git/objects/18', 0x00000000000001ff)
link('/tmp/nimble_10698/githubcom_xflywindwepoll/.git/objects/18/tmp_obj_OTU4Gj', '/tmp/nimble_10698/githubcom_xflywindwepoll/.git/objects/18/6d3f2d485704f91366ac66426a43e18029d743')
unlink('/tmp/nimble_10698/githubcom_xflywindwepoll/.git/objects/18/tmp_obj_OTU4Gj')
mkdir('/tmp/nimble_10698/githubcom_xflywindwepoll/.git/objects/6b', 0x00000000000001ff)
link('/tmp/nimble_10698/githubcom_xflywindwepoll/.git/objects/6b/tmp_obj_b9qGah', '/tmp/nimble_10698/githubcom_xflywindwepoll/.git/objects/6b/0d0dce9380b22875c609e591c24efba8138e16')       Info /tmp/nimble_10698/githubcom_xflywindwepoll/wepoll_10698.nims(1, 8) Warning: imported and not used: 'system' [UnusedImport]
        ... /tmp/nimble_10698/githubcom_xflywindwepoll/wepoll_10698.nims(5, 22) Warning: imported and not used: 'strutils' [UnusedImport]
  Verifying dependencies for wepoll@0.1.0
 Installing wepoll@0.1.0
    Copying file /tmp/nimble_10698/githubcom_xflywindwepoll/src/wepoll.nim to /home/runner/.nimble/pkgs/wepoll-0.1.0/wepoll.nim
    Copying file /tmp/nimble_10698/githubcom_xflywindwepoll/src/wepoll/LICENSE to /home/runner/.nimble/pkgs/wepoll-0.1.0/wepoll/LICENSE
    Copying file /tmp/nimble_10698/githubcom_xflywindwepoll/src/wepoll/wepoll.c to /home/runner/.nimble/pkgs/wepoll-0.1.0/wepoll/wepoll.c
    Copying file /tmp/nimble_10698/githubcom_xflywindwepoll/src/wepoll/wepoll.h to /home/runner/.nimble/pkgs/wepoll-0.1.0/wepoll/wepoll.h
    Copying file /tmp/nimble_10698/githubcom_xflywindwepoll/src/wepoll/README.md to /home/runner/.nimble/pkgs/wepoll-0.1.0/wepoll/README.md
    Copying file /tmp/nimble_10698/githubcom_xflywindwepoll/src/wepoll/wepoll.nim to /home/runner/.nimble/pkgs/wepoll-0.1.0/wepoll/wepoll.nim
    Copying file /tmp/nimble_10698/githubcom_xflywindwepoll/wepoll.nimble to /home/runner/.nimble/pkgs/wepoll-0.1.0/wepoll.nimble
   Success: wepoll installed successfully.
       Info /home/runner/.nimble/pkgs/wepoll-0.1.0/wepoll_10698.nims(1, 8) Warning: imported and not used: 'system' [UnusedImport]
        ... /home/runner/.nimble/pkgs/wepoll-0.1.0/wepoll_10698.nims(5, 22) Warning: imported and not used: 'strutils' [UnusedImport]

unlink('/tmp/nimble_10698/githubcom_xflywindwepoll/.git/objects/6b/tmp_obj_b9qGah')
mkdir('/tmp/nimble_10698/githubcom_xflywindwepoll/.git/objects/3b', 0x00000000000001ff)
link('/tmp/nimble_10698/githubcom_xflywindwepoll/.git/objects/3b/tmp_obj_r1OoXi', '/tmp/nimble_10698/githubcom_xflywindwepoll/.git/objects/3b/b69f82af2b03d759a985634d69563496d956b6')
unlink('/tmp/nimble_10698/githubcom_xflywindwepoll/.git/objects/3b/tmp_obj_r1OoXi')
link('/tmp/nimble_10698/githubcom_xflywindwepoll/.git/objects/94/tmp_obj_ReDOVj', '/tmp/nimble_10698/githubcom_xflywindwepoll/.git/objects/94/c399a899c9ea2cde4d0a0d2b92b26b032d6946')
unlink('/tmp/nimble_10698/githubcom_xflywindwepoll/.git/objects/94/tmp_obj_ReDOVj')
mkdir('/tmp/nimble_10698/githubcom_xflywindwepoll/.git/objects/a4', 0x00000000000001ff)
link('/tmp/nimble_10698/githubcom_xflywindwepoll/.git/objects/a4/tmp_obj_5Z7zHn', '/tmp/nimble_10698/githubcom_xflywindwepoll/.git/objects/a4/64ec1b0d9fe5b6d7d71b4429fe39b4219d7411')
unlink('/tmp/nimble_10698/githubcom_xflywindwepoll/.git/objects/a4/tmp_obj_5Z7zHn')
rename('/tmp/nimble_10698/githubcom_xflywindwepoll/.git/shallow.lock', '/tmp/nimble_10698/githubcom_xflywindwepoll/.git/shallow')
rename('/tmp/nimble_10698/githubcom_xflywindwepoll/.git/packed-refs.new', '/tmp/nimble_10698/githubcom_xflywindwepoll/.git/packed-refs')
unlink('/tmp/nimble_10698/githubcom_xflywindwepoll/.git/packed-refs.lock')
unlink('/tmp/nimble_10698/githubcom_xflywindwepoll/.git/refs/tags/v0.1.0.lock')
mkdir('/tmp/nimble_10698/githubcom_xflywindwepoll/.git/logs', 0x00000000000001ff)
rename('/tmp/nimble_10698/githubcom_xflywindwepoll/.git/HEAD.lock', '/tmp/nimble_10698/githubcom_xflywindwepoll/.git/HEAD')
mkdir('src', 0x00000000000001ff)
mkdir('src/wepoll', 0x00000000000001ff)
mkdir('tests', 0x00000000000001ff)
rename('/tmp/nimble_10698/githubcom_xflywindwepoll/.git/index.lock', '/tmp/nimble_10698/githubcom_xflywindwepoll/.git/index')
mkdir('/tmp', 0x00000000000001ff)
mkdir('/tmp/nimblecache', 0x00000000000001ff)
mkdir('/tmp/nimblecache/wepoll_3195025362', 0x00000000000001ff)
unlink('/tmp/nimblecache/wepoll_3195025362/wepoll.ini')
unlink('/tmp/nimble_10698.out')
unlink('/tmp/nimble_10698/githubcom_xflywindwepoll/wepoll_10698.nims')
mkdir('/home', 0x00000000000001ff)
mkdir('/home/runner', 0x00000000000001ff)
mkdir('/home/runner/.nimble', 0x00000000000001ff)
mkdir('/home/runner/.nimble/pkgs', 0x00000000000001ff)
mkdir('/home/runner/.nimble/pkgs/wepoll-0.1.0', 0x00000000000001ff)
mkdir('/home', 0x00000000000001ff)
mkdir('/home/runner', 0x00000000000001ff)
mkdir('/home/runner/.nimble', 0x00000000000001ff)
mkdir('/home/runner/.nimble/pkgs', 0x00000000000001ff)
mkdir('/home/runner/.nimble/pkgs/wepoll-0.1.0', 0x00000000000001ff)
chmod('/home/runner/.nimble/pkgs/wepoll-0.1.0/wepoll.nim', 0x00000000000001a4)
mkdir('/home', 0x00000000000001ff)
mkdir('/home/runner', 0x00000000000001ff)
mkdir('/home/runner/.nimble', 0x00000000000001ff)
mkdir('/home/runner/.nimble/pkgs', 0x00000000000001ff)
mkdir('/home/runner/.nimble/pkgs/wepoll-0.1.0', 0x00000000000001ff)
mkdir('/home/runner/.nimble/pkgs/wepoll-0.1.0/wepoll', 0x00000000000001ff)
chmod('/home/runner/.nimble/pkgs/wepoll-0.1.0/wepoll/LICENSE', 0x00000000000001a4)
mkdir('/home', 0x00000000000001ff)
mkdir('/home/runner', 0x00000000000001ff)
mkdir('/home/runner/.nimble', 0x00000000000001ff)
mkdir('/home/runner/.nimble/pkgs', 0x00000000000001ff)
mkdir('/home/runner/.nimble/pkgs/wepoll-0.1.0', 0x00000000000001ff)
mkdir('/home/runner/.nimble/pkgs/wepoll-0.1.0/wepoll', 0x00000000000001ff)
chmod('/home/runner/.nimble/pkgs/wepoll-0.1.0/wepoll/wepoll.c', 0x00000000000001a4)
mkdir('/home', 0x00000000000001ff)
mkdir('/home/runner', 0x00000000000001ff)
mkdir('/home/runner/.nimble', 0x00000000000001ff)
mkdir('/home/runner/.nimble/pkgs', 0x00000000000001ff)
mkdir('/home/runner/.nimble/pkgs/wepoll-0.1.0', 0x00000000000001ff)
mkdir('/home/runner/.nimble/pkgs/wepoll-0.1.0/wepoll', 0x00000000000001ff)
chmod('/home/runner/.nimble/pkgs/wepoll-0.1.0/wepoll/wepoll.h', 0x00000000000001a4)
mkdir('/home', 0x00000000000001ff)
mkdir('/home/runner', 0x00000000000001ff)
mkdir('/home/runner/.nimble', 0x00000000000001ff)
mkdir('/home/runner/.nimble/pkgs', 0x00000000000001ff)
mkdir('/home/runner/.nimble/pkgs/wepoll-0.1.0', 0x00000000000001ff)
mkdir('/home/runner/.nimble/pkgs/wepoll-0.1.0/wepoll', 0x00000000000001ff)
chmod('/home/runner/.nimble/pkgs/wepoll-0.1.0/wepoll/README.md', 0x00000000000001a4)
mkdir('/home', 0x00000000000001ff)
mkdir('/home/runner', 0x00000000000001ff)
mkdir('/home/runner/.nimble', 0x00000000000001ff)
mkdir('/home/runner/.nimble/pkgs', 0x00000000000001ff)
mkdir('/home/runner/.nimble/pkgs/wepoll-0.1.0', 0x00000000000001ff)
mkdir('/home/runner/.nimble/pkgs/wepoll-0.1.0/wepoll', 0x00000000000001ff)
chmod('/home/runner/.nimble/pkgs/wepoll-0.1.0/wepoll/wepoll.nim', 0x00000000000001a4)
chmod('/home/runner/.nimble/pkgs/wepoll-0.1.0/wepoll.nimble', 0x00000000000001a4)
mkdir('/tmp', 0x00000000000001ff)
mkdir('/tmp/nimblecache', 0x00000000000001ff)
mkdir('/tmp/nimblecache/wepoll_333231274', 0x00000000000001ff)
unlink('/tmp/nimblecache/wepoll_333231274/wepoll.ini')
unlink('/tmp/nimble_10698.out')
unlink('/home/runner/.nimble/pkgs/wepoll-0.1.0/wepoll_10698.nims')
unlink('/tmp/nimble_10698/githubcom_xflywindwepoll/LICENSE')
unlink('/tmp/nimble_10698/githubcom_xflywindwepoll/tests/config.nims')
unlink('/tmp/nimble_10698/githubcom_xflywindwepoll/tests/test1.nim')
rmdir('/tmp/nimble_10698/githubcom_xflywindwepoll/tests')
unlink('/tmp/nimble_10698/githubcom_xflywindwepoll/.gitattributes')
unlink('/tmp/nimble_10698/githubcom_xflywindwepoll/src/wepoll.nim')
unlink('/tmp/nimble_10698/githubcom_xflywindwepoll/src/wepoll/LICENSE')
unlink('/tmp/nimble_10698/githubcom_xflywindwepoll/src/wepoll/wepoll.c')
unlink('/tmp/nimble_10698/githubcom_xflywindwepoll/src/wepoll/wepoll.h')
unlink('/tmp/nimble_10698/githubcom_xflywindwepoll/src/wepoll/README.md')
unlink('/tmp/nimble_10698/githubcom_xflywindwepoll/src/wepoll/wepoll.nim')
rmdir('/tmp/nimble_10698/githubcom_xflywindwepoll/src/wepoll')
rmdir('/tmp/nimble_10698/githubcom_xflywindwepoll/src')
unlink('/tmp/nimble_10698/githubcom_xflywindwepoll/README.md')
unlink('/tmp/nimble_10698/githubcom_xflywindwepoll/.git/index')
unlink('/tmp/nimble_10698/githubcom_xflywindwepoll/.git/packed-refs')
unlink('/tmp/nimble_10698/githubcom_xflywindwepoll/.git/description')
unlink('/tmp/nimble_10698/githubcom_xflywindwepoll/.git/logs/HEAD')
rmdir('/tmp/nimble_10698/githubcom_xflywindwepoll/.git/logs')
unlink('/tmp/nimble_10698/githubcom_xflywindwepoll/.git/info/exclude')
rmdir('/tmp/nimble_10698/githubcom_xflywindwepoll/.git/info')
unlink('/tmp/nimble_10698/githubcom_xflywindwepoll/.git/hooks/pre-rebase.sample')
unlink('/tmp/nimble_10698/githubcom_xflywindwepoll/.git/hooks/pre-merge-commit.sample')
unlink('/tmp/nimble_10698/githubcom_xflywindwepoll/.git/hooks/applypatch-msg.sample')
unlink('/tmp/nimble_10698/githubcom_xflywindwepoll/.git/hooks/pre-receive.sample')
unlink('/tmp/nimble_10698/githubcom_xflywindwepoll/.git/hooks/pre-push.sample')
unlink('/tmp/nimble_10698/githubcom_xflywindwepoll/.git/hooks/prepare-commit-msg.sample')
unlink('/tmp/nimble_10698/githubcom_xflywindwepoll/.git/hooks/commit-msg.sample')
unlink('/tmp/nimble_10698/githubcom_xflywindwepoll/.git/hooks/pre-applypatch.sample')
unlink('/tmp/nimble_10698/githubcom_xflywindwepoll/.git/hooks/fsmonitor-watchman.sample')
unlink('/tmp/nimble_10698/githubcom_xflywindwepoll/.git/hooks/pre-commit.sample')
unlink('/tmp/nimble_10698/githubcom_xflywindwepoll/.git/hooks/post-update.sample')
unlink('/tmp/nimble_10698/githubcom_xflywindwepoll/.git/hooks/update.sample')
rmdir('/tmp/nimble_10698/githubcom_xflywindwepoll/.git/hooks')
unlink('/tmp/nimble_10698/githubcom_xflywindwepoll/.git/shallow')
rmdir('/tmp/nimble_10698/githubcom_xflywindwepoll/.git/branches')
unlink('/tmp/nimble_10698/githubcom_xflywindwepoll/.git/objects/8d/74794399831770110e37d3d46eb2662b231ff3')
rmdir('/tmp/nimble_10698/githubcom_xflywindwepoll/.git/objects/8d')
rmdir('/tmp/nimble_10698/githubcom_xflywindwepoll/.git/objects/pack')
unlink('/tmp/nimble_10698/githubcom_xflywindwepoll/.git/objects/6b/0d0dce9380b22875c609e591c24efba8138e16')
rmdir('/tmp/nimble_10698/githubcom_xflywindwepoll/.git/objects/6b')
unlink('/tmp/nimble_10698/githubcom_xflywindwepoll/.git/objects/d3/34d0833c9fba4d564ea8bbbe7d279288cd5964')
rmdir('/tmp/nimble_10698/githubcom_xflywindwepoll/.git/objects/d3')
unlink('/tmp/nimble_10698/githubcom_xflywindwepoll/.git/objects/94/c399a899c9ea2cde4d0a0d2b92b26b032d6946')
unlink('/tmp/nimble_10698/githubcom_xflywindwepoll/.git/objects/94/f505e024daef8821f728ab5870fe449d31db93')
rmdir('/tmp/nimble_10698/githubcom_xflywindwepoll/.git/objects/94')
unlink('/tmp/nimble_10698/githubcom_xflywindwepoll/.git/objects/d1/d67bd84545888f136c6f39188771a884998d5e')
rmdir('/tmp/nimble_10698/githubcom_xflywindwepoll/.git/objects/d1')
unlink('/tmp/nimble_10698/githubcom_xflywindwepoll/.git/objects/31/0e668fe8da48f3eee77374263463a2093f725a')
rmdir('/tmp/nimble_10698/githubcom_xflywindwepoll/.git/objects/31')
unlink('/tmp/nimble_10698/githubcom_xflywindwepoll/.git/objects/fb/e8c06854b63785d2fe5e5ec1e9d39b1b7f5bf8')
rmdir('/tmp/nimble_10698/githubcom_xflywindwepoll/.git/objects/fb')
rmdir('/tmp/nimble_10698/githubcom_xflywindwepoll/.git/objects/info')
unlink('/tmp/nimble_10698/githubcom_xflywindwepoll/.git/objects/3b/b69f82af2b03d759a985634d69563496d956b6')
rmdir('/tmp/nimble_10698/githubcom_xflywindwepoll/.git/objects/3b')
unlink('/tmp/nimble_10698/githubcom_xflywindwepoll/.git/objects/d7/fc4b1170534d221d6afad77b3932765bb1bd8f')
rmdir('/tmp/nimble_10698/githubcom_xflywindwepoll/.git/objects/d7')
unlink('/tmp/nimble_10698/githubcom_xflywindwepoll/.git/objects/c4/9c3280130bb724f1601b1d42f5b7deabad3198')
rmdir('/tmp/nimble_10698/githubcom_xflywindwepoll/.git/objects/c4')
unlink('/tmp/nimble_10698/githubcom_xflywindwepoll/.git/objects/a4/64ec1b0d9fe5b6d7d71b4429fe39b4219d7411')
rmdir('/tmp/nimble_10698/githubcom_xflywindwepoll/.git/objects/a4')
unlink('/tmp/nimble_10698/githubcom_xflywindwepoll/.git/objects/4e/d1e8da70f5fd570370a932150b850c802bb6d2')
rmdir('/tmp/nimble_10698/githubcom_xflywindwepoll/.git/objects/4e')
unlink('/tmp/nimble_10698/githubcom_xflywindwepoll/.git/objects/18/6d3f2d485704f91366ac66426a43e18029d743')
rmdir('/tmp/nimble_10698/githubcom_xflywindwepoll/.git/objects/18')
unlink('/tmp/nimble_10698/githubcom_xflywindwepoll/.git/objects/95/3b8923834e237441744790afaea0a8b9dd21d8')
rmdir('/tmp/nimble_10698/githubcom_xflywindwepoll/.git/objects/95')
unlink('/tmp/nimble_10698/githubcom_xflywindwepoll/.git/objects/72/935b2ca8613628a6225fe9da23d0590c6a5ef4')
rmdir('/tmp/nimble_10698/githubcom_xflywindwepoll/.git/objects/72')
unlink('/tmp/nimble_10698/githubcom_xflywindwepoll/.git/objects/33/0ebf1e322c9541330fa9004f5f73c2c51255f7')
rmdir('/tmp/nimble_10698/githubcom_xflywindwepoll/.git/objects/33')
rmdir('/tmp/nimble_10698/githubcom_xflywindwepoll/.git/objects')
unlink('/tmp/nimble_10698/githubcom_xflywindwepoll/.git/config')
unlink('/tmp/nimble_10698/githubcom_xflywindwepoll/.git/HEAD')
rmdir('/tmp/nimble_10698/githubcom_xflywindwepoll/.git/refs/heads')
rmdir('/tmp/nimble_10698/githubcom_xflywindwepoll/.git/refs/tags')
rmdir('/tmp/nimble_10698/githubcom_xflywindwepoll/.git/refs')
rmdir('/tmp/nimble_10698/githubcom_xflywindwepoll/.git')
unlink('/tmp/nimble_10698/githubcom_xflywindwepoll/wepoll.nimble')
rmdir('/tmp/nimble_10698/githubcom_xflywindwepoll')
rmdir('/tmp/nimble_10698')
  create directory /tmp
  create directory /tmp/nimble_10698
  create directory /tmp/nimble_10698/githubcom_xflywindwepoll
  delete /tmp/nimble_10698/githubcom_xflywindwepoll
  create directory /tmp/nimble_10698/githubcom_xflywindwepoll
  create directory /tmp/nimble_10698/githubcom_xflywindwepoll/.git
  create directory /tmp/nimble_10698/githubcom_xflywindwepoll/.git
  create directory /tmp/nimble_10698/githubcom_xflywindwepoll/.git/info
  create directory /tmp/nimble_10698/githubcom_xflywindwepoll/.git/hooks
  create directory /tmp/nimble_10698/githubcom_xflywindwepoll/.git/branches
  create directory /tmp/nimble_10698/githubcom_xflywindwepoll/.git/refs
  create directory /tmp/nimble_10698/githubcom_xflywindwepoll/.git/refs/heads
  create directory /tmp/nimble_10698/githubcom_xflywindwepoll/.git/refs/tags
  rename /tmp/nimble_10698/githubcom_xflywindwepoll/.git/HEAD.lock to HEAD
  rename /tmp/nimble_10698/githubcom_xflywindwepoll/.git/config.lock to config
  change permissions of /tmp/nimble_10698/githubcom_xflywindwepoll/.git/config to rwxr--r--
  change permissions of /tmp/nimble_10698/githubcom_xflywindwepoll/.git/config to rw-r--r--
  change permissions of /tmp/nimble_10698/githubcom_xflywindwepoll/.git/config.lock to rw-r--r--
  rename /tmp/nimble_10698/githubcom_xflywindwepoll/.git/config.lock to config
  change permissions of /tmp/nimble_10698/githubcom_xflywindwepoll/.git/config.lock to rw-r--r--
  rename /tmp/nimble_10698/githubcom_xflywindwepoll/.git/config.lock to config
  change permissions of /tmp/nimble_10698/githubcom_xflywindwepoll/.git/config.lock to rw-r--r--
  rename /tmp/nimble_10698/githubcom_xflywindwepoll/.git/config.lock to config
  delete /tmp/nimble_10698/githubcom_xflywindwepoll/.git/t2qDXM6
  create symbolic link from /tmp/nimble_10698/githubcom_xflywindwepoll/.git/t2qDXM6 to /home/runner/work/nim_packages_security_audit/nim_packages_security_audit/testing
  delete /tmp/nimble_10698/githubcom_xflywindwepoll/.git/t2qDXM6
  create directory /tmp/nimble_10698/githubcom_xflywindwepoll/.git/objects
  create directory /tmp/nimble_10698/githubcom_xflywindwepoll/.git/objects/pack
  create directory /tmp/nimble_10698/githubcom_xflywindwepoll/.git/objects/info
  change permissions of /tmp/nimble_10698/githubcom_xflywindwepoll/.git/config.lock to rw-r--r--
  rename /tmp/nimble_10698/githubcom_xflywindwepoll/.git/config.lock to config
  change permissions of /tmp/nimble_10698/githubcom_xflywindwepoll/.git/config.lock to rw-r--r--
  rename /tmp/nimble_10698/githubcom_xflywindwepoll/.git/config.lock to config
  change permissions of /tmp/nimble_10698/githubcom_xflywindwepoll/.git/config.lock to rw-r--r--
  rename /tmp/nimble_10698/githubcom_xflywindwepoll/.git/config.lock to config
  change permissions of /tmp/nimble_10698/githubcom_xflywindwepoll/.git/config.lock to rw-r--r--
  rename /tmp/nimble_10698/githubcom_xflywindwepoll/.git/config.lock to config
  create directory /tmp/nimble_10698/githubcom_xflywindwepoll/.git/objects/c4
  create hard link from /tmp/nimble_10698/githubcom_xflywindwepoll/.git/objects/c4/9c3280130bb724f1601b1d42f5b7deabad3198 to /tmp/nimble_10698/githubcom_xflywindwepoll/.git/objects/c4/tmp_obj_CLfkLy
  delete /tmp/nimble_10698/githubcom_xflywindwepoll/.git/objects/c4/tmp_obj_CLfkLy
  create directory /tmp/nimble_10698/githubcom_xflywindwepoll/.git/objects/31
  create hard link from /tmp/nimble_10698/githubcom_xflywindwepoll/.git/objects/31/0e668fe8da48f3eee77374263463a2093f725a to /tmp/nimble_10698/githubcom_xflywindwepoll/.git/objects/31/tmp_obj_IIoCXD
  delete /tmp/nimble_10698/githubcom_xflywindwepoll/.git/objects/31/tmp_obj_IIoCXD
  create directory /tmp/nimble_10698/githubcom_xflywindwepoll/.git/objects/d1
  create hard link from /tmp/nimble_10698/githubcom_xflywindwepoll/.git/objects/d1/d67bd84545888f136c6f39188771a884998d5e to /tmp/nimble_10698/githubcom_xflywindwepoll/.git/objects/d1/tmp_obj_sM6LWF
  delete /tmp/nimble_10698/githubcom_xflywindwepoll/.git/objects/d1/tmp_obj_sM6LWF
  create directory /tmp/nimble_10698/githubcom_xflywindwepoll/.git/objects/33
  create hard link from /tmp/nimble_10698/githubcom_xflywindwepoll/.git/objects/33/0ebf1e322c9541330fa9004f5f73c2c51255f7 to /tmp/nimble_10698/githubcom_xflywindwepoll/.git/objects/33/tmp_obj_QkScdI
  delete /tmp/nimble_10698/githubcom_xflywindwepoll/.git/objects/33/tmp_obj_QkScdI
  create directory /tmp/nimble_10698/githubcom_xflywindwepoll/.git/objects/4e
  create hard link from /tmp/nimble_10698/githubcom_xflywindwepoll/.git/objects/4e/d1e8da70f5fd570370a932150b850c802bb6d2 to /tmp/nimble_10698/githubcom_xflywindwepoll/.git/objects/4e/tmp_obj_e9f3iK
  delete /tmp/nimble_10698/githubcom_xflywindwepoll/.git/objects/4e/tmp_obj_e9f3iK
  create directory /tmp/nimble_10698/githubcom_xflywindwepoll/.git/objects/94
  create hard link from /tmp/nimble_10698/githubcom_xflywindwepoll/.git/objects/94/f505e024daef8821f728ab5870fe449d31db93 to /tmp/nimble_10698/githubcom_xflywindwepoll/.git/objects/94/tmp_obj_uRS7bQ
  delete /tmp/nimble_10698/githubcom_xflywindwepoll/.git/objects/94/tmp_obj_uRS7bQ
  create directory /tmp/nimble_10698/githubcom_xflywindwepoll/.git/objects/fb
  create hard link from /tmp/nimble_10698/githubcom_xflywindwepoll/.git/objects/fb/e8c06854b63785d2fe5e5ec1e9d39b1b7f5bf8 to /tmp/nimble_10698/githubcom_xflywindwepoll/.git/objects/fb/tmp_obj_0p0mIQ
  delete /tmp/nimble_10698/githubcom_xflywindwepoll/.git/objects/fb/tmp_obj_0p0mIQ
  create directory /tmp/nimble_10698/githubcom_xflywindwepoll/.git/objects/d3
  create hard link from /tmp/nimble_10698/githubcom_xflywindwepoll/.git/objects/d3/34d0833c9fba4d564ea8bbbe7d279288cd5964 to /tmp/nimble_10698/githubcom_xflywindwepoll/.git/objects/d3/tmp_obj_cKZekV
  delete /tmp/nimble_10698/githubcom_xflywindwepoll/.git/objects/d3/tmp_obj_cKZekV
  create directory /tmp/nimble_10698/githubcom_xflywindwepoll/.git/objects/72
  create hard link from /tmp/nimble_10698/githubcom_xflywindwepoll/.git/objects/72/935b2ca8613628a6225fe9da23d0590c6a5ef4 to /tmp/nimble_10698/githubcom_xflywindwepoll/.git/objects/72/tmp_obj_uZ85x3
  delete /tmp/nimble_10698/githubcom_xflywindwepoll/.git/objects/72/tmp_obj_uZ85x3
  create directory /tmp/nimble_10698/githubcom_xflywindwepoll/.git/objects/95
  create hard link from /tmp/nimble_10698/githubcom_xflywindwepoll/.git/objects/95/3b8923834e237441744790afaea0a8b9dd21d8 to /tmp/nimble_10698/githubcom_xflywindwepoll/.git/objects/95/tmp_obj_6w6mf6
  delete /tmp/nimble_10698/githubcom_xflywindwepoll/.git/objects/95/tmp_obj_6w6mf6
  create directory /tmp/nimble_10698/githubcom_xflywindwepoll/.git/objects/8d
  create hard link from /tmp/nimble_10698/githubcom_xflywindwepoll/.git/objects/8d/74794399831770110e37d3d46eb2662b231ff3 to /tmp/nimble_10698/githubcom_xflywindwepoll/.git/objects/8d/tmp_obj_gsZTsa
  delete /tmp/nimble_10698/githubcom_xflywindwepoll/.git/objects/8d/tmp_obj_gsZTsa
  create directory /tmp/nimble_10698/githubcom_xflywindwepoll/.git/objects/d7
  create hard link from /tmp/nimble_10698/githubcom_xflywindwepoll/.git/objects/d7/fc4b1170534d221d6afad77b3932765bb1bd8f to /tmp/nimble_10698/githubcom_xflywindwepoll/.git/objects/d7/tmp_obj_2mQMVf
  delete /tmp/nimble_10698/githubcom_xflywindwepoll/.git/objects/d7/tmp_obj_2mQMVf
  create directory /tmp/nimble_10698/githubcom_xflywindwepoll/.git/objects/18
  create hard link from /tmp/nimble_10698/githubcom_xflywindwepoll/.git/objects/18/6d3f2d485704f91366ac66426a43e18029d743 to /tmp/nimble_10698/githubcom_xflywindwepoll/.git/objects/18/tmp_obj_OTU4Gj
  delete /tmp/nimble_10698/githubcom_xflywindwepoll/.git/objects/18/tmp_obj_OTU4Gj
  create directory /tmp/nimble_10698/githubcom_xflywindwepoll/.git/objects/6b
  create hard link from /tmp/nimble_10698/githubcom_xflywindwepoll/.git/objects/6b/0d0dce9380b22875c609e591c24efba8138e16 to /tmp/nimble_10698/githubcom_xflywindwepoll/.git/objects/6b/tmp_obj_b9qGah
  delete /tmp/nimble_10698/githubcom_xflywindwepoll/.git/objects/6b/tmp_obj_b9qGah
  create directory /tmp/nimble_10698/githubcom_xflywindwepoll/.git/objects/3b
  create hard link from /tmp/nimble_10698/githubcom_xflywindwepoll/.git/objects/3b/b69f82af2b03d759a985634d69563496d956b6 to /tmp/nimble_10698/githubcom_xflywindwepoll/.git/objects/3b/tmp_obj_r1OoXi
  delete /tmp/nimble_10698/githubcom_xflywindwepoll/.git/objects/3b/tmp_obj_r1OoXi
  create hard link from /tmp/nimble_10698/githubcom_xflywindwepoll/.git/objects/94/c399a899c9ea2cde4d0a0d2b92b26b032d6946 to /tmp/nimble_10698/githubcom_xflywindwepoll/.git/objects/94/tmp_obj_ReDOVj
  delete /tmp/nimble_10698/githubcom_xflywindwepoll/.git/objects/94/tmp_obj_ReDOVj
  create directory /tmp/nimble_10698/githubcom_xflywindwepoll/.git/objects/a4
  create hard link from /tmp/nimble_10698/githubcom_xflywindwepoll/.git/objects/a4/64ec1b0d9fe5b6d7d71b4429fe39b4219d7411 to /tmp/nimble_10698/githubcom_xflywindwepoll/.git/objects/a4/tmp_obj_5Z7zHn
  delete /tmp/nimble_10698/githubcom_xflywindwepoll/.git/objects/a4/tmp_obj_5Z7zHn
  rename /tmp/nimble_10698/githubcom_xflywindwepoll/.git/shallow.lock to shallow
  rename /tmp/nimble_10698/githubcom_xflywindwepoll/.git/packed-refs.new to packed-refs
  delete /tmp/nimble_10698/githubcom_xflywindwepoll/.git/packed-refs.lock
  delete /tmp/nimble_10698/githubcom_xflywindwepoll/.git/refs/tags/v0.1.0.lock
  create directory /tmp/nimble_10698/githubcom_xflywindwepoll/.git/logs
  rename /tmp/nimble_10698/githubcom_xflywindwepoll/.git/HEAD.lock to HEAD
  create directory /tmp/nimble_10698/githubcom_xflywindwepoll/src
  create directory /tmp/nimble_10698/githubcom_xflywindwepoll/src/wepoll
  create directory /tmp/nimble_10698/githubcom_xflywindwepoll/tests
  rename /tmp/nimble_10698/githubcom_xflywindwepoll/.git/index.lock to index
  create directory /tmp
  create directory /tmp/nimblecache
  create directory /tmp/nimblecache/wepoll_3195025362
  delete /tmp/nimblecache/wepoll_3195025362/wepoll.ini
  delete /tmp/nimble_10698.out
  delete /tmp/nimble_10698/githubcom_xflywindwepoll/wepoll_10698.nims
  create directory /home
  create directory /home/runner
  create directory /home/runner/.nimble
  create directory /home/runner/.nimble/pkgs
  create directory /home/runner/.nimble/pkgs/wepoll-0.1.0
  create directory /home
  create directory /home/runner
  create directory /home/runner/.nimble
  create directory /home/runner/.nimble/pkgs
  create directory /home/runner/.nimble/pkgs/wepoll-0.1.0
  change permissions of /home/runner/.nimble/pkgs/wepoll-0.1.0/wepoll.nim to rw-r--r--
  create directory /home
  create directory /home/runner
  create directory /home/runner/.nimble
  create directory /home/runner/.nimble/pkgs
  create directory /home/runner/.nimble/pkgs/wepoll-0.1.0
  create directory /home/runner/.nimble/pkgs/wepoll-0.1.0/wepoll
  change permissions of /home/runner/.nimble/pkgs/wepoll-0.1.0/wepoll/LICENSE to rw-r--r--
  create directory /home
  create directory /home/runner
  create directory /home/runner/.nimble
  create directory /home/runner/.nimble/pkgs
  create directory /home/runner/.nimble/pkgs/wepoll-0.1.0
  create directory /home/runner/.nimble/pkgs/wepoll-0.1.0/wepoll
  change permissions of /home/runner/.nimble/pkgs/wepoll-0.1.0/wepoll/wepoll.c to rw-r--r--
  create directory /home
  create directory /home/runner
  create directory /home/runner/.nimble
  create directory /home/runner/.nimble/pkgs
  create directory /home/runner/.nimble/pkgs/wepoll-0.1.0
  create directory /home/runner/.nimble/pkgs/wepoll-0.1.0/wepoll
  change permissions of /home/runner/.nimble/pkgs/wepoll-0.1.0/wepoll/wepoll.h to rw-r--r--
  create directory /home
  create directory /home/runner
  create directory /home/runner/.nimble
  create directory /home/runner/.nimble/pkgs
  create directory /home/runner/.nimble/pkgs/wepoll-0.1.0
  create directory /home/runner/.nimble/pkgs/wepoll-0.1.0/wepoll
  change permissions of /home/runner/.nimble/pkgs/wepoll-0.1.0/wepoll/README.md to rw-r--r--
  create directory /home
  create directory /home/runner
  create directory /home/runner/.nimble
  create directory /home/runner/.nimble/pkgs
  create directory /home/runner/.nimble/pkgs/wepoll-0.1.0
  create directory /home/runner/.nimble/pkgs/wepoll-0.1.0/wepoll
  change permissions of /home/runner/.nimble/pkgs/wepoll-0.1.0/wepoll/wepoll.nim to rw-r--r--
  change permissions of /home/runner/.nimble/pkgs/wepoll-0.1.0/wepoll.nimble to rw-r--r--
  create directory /tmp
  create directory /tmp/nimblecache
  create directory /tmp/nimblecache/wepoll_333231274
  delete /tmp/nimblecache/wepoll_333231274/wepoll.ini
  delete /tmp/nimble_10698.out
  delete /home/runner/.nimble/pkgs/wepoll-0.1.0/wepoll_10698.nims
  delete /tmp/nimble_10698/githubcom_xflywindwepoll/LICENSE
  delete /tmp/nimble_10698/githubcom_xflywindwepoll/tests/config.nims
  delete /tmp/nimble_10698/githubcom_xflywindwepoll/tests/test1.nim
  delete /tmp/nimble_10698/githubcom_xflywindwepoll/tests
  delete /tmp/nimble_10698/githubcom_xflywindwepoll/.gitattributes
  delete /tmp/nimble_10698/githubcom_xflywindwepoll/src/wepoll.nim
  delete /tmp/nimble_10698/githubcom_xflywindwepoll/src/wepoll/LICENSE
  delete /tmp/nimble_10698/githubcom_xflywindwepoll/src/wepoll/wepoll.c
  delete /tmp/nimble_10698/githubcom_xflywindwepoll/src/wepoll/wepoll.h
  delete /tmp/nimble_10698/githubcom_xflywindwepoll/src/wepoll/README.md
  delete /tmp/nimble_10698/githubcom_xflywindwepoll/src/wepoll/wepoll.nim
  delete /tmp/nimble_10698/githubcom_xflywindwepoll/src/wepoll
  delete /tmp/nimble_10698/githubcom_xflywindwepoll/src
  delete /tmp/nimble_10698/githubcom_xflywindwepoll/README.md
  delete /tmp/nimble_10698/githubcom_xflywindwepoll/.git/index
  delete /tmp/nimble_10698/githubcom_xflywindwepoll/.git/packed-refs
  delete /tmp/nimble_10698/githubcom_xflywindwepoll/.git/description
  delete /tmp/nimble_10698/githubcom_xflywindwepoll/.git/logs/HEAD
  delete /tmp/nimble_10698/githubcom_xflywindwepoll/.git/logs
  delete /tmp/nimble_10698/githubcom_xflywindwepoll/.git/info/exclude
  delete /tmp/nimble_10698/githubcom_xflywindwepoll/.git/info
  delete /tmp/nimble_10698/githubcom_xflywindwepoll/.git/hooks/pre-rebase.sample
  delete /tmp/nimble_10698/githubcom_xflywindwepoll/.git/hooks/pre-merge-commit.sample
  delete /tmp/nimble_10698/githubcom_xflywindwepoll/.git/hooks/applypatch-msg.sample
  delete /tmp/nimble_10698/githubcom_xflywindwepoll/.git/hooks/pre-receive.sample
  delete /tmp/nimble_10698/githubcom_xflywindwepoll/.git/hooks/pre-push.sample
  delete /tmp/nimble_10698/githubcom_xflywindwepoll/.git/hooks/prepare-commit-msg.sample
  delete /tmp/nimble_10698/githubcom_xflywindwepoll/.git/hooks/commit-msg.sample
  delete /tmp/nimble_10698/githubcom_xflywindwepoll/.git/hooks/pre-applypatch.sample
  delete /tmp/nimble_10698/githubcom_xflywindwepoll/.git/hooks/fsmonitor-watchman.sample
  delete /tmp/nimble_10698/githubcom_xflywindwepoll/.git/hooks/pre-commit.sample
  delete /tmp/nimble_10698/githubcom_xflywindwepoll/.git/hooks/post-update.sample
  delete /tmp/nimble_10698/githubcom_xflywindwepoll/.git/hooks/update.sample
  delete /tmp/nimble_10698/githubcom_xflywindwepoll/.git/hooks
  delete /tmp/nimble_10698/githubcom_xflywindwepoll/.git/shallow
  delete /tmp/nimble_10698/githubcom_xflywindwepoll/.git/branches
  delete /tmp/nimble_10698/githubcom_xflywindwepoll/.git/objects/8d/74794399831770110e37d3d46eb2662b231ff3
  delete /tmp/nimble_10698/githubcom_xflywindwepoll/.git/objects/8d
  delete /tmp/nimble_10698/githubcom_xflywindwepoll/.git/objects/pack
  delete /tmp/nimble_10698/githubcom_xflywindwepoll/.git/objects/6b/0d0dce9380b22875c609e591c24efba8138e16
  delete /tmp/nimble_10698/githubcom_xflywindwepoll/.git/objects/6b
  delete /tmp/nimble_10698/githubcom_xflywindwepoll/.git/objects/d3/34d0833c9fba4d564ea8bbbe7d279288cd5964
  delete /tmp/nimble_10698/githubcom_xflywindwepoll/.git/objects/d3
  delete /tmp/nimble_10698/githubcom_xflywindwepoll/.git/objects/94/c399a899c9ea2cde4d0a0d2b92b26b032d6946
  delete /tmp/nimble_10698/githubcom_xflywindwepoll/.git/objects/94/f505e024daef8821f728ab5870fe449d31db93
  delete /tmp/nimble_10698/githubcom_xflywindwepoll/.git/objects/94
  delete /tmp/nimble_10698/githubcom_xflywindwepoll/.git/objects/d1/d67bd84545888f136c6f39188771a884998d5e
  delete /tmp/nimble_10698/githubcom_xflywindwepoll/.git/objects/d1
  delete /tmp/nimble_10698/githubcom_xflywindwepoll/.git/objects/31/0e668fe8da48f3eee77374263463a2093f725a
  delete /tmp/nimble_10698/githubcom_xflywindwepoll/.git/objects/31
  delete /tmp/nimble_10698/githubcom_xflywindwepoll/.git/objects/fb/e8c06854b63785d2fe5e5ec1e9d39b1b7f5bf8
  delete /tmp/nimble_10698/githubcom_xflywindwepoll/.git/objects/fb
  delete /tmp/nimble_10698/githubcom_xflywindwepoll/.git/objects/info
  delete /tmp/nimble_10698/githubcom_xflywindwepoll/.git/objects/3b/b69f82af2b03d759a985634d69563496d956b6
  delete /tmp/nimble_10698/githubcom_xflywindwepoll/.git/objects/3b
  delete /tmp/nimble_10698/githubcom_xflywindwepoll/.git/objects/d7/fc4b1170534d221d6afad77b3932765bb1bd8f
  delete /tmp/nimble_10698/githubcom_xflywindwepoll/.git/objects/d7
  delete /tmp/nimble_10698/githubcom_xflywindwepoll/.git/objects/c4/9c3280130bb724f1601b1d42f5b7deabad3198
  delete /tmp/nimble_10698/githubcom_xflywindwepoll/.git/objects/c4
  delete /tmp/nimble_10698/githubcom_xflywindwepoll/.git/objects/a4/64ec1b0d9fe5b6d7d71b4429fe39b4219d7411
  delete /tmp/nimble_10698/githubcom_xflywindwepoll/.git/objects/a4
  delete /tmp/nimble_10698/githubcom_xflywindwepoll/.git/objects/4e/d1e8da70f5fd570370a932150b850c802bb6d2
  delete /tmp/nimble_10698/githubcom_xflywindwepoll/.git/objects/4e
  delete /tmp/nimble_10698/githubcom_xflywindwepoll/.git/objects/18/6d3f2d485704f91366ac66426a43e18029d743
  delete /tmp/nimble_10698/githubcom_xflywindwepoll/.git/objects/18
  delete /tmp/nimble_10698/githubcom_xflywindwepoll/.git/objects/95/3b8923834e237441744790afaea0a8b9dd21d8
  delete /tmp/nimble_10698/githubcom_xflywindwepoll/.git/objects/95
  delete /tmp/nimble_10698/githubcom_xflywindwepoll/.git/objects/72/935b2ca8613628a6225fe9da23d0590c6a5ef4
  delete /tmp/nimble_10698/githubcom_xflywindwepoll/.git/objects/72
  delete /tmp/nimble_10698/githubcom_xflywindwepoll/.git/objects/33/0ebf1e322c9541330fa9004f5f73c2c51255f7
  delete /tmp/nimble_10698/githubcom_xflywindwepoll/.git/objects/33
  delete /tmp/nimble_10698/githubcom_xflywindwepoll/.git/objects
  delete /tmp/nimble_10698/githubcom_xflywindwepoll/.git/config
  delete /tmp/nimble_10698/githubcom_xflywindwepoll/.git/HEAD
  delete /tmp/nimble_10698/githubcom_xflywindwepoll/.git/refs/heads
  delete /tmp/nimble_10698/githubcom_xflywindwepoll/.git/refs/tags
  delete /tmp/nimble_10698/githubcom_xflywindwepoll/.git/refs
  delete /tmp/nimble_10698/githubcom_xflywindwepoll/.git
  delete /tmp/nimble_10698/githubcom_xflywindwepoll/wepoll.nimble
  delete /tmp/nimble_10698/githubcom_xflywindwepoll
  delete /tmp/nimble_10698
