      Info: Package cache path /home/runner/.nimble/pkgcache
     Info:  Nimble data file "/home/runner/.nimble/nimbledata2.json" has been loaded.
    Reading official package list
Downloading https://github.com/Luteva-ssh/what_the_fork using git
   Warning: The package has no tagged releases, downloading HEAD instead.
open('/workspace/destdir/ssl/openssl.cnf', 32768, 0x00000000000001b6)
open('/home/runner/.config/nimble/nimble.ini', 557056, 0x00000000000001b6)
open('/home/runner/.config/babel/babel.ini', 557056, 0x00000000000001b6)
writev(1, 0x00007ffef9ea45b0, 2)
open('/home/runner/.nimble/nimbledata2.json', 557056, 0x00000000000001b6)
writev(1, 0x00007ffef9ea4680, 2)
writev(1, 0x00007fffc0e6bbe0, 2)
writev(1, 0x00007fffc0e6bc70, 2)
writev(1, 0x00007fffc0e6bc70, 2)
writev(1, 0x00007fffc0e6bc70, 2)
writev(1, 0x00007ffef9ea3090, 2)
open('/home/runner/.nimble/packages_official.json', 557056, 0x00000000000001b6)
mkdir('/home/', 0x00000000000001ff)
mkdir('/home/runner/', 0x00000000000001ff)
mkdir('/home/runner/.nimble/', 0x00000000000001ff)
mkdir('/home/runner/.nimble/pkgcache/', 0x00000000000001ff)
mkdir('/home/runner/.nimble/pkgcache/githubcom_Lutevasshwhatthefork', 0x00000000000001ff)
open('/home/runner/.nimble/pkgcache/githubcom_Lutevasshwhatthefork', 622592, 0x0000000000000000)
writev(1, 0x00007ffef9ea30f0, 2)
open('/home/runner/.nimble/pkgcache/githubcom_Lutevasshwhatthefork', 622592, 0x0000000000000000)
rmdir('/home/runner/.nimble/pkgcache/githubcom_Lutevasshwhatthefork')
writev(1, 0x00007ffef9ea2fe0, 2)
mkdir(94339791289104, 0x00000000000001ff)
Error tracing process: readBytes(0x000055cd31bf7b10, 256) error: [Errno 5] Input/output error.
