    Reading official package list
Downloading https://github.com/rspeer/wiki2text.git using git
    Cloning latest tagged version: v0.2.1
  Verifying dependencies for wiki2text@0.2.1
 Installing wiki2text@0.2.1
   Building wiki2text/wiki2text using c backend
    Prompt: Build failed for 'wiki2text@0.2.1', would you like to try installing 'wiki2text@#head' (latest unstable)? -> [forced yes]
    Reading official package list
Downloading https://github.com/rspeer/wiki2text.git using git
mkdir('/tmp', 0x00000000000001ff)
mkdir('/tmp/nimble_5393', 0x00000000000001ff)
mkdir('/tmp/nimble_5393/githubcom_rspeerwiki2textgit', 0x00000000000001ff)
rmdir('/tmp/nimble_5393/githubcom_rspeerwiki2textgit')
mkdir('/tmp/nimble_5393/githubcom_rspeerwiki2textgit', 0x00000000000001ff)
mkdir('/tmp/nimble_5393/githubcom_rspeerwiki2textgit/.git', 0x00000000000001ff)
mkdir('/tmp/nimble_5393/githubcom_rspeerwiki2textgit/.git/', 0x00000000000001ff)
mkdir('/tmp/nimble_5393/githubcom_rspeerwiki2textgit/.git/hooks/', 0x00000000000001ff)
mkdir('/tmp/nimble_5393/githubcom_rspeerwiki2textgit/.git/branches/', 0x00000000000001ff)
mkdir('/tmp/nimble_5393/githubcom_rspeerwiki2textgit/.git/info/', 0x00000000000001ff)
mkdir('/tmp/nimble_5393/githubcom_rspeerwiki2textgit/.git/refs', 0x00000000000001ff)
mkdir('/tmp/nimble_5393/githubcom_rspeerwiki2textgit/.git/refs/heads', 0x00000000000001ff)
mkdir('/tmp/nimble_5393/githubcom_rspeerwiki2textgit/.git/refs/tags', 0x00000000000001ff)
rename('/tmp/nimble_5393/githubcom_rspeerwiki2textgit/.git/HEAD.lock', '/tmp/nimble_5393/githubcom_rspeerwiki2textgit/.git/HEAD')
rename('/tmp/nimble_5393/githubcom_rspeerwiki2textgit/.git/config.lock', '/tmp/nimble_5393/githubcom_rspeerwiki2textgit/.git/config')
chmod('/tmp/nimble_5393/githubcom_rspeerwiki2textgit/.git/config', 0x00000000000081e4)
chmod('/tmp/nimble_5393/githubcom_rspeerwiki2textgit/.git/config', 0x00000000000081a4)
chmod('/tmp/nimble_5393/githubcom_rspeerwiki2textgit/.git/config.lock', 0x00000000000001a4)
rename('/tmp/nimble_5393/githubcom_rspeerwiki2textgit/.git/config.lock', '/tmp/nimble_5393/githubcom_rspeerwiki2textgit/.git/config')
chmod('/tmp/nimble_5393/githubcom_rspeerwiki2textgit/.git/config.lock', 0x00000000000001a4)
rename('/tmp/nimble_5393/githubcom_rspeerwiki2textgit/.git/config.lock', '/tmp/nimble_5393/githubcom_rspeerwiki2textgit/.git/config')
chmod('/tmp/nimble_5393/githubcom_rspeerwiki2textgit/.git/config.lock', 0x00000000000001a4)
rename('/tmp/nimble_5393/githubcom_rspeerwiki2textgit/.git/config.lock', '/tmp/nimble_5393/githubcom_rspeerwiki2textgit/.git/config')
unlink('/tmp/nimble_5393/githubcom_rspeerwiki2textgit/.git/tvP20nt')
symlink('testing', '/tmp/nimble_5393/githubcom_rspeerwiki2textgit/.git/tvP20nt')
unlink('/tmp/nimble_5393/githubcom_rspeerwiki2textgit/.git/tvP20nt')
mkdir('/tmp/nimble_5393/githubcom_rspeerwiki2textgit/.git/objects', 0x00000000000001ff)
mkdir('/tmp/nimble_5393/githubcom_rspeerwiki2textgit/.git/objects/pack', 0x00000000000001ff)
mkdir('/tmp/nimble_5393/githubcom_rspeerwiki2textgit/.git/objects/info', 0x00000000000001ff)
chmod('/tmp/nimble_5393/githubcom_rspeerwiki2textgit/.git/config.lock', 0x00000000000001a4)
rename('/tmp/nimble_5393/githubcom_rspeerwiki2textgit/.git/config.lock', '/tmp/nimble_5393/githubcom_rspeerwiki2textgit/.git/config')
chmod('/tmp/nimble_5393/githubcom_rspeerwiki2textgit/.git/config.lock', 0x00000000000001a4)
rename('/tmp/nimble_5393/githubcom_rspeerwiki2textgit/.git/config.lock', '/tmp/nimble_5393/githubcom_rspeerwiki2textgit/.git/config')
chmod('/tmp/nimble_5393/githubcom_rspeerwiki2textgit/.git/config.lock', 0x00000000000001a4)
rename('/tmp/nimble_5393/githubcom_rspeerwiki2textgit/.git/config.lock', '/tmp/nimble_5393/githubcom_rspeerwiki2textgit/.git/config')
link('/tmp/nimble_5393/githubcom_rspeerwiki2textgit/.git/objects/pack/tmp_pack_bdqOhV', '/tmp/nimble_5393/githubcom_rspeerwiki2textgit/.git/objects/pack/pack-244bed77234d797319df30df80456565b15bcb40.pack')
unlink('/tmp/nimble_5393/githubcom_rspeerwiki2textgit/.git/objects/pack/tmp_pack_bdqOhV')
link('/tmp/nimble_5393/githubcom_rspeerwiki2textgit/.git/objects/pack/tmp_idx_brJ4q1', '/tmp/nimble_5393/githubcom_rspeerwiki2textgit/.git/objects/pack/pack-244bed77234d797319df30df80456565b15bcb40.idx')
unlink('/tmp/nimble_5393/githubcom_rspeerwiki2textgit/.git/objects/pack/tmp_idx_brJ4q1')
rename('/tmp/nimble_5393/githubcom_rspeerwiki2textgit/.git/shallow.lock', '/tmp/nimble_5393/githubcom_rspeerwiki2textgit/.git/shallow')
rename('/tmp/nimble_5393/githubcom_rspeerwiki2textgit/.git/packed-refs.new', '/tmp/nimble_5393/githubcom_rspeerwiki2textgit/.git/packed-refs')
unlink('/tmp/nimble_5393/githubcom_rspeerwiki2textgit/.git/packed-refs.lock')
unlink('/tmp/nimble_5393/githubcom_rspeerwiki2textgit/.git/refs/tags/v0.2.1.lock')
mkdir('/tmp/nimble_5393/githubcom_rspeerwiki2textgit/.git/logs', 0x00000000000001ff)
rename('/tmp/nimble_5393/githubcom_rspeerwiki2textgit/.git/HEAD.lock', '/tmp/nimble_5393/githubcom_rspeerwiki2textgit/.git/HEAD')
unlink('/tmp/nimble_5393/githubcom_rspeerwiki2textgit/.git/objects/pack/pack-244bed77234d797319df30df80456565b15bcb40.keep')
rename('/tmp/nimble_5393/githubcom_rspeerwiki2textgit/.git/index.lock', '/tmp/nimble_5393/githubcom_rspeerwiki2textgit/.git/index')
mkdir('/tmp', 0x00000000000001ff)
mkdir('/tmp/nimble_5393', 0x00000000000001ff)
mkdir('/tmp/nimble_5393/githubcom_rspeerwiki2textgit_#head', 0x00000000000001ff)
rmdir('/tmp/nimble_5393/githubcom_rspeerwiki2textgit_#head')
mkdir('/tmp/nimble_5393/githubcom_rspeerwiki2textgit_#head', 0x00000000000001ff)
mkdir('/tmp/nimble_5393/githubcom_rspeerwiki2textgit_#head/.git', 0x00000000000001ff)
mkdir('/tmp/nimble_5393/githubcom_rspeerwiki2textgit_#head/.git/', 0x00000000000001ff)
mkdir('/tmp/nimble_5393/githubcom_rspeerwiki2textgit_#head/.git/hooks/', 0x00000000000001ff)
mkdir('/tmp/nimble_5393/githubcom_rspeerwiki2textgit_#head/.git/branches/', 0x00000000000001ff)
mkdir('/tmp/nimble_5393/githubcom_rspeerwiki2textgit_#head/.git/info/', 0x00000000000001ff)
mkdir('/tmp/nimble_5393/githubcom_rspeerwiki2textgit_#head/.git/refs', 0x00000000000001ff)
mkdir('/tmp/nimble_5393/githubcom_rspeerwiki2textgit_#head/.git/refs/heads', 0x00000000000001ff)
mkdir('/tmp/nimble_5393/githubcom_rspeerwiki2textgit_#head/.git/refs/tags', 0x00000000000001ff)
rename('/tmp/nimble_5393/githubcom_rspeerwiki2textgit_#head/.git/HEAD.lock', '/tmp/nimble_5393/githubcom_rspeerwiki2textgit_#head/.git/HEAD')
rename('/tmp/nimble_5393/githubcom_rspeerwiki2textgit_#head/.git/config.lock', '/tmp/nimble_5393/githubcom_rspeerwiki2textgit_#head/.git/config')
chmod('/tmp/nimble_5393/githubcom_rspeerwiki2textgit_#head/.git/config', 0x00000000000081e4)
chmod('/tmp/nimble_5393/githubcom_rspeerwiki2textgit_#head/.git/config', 0x00000000000081a4)
chmod('/tmp/nimble_5393/githubcom_rspeerwiki2textgit_#head/.git/config.lock', 0x00000000000001a4)
rename('/tmp/nimble_5393/githubcom_rspeerwiki2textgit_#head/.git/config.lock', '/tmp/nimble_5393/githubcom_rspeerwiki2textgit_#head/.git/config')
chmod('/tmp/nimble_5393/githubcom_rspeerwiki2textgit_#head/.git/config.lock', 0x00000000000001a4)
rename('/tmp/nimble_5393/githubcom_rspeerwiki2textgit_#head/.git/config.lock', '/tmp/nimble_5393/githubcom_rspeerwiki2textgit_#head/.git/config')
chmod('/tmp/nimble_5393/githubcom_rspeerwiki2textgit_#head/.git/config.lock', 0x00000000000001a4)
rename('/tmp/nimble_5393/githubcom_rspeerwiki2textgit_#head/.git/config.lock', '/tmp/nimble_5393/githubcom_rspeerwiki2textgit_#head/.git/config')
unlink('/tmp/nimble_5393/githubcom_rspeerwiki2textgit_#head/.git/t6nrhq1')
symlink('testing', '/tmp/nimble_5393/githubcom_rspeerwiki2textgit_#head/.git/t6nrhq1')
unlink('/tmp/nimble_5393/githubcom_rspeerwiki2textgit_#head/.git/t6nrhq1')
mkdir('/tmp/nimble_5393/githubcom_rspeerwiki2textgit_#head/.git/objects', 0x00000000000001ff)
mkdir('/tmp/nimble_5393/githubcom_rspeerwiki2textgit_#head/.git/objects/pack', 0x00000000000001ff)
mkdir('/tmp/nimble_5393/githubcom_rspeerwiki2textgit_#head/.git/objects/info', 0x00000000000001ff)
chmod('/tmp/nimble_5393/githubcom_rspeerwiki2textgit_#head/.git/config.lock', 0x00000000000001a4)
rename('/tmp/nimble_5393/githubcom_rspeerwiki2textgit_#head/.git/config.lock', '/tmp/nimble_5393/githubcom_rspeerwiki2textgit_#head/.git/config')
chmod('/tmp/nimble_5393/githubcom_rspeerwiki2textgit_#head/.git/config.lock', 0x00000000000001a4)
rename('/tmp/nimble_5393/githubcom_rspeerwiki2textgit_#head/.git/config.lock', '/tmp/nimble_5393/githubcom_rspeerwiki2textgit_#head/.git/config')
chmod('/tmp/nimble_5393/githubcom_rspeerwiki2textgit_#head/.git/config.lock', 0x00000000000001a4)
rename('/tmp/nimble_5393/githubcom_rspeerwiki2textgit_#head/.git/config.lock', '/tmp/nimble_5393/githubcom_rspeerwiki2textgit_#head/.git/config')  Verifying dependencies for wiki2text@#head
 Installing wiki2text@#head
   Building wiki2text/wiki2text using c backend

link('/tmp/nimble_5393/githubcom_rspeerwiki2textgit_#head/.git/objects/pack/tmp_pack_tIVGYW', '/tmp/nimble_5393/githubcom_rspeerwiki2textgit_#head/.git/objects/pack/pack-7d6e02badbacb12cf1cf4d6a29871db4a0333b94.pack')
unlink('/tmp/nimble_5393/githubcom_rspeerwiki2textgit_#head/.git/objects/pack/tmp_pack_tIVGYW')
link('/tmp/nimble_5393/githubcom_rspeerwiki2textgit_#head/.git/objects/pack/tmp_idx_h68jPX', '/tmp/nimble_5393/githubcom_rspeerwiki2textgit_#head/.git/objects/pack/pack-7d6e02badbacb12cf1cf4d6a29871db4a0333b94.idx')
unlink('/tmp/nimble_5393/githubcom_rspeerwiki2textgit_#head/.git/objects/pack/tmp_idx_h68jPX')
rename('/tmp/nimble_5393/githubcom_rspeerwiki2textgit_#head/.git/shallow.lock', '/tmp/nimble_5393/githubcom_rspeerwiki2textgit_#head/.git/shallow')
rename('/tmp/nimble_5393/githubcom_rspeerwiki2textgit_#head/.git/packed-refs.new', '/tmp/nimble_5393/githubcom_rspeerwiki2textgit_#head/.git/packed-refs')
unlink('/tmp/nimble_5393/githubcom_rspeerwiki2textgit_#head/.git/packed-refs.lock')
mkdir('/tmp/nimble_5393/githubcom_rspeerwiki2textgit_#head/.git/refs/remotes', 0x00000000000001ff)
mkdir('/tmp/nimble_5393/githubcom_rspeerwiki2textgit_#head/.git/refs/remotes/origin', 0x00000000000001ff)
mkdir('/tmp/nimble_5393/githubcom_rspeerwiki2textgit_#head/.git/logs', 0x00000000000001ff)
mkdir('/tmp/nimble_5393/githubcom_rspeerwiki2textgit_#head/.git/logs/refs', 0x00000000000001ff)
mkdir('/tmp/nimble_5393/githubcom_rspeerwiki2textgit_#head/.git/logs/refs/remotes', 0x00000000000001ff)
mkdir('/tmp/nimble_5393/githubcom_rspeerwiki2textgit_#head/.git/logs/refs/remotes/origin', 0x00000000000001ff)
rename('/tmp/nimble_5393/githubcom_rspeerwiki2textgit_#head/.git/refs/remotes/origin/HEAD.lock', '/tmp/nimble_5393/githubcom_rspeerwiki2textgit_#head/.git/refs/remotes/origin/HEAD')
rename('/tmp/nimble_5393/githubcom_rspeerwiki2textgit_#head/.git/HEAD.lock', '/tmp/nimble_5393/githubcom_rspeerwiki2textgit_#head/.git/HEAD')
mkdir('/tmp/nimble_5393/githubcom_rspeerwiki2textgit_#head/.git/logs/refs/heads', 0x00000000000001ff)
rename('/tmp/nimble_5393/githubcom_rspeerwiki2textgit_#head/.git/refs/heads/master.lock', '/tmp/nimble_5393/githubcom_rspeerwiki2textgit_#head/.git/refs/heads/master')
unlink('/tmp/nimble_5393/githubcom_rspeerwiki2textgit_#head/.git/HEAD.lock')
chmod('/tmp/nimble_5393/githubcom_rspeerwiki2textgit_#head/.git/config.lock', 0x00000000000001a4)
rename('/tmp/nimble_5393/githubcom_rspeerwiki2textgit_#head/.git/config.lock', '/tmp/nimble_5393/githubcom_rspeerwiki2textgit_#head/.git/config')
chmod('/tmp/nimble_5393/githubcom_rspeerwiki2textgit_#head/.git/config.lock', 0x00000000000001a4)
rename('/tmp/nimble_5393/githubcom_rspeerwiki2textgit_#head/.git/config.lock', '/tmp/nimble_5393/githubcom_rspeerwiki2textgit_#head/.git/config')
unlink('/tmp/nimble_5393/githubcom_rspeerwiki2textgit_#head/.git/objects/pack/pack-7d6e02badbacb12cf1cf4d6a29871db4a0333b94.keep')
rename('/tmp/nimble_5393/githubcom_rspeerwiki2textgit_#head/.git/index.lock', '/tmp/nimble_5393/githubcom_rspeerwiki2textgit_#head/.git/index')
unlink('/tmp/nimble_5393/githubcom_rspeerwiki2textgit/Makefile')
unlink('/tmp/nimble_5393/githubcom_rspeerwiki2textgit/wiki2text.nim')
unlink('/tmp/nimble_5393/githubcom_rspeerwiki2textgit/README.md')
rmdir('/tmp/nimble_5393/githubcom_rspeerwiki2textgit/.git/refs/heads')
rmdir('/tmp/nimble_5393/githubcom_rspeerwiki2textgit/.git/refs/tags')
rmdir('/tmp/nimble_5393/githubcom_rspeerwiki2textgit/.git/refs')
unlink('/tmp/nimble_5393/githubcom_rspeerwiki2textgit/.git/config')
unlink('/tmp/nimble_5393/githubcom_rspeerwiki2textgit/.git/logs/HEAD')
rmdir('/tmp/nimble_5393/githubcom_rspeerwiki2textgit/.git/logs')
unlink('/tmp/nimble_5393/githubcom_rspeerwiki2textgit/.git/packed-refs')
unlink('/tmp/nimble_5393/githubcom_rspeerwiki2textgit/.git/HEAD')
unlink('/tmp/nimble_5393/githubcom_rspeerwiki2textgit/.git/description')
unlink('/tmp/nimble_5393/githubcom_rspeerwiki2textgit/.git/hooks/fsmonitor-watchman.sample')
unlink('/tmp/nimble_5393/githubcom_rspeerwiki2textgit/.git/hooks/pre-commit.sample')
unlink('/tmp/nimble_5393/githubcom_rspeerwiki2textgit/.git/hooks/applypatch-msg.sample')
unlink('/tmp/nimble_5393/githubcom_rspeerwiki2textgit/.git/hooks/pre-rebase.sample')
unlink('/tmp/nimble_5393/githubcom_rspeerwiki2textgit/.git/hooks/update.sample')
unlink('/tmp/nimble_5393/githubcom_rspeerwiki2textgit/.git/hooks/pre-push.sample')
unlink('/tmp/nimble_5393/githubcom_rspeerwiki2textgit/.git/hooks/pre-receive.sample')
unlink('/tmp/nimble_5393/githubcom_rspeerwiki2textgit/.git/hooks/pre-applypatch.sample')
unlink('/tmp/nimble_5393/githubcom_rspeerwiki2textgit/.git/hooks/post-update.sample')
unlink('/tmp/nimble_5393/githubcom_rspeerwiki2textgit/.git/hooks/prepare-commit-msg.sample')
unlink('/tmp/nimble_5393/githubcom_rspeerwiki2textgit/.git/hooks/commit-msg.sample')
unlink('/tmp/nimble_5393/githubcom_rspeerwiki2textgit/.git/hooks/pre-merge-commit.sample')
rmdir('/tmp/nimble_5393/githubcom_rspeerwiki2textgit/.git/hooks')
unlink('/tmp/nimble_5393/githubcom_rspeerwiki2textgit/.git/objects/pack/pack-244bed77234d797319df30df80456565b15bcb40.pack')
unlink('/tmp/nimble_5393/githubcom_rspeerwiki2textgit/.git/objects/pack/pack-244bed77234d797319df30df80456565b15bcb40.idx')
rmdir('/tmp/nimble_5393/githubcom_rspeerwiki2textgit/.git/objects/pack')
rmdir('/tmp/nimble_5393/githubcom_rspeerwiki2textgit/.git/objects/info')
rmdir('/tmp/nimble_5393/githubcom_rspeerwiki2textgit/.git/objects')
rmdir('/tmp/nimble_5393/githubcom_rspeerwiki2textgit/.git/branches')
unlink('/tmp/nimble_5393/githubcom_rspeerwiki2textgit/.git/index')
unlink('/tmp/nimble_5393/githubcom_rspeerwiki2textgit/.git/info/exclude')
rmdir('/tmp/nimble_5393/githubcom_rspeerwiki2textgit/.git/info')
unlink('/tmp/nimble_5393/githubcom_rspeerwiki2textgit/.git/shallow')
rmdir('/tmp/nimble_5393/githubcom_rspeerwiki2textgit/.git')
unlink('/tmp/nimble_5393/githubcom_rspeerwiki2textgit/.gitignore')
unlink('/tmp/nimble_5393/githubcom_rspeerwiki2textgit/wiki2text.nimble')
unlink('/tmp/nimble_5393/githubcom_rspeerwiki2textgit/LICENSE.txt')
rmdir('/tmp/nimble_5393/githubcom_rspeerwiki2textgit')
unlink('/tmp/nimble_5393/githubcom_rspeerwiki2textgit_#head/Makefile')
unlink('/tmp/nimble_5393/githubcom_rspeerwiki2textgit_#head/wiki2text.nim')
unlink('/tmp/nimble_5393/githubcom_rspeerwiki2textgit_#head/README.md')
unlink('/tmp/nimble_5393/githubcom_rspeerwiki2textgit_#head/.git/refs/remotes/origin/HEAD')
rmdir('/tmp/nimble_5393/githubcom_rspeerwiki2textgit_#head/.git/refs/remotes/origin')
rmdir('/tmp/nimble_5393/githubcom_rspeerwiki2textgit_#head/.git/refs/remotes')
unlink('/tmp/nimble_5393/githubcom_rspeerwiki2textgit_#head/.git/refs/heads/master')
rmdir('/tmp/nimble_5393/githubcom_rspeerwiki2textgit_#head/.git/refs/heads')
rmdir('/tmp/nimble_5393/githubcom_rspeerwiki2textgit_#head/.git/refs/tags')
rmdir('/tmp/nimble_5393/githubcom_rspeerwiki2textgit_#head/.git/refs')
unlink('/tmp/nimble_5393/githubcom_rspeerwiki2textgit_#head/.git/config')
unlink('/tmp/nimble_5393/githubcom_rspeerwiki2textgit_#head/.git/logs/refs/remotes/origin/HEAD')
rmdir('/tmp/nimble_5393/githubcom_rspeerwiki2textgit_#head/.git/logs/refs/remotes/origin')
rmdir('/tmp/nimble_5393/githubcom_rspeerwiki2textgit_#head/.git/logs/refs/remotes')
unlink('/tmp/nimble_5393/githubcom_rspeerwiki2textgit_#head/.git/logs/refs/heads/master')
rmdir('/tmp/nimble_5393/githubcom_rspeerwiki2textgit_#head/.git/logs/refs/heads')
rmdir('/tmp/nimble_5393/githubcom_rspeerwiki2textgit_#head/.git/logs/refs')
unlink('/tmp/nimble_5393/githubcom_rspeerwiki2textgit_#head/.git/logs/HEAD')
rmdir('/tmp/nimble_5393/githubcom_rspeerwiki2textgit_#head/.git/logs')
unlink('/tmp/nimble_5393/githubcom_rspeerwiki2textgit_#head/.git/packed-refs')
unlink('/tmp/nimble_5393/githubcom_rspeerwiki2textgit_#head/.git/HEAD')
unlink('/tmp/nimble_5393/githubcom_rspeerwiki2textgit_#head/.git/description')
unlink('/tmp/nimble_5393/githubcom_rspeerwiki2textgit_#head/.git/hooks/fsmonitor-watchman.sample')
unlink('/tmp/nimble_5393/githubcom_rspeerwiki2textgit_#head/.git/hooks/pre-commit.sample')
unlink('/tmp/nimble_5393/githubcom_rspeerwiki2textgit_#head/.git/hooks/applypatch-msg.sample')
unlink('/tmp/nimble_5393/githubcom_rspeerwiki2textgit_#head/.git/hooks/pre-rebase.sample')     Error: Build failed for package: wiki2text
        ... Details:
        ... Execution failed with exit code 1
        ... Command: "/home/runner/.nimble/bin/nim" c --noNimblePath -d:NimblePkgVersion=0.2.1 -d:release -o:"/tmp/nimble_5393/githubcom_rspeerwiki2textgit_#head/wiki2text" "/tmp/nimble_5393/githubcom_rspeerwiki2textgit_#head/wiki2text.nim"
        ... Output: Hint: used config file '/home/runner/.choosenim/toolchains/nim-1.2.0/config/nim.cfg' [Conf]
        ... Hint: system [Processing]
        ... Hint: widestrs [Processing]
        ... Hint: io [Processing]
        ... Hint: wiki2text [Processing]
        ... Hint: streams [Processing]
        ... Hint: parsexml [Processing]
        ... Hint: strutils [Processing]
        ... Hint: parseutils [Processing]
        ... Hint: math [Processing]
        ... Hint: bitops [Processing]
        ... Hint: macros [Processing]
        ... Hint: algorithm [Processing]
        ... Hint: unicode [Processing]
        ... Hint: lexbase [Processing]
        ... Hint: re [Processing]
        ... Hint: pcre [Processing]
        ... Hint: rtarrays [Processing]
        ... Hint: parseopt2 [Processing]
        ... Hint: os [Processing]
        ... Hint: pathnorm [Processing]
        ... Hint: osseps [Processing]
        ... Hint: posix [Processing]
        ... Hint: times [Processing]
        ... Hint: options [Processing]
        ... Hint: typetraits [Processing]
        ... /tmp/nimble_5393/githubcom_rspeerwiki2textgit_#head/wiki2text.nim(10, 50) Warning: Use the 'parseopt' module instead; parseopt2 is deprecated [Deprecated]
        ... /tmp/nimble_5393/githubcom_rspeerwiki2textgit_#head/wiki2text.nim(125, 53) Error: type mismatch: got <int>
        ... but expected one of: 
        ... proc `<`(x, y: int): bool
        ...   first type mismatch at position: 2
        ...   missing parameter: y
        ... proc `<`(x, y: int64): bool
        ...   first type mismatch at position: 2
        ...   missing parameter: y
        ... 19 other mismatching symbols have been suppressed; compile with --showAllMismatches:on to see them
        ... expression: <pos

unlink('/tmp/nimble_5393/githubcom_rspeerwiki2textgit_#head/.git/hooks/update.sample')
unlink('/tmp/nimble_5393/githubcom_rspeerwiki2textgit_#head/.git/hooks/pre-push.sample')
unlink('/tmp/nimble_5393/githubcom_rspeerwiki2textgit_#head/.git/hooks/pre-receive.sample')
unlink('/tmp/nimble_5393/githubcom_rspeerwiki2textgit_#head/.git/hooks/pre-applypatch.sample')
unlink('/tmp/nimble_5393/githubcom_rspeerwiki2textgit_#head/.git/hooks/post-update.sample')
unlink('/tmp/nimble_5393/githubcom_rspeerwiki2textgit_#head/.git/hooks/prepare-commit-msg.sample')
unlink('/tmp/nimble_5393/githubcom_rspeerwiki2textgit_#head/.git/hooks/commit-msg.sample')
unlink('/tmp/nimble_5393/githubcom_rspeerwiki2textgit_#head/.git/hooks/pre-merge-commit.sample')
rmdir('/tmp/nimble_5393/githubcom_rspeerwiki2textgit_#head/.git/hooks')
unlink('/tmp/nimble_5393/githubcom_rspeerwiki2textgit_#head/.git/objects/pack/pack-7d6e02badbacb12cf1cf4d6a29871db4a0333b94.idx')
unlink('/tmp/nimble_5393/githubcom_rspeerwiki2textgit_#head/.git/objects/pack/pack-7d6e02badbacb12cf1cf4d6a29871db4a0333b94.pack')
rmdir('/tmp/nimble_5393/githubcom_rspeerwiki2textgit_#head/.git/objects/pack')
rmdir('/tmp/nimble_5393/githubcom_rspeerwiki2textgit_#head/.git/objects/info')
rmdir('/tmp/nimble_5393/githubcom_rspeerwiki2textgit_#head/.git/objects')
rmdir('/tmp/nimble_5393/githubcom_rspeerwiki2textgit_#head/.git/branches')
unlink('/tmp/nimble_5393/githubcom_rspeerwiki2textgit_#head/.git/index')
unlink('/tmp/nimble_5393/githubcom_rspeerwiki2textgit_#head/.git/info/exclude')
rmdir('/tmp/nimble_5393/githubcom_rspeerwiki2textgit_#head/.git/info')
unlink('/tmp/nimble_5393/githubcom_rspeerwiki2textgit_#head/.git/shallow')
rmdir('/tmp/nimble_5393/githubcom_rspeerwiki2textgit_#head/.git')
unlink('/tmp/nimble_5393/githubcom_rspeerwiki2textgit_#head/.gitignore')
unlink('/tmp/nimble_5393/githubcom_rspeerwiki2textgit_#head/wiki2text.nimble')
unlink('/tmp/nimble_5393/githubcom_rspeerwiki2textgit_#head/LICENSE.txt')
rmdir('/tmp/nimble_5393/githubcom_rspeerwiki2textgit_#head')
rmdir('/tmp/nimble_5393')
  create directory /tmp
  create directory /tmp/nimble_5393
  create directory /tmp/nimble_5393/githubcom_rspeerwiki2textgit
  delete /tmp/nimble_5393/githubcom_rspeerwiki2textgit
  create directory /tmp/nimble_5393/githubcom_rspeerwiki2textgit
  create directory /tmp/nimble_5393/githubcom_rspeerwiki2textgit/.git
  create directory /tmp/nimble_5393/githubcom_rspeerwiki2textgit/.git
  create directory /tmp/nimble_5393/githubcom_rspeerwiki2textgit/.git/hooks
  create directory /tmp/nimble_5393/githubcom_rspeerwiki2textgit/.git/branches
  create directory /tmp/nimble_5393/githubcom_rspeerwiki2textgit/.git/info
  create directory /tmp/nimble_5393/githubcom_rspeerwiki2textgit/.git/refs
  create directory /tmp/nimble_5393/githubcom_rspeerwiki2textgit/.git/refs/heads
  create directory /tmp/nimble_5393/githubcom_rspeerwiki2textgit/.git/refs/tags
  rename /tmp/nimble_5393/githubcom_rspeerwiki2textgit/.git/HEAD.lock to HEAD
  rename /tmp/nimble_5393/githubcom_rspeerwiki2textgit/.git/config.lock to config
  change permissions of /tmp/nimble_5393/githubcom_rspeerwiki2textgit/.git/config to rwxr--r--
  change permissions of /tmp/nimble_5393/githubcom_rspeerwiki2textgit/.git/config to rw-r--r--
  change permissions of /tmp/nimble_5393/githubcom_rspeerwiki2textgit/.git/config.lock to rw-r--r--
  rename /tmp/nimble_5393/githubcom_rspeerwiki2textgit/.git/config.lock to config
  change permissions of /tmp/nimble_5393/githubcom_rspeerwiki2textgit/.git/config.lock to rw-r--r--
  rename /tmp/nimble_5393/githubcom_rspeerwiki2textgit/.git/config.lock to config
  change permissions of /tmp/nimble_5393/githubcom_rspeerwiki2textgit/.git/config.lock to rw-r--r--
  rename /tmp/nimble_5393/githubcom_rspeerwiki2textgit/.git/config.lock to config
  delete /tmp/nimble_5393/githubcom_rspeerwiki2textgit/.git/tvP20nt
  create symbolic link from /tmp/nimble_5393/githubcom_rspeerwiki2textgit/.git/tvP20nt to /home/runner/work/nim_packages_security_audit/nim_packages_security_audit/testing
  delete /tmp/nimble_5393/githubcom_rspeerwiki2textgit/.git/tvP20nt
  create directory /tmp/nimble_5393/githubcom_rspeerwiki2textgit/.git/objects
  create directory /tmp/nimble_5393/githubcom_rspeerwiki2textgit/.git/objects/pack
  create directory /tmp/nimble_5393/githubcom_rspeerwiki2textgit/.git/objects/info
  change permissions of /tmp/nimble_5393/githubcom_rspeerwiki2textgit/.git/config.lock to rw-r--r--
  rename /tmp/nimble_5393/githubcom_rspeerwiki2textgit/.git/config.lock to config
  change permissions of /tmp/nimble_5393/githubcom_rspeerwiki2textgit/.git/config.lock to rw-r--r--
  rename /tmp/nimble_5393/githubcom_rspeerwiki2textgit/.git/config.lock to config
  change permissions of /tmp/nimble_5393/githubcom_rspeerwiki2textgit/.git/config.lock to rw-r--r--
  rename /tmp/nimble_5393/githubcom_rspeerwiki2textgit/.git/config.lock to config
  create hard link from /tmp/nimble_5393/githubcom_rspeerwiki2textgit/.git/objects/pack/pack-244bed77234d797319df30df80456565b15bcb40.pack to /tmp/nimble_5393/githubcom_rspeerwiki2textgit/.git/objects/pack/tmp_pack_bdqOhV
  delete /tmp/nimble_5393/githubcom_rspeerwiki2textgit/.git/objects/pack/tmp_pack_bdqOhV
  create hard link from /tmp/nimble_5393/githubcom_rspeerwiki2textgit/.git/objects/pack/pack-244bed77234d797319df30df80456565b15bcb40.idx to /tmp/nimble_5393/githubcom_rspeerwiki2textgit/.git/objects/pack/tmp_idx_brJ4q1
  delete /tmp/nimble_5393/githubcom_rspeerwiki2textgit/.git/objects/pack/tmp_idx_brJ4q1
  rename /tmp/nimble_5393/githubcom_rspeerwiki2textgit/.git/shallow.lock to shallow
  rename /tmp/nimble_5393/githubcom_rspeerwiki2textgit/.git/packed-refs.new to packed-refs
  delete /tmp/nimble_5393/githubcom_rspeerwiki2textgit/.git/packed-refs.lock
  delete /tmp/nimble_5393/githubcom_rspeerwiki2textgit/.git/refs/tags/v0.2.1.lock
  create directory /tmp/nimble_5393/githubcom_rspeerwiki2textgit/.git/logs
  rename /tmp/nimble_5393/githubcom_rspeerwiki2textgit/.git/HEAD.lock to HEAD
  delete /tmp/nimble_5393/githubcom_rspeerwiki2textgit/.git/objects/pack/pack-244bed77234d797319df30df80456565b15bcb40.keep
  rename /tmp/nimble_5393/githubcom_rspeerwiki2textgit/.git/index.lock to index
  create directory /tmp
  create directory /tmp/nimble_5393
  create directory /tmp/nimble_5393/githubcom_rspeerwiki2textgit_#head
  delete /tmp/nimble_5393/githubcom_rspeerwiki2textgit_#head
  create directory /tmp/nimble_5393/githubcom_rspeerwiki2textgit_#head
  create directory /tmp/nimble_5393/githubcom_rspeerwiki2textgit_#head/.git
  create directory /tmp/nimble_5393/githubcom_rspeerwiki2textgit_#head/.git
  create directory /tmp/nimble_5393/githubcom_rspeerwiki2textgit_#head/.git/hooks
  create directory /tmp/nimble_5393/githubcom_rspeerwiki2textgit_#head/.git/branches
  create directory /tmp/nimble_5393/githubcom_rspeerwiki2textgit_#head/.git/info
  create directory /tmp/nimble_5393/githubcom_rspeerwiki2textgit_#head/.git/refs
  create directory /tmp/nimble_5393/githubcom_rspeerwiki2textgit_#head/.git/refs/heads
  create directory /tmp/nimble_5393/githubcom_rspeerwiki2textgit_#head/.git/refs/tags
  rename /tmp/nimble_5393/githubcom_rspeerwiki2textgit_#head/.git/HEAD.lock to HEAD
  rename /tmp/nimble_5393/githubcom_rspeerwiki2textgit_#head/.git/config.lock to config
  change permissions of /tmp/nimble_5393/githubcom_rspeerwiki2textgit_#head/.git/config to rwxr--r--
  change permissions of /tmp/nimble_5393/githubcom_rspeerwiki2textgit_#head/.git/config to rw-r--r--
  change permissions of /tmp/nimble_5393/githubcom_rspeerwiki2textgit_#head/.git/config.lock to rw-r--r--
  rename /tmp/nimble_5393/githubcom_rspeerwiki2textgit_#head/.git/config.lock to config
  change permissions of /tmp/nimble_5393/githubcom_rspeerwiki2textgit_#head/.git/config.lock to rw-r--r--
  rename /tmp/nimble_5393/githubcom_rspeerwiki2textgit_#head/.git/config.lock to config
  change permissions of /tmp/nimble_5393/githubcom_rspeerwiki2textgit_#head/.git/config.lock to rw-r--r--
  rename /tmp/nimble_5393/githubcom_rspeerwiki2textgit_#head/.git/config.lock to config
  delete /tmp/nimble_5393/githubcom_rspeerwiki2textgit_#head/.git/t6nrhq1
  create symbolic link from /tmp/nimble_5393/githubcom_rspeerwiki2textgit_#head/.git/t6nrhq1 to /home/runner/work/nim_packages_security_audit/nim_packages_security_audit/testing
  delete /tmp/nimble_5393/githubcom_rspeerwiki2textgit_#head/.git/t6nrhq1
  create directory /tmp/nimble_5393/githubcom_rspeerwiki2textgit_#head/.git/objects
  create directory /tmp/nimble_5393/githubcom_rspeerwiki2textgit_#head/.git/objects/pack
  create directory /tmp/nimble_5393/githubcom_rspeerwiki2textgit_#head/.git/objects/info
  change permissions of /tmp/nimble_5393/githubcom_rspeerwiki2textgit_#head/.git/config.lock to rw-r--r--
  rename /tmp/nimble_5393/githubcom_rspeerwiki2textgit_#head/.git/config.lock to config
  change permissions of /tmp/nimble_5393/githubcom_rspeerwiki2textgit_#head/.git/config.lock to rw-r--r--
  rename /tmp/nimble_5393/githubcom_rspeerwiki2textgit_#head/.git/config.lock to config
  change permissions of /tmp/nimble_5393/githubcom_rspeerwiki2textgit_#head/.git/config.lock to rw-r--r--
  rename /tmp/nimble_5393/githubcom_rspeerwiki2textgit_#head/.git/config.lock to config
  create hard link from /tmp/nimble_5393/githubcom_rspeerwiki2textgit_#head/.git/objects/pack/pack-7d6e02badbacb12cf1cf4d6a29871db4a0333b94.pack to /tmp/nimble_5393/githubcom_rspeerwiki2textgit_#head/.git/objects/pack/tmp_pack_tIVGYW
  delete /tmp/nimble_5393/githubcom_rspeerwiki2textgit_#head/.git/objects/pack/tmp_pack_tIVGYW
  create hard link from /tmp/nimble_5393/githubcom_rspeerwiki2textgit_#head/.git/objects/pack/pack-7d6e02badbacb12cf1cf4d6a29871db4a0333b94.idx to /tmp/nimble_5393/githubcom_rspeerwiki2textgit_#head/.git/objects/pack/tmp_idx_h68jPX
  delete /tmp/nimble_5393/githubcom_rspeerwiki2textgit_#head/.git/objects/pack/tmp_idx_h68jPX
  rename /tmp/nimble_5393/githubcom_rspeerwiki2textgit_#head/.git/shallow.lock to shallow
  rename /tmp/nimble_5393/githubcom_rspeerwiki2textgit_#head/.git/packed-refs.new to packed-refs
  delete /tmp/nimble_5393/githubcom_rspeerwiki2textgit_#head/.git/packed-refs.lock
  create directory /tmp/nimble_5393/githubcom_rspeerwiki2textgit_#head/.git/refs/remotes
  create directory /tmp/nimble_5393/githubcom_rspeerwiki2textgit_#head/.git/refs/remotes/origin
  create directory /tmp/nimble_5393/githubcom_rspeerwiki2textgit_#head/.git/logs
  create directory /tmp/nimble_5393/githubcom_rspeerwiki2textgit_#head/.git/logs/refs
  create directory /tmp/nimble_5393/githubcom_rspeerwiki2textgit_#head/.git/logs/refs/remotes
  create directory /tmp/nimble_5393/githubcom_rspeerwiki2textgit_#head/.git/logs/refs/remotes/origin
  rename /tmp/nimble_5393/githubcom_rspeerwiki2textgit_#head/.git/refs/remotes/origin/HEAD.lock to HEAD
  rename /tmp/nimble_5393/githubcom_rspeerwiki2textgit_#head/.git/HEAD.lock to HEAD
  create directory /tmp/nimble_5393/githubcom_rspeerwiki2textgit_#head/.git/logs/refs/heads
  rename /tmp/nimble_5393/githubcom_rspeerwiki2textgit_#head/.git/refs/heads/master.lock to master
  delete /tmp/nimble_5393/githubcom_rspeerwiki2textgit_#head/.git/HEAD.lock
  change permissions of /tmp/nimble_5393/githubcom_rspeerwiki2textgit_#head/.git/config.lock to rw-r--r--
  rename /tmp/nimble_5393/githubcom_rspeerwiki2textgit_#head/.git/config.lock to config
  change permissions of /tmp/nimble_5393/githubcom_rspeerwiki2textgit_#head/.git/config.lock to rw-r--r--
  rename /tmp/nimble_5393/githubcom_rspeerwiki2textgit_#head/.git/config.lock to config
  delete /tmp/nimble_5393/githubcom_rspeerwiki2textgit_#head/.git/objects/pack/pack-7d6e02badbacb12cf1cf4d6a29871db4a0333b94.keep
  rename /tmp/nimble_5393/githubcom_rspeerwiki2textgit_#head/.git/index.lock to index
  delete /tmp/nimble_5393/githubcom_rspeerwiki2textgit/Makefile
  delete /tmp/nimble_5393/githubcom_rspeerwiki2textgit/wiki2text.nim
  delete /tmp/nimble_5393/githubcom_rspeerwiki2textgit/README.md
  delete /tmp/nimble_5393/githubcom_rspeerwiki2textgit/.git/refs/heads
  delete /tmp/nimble_5393/githubcom_rspeerwiki2textgit/.git/refs/tags
  delete /tmp/nimble_5393/githubcom_rspeerwiki2textgit/.git/refs
  delete /tmp/nimble_5393/githubcom_rspeerwiki2textgit/.git/config
  delete /tmp/nimble_5393/githubcom_rspeerwiki2textgit/.git/logs/HEAD
  delete /tmp/nimble_5393/githubcom_rspeerwiki2textgit/.git/logs
  delete /tmp/nimble_5393/githubcom_rspeerwiki2textgit/.git/packed-refs
  delete /tmp/nimble_5393/githubcom_rspeerwiki2textgit/.git/HEAD
  delete /tmp/nimble_5393/githubcom_rspeerwiki2textgit/.git/description
  delete /tmp/nimble_5393/githubcom_rspeerwiki2textgit/.git/hooks/fsmonitor-watchman.sample
  delete /tmp/nimble_5393/githubcom_rspeerwiki2textgit/.git/hooks/pre-commit.sample
  delete /tmp/nimble_5393/githubcom_rspeerwiki2textgit/.git/hooks/applypatch-msg.sample
  delete /tmp/nimble_5393/githubcom_rspeerwiki2textgit/.git/hooks/pre-rebase.sample
  delete /tmp/nimble_5393/githubcom_rspeerwiki2textgit/.git/hooks/update.sample
  delete /tmp/nimble_5393/githubcom_rspeerwiki2textgit/.git/hooks/pre-push.sample
  delete /tmp/nimble_5393/githubcom_rspeerwiki2textgit/.git/hooks/pre-receive.sample
  delete /tmp/nimble_5393/githubcom_rspeerwiki2textgit/.git/hooks/pre-applypatch.sample
  delete /tmp/nimble_5393/githubcom_rspeerwiki2textgit/.git/hooks/post-update.sample
  delete /tmp/nimble_5393/githubcom_rspeerwiki2textgit/.git/hooks/prepare-commit-msg.sample
  delete /tmp/nimble_5393/githubcom_rspeerwiki2textgit/.git/hooks/commit-msg.sample
  delete /tmp/nimble_5393/githubcom_rspeerwiki2textgit/.git/hooks/pre-merge-commit.sample
  delete /tmp/nimble_5393/githubcom_rspeerwiki2textgit/.git/hooks
  delete /tmp/nimble_5393/githubcom_rspeerwiki2textgit/.git/objects/pack/pack-244bed77234d797319df30df80456565b15bcb40.pack
  delete /tmp/nimble_5393/githubcom_rspeerwiki2textgit/.git/objects/pack/pack-244bed77234d797319df30df80456565b15bcb40.idx
  delete /tmp/nimble_5393/githubcom_rspeerwiki2textgit/.git/objects/pack
  delete /tmp/nimble_5393/githubcom_rspeerwiki2textgit/.git/objects/info
  delete /tmp/nimble_5393/githubcom_rspeerwiki2textgit/.git/objects
  delete /tmp/nimble_5393/githubcom_rspeerwiki2textgit/.git/branches
  delete /tmp/nimble_5393/githubcom_rspeerwiki2textgit/.git/index
  delete /tmp/nimble_5393/githubcom_rspeerwiki2textgit/.git/info/exclude
  delete /tmp/nimble_5393/githubcom_rspeerwiki2textgit/.git/info
  delete /tmp/nimble_5393/githubcom_rspeerwiki2textgit/.git/shallow
  delete /tmp/nimble_5393/githubcom_rspeerwiki2textgit/.git
  delete /tmp/nimble_5393/githubcom_rspeerwiki2textgit/.gitignore
  delete /tmp/nimble_5393/githubcom_rspeerwiki2textgit/wiki2text.nimble
  delete /tmp/nimble_5393/githubcom_rspeerwiki2textgit/LICENSE.txt
  delete /tmp/nimble_5393/githubcom_rspeerwiki2textgit
  delete /tmp/nimble_5393/githubcom_rspeerwiki2textgit_#head/Makefile
  delete /tmp/nimble_5393/githubcom_rspeerwiki2textgit_#head/wiki2text.nim
  delete /tmp/nimble_5393/githubcom_rspeerwiki2textgit_#head/README.md
  delete /tmp/nimble_5393/githubcom_rspeerwiki2textgit_#head/.git/refs/remotes/origin/HEAD
  delete /tmp/nimble_5393/githubcom_rspeerwiki2textgit_#head/.git/refs/remotes/origin
  delete /tmp/nimble_5393/githubcom_rspeerwiki2textgit_#head/.git/refs/remotes
  delete /tmp/nimble_5393/githubcom_rspeerwiki2textgit_#head/.git/refs/heads/master
  delete /tmp/nimble_5393/githubcom_rspeerwiki2textgit_#head/.git/refs/heads
  delete /tmp/nimble_5393/githubcom_rspeerwiki2textgit_#head/.git/refs/tags
  delete /tmp/nimble_5393/githubcom_rspeerwiki2textgit_#head/.git/refs
  delete /tmp/nimble_5393/githubcom_rspeerwiki2textgit_#head/.git/config
  delete /tmp/nimble_5393/githubcom_rspeerwiki2textgit_#head/.git/logs/refs/remotes/origin/HEAD
  delete /tmp/nimble_5393/githubcom_rspeerwiki2textgit_#head/.git/logs/refs/remotes/origin
  delete /tmp/nimble_5393/githubcom_rspeerwiki2textgit_#head/.git/logs/refs/remotes
  delete /tmp/nimble_5393/githubcom_rspeerwiki2textgit_#head/.git/logs/refs/heads/master
  delete /tmp/nimble_5393/githubcom_rspeerwiki2textgit_#head/.git/logs/refs/heads
  delete /tmp/nimble_5393/githubcom_rspeerwiki2textgit_#head/.git/logs/refs
  delete /tmp/nimble_5393/githubcom_rspeerwiki2textgit_#head/.git/logs/HEAD
  delete /tmp/nimble_5393/githubcom_rspeerwiki2textgit_#head/.git/logs
  delete /tmp/nimble_5393/githubcom_rspeerwiki2textgit_#head/.git/packed-refs
  delete /tmp/nimble_5393/githubcom_rspeerwiki2textgit_#head/.git/HEAD
  delete /tmp/nimble_5393/githubcom_rspeerwiki2textgit_#head/.git/description
  delete /tmp/nimble_5393/githubcom_rspeerwiki2textgit_#head/.git/hooks/fsmonitor-watchman.sample
  delete /tmp/nimble_5393/githubcom_rspeerwiki2textgit_#head/.git/hooks/pre-commit.sample
  delete /tmp/nimble_5393/githubcom_rspeerwiki2textgit_#head/.git/hooks/applypatch-msg.sample
  delete /tmp/nimble_5393/githubcom_rspeerwiki2textgit_#head/.git/hooks/pre-rebase.sample
  delete /tmp/nimble_5393/githubcom_rspeerwiki2textgit_#head/.git/hooks/update.sample
  delete /tmp/nimble_5393/githubcom_rspeerwiki2textgit_#head/.git/hooks/pre-push.sample
  delete /tmp/nimble_5393/githubcom_rspeerwiki2textgit_#head/.git/hooks/pre-receive.sample
  delete /tmp/nimble_5393/githubcom_rspeerwiki2textgit_#head/.git/hooks/pre-applypatch.sample
  delete /tmp/nimble_5393/githubcom_rspeerwiki2textgit_#head/.git/hooks/post-update.sample
  delete /tmp/nimble_5393/githubcom_rspeerwiki2textgit_#head/.git/hooks/prepare-commit-msg.sample
  delete /tmp/nimble_5393/githubcom_rspeerwiki2textgit_#head/.git/hooks/commit-msg.sample
  delete /tmp/nimble_5393/githubcom_rspeerwiki2textgit_#head/.git/hooks/pre-merge-commit.sample
  delete /tmp/nimble_5393/githubcom_rspeerwiki2textgit_#head/.git/hooks
  delete /tmp/nimble_5393/githubcom_rspeerwiki2textgit_#head/.git/objects/pack/pack-7d6e02badbacb12cf1cf4d6a29871db4a0333b94.idx
  delete /tmp/nimble_5393/githubcom_rspeerwiki2textgit_#head/.git/objects/pack/pack-7d6e02badbacb12cf1cf4d6a29871db4a0333b94.pack
  delete /tmp/nimble_5393/githubcom_rspeerwiki2textgit_#head/.git/objects/pack
  delete /tmp/nimble_5393/githubcom_rspeerwiki2textgit_#head/.git/objects/info
  delete /tmp/nimble_5393/githubcom_rspeerwiki2textgit_#head/.git/objects
  delete /tmp/nimble_5393/githubcom_rspeerwiki2textgit_#head/.git/branches
  delete /tmp/nimble_5393/githubcom_rspeerwiki2textgit_#head/.git/index
  delete /tmp/nimble_5393/githubcom_rspeerwiki2textgit_#head/.git/info/exclude
  delete /tmp/nimble_5393/githubcom_rspeerwiki2textgit_#head/.git/info
  delete /tmp/nimble_5393/githubcom_rspeerwiki2textgit_#head/.git/shallow
  delete /tmp/nimble_5393/githubcom_rspeerwiki2textgit_#head/.git
  delete /tmp/nimble_5393/githubcom_rspeerwiki2textgit_#head/.gitignore
  delete /tmp/nimble_5393/githubcom_rspeerwiki2textgit_#head/wiki2text.nimble
  delete /tmp/nimble_5393/githubcom_rspeerwiki2textgit_#head/LICENSE.txt
  delete /tmp/nimble_5393/githubcom_rspeerwiki2textgit_#head
  delete /tmp/nimble_5393
