      Info: Package cache path /home/runner/.nimble/pkgcache
     Info:  Nimble data file "/home/runner/.nimble/nimbledata2.json" has been loaded.
    Reading official package list
Downloading https://github.com/nekoding/wilayahindonesia-nim using git
   Warning: The package has no tagged releases, downloading HEAD instead.
open('/workspace/destdir/ssl/openssl.cnf', 32768, 0x00000000000001b6)
open('/home/runner/.config/nimble/nimble.ini', 557056, 0x00000000000001b6)
open('/home/runner/.config/babel/babel.ini', 557056, 0x00000000000001b6)
writev(1, 0x00007ffe4ec7c2d0, 2)
open('/home/runner/.nimble/nimbledata2.json', 557056, 0x00000000000001b6)
writev(1, 0x00007ffe4ec7c3a0, 2)
writev(1, 0x00007ffe860451f0, 2)
writev(1, 0x00007ffe86045280, 2)
writev(1, 0x00007ffe86045280, 2)
writev(1, 0x00007ffe86045280, 2)
writev(1, 0x00007ffe4ec7adb0, 2)
open('/home/runner/.nimble/packages_official.json', 557056, 0x00000000000001b6)
mkdir('/home/', 0x00000000000001ff)
mkdir('/home/runner/', 0x00000000000001ff)
mkdir('/home/runner/.nimble/', 0x00000000000001ff)
mkdir('/home/runner/.nimble/pkgcache/', 0x00000000000001ff)
mkdir('/home/runner/.nimble/pkgcache/githubcom_nekodingwilayahindonesianim', 0x00000000000001ff)
open('/home/runner/.nimble/pkgcache/githubcom_nekodingwilayahindonesianim', 622592, 0x0000000000000000)
writev(1, 0x00007ffe4ec7ae10, 2)
open('/home/runner/.nimble/pkgcache/githubcom_nekodingwilayahindonesianim', 622592, 0x0000000000000000)
rmdir('/home/runner/.nimble/pkgcache/githubcom_nekodingwilayahindonesianim')
writev(1, 0x00007ffe4ec7ad00, 2)
mkdir(94831754271504, 0x00000000000001ff)
Error tracing process: readBytes(0x0000563fbd06db10, 256) error: [Errno 5] Input/output error.
