      Info: Package cache path /home/runner/.nimble/pkgcache
     Info:  Nimble data file "/home/runner/.nimble/nimbledata2.json" has been loaded.
    Reading official package list
Downloading https://github.com/binhonglee/wings using git
    Cloning latest tagged version: v0.0.10-alpha
open('/workspace/destdir/ssl/openssl.cnf', 32768, 0x00000000000001b6)
open('/home/runner/.config/nimble/nimble.ini', 557056, 0x00000000000001b6)
open('/home/runner/.config/babel/babel.ini', 557056, 0x00000000000001b6)
writev(1, 0x00007ffec177acd0, 2)
open('/home/runner/.nimble/nimbledata2.json', 557056, 0x00000000000001b6)
writev(1, 0x00007ffec177ada0, 2)
writev(1, 0x00007ffcb6f90740, 2)
writev(1, 0x00007ffcb6f907d0, 2)
writev(1, 0x00007ffcb6f907d0, 2)
writev(1, 0x00007ffcb6f907d0, 2)
writev(1, 0x00007ffec17797b0, 2)
open('/home/runner/.nimble/packages_official.json', 557056, 0x00000000000001b6)
mkdir('/home/', 0x00000000000001ff)
mkdir('/home/runner/', 0x00000000000001ff)
mkdir('/home/runner/.nimble/', 0x00000000000001ff)
mkdir('/home/runner/.nimble/pkgcache/', 0x00000000000001ff)
mkdir('/home/runner/.nimble/pkgcache/githubcom_binhongleewings', 0x00000000000001ff)
open('/home/runner/.nimble/pkgcache/githubcom_binhongleewings', 622592, 0x0000000000000000)
writev(1, 0x00007ffec1779810, 2)
open('/home/runner/.nimble/pkgcache/githubcom_binhongleewings', 622592, 0x0000000000000000)
rmdir('/home/runner/.nimble/pkgcache/githubcom_binhongleewings')
writev(1, 0x00007ffec1779700, 2)
mkdir(94502528019184, 0x00000000000001ff)
Error tracing process: readBytes(0x000055f3159ceaf0, 256) error: [Errno 5] Input/output error.
