    Reading official package list
Downloading https://github.com/ThomasTJdev/nim_wiringPiNim using git
       Info /tmp/nimble_6224/githubcom_ThomasTJdevnimwiringPiNim/wiringPiNim_6224.nims(1, 8) Warning: imported and not used: 'system' [UnusedImport]
        ... /tmp/nimble_6224/githubcom_ThomasTJdevnimwiringPiNim/wiringPiNim_6224.nims(5, 22) Warning: imported and not used: 'strutils' [UnusedImport]
  Verifying dependencies for wiringPiNim@0.1.0
 Installing wiringPiNim@0.1.0
    Copying file /tmp/nimble_6224/githubcom_ThomasTJdevnimwiringPiNim/wiringPiNim.nim to /home/runner/.nimble/pkgs/wiringPiNim-0.1.0/wiringPiNim.nim
    Copying file /tmp/nimble_6224/githubcom_ThomasTJdevnimwiringPiNim/wiringPiNim.nimble to /home/runner/.nimble/pkgs/wiringPiNim-0.1.0/wiringPiNim.nimble
   Success: wiringPiNim installed successfully.
       Info /home/runner/.nimble/pkgs/wiringPiNim-0.1.0/wiringPiNim_6224.nims(1, 8) Warning: imported and not used: 'system' [UnusedImport]
        ... /home/runner/.nimble/pkgs/wiringPiNim-0.1.0/wiringPiNim_6224.nims(5, 22) Warning: imported and not used: 'strutils' [UnusedImport]
mkdir('/tmp', 0x00000000000001ff)
mkdir('/tmp/nimble_6224', 0x00000000000001ff)
mkdir('/tmp/nimble_6224/githubcom_ThomasTJdevnimwiringPiNim', 0x00000000000001ff)
rmdir('/tmp/nimble_6224/githubcom_ThomasTJdevnimwiringPiNim')
mkdir('/tmp/nimble_6224/githubcom_ThomasTJdevnimwiringPiNim', 0x00000000000001ff)
mkdir('/tmp/nimble_6224/githubcom_ThomasTJdevnimwiringPiNim/.git', 0x00000000000001ff)
mkdir('/tmp/nimble_6224/githubcom_ThomasTJdevnimwiringPiNim/.git/', 0x00000000000001ff)
mkdir('/tmp/nimble_6224/githubcom_ThomasTJdevnimwiringPiNim/.git/hooks/', 0x00000000000001ff)
mkdir('/tmp/nimble_6224/githubcom_ThomasTJdevnimwiringPiNim/.git/branches/', 0x00000000000001ff)
mkdir('/tmp/nimble_6224/githubcom_ThomasTJdevnimwiringPiNim/.git/info/', 0x00000000000001ff)
mkdir('/tmp/nimble_6224/githubcom_ThomasTJdevnimwiringPiNim/.git/refs', 0x00000000000001ff)
mkdir('/tmp/nimble_6224/githubcom_ThomasTJdevnimwiringPiNim/.git/refs/heads', 0x00000000000001ff)
mkdir('/tmp/nimble_6224/githubcom_ThomasTJdevnimwiringPiNim/.git/refs/tags', 0x00000000000001ff)
rename('/tmp/nimble_6224/githubcom_ThomasTJdevnimwiringPiNim/.git/HEAD.lock', '/tmp/nimble_6224/githubcom_ThomasTJdevnimwiringPiNim/.git/HEAD')
rename('/tmp/nimble_6224/githubcom_ThomasTJdevnimwiringPiNim/.git/config.lock', '/tmp/nimble_6224/githubcom_ThomasTJdevnimwiringPiNim/.git/config')
chmod('/tmp/nimble_6224/githubcom_ThomasTJdevnimwiringPiNim/.git/config', 0x00000000000081e4)
chmod('/tmp/nimble_6224/githubcom_ThomasTJdevnimwiringPiNim/.git/config', 0x00000000000081a4)
chmod('/tmp/nimble_6224/githubcom_ThomasTJdevnimwiringPiNim/.git/config.lock', 0x00000000000001a4)
rename('/tmp/nimble_6224/githubcom_ThomasTJdevnimwiringPiNim/.git/config.lock', '/tmp/nimble_6224/githubcom_ThomasTJdevnimwiringPiNim/.git/config')
chmod('/tmp/nimble_6224/githubcom_ThomasTJdevnimwiringPiNim/.git/config.lock', 0x00000000000001a4)
rename('/tmp/nimble_6224/githubcom_ThomasTJdevnimwiringPiNim/.git/config.lock', '/tmp/nimble_6224/githubcom_ThomasTJdevnimwiringPiNim/.git/config')
chmod('/tmp/nimble_6224/githubcom_ThomasTJdevnimwiringPiNim/.git/config.lock', 0x00000000000001a4)
rename('/tmp/nimble_6224/githubcom_ThomasTJdevnimwiringPiNim/.git/config.lock', '/tmp/nimble_6224/githubcom_ThomasTJdevnimwiringPiNim/.git/config')
unlink('/tmp/nimble_6224/githubcom_ThomasTJdevnimwiringPiNim/.git/tGid8zr')
symlink('testing', '/tmp/nimble_6224/githubcom_ThomasTJdevnimwiringPiNim/.git/tGid8zr')
unlink('/tmp/nimble_6224/githubcom_ThomasTJdevnimwiringPiNim/.git/tGid8zr')
mkdir('/tmp/nimble_6224/githubcom_ThomasTJdevnimwiringPiNim/.git/objects', 0x00000000000001ff)
mkdir('/tmp/nimble_6224/githubcom_ThomasTJdevnimwiringPiNim/.git/objects/pack', 0x00000000000001ff)
mkdir('/tmp/nimble_6224/githubcom_ThomasTJdevnimwiringPiNim/.git/objects/info', 0x00000000000001ff)
chmod('/tmp/nimble_6224/githubcom_ThomasTJdevnimwiringPiNim/.git/config.lock', 0x00000000000001a4)
rename('/tmp/nimble_6224/githubcom_ThomasTJdevnimwiringPiNim/.git/config.lock', '/tmp/nimble_6224/githubcom_ThomasTJdevnimwiringPiNim/.git/config')
chmod('/tmp/nimble_6224/githubcom_ThomasTJdevnimwiringPiNim/.git/config.lock', 0x00000000000001a4)
rename('/tmp/nimble_6224/githubcom_ThomasTJdevnimwiringPiNim/.git/config.lock', '/tmp/nimble_6224/githubcom_ThomasTJdevnimwiringPiNim/.git/config')
chmod('/tmp/nimble_6224/githubcom_ThomasTJdevnimwiringPiNim/.git/config.lock', 0x00000000000001a4)
rename('/tmp/nimble_6224/githubcom_ThomasTJdevnimwiringPiNim/.git/config.lock', '/tmp/nimble_6224/githubcom_ThomasTJdevnimwiringPiNim/.git/config')
link('/tmp/nimble_6224/githubcom_ThomasTJdevnimwiringPiNim/.git/objects/pack/tmp_pack_xce1Ym', '/tmp/nimble_6224/githubcom_ThomasTJdevnimwiringPiNim/.git/objects/pack/pack-bdec3d9c275a3ac6cbd9fd1d04f296df4703592c.pack')
unlink('/tmp/nimble_6224/githubcom_ThomasTJdevnimwiringPiNim/.git/objects/pack/tmp_pack_xce1Ym')
link('/tmp/nimble_6224/githubcom_ThomasTJdevnimwiringPiNim/.git/objects/pack/tmp_idx_xE0g8r', '/tmp/nimble_6224/githubcom_ThomasTJdevnimwiringPiNim/.git/objects/pack/pack-bdec3d9c275a3ac6cbd9fd1d04f296df4703592c.idx')
unlink('/tmp/nimble_6224/githubcom_ThomasTJdevnimwiringPiNim/.git/objects/pack/tmp_idx_xE0g8r')
rename('/tmp/nimble_6224/githubcom_ThomasTJdevnimwiringPiNim/.git/shallow.lock', '/tmp/nimble_6224/githubcom_ThomasTJdevnimwiringPiNim/.git/shallow')
rename('/tmp/nimble_6224/githubcom_ThomasTJdevnimwiringPiNim/.git/packed-refs.new', '/tmp/nimble_6224/githubcom_ThomasTJdevnimwiringPiNim/.git/packed-refs')
unlink('/tmp/nimble_6224/githubcom_ThomasTJdevnimwiringPiNim/.git/packed-refs.lock')
mkdir('/tmp/nimble_6224/githubcom_ThomasTJdevnimwiringPiNim/.git/refs/remotes', 0x00000000000001ff)
mkdir('/tmp/nimble_6224/githubcom_ThomasTJdevnimwiringPiNim/.git/refs/remotes/origin', 0x00000000000001ff)
mkdir('/tmp/nimble_6224/githubcom_ThomasTJdevnimwiringPiNim/.git/logs', 0x00000000000001ff)
mkdir('/tmp/nimble_6224/githubcom_ThomasTJdevnimwiringPiNim/.git/logs/refs', 0x00000000000001ff)
mkdir('/tmp/nimble_6224/githubcom_ThomasTJdevnimwiringPiNim/.git/logs/refs/remotes', 0x00000000000001ff)
mkdir('/tmp/nimble_6224/githubcom_ThomasTJdevnimwiringPiNim/.git/logs/refs/remotes/origin', 0x00000000000001ff)
rename('/tmp/nimble_6224/githubcom_ThomasTJdevnimwiringPiNim/.git/refs/remotes/origin/HEAD.lock', '/tmp/nimble_6224/githubcom_ThomasTJdevnimwiringPiNim/.git/refs/remotes/origin/HEAD')
rename('/tmp/nimble_6224/githubcom_ThomasTJdevnimwiringPiNim/.git/HEAD.lock', '/tmp/nimble_6224/githubcom_ThomasTJdevnimwiringPiNim/.git/HEAD')
mkdir('/tmp/nimble_6224/githubcom_ThomasTJdevnimwiringPiNim/.git/logs/refs/heads', 0x00000000000001ff)
rename('/tmp/nimble_6224/githubcom_ThomasTJdevnimwiringPiNim/.git/refs/heads/master.lock', '/tmp/nimble_6224/githubcom_ThomasTJdevnimwiringPiNim/.git/refs/heads/master')
unlink('/tmp/nimble_6224/githubcom_ThomasTJdevnimwiringPiNim/.git/HEAD.lock')
chmod('/tmp/nimble_6224/githubcom_ThomasTJdevnimwiringPiNim/.git/config.lock', 0x00000000000001a4)
rename('/tmp/nimble_6224/githubcom_ThomasTJdevnimwiringPiNim/.git/config.lock', '/tmp/nimble_6224/githubcom_ThomasTJdevnimwiringPiNim/.git/config')
chmod('/tmp/nimble_6224/githubcom_ThomasTJdevnimwiringPiNim/.git/config.lock', 0x00000000000001a4)
rename('/tmp/nimble_6224/githubcom_ThomasTJdevnimwiringPiNim/.git/config.lock', '/tmp/nimble_6224/githubcom_ThomasTJdevnimwiringPiNim/.git/config')
unlink('/tmp/nimble_6224/githubcom_ThomasTJdevnimwiringPiNim/.git/objects/pack/pack-bdec3d9c275a3ac6cbd9fd1d04f296df4703592c.keep')
mkdir('ressources', 0x00000000000001ff)
rename('/tmp/nimble_6224/githubcom_ThomasTJdevnimwiringPiNim/.git/index.lock', '/tmp/nimble_6224/githubcom_ThomasTJdevnimwiringPiNim/.git/index')
mkdir('/tmp', 0x00000000000001ff)
mkdir('/tmp/nimblecache', 0x00000000000001ff)
mkdir('/tmp/nimblecache/wiringPiNim_4212450334', 0x00000000000001ff)
unlink('/tmp/nimblecache/wiringPiNim_4212450334/wiringPiNim.ini')
unlink('/tmp/nimble_6224.out')
unlink('/tmp/nimble_6224/githubcom_ThomasTJdevnimwiringPiNim/wiringPiNim_6224.nims')
mkdir('/home', 0x00000000000001ff)
mkdir('/home/runner', 0x00000000000001ff)
mkdir('/home/runner/.nimble', 0x00000000000001ff)
mkdir('/home/runner/.nimble/pkgs', 0x00000000000001ff)
mkdir('/home/runner/.nimble/pkgs/wiringPiNim-0.1.0', 0x00000000000001ff)
mkdir('/home', 0x00000000000001ff)
mkdir('/home/runner', 0x00000000000001ff)
mkdir('/home/runner/.nimble', 0x00000000000001ff)
mkdir('/home/runner/.nimble/pkgs', 0x00000000000001ff)
mkdir('/home/runner/.nimble/pkgs/wiringPiNim-0.1.0', 0x00000000000001ff)
chmod('/home/runner/.nimble/pkgs/wiringPiNim-0.1.0/wiringPiNim.nim', 0x00000000000001a4)
chmod('/home/runner/.nimble/pkgs/wiringPiNim-0.1.0/wiringPiNim.nimble', 0x00000000000001a4)
mkdir('/tmp', 0x00000000000001ff)
mkdir('/tmp/nimblecache', 0x00000000000001ff)
mkdir('/tmp/nimblecache/wiringPiNim_3253756095', 0x00000000000001ff)
unlink('/tmp/nimblecache/wiringPiNim_3253756095/wiringPiNim.ini')
unlink('/tmp/nimble_6224.out')
unlink('/home/runner/.nimble/pkgs/wiringPiNim-0.1.0/wiringPiNim_6224.nims')
unlink('/tmp/nimble_6224/githubcom_ThomasTJdevnimwiringPiNim/ressources/wiringPiWrap.c')
rmdir('/tmp/nimble_6224/githubcom_ThomasTJdevnimwiringPiNim/ressources')
unlink('/tmp/nimble_6224/githubcom_ThomasTJdevnimwiringPiNim/README.md')
unlink('/tmp/nimble_6224/githubcom_ThomasTJdevnimwiringPiNim/.git/refs/remotes/origin/HEAD')
rmdir('/tmp/nimble_6224/githubcom_ThomasTJdevnimwiringPiNim/.git/refs/remotes/origin')
rmdir('/tmp/nimble_6224/githubcom_ThomasTJdevnimwiringPiNim/.git/refs/remotes')
unlink('/tmp/nimble_6224/githubcom_ThomasTJdevnimwiringPiNim/.git/refs/heads/master')
rmdir('/tmp/nimble_6224/githubcom_ThomasTJdevnimwiringPiNim/.git/refs/heads')
rmdir('/tmp/nimble_6224/githubcom_ThomasTJdevnimwiringPiNim/.git/refs/tags')
rmdir('/tmp/nimble_6224/githubcom_ThomasTJdevnimwiringPiNim/.git/refs')
unlink('/tmp/nimble_6224/githubcom_ThomasTJdevnimwiringPiNim/.git/config')
unlink('/tmp/nimble_6224/githubcom_ThomasTJdevnimwiringPiNim/.git/logs/refs/remotes/origin/HEAD')
rmdir('/tmp/nimble_6224/githubcom_ThomasTJdevnimwiringPiNim/.git/logs/refs/remotes/origin')
rmdir('/tmp/nimble_6224/githubcom_ThomasTJdevnimwiringPiNim/.git/logs/refs/remotes')
unlink('/tmp/nimble_6224/githubcom_ThomasTJdevnimwiringPiNim/.git/logs/refs/heads/master')
rmdir('/tmp/nimble_6224/githubcom_ThomasTJdevnimwiringPiNim/.git/logs/refs/heads')
rmdir('/tmp/nimble_6224/githubcom_ThomasTJdevnimwiringPiNim/.git/logs/refs')
unlink('/tmp/nimble_6224/githubcom_ThomasTJdevnimwiringPiNim/.git/logs/HEAD')
rmdir('/tmp/nimble_6224/githubcom_ThomasTJdevnimwiringPiNim/.git/logs')
unlink('/tmp/nimble_6224/githubcom_ThomasTJdevnimwiringPiNim/.git/packed-refs')
unlink('/tmp/nimble_6224/githubcom_ThomasTJdevnimwiringPiNim/.git/HEAD')
unlink('/tmp/nimble_6224/githubcom_ThomasTJdevnimwiringPiNim/.git/description')
unlink('/tmp/nimble_6224/githubcom_ThomasTJdevnimwiringPiNim/.git/hooks/fsmonitor-watchman.sample')
unlink('/tmp/nimble_6224/githubcom_ThomasTJdevnimwiringPiNim/.git/hooks/pre-commit.sample')
unlink('/tmp/nimble_6224/githubcom_ThomasTJdevnimwiringPiNim/.git/hooks/applypatch-msg.sample')
unlink('/tmp/nimble_6224/githubcom_ThomasTJdevnimwiringPiNim/.git/hooks/pre-rebase.sample')
unlink('/tmp/nimble_6224/githubcom_ThomasTJdevnimwiringPiNim/.git/hooks/update.sample')
unlink('/tmp/nimble_6224/githubcom_ThomasTJdevnimwiringPiNim/.git/hooks/pre-push.sample')
unlink('/tmp/nimble_6224/githubcom_ThomasTJdevnimwiringPiNim/.git/hooks/pre-receive.sample')
unlink('/tmp/nimble_6224/githubcom_ThomasTJdevnimwiringPiNim/.git/hooks/pre-applypatch.sample')
unlink('/tmp/nimble_6224/githubcom_ThomasTJdevnimwiringPiNim/.git/hooks/post-update.sample')
unlink('/tmp/nimble_6224/githubcom_ThomasTJdevnimwiringPiNim/.git/hooks/prepare-commit-msg.sample')
unlink('/tmp/nimble_6224/githubcom_ThomasTJdevnimwiringPiNim/.git/hooks/commit-msg.sample')
unlink('/tmp/nimble_6224/githubcom_ThomasTJdevnimwiringPiNim/.git/hooks/pre-merge-commit.sample')
rmdir('/tmp/nimble_6224/githubcom_ThomasTJdevnimwiringPiNim/.git/hooks')
unlink('/tmp/nimble_6224/githubcom_ThomasTJdevnimwiringPiNim/.git/objects/pack/pack-bdec3d9c275a3ac6cbd9fd1d04f296df4703592c.pack')
unlink('/tmp/nimble_6224/githubcom_ThomasTJdevnimwiringPiNim/.git/objects/pack/pack-bdec3d9c275a3ac6cbd9fd1d04f296df4703592c.idx')
rmdir('/tmp/nimble_6224/githubcom_ThomasTJdevnimwiringPiNim/.git/objects/pack')
rmdir('/tmp/nimble_6224/githubcom_ThomasTJdevnimwiringPiNim/.git/objects/info')
rmdir('/tmp/nimble_6224/githubcom_ThomasTJdevnimwiringPiNim/.git/objects')
rmdir('/tmp/nimble_6224/githubcom_ThomasTJdevnimwiringPiNim/.git/branches')
unlink('/tmp/nimble_6224/githubcom_ThomasTJdevnimwiringPiNim/.git/index')
unlink('/tmp/nimble_6224/githubcom_ThomasTJdevnimwiringPiNim/.git/info/exclude')
rmdir('/tmp/nimble_6224/githubcom_ThomasTJdevnimwiringPiNim/.git/info')
unlink('/tmp/nimble_6224/githubcom_ThomasTJdevnimwiringPiNim/.git/shallow')
rmdir('/tmp/nimble_6224/githubcom_ThomasTJdevnimwiringPiNim/.git')
unlink('/tmp/nimble_6224/githubcom_ThomasTJdevnimwiringPiNim/wiringPiNim.nim')
unlink('/tmp/nimble_6224/githubcom_ThomasTJdevnimwiringPiNim/wiringPiNim.nimble')
unlink('/tmp/nimble_6224/githubcom_ThomasTJdevnimwiringPiNim/LICENSE')
rmdir('/tmp/nimble_6224/githubcom_ThomasTJdevnimwiringPiNim')
rmdir('/tmp/nimble_6224')
  create directory /tmp
  create directory /tmp/nimble_6224
  create directory /tmp/nimble_6224/githubcom_ThomasTJdevnimwiringPiNim
  delete /tmp/nimble_6224/githubcom_ThomasTJdevnimwiringPiNim
  create directory /tmp/nimble_6224/githubcom_ThomasTJdevnimwiringPiNim
  create directory /tmp/nimble_6224/githubcom_ThomasTJdevnimwiringPiNim/.git
  create directory /tmp/nimble_6224/githubcom_ThomasTJdevnimwiringPiNim/.git
  create directory /tmp/nimble_6224/githubcom_ThomasTJdevnimwiringPiNim/.git/hooks
  create directory /tmp/nimble_6224/githubcom_ThomasTJdevnimwiringPiNim/.git/branches
  create directory /tmp/nimble_6224/githubcom_ThomasTJdevnimwiringPiNim/.git/info
  create directory /tmp/nimble_6224/githubcom_ThomasTJdevnimwiringPiNim/.git/refs
  create directory /tmp/nimble_6224/githubcom_ThomasTJdevnimwiringPiNim/.git/refs/heads
  create directory /tmp/nimble_6224/githubcom_ThomasTJdevnimwiringPiNim/.git/refs/tags
  rename /tmp/nimble_6224/githubcom_ThomasTJdevnimwiringPiNim/.git/HEAD.lock to HEAD
  rename /tmp/nimble_6224/githubcom_ThomasTJdevnimwiringPiNim/.git/config.lock to config
  change permissions of /tmp/nimble_6224/githubcom_ThomasTJdevnimwiringPiNim/.git/config to rwxr--r--
  change permissions of /tmp/nimble_6224/githubcom_ThomasTJdevnimwiringPiNim/.git/config to rw-r--r--
  change permissions of /tmp/nimble_6224/githubcom_ThomasTJdevnimwiringPiNim/.git/config.lock to rw-r--r--
  rename /tmp/nimble_6224/githubcom_ThomasTJdevnimwiringPiNim/.git/config.lock to config
  change permissions of /tmp/nimble_6224/githubcom_ThomasTJdevnimwiringPiNim/.git/config.lock to rw-r--r--
  rename /tmp/nimble_6224/githubcom_ThomasTJdevnimwiringPiNim/.git/config.lock to config
  change permissions of /tmp/nimble_6224/githubcom_ThomasTJdevnimwiringPiNim/.git/config.lock to rw-r--r--
  rename /tmp/nimble_6224/githubcom_ThomasTJdevnimwiringPiNim/.git/config.lock to config
  delete /tmp/nimble_6224/githubcom_ThomasTJdevnimwiringPiNim/.git/tGid8zr
  create symbolic link from /tmp/nimble_6224/githubcom_ThomasTJdevnimwiringPiNim/.git/tGid8zr to /home/runner/work/nim_packages_security_audit/nim_packages_security_audit/testing
  delete /tmp/nimble_6224/githubcom_ThomasTJdevnimwiringPiNim/.git/tGid8zr
  create directory /tmp/nimble_6224/githubcom_ThomasTJdevnimwiringPiNim/.git/objects
  create directory /tmp/nimble_6224/githubcom_ThomasTJdevnimwiringPiNim/.git/objects/pack
  create directory /tmp/nimble_6224/githubcom_ThomasTJdevnimwiringPiNim/.git/objects/info
  change permissions of /tmp/nimble_6224/githubcom_ThomasTJdevnimwiringPiNim/.git/config.lock to rw-r--r--
  rename /tmp/nimble_6224/githubcom_ThomasTJdevnimwiringPiNim/.git/config.lock to config
  change permissions of /tmp/nimble_6224/githubcom_ThomasTJdevnimwiringPiNim/.git/config.lock to rw-r--r--
  rename /tmp/nimble_6224/githubcom_ThomasTJdevnimwiringPiNim/.git/config.lock to config
  change permissions of /tmp/nimble_6224/githubcom_ThomasTJdevnimwiringPiNim/.git/config.lock to rw-r--r--
  rename /tmp/nimble_6224/githubcom_ThomasTJdevnimwiringPiNim/.git/config.lock to config
  create hard link from /tmp/nimble_6224/githubcom_ThomasTJdevnimwiringPiNim/.git/objects/pack/pack-bdec3d9c275a3ac6cbd9fd1d04f296df4703592c.pack to /tmp/nimble_6224/githubcom_ThomasTJdevnimwiringPiNim/.git/objects/pack/tmp_pack_xce1Ym
  delete /tmp/nimble_6224/githubcom_ThomasTJdevnimwiringPiNim/.git/objects/pack/tmp_pack_xce1Ym
  create hard link from /tmp/nimble_6224/githubcom_ThomasTJdevnimwiringPiNim/.git/objects/pack/pack-bdec3d9c275a3ac6cbd9fd1d04f296df4703592c.idx to /tmp/nimble_6224/githubcom_ThomasTJdevnimwiringPiNim/.git/objects/pack/tmp_idx_xE0g8r
  delete /tmp/nimble_6224/githubcom_ThomasTJdevnimwiringPiNim/.git/objects/pack/tmp_idx_xE0g8r
  rename /tmp/nimble_6224/githubcom_ThomasTJdevnimwiringPiNim/.git/shallow.lock to shallow
  rename /tmp/nimble_6224/githubcom_ThomasTJdevnimwiringPiNim/.git/packed-refs.new to packed-refs
  delete /tmp/nimble_6224/githubcom_ThomasTJdevnimwiringPiNim/.git/packed-refs.lock
  create directory /tmp/nimble_6224/githubcom_ThomasTJdevnimwiringPiNim/.git/refs/remotes
  create directory /tmp/nimble_6224/githubcom_ThomasTJdevnimwiringPiNim/.git/refs/remotes/origin
  create directory /tmp/nimble_6224/githubcom_ThomasTJdevnimwiringPiNim/.git/logs
  create directory /tmp/nimble_6224/githubcom_ThomasTJdevnimwiringPiNim/.git/logs/refs
  create directory /tmp/nimble_6224/githubcom_ThomasTJdevnimwiringPiNim/.git/logs/refs/remotes
  create directory /tmp/nimble_6224/githubcom_ThomasTJdevnimwiringPiNim/.git/logs/refs/remotes/origin
  rename /tmp/nimble_6224/githubcom_ThomasTJdevnimwiringPiNim/.git/refs/remotes/origin/HEAD.lock to HEAD
  rename /tmp/nimble_6224/githubcom_ThomasTJdevnimwiringPiNim/.git/HEAD.lock to HEAD
  create directory /tmp/nimble_6224/githubcom_ThomasTJdevnimwiringPiNim/.git/logs/refs/heads
  rename /tmp/nimble_6224/githubcom_ThomasTJdevnimwiringPiNim/.git/refs/heads/master.lock to master
  delete /tmp/nimble_6224/githubcom_ThomasTJdevnimwiringPiNim/.git/HEAD.lock
  change permissions of /tmp/nimble_6224/githubcom_ThomasTJdevnimwiringPiNim/.git/config.lock to rw-r--r--
  rename /tmp/nimble_6224/githubcom_ThomasTJdevnimwiringPiNim/.git/config.lock to config
  change permissions of /tmp/nimble_6224/githubcom_ThomasTJdevnimwiringPiNim/.git/config.lock to rw-r--r--
  rename /tmp/nimble_6224/githubcom_ThomasTJdevnimwiringPiNim/.git/config.lock to config
  delete /tmp/nimble_6224/githubcom_ThomasTJdevnimwiringPiNim/.git/objects/pack/pack-bdec3d9c275a3ac6cbd9fd1d04f296df4703592c.keep
  create directory /tmp/nimble_6224/githubcom_ThomasTJdevnimwiringPiNim/ressources
  rename /tmp/nimble_6224/githubcom_ThomasTJdevnimwiringPiNim/.git/index.lock to index
  create directory /tmp
  create directory /tmp/nimblecache
  create directory /tmp/nimblecache/wiringPiNim_4212450334
  delete /tmp/nimblecache/wiringPiNim_4212450334/wiringPiNim.ini
  delete /tmp/nimble_6224.out
  delete /tmp/nimble_6224/githubcom_ThomasTJdevnimwiringPiNim/wiringPiNim_6224.nims
  create directory /home
  create directory /home/runner
  create directory /home/runner/.nimble
  create directory /home/runner/.nimble/pkgs
  create directory /home/runner/.nimble/pkgs/wiringPiNim-0.1.0
  create directory /home
  create directory /home/runner
  create directory /home/runner/.nimble
  create directory /home/runner/.nimble/pkgs
  create directory /home/runner/.nimble/pkgs/wiringPiNim-0.1.0
  change permissions of /home/runner/.nimble/pkgs/wiringPiNim-0.1.0/wiringPiNim.nim to rw-r--r--
  change permissions of /home/runner/.nimble/pkgs/wiringPiNim-0.1.0/wiringPiNim.nimble to rw-r--r--
  create directory /tmp
  create directory /tmp/nimblecache
  create directory /tmp/nimblecache/wiringPiNim_3253756095
  delete /tmp/nimblecache/wiringPiNim_3253756095/wiringPiNim.ini
  delete /tmp/nimble_6224.out
  delete /home/runner/.nimble/pkgs/wiringPiNim-0.1.0/wiringPiNim_6224.nims
  delete /tmp/nimble_6224/githubcom_ThomasTJdevnimwiringPiNim/ressources/wiringPiWrap.c
  delete /tmp/nimble_6224/githubcom_ThomasTJdevnimwiringPiNim/ressources
  delete /tmp/nimble_6224/githubcom_ThomasTJdevnimwiringPiNim/README.md
  delete /tmp/nimble_6224/githubcom_ThomasTJdevnimwiringPiNim/.git/refs/remotes/origin/HEAD
  delete /tmp/nimble_6224/githubcom_ThomasTJdevnimwiringPiNim/.git/refs/remotes/origin
  delete /tmp/nimble_6224/githubcom_ThomasTJdevnimwiringPiNim/.git/refs/remotes
  delete /tmp/nimble_6224/githubcom_ThomasTJdevnimwiringPiNim/.git/refs/heads/master
  delete /tmp/nimble_6224/githubcom_ThomasTJdevnimwiringPiNim/.git/refs/heads
  delete /tmp/nimble_6224/githubcom_ThomasTJdevnimwiringPiNim/.git/refs/tags
  delete /tmp/nimble_6224/githubcom_ThomasTJdevnimwiringPiNim/.git/refs
  delete /tmp/nimble_6224/githubcom_ThomasTJdevnimwiringPiNim/.git/config
  delete /tmp/nimble_6224/githubcom_ThomasTJdevnimwiringPiNim/.git/logs/refs/remotes/origin/HEAD
  delete /tmp/nimble_6224/githubcom_ThomasTJdevnimwiringPiNim/.git/logs/refs/remotes/origin
  delete /tmp/nimble_6224/githubcom_ThomasTJdevnimwiringPiNim/.git/logs/refs/remotes
  delete /tmp/nimble_6224/githubcom_ThomasTJdevnimwiringPiNim/.git/logs/refs/heads/master
  delete /tmp/nimble_6224/githubcom_ThomasTJdevnimwiringPiNim/.git/logs/refs/heads
  delete /tmp/nimble_6224/githubcom_ThomasTJdevnimwiringPiNim/.git/logs/refs
  delete /tmp/nimble_6224/githubcom_ThomasTJdevnimwiringPiNim/.git/logs/HEAD
  delete /tmp/nimble_6224/githubcom_ThomasTJdevnimwiringPiNim/.git/logs
  delete /tmp/nimble_6224/githubcom_ThomasTJdevnimwiringPiNim/.git/packed-refs
  delete /tmp/nimble_6224/githubcom_ThomasTJdevnimwiringPiNim/.git/HEAD
  delete /tmp/nimble_6224/githubcom_ThomasTJdevnimwiringPiNim/.git/description
  delete /tmp/nimble_6224/githubcom_ThomasTJdevnimwiringPiNim/.git/hooks/fsmonitor-watchman.sample
  delete /tmp/nimble_6224/githubcom_ThomasTJdevnimwiringPiNim/.git/hooks/pre-commit.sample
  delete /tmp/nimble_6224/githubcom_ThomasTJdevnimwiringPiNim/.git/hooks/applypatch-msg.sample
  delete /tmp/nimble_6224/githubcom_ThomasTJdevnimwiringPiNim/.git/hooks/pre-rebase.sample
  delete /tmp/nimble_6224/githubcom_ThomasTJdevnimwiringPiNim/.git/hooks/update.sample
  delete /tmp/nimble_6224/githubcom_ThomasTJdevnimwiringPiNim/.git/hooks/pre-push.sample
  delete /tmp/nimble_6224/githubcom_ThomasTJdevnimwiringPiNim/.git/hooks/pre-receive.sample
  delete /tmp/nimble_6224/githubcom_ThomasTJdevnimwiringPiNim/.git/hooks/pre-applypatch.sample
  delete /tmp/nimble_6224/githubcom_ThomasTJdevnimwiringPiNim/.git/hooks/post-update.sample
  delete /tmp/nimble_6224/githubcom_ThomasTJdevnimwiringPiNim/.git/hooks/prepare-commit-msg.sample
  delete /tmp/nimble_6224/githubcom_ThomasTJdevnimwiringPiNim/.git/hooks/commit-msg.sample
  delete /tmp/nimble_6224/githubcom_ThomasTJdevnimwiringPiNim/.git/hooks/pre-merge-commit.sample
  delete /tmp/nimble_6224/githubcom_ThomasTJdevnimwiringPiNim/.git/hooks
  delete /tmp/nimble_6224/githubcom_ThomasTJdevnimwiringPiNim/.git/objects/pack/pack-bdec3d9c275a3ac6cbd9fd1d04f296df4703592c.pack
  delete /tmp/nimble_6224/githubcom_ThomasTJdevnimwiringPiNim/.git/objects/pack/pack-bdec3d9c275a3ac6cbd9fd1d04f296df4703592c.idx
  delete /tmp/nimble_6224/githubcom_ThomasTJdevnimwiringPiNim/.git/objects/pack
  delete /tmp/nimble_6224/githubcom_ThomasTJdevnimwiringPiNim/.git/objects/info
  delete /tmp/nimble_6224/githubcom_ThomasTJdevnimwiringPiNim/.git/objects
  delete /tmp/nimble_6224/githubcom_ThomasTJdevnimwiringPiNim/.git/branches
  delete /tmp/nimble_6224/githubcom_ThomasTJdevnimwiringPiNim/.git/index
  delete /tmp/nimble_6224/githubcom_ThomasTJdevnimwiringPiNim/.git/info/exclude
  delete /tmp/nimble_6224/githubcom_ThomasTJdevnimwiringPiNim/.git/info
  delete /tmp/nimble_6224/githubcom_ThomasTJdevnimwiringPiNim/.git/shallow
  delete /tmp/nimble_6224/githubcom_ThomasTJdevnimwiringPiNim/.git
  delete /tmp/nimble_6224/githubcom_ThomasTJdevnimwiringPiNim/wiringPiNim.nim
  delete /tmp/nimble_6224/githubcom_ThomasTJdevnimwiringPiNim/wiringPiNim.nimble
  delete /tmp/nimble_6224/githubcom_ThomasTJdevnimwiringPiNim/LICENSE
  delete /tmp/nimble_6224/githubcom_ThomasTJdevnimwiringPiNim
  delete /tmp/nimble_6224
