    Reading official package list
Downloading https://github.com/bunkford/wZeeGrid using git
       Info /tmp/nimble_10358/githubcom_bunkfordwZeeGrid/wZeeGrid_10358.nims(5, 22) Warning: imported and not used: 'strutils' [UnusedImport]
  Verifying dependencies for wZeeGrid@1.0.0
    Reading official package list
   Checking for wNim@>= 0.9.0
 Installing wNim@>= 0.9.0
    Reading official package list
Downloading https://github.com/khchen/wNim using git
mkdir('/tmp', 0x00000000000001ff)
mkdir('/tmp/nimble_10358', 0x00000000000001ff)
mkdir('/tmp/nimble_10358/githubcom_bunkfordwZeeGrid', 0x00000000000001ff)
rmdir('/tmp/nimble_10358/githubcom_bunkfordwZeeGrid')
mkdir('/tmp/nimble_10358/githubcom_bunkfordwZeeGrid', 0x00000000000001ff)
mkdir('/tmp/nimble_10358/githubcom_bunkfordwZeeGrid/.git', 0x00000000000001ff)
mkdir('/tmp/nimble_10358/githubcom_bunkfordwZeeGrid/.git/', 0x00000000000001ff)
mkdir('/tmp/nimble_10358/githubcom_bunkfordwZeeGrid/.git/hooks/', 0x00000000000001ff)
mkdir('/tmp/nimble_10358/githubcom_bunkfordwZeeGrid/.git/branches/', 0x00000000000001ff)
mkdir('/tmp/nimble_10358/githubcom_bunkfordwZeeGrid/.git/info/', 0x00000000000001ff)
mkdir('/tmp/nimble_10358/githubcom_bunkfordwZeeGrid/.git/refs', 0x00000000000001ff)
mkdir('/tmp/nimble_10358/githubcom_bunkfordwZeeGrid/.git/refs/heads', 0x00000000000001ff)
mkdir('/tmp/nimble_10358/githubcom_bunkfordwZeeGrid/.git/refs/tags', 0x00000000000001ff)
rename('/tmp/nimble_10358/githubcom_bunkfordwZeeGrid/.git/HEAD.lock', '/tmp/nimble_10358/githubcom_bunkfordwZeeGrid/.git/HEAD')
rename('/tmp/nimble_10358/githubcom_bunkfordwZeeGrid/.git/config.lock', '/tmp/nimble_10358/githubcom_bunkfordwZeeGrid/.git/config')
chmod('/tmp/nimble_10358/githubcom_bunkfordwZeeGrid/.git/config', 0x00000000000081e4)
chmod('/tmp/nimble_10358/githubcom_bunkfordwZeeGrid/.git/config', 0x00000000000081a4)
chmod('/tmp/nimble_10358/githubcom_bunkfordwZeeGrid/.git/config.lock', 0x00000000000001a4)
rename('/tmp/nimble_10358/githubcom_bunkfordwZeeGrid/.git/config.lock', '/tmp/nimble_10358/githubcom_bunkfordwZeeGrid/.git/config')
chmod('/tmp/nimble_10358/githubcom_bunkfordwZeeGrid/.git/config.lock', 0x00000000000001a4)
rename('/tmp/nimble_10358/githubcom_bunkfordwZeeGrid/.git/config.lock', '/tmp/nimble_10358/githubcom_bunkfordwZeeGrid/.git/config')
chmod('/tmp/nimble_10358/githubcom_bunkfordwZeeGrid/.git/config.lock', 0x00000000000001a4)
rename('/tmp/nimble_10358/githubcom_bunkfordwZeeGrid/.git/config.lock', '/tmp/nimble_10358/githubcom_bunkfordwZeeGrid/.git/config')
unlink('/tmp/nimble_10358/githubcom_bunkfordwZeeGrid/.git/tSNJ7kg')
symlink('testing', '/tmp/nimble_10358/githubcom_bunkfordwZeeGrid/.git/tSNJ7kg')
unlink('/tmp/nimble_10358/githubcom_bunkfordwZeeGrid/.git/tSNJ7kg')
mkdir('/tmp/nimble_10358/githubcom_bunkfordwZeeGrid/.git/objects', 0x00000000000001ff)
mkdir('/tmp/nimble_10358/githubcom_bunkfordwZeeGrid/.git/objects/pack', 0x00000000000001ff)
mkdir('/tmp/nimble_10358/githubcom_bunkfordwZeeGrid/.git/objects/info', 0x00000000000001ff)
chmod('/tmp/nimble_10358/githubcom_bunkfordwZeeGrid/.git/config.lock', 0x00000000000001a4)
rename('/tmp/nimble_10358/githubcom_bunkfordwZeeGrid/.git/config.lock', '/tmp/nimble_10358/githubcom_bunkfordwZeeGrid/.git/config')
chmod('/tmp/nimble_10358/githubcom_bunkfordwZeeGrid/.git/config.lock', 0x00000000000001a4)
rename('/tmp/nimble_10358/githubcom_bunkfordwZeeGrid/.git/config.lock', '/tmp/nimble_10358/githubcom_bunkfordwZeeGrid/.git/config')
chmod('/tmp/nimble_10358/githubcom_bunkfordwZeeGrid/.git/config.lock', 0x00000000000001a4)
rename('/tmp/nimble_10358/githubcom_bunkfordwZeeGrid/.git/config.lock', '/tmp/nimble_10358/githubcom_bunkfordwZeeGrid/.git/config')
link('/tmp/nimble_10358/githubcom_bunkfordwZeeGrid/.git/objects/pack/tmp_pack_7RFDbI', '/tmp/nimble_10358/githubcom_bunkfordwZeeGrid/.git/objects/pack/pack-48a4caae19869d96e5dd8e6e360ae0eccea837e8.pack')
unlink('/tmp/nimble_10358/githubcom_bunkfordwZeeGrid/.git/objects/pack/tmp_pack_7RFDbI')
link('/tmp/nimble_10358/githubcom_bunkfordwZeeGrid/.git/objects/pack/tmp_idx_CVgcOa', '/tmp/nimble_10358/githubcom_bunkfordwZeeGrid/.git/objects/pack/pack-48a4caae19869d96e5dd8e6e360ae0eccea837e8.idx')
unlink('/tmp/nimble_10358/githubcom_bunkfordwZeeGrid/.git/objects/pack/tmp_idx_CVgcOa')
rename('/tmp/nimble_10358/githubcom_bunkfordwZeeGrid/.git/shallow.lock', '/tmp/nimble_10358/githubcom_bunkfordwZeeGrid/.git/shallow')
rename('/tmp/nimble_10358/githubcom_bunkfordwZeeGrid/.git/packed-refs.new', '/tmp/nimble_10358/githubcom_bunkfordwZeeGrid/.git/packed-refs')
unlink('/tmp/nimble_10358/githubcom_bunkfordwZeeGrid/.git/packed-refs.lock')
mkdir('/tmp/nimble_10358/githubcom_bunkfordwZeeGrid/.git/refs/remotes', 0x00000000000001ff)
mkdir('/tmp/nimble_10358/githubcom_bunkfordwZeeGrid/.git/refs/remotes/origin', 0x00000000000001ff)
mkdir('/tmp/nimble_10358/githubcom_bunkfordwZeeGrid/.git/logs', 0x00000000000001ff)
mkdir('/tmp/nimble_10358/githubcom_bunkfordwZeeGrid/.git/logs/refs', 0x00000000000001ff)
mkdir('/tmp/nimble_10358/githubcom_bunkfordwZeeGrid/.git/logs/refs/remotes', 0x00000000000001ff)
mkdir('/tmp/nimble_10358/githubcom_bunkfordwZeeGrid/.git/logs/refs/remotes/origin', 0x00000000000001ff)
rename('/tmp/nimble_10358/githubcom_bunkfordwZeeGrid/.git/refs/remotes/origin/HEAD.lock', '/tmp/nimble_10358/githubcom_bunkfordwZeeGrid/.git/refs/remotes/origin/HEAD')
rename('/tmp/nimble_10358/githubcom_bunkfordwZeeGrid/.git/HEAD.lock', '/tmp/nimble_10358/githubcom_bunkfordwZeeGrid/.git/HEAD')
mkdir('/tmp/nimble_10358/githubcom_bunkfordwZeeGrid/.git/logs/refs/heads', 0x00000000000001ff)
rename('/tmp/nimble_10358/githubcom_bunkfordwZeeGrid/.git/refs/heads/master.lock', '/tmp/nimble_10358/githubcom_bunkfordwZeeGrid/.git/refs/heads/master')
unlink('/tmp/nimble_10358/githubcom_bunkfordwZeeGrid/.git/HEAD.lock')
chmod('/tmp/nimble_10358/githubcom_bunkfordwZeeGrid/.git/config.lock', 0x00000000000001a4)
rename('/tmp/nimble_10358/githubcom_bunkfordwZeeGrid/.git/config.lock', '/tmp/nimble_10358/githubcom_bunkfordwZeeGrid/.git/config')
chmod('/tmp/nimble_10358/githubcom_bunkfordwZeeGrid/.git/config.lock', 0x00000000000001a4)
rename('/tmp/nimble_10358/githubcom_bunkfordwZeeGrid/.git/config.lock', '/tmp/nimble_10358/githubcom_bunkfordwZeeGrid/.git/config')
unlink('/tmp/nimble_10358/githubcom_bunkfordwZeeGrid/.git/objects/pack/pack-48a4caae19869d96e5dd8e6e360ae0eccea837e8.keep')
mkdir('docs', 0x00000000000001ff)
mkdir('examples', 0x00000000000001ff)
rename('/tmp/nimble_10358/githubcom_bunkfordwZeeGrid/.git/index.lock', '/tmp/nimble_10358/githubcom_bunkfordwZeeGrid/.git/index')
mkdir('/tmp', 0x00000000000001ff)
mkdir('/tmp/nimblecache', 0x00000000000001ff)
mkdir('/tmp/nimblecache/wZeeGrid_3227633337', 0x00000000000001ff)
unlink('/tmp/nimblecache/wZeeGrid_3227633337/wZeeGrid.ini')
unlink('/tmp/nimble_10358.out')
unlink('/tmp/nimble_10358/githubcom_bunkfordwZeeGrid/wZeeGrid_10358.nims')
mkdir('/tmp', 0x00000000000001ff)
mkdir('/tmp/nimble_10358', 0x00000000000001ff)
mkdir('/tmp/nimble_10358/githubcom_khchenwNim_0.9.0', 0x00000000000001ff)
rmdir('/tmp/nimble_10358/githubcom_khchenwNim_0.9.0')
mkdir('/tmp/nimble_10358/githubcom_khchenwNim_0.9.0', 0x00000000000001ff)
mkdir('/tmp/nimble_10358/githubcom_khchenwNim_0.9.0/.git', 0x00000000000001ff)
mkdir('/tmp/nimble_10358/githubcom_khchenwNim_0.9.0/.git/', 0x00000000000001ff)
mkdir('/tmp/nimble_10358/githubcom_khchenwNim_0.9.0/.git/hooks/', 0x00000000000001ff)
mkdir('/tmp/nimble_10358/githubcom_khchenwNim_0.9.0/.git/branches/', 0x00000000000001ff)
mkdir('/tmp/nimble_10358/githubcom_khchenwNim_0.9.0/.git/info/', 0x00000000000001ff)
mkdir('/tmp/nimble_10358/githubcom_khchenwNim_0.9.0/.git/refs', 0x00000000000001ff)
mkdir('/tmp/nimble_10358/githubcom_khchenwNim_0.9.0/.git/refs/heads', 0x00000000000001ff)
mkdir('/tmp/nimble_10358/githubcom_khchenwNim_0.9.0/.git/refs/tags', 0x00000000000001ff)
rename('/tmp/nimble_10358/githubcom_khchenwNim_0.9.0/.git/HEAD.lock', '/tmp/nimble_10358/githubcom_khchenwNim_0.9.0/.git/HEAD')
rename('/tmp/nimble_10358/githubcom_khchenwNim_0.9.0/.git/config.lock', '/tmp/nimble_10358/githubcom_khchenwNim_0.9.0/.git/config')
chmod('/tmp/nimble_10358/githubcom_khchenwNim_0.9.0/.git/config', 0x00000000000081e4)
chmod('/tmp/nimble_10358/githubcom_khchenwNim_0.9.0/.git/config', 0x00000000000081a4)
chmod('/tmp/nimble_10358/githubcom_khchenwNim_0.9.0/.git/config.lock', 0x00000000000001a4)
rename('/tmp/nimble_10358/githubcom_khchenwNim_0.9.0/.git/config.lock', '/tmp/nimble_10358/githubcom_khchenwNim_0.9.0/.git/config')
chmod('/tmp/nimble_10358/githubcom_khchenwNim_0.9.0/.git/config.lock', 0x00000000000001a4)
rename('/tmp/nimble_10358/githubcom_khchenwNim_0.9.0/.git/config.lock', '/tmp/nimble_10358/githubcom_khchenwNim_0.9.0/.git/config')   Warning: Package 'wnim' has an incorrect structure. The top level of the package source directory should contain at most one module, named 'wnim.nim', but a file named 'wNim.nim' was found. This will be an error in the future.
      Hint: If this is the primary source file in the package, rename it to 'wnim.nim'. If it's a source file required by the main module, or if it is one of several modules exposed by 'wnim', then move it into a 'wnim/' subdirectory. If it's a test file or otherwise not required to build the the package 'wnim.nim', prevent its installation by adding `skipFiles = @["wNim.nim"]` to the .nimble file. See https://github.com/nim-lang/nimble#libraries for more info.
  Verifying dependencies for wnim@0.11.0
    Reading official package list
   Checking for winim@>= 3.3.1
 Installing winim@>= 3.3.1
    Reading official package list
Downloading https://github.com/khchen/winim using git

chmod('/tmp/nimble_10358/githubcom_khchenwNim_0.9.0/.git/config.lock', 0x00000000000001a4)
rename('/tmp/nimble_10358/githubcom_khchenwNim_0.9.0/.git/config.lock', '/tmp/nimble_10358/githubcom_khchenwNim_0.9.0/.git/config')
unlink('/tmp/nimble_10358/githubcom_khchenwNim_0.9.0/.git/toS94sx')
symlink('testing', '/tmp/nimble_10358/githubcom_khchenwNim_0.9.0/.git/toS94sx')
unlink('/tmp/nimble_10358/githubcom_khchenwNim_0.9.0/.git/toS94sx')
mkdir('/tmp/nimble_10358/githubcom_khchenwNim_0.9.0/.git/objects', 0x00000000000001ff)
mkdir('/tmp/nimble_10358/githubcom_khchenwNim_0.9.0/.git/objects/pack', 0x00000000000001ff)
mkdir('/tmp/nimble_10358/githubcom_khchenwNim_0.9.0/.git/objects/info', 0x00000000000001ff)
chmod('/tmp/nimble_10358/githubcom_khchenwNim_0.9.0/.git/config.lock', 0x00000000000001a4)
rename('/tmp/nimble_10358/githubcom_khchenwNim_0.9.0/.git/config.lock', '/tmp/nimble_10358/githubcom_khchenwNim_0.9.0/.git/config')
chmod('/tmp/nimble_10358/githubcom_khchenwNim_0.9.0/.git/config.lock', 0x00000000000001a4)
rename('/tmp/nimble_10358/githubcom_khchenwNim_0.9.0/.git/config.lock', '/tmp/nimble_10358/githubcom_khchenwNim_0.9.0/.git/config')
chmod('/tmp/nimble_10358/githubcom_khchenwNim_0.9.0/.git/config.lock', 0x00000000000001a4)
rename('/tmp/nimble_10358/githubcom_khchenwNim_0.9.0/.git/config.lock', '/tmp/nimble_10358/githubcom_khchenwNim_0.9.0/.git/config')
link('/tmp/nimble_10358/githubcom_khchenwNim_0.9.0/.git/objects/pack/tmp_pack_RdXHOx', '/tmp/nimble_10358/githubcom_khchenwNim_0.9.0/.git/objects/pack/pack-139a31ef96451ce565333fd6e436b523a56c656a.pack')
unlink('/tmp/nimble_10358/githubcom_khchenwNim_0.9.0/.git/objects/pack/tmp_pack_RdXHOx')
link('/tmp/nimble_10358/githubcom_khchenwNim_0.9.0/.git/objects/pack/tmp_idx_ZGXYgY', '/tmp/nimble_10358/githubcom_khchenwNim_0.9.0/.git/objects/pack/pack-139a31ef96451ce565333fd6e436b523a56c656a.idx')
unlink('/tmp/nimble_10358/githubcom_khchenwNim_0.9.0/.git/objects/pack/tmp_idx_ZGXYgY')
rename('/tmp/nimble_10358/githubcom_khchenwNim_0.9.0/.git/shallow.lock', '/tmp/nimble_10358/githubcom_khchenwNim_0.9.0/.git/shallow')
rename('/tmp/nimble_10358/githubcom_khchenwNim_0.9.0/.git/packed-refs.new', '/tmp/nimble_10358/githubcom_khchenwNim_0.9.0/.git/packed-refs')
unlink('/tmp/nimble_10358/githubcom_khchenwNim_0.9.0/.git/packed-refs.lock')
mkdir('/tmp/nimble_10358/githubcom_khchenwNim_0.9.0/.git/refs/remotes', 0x00000000000001ff)
mkdir('/tmp/nimble_10358/githubcom_khchenwNim_0.9.0/.git/refs/remotes/origin', 0x00000000000001ff)
mkdir('/tmp/nimble_10358/githubcom_khchenwNim_0.9.0/.git/logs', 0x00000000000001ff)
mkdir('/tmp/nimble_10358/githubcom_khchenwNim_0.9.0/.git/logs/refs', 0x00000000000001ff)
mkdir('/tmp/nimble_10358/githubcom_khchenwNim_0.9.0/.git/logs/refs/remotes', 0x00000000000001ff)
mkdir('/tmp/nimble_10358/githubcom_khchenwNim_0.9.0/.git/logs/refs/remotes/origin', 0x00000000000001ff)
rename('/tmp/nimble_10358/githubcom_khchenwNim_0.9.0/.git/refs/remotes/origin/HEAD.lock', '/tmp/nimble_10358/githubcom_khchenwNim_0.9.0/.git/refs/remotes/origin/HEAD')
rename('/tmp/nimble_10358/githubcom_khchenwNim_0.9.0/.git/HEAD.lock', '/tmp/nimble_10358/githubcom_khchenwNim_0.9.0/.git/HEAD')
mkdir('/tmp/nimble_10358/githubcom_khchenwNim_0.9.0/.git/logs/refs/heads', 0x00000000000001ff)
rename('/tmp/nimble_10358/githubcom_khchenwNim_0.9.0/.git/refs/heads/master.lock', '/tmp/nimble_10358/githubcom_khchenwNim_0.9.0/.git/refs/heads/master')
unlink('/tmp/nimble_10358/githubcom_khchenwNim_0.9.0/.git/HEAD.lock')
chmod('/tmp/nimble_10358/githubcom_khchenwNim_0.9.0/.git/config.lock', 0x00000000000001a4)
rename('/tmp/nimble_10358/githubcom_khchenwNim_0.9.0/.git/config.lock', '/tmp/nimble_10358/githubcom_khchenwNim_0.9.0/.git/config')
chmod('/tmp/nimble_10358/githubcom_khchenwNim_0.9.0/.git/config.lock', 0x00000000000001a4)
rename('/tmp/nimble_10358/githubcom_khchenwNim_0.9.0/.git/config.lock', '/tmp/nimble_10358/githubcom_khchenwNim_0.9.0/.git/config')
unlink('/tmp/nimble_10358/githubcom_khchenwNim_0.9.0/.git/objects/pack/pack-139a31ef96451ce565333fd6e436b523a56c656a.keep')
mkdir('docs', 0x00000000000001ff)
mkdir('docs/images', 0x00000000000001ff)
mkdir('examples', 0x00000000000001ff)
mkdir('examples/html', 0x00000000000001ff)
mkdir('examples/images', 0x00000000000001ff)
mkdir('examples/mcts', 0x00000000000001ff)
mkdir('examples/resource', 0x00000000000001ff)
mkdir('wNim', 0x00000000000001ff)
mkdir('wNim/private', 0x00000000000001ff)
mkdir('wNim/private/consts', 0x00000000000001ff)
mkdir('wNim/private/controls', 0x00000000000001ff)
mkdir('wNim/private/dc', 0x00000000000001ff)
mkdir('wNim/private/dialogs', 0x00000000000001ff)
mkdir('wNim/private/events', 0x00000000000001ff)
mkdir('wNim/private/gdiobjects', 0x00000000000001ff)
mkdir('wNim/private/kiwi', 0x00000000000001ff)
mkdir('wNim/private/menu', 0x00000000000001ff)
rename('/tmp/nimble_10358/githubcom_khchenwNim_0.9.0/.git/index.lock', '/tmp/nimble_10358/githubcom_khchenwNim_0.9.0/.git/index')
mkdir('/tmp', 0x00000000000001ff)
mkdir('/tmp/nimblecache', 0x00000000000001ff)
mkdir('/tmp/nimblecache/wnim_3911173816', 0x00000000000001ff)
unlink('/tmp/nimblecache/wnim_3911173816/wnim.ini')
unlink('/tmp/nimble_10358.out')
unlink('/tmp/nimble_10358/githubcom_khchenwNim_0.9.0/wnim_10358.nims')
mkdir('/tmp', 0x00000000000001ff)
mkdir('/tmp/nimble_10358', 0x00000000000001ff)
mkdir('/tmp/nimble_10358/githubcom_khchenwinim_3.3.1', 0x00000000000001ff)
rmdir('/tmp/nimble_10358/githubcom_khchenwinim_3.3.1')
mkdir('/tmp/nimble_10358/githubcom_khchenwinim_3.3.1', 0x00000000000001ff)
mkdir('/tmp/nimble_10358/githubcom_khchenwinim_3.3.1/.git', 0x00000000000001ff)
mkdir('/tmp/nimble_10358/githubcom_khchenwinim_3.3.1/.git/', 0x00000000000001ff)
mkdir('/tmp/nimble_10358/githubcom_khchenwinim_3.3.1/.git/hooks/', 0x00000000000001ff)
mkdir('/tmp/nimble_10358/githubcom_khchenwinim_3.3.1/.git/branches/', 0x00000000000001ff)
mkdir('/tmp/nimble_10358/githubcom_khchenwinim_3.3.1/.git/info/', 0x00000000000001ff)
mkdir('/tmp/nimble_10358/githubcom_khchenwinim_3.3.1/.git/refs', 0x00000000000001ff)
mkdir('/tmp/nimble_10358/githubcom_khchenwinim_3.3.1/.git/refs/heads', 0x00000000000001ff)
mkdir('/tmp/nimble_10358/githubcom_khchenwinim_3.3.1/.git/refs/tags', 0x00000000000001ff)
rename('/tmp/nimble_10358/githubcom_khchenwinim_3.3.1/.git/HEAD.lock', '/tmp/nimble_10358/githubcom_khchenwinim_3.3.1/.git/HEAD')
rename('/tmp/nimble_10358/githubcom_khchenwinim_3.3.1/.git/config.lock', '/tmp/nimble_10358/githubcom_khchenwinim_3.3.1/.git/config')
chmod('/tmp/nimble_10358/githubcom_khchenwinim_3.3.1/.git/config', 0x00000000000081e4)
chmod('/tmp/nimble_10358/githubcom_khchenwinim_3.3.1/.git/config', 0x00000000000081a4)
chmod('/tmp/nimble_10358/githubcom_khchenwinim_3.3.1/.git/config.lock', 0x00000000000001a4)
rename('/tmp/nimble_10358/githubcom_khchenwinim_3.3.1/.git/config.lock', '/tmp/nimble_10358/githubcom_khchenwinim_3.3.1/.git/config')
chmod('/tmp/nimble_10358/githubcom_khchenwinim_3.3.1/.git/config.lock', 0x00000000000001a4)
rename('/tmp/nimble_10358/githubcom_khchenwinim_3.3.1/.git/config.lock', '/tmp/nimble_10358/githubcom_khchenwinim_3.3.1/.git/config')
chmod('/tmp/nimble_10358/githubcom_khchenwinim_3.3.1/.git/config.lock', 0x00000000000001a4)
rename('/tmp/nimble_10358/githubcom_khchenwinim_3.3.1/.git/config.lock', '/tmp/nimble_10358/githubcom_khchenwinim_3.3.1/.git/config')
unlink('/tmp/nimble_10358/githubcom_khchenwinim_3.3.1/.git/tie1X6k')
symlink('testing', '/tmp/nimble_10358/githubcom_khchenwinim_3.3.1/.git/tie1X6k')
unlink('/tmp/nimble_10358/githubcom_khchenwinim_3.3.1/.git/tie1X6k')
mkdir('/tmp/nimble_10358/githubcom_khchenwinim_3.3.1/.git/objects', 0x00000000000001ff)
mkdir('/tmp/nimble_10358/githubcom_khchenwinim_3.3.1/.git/objects/pack', 0x00000000000001ff)
mkdir('/tmp/nimble_10358/githubcom_khchenwinim_3.3.1/.git/objects/info', 0x00000000000001ff)
chmod('/tmp/nimble_10358/githubcom_khchenwinim_3.3.1/.git/config.lock', 0x00000000000001a4)
rename('/tmp/nimble_10358/githubcom_khchenwinim_3.3.1/.git/config.lock', '/tmp/nimble_10358/githubcom_khchenwinim_3.3.1/.git/config')
chmod('/tmp/nimble_10358/githubcom_khchenwinim_3.3.1/.git/config.lock', 0x00000000000001a4)
rename('/tmp/nimble_10358/githubcom_khchenwinim_3.3.1/.git/config.lock', '/tmp/nimble_10358/githubcom_khchenwinim_3.3.1/.git/config')  Verifying dependencies for winim@3.3.3
 Installing winim@3.3.3
   Building winim/winim/winimx using c backend

chmod('/tmp/nimble_10358/githubcom_khchenwinim_3.3.1/.git/config.lock', 0x00000000000001a4)
rename('/tmp/nimble_10358/githubcom_khchenwinim_3.3.1/.git/config.lock', '/tmp/nimble_10358/githubcom_khchenwinim_3.3.1/.git/config')
link('/tmp/nimble_10358/githubcom_khchenwinim_3.3.1/.git/objects/pack/tmp_pack_leu7Ev', '/tmp/nimble_10358/githubcom_khchenwinim_3.3.1/.git/objects/pack/pack-f05acebb0b6efa32f3cf4a641194a9c21c0ee4c0.pack')
unlink('/tmp/nimble_10358/githubcom_khchenwinim_3.3.1/.git/objects/pack/tmp_pack_leu7Ev')
link('/tmp/nimble_10358/githubcom_khchenwinim_3.3.1/.git/objects/pack/tmp_idx_NhGj6i', '/tmp/nimble_10358/githubcom_khchenwinim_3.3.1/.git/objects/pack/pack-f05acebb0b6efa32f3cf4a641194a9c21c0ee4c0.idx')
unlink('/tmp/nimble_10358/githubcom_khchenwinim_3.3.1/.git/objects/pack/tmp_idx_NhGj6i')
rename('/tmp/nimble_10358/githubcom_khchenwinim_3.3.1/.git/shallow.lock', '/tmp/nimble_10358/githubcom_khchenwinim_3.3.1/.git/shallow')
rename('/tmp/nimble_10358/githubcom_khchenwinim_3.3.1/.git/packed-refs.new', '/tmp/nimble_10358/githubcom_khchenwinim_3.3.1/.git/packed-refs')
unlink('/tmp/nimble_10358/githubcom_khchenwinim_3.3.1/.git/packed-refs.lock')
mkdir('/tmp/nimble_10358/githubcom_khchenwinim_3.3.1/.git/refs/remotes', 0x00000000000001ff)
mkdir('/tmp/nimble_10358/githubcom_khchenwinim_3.3.1/.git/refs/remotes/origin', 0x00000000000001ff)
mkdir('/tmp/nimble_10358/githubcom_khchenwinim_3.3.1/.git/logs', 0x00000000000001ff)
mkdir('/tmp/nimble_10358/githubcom_khchenwinim_3.3.1/.git/logs/refs', 0x00000000000001ff)
mkdir('/tmp/nimble_10358/githubcom_khchenwinim_3.3.1/.git/logs/refs/remotes', 0x00000000000001ff)
mkdir('/tmp/nimble_10358/githubcom_khchenwinim_3.3.1/.git/logs/refs/remotes/origin', 0x00000000000001ff)
rename('/tmp/nimble_10358/githubcom_khchenwinim_3.3.1/.git/refs/remotes/origin/HEAD.lock', '/tmp/nimble_10358/githubcom_khchenwinim_3.3.1/.git/refs/remotes/origin/HEAD')
rename('/tmp/nimble_10358/githubcom_khchenwinim_3.3.1/.git/HEAD.lock', '/tmp/nimble_10358/githubcom_khchenwinim_3.3.1/.git/HEAD')
mkdir('/tmp/nimble_10358/githubcom_khchenwinim_3.3.1/.git/logs/refs/heads', 0x00000000000001ff)
rename('/tmp/nimble_10358/githubcom_khchenwinim_3.3.1/.git/refs/heads/master.lock', '/tmp/nimble_10358/githubcom_khchenwinim_3.3.1/.git/refs/heads/master')
unlink('/tmp/nimble_10358/githubcom_khchenwinim_3.3.1/.git/HEAD.lock')
chmod('/tmp/nimble_10358/githubcom_khchenwinim_3.3.1/.git/config.lock', 0x00000000000001a4)
rename('/tmp/nimble_10358/githubcom_khchenwinim_3.3.1/.git/config.lock', '/tmp/nimble_10358/githubcom_khchenwinim_3.3.1/.git/config')
chmod('/tmp/nimble_10358/githubcom_khchenwinim_3.3.1/.git/config.lock', 0x00000000000001a4)
rename('/tmp/nimble_10358/githubcom_khchenwinim_3.3.1/.git/config.lock', '/tmp/nimble_10358/githubcom_khchenwinim_3.3.1/.git/config')
unlink('/tmp/nimble_10358/githubcom_khchenwinim_3.3.1/.git/objects/pack/pack-f05acebb0b6efa32f3cf4a641194a9c21c0ee4c0.keep')
mkdir('docs', 0x00000000000001ff)
mkdir('examples', 0x00000000000001ff)
mkdir('examples/com', 0x00000000000001ff)
mkdir('examples/com/nimDispatch', 0x00000000000001ff)
mkdir('tcclib', 0x00000000000001ff)
mkdir('tests', 0x00000000000001ff)
mkdir('winim', 0x00000000000001ff)
mkdir('winim/inc', 0x00000000000001ff)
mkdir('winim/lib', 0x00000000000001ff)
rename('/tmp/nimble_10358/githubcom_khchenwinim_3.3.1/.git/index.lock', '/tmp/nimble_10358/githubcom_khchenwinim_3.3.1/.git/index')
mkdir('/tmp', 0x00000000000001ff)
mkdir('/tmp/nimblecache', 0x00000000000001ff)
mkdir('/tmp/nimblecache/winim_2842640256', 0x00000000000001ff)
unlink('/tmp/nimblecache/winim_2842640256/winim.ini')
unlink('/tmp/nimble_10358.out')
unlink('/tmp/nimble_10358/githubcom_khchenwinim_3.3.1/winim_10358.nims')
unlink('/home/runner/.cache/nim/winimx_r/miniz.c.o')
mkdir('/home', 0x00000000000001ff)
mkdir('/home/runner', 0x00000000000001ff)
mkdir('/home/runner/.cache', 0x00000000000001ff)
mkdir('/home/runner/.cache/nim', 0x00000000000001ff)
mkdir('/home/runner/.cache/nim/winimx_r', 0x00000000000001ff)
mkdir('/home', 0x00000000000001ff)
mkdir('/home/runner', 0x00000000000001ff)
mkdir('/home/runner/.cache', 0x00000000000001ff)
mkdir('/home/runner/.cache/nim', 0x00000000000001ff)
mkdir('/home/runner/.cache/nim/winimx_r', 0x00000000000001ff)
mkdir('/home', 0x00000000000001ff)
mkdir('/home/runner', 0x00000000000001ff)
mkdir('/home/runner/.cache', 0x00000000000001ff)
mkdir('/home/runner/.cache/nim', 0x00000000000001ff)
mkdir('/home/runner/.cache/nim/winimx_r', 0x00000000000001ff)
mkdir('/home', 0x00000000000001ff)
mkdir('/home/runner', 0x00000000000001ff)
mkdir('/home/runner/.cache', 0x00000000000001ff)
mkdir('/home/runner/.cache/nim', 0x00000000000001ff)
mkdir('/home/runner/.cache/nim/winimx_r', 0x00000000000001ff)
mkdir('/home', 0x00000000000001ff)
mkdir('/home/runner', 0x00000000000001ff)
mkdir('/home/runner/.cache', 0x00000000000001ff)
mkdir('/home/runner/.cache/nim', 0x00000000000001ff)
mkdir('/home/runner/.cache/nim/winimx_r', 0x00000000000001ff)
mkdir('/home', 0x00000000000001ff)
mkdir('/home/runner', 0x00000000000001ff)
mkdir('/home/runner/.cache', 0x00000000000001ff)
mkdir('/home/runner/.cache/nim', 0x00000000000001ff)
mkdir('/home/runner/.cache/nim/winimx_r', 0x00000000000001ff)
mkdir('/home', 0x00000000000001ff)
mkdir('/home/runner', 0x00000000000001ff)
mkdir('/home/runner/.cache', 0x00000000000001ff)
mkdir('/home/runner/.cache/nim', 0x00000000000001ff)
mkdir('/home/runner/.cache/nim/winimx_r', 0x00000000000001ff)
mkdir('/home', 0x00000000000001ff)
mkdir('/home/runner', 0x00000000000001ff)
mkdir('/home/runner/.cache', 0x00000000000001ff)
mkdir('/home/runner/.cache/nim', 0x00000000000001ff)
mkdir('/home/runner/.cache/nim/winimx_r', 0x00000000000001ff)
mkdir('/home', 0x00000000000001ff)
mkdir('/home/runner', 0x00000000000001ff)
mkdir('/home/runner/.cache', 0x00000000000001ff)
mkdir('/home/runner/.cache/nim', 0x00000000000001ff)
mkdir('/home/runner/.cache/nim/winimx_r', 0x00000000000001ff)
mkdir('/home', 0x00000000000001ff)
mkdir('/home/runner', 0x00000000000001ff)
mkdir('/home/runner/.cache', 0x00000000000001ff)
mkdir('/home/runner/.cache/nim', 0x00000000000001ff)
mkdir('/home/runner/.cache/nim/winimx_r', 0x00000000000001ff)
mkdir('/home', 0x00000000000001ff)
mkdir('/home/runner', 0x00000000000001ff)
mkdir('/home/runner/.cache', 0x00000000000001ff)
mkdir('/home/runner/.cache/nim', 0x00000000000001ff)
mkdir('/home/runner/.cache/nim/winimx_r', 0x00000000000001ff)
mkdir('/home', 0x00000000000001ff)
mkdir('/home/runner', 0x00000000000001ff)
mkdir('/home/runner/.cache', 0x00000000000001ff)
mkdir('/home/runner/.cache/nim', 0x00000000000001ff)
mkdir('/home/runner/.cache/nim/winimx_r', 0x00000000000001ff)
mkdir('/home', 0x00000000000001ff)
mkdir('/home/runner', 0x00000000000001ff)
mkdir('/home/runner/.cache', 0x00000000000001ff)
mkdir('/home/runner/.cache/nim', 0x00000000000001ff)
mkdir('/home/runner/.cache/nim/winimx_r', 0x00000000000001ff)
mkdir('/home', 0x00000000000001ff)
mkdir('/home/runner', 0x00000000000001ff)
mkdir('/home/runner/.cache', 0x00000000000001ff)
mkdir('/home/runner/.cache/nim', 0x00000000000001ff)
mkdir('/home/runner/.cache/nim/winimx_r', 0x00000000000001ff)
mkdir('/home', 0x00000000000001ff)
mkdir('/home/runner', 0x00000000000001ff)
mkdir('/home/runner/.cache', 0x00000000000001ff)
mkdir('/home/runner/.cache/nim', 0x00000000000001ff)
mkdir('/home/runner/.cache/nim/winimx_r', 0x00000000000001ff)
mkdir('/home', 0x00000000000001ff)
mkdir('/home/runner', 0x00000000000001ff)
mkdir('/home/runner/.cache', 0x00000000000001ff)
mkdir('/home/runner/.cache/nim', 0x00000000000001ff)
mkdir('/home/runner/.cache/nim/winimx_r', 0x00000000000001ff)
mkdir('/home', 0x00000000000001ff)
mkdir('/home/runner', 0x00000000000001ff)
mkdir('/home/runner/.cache', 0x00000000000001ff)
mkdir('/home/runner/.cache/nim', 0x00000000000001ff)
mkdir('/home/runner/.cache/nim/winimx_r', 0x00000000000001ff)
mkdir('/home', 0x00000000000001ff)
mkdir('/home/runner', 0x00000000000001ff)
mkdir('/home/runner/.cache', 0x00000000000001ff)
mkdir('/home/runner/.cache/nim', 0x00000000000001ff)
mkdir('/home/runner/.cache/nim/winimx_r', 0x00000000000001ff)
mkdir('/home', 0x00000000000001ff)
mkdir('/home/runner', 0x00000000000001ff)
mkdir('/home/runner/.cache', 0x00000000000001ff)
mkdir('/home/runner/.cache/nim', 0x00000000000001ff)
mkdir('/home/runner/.cache/nim/winimx_r', 0x00000000000001ff)
mkdir('/home', 0x00000000000001ff)
mkdir('/home/runner', 0x00000000000001ff)
mkdir('/home/runner/.cache', 0x00000000000001ff)
mkdir('/home/runner/.cache/nim', 0x00000000000001ff)
mkdir('/home/runner/.cache/nim/winimx_r', 0x00000000000001ff)
mkdir('/home', 0x00000000000001ff)
mkdir('/home/runner', 0x00000000000001ff)
mkdir('/home/runner/.cache', 0x00000000000001ff)
mkdir('/home/runner/.cache/nim', 0x00000000000001ff)
mkdir('/home/runner/.cache/nim/winimx_r', 0x00000000000001ff)
mkdir('/home', 0x00000000000001ff)
mkdir('/home/runner', 0x00000000000001ff)
mkdir('/home/runner/.cache', 0x00000000000001ff)
mkdir('/home/runner/.cache/nim', 0x00000000000001ff)
mkdir('/home/runner/.cache/nim/winimx_r', 0x00000000000001ff)
mkdir('/home', 0x00000000000001ff)
mkdir('/home/runner', 0x00000000000001ff)
mkdir('/home/runner/.cache', 0x00000000000001ff)
mkdir('/home/runner/.cache/nim', 0x00000000000001ff)
mkdir('/home/runner/.cache/nim/winimx_r', 0x00000000000001ff)
mkdir('/home', 0x00000000000001ff)
mkdir('/home/runner', 0x00000000000001ff)
mkdir('/home/runner/.cache', 0x00000000000001ff)
mkdir('/home/runner/.cache/nim', 0x00000000000001ff)
mkdir('/home/runner/.cache/nim/winimx_r', 0x00000000000001ff)
mkdir('/home', 0x00000000000001ff)
mkdir('/home/runner', 0x00000000000001ff)
mkdir('/home/runner/.cache', 0x00000000000001ff)
mkdir('/home/runner/.cache/nim', 0x00000000000001ff)
mkdir('/home/runner/.cache/nim/winimx_r', 0x00000000000001ff)
mkdir('/home', 0x00000000000001ff)
mkdir('/home/runner', 0x00000000000001ff)
mkdir('/home/runner/.cache', 0x00000000000001ff)
mkdir('/home/runner/.cache/nim', 0x00000000000001ff)
mkdir('/home/runner/.cache/nim/winimx_r', 0x00000000000001ff)
mkdir('/home', 0x00000000000001ff)
mkdir('/home/runner', 0x00000000000001ff)
mkdir('/home/runner/.cache', 0x00000000000001ff)
mkdir('/home/runner/.cache/nim', 0x00000000000001ff)
mkdir('/home/runner/.cache/nim/winimx_r', 0x00000000000001ff)
mkdir('/home', 0x00000000000001ff)
mkdir('/home/runner', 0x00000000000001ff)
mkdir('/home/runner/.cache', 0x00000000000001ff)
mkdir('/home/runner/.cache/nim', 0x00000000000001ff)
mkdir('/home/runner/.cache/nim/winimx_r', 0x00000000000001ff)
mkdir('/home', 0x00000000000001ff)
mkdir('/home/runner', 0x00000000000001ff)
mkdir('/home/runner/.cache', 0x00000000000001ff)
mkdir('/home/runner/.cache/nim', 0x00000000000001ff)
mkdir('/home/runner/.cache/nim/winimx_r', 0x00000000000001ff)
mkdir('/home', 0x00000000000001ff)
mkdir('/home/runner', 0x00000000000001ff)
mkdir('/home/runner/.cache', 0x00000000000001ff)
mkdir('/home/runner/.cache/nim', 0x00000000000001ff)
mkdir('/home/runner/.cache/nim/winimx_r', 0x00000000000001ff)
mkdir('/home', 0x00000000000001ff)
mkdir('/home/runner', 0x00000000000001ff)
mkdir('/home/runner/.cache', 0x00000000000001ff)
mkdir('/home/runner/.cache/nim', 0x00000000000001ff)
mkdir('/home/runner/.cache/nim/winimx_r', 0x00000000000001ff)
mkdir('/home', 0x00000000000001ff)
mkdir('/home/runner', 0x00000000000001ff)
mkdir('/home/runner/.cache', 0x00000000000001ff)
mkdir('/home/runner/.cache/nim', 0x00000000000001ff)
mkdir('/home/runner/.cache/nim/winimx_r', 0x00000000000001ff)
mkdir('/home', 0x00000000000001ff)
mkdir('/home/runner', 0x00000000000001ff)
mkdir('/home/runner/.cache', 0x00000000000001ff)
mkdir('/home/runner/.cache/nim', 0x00000000000001ff)
mkdir('/home/runner/.cache/nim/winimx_r', 0x00000000000001ff)
mkdir('/home', 0x00000000000001ff)
mkdir('/home/runner', 0x00000000000001ff)
mkdir('/home/runner/.cache', 0x00000000000001ff)
mkdir('/home/runner/.cache/nim', 0x00000000000001ff)
mkdir('/home/runner/.cache/nim/winimx_r', 0x00000000000001ff)
mkdir('/home', 0x00000000000001ff)
mkdir('/home/runner', 0x00000000000001ff)
mkdir('/home/runner/.cache', 0x00000000000001ff)
mkdir('/home/runner/.cache/nim', 0x00000000000001ff)
mkdir('/home/runner/.cache/nim/winimx_r', 0x00000000000001ff)
mkdir('/home', 0x00000000000001ff)
mkdir('/home/runner', 0x00000000000001ff)
mkdir('/home/runner/.cache', 0x00000000000001ff)
mkdir('/home/runner/.cache/nim', 0x00000000000001ff)
mkdir('/home/runner/.cache/nim/winimx_r', 0x00000000000001ff)
mkdir('/home', 0x00000000000001ff)
mkdir('/home/runner', 0x00000000000001ff)
mkdir('/home/runner/.cache', 0x00000000000001ff)
mkdir('/home/runner/.cache/nim', 0x00000000000001ff)
mkdir('/home/runner/.cache/nim/winimx_r', 0x00000000000001ff)
mkdir('/home', 0x00000000000001ff)
mkdir('/home/runner', 0x00000000000001ff)
mkdir('/home/runner/.cache', 0x00000000000001ff)
mkdir('/home/runner/.cache/nim', 0x00000000000001ff)
mkdir('/home/runner/.cache/nim/winimx_r', 0x00000000000001ff)
mkdir('/home', 0x00000000000001ff)
mkdir('/home/runner', 0x00000000000001ff)
mkdir('/home/runner/.cache', 0x00000000000001ff)
mkdir('/home/runner/.cache/nim', 0x00000000000001ff)
mkdir('/home/runner/.cache/nim/winimx_r', 0x00000000000001ff)
mkdir('/home', 0x00000000000001ff)
mkdir('/home/runner', 0x00000000000001ff)
mkdir('/home/runner/.cache', 0x00000000000001ff)
mkdir('/home/runner/.cache/nim', 0x00000000000001ff)
mkdir('/home/runner/.cache/nim/winimx_r', 0x00000000000001ff)
mkdir('/home', 0x00000000000001ff)
mkdir('/home/runner', 0x00000000000001ff)
mkdir('/home/runner/.cache', 0x00000000000001ff)
mkdir('/home/runner/.cache/nim', 0x00000000000001ff)
mkdir('/home/runner/.cache/nim/winimx_r', 0x00000000000001ff)
mkdir('/home', 0x00000000000001ff)
mkdir('/home/runner', 0x00000000000001ff)
mkdir('/home/runner/.cache', 0x00000000000001ff)
mkdir('/home/runner/.cache/nim', 0x00000000000001ff)
mkdir('/home/runner/.cache/nim/winimx_r', 0x00000000000001ff)
mkdir('/home', 0x00000000000001ff)
mkdir('/home/runner', 0x00000000000001ff)
mkdir('/home/runner/.cache', 0x00000000000001ff)
mkdir('/home/runner/.cache/nim', 0x00000000000001ff)
mkdir('/home/runner/.cache/nim/winimx_r', 0x00000000000001ff)
mkdir('/home', 0x00000000000001ff)
mkdir('/home/runner', 0x00000000000001ff)
mkdir('/home/runner/.cache', 0x00000000000001ff)
mkdir('/home/runner/.cache/nim', 0x00000000000001ff)
mkdir('/home/runner/.cache/nim/winimx_r', 0x00000000000001ff)
mkdir('/home', 0x00000000000001ff)
mkdir('/home/runner', 0x00000000000001ff)
mkdir('/home/runner/.cache', 0x00000000000001ff)
mkdir('/home/runner/.cache/nim', 0x00000000000001ff)
mkdir('/home/runner/.cache/nim/winimx_r', 0x00000000000001ff)
mkdir('/home', 0x00000000000001ff)
mkdir('/home/runner', 0x00000000000001ff)
mkdir('/home/runner/.cache', 0x00000000000001ff)
mkdir('/home/runner/.cache/nim', 0x00000000000001ff)
mkdir('/home/runner/.cache/nim/winimx_r', 0x00000000000001ff)
mkdir('/home', 0x00000000000001ff)
mkdir('/home/runner', 0x00000000000001ff)
mkdir('/home/runner/.cache', 0x00000000000001ff)
mkdir('/home/runner/.cache/nim', 0x00000000000001ff)
mkdir('/home/runner/.cache/nim/winimx_r', 0x00000000000001ff)
mkdir('/home', 0x00000000000001ff)
mkdir('/home/runner', 0x00000000000001ff)
mkdir('/home/runner/.cache', 0x00000000000001ff)
mkdir('/home/runner/.cache/nim', 0x00000000000001ff)
mkdir('/home/runner/.cache/nim/winimx_r', 0x00000000000001ff)
mkdir('/home', 0x00000000000001ff)
mkdir('/home/runner', 0x00000000000001ff)
mkdir('/home/runner/.cache', 0x00000000000001ff)
mkdir('/home/runner/.cache/nim', 0x00000000000001ff)
mkdir('/home/runner/.cache/nim/winimx_r', 0x00000000000001ff)
mkdir('/home', 0x00000000000001ff)
mkdir('/home/runner', 0x00000000000001ff)
mkdir('/home/runner/.cache', 0x00000000000001ff)
mkdir('/home/runner/.cache/nim', 0x00000000000001ff)
mkdir('/home/runner/.cache/nim/winimx_r', 0x00000000000001ff)
mkdir('/home', 0x00000000000001ff)
mkdir('/home/runner', 0x00000000000001ff)
mkdir('/home/runner/.cache', 0x00000000000001ff)
mkdir('/home/runner/.cache/nim', 0x00000000000001ff)
mkdir('/home/runner/.cache/nim/winimx_r', 0x00000000000001ff)
mkdir('/home', 0x00000000000001ff)
mkdir('/home/runner', 0x00000000000001ff)
mkdir('/home/runner/.cache', 0x00000000000001ff)
mkdir('/home/runner/.cache/nim', 0x00000000000001ff)
mkdir('/home/runner/.cache/nim/winimx_r', 0x00000000000001ff)
mkdir('/home', 0x00000000000001ff)
mkdir('/home/runner', 0x00000000000001ff)
mkdir('/home/runner/.cache', 0x00000000000001ff)
mkdir('/home/runner/.cache/nim', 0x00000000000001ff)
mkdir('/home/runner/.cache/nim/winimx_r', 0x00000000000001ff)
mkdir('/home', 0x00000000000001ff)
mkdir('/home/runner', 0x00000000000001ff)
mkdir('/home/runner/.cache', 0x00000000000001ff)
mkdir('/home/runner/.cache/nim', 0x00000000000001ff)
mkdir('/home/runner/.cache/nim/winimx_r', 0x00000000000001ff)
mkdir('/home', 0x00000000000001ff)
mkdir('/home/runner', 0x00000000000001ff)
mkdir('/home/runner/.cache', 0x00000000000001ff)
mkdir('/home/runner/.cache/nim', 0x00000000000001ff)
mkdir('/home/runner/.cache/nim/winimx_r', 0x00000000000001ff)
mkdir('/home', 0x00000000000001ff)
mkdir('/home/runner', 0x00000000000001ff)
mkdir('/home/runner/.cache', 0x00000000000001ff)
mkdir('/home/runner/.cache/nim', 0x00000000000001ff)
mkdir('/home/runner/.cache/nim/winimx_r', 0x00000000000001ff)
mkdir('/home', 0x00000000000001ff)
mkdir('/home/runner', 0x00000000000001ff)
mkdir('/home/runner/.cache', 0x00000000000001ff)
mkdir('/home/runner/.cache/nim', 0x00000000000001ff)
mkdir('/home/runner/.cache/nim/winimx_r', 0x00000000000001ff)
mkdir('/home', 0x00000000000001ff)
mkdir('/home/runner', 0x00000000000001ff)
mkdir('/home/runner/.cache', 0x00000000000001ff)
mkdir('/home/runner/.cache/nim', 0x00000000000001ff)
mkdir('/home/runner/.cache/nim/winimx_r', 0x00000000000001ff)
mkdir('/home', 0x00000000000001ff)
mkdir('/home/runner', 0x00000000000001ff)
mkdir('/home/runner/.cache', 0x00000000000001ff)
mkdir('/home/runner/.cache/nim', 0x00000000000001ff)
mkdir('/home/runner/.cache/nim/winimx_r', 0x00000000000001ff)
mkdir('/home', 0x00000000000001ff)
mkdir('/home/runner', 0x00000000000001ff)
mkdir('/home/runner/.cache', 0x00000000000001ff)
mkdir('/home/runner/.cache/nim', 0x00000000000001ff)
mkdir('/home/runner/.cache/nim/winimx_r', 0x00000000000001ff)
mkdir('/home', 0x00000000000001ff)
mkdir('/home/runner', 0x00000000000001ff)
mkdir('/home/runner/.cache', 0x00000000000001ff)
mkdir('/home/runner/.cache/nim', 0x00000000000001ff)
mkdir('/home/runner/.cache/nim/winimx_r', 0x00000000000001ff)
mkdir('/home', 0x00000000000001ff)
mkdir('/home/runner', 0x00000000000001ff)
mkdir('/home/runner/.cache', 0x00000000000001ff)
mkdir('/home/runner/.cache/nim', 0x00000000000001ff)
mkdir('/home/runner/.cache/nim/winimx_r', 0x00000000000001ff)
mkdir('/home', 0x00000000000001ff)
mkdir('/home/runner', 0x00000000000001ff)
mkdir('/home/runner/.cache', 0x00000000000001ff)
mkdir('/home/runner/.cache/nim', 0x00000000000001ff)
mkdir('/home/runner/.cache/nim/winimx_r', 0x00000000000001ff)
mkdir('/home', 0x00000000000001ff)
mkdir('/home/runner', 0x00000000000001ff)
mkdir('/home/runner/.cache', 0x00000000000001ff)
mkdir('/home/runner/.cache/nim', 0x00000000000001ff)
mkdir('/home/runner/.cache/nim/winimx_r', 0x00000000000001ff)
mkdir('/home', 0x00000000000001ff)
mkdir('/home/runner', 0x00000000000001ff)
mkdir('/home/runner/.cache', 0x00000000000001ff)
mkdir('/home/runner/.cache/nim', 0x00000000000001ff)
mkdir('/home/runner/.cache/nim/winimx_r', 0x00000000000001ff)
mkdir('/home', 0x00000000000001ff)
mkdir('/home/runner', 0x00000000000001ff)
mkdir('/home/runner/.cache', 0x00000000000001ff)
mkdir('/home/runner/.cache/nim', 0x00000000000001ff)
mkdir('/home/runner/.cache/nim/winimx_r', 0x00000000000001ff)
mkdir('/home', 0x00000000000001ff)
mkdir('/home/runner', 0x00000000000001ff)
mkdir('/home/runner/.cache', 0x00000000000001ff)
mkdir('/home/runner/.cache/nim', 0x00000000000001ff)
mkdir('/home/runner/.cache/nim/winimx_r', 0x00000000000001ff)
mkdir('/home', 0x00000000000001ff)
mkdir('/home/runner', 0x00000000000001ff)
mkdir('/home/runner/.cache', 0x00000000000001ff)
mkdir('/home/runner/.cache/nim', 0x00000000000001ff)
mkdir('/home/runner/.cache/nim/winimx_r', 0x00000000000001ff)
mkdir('/home', 0x00000000000001ff)
mkdir('/home/runner', 0x00000000000001ff)
mkdir('/home/runner/.cache', 0x00000000000001ff)
mkdir('/home/runner/.cache/nim', 0x00000000000001ff)
mkdir('/home/runner/.cache/nim/winimx_r', 0x00000000000001ff)
mkdir('/home', 0x00000000000001ff)
mkdir('/home/runner', 0x00000000000001ff)
mkdir('/home/runner/.cache', 0x00000000000001ff)
mkdir('/home/runner/.cache/nim', 0x00000000000001ff)
mkdir('/home/runner/.cache/nim/winimx_r', 0x00000000000001ff)
mkdir('/home', 0x00000000000001ff)
mkdir('/home/runner', 0x00000000000001ff)
mkdir('/home/runner/.cache', 0x00000000000001ff)
mkdir('/home/runner/.cache/nim', 0x00000000000001ff)
mkdir('/home/runner/.cache/nim/winimx_r', 0x00000000000001ff)
mkdir('/home', 0x00000000000001ff)
mkdir('/home/runner', 0x00000000000001ff)
mkdir('/home/runner/.cache', 0x00000000000001ff)
mkdir('/home/runner/.cache/nim', 0x00000000000001ff)
mkdir('/home/runner/.cache/nim/winimx_r', 0x00000000000001ff)
mkdir('/home', 0x00000000000001ff)
mkdir('/home/runner', 0x00000000000001ff)
mkdir('/home/runner/.cache', 0x00000000000001ff)
mkdir('/home/runner/.cache/nim', 0x00000000000001ff)
mkdir('/home/runner/.cache/nim/winimx_r', 0x00000000000001ff)
mkdir('/home', 0x00000000000001ff)
mkdir('/home/runner', 0x00000000000001ff)
mkdir('/home/runner/.cache', 0x00000000000001ff)
mkdir('/home/runner/.cache/nim', 0x00000000000001ff)
mkdir('/home/runner/.cache/nim/winimx_r', 0x00000000000001ff)
mkdir('/home', 0x00000000000001ff)
mkdir('/home/runner', 0x00000000000001ff)
mkdir('/home/runner/.cache', 0x00000000000001ff)
mkdir('/home/runner/.cache/nim', 0x00000000000001ff)
mkdir('/home/runner/.cache/nim/winimx_r', 0x00000000000001ff)
mkdir('/home', 0x00000000000001ff)
mkdir('/home/runner', 0x00000000000001ff)
mkdir('/home/runner/.cache', 0x00000000000001ff)
mkdir('/home/runner/.cache/nim', 0x00000000000001ff)
mkdir('/home/runner/.cache/nim/winimx_r', 0x00000000000001ff)
mkdir('/home', 0x00000000000001ff)
mkdir('/home/runner', 0x00000000000001ff)
mkdir('/home/runner/.cache', 0x00000000000001ff)
mkdir('/home/runner/.cache/nim', 0x00000000000001ff)
mkdir('/home/runner/.cache/nim/winimx_r', 0x00000000000001ff)
mkdir('/home', 0x00000000000001ff)
mkdir('/home/runner', 0x00000000000001ff)
mkdir('/home/runner/.cache', 0x00000000000001ff)
mkdir('/home/runner/.cache/nim', 0x00000000000001ff)
mkdir('/home/runner/.cache/nim/winimx_r', 0x00000000000001ff)
mkdir('/home', 0x00000000000001ff)
mkdir('/home/runner', 0x00000000000001ff)
mkdir('/home/runner/.cache', 0x00000000000001ff)
mkdir('/home/runner/.cache/nim', 0x00000000000001ff)
mkdir('/home/runner/.cache/nim/winimx_r', 0x00000000000001ff)
mkdir('/home', 0x00000000000001ff)
mkdir('/home/runner', 0x00000000000001ff)
mkdir('/home/runner/.cache', 0x00000000000001ff)
mkdir('/home/runner/.cache/nim', 0x00000000000001ff)
mkdir('/home/runner/.cache/nim/winimx_r', 0x00000000000001ff)
mkdir('/home', 0x00000000000001ff)
mkdir('/home/runner', 0x00000000000001ff)
mkdir('/home/runner/.cache', 0x00000000000001ff)
mkdir('/home/runner/.cache/nim', 0x00000000000001ff)
mkdir('/home/runner/.cache/nim/winimx_r', 0x00000000000001ff)
mkdir('/home', 0x00000000000001ff)
mkdir('/home/runner', 0x00000000000001ff)
mkdir('/home/runner/.cache', 0x00000000000001ff)
mkdir('/home/runner/.cache/nim', 0x00000000000001ff)
mkdir('/home/runner/.cache/nim/winimx_r', 0x00000000000001ff)
mkdir('/home', 0x00000000000001ff)
mkdir('/home/runner', 0x00000000000001ff)
mkdir('/home/runner/.cache', 0x00000000000001ff)
mkdir('/home/runner/.cache/nim', 0x00000000000001ff)
mkdir('/home/runner/.cache/nim/winimx_r', 0x00000000000001ff)
mkdir('/home', 0x00000000000001ff)
mkdir('/home/runner', 0x00000000000001ff)
mkdir('/home/runner/.cache', 0x00000000000001ff)
mkdir('/home/runner/.cache/nim', 0x00000000000001ff)
mkdir('/home/runner/.cache/nim/winimx_r', 0x00000000000001ff)
mkdir('/home', 0x00000000000001ff)
mkdir('/home/runner', 0x00000000000001ff)
mkdir('/home/runner/.cache', 0x00000000000001ff)
mkdir('/home/runner/.cache/nim', 0x00000000000001ff)
mkdir('/home/runner/.cache/nim/winimx_r', 0x00000000000001ff)
mkdir('/home', 0x00000000000001ff)
mkdir('/home/runner', 0x00000000000001ff)
mkdir('/home/runner/.cache', 0x00000000000001ff)
mkdir('/home/runner/.cache/nim', 0x00000000000001ff)
mkdir('/home/runner/.cache/nim/winimx_r', 0x00000000000001ff)
mkdir('/home', 0x00000000000001ff)
mkdir('/home/runner', 0x00000000000001ff)
mkdir('/home/runner/.cache', 0x00000000000001ff)
mkdir('/home/runner/.cache/nim', 0x00000000000001ff)
mkdir('/home/runner/.cache/nim/winimx_r', 0x00000000000001ff)
mkdir('/home', 0x00000000000001ff)
mkdir('/home/runner', 0x00000000000001ff)
mkdir('/home/runner/.cache', 0x00000000000001ff)
mkdir('/home/runner/.cache/nim', 0x00000000000001ff)
mkdir('/home/runner/.cache/nim/winimx_r', 0x00000000000001ff)
mkdir('/home', 0x00000000000001ff)
mkdir('/home/runner', 0x00000000000001ff)
mkdir('/home/runner/.cache', 0x00000000000001ff)
mkdir('/home/runner/.cache/nim', 0x00000000000001ff)
mkdir('/home/runner/.cache/nim/winimx_r', 0x00000000000001ff)
mkdir('/home', 0x00000000000001ff)
mkdir('/home/runner', 0x00000000000001ff)
mkdir('/home/runner/.cache', 0x00000000000001ff)
mkdir('/home/runner/.cache/nim', 0x00000000000001ff)
mkdir('/home/runner/.cache/nim/winimx_r', 0x00000000000001ff)
mkdir('/home', 0x00000000000001ff)
mkdir('/home/runner', 0x00000000000001ff)
mkdir('/home/runner/.cache', 0x00000000000001ff)
mkdir('/home/runner/.cache/nim', 0x00000000000001ff)
mkdir('/home/runner/.cache/nim/winimx_r', 0x00000000000001ff)
mkdir('/home', 0x00000000000001ff)
mkdir('/home/runner', 0x00000000000001ff)
mkdir('/home/runner/.cache', 0x00000000000001ff)
mkdir('/home/runner/.cache/nim', 0x00000000000001ff)
mkdir('/home/runner/.cache/nim/winimx_r', 0x00000000000001ff)
mkdir('/home', 0x00000000000001ff)
mkdir('/home/runner', 0x00000000000001ff)
mkdir('/home/runner/.cache', 0x00000000000001ff)
mkdir('/home/runner/.cache/nim', 0x00000000000001ff)
mkdir('/home/runner/.cache/nim/winimx_r', 0x00000000000001ff)
mkdir('/home', 0x00000000000001ff)
mkdir('/home/runner', 0x00000000000001ff)
mkdir('/home/runner/.cache', 0x00000000000001ff)
mkdir('/home/runner/.cache/nim', 0x00000000000001ff)
mkdir('/home/runner/.cache/nim/winimx_r', 0x00000000000001ff)
mkdir('/home', 0x00000000000001ff)
mkdir('/home/runner', 0x00000000000001ff)
mkdir('/home/runner/.cache', 0x00000000000001ff)
mkdir('/home/runner/.cache/nim', 0x00000000000001ff)
mkdir('/home/runner/.cache/nim/winimx_r', 0x00000000000001ff)
mkdir('/home', 0x00000000000001ff)
mkdir('/home/runner', 0x00000000000001ff)
mkdir('/home/runner/.cache', 0x00000000000001ff)
mkdir('/home/runner/.cache/nim', 0x00000000000001ff)
mkdir('/home/runner/.cache/nim/winimx_r', 0x00000000000001ff)
mkdir('/home', 0x00000000000001ff)
mkdir('/home/runner', 0x00000000000001ff)
mkdir('/home/runner/.cache', 0x00000000000001ff)
mkdir('/home/runner/.cache/nim', 0x00000000000001ff)
mkdir('/home/runner/.cache/nim/winimx_r', 0x00000000000001ff)
mkdir('/home', 0x00000000000001ff)
mkdir('/home/runner', 0x00000000000001ff)
mkdir('/home/runner/.cache', 0x00000000000001ff)
mkdir('/home/runner/.cache/nim', 0x00000000000001ff)
mkdir('/home/runner/.cache/nim/winimx_r', 0x00000000000001ff)
mkdir('/home', 0x00000000000001ff)
mkdir('/home/runner', 0x00000000000001ff)
mkdir('/home/runner/.cache', 0x00000000000001ff)
mkdir('/home/runner/.cache/nim', 0x00000000000001ff)
mkdir('/home/runner/.cache/nim/winimx_r', 0x00000000000001ff)
mkdir('/home', 0x00000000000001ff)
mkdir('/home/runner', 0x00000000000001ff)
mkdir('/home/runner/.cache', 0x00000000000001ff)
mkdir('/home/runner/.cache/nim', 0x00000000000001ff)
mkdir('/home/runner/.cache/nim/winimx_r', 0x00000000000001ff)
mkdir('/home', 0x00000000000001ff)
mkdir('/home/runner', 0x00000000000001ff)
mkdir('/home/runner/.cache', 0x00000000000001ff)
mkdir('/home/runner/.cache/nim', 0x00000000000001ff)
mkdir('/home/runner/.cache/nim/winimx_r', 0x00000000000001ff)
mkdir('/home', 0x00000000000001ff)
mkdir('/home/runner', 0x00000000000001ff)
mkdir('/home/runner/.cache', 0x00000000000001ff)
mkdir('/home/runner/.cache/nim', 0x00000000000001ff)
mkdir('/home/runner/.cache/nim/winimx_r', 0x00000000000001ff)
mkdir('/home', 0x00000000000001ff)
mkdir('/home/runner', 0x00000000000001ff)
mkdir('/home/runner/.cache', 0x00000000000001ff)
mkdir('/home/runner/.cache/nim', 0x00000000000001ff)
mkdir('/home/runner/.cache/nim/winimx_r', 0x00000000000001ff)
mkdir('/home', 0x00000000000001ff)
mkdir('/home/runner', 0x00000000000001ff)
mkdir('/home/runner/.cache', 0x00000000000001ff)
mkdir('/home/runner/.cache/nim', 0x00000000000001ff)
mkdir('/home/runner/.cache/nim/winimx_r', 0x00000000000001ff)
mkdir('/home', 0x00000000000001ff)
mkdir('/home/runner', 0x00000000000001ff)
mkdir('/home/runner/.cache', 0x00000000000001ff)
mkdir('/home/runner/.cache/nim', 0x00000000000001ff)
mkdir('/home/runner/.cache/nim/winimx_r', 0x00000000000001ff)
mkdir('/home', 0x00000000000001ff)
mkdir('/home/runner', 0x00000000000001ff)
mkdir('/home/runner/.cache', 0x00000000000001ff)
mkdir('/home/runner/.cache/nim', 0x00000000000001ff)
mkdir('/home/runner/.cache/nim/winimx_r', 0x00000000000001ff)
mkdir('/home', 0x00000000000001ff)
mkdir('/home/runner', 0x00000000000001ff)
mkdir('/home/runner/.cache', 0x00000000000001ff)
mkdir('/home/runner/.cache/nim', 0x00000000000001ff)
mkdir('/home/runner/.cache/nim/winimx_r', 0x00000000000001ff)
mkdir('/home', 0x00000000000001ff)
mkdir('/home/runner', 0x00000000000001ff)
mkdir('/home/runner/.cache', 0x00000000000001ff)
mkdir('/home/runner/.cache/nim', 0x00000000000001ff)
mkdir('/home/runner/.cache/nim/winimx_r', 0x00000000000001ff)
mkdir('/home', 0x00000000000001ff)
mkdir('/home/runner', 0x00000000000001ff)
mkdir('/home/runner/.cache', 0x00000000000001ff)
mkdir('/home/runner/.cache/nim', 0x00000000000001ff)
mkdir('/home/runner/.cache/nim/winimx_r', 0x00000000000001ff)
mkdir('/home', 0x00000000000001ff)
mkdir('/home/runner', 0x00000000000001ff)
mkdir('/home/runner/.cache', 0x00000000000001ff)
mkdir('/home/runner/.cache/nim', 0x00000000000001ff)
mkdir('/home/runner/.cache/nim/winimx_r', 0x00000000000001ff)
mkdir('/home', 0x00000000000001ff)
mkdir('/home/runner', 0x00000000000001ff)
mkdir('/home/runner/.cache', 0x00000000000001ff)
mkdir('/home/runner/.cache/nim', 0x00000000000001ff)
mkdir('/home/runner/.cache/nim/winimx_r', 0x00000000000001ff)
mkdir('/home', 0x00000000000001ff)
mkdir('/home/runner', 0x00000000000001ff)
mkdir('/home/runner/.cache', 0x00000000000001ff)
mkdir('/home/runner/.cache/nim', 0x00000000000001ff)
mkdir('/home/runner/.cache/nim/winimx_r', 0x00000000000001ff)
mkdir('/home', 0x00000000000001ff)
mkdir('/home/runner', 0x00000000000001ff)
mkdir('/home/runner/.cache', 0x00000000000001ff)
mkdir('/home/runner/.cache/nim', 0x00000000000001ff)
mkdir('/home/runner/.cache/nim/winimx_r', 0x00000000000001ff)
mkdir('/home', 0x00000000000001ff)
mkdir('/home/runner', 0x00000000000001ff)
mkdir('/home/runner/.cache', 0x00000000000001ff)
mkdir('/home/runner/.cache/nim', 0x00000000000001ff)
mkdir('/home/runner/.cache/nim/winimx_r', 0x00000000000001ff)
unlink(94286083736656)
Error tracing process: readBytes(0x000055c0b0874450, 256) error: [Errno 5] Input/output error.
