     Info:  Nimble data file "/home/runner/.nimble/nimbledata2.json" has been loaded.
    Reading official package list
Downloading https://github.com/c0ntribut0r/cat-400 using git
   Warning: The package has no tagged releases, downloading HEAD instead.
open('/workspace/destdir/ssl/openssl.cnf', 32768, 0x00000000000001b6)
open('/home/runner/.config/nimble/nimble.ini', 557056, 0x00000000000001b6)
open('/home/runner/.config/babel/babel.ini', 557056, 0x00000000000001b6)
open('/home/runner/.nimble/nimbledata2.json', 557056, 0x00000000000001b6)
writev(1, 0x00007ffd99fe75d0, 2)
open('/home/runner/work/nim_packages_security_audit/nim_packages_security_audit', 622592, 0x0000000000000000)
writev(1, 0x00007ffd99fe6200, 2)
open('/home/runner/.nimble/packages_official.json', 557056, 0x00000000000001b6)
mkdir('/tmp/', 0x00000000000001ff)
mkdir('/tmp/nimble_2976/', 0x00000000000001ff)
mkdir('/tmp/nimble_2976/githubcom_c0ntribut0rcat400', 0x00000000000001ff)
open('/tmp/nimble_2976/githubcom_c0ntribut0rcat400', 622592, 0x0000000000000000)
writev(1, 0x00007ffd99fe62c0, 2)
open('/tmp/nimble_2976/githubcom_c0ntribut0rcat400', 622592, 0x0000000000000000)
rmdir('/tmp/nimble_2976/githubcom_c0ntribut0rcat400')
writev(1, 0x00007ffd99fe61b0, 2)
mkdir(94244317513120, 0x00000000000001ff)
Error tracing process: readBytes(0x000055b6f71145a0, 256) error: [Errno 5] Input/output error.
