    Reading official package list
Downloading https://github.com/ReneSac/c_alikes using git
    Cloning latest tagged version: v0.2.0
       Info /tmp/nimble_13710/githubcom_ReneSaccalikes/c_alikes_13710.nims(1, 8) Warning: imported and not used: 'system' [UnusedImport]
        ... /tmp/nimble_13710/githubcom_ReneSaccalikes/c_alikes_13710.nims(5, 22) Warning: imported and not used: 'strutils' [UnusedImport]
  Verifying dependencies for c_alikes@0.2.0
 Installing c_alikes@0.2.0
    Copying file /tmp/nimble_13710/githubcom_ReneSaccalikes/src/c_alikes.nim to /home/runner/.nimble/pkgs/c_alikes-0.2.0/c_alikes.nim
    Copying file /tmp/nimble_13710/githubcom_ReneSaccalikes/c_alikes.nimble to /home/runner/.nimble/pkgs/c_alikes-0.2.0/c_alikes.nimble
   Success: c_alikes installed successfully.
       Info /home/runner/.nimble/pkgs/c_alikes-0.2.0/c_alikes_13710.nims(1, 8) Warning: imported and not used: 'system' [UnusedImport]
        ... /home/runner/.nimble/pkgs/c_alikes-0.2.0/c_alikes_13710.nims(5, 22) Warning: imported and not used: 'strutils' [UnusedImport]
mkdir('/tmp', 0x00000000000001ff)
mkdir('/tmp/nimble_13710', 0x00000000000001ff)
mkdir('/tmp/nimble_13710/githubcom_ReneSaccalikes', 0x00000000000001ff)
rmdir('/tmp/nimble_13710/githubcom_ReneSaccalikes')
mkdir('/tmp/nimble_13710/githubcom_ReneSaccalikes', 0x00000000000001ff)
mkdir('/tmp/nimble_13710/githubcom_ReneSaccalikes/.git', 0x00000000000001ff)
mkdir('/tmp/nimble_13710/githubcom_ReneSaccalikes/.git/', 0x00000000000001ff)
mkdir('/tmp/nimble_13710/githubcom_ReneSaccalikes/.git/branches/', 0x00000000000001ff)
mkdir('/tmp/nimble_13710/githubcom_ReneSaccalikes/.git/hooks/', 0x00000000000001ff)
mkdir('/tmp/nimble_13710/githubcom_ReneSaccalikes/.git/info/', 0x00000000000001ff)
mkdir('/tmp/nimble_13710/githubcom_ReneSaccalikes/.git/refs', 0x00000000000001ff)
mkdir('/tmp/nimble_13710/githubcom_ReneSaccalikes/.git/refs/heads', 0x00000000000001ff)
mkdir('/tmp/nimble_13710/githubcom_ReneSaccalikes/.git/refs/tags', 0x00000000000001ff)
rename('/tmp/nimble_13710/githubcom_ReneSaccalikes/.git/HEAD.lock', '/tmp/nimble_13710/githubcom_ReneSaccalikes/.git/HEAD')
rename('/tmp/nimble_13710/githubcom_ReneSaccalikes/.git/config.lock', '/tmp/nimble_13710/githubcom_ReneSaccalikes/.git/config')
chmod('/tmp/nimble_13710/githubcom_ReneSaccalikes/.git/config', 0x00000000000081e4)
chmod('/tmp/nimble_13710/githubcom_ReneSaccalikes/.git/config', 0x00000000000081a4)
chmod('/tmp/nimble_13710/githubcom_ReneSaccalikes/.git/config.lock', 0x00000000000001a4)
rename('/tmp/nimble_13710/githubcom_ReneSaccalikes/.git/config.lock', '/tmp/nimble_13710/githubcom_ReneSaccalikes/.git/config')
chmod('/tmp/nimble_13710/githubcom_ReneSaccalikes/.git/config.lock', 0x00000000000001a4)
rename('/tmp/nimble_13710/githubcom_ReneSaccalikes/.git/config.lock', '/tmp/nimble_13710/githubcom_ReneSaccalikes/.git/config')
chmod('/tmp/nimble_13710/githubcom_ReneSaccalikes/.git/config.lock', 0x00000000000001a4)
rename('/tmp/nimble_13710/githubcom_ReneSaccalikes/.git/config.lock', '/tmp/nimble_13710/githubcom_ReneSaccalikes/.git/config')
unlink('/tmp/nimble_13710/githubcom_ReneSaccalikes/.git/tF3Yd77')
symlink('testing', '/tmp/nimble_13710/githubcom_ReneSaccalikes/.git/tF3Yd77')
unlink('/tmp/nimble_13710/githubcom_ReneSaccalikes/.git/tF3Yd77')
mkdir('/tmp/nimble_13710/githubcom_ReneSaccalikes/.git/objects', 0x00000000000001ff)
mkdir('/tmp/nimble_13710/githubcom_ReneSaccalikes/.git/objects/pack', 0x00000000000001ff)
mkdir('/tmp/nimble_13710/githubcom_ReneSaccalikes/.git/objects/info', 0x00000000000001ff)
chmod('/tmp/nimble_13710/githubcom_ReneSaccalikes/.git/config.lock', 0x00000000000001a4)
rename('/tmp/nimble_13710/githubcom_ReneSaccalikes/.git/config.lock', '/tmp/nimble_13710/githubcom_ReneSaccalikes/.git/config')
chmod('/tmp/nimble_13710/githubcom_ReneSaccalikes/.git/config.lock', 0x00000000000001a4)
rename('/tmp/nimble_13710/githubcom_ReneSaccalikes/.git/config.lock', '/tmp/nimble_13710/githubcom_ReneSaccalikes/.git/config')
chmod('/tmp/nimble_13710/githubcom_ReneSaccalikes/.git/config.lock', 0x00000000000001a4)
rename('/tmp/nimble_13710/githubcom_ReneSaccalikes/.git/config.lock', '/tmp/nimble_13710/githubcom_ReneSaccalikes/.git/config')
link('/tmp/nimble_13710/githubcom_ReneSaccalikes/.git/objects/pack/tmp_pack_IvSgAC', '/tmp/nimble_13710/githubcom_ReneSaccalikes/.git/objects/pack/pack-3fcba193405c00b779219b2e7c18c5c68ecdda8b.pack')
unlink('/tmp/nimble_13710/githubcom_ReneSaccalikes/.git/objects/pack/tmp_pack_IvSgAC')
link('/tmp/nimble_13710/githubcom_ReneSaccalikes/.git/objects/pack/tmp_idx_E3YaQO', '/tmp/nimble_13710/githubcom_ReneSaccalikes/.git/objects/pack/pack-3fcba193405c00b779219b2e7c18c5c68ecdda8b.idx')
unlink('/tmp/nimble_13710/githubcom_ReneSaccalikes/.git/objects/pack/tmp_idx_E3YaQO')
rename('/tmp/nimble_13710/githubcom_ReneSaccalikes/.git/shallow.lock', '/tmp/nimble_13710/githubcom_ReneSaccalikes/.git/shallow')
rename('/tmp/nimble_13710/githubcom_ReneSaccalikes/.git/packed-refs.new', '/tmp/nimble_13710/githubcom_ReneSaccalikes/.git/packed-refs')
unlink('/tmp/nimble_13710/githubcom_ReneSaccalikes/.git/packed-refs.lock')
unlink('/tmp/nimble_13710/githubcom_ReneSaccalikes/.git/refs/tags/v0.2.0.lock')
mkdir('/tmp/nimble_13710/githubcom_ReneSaccalikes/.git/logs', 0x00000000000001ff)
rename('/tmp/nimble_13710/githubcom_ReneSaccalikes/.git/HEAD.lock', '/tmp/nimble_13710/githubcom_ReneSaccalikes/.git/HEAD')
unlink('/tmp/nimble_13710/githubcom_ReneSaccalikes/.git/objects/pack/pack-3fcba193405c00b779219b2e7c18c5c68ecdda8b.keep')
mkdir('docs', 0x00000000000001ff)
mkdir('src', 0x00000000000001ff)
rename('/tmp/nimble_13710/githubcom_ReneSaccalikes/.git/index.lock', '/tmp/nimble_13710/githubcom_ReneSaccalikes/.git/index')
mkdir('/tmp', 0x00000000000001ff)
mkdir('/tmp/nimblecache', 0x00000000000001ff)
mkdir('/tmp/nimblecache/c_alikes_26222121', 0x00000000000001ff)
unlink('/tmp/nimblecache/c_alikes_26222121/c_alikes.ini')
unlink('/tmp/nimble_13710.out')
unlink('/tmp/nimble_13710/githubcom_ReneSaccalikes/c_alikes_13710.nims')
mkdir('/home', 0x00000000000001ff)
mkdir('/home/runner', 0x00000000000001ff)
mkdir('/home/runner/.nimble', 0x00000000000001ff)
mkdir('/home/runner/.nimble/pkgs', 0x00000000000001ff)
mkdir('/home/runner/.nimble/pkgs/c_alikes-0.2.0', 0x00000000000001ff)
mkdir('/home', 0x00000000000001ff)
mkdir('/home/runner', 0x00000000000001ff)
mkdir('/home/runner/.nimble', 0x00000000000001ff)
mkdir('/home/runner/.nimble/pkgs', 0x00000000000001ff)
mkdir('/home/runner/.nimble/pkgs/c_alikes-0.2.0', 0x00000000000001ff)
chmod('/home/runner/.nimble/pkgs/c_alikes-0.2.0/c_alikes.nim', 0x00000000000001a4)
chmod('/home/runner/.nimble/pkgs/c_alikes-0.2.0/c_alikes.nimble', 0x00000000000001a4)
mkdir('/tmp', 0x00000000000001ff)
mkdir('/tmp/nimblecache', 0x00000000000001ff)
mkdir('/tmp/nimblecache/c_alikes_655024564', 0x00000000000001ff)
unlink('/tmp/nimblecache/c_alikes_655024564/c_alikes.ini')
unlink('/tmp/nimble_13710.out')
unlink('/home/runner/.nimble/pkgs/c_alikes-0.2.0/c_alikes_13710.nims')
unlink('/tmp/nimble_13710/githubcom_ReneSaccalikes/src/c_alikes.nim')
rmdir('/tmp/nimble_13710/githubcom_ReneSaccalikes/src')
unlink('/tmp/nimble_13710/githubcom_ReneSaccalikes/.gitignore')
unlink('/tmp/nimble_13710/githubcom_ReneSaccalikes/docs/c_alikes.html')
rmdir('/tmp/nimble_13710/githubcom_ReneSaccalikes/docs')
unlink('/tmp/nimble_13710/githubcom_ReneSaccalikes/.git/HEAD')
unlink('/tmp/nimble_13710/githubcom_ReneSaccalikes/.git/config')
unlink('/tmp/nimble_13710/githubcom_ReneSaccalikes/.git/logs/HEAD')
rmdir('/tmp/nimble_13710/githubcom_ReneSaccalikes/.git/logs')
rmdir('/tmp/nimble_13710/githubcom_ReneSaccalikes/.git/branches')
unlink('/tmp/nimble_13710/githubcom_ReneSaccalikes/.git/packed-refs')
rmdir('/tmp/nimble_13710/githubcom_ReneSaccalikes/.git/refs/heads')
rmdir('/tmp/nimble_13710/githubcom_ReneSaccalikes/.git/refs/tags')
rmdir('/tmp/nimble_13710/githubcom_ReneSaccalikes/.git/refs')
unlink('/tmp/nimble_13710/githubcom_ReneSaccalikes/.git/hooks/fsmonitor-watchman.sample')
unlink('/tmp/nimble_13710/githubcom_ReneSaccalikes/.git/hooks/pre-rebase.sample')
unlink('/tmp/nimble_13710/githubcom_ReneSaccalikes/.git/hooks/pre-push.sample')
unlink('/tmp/nimble_13710/githubcom_ReneSaccalikes/.git/hooks/pre-applypatch.sample')
unlink('/tmp/nimble_13710/githubcom_ReneSaccalikes/.git/hooks/pre-receive.sample')
unlink('/tmp/nimble_13710/githubcom_ReneSaccalikes/.git/hooks/commit-msg.sample')
unlink('/tmp/nimble_13710/githubcom_ReneSaccalikes/.git/hooks/pre-merge-commit.sample')
unlink('/tmp/nimble_13710/githubcom_ReneSaccalikes/.git/hooks/prepare-commit-msg.sample')
unlink('/tmp/nimble_13710/githubcom_ReneSaccalikes/.git/hooks/pre-commit.sample')
unlink('/tmp/nimble_13710/githubcom_ReneSaccalikes/.git/hooks/update.sample')
unlink('/tmp/nimble_13710/githubcom_ReneSaccalikes/.git/hooks/applypatch-msg.sample')
unlink('/tmp/nimble_13710/githubcom_ReneSaccalikes/.git/hooks/post-update.sample')
rmdir('/tmp/nimble_13710/githubcom_ReneSaccalikes/.git/hooks')
unlink('/tmp/nimble_13710/githubcom_ReneSaccalikes/.git/index')
unlink('/tmp/nimble_13710/githubcom_ReneSaccalikes/.git/info/exclude')
rmdir('/tmp/nimble_13710/githubcom_ReneSaccalikes/.git/info')
unlink('/tmp/nimble_13710/githubcom_ReneSaccalikes/.git/shallow')
unlink('/tmp/nimble_13710/githubcom_ReneSaccalikes/.git/description')
unlink('/tmp/nimble_13710/githubcom_ReneSaccalikes/.git/objects/pack/pack-3fcba193405c00b779219b2e7c18c5c68ecdda8b.pack')
unlink('/tmp/nimble_13710/githubcom_ReneSaccalikes/.git/objects/pack/pack-3fcba193405c00b779219b2e7c18c5c68ecdda8b.idx')
rmdir('/tmp/nimble_13710/githubcom_ReneSaccalikes/.git/objects/pack')
rmdir('/tmp/nimble_13710/githubcom_ReneSaccalikes/.git/objects/info')
rmdir('/tmp/nimble_13710/githubcom_ReneSaccalikes/.git/objects')
rmdir('/tmp/nimble_13710/githubcom_ReneSaccalikes/.git')
unlink('/tmp/nimble_13710/githubcom_ReneSaccalikes/c_alikes.nimble')
unlink('/tmp/nimble_13710/githubcom_ReneSaccalikes/README.md')
unlink('/tmp/nimble_13710/githubcom_ReneSaccalikes/license.txt')
rmdir('/tmp/nimble_13710/githubcom_ReneSaccalikes')
rmdir('/tmp/nimble_13710')
  create directory /tmp
  create directory /tmp/nimble_13710
  create directory /tmp/nimble_13710/githubcom_ReneSaccalikes
  delete /tmp/nimble_13710/githubcom_ReneSaccalikes
  create directory /tmp/nimble_13710/githubcom_ReneSaccalikes
  create directory /tmp/nimble_13710/githubcom_ReneSaccalikes/.git
  create directory /tmp/nimble_13710/githubcom_ReneSaccalikes/.git
  create directory /tmp/nimble_13710/githubcom_ReneSaccalikes/.git/branches
  create directory /tmp/nimble_13710/githubcom_ReneSaccalikes/.git/hooks
  create directory /tmp/nimble_13710/githubcom_ReneSaccalikes/.git/info
  create directory /tmp/nimble_13710/githubcom_ReneSaccalikes/.git/refs
  create directory /tmp/nimble_13710/githubcom_ReneSaccalikes/.git/refs/heads
  create directory /tmp/nimble_13710/githubcom_ReneSaccalikes/.git/refs/tags
  rename /tmp/nimble_13710/githubcom_ReneSaccalikes/.git/HEAD.lock to HEAD
  rename /tmp/nimble_13710/githubcom_ReneSaccalikes/.git/config.lock to config
  change permissions of /tmp/nimble_13710/githubcom_ReneSaccalikes/.git/config to rwxr--r--
  change permissions of /tmp/nimble_13710/githubcom_ReneSaccalikes/.git/config to rw-r--r--
  change permissions of /tmp/nimble_13710/githubcom_ReneSaccalikes/.git/config.lock to rw-r--r--
  rename /tmp/nimble_13710/githubcom_ReneSaccalikes/.git/config.lock to config
  change permissions of /tmp/nimble_13710/githubcom_ReneSaccalikes/.git/config.lock to rw-r--r--
  rename /tmp/nimble_13710/githubcom_ReneSaccalikes/.git/config.lock to config
  change permissions of /tmp/nimble_13710/githubcom_ReneSaccalikes/.git/config.lock to rw-r--r--
  rename /tmp/nimble_13710/githubcom_ReneSaccalikes/.git/config.lock to config
  delete /tmp/nimble_13710/githubcom_ReneSaccalikes/.git/tF3Yd77
  create symbolic link from /tmp/nimble_13710/githubcom_ReneSaccalikes/.git/tF3Yd77 to /home/runner/work/nim_packages_security_audit/nim_packages_security_audit/testing
  delete /tmp/nimble_13710/githubcom_ReneSaccalikes/.git/tF3Yd77
  create directory /tmp/nimble_13710/githubcom_ReneSaccalikes/.git/objects
  create directory /tmp/nimble_13710/githubcom_ReneSaccalikes/.git/objects/pack
  create directory /tmp/nimble_13710/githubcom_ReneSaccalikes/.git/objects/info
  change permissions of /tmp/nimble_13710/githubcom_ReneSaccalikes/.git/config.lock to rw-r--r--
  rename /tmp/nimble_13710/githubcom_ReneSaccalikes/.git/config.lock to config
  change permissions of /tmp/nimble_13710/githubcom_ReneSaccalikes/.git/config.lock to rw-r--r--
  rename /tmp/nimble_13710/githubcom_ReneSaccalikes/.git/config.lock to config
  change permissions of /tmp/nimble_13710/githubcom_ReneSaccalikes/.git/config.lock to rw-r--r--
  rename /tmp/nimble_13710/githubcom_ReneSaccalikes/.git/config.lock to config
  create hard link from /tmp/nimble_13710/githubcom_ReneSaccalikes/.git/objects/pack/pack-3fcba193405c00b779219b2e7c18c5c68ecdda8b.pack to /tmp/nimble_13710/githubcom_ReneSaccalikes/.git/objects/pack/tmp_pack_IvSgAC
  delete /tmp/nimble_13710/githubcom_ReneSaccalikes/.git/objects/pack/tmp_pack_IvSgAC
  create hard link from /tmp/nimble_13710/githubcom_ReneSaccalikes/.git/objects/pack/pack-3fcba193405c00b779219b2e7c18c5c68ecdda8b.idx to /tmp/nimble_13710/githubcom_ReneSaccalikes/.git/objects/pack/tmp_idx_E3YaQO
  delete /tmp/nimble_13710/githubcom_ReneSaccalikes/.git/objects/pack/tmp_idx_E3YaQO
  rename /tmp/nimble_13710/githubcom_ReneSaccalikes/.git/shallow.lock to shallow
  rename /tmp/nimble_13710/githubcom_ReneSaccalikes/.git/packed-refs.new to packed-refs
  delete /tmp/nimble_13710/githubcom_ReneSaccalikes/.git/packed-refs.lock
  delete /tmp/nimble_13710/githubcom_ReneSaccalikes/.git/refs/tags/v0.2.0.lock
  create directory /tmp/nimble_13710/githubcom_ReneSaccalikes/.git/logs
  rename /tmp/nimble_13710/githubcom_ReneSaccalikes/.git/HEAD.lock to HEAD
  delete /tmp/nimble_13710/githubcom_ReneSaccalikes/.git/objects/pack/pack-3fcba193405c00b779219b2e7c18c5c68ecdda8b.keep
  create directory /tmp/nimble_13710/githubcom_ReneSaccalikes/docs
  create directory /tmp/nimble_13710/githubcom_ReneSaccalikes/src
  rename /tmp/nimble_13710/githubcom_ReneSaccalikes/.git/index.lock to index
  create directory /tmp
  create directory /tmp/nimblecache
  create directory /tmp/nimblecache/c_alikes_26222121
  delete /tmp/nimblecache/c_alikes_26222121/c_alikes.ini
  delete /tmp/nimble_13710.out
  delete /tmp/nimble_13710/githubcom_ReneSaccalikes/c_alikes_13710.nims
  create directory /home
  create directory /home/runner
  create directory /home/runner/.nimble
  create directory /home/runner/.nimble/pkgs
  create directory /home/runner/.nimble/pkgs/c_alikes-0.2.0
  create directory /home
  create directory /home/runner
  create directory /home/runner/.nimble
  create directory /home/runner/.nimble/pkgs
  create directory /home/runner/.nimble/pkgs/c_alikes-0.2.0
  change permissions of /home/runner/.nimble/pkgs/c_alikes-0.2.0/c_alikes.nim to rw-r--r--
  change permissions of /home/runner/.nimble/pkgs/c_alikes-0.2.0/c_alikes.nimble to rw-r--r--
  create directory /tmp
  create directory /tmp/nimblecache
  create directory /tmp/nimblecache/c_alikes_655024564
  delete /tmp/nimblecache/c_alikes_655024564/c_alikes.ini
  delete /tmp/nimble_13710.out
  delete /home/runner/.nimble/pkgs/c_alikes-0.2.0/c_alikes_13710.nims
  delete /tmp/nimble_13710/githubcom_ReneSaccalikes/src/c_alikes.nim
  delete /tmp/nimble_13710/githubcom_ReneSaccalikes/src
  delete /tmp/nimble_13710/githubcom_ReneSaccalikes/.gitignore
  delete /tmp/nimble_13710/githubcom_ReneSaccalikes/docs/c_alikes.html
  delete /tmp/nimble_13710/githubcom_ReneSaccalikes/docs
  delete /tmp/nimble_13710/githubcom_ReneSaccalikes/.git/HEAD
  delete /tmp/nimble_13710/githubcom_ReneSaccalikes/.git/config
  delete /tmp/nimble_13710/githubcom_ReneSaccalikes/.git/logs/HEAD
  delete /tmp/nimble_13710/githubcom_ReneSaccalikes/.git/logs
  delete /tmp/nimble_13710/githubcom_ReneSaccalikes/.git/branches
  delete /tmp/nimble_13710/githubcom_ReneSaccalikes/.git/packed-refs
  delete /tmp/nimble_13710/githubcom_ReneSaccalikes/.git/refs/heads
  delete /tmp/nimble_13710/githubcom_ReneSaccalikes/.git/refs/tags
  delete /tmp/nimble_13710/githubcom_ReneSaccalikes/.git/refs
  delete /tmp/nimble_13710/githubcom_ReneSaccalikes/.git/hooks/fsmonitor-watchman.sample
  delete /tmp/nimble_13710/githubcom_ReneSaccalikes/.git/hooks/pre-rebase.sample
  delete /tmp/nimble_13710/githubcom_ReneSaccalikes/.git/hooks/pre-push.sample
  delete /tmp/nimble_13710/githubcom_ReneSaccalikes/.git/hooks/pre-applypatch.sample
  delete /tmp/nimble_13710/githubcom_ReneSaccalikes/.git/hooks/pre-receive.sample
  delete /tmp/nimble_13710/githubcom_ReneSaccalikes/.git/hooks/commit-msg.sample
  delete /tmp/nimble_13710/githubcom_ReneSaccalikes/.git/hooks/pre-merge-commit.sample
  delete /tmp/nimble_13710/githubcom_ReneSaccalikes/.git/hooks/prepare-commit-msg.sample
  delete /tmp/nimble_13710/githubcom_ReneSaccalikes/.git/hooks/pre-commit.sample
  delete /tmp/nimble_13710/githubcom_ReneSaccalikes/.git/hooks/update.sample
  delete /tmp/nimble_13710/githubcom_ReneSaccalikes/.git/hooks/applypatch-msg.sample
  delete /tmp/nimble_13710/githubcom_ReneSaccalikes/.git/hooks/post-update.sample
  delete /tmp/nimble_13710/githubcom_ReneSaccalikes/.git/hooks
  delete /tmp/nimble_13710/githubcom_ReneSaccalikes/.git/index
  delete /tmp/nimble_13710/githubcom_ReneSaccalikes/.git/info/exclude
  delete /tmp/nimble_13710/githubcom_ReneSaccalikes/.git/info
  delete /tmp/nimble_13710/githubcom_ReneSaccalikes/.git/shallow
  delete /tmp/nimble_13710/githubcom_ReneSaccalikes/.git/description
  delete /tmp/nimble_13710/githubcom_ReneSaccalikes/.git/objects/pack/pack-3fcba193405c00b779219b2e7c18c5c68ecdda8b.pack
  delete /tmp/nimble_13710/githubcom_ReneSaccalikes/.git/objects/pack/pack-3fcba193405c00b779219b2e7c18c5c68ecdda8b.idx
  delete /tmp/nimble_13710/githubcom_ReneSaccalikes/.git/objects/pack
  delete /tmp/nimble_13710/githubcom_ReneSaccalikes/.git/objects/info
  delete /tmp/nimble_13710/githubcom_ReneSaccalikes/.git/objects
  delete /tmp/nimble_13710/githubcom_ReneSaccalikes/.git
  delete /tmp/nimble_13710/githubcom_ReneSaccalikes/c_alikes.nimble
  delete /tmp/nimble_13710/githubcom_ReneSaccalikes/README.md
  delete /tmp/nimble_13710/githubcom_ReneSaccalikes/license.txt
  delete /tmp/nimble_13710/githubcom_ReneSaccalikes
  delete /tmp/nimble_13710
