    Reading official package list
Downloading https://github.com/planety/cached using git
mkdir('/tmp', 0x00000000000001ff)
mkdir('/tmp/nimble_20398', 0x00000000000001ff)
mkdir('/tmp/nimble_20398/githubcom_planetycached', 0x00000000000001ff)
rmdir('/tmp/nimble_20398/githubcom_planetycached')
mkdir('/tmp/nimble_20398/githubcom_planetycached', 0x00000000000001ff)
mkdir('/tmp/nimble_20398/githubcom_planetycached/.git', 0x00000000000001ff)
mkdir('/tmp/nimble_20398/githubcom_planetycached/.git/', 0x00000000000001ff)
mkdir('/tmp/nimble_20398/githubcom_planetycached/.git/info/', 0x00000000000001ff)
mkdir('/tmp/nimble_20398/githubcom_planetycached/.git/branches/', 0x00000000000001ff)
mkdir('/tmp/nimble_20398/githubcom_planetycached/.git/hooks/', 0x00000000000001ff)
mkdir('/tmp/nimble_20398/githubcom_planetycached/.git/refs', 0x00000000000001ff)
mkdir('/tmp/nimble_20398/githubcom_planetycached/.git/refs/heads', 0x00000000000001ff)
mkdir('/tmp/nimble_20398/githubcom_planetycached/.git/refs/tags', 0x00000000000001ff)
rename('/tmp/nimble_20398/githubcom_planetycached/.git/HEAD.lock', '/tmp/nimble_20398/githubcom_planetycached/.git/HEAD')
rename('/tmp/nimble_20398/githubcom_planetycached/.git/config.lock', '/tmp/nimble_20398/githubcom_planetycached/.git/config')
chmod('/tmp/nimble_20398/githubcom_planetycached/.git/config', 0x00000000000081e4)
chmod('/tmp/nimble_20398/githubcom_planetycached/.git/config', 0x00000000000081a4)
chmod('/tmp/nimble_20398/githubcom_planetycached/.git/config.lock', 0x00000000000001a4)
rename('/tmp/nimble_20398/githubcom_planetycached/.git/config.lock', '/tmp/nimble_20398/githubcom_planetycached/.git/config')
chmod('/tmp/nimble_20398/githubcom_planetycached/.git/config.lock', 0x00000000000001a4)
rename('/tmp/nimble_20398/githubcom_planetycached/.git/config.lock', '/tmp/nimble_20398/githubcom_planetycached/.git/config')
chmod('/tmp/nimble_20398/githubcom_planetycached/.git/config.lock', 0x00000000000001a4)
rename('/tmp/nimble_20398/githubcom_planetycached/.git/config.lock', '/tmp/nimble_20398/githubcom_planetycached/.git/config')
unlink('/tmp/nimble_20398/githubcom_planetycached/.git/tDYNMTu')
symlink('testing', '/tmp/nimble_20398/githubcom_planetycached/.git/tDYNMTu')
unlink('/tmp/nimble_20398/githubcom_planetycached/.git/tDYNMTu')
mkdir('/tmp/nimble_20398/githubcom_planetycached/.git/objects', 0x00000000000001ff)
mkdir('/tmp/nimble_20398/githubcom_planetycached/.git/objects/pack', 0x00000000000001ff)
mkdir('/tmp/nimble_20398/githubcom_planetycached/.git/objects/info', 0x00000000000001ff)
chmod('/tmp/nimble_20398/githubcom_planetycached/.git/config.lock', 0x00000000000001a4)
rename('/tmp/nimble_20398/githubcom_planetycached/.git/config.lock', '/tmp/nimble_20398/githubcom_planetycached/.git/config')
chmod('/tmp/nimble_20398/githubcom_planetycached/.git/config.lock', 0x00000000000001a4)
rename('/tmp/nimble_20398/githubcom_planetycached/.git/config.lock', '/tmp/nimble_20398/githubcom_planetycached/.git/config')
chmod('/tmp/nimble_20398/githubcom_planetycached/.git/config.lock', 0x00000000000001a4)
rename('/tmp/nimble_20398/githubcom_planetycached/.git/config.lock', '/tmp/nimble_20398/githubcom_planetycached/.git/config')
mkdir('/tmp/nimble_20398/githubcom_planetycached/.git/objects/86', 0x00000000000001ff)
link('/tmp/nimble_20398/githubcom_planetycached/.git/objects/86/tmp_obj_14hyzf', '/tmp/nimble_20398/githubcom_planetycached/.git/objects/86/832d22e5cbd66d4922500fb04f4391475b852b')
unlink('/tmp/nimble_20398/githubcom_planetycached/.git/objects/86/tmp_obj_14hyzf')
mkdir('/tmp/nimble_20398/githubcom_planetycached/.git/objects/3e', 0x00000000000001ff)
link('/tmp/nimble_20398/githubcom_planetycached/.git/objects/3e/tmp_obj_j86zml', '/tmp/nimble_20398/githubcom_planetycached/.git/objects/3e/5b6c6740be984119facfd03fe05e8b86ec0165')
unlink('/tmp/nimble_20398/githubcom_planetycached/.git/objects/3e/tmp_obj_j86zml')
mkdir('/tmp/nimble_20398/githubcom_planetycached/.git/objects/db', 0x00000000000001ff)
link('/tmp/nimble_20398/githubcom_planetycached/.git/objects/db/tmp_obj_T6eNUp', '/tmp/nimble_20398/githubcom_planetycached/.git/objects/db/27d5733b4fdff1d20a2fda475d16e9e14922ec')
unlink('/tmp/nimble_20398/githubcom_planetycached/.git/objects/db/tmp_obj_T6eNUp')
mkdir('/tmp/nimble_20398/githubcom_planetycached/.git/objects/0f', 0x00000000000001ff)
link('/tmp/nimble_20398/githubcom_planetycached/.git/objects/0f/tmp_obj_Xi4O1q', '/tmp/nimble_20398/githubcom_planetycached/.git/objects/0f/9f03aa45020f1bf48bc1f0911fd06d42c3d4d2')
unlink('/tmp/nimble_20398/githubcom_planetycached/.git/objects/0f/tmp_obj_Xi4O1q')
mkdir('/tmp/nimble_20398/githubcom_planetycached/.git/objects/a6', 0x00000000000001ff)
link('/tmp/nimble_20398/githubcom_planetycached/.git/objects/a6/tmp_obj_Tc4DHv', '/tmp/nimble_20398/githubcom_planetycached/.git/objects/a6/00078fd89345d594b40eff2f09fefdf309d3bc')
unlink('/tmp/nimble_20398/githubcom_planetycached/.git/objects/a6/tmp_obj_Tc4DHv')
mkdir('/tmp/nimble_20398/githubcom_planetycached/.git/objects/ef', 0x00000000000001ff)
link('/tmp/nimble_20398/githubcom_planetycached/.git/objects/ef/tmp_obj_nu7EJy', '/tmp/nimble_20398/githubcom_planetycached/.git/objects/ef/d796b8e2ae92cbf67af8d254fd1e0c5f25f22f')
unlink('/tmp/nimble_20398/githubcom_planetycached/.git/objects/ef/tmp_obj_nu7EJy')
mkdir('/tmp/nimble_20398/githubcom_planetycached/.git/objects/94', 0x00000000000001ff)
link('/tmp/nimble_20398/githubcom_planetycached/.git/objects/94/tmp_obj_BdbPsD', '/tmp/nimble_20398/githubcom_planetycached/.git/objects/94/6c3102f20ae6729d4876bdf41b357e44b97b05')
unlink('/tmp/nimble_20398/githubcom_planetycached/.git/objects/94/tmp_obj_BdbPsD')
mkdir('/tmp/nimble_20398/githubcom_planetycached/.git/objects/6e', 0x00000000000001ff)
link('/tmp/nimble_20398/githubcom_planetycached/.git/objects/6e/tmp_obj_PKiuNE', '/tmp/nimble_20398/githubcom_planetycached/.git/objects/6e/ec1f46d2ad2c0ea2dc361ffeb87d05535729fe')
unlink('/tmp/nimble_20398/githubcom_planetycached/.git/objects/6e/tmp_obj_PKiuNE')
mkdir('/tmp/nimble_20398/githubcom_planetycached/.git/objects/80', 0x00000000000001ff)
link('/tmp/nimble_20398/githubcom_planetycached/.git/objects/80/tmp_obj_bAXyKK', '/tmp/nimble_20398/githubcom_planetycached/.git/objects/80/490959c7875b0eb3847f0dddb3d43bced252d8')
unlink('/tmp/nimble_20398/githubcom_planetycached/.git/objects/80/tmp_obj_bAXyKK')
mkdir('/tmp/nimble_20398/githubcom_planetycached/.git/objects/9b', 0x00000000000001ff)
link('/tmp/nimble_20398/githubcom_planetycached/.git/objects/9b/tmp_obj_dLIenP', '/tmp/nimble_20398/githubcom_planetycached/.git/objects/9b/a71d84bcb3da9f686925ea888f63fe986a73e2')
unlink('/tmp/nimble_20398/githubcom_planetycached/.git/objects/9b/tmp_obj_dLIenP')
mkdir('/tmp/nimble_20398/githubcom_planetycached/.git/objects/3f', 0x00000000000001ff)
link('/tmp/nimble_20398/githubcom_planetycached/.git/objects/3f/tmp_obj_3t0K9Q', '/tmp/nimble_20398/githubcom_planetycached/.git/objects/3f/840e6c2b66d7cc70c2293b1583647022b33502')
unlink('/tmp/nimble_20398/githubcom_planetycached/.git/objects/3f/tmp_obj_3t0K9Q')
mkdir('/tmp/nimble_20398/githubcom_planetycached/.git/objects/d4', 0x00000000000001ff)
link('/tmp/nimble_20398/githubcom_planetycached/.git/objects/d4/tmp_obj_bSUcAV', '/tmp/nimble_20398/githubcom_planetycached/.git/objects/d4/fdf9f235387d4e244927a3cad132e99acb1ca4')
unlink('/tmp/nimble_20398/githubcom_planetycached/.git/objects/d4/tmp_obj_bSUcAV')
rename('/tmp/nimble_20398/githubcom_planetycached/.git/shallow.lock', '/tmp/nimble_20398/githubcom_planetycached/.git/shallow')
rename('/tmp/nimble_20398/githubcom_planetycached/.git/packed-refs.new', '/tmp/nimble_20398/githubcom_planetycached/.git/packed-refs')
unlink('/tmp/nimble_20398/githubcom_planetycached/.git/packed-refs.lock')
mkdir('/tmp/nimble_20398/githubcom_planetycached/.git/refs/remotes', 0x00000000000001ff)
mkdir('/tmp/nimble_20398/githubcom_planetycached/.git/refs/remotes/origin', 0x00000000000001ff)
mkdir('/tmp/nimble_20398/githubcom_planetycached/.git/logs', 0x00000000000001ff)
mkdir('/tmp/nimble_20398/githubcom_planetycached/.git/logs/refs', 0x00000000000001ff)
mkdir('/tmp/nimble_20398/githubcom_planetycached/.git/logs/refs/remotes', 0x00000000000001ff)
mkdir('/tmp/nimble_20398/githubcom_planetycached/.git/logs/refs/remotes/origin', 0x00000000000001ff)       Info /tmp/nimble_20398/githubcom_planetycached/cache_20398.nims(1, 8) Warning: imported and not used: 'system' [UnusedImport]
        ... /tmp/nimble_20398/githubcom_planetycached/cache_20398.nims(5, 22) Warning: imported and not used: 'strutils' [UnusedImport]
  Verifying dependencies for cache@0.1.2
 Installing cache@0.1.2
    Copying file /tmp/nimble_20398/githubcom_planetycached/cache.nimble to /home/runner/.nimble/pkgs/cache-0.1.2/cache.nimble
   Success: cache installed successfully.
       Info /home/runner/.nimble/pkgs/cache-0.1.2/cache_20398.nims(1, 8) Warning: imported and not used: 'system' [UnusedImport]
        ... /home/runner/.nimble/pkgs/cache-0.1.2/cache_20398.nims(5, 22) Warning: imported and not used: 'strutils' [UnusedImport]

rename('/tmp/nimble_20398/githubcom_planetycached/.git/refs/remotes/origin/HEAD.lock', '/tmp/nimble_20398/githubcom_planetycached/.git/refs/remotes/origin/HEAD')
rename('/tmp/nimble_20398/githubcom_planetycached/.git/HEAD.lock', '/tmp/nimble_20398/githubcom_planetycached/.git/HEAD')
mkdir('/tmp/nimble_20398/githubcom_planetycached/.git/logs/refs/heads', 0x00000000000001ff)
rename('/tmp/nimble_20398/githubcom_planetycached/.git/refs/heads/master.lock', '/tmp/nimble_20398/githubcom_planetycached/.git/refs/heads/master')
unlink('/tmp/nimble_20398/githubcom_planetycached/.git/HEAD.lock')
chmod('/tmp/nimble_20398/githubcom_planetycached/.git/config.lock', 0x00000000000001a4)
rename('/tmp/nimble_20398/githubcom_planetycached/.git/config.lock', '/tmp/nimble_20398/githubcom_planetycached/.git/config')
chmod('/tmp/nimble_20398/githubcom_planetycached/.git/config.lock', 0x00000000000001a4)
rename('/tmp/nimble_20398/githubcom_planetycached/.git/config.lock', '/tmp/nimble_20398/githubcom_planetycached/.git/config')
mkdir('cache', 0x00000000000001ff)
mkdir('tests', 0x00000000000001ff)
rename('/tmp/nimble_20398/githubcom_planetycached/.git/index.lock', '/tmp/nimble_20398/githubcom_planetycached/.git/index')
mkdir('/tmp', 0x00000000000001ff)
mkdir('/tmp/nimblecache', 0x00000000000001ff)
mkdir('/tmp/nimblecache/cache_1760800166', 0x00000000000001ff)
unlink('/tmp/nimblecache/cache_1760800166/cache.ini')
unlink('/tmp/nimble_20398.out')
unlink('/tmp/nimble_20398/githubcom_planetycached/cache_20398.nims')
mkdir('/home', 0x00000000000001ff)
mkdir('/home/runner', 0x00000000000001ff)
mkdir('/home/runner/.nimble', 0x00000000000001ff)
mkdir('/home/runner/.nimble/pkgs', 0x00000000000001ff)
mkdir('/home/runner/.nimble/pkgs/cache-0.1.2', 0x00000000000001ff)
chmod('/home/runner/.nimble/pkgs/cache-0.1.2/cache.nimble', 0x00000000000001a4)
mkdir('/tmp', 0x00000000000001ff)
mkdir('/tmp/nimblecache', 0x00000000000001ff)
mkdir('/tmp/nimblecache/cache_802179122', 0x00000000000001ff)
unlink('/tmp/nimblecache/cache_802179122/cache.ini')
unlink('/tmp/nimble_20398.out')
unlink('/home/runner/.nimble/pkgs/cache-0.1.2/cache_20398.nims')
unlink('/tmp/nimble_20398/githubcom_planetycached/README.md')
unlink('/tmp/nimble_20398/githubcom_planetycached/.git/refs/remotes/origin/HEAD')
rmdir('/tmp/nimble_20398/githubcom_planetycached/.git/refs/remotes/origin')
rmdir('/tmp/nimble_20398/githubcom_planetycached/.git/refs/remotes')
rmdir('/tmp/nimble_20398/githubcom_planetycached/.git/refs/tags')
unlink('/tmp/nimble_20398/githubcom_planetycached/.git/refs/heads/master')
rmdir('/tmp/nimble_20398/githubcom_planetycached/.git/refs/heads')
rmdir('/tmp/nimble_20398/githubcom_planetycached/.git/refs')
unlink('/tmp/nimble_20398/githubcom_planetycached/.git/info/exclude')
rmdir('/tmp/nimble_20398/githubcom_planetycached/.git/info')
rmdir('/tmp/nimble_20398/githubcom_planetycached/.git/branches')
unlink('/tmp/nimble_20398/githubcom_planetycached/.git/logs/refs/remotes/origin/HEAD')
rmdir('/tmp/nimble_20398/githubcom_planetycached/.git/logs/refs/remotes/origin')
rmdir('/tmp/nimble_20398/githubcom_planetycached/.git/logs/refs/remotes')
unlink('/tmp/nimble_20398/githubcom_planetycached/.git/logs/refs/heads/master')
rmdir('/tmp/nimble_20398/githubcom_planetycached/.git/logs/refs/heads')
rmdir('/tmp/nimble_20398/githubcom_planetycached/.git/logs/refs')
unlink('/tmp/nimble_20398/githubcom_planetycached/.git/logs/HEAD')
rmdir('/tmp/nimble_20398/githubcom_planetycached/.git/logs')
unlink('/tmp/nimble_20398/githubcom_planetycached/.git/description')
unlink('/tmp/nimble_20398/githubcom_planetycached/.git/hooks/pre-rebase.sample')
unlink('/tmp/nimble_20398/githubcom_planetycached/.git/hooks/applypatch-msg.sample')
unlink('/tmp/nimble_20398/githubcom_planetycached/.git/hooks/pre-push.sample')
unlink('/tmp/nimble_20398/githubcom_planetycached/.git/hooks/pre-merge-commit.sample')
unlink('/tmp/nimble_20398/githubcom_planetycached/.git/hooks/pre-receive.sample')
unlink('/tmp/nimble_20398/githubcom_planetycached/.git/hooks/update.sample')
unlink('/tmp/nimble_20398/githubcom_planetycached/.git/hooks/pre-commit.sample')
unlink('/tmp/nimble_20398/githubcom_planetycached/.git/hooks/pre-applypatch.sample')
unlink('/tmp/nimble_20398/githubcom_planetycached/.git/hooks/commit-msg.sample')
unlink('/tmp/nimble_20398/githubcom_planetycached/.git/hooks/fsmonitor-watchman.sample')
unlink('/tmp/nimble_20398/githubcom_planetycached/.git/hooks/prepare-commit-msg.sample')
unlink('/tmp/nimble_20398/githubcom_planetycached/.git/hooks/post-update.sample')
rmdir('/tmp/nimble_20398/githubcom_planetycached/.git/hooks')
unlink('/tmp/nimble_20398/githubcom_planetycached/.git/shallow')
unlink('/tmp/nimble_20398/githubcom_planetycached/.git/config')
unlink('/tmp/nimble_20398/githubcom_planetycached/.git/index')
unlink('/tmp/nimble_20398/githubcom_planetycached/.git/objects/94/6c3102f20ae6729d4876bdf41b357e44b97b05')
rmdir('/tmp/nimble_20398/githubcom_planetycached/.git/objects/94')
rmdir('/tmp/nimble_20398/githubcom_planetycached/.git/objects/info')
unlink('/tmp/nimble_20398/githubcom_planetycached/.git/objects/0f/9f03aa45020f1bf48bc1f0911fd06d42c3d4d2')
rmdir('/tmp/nimble_20398/githubcom_planetycached/.git/objects/0f')
unlink('/tmp/nimble_20398/githubcom_planetycached/.git/objects/9b/a71d84bcb3da9f686925ea888f63fe986a73e2')
rmdir('/tmp/nimble_20398/githubcom_planetycached/.git/objects/9b')
unlink('/tmp/nimble_20398/githubcom_planetycached/.git/objects/a6/00078fd89345d594b40eff2f09fefdf309d3bc')
rmdir('/tmp/nimble_20398/githubcom_planetycached/.git/objects/a6')
unlink('/tmp/nimble_20398/githubcom_planetycached/.git/objects/80/490959c7875b0eb3847f0dddb3d43bced252d8')
rmdir('/tmp/nimble_20398/githubcom_planetycached/.git/objects/80')
unlink('/tmp/nimble_20398/githubcom_planetycached/.git/objects/ef/d796b8e2ae92cbf67af8d254fd1e0c5f25f22f')
rmdir('/tmp/nimble_20398/githubcom_planetycached/.git/objects/ef')
unlink('/tmp/nimble_20398/githubcom_planetycached/.git/objects/3e/5b6c6740be984119facfd03fe05e8b86ec0165')
rmdir('/tmp/nimble_20398/githubcom_planetycached/.git/objects/3e')
unlink('/tmp/nimble_20398/githubcom_planetycached/.git/objects/86/832d22e5cbd66d4922500fb04f4391475b852b')
rmdir('/tmp/nimble_20398/githubcom_planetycached/.git/objects/86')
unlink('/tmp/nimble_20398/githubcom_planetycached/.git/objects/db/27d5733b4fdff1d20a2fda475d16e9e14922ec')
rmdir('/tmp/nimble_20398/githubcom_planetycached/.git/objects/db')
unlink('/tmp/nimble_20398/githubcom_planetycached/.git/objects/3f/840e6c2b66d7cc70c2293b1583647022b33502')
rmdir('/tmp/nimble_20398/githubcom_planetycached/.git/objects/3f')
unlink('/tmp/nimble_20398/githubcom_planetycached/.git/objects/d4/fdf9f235387d4e244927a3cad132e99acb1ca4')
rmdir('/tmp/nimble_20398/githubcom_planetycached/.git/objects/d4')
rmdir('/tmp/nimble_20398/githubcom_planetycached/.git/objects/pack')
unlink('/tmp/nimble_20398/githubcom_planetycached/.git/objects/6e/ec1f46d2ad2c0ea2dc361ffeb87d05535729fe')
rmdir('/tmp/nimble_20398/githubcom_planetycached/.git/objects/6e')
rmdir('/tmp/nimble_20398/githubcom_planetycached/.git/objects')
unlink('/tmp/nimble_20398/githubcom_planetycached/.git/packed-refs')
unlink('/tmp/nimble_20398/githubcom_planetycached/.git/HEAD')
rmdir('/tmp/nimble_20398/githubcom_planetycached/.git')
unlink('/tmp/nimble_20398/githubcom_planetycached/cache.nimble')
unlink('/tmp/nimble_20398/githubcom_planetycached/tests/config.nims')
unlink('/tmp/nimble_20398/githubcom_planetycached/tests/test1.nim')
rmdir('/tmp/nimble_20398/githubcom_planetycached/tests')
unlink('/tmp/nimble_20398/githubcom_planetycached/cache/lockedcache.nim')
unlink('/tmp/nimble_20398/githubcom_planetycached/cache/cache.nim')
unlink('/tmp/nimble_20398/githubcom_planetycached/cache/common.nim')
rmdir('/tmp/nimble_20398/githubcom_planetycached/cache')
unlink('/tmp/nimble_20398/githubcom_planetycached/LICENSE')
rmdir('/tmp/nimble_20398/githubcom_planetycached')
rmdir('/tmp/nimble_20398')
  create directory /tmp
  create directory /tmp/nimble_20398
  create directory /tmp/nimble_20398/githubcom_planetycached
  delete /tmp/nimble_20398/githubcom_planetycached
  create directory /tmp/nimble_20398/githubcom_planetycached
  create directory /tmp/nimble_20398/githubcom_planetycached/.git
  create directory /tmp/nimble_20398/githubcom_planetycached/.git
  create directory /tmp/nimble_20398/githubcom_planetycached/.git/info
  create directory /tmp/nimble_20398/githubcom_planetycached/.git/branches
  create directory /tmp/nimble_20398/githubcom_planetycached/.git/hooks
  create directory /tmp/nimble_20398/githubcom_planetycached/.git/refs
  create directory /tmp/nimble_20398/githubcom_planetycached/.git/refs/heads
  create directory /tmp/nimble_20398/githubcom_planetycached/.git/refs/tags
  rename /tmp/nimble_20398/githubcom_planetycached/.git/HEAD.lock to HEAD
  rename /tmp/nimble_20398/githubcom_planetycached/.git/config.lock to config
  change permissions of /tmp/nimble_20398/githubcom_planetycached/.git/config to rwxr--r--
  change permissions of /tmp/nimble_20398/githubcom_planetycached/.git/config to rw-r--r--
  change permissions of /tmp/nimble_20398/githubcom_planetycached/.git/config.lock to rw-r--r--
  rename /tmp/nimble_20398/githubcom_planetycached/.git/config.lock to config
  change permissions of /tmp/nimble_20398/githubcom_planetycached/.git/config.lock to rw-r--r--
  rename /tmp/nimble_20398/githubcom_planetycached/.git/config.lock to config
  change permissions of /tmp/nimble_20398/githubcom_planetycached/.git/config.lock to rw-r--r--
  rename /tmp/nimble_20398/githubcom_planetycached/.git/config.lock to config
  delete /tmp/nimble_20398/githubcom_planetycached/.git/tDYNMTu
  create symbolic link from /tmp/nimble_20398/githubcom_planetycached/.git/tDYNMTu to /home/runner/work/nim_packages_security_audit/nim_packages_security_audit/testing
  delete /tmp/nimble_20398/githubcom_planetycached/.git/tDYNMTu
  create directory /tmp/nimble_20398/githubcom_planetycached/.git/objects
  create directory /tmp/nimble_20398/githubcom_planetycached/.git/objects/pack
  create directory /tmp/nimble_20398/githubcom_planetycached/.git/objects/info
  change permissions of /tmp/nimble_20398/githubcom_planetycached/.git/config.lock to rw-r--r--
  rename /tmp/nimble_20398/githubcom_planetycached/.git/config.lock to config
  change permissions of /tmp/nimble_20398/githubcom_planetycached/.git/config.lock to rw-r--r--
  rename /tmp/nimble_20398/githubcom_planetycached/.git/config.lock to config
  change permissions of /tmp/nimble_20398/githubcom_planetycached/.git/config.lock to rw-r--r--
  rename /tmp/nimble_20398/githubcom_planetycached/.git/config.lock to config
  create directory /tmp/nimble_20398/githubcom_planetycached/.git/objects/86
  create hard link from /tmp/nimble_20398/githubcom_planetycached/.git/objects/86/832d22e5cbd66d4922500fb04f4391475b852b to /tmp/nimble_20398/githubcom_planetycached/.git/objects/86/tmp_obj_14hyzf
  delete /tmp/nimble_20398/githubcom_planetycached/.git/objects/86/tmp_obj_14hyzf
  create directory /tmp/nimble_20398/githubcom_planetycached/.git/objects/3e
  create hard link from /tmp/nimble_20398/githubcom_planetycached/.git/objects/3e/5b6c6740be984119facfd03fe05e8b86ec0165 to /tmp/nimble_20398/githubcom_planetycached/.git/objects/3e/tmp_obj_j86zml
  delete /tmp/nimble_20398/githubcom_planetycached/.git/objects/3e/tmp_obj_j86zml
  create directory /tmp/nimble_20398/githubcom_planetycached/.git/objects/db
  create hard link from /tmp/nimble_20398/githubcom_planetycached/.git/objects/db/27d5733b4fdff1d20a2fda475d16e9e14922ec to /tmp/nimble_20398/githubcom_planetycached/.git/objects/db/tmp_obj_T6eNUp
  delete /tmp/nimble_20398/githubcom_planetycached/.git/objects/db/tmp_obj_T6eNUp
  create directory /tmp/nimble_20398/githubcom_planetycached/.git/objects/0f
  create hard link from /tmp/nimble_20398/githubcom_planetycached/.git/objects/0f/9f03aa45020f1bf48bc1f0911fd06d42c3d4d2 to /tmp/nimble_20398/githubcom_planetycached/.git/objects/0f/tmp_obj_Xi4O1q
  delete /tmp/nimble_20398/githubcom_planetycached/.git/objects/0f/tmp_obj_Xi4O1q
  create directory /tmp/nimble_20398/githubcom_planetycached/.git/objects/a6
  create hard link from /tmp/nimble_20398/githubcom_planetycached/.git/objects/a6/00078fd89345d594b40eff2f09fefdf309d3bc to /tmp/nimble_20398/githubcom_planetycached/.git/objects/a6/tmp_obj_Tc4DHv
  delete /tmp/nimble_20398/githubcom_planetycached/.git/objects/a6/tmp_obj_Tc4DHv
  create directory /tmp/nimble_20398/githubcom_planetycached/.git/objects/ef
  create hard link from /tmp/nimble_20398/githubcom_planetycached/.git/objects/ef/d796b8e2ae92cbf67af8d254fd1e0c5f25f22f to /tmp/nimble_20398/githubcom_planetycached/.git/objects/ef/tmp_obj_nu7EJy
  delete /tmp/nimble_20398/githubcom_planetycached/.git/objects/ef/tmp_obj_nu7EJy
  create directory /tmp/nimble_20398/githubcom_planetycached/.git/objects/94
  create hard link from /tmp/nimble_20398/githubcom_planetycached/.git/objects/94/6c3102f20ae6729d4876bdf41b357e44b97b05 to /tmp/nimble_20398/githubcom_planetycached/.git/objects/94/tmp_obj_BdbPsD
  delete /tmp/nimble_20398/githubcom_planetycached/.git/objects/94/tmp_obj_BdbPsD
  create directory /tmp/nimble_20398/githubcom_planetycached/.git/objects/6e
  create hard link from /tmp/nimble_20398/githubcom_planetycached/.git/objects/6e/ec1f46d2ad2c0ea2dc361ffeb87d05535729fe to /tmp/nimble_20398/githubcom_planetycached/.git/objects/6e/tmp_obj_PKiuNE
  delete /tmp/nimble_20398/githubcom_planetycached/.git/objects/6e/tmp_obj_PKiuNE
  create directory /tmp/nimble_20398/githubcom_planetycached/.git/objects/80
  create hard link from /tmp/nimble_20398/githubcom_planetycached/.git/objects/80/490959c7875b0eb3847f0dddb3d43bced252d8 to /tmp/nimble_20398/githubcom_planetycached/.git/objects/80/tmp_obj_bAXyKK
  delete /tmp/nimble_20398/githubcom_planetycached/.git/objects/80/tmp_obj_bAXyKK
  create directory /tmp/nimble_20398/githubcom_planetycached/.git/objects/9b
  create hard link from /tmp/nimble_20398/githubcom_planetycached/.git/objects/9b/a71d84bcb3da9f686925ea888f63fe986a73e2 to /tmp/nimble_20398/githubcom_planetycached/.git/objects/9b/tmp_obj_dLIenP
  delete /tmp/nimble_20398/githubcom_planetycached/.git/objects/9b/tmp_obj_dLIenP
  create directory /tmp/nimble_20398/githubcom_planetycached/.git/objects/3f
  create hard link from /tmp/nimble_20398/githubcom_planetycached/.git/objects/3f/840e6c2b66d7cc70c2293b1583647022b33502 to /tmp/nimble_20398/githubcom_planetycached/.git/objects/3f/tmp_obj_3t0K9Q
  delete /tmp/nimble_20398/githubcom_planetycached/.git/objects/3f/tmp_obj_3t0K9Q
  create directory /tmp/nimble_20398/githubcom_planetycached/.git/objects/d4
  create hard link from /tmp/nimble_20398/githubcom_planetycached/.git/objects/d4/fdf9f235387d4e244927a3cad132e99acb1ca4 to /tmp/nimble_20398/githubcom_planetycached/.git/objects/d4/tmp_obj_bSUcAV
  delete /tmp/nimble_20398/githubcom_planetycached/.git/objects/d4/tmp_obj_bSUcAV
  rename /tmp/nimble_20398/githubcom_planetycached/.git/shallow.lock to shallow
  rename /tmp/nimble_20398/githubcom_planetycached/.git/packed-refs.new to packed-refs
  delete /tmp/nimble_20398/githubcom_planetycached/.git/packed-refs.lock
  create directory /tmp/nimble_20398/githubcom_planetycached/.git/refs/remotes
  create directory /tmp/nimble_20398/githubcom_planetycached/.git/refs/remotes/origin
  create directory /tmp/nimble_20398/githubcom_planetycached/.git/logs
  create directory /tmp/nimble_20398/githubcom_planetycached/.git/logs/refs
  create directory /tmp/nimble_20398/githubcom_planetycached/.git/logs/refs/remotes
  create directory /tmp/nimble_20398/githubcom_planetycached/.git/logs/refs/remotes/origin
  rename /tmp/nimble_20398/githubcom_planetycached/.git/refs/remotes/origin/HEAD.lock to HEAD
  rename /tmp/nimble_20398/githubcom_planetycached/.git/HEAD.lock to HEAD
  create directory /tmp/nimble_20398/githubcom_planetycached/.git/logs/refs/heads
  rename /tmp/nimble_20398/githubcom_planetycached/.git/refs/heads/master.lock to master
  delete /tmp/nimble_20398/githubcom_planetycached/.git/HEAD.lock
  change permissions of /tmp/nimble_20398/githubcom_planetycached/.git/config.lock to rw-r--r--
  rename /tmp/nimble_20398/githubcom_planetycached/.git/config.lock to config
  change permissions of /tmp/nimble_20398/githubcom_planetycached/.git/config.lock to rw-r--r--
  rename /tmp/nimble_20398/githubcom_planetycached/.git/config.lock to config
  create directory /tmp/nimble_20398/githubcom_planetycached/cache
  create directory /tmp/nimble_20398/githubcom_planetycached/tests
  rename /tmp/nimble_20398/githubcom_planetycached/.git/index.lock to index
  create directory /tmp
  create directory /tmp/nimblecache
  create directory /tmp/nimblecache/cache_1760800166
  delete /tmp/nimblecache/cache_1760800166/cache.ini
  delete /tmp/nimble_20398.out
  delete /tmp/nimble_20398/githubcom_planetycached/cache_20398.nims
  create directory /home
  create directory /home/runner
  create directory /home/runner/.nimble
  create directory /home/runner/.nimble/pkgs
  create directory /home/runner/.nimble/pkgs/cache-0.1.2
  change permissions of /home/runner/.nimble/pkgs/cache-0.1.2/cache.nimble to rw-r--r--
  create directory /tmp
  create directory /tmp/nimblecache
  create directory /tmp/nimblecache/cache_802179122
  delete /tmp/nimblecache/cache_802179122/cache.ini
  delete /tmp/nimble_20398.out
  delete /home/runner/.nimble/pkgs/cache-0.1.2/cache_20398.nims
  delete /tmp/nimble_20398/githubcom_planetycached/README.md
  delete /tmp/nimble_20398/githubcom_planetycached/.git/refs/remotes/origin/HEAD
  delete /tmp/nimble_20398/githubcom_planetycached/.git/refs/remotes/origin
  delete /tmp/nimble_20398/githubcom_planetycached/.git/refs/remotes
  delete /tmp/nimble_20398/githubcom_planetycached/.git/refs/tags
  delete /tmp/nimble_20398/githubcom_planetycached/.git/refs/heads/master
  delete /tmp/nimble_20398/githubcom_planetycached/.git/refs/heads
  delete /tmp/nimble_20398/githubcom_planetycached/.git/refs
  delete /tmp/nimble_20398/githubcom_planetycached/.git/info/exclude
  delete /tmp/nimble_20398/githubcom_planetycached/.git/info
  delete /tmp/nimble_20398/githubcom_planetycached/.git/branches
  delete /tmp/nimble_20398/githubcom_planetycached/.git/logs/refs/remotes/origin/HEAD
  delete /tmp/nimble_20398/githubcom_planetycached/.git/logs/refs/remotes/origin
  delete /tmp/nimble_20398/githubcom_planetycached/.git/logs/refs/remotes
  delete /tmp/nimble_20398/githubcom_planetycached/.git/logs/refs/heads/master
  delete /tmp/nimble_20398/githubcom_planetycached/.git/logs/refs/heads
  delete /tmp/nimble_20398/githubcom_planetycached/.git/logs/refs
  delete /tmp/nimble_20398/githubcom_planetycached/.git/logs/HEAD
  delete /tmp/nimble_20398/githubcom_planetycached/.git/logs
  delete /tmp/nimble_20398/githubcom_planetycached/.git/description
  delete /tmp/nimble_20398/githubcom_planetycached/.git/hooks/pre-rebase.sample
  delete /tmp/nimble_20398/githubcom_planetycached/.git/hooks/applypatch-msg.sample
  delete /tmp/nimble_20398/githubcom_planetycached/.git/hooks/pre-push.sample
  delete /tmp/nimble_20398/githubcom_planetycached/.git/hooks/pre-merge-commit.sample
  delete /tmp/nimble_20398/githubcom_planetycached/.git/hooks/pre-receive.sample
  delete /tmp/nimble_20398/githubcom_planetycached/.git/hooks/update.sample
  delete /tmp/nimble_20398/githubcom_planetycached/.git/hooks/pre-commit.sample
  delete /tmp/nimble_20398/githubcom_planetycached/.git/hooks/pre-applypatch.sample
  delete /tmp/nimble_20398/githubcom_planetycached/.git/hooks/commit-msg.sample
  delete /tmp/nimble_20398/githubcom_planetycached/.git/hooks/fsmonitor-watchman.sample
  delete /tmp/nimble_20398/githubcom_planetycached/.git/hooks/prepare-commit-msg.sample
  delete /tmp/nimble_20398/githubcom_planetycached/.git/hooks/post-update.sample
  delete /tmp/nimble_20398/githubcom_planetycached/.git/hooks
  delete /tmp/nimble_20398/githubcom_planetycached/.git/shallow
  delete /tmp/nimble_20398/githubcom_planetycached/.git/config
  delete /tmp/nimble_20398/githubcom_planetycached/.git/index
  delete /tmp/nimble_20398/githubcom_planetycached/.git/objects/94/6c3102f20ae6729d4876bdf41b357e44b97b05
  delete /tmp/nimble_20398/githubcom_planetycached/.git/objects/94
  delete /tmp/nimble_20398/githubcom_planetycached/.git/objects/info
  delete /tmp/nimble_20398/githubcom_planetycached/.git/objects/0f/9f03aa45020f1bf48bc1f0911fd06d42c3d4d2
  delete /tmp/nimble_20398/githubcom_planetycached/.git/objects/0f
  delete /tmp/nimble_20398/githubcom_planetycached/.git/objects/9b/a71d84bcb3da9f686925ea888f63fe986a73e2
  delete /tmp/nimble_20398/githubcom_planetycached/.git/objects/9b
  delete /tmp/nimble_20398/githubcom_planetycached/.git/objects/a6/00078fd89345d594b40eff2f09fefdf309d3bc
  delete /tmp/nimble_20398/githubcom_planetycached/.git/objects/a6
  delete /tmp/nimble_20398/githubcom_planetycached/.git/objects/80/490959c7875b0eb3847f0dddb3d43bced252d8
  delete /tmp/nimble_20398/githubcom_planetycached/.git/objects/80
  delete /tmp/nimble_20398/githubcom_planetycached/.git/objects/ef/d796b8e2ae92cbf67af8d254fd1e0c5f25f22f
  delete /tmp/nimble_20398/githubcom_planetycached/.git/objects/ef
  delete /tmp/nimble_20398/githubcom_planetycached/.git/objects/3e/5b6c6740be984119facfd03fe05e8b86ec0165
  delete /tmp/nimble_20398/githubcom_planetycached/.git/objects/3e
  delete /tmp/nimble_20398/githubcom_planetycached/.git/objects/86/832d22e5cbd66d4922500fb04f4391475b852b
  delete /tmp/nimble_20398/githubcom_planetycached/.git/objects/86
  delete /tmp/nimble_20398/githubcom_planetycached/.git/objects/db/27d5733b4fdff1d20a2fda475d16e9e14922ec
  delete /tmp/nimble_20398/githubcom_planetycached/.git/objects/db
  delete /tmp/nimble_20398/githubcom_planetycached/.git/objects/3f/840e6c2b66d7cc70c2293b1583647022b33502
  delete /tmp/nimble_20398/githubcom_planetycached/.git/objects/3f
  delete /tmp/nimble_20398/githubcom_planetycached/.git/objects/d4/fdf9f235387d4e244927a3cad132e99acb1ca4
  delete /tmp/nimble_20398/githubcom_planetycached/.git/objects/d4
  delete /tmp/nimble_20398/githubcom_planetycached/.git/objects/pack
  delete /tmp/nimble_20398/githubcom_planetycached/.git/objects/6e/ec1f46d2ad2c0ea2dc361ffeb87d05535729fe
  delete /tmp/nimble_20398/githubcom_planetycached/.git/objects/6e
  delete /tmp/nimble_20398/githubcom_planetycached/.git/objects
  delete /tmp/nimble_20398/githubcom_planetycached/.git/packed-refs
  delete /tmp/nimble_20398/githubcom_planetycached/.git/HEAD
  delete /tmp/nimble_20398/githubcom_planetycached/.git
  delete /tmp/nimble_20398/githubcom_planetycached/cache.nimble
  delete /tmp/nimble_20398/githubcom_planetycached/tests/config.nims
  delete /tmp/nimble_20398/githubcom_planetycached/tests/test1.nim
  delete /tmp/nimble_20398/githubcom_planetycached/tests
  delete /tmp/nimble_20398/githubcom_planetycached/cache/lockedcache.nim
  delete /tmp/nimble_20398/githubcom_planetycached/cache/cache.nim
  delete /tmp/nimble_20398/githubcom_planetycached/cache/common.nim
  delete /tmp/nimble_20398/githubcom_planetycached/cache
  delete /tmp/nimble_20398/githubcom_planetycached/LICENSE
  delete /tmp/nimble_20398/githubcom_planetycached
  delete /tmp/nimble_20398
