    Reading official package list
Downloading https://github.com/citycide/cascade using git
    Cloning latest tagged version: v1.0.0
  Verifying dependencies for cascade@1.0.0
 Installing cascade@1.0.0
    Copying file /tmp/nimble_11587/githubcom_citycidecascade/cascade.nim to /home/runner/.nimble/pkgs/cascade-1.0.0/cascade.nim
    Copying file /tmp/nimble_11587/githubcom_citycidecascade/cascade.nimble to /home/runner/.nimble/pkgs/cascade-1.0.0/cascade.nimble
   Success: cascade installed successfully.
mkdir('/tmp', 0x00000000000001ff)
mkdir('/tmp/nimble_11587', 0x00000000000001ff)
mkdir('/tmp/nimble_11587/githubcom_citycidecascade', 0x00000000000001ff)
rmdir('/tmp/nimble_11587/githubcom_citycidecascade')
mkdir('/tmp/nimble_11587/githubcom_citycidecascade', 0x00000000000001ff)
mkdir('/tmp/nimble_11587/githubcom_citycidecascade/.git', 0x00000000000001ff)
mkdir('/tmp/nimble_11587/githubcom_citycidecascade/.git/', 0x00000000000001ff)
mkdir('/tmp/nimble_11587/githubcom_citycidecascade/.git/branches/', 0x00000000000001ff)
mkdir('/tmp/nimble_11587/githubcom_citycidecascade/.git/hooks/', 0x00000000000001ff)
mkdir('/tmp/nimble_11587/githubcom_citycidecascade/.git/info/', 0x00000000000001ff)
mkdir('/tmp/nimble_11587/githubcom_citycidecascade/.git/refs', 0x00000000000001ff)
mkdir('/tmp/nimble_11587/githubcom_citycidecascade/.git/refs/heads', 0x00000000000001ff)
mkdir('/tmp/nimble_11587/githubcom_citycidecascade/.git/refs/tags', 0x00000000000001ff)
rename('/tmp/nimble_11587/githubcom_citycidecascade/.git/HEAD.lock', '/tmp/nimble_11587/githubcom_citycidecascade/.git/HEAD')
rename('/tmp/nimble_11587/githubcom_citycidecascade/.git/config.lock', '/tmp/nimble_11587/githubcom_citycidecascade/.git/config')
chmod('/tmp/nimble_11587/githubcom_citycidecascade/.git/config', 0x00000000000081e4)
chmod('/tmp/nimble_11587/githubcom_citycidecascade/.git/config', 0x00000000000081a4)
chmod('/tmp/nimble_11587/githubcom_citycidecascade/.git/config.lock', 0x00000000000001a4)
rename('/tmp/nimble_11587/githubcom_citycidecascade/.git/config.lock', '/tmp/nimble_11587/githubcom_citycidecascade/.git/config')
chmod('/tmp/nimble_11587/githubcom_citycidecascade/.git/config.lock', 0x00000000000001a4)
rename('/tmp/nimble_11587/githubcom_citycidecascade/.git/config.lock', '/tmp/nimble_11587/githubcom_citycidecascade/.git/config')
chmod('/tmp/nimble_11587/githubcom_citycidecascade/.git/config.lock', 0x00000000000001a4)
rename('/tmp/nimble_11587/githubcom_citycidecascade/.git/config.lock', '/tmp/nimble_11587/githubcom_citycidecascade/.git/config')
unlink('/tmp/nimble_11587/githubcom_citycidecascade/.git/tgTPDub')
symlink('testing', '/tmp/nimble_11587/githubcom_citycidecascade/.git/tgTPDub')
unlink('/tmp/nimble_11587/githubcom_citycidecascade/.git/tgTPDub')
mkdir('/tmp/nimble_11587/githubcom_citycidecascade/.git/objects', 0x00000000000001ff)
mkdir('/tmp/nimble_11587/githubcom_citycidecascade/.git/objects/pack', 0x00000000000001ff)
mkdir('/tmp/nimble_11587/githubcom_citycidecascade/.git/objects/info', 0x00000000000001ff)
chmod('/tmp/nimble_11587/githubcom_citycidecascade/.git/config.lock', 0x00000000000001a4)
rename('/tmp/nimble_11587/githubcom_citycidecascade/.git/config.lock', '/tmp/nimble_11587/githubcom_citycidecascade/.git/config')
chmod('/tmp/nimble_11587/githubcom_citycidecascade/.git/config.lock', 0x00000000000001a4)
rename('/tmp/nimble_11587/githubcom_citycidecascade/.git/config.lock', '/tmp/nimble_11587/githubcom_citycidecascade/.git/config')
chmod('/tmp/nimble_11587/githubcom_citycidecascade/.git/config.lock', 0x00000000000001a4)
rename('/tmp/nimble_11587/githubcom_citycidecascade/.git/config.lock', '/tmp/nimble_11587/githubcom_citycidecascade/.git/config')
link('/tmp/nimble_11587/githubcom_citycidecascade/.git/objects/pack/tmp_pack_8N5OXn', '/tmp/nimble_11587/githubcom_citycidecascade/.git/objects/pack/pack-d076a60e5ec66ce8b6937f08fe32a530eed8a1d5.pack')
unlink('/tmp/nimble_11587/githubcom_citycidecascade/.git/objects/pack/tmp_pack_8N5OXn')
link('/tmp/nimble_11587/githubcom_citycidecascade/.git/objects/pack/tmp_idx_CFtJbz', '/tmp/nimble_11587/githubcom_citycidecascade/.git/objects/pack/pack-d076a60e5ec66ce8b6937f08fe32a530eed8a1d5.idx')
unlink('/tmp/nimble_11587/githubcom_citycidecascade/.git/objects/pack/tmp_idx_CFtJbz')
rename('/tmp/nimble_11587/githubcom_citycidecascade/.git/shallow.lock', '/tmp/nimble_11587/githubcom_citycidecascade/.git/shallow')
rename('/tmp/nimble_11587/githubcom_citycidecascade/.git/packed-refs.new', '/tmp/nimble_11587/githubcom_citycidecascade/.git/packed-refs')
unlink('/tmp/nimble_11587/githubcom_citycidecascade/.git/packed-refs.lock')
unlink('/tmp/nimble_11587/githubcom_citycidecascade/.git/refs/tags/v1.0.0.lock')
mkdir('/tmp/nimble_11587/githubcom_citycidecascade/.git/logs', 0x00000000000001ff)
rename('/tmp/nimble_11587/githubcom_citycidecascade/.git/HEAD.lock', '/tmp/nimble_11587/githubcom_citycidecascade/.git/HEAD')
unlink('/tmp/nimble_11587/githubcom_citycidecascade/.git/objects/pack/pack-d076a60e5ec66ce8b6937f08fe32a530eed8a1d5.keep')
mkdir('.github', 0x00000000000001ff)
mkdir('.github/scripts', 0x00000000000001ff)
mkdir('.github/workflows', 0x00000000000001ff)
mkdir('tests', 0x00000000000001ff)
rename('/tmp/nimble_11587/githubcom_citycidecascade/.git/index.lock', '/tmp/nimble_11587/githubcom_citycidecascade/.git/index')
mkdir('/tmp', 0x00000000000001ff)
mkdir('/tmp/nimblecache', 0x00000000000001ff)
mkdir('/tmp/nimblecache/cascade_4054851524', 0x00000000000001ff)
unlink('/tmp/nimblecache/cascade_4054851524/cascade.ini')
unlink('/tmp/nimble_11587.out')
unlink('/tmp/nimble_11587/githubcom_citycidecascade/cascade_11587.nims')
mkdir('/home', 0x00000000000001ff)
mkdir('/home/runner', 0x00000000000001ff)
mkdir('/home/runner/.nimble', 0x00000000000001ff)
mkdir('/home/runner/.nimble/pkgs', 0x00000000000001ff)
mkdir('/home/runner/.nimble/pkgs/cascade-1.0.0', 0x00000000000001ff)
mkdir('/home', 0x00000000000001ff)
mkdir('/home/runner', 0x00000000000001ff)
mkdir('/home/runner/.nimble', 0x00000000000001ff)
mkdir('/home/runner/.nimble/pkgs', 0x00000000000001ff)
mkdir('/home/runner/.nimble/pkgs/cascade-1.0.0', 0x00000000000001ff)
chmod('/home/runner/.nimble/pkgs/cascade-1.0.0/cascade.nim', 0x00000000000001a4)
chmod('/home/runner/.nimble/pkgs/cascade-1.0.0/cascade.nimble', 0x00000000000001a4)
mkdir('/tmp', 0x00000000000001ff)
mkdir('/tmp/nimblecache', 0x00000000000001ff)
mkdir('/tmp/nimblecache/cascade_2008416270', 0x00000000000001ff)
unlink('/tmp/nimblecache/cascade_2008416270/cascade.ini')
unlink('/tmp/nimble_11587.out')
unlink('/home/runner/.nimble/pkgs/cascade-1.0.0/cascade_11587.nims')
unlink('/tmp/nimble_11587/githubcom_citycidecascade/cascade.nimble')
unlink('/tmp/nimble_11587/githubcom_citycidecascade/.gitignore')
unlink('/tmp/nimble_11587/githubcom_citycidecascade/.github/scripts/install-nim.ps1')
rmdir('/tmp/nimble_11587/githubcom_citycidecascade/.github/scripts')
unlink('/tmp/nimble_11587/githubcom_citycidecascade/.github/workflows/test.yml')
rmdir('/tmp/nimble_11587/githubcom_citycidecascade/.github/workflows')
rmdir('/tmp/nimble_11587/githubcom_citycidecascade/.github')
unlink('/tmp/nimble_11587/githubcom_citycidecascade/.git/HEAD')
unlink('/tmp/nimble_11587/githubcom_citycidecascade/.git/config')
unlink('/tmp/nimble_11587/githubcom_citycidecascade/.git/logs/HEAD')
rmdir('/tmp/nimble_11587/githubcom_citycidecascade/.git/logs')
rmdir('/tmp/nimble_11587/githubcom_citycidecascade/.git/branches')
unlink('/tmp/nimble_11587/githubcom_citycidecascade/.git/packed-refs')
rmdir('/tmp/nimble_11587/githubcom_citycidecascade/.git/refs/heads')
rmdir('/tmp/nimble_11587/githubcom_citycidecascade/.git/refs/tags')
rmdir('/tmp/nimble_11587/githubcom_citycidecascade/.git/refs')
unlink('/tmp/nimble_11587/githubcom_citycidecascade/.git/hooks/fsmonitor-watchman.sample')
unlink('/tmp/nimble_11587/githubcom_citycidecascade/.git/hooks/pre-rebase.sample')
unlink('/tmp/nimble_11587/githubcom_citycidecascade/.git/hooks/pre-push.sample')
unlink('/tmp/nimble_11587/githubcom_citycidecascade/.git/hooks/pre-applypatch.sample')
unlink('/tmp/nimble_11587/githubcom_citycidecascade/.git/hooks/pre-receive.sample')
unlink('/tmp/nimble_11587/githubcom_citycidecascade/.git/hooks/commit-msg.sample')
unlink('/tmp/nimble_11587/githubcom_citycidecascade/.git/hooks/pre-merge-commit.sample')
unlink('/tmp/nimble_11587/githubcom_citycidecascade/.git/hooks/prepare-commit-msg.sample')
unlink('/tmp/nimble_11587/githubcom_citycidecascade/.git/hooks/pre-commit.sample')
unlink('/tmp/nimble_11587/githubcom_citycidecascade/.git/hooks/update.sample')
unlink('/tmp/nimble_11587/githubcom_citycidecascade/.git/hooks/applypatch-msg.sample')
unlink('/tmp/nimble_11587/githubcom_citycidecascade/.git/hooks/post-update.sample')
rmdir('/tmp/nimble_11587/githubcom_citycidecascade/.git/hooks')
unlink('/tmp/nimble_11587/githubcom_citycidecascade/.git/index')
unlink('/tmp/nimble_11587/githubcom_citycidecascade/.git/info/exclude')
rmdir('/tmp/nimble_11587/githubcom_citycidecascade/.git/info')
unlink('/tmp/nimble_11587/githubcom_citycidecascade/.git/shallow')
unlink('/tmp/nimble_11587/githubcom_citycidecascade/.git/description')
unlink('/tmp/nimble_11587/githubcom_citycidecascade/.git/objects/pack/pack-d076a60e5ec66ce8b6937f08fe32a530eed8a1d5.idx')
unlink('/tmp/nimble_11587/githubcom_citycidecascade/.git/objects/pack/pack-d076a60e5ec66ce8b6937f08fe32a530eed8a1d5.pack')
rmdir('/tmp/nimble_11587/githubcom_citycidecascade/.git/objects/pack')
rmdir('/tmp/nimble_11587/githubcom_citycidecascade/.git/objects/info')
rmdir('/tmp/nimble_11587/githubcom_citycidecascade/.git/objects')
rmdir('/tmp/nimble_11587/githubcom_citycidecascade/.git')
unlink('/tmp/nimble_11587/githubcom_citycidecascade/license')
unlink('/tmp/nimble_11587/githubcom_citycidecascade/cascade.nim')
unlink('/tmp/nimble_11587/githubcom_citycidecascade/readme.md')
unlink('/tmp/nimble_11587/githubcom_citycidecascade/tests/tests.nim.cfg')
unlink('/tmp/nimble_11587/githubcom_citycidecascade/tests/tests.nim')
rmdir('/tmp/nimble_11587/githubcom_citycidecascade/tests')
rmdir('/tmp/nimble_11587/githubcom_citycidecascade')
rmdir('/tmp/nimble_11587')
  create directory /tmp
  create directory /tmp/nimble_11587
  create directory /tmp/nimble_11587/githubcom_citycidecascade
  delete /tmp/nimble_11587/githubcom_citycidecascade
  create directory /tmp/nimble_11587/githubcom_citycidecascade
  create directory /tmp/nimble_11587/githubcom_citycidecascade/.git
  create directory /tmp/nimble_11587/githubcom_citycidecascade/.git
  create directory /tmp/nimble_11587/githubcom_citycidecascade/.git/branches
  create directory /tmp/nimble_11587/githubcom_citycidecascade/.git/hooks
  create directory /tmp/nimble_11587/githubcom_citycidecascade/.git/info
  create directory /tmp/nimble_11587/githubcom_citycidecascade/.git/refs
  create directory /tmp/nimble_11587/githubcom_citycidecascade/.git/refs/heads
  create directory /tmp/nimble_11587/githubcom_citycidecascade/.git/refs/tags
  rename /tmp/nimble_11587/githubcom_citycidecascade/.git/HEAD.lock to HEAD
  rename /tmp/nimble_11587/githubcom_citycidecascade/.git/config.lock to config
  change permissions of /tmp/nimble_11587/githubcom_citycidecascade/.git/config to rwxr--r--
  change permissions of /tmp/nimble_11587/githubcom_citycidecascade/.git/config to rw-r--r--
  change permissions of /tmp/nimble_11587/githubcom_citycidecascade/.git/config.lock to rw-r--r--
  rename /tmp/nimble_11587/githubcom_citycidecascade/.git/config.lock to config
  change permissions of /tmp/nimble_11587/githubcom_citycidecascade/.git/config.lock to rw-r--r--
  rename /tmp/nimble_11587/githubcom_citycidecascade/.git/config.lock to config
  change permissions of /tmp/nimble_11587/githubcom_citycidecascade/.git/config.lock to rw-r--r--
  rename /tmp/nimble_11587/githubcom_citycidecascade/.git/config.lock to config
  delete /tmp/nimble_11587/githubcom_citycidecascade/.git/tgTPDub
  create symbolic link from /tmp/nimble_11587/githubcom_citycidecascade/.git/tgTPDub to /home/runner/work/nim_packages_security_audit/nim_packages_security_audit/testing
  delete /tmp/nimble_11587/githubcom_citycidecascade/.git/tgTPDub
  create directory /tmp/nimble_11587/githubcom_citycidecascade/.git/objects
  create directory /tmp/nimble_11587/githubcom_citycidecascade/.git/objects/pack
  create directory /tmp/nimble_11587/githubcom_citycidecascade/.git/objects/info
  change permissions of /tmp/nimble_11587/githubcom_citycidecascade/.git/config.lock to rw-r--r--
  rename /tmp/nimble_11587/githubcom_citycidecascade/.git/config.lock to config
  change permissions of /tmp/nimble_11587/githubcom_citycidecascade/.git/config.lock to rw-r--r--
  rename /tmp/nimble_11587/githubcom_citycidecascade/.git/config.lock to config
  change permissions of /tmp/nimble_11587/githubcom_citycidecascade/.git/config.lock to rw-r--r--
  rename /tmp/nimble_11587/githubcom_citycidecascade/.git/config.lock to config
  create hard link from /tmp/nimble_11587/githubcom_citycidecascade/.git/objects/pack/pack-d076a60e5ec66ce8b6937f08fe32a530eed8a1d5.pack to /tmp/nimble_11587/githubcom_citycidecascade/.git/objects/pack/tmp_pack_8N5OXn
  delete /tmp/nimble_11587/githubcom_citycidecascade/.git/objects/pack/tmp_pack_8N5OXn
  create hard link from /tmp/nimble_11587/githubcom_citycidecascade/.git/objects/pack/pack-d076a60e5ec66ce8b6937f08fe32a530eed8a1d5.idx to /tmp/nimble_11587/githubcom_citycidecascade/.git/objects/pack/tmp_idx_CFtJbz
  delete /tmp/nimble_11587/githubcom_citycidecascade/.git/objects/pack/tmp_idx_CFtJbz
  rename /tmp/nimble_11587/githubcom_citycidecascade/.git/shallow.lock to shallow
  rename /tmp/nimble_11587/githubcom_citycidecascade/.git/packed-refs.new to packed-refs
  delete /tmp/nimble_11587/githubcom_citycidecascade/.git/packed-refs.lock
  delete /tmp/nimble_11587/githubcom_citycidecascade/.git/refs/tags/v1.0.0.lock
  create directory /tmp/nimble_11587/githubcom_citycidecascade/.git/logs
  rename /tmp/nimble_11587/githubcom_citycidecascade/.git/HEAD.lock to HEAD
  delete /tmp/nimble_11587/githubcom_citycidecascade/.git/objects/pack/pack-d076a60e5ec66ce8b6937f08fe32a530eed8a1d5.keep
  create directory /tmp/nimble_11587/githubcom_citycidecascade/.github
  create directory /tmp/nimble_11587/githubcom_citycidecascade/.github/scripts
  create directory /tmp/nimble_11587/githubcom_citycidecascade/.github/workflows
  create directory /tmp/nimble_11587/githubcom_citycidecascade/tests
  rename /tmp/nimble_11587/githubcom_citycidecascade/.git/index.lock to index
  create directory /tmp
  create directory /tmp/nimblecache
  create directory /tmp/nimblecache/cascade_4054851524
  delete /tmp/nimblecache/cascade_4054851524/cascade.ini
  delete /tmp/nimble_11587.out
  delete /tmp/nimble_11587/githubcom_citycidecascade/cascade_11587.nims
  create directory /home
  create directory /home/runner
  create directory /home/runner/.nimble
  create directory /home/runner/.nimble/pkgs
  create directory /home/runner/.nimble/pkgs/cascade-1.0.0
  create directory /home
  create directory /home/runner
  create directory /home/runner/.nimble
  create directory /home/runner/.nimble/pkgs
  create directory /home/runner/.nimble/pkgs/cascade-1.0.0
  change permissions of /home/runner/.nimble/pkgs/cascade-1.0.0/cascade.nim to rw-r--r--
  change permissions of /home/runner/.nimble/pkgs/cascade-1.0.0/cascade.nimble to rw-r--r--
  create directory /tmp
  create directory /tmp/nimblecache
  create directory /tmp/nimblecache/cascade_2008416270
  delete /tmp/nimblecache/cascade_2008416270/cascade.ini
  delete /tmp/nimble_11587.out
  delete /home/runner/.nimble/pkgs/cascade-1.0.0/cascade_11587.nims
  delete /tmp/nimble_11587/githubcom_citycidecascade/cascade.nimble
  delete /tmp/nimble_11587/githubcom_citycidecascade/.gitignore
  delete /tmp/nimble_11587/githubcom_citycidecascade/.github/scripts/install-nim.ps1
  delete /tmp/nimble_11587/githubcom_citycidecascade/.github/scripts
  delete /tmp/nimble_11587/githubcom_citycidecascade/.github/workflows/test.yml
  delete /tmp/nimble_11587/githubcom_citycidecascade/.github/workflows
  delete /tmp/nimble_11587/githubcom_citycidecascade/.github
  delete /tmp/nimble_11587/githubcom_citycidecascade/.git/HEAD
  delete /tmp/nimble_11587/githubcom_citycidecascade/.git/config
  delete /tmp/nimble_11587/githubcom_citycidecascade/.git/logs/HEAD
  delete /tmp/nimble_11587/githubcom_citycidecascade/.git/logs
  delete /tmp/nimble_11587/githubcom_citycidecascade/.git/branches
  delete /tmp/nimble_11587/githubcom_citycidecascade/.git/packed-refs
  delete /tmp/nimble_11587/githubcom_citycidecascade/.git/refs/heads
  delete /tmp/nimble_11587/githubcom_citycidecascade/.git/refs/tags
  delete /tmp/nimble_11587/githubcom_citycidecascade/.git/refs
  delete /tmp/nimble_11587/githubcom_citycidecascade/.git/hooks/fsmonitor-watchman.sample
  delete /tmp/nimble_11587/githubcom_citycidecascade/.git/hooks/pre-rebase.sample
  delete /tmp/nimble_11587/githubcom_citycidecascade/.git/hooks/pre-push.sample
  delete /tmp/nimble_11587/githubcom_citycidecascade/.git/hooks/pre-applypatch.sample
  delete /tmp/nimble_11587/githubcom_citycidecascade/.git/hooks/pre-receive.sample
  delete /tmp/nimble_11587/githubcom_citycidecascade/.git/hooks/commit-msg.sample
  delete /tmp/nimble_11587/githubcom_citycidecascade/.git/hooks/pre-merge-commit.sample
  delete /tmp/nimble_11587/githubcom_citycidecascade/.git/hooks/prepare-commit-msg.sample
  delete /tmp/nimble_11587/githubcom_citycidecascade/.git/hooks/pre-commit.sample
  delete /tmp/nimble_11587/githubcom_citycidecascade/.git/hooks/update.sample
  delete /tmp/nimble_11587/githubcom_citycidecascade/.git/hooks/applypatch-msg.sample
  delete /tmp/nimble_11587/githubcom_citycidecascade/.git/hooks/post-update.sample
  delete /tmp/nimble_11587/githubcom_citycidecascade/.git/hooks
  delete /tmp/nimble_11587/githubcom_citycidecascade/.git/index
  delete /tmp/nimble_11587/githubcom_citycidecascade/.git/info/exclude
  delete /tmp/nimble_11587/githubcom_citycidecascade/.git/info
  delete /tmp/nimble_11587/githubcom_citycidecascade/.git/shallow
  delete /tmp/nimble_11587/githubcom_citycidecascade/.git/description
  delete /tmp/nimble_11587/githubcom_citycidecascade/.git/objects/pack/pack-d076a60e5ec66ce8b6937f08fe32a530eed8a1d5.idx
  delete /tmp/nimble_11587/githubcom_citycidecascade/.git/objects/pack/pack-d076a60e5ec66ce8b6937f08fe32a530eed8a1d5.pack
  delete /tmp/nimble_11587/githubcom_citycidecascade/.git/objects/pack
  delete /tmp/nimble_11587/githubcom_citycidecascade/.git/objects/info
  delete /tmp/nimble_11587/githubcom_citycidecascade/.git/objects
  delete /tmp/nimble_11587/githubcom_citycidecascade/.git
  delete /tmp/nimble_11587/githubcom_citycidecascade/license
  delete /tmp/nimble_11587/githubcom_citycidecascade/cascade.nim
  delete /tmp/nimble_11587/githubcom_citycidecascade/readme.md
  delete /tmp/nimble_11587/githubcom_citycidecascade/tests/tests.nim.cfg
  delete /tmp/nimble_11587/githubcom_citycidecascade/tests/tests.nim
  delete /tmp/nimble_11587/githubcom_citycidecascade/tests
  delete /tmp/nimble_11587/githubcom_citycidecascade
  delete /tmp/nimble_11587
