    Reading official package list
Downloading https://github.com/yglukhov/cassandra using git
mkdir('/tmp', 0x00000000000001ff)
mkdir('/tmp/nimble_11204', 0x00000000000001ff)
mkdir('/tmp/nimble_11204/githubcom_yglukhovcassandra', 0x00000000000001ff)
rmdir('/tmp/nimble_11204/githubcom_yglukhovcassandra')
mkdir('/tmp/nimble_11204/githubcom_yglukhovcassandra', 0x00000000000001ff)
mkdir('/tmp/nimble_11204/githubcom_yglukhovcassandra/.git', 0x00000000000001ff)
mkdir('/tmp/nimble_11204/githubcom_yglukhovcassandra/.git/', 0x00000000000001ff)
mkdir('/tmp/nimble_11204/githubcom_yglukhovcassandra/.git/info/', 0x00000000000001ff)
mkdir('/tmp/nimble_11204/githubcom_yglukhovcassandra/.git/branches/', 0x00000000000001ff)
mkdir('/tmp/nimble_11204/githubcom_yglukhovcassandra/.git/hooks/', 0x00000000000001ff)
mkdir('/tmp/nimble_11204/githubcom_yglukhovcassandra/.git/refs', 0x00000000000001ff)
mkdir('/tmp/nimble_11204/githubcom_yglukhovcassandra/.git/refs/heads', 0x00000000000001ff)
mkdir('/tmp/nimble_11204/githubcom_yglukhovcassandra/.git/refs/tags', 0x00000000000001ff)
rename('/tmp/nimble_11204/githubcom_yglukhovcassandra/.git/HEAD.lock', '/tmp/nimble_11204/githubcom_yglukhovcassandra/.git/HEAD')
rename('/tmp/nimble_11204/githubcom_yglukhovcassandra/.git/config.lock', '/tmp/nimble_11204/githubcom_yglukhovcassandra/.git/config')
chmod('/tmp/nimble_11204/githubcom_yglukhovcassandra/.git/config', 0x00000000000081e4)
chmod('/tmp/nimble_11204/githubcom_yglukhovcassandra/.git/config', 0x00000000000081a4)
chmod('/tmp/nimble_11204/githubcom_yglukhovcassandra/.git/config.lock', 0x00000000000001a4)
rename('/tmp/nimble_11204/githubcom_yglukhovcassandra/.git/config.lock', '/tmp/nimble_11204/githubcom_yglukhovcassandra/.git/config')
chmod('/tmp/nimble_11204/githubcom_yglukhovcassandra/.git/config.lock', 0x00000000000001a4)
rename('/tmp/nimble_11204/githubcom_yglukhovcassandra/.git/config.lock', '/tmp/nimble_11204/githubcom_yglukhovcassandra/.git/config')
chmod('/tmp/nimble_11204/githubcom_yglukhovcassandra/.git/config.lock', 0x00000000000001a4)
rename('/tmp/nimble_11204/githubcom_yglukhovcassandra/.git/config.lock', '/tmp/nimble_11204/githubcom_yglukhovcassandra/.git/config')
unlink('/tmp/nimble_11204/githubcom_yglukhovcassandra/.git/tp5wnad')
symlink('testing', '/tmp/nimble_11204/githubcom_yglukhovcassandra/.git/tp5wnad')
unlink('/tmp/nimble_11204/githubcom_yglukhovcassandra/.git/tp5wnad')
mkdir('/tmp/nimble_11204/githubcom_yglukhovcassandra/.git/objects', 0x00000000000001ff)
mkdir('/tmp/nimble_11204/githubcom_yglukhovcassandra/.git/objects/pack', 0x00000000000001ff)
mkdir('/tmp/nimble_11204/githubcom_yglukhovcassandra/.git/objects/info', 0x00000000000001ff)
chmod('/tmp/nimble_11204/githubcom_yglukhovcassandra/.git/config.lock', 0x00000000000001a4)
rename('/tmp/nimble_11204/githubcom_yglukhovcassandra/.git/config.lock', '/tmp/nimble_11204/githubcom_yglukhovcassandra/.git/config')
chmod('/tmp/nimble_11204/githubcom_yglukhovcassandra/.git/config.lock', 0x00000000000001a4)
rename('/tmp/nimble_11204/githubcom_yglukhovcassandra/.git/config.lock', '/tmp/nimble_11204/githubcom_yglukhovcassandra/.git/config')
chmod('/tmp/nimble_11204/githubcom_yglukhovcassandra/.git/config.lock', 0x00000000000001a4)
rename('/tmp/nimble_11204/githubcom_yglukhovcassandra/.git/config.lock', '/tmp/nimble_11204/githubcom_yglukhovcassandra/.git/config')
mkdir('/tmp/nimble_11204/githubcom_yglukhovcassandra/.git/objects/81', 0x00000000000001ff)
link('/tmp/nimble_11204/githubcom_yglukhovcassandra/.git/objects/81/tmp_obj_DLFXvx', '/tmp/nimble_11204/githubcom_yglukhovcassandra/.git/objects/81/0771007ecba6a090a10ac914fc6418bb087b93')
unlink('/tmp/nimble_11204/githubcom_yglukhovcassandra/.git/objects/81/tmp_obj_DLFXvx')
mkdir('/tmp/nimble_11204/githubcom_yglukhovcassandra/.git/objects/dc', 0x00000000000001ff)
link('/tmp/nimble_11204/githubcom_yglukhovcassandra/.git/objects/dc/tmp_obj_nJeqCB', '/tmp/nimble_11204/githubcom_yglukhovcassandra/.git/objects/dc/0d2c6b768bf225cbf0725685863628597585b8')
unlink('/tmp/nimble_11204/githubcom_yglukhovcassandra/.git/objects/dc/tmp_obj_nJeqCB')
mkdir('/tmp/nimble_11204/githubcom_yglukhovcassandra/.git/objects/67', 0x00000000000001ff)
link('/tmp/nimble_11204/githubcom_yglukhovcassandra/.git/objects/67/tmp_obj_LHNxbD', '/tmp/nimble_11204/githubcom_yglukhovcassandra/.git/objects/67/d9b34c6cecad82ad17197ffa5db4860caf9037')
unlink('/tmp/nimble_11204/githubcom_yglukhovcassandra/.git/objects/67/tmp_obj_LHNxbD')
mkdir('/tmp/nimble_11204/githubcom_yglukhovcassandra/.git/objects/27', 0x00000000000001ff)
link('/tmp/nimble_11204/githubcom_yglukhovcassandra/.git/objects/27/tmp_obj_XlTPNI', '/tmp/nimble_11204/githubcom_yglukhovcassandra/.git/objects/27/636a36bc46841955a6b530191b6025137fa8ed')
unlink('/tmp/nimble_11204/githubcom_yglukhovcassandra/.git/objects/27/tmp_obj_XlTPNI')
mkdir('/tmp/nimble_11204/githubcom_yglukhovcassandra/.git/objects/97', 0x00000000000001ff)
link('/tmp/nimble_11204/githubcom_yglukhovcassandra/.git/objects/97/tmp_obj_fFAheK', '/tmp/nimble_11204/githubcom_yglukhovcassandra/.git/objects/97/55e19d0c315d3b98cbc94dfb3c6bd3786f7ad8')
unlink('/tmp/nimble_11204/githubcom_yglukhovcassandra/.git/objects/97/tmp_obj_fFAheK')
mkdir('/tmp/nimble_11204/githubcom_yglukhovcassandra/.git/objects/04', 0x00000000000001ff)
link('/tmp/nimble_11204/githubcom_yglukhovcassandra/.git/objects/04/tmp_obj_Hb6cMP', '/tmp/nimble_11204/githubcom_yglukhovcassandra/.git/objects/04/6602e140dd964627f2bf3b1df5a6294d5f019d')
unlink('/tmp/nimble_11204/githubcom_yglukhovcassandra/.git/objects/04/tmp_obj_Hb6cMP')
mkdir('/tmp/nimble_11204/githubcom_yglukhovcassandra/.git/objects/32', 0x00000000000001ff)
link('/tmp/nimble_11204/githubcom_yglukhovcassandra/.git/objects/32/tmp_obj_TNYY0T', '/tmp/nimble_11204/githubcom_yglukhovcassandra/.git/objects/32/5459435ab67bbea2f8f27f7d8ce8a44210d8ca')
unlink('/tmp/nimble_11204/githubcom_yglukhovcassandra/.git/objects/32/tmp_obj_TNYY0T')
mkdir('/tmp/nimble_11204/githubcom_yglukhovcassandra/.git/objects/1a', 0x00000000000001ff)
link('/tmp/nimble_11204/githubcom_yglukhovcassandra/.git/objects/1a/tmp_obj_bJbhdW', '/tmp/nimble_11204/githubcom_yglukhovcassandra/.git/objects/1a/0925f1a7d1b9afbf0cf953541b7b8d7320bb0d')
unlink('/tmp/nimble_11204/githubcom_yglukhovcassandra/.git/objects/1a/tmp_obj_bJbhdW')
mkdir('/tmp/nimble_11204/githubcom_yglukhovcassandra/.git/objects/d2', 0x00000000000001ff)
link('/tmp/nimble_11204/githubcom_yglukhovcassandra/.git/objects/d2/tmp_obj_X1UL41', '/tmp/nimble_11204/githubcom_yglukhovcassandra/.git/objects/d2/ae3ff001985264692868fca01261d496705b63')
unlink('/tmp/nimble_11204/githubcom_yglukhovcassandra/.git/objects/d2/tmp_obj_X1UL41')
mkdir('/tmp/nimble_11204/githubcom_yglukhovcassandra/.git/objects/8b', 0x00000000000001ff)
link('/tmp/nimble_11204/githubcom_yglukhovcassandra/.git/objects/8b/tmp_obj_Nuet82', '/tmp/nimble_11204/githubcom_yglukhovcassandra/.git/objects/8b/0fbb3ca52463d2e7ccc6c8e405f9698a84bf95')
unlink('/tmp/nimble_11204/githubcom_yglukhovcassandra/.git/objects/8b/tmp_obj_Nuet82')
mkdir('/tmp/nimble_11204/githubcom_yglukhovcassandra/.git/objects/f2', 0x00000000000001ff)
link('/tmp/nimble_11204/githubcom_yglukhovcassandra/.git/objects/f2/tmp_obj_PBDsO9', '/tmp/nimble_11204/githubcom_yglukhovcassandra/.git/objects/f2/05c3141ac1f057055065c3ce6a8de60be511eb')
unlink('/tmp/nimble_11204/githubcom_yglukhovcassandra/.git/objects/f2/tmp_obj_PBDsO9')
mkdir('/tmp/nimble_11204/githubcom_yglukhovcassandra/.git/objects/c8', 0x00000000000001ff)
link('/tmp/nimble_11204/githubcom_yglukhovcassandra/.git/objects/c8/tmp_obj_Jyr0Wd', '/tmp/nimble_11204/githubcom_yglukhovcassandra/.git/objects/c8/c0f392853e46218e47e0518dda16cebde882a2')
unlink('/tmp/nimble_11204/githubcom_yglukhovcassandra/.git/objects/c8/tmp_obj_Jyr0Wd')
mkdir('/tmp/nimble_11204/githubcom_yglukhovcassandra/.git/objects/50', 0x00000000000001ff)
link('/tmp/nimble_11204/githubcom_yglukhovcassandra/.git/objects/50/tmp_obj_JCdsBh', '/tmp/nimble_11204/githubcom_yglukhovcassandra/.git/objects/50/15177bbe1c1c4fee30b560932ebaa93df82b10')
unlink('/tmp/nimble_11204/githubcom_yglukhovcassandra/.git/objects/50/tmp_obj_JCdsBh')
mkdir('/tmp/nimble_11204/githubcom_yglukhovcassandra/.git/objects/f5', 0x00000000000001ff)
link('/tmp/nimble_11204/githubcom_yglukhovcassandra/.git/objects/f5/tmp_obj_fVSwFj', '/tmp/nimble_11204/githubcom_yglukhovcassandra/.git/objects/f5/3ebe2b9584d72b21a0f479bc9f93cbb133903f')       Info /tmp/nimble_11204/githubcom_yglukhovcassandra/cassandra_11204.nims(5, 22) Warning: imported and not used: 'strutils' [UnusedImport]
  Verifying dependencies for cassandra@0.1.0
 Installing cassandra@0.1.0
    Copying file /tmp/nimble_11204/githubcom_yglukhovcassandra/cassandra.nim to /home/runner/.nimble/pkgs/cassandra-0.1.0/cassandra.nim
    Copying file /tmp/nimble_11204/githubcom_yglukhovcassandra/cassandra/linker_options.nim to /home/runner/.nimble/pkgs/cassandra-0.1.0/cassandra/linker_options.nim
    Copying file /tmp/nimble_11204/githubcom_yglukhovcassandra/cassandra/asyncwrapper.nim to /home/runner/.nimble/pkgs/cassandra-0.1.0/cassandra/asyncwrapper.nim
    Copying file /tmp/nimble_11204/githubcom_yglukhovcassandra/cassandra/bindings.nim to /home/runner/.nimble/pkgs/cassandra-0.1.0/cassandra/bindings.nim
    Copying file /tmp/nimble_11204/githubcom_yglukhovcassandra/cassandra.nimble to /home/runner/.nimble/pkgs/cassandra-0.1.0/cassandra.nimble
   Success: cassandra installed successfully.
       Info /home/runner/.nimble/pkgs/cassandra-0.1.0/cassandra_11204.nims(5, 22) Warning: imported and not used: 'strutils' [UnusedImport]

unlink('/tmp/nimble_11204/githubcom_yglukhovcassandra/.git/objects/f5/tmp_obj_fVSwFj')
mkdir('/tmp/nimble_11204/githubcom_yglukhovcassandra/.git/objects/e2', 0x00000000000001ff)
link('/tmp/nimble_11204/githubcom_yglukhovcassandra/.git/objects/e2/tmp_obj_E8uoFa', '/tmp/nimble_11204/githubcom_yglukhovcassandra/.git/objects/e2/d440b21272a56cc10269d7b31796e2a02ec468')
unlink('/tmp/nimble_11204/githubcom_yglukhovcassandra/.git/objects/e2/tmp_obj_E8uoFa')
mkdir('/tmp/nimble_11204/githubcom_yglukhovcassandra/.git/objects/ef', 0x00000000000001ff)
link('/tmp/nimble_11204/githubcom_yglukhovcassandra/.git/objects/ef/tmp_obj_gkLEcg', '/tmp/nimble_11204/githubcom_yglukhovcassandra/.git/objects/ef/2d5e124ace1b1f65fa3657948affefdb8200e2')
unlink('/tmp/nimble_11204/githubcom_yglukhovcassandra/.git/objects/ef/tmp_obj_gkLEcg')
mkdir('/tmp/nimble_11204/githubcom_yglukhovcassandra/.git/objects/e0', 0x00000000000001ff)
link('/tmp/nimble_11204/githubcom_yglukhovcassandra/.git/objects/e0/tmp_obj_eBaP1j', '/tmp/nimble_11204/githubcom_yglukhovcassandra/.git/objects/e0/743c3313ca45bf0c6f1485e6887c82b2640060')
unlink('/tmp/nimble_11204/githubcom_yglukhovcassandra/.git/objects/e0/tmp_obj_eBaP1j')
mkdir('/tmp/nimble_11204/githubcom_yglukhovcassandra/.git/objects/b6', 0x00000000000001ff)
link('/tmp/nimble_11204/githubcom_yglukhovcassandra/.git/objects/b6/tmp_obj_SnDEcm', '/tmp/nimble_11204/githubcom_yglukhovcassandra/.git/objects/b6/03649bda36fbb1c05ad154d60c328a9de97e6f')
unlink('/tmp/nimble_11204/githubcom_yglukhovcassandra/.git/objects/b6/tmp_obj_SnDEcm')
mkdir('/tmp/nimble_11204/githubcom_yglukhovcassandra/.git/objects/17', 0x00000000000001ff)
link('/tmp/nimble_11204/githubcom_yglukhovcassandra/.git/objects/17/tmp_obj_gQV95r', '/tmp/nimble_11204/githubcom_yglukhovcassandra/.git/objects/17/bdd0175d6d64df561c382c1f971eb73a18344d')
unlink('/tmp/nimble_11204/githubcom_yglukhovcassandra/.git/objects/17/tmp_obj_gQV95r')
mkdir('/tmp/nimble_11204/githubcom_yglukhovcassandra/.git/objects/23', 0x00000000000001ff)
link('/tmp/nimble_11204/githubcom_yglukhovcassandra/.git/objects/23/tmp_obj_Gnesfv', '/tmp/nimble_11204/githubcom_yglukhovcassandra/.git/objects/23/74256261bb9ae7daaa1c1b41a10c9c30919f1b')
unlink('/tmp/nimble_11204/githubcom_yglukhovcassandra/.git/objects/23/tmp_obj_Gnesfv')
rename('/tmp/nimble_11204/githubcom_yglukhovcassandra/.git/shallow.lock', '/tmp/nimble_11204/githubcom_yglukhovcassandra/.git/shallow')
rename('/tmp/nimble_11204/githubcom_yglukhovcassandra/.git/packed-refs.new', '/tmp/nimble_11204/githubcom_yglukhovcassandra/.git/packed-refs')
unlink('/tmp/nimble_11204/githubcom_yglukhovcassandra/.git/packed-refs.lock')
mkdir('/tmp/nimble_11204/githubcom_yglukhovcassandra/.git/refs/remotes', 0x00000000000001ff)
mkdir('/tmp/nimble_11204/githubcom_yglukhovcassandra/.git/refs/remotes/origin', 0x00000000000001ff)
mkdir('/tmp/nimble_11204/githubcom_yglukhovcassandra/.git/logs', 0x00000000000001ff)
mkdir('/tmp/nimble_11204/githubcom_yglukhovcassandra/.git/logs/refs', 0x00000000000001ff)
mkdir('/tmp/nimble_11204/githubcom_yglukhovcassandra/.git/logs/refs/remotes', 0x00000000000001ff)
mkdir('/tmp/nimble_11204/githubcom_yglukhovcassandra/.git/logs/refs/remotes/origin', 0x00000000000001ff)
rename('/tmp/nimble_11204/githubcom_yglukhovcassandra/.git/refs/remotes/origin/HEAD.lock', '/tmp/nimble_11204/githubcom_yglukhovcassandra/.git/refs/remotes/origin/HEAD')
rename('/tmp/nimble_11204/githubcom_yglukhovcassandra/.git/HEAD.lock', '/tmp/nimble_11204/githubcom_yglukhovcassandra/.git/HEAD')
mkdir('/tmp/nimble_11204/githubcom_yglukhovcassandra/.git/logs/refs/heads', 0x00000000000001ff)
rename('/tmp/nimble_11204/githubcom_yglukhovcassandra/.git/refs/heads/master.lock', '/tmp/nimble_11204/githubcom_yglukhovcassandra/.git/refs/heads/master')
unlink('/tmp/nimble_11204/githubcom_yglukhovcassandra/.git/HEAD.lock')
chmod('/tmp/nimble_11204/githubcom_yglukhovcassandra/.git/config.lock', 0x00000000000001a4)
rename('/tmp/nimble_11204/githubcom_yglukhovcassandra/.git/config.lock', '/tmp/nimble_11204/githubcom_yglukhovcassandra/.git/config')
chmod('/tmp/nimble_11204/githubcom_yglukhovcassandra/.git/config.lock', 0x00000000000001a4)
rename('/tmp/nimble_11204/githubcom_yglukhovcassandra/.git/config.lock', '/tmp/nimble_11204/githubcom_yglukhovcassandra/.git/config')
mkdir('cassandra', 0x00000000000001ff)
mkdir('genbindings', 0x00000000000001ff)
mkdir('tests', 0x00000000000001ff)
rename('/tmp/nimble_11204/githubcom_yglukhovcassandra/.git/index.lock', '/tmp/nimble_11204/githubcom_yglukhovcassandra/.git/index')
mkdir('/tmp', 0x00000000000001ff)
mkdir('/tmp/nimblecache', 0x00000000000001ff)
mkdir('/tmp/nimblecache/cassandra_2788646804', 0x00000000000001ff)
unlink('/tmp/nimblecache/cassandra_2788646804/cassandra.ini')
unlink('/tmp/nimble_11204.out')
unlink('/tmp/nimble_11204/githubcom_yglukhovcassandra/cassandra_11204.nims')
mkdir('/home', 0x00000000000001ff)
mkdir('/home/runner', 0x00000000000001ff)
mkdir('/home/runner/.nimble', 0x00000000000001ff)
mkdir('/home/runner/.nimble/pkgs', 0x00000000000001ff)
mkdir('/home/runner/.nimble/pkgs/cassandra-0.1.0', 0x00000000000001ff)
mkdir('/home', 0x00000000000001ff)
mkdir('/home/runner', 0x00000000000001ff)
mkdir('/home/runner/.nimble', 0x00000000000001ff)
mkdir('/home/runner/.nimble/pkgs', 0x00000000000001ff)
mkdir('/home/runner/.nimble/pkgs/cassandra-0.1.0', 0x00000000000001ff)
chmod('/home/runner/.nimble/pkgs/cassandra-0.1.0/cassandra.nim', 0x00000000000001a4)
mkdir('/home', 0x00000000000001ff)
mkdir('/home/runner', 0x00000000000001ff)
mkdir('/home/runner/.nimble', 0x00000000000001ff)
mkdir('/home/runner/.nimble/pkgs', 0x00000000000001ff)
mkdir('/home/runner/.nimble/pkgs/cassandra-0.1.0', 0x00000000000001ff)
mkdir('/home/runner/.nimble/pkgs/cassandra-0.1.0/cassandra', 0x00000000000001ff)
chmod('/home/runner/.nimble/pkgs/cassandra-0.1.0/cassandra/linker_options.nim', 0x00000000000001a4)
mkdir('/home', 0x00000000000001ff)
mkdir('/home/runner', 0x00000000000001ff)
mkdir('/home/runner/.nimble', 0x00000000000001ff)
mkdir('/home/runner/.nimble/pkgs', 0x00000000000001ff)
mkdir('/home/runner/.nimble/pkgs/cassandra-0.1.0', 0x00000000000001ff)
mkdir('/home/runner/.nimble/pkgs/cassandra-0.1.0/cassandra', 0x00000000000001ff)
chmod('/home/runner/.nimble/pkgs/cassandra-0.1.0/cassandra/asyncwrapper.nim', 0x00000000000001a4)
mkdir('/home', 0x00000000000001ff)
mkdir('/home/runner', 0x00000000000001ff)
mkdir('/home/runner/.nimble', 0x00000000000001ff)
mkdir('/home/runner/.nimble/pkgs', 0x00000000000001ff)
mkdir('/home/runner/.nimble/pkgs/cassandra-0.1.0', 0x00000000000001ff)
mkdir('/home/runner/.nimble/pkgs/cassandra-0.1.0/cassandra', 0x00000000000001ff)
chmod('/home/runner/.nimble/pkgs/cassandra-0.1.0/cassandra/bindings.nim', 0x00000000000001a4)
chmod('/home/runner/.nimble/pkgs/cassandra-0.1.0/cassandra.nimble', 0x00000000000001a4)
mkdir('/tmp', 0x00000000000001ff)
mkdir('/tmp/nimblecache', 0x00000000000001ff)
mkdir('/tmp/nimblecache/cassandra_1033718580', 0x00000000000001ff)
unlink('/tmp/nimblecache/cassandra_1033718580/cassandra.ini')
unlink('/tmp/nimble_11204.out')
unlink('/home/runner/.nimble/pkgs/cassandra-0.1.0/cassandra_11204.nims')
unlink('/tmp/nimble_11204/githubcom_yglukhovcassandra/cassandra/linker_options.nim')
unlink('/tmp/nimble_11204/githubcom_yglukhovcassandra/cassandra/asyncwrapper.nim')
unlink('/tmp/nimble_11204/githubcom_yglukhovcassandra/cassandra/bindings.nim')
rmdir('/tmp/nimble_11204/githubcom_yglukhovcassandra/cassandra')
unlink('/tmp/nimble_11204/githubcom_yglukhovcassandra/genbindings/bindings.cfg')
unlink('/tmp/nimble_11204/githubcom_yglukhovcassandra/genbindings/genbindings.sh')
unlink('/tmp/nimble_11204/githubcom_yglukhovcassandra/genbindings/cassandra.h')
rmdir('/tmp/nimble_11204/githubcom_yglukhovcassandra/genbindings')
unlink('/tmp/nimble_11204/githubcom_yglukhovcassandra/README.md')
unlink('/tmp/nimble_11204/githubcom_yglukhovcassandra/cassandra.nimble')
unlink('/tmp/nimble_11204/githubcom_yglukhovcassandra/.git/refs/remotes/origin/HEAD')
rmdir('/tmp/nimble_11204/githubcom_yglukhovcassandra/.git/refs/remotes/origin')
rmdir('/tmp/nimble_11204/githubcom_yglukhovcassandra/.git/refs/remotes')
rmdir('/tmp/nimble_11204/githubcom_yglukhovcassandra/.git/refs/tags')
unlink('/tmp/nimble_11204/githubcom_yglukhovcassandra/.git/refs/heads/master')
rmdir('/tmp/nimble_11204/githubcom_yglukhovcassandra/.git/refs/heads')
rmdir('/tmp/nimble_11204/githubcom_yglukhovcassandra/.git/refs')
unlink('/tmp/nimble_11204/githubcom_yglukhovcassandra/.git/info/exclude')
rmdir('/tmp/nimble_11204/githubcom_yglukhovcassandra/.git/info')
rmdir('/tmp/nimble_11204/githubcom_yglukhovcassandra/.git/branches')
unlink('/tmp/nimble_11204/githubcom_yglukhovcassandra/.git/logs/refs/remotes/origin/HEAD')
rmdir('/tmp/nimble_11204/githubcom_yglukhovcassandra/.git/logs/refs/remotes/origin')
rmdir('/tmp/nimble_11204/githubcom_yglukhovcassandra/.git/logs/refs/remotes')
unlink('/tmp/nimble_11204/githubcom_yglukhovcassandra/.git/logs/refs/heads/master')
rmdir('/tmp/nimble_11204/githubcom_yglukhovcassandra/.git/logs/refs/heads')
rmdir('/tmp/nimble_11204/githubcom_yglukhovcassandra/.git/logs/refs')
unlink('/tmp/nimble_11204/githubcom_yglukhovcassandra/.git/logs/HEAD')
rmdir('/tmp/nimble_11204/githubcom_yglukhovcassandra/.git/logs')
unlink('/tmp/nimble_11204/githubcom_yglukhovcassandra/.git/description')
unlink('/tmp/nimble_11204/githubcom_yglukhovcassandra/.git/hooks/pre-rebase.sample')
unlink('/tmp/nimble_11204/githubcom_yglukhovcassandra/.git/hooks/applypatch-msg.sample')
unlink('/tmp/nimble_11204/githubcom_yglukhovcassandra/.git/hooks/pre-push.sample')
unlink('/tmp/nimble_11204/githubcom_yglukhovcassandra/.git/hooks/pre-merge-commit.sample')
unlink('/tmp/nimble_11204/githubcom_yglukhovcassandra/.git/hooks/pre-receive.sample')
unlink('/tmp/nimble_11204/githubcom_yglukhovcassandra/.git/hooks/update.sample')
unlink('/tmp/nimble_11204/githubcom_yglukhovcassandra/.git/hooks/pre-commit.sample')
unlink('/tmp/nimble_11204/githubcom_yglukhovcassandra/.git/hooks/pre-applypatch.sample')
unlink('/tmp/nimble_11204/githubcom_yglukhovcassandra/.git/hooks/commit-msg.sample')
unlink('/tmp/nimble_11204/githubcom_yglukhovcassandra/.git/hooks/fsmonitor-watchman.sample')
unlink('/tmp/nimble_11204/githubcom_yglukhovcassandra/.git/hooks/prepare-commit-msg.sample')
unlink('/tmp/nimble_11204/githubcom_yglukhovcassandra/.git/hooks/post-update.sample')
rmdir('/tmp/nimble_11204/githubcom_yglukhovcassandra/.git/hooks')
unlink('/tmp/nimble_11204/githubcom_yglukhovcassandra/.git/shallow')
unlink('/tmp/nimble_11204/githubcom_yglukhovcassandra/.git/config')
unlink('/tmp/nimble_11204/githubcom_yglukhovcassandra/.git/index')
unlink('/tmp/nimble_11204/githubcom_yglukhovcassandra/.git/objects/97/55e19d0c315d3b98cbc94dfb3c6bd3786f7ad8')
rmdir('/tmp/nimble_11204/githubcom_yglukhovcassandra/.git/objects/97')
unlink('/tmp/nimble_11204/githubcom_yglukhovcassandra/.git/objects/f5/3ebe2b9584d72b21a0f479bc9f93cbb133903f')
rmdir('/tmp/nimble_11204/githubcom_yglukhovcassandra/.git/objects/f5')
unlink('/tmp/nimble_11204/githubcom_yglukhovcassandra/.git/objects/e0/743c3313ca45bf0c6f1485e6887c82b2640060')
rmdir('/tmp/nimble_11204/githubcom_yglukhovcassandra/.git/objects/e0')
rmdir('/tmp/nimble_11204/githubcom_yglukhovcassandra/.git/objects/info')
unlink('/tmp/nimble_11204/githubcom_yglukhovcassandra/.git/objects/e2/d440b21272a56cc10269d7b31796e2a02ec468')
rmdir('/tmp/nimble_11204/githubcom_yglukhovcassandra/.git/objects/e2')
unlink('/tmp/nimble_11204/githubcom_yglukhovcassandra/.git/objects/1a/0925f1a7d1b9afbf0cf953541b7b8d7320bb0d')
rmdir('/tmp/nimble_11204/githubcom_yglukhovcassandra/.git/objects/1a')
unlink('/tmp/nimble_11204/githubcom_yglukhovcassandra/.git/objects/50/15177bbe1c1c4fee30b560932ebaa93df82b10')
rmdir('/tmp/nimble_11204/githubcom_yglukhovcassandra/.git/objects/50')
unlink('/tmp/nimble_11204/githubcom_yglukhovcassandra/.git/objects/81/0771007ecba6a090a10ac914fc6418bb087b93')
rmdir('/tmp/nimble_11204/githubcom_yglukhovcassandra/.git/objects/81')
unlink('/tmp/nimble_11204/githubcom_yglukhovcassandra/.git/objects/17/bdd0175d6d64df561c382c1f971eb73a18344d')
rmdir('/tmp/nimble_11204/githubcom_yglukhovcassandra/.git/objects/17')
unlink('/tmp/nimble_11204/githubcom_yglukhovcassandra/.git/objects/32/5459435ab67bbea2f8f27f7d8ce8a44210d8ca')
rmdir('/tmp/nimble_11204/githubcom_yglukhovcassandra/.git/objects/32')
unlink('/tmp/nimble_11204/githubcom_yglukhovcassandra/.git/objects/67/d9b34c6cecad82ad17197ffa5db4860caf9037')
rmdir('/tmp/nimble_11204/githubcom_yglukhovcassandra/.git/objects/67')
unlink('/tmp/nimble_11204/githubcom_yglukhovcassandra/.git/objects/ef/2d5e124ace1b1f65fa3657948affefdb8200e2')
rmdir('/tmp/nimble_11204/githubcom_yglukhovcassandra/.git/objects/ef')
unlink('/tmp/nimble_11204/githubcom_yglukhovcassandra/.git/objects/04/6602e140dd964627f2bf3b1df5a6294d5f019d')
rmdir('/tmp/nimble_11204/githubcom_yglukhovcassandra/.git/objects/04')
unlink('/tmp/nimble_11204/githubcom_yglukhovcassandra/.git/objects/23/74256261bb9ae7daaa1c1b41a10c9c30919f1b')
rmdir('/tmp/nimble_11204/githubcom_yglukhovcassandra/.git/objects/23')
unlink('/tmp/nimble_11204/githubcom_yglukhovcassandra/.git/objects/8b/0fbb3ca52463d2e7ccc6c8e405f9698a84bf95')
rmdir('/tmp/nimble_11204/githubcom_yglukhovcassandra/.git/objects/8b')
unlink('/tmp/nimble_11204/githubcom_yglukhovcassandra/.git/objects/f2/05c3141ac1f057055065c3ce6a8de60be511eb')
rmdir('/tmp/nimble_11204/githubcom_yglukhovcassandra/.git/objects/f2')
unlink('/tmp/nimble_11204/githubcom_yglukhovcassandra/.git/objects/b6/03649bda36fbb1c05ad154d60c328a9de97e6f')
rmdir('/tmp/nimble_11204/githubcom_yglukhovcassandra/.git/objects/b6')
unlink('/tmp/nimble_11204/githubcom_yglukhovcassandra/.git/objects/d2/ae3ff001985264692868fca01261d496705b63')
rmdir('/tmp/nimble_11204/githubcom_yglukhovcassandra/.git/objects/d2')
unlink('/tmp/nimble_11204/githubcom_yglukhovcassandra/.git/objects/c8/c0f392853e46218e47e0518dda16cebde882a2')
rmdir('/tmp/nimble_11204/githubcom_yglukhovcassandra/.git/objects/c8')
rmdir('/tmp/nimble_11204/githubcom_yglukhovcassandra/.git/objects/pack')
unlink('/tmp/nimble_11204/githubcom_yglukhovcassandra/.git/objects/27/636a36bc46841955a6b530191b6025137fa8ed')
rmdir('/tmp/nimble_11204/githubcom_yglukhovcassandra/.git/objects/27')
unlink('/tmp/nimble_11204/githubcom_yglukhovcassandra/.git/objects/dc/0d2c6b768bf225cbf0725685863628597585b8')
rmdir('/tmp/nimble_11204/githubcom_yglukhovcassandra/.git/objects/dc')
rmdir('/tmp/nimble_11204/githubcom_yglukhovcassandra/.git/objects')
unlink('/tmp/nimble_11204/githubcom_yglukhovcassandra/.git/packed-refs')
unlink('/tmp/nimble_11204/githubcom_yglukhovcassandra/.git/HEAD')
rmdir('/tmp/nimble_11204/githubcom_yglukhovcassandra/.git')
unlink('/tmp/nimble_11204/githubcom_yglukhovcassandra/cibuild.sh')
unlink('/tmp/nimble_11204/githubcom_yglukhovcassandra/cassandra.nim')
unlink('/tmp/nimble_11204/githubcom_yglukhovcassandra/.travis.yml')
unlink('/tmp/nimble_11204/githubcom_yglukhovcassandra/tests/tasync.nim')
unlink('/tmp/nimble_11204/githubcom_yglukhovcassandra/tests/tbindings.nim')
rmdir('/tmp/nimble_11204/githubcom_yglukhovcassandra/tests')
unlink('/tmp/nimble_11204/githubcom_yglukhovcassandra/.gitignore')
unlink('/tmp/nimble_11204/githubcom_yglukhovcassandra/LICENSE')
rmdir('/tmp/nimble_11204/githubcom_yglukhovcassandra')
rmdir('/tmp/nimble_11204')
  create directory /tmp
  create directory /tmp/nimble_11204
  create directory /tmp/nimble_11204/githubcom_yglukhovcassandra
  delete /tmp/nimble_11204/githubcom_yglukhovcassandra
  create directory /tmp/nimble_11204/githubcom_yglukhovcassandra
  create directory /tmp/nimble_11204/githubcom_yglukhovcassandra/.git
  create directory /tmp/nimble_11204/githubcom_yglukhovcassandra/.git
  create directory /tmp/nimble_11204/githubcom_yglukhovcassandra/.git/info
  create directory /tmp/nimble_11204/githubcom_yglukhovcassandra/.git/branches
  create directory /tmp/nimble_11204/githubcom_yglukhovcassandra/.git/hooks
  create directory /tmp/nimble_11204/githubcom_yglukhovcassandra/.git/refs
  create directory /tmp/nimble_11204/githubcom_yglukhovcassandra/.git/refs/heads
  create directory /tmp/nimble_11204/githubcom_yglukhovcassandra/.git/refs/tags
  rename /tmp/nimble_11204/githubcom_yglukhovcassandra/.git/HEAD.lock to HEAD
  rename /tmp/nimble_11204/githubcom_yglukhovcassandra/.git/config.lock to config
  change permissions of /tmp/nimble_11204/githubcom_yglukhovcassandra/.git/config to rwxr--r--
  change permissions of /tmp/nimble_11204/githubcom_yglukhovcassandra/.git/config to rw-r--r--
  change permissions of /tmp/nimble_11204/githubcom_yglukhovcassandra/.git/config.lock to rw-r--r--
  rename /tmp/nimble_11204/githubcom_yglukhovcassandra/.git/config.lock to config
  change permissions of /tmp/nimble_11204/githubcom_yglukhovcassandra/.git/config.lock to rw-r--r--
  rename /tmp/nimble_11204/githubcom_yglukhovcassandra/.git/config.lock to config
  change permissions of /tmp/nimble_11204/githubcom_yglukhovcassandra/.git/config.lock to rw-r--r--
  rename /tmp/nimble_11204/githubcom_yglukhovcassandra/.git/config.lock to config
  delete /tmp/nimble_11204/githubcom_yglukhovcassandra/.git/tp5wnad
  create symbolic link from /tmp/nimble_11204/githubcom_yglukhovcassandra/.git/tp5wnad to /home/runner/work/nim_packages_security_audit/nim_packages_security_audit/testing
  delete /tmp/nimble_11204/githubcom_yglukhovcassandra/.git/tp5wnad
  create directory /tmp/nimble_11204/githubcom_yglukhovcassandra/.git/objects
  create directory /tmp/nimble_11204/githubcom_yglukhovcassandra/.git/objects/pack
  create directory /tmp/nimble_11204/githubcom_yglukhovcassandra/.git/objects/info
  change permissions of /tmp/nimble_11204/githubcom_yglukhovcassandra/.git/config.lock to rw-r--r--
  rename /tmp/nimble_11204/githubcom_yglukhovcassandra/.git/config.lock to config
  change permissions of /tmp/nimble_11204/githubcom_yglukhovcassandra/.git/config.lock to rw-r--r--
  rename /tmp/nimble_11204/githubcom_yglukhovcassandra/.git/config.lock to config
  change permissions of /tmp/nimble_11204/githubcom_yglukhovcassandra/.git/config.lock to rw-r--r--
  rename /tmp/nimble_11204/githubcom_yglukhovcassandra/.git/config.lock to config
  create directory /tmp/nimble_11204/githubcom_yglukhovcassandra/.git/objects/81
  create hard link from /tmp/nimble_11204/githubcom_yglukhovcassandra/.git/objects/81/0771007ecba6a090a10ac914fc6418bb087b93 to /tmp/nimble_11204/githubcom_yglukhovcassandra/.git/objects/81/tmp_obj_DLFXvx
  delete /tmp/nimble_11204/githubcom_yglukhovcassandra/.git/objects/81/tmp_obj_DLFXvx
  create directory /tmp/nimble_11204/githubcom_yglukhovcassandra/.git/objects/dc
  create hard link from /tmp/nimble_11204/githubcom_yglukhovcassandra/.git/objects/dc/0d2c6b768bf225cbf0725685863628597585b8 to /tmp/nimble_11204/githubcom_yglukhovcassandra/.git/objects/dc/tmp_obj_nJeqCB
  delete /tmp/nimble_11204/githubcom_yglukhovcassandra/.git/objects/dc/tmp_obj_nJeqCB
  create directory /tmp/nimble_11204/githubcom_yglukhovcassandra/.git/objects/67
  create hard link from /tmp/nimble_11204/githubcom_yglukhovcassandra/.git/objects/67/d9b34c6cecad82ad17197ffa5db4860caf9037 to /tmp/nimble_11204/githubcom_yglukhovcassandra/.git/objects/67/tmp_obj_LHNxbD
  delete /tmp/nimble_11204/githubcom_yglukhovcassandra/.git/objects/67/tmp_obj_LHNxbD
  create directory /tmp/nimble_11204/githubcom_yglukhovcassandra/.git/objects/27
  create hard link from /tmp/nimble_11204/githubcom_yglukhovcassandra/.git/objects/27/636a36bc46841955a6b530191b6025137fa8ed to /tmp/nimble_11204/githubcom_yglukhovcassandra/.git/objects/27/tmp_obj_XlTPNI
  delete /tmp/nimble_11204/githubcom_yglukhovcassandra/.git/objects/27/tmp_obj_XlTPNI
  create directory /tmp/nimble_11204/githubcom_yglukhovcassandra/.git/objects/97
  create hard link from /tmp/nimble_11204/githubcom_yglukhovcassandra/.git/objects/97/55e19d0c315d3b98cbc94dfb3c6bd3786f7ad8 to /tmp/nimble_11204/githubcom_yglukhovcassandra/.git/objects/97/tmp_obj_fFAheK
  delete /tmp/nimble_11204/githubcom_yglukhovcassandra/.git/objects/97/tmp_obj_fFAheK
  create directory /tmp/nimble_11204/githubcom_yglukhovcassandra/.git/objects/04
  create hard link from /tmp/nimble_11204/githubcom_yglukhovcassandra/.git/objects/04/6602e140dd964627f2bf3b1df5a6294d5f019d to /tmp/nimble_11204/githubcom_yglukhovcassandra/.git/objects/04/tmp_obj_Hb6cMP
  delete /tmp/nimble_11204/githubcom_yglukhovcassandra/.git/objects/04/tmp_obj_Hb6cMP
  create directory /tmp/nimble_11204/githubcom_yglukhovcassandra/.git/objects/32
  create hard link from /tmp/nimble_11204/githubcom_yglukhovcassandra/.git/objects/32/5459435ab67bbea2f8f27f7d8ce8a44210d8ca to /tmp/nimble_11204/githubcom_yglukhovcassandra/.git/objects/32/tmp_obj_TNYY0T
  delete /tmp/nimble_11204/githubcom_yglukhovcassandra/.git/objects/32/tmp_obj_TNYY0T
  create directory /tmp/nimble_11204/githubcom_yglukhovcassandra/.git/objects/1a
  create hard link from /tmp/nimble_11204/githubcom_yglukhovcassandra/.git/objects/1a/0925f1a7d1b9afbf0cf953541b7b8d7320bb0d to /tmp/nimble_11204/githubcom_yglukhovcassandra/.git/objects/1a/tmp_obj_bJbhdW
  delete /tmp/nimble_11204/githubcom_yglukhovcassandra/.git/objects/1a/tmp_obj_bJbhdW
  create directory /tmp/nimble_11204/githubcom_yglukhovcassandra/.git/objects/d2
  create hard link from /tmp/nimble_11204/githubcom_yglukhovcassandra/.git/objects/d2/ae3ff001985264692868fca01261d496705b63 to /tmp/nimble_11204/githubcom_yglukhovcassandra/.git/objects/d2/tmp_obj_X1UL41
  delete /tmp/nimble_11204/githubcom_yglukhovcassandra/.git/objects/d2/tmp_obj_X1UL41
  create directory /tmp/nimble_11204/githubcom_yglukhovcassandra/.git/objects/8b
  create hard link from /tmp/nimble_11204/githubcom_yglukhovcassandra/.git/objects/8b/0fbb3ca52463d2e7ccc6c8e405f9698a84bf95 to /tmp/nimble_11204/githubcom_yglukhovcassandra/.git/objects/8b/tmp_obj_Nuet82
  delete /tmp/nimble_11204/githubcom_yglukhovcassandra/.git/objects/8b/tmp_obj_Nuet82
  create directory /tmp/nimble_11204/githubcom_yglukhovcassandra/.git/objects/f2
  create hard link from /tmp/nimble_11204/githubcom_yglukhovcassandra/.git/objects/f2/05c3141ac1f057055065c3ce6a8de60be511eb to /tmp/nimble_11204/githubcom_yglukhovcassandra/.git/objects/f2/tmp_obj_PBDsO9
  delete /tmp/nimble_11204/githubcom_yglukhovcassandra/.git/objects/f2/tmp_obj_PBDsO9
  create directory /tmp/nimble_11204/githubcom_yglukhovcassandra/.git/objects/c8
  create hard link from /tmp/nimble_11204/githubcom_yglukhovcassandra/.git/objects/c8/c0f392853e46218e47e0518dda16cebde882a2 to /tmp/nimble_11204/githubcom_yglukhovcassandra/.git/objects/c8/tmp_obj_Jyr0Wd
  delete /tmp/nimble_11204/githubcom_yglukhovcassandra/.git/objects/c8/tmp_obj_Jyr0Wd
  create directory /tmp/nimble_11204/githubcom_yglukhovcassandra/.git/objects/50
  create hard link from /tmp/nimble_11204/githubcom_yglukhovcassandra/.git/objects/50/15177bbe1c1c4fee30b560932ebaa93df82b10 to /tmp/nimble_11204/githubcom_yglukhovcassandra/.git/objects/50/tmp_obj_JCdsBh
  delete /tmp/nimble_11204/githubcom_yglukhovcassandra/.git/objects/50/tmp_obj_JCdsBh
  create directory /tmp/nimble_11204/githubcom_yglukhovcassandra/.git/objects/f5
  create hard link from /tmp/nimble_11204/githubcom_yglukhovcassandra/.git/objects/f5/3ebe2b9584d72b21a0f479bc9f93cbb133903f to /tmp/nimble_11204/githubcom_yglukhovcassandra/.git/objects/f5/tmp_obj_fVSwFj
  delete /tmp/nimble_11204/githubcom_yglukhovcassandra/.git/objects/f5/tmp_obj_fVSwFj
  create directory /tmp/nimble_11204/githubcom_yglukhovcassandra/.git/objects/e2
  create hard link from /tmp/nimble_11204/githubcom_yglukhovcassandra/.git/objects/e2/d440b21272a56cc10269d7b31796e2a02ec468 to /tmp/nimble_11204/githubcom_yglukhovcassandra/.git/objects/e2/tmp_obj_E8uoFa
  delete /tmp/nimble_11204/githubcom_yglukhovcassandra/.git/objects/e2/tmp_obj_E8uoFa
  create directory /tmp/nimble_11204/githubcom_yglukhovcassandra/.git/objects/ef
  create hard link from /tmp/nimble_11204/githubcom_yglukhovcassandra/.git/objects/ef/2d5e124ace1b1f65fa3657948affefdb8200e2 to /tmp/nimble_11204/githubcom_yglukhovcassandra/.git/objects/ef/tmp_obj_gkLEcg
  delete /tmp/nimble_11204/githubcom_yglukhovcassandra/.git/objects/ef/tmp_obj_gkLEcg
  create directory /tmp/nimble_11204/githubcom_yglukhovcassandra/.git/objects/e0
  create hard link from /tmp/nimble_11204/githubcom_yglukhovcassandra/.git/objects/e0/743c3313ca45bf0c6f1485e6887c82b2640060 to /tmp/nimble_11204/githubcom_yglukhovcassandra/.git/objects/e0/tmp_obj_eBaP1j
  delete /tmp/nimble_11204/githubcom_yglukhovcassandra/.git/objects/e0/tmp_obj_eBaP1j
  create directory /tmp/nimble_11204/githubcom_yglukhovcassandra/.git/objects/b6
  create hard link from /tmp/nimble_11204/githubcom_yglukhovcassandra/.git/objects/b6/03649bda36fbb1c05ad154d60c328a9de97e6f to /tmp/nimble_11204/githubcom_yglukhovcassandra/.git/objects/b6/tmp_obj_SnDEcm
  delete /tmp/nimble_11204/githubcom_yglukhovcassandra/.git/objects/b6/tmp_obj_SnDEcm
  create directory /tmp/nimble_11204/githubcom_yglukhovcassandra/.git/objects/17
  create hard link from /tmp/nimble_11204/githubcom_yglukhovcassandra/.git/objects/17/bdd0175d6d64df561c382c1f971eb73a18344d to /tmp/nimble_11204/githubcom_yglukhovcassandra/.git/objects/17/tmp_obj_gQV95r
  delete /tmp/nimble_11204/githubcom_yglukhovcassandra/.git/objects/17/tmp_obj_gQV95r
  create directory /tmp/nimble_11204/githubcom_yglukhovcassandra/.git/objects/23
  create hard link from /tmp/nimble_11204/githubcom_yglukhovcassandra/.git/objects/23/74256261bb9ae7daaa1c1b41a10c9c30919f1b to /tmp/nimble_11204/githubcom_yglukhovcassandra/.git/objects/23/tmp_obj_Gnesfv
  delete /tmp/nimble_11204/githubcom_yglukhovcassandra/.git/objects/23/tmp_obj_Gnesfv
  rename /tmp/nimble_11204/githubcom_yglukhovcassandra/.git/shallow.lock to shallow
  rename /tmp/nimble_11204/githubcom_yglukhovcassandra/.git/packed-refs.new to packed-refs
  delete /tmp/nimble_11204/githubcom_yglukhovcassandra/.git/packed-refs.lock
  create directory /tmp/nimble_11204/githubcom_yglukhovcassandra/.git/refs/remotes
  create directory /tmp/nimble_11204/githubcom_yglukhovcassandra/.git/refs/remotes/origin
  create directory /tmp/nimble_11204/githubcom_yglukhovcassandra/.git/logs
  create directory /tmp/nimble_11204/githubcom_yglukhovcassandra/.git/logs/refs
  create directory /tmp/nimble_11204/githubcom_yglukhovcassandra/.git/logs/refs/remotes
  create directory /tmp/nimble_11204/githubcom_yglukhovcassandra/.git/logs/refs/remotes/origin
  rename /tmp/nimble_11204/githubcom_yglukhovcassandra/.git/refs/remotes/origin/HEAD.lock to HEAD
  rename /tmp/nimble_11204/githubcom_yglukhovcassandra/.git/HEAD.lock to HEAD
  create directory /tmp/nimble_11204/githubcom_yglukhovcassandra/.git/logs/refs/heads
  rename /tmp/nimble_11204/githubcom_yglukhovcassandra/.git/refs/heads/master.lock to master
  delete /tmp/nimble_11204/githubcom_yglukhovcassandra/.git/HEAD.lock
  change permissions of /tmp/nimble_11204/githubcom_yglukhovcassandra/.git/config.lock to rw-r--r--
  rename /tmp/nimble_11204/githubcom_yglukhovcassandra/.git/config.lock to config
  change permissions of /tmp/nimble_11204/githubcom_yglukhovcassandra/.git/config.lock to rw-r--r--
  rename /tmp/nimble_11204/githubcom_yglukhovcassandra/.git/config.lock to config
  create directory /tmp/nimble_11204/githubcom_yglukhovcassandra/cassandra
  create directory /tmp/nimble_11204/githubcom_yglukhovcassandra/genbindings
  create directory /tmp/nimble_11204/githubcom_yglukhovcassandra/tests
  rename /tmp/nimble_11204/githubcom_yglukhovcassandra/.git/index.lock to index
  create directory /tmp
  create directory /tmp/nimblecache
  create directory /tmp/nimblecache/cassandra_2788646804
  delete /tmp/nimblecache/cassandra_2788646804/cassandra.ini
  delete /tmp/nimble_11204.out
  delete /tmp/nimble_11204/githubcom_yglukhovcassandra/cassandra_11204.nims
  create directory /home
  create directory /home/runner
  create directory /home/runner/.nimble
  create directory /home/runner/.nimble/pkgs
  create directory /home/runner/.nimble/pkgs/cassandra-0.1.0
  create directory /home
  create directory /home/runner
  create directory /home/runner/.nimble
  create directory /home/runner/.nimble/pkgs
  create directory /home/runner/.nimble/pkgs/cassandra-0.1.0
  change permissions of /home/runner/.nimble/pkgs/cassandra-0.1.0/cassandra.nim to rw-r--r--
  create directory /home
  create directory /home/runner
  create directory /home/runner/.nimble
  create directory /home/runner/.nimble/pkgs
  create directory /home/runner/.nimble/pkgs/cassandra-0.1.0
  create directory /home/runner/.nimble/pkgs/cassandra-0.1.0/cassandra
  change permissions of /home/runner/.nimble/pkgs/cassandra-0.1.0/cassandra/linker_options.nim to rw-r--r--
  create directory /home
  create directory /home/runner
  create directory /home/runner/.nimble
  create directory /home/runner/.nimble/pkgs
  create directory /home/runner/.nimble/pkgs/cassandra-0.1.0
  create directory /home/runner/.nimble/pkgs/cassandra-0.1.0/cassandra
  change permissions of /home/runner/.nimble/pkgs/cassandra-0.1.0/cassandra/asyncwrapper.nim to rw-r--r--
  create directory /home
  create directory /home/runner
  create directory /home/runner/.nimble
  create directory /home/runner/.nimble/pkgs
  create directory /home/runner/.nimble/pkgs/cassandra-0.1.0
  create directory /home/runner/.nimble/pkgs/cassandra-0.1.0/cassandra
  change permissions of /home/runner/.nimble/pkgs/cassandra-0.1.0/cassandra/bindings.nim to rw-r--r--
  change permissions of /home/runner/.nimble/pkgs/cassandra-0.1.0/cassandra.nimble to rw-r--r--
  create directory /tmp
  create directory /tmp/nimblecache
  create directory /tmp/nimblecache/cassandra_1033718580
  delete /tmp/nimblecache/cassandra_1033718580/cassandra.ini
  delete /tmp/nimble_11204.out
  delete /home/runner/.nimble/pkgs/cassandra-0.1.0/cassandra_11204.nims
  delete /tmp/nimble_11204/githubcom_yglukhovcassandra/cassandra/linker_options.nim
  delete /tmp/nimble_11204/githubcom_yglukhovcassandra/cassandra/asyncwrapper.nim
  delete /tmp/nimble_11204/githubcom_yglukhovcassandra/cassandra/bindings.nim
  delete /tmp/nimble_11204/githubcom_yglukhovcassandra/cassandra
  delete /tmp/nimble_11204/githubcom_yglukhovcassandra/genbindings/bindings.cfg
  delete /tmp/nimble_11204/githubcom_yglukhovcassandra/genbindings/genbindings.sh
  delete /tmp/nimble_11204/githubcom_yglukhovcassandra/genbindings/cassandra.h
  delete /tmp/nimble_11204/githubcom_yglukhovcassandra/genbindings
  delete /tmp/nimble_11204/githubcom_yglukhovcassandra/README.md
  delete /tmp/nimble_11204/githubcom_yglukhovcassandra/cassandra.nimble
  delete /tmp/nimble_11204/githubcom_yglukhovcassandra/.git/refs/remotes/origin/HEAD
  delete /tmp/nimble_11204/githubcom_yglukhovcassandra/.git/refs/remotes/origin
  delete /tmp/nimble_11204/githubcom_yglukhovcassandra/.git/refs/remotes
  delete /tmp/nimble_11204/githubcom_yglukhovcassandra/.git/refs/tags
  delete /tmp/nimble_11204/githubcom_yglukhovcassandra/.git/refs/heads/master
  delete /tmp/nimble_11204/githubcom_yglukhovcassandra/.git/refs/heads
  delete /tmp/nimble_11204/githubcom_yglukhovcassandra/.git/refs
  delete /tmp/nimble_11204/githubcom_yglukhovcassandra/.git/info/exclude
  delete /tmp/nimble_11204/githubcom_yglukhovcassandra/.git/info
  delete /tmp/nimble_11204/githubcom_yglukhovcassandra/.git/branches
  delete /tmp/nimble_11204/githubcom_yglukhovcassandra/.git/logs/refs/remotes/origin/HEAD
  delete /tmp/nimble_11204/githubcom_yglukhovcassandra/.git/logs/refs/remotes/origin
  delete /tmp/nimble_11204/githubcom_yglukhovcassandra/.git/logs/refs/remotes
  delete /tmp/nimble_11204/githubcom_yglukhovcassandra/.git/logs/refs/heads/master
  delete /tmp/nimble_11204/githubcom_yglukhovcassandra/.git/logs/refs/heads
  delete /tmp/nimble_11204/githubcom_yglukhovcassandra/.git/logs/refs
  delete /tmp/nimble_11204/githubcom_yglukhovcassandra/.git/logs/HEAD
  delete /tmp/nimble_11204/githubcom_yglukhovcassandra/.git/logs
  delete /tmp/nimble_11204/githubcom_yglukhovcassandra/.git/description
  delete /tmp/nimble_11204/githubcom_yglukhovcassandra/.git/hooks/pre-rebase.sample
  delete /tmp/nimble_11204/githubcom_yglukhovcassandra/.git/hooks/applypatch-msg.sample
  delete /tmp/nimble_11204/githubcom_yglukhovcassandra/.git/hooks/pre-push.sample
  delete /tmp/nimble_11204/githubcom_yglukhovcassandra/.git/hooks/pre-merge-commit.sample
  delete /tmp/nimble_11204/githubcom_yglukhovcassandra/.git/hooks/pre-receive.sample
  delete /tmp/nimble_11204/githubcom_yglukhovcassandra/.git/hooks/update.sample
  delete /tmp/nimble_11204/githubcom_yglukhovcassandra/.git/hooks/pre-commit.sample
  delete /tmp/nimble_11204/githubcom_yglukhovcassandra/.git/hooks/pre-applypatch.sample
  delete /tmp/nimble_11204/githubcom_yglukhovcassandra/.git/hooks/commit-msg.sample
  delete /tmp/nimble_11204/githubcom_yglukhovcassandra/.git/hooks/fsmonitor-watchman.sample
  delete /tmp/nimble_11204/githubcom_yglukhovcassandra/.git/hooks/prepare-commit-msg.sample
  delete /tmp/nimble_11204/githubcom_yglukhovcassandra/.git/hooks/post-update.sample
  delete /tmp/nimble_11204/githubcom_yglukhovcassandra/.git/hooks
  delete /tmp/nimble_11204/githubcom_yglukhovcassandra/.git/shallow
  delete /tmp/nimble_11204/githubcom_yglukhovcassandra/.git/config
  delete /tmp/nimble_11204/githubcom_yglukhovcassandra/.git/index
  delete /tmp/nimble_11204/githubcom_yglukhovcassandra/.git/objects/97/55e19d0c315d3b98cbc94dfb3c6bd3786f7ad8
  delete /tmp/nimble_11204/githubcom_yglukhovcassandra/.git/objects/97
  delete /tmp/nimble_11204/githubcom_yglukhovcassandra/.git/objects/f5/3ebe2b9584d72b21a0f479bc9f93cbb133903f
  delete /tmp/nimble_11204/githubcom_yglukhovcassandra/.git/objects/f5
  delete /tmp/nimble_11204/githubcom_yglukhovcassandra/.git/objects/e0/743c3313ca45bf0c6f1485e6887c82b2640060
  delete /tmp/nimble_11204/githubcom_yglukhovcassandra/.git/objects/e0
  delete /tmp/nimble_11204/githubcom_yglukhovcassandra/.git/objects/info
  delete /tmp/nimble_11204/githubcom_yglukhovcassandra/.git/objects/e2/d440b21272a56cc10269d7b31796e2a02ec468
  delete /tmp/nimble_11204/githubcom_yglukhovcassandra/.git/objects/e2
  delete /tmp/nimble_11204/githubcom_yglukhovcassandra/.git/objects/1a/0925f1a7d1b9afbf0cf953541b7b8d7320bb0d
  delete /tmp/nimble_11204/githubcom_yglukhovcassandra/.git/objects/1a
  delete /tmp/nimble_11204/githubcom_yglukhovcassandra/.git/objects/50/15177bbe1c1c4fee30b560932ebaa93df82b10
  delete /tmp/nimble_11204/githubcom_yglukhovcassandra/.git/objects/50
  delete /tmp/nimble_11204/githubcom_yglukhovcassandra/.git/objects/81/0771007ecba6a090a10ac914fc6418bb087b93
  delete /tmp/nimble_11204/githubcom_yglukhovcassandra/.git/objects/81
  delete /tmp/nimble_11204/githubcom_yglukhovcassandra/.git/objects/17/bdd0175d6d64df561c382c1f971eb73a18344d
  delete /tmp/nimble_11204/githubcom_yglukhovcassandra/.git/objects/17
  delete /tmp/nimble_11204/githubcom_yglukhovcassandra/.git/objects/32/5459435ab67bbea2f8f27f7d8ce8a44210d8ca
  delete /tmp/nimble_11204/githubcom_yglukhovcassandra/.git/objects/32
  delete /tmp/nimble_11204/githubcom_yglukhovcassandra/.git/objects/67/d9b34c6cecad82ad17197ffa5db4860caf9037
  delete /tmp/nimble_11204/githubcom_yglukhovcassandra/.git/objects/67
  delete /tmp/nimble_11204/githubcom_yglukhovcassandra/.git/objects/ef/2d5e124ace1b1f65fa3657948affefdb8200e2
  delete /tmp/nimble_11204/githubcom_yglukhovcassandra/.git/objects/ef
  delete /tmp/nimble_11204/githubcom_yglukhovcassandra/.git/objects/04/6602e140dd964627f2bf3b1df5a6294d5f019d
  delete /tmp/nimble_11204/githubcom_yglukhovcassandra/.git/objects/04
  delete /tmp/nimble_11204/githubcom_yglukhovcassandra/.git/objects/23/74256261bb9ae7daaa1c1b41a10c9c30919f1b
  delete /tmp/nimble_11204/githubcom_yglukhovcassandra/.git/objects/23
  delete /tmp/nimble_11204/githubcom_yglukhovcassandra/.git/objects/8b/0fbb3ca52463d2e7ccc6c8e405f9698a84bf95
  delete /tmp/nimble_11204/githubcom_yglukhovcassandra/.git/objects/8b
  delete /tmp/nimble_11204/githubcom_yglukhovcassandra/.git/objects/f2/05c3141ac1f057055065c3ce6a8de60be511eb
  delete /tmp/nimble_11204/githubcom_yglukhovcassandra/.git/objects/f2
  delete /tmp/nimble_11204/githubcom_yglukhovcassandra/.git/objects/b6/03649bda36fbb1c05ad154d60c328a9de97e6f
  delete /tmp/nimble_11204/githubcom_yglukhovcassandra/.git/objects/b6
  delete /tmp/nimble_11204/githubcom_yglukhovcassandra/.git/objects/d2/ae3ff001985264692868fca01261d496705b63
  delete /tmp/nimble_11204/githubcom_yglukhovcassandra/.git/objects/d2
  delete /tmp/nimble_11204/githubcom_yglukhovcassandra/.git/objects/c8/c0f392853e46218e47e0518dda16cebde882a2
  delete /tmp/nimble_11204/githubcom_yglukhovcassandra/.git/objects/c8
  delete /tmp/nimble_11204/githubcom_yglukhovcassandra/.git/objects/pack
  delete /tmp/nimble_11204/githubcom_yglukhovcassandra/.git/objects/27/636a36bc46841955a6b530191b6025137fa8ed
  delete /tmp/nimble_11204/githubcom_yglukhovcassandra/.git/objects/27
  delete /tmp/nimble_11204/githubcom_yglukhovcassandra/.git/objects/dc/0d2c6b768bf225cbf0725685863628597585b8
  delete /tmp/nimble_11204/githubcom_yglukhovcassandra/.git/objects/dc
  delete /tmp/nimble_11204/githubcom_yglukhovcassandra/.git/objects
  delete /tmp/nimble_11204/githubcom_yglukhovcassandra/.git/packed-refs
  delete /tmp/nimble_11204/githubcom_yglukhovcassandra/.git/HEAD
  delete /tmp/nimble_11204/githubcom_yglukhovcassandra/.git
  delete /tmp/nimble_11204/githubcom_yglukhovcassandra/cibuild.sh
  delete /tmp/nimble_11204/githubcom_yglukhovcassandra/cassandra.nim
  delete /tmp/nimble_11204/githubcom_yglukhovcassandra/.travis.yml
  delete /tmp/nimble_11204/githubcom_yglukhovcassandra/tests/tasync.nim
  delete /tmp/nimble_11204/githubcom_yglukhovcassandra/tests/tbindings.nim
  delete /tmp/nimble_11204/githubcom_yglukhovcassandra/tests
  delete /tmp/nimble_11204/githubcom_yglukhovcassandra/.gitignore
  delete /tmp/nimble_11204/githubcom_yglukhovcassandra/LICENSE
  delete /tmp/nimble_11204/githubcom_yglukhovcassandra
  delete /tmp/nimble_11204
