     Info:  Nimble data file "/home/runner/.nimble/nimbledata2.json" has been loaded.
    Reading official package list
Downloading https://github.com/sls1005/nim-casting using git
   Warning: The package has no tagged releases, downloading HEAD instead.
open('/workspace/destdir/ssl/openssl.cnf', 32768, 0x00000000000001b6)
open('/home/runner/.config/nimble/nimble.ini', 557056, 0x00000000000001b6)
open('/home/runner/.config/babel/babel.ini', 557056, 0x00000000000001b6)
open('/home/runner/.nimble/nimbledata2.json', 557056, 0x00000000000001b6)
writev(1, 0x00007ffcbec8fd20, 2)
writev(1, 0x00007ffcbec8f600, 2)
open('/home/runner/.nimble/packages_official.json', 557056, 0x00000000000001b6)
mkdir('/tmp/', 0x00000000000001ff)
mkdir('/tmp/nimble_3786/', 0x00000000000001ff)
mkdir('/tmp/nimble_3786/githubcom_sls1005nimcasting', 0x00000000000001ff)
writev(1, 0x00007ffcbec8f5d0, 2)
open('/tmp/nimble_3786/githubcom_sls1005nimcasting', 622592, 0x0000000000000000)
rmdir('/tmp/nimble_3786/githubcom_sls1005nimcasting')
writev(1, 0x00007ffcbec8f540, 2)
mkdir(94073610126368, 0x00000000000001ff)
Error tracing process: readBytes(0x0000558f381d4420, 256) error: [Errno 5] Input/output error.
