     Info:  Nimble data file "/home/runner/.nimble/nimbledata2.json" has been loaded.
    Reading official package list
Downloading https://github.com/RSDuck/catnip using git
    Cloning latest tagged version: 0.3.0
open('/workspace/destdir/ssl/openssl.cnf', 32768, 0x00000000000001b6)
open('/home/runner/.config/nimble/nimble.ini', 557056, 0x00000000000001b6)
open('/home/runner/.config/babel/babel.ini', 557056, 0x00000000000001b6)
open('/home/runner/.nimble/nimbledata2.json', 557056, 0x00000000000001b6)
writev(1, 0x00007ffc0d80eed0, 2)
writev(1, 0x00007ffc0d80e7b0, 2)
open('/home/runner/.nimble/packages_official.json', 557056, 0x00000000000001b6)
mkdir('/tmp/', 0x00000000000001ff)
mkdir('/tmp/nimble_3420/', 0x00000000000001ff)
mkdir('/tmp/nimble_3420/githubcom_RSDuckcatnip', 0x00000000000001ff)
writev(1, 0x00007ffc0d80e780, 2)
open('/tmp/nimble_3420/githubcom_RSDuckcatnip', 622592, 0x0000000000000000)
rmdir('/tmp/nimble_3420/githubcom_RSDuckcatnip')
writev(1, 0x00007ffc0d80e6f0, 2)
mkdir(94016435963760, 0x00000000000001ff)
Error tracing process: readBytes(0x00005581e844c770, 256) error: [Errno 5] Input/output error.
