     Info:  Nimble data file "/home/runner/.nimble/nimbledata2.json" has been loaded.
    Reading official package list
Downloading https://git.sr.ht/~bptato/chame using git
    Cloning latest tagged version: v1.0.1
open('/workspace/destdir/ssl/openssl.cnf', 32768, 0x00000000000001b6)
open('/home/runner/.config/nimble/nimble.ini', 557056, 0x00000000000001b6)
open('/home/runner/.config/babel/babel.ini', 557056, 0x00000000000001b6)
open('/home/runner/.nimble/nimbledata2.json', 557056, 0x00000000000001b6)
writev(1, 0x00007fff3f24eb30, 2)
open('/home/runner/work/nim_packages_security_audit/nim_packages_security_audit', 622592, 0x0000000000000000)
writev(1, 0x00007fff3f24d760, 2)
open('/home/runner/.nimble/packages_official.json', 557056, 0x00000000000001b6)
mkdir('/tmp/', 0x00000000000001ff)
mkdir('/tmp/nimble_4102/', 0x00000000000001ff)
mkdir('/tmp/nimble_4102/gitsrht_bptatochame', 0x00000000000001ff)
open('/tmp/nimble_4102/gitsrht_bptatochame', 622592, 0x0000000000000000)
writev(1, 0x00007fff3f24d820, 2)
open('/tmp/nimble_4102/gitsrht_bptatochame', 622592, 0x0000000000000000)
rmdir('/tmp/nimble_4102/gitsrht_bptatochame')
writev(1, 0x00007fff3f24d710, 2)
mkdir(94741214640256, 0x00000000000001ff)
Error tracing process: readBytes(0x0000562aa871b880, 256) error: [Errno 5] Input/output error.
