     Info:  Nimble data file "/home/runner/.nimble/nimbledata2.json" has been loaded.
    Reading official package list
Downloading https://git.ozzuu.com/thisago/checkif using git
    Cloning latest tagged version: 1.2.0
open('/workspace/destdir/ssl/openssl.cnf', 32768, 0x00000000000001b6)
open('/home/runner/.config/nimble/nimble.ini', 557056, 0x00000000000001b6)
open('/home/runner/.config/babel/babel.ini', 557056, 0x00000000000001b6)
open('/home/runner/.nimble/nimbledata2.json', 557056, 0x00000000000001b6)
writev(1, 0x00007ffd5375b1b0, 2)
writev(1, 0x00007ffd5375aa90, 2)
open('/home/runner/.nimble/packages_official.json', 557056, 0x00000000000001b6)
mkdir('/tmp/', 0x00000000000001ff)
mkdir('/tmp/nimble_3837/', 0x00000000000001ff)
mkdir('/tmp/nimble_3837/gitozzuucom_thisagocheckif', 0x00000000000001ff)
writev(1, 0x00007ffd5375aa60, 2)
open('/tmp/nimble_3837/gitozzuucom_thisagocheckif', 622592, 0x0000000000000000)
rmdir('/tmp/nimble_3837/gitozzuucom_thisagocheckif')
writev(1, 0x00007ffd5375a9d0, 2)
mkdir(94816939287008, 0x00000000000001ff)
Error tracing process: readBytes(0x0000563c49fc21e0, 256) error: [Errno 5] Input/output error.
