     Info:  Nimble data file "/home/runner/.nimble/nimbledata2.json" has been loaded.
    Reading official package list
Downloading https://github.com/avahe-kellenberger/nim-chipmunk using git
    Cloning latest tagged version: v0.3.0
open('/workspace/destdir/ssl/openssl.cnf', 32768, 0x00000000000001b6)
open('/home/runner/.config/nimble/nimble.ini', 557056, 0x00000000000001b6)
open('/home/runner/.config/babel/babel.ini', 557056, 0x00000000000001b6)
open('/home/runner/.nimble/nimbledata2.json', 557056, 0x00000000000001b6)
writev(1, 0x00007ffda137bba0, 2)
open('/home/runner/work/nim_packages_security_audit/nim_packages_security_audit', 622592, 0x0000000000000000)
writev(1, 0x00007ffda137a7d0, 2)
open('/home/runner/.nimble/packages_official.json', 557056, 0x00000000000001b6)
mkdir('/tmp/', 0x00000000000001ff)
mkdir('/tmp/nimble_3414/', 0x00000000000001ff)
mkdir('/tmp/nimble_3414/githubcom_avahekellenbergernimchipmunk', 0x00000000000001ff)
open('/tmp/nimble_3414/githubcom_avahekellenbergernimchipmunk', 622592, 0x0000000000000000)
writev(1, 0x00007ffda137a890, 2)
open('/tmp/nimble_3414/githubcom_avahekellenbergernimchipmunk', 622592, 0x0000000000000000)
rmdir('/tmp/nimble_3414/githubcom_avahekellenbergernimchipmunk')
writev(1, 0x00007ffda137a780, 2)
mkdir(94876938180224, 0x00000000000001ff)
Error tracing process: readBytes(0x0000564a42329680, 256) error: [Errno 5] Input/output error.
