     Info:  Nimble data file "/home/runner/.nimble/nimbledata2.json" has been loaded.
    Reading official package list
Downloading https://github.com/ThomasTJdev/choosenim_gui using git
    Cloning latest tagged version: v0.1.0
open('/workspace/destdir/ssl/openssl.cnf', 32768, 0x00000000000001b6)
open('/home/runner/.config/nimble/nimble.ini', 557056, 0x00000000000001b6)
open('/home/runner/.config/babel/babel.ini', 557056, 0x00000000000001b6)
open('/home/runner/.nimble/nimbledata2.json', 557056, 0x00000000000001b6)
writev(1, 0x00007ffd1d0ccdf0, 2)
open('/home/runner/work/nim_packages_security_audit/nim_packages_security_audit', 622592, 0x0000000000000000)
writev(1, 0x00007ffd1d0cba20, 2)
open('/home/runner/.nimble/packages_official.json', 557056, 0x00000000000001b6)
mkdir('/tmp/', 0x00000000000001ff)
mkdir('/tmp/nimble_3128/', 0x00000000000001ff)
mkdir('/tmp/nimble_3128/githubcom_ThomasTJdevchoosenimgui', 0x00000000000001ff)
open('/tmp/nimble_3128/githubcom_ThomasTJdevchoosenimgui', 622592, 0x0000000000000000)
writev(1, 0x00007ffd1d0cbae0, 2)
open('/tmp/nimble_3128/githubcom_ThomasTJdevchoosenimgui', 622592, 0x0000000000000000)
rmdir('/tmp/nimble_3128/githubcom_ThomasTJdevchoosenimgui')
writev(1, 0x00007ffd1d0cb9d0, 2)
mkdir(94637004142208, 0x00000000000001ff)
Error tracing process: readBytes(0x000056126503b680, 256) error: [Errno 5] Input/output error.
