     Info:  Nimble data file "/home/runner/.nimble/nimbledata2.json" has been loaded.
    Reading official package list
Downloading https://github.com/status-im/nim-chronos using git
    Cloning latest tagged version: v3.2.0
open('/workspace/destdir/ssl/openssl.cnf', 32768, 0x00000000000001b6)
open('/home/runner/.config/nimble/nimble.ini', 557056, 0x00000000000001b6)
open('/home/runner/.config/babel/babel.ini', 557056, 0x00000000000001b6)
open('/home/runner/.nimble/nimbledata2.json', 557056, 0x00000000000001b6)
writev(1, 0x00007fff59185930, 2)
writev(1, 0x00007fff59185210, 2)
open('/home/runner/.nimble/packages_official.json', 557056, 0x00000000000001b6)
mkdir('/tmp/', 0x00000000000001ff)
mkdir('/tmp/nimble_2363/', 0x00000000000001ff)
mkdir('/tmp/nimble_2363/githubcom_statusimnimchronos', 0x00000000000001ff)
writev(1, 0x00007fff591851e0, 2)
open('/tmp/nimble_2363/githubcom_statusimnimchronos', 622592, 0x0000000000000000)
rmdir('/tmp/nimble_2363/githubcom_statusimnimchronos')
writev(1, 0x00007fff59185150, 2)
mkdir(94551615841472, 0x00000000000001ff)
Error tracing process: readBytes(0x000055fe8379a4c0, 256) error: [Errno 5] Input/output error.
