     Info:  Nimble data file "/home/runner/.nimble/nimbledata2.json" has been loaded.
    Reading official package list
Downloading https://github.com/treeform/chroma using git
    Cloning latest tagged version: 0.2.7
open('/workspace/destdir/ssl/openssl.cnf', 32768, 0x00000000000001b6)
open('/home/runner/.config/nimble/nimble.ini', 557056, 0x00000000000001b6)
open('/home/runner/.config/babel/babel.ini', 557056, 0x00000000000001b6)
open('/home/runner/.nimble/nimbledata2.json', 557056, 0x00000000000001b6)
writev(1, 0x00007ffcc3b5c490, 2)
writev(1, 0x00007ffcc3b5bd70, 2)
open('/home/runner/.nimble/packages_official.json', 557056, 0x00000000000001b6)
mkdir('/tmp/', 0x00000000000001ff)
mkdir('/tmp/nimble_2650/', 0x00000000000001ff)
mkdir('/tmp/nimble_2650/githubcom_treeformchroma', 0x00000000000001ff)
writev(1, 0x00007ffcc3b5bd40, 2)
open('/tmp/nimble_2650/githubcom_treeformchroma', 622592, 0x0000000000000000)
rmdir('/tmp/nimble_2650/githubcom_treeformchroma')
writev(1, 0x00007ffcc3b5bcb0, 2)
mkdir(94122074915296, 0x00000000000001ff)
Error tracing process: readBytes(0x0000559a80d741e0, 256) error: [Errno 5] Input/output error.
