      Info: Package cache path /home/runner/.nimble/pkgcache
     Info:  Nimble data file "/home/runner/.nimble/nimbledata2.json" has been loaded.
    Reading official package list
Downloading https://github.com/Cirru/cirru-edn.nim using git
    Cloning latest tagged version: v0.4.10
open('/workspace/destdir/ssl/openssl.cnf', 32768, 0x00000000000001b6)
open('/home/runner/.config/nimble/nimble.ini', 557056, 0x00000000000001b6)
open('/home/runner/.config/babel/babel.ini', 557056, 0x00000000000001b6)
writev(1, 0x00007fff13800760, 2)
open('/home/runner/.nimble/nimbledata2.json', 557056, 0x00000000000001b6)
writev(1, 0x00007fff13800830, 2)
writev(1, 0x00007ffce6ff4a30, 2)
writev(1, 0x00007ffce6ff4ac0, 2)
writev(1, 0x00007ffce6ff4ac0, 2)
writev(1, 0x00007ffce6ff4ac0, 2)
writev(1, 0x00007fff137ff210, 2)
open('/home/runner/.nimble/packages_official.json', 557056, 0x00000000000001b6)
mkdir('/home/', 0x00000000000001ff)
mkdir('/home/runner/', 0x00000000000001ff)
mkdir('/home/runner/.nimble/', 0x00000000000001ff)
mkdir('/home/runner/.nimble/pkgcache/', 0x00000000000001ff)
mkdir('/home/runner/.nimble/pkgcache/githubcom_Cirrucirruednnim', 0x00000000000001ff)
open('/home/runner/.nimble/pkgcache/githubcom_Cirrucirruednnim', 622592, 0x0000000000000000)
writev(1, 0x00007fff137ff2f0, 2)
open('/home/runner/.nimble/pkgcache/githubcom_Cirrucirruednnim', 622592, 0x0000000000000000)
rmdir('/home/runner/.nimble/pkgcache/githubcom_Cirrucirruednnim')
writev(1, 0x00007fff137ff1e0, 2)
mkdir(94893967952672, 0x00000000000001ff)
Error tracing process: readBytes(0x0000564e39404b20, 256) error: [Errno 5] Input/output error.
