    Reading official package list
Downloading https://github.com/makingspace/cittadino using git
    Cloning latest tagged version: 0.1.4
       Info /tmp/nimble_12386/githubcom_makingspacecittadino/cittadino_12386.nims(1, 8) Warning: imported and not used: 'system' [UnusedImport]
        ... /tmp/nimble_12386/githubcom_makingspacecittadino/cittadino_12386.nims(5, 22) Warning: imported and not used: 'strutils' [UnusedImport]
  Verifying dependencies for cittadino@0.1.4
    Reading official package list
   Checking for https://github.com/subsetpark/nim-stomp.git@>= 0.1.3
 Installing https://github.com/subsetpark/nim-stomp.git@>= 0.1.3
Downloading https://github.com/subsetpark/nim-stomp.git using git
    Cloning latest tagged version: 0.1.3
mkdir('/tmp', 0x00000000000001ff)
mkdir('/tmp/nimble_12386', 0x00000000000001ff)
mkdir('/tmp/nimble_12386/githubcom_makingspacecittadino', 0x00000000000001ff)
rmdir('/tmp/nimble_12386/githubcom_makingspacecittadino')
mkdir('/tmp/nimble_12386/githubcom_makingspacecittadino', 0x00000000000001ff)
mkdir('/tmp/nimble_12386/githubcom_makingspacecittadino/.git', 0x00000000000001ff)
mkdir('/tmp/nimble_12386/githubcom_makingspacecittadino/.git/', 0x00000000000001ff)
mkdir('/tmp/nimble_12386/githubcom_makingspacecittadino/.git/branches/', 0x00000000000001ff)
mkdir('/tmp/nimble_12386/githubcom_makingspacecittadino/.git/hooks/', 0x00000000000001ff)
mkdir('/tmp/nimble_12386/githubcom_makingspacecittadino/.git/info/', 0x00000000000001ff)
mkdir('/tmp/nimble_12386/githubcom_makingspacecittadino/.git/refs', 0x00000000000001ff)
mkdir('/tmp/nimble_12386/githubcom_makingspacecittadino/.git/refs/heads', 0x00000000000001ff)
mkdir('/tmp/nimble_12386/githubcom_makingspacecittadino/.git/refs/tags', 0x00000000000001ff)
rename('/tmp/nimble_12386/githubcom_makingspacecittadino/.git/HEAD.lock', '/tmp/nimble_12386/githubcom_makingspacecittadino/.git/HEAD')
rename('/tmp/nimble_12386/githubcom_makingspacecittadino/.git/config.lock', '/tmp/nimble_12386/githubcom_makingspacecittadino/.git/config')
chmod('/tmp/nimble_12386/githubcom_makingspacecittadino/.git/config', 0x00000000000081e4)
chmod('/tmp/nimble_12386/githubcom_makingspacecittadino/.git/config', 0x00000000000081a4)
chmod('/tmp/nimble_12386/githubcom_makingspacecittadino/.git/config.lock', 0x00000000000001a4)
rename('/tmp/nimble_12386/githubcom_makingspacecittadino/.git/config.lock', '/tmp/nimble_12386/githubcom_makingspacecittadino/.git/config')
chmod('/tmp/nimble_12386/githubcom_makingspacecittadino/.git/config.lock', 0x00000000000001a4)
rename('/tmp/nimble_12386/githubcom_makingspacecittadino/.git/config.lock', '/tmp/nimble_12386/githubcom_makingspacecittadino/.git/config')
chmod('/tmp/nimble_12386/githubcom_makingspacecittadino/.git/config.lock', 0x00000000000001a4)
rename('/tmp/nimble_12386/githubcom_makingspacecittadino/.git/config.lock', '/tmp/nimble_12386/githubcom_makingspacecittadino/.git/config')
unlink('/tmp/nimble_12386/githubcom_makingspacecittadino/.git/tJUOtFY')
symlink('testing', '/tmp/nimble_12386/githubcom_makingspacecittadino/.git/tJUOtFY')
unlink('/tmp/nimble_12386/githubcom_makingspacecittadino/.git/tJUOtFY')
mkdir('/tmp/nimble_12386/githubcom_makingspacecittadino/.git/objects', 0x00000000000001ff)
mkdir('/tmp/nimble_12386/githubcom_makingspacecittadino/.git/objects/pack', 0x00000000000001ff)
mkdir('/tmp/nimble_12386/githubcom_makingspacecittadino/.git/objects/info', 0x00000000000001ff)
chmod('/tmp/nimble_12386/githubcom_makingspacecittadino/.git/config.lock', 0x00000000000001a4)
rename('/tmp/nimble_12386/githubcom_makingspacecittadino/.git/config.lock', '/tmp/nimble_12386/githubcom_makingspacecittadino/.git/config')
chmod('/tmp/nimble_12386/githubcom_makingspacecittadino/.git/config.lock', 0x00000000000001a4)
rename('/tmp/nimble_12386/githubcom_makingspacecittadino/.git/config.lock', '/tmp/nimble_12386/githubcom_makingspacecittadino/.git/config')
chmod('/tmp/nimble_12386/githubcom_makingspacecittadino/.git/config.lock', 0x00000000000001a4)
rename('/tmp/nimble_12386/githubcom_makingspacecittadino/.git/config.lock', '/tmp/nimble_12386/githubcom_makingspacecittadino/.git/config')
link('/tmp/nimble_12386/githubcom_makingspacecittadino/.git/objects/pack/tmp_pack_R9QvnX', '/tmp/nimble_12386/githubcom_makingspacecittadino/.git/objects/pack/pack-f604826cbddfd8e0805a386a75b12bdde80f0620.pack')
unlink('/tmp/nimble_12386/githubcom_makingspacecittadino/.git/objects/pack/tmp_pack_R9QvnX')
link('/tmp/nimble_12386/githubcom_makingspacecittadino/.git/objects/pack/tmp_idx_tBp5n6', '/tmp/nimble_12386/githubcom_makingspacecittadino/.git/objects/pack/pack-f604826cbddfd8e0805a386a75b12bdde80f0620.idx')
unlink('/tmp/nimble_12386/githubcom_makingspacecittadino/.git/objects/pack/tmp_idx_tBp5n6')
rename('/tmp/nimble_12386/githubcom_makingspacecittadino/.git/shallow.lock', '/tmp/nimble_12386/githubcom_makingspacecittadino/.git/shallow')
rename('/tmp/nimble_12386/githubcom_makingspacecittadino/.git/packed-refs.new', '/tmp/nimble_12386/githubcom_makingspacecittadino/.git/packed-refs')
unlink('/tmp/nimble_12386/githubcom_makingspacecittadino/.git/packed-refs.lock')
unlink('/tmp/nimble_12386/githubcom_makingspacecittadino/.git/refs/tags/0.1.4.lock')
mkdir('/tmp/nimble_12386/githubcom_makingspacecittadino/.git/logs', 0x00000000000001ff)
rename('/tmp/nimble_12386/githubcom_makingspacecittadino/.git/HEAD.lock', '/tmp/nimble_12386/githubcom_makingspacecittadino/.git/HEAD')
unlink('/tmp/nimble_12386/githubcom_makingspacecittadino/.git/objects/pack/pack-f604826cbddfd8e0805a386a75b12bdde80f0620.keep')
mkdir('examples', 0x00000000000001ff)
mkdir('src', 0x00000000000001ff)
mkdir('tests', 0x00000000000001ff)
mkdir('tests/patches', 0x00000000000001ff)
rename('/tmp/nimble_12386/githubcom_makingspacecittadino/.git/index.lock', '/tmp/nimble_12386/githubcom_makingspacecittadino/.git/index')
mkdir('/tmp', 0x00000000000001ff)
mkdir('/tmp/nimblecache', 0x00000000000001ff)
mkdir('/tmp/nimblecache/cittadino_3801568646', 0x00000000000001ff)
unlink('/tmp/nimblecache/cittadino_3801568646/cittadino.ini')
unlink('/tmp/nimble_12386.out')
unlink('/tmp/nimble_12386/githubcom_makingspacecittadino/cittadino_12386.nims')
mkdir('/tmp', 0x00000000000001ff)
mkdir('/tmp/nimble_12386', 0x00000000000001ff)
mkdir('/tmp/nimble_12386/githubcom_subsetparknimstompgit_0.1.3', 0x00000000000001ff)
rmdir('/tmp/nimble_12386/githubcom_subsetparknimstompgit_0.1.3')
mkdir('/tmp/nimble_12386/githubcom_subsetparknimstompgit_0.1.3', 0x00000000000001ff)
mkdir('/tmp/nimble_12386/githubcom_subsetparknimstompgit_0.1.3/.git', 0x00000000000001ff)
mkdir('/tmp/nimble_12386/githubcom_subsetparknimstompgit_0.1.3/.git/', 0x00000000000001ff)
mkdir('/tmp/nimble_12386/githubcom_subsetparknimstompgit_0.1.3/.git/branches/', 0x00000000000001ff)
mkdir('/tmp/nimble_12386/githubcom_subsetparknimstompgit_0.1.3/.git/hooks/', 0x00000000000001ff)
mkdir('/tmp/nimble_12386/githubcom_subsetparknimstompgit_0.1.3/.git/info/', 0x00000000000001ff)
mkdir('/tmp/nimble_12386/githubcom_subsetparknimstompgit_0.1.3/.git/refs', 0x00000000000001ff)
mkdir('/tmp/nimble_12386/githubcom_subsetparknimstompgit_0.1.3/.git/refs/heads', 0x00000000000001ff)
mkdir('/tmp/nimble_12386/githubcom_subsetparknimstompgit_0.1.3/.git/refs/tags', 0x00000000000001ff)
rename('/tmp/nimble_12386/githubcom_subsetparknimstompgit_0.1.3/.git/HEAD.lock', '/tmp/nimble_12386/githubcom_subsetparknimstompgit_0.1.3/.git/HEAD')
rename('/tmp/nimble_12386/githubcom_subsetparknimstompgit_0.1.3/.git/config.lock', '/tmp/nimble_12386/githubcom_subsetparknimstompgit_0.1.3/.git/config')
chmod('/tmp/nimble_12386/githubcom_subsetparknimstompgit_0.1.3/.git/config', 0x00000000000081e4)
chmod('/tmp/nimble_12386/githubcom_subsetparknimstompgit_0.1.3/.git/config', 0x00000000000081a4)
chmod('/tmp/nimble_12386/githubcom_subsetparknimstompgit_0.1.3/.git/config.lock', 0x00000000000001a4)
rename('/tmp/nimble_12386/githubcom_subsetparknimstompgit_0.1.3/.git/config.lock', '/tmp/nimble_12386/githubcom_subsetparknimstompgit_0.1.3/.git/config')
chmod('/tmp/nimble_12386/githubcom_subsetparknimstompgit_0.1.3/.git/config.lock', 0x00000000000001a4)
rename('/tmp/nimble_12386/githubcom_subsetparknimstompgit_0.1.3/.git/config.lock', '/tmp/nimble_12386/githubcom_subsetparknimstompgit_0.1.3/.git/config')
chmod('/tmp/nimble_12386/githubcom_subsetparknimstompgit_0.1.3/.git/config.lock', 0x00000000000001a4)
rename('/tmp/nimble_12386/githubcom_subsetparknimstompgit_0.1.3/.git/config.lock', '/tmp/nimble_12386/githubcom_subsetparknimstompgit_0.1.3/.git/config')
unlink('/tmp/nimble_12386/githubcom_subsetparknimstompgit_0.1.3/.git/t7jsvNY')
symlink('testing', '/tmp/nimble_12386/githubcom_subsetparknimstompgit_0.1.3/.git/t7jsvNY')
unlink('/tmp/nimble_12386/githubcom_subsetparknimstompgit_0.1.3/.git/t7jsvNY')
mkdir('/tmp/nimble_12386/githubcom_subsetparknimstompgit_0.1.3/.git/objects', 0x00000000000001ff)
mkdir('/tmp/nimble_12386/githubcom_subsetparknimstompgit_0.1.3/.git/objects/pack', 0x00000000000001ff)       Info /tmp/nimble_12386/githubcom_subsetparknimstompgit_0.1.3/stomp_12386.nims(1, 8) Warning: imported and not used: 'system' [UnusedImport]
        ... /tmp/nimble_12386/githubcom_subsetparknimstompgit_0.1.3/stomp_12386.nims(5, 22) Warning: imported and not used: 'strutils' [UnusedImport]
  Verifying dependencies for stomp@0.1.3
 Installing stomp@0.1.3
    Copying file /tmp/nimble_12386/githubcom_subsetparknimstompgit_0.1.3/stomp.nim to /home/runner/.nimble/pkgs/stomp-0.1.3/stomp.nim
    Copying file /tmp/nimble_12386/githubcom_subsetparknimstompgit_0.1.3/stomp.nimble to /home/runner/.nimble/pkgs/stomp-0.1.3/stomp.nimble
   Success: stomp installed successfully.
       Info /home/runner/.nimble/pkgs/stomp-0.1.3/stomp_12386.nims(1, 8) Warning: imported and not used: 'system' [UnusedImport]
        ... /home/runner/.nimble/pkgs/stomp-0.1.3/stomp_12386.nims(5, 22) Warning: imported and not used: 'strutils' [UnusedImport]
 Installing cittadino@0.1.4
    Copying file /tmp/nimble_12386/githubcom_makingspacecittadino/src/cittadino.nim to /home/runner/.nimble/pkgs/cittadino-0.1.4/cittadino.nim
    Copying file /tmp/nimble_12386/githubcom_makingspacecittadino/cittadino.nimble to /home/runner/.nimble/pkgs/cittadino-0.1.4/cittadino.nimble
   Success: cittadino installed successfully.
       Info /home/runner/.nimble/pkgs/cittadino-0.1.4/cittadino_12386.nims(1, 8) Warning: imported and not used: 'system' [UnusedImport]
        ... /home/runner/.nimble/pkgs/cittadino-0.1.4/cittadino_12386.nims(5, 22) Warning: imported and not used: 'strutils' [UnusedImport]

mkdir('/tmp/nimble_12386/githubcom_subsetparknimstompgit_0.1.3/.git/objects/info', 0x00000000000001ff)
chmod('/tmp/nimble_12386/githubcom_subsetparknimstompgit_0.1.3/.git/config.lock', 0x00000000000001a4)
rename('/tmp/nimble_12386/githubcom_subsetparknimstompgit_0.1.3/.git/config.lock', '/tmp/nimble_12386/githubcom_subsetparknimstompgit_0.1.3/.git/config')
chmod('/tmp/nimble_12386/githubcom_subsetparknimstompgit_0.1.3/.git/config.lock', 0x00000000000001a4)
rename('/tmp/nimble_12386/githubcom_subsetparknimstompgit_0.1.3/.git/config.lock', '/tmp/nimble_12386/githubcom_subsetparknimstompgit_0.1.3/.git/config')
chmod('/tmp/nimble_12386/githubcom_subsetparknimstompgit_0.1.3/.git/config.lock', 0x00000000000001a4)
rename('/tmp/nimble_12386/githubcom_subsetparknimstompgit_0.1.3/.git/config.lock', '/tmp/nimble_12386/githubcom_subsetparknimstompgit_0.1.3/.git/config')
link('/tmp/nimble_12386/githubcom_subsetparknimstompgit_0.1.3/.git/objects/pack/tmp_pack_JNZTv3', '/tmp/nimble_12386/githubcom_subsetparknimstompgit_0.1.3/.git/objects/pack/pack-432697bda2c69d8688f94963ccaae19be8ee00d9.pack')
unlink('/tmp/nimble_12386/githubcom_subsetparknimstompgit_0.1.3/.git/objects/pack/tmp_pack_JNZTv3')
link('/tmp/nimble_12386/githubcom_subsetparknimstompgit_0.1.3/.git/objects/pack/tmp_idx_rI15x7', '/tmp/nimble_12386/githubcom_subsetparknimstompgit_0.1.3/.git/objects/pack/pack-432697bda2c69d8688f94963ccaae19be8ee00d9.idx')
unlink('/tmp/nimble_12386/githubcom_subsetparknimstompgit_0.1.3/.git/objects/pack/tmp_idx_rI15x7')
rename('/tmp/nimble_12386/githubcom_subsetparknimstompgit_0.1.3/.git/shallow.lock', '/tmp/nimble_12386/githubcom_subsetparknimstompgit_0.1.3/.git/shallow')
rename('/tmp/nimble_12386/githubcom_subsetparknimstompgit_0.1.3/.git/packed-refs.new', '/tmp/nimble_12386/githubcom_subsetparknimstompgit_0.1.3/.git/packed-refs')
unlink('/tmp/nimble_12386/githubcom_subsetparknimstompgit_0.1.3/.git/packed-refs.lock')
unlink('/tmp/nimble_12386/githubcom_subsetparknimstompgit_0.1.3/.git/refs/tags/0.1.3.lock')
mkdir('/tmp/nimble_12386/githubcom_subsetparknimstompgit_0.1.3/.git/logs', 0x00000000000001ff)
rename('/tmp/nimble_12386/githubcom_subsetparknimstompgit_0.1.3/.git/HEAD.lock', '/tmp/nimble_12386/githubcom_subsetparknimstompgit_0.1.3/.git/HEAD')
unlink('/tmp/nimble_12386/githubcom_subsetparknimstompgit_0.1.3/.git/objects/pack/pack-432697bda2c69d8688f94963ccaae19be8ee00d9.keep')
rename('/tmp/nimble_12386/githubcom_subsetparknimstompgit_0.1.3/.git/index.lock', '/tmp/nimble_12386/githubcom_subsetparknimstompgit_0.1.3/.git/index')
mkdir('/tmp', 0x00000000000001ff)
mkdir('/tmp/nimblecache', 0x00000000000001ff)
mkdir('/tmp/nimblecache/stomp_2829785046', 0x00000000000001ff)
unlink('/tmp/nimblecache/stomp_2829785046/stomp.ini')
unlink('/tmp/nimble_12386.out')
unlink('/tmp/nimble_12386/githubcom_subsetparknimstompgit_0.1.3/stomp_12386.nims')
mkdir('/home', 0x00000000000001ff)
mkdir('/home/runner', 0x00000000000001ff)
mkdir('/home/runner/.nimble', 0x00000000000001ff)
mkdir('/home/runner/.nimble/pkgs', 0x00000000000001ff)
mkdir('/home/runner/.nimble/pkgs/stomp-0.1.3', 0x00000000000001ff)
mkdir('/home', 0x00000000000001ff)
mkdir('/home/runner', 0x00000000000001ff)
mkdir('/home/runner/.nimble', 0x00000000000001ff)
mkdir('/home/runner/.nimble/pkgs', 0x00000000000001ff)
mkdir('/home/runner/.nimble/pkgs/stomp-0.1.3', 0x00000000000001ff)
chmod('/home/runner/.nimble/pkgs/stomp-0.1.3/stomp.nim', 0x00000000000001a4)
chmod('/home/runner/.nimble/pkgs/stomp-0.1.3/stomp.nimble', 0x00000000000001a4)
mkdir('/tmp', 0x00000000000001ff)
mkdir('/tmp/nimblecache', 0x00000000000001ff)
mkdir('/tmp/nimblecache/stomp_2640831644', 0x00000000000001ff)
unlink('/tmp/nimblecache/stomp_2640831644/stomp.ini')
unlink('/tmp/nimble_12386.out')
unlink('/home/runner/.nimble/pkgs/stomp-0.1.3/stomp_12386.nims')
mkdir('/home', 0x00000000000001ff)
mkdir('/home/runner', 0x00000000000001ff)
mkdir('/home/runner/.nimble', 0x00000000000001ff)
mkdir('/home/runner/.nimble/pkgs', 0x00000000000001ff)
mkdir('/home/runner/.nimble/pkgs/cittadino-0.1.4', 0x00000000000001ff)
mkdir('/home', 0x00000000000001ff)
mkdir('/home/runner', 0x00000000000001ff)
mkdir('/home/runner/.nimble', 0x00000000000001ff)
mkdir('/home/runner/.nimble/pkgs', 0x00000000000001ff)
mkdir('/home/runner/.nimble/pkgs/cittadino-0.1.4', 0x00000000000001ff)
chmod('/home/runner/.nimble/pkgs/cittadino-0.1.4/cittadino.nim', 0x00000000000001a4)
chmod('/home/runner/.nimble/pkgs/cittadino-0.1.4/cittadino.nimble', 0x00000000000001a4)
mkdir('/tmp', 0x00000000000001ff)
mkdir('/tmp/nimblecache', 0x00000000000001ff)
mkdir('/tmp/nimblecache/cittadino_662649745', 0x00000000000001ff)
unlink('/tmp/nimblecache/cittadino_662649745/cittadino.ini')
unlink('/tmp/nimble_12386.out')
unlink('/home/runner/.nimble/pkgs/cittadino-0.1.4/cittadino_12386.nims')
unlink('/tmp/nimble_12386/githubcom_subsetparknimstompgit_0.1.3/Makefile')
unlink('/tmp/nimble_12386/githubcom_subsetparknimstompgit_0.1.3/.git/HEAD')
unlink('/tmp/nimble_12386/githubcom_subsetparknimstompgit_0.1.3/.git/config')
unlink('/tmp/nimble_12386/githubcom_subsetparknimstompgit_0.1.3/.git/logs/HEAD')
rmdir('/tmp/nimble_12386/githubcom_subsetparknimstompgit_0.1.3/.git/logs')
rmdir('/tmp/nimble_12386/githubcom_subsetparknimstompgit_0.1.3/.git/branches')
unlink('/tmp/nimble_12386/githubcom_subsetparknimstompgit_0.1.3/.git/packed-refs')
rmdir('/tmp/nimble_12386/githubcom_subsetparknimstompgit_0.1.3/.git/refs/heads')
rmdir('/tmp/nimble_12386/githubcom_subsetparknimstompgit_0.1.3/.git/refs/tags')
rmdir('/tmp/nimble_12386/githubcom_subsetparknimstompgit_0.1.3/.git/refs')
unlink('/tmp/nimble_12386/githubcom_subsetparknimstompgit_0.1.3/.git/hooks/fsmonitor-watchman.sample')
unlink('/tmp/nimble_12386/githubcom_subsetparknimstompgit_0.1.3/.git/hooks/pre-rebase.sample')
unlink('/tmp/nimble_12386/githubcom_subsetparknimstompgit_0.1.3/.git/hooks/pre-push.sample')
unlink('/tmp/nimble_12386/githubcom_subsetparknimstompgit_0.1.3/.git/hooks/pre-applypatch.sample')
unlink('/tmp/nimble_12386/githubcom_subsetparknimstompgit_0.1.3/.git/hooks/pre-receive.sample')
unlink('/tmp/nimble_12386/githubcom_subsetparknimstompgit_0.1.3/.git/hooks/commit-msg.sample')
unlink('/tmp/nimble_12386/githubcom_subsetparknimstompgit_0.1.3/.git/hooks/pre-merge-commit.sample')
unlink('/tmp/nimble_12386/githubcom_subsetparknimstompgit_0.1.3/.git/hooks/prepare-commit-msg.sample')
unlink('/tmp/nimble_12386/githubcom_subsetparknimstompgit_0.1.3/.git/hooks/pre-commit.sample')
unlink('/tmp/nimble_12386/githubcom_subsetparknimstompgit_0.1.3/.git/hooks/update.sample')
unlink('/tmp/nimble_12386/githubcom_subsetparknimstompgit_0.1.3/.git/hooks/applypatch-msg.sample')
unlink('/tmp/nimble_12386/githubcom_subsetparknimstompgit_0.1.3/.git/hooks/post-update.sample')
rmdir('/tmp/nimble_12386/githubcom_subsetparknimstompgit_0.1.3/.git/hooks')
unlink('/tmp/nimble_12386/githubcom_subsetparknimstompgit_0.1.3/.git/index')
unlink('/tmp/nimble_12386/githubcom_subsetparknimstompgit_0.1.3/.git/info/exclude')
rmdir('/tmp/nimble_12386/githubcom_subsetparknimstompgit_0.1.3/.git/info')
unlink('/tmp/nimble_12386/githubcom_subsetparknimstompgit_0.1.3/.git/shallow')
unlink('/tmp/nimble_12386/githubcom_subsetparknimstompgit_0.1.3/.git/description')
unlink('/tmp/nimble_12386/githubcom_subsetparknimstompgit_0.1.3/.git/objects/pack/pack-432697bda2c69d8688f94963ccaae19be8ee00d9.pack')
unlink('/tmp/nimble_12386/githubcom_subsetparknimstompgit_0.1.3/.git/objects/pack/pack-432697bda2c69d8688f94963ccaae19be8ee00d9.idx')
rmdir('/tmp/nimble_12386/githubcom_subsetparknimstompgit_0.1.3/.git/objects/pack')
rmdir('/tmp/nimble_12386/githubcom_subsetparknimstompgit_0.1.3/.git/objects/info')
rmdir('/tmp/nimble_12386/githubcom_subsetparknimstompgit_0.1.3/.git/objects')
rmdir('/tmp/nimble_12386/githubcom_subsetparknimstompgit_0.1.3/.git')
unlink('/tmp/nimble_12386/githubcom_subsetparknimstompgit_0.1.3/stomp.nim')
unlink('/tmp/nimble_12386/githubcom_subsetparknimstompgit_0.1.3/.hgignore')
unlink('/tmp/nimble_12386/githubcom_subsetparknimstompgit_0.1.3/README.md')
unlink('/tmp/nimble_12386/githubcom_subsetparknimstompgit_0.1.3/stomp.nimble')
rmdir('/tmp/nimble_12386/githubcom_subsetparknimstompgit_0.1.3')
unlink('/tmp/nimble_12386/githubcom_makingspacecittadino/examples/send_receive.nim')
unlink('/tmp/nimble_12386/githubcom_makingspacecittadino/examples/send_receive.nims')
rmdir('/tmp/nimble_12386/githubcom_makingspacecittadino/examples')
unlink('/tmp/nimble_12386/githubcom_makingspacecittadino/src/cittadino.nim')
rmdir('/tmp/nimble_12386/githubcom_makingspacecittadino/src')
unlink('/tmp/nimble_12386/githubcom_makingspacecittadino/.gitignore')
unlink('/tmp/nimble_12386/githubcom_makingspacecittadino/cittadino.nimble')
unlink('/tmp/nimble_12386/githubcom_makingspacecittadino/.git/HEAD')
unlink('/tmp/nimble_12386/githubcom_makingspacecittadino/.git/config')
unlink('/tmp/nimble_12386/githubcom_makingspacecittadino/.git/logs/HEAD')
rmdir('/tmp/nimble_12386/githubcom_makingspacecittadino/.git/logs')
rmdir('/tmp/nimble_12386/githubcom_makingspacecittadino/.git/branches')
unlink('/tmp/nimble_12386/githubcom_makingspacecittadino/.git/packed-refs')
rmdir('/tmp/nimble_12386/githubcom_makingspacecittadino/.git/refs/heads')
rmdir('/tmp/nimble_12386/githubcom_makingspacecittadino/.git/refs/tags')
rmdir('/tmp/nimble_12386/githubcom_makingspacecittadino/.git/refs')
unlink('/tmp/nimble_12386/githubcom_makingspacecittadino/.git/hooks/fsmonitor-watchman.sample')
unlink('/tmp/nimble_12386/githubcom_makingspacecittadino/.git/hooks/pre-rebase.sample')
unlink('/tmp/nimble_12386/githubcom_makingspacecittadino/.git/hooks/pre-push.sample')
unlink('/tmp/nimble_12386/githubcom_makingspacecittadino/.git/hooks/pre-applypatch.sample')
unlink('/tmp/nimble_12386/githubcom_makingspacecittadino/.git/hooks/pre-receive.sample')
unlink('/tmp/nimble_12386/githubcom_makingspacecittadino/.git/hooks/commit-msg.sample')
unlink('/tmp/nimble_12386/githubcom_makingspacecittadino/.git/hooks/pre-merge-commit.sample')
unlink('/tmp/nimble_12386/githubcom_makingspacecittadino/.git/hooks/prepare-commit-msg.sample')
unlink('/tmp/nimble_12386/githubcom_makingspacecittadino/.git/hooks/pre-commit.sample')
unlink('/tmp/nimble_12386/githubcom_makingspacecittadino/.git/hooks/update.sample')
unlink('/tmp/nimble_12386/githubcom_makingspacecittadino/.git/hooks/applypatch-msg.sample')
unlink('/tmp/nimble_12386/githubcom_makingspacecittadino/.git/hooks/post-update.sample')
rmdir('/tmp/nimble_12386/githubcom_makingspacecittadino/.git/hooks')
unlink('/tmp/nimble_12386/githubcom_makingspacecittadino/.git/index')
unlink('/tmp/nimble_12386/githubcom_makingspacecittadino/.git/info/exclude')
rmdir('/tmp/nimble_12386/githubcom_makingspacecittadino/.git/info')
unlink('/tmp/nimble_12386/githubcom_makingspacecittadino/.git/shallow')
unlink('/tmp/nimble_12386/githubcom_makingspacecittadino/.git/description')
unlink('/tmp/nimble_12386/githubcom_makingspacecittadino/.git/objects/pack/pack-f604826cbddfd8e0805a386a75b12bdde80f0620.pack')
unlink('/tmp/nimble_12386/githubcom_makingspacecittadino/.git/objects/pack/pack-f604826cbddfd8e0805a386a75b12bdde80f0620.idx')
rmdir('/tmp/nimble_12386/githubcom_makingspacecittadino/.git/objects/pack')
rmdir('/tmp/nimble_12386/githubcom_makingspacecittadino/.git/objects/info')
rmdir('/tmp/nimble_12386/githubcom_makingspacecittadino/.git/objects')
rmdir('/tmp/nimble_12386/githubcom_makingspacecittadino/.git')
unlink('/tmp/nimble_12386/githubcom_makingspacecittadino/tests/test1.nim')
unlink('/tmp/nimble_12386/githubcom_makingspacecittadino/tests/test1.nims')
unlink('/tmp/nimble_12386/githubcom_makingspacecittadino/tests/patches/stompPatch.nim')
rmdir('/tmp/nimble_12386/githubcom_makingspacecittadino/tests/patches')
rmdir('/tmp/nimble_12386/githubcom_makingspacecittadino/tests')
rmdir('/tmp/nimble_12386/githubcom_makingspacecittadino')
rmdir('/tmp/nimble_12386')
  create directory /tmp
  create directory /tmp/nimble_12386
  create directory /tmp/nimble_12386/githubcom_makingspacecittadino
  delete /tmp/nimble_12386/githubcom_makingspacecittadino
  create directory /tmp/nimble_12386/githubcom_makingspacecittadino
  create directory /tmp/nimble_12386/githubcom_makingspacecittadino/.git
  create directory /tmp/nimble_12386/githubcom_makingspacecittadino/.git
  create directory /tmp/nimble_12386/githubcom_makingspacecittadino/.git/branches
  create directory /tmp/nimble_12386/githubcom_makingspacecittadino/.git/hooks
  create directory /tmp/nimble_12386/githubcom_makingspacecittadino/.git/info
  create directory /tmp/nimble_12386/githubcom_makingspacecittadino/.git/refs
  create directory /tmp/nimble_12386/githubcom_makingspacecittadino/.git/refs/heads
  create directory /tmp/nimble_12386/githubcom_makingspacecittadino/.git/refs/tags
  rename /tmp/nimble_12386/githubcom_makingspacecittadino/.git/HEAD.lock to HEAD
  rename /tmp/nimble_12386/githubcom_makingspacecittadino/.git/config.lock to config
  change permissions of /tmp/nimble_12386/githubcom_makingspacecittadino/.git/config to rwxr--r--
  change permissions of /tmp/nimble_12386/githubcom_makingspacecittadino/.git/config to rw-r--r--
  change permissions of /tmp/nimble_12386/githubcom_makingspacecittadino/.git/config.lock to rw-r--r--
  rename /tmp/nimble_12386/githubcom_makingspacecittadino/.git/config.lock to config
  change permissions of /tmp/nimble_12386/githubcom_makingspacecittadino/.git/config.lock to rw-r--r--
  rename /tmp/nimble_12386/githubcom_makingspacecittadino/.git/config.lock to config
  change permissions of /tmp/nimble_12386/githubcom_makingspacecittadino/.git/config.lock to rw-r--r--
  rename /tmp/nimble_12386/githubcom_makingspacecittadino/.git/config.lock to config
  delete /tmp/nimble_12386/githubcom_makingspacecittadino/.git/tJUOtFY
  create symbolic link from /tmp/nimble_12386/githubcom_makingspacecittadino/.git/tJUOtFY to /home/runner/work/nim_packages_security_audit/nim_packages_security_audit/testing
  delete /tmp/nimble_12386/githubcom_makingspacecittadino/.git/tJUOtFY
  create directory /tmp/nimble_12386/githubcom_makingspacecittadino/.git/objects
  create directory /tmp/nimble_12386/githubcom_makingspacecittadino/.git/objects/pack
  create directory /tmp/nimble_12386/githubcom_makingspacecittadino/.git/objects/info
  change permissions of /tmp/nimble_12386/githubcom_makingspacecittadino/.git/config.lock to rw-r--r--
  rename /tmp/nimble_12386/githubcom_makingspacecittadino/.git/config.lock to config
  change permissions of /tmp/nimble_12386/githubcom_makingspacecittadino/.git/config.lock to rw-r--r--
  rename /tmp/nimble_12386/githubcom_makingspacecittadino/.git/config.lock to config
  change permissions of /tmp/nimble_12386/githubcom_makingspacecittadino/.git/config.lock to rw-r--r--
  rename /tmp/nimble_12386/githubcom_makingspacecittadino/.git/config.lock to config
  create hard link from /tmp/nimble_12386/githubcom_makingspacecittadino/.git/objects/pack/pack-f604826cbddfd8e0805a386a75b12bdde80f0620.pack to /tmp/nimble_12386/githubcom_makingspacecittadino/.git/objects/pack/tmp_pack_R9QvnX
  delete /tmp/nimble_12386/githubcom_makingspacecittadino/.git/objects/pack/tmp_pack_R9QvnX
  create hard link from /tmp/nimble_12386/githubcom_makingspacecittadino/.git/objects/pack/pack-f604826cbddfd8e0805a386a75b12bdde80f0620.idx to /tmp/nimble_12386/githubcom_makingspacecittadino/.git/objects/pack/tmp_idx_tBp5n6
  delete /tmp/nimble_12386/githubcom_makingspacecittadino/.git/objects/pack/tmp_idx_tBp5n6
  rename /tmp/nimble_12386/githubcom_makingspacecittadino/.git/shallow.lock to shallow
  rename /tmp/nimble_12386/githubcom_makingspacecittadino/.git/packed-refs.new to packed-refs
  delete /tmp/nimble_12386/githubcom_makingspacecittadino/.git/packed-refs.lock
  delete /tmp/nimble_12386/githubcom_makingspacecittadino/.git/refs/tags/0.1.4.lock
  create directory /tmp/nimble_12386/githubcom_makingspacecittadino/.git/logs
  rename /tmp/nimble_12386/githubcom_makingspacecittadino/.git/HEAD.lock to HEAD
  delete /tmp/nimble_12386/githubcom_makingspacecittadino/.git/objects/pack/pack-f604826cbddfd8e0805a386a75b12bdde80f0620.keep
  create directory /tmp/nimble_12386/githubcom_makingspacecittadino/examples
  create directory /tmp/nimble_12386/githubcom_makingspacecittadino/src
  create directory /tmp/nimble_12386/githubcom_makingspacecittadino/tests
  create directory /tmp/nimble_12386/githubcom_makingspacecittadino/tests/patches
  rename /tmp/nimble_12386/githubcom_makingspacecittadino/.git/index.lock to index
  create directory /tmp
  create directory /tmp/nimblecache
  create directory /tmp/nimblecache/cittadino_3801568646
  delete /tmp/nimblecache/cittadino_3801568646/cittadino.ini
  delete /tmp/nimble_12386.out
  delete /tmp/nimble_12386/githubcom_makingspacecittadino/cittadino_12386.nims
  create directory /tmp
  create directory /tmp/nimble_12386
  create directory /tmp/nimble_12386/githubcom_subsetparknimstompgit_0.1.3
  delete /tmp/nimble_12386/githubcom_subsetparknimstompgit_0.1.3
  create directory /tmp/nimble_12386/githubcom_subsetparknimstompgit_0.1.3
  create directory /tmp/nimble_12386/githubcom_subsetparknimstompgit_0.1.3/.git
  create directory /tmp/nimble_12386/githubcom_subsetparknimstompgit_0.1.3/.git
  create directory /tmp/nimble_12386/githubcom_subsetparknimstompgit_0.1.3/.git/branches
  create directory /tmp/nimble_12386/githubcom_subsetparknimstompgit_0.1.3/.git/hooks
  create directory /tmp/nimble_12386/githubcom_subsetparknimstompgit_0.1.3/.git/info
  create directory /tmp/nimble_12386/githubcom_subsetparknimstompgit_0.1.3/.git/refs
  create directory /tmp/nimble_12386/githubcom_subsetparknimstompgit_0.1.3/.git/refs/heads
  create directory /tmp/nimble_12386/githubcom_subsetparknimstompgit_0.1.3/.git/refs/tags
  rename /tmp/nimble_12386/githubcom_subsetparknimstompgit_0.1.3/.git/HEAD.lock to HEAD
  rename /tmp/nimble_12386/githubcom_subsetparknimstompgit_0.1.3/.git/config.lock to config
  change permissions of /tmp/nimble_12386/githubcom_subsetparknimstompgit_0.1.3/.git/config to rwxr--r--
  change permissions of /tmp/nimble_12386/githubcom_subsetparknimstompgit_0.1.3/.git/config to rw-r--r--
  change permissions of /tmp/nimble_12386/githubcom_subsetparknimstompgit_0.1.3/.git/config.lock to rw-r--r--
  rename /tmp/nimble_12386/githubcom_subsetparknimstompgit_0.1.3/.git/config.lock to config
  change permissions of /tmp/nimble_12386/githubcom_subsetparknimstompgit_0.1.3/.git/config.lock to rw-r--r--
  rename /tmp/nimble_12386/githubcom_subsetparknimstompgit_0.1.3/.git/config.lock to config
  change permissions of /tmp/nimble_12386/githubcom_subsetparknimstompgit_0.1.3/.git/config.lock to rw-r--r--
  rename /tmp/nimble_12386/githubcom_subsetparknimstompgit_0.1.3/.git/config.lock to config
  delete /tmp/nimble_12386/githubcom_subsetparknimstompgit_0.1.3/.git/t7jsvNY
  create symbolic link from /tmp/nimble_12386/githubcom_subsetparknimstompgit_0.1.3/.git/t7jsvNY to /home/runner/work/nim_packages_security_audit/nim_packages_security_audit/testing
  delete /tmp/nimble_12386/githubcom_subsetparknimstompgit_0.1.3/.git/t7jsvNY
  create directory /tmp/nimble_12386/githubcom_subsetparknimstompgit_0.1.3/.git/objects
  create directory /tmp/nimble_12386/githubcom_subsetparknimstompgit_0.1.3/.git/objects/pack
  create directory /tmp/nimble_12386/githubcom_subsetparknimstompgit_0.1.3/.git/objects/info
  change permissions of /tmp/nimble_12386/githubcom_subsetparknimstompgit_0.1.3/.git/config.lock to rw-r--r--
  rename /tmp/nimble_12386/githubcom_subsetparknimstompgit_0.1.3/.git/config.lock to config
  change permissions of /tmp/nimble_12386/githubcom_subsetparknimstompgit_0.1.3/.git/config.lock to rw-r--r--
  rename /tmp/nimble_12386/githubcom_subsetparknimstompgit_0.1.3/.git/config.lock to config
  change permissions of /tmp/nimble_12386/githubcom_subsetparknimstompgit_0.1.3/.git/config.lock to rw-r--r--
  rename /tmp/nimble_12386/githubcom_subsetparknimstompgit_0.1.3/.git/config.lock to config
  create hard link from /tmp/nimble_12386/githubcom_subsetparknimstompgit_0.1.3/.git/objects/pack/pack-432697bda2c69d8688f94963ccaae19be8ee00d9.pack to /tmp/nimble_12386/githubcom_subsetparknimstompgit_0.1.3/.git/objects/pack/tmp_pack_JNZTv3
  delete /tmp/nimble_12386/githubcom_subsetparknimstompgit_0.1.3/.git/objects/pack/tmp_pack_JNZTv3
  create hard link from /tmp/nimble_12386/githubcom_subsetparknimstompgit_0.1.3/.git/objects/pack/pack-432697bda2c69d8688f94963ccaae19be8ee00d9.idx to /tmp/nimble_12386/githubcom_subsetparknimstompgit_0.1.3/.git/objects/pack/tmp_idx_rI15x7
  delete /tmp/nimble_12386/githubcom_subsetparknimstompgit_0.1.3/.git/objects/pack/tmp_idx_rI15x7
  rename /tmp/nimble_12386/githubcom_subsetparknimstompgit_0.1.3/.git/shallow.lock to shallow
  rename /tmp/nimble_12386/githubcom_subsetparknimstompgit_0.1.3/.git/packed-refs.new to packed-refs
  delete /tmp/nimble_12386/githubcom_subsetparknimstompgit_0.1.3/.git/packed-refs.lock
  delete /tmp/nimble_12386/githubcom_subsetparknimstompgit_0.1.3/.git/refs/tags/0.1.3.lock
  create directory /tmp/nimble_12386/githubcom_subsetparknimstompgit_0.1.3/.git/logs
  rename /tmp/nimble_12386/githubcom_subsetparknimstompgit_0.1.3/.git/HEAD.lock to HEAD
  delete /tmp/nimble_12386/githubcom_subsetparknimstompgit_0.1.3/.git/objects/pack/pack-432697bda2c69d8688f94963ccaae19be8ee00d9.keep
  rename /tmp/nimble_12386/githubcom_subsetparknimstompgit_0.1.3/.git/index.lock to index
  create directory /tmp
  create directory /tmp/nimblecache
  create directory /tmp/nimblecache/stomp_2829785046
  delete /tmp/nimblecache/stomp_2829785046/stomp.ini
  delete /tmp/nimble_12386.out
  delete /tmp/nimble_12386/githubcom_subsetparknimstompgit_0.1.3/stomp_12386.nims
  create directory /home
  create directory /home/runner
  create directory /home/runner/.nimble
  create directory /home/runner/.nimble/pkgs
  create directory /home/runner/.nimble/pkgs/stomp-0.1.3
  create directory /home
  create directory /home/runner
  create directory /home/runner/.nimble
  create directory /home/runner/.nimble/pkgs
  create directory /home/runner/.nimble/pkgs/stomp-0.1.3
  change permissions of /home/runner/.nimble/pkgs/stomp-0.1.3/stomp.nim to rw-r--r--
  change permissions of /home/runner/.nimble/pkgs/stomp-0.1.3/stomp.nimble to rw-r--r--
  create directory /tmp
  create directory /tmp/nimblecache
  create directory /tmp/nimblecache/stomp_2640831644
  delete /tmp/nimblecache/stomp_2640831644/stomp.ini
  delete /tmp/nimble_12386.out
  delete /home/runner/.nimble/pkgs/stomp-0.1.3/stomp_12386.nims
  create directory /home
  create directory /home/runner
  create directory /home/runner/.nimble
  create directory /home/runner/.nimble/pkgs
  create directory /home/runner/.nimble/pkgs/cittadino-0.1.4
  create directory /home
  create directory /home/runner
  create directory /home/runner/.nimble
  create directory /home/runner/.nimble/pkgs
  create directory /home/runner/.nimble/pkgs/cittadino-0.1.4
  change permissions of /home/runner/.nimble/pkgs/cittadino-0.1.4/cittadino.nim to rw-r--r--
  change permissions of /home/runner/.nimble/pkgs/cittadino-0.1.4/cittadino.nimble to rw-r--r--
  create directory /tmp
  create directory /tmp/nimblecache
  create directory /tmp/nimblecache/cittadino_662649745
  delete /tmp/nimblecache/cittadino_662649745/cittadino.ini
  delete /tmp/nimble_12386.out
  delete /home/runner/.nimble/pkgs/cittadino-0.1.4/cittadino_12386.nims
  delete /tmp/nimble_12386/githubcom_subsetparknimstompgit_0.1.3/Makefile
  delete /tmp/nimble_12386/githubcom_subsetparknimstompgit_0.1.3/.git/HEAD
  delete /tmp/nimble_12386/githubcom_subsetparknimstompgit_0.1.3/.git/config
  delete /tmp/nimble_12386/githubcom_subsetparknimstompgit_0.1.3/.git/logs/HEAD
  delete /tmp/nimble_12386/githubcom_subsetparknimstompgit_0.1.3/.git/logs
  delete /tmp/nimble_12386/githubcom_subsetparknimstompgit_0.1.3/.git/branches
  delete /tmp/nimble_12386/githubcom_subsetparknimstompgit_0.1.3/.git/packed-refs
  delete /tmp/nimble_12386/githubcom_subsetparknimstompgit_0.1.3/.git/refs/heads
  delete /tmp/nimble_12386/githubcom_subsetparknimstompgit_0.1.3/.git/refs/tags
  delete /tmp/nimble_12386/githubcom_subsetparknimstompgit_0.1.3/.git/refs
  delete /tmp/nimble_12386/githubcom_subsetparknimstompgit_0.1.3/.git/hooks/fsmonitor-watchman.sample
  delete /tmp/nimble_12386/githubcom_subsetparknimstompgit_0.1.3/.git/hooks/pre-rebase.sample
  delete /tmp/nimble_12386/githubcom_subsetparknimstompgit_0.1.3/.git/hooks/pre-push.sample
  delete /tmp/nimble_12386/githubcom_subsetparknimstompgit_0.1.3/.git/hooks/pre-applypatch.sample
  delete /tmp/nimble_12386/githubcom_subsetparknimstompgit_0.1.3/.git/hooks/pre-receive.sample
  delete /tmp/nimble_12386/githubcom_subsetparknimstompgit_0.1.3/.git/hooks/commit-msg.sample
  delete /tmp/nimble_12386/githubcom_subsetparknimstompgit_0.1.3/.git/hooks/pre-merge-commit.sample
  delete /tmp/nimble_12386/githubcom_subsetparknimstompgit_0.1.3/.git/hooks/prepare-commit-msg.sample
  delete /tmp/nimble_12386/githubcom_subsetparknimstompgit_0.1.3/.git/hooks/pre-commit.sample
  delete /tmp/nimble_12386/githubcom_subsetparknimstompgit_0.1.3/.git/hooks/update.sample
  delete /tmp/nimble_12386/githubcom_subsetparknimstompgit_0.1.3/.git/hooks/applypatch-msg.sample
  delete /tmp/nimble_12386/githubcom_subsetparknimstompgit_0.1.3/.git/hooks/post-update.sample
  delete /tmp/nimble_12386/githubcom_subsetparknimstompgit_0.1.3/.git/hooks
  delete /tmp/nimble_12386/githubcom_subsetparknimstompgit_0.1.3/.git/index
  delete /tmp/nimble_12386/githubcom_subsetparknimstompgit_0.1.3/.git/info/exclude
  delete /tmp/nimble_12386/githubcom_subsetparknimstompgit_0.1.3/.git/info
  delete /tmp/nimble_12386/githubcom_subsetparknimstompgit_0.1.3/.git/shallow
  delete /tmp/nimble_12386/githubcom_subsetparknimstompgit_0.1.3/.git/description
  delete /tmp/nimble_12386/githubcom_subsetparknimstompgit_0.1.3/.git/objects/pack/pack-432697bda2c69d8688f94963ccaae19be8ee00d9.pack
  delete /tmp/nimble_12386/githubcom_subsetparknimstompgit_0.1.3/.git/objects/pack/pack-432697bda2c69d8688f94963ccaae19be8ee00d9.idx
  delete /tmp/nimble_12386/githubcom_subsetparknimstompgit_0.1.3/.git/objects/pack
  delete /tmp/nimble_12386/githubcom_subsetparknimstompgit_0.1.3/.git/objects/info
  delete /tmp/nimble_12386/githubcom_subsetparknimstompgit_0.1.3/.git/objects
  delete /tmp/nimble_12386/githubcom_subsetparknimstompgit_0.1.3/.git
  delete /tmp/nimble_12386/githubcom_subsetparknimstompgit_0.1.3/stomp.nim
  delete /tmp/nimble_12386/githubcom_subsetparknimstompgit_0.1.3/.hgignore
  delete /tmp/nimble_12386/githubcom_subsetparknimstompgit_0.1.3/README.md
  delete /tmp/nimble_12386/githubcom_subsetparknimstompgit_0.1.3/stomp.nimble
  delete /tmp/nimble_12386/githubcom_subsetparknimstompgit_0.1.3
  delete /tmp/nimble_12386/githubcom_makingspacecittadino/examples/send_receive.nim
  delete /tmp/nimble_12386/githubcom_makingspacecittadino/examples/send_receive.nims
  delete /tmp/nimble_12386/githubcom_makingspacecittadino/examples
  delete /tmp/nimble_12386/githubcom_makingspacecittadino/src/cittadino.nim
  delete /tmp/nimble_12386/githubcom_makingspacecittadino/src
  delete /tmp/nimble_12386/githubcom_makingspacecittadino/.gitignore
  delete /tmp/nimble_12386/githubcom_makingspacecittadino/cittadino.nimble
  delete /tmp/nimble_12386/githubcom_makingspacecittadino/.git/HEAD
  delete /tmp/nimble_12386/githubcom_makingspacecittadino/.git/config
  delete /tmp/nimble_12386/githubcom_makingspacecittadino/.git/logs/HEAD
  delete /tmp/nimble_12386/githubcom_makingspacecittadino/.git/logs
  delete /tmp/nimble_12386/githubcom_makingspacecittadino/.git/branches
  delete /tmp/nimble_12386/githubcom_makingspacecittadino/.git/packed-refs
  delete /tmp/nimble_12386/githubcom_makingspacecittadino/.git/refs/heads
  delete /tmp/nimble_12386/githubcom_makingspacecittadino/.git/refs/tags
  delete /tmp/nimble_12386/githubcom_makingspacecittadino/.git/refs
  delete /tmp/nimble_12386/githubcom_makingspacecittadino/.git/hooks/fsmonitor-watchman.sample
  delete /tmp/nimble_12386/githubcom_makingspacecittadino/.git/hooks/pre-rebase.sample
  delete /tmp/nimble_12386/githubcom_makingspacecittadino/.git/hooks/pre-push.sample
  delete /tmp/nimble_12386/githubcom_makingspacecittadino/.git/hooks/pre-applypatch.sample
  delete /tmp/nimble_12386/githubcom_makingspacecittadino/.git/hooks/pre-receive.sample
  delete /tmp/nimble_12386/githubcom_makingspacecittadino/.git/hooks/commit-msg.sample
  delete /tmp/nimble_12386/githubcom_makingspacecittadino/.git/hooks/pre-merge-commit.sample
  delete /tmp/nimble_12386/githubcom_makingspacecittadino/.git/hooks/prepare-commit-msg.sample
  delete /tmp/nimble_12386/githubcom_makingspacecittadino/.git/hooks/pre-commit.sample
  delete /tmp/nimble_12386/githubcom_makingspacecittadino/.git/hooks/update.sample
  delete /tmp/nimble_12386/githubcom_makingspacecittadino/.git/hooks/applypatch-msg.sample
  delete /tmp/nimble_12386/githubcom_makingspacecittadino/.git/hooks/post-update.sample
  delete /tmp/nimble_12386/githubcom_makingspacecittadino/.git/hooks
  delete /tmp/nimble_12386/githubcom_makingspacecittadino/.git/index
  delete /tmp/nimble_12386/githubcom_makingspacecittadino/.git/info/exclude
  delete /tmp/nimble_12386/githubcom_makingspacecittadino/.git/info
  delete /tmp/nimble_12386/githubcom_makingspacecittadino/.git/shallow
  delete /tmp/nimble_12386/githubcom_makingspacecittadino/.git/description
  delete /tmp/nimble_12386/githubcom_makingspacecittadino/.git/objects/pack/pack-f604826cbddfd8e0805a386a75b12bdde80f0620.pack
  delete /tmp/nimble_12386/githubcom_makingspacecittadino/.git/objects/pack/pack-f604826cbddfd8e0805a386a75b12bdde80f0620.idx
  delete /tmp/nimble_12386/githubcom_makingspacecittadino/.git/objects/pack
  delete /tmp/nimble_12386/githubcom_makingspacecittadino/.git/objects/info
  delete /tmp/nimble_12386/githubcom_makingspacecittadino/.git/objects
  delete /tmp/nimble_12386/githubcom_makingspacecittadino/.git
  delete /tmp/nimble_12386/githubcom_makingspacecittadino/tests/test1.nim
  delete /tmp/nimble_12386/githubcom_makingspacecittadino/tests/test1.nims
  delete /tmp/nimble_12386/githubcom_makingspacecittadino/tests/patches/stompPatch.nim
  delete /tmp/nimble_12386/githubcom_makingspacecittadino/tests/patches
  delete /tmp/nimble_12386/githubcom_makingspacecittadino/tests
  delete /tmp/nimble_12386/githubcom_makingspacecittadino
  delete /tmp/nimble_12386
