      Info: Package cache path /home/runner/.nimble/pkgcache
     Info:  Nimble data file "/home/runner/.nimble/nimbledata2.json" has been loaded.
    Reading official package list
Downloading https://github.com/nigredo-tori/classy using git
    Cloning latest tagged version: v0.0.4
open('/workspace/destdir/ssl/openssl.cnf', 32768, 0x00000000000001b6)
open('/home/runner/.config/nimble/nimble.ini', 557056, 0x00000000000001b6)
open('/home/runner/.config/babel/babel.ini', 557056, 0x00000000000001b6)
writev(1, 0x00007ffc9f14ef70, 2)
open('/home/runner/.nimble/nimbledata2.json', 557056, 0x00000000000001b6)
writev(1, 0x00007ffc9f14f040, 2)
writev(1, 0x00007ffd7d19a270, 2)
writev(1, 0x00007ffd7d19a300, 2)
writev(1, 0x00007ffd7d19a300, 2)
writev(1, 0x00007ffd7d19a300, 2)
writev(1, 0x00007ffc9f14da20, 2)
open('/home/runner/.nimble/packages_official.json', 557056, 0x00000000000001b6)
mkdir('/home/', 0x00000000000001ff)
mkdir('/home/runner/', 0x00000000000001ff)
mkdir('/home/runner/.nimble/', 0x00000000000001ff)
mkdir('/home/runner/.nimble/pkgcache/', 0x00000000000001ff)
mkdir('/home/runner/.nimble/pkgcache/githubcom_nigredotoriclassy', 0x00000000000001ff)
open('/home/runner/.nimble/pkgcache/githubcom_nigredotoriclassy', 622592, 0x0000000000000000)
writev(1, 0x00007ffc9f14db00, 2)
open('/home/runner/.nimble/pkgcache/githubcom_nigredotoriclassy', 622592, 0x0000000000000000)
rmdir('/home/runner/.nimble/pkgcache/githubcom_nigredotoriclassy')
writev(1, 0x00007ffc9f14d9f0, 2)
mkdir(94154500602656, 0x00000000000001ff)
Error tracing process: readBytes(0x000055a20d8ffb20, 256) error: [Errno 5] Input/output error.
