     Info:  Nimble data file "/home/runner/.nimble/nimbledata2.json" has been loaded.
    Reading official package list
Downloading https://github.com/c-blake/cligen.git using git
    Cloning latest tagged version: 1.7.0
open('/workspace/destdir/ssl/openssl.cnf', 32768, 0x00000000000001b6)
open('/home/runner/.config/nimble/nimble.ini', 557056, 0x00000000000001b6)
open('/home/runner/.config/babel/babel.ini', 557056, 0x00000000000001b6)
open('/home/runner/.nimble/nimbledata2.json', 557056, 0x00000000000001b6)
writev(1, 0x00007ffc37b6cf90, 2)
writev(1, 0x00007ffc37b6c870, 2)
open('/home/runner/.nimble/packages_official.json', 557056, 0x00000000000001b6)
mkdir('/tmp/', 0x00000000000001ff)
mkdir('/tmp/nimble_2377/', 0x00000000000001ff)
mkdir('/tmp/nimble_2377/githubcom_cblakecligengit', 0x00000000000001ff)
writev(1, 0x00007ffc37b6c840, 2)
open('/tmp/nimble_2377/githubcom_cblakecligengit', 622592, 0x0000000000000000)
rmdir('/tmp/nimble_2377/githubcom_cblakecligengit')
writev(1, 0x00007ffc37b6c7b0, 2)
mkdir(94705269249072, 0x00000000000001ff)
Error tracing process: readBytes(0x0000562249ee9430, 256) error: [Errno 5] Input/output error.
