      Info: Package cache path /home/runner/.nimble/pkgcache
     Info:  Nimble data file "/home/runner/.nimble/nimbledata2.json" has been loaded.
    Reading official package list
Downloading https://github.com/scemino/clipper2 using git
    Cloning latest tagged version: v0.2.0
open('/workspace/destdir/ssl/openssl.cnf', 32768, 0x00000000000001b6)
open('/home/runner/.config/nimble/nimble.ini', 557056, 0x00000000000001b6)
open('/home/runner/.config/babel/babel.ini', 557056, 0x00000000000001b6)
writev(1, 0x00007ffef8820750, 2)
open('/home/runner/.nimble/nimbledata2.json', 557056, 0x00000000000001b6)
writev(1, 0x00007ffef8820820, 2)
writev(1, 0x00007ffc549de510, 2)
writev(1, 0x00007ffc549de5a0, 2)
writev(1, 0x00007ffc549de5a0, 2)
writev(1, 0x00007ffc549de5a0, 2)
writev(1, 0x00007ffef881f200, 2)
open('/home/runner/.nimble/packages_official.json', 557056, 0x00000000000001b6)
mkdir('/home/', 0x00000000000001ff)
mkdir('/home/runner/', 0x00000000000001ff)
mkdir('/home/runner/.nimble/', 0x00000000000001ff)
mkdir('/home/runner/.nimble/pkgcache/', 0x00000000000001ff)
mkdir('/home/runner/.nimble/pkgcache/githubcom_sceminoclipper2', 0x00000000000001ff)
open('/home/runner/.nimble/pkgcache/githubcom_sceminoclipper2', 622592, 0x0000000000000000)
writev(1, 0x00007ffef881f2e0, 2)
open('/home/runner/.nimble/pkgcache/githubcom_sceminoclipper2', 622592, 0x0000000000000000)
rmdir('/home/runner/.nimble/pkgcache/githubcom_sceminoclipper2')
writev(1, 0x00007ffef881f1d0, 2)
mkdir(94865406212800, 0x00000000000001ff)
Error tracing process: readBytes(0x0000564792d6bac0, 256) error: [Errno 5] Input/output error.
