     Info:  Nimble data file "/home/runner/.nimble/nimbledata2.json" has been loaded.
    Reading official package list
Downloading https://github.com/rxi/cmixer-nim using git
   Warning: The package has no tagged releases, downloading HEAD instead.
open('/workspace/destdir/ssl/openssl.cnf', 32768, 0x00000000000001b6)
open('/home/runner/.config/nimble/nimble.ini', 557056, 0x00000000000001b6)
open('/home/runner/.config/babel/babel.ini', 557056, 0x00000000000001b6)
open('/home/runner/.nimble/nimbledata2.json', 557056, 0x00000000000001b6)
writev(1, 0x00007ffcd8b4c4e0, 2)
writev(1, 0x00007ffcd8b4bdc0, 2)
open('/home/runner/.nimble/packages_official.json', 557056, 0x00000000000001b6)
mkdir('/tmp/', 0x00000000000001ff)
mkdir('/tmp/nimble_2554/', 0x00000000000001ff)
mkdir('/tmp/nimble_2554/githubcom_rxicmixernim', 0x00000000000001ff)
writev(1, 0x00007ffcd8b4bd90, 2)
open('/tmp/nimble_2554/githubcom_rxicmixernim', 622592, 0x0000000000000000)
rmdir('/tmp/nimble_2554/githubcom_rxicmixernim')
writev(1, 0x00007ffcd8b4bd00, 2)
mkdir(94507566839664, 0x00000000000001ff)
Error tracing process: readBytes(0x000055f441f33770, 256) error: [Errno 5] Input/output error.
