     Info:  Nimble data file "/home/runner/.nimble/nimbledata2.json" has been loaded.
    Reading official package list
Downloading https://github.com/PMunch/libcoap using git
   Warning: The package has no tagged releases, downloading HEAD instead.
open('/workspace/destdir/ssl/openssl.cnf', 32768, 0x00000000000001b6)
open('/home/runner/.config/nimble/nimble.ini', 557056, 0x00000000000001b6)
open('/home/runner/.config/babel/babel.ini', 557056, 0x00000000000001b6)
open('/home/runner/.nimble/nimbledata2.json', 557056, 0x00000000000001b6)
writev(1, 0x00007fffd4a46a60, 2)
writev(1, 0x00007fffd4a46340, 2)
open('/home/runner/.nimble/packages_official.json', 557056, 0x00000000000001b6)
mkdir('/tmp/', 0x00000000000001ff)
mkdir('/tmp/nimble_2143/', 0x00000000000001ff)
mkdir('/tmp/nimble_2143/githubcom_PMunchlibcoap', 0x00000000000001ff)
writev(1, 0x00007fffd4a46310, 2)
open('/tmp/nimble_2143/githubcom_PMunchlibcoap', 622592, 0x0000000000000000)
rmdir('/tmp/nimble_2143/githubcom_PMunchlibcoap')
writev(1, 0x00007fffd4a46280, 2)
mkdir(94072100532704, 0x00000000000001ff)
Error tracing process: readBytes(0x0000558ede22b1e0, 256) error: [Errno 5] Input/output error.
