     Info:  Nimble data file "/home/runner/.nimble/nimbledata2.json" has been loaded.
    Reading official package list
Downloading https://github.com/casey-SK/commandant.git using git
    Cloning latest tagged version: 0.15.0
open('/workspace/destdir/ssl/openssl.cnf', 32768, 0x00000000000001b6)
open('/home/runner/.config/nimble/nimble.ini', 557056, 0x00000000000001b6)
open('/home/runner/.config/babel/babel.ini', 557056, 0x00000000000001b6)
open('/home/runner/.nimble/nimbledata2.json', 557056, 0x00000000000001b6)
writev(1, 0x00007ffdda1b5070, 2)
writev(1, 0x00007ffdda1b4950, 2)
open('/home/runner/.nimble/packages_official.json', 557056, 0x00000000000001b6)
mkdir('/tmp/', 0x00000000000001ff)
mkdir('/tmp/nimble_3475/', 0x00000000000001ff)
mkdir('/tmp/nimble_3475/githubcom_caseySKcommandantgit', 0x00000000000001ff)
writev(1, 0x00007ffdda1b4920, 2)
open('/tmp/nimble_3475/githubcom_caseySKcommandantgit', 622592, 0x0000000000000000)
rmdir('/tmp/nimble_3475/githubcom_caseySKcommandantgit')
writev(1, 0x00007ffdda1b4890, 2)
mkdir(94494830863648, 0x00000000000001ff)
Error tracing process: readBytes(0x000055f14ad3a520, 256) error: [Errno 5] Input/output error.
