     Info:  Nimble data file "/home/runner/.nimble/nimbledata2.json" has been loaded.
    Reading official package list
Downloading https://github.com/beef331/constructor using git
    Cloning latest tagged version: v1.2.0
open('/workspace/destdir/ssl/openssl.cnf', 32768, 0x00000000000001b6)
open('/home/runner/.config/nimble/nimble.ini', 557056, 0x00000000000001b6)
open('/home/runner/.config/babel/babel.ini', 557056, 0x00000000000001b6)
open('/home/runner/.nimble/nimbledata2.json', 557056, 0x00000000000001b6)
writev(1, 0x00007ffc27049f70, 2)
writev(1, 0x00007ffc27049850, 2)
open('/home/runner/.nimble/packages_official.json', 557056, 0x00000000000001b6)
mkdir('/tmp/', 0x00000000000001ff)
mkdir('/tmp/nimble_3374/', 0x00000000000001ff)
mkdir('/tmp/nimble_3374/githubcom_beef331constructor', 0x00000000000001ff)
writev(1, 0x00007ffc27049820, 2)
open('/tmp/nimble_3374/githubcom_beef331constructor', 622592, 0x0000000000000000)
rmdir('/tmp/nimble_3374/githubcom_beef331constructor')
writev(1, 0x00007ffc27049790, 2)
mkdir(93980728579104, 0x00000000000001ff)
Error tracing process: readBytes(0x0000557997f15420, 256) error: [Errno 5] Input/output error.
