     Info:  Nimble data file "/home/runner/.nimble/nimbledata2.json" has been loaded.
    Reading official package list
Downloading https://github.com/makingspace/nim_consul using git
    Cloning latest tagged version: 0.0.1
open('/workspace/destdir/ssl/openssl.cnf', 32768, 0x00000000000001b6)
open('/home/runner/.config/nimble/nimble.ini', 557056, 0x00000000000001b6)
open('/home/runner/.config/babel/babel.ini', 557056, 0x00000000000001b6)
open('/home/runner/.nimble/nimbledata2.json', 557056, 0x00000000000001b6)
writev(1, 0x00007fffae3254e0, 2)
writev(1, 0x00007fffae324dc0, 2)
open('/home/runner/.nimble/packages_official.json', 557056, 0x00000000000001b6)
mkdir('/tmp/', 0x00000000000001ff)
mkdir('/tmp/nimble_2747/', 0x00000000000001ff)
mkdir('/tmp/nimble_2747/githubcom_makingspacenimconsul', 0x00000000000001ff)
writev(1, 0x00007fffae324d90, 2)
open('/tmp/nimble_2747/githubcom_makingspacenimconsul', 622592, 0x0000000000000000)
rmdir('/tmp/nimble_2747/githubcom_makingspacenimconsul')
writev(1, 0x00007fffae324d00, 2)
mkdir(94097695286464, 0x00000000000001ff)
Error tracing process: readBytes(0x00005594d3b3a4c0, 256) error: [Errno 5] Input/output error.
