    Reading official package list
Downloading https://github.com/juancarlospaco/nim-contra using git
mkdir('/tmp', 0x00000000000001ff)
mkdir('/tmp/nimble_17424', 0x00000000000001ff)
mkdir('/tmp/nimble_17424/githubcom_juancarlospaconimcontra', 0x00000000000001ff)
rmdir('/tmp/nimble_17424/githubcom_juancarlospaconimcontra')
mkdir('/tmp/nimble_17424/githubcom_juancarlospaconimcontra', 0x00000000000001ff)
mkdir('/tmp/nimble_17424/githubcom_juancarlospaconimcontra/.git', 0x00000000000001ff)
mkdir('/tmp/nimble_17424/githubcom_juancarlospaconimcontra/.git/', 0x00000000000001ff)
mkdir('/tmp/nimble_17424/githubcom_juancarlospaconimcontra/.git/info/', 0x00000000000001ff)
mkdir('/tmp/nimble_17424/githubcom_juancarlospaconimcontra/.git/branches/', 0x00000000000001ff)
mkdir('/tmp/nimble_17424/githubcom_juancarlospaconimcontra/.git/hooks/', 0x00000000000001ff)
mkdir('/tmp/nimble_17424/githubcom_juancarlospaconimcontra/.git/refs', 0x00000000000001ff)
mkdir('/tmp/nimble_17424/githubcom_juancarlospaconimcontra/.git/refs/heads', 0x00000000000001ff)
mkdir('/tmp/nimble_17424/githubcom_juancarlospaconimcontra/.git/refs/tags', 0x00000000000001ff)
rename('/tmp/nimble_17424/githubcom_juancarlospaconimcontra/.git/HEAD.lock', '/tmp/nimble_17424/githubcom_juancarlospaconimcontra/.git/HEAD')
rename('/tmp/nimble_17424/githubcom_juancarlospaconimcontra/.git/config.lock', '/tmp/nimble_17424/githubcom_juancarlospaconimcontra/.git/config')
chmod('/tmp/nimble_17424/githubcom_juancarlospaconimcontra/.git/config', 0x00000000000081e4)
chmod('/tmp/nimble_17424/githubcom_juancarlospaconimcontra/.git/config', 0x00000000000081a4)
chmod('/tmp/nimble_17424/githubcom_juancarlospaconimcontra/.git/config.lock', 0x00000000000001a4)
rename('/tmp/nimble_17424/githubcom_juancarlospaconimcontra/.git/config.lock', '/tmp/nimble_17424/githubcom_juancarlospaconimcontra/.git/config')
chmod('/tmp/nimble_17424/githubcom_juancarlospaconimcontra/.git/config.lock', 0x00000000000001a4)
rename('/tmp/nimble_17424/githubcom_juancarlospaconimcontra/.git/config.lock', '/tmp/nimble_17424/githubcom_juancarlospaconimcontra/.git/config')
chmod('/tmp/nimble_17424/githubcom_juancarlospaconimcontra/.git/config.lock', 0x00000000000001a4)
rename('/tmp/nimble_17424/githubcom_juancarlospaconimcontra/.git/config.lock', '/tmp/nimble_17424/githubcom_juancarlospaconimcontra/.git/config')
unlink('/tmp/nimble_17424/githubcom_juancarlospaconimcontra/.git/tqysDJP')
symlink('testing', '/tmp/nimble_17424/githubcom_juancarlospaconimcontra/.git/tqysDJP')
unlink('/tmp/nimble_17424/githubcom_juancarlospaconimcontra/.git/tqysDJP')
mkdir('/tmp/nimble_17424/githubcom_juancarlospaconimcontra/.git/objects', 0x00000000000001ff)
mkdir('/tmp/nimble_17424/githubcom_juancarlospaconimcontra/.git/objects/pack', 0x00000000000001ff)
mkdir('/tmp/nimble_17424/githubcom_juancarlospaconimcontra/.git/objects/info', 0x00000000000001ff)
chmod('/tmp/nimble_17424/githubcom_juancarlospaconimcontra/.git/config.lock', 0x00000000000001a4)
rename('/tmp/nimble_17424/githubcom_juancarlospaconimcontra/.git/config.lock', '/tmp/nimble_17424/githubcom_juancarlospaconimcontra/.git/config')
chmod('/tmp/nimble_17424/githubcom_juancarlospaconimcontra/.git/config.lock', 0x00000000000001a4)
rename('/tmp/nimble_17424/githubcom_juancarlospaconimcontra/.git/config.lock', '/tmp/nimble_17424/githubcom_juancarlospaconimcontra/.git/config')
chmod('/tmp/nimble_17424/githubcom_juancarlospaconimcontra/.git/config.lock', 0x00000000000001a4)
rename('/tmp/nimble_17424/githubcom_juancarlospaconimcontra/.git/config.lock', '/tmp/nimble_17424/githubcom_juancarlospaconimcontra/.git/config')
mkdir('/tmp/nimble_17424/githubcom_juancarlospaconimcontra/.git/objects/f6', 0x00000000000001ff)
link('/tmp/nimble_17424/githubcom_juancarlospaconimcontra/.git/objects/f6/tmp_obj_M961DN', '/tmp/nimble_17424/githubcom_juancarlospaconimcontra/.git/objects/f6/6f35e8172aac92a33cb74906298a0f1222fd71')
unlink('/tmp/nimble_17424/githubcom_juancarlospaconimcontra/.git/objects/f6/tmp_obj_M961DN')
mkdir('/tmp/nimble_17424/githubcom_juancarlospaconimcontra/.git/objects/6c', 0x00000000000001ff)
link('/tmp/nimble_17424/githubcom_juancarlospaconimcontra/.git/objects/6c/tmp_obj_qKvisN', '/tmp/nimble_17424/githubcom_juancarlospaconimcontra/.git/objects/6c/b69dcca5d4e91e2424cfe48bda6d290e9a980a')
unlink('/tmp/nimble_17424/githubcom_juancarlospaconimcontra/.git/objects/6c/tmp_obj_qKvisN')
mkdir('/tmp/nimble_17424/githubcom_juancarlospaconimcontra/.git/objects/c1', 0x00000000000001ff)
link('/tmp/nimble_17424/githubcom_juancarlospaconimcontra/.git/objects/c1/tmp_obj_CCQYSL', '/tmp/nimble_17424/githubcom_juancarlospaconimcontra/.git/objects/c1/a4144bd8d2bb5b1d112a8b3b3fa7280b7f6641')
unlink('/tmp/nimble_17424/githubcom_juancarlospaconimcontra/.git/objects/c1/tmp_obj_CCQYSL')
mkdir('/tmp/nimble_17424/githubcom_juancarlospaconimcontra/.git/objects/31', 0x00000000000001ff)
link('/tmp/nimble_17424/githubcom_juancarlospaconimcontra/.git/objects/31/tmp_obj_4WDuHL', '/tmp/nimble_17424/githubcom_juancarlospaconimcontra/.git/objects/31/41ff73c45f34994f2ac19aace755b762e06630')
unlink('/tmp/nimble_17424/githubcom_juancarlospaconimcontra/.git/objects/31/tmp_obj_4WDuHL')
mkdir('/tmp/nimble_17424/githubcom_juancarlospaconimcontra/.git/objects/e9', 0x00000000000001ff)
link('/tmp/nimble_17424/githubcom_juancarlospaconimcontra/.git/objects/e9/tmp_obj_MjutDM', '/tmp/nimble_17424/githubcom_juancarlospaconimcontra/.git/objects/e9/7ad9c3353f39d7f58b90afca9d3106af71ce12')
unlink('/tmp/nimble_17424/githubcom_juancarlospaconimcontra/.git/objects/e9/tmp_obj_MjutDM')
mkdir('/tmp/nimble_17424/githubcom_juancarlospaconimcontra/.git/objects/df', 0x00000000000001ff)
link('/tmp/nimble_17424/githubcom_juancarlospaconimcontra/.git/objects/df/tmp_obj_mKad1N', '/tmp/nimble_17424/githubcom_juancarlospaconimcontra/.git/objects/df/66393e2cc3ee2863c542a3a7ed65acd1ae7747')
unlink('/tmp/nimble_17424/githubcom_juancarlospaconimcontra/.git/objects/df/tmp_obj_mKad1N')
mkdir('/tmp/nimble_17424/githubcom_juancarlospaconimcontra/.git/objects/43', 0x00000000000001ff)
link('/tmp/nimble_17424/githubcom_juancarlospaconimcontra/.git/objects/43/tmp_obj_0stETT', '/tmp/nimble_17424/githubcom_juancarlospaconimcontra/.git/objects/43/980bb42169acd109e65d4dbbb22b12bbaac522')
unlink('/tmp/nimble_17424/githubcom_juancarlospaconimcontra/.git/objects/43/tmp_obj_0stETT')
mkdir('/tmp/nimble_17424/githubcom_juancarlospaconimcontra/.git/objects/5f', 0x00000000000001ff)
link('/tmp/nimble_17424/githubcom_juancarlospaconimcontra/.git/objects/5f/tmp_obj_yazaIS', '/tmp/nimble_17424/githubcom_juancarlospaconimcontra/.git/objects/5f/55cc8d68f6a611e7ed0b52d150c822eae768bb')
unlink('/tmp/nimble_17424/githubcom_juancarlospaconimcontra/.git/objects/5f/tmp_obj_yazaIS')
mkdir('/tmp/nimble_17424/githubcom_juancarlospaconimcontra/.git/objects/49', 0x00000000000001ff)
link('/tmp/nimble_17424/githubcom_juancarlospaconimcontra/.git/objects/49/tmp_obj_sXFUeX', '/tmp/nimble_17424/githubcom_juancarlospaconimcontra/.git/objects/49/281dc3a459bbff592c5a768f97f19ffcff9118')
unlink('/tmp/nimble_17424/githubcom_juancarlospaconimcontra/.git/objects/49/tmp_obj_sXFUeX')
mkdir('/tmp/nimble_17424/githubcom_juancarlospaconimcontra/.git/objects/9c', 0x00000000000001ff)
link('/tmp/nimble_17424/githubcom_juancarlospaconimcontra/.git/objects/9c/tmp_obj_qCZllV', '/tmp/nimble_17424/githubcom_juancarlospaconimcontra/.git/objects/9c/596706b84286562b00cc0403d8547db175e66f')
unlink('/tmp/nimble_17424/githubcom_juancarlospaconimcontra/.git/objects/9c/tmp_obj_qCZllV')
mkdir('/tmp/nimble_17424/githubcom_juancarlospaconimcontra/.git/objects/5b', 0x00000000000001ff)
link('/tmp/nimble_17424/githubcom_juancarlospaconimcontra/.git/objects/5b/tmp_obj_1bpgeD', '/tmp/nimble_17424/githubcom_juancarlospaconimcontra/.git/objects/5b/36eb6d4743c351c4846a199e37ca747cfbbcf6')
unlink('/tmp/nimble_17424/githubcom_juancarlospaconimcontra/.git/objects/5b/tmp_obj_1bpgeD')
mkdir('/tmp/nimble_17424/githubcom_juancarlospaconimcontra/.git/objects/3c', 0x00000000000001ff)
link('/tmp/nimble_17424/githubcom_juancarlospaconimcontra/.git/objects/3c/tmp_obj_19H2LO', '/tmp/nimble_17424/githubcom_juancarlospaconimcontra/.git/objects/3c/a569853dcdd23a4e0f46732871ee9e4803fb55')
unlink('/tmp/nimble_17424/githubcom_juancarlospaconimcontra/.git/objects/3c/tmp_obj_19H2LO')       Info /tmp/nimble_17424/githubcom_juancarlospaconimcontra/contra_17424.nims(1, 8) Warning: imported and not used: 'system' [UnusedImport]
        ... /tmp/nimble_17424/githubcom_juancarlospaconimcontra/contra_17424.nims(5, 22) Warning: imported and not used: 'strutils' [UnusedImport]
  Verifying dependencies for contra@0.2.5
 Installing contra@0.2.5
    Copying file /tmp/nimble_17424/githubcom_juancarlospaconimcontra/src/assercho.h to /home/runner/.nimble/pkgs/contra-0.2.5/assercho.h
    Copying file /tmp/nimble_17424/githubcom_juancarlospaconimcontra/src/contra.nim to /home/runner/.nimble/pkgs/contra-0.2.5/contra.nim
    Copying file /tmp/nimble_17424/githubcom_juancarlospaconimcontra/contra.nimble to /home/runner/.nimble/pkgs/contra-0.2.5/contra.nimble
   Success: contra installed successfully.
       Info /home/runner/.nimble/pkgs/contra-0.2.5/contra_17424.nims(1, 8) Warning: imported and not used: 'system' [UnusedImport]
        ... /home/runner/.nimble/pkgs/contra-0.2.5/contra_17424.nims(5, 22) Warning: imported and not used: 'strutils' [UnusedImport]

mkdir('/tmp/nimble_17424/githubcom_juancarlospaconimcontra/.git/objects/4c', 0x00000000000001ff)
link('/tmp/nimble_17424/githubcom_juancarlospaconimcontra/.git/objects/4c/tmp_obj_znAl3T', '/tmp/nimble_17424/githubcom_juancarlospaconimcontra/.git/objects/4c/8c99c166065213859edf75fe344e155e34cb99')
unlink('/tmp/nimble_17424/githubcom_juancarlospaconimcontra/.git/objects/4c/tmp_obj_znAl3T')
mkdir('/tmp/nimble_17424/githubcom_juancarlospaconimcontra/.git/objects/77', 0x00000000000001ff)
link('/tmp/nimble_17424/githubcom_juancarlospaconimcontra/.git/objects/77/tmp_obj_nnfRfX', '/tmp/nimble_17424/githubcom_juancarlospaconimcontra/.git/objects/77/d6976689cc3134ee07e3d991f60f0dbed7c3d6')
unlink('/tmp/nimble_17424/githubcom_juancarlospaconimcontra/.git/objects/77/tmp_obj_nnfRfX')
rename('/tmp/nimble_17424/githubcom_juancarlospaconimcontra/.git/shallow.lock', '/tmp/nimble_17424/githubcom_juancarlospaconimcontra/.git/shallow')
rename('/tmp/nimble_17424/githubcom_juancarlospaconimcontra/.git/packed-refs.new', '/tmp/nimble_17424/githubcom_juancarlospaconimcontra/.git/packed-refs')
unlink('/tmp/nimble_17424/githubcom_juancarlospaconimcontra/.git/packed-refs.lock')
mkdir('/tmp/nimble_17424/githubcom_juancarlospaconimcontra/.git/refs/remotes', 0x00000000000001ff)
mkdir('/tmp/nimble_17424/githubcom_juancarlospaconimcontra/.git/refs/remotes/origin', 0x00000000000001ff)
mkdir('/tmp/nimble_17424/githubcom_juancarlospaconimcontra/.git/logs', 0x00000000000001ff)
mkdir('/tmp/nimble_17424/githubcom_juancarlospaconimcontra/.git/logs/refs', 0x00000000000001ff)
mkdir('/tmp/nimble_17424/githubcom_juancarlospaconimcontra/.git/logs/refs/remotes', 0x00000000000001ff)
mkdir('/tmp/nimble_17424/githubcom_juancarlospaconimcontra/.git/logs/refs/remotes/origin', 0x00000000000001ff)
rename('/tmp/nimble_17424/githubcom_juancarlospaconimcontra/.git/refs/remotes/origin/HEAD.lock', '/tmp/nimble_17424/githubcom_juancarlospaconimcontra/.git/refs/remotes/origin/HEAD')
rename('/tmp/nimble_17424/githubcom_juancarlospaconimcontra/.git/HEAD.lock', '/tmp/nimble_17424/githubcom_juancarlospaconimcontra/.git/HEAD')
mkdir('/tmp/nimble_17424/githubcom_juancarlospaconimcontra/.git/logs/refs/heads', 0x00000000000001ff)
rename('/tmp/nimble_17424/githubcom_juancarlospaconimcontra/.git/refs/heads/master.lock', '/tmp/nimble_17424/githubcom_juancarlospaconimcontra/.git/refs/heads/master')
unlink('/tmp/nimble_17424/githubcom_juancarlospaconimcontra/.git/HEAD.lock')
chmod('/tmp/nimble_17424/githubcom_juancarlospaconimcontra/.git/config.lock', 0x00000000000001a4)
rename('/tmp/nimble_17424/githubcom_juancarlospaconimcontra/.git/config.lock', '/tmp/nimble_17424/githubcom_juancarlospaconimcontra/.git/config')
chmod('/tmp/nimble_17424/githubcom_juancarlospaconimcontra/.git/config.lock', 0x00000000000001a4)
rename('/tmp/nimble_17424/githubcom_juancarlospaconimcontra/.git/config.lock', '/tmp/nimble_17424/githubcom_juancarlospaconimcontra/.git/config')
mkdir('.github', 0x00000000000001ff)
mkdir('src', 0x00000000000001ff)
rename('/tmp/nimble_17424/githubcom_juancarlospaconimcontra/.git/index.lock', '/tmp/nimble_17424/githubcom_juancarlospaconimcontra/.git/index')
mkdir('/tmp', 0x00000000000001ff)
mkdir('/tmp/nimblecache', 0x00000000000001ff)
mkdir('/tmp/nimblecache/contra_2603581693', 0x00000000000001ff)
unlink('/tmp/nimblecache/contra_2603581693/contra.ini')
unlink('/tmp/nimble_17424.out')
unlink('/tmp/nimble_17424/githubcom_juancarlospaconimcontra/contra_17424.nims')
mkdir('/home', 0x00000000000001ff)
mkdir('/home/runner', 0x00000000000001ff)
mkdir('/home/runner/.nimble', 0x00000000000001ff)
mkdir('/home/runner/.nimble/pkgs', 0x00000000000001ff)
mkdir('/home/runner/.nimble/pkgs/contra-0.2.5', 0x00000000000001ff)
mkdir('/home', 0x00000000000001ff)
mkdir('/home/runner', 0x00000000000001ff)
mkdir('/home/runner/.nimble', 0x00000000000001ff)
mkdir('/home/runner/.nimble/pkgs', 0x00000000000001ff)
mkdir('/home/runner/.nimble/pkgs/contra-0.2.5', 0x00000000000001ff)
chmod('/home/runner/.nimble/pkgs/contra-0.2.5/assercho.h', 0x00000000000001a4)
mkdir('/home', 0x00000000000001ff)
mkdir('/home/runner', 0x00000000000001ff)
mkdir('/home/runner/.nimble', 0x00000000000001ff)
mkdir('/home/runner/.nimble/pkgs', 0x00000000000001ff)
mkdir('/home/runner/.nimble/pkgs/contra-0.2.5', 0x00000000000001ff)
chmod('/home/runner/.nimble/pkgs/contra-0.2.5/contra.nim', 0x00000000000001a4)
chmod('/home/runner/.nimble/pkgs/contra-0.2.5/contra.nimble', 0x00000000000001a4)
mkdir('/tmp', 0x00000000000001ff)
mkdir('/tmp/nimblecache', 0x00000000000001ff)
mkdir('/tmp/nimblecache/contra_2958137452', 0x00000000000001ff)
unlink('/tmp/nimblecache/contra_2958137452/contra.ini')
unlink('/tmp/nimble_17424.out')
unlink('/home/runner/.nimble/pkgs/contra-0.2.5/contra_17424.nims')
unlink('/tmp/nimble_17424/githubcom_juancarlospaconimcontra/.github/FUNDING.yml')
rmdir('/tmp/nimble_17424/githubcom_juancarlospaconimcontra/.github')
unlink('/tmp/nimble_17424/githubcom_juancarlospaconimcontra/.git/refs/remotes/origin/HEAD')
rmdir('/tmp/nimble_17424/githubcom_juancarlospaconimcontra/.git/refs/remotes/origin')
rmdir('/tmp/nimble_17424/githubcom_juancarlospaconimcontra/.git/refs/remotes')
rmdir('/tmp/nimble_17424/githubcom_juancarlospaconimcontra/.git/refs/tags')
unlink('/tmp/nimble_17424/githubcom_juancarlospaconimcontra/.git/refs/heads/master')
rmdir('/tmp/nimble_17424/githubcom_juancarlospaconimcontra/.git/refs/heads')
rmdir('/tmp/nimble_17424/githubcom_juancarlospaconimcontra/.git/refs')
unlink('/tmp/nimble_17424/githubcom_juancarlospaconimcontra/.git/info/exclude')
rmdir('/tmp/nimble_17424/githubcom_juancarlospaconimcontra/.git/info')
rmdir('/tmp/nimble_17424/githubcom_juancarlospaconimcontra/.git/branches')
unlink('/tmp/nimble_17424/githubcom_juancarlospaconimcontra/.git/logs/refs/remotes/origin/HEAD')
rmdir('/tmp/nimble_17424/githubcom_juancarlospaconimcontra/.git/logs/refs/remotes/origin')
rmdir('/tmp/nimble_17424/githubcom_juancarlospaconimcontra/.git/logs/refs/remotes')
unlink('/tmp/nimble_17424/githubcom_juancarlospaconimcontra/.git/logs/refs/heads/master')
rmdir('/tmp/nimble_17424/githubcom_juancarlospaconimcontra/.git/logs/refs/heads')
rmdir('/tmp/nimble_17424/githubcom_juancarlospaconimcontra/.git/logs/refs')
unlink('/tmp/nimble_17424/githubcom_juancarlospaconimcontra/.git/logs/HEAD')
rmdir('/tmp/nimble_17424/githubcom_juancarlospaconimcontra/.git/logs')
unlink('/tmp/nimble_17424/githubcom_juancarlospaconimcontra/.git/description')
unlink('/tmp/nimble_17424/githubcom_juancarlospaconimcontra/.git/hooks/pre-rebase.sample')
unlink('/tmp/nimble_17424/githubcom_juancarlospaconimcontra/.git/hooks/applypatch-msg.sample')
unlink('/tmp/nimble_17424/githubcom_juancarlospaconimcontra/.git/hooks/pre-push.sample')
unlink('/tmp/nimble_17424/githubcom_juancarlospaconimcontra/.git/hooks/pre-merge-commit.sample')
unlink('/tmp/nimble_17424/githubcom_juancarlospaconimcontra/.git/hooks/pre-receive.sample')
unlink('/tmp/nimble_17424/githubcom_juancarlospaconimcontra/.git/hooks/update.sample')
unlink('/tmp/nimble_17424/githubcom_juancarlospaconimcontra/.git/hooks/pre-commit.sample')
unlink('/tmp/nimble_17424/githubcom_juancarlospaconimcontra/.git/hooks/pre-applypatch.sample')
unlink('/tmp/nimble_17424/githubcom_juancarlospaconimcontra/.git/hooks/commit-msg.sample')
unlink('/tmp/nimble_17424/githubcom_juancarlospaconimcontra/.git/hooks/fsmonitor-watchman.sample')
unlink('/tmp/nimble_17424/githubcom_juancarlospaconimcontra/.git/hooks/prepare-commit-msg.sample')
unlink('/tmp/nimble_17424/githubcom_juancarlospaconimcontra/.git/hooks/post-update.sample')
rmdir('/tmp/nimble_17424/githubcom_juancarlospaconimcontra/.git/hooks')
unlink('/tmp/nimble_17424/githubcom_juancarlospaconimcontra/.git/shallow')
unlink('/tmp/nimble_17424/githubcom_juancarlospaconimcontra/.git/config')
unlink('/tmp/nimble_17424/githubcom_juancarlospaconimcontra/.git/index')
unlink('/tmp/nimble_17424/githubcom_juancarlospaconimcontra/.git/objects/e9/7ad9c3353f39d7f58b90afca9d3106af71ce12')
rmdir('/tmp/nimble_17424/githubcom_juancarlospaconimcontra/.git/objects/e9')
unlink('/tmp/nimble_17424/githubcom_juancarlospaconimcontra/.git/objects/31/41ff73c45f34994f2ac19aace755b762e06630')
rmdir('/tmp/nimble_17424/githubcom_juancarlospaconimcontra/.git/objects/31')
unlink('/tmp/nimble_17424/githubcom_juancarlospaconimcontra/.git/objects/9c/596706b84286562b00cc0403d8547db175e66f')
rmdir('/tmp/nimble_17424/githubcom_juancarlospaconimcontra/.git/objects/9c')
rmdir('/tmp/nimble_17424/githubcom_juancarlospaconimcontra/.git/objects/info')
unlink('/tmp/nimble_17424/githubcom_juancarlospaconimcontra/.git/objects/5b/36eb6d4743c351c4846a199e37ca747cfbbcf6')
rmdir('/tmp/nimble_17424/githubcom_juancarlospaconimcontra/.git/objects/5b')
unlink('/tmp/nimble_17424/githubcom_juancarlospaconimcontra/.git/objects/5f/55cc8d68f6a611e7ed0b52d150c822eae768bb')
rmdir('/tmp/nimble_17424/githubcom_juancarlospaconimcontra/.git/objects/5f')
unlink('/tmp/nimble_17424/githubcom_juancarlospaconimcontra/.git/objects/df/66393e2cc3ee2863c542a3a7ed65acd1ae7747')
rmdir('/tmp/nimble_17424/githubcom_juancarlospaconimcontra/.git/objects/df')
unlink('/tmp/nimble_17424/githubcom_juancarlospaconimcontra/.git/objects/c1/a4144bd8d2bb5b1d112a8b3b3fa7280b7f6641')
rmdir('/tmp/nimble_17424/githubcom_juancarlospaconimcontra/.git/objects/c1')
unlink('/tmp/nimble_17424/githubcom_juancarlospaconimcontra/.git/objects/43/980bb42169acd109e65d4dbbb22b12bbaac522')
rmdir('/tmp/nimble_17424/githubcom_juancarlospaconimcontra/.git/objects/43')
unlink('/tmp/nimble_17424/githubcom_juancarlospaconimcontra/.git/objects/3c/a569853dcdd23a4e0f46732871ee9e4803fb55')
rmdir('/tmp/nimble_17424/githubcom_juancarlospaconimcontra/.git/objects/3c')
unlink('/tmp/nimble_17424/githubcom_juancarlospaconimcontra/.git/objects/f6/6f35e8172aac92a33cb74906298a0f1222fd71')
rmdir('/tmp/nimble_17424/githubcom_juancarlospaconimcontra/.git/objects/f6')
unlink('/tmp/nimble_17424/githubcom_juancarlospaconimcontra/.git/objects/49/281dc3a459bbff592c5a768f97f19ffcff9118')
rmdir('/tmp/nimble_17424/githubcom_juancarlospaconimcontra/.git/objects/49')
rmdir('/tmp/nimble_17424/githubcom_juancarlospaconimcontra/.git/objects/pack')
unlink('/tmp/nimble_17424/githubcom_juancarlospaconimcontra/.git/objects/4c/8c99c166065213859edf75fe344e155e34cb99')
rmdir('/tmp/nimble_17424/githubcom_juancarlospaconimcontra/.git/objects/4c')
unlink('/tmp/nimble_17424/githubcom_juancarlospaconimcontra/.git/objects/6c/b69dcca5d4e91e2424cfe48bda6d290e9a980a')
rmdir('/tmp/nimble_17424/githubcom_juancarlospaconimcontra/.git/objects/6c')
unlink('/tmp/nimble_17424/githubcom_juancarlospaconimcontra/.git/objects/77/d6976689cc3134ee07e3d991f60f0dbed7c3d6')
rmdir('/tmp/nimble_17424/githubcom_juancarlospaconimcontra/.git/objects/77')
rmdir('/tmp/nimble_17424/githubcom_juancarlospaconimcontra/.git/objects')
unlink('/tmp/nimble_17424/githubcom_juancarlospaconimcontra/.git/packed-refs')
unlink('/tmp/nimble_17424/githubcom_juancarlospaconimcontra/.git/HEAD')
rmdir('/tmp/nimble_17424/githubcom_juancarlospaconimcontra/.git')
unlink('/tmp/nimble_17424/githubcom_juancarlospaconimcontra/src/assercho.h')
unlink('/tmp/nimble_17424/githubcom_juancarlospaconimcontra/src/contra.nim')
rmdir('/tmp/nimble_17424/githubcom_juancarlospaconimcontra/src')
unlink('/tmp/nimble_17424/githubcom_juancarlospaconimcontra/assercho.png')
unlink('/tmp/nimble_17424/githubcom_juancarlospaconimcontra/selfdocumentdbc.png')
unlink('/tmp/nimble_17424/githubcom_juancarlospaconimcontra/contra.jpg')
unlink('/tmp/nimble_17424/githubcom_juancarlospaconimcontra/README.rst')
unlink('/tmp/nimble_17424/githubcom_juancarlospaconimcontra/contra.nimble')
unlink('/tmp/nimble_17424/githubcom_juancarlospaconimcontra/.gitignore')
unlink('/tmp/nimble_17424/githubcom_juancarlospaconimcontra/LICENSE')
rmdir('/tmp/nimble_17424/githubcom_juancarlospaconimcontra')
rmdir('/tmp/nimble_17424')
  create directory /tmp
  create directory /tmp/nimble_17424
  create directory /tmp/nimble_17424/githubcom_juancarlospaconimcontra
  delete /tmp/nimble_17424/githubcom_juancarlospaconimcontra
  create directory /tmp/nimble_17424/githubcom_juancarlospaconimcontra
  create directory /tmp/nimble_17424/githubcom_juancarlospaconimcontra/.git
  create directory /tmp/nimble_17424/githubcom_juancarlospaconimcontra/.git
  create directory /tmp/nimble_17424/githubcom_juancarlospaconimcontra/.git/info
  create directory /tmp/nimble_17424/githubcom_juancarlospaconimcontra/.git/branches
  create directory /tmp/nimble_17424/githubcom_juancarlospaconimcontra/.git/hooks
  create directory /tmp/nimble_17424/githubcom_juancarlospaconimcontra/.git/refs
  create directory /tmp/nimble_17424/githubcom_juancarlospaconimcontra/.git/refs/heads
  create directory /tmp/nimble_17424/githubcom_juancarlospaconimcontra/.git/refs/tags
  rename /tmp/nimble_17424/githubcom_juancarlospaconimcontra/.git/HEAD.lock to HEAD
  rename /tmp/nimble_17424/githubcom_juancarlospaconimcontra/.git/config.lock to config
  change permissions of /tmp/nimble_17424/githubcom_juancarlospaconimcontra/.git/config to rwxr--r--
  change permissions of /tmp/nimble_17424/githubcom_juancarlospaconimcontra/.git/config to rw-r--r--
  change permissions of /tmp/nimble_17424/githubcom_juancarlospaconimcontra/.git/config.lock to rw-r--r--
  rename /tmp/nimble_17424/githubcom_juancarlospaconimcontra/.git/config.lock to config
  change permissions of /tmp/nimble_17424/githubcom_juancarlospaconimcontra/.git/config.lock to rw-r--r--
  rename /tmp/nimble_17424/githubcom_juancarlospaconimcontra/.git/config.lock to config
  change permissions of /tmp/nimble_17424/githubcom_juancarlospaconimcontra/.git/config.lock to rw-r--r--
  rename /tmp/nimble_17424/githubcom_juancarlospaconimcontra/.git/config.lock to config
  delete /tmp/nimble_17424/githubcom_juancarlospaconimcontra/.git/tqysDJP
  create symbolic link from /tmp/nimble_17424/githubcom_juancarlospaconimcontra/.git/tqysDJP to /home/runner/work/nim_packages_security_audit/nim_packages_security_audit/testing
  delete /tmp/nimble_17424/githubcom_juancarlospaconimcontra/.git/tqysDJP
  create directory /tmp/nimble_17424/githubcom_juancarlospaconimcontra/.git/objects
  create directory /tmp/nimble_17424/githubcom_juancarlospaconimcontra/.git/objects/pack
  create directory /tmp/nimble_17424/githubcom_juancarlospaconimcontra/.git/objects/info
  change permissions of /tmp/nimble_17424/githubcom_juancarlospaconimcontra/.git/config.lock to rw-r--r--
  rename /tmp/nimble_17424/githubcom_juancarlospaconimcontra/.git/config.lock to config
  change permissions of /tmp/nimble_17424/githubcom_juancarlospaconimcontra/.git/config.lock to rw-r--r--
  rename /tmp/nimble_17424/githubcom_juancarlospaconimcontra/.git/config.lock to config
  change permissions of /tmp/nimble_17424/githubcom_juancarlospaconimcontra/.git/config.lock to rw-r--r--
  rename /tmp/nimble_17424/githubcom_juancarlospaconimcontra/.git/config.lock to config
  create directory /tmp/nimble_17424/githubcom_juancarlospaconimcontra/.git/objects/f6
  create hard link from /tmp/nimble_17424/githubcom_juancarlospaconimcontra/.git/objects/f6/6f35e8172aac92a33cb74906298a0f1222fd71 to /tmp/nimble_17424/githubcom_juancarlospaconimcontra/.git/objects/f6/tmp_obj_M961DN
  delete /tmp/nimble_17424/githubcom_juancarlospaconimcontra/.git/objects/f6/tmp_obj_M961DN
  create directory /tmp/nimble_17424/githubcom_juancarlospaconimcontra/.git/objects/6c
  create hard link from /tmp/nimble_17424/githubcom_juancarlospaconimcontra/.git/objects/6c/b69dcca5d4e91e2424cfe48bda6d290e9a980a to /tmp/nimble_17424/githubcom_juancarlospaconimcontra/.git/objects/6c/tmp_obj_qKvisN
  delete /tmp/nimble_17424/githubcom_juancarlospaconimcontra/.git/objects/6c/tmp_obj_qKvisN
  create directory /tmp/nimble_17424/githubcom_juancarlospaconimcontra/.git/objects/c1
  create hard link from /tmp/nimble_17424/githubcom_juancarlospaconimcontra/.git/objects/c1/a4144bd8d2bb5b1d112a8b3b3fa7280b7f6641 to /tmp/nimble_17424/githubcom_juancarlospaconimcontra/.git/objects/c1/tmp_obj_CCQYSL
  delete /tmp/nimble_17424/githubcom_juancarlospaconimcontra/.git/objects/c1/tmp_obj_CCQYSL
  create directory /tmp/nimble_17424/githubcom_juancarlospaconimcontra/.git/objects/31
  create hard link from /tmp/nimble_17424/githubcom_juancarlospaconimcontra/.git/objects/31/41ff73c45f34994f2ac19aace755b762e06630 to /tmp/nimble_17424/githubcom_juancarlospaconimcontra/.git/objects/31/tmp_obj_4WDuHL
  delete /tmp/nimble_17424/githubcom_juancarlospaconimcontra/.git/objects/31/tmp_obj_4WDuHL
  create directory /tmp/nimble_17424/githubcom_juancarlospaconimcontra/.git/objects/e9
  create hard link from /tmp/nimble_17424/githubcom_juancarlospaconimcontra/.git/objects/e9/7ad9c3353f39d7f58b90afca9d3106af71ce12 to /tmp/nimble_17424/githubcom_juancarlospaconimcontra/.git/objects/e9/tmp_obj_MjutDM
  delete /tmp/nimble_17424/githubcom_juancarlospaconimcontra/.git/objects/e9/tmp_obj_MjutDM
  create directory /tmp/nimble_17424/githubcom_juancarlospaconimcontra/.git/objects/df
  create hard link from /tmp/nimble_17424/githubcom_juancarlospaconimcontra/.git/objects/df/66393e2cc3ee2863c542a3a7ed65acd1ae7747 to /tmp/nimble_17424/githubcom_juancarlospaconimcontra/.git/objects/df/tmp_obj_mKad1N
  delete /tmp/nimble_17424/githubcom_juancarlospaconimcontra/.git/objects/df/tmp_obj_mKad1N
  create directory /tmp/nimble_17424/githubcom_juancarlospaconimcontra/.git/objects/43
  create hard link from /tmp/nimble_17424/githubcom_juancarlospaconimcontra/.git/objects/43/980bb42169acd109e65d4dbbb22b12bbaac522 to /tmp/nimble_17424/githubcom_juancarlospaconimcontra/.git/objects/43/tmp_obj_0stETT
  delete /tmp/nimble_17424/githubcom_juancarlospaconimcontra/.git/objects/43/tmp_obj_0stETT
  create directory /tmp/nimble_17424/githubcom_juancarlospaconimcontra/.git/objects/5f
  create hard link from /tmp/nimble_17424/githubcom_juancarlospaconimcontra/.git/objects/5f/55cc8d68f6a611e7ed0b52d150c822eae768bb to /tmp/nimble_17424/githubcom_juancarlospaconimcontra/.git/objects/5f/tmp_obj_yazaIS
  delete /tmp/nimble_17424/githubcom_juancarlospaconimcontra/.git/objects/5f/tmp_obj_yazaIS
  create directory /tmp/nimble_17424/githubcom_juancarlospaconimcontra/.git/objects/49
  create hard link from /tmp/nimble_17424/githubcom_juancarlospaconimcontra/.git/objects/49/281dc3a459bbff592c5a768f97f19ffcff9118 to /tmp/nimble_17424/githubcom_juancarlospaconimcontra/.git/objects/49/tmp_obj_sXFUeX
  delete /tmp/nimble_17424/githubcom_juancarlospaconimcontra/.git/objects/49/tmp_obj_sXFUeX
  create directory /tmp/nimble_17424/githubcom_juancarlospaconimcontra/.git/objects/9c
  create hard link from /tmp/nimble_17424/githubcom_juancarlospaconimcontra/.git/objects/9c/596706b84286562b00cc0403d8547db175e66f to /tmp/nimble_17424/githubcom_juancarlospaconimcontra/.git/objects/9c/tmp_obj_qCZllV
  delete /tmp/nimble_17424/githubcom_juancarlospaconimcontra/.git/objects/9c/tmp_obj_qCZllV
  create directory /tmp/nimble_17424/githubcom_juancarlospaconimcontra/.git/objects/5b
  create hard link from /tmp/nimble_17424/githubcom_juancarlospaconimcontra/.git/objects/5b/36eb6d4743c351c4846a199e37ca747cfbbcf6 to /tmp/nimble_17424/githubcom_juancarlospaconimcontra/.git/objects/5b/tmp_obj_1bpgeD
  delete /tmp/nimble_17424/githubcom_juancarlospaconimcontra/.git/objects/5b/tmp_obj_1bpgeD
  create directory /tmp/nimble_17424/githubcom_juancarlospaconimcontra/.git/objects/3c
  create hard link from /tmp/nimble_17424/githubcom_juancarlospaconimcontra/.git/objects/3c/a569853dcdd23a4e0f46732871ee9e4803fb55 to /tmp/nimble_17424/githubcom_juancarlospaconimcontra/.git/objects/3c/tmp_obj_19H2LO
  delete /tmp/nimble_17424/githubcom_juancarlospaconimcontra/.git/objects/3c/tmp_obj_19H2LO
  create directory /tmp/nimble_17424/githubcom_juancarlospaconimcontra/.git/objects/4c
  create hard link from /tmp/nimble_17424/githubcom_juancarlospaconimcontra/.git/objects/4c/8c99c166065213859edf75fe344e155e34cb99 to /tmp/nimble_17424/githubcom_juancarlospaconimcontra/.git/objects/4c/tmp_obj_znAl3T
  delete /tmp/nimble_17424/githubcom_juancarlospaconimcontra/.git/objects/4c/tmp_obj_znAl3T
  create directory /tmp/nimble_17424/githubcom_juancarlospaconimcontra/.git/objects/77
  create hard link from /tmp/nimble_17424/githubcom_juancarlospaconimcontra/.git/objects/77/d6976689cc3134ee07e3d991f60f0dbed7c3d6 to /tmp/nimble_17424/githubcom_juancarlospaconimcontra/.git/objects/77/tmp_obj_nnfRfX
  delete /tmp/nimble_17424/githubcom_juancarlospaconimcontra/.git/objects/77/tmp_obj_nnfRfX
  rename /tmp/nimble_17424/githubcom_juancarlospaconimcontra/.git/shallow.lock to shallow
  rename /tmp/nimble_17424/githubcom_juancarlospaconimcontra/.git/packed-refs.new to packed-refs
  delete /tmp/nimble_17424/githubcom_juancarlospaconimcontra/.git/packed-refs.lock
  create directory /tmp/nimble_17424/githubcom_juancarlospaconimcontra/.git/refs/remotes
  create directory /tmp/nimble_17424/githubcom_juancarlospaconimcontra/.git/refs/remotes/origin
  create directory /tmp/nimble_17424/githubcom_juancarlospaconimcontra/.git/logs
  create directory /tmp/nimble_17424/githubcom_juancarlospaconimcontra/.git/logs/refs
  create directory /tmp/nimble_17424/githubcom_juancarlospaconimcontra/.git/logs/refs/remotes
  create directory /tmp/nimble_17424/githubcom_juancarlospaconimcontra/.git/logs/refs/remotes/origin
  rename /tmp/nimble_17424/githubcom_juancarlospaconimcontra/.git/refs/remotes/origin/HEAD.lock to HEAD
  rename /tmp/nimble_17424/githubcom_juancarlospaconimcontra/.git/HEAD.lock to HEAD
  create directory /tmp/nimble_17424/githubcom_juancarlospaconimcontra/.git/logs/refs/heads
  rename /tmp/nimble_17424/githubcom_juancarlospaconimcontra/.git/refs/heads/master.lock to master
  delete /tmp/nimble_17424/githubcom_juancarlospaconimcontra/.git/HEAD.lock
  change permissions of /tmp/nimble_17424/githubcom_juancarlospaconimcontra/.git/config.lock to rw-r--r--
  rename /tmp/nimble_17424/githubcom_juancarlospaconimcontra/.git/config.lock to config
  change permissions of /tmp/nimble_17424/githubcom_juancarlospaconimcontra/.git/config.lock to rw-r--r--
  rename /tmp/nimble_17424/githubcom_juancarlospaconimcontra/.git/config.lock to config
  create directory /tmp/nimble_17424/githubcom_juancarlospaconimcontra/.github
  create directory /tmp/nimble_17424/githubcom_juancarlospaconimcontra/src
  rename /tmp/nimble_17424/githubcom_juancarlospaconimcontra/.git/index.lock to index
  create directory /tmp
  create directory /tmp/nimblecache
  create directory /tmp/nimblecache/contra_2603581693
  delete /tmp/nimblecache/contra_2603581693/contra.ini
  delete /tmp/nimble_17424.out
  delete /tmp/nimble_17424/githubcom_juancarlospaconimcontra/contra_17424.nims
  create directory /home
  create directory /home/runner
  create directory /home/runner/.nimble
  create directory /home/runner/.nimble/pkgs
  create directory /home/runner/.nimble/pkgs/contra-0.2.5
  create directory /home
  create directory /home/runner
  create directory /home/runner/.nimble
  create directory /home/runner/.nimble/pkgs
  create directory /home/runner/.nimble/pkgs/contra-0.2.5
  change permissions of /home/runner/.nimble/pkgs/contra-0.2.5/assercho.h to rw-r--r--
  create directory /home
  create directory /home/runner
  create directory /home/runner/.nimble
  create directory /home/runner/.nimble/pkgs
  create directory /home/runner/.nimble/pkgs/contra-0.2.5
  change permissions of /home/runner/.nimble/pkgs/contra-0.2.5/contra.nim to rw-r--r--
  change permissions of /home/runner/.nimble/pkgs/contra-0.2.5/contra.nimble to rw-r--r--
  create directory /tmp
  create directory /tmp/nimblecache
  create directory /tmp/nimblecache/contra_2958137452
  delete /tmp/nimblecache/contra_2958137452/contra.ini
  delete /tmp/nimble_17424.out
  delete /home/runner/.nimble/pkgs/contra-0.2.5/contra_17424.nims
  delete /tmp/nimble_17424/githubcom_juancarlospaconimcontra/.github/FUNDING.yml
  delete /tmp/nimble_17424/githubcom_juancarlospaconimcontra/.github
  delete /tmp/nimble_17424/githubcom_juancarlospaconimcontra/.git/refs/remotes/origin/HEAD
  delete /tmp/nimble_17424/githubcom_juancarlospaconimcontra/.git/refs/remotes/origin
  delete /tmp/nimble_17424/githubcom_juancarlospaconimcontra/.git/refs/remotes
  delete /tmp/nimble_17424/githubcom_juancarlospaconimcontra/.git/refs/tags
  delete /tmp/nimble_17424/githubcom_juancarlospaconimcontra/.git/refs/heads/master
  delete /tmp/nimble_17424/githubcom_juancarlospaconimcontra/.git/refs/heads
  delete /tmp/nimble_17424/githubcom_juancarlospaconimcontra/.git/refs
  delete /tmp/nimble_17424/githubcom_juancarlospaconimcontra/.git/info/exclude
  delete /tmp/nimble_17424/githubcom_juancarlospaconimcontra/.git/info
  delete /tmp/nimble_17424/githubcom_juancarlospaconimcontra/.git/branches
  delete /tmp/nimble_17424/githubcom_juancarlospaconimcontra/.git/logs/refs/remotes/origin/HEAD
  delete /tmp/nimble_17424/githubcom_juancarlospaconimcontra/.git/logs/refs/remotes/origin
  delete /tmp/nimble_17424/githubcom_juancarlospaconimcontra/.git/logs/refs/remotes
  delete /tmp/nimble_17424/githubcom_juancarlospaconimcontra/.git/logs/refs/heads/master
  delete /tmp/nimble_17424/githubcom_juancarlospaconimcontra/.git/logs/refs/heads
  delete /tmp/nimble_17424/githubcom_juancarlospaconimcontra/.git/logs/refs
  delete /tmp/nimble_17424/githubcom_juancarlospaconimcontra/.git/logs/HEAD
  delete /tmp/nimble_17424/githubcom_juancarlospaconimcontra/.git/logs
  delete /tmp/nimble_17424/githubcom_juancarlospaconimcontra/.git/description
  delete /tmp/nimble_17424/githubcom_juancarlospaconimcontra/.git/hooks/pre-rebase.sample
  delete /tmp/nimble_17424/githubcom_juancarlospaconimcontra/.git/hooks/applypatch-msg.sample
  delete /tmp/nimble_17424/githubcom_juancarlospaconimcontra/.git/hooks/pre-push.sample
  delete /tmp/nimble_17424/githubcom_juancarlospaconimcontra/.git/hooks/pre-merge-commit.sample
  delete /tmp/nimble_17424/githubcom_juancarlospaconimcontra/.git/hooks/pre-receive.sample
  delete /tmp/nimble_17424/githubcom_juancarlospaconimcontra/.git/hooks/update.sample
  delete /tmp/nimble_17424/githubcom_juancarlospaconimcontra/.git/hooks/pre-commit.sample
  delete /tmp/nimble_17424/githubcom_juancarlospaconimcontra/.git/hooks/pre-applypatch.sample
  delete /tmp/nimble_17424/githubcom_juancarlospaconimcontra/.git/hooks/commit-msg.sample
  delete /tmp/nimble_17424/githubcom_juancarlospaconimcontra/.git/hooks/fsmonitor-watchman.sample
  delete /tmp/nimble_17424/githubcom_juancarlospaconimcontra/.git/hooks/prepare-commit-msg.sample
  delete /tmp/nimble_17424/githubcom_juancarlospaconimcontra/.git/hooks/post-update.sample
  delete /tmp/nimble_17424/githubcom_juancarlospaconimcontra/.git/hooks
  delete /tmp/nimble_17424/githubcom_juancarlospaconimcontra/.git/shallow
  delete /tmp/nimble_17424/githubcom_juancarlospaconimcontra/.git/config
  delete /tmp/nimble_17424/githubcom_juancarlospaconimcontra/.git/index
  delete /tmp/nimble_17424/githubcom_juancarlospaconimcontra/.git/objects/e9/7ad9c3353f39d7f58b90afca9d3106af71ce12
  delete /tmp/nimble_17424/githubcom_juancarlospaconimcontra/.git/objects/e9
  delete /tmp/nimble_17424/githubcom_juancarlospaconimcontra/.git/objects/31/41ff73c45f34994f2ac19aace755b762e06630
  delete /tmp/nimble_17424/githubcom_juancarlospaconimcontra/.git/objects/31
  delete /tmp/nimble_17424/githubcom_juancarlospaconimcontra/.git/objects/9c/596706b84286562b00cc0403d8547db175e66f
  delete /tmp/nimble_17424/githubcom_juancarlospaconimcontra/.git/objects/9c
  delete /tmp/nimble_17424/githubcom_juancarlospaconimcontra/.git/objects/info
  delete /tmp/nimble_17424/githubcom_juancarlospaconimcontra/.git/objects/5b/36eb6d4743c351c4846a199e37ca747cfbbcf6
  delete /tmp/nimble_17424/githubcom_juancarlospaconimcontra/.git/objects/5b
  delete /tmp/nimble_17424/githubcom_juancarlospaconimcontra/.git/objects/5f/55cc8d68f6a611e7ed0b52d150c822eae768bb
  delete /tmp/nimble_17424/githubcom_juancarlospaconimcontra/.git/objects/5f
  delete /tmp/nimble_17424/githubcom_juancarlospaconimcontra/.git/objects/df/66393e2cc3ee2863c542a3a7ed65acd1ae7747
  delete /tmp/nimble_17424/githubcom_juancarlospaconimcontra/.git/objects/df
  delete /tmp/nimble_17424/githubcom_juancarlospaconimcontra/.git/objects/c1/a4144bd8d2bb5b1d112a8b3b3fa7280b7f6641
  delete /tmp/nimble_17424/githubcom_juancarlospaconimcontra/.git/objects/c1
  delete /tmp/nimble_17424/githubcom_juancarlospaconimcontra/.git/objects/43/980bb42169acd109e65d4dbbb22b12bbaac522
  delete /tmp/nimble_17424/githubcom_juancarlospaconimcontra/.git/objects/43
  delete /tmp/nimble_17424/githubcom_juancarlospaconimcontra/.git/objects/3c/a569853dcdd23a4e0f46732871ee9e4803fb55
  delete /tmp/nimble_17424/githubcom_juancarlospaconimcontra/.git/objects/3c
  delete /tmp/nimble_17424/githubcom_juancarlospaconimcontra/.git/objects/f6/6f35e8172aac92a33cb74906298a0f1222fd71
  delete /tmp/nimble_17424/githubcom_juancarlospaconimcontra/.git/objects/f6
  delete /tmp/nimble_17424/githubcom_juancarlospaconimcontra/.git/objects/49/281dc3a459bbff592c5a768f97f19ffcff9118
  delete /tmp/nimble_17424/githubcom_juancarlospaconimcontra/.git/objects/49
  delete /tmp/nimble_17424/githubcom_juancarlospaconimcontra/.git/objects/pack
  delete /tmp/nimble_17424/githubcom_juancarlospaconimcontra/.git/objects/4c/8c99c166065213859edf75fe344e155e34cb99
  delete /tmp/nimble_17424/githubcom_juancarlospaconimcontra/.git/objects/4c
  delete /tmp/nimble_17424/githubcom_juancarlospaconimcontra/.git/objects/6c/b69dcca5d4e91e2424cfe48bda6d290e9a980a
  delete /tmp/nimble_17424/githubcom_juancarlospaconimcontra/.git/objects/6c
  delete /tmp/nimble_17424/githubcom_juancarlospaconimcontra/.git/objects/77/d6976689cc3134ee07e3d991f60f0dbed7c3d6
  delete /tmp/nimble_17424/githubcom_juancarlospaconimcontra/.git/objects/77
  delete /tmp/nimble_17424/githubcom_juancarlospaconimcontra/.git/objects
  delete /tmp/nimble_17424/githubcom_juancarlospaconimcontra/.git/packed-refs
  delete /tmp/nimble_17424/githubcom_juancarlospaconimcontra/.git/HEAD
  delete /tmp/nimble_17424/githubcom_juancarlospaconimcontra/.git
  delete /tmp/nimble_17424/githubcom_juancarlospaconimcontra/src/assercho.h
  delete /tmp/nimble_17424/githubcom_juancarlospaconimcontra/src/contra.nim
  delete /tmp/nimble_17424/githubcom_juancarlospaconimcontra/src
  delete /tmp/nimble_17424/githubcom_juancarlospaconimcontra/assercho.png
  delete /tmp/nimble_17424/githubcom_juancarlospaconimcontra/selfdocumentdbc.png
  delete /tmp/nimble_17424/githubcom_juancarlospaconimcontra/contra.jpg
  delete /tmp/nimble_17424/githubcom_juancarlospaconimcontra/README.rst
  delete /tmp/nimble_17424/githubcom_juancarlospaconimcontra/contra.nimble
  delete /tmp/nimble_17424/githubcom_juancarlospaconimcontra/.gitignore
  delete /tmp/nimble_17424/githubcom_juancarlospaconimcontra/LICENSE
  delete /tmp/nimble_17424/githubcom_juancarlospaconimcontra
  delete /tmp/nimble_17424
