    Reading official package list
Downloading https://github.com/planety/cookies using git
    Cloning latest tagged version: v0.2.0
mkdir('/tmp', 0x00000000000001ff)
mkdir('/tmp/nimble_22166', 0x00000000000001ff)
mkdir('/tmp/nimble_22166/githubcom_planetycookies', 0x00000000000001ff)
rmdir('/tmp/nimble_22166/githubcom_planetycookies')
mkdir('/tmp/nimble_22166/githubcom_planetycookies', 0x00000000000001ff)
mkdir('/tmp/nimble_22166/githubcom_planetycookies/.git', 0x00000000000001ff)
mkdir('/tmp/nimble_22166/githubcom_planetycookies/.git/', 0x00000000000001ff)
mkdir('/tmp/nimble_22166/githubcom_planetycookies/.git/info/', 0x00000000000001ff)
mkdir('/tmp/nimble_22166/githubcom_planetycookies/.git/branches/', 0x00000000000001ff)
mkdir('/tmp/nimble_22166/githubcom_planetycookies/.git/hooks/', 0x00000000000001ff)
mkdir('/tmp/nimble_22166/githubcom_planetycookies/.git/refs', 0x00000000000001ff)
mkdir('/tmp/nimble_22166/githubcom_planetycookies/.git/refs/heads', 0x00000000000001ff)
mkdir('/tmp/nimble_22166/githubcom_planetycookies/.git/refs/tags', 0x00000000000001ff)
rename('/tmp/nimble_22166/githubcom_planetycookies/.git/HEAD.lock', '/tmp/nimble_22166/githubcom_planetycookies/.git/HEAD')
rename('/tmp/nimble_22166/githubcom_planetycookies/.git/config.lock', '/tmp/nimble_22166/githubcom_planetycookies/.git/config')
chmod('/tmp/nimble_22166/githubcom_planetycookies/.git/config', 0x00000000000081e4)
chmod('/tmp/nimble_22166/githubcom_planetycookies/.git/config', 0x00000000000081a4)
chmod('/tmp/nimble_22166/githubcom_planetycookies/.git/config.lock', 0x00000000000001a4)
rename('/tmp/nimble_22166/githubcom_planetycookies/.git/config.lock', '/tmp/nimble_22166/githubcom_planetycookies/.git/config')
chmod('/tmp/nimble_22166/githubcom_planetycookies/.git/config.lock', 0x00000000000001a4)
rename('/tmp/nimble_22166/githubcom_planetycookies/.git/config.lock', '/tmp/nimble_22166/githubcom_planetycookies/.git/config')
chmod('/tmp/nimble_22166/githubcom_planetycookies/.git/config.lock', 0x00000000000001a4)
rename('/tmp/nimble_22166/githubcom_planetycookies/.git/config.lock', '/tmp/nimble_22166/githubcom_planetycookies/.git/config')
unlink('/tmp/nimble_22166/githubcom_planetycookies/.git/tQL4hkb')
symlink('testing', '/tmp/nimble_22166/githubcom_planetycookies/.git/tQL4hkb')
unlink('/tmp/nimble_22166/githubcom_planetycookies/.git/tQL4hkb')
mkdir('/tmp/nimble_22166/githubcom_planetycookies/.git/objects', 0x00000000000001ff)
mkdir('/tmp/nimble_22166/githubcom_planetycookies/.git/objects/pack', 0x00000000000001ff)
mkdir('/tmp/nimble_22166/githubcom_planetycookies/.git/objects/info', 0x00000000000001ff)
chmod('/tmp/nimble_22166/githubcom_planetycookies/.git/config.lock', 0x00000000000001a4)
rename('/tmp/nimble_22166/githubcom_planetycookies/.git/config.lock', '/tmp/nimble_22166/githubcom_planetycookies/.git/config')
chmod('/tmp/nimble_22166/githubcom_planetycookies/.git/config.lock', 0x00000000000001a4)
rename('/tmp/nimble_22166/githubcom_planetycookies/.git/config.lock', '/tmp/nimble_22166/githubcom_planetycookies/.git/config')
chmod('/tmp/nimble_22166/githubcom_planetycookies/.git/config.lock', 0x00000000000001a4)
rename('/tmp/nimble_22166/githubcom_planetycookies/.git/config.lock', '/tmp/nimble_22166/githubcom_planetycookies/.git/config')
mkdir('/tmp/nimble_22166/githubcom_planetycookies/.git/objects/7d', 0x00000000000001ff)
link('/tmp/nimble_22166/githubcom_planetycookies/.git/objects/7d/tmp_obj_loC2cx', '/tmp/nimble_22166/githubcom_planetycookies/.git/objects/7d/93e7c1287bdfcc114d44592c1ee343d04ec5f0')
unlink('/tmp/nimble_22166/githubcom_planetycookies/.git/objects/7d/tmp_obj_loC2cx')
mkdir('/tmp/nimble_22166/githubcom_planetycookies/.git/objects/5b', 0x00000000000001ff)
link('/tmp/nimble_22166/githubcom_planetycookies/.git/objects/5b/tmp_obj_DBImaB', '/tmp/nimble_22166/githubcom_planetycookies/.git/objects/5b/08ff202eb0ff5daab04fdf9dcc663284ec93c7')
unlink('/tmp/nimble_22166/githubcom_planetycookies/.git/objects/5b/tmp_obj_DBImaB')
mkdir('/tmp/nimble_22166/githubcom_planetycookies/.git/objects/e0', 0x00000000000001ff)
link('/tmp/nimble_22166/githubcom_planetycookies/.git/objects/e0/tmp_obj_36vPAC', '/tmp/nimble_22166/githubcom_planetycookies/.git/objects/e0/7f9d14f0f84b5f50cddf0d6d3e08cc22872b21')
unlink('/tmp/nimble_22166/githubcom_planetycookies/.git/objects/e0/tmp_obj_36vPAC')
mkdir('/tmp/nimble_22166/githubcom_planetycookies/.git/objects/3e', 0x00000000000001ff)
link('/tmp/nimble_22166/githubcom_planetycookies/.git/objects/3e/tmp_obj_vBMjCI', '/tmp/nimble_22166/githubcom_planetycookies/.git/objects/3e/587bb70068aeddc7de6643852168b809d10920')
unlink('/tmp/nimble_22166/githubcom_planetycookies/.git/objects/3e/tmp_obj_vBMjCI')
mkdir('/tmp/nimble_22166/githubcom_planetycookies/.git/objects/de', 0x00000000000001ff)
link('/tmp/nimble_22166/githubcom_planetycookies/.git/objects/de/tmp_obj_JAS8lK', '/tmp/nimble_22166/githubcom_planetycookies/.git/objects/de/c75358f283b34c2900a88976cd29b2da8bf3d9')
unlink('/tmp/nimble_22166/githubcom_planetycookies/.git/objects/de/tmp_obj_JAS8lK')
mkdir('/tmp/nimble_22166/githubcom_planetycookies/.git/objects/60', 0x00000000000001ff)
link('/tmp/nimble_22166/githubcom_planetycookies/.git/objects/60/tmp_obj_nVSsoO', '/tmp/nimble_22166/githubcom_planetycookies/.git/objects/60/21ee76fb9501d211580fe2d0afbdf460f0976b')
unlink('/tmp/nimble_22166/githubcom_planetycookies/.git/objects/60/tmp_obj_nVSsoO')
mkdir('/tmp/nimble_22166/githubcom_planetycookies/.git/objects/26', 0x00000000000001ff)
link('/tmp/nimble_22166/githubcom_planetycookies/.git/objects/26/tmp_obj_h8ozbT', '/tmp/nimble_22166/githubcom_planetycookies/.git/objects/26/1eeb9e9f8b2b4b0d119366dda99c6fd7d35c64')
unlink('/tmp/nimble_22166/githubcom_planetycookies/.git/objects/26/tmp_obj_h8ozbT')
mkdir('/tmp/nimble_22166/githubcom_planetycookies/.git/objects/96', 0x00000000000001ff)
link('/tmp/nimble_22166/githubcom_planetycookies/.git/objects/96/tmp_obj_pOWMiZ', '/tmp/nimble_22166/githubcom_planetycookies/.git/objects/96/7560ec0ebc481aeafac6fe952424c2a275a39a')
unlink('/tmp/nimble_22166/githubcom_planetycookies/.git/objects/96/tmp_obj_pOWMiZ')
mkdir('/tmp/nimble_22166/githubcom_planetycookies/.git/objects/46', 0x00000000000001ff)
link('/tmp/nimble_22166/githubcom_planetycookies/.git/objects/46/tmp_obj_jTC4P2', '/tmp/nimble_22166/githubcom_planetycookies/.git/objects/46/3c294bb573ea735d0d007a3122ae4d0f35304d')
unlink('/tmp/nimble_22166/githubcom_planetycookies/.git/objects/46/tmp_obj_jTC4P2')
mkdir('/tmp/nimble_22166/githubcom_planetycookies/.git/objects/d2', 0x00000000000001ff)
link('/tmp/nimble_22166/githubcom_planetycookies/.git/objects/d2/tmp_obj_f7Okd7', '/tmp/nimble_22166/githubcom_planetycookies/.git/objects/d2/0315d4f0057317b04146cfe7454e5d86a9fc8b')
unlink('/tmp/nimble_22166/githubcom_planetycookies/.git/objects/d2/tmp_obj_f7Okd7')
mkdir('/tmp/nimble_22166/githubcom_planetycookies/.git/objects/f5', 0x00000000000001ff)
link('/tmp/nimble_22166/githubcom_planetycookies/.git/objects/f5/tmp_obj_f9hnVc', '/tmp/nimble_22166/githubcom_planetycookies/.git/objects/f5/60af1cac098c48bd5b958c9fbc36eeed8c6e84')
unlink('/tmp/nimble_22166/githubcom_planetycookies/.git/objects/f5/tmp_obj_f9hnVc')
mkdir('/tmp/nimble_22166/githubcom_planetycookies/.git/objects/3b', 0x00000000000001ff)
link('/tmp/nimble_22166/githubcom_planetycookies/.git/objects/3b/tmp_obj_RE4awe', '/tmp/nimble_22166/githubcom_planetycookies/.git/objects/3b/b69f82af2b03d759a985634d69563496d956b6')
unlink('/tmp/nimble_22166/githubcom_planetycookies/.git/objects/3b/tmp_obj_RE4awe')
mkdir('/tmp/nimble_22166/githubcom_planetycookies/.git/objects/56', 0x00000000000001ff)
link('/tmp/nimble_22166/githubcom_planetycookies/.git/objects/56/tmp_obj_Bcepuk', '/tmp/nimble_22166/githubcom_planetycookies/.git/objects/56/01d60e695d5c63e3765b3abf5ef255366f4f26')
unlink('/tmp/nimble_22166/githubcom_planetycookies/.git/objects/56/tmp_obj_Bcepuk')
rename('/tmp/nimble_22166/githubcom_planetycookies/.git/shallow.lock', '/tmp/nimble_22166/githubcom_planetycookies/.git/shallow')
rename('/tmp/nimble_22166/githubcom_planetycookies/.git/packed-refs.new', '/tmp/nimble_22166/githubcom_planetycookies/.git/packed-refs')
unlink('/tmp/nimble_22166/githubcom_planetycookies/.git/packed-refs.lock')
unlink('/tmp/nimble_22166/githubcom_planetycookies/.git/refs/tags/v0.2.0.lock')
mkdir('/tmp/nimble_22166/githubcom_planetycookies/.git/logs', 0x00000000000001ff)  Verifying dependencies for cookiejar@0.2.0
 Installing cookiejar@0.2.0
    Copying file /tmp/nimble_22166/githubcom_planetycookies/src/cookiejar/cookies.nim to /home/runner/.nimble/pkgs/cookiejar-0.2.0/cookiejar/cookies.nim
    Copying file /tmp/nimble_22166/githubcom_planetycookies/src/cookiejar.nim to /home/runner/.nimble/pkgs/cookiejar-0.2.0/cookiejar.nim
    Copying file /tmp/nimble_22166/githubcom_planetycookies/cookiejar.nimble to /home/runner/.nimble/pkgs/cookiejar-0.2.0/cookiejar.nimble
   Success: cookiejar installed successfully.

rename('/tmp/nimble_22166/githubcom_planetycookies/.git/HEAD.lock', '/tmp/nimble_22166/githubcom_planetycookies/.git/HEAD')
mkdir('src', 0x00000000000001ff)
mkdir('src/cookiejar', 0x00000000000001ff)
mkdir('tests', 0x00000000000001ff)
rename('/tmp/nimble_22166/githubcom_planetycookies/.git/index.lock', '/tmp/nimble_22166/githubcom_planetycookies/.git/index')
mkdir('/tmp', 0x00000000000001ff)
mkdir('/tmp/nimblecache', 0x00000000000001ff)
mkdir('/tmp/nimblecache/cookiejar_481021923', 0x00000000000001ff)
unlink('/tmp/nimblecache/cookiejar_481021923/cookiejar.ini')
unlink('/tmp/nimble_22166.out')
unlink('/tmp/nimble_22166/githubcom_planetycookies/cookiejar_22166.nims')
mkdir('/home', 0x00000000000001ff)
mkdir('/home/runner', 0x00000000000001ff)
mkdir('/home/runner/.nimble', 0x00000000000001ff)
mkdir('/home/runner/.nimble/pkgs', 0x00000000000001ff)
mkdir('/home/runner/.nimble/pkgs/cookiejar-0.2.0', 0x00000000000001ff)
mkdir('/home', 0x00000000000001ff)
mkdir('/home/runner', 0x00000000000001ff)
mkdir('/home/runner/.nimble', 0x00000000000001ff)
mkdir('/home/runner/.nimble/pkgs', 0x00000000000001ff)
mkdir('/home/runner/.nimble/pkgs/cookiejar-0.2.0', 0x00000000000001ff)
mkdir('/home/runner/.nimble/pkgs/cookiejar-0.2.0/cookiejar', 0x00000000000001ff)
chmod('/home/runner/.nimble/pkgs/cookiejar-0.2.0/cookiejar/cookies.nim', 0x00000000000001a4)
mkdir('/home', 0x00000000000001ff)
mkdir('/home/runner', 0x00000000000001ff)
mkdir('/home/runner/.nimble', 0x00000000000001ff)
mkdir('/home/runner/.nimble/pkgs', 0x00000000000001ff)
mkdir('/home/runner/.nimble/pkgs/cookiejar-0.2.0', 0x00000000000001ff)
chmod('/home/runner/.nimble/pkgs/cookiejar-0.2.0/cookiejar.nim', 0x00000000000001a4)
chmod('/home/runner/.nimble/pkgs/cookiejar-0.2.0/cookiejar.nimble', 0x00000000000001a4)
mkdir('/tmp', 0x00000000000001ff)
mkdir('/tmp/nimblecache', 0x00000000000001ff)
mkdir('/tmp/nimblecache/cookiejar_3595746657', 0x00000000000001ff)
unlink('/tmp/nimblecache/cookiejar_3595746657/cookiejar.ini')
unlink('/tmp/nimble_22166.out')
unlink('/home/runner/.nimble/pkgs/cookiejar-0.2.0/cookiejar_22166.nims')
unlink('/tmp/nimble_22166/githubcom_planetycookies/cookiejar.nimble')
unlink('/tmp/nimble_22166/githubcom_planetycookies/README.md')
rmdir('/tmp/nimble_22166/githubcom_planetycookies/.git/refs/tags')
rmdir('/tmp/nimble_22166/githubcom_planetycookies/.git/refs/heads')
rmdir('/tmp/nimble_22166/githubcom_planetycookies/.git/refs')
unlink('/tmp/nimble_22166/githubcom_planetycookies/.git/info/exclude')
rmdir('/tmp/nimble_22166/githubcom_planetycookies/.git/info')
rmdir('/tmp/nimble_22166/githubcom_planetycookies/.git/branches')
unlink('/tmp/nimble_22166/githubcom_planetycookies/.git/logs/HEAD')
rmdir('/tmp/nimble_22166/githubcom_planetycookies/.git/logs')
unlink('/tmp/nimble_22166/githubcom_planetycookies/.git/description')
unlink('/tmp/nimble_22166/githubcom_planetycookies/.git/hooks/pre-rebase.sample')
unlink('/tmp/nimble_22166/githubcom_planetycookies/.git/hooks/applypatch-msg.sample')
unlink('/tmp/nimble_22166/githubcom_planetycookies/.git/hooks/pre-push.sample')
unlink('/tmp/nimble_22166/githubcom_planetycookies/.git/hooks/pre-merge-commit.sample')
unlink('/tmp/nimble_22166/githubcom_planetycookies/.git/hooks/pre-receive.sample')
unlink('/tmp/nimble_22166/githubcom_planetycookies/.git/hooks/update.sample')
unlink('/tmp/nimble_22166/githubcom_planetycookies/.git/hooks/pre-commit.sample')
unlink('/tmp/nimble_22166/githubcom_planetycookies/.git/hooks/pre-applypatch.sample')
unlink('/tmp/nimble_22166/githubcom_planetycookies/.git/hooks/commit-msg.sample')
unlink('/tmp/nimble_22166/githubcom_planetycookies/.git/hooks/fsmonitor-watchman.sample')
unlink('/tmp/nimble_22166/githubcom_planetycookies/.git/hooks/prepare-commit-msg.sample')
unlink('/tmp/nimble_22166/githubcom_planetycookies/.git/hooks/post-update.sample')
rmdir('/tmp/nimble_22166/githubcom_planetycookies/.git/hooks')
unlink('/tmp/nimble_22166/githubcom_planetycookies/.git/shallow')
unlink('/tmp/nimble_22166/githubcom_planetycookies/.git/config')
unlink('/tmp/nimble_22166/githubcom_planetycookies/.git/index')
unlink('/tmp/nimble_22166/githubcom_planetycookies/.git/objects/60/21ee76fb9501d211580fe2d0afbdf460f0976b')
rmdir('/tmp/nimble_22166/githubcom_planetycookies/.git/objects/60')
unlink('/tmp/nimble_22166/githubcom_planetycookies/.git/objects/f5/60af1cac098c48bd5b958c9fbc36eeed8c6e84')
rmdir('/tmp/nimble_22166/githubcom_planetycookies/.git/objects/f5')
unlink('/tmp/nimble_22166/githubcom_planetycookies/.git/objects/e0/7f9d14f0f84b5f50cddf0d6d3e08cc22872b21')
rmdir('/tmp/nimble_22166/githubcom_planetycookies/.git/objects/e0')
rmdir('/tmp/nimble_22166/githubcom_planetycookies/.git/objects/info')
unlink('/tmp/nimble_22166/githubcom_planetycookies/.git/objects/5b/08ff202eb0ff5daab04fdf9dcc663284ec93c7')
rmdir('/tmp/nimble_22166/githubcom_planetycookies/.git/objects/5b')
unlink('/tmp/nimble_22166/githubcom_planetycookies/.git/objects/de/c75358f283b34c2900a88976cd29b2da8bf3d9')
rmdir('/tmp/nimble_22166/githubcom_planetycookies/.git/objects/de')
unlink('/tmp/nimble_22166/githubcom_planetycookies/.git/objects/7d/93e7c1287bdfcc114d44592c1ee343d04ec5f0')
rmdir('/tmp/nimble_22166/githubcom_planetycookies/.git/objects/7d')
unlink('/tmp/nimble_22166/githubcom_planetycookies/.git/objects/96/7560ec0ebc481aeafac6fe952424c2a275a39a')
rmdir('/tmp/nimble_22166/githubcom_planetycookies/.git/objects/96')
unlink('/tmp/nimble_22166/githubcom_planetycookies/.git/objects/3b/b69f82af2b03d759a985634d69563496d956b6')
rmdir('/tmp/nimble_22166/githubcom_planetycookies/.git/objects/3b')
unlink('/tmp/nimble_22166/githubcom_planetycookies/.git/objects/26/1eeb9e9f8b2b4b0d119366dda99c6fd7d35c64')
rmdir('/tmp/nimble_22166/githubcom_planetycookies/.git/objects/26')
unlink('/tmp/nimble_22166/githubcom_planetycookies/.git/objects/3e/587bb70068aeddc7de6643852168b809d10920')
rmdir('/tmp/nimble_22166/githubcom_planetycookies/.git/objects/3e')
unlink('/tmp/nimble_22166/githubcom_planetycookies/.git/objects/d2/0315d4f0057317b04146cfe7454e5d86a9fc8b')
rmdir('/tmp/nimble_22166/githubcom_planetycookies/.git/objects/d2')
unlink('/tmp/nimble_22166/githubcom_planetycookies/.git/objects/56/01d60e695d5c63e3765b3abf5ef255366f4f26')
rmdir('/tmp/nimble_22166/githubcom_planetycookies/.git/objects/56')
rmdir('/tmp/nimble_22166/githubcom_planetycookies/.git/objects/pack')
unlink('/tmp/nimble_22166/githubcom_planetycookies/.git/objects/46/3c294bb573ea735d0d007a3122ae4d0f35304d')
rmdir('/tmp/nimble_22166/githubcom_planetycookies/.git/objects/46')
rmdir('/tmp/nimble_22166/githubcom_planetycookies/.git/objects')
unlink('/tmp/nimble_22166/githubcom_planetycookies/.git/packed-refs')
unlink('/tmp/nimble_22166/githubcom_planetycookies/.git/HEAD')
rmdir('/tmp/nimble_22166/githubcom_planetycookies/.git')
unlink('/tmp/nimble_22166/githubcom_planetycookies/src/cookiejar/cookies.nim')
rmdir('/tmp/nimble_22166/githubcom_planetycookies/src/cookiejar')
unlink('/tmp/nimble_22166/githubcom_planetycookies/src/cookiejar.nim')
rmdir('/tmp/nimble_22166/githubcom_planetycookies/src')
unlink('/tmp/nimble_22166/githubcom_planetycookies/.travis.yml')
unlink('/tmp/nimble_22166/githubcom_planetycookies/tests/config.nims')
unlink('/tmp/nimble_22166/githubcom_planetycookies/tests/test.nim')
rmdir('/tmp/nimble_22166/githubcom_planetycookies/tests')
unlink('/tmp/nimble_22166/githubcom_planetycookies/LICENSE')
rmdir('/tmp/nimble_22166/githubcom_planetycookies')
rmdir('/tmp/nimble_22166')
  create directory /tmp
  create directory /tmp/nimble_22166
  create directory /tmp/nimble_22166/githubcom_planetycookies
  delete /tmp/nimble_22166/githubcom_planetycookies
  create directory /tmp/nimble_22166/githubcom_planetycookies
  create directory /tmp/nimble_22166/githubcom_planetycookies/.git
  create directory /tmp/nimble_22166/githubcom_planetycookies/.git
  create directory /tmp/nimble_22166/githubcom_planetycookies/.git/info
  create directory /tmp/nimble_22166/githubcom_planetycookies/.git/branches
  create directory /tmp/nimble_22166/githubcom_planetycookies/.git/hooks
  create directory /tmp/nimble_22166/githubcom_planetycookies/.git/refs
  create directory /tmp/nimble_22166/githubcom_planetycookies/.git/refs/heads
  create directory /tmp/nimble_22166/githubcom_planetycookies/.git/refs/tags
  rename /tmp/nimble_22166/githubcom_planetycookies/.git/HEAD.lock to HEAD
  rename /tmp/nimble_22166/githubcom_planetycookies/.git/config.lock to config
  change permissions of /tmp/nimble_22166/githubcom_planetycookies/.git/config to rwxr--r--
  change permissions of /tmp/nimble_22166/githubcom_planetycookies/.git/config to rw-r--r--
  change permissions of /tmp/nimble_22166/githubcom_planetycookies/.git/config.lock to rw-r--r--
  rename /tmp/nimble_22166/githubcom_planetycookies/.git/config.lock to config
  change permissions of /tmp/nimble_22166/githubcom_planetycookies/.git/config.lock to rw-r--r--
  rename /tmp/nimble_22166/githubcom_planetycookies/.git/config.lock to config
  change permissions of /tmp/nimble_22166/githubcom_planetycookies/.git/config.lock to rw-r--r--
  rename /tmp/nimble_22166/githubcom_planetycookies/.git/config.lock to config
  delete /tmp/nimble_22166/githubcom_planetycookies/.git/tQL4hkb
  create symbolic link from /tmp/nimble_22166/githubcom_planetycookies/.git/tQL4hkb to /home/runner/work/nim_packages_security_audit/nim_packages_security_audit/testing
  delete /tmp/nimble_22166/githubcom_planetycookies/.git/tQL4hkb
  create directory /tmp/nimble_22166/githubcom_planetycookies/.git/objects
  create directory /tmp/nimble_22166/githubcom_planetycookies/.git/objects/pack
  create directory /tmp/nimble_22166/githubcom_planetycookies/.git/objects/info
  change permissions of /tmp/nimble_22166/githubcom_planetycookies/.git/config.lock to rw-r--r--
  rename /tmp/nimble_22166/githubcom_planetycookies/.git/config.lock to config
  change permissions of /tmp/nimble_22166/githubcom_planetycookies/.git/config.lock to rw-r--r--
  rename /tmp/nimble_22166/githubcom_planetycookies/.git/config.lock to config
  change permissions of /tmp/nimble_22166/githubcom_planetycookies/.git/config.lock to rw-r--r--
  rename /tmp/nimble_22166/githubcom_planetycookies/.git/config.lock to config
  create directory /tmp/nimble_22166/githubcom_planetycookies/.git/objects/7d
  create hard link from /tmp/nimble_22166/githubcom_planetycookies/.git/objects/7d/93e7c1287bdfcc114d44592c1ee343d04ec5f0 to /tmp/nimble_22166/githubcom_planetycookies/.git/objects/7d/tmp_obj_loC2cx
  delete /tmp/nimble_22166/githubcom_planetycookies/.git/objects/7d/tmp_obj_loC2cx
  create directory /tmp/nimble_22166/githubcom_planetycookies/.git/objects/5b
  create hard link from /tmp/nimble_22166/githubcom_planetycookies/.git/objects/5b/08ff202eb0ff5daab04fdf9dcc663284ec93c7 to /tmp/nimble_22166/githubcom_planetycookies/.git/objects/5b/tmp_obj_DBImaB
  delete /tmp/nimble_22166/githubcom_planetycookies/.git/objects/5b/tmp_obj_DBImaB
  create directory /tmp/nimble_22166/githubcom_planetycookies/.git/objects/e0
  create hard link from /tmp/nimble_22166/githubcom_planetycookies/.git/objects/e0/7f9d14f0f84b5f50cddf0d6d3e08cc22872b21 to /tmp/nimble_22166/githubcom_planetycookies/.git/objects/e0/tmp_obj_36vPAC
  delete /tmp/nimble_22166/githubcom_planetycookies/.git/objects/e0/tmp_obj_36vPAC
  create directory /tmp/nimble_22166/githubcom_planetycookies/.git/objects/3e
  create hard link from /tmp/nimble_22166/githubcom_planetycookies/.git/objects/3e/587bb70068aeddc7de6643852168b809d10920 to /tmp/nimble_22166/githubcom_planetycookies/.git/objects/3e/tmp_obj_vBMjCI
  delete /tmp/nimble_22166/githubcom_planetycookies/.git/objects/3e/tmp_obj_vBMjCI
  create directory /tmp/nimble_22166/githubcom_planetycookies/.git/objects/de
  create hard link from /tmp/nimble_22166/githubcom_planetycookies/.git/objects/de/c75358f283b34c2900a88976cd29b2da8bf3d9 to /tmp/nimble_22166/githubcom_planetycookies/.git/objects/de/tmp_obj_JAS8lK
  delete /tmp/nimble_22166/githubcom_planetycookies/.git/objects/de/tmp_obj_JAS8lK
  create directory /tmp/nimble_22166/githubcom_planetycookies/.git/objects/60
  create hard link from /tmp/nimble_22166/githubcom_planetycookies/.git/objects/60/21ee76fb9501d211580fe2d0afbdf460f0976b to /tmp/nimble_22166/githubcom_planetycookies/.git/objects/60/tmp_obj_nVSsoO
  delete /tmp/nimble_22166/githubcom_planetycookies/.git/objects/60/tmp_obj_nVSsoO
  create directory /tmp/nimble_22166/githubcom_planetycookies/.git/objects/26
  create hard link from /tmp/nimble_22166/githubcom_planetycookies/.git/objects/26/1eeb9e9f8b2b4b0d119366dda99c6fd7d35c64 to /tmp/nimble_22166/githubcom_planetycookies/.git/objects/26/tmp_obj_h8ozbT
  delete /tmp/nimble_22166/githubcom_planetycookies/.git/objects/26/tmp_obj_h8ozbT
  create directory /tmp/nimble_22166/githubcom_planetycookies/.git/objects/96
  create hard link from /tmp/nimble_22166/githubcom_planetycookies/.git/objects/96/7560ec0ebc481aeafac6fe952424c2a275a39a to /tmp/nimble_22166/githubcom_planetycookies/.git/objects/96/tmp_obj_pOWMiZ
  delete /tmp/nimble_22166/githubcom_planetycookies/.git/objects/96/tmp_obj_pOWMiZ
  create directory /tmp/nimble_22166/githubcom_planetycookies/.git/objects/46
  create hard link from /tmp/nimble_22166/githubcom_planetycookies/.git/objects/46/3c294bb573ea735d0d007a3122ae4d0f35304d to /tmp/nimble_22166/githubcom_planetycookies/.git/objects/46/tmp_obj_jTC4P2
  delete /tmp/nimble_22166/githubcom_planetycookies/.git/objects/46/tmp_obj_jTC4P2
  create directory /tmp/nimble_22166/githubcom_planetycookies/.git/objects/d2
  create hard link from /tmp/nimble_22166/githubcom_planetycookies/.git/objects/d2/0315d4f0057317b04146cfe7454e5d86a9fc8b to /tmp/nimble_22166/githubcom_planetycookies/.git/objects/d2/tmp_obj_f7Okd7
  delete /tmp/nimble_22166/githubcom_planetycookies/.git/objects/d2/tmp_obj_f7Okd7
  create directory /tmp/nimble_22166/githubcom_planetycookies/.git/objects/f5
  create hard link from /tmp/nimble_22166/githubcom_planetycookies/.git/objects/f5/60af1cac098c48bd5b958c9fbc36eeed8c6e84 to /tmp/nimble_22166/githubcom_planetycookies/.git/objects/f5/tmp_obj_f9hnVc
  delete /tmp/nimble_22166/githubcom_planetycookies/.git/objects/f5/tmp_obj_f9hnVc
  create directory /tmp/nimble_22166/githubcom_planetycookies/.git/objects/3b
  create hard link from /tmp/nimble_22166/githubcom_planetycookies/.git/objects/3b/b69f82af2b03d759a985634d69563496d956b6 to /tmp/nimble_22166/githubcom_planetycookies/.git/objects/3b/tmp_obj_RE4awe
  delete /tmp/nimble_22166/githubcom_planetycookies/.git/objects/3b/tmp_obj_RE4awe
  create directory /tmp/nimble_22166/githubcom_planetycookies/.git/objects/56
  create hard link from /tmp/nimble_22166/githubcom_planetycookies/.git/objects/56/01d60e695d5c63e3765b3abf5ef255366f4f26 to /tmp/nimble_22166/githubcom_planetycookies/.git/objects/56/tmp_obj_Bcepuk
  delete /tmp/nimble_22166/githubcom_planetycookies/.git/objects/56/tmp_obj_Bcepuk
  rename /tmp/nimble_22166/githubcom_planetycookies/.git/shallow.lock to shallow
  rename /tmp/nimble_22166/githubcom_planetycookies/.git/packed-refs.new to packed-refs
  delete /tmp/nimble_22166/githubcom_planetycookies/.git/packed-refs.lock
  delete /tmp/nimble_22166/githubcom_planetycookies/.git/refs/tags/v0.2.0.lock
  create directory /tmp/nimble_22166/githubcom_planetycookies/.git/logs
  rename /tmp/nimble_22166/githubcom_planetycookies/.git/HEAD.lock to HEAD
  create directory /tmp/nimble_22166/githubcom_planetycookies/src
  create directory /tmp/nimble_22166/githubcom_planetycookies/src/cookiejar
  create directory /tmp/nimble_22166/githubcom_planetycookies/tests
  rename /tmp/nimble_22166/githubcom_planetycookies/.git/index.lock to index
  create directory /tmp
  create directory /tmp/nimblecache
  create directory /tmp/nimblecache/cookiejar_481021923
  delete /tmp/nimblecache/cookiejar_481021923/cookiejar.ini
  delete /tmp/nimble_22166.out
  delete /tmp/nimble_22166/githubcom_planetycookies/cookiejar_22166.nims
  create directory /home
  create directory /home/runner
  create directory /home/runner/.nimble
  create directory /home/runner/.nimble/pkgs
  create directory /home/runner/.nimble/pkgs/cookiejar-0.2.0
  create directory /home
  create directory /home/runner
  create directory /home/runner/.nimble
  create directory /home/runner/.nimble/pkgs
  create directory /home/runner/.nimble/pkgs/cookiejar-0.2.0
  create directory /home/runner/.nimble/pkgs/cookiejar-0.2.0/cookiejar
  change permissions of /home/runner/.nimble/pkgs/cookiejar-0.2.0/cookiejar/cookies.nim to rw-r--r--
  create directory /home
  create directory /home/runner
  create directory /home/runner/.nimble
  create directory /home/runner/.nimble/pkgs
  create directory /home/runner/.nimble/pkgs/cookiejar-0.2.0
  change permissions of /home/runner/.nimble/pkgs/cookiejar-0.2.0/cookiejar.nim to rw-r--r--
  change permissions of /home/runner/.nimble/pkgs/cookiejar-0.2.0/cookiejar.nimble to rw-r--r--
  create directory /tmp
  create directory /tmp/nimblecache
  create directory /tmp/nimblecache/cookiejar_3595746657
  delete /tmp/nimblecache/cookiejar_3595746657/cookiejar.ini
  delete /tmp/nimble_22166.out
  delete /home/runner/.nimble/pkgs/cookiejar-0.2.0/cookiejar_22166.nims
  delete /tmp/nimble_22166/githubcom_planetycookies/cookiejar.nimble
  delete /tmp/nimble_22166/githubcom_planetycookies/README.md
  delete /tmp/nimble_22166/githubcom_planetycookies/.git/refs/tags
  delete /tmp/nimble_22166/githubcom_planetycookies/.git/refs/heads
  delete /tmp/nimble_22166/githubcom_planetycookies/.git/refs
  delete /tmp/nimble_22166/githubcom_planetycookies/.git/info/exclude
  delete /tmp/nimble_22166/githubcom_planetycookies/.git/info
  delete /tmp/nimble_22166/githubcom_planetycookies/.git/branches
  delete /tmp/nimble_22166/githubcom_planetycookies/.git/logs/HEAD
  delete /tmp/nimble_22166/githubcom_planetycookies/.git/logs
  delete /tmp/nimble_22166/githubcom_planetycookies/.git/description
  delete /tmp/nimble_22166/githubcom_planetycookies/.git/hooks/pre-rebase.sample
  delete /tmp/nimble_22166/githubcom_planetycookies/.git/hooks/applypatch-msg.sample
  delete /tmp/nimble_22166/githubcom_planetycookies/.git/hooks/pre-push.sample
  delete /tmp/nimble_22166/githubcom_planetycookies/.git/hooks/pre-merge-commit.sample
  delete /tmp/nimble_22166/githubcom_planetycookies/.git/hooks/pre-receive.sample
  delete /tmp/nimble_22166/githubcom_planetycookies/.git/hooks/update.sample
  delete /tmp/nimble_22166/githubcom_planetycookies/.git/hooks/pre-commit.sample
  delete /tmp/nimble_22166/githubcom_planetycookies/.git/hooks/pre-applypatch.sample
  delete /tmp/nimble_22166/githubcom_planetycookies/.git/hooks/commit-msg.sample
  delete /tmp/nimble_22166/githubcom_planetycookies/.git/hooks/fsmonitor-watchman.sample
  delete /tmp/nimble_22166/githubcom_planetycookies/.git/hooks/prepare-commit-msg.sample
  delete /tmp/nimble_22166/githubcom_planetycookies/.git/hooks/post-update.sample
  delete /tmp/nimble_22166/githubcom_planetycookies/.git/hooks
  delete /tmp/nimble_22166/githubcom_planetycookies/.git/shallow
  delete /tmp/nimble_22166/githubcom_planetycookies/.git/config
  delete /tmp/nimble_22166/githubcom_planetycookies/.git/index
  delete /tmp/nimble_22166/githubcom_planetycookies/.git/objects/60/21ee76fb9501d211580fe2d0afbdf460f0976b
  delete /tmp/nimble_22166/githubcom_planetycookies/.git/objects/60
  delete /tmp/nimble_22166/githubcom_planetycookies/.git/objects/f5/60af1cac098c48bd5b958c9fbc36eeed8c6e84
  delete /tmp/nimble_22166/githubcom_planetycookies/.git/objects/f5
  delete /tmp/nimble_22166/githubcom_planetycookies/.git/objects/e0/7f9d14f0f84b5f50cddf0d6d3e08cc22872b21
  delete /tmp/nimble_22166/githubcom_planetycookies/.git/objects/e0
  delete /tmp/nimble_22166/githubcom_planetycookies/.git/objects/info
  delete /tmp/nimble_22166/githubcom_planetycookies/.git/objects/5b/08ff202eb0ff5daab04fdf9dcc663284ec93c7
  delete /tmp/nimble_22166/githubcom_planetycookies/.git/objects/5b
  delete /tmp/nimble_22166/githubcom_planetycookies/.git/objects/de/c75358f283b34c2900a88976cd29b2da8bf3d9
  delete /tmp/nimble_22166/githubcom_planetycookies/.git/objects/de
  delete /tmp/nimble_22166/githubcom_planetycookies/.git/objects/7d/93e7c1287bdfcc114d44592c1ee343d04ec5f0
  delete /tmp/nimble_22166/githubcom_planetycookies/.git/objects/7d
  delete /tmp/nimble_22166/githubcom_planetycookies/.git/objects/96/7560ec0ebc481aeafac6fe952424c2a275a39a
  delete /tmp/nimble_22166/githubcom_planetycookies/.git/objects/96
  delete /tmp/nimble_22166/githubcom_planetycookies/.git/objects/3b/b69f82af2b03d759a985634d69563496d956b6
  delete /tmp/nimble_22166/githubcom_planetycookies/.git/objects/3b
  delete /tmp/nimble_22166/githubcom_planetycookies/.git/objects/26/1eeb9e9f8b2b4b0d119366dda99c6fd7d35c64
  delete /tmp/nimble_22166/githubcom_planetycookies/.git/objects/26
  delete /tmp/nimble_22166/githubcom_planetycookies/.git/objects/3e/587bb70068aeddc7de6643852168b809d10920
  delete /tmp/nimble_22166/githubcom_planetycookies/.git/objects/3e
  delete /tmp/nimble_22166/githubcom_planetycookies/.git/objects/d2/0315d4f0057317b04146cfe7454e5d86a9fc8b
  delete /tmp/nimble_22166/githubcom_planetycookies/.git/objects/d2
  delete /tmp/nimble_22166/githubcom_planetycookies/.git/objects/56/01d60e695d5c63e3765b3abf5ef255366f4f26
  delete /tmp/nimble_22166/githubcom_planetycookies/.git/objects/56
  delete /tmp/nimble_22166/githubcom_planetycookies/.git/objects/pack
  delete /tmp/nimble_22166/githubcom_planetycookies/.git/objects/46/3c294bb573ea735d0d007a3122ae4d0f35304d
  delete /tmp/nimble_22166/githubcom_planetycookies/.git/objects/46
  delete /tmp/nimble_22166/githubcom_planetycookies/.git/objects
  delete /tmp/nimble_22166/githubcom_planetycookies/.git/packed-refs
  delete /tmp/nimble_22166/githubcom_planetycookies/.git/HEAD
  delete /tmp/nimble_22166/githubcom_planetycookies/.git
  delete /tmp/nimble_22166/githubcom_planetycookies/src/cookiejar/cookies.nim
  delete /tmp/nimble_22166/githubcom_planetycookies/src/cookiejar
  delete /tmp/nimble_22166/githubcom_planetycookies/src/cookiejar.nim
  delete /tmp/nimble_22166/githubcom_planetycookies/src
  delete /tmp/nimble_22166/githubcom_planetycookies/.travis.yml
  delete /tmp/nimble_22166/githubcom_planetycookies/tests/config.nims
  delete /tmp/nimble_22166/githubcom_planetycookies/tests/test.nim
  delete /tmp/nimble_22166/githubcom_planetycookies/tests
  delete /tmp/nimble_22166/githubcom_planetycookies/LICENSE
  delete /tmp/nimble_22166/githubcom_planetycookies
  delete /tmp/nimble_22166
