     Info:  Nimble data file "/home/runner/.nimble/nimbledata2.json" has been loaded.
    Reading official package list
Downloading https://github.com/sls1005/cpptuples using git
    Cloning latest tagged version: v0.1.0
open('/workspace/destdir/ssl/openssl.cnf', 32768, 0x00000000000001b6)
open('/home/runner/.config/nimble/nimble.ini', 557056, 0x00000000000001b6)
open('/home/runner/.config/babel/babel.ini', 557056, 0x00000000000001b6)
open('/home/runner/.nimble/nimbledata2.json', 557056, 0x00000000000001b6)
writev(1, 0x00007ffe40916750, 2)
writev(1, 0x00007ffe40916030, 2)
open('/home/runner/.nimble/packages_official.json', 557056, 0x00000000000001b6)
mkdir('/tmp/', 0x00000000000001ff)
mkdir('/tmp/nimble_3731/', 0x00000000000001ff)
mkdir('/tmp/nimble_3731/githubcom_sls1005cpptuples', 0x00000000000001ff)
writev(1, 0x00007ffe40916000, 2)
open('/tmp/nimble_3731/githubcom_sls1005cpptuples', 622592, 0x0000000000000000)
rmdir('/tmp/nimble_3731/githubcom_sls1005cpptuples')
writev(1, 0x00007ffe40915f70, 2)
mkdir(93976426112048, 0x00000000000001ff)
Error tracing process: readBytes(0x00005578977ee430, 256) error: [Errno 5] Input/output error.
