    Reading official package list
Downloading https://github.com/juancarlospaco/nim-crc32 using git
mkdir('/tmp', 0x00000000000001ff)
mkdir('/tmp/nimble_13070', 0x00000000000001ff)
mkdir('/tmp/nimble_13070/githubcom_juancarlospaconimcrc32', 0x00000000000001ff)
rmdir('/tmp/nimble_13070/githubcom_juancarlospaconimcrc32')
mkdir('/tmp/nimble_13070/githubcom_juancarlospaconimcrc32', 0x00000000000001ff)
mkdir('/tmp/nimble_13070/githubcom_juancarlospaconimcrc32/.git', 0x00000000000001ff)
mkdir('/tmp/nimble_13070/githubcom_juancarlospaconimcrc32/.git/', 0x00000000000001ff)
mkdir('/tmp/nimble_13070/githubcom_juancarlospaconimcrc32/.git/info/', 0x00000000000001ff)
mkdir('/tmp/nimble_13070/githubcom_juancarlospaconimcrc32/.git/branches/', 0x00000000000001ff)
mkdir('/tmp/nimble_13070/githubcom_juancarlospaconimcrc32/.git/hooks/', 0x00000000000001ff)
mkdir('/tmp/nimble_13070/githubcom_juancarlospaconimcrc32/.git/refs', 0x00000000000001ff)
mkdir('/tmp/nimble_13070/githubcom_juancarlospaconimcrc32/.git/refs/heads', 0x00000000000001ff)
mkdir('/tmp/nimble_13070/githubcom_juancarlospaconimcrc32/.git/refs/tags', 0x00000000000001ff)
rename('/tmp/nimble_13070/githubcom_juancarlospaconimcrc32/.git/HEAD.lock', '/tmp/nimble_13070/githubcom_juancarlospaconimcrc32/.git/HEAD')
rename('/tmp/nimble_13070/githubcom_juancarlospaconimcrc32/.git/config.lock', '/tmp/nimble_13070/githubcom_juancarlospaconimcrc32/.git/config')
chmod('/tmp/nimble_13070/githubcom_juancarlospaconimcrc32/.git/config', 0x00000000000081e4)
chmod('/tmp/nimble_13070/githubcom_juancarlospaconimcrc32/.git/config', 0x00000000000081a4)
chmod('/tmp/nimble_13070/githubcom_juancarlospaconimcrc32/.git/config.lock', 0x00000000000001a4)
rename('/tmp/nimble_13070/githubcom_juancarlospaconimcrc32/.git/config.lock', '/tmp/nimble_13070/githubcom_juancarlospaconimcrc32/.git/config')
chmod('/tmp/nimble_13070/githubcom_juancarlospaconimcrc32/.git/config.lock', 0x00000000000001a4)
rename('/tmp/nimble_13070/githubcom_juancarlospaconimcrc32/.git/config.lock', '/tmp/nimble_13070/githubcom_juancarlospaconimcrc32/.git/config')
chmod('/tmp/nimble_13070/githubcom_juancarlospaconimcrc32/.git/config.lock', 0x00000000000001a4)
rename('/tmp/nimble_13070/githubcom_juancarlospaconimcrc32/.git/config.lock', '/tmp/nimble_13070/githubcom_juancarlospaconimcrc32/.git/config')
unlink('/tmp/nimble_13070/githubcom_juancarlospaconimcrc32/.git/thJJBqX')
symlink('testing', '/tmp/nimble_13070/githubcom_juancarlospaconimcrc32/.git/thJJBqX')
unlink('/tmp/nimble_13070/githubcom_juancarlospaconimcrc32/.git/thJJBqX')
mkdir('/tmp/nimble_13070/githubcom_juancarlospaconimcrc32/.git/objects', 0x00000000000001ff)
mkdir('/tmp/nimble_13070/githubcom_juancarlospaconimcrc32/.git/objects/pack', 0x00000000000001ff)
mkdir('/tmp/nimble_13070/githubcom_juancarlospaconimcrc32/.git/objects/info', 0x00000000000001ff)
chmod('/tmp/nimble_13070/githubcom_juancarlospaconimcrc32/.git/config.lock', 0x00000000000001a4)
rename('/tmp/nimble_13070/githubcom_juancarlospaconimcrc32/.git/config.lock', '/tmp/nimble_13070/githubcom_juancarlospaconimcrc32/.git/config')
chmod('/tmp/nimble_13070/githubcom_juancarlospaconimcrc32/.git/config.lock', 0x00000000000001a4)
rename('/tmp/nimble_13070/githubcom_juancarlospaconimcrc32/.git/config.lock', '/tmp/nimble_13070/githubcom_juancarlospaconimcrc32/.git/config')
chmod('/tmp/nimble_13070/githubcom_juancarlospaconimcrc32/.git/config.lock', 0x00000000000001a4)
rename('/tmp/nimble_13070/githubcom_juancarlospaconimcrc32/.git/config.lock', '/tmp/nimble_13070/githubcom_juancarlospaconimcrc32/.git/config')
mkdir('/tmp/nimble_13070/githubcom_juancarlospaconimcrc32/.git/objects/2e', 0x00000000000001ff)
link('/tmp/nimble_13070/githubcom_juancarlospaconimcrc32/.git/objects/2e/tmp_obj_h3Hpyz', '/tmp/nimble_13070/githubcom_juancarlospaconimcrc32/.git/objects/2e/da4f1c6e585519506fd3f74ceac0eab8d0c8c3')
unlink('/tmp/nimble_13070/githubcom_juancarlospaconimcrc32/.git/objects/2e/tmp_obj_h3Hpyz')
mkdir('/tmp/nimble_13070/githubcom_juancarlospaconimcrc32/.git/objects/ac', 0x00000000000001ff)
link('/tmp/nimble_13070/githubcom_juancarlospaconimcrc32/.git/objects/ac/tmp_obj_DIHB2D', '/tmp/nimble_13070/githubcom_juancarlospaconimcrc32/.git/objects/ac/dbe1587f745a0f4ff3ad933e4e0fe859b5b09d')
unlink('/tmp/nimble_13070/githubcom_juancarlospaconimcrc32/.git/objects/ac/tmp_obj_DIHB2D')
mkdir('/tmp/nimble_13070/githubcom_juancarlospaconimcrc32/.git/objects/67', 0x00000000000001ff)
link('/tmp/nimble_13070/githubcom_juancarlospaconimcrc32/.git/objects/67/tmp_obj_jkQf7F', '/tmp/nimble_13070/githubcom_juancarlospaconimcrc32/.git/objects/67/d9b34c6cecad82ad17197ffa5db4860caf9037')
unlink('/tmp/nimble_13070/githubcom_juancarlospaconimcrc32/.git/objects/67/tmp_obj_jkQf7F')
mkdir('/tmp/nimble_13070/githubcom_juancarlospaconimcrc32/.git/objects/f3', 0x00000000000001ff)
link('/tmp/nimble_13070/githubcom_juancarlospaconimcrc32/.git/objects/f3/tmp_obj_F58fJH', '/tmp/nimble_13070/githubcom_juancarlospaconimcrc32/.git/objects/f3/5ee228a9a2b37f68bb2149f7669d76943162a1')
unlink('/tmp/nimble_13070/githubcom_juancarlospaconimcrc32/.git/objects/f3/tmp_obj_F58fJH')
mkdir('/tmp/nimble_13070/githubcom_juancarlospaconimcrc32/.git/objects/78', 0x00000000000001ff)
link('/tmp/nimble_13070/githubcom_juancarlospaconimcrc32/.git/objects/78/tmp_obj_r0jnGL', '/tmp/nimble_13070/githubcom_juancarlospaconimcrc32/.git/objects/78/813229cc9c5c608b117badb112e85fb999d0b6')
unlink('/tmp/nimble_13070/githubcom_juancarlospaconimcrc32/.git/objects/78/tmp_obj_r0jnGL')
mkdir('/tmp/nimble_13070/githubcom_juancarlospaconimcrc32/.git/objects/a9', 0x00000000000001ff)
link('/tmp/nimble_13070/githubcom_juancarlospaconimcrc32/.git/objects/a9/tmp_obj_T0AtzR', '/tmp/nimble_13070/githubcom_juancarlospaconimcrc32/.git/objects/a9/ac5205316cbdcdb887a167152f828e781783fa')
unlink('/tmp/nimble_13070/githubcom_juancarlospaconimcrc32/.git/objects/a9/tmp_obj_T0AtzR')
mkdir('/tmp/nimble_13070/githubcom_juancarlospaconimcrc32/.git/objects/76', 0x00000000000001ff)
link('/tmp/nimble_13070/githubcom_juancarlospaconimcrc32/.git/objects/76/tmp_obj_lNe5OS', '/tmp/nimble_13070/githubcom_juancarlospaconimcrc32/.git/objects/76/5f82e43d906218ae51decfadb666b8e9e170cb')
unlink('/tmp/nimble_13070/githubcom_juancarlospaconimcrc32/.git/objects/76/tmp_obj_lNe5OS')
rename('/tmp/nimble_13070/githubcom_juancarlospaconimcrc32/.git/shallow.lock', '/tmp/nimble_13070/githubcom_juancarlospaconimcrc32/.git/shallow')
rename('/tmp/nimble_13070/githubcom_juancarlospaconimcrc32/.git/packed-refs.new', '/tmp/nimble_13070/githubcom_juancarlospaconimcrc32/.git/packed-refs')
unlink('/tmp/nimble_13070/githubcom_juancarlospaconimcrc32/.git/packed-refs.lock')
mkdir('/tmp/nimble_13070/githubcom_juancarlospaconimcrc32/.git/refs/remotes', 0x00000000000001ff)
mkdir('/tmp/nimble_13070/githubcom_juancarlospaconimcrc32/.git/refs/remotes/origin', 0x00000000000001ff)
mkdir('/tmp/nimble_13070/githubcom_juancarlospaconimcrc32/.git/logs', 0x00000000000001ff)
mkdir('/tmp/nimble_13070/githubcom_juancarlospaconimcrc32/.git/logs/refs', 0x00000000000001ff)
mkdir('/tmp/nimble_13070/githubcom_juancarlospaconimcrc32/.git/logs/refs/remotes', 0x00000000000001ff)
mkdir('/tmp/nimble_13070/githubcom_juancarlospaconimcrc32/.git/logs/refs/remotes/origin', 0x00000000000001ff)
rename('/tmp/nimble_13070/githubcom_juancarlospaconimcrc32/.git/refs/remotes/origin/HEAD.lock', '/tmp/nimble_13070/githubcom_juancarlospaconimcrc32/.git/refs/remotes/origin/HEAD')
rename('/tmp/nimble_13070/githubcom_juancarlospaconimcrc32/.git/HEAD.lock', '/tmp/nimble_13070/githubcom_juancarlospaconimcrc32/.git/HEAD')
mkdir('/tmp/nimble_13070/githubcom_juancarlospaconimcrc32/.git/logs/refs/heads', 0x00000000000001ff)
rename('/tmp/nimble_13070/githubcom_juancarlospaconimcrc32/.git/refs/heads/master.lock', '/tmp/nimble_13070/githubcom_juancarlospaconimcrc32/.git/refs/heads/master')
unlink('/tmp/nimble_13070/githubcom_juancarlospaconimcrc32/.git/HEAD.lock')
chmod('/tmp/nimble_13070/githubcom_juancarlospaconimcrc32/.git/config.lock', 0x00000000000001a4)
rename('/tmp/nimble_13070/githubcom_juancarlospaconimcrc32/.git/config.lock', '/tmp/nimble_13070/githubcom_juancarlospaconimcrc32/.git/config')
chmod('/tmp/nimble_13070/githubcom_juancarlospaconimcrc32/.git/config.lock', 0x00000000000001a4)
rename('/tmp/nimble_13070/githubcom_juancarlospaconimcrc32/.git/config.lock', '/tmp/nimble_13070/githubcom_juancarlospaconimcrc32/.git/config')       Info /tmp/nimble_13070/githubcom_juancarlospaconimcrc32/crc32_13070.nims(1, 8) Warning: imported and not used: 'system' [UnusedImport]
        ... /tmp/nimble_13070/githubcom_juancarlospaconimcrc32/crc32_13070.nims(5, 22) Warning: imported and not used: 'strutils' [UnusedImport]
  Verifying dependencies for crc32@0.1.1
 Installing crc32@0.1.1
    Copying file /tmp/nimble_13070/githubcom_juancarlospaconimcrc32/src/crc32.nim to /home/runner/.nimble/pkgs/crc32-0.1.1/crc32.nim
    Copying file /tmp/nimble_13070/githubcom_juancarlospaconimcrc32/crc32.nimble to /home/runner/.nimble/pkgs/crc32-0.1.1/crc32.nimble
   Success: crc32 installed successfully.
       Info /home/runner/.nimble/pkgs/crc32-0.1.1/crc32_13070.nims(1, 8) Warning: imported and not used: 'system' [UnusedImport]
        ... /home/runner/.nimble/pkgs/crc32-0.1.1/crc32_13070.nims(5, 22) Warning: imported and not used: 'strutils' [UnusedImport]

mkdir('src', 0x00000000000001ff)
rename('/tmp/nimble_13070/githubcom_juancarlospaconimcrc32/.git/index.lock', '/tmp/nimble_13070/githubcom_juancarlospaconimcrc32/.git/index')
mkdir('/tmp', 0x00000000000001ff)
mkdir('/tmp/nimblecache', 0x00000000000001ff)
mkdir('/tmp/nimblecache/crc32_1151687076', 0x00000000000001ff)
unlink('/tmp/nimblecache/crc32_1151687076/crc32.ini')
unlink('/tmp/nimble_13070.out')
unlink('/tmp/nimble_13070/githubcom_juancarlospaconimcrc32/crc32_13070.nims')
mkdir('/home', 0x00000000000001ff)
mkdir('/home/runner', 0x00000000000001ff)
mkdir('/home/runner/.nimble', 0x00000000000001ff)
mkdir('/home/runner/.nimble/pkgs', 0x00000000000001ff)
mkdir('/home/runner/.nimble/pkgs/crc32-0.1.1', 0x00000000000001ff)
mkdir('/home', 0x00000000000001ff)
mkdir('/home/runner', 0x00000000000001ff)
mkdir('/home/runner/.nimble', 0x00000000000001ff)
mkdir('/home/runner/.nimble/pkgs', 0x00000000000001ff)
mkdir('/home/runner/.nimble/pkgs/crc32-0.1.1', 0x00000000000001ff)
chmod('/home/runner/.nimble/pkgs/crc32-0.1.1/crc32.nim', 0x00000000000001a4)
chmod('/home/runner/.nimble/pkgs/crc32-0.1.1/crc32.nimble', 0x00000000000001a4)
mkdir('/tmp', 0x00000000000001ff)
mkdir('/tmp/nimblecache', 0x00000000000001ff)
mkdir('/tmp/nimblecache/crc32_3037883524', 0x00000000000001ff)
unlink('/tmp/nimblecache/crc32_3037883524/crc32.ini')
unlink('/tmp/nimble_13070.out')
unlink('/home/runner/.nimble/pkgs/crc32-0.1.1/crc32_13070.nims')
unlink('/tmp/nimble_13070/githubcom_juancarlospaconimcrc32/crc32.nimble')
unlink('/tmp/nimble_13070/githubcom_juancarlospaconimcrc32/README.md')
unlink('/tmp/nimble_13070/githubcom_juancarlospaconimcrc32/.git/refs/remotes/origin/HEAD')
rmdir('/tmp/nimble_13070/githubcom_juancarlospaconimcrc32/.git/refs/remotes/origin')
rmdir('/tmp/nimble_13070/githubcom_juancarlospaconimcrc32/.git/refs/remotes')
rmdir('/tmp/nimble_13070/githubcom_juancarlospaconimcrc32/.git/refs/tags')
unlink('/tmp/nimble_13070/githubcom_juancarlospaconimcrc32/.git/refs/heads/master')
rmdir('/tmp/nimble_13070/githubcom_juancarlospaconimcrc32/.git/refs/heads')
rmdir('/tmp/nimble_13070/githubcom_juancarlospaconimcrc32/.git/refs')
unlink('/tmp/nimble_13070/githubcom_juancarlospaconimcrc32/.git/info/exclude')
rmdir('/tmp/nimble_13070/githubcom_juancarlospaconimcrc32/.git/info')
rmdir('/tmp/nimble_13070/githubcom_juancarlospaconimcrc32/.git/branches')
unlink('/tmp/nimble_13070/githubcom_juancarlospaconimcrc32/.git/logs/refs/remotes/origin/HEAD')
rmdir('/tmp/nimble_13070/githubcom_juancarlospaconimcrc32/.git/logs/refs/remotes/origin')
rmdir('/tmp/nimble_13070/githubcom_juancarlospaconimcrc32/.git/logs/refs/remotes')
unlink('/tmp/nimble_13070/githubcom_juancarlospaconimcrc32/.git/logs/refs/heads/master')
rmdir('/tmp/nimble_13070/githubcom_juancarlospaconimcrc32/.git/logs/refs/heads')
rmdir('/tmp/nimble_13070/githubcom_juancarlospaconimcrc32/.git/logs/refs')
unlink('/tmp/nimble_13070/githubcom_juancarlospaconimcrc32/.git/logs/HEAD')
rmdir('/tmp/nimble_13070/githubcom_juancarlospaconimcrc32/.git/logs')
unlink('/tmp/nimble_13070/githubcom_juancarlospaconimcrc32/.git/description')
unlink('/tmp/nimble_13070/githubcom_juancarlospaconimcrc32/.git/hooks/pre-rebase.sample')
unlink('/tmp/nimble_13070/githubcom_juancarlospaconimcrc32/.git/hooks/applypatch-msg.sample')
unlink('/tmp/nimble_13070/githubcom_juancarlospaconimcrc32/.git/hooks/pre-push.sample')
unlink('/tmp/nimble_13070/githubcom_juancarlospaconimcrc32/.git/hooks/pre-merge-commit.sample')
unlink('/tmp/nimble_13070/githubcom_juancarlospaconimcrc32/.git/hooks/pre-receive.sample')
unlink('/tmp/nimble_13070/githubcom_juancarlospaconimcrc32/.git/hooks/update.sample')
unlink('/tmp/nimble_13070/githubcom_juancarlospaconimcrc32/.git/hooks/pre-commit.sample')
unlink('/tmp/nimble_13070/githubcom_juancarlospaconimcrc32/.git/hooks/pre-applypatch.sample')
unlink('/tmp/nimble_13070/githubcom_juancarlospaconimcrc32/.git/hooks/commit-msg.sample')
unlink('/tmp/nimble_13070/githubcom_juancarlospaconimcrc32/.git/hooks/fsmonitor-watchman.sample')
unlink('/tmp/nimble_13070/githubcom_juancarlospaconimcrc32/.git/hooks/prepare-commit-msg.sample')
unlink('/tmp/nimble_13070/githubcom_juancarlospaconimcrc32/.git/hooks/post-update.sample')
rmdir('/tmp/nimble_13070/githubcom_juancarlospaconimcrc32/.git/hooks')
unlink('/tmp/nimble_13070/githubcom_juancarlospaconimcrc32/.git/shallow')
unlink('/tmp/nimble_13070/githubcom_juancarlospaconimcrc32/.git/config')
unlink('/tmp/nimble_13070/githubcom_juancarlospaconimcrc32/.git/index')
unlink('/tmp/nimble_13070/githubcom_juancarlospaconimcrc32/.git/objects/ac/dbe1587f745a0f4ff3ad933e4e0fe859b5b09d')
rmdir('/tmp/nimble_13070/githubcom_juancarlospaconimcrc32/.git/objects/ac')
unlink('/tmp/nimble_13070/githubcom_juancarlospaconimcrc32/.git/objects/2e/da4f1c6e585519506fd3f74ceac0eab8d0c8c3')
rmdir('/tmp/nimble_13070/githubcom_juancarlospaconimcrc32/.git/objects/2e')
rmdir('/tmp/nimble_13070/githubcom_juancarlospaconimcrc32/.git/objects/info')
unlink('/tmp/nimble_13070/githubcom_juancarlospaconimcrc32/.git/objects/78/813229cc9c5c608b117badb112e85fb999d0b6')
rmdir('/tmp/nimble_13070/githubcom_juancarlospaconimcrc32/.git/objects/78')
unlink('/tmp/nimble_13070/githubcom_juancarlospaconimcrc32/.git/objects/67/d9b34c6cecad82ad17197ffa5db4860caf9037')
rmdir('/tmp/nimble_13070/githubcom_juancarlospaconimcrc32/.git/objects/67')
unlink('/tmp/nimble_13070/githubcom_juancarlospaconimcrc32/.git/objects/a9/ac5205316cbdcdb887a167152f828e781783fa')
rmdir('/tmp/nimble_13070/githubcom_juancarlospaconimcrc32/.git/objects/a9')
unlink('/tmp/nimble_13070/githubcom_juancarlospaconimcrc32/.git/objects/76/5f82e43d906218ae51decfadb666b8e9e170cb')
rmdir('/tmp/nimble_13070/githubcom_juancarlospaconimcrc32/.git/objects/76')
unlink('/tmp/nimble_13070/githubcom_juancarlospaconimcrc32/.git/objects/f3/5ee228a9a2b37f68bb2149f7669d76943162a1')
rmdir('/tmp/nimble_13070/githubcom_juancarlospaconimcrc32/.git/objects/f3')
rmdir('/tmp/nimble_13070/githubcom_juancarlospaconimcrc32/.git/objects/pack')
rmdir('/tmp/nimble_13070/githubcom_juancarlospaconimcrc32/.git/objects')
unlink('/tmp/nimble_13070/githubcom_juancarlospaconimcrc32/.git/packed-refs')
unlink('/tmp/nimble_13070/githubcom_juancarlospaconimcrc32/.git/HEAD')
rmdir('/tmp/nimble_13070/githubcom_juancarlospaconimcrc32/.git')
unlink('/tmp/nimble_13070/githubcom_juancarlospaconimcrc32/src/crc32.nim')
rmdir('/tmp/nimble_13070/githubcom_juancarlospaconimcrc32/src')
unlink('/tmp/nimble_13070/githubcom_juancarlospaconimcrc32/.gitignore')
rmdir('/tmp/nimble_13070/githubcom_juancarlospaconimcrc32')
rmdir('/tmp/nimble_13070')
  create directory /tmp
  create directory /tmp/nimble_13070
  create directory /tmp/nimble_13070/githubcom_juancarlospaconimcrc32
  delete /tmp/nimble_13070/githubcom_juancarlospaconimcrc32
  create directory /tmp/nimble_13070/githubcom_juancarlospaconimcrc32
  create directory /tmp/nimble_13070/githubcom_juancarlospaconimcrc32/.git
  create directory /tmp/nimble_13070/githubcom_juancarlospaconimcrc32/.git
  create directory /tmp/nimble_13070/githubcom_juancarlospaconimcrc32/.git/info
  create directory /tmp/nimble_13070/githubcom_juancarlospaconimcrc32/.git/branches
  create directory /tmp/nimble_13070/githubcom_juancarlospaconimcrc32/.git/hooks
  create directory /tmp/nimble_13070/githubcom_juancarlospaconimcrc32/.git/refs
  create directory /tmp/nimble_13070/githubcom_juancarlospaconimcrc32/.git/refs/heads
  create directory /tmp/nimble_13070/githubcom_juancarlospaconimcrc32/.git/refs/tags
  rename /tmp/nimble_13070/githubcom_juancarlospaconimcrc32/.git/HEAD.lock to HEAD
  rename /tmp/nimble_13070/githubcom_juancarlospaconimcrc32/.git/config.lock to config
  change permissions of /tmp/nimble_13070/githubcom_juancarlospaconimcrc32/.git/config to rwxr--r--
  change permissions of /tmp/nimble_13070/githubcom_juancarlospaconimcrc32/.git/config to rw-r--r--
  change permissions of /tmp/nimble_13070/githubcom_juancarlospaconimcrc32/.git/config.lock to rw-r--r--
  rename /tmp/nimble_13070/githubcom_juancarlospaconimcrc32/.git/config.lock to config
  change permissions of /tmp/nimble_13070/githubcom_juancarlospaconimcrc32/.git/config.lock to rw-r--r--
  rename /tmp/nimble_13070/githubcom_juancarlospaconimcrc32/.git/config.lock to config
  change permissions of /tmp/nimble_13070/githubcom_juancarlospaconimcrc32/.git/config.lock to rw-r--r--
  rename /tmp/nimble_13070/githubcom_juancarlospaconimcrc32/.git/config.lock to config
  delete /tmp/nimble_13070/githubcom_juancarlospaconimcrc32/.git/thJJBqX
  create symbolic link from /tmp/nimble_13070/githubcom_juancarlospaconimcrc32/.git/thJJBqX to /home/runner/work/nim_packages_security_audit/nim_packages_security_audit/testing
  delete /tmp/nimble_13070/githubcom_juancarlospaconimcrc32/.git/thJJBqX
  create directory /tmp/nimble_13070/githubcom_juancarlospaconimcrc32/.git/objects
  create directory /tmp/nimble_13070/githubcom_juancarlospaconimcrc32/.git/objects/pack
  create directory /tmp/nimble_13070/githubcom_juancarlospaconimcrc32/.git/objects/info
  change permissions of /tmp/nimble_13070/githubcom_juancarlospaconimcrc32/.git/config.lock to rw-r--r--
  rename /tmp/nimble_13070/githubcom_juancarlospaconimcrc32/.git/config.lock to config
  change permissions of /tmp/nimble_13070/githubcom_juancarlospaconimcrc32/.git/config.lock to rw-r--r--
  rename /tmp/nimble_13070/githubcom_juancarlospaconimcrc32/.git/config.lock to config
  change permissions of /tmp/nimble_13070/githubcom_juancarlospaconimcrc32/.git/config.lock to rw-r--r--
  rename /tmp/nimble_13070/githubcom_juancarlospaconimcrc32/.git/config.lock to config
  create directory /tmp/nimble_13070/githubcom_juancarlospaconimcrc32/.git/objects/2e
  create hard link from /tmp/nimble_13070/githubcom_juancarlospaconimcrc32/.git/objects/2e/da4f1c6e585519506fd3f74ceac0eab8d0c8c3 to /tmp/nimble_13070/githubcom_juancarlospaconimcrc32/.git/objects/2e/tmp_obj_h3Hpyz
  delete /tmp/nimble_13070/githubcom_juancarlospaconimcrc32/.git/objects/2e/tmp_obj_h3Hpyz
  create directory /tmp/nimble_13070/githubcom_juancarlospaconimcrc32/.git/objects/ac
  create hard link from /tmp/nimble_13070/githubcom_juancarlospaconimcrc32/.git/objects/ac/dbe1587f745a0f4ff3ad933e4e0fe859b5b09d to /tmp/nimble_13070/githubcom_juancarlospaconimcrc32/.git/objects/ac/tmp_obj_DIHB2D
  delete /tmp/nimble_13070/githubcom_juancarlospaconimcrc32/.git/objects/ac/tmp_obj_DIHB2D
  create directory /tmp/nimble_13070/githubcom_juancarlospaconimcrc32/.git/objects/67
  create hard link from /tmp/nimble_13070/githubcom_juancarlospaconimcrc32/.git/objects/67/d9b34c6cecad82ad17197ffa5db4860caf9037 to /tmp/nimble_13070/githubcom_juancarlospaconimcrc32/.git/objects/67/tmp_obj_jkQf7F
  delete /tmp/nimble_13070/githubcom_juancarlospaconimcrc32/.git/objects/67/tmp_obj_jkQf7F
  create directory /tmp/nimble_13070/githubcom_juancarlospaconimcrc32/.git/objects/f3
  create hard link from /tmp/nimble_13070/githubcom_juancarlospaconimcrc32/.git/objects/f3/5ee228a9a2b37f68bb2149f7669d76943162a1 to /tmp/nimble_13070/githubcom_juancarlospaconimcrc32/.git/objects/f3/tmp_obj_F58fJH
  delete /tmp/nimble_13070/githubcom_juancarlospaconimcrc32/.git/objects/f3/tmp_obj_F58fJH
  create directory /tmp/nimble_13070/githubcom_juancarlospaconimcrc32/.git/objects/78
  create hard link from /tmp/nimble_13070/githubcom_juancarlospaconimcrc32/.git/objects/78/813229cc9c5c608b117badb112e85fb999d0b6 to /tmp/nimble_13070/githubcom_juancarlospaconimcrc32/.git/objects/78/tmp_obj_r0jnGL
  delete /tmp/nimble_13070/githubcom_juancarlospaconimcrc32/.git/objects/78/tmp_obj_r0jnGL
  create directory /tmp/nimble_13070/githubcom_juancarlospaconimcrc32/.git/objects/a9
  create hard link from /tmp/nimble_13070/githubcom_juancarlospaconimcrc32/.git/objects/a9/ac5205316cbdcdb887a167152f828e781783fa to /tmp/nimble_13070/githubcom_juancarlospaconimcrc32/.git/objects/a9/tmp_obj_T0AtzR
  delete /tmp/nimble_13070/githubcom_juancarlospaconimcrc32/.git/objects/a9/tmp_obj_T0AtzR
  create directory /tmp/nimble_13070/githubcom_juancarlospaconimcrc32/.git/objects/76
  create hard link from /tmp/nimble_13070/githubcom_juancarlospaconimcrc32/.git/objects/76/5f82e43d906218ae51decfadb666b8e9e170cb to /tmp/nimble_13070/githubcom_juancarlospaconimcrc32/.git/objects/76/tmp_obj_lNe5OS
  delete /tmp/nimble_13070/githubcom_juancarlospaconimcrc32/.git/objects/76/tmp_obj_lNe5OS
  rename /tmp/nimble_13070/githubcom_juancarlospaconimcrc32/.git/shallow.lock to shallow
  rename /tmp/nimble_13070/githubcom_juancarlospaconimcrc32/.git/packed-refs.new to packed-refs
  delete /tmp/nimble_13070/githubcom_juancarlospaconimcrc32/.git/packed-refs.lock
  create directory /tmp/nimble_13070/githubcom_juancarlospaconimcrc32/.git/refs/remotes
  create directory /tmp/nimble_13070/githubcom_juancarlospaconimcrc32/.git/refs/remotes/origin
  create directory /tmp/nimble_13070/githubcom_juancarlospaconimcrc32/.git/logs
  create directory /tmp/nimble_13070/githubcom_juancarlospaconimcrc32/.git/logs/refs
  create directory /tmp/nimble_13070/githubcom_juancarlospaconimcrc32/.git/logs/refs/remotes
  create directory /tmp/nimble_13070/githubcom_juancarlospaconimcrc32/.git/logs/refs/remotes/origin
  rename /tmp/nimble_13070/githubcom_juancarlospaconimcrc32/.git/refs/remotes/origin/HEAD.lock to HEAD
  rename /tmp/nimble_13070/githubcom_juancarlospaconimcrc32/.git/HEAD.lock to HEAD
  create directory /tmp/nimble_13070/githubcom_juancarlospaconimcrc32/.git/logs/refs/heads
  rename /tmp/nimble_13070/githubcom_juancarlospaconimcrc32/.git/refs/heads/master.lock to master
  delete /tmp/nimble_13070/githubcom_juancarlospaconimcrc32/.git/HEAD.lock
  change permissions of /tmp/nimble_13070/githubcom_juancarlospaconimcrc32/.git/config.lock to rw-r--r--
  rename /tmp/nimble_13070/githubcom_juancarlospaconimcrc32/.git/config.lock to config
  change permissions of /tmp/nimble_13070/githubcom_juancarlospaconimcrc32/.git/config.lock to rw-r--r--
  rename /tmp/nimble_13070/githubcom_juancarlospaconimcrc32/.git/config.lock to config
  create directory /tmp/nimble_13070/githubcom_juancarlospaconimcrc32/src
  rename /tmp/nimble_13070/githubcom_juancarlospaconimcrc32/.git/index.lock to index
  create directory /tmp
  create directory /tmp/nimblecache
  create directory /tmp/nimblecache/crc32_1151687076
  delete /tmp/nimblecache/crc32_1151687076/crc32.ini
  delete /tmp/nimble_13070.out
  delete /tmp/nimble_13070/githubcom_juancarlospaconimcrc32/crc32_13070.nims
  create directory /home
  create directory /home/runner
  create directory /home/runner/.nimble
  create directory /home/runner/.nimble/pkgs
  create directory /home/runner/.nimble/pkgs/crc32-0.1.1
  create directory /home
  create directory /home/runner
  create directory /home/runner/.nimble
  create directory /home/runner/.nimble/pkgs
  create directory /home/runner/.nimble/pkgs/crc32-0.1.1
  change permissions of /home/runner/.nimble/pkgs/crc32-0.1.1/crc32.nim to rw-r--r--
  change permissions of /home/runner/.nimble/pkgs/crc32-0.1.1/crc32.nimble to rw-r--r--
  create directory /tmp
  create directory /tmp/nimblecache
  create directory /tmp/nimblecache/crc32_3037883524
  delete /tmp/nimblecache/crc32_3037883524/crc32.ini
  delete /tmp/nimble_13070.out
  delete /home/runner/.nimble/pkgs/crc32-0.1.1/crc32_13070.nims
  delete /tmp/nimble_13070/githubcom_juancarlospaconimcrc32/crc32.nimble
  delete /tmp/nimble_13070/githubcom_juancarlospaconimcrc32/README.md
  delete /tmp/nimble_13070/githubcom_juancarlospaconimcrc32/.git/refs/remotes/origin/HEAD
  delete /tmp/nimble_13070/githubcom_juancarlospaconimcrc32/.git/refs/remotes/origin
  delete /tmp/nimble_13070/githubcom_juancarlospaconimcrc32/.git/refs/remotes
  delete /tmp/nimble_13070/githubcom_juancarlospaconimcrc32/.git/refs/tags
  delete /tmp/nimble_13070/githubcom_juancarlospaconimcrc32/.git/refs/heads/master
  delete /tmp/nimble_13070/githubcom_juancarlospaconimcrc32/.git/refs/heads
  delete /tmp/nimble_13070/githubcom_juancarlospaconimcrc32/.git/refs
  delete /tmp/nimble_13070/githubcom_juancarlospaconimcrc32/.git/info/exclude
  delete /tmp/nimble_13070/githubcom_juancarlospaconimcrc32/.git/info
  delete /tmp/nimble_13070/githubcom_juancarlospaconimcrc32/.git/branches
  delete /tmp/nimble_13070/githubcom_juancarlospaconimcrc32/.git/logs/refs/remotes/origin/HEAD
  delete /tmp/nimble_13070/githubcom_juancarlospaconimcrc32/.git/logs/refs/remotes/origin
  delete /tmp/nimble_13070/githubcom_juancarlospaconimcrc32/.git/logs/refs/remotes
  delete /tmp/nimble_13070/githubcom_juancarlospaconimcrc32/.git/logs/refs/heads/master
  delete /tmp/nimble_13070/githubcom_juancarlospaconimcrc32/.git/logs/refs/heads
  delete /tmp/nimble_13070/githubcom_juancarlospaconimcrc32/.git/logs/refs
  delete /tmp/nimble_13070/githubcom_juancarlospaconimcrc32/.git/logs/HEAD
  delete /tmp/nimble_13070/githubcom_juancarlospaconimcrc32/.git/logs
  delete /tmp/nimble_13070/githubcom_juancarlospaconimcrc32/.git/description
  delete /tmp/nimble_13070/githubcom_juancarlospaconimcrc32/.git/hooks/pre-rebase.sample
  delete /tmp/nimble_13070/githubcom_juancarlospaconimcrc32/.git/hooks/applypatch-msg.sample
  delete /tmp/nimble_13070/githubcom_juancarlospaconimcrc32/.git/hooks/pre-push.sample
  delete /tmp/nimble_13070/githubcom_juancarlospaconimcrc32/.git/hooks/pre-merge-commit.sample
  delete /tmp/nimble_13070/githubcom_juancarlospaconimcrc32/.git/hooks/pre-receive.sample
  delete /tmp/nimble_13070/githubcom_juancarlospaconimcrc32/.git/hooks/update.sample
  delete /tmp/nimble_13070/githubcom_juancarlospaconimcrc32/.git/hooks/pre-commit.sample
  delete /tmp/nimble_13070/githubcom_juancarlospaconimcrc32/.git/hooks/pre-applypatch.sample
  delete /tmp/nimble_13070/githubcom_juancarlospaconimcrc32/.git/hooks/commit-msg.sample
  delete /tmp/nimble_13070/githubcom_juancarlospaconimcrc32/.git/hooks/fsmonitor-watchman.sample
  delete /tmp/nimble_13070/githubcom_juancarlospaconimcrc32/.git/hooks/prepare-commit-msg.sample
  delete /tmp/nimble_13070/githubcom_juancarlospaconimcrc32/.git/hooks/post-update.sample
  delete /tmp/nimble_13070/githubcom_juancarlospaconimcrc32/.git/hooks
  delete /tmp/nimble_13070/githubcom_juancarlospaconimcrc32/.git/shallow
  delete /tmp/nimble_13070/githubcom_juancarlospaconimcrc32/.git/config
  delete /tmp/nimble_13070/githubcom_juancarlospaconimcrc32/.git/index
  delete /tmp/nimble_13070/githubcom_juancarlospaconimcrc32/.git/objects/ac/dbe1587f745a0f4ff3ad933e4e0fe859b5b09d
  delete /tmp/nimble_13070/githubcom_juancarlospaconimcrc32/.git/objects/ac
  delete /tmp/nimble_13070/githubcom_juancarlospaconimcrc32/.git/objects/2e/da4f1c6e585519506fd3f74ceac0eab8d0c8c3
  delete /tmp/nimble_13070/githubcom_juancarlospaconimcrc32/.git/objects/2e
  delete /tmp/nimble_13070/githubcom_juancarlospaconimcrc32/.git/objects/info
  delete /tmp/nimble_13070/githubcom_juancarlospaconimcrc32/.git/objects/78/813229cc9c5c608b117badb112e85fb999d0b6
  delete /tmp/nimble_13070/githubcom_juancarlospaconimcrc32/.git/objects/78
  delete /tmp/nimble_13070/githubcom_juancarlospaconimcrc32/.git/objects/67/d9b34c6cecad82ad17197ffa5db4860caf9037
  delete /tmp/nimble_13070/githubcom_juancarlospaconimcrc32/.git/objects/67
  delete /tmp/nimble_13070/githubcom_juancarlospaconimcrc32/.git/objects/a9/ac5205316cbdcdb887a167152f828e781783fa
  delete /tmp/nimble_13070/githubcom_juancarlospaconimcrc32/.git/objects/a9
  delete /tmp/nimble_13070/githubcom_juancarlospaconimcrc32/.git/objects/76/5f82e43d906218ae51decfadb666b8e9e170cb
  delete /tmp/nimble_13070/githubcom_juancarlospaconimcrc32/.git/objects/76
  delete /tmp/nimble_13070/githubcom_juancarlospaconimcrc32/.git/objects/f3/5ee228a9a2b37f68bb2149f7669d76943162a1
  delete /tmp/nimble_13070/githubcom_juancarlospaconimcrc32/.git/objects/f3
  delete /tmp/nimble_13070/githubcom_juancarlospaconimcrc32/.git/objects/pack
  delete /tmp/nimble_13070/githubcom_juancarlospaconimcrc32/.git/objects
  delete /tmp/nimble_13070/githubcom_juancarlospaconimcrc32/.git/packed-refs
  delete /tmp/nimble_13070/githubcom_juancarlospaconimcrc32/.git/HEAD
  delete /tmp/nimble_13070/githubcom_juancarlospaconimcrc32/.git
  delete /tmp/nimble_13070/githubcom_juancarlospaconimcrc32/src/crc32.nim
  delete /tmp/nimble_13070/githubcom_juancarlospaconimcrc32/src
  delete /tmp/nimble_13070/githubcom_juancarlospaconimcrc32/.gitignore
  delete /tmp/nimble_13070/githubcom_juancarlospaconimcrc32
  delete /tmp/nimble_13070
