     Info:  Nimble data file "/home/runner/.nimble/nimbledata2.json" has been loaded.
    Reading official package list
Downloading https://github.com/c-blake/cron using git
    Cloning latest tagged version: 0.7.1
open('/workspace/destdir/ssl/openssl.cnf', 32768, 0x00000000000001b6)
open('/home/runner/.config/nimble/nimble.ini', 557056, 0x00000000000001b6)
open('/home/runner/.config/babel/babel.ini', 557056, 0x00000000000001b6)
open('/home/runner/.nimble/nimbledata2.json', 557056, 0x00000000000001b6)
writev(1, 0x00007fff0d070620, 2)
writev(1, 0x00007fff0d06ff00, 2)
open('/home/runner/.nimble/packages_official.json', 557056, 0x00000000000001b6)
mkdir('/tmp/', 0x00000000000001ff)
mkdir('/tmp/nimble_4030/', 0x00000000000001ff)
mkdir('/tmp/nimble_4030/githubcom_cblakecron', 0x00000000000001ff)
writev(1, 0x00007fff0d06fed0, 2)
open('/tmp/nimble_4030/githubcom_cblakecron', 622592, 0x0000000000000000)
rmdir('/tmp/nimble_4030/githubcom_cblakecron')
writev(1, 0x00007fff0d06fe40, 2)
mkdir(94394352514320, 0x00000000000001ff)
Error tracing process: readBytes(0x000055d9e5d9b510, 256) error: [Errno 5] Input/output error.
