    Reading official package list
Downloading https://github.com/juancarlospaco/nim-crosscompile using git
       Info /tmp/nimble_14126/githubcom_juancarlospaconimcrosscompile/crosscompile_14126.nims(1, 8) Warning: imported and not used: 'system' [UnusedImport]
        ... /tmp/nimble_14126/githubcom_juancarlospaconimcrosscompile/crosscompile_14126.nims(5, 22) Warning: imported and not used: 'strutils' [UnusedImport]
  Verifying dependencies for crosscompile@0.1.1
    Reading official package list
   Checking for zip@any version
 Installing zip@any version
    Reading official package list
Downloading https://github.com/nim-lang/zip using git
mkdir('/tmp', 0x00000000000001ff)
mkdir('/tmp/nimble_14126', 0x00000000000001ff)
mkdir('/tmp/nimble_14126/githubcom_juancarlospaconimcrosscompile', 0x00000000000001ff)
rmdir('/tmp/nimble_14126/githubcom_juancarlospaconimcrosscompile')
mkdir('/tmp/nimble_14126/githubcom_juancarlospaconimcrosscompile', 0x00000000000001ff)
mkdir('/tmp/nimble_14126/githubcom_juancarlospaconimcrosscompile/.git', 0x00000000000001ff)
mkdir('/tmp/nimble_14126/githubcom_juancarlospaconimcrosscompile/.git/', 0x00000000000001ff)
mkdir('/tmp/nimble_14126/githubcom_juancarlospaconimcrosscompile/.git/branches/', 0x00000000000001ff)
mkdir('/tmp/nimble_14126/githubcom_juancarlospaconimcrosscompile/.git/hooks/', 0x00000000000001ff)
mkdir('/tmp/nimble_14126/githubcom_juancarlospaconimcrosscompile/.git/info/', 0x00000000000001ff)
mkdir('/tmp/nimble_14126/githubcom_juancarlospaconimcrosscompile/.git/refs', 0x00000000000001ff)
mkdir('/tmp/nimble_14126/githubcom_juancarlospaconimcrosscompile/.git/refs/heads', 0x00000000000001ff)
mkdir('/tmp/nimble_14126/githubcom_juancarlospaconimcrosscompile/.git/refs/tags', 0x00000000000001ff)
rename('/tmp/nimble_14126/githubcom_juancarlospaconimcrosscompile/.git/HEAD.lock', '/tmp/nimble_14126/githubcom_juancarlospaconimcrosscompile/.git/HEAD')
rename('/tmp/nimble_14126/githubcom_juancarlospaconimcrosscompile/.git/config.lock', '/tmp/nimble_14126/githubcom_juancarlospaconimcrosscompile/.git/config')
chmod('/tmp/nimble_14126/githubcom_juancarlospaconimcrosscompile/.git/config', 0x00000000000081e4)
chmod('/tmp/nimble_14126/githubcom_juancarlospaconimcrosscompile/.git/config', 0x00000000000081a4)
chmod('/tmp/nimble_14126/githubcom_juancarlospaconimcrosscompile/.git/config.lock', 0x00000000000001a4)
rename('/tmp/nimble_14126/githubcom_juancarlospaconimcrosscompile/.git/config.lock', '/tmp/nimble_14126/githubcom_juancarlospaconimcrosscompile/.git/config')
chmod('/tmp/nimble_14126/githubcom_juancarlospaconimcrosscompile/.git/config.lock', 0x00000000000001a4)
rename('/tmp/nimble_14126/githubcom_juancarlospaconimcrosscompile/.git/config.lock', '/tmp/nimble_14126/githubcom_juancarlospaconimcrosscompile/.git/config')
chmod('/tmp/nimble_14126/githubcom_juancarlospaconimcrosscompile/.git/config.lock', 0x00000000000001a4)
rename('/tmp/nimble_14126/githubcom_juancarlospaconimcrosscompile/.git/config.lock', '/tmp/nimble_14126/githubcom_juancarlospaconimcrosscompile/.git/config')
unlink('/tmp/nimble_14126/githubcom_juancarlospaconimcrosscompile/.git/t3AqhQl')
symlink('testing', '/tmp/nimble_14126/githubcom_juancarlospaconimcrosscompile/.git/t3AqhQl')
unlink('/tmp/nimble_14126/githubcom_juancarlospaconimcrosscompile/.git/t3AqhQl')
mkdir('/tmp/nimble_14126/githubcom_juancarlospaconimcrosscompile/.git/objects', 0x00000000000001ff)
mkdir('/tmp/nimble_14126/githubcom_juancarlospaconimcrosscompile/.git/objects/pack', 0x00000000000001ff)
mkdir('/tmp/nimble_14126/githubcom_juancarlospaconimcrosscompile/.git/objects/info', 0x00000000000001ff)
chmod('/tmp/nimble_14126/githubcom_juancarlospaconimcrosscompile/.git/config.lock', 0x00000000000001a4)
rename('/tmp/nimble_14126/githubcom_juancarlospaconimcrosscompile/.git/config.lock', '/tmp/nimble_14126/githubcom_juancarlospaconimcrosscompile/.git/config')
chmod('/tmp/nimble_14126/githubcom_juancarlospaconimcrosscompile/.git/config.lock', 0x00000000000001a4)
rename('/tmp/nimble_14126/githubcom_juancarlospaconimcrosscompile/.git/config.lock', '/tmp/nimble_14126/githubcom_juancarlospaconimcrosscompile/.git/config')
chmod('/tmp/nimble_14126/githubcom_juancarlospaconimcrosscompile/.git/config.lock', 0x00000000000001a4)
rename('/tmp/nimble_14126/githubcom_juancarlospaconimcrosscompile/.git/config.lock', '/tmp/nimble_14126/githubcom_juancarlospaconimcrosscompile/.git/config')
link('/tmp/nimble_14126/githubcom_juancarlospaconimcrosscompile/.git/objects/pack/tmp_pack_72EETk', '/tmp/nimble_14126/githubcom_juancarlospaconimcrosscompile/.git/objects/pack/pack-8f144bbd61235dc53cb488fa184de16ff17cfc23.pack')
unlink('/tmp/nimble_14126/githubcom_juancarlospaconimcrosscompile/.git/objects/pack/tmp_pack_72EETk')
link('/tmp/nimble_14126/githubcom_juancarlospaconimcrosscompile/.git/objects/pack/tmp_idx_zhF8Yr', '/tmp/nimble_14126/githubcom_juancarlospaconimcrosscompile/.git/objects/pack/pack-8f144bbd61235dc53cb488fa184de16ff17cfc23.idx')
unlink('/tmp/nimble_14126/githubcom_juancarlospaconimcrosscompile/.git/objects/pack/tmp_idx_zhF8Yr')
rename('/tmp/nimble_14126/githubcom_juancarlospaconimcrosscompile/.git/shallow.lock', '/tmp/nimble_14126/githubcom_juancarlospaconimcrosscompile/.git/shallow')
rename('/tmp/nimble_14126/githubcom_juancarlospaconimcrosscompile/.git/packed-refs.new', '/tmp/nimble_14126/githubcom_juancarlospaconimcrosscompile/.git/packed-refs')
unlink('/tmp/nimble_14126/githubcom_juancarlospaconimcrosscompile/.git/packed-refs.lock')
mkdir('/tmp/nimble_14126/githubcom_juancarlospaconimcrosscompile/.git/refs/remotes', 0x00000000000001ff)
mkdir('/tmp/nimble_14126/githubcom_juancarlospaconimcrosscompile/.git/refs/remotes/origin', 0x00000000000001ff)
mkdir('/tmp/nimble_14126/githubcom_juancarlospaconimcrosscompile/.git/logs', 0x00000000000001ff)
mkdir('/tmp/nimble_14126/githubcom_juancarlospaconimcrosscompile/.git/logs/refs', 0x00000000000001ff)
mkdir('/tmp/nimble_14126/githubcom_juancarlospaconimcrosscompile/.git/logs/refs/remotes', 0x00000000000001ff)
mkdir('/tmp/nimble_14126/githubcom_juancarlospaconimcrosscompile/.git/logs/refs/remotes/origin', 0x00000000000001ff)
rename('/tmp/nimble_14126/githubcom_juancarlospaconimcrosscompile/.git/refs/remotes/origin/HEAD.lock', '/tmp/nimble_14126/githubcom_juancarlospaconimcrosscompile/.git/refs/remotes/origin/HEAD')
rename('/tmp/nimble_14126/githubcom_juancarlospaconimcrosscompile/.git/HEAD.lock', '/tmp/nimble_14126/githubcom_juancarlospaconimcrosscompile/.git/HEAD')
mkdir('/tmp/nimble_14126/githubcom_juancarlospaconimcrosscompile/.git/logs/refs/heads', 0x00000000000001ff)
rename('/tmp/nimble_14126/githubcom_juancarlospaconimcrosscompile/.git/refs/heads/master.lock', '/tmp/nimble_14126/githubcom_juancarlospaconimcrosscompile/.git/refs/heads/master')
unlink('/tmp/nimble_14126/githubcom_juancarlospaconimcrosscompile/.git/HEAD.lock')
chmod('/tmp/nimble_14126/githubcom_juancarlospaconimcrosscompile/.git/config.lock', 0x00000000000001a4)
rename('/tmp/nimble_14126/githubcom_juancarlospaconimcrosscompile/.git/config.lock', '/tmp/nimble_14126/githubcom_juancarlospaconimcrosscompile/.git/config')
chmod('/tmp/nimble_14126/githubcom_juancarlospaconimcrosscompile/.git/config.lock', 0x00000000000001a4)
rename('/tmp/nimble_14126/githubcom_juancarlospaconimcrosscompile/.git/config.lock', '/tmp/nimble_14126/githubcom_juancarlospaconimcrosscompile/.git/config')
unlink('/tmp/nimble_14126/githubcom_juancarlospaconimcrosscompile/.git/objects/pack/pack-8f144bbd61235dc53cb488fa184de16ff17cfc23.keep')
mkdir('src', 0x00000000000001ff)
rename('/tmp/nimble_14126/githubcom_juancarlospaconimcrosscompile/.git/index.lock', '/tmp/nimble_14126/githubcom_juancarlospaconimcrosscompile/.git/index')
mkdir('/tmp', 0x00000000000001ff)
mkdir('/tmp/nimblecache', 0x00000000000001ff)
mkdir('/tmp/nimblecache/crosscompile_2774161789', 0x00000000000001ff)
unlink('/tmp/nimblecache/crosscompile_2774161789/crosscompile.ini')
unlink('/tmp/nimble_14126.out')
unlink('/tmp/nimble_14126/githubcom_juancarlospaconimcrosscompile/crosscompile_14126.nims')
mkdir('/tmp', 0x00000000000001ff)
mkdir('/tmp/nimble_14126', 0x00000000000001ff)
mkdir('/tmp/nimble_14126/githubcom_nimlangzip', 0x00000000000001ff)
rmdir('/tmp/nimble_14126/githubcom_nimlangzip')
mkdir('/tmp/nimble_14126/githubcom_nimlangzip', 0x00000000000001ff)
mkdir('/tmp/nimble_14126/githubcom_nimlangzip/.git', 0x00000000000001ff)
mkdir('/tmp/nimble_14126/githubcom_nimlangzip/.git/', 0x00000000000001ff)
mkdir('/tmp/nimble_14126/githubcom_nimlangzip/.git/branches/', 0x00000000000001ff)
mkdir('/tmp/nimble_14126/githubcom_nimlangzip/.git/hooks/', 0x00000000000001ff)
mkdir('/tmp/nimble_14126/githubcom_nimlangzip/.git/info/', 0x00000000000001ff)
mkdir('/tmp/nimble_14126/githubcom_nimlangzip/.git/refs', 0x00000000000001ff)
mkdir('/tmp/nimble_14126/githubcom_nimlangzip/.git/refs/heads', 0x00000000000001ff)  Verifying dependencies for zip@0.2.1
 Installing zip@0.2.1
    Copying file /tmp/nimble_14126/githubcom_nimlangzip/zip/gzipfiles.nim to /home/runner/.nimble/pkgs/zip-0.2.1/zip/gzipfiles.nim
    Copying file /tmp/nimble_14126/githubcom_nimlangzip/zip/private/libzip_all.c to /home/runner/.nimble/pkgs/zip-0.2.1/zip/private/libzip_all.c
    Copying file /tmp/nimble_14126/githubcom_nimlangzip/zip/libzip.nim to /home/runner/.nimble/pkgs/zip-0.2.1/zip/libzip.nim
    Copying file /tmp/nimble_14126/githubcom_nimlangzip/zip/zlib.nim to /home/runner/.nimble/pkgs/zip-0.2.1/zip/zlib.nim
    Copying file /tmp/nimble_14126/githubcom_nimlangzip/zip/zzip.nim to /home/runner/.nimble/pkgs/zip-0.2.1/zip/zzip.nim
    Copying file /tmp/nimble_14126/githubcom_nimlangzip/zip/zipfiles.nim to /home/runner/.nimble/pkgs/zip-0.2.1/zip/zipfiles.nim
    Copying file /tmp/nimble_14126/githubcom_nimlangzip/zip.nimble to /home/runner/.nimble/pkgs/zip-0.2.1/zip.nimble
   Success: zip installed successfully.

mkdir('/tmp/nimble_14126/githubcom_nimlangzip/.git/refs/tags', 0x00000000000001ff)
rename('/tmp/nimble_14126/githubcom_nimlangzip/.git/HEAD.lock', '/tmp/nimble_14126/githubcom_nimlangzip/.git/HEAD')
rename('/tmp/nimble_14126/githubcom_nimlangzip/.git/config.lock', '/tmp/nimble_14126/githubcom_nimlangzip/.git/config')
chmod('/tmp/nimble_14126/githubcom_nimlangzip/.git/config', 0x00000000000081e4)
chmod('/tmp/nimble_14126/githubcom_nimlangzip/.git/config', 0x00000000000081a4)
chmod('/tmp/nimble_14126/githubcom_nimlangzip/.git/config.lock', 0x00000000000001a4)
rename('/tmp/nimble_14126/githubcom_nimlangzip/.git/config.lock', '/tmp/nimble_14126/githubcom_nimlangzip/.git/config')
chmod('/tmp/nimble_14126/githubcom_nimlangzip/.git/config.lock', 0x00000000000001a4)
rename('/tmp/nimble_14126/githubcom_nimlangzip/.git/config.lock', '/tmp/nimble_14126/githubcom_nimlangzip/.git/config')
chmod('/tmp/nimble_14126/githubcom_nimlangzip/.git/config.lock', 0x00000000000001a4)
rename('/tmp/nimble_14126/githubcom_nimlangzip/.git/config.lock', '/tmp/nimble_14126/githubcom_nimlangzip/.git/config')
unlink('/tmp/nimble_14126/githubcom_nimlangzip/.git/tfrpsUS')
symlink('testing', '/tmp/nimble_14126/githubcom_nimlangzip/.git/tfrpsUS')
unlink('/tmp/nimble_14126/githubcom_nimlangzip/.git/tfrpsUS')
mkdir('/tmp/nimble_14126/githubcom_nimlangzip/.git/objects', 0x00000000000001ff)
mkdir('/tmp/nimble_14126/githubcom_nimlangzip/.git/objects/pack', 0x00000000000001ff)
mkdir('/tmp/nimble_14126/githubcom_nimlangzip/.git/objects/info', 0x00000000000001ff)
chmod('/tmp/nimble_14126/githubcom_nimlangzip/.git/config.lock', 0x00000000000001a4)
rename('/tmp/nimble_14126/githubcom_nimlangzip/.git/config.lock', '/tmp/nimble_14126/githubcom_nimlangzip/.git/config')
chmod('/tmp/nimble_14126/githubcom_nimlangzip/.git/config.lock', 0x00000000000001a4)
rename('/tmp/nimble_14126/githubcom_nimlangzip/.git/config.lock', '/tmp/nimble_14126/githubcom_nimlangzip/.git/config')
chmod('/tmp/nimble_14126/githubcom_nimlangzip/.git/config.lock', 0x00000000000001a4)
rename('/tmp/nimble_14126/githubcom_nimlangzip/.git/config.lock', '/tmp/nimble_14126/githubcom_nimlangzip/.git/config')
link('/tmp/nimble_14126/githubcom_nimlangzip/.git/objects/pack/tmp_pack_sx180b', '/tmp/nimble_14126/githubcom_nimlangzip/.git/objects/pack/pack-cba4246ba66043fad4470166222f4def685d42df.pack')
unlink('/tmp/nimble_14126/githubcom_nimlangzip/.git/objects/pack/tmp_pack_sx180b')
link('/tmp/nimble_14126/githubcom_nimlangzip/.git/objects/pack/tmp_idx_GWKHZw', '/tmp/nimble_14126/githubcom_nimlangzip/.git/objects/pack/pack-cba4246ba66043fad4470166222f4def685d42df.idx')
unlink('/tmp/nimble_14126/githubcom_nimlangzip/.git/objects/pack/tmp_idx_GWKHZw')
rename('/tmp/nimble_14126/githubcom_nimlangzip/.git/shallow.lock', '/tmp/nimble_14126/githubcom_nimlangzip/.git/shallow')
rename('/tmp/nimble_14126/githubcom_nimlangzip/.git/packed-refs.new', '/tmp/nimble_14126/githubcom_nimlangzip/.git/packed-refs')
unlink('/tmp/nimble_14126/githubcom_nimlangzip/.git/packed-refs.lock')
mkdir('/tmp/nimble_14126/githubcom_nimlangzip/.git/refs/remotes', 0x00000000000001ff)
mkdir('/tmp/nimble_14126/githubcom_nimlangzip/.git/refs/remotes/origin', 0x00000000000001ff)
mkdir('/tmp/nimble_14126/githubcom_nimlangzip/.git/logs', 0x00000000000001ff)
mkdir('/tmp/nimble_14126/githubcom_nimlangzip/.git/logs/refs', 0x00000000000001ff)
mkdir('/tmp/nimble_14126/githubcom_nimlangzip/.git/logs/refs/remotes', 0x00000000000001ff)
mkdir('/tmp/nimble_14126/githubcom_nimlangzip/.git/logs/refs/remotes/origin', 0x00000000000001ff)
rename('/tmp/nimble_14126/githubcom_nimlangzip/.git/refs/remotes/origin/HEAD.lock', '/tmp/nimble_14126/githubcom_nimlangzip/.git/refs/remotes/origin/HEAD')
rename('/tmp/nimble_14126/githubcom_nimlangzip/.git/HEAD.lock', '/tmp/nimble_14126/githubcom_nimlangzip/.git/HEAD')
mkdir('/tmp/nimble_14126/githubcom_nimlangzip/.git/logs/refs/heads', 0x00000000000001ff)
rename('/tmp/nimble_14126/githubcom_nimlangzip/.git/refs/heads/master.lock', '/tmp/nimble_14126/githubcom_nimlangzip/.git/refs/heads/master')
unlink('/tmp/nimble_14126/githubcom_nimlangzip/.git/HEAD.lock')
chmod('/tmp/nimble_14126/githubcom_nimlangzip/.git/config.lock', 0x00000000000001a4)
rename('/tmp/nimble_14126/githubcom_nimlangzip/.git/config.lock', '/tmp/nimble_14126/githubcom_nimlangzip/.git/config')
chmod('/tmp/nimble_14126/githubcom_nimlangzip/.git/config.lock', 0x00000000000001a4)
rename('/tmp/nimble_14126/githubcom_nimlangzip/.git/config.lock', '/tmp/nimble_14126/githubcom_nimlangzip/.git/config')
unlink('/tmp/nimble_14126/githubcom_nimlangzip/.git/objects/pack/pack-cba4246ba66043fad4470166222f4def685d42df.keep')
mkdir('tests', 0x00000000000001ff)
mkdir('tests/files', 0x00000000000001ff)
mkdir('zip', 0x00000000000001ff)
mkdir('zip/private', 0x00000000000001ff)
rename('/tmp/nimble_14126/githubcom_nimlangzip/.git/index.lock', '/tmp/nimble_14126/githubcom_nimlangzip/.git/index')
mkdir('/tmp', 0x00000000000001ff)
mkdir('/tmp/nimblecache', 0x00000000000001ff)
mkdir('/tmp/nimblecache/zip_767297765', 0x00000000000001ff)
unlink('/tmp/nimblecache/zip_767297765/zip.ini')
unlink('/tmp/nimble_14126.out')
unlink('/tmp/nimble_14126/githubcom_nimlangzip/zip_14126.nims')
mkdir('/home', 0x00000000000001ff)
mkdir('/home/runner', 0x00000000000001ff)
mkdir('/home/runner/.nimble', 0x00000000000001ff)
mkdir('/home/runner/.nimble/pkgs', 0x00000000000001ff)
mkdir('/home/runner/.nimble/pkgs/zip-0.2.1', 0x00000000000001ff)
mkdir('/home', 0x00000000000001ff)
mkdir('/home/runner', 0x00000000000001ff)
mkdir('/home/runner/.nimble', 0x00000000000001ff)
mkdir('/home/runner/.nimble/pkgs', 0x00000000000001ff)
mkdir('/home/runner/.nimble/pkgs/zip-0.2.1', 0x00000000000001ff)
mkdir('/home/runner/.nimble/pkgs/zip-0.2.1/zip', 0x00000000000001ff)
chmod('/home/runner/.nimble/pkgs/zip-0.2.1/zip/gzipfiles.nim', 0x00000000000001a4)
mkdir('/home', 0x00000000000001ff)
mkdir('/home/runner', 0x00000000000001ff)
mkdir('/home/runner/.nimble', 0x00000000000001ff)
mkdir('/home/runner/.nimble/pkgs', 0x00000000000001ff)
mkdir('/home/runner/.nimble/pkgs/zip-0.2.1', 0x00000000000001ff)
mkdir('/home/runner/.nimble/pkgs/zip-0.2.1/zip', 0x00000000000001ff)
mkdir('/home/runner/.nimble/pkgs/zip-0.2.1/zip/private', 0x00000000000001ff)
chmod('/home/runner/.nimble/pkgs/zip-0.2.1/zip/private/libzip_all.c', 0x00000000000001a4)
mkdir('/home', 0x00000000000001ff)
mkdir('/home/runner', 0x00000000000001ff)
mkdir('/home/runner/.nimble', 0x00000000000001ff)
mkdir('/home/runner/.nimble/pkgs', 0x00000000000001ff)
mkdir('/home/runner/.nimble/pkgs/zip-0.2.1', 0x00000000000001ff)
mkdir('/home/runner/.nimble/pkgs/zip-0.2.1/zip', 0x00000000000001ff)
chmod('/home/runner/.nimble/pkgs/zip-0.2.1/zip/libzip.nim', 0x00000000000001a4)
mkdir('/home', 0x00000000000001ff)
mkdir('/home/runner', 0x00000000000001ff)
mkdir('/home/runner/.nimble', 0x00000000000001ff)
mkdir('/home/runner/.nimble/pkgs', 0x00000000000001ff)
mkdir('/home/runner/.nimble/pkgs/zip-0.2.1', 0x00000000000001ff)
mkdir('/home/runner/.nimble/pkgs/zip-0.2.1/zip', 0x00000000000001ff)
chmod('/home/runner/.nimble/pkgs/zip-0.2.1/zip/zlib.nim', 0x00000000000001a4)
mkdir('/home', 0x00000000000001ff)
mkdir('/home/runner', 0x00000000000001ff)
mkdir('/home/runner/.nimble', 0x00000000000001ff)
mkdir('/home/runner/.nimble/pkgs', 0x00000000000001ff)
mkdir('/home/runner/.nimble/pkgs/zip-0.2.1', 0x00000000000001ff)
mkdir('/home/runner/.nimble/pkgs/zip-0.2.1/zip', 0x00000000000001ff)
chmod('/home/runner/.nimble/pkgs/zip-0.2.1/zip/zzip.nim', 0x00000000000001a4)
mkdir('/home', 0x00000000000001ff)
mkdir('/home/runner', 0x00000000000001ff)
mkdir('/home/runner/.nimble', 0x00000000000001ff)
mkdir('/home/runner/.nimble/pkgs', 0x00000000000001ff)
mkdir('/home/runner/.nimble/pkgs/zip-0.2.1', 0x00000000000001ff)
mkdir('/home/runner/.nimble/pkgs/zip-0.2.1/zip', 0x00000000000001ff)
chmod('/home/runner/.nimble/pkgs/zip-0.2.1/zip/zipfiles.nim', 0x00000000000001a4)
chmod('/home/runner/.nimble/pkgs/zip-0.2.1/zip.nimble', 0x00000000000001a4)
mkdir('/tmp', 0x00000000000001ff)
mkdir('/tmp/nimblecache', 0x00000000000001ff)
mkdir('/tmp/nimblecache/zip_2908121960', 0x00000000000001ff)
unlink('/tmp/nimblecache/zip_2908121960/zip.ini')
unlink('/tmp/nimble_14126.out') Installing crosscompile@0.1.1
    Copying file /tmp/nimble_14126/githubcom_juancarlospaconimcrosscompile/src/crosscompile.nim to /home/runner/.nimble/pkgs/crosscompile-0.1.1/crosscompile.nim
    Copying file /tmp/nimble_14126/githubcom_juancarlospaconimcrosscompile/crosscompile.nimble to /home/runner/.nimble/pkgs/crosscompile-0.1.1/crosscompile.nimble
   Success: crosscompile installed successfully.
       Info /home/runner/.nimble/pkgs/crosscompile-0.1.1/crosscompile_14126.nims(1, 8) Warning: imported and not used: 'system' [UnusedImport]
        ... /home/runner/.nimble/pkgs/crosscompile-0.1.1/crosscompile_14126.nims(5, 22) Warning: imported and not used: 'strutils' [UnusedImport]

unlink('/home/runner/.nimble/pkgs/zip-0.2.1/zip_14126.nims')
mkdir('/home', 0x00000000000001ff)
mkdir('/home/runner', 0x00000000000001ff)
mkdir('/home/runner/.nimble', 0x00000000000001ff)
mkdir('/home/runner/.nimble/pkgs', 0x00000000000001ff)
mkdir('/home/runner/.nimble/pkgs/crosscompile-0.1.1', 0x00000000000001ff)
mkdir('/home', 0x00000000000001ff)
mkdir('/home/runner', 0x00000000000001ff)
mkdir('/home/runner/.nimble', 0x00000000000001ff)
mkdir('/home/runner/.nimble/pkgs', 0x00000000000001ff)
mkdir('/home/runner/.nimble/pkgs/crosscompile-0.1.1', 0x00000000000001ff)
chmod('/home/runner/.nimble/pkgs/crosscompile-0.1.1/crosscompile.nim', 0x00000000000001a4)
chmod('/home/runner/.nimble/pkgs/crosscompile-0.1.1/crosscompile.nimble', 0x00000000000001a4)
mkdir('/tmp', 0x00000000000001ff)
mkdir('/tmp/nimblecache', 0x00000000000001ff)
mkdir('/tmp/nimblecache/crosscompile_3273146694', 0x00000000000001ff)
unlink('/tmp/nimblecache/crosscompile_3273146694/crosscompile.ini')
unlink('/tmp/nimble_14126.out')
unlink('/home/runner/.nimble/pkgs/crosscompile-0.1.1/crosscompile_14126.nims')
unlink('/tmp/nimble_14126/githubcom_nimlangzip/zip.nimble')
unlink('/tmp/nimble_14126/githubcom_nimlangzip/.gitignore')
unlink('/tmp/nimble_14126/githubcom_nimlangzip/zip/gzipfiles.nim')
unlink('/tmp/nimble_14126/githubcom_nimlangzip/zip/private/libzip_all.c')
rmdir('/tmp/nimble_14126/githubcom_nimlangzip/zip/private')
unlink('/tmp/nimble_14126/githubcom_nimlangzip/zip/libzip.nim')
unlink('/tmp/nimble_14126/githubcom_nimlangzip/zip/zlib.nim')
unlink('/tmp/nimble_14126/githubcom_nimlangzip/zip/zzip.nim')
unlink('/tmp/nimble_14126/githubcom_nimlangzip/zip/zipfiles.nim')
rmdir('/tmp/nimble_14126/githubcom_nimlangzip/zip')
unlink('/tmp/nimble_14126/githubcom_nimlangzip/LICENSE')
unlink('/tmp/nimble_14126/githubcom_nimlangzip/.git/HEAD')
unlink('/tmp/nimble_14126/githubcom_nimlangzip/.git/config')
unlink('/tmp/nimble_14126/githubcom_nimlangzip/.git/logs/HEAD')
unlink('/tmp/nimble_14126/githubcom_nimlangzip/.git/logs/refs/heads/master')
rmdir('/tmp/nimble_14126/githubcom_nimlangzip/.git/logs/refs/heads')
unlink('/tmp/nimble_14126/githubcom_nimlangzip/.git/logs/refs/remotes/origin/HEAD')
rmdir('/tmp/nimble_14126/githubcom_nimlangzip/.git/logs/refs/remotes/origin')
rmdir('/tmp/nimble_14126/githubcom_nimlangzip/.git/logs/refs/remotes')
rmdir('/tmp/nimble_14126/githubcom_nimlangzip/.git/logs/refs')
rmdir('/tmp/nimble_14126/githubcom_nimlangzip/.git/logs')
rmdir('/tmp/nimble_14126/githubcom_nimlangzip/.git/branches')
unlink('/tmp/nimble_14126/githubcom_nimlangzip/.git/packed-refs')
unlink('/tmp/nimble_14126/githubcom_nimlangzip/.git/refs/heads/master')
rmdir('/tmp/nimble_14126/githubcom_nimlangzip/.git/refs/heads')
rmdir('/tmp/nimble_14126/githubcom_nimlangzip/.git/refs/tags')
unlink('/tmp/nimble_14126/githubcom_nimlangzip/.git/refs/remotes/origin/HEAD')
rmdir('/tmp/nimble_14126/githubcom_nimlangzip/.git/refs/remotes/origin')
rmdir('/tmp/nimble_14126/githubcom_nimlangzip/.git/refs/remotes')
rmdir('/tmp/nimble_14126/githubcom_nimlangzip/.git/refs')
unlink('/tmp/nimble_14126/githubcom_nimlangzip/.git/hooks/fsmonitor-watchman.sample')
unlink('/tmp/nimble_14126/githubcom_nimlangzip/.git/hooks/pre-rebase.sample')
unlink('/tmp/nimble_14126/githubcom_nimlangzip/.git/hooks/pre-push.sample')
unlink('/tmp/nimble_14126/githubcom_nimlangzip/.git/hooks/pre-applypatch.sample')
unlink('/tmp/nimble_14126/githubcom_nimlangzip/.git/hooks/pre-receive.sample')
unlink('/tmp/nimble_14126/githubcom_nimlangzip/.git/hooks/commit-msg.sample')
unlink('/tmp/nimble_14126/githubcom_nimlangzip/.git/hooks/pre-merge-commit.sample')
unlink('/tmp/nimble_14126/githubcom_nimlangzip/.git/hooks/prepare-commit-msg.sample')
unlink('/tmp/nimble_14126/githubcom_nimlangzip/.git/hooks/pre-commit.sample')
unlink('/tmp/nimble_14126/githubcom_nimlangzip/.git/hooks/update.sample')
unlink('/tmp/nimble_14126/githubcom_nimlangzip/.git/hooks/applypatch-msg.sample')
unlink('/tmp/nimble_14126/githubcom_nimlangzip/.git/hooks/post-update.sample')
rmdir('/tmp/nimble_14126/githubcom_nimlangzip/.git/hooks')
unlink('/tmp/nimble_14126/githubcom_nimlangzip/.git/index')
unlink('/tmp/nimble_14126/githubcom_nimlangzip/.git/info/exclude')
rmdir('/tmp/nimble_14126/githubcom_nimlangzip/.git/info')
unlink('/tmp/nimble_14126/githubcom_nimlangzip/.git/shallow')
unlink('/tmp/nimble_14126/githubcom_nimlangzip/.git/description')
unlink('/tmp/nimble_14126/githubcom_nimlangzip/.git/objects/pack/pack-cba4246ba66043fad4470166222f4def685d42df.idx')
unlink('/tmp/nimble_14126/githubcom_nimlangzip/.git/objects/pack/pack-cba4246ba66043fad4470166222f4def685d42df.pack')
rmdir('/tmp/nimble_14126/githubcom_nimlangzip/.git/objects/pack')
rmdir('/tmp/nimble_14126/githubcom_nimlangzip/.git/objects/info')
rmdir('/tmp/nimble_14126/githubcom_nimlangzip/.git/objects')
rmdir('/tmp/nimble_14126/githubcom_nimlangzip/.git')
unlink('/tmp/nimble_14126/githubcom_nimlangzip/README.md')
unlink('/tmp/nimble_14126/githubcom_nimlangzip/tests/.gitignore')
unlink('/tmp/nimble_14126/githubcom_nimlangzip/tests/zlibtests.nim')
unlink('/tmp/nimble_14126/githubcom_nimlangzip/tests/gziptests.nim')
unlink('/tmp/nimble_14126/githubcom_nimlangzip/tests/ziptests.nim')
unlink('/tmp/nimble_14126/githubcom_nimlangzip/tests/files/.gitignore')
unlink('/tmp/nimble_14126/githubcom_nimlangzip/tests/files/gzipfiletest.txt')
unlink('/tmp/nimble_14126/githubcom_nimlangzip/tests/files/тест.xlsx')
unlink('/tmp/nimble_14126/githubcom_nimlangzip/tests/files/gzipfiletest.txt.gz')
rmdir('/tmp/nimble_14126/githubcom_nimlangzip/tests/files')
rmdir('/tmp/nimble_14126/githubcom_nimlangzip/tests')
rmdir('/tmp/nimble_14126/githubcom_nimlangzip')
unlink('/tmp/nimble_14126/githubcom_juancarlospaconimcrosscompile/src/crosscompile.nim')
rmdir('/tmp/nimble_14126/githubcom_juancarlospaconimcrosscompile/src')
unlink('/tmp/nimble_14126/githubcom_juancarlospaconimcrosscompile/.gitignore')
unlink('/tmp/nimble_14126/githubcom_juancarlospaconimcrosscompile/LICENSE')
unlink('/tmp/nimble_14126/githubcom_juancarlospaconimcrosscompile/.git/HEAD')
unlink('/tmp/nimble_14126/githubcom_juancarlospaconimcrosscompile/.git/config')
unlink('/tmp/nimble_14126/githubcom_juancarlospaconimcrosscompile/.git/logs/HEAD')
unlink('/tmp/nimble_14126/githubcom_juancarlospaconimcrosscompile/.git/logs/refs/heads/master')
rmdir('/tmp/nimble_14126/githubcom_juancarlospaconimcrosscompile/.git/logs/refs/heads')
unlink('/tmp/nimble_14126/githubcom_juancarlospaconimcrosscompile/.git/logs/refs/remotes/origin/HEAD')
rmdir('/tmp/nimble_14126/githubcom_juancarlospaconimcrosscompile/.git/logs/refs/remotes/origin')
rmdir('/tmp/nimble_14126/githubcom_juancarlospaconimcrosscompile/.git/logs/refs/remotes')
rmdir('/tmp/nimble_14126/githubcom_juancarlospaconimcrosscompile/.git/logs/refs')
rmdir('/tmp/nimble_14126/githubcom_juancarlospaconimcrosscompile/.git/logs')
rmdir('/tmp/nimble_14126/githubcom_juancarlospaconimcrosscompile/.git/branches')
unlink('/tmp/nimble_14126/githubcom_juancarlospaconimcrosscompile/.git/packed-refs')
unlink('/tmp/nimble_14126/githubcom_juancarlospaconimcrosscompile/.git/refs/heads/master')
rmdir('/tmp/nimble_14126/githubcom_juancarlospaconimcrosscompile/.git/refs/heads')
rmdir('/tmp/nimble_14126/githubcom_juancarlospaconimcrosscompile/.git/refs/tags')
unlink('/tmp/nimble_14126/githubcom_juancarlospaconimcrosscompile/.git/refs/remotes/origin/HEAD')
rmdir('/tmp/nimble_14126/githubcom_juancarlospaconimcrosscompile/.git/refs/remotes/origin')
rmdir('/tmp/nimble_14126/githubcom_juancarlospaconimcrosscompile/.git/refs/remotes')
rmdir('/tmp/nimble_14126/githubcom_juancarlospaconimcrosscompile/.git/refs')
unlink('/tmp/nimble_14126/githubcom_juancarlospaconimcrosscompile/.git/hooks/fsmonitor-watchman.sample')
unlink('/tmp/nimble_14126/githubcom_juancarlospaconimcrosscompile/.git/hooks/pre-rebase.sample')
unlink('/tmp/nimble_14126/githubcom_juancarlospaconimcrosscompile/.git/hooks/pre-push.sample')
unlink('/tmp/nimble_14126/githubcom_juancarlospaconimcrosscompile/.git/hooks/pre-applypatch.sample')
unlink('/tmp/nimble_14126/githubcom_juancarlospaconimcrosscompile/.git/hooks/pre-receive.sample')
unlink('/tmp/nimble_14126/githubcom_juancarlospaconimcrosscompile/.git/hooks/commit-msg.sample')
unlink('/tmp/nimble_14126/githubcom_juancarlospaconimcrosscompile/.git/hooks/pre-merge-commit.sample')
unlink('/tmp/nimble_14126/githubcom_juancarlospaconimcrosscompile/.git/hooks/prepare-commit-msg.sample')
unlink('/tmp/nimble_14126/githubcom_juancarlospaconimcrosscompile/.git/hooks/pre-commit.sample')
unlink('/tmp/nimble_14126/githubcom_juancarlospaconimcrosscompile/.git/hooks/update.sample')
unlink('/tmp/nimble_14126/githubcom_juancarlospaconimcrosscompile/.git/hooks/applypatch-msg.sample')
unlink('/tmp/nimble_14126/githubcom_juancarlospaconimcrosscompile/.git/hooks/post-update.sample')
rmdir('/tmp/nimble_14126/githubcom_juancarlospaconimcrosscompile/.git/hooks')
unlink('/tmp/nimble_14126/githubcom_juancarlospaconimcrosscompile/.git/index')
unlink('/tmp/nimble_14126/githubcom_juancarlospaconimcrosscompile/.git/info/exclude')
rmdir('/tmp/nimble_14126/githubcom_juancarlospaconimcrosscompile/.git/info')
unlink('/tmp/nimble_14126/githubcom_juancarlospaconimcrosscompile/.git/shallow')
unlink('/tmp/nimble_14126/githubcom_juancarlospaconimcrosscompile/.git/description')
unlink('/tmp/nimble_14126/githubcom_juancarlospaconimcrosscompile/.git/objects/pack/pack-8f144bbd61235dc53cb488fa184de16ff17cfc23.pack')
unlink('/tmp/nimble_14126/githubcom_juancarlospaconimcrosscompile/.git/objects/pack/pack-8f144bbd61235dc53cb488fa184de16ff17cfc23.idx')
rmdir('/tmp/nimble_14126/githubcom_juancarlospaconimcrosscompile/.git/objects/pack')
rmdir('/tmp/nimble_14126/githubcom_juancarlospaconimcrosscompile/.git/objects/info')
rmdir('/tmp/nimble_14126/githubcom_juancarlospaconimcrosscompile/.git/objects')
rmdir('/tmp/nimble_14126/githubcom_juancarlospaconimcrosscompile/.git')
unlink('/tmp/nimble_14126/githubcom_juancarlospaconimcrosscompile/README.md')
unlink('/tmp/nimble_14126/githubcom_juancarlospaconimcrosscompile/crosscompile.nimble')
rmdir('/tmp/nimble_14126/githubcom_juancarlospaconimcrosscompile')
rmdir('/tmp/nimble_14126')
  create directory /tmp
  create directory /tmp/nimble_14126
  create directory /tmp/nimble_14126/githubcom_juancarlospaconimcrosscompile
  delete /tmp/nimble_14126/githubcom_juancarlospaconimcrosscompile
  create directory /tmp/nimble_14126/githubcom_juancarlospaconimcrosscompile
  create directory /tmp/nimble_14126/githubcom_juancarlospaconimcrosscompile/.git
  create directory /tmp/nimble_14126/githubcom_juancarlospaconimcrosscompile/.git
  create directory /tmp/nimble_14126/githubcom_juancarlospaconimcrosscompile/.git/branches
  create directory /tmp/nimble_14126/githubcom_juancarlospaconimcrosscompile/.git/hooks
  create directory /tmp/nimble_14126/githubcom_juancarlospaconimcrosscompile/.git/info
  create directory /tmp/nimble_14126/githubcom_juancarlospaconimcrosscompile/.git/refs
  create directory /tmp/nimble_14126/githubcom_juancarlospaconimcrosscompile/.git/refs/heads
  create directory /tmp/nimble_14126/githubcom_juancarlospaconimcrosscompile/.git/refs/tags
  rename /tmp/nimble_14126/githubcom_juancarlospaconimcrosscompile/.git/HEAD.lock to HEAD
  rename /tmp/nimble_14126/githubcom_juancarlospaconimcrosscompile/.git/config.lock to config
  change permissions of /tmp/nimble_14126/githubcom_juancarlospaconimcrosscompile/.git/config to rwxr--r--
  change permissions of /tmp/nimble_14126/githubcom_juancarlospaconimcrosscompile/.git/config to rw-r--r--
  change permissions of /tmp/nimble_14126/githubcom_juancarlospaconimcrosscompile/.git/config.lock to rw-r--r--
  rename /tmp/nimble_14126/githubcom_juancarlospaconimcrosscompile/.git/config.lock to config
  change permissions of /tmp/nimble_14126/githubcom_juancarlospaconimcrosscompile/.git/config.lock to rw-r--r--
  rename /tmp/nimble_14126/githubcom_juancarlospaconimcrosscompile/.git/config.lock to config
  change permissions of /tmp/nimble_14126/githubcom_juancarlospaconimcrosscompile/.git/config.lock to rw-r--r--
  rename /tmp/nimble_14126/githubcom_juancarlospaconimcrosscompile/.git/config.lock to config
  delete /tmp/nimble_14126/githubcom_juancarlospaconimcrosscompile/.git/t3AqhQl
  create symbolic link from /tmp/nimble_14126/githubcom_juancarlospaconimcrosscompile/.git/t3AqhQl to /home/runner/work/nim_packages_security_audit/nim_packages_security_audit/testing
  delete /tmp/nimble_14126/githubcom_juancarlospaconimcrosscompile/.git/t3AqhQl
  create directory /tmp/nimble_14126/githubcom_juancarlospaconimcrosscompile/.git/objects
  create directory /tmp/nimble_14126/githubcom_juancarlospaconimcrosscompile/.git/objects/pack
  create directory /tmp/nimble_14126/githubcom_juancarlospaconimcrosscompile/.git/objects/info
  change permissions of /tmp/nimble_14126/githubcom_juancarlospaconimcrosscompile/.git/config.lock to rw-r--r--
  rename /tmp/nimble_14126/githubcom_juancarlospaconimcrosscompile/.git/config.lock to config
  change permissions of /tmp/nimble_14126/githubcom_juancarlospaconimcrosscompile/.git/config.lock to rw-r--r--
  rename /tmp/nimble_14126/githubcom_juancarlospaconimcrosscompile/.git/config.lock to config
  change permissions of /tmp/nimble_14126/githubcom_juancarlospaconimcrosscompile/.git/config.lock to rw-r--r--
  rename /tmp/nimble_14126/githubcom_juancarlospaconimcrosscompile/.git/config.lock to config
  create hard link from /tmp/nimble_14126/githubcom_juancarlospaconimcrosscompile/.git/objects/pack/pack-8f144bbd61235dc53cb488fa184de16ff17cfc23.pack to /tmp/nimble_14126/githubcom_juancarlospaconimcrosscompile/.git/objects/pack/tmp_pack_72EETk
  delete /tmp/nimble_14126/githubcom_juancarlospaconimcrosscompile/.git/objects/pack/tmp_pack_72EETk
  create hard link from /tmp/nimble_14126/githubcom_juancarlospaconimcrosscompile/.git/objects/pack/pack-8f144bbd61235dc53cb488fa184de16ff17cfc23.idx to /tmp/nimble_14126/githubcom_juancarlospaconimcrosscompile/.git/objects/pack/tmp_idx_zhF8Yr
  delete /tmp/nimble_14126/githubcom_juancarlospaconimcrosscompile/.git/objects/pack/tmp_idx_zhF8Yr
  rename /tmp/nimble_14126/githubcom_juancarlospaconimcrosscompile/.git/shallow.lock to shallow
  rename /tmp/nimble_14126/githubcom_juancarlospaconimcrosscompile/.git/packed-refs.new to packed-refs
  delete /tmp/nimble_14126/githubcom_juancarlospaconimcrosscompile/.git/packed-refs.lock
  create directory /tmp/nimble_14126/githubcom_juancarlospaconimcrosscompile/.git/refs/remotes
  create directory /tmp/nimble_14126/githubcom_juancarlospaconimcrosscompile/.git/refs/remotes/origin
  create directory /tmp/nimble_14126/githubcom_juancarlospaconimcrosscompile/.git/logs
  create directory /tmp/nimble_14126/githubcom_juancarlospaconimcrosscompile/.git/logs/refs
  create directory /tmp/nimble_14126/githubcom_juancarlospaconimcrosscompile/.git/logs/refs/remotes
  create directory /tmp/nimble_14126/githubcom_juancarlospaconimcrosscompile/.git/logs/refs/remotes/origin
  rename /tmp/nimble_14126/githubcom_juancarlospaconimcrosscompile/.git/refs/remotes/origin/HEAD.lock to HEAD
  rename /tmp/nimble_14126/githubcom_juancarlospaconimcrosscompile/.git/HEAD.lock to HEAD
  create directory /tmp/nimble_14126/githubcom_juancarlospaconimcrosscompile/.git/logs/refs/heads
  rename /tmp/nimble_14126/githubcom_juancarlospaconimcrosscompile/.git/refs/heads/master.lock to master
  delete /tmp/nimble_14126/githubcom_juancarlospaconimcrosscompile/.git/HEAD.lock
  change permissions of /tmp/nimble_14126/githubcom_juancarlospaconimcrosscompile/.git/config.lock to rw-r--r--
  rename /tmp/nimble_14126/githubcom_juancarlospaconimcrosscompile/.git/config.lock to config
  change permissions of /tmp/nimble_14126/githubcom_juancarlospaconimcrosscompile/.git/config.lock to rw-r--r--
  rename /tmp/nimble_14126/githubcom_juancarlospaconimcrosscompile/.git/config.lock to config
  delete /tmp/nimble_14126/githubcom_juancarlospaconimcrosscompile/.git/objects/pack/pack-8f144bbd61235dc53cb488fa184de16ff17cfc23.keep
  create directory /tmp/nimble_14126/githubcom_juancarlospaconimcrosscompile/src
  rename /tmp/nimble_14126/githubcom_juancarlospaconimcrosscompile/.git/index.lock to index
  create directory /tmp
  create directory /tmp/nimblecache
  create directory /tmp/nimblecache/crosscompile_2774161789
  delete /tmp/nimblecache/crosscompile_2774161789/crosscompile.ini
  delete /tmp/nimble_14126.out
  delete /tmp/nimble_14126/githubcom_juancarlospaconimcrosscompile/crosscompile_14126.nims
  create directory /tmp
  create directory /tmp/nimble_14126
  create directory /tmp/nimble_14126/githubcom_nimlangzip
  delete /tmp/nimble_14126/githubcom_nimlangzip
  create directory /tmp/nimble_14126/githubcom_nimlangzip
  create directory /tmp/nimble_14126/githubcom_nimlangzip/.git
  create directory /tmp/nimble_14126/githubcom_nimlangzip/.git
  create directory /tmp/nimble_14126/githubcom_nimlangzip/.git/branches
  create directory /tmp/nimble_14126/githubcom_nimlangzip/.git/hooks
  create directory /tmp/nimble_14126/githubcom_nimlangzip/.git/info
  create directory /tmp/nimble_14126/githubcom_nimlangzip/.git/refs
  create directory /tmp/nimble_14126/githubcom_nimlangzip/.git/refs/heads
  create directory /tmp/nimble_14126/githubcom_nimlangzip/.git/refs/tags
  rename /tmp/nimble_14126/githubcom_nimlangzip/.git/HEAD.lock to HEAD
  rename /tmp/nimble_14126/githubcom_nimlangzip/.git/config.lock to config
  change permissions of /tmp/nimble_14126/githubcom_nimlangzip/.git/config to rwxr--r--
  change permissions of /tmp/nimble_14126/githubcom_nimlangzip/.git/config to rw-r--r--
  change permissions of /tmp/nimble_14126/githubcom_nimlangzip/.git/config.lock to rw-r--r--
  rename /tmp/nimble_14126/githubcom_nimlangzip/.git/config.lock to config
  change permissions of /tmp/nimble_14126/githubcom_nimlangzip/.git/config.lock to rw-r--r--
  rename /tmp/nimble_14126/githubcom_nimlangzip/.git/config.lock to config
  change permissions of /tmp/nimble_14126/githubcom_nimlangzip/.git/config.lock to rw-r--r--
  rename /tmp/nimble_14126/githubcom_nimlangzip/.git/config.lock to config
  delete /tmp/nimble_14126/githubcom_nimlangzip/.git/tfrpsUS
  create symbolic link from /tmp/nimble_14126/githubcom_nimlangzip/.git/tfrpsUS to /home/runner/work/nim_packages_security_audit/nim_packages_security_audit/testing
  delete /tmp/nimble_14126/githubcom_nimlangzip/.git/tfrpsUS
  create directory /tmp/nimble_14126/githubcom_nimlangzip/.git/objects
  create directory /tmp/nimble_14126/githubcom_nimlangzip/.git/objects/pack
  create directory /tmp/nimble_14126/githubcom_nimlangzip/.git/objects/info
  change permissions of /tmp/nimble_14126/githubcom_nimlangzip/.git/config.lock to rw-r--r--
  rename /tmp/nimble_14126/githubcom_nimlangzip/.git/config.lock to config
  change permissions of /tmp/nimble_14126/githubcom_nimlangzip/.git/config.lock to rw-r--r--
  rename /tmp/nimble_14126/githubcom_nimlangzip/.git/config.lock to config
  change permissions of /tmp/nimble_14126/githubcom_nimlangzip/.git/config.lock to rw-r--r--
  rename /tmp/nimble_14126/githubcom_nimlangzip/.git/config.lock to config
  create hard link from /tmp/nimble_14126/githubcom_nimlangzip/.git/objects/pack/pack-cba4246ba66043fad4470166222f4def685d42df.pack to /tmp/nimble_14126/githubcom_nimlangzip/.git/objects/pack/tmp_pack_sx180b
  delete /tmp/nimble_14126/githubcom_nimlangzip/.git/objects/pack/tmp_pack_sx180b
  create hard link from /tmp/nimble_14126/githubcom_nimlangzip/.git/objects/pack/pack-cba4246ba66043fad4470166222f4def685d42df.idx to /tmp/nimble_14126/githubcom_nimlangzip/.git/objects/pack/tmp_idx_GWKHZw
  delete /tmp/nimble_14126/githubcom_nimlangzip/.git/objects/pack/tmp_idx_GWKHZw
  rename /tmp/nimble_14126/githubcom_nimlangzip/.git/shallow.lock to shallow
  rename /tmp/nimble_14126/githubcom_nimlangzip/.git/packed-refs.new to packed-refs
  delete /tmp/nimble_14126/githubcom_nimlangzip/.git/packed-refs.lock
  create directory /tmp/nimble_14126/githubcom_nimlangzip/.git/refs/remotes
  create directory /tmp/nimble_14126/githubcom_nimlangzip/.git/refs/remotes/origin
  create directory /tmp/nimble_14126/githubcom_nimlangzip/.git/logs
  create directory /tmp/nimble_14126/githubcom_nimlangzip/.git/logs/refs
  create directory /tmp/nimble_14126/githubcom_nimlangzip/.git/logs/refs/remotes
  create directory /tmp/nimble_14126/githubcom_nimlangzip/.git/logs/refs/remotes/origin
  rename /tmp/nimble_14126/githubcom_nimlangzip/.git/refs/remotes/origin/HEAD.lock to HEAD
  rename /tmp/nimble_14126/githubcom_nimlangzip/.git/HEAD.lock to HEAD
  create directory /tmp/nimble_14126/githubcom_nimlangzip/.git/logs/refs/heads
  rename /tmp/nimble_14126/githubcom_nimlangzip/.git/refs/heads/master.lock to master
  delete /tmp/nimble_14126/githubcom_nimlangzip/.git/HEAD.lock
  change permissions of /tmp/nimble_14126/githubcom_nimlangzip/.git/config.lock to rw-r--r--
  rename /tmp/nimble_14126/githubcom_nimlangzip/.git/config.lock to config
  change permissions of /tmp/nimble_14126/githubcom_nimlangzip/.git/config.lock to rw-r--r--
  rename /tmp/nimble_14126/githubcom_nimlangzip/.git/config.lock to config
  delete /tmp/nimble_14126/githubcom_nimlangzip/.git/objects/pack/pack-cba4246ba66043fad4470166222f4def685d42df.keep
  create directory /tmp/nimble_14126/githubcom_nimlangzip/tests
  create directory /tmp/nimble_14126/githubcom_nimlangzip/tests/files
  create directory /tmp/nimble_14126/githubcom_nimlangzip/zip
  create directory /tmp/nimble_14126/githubcom_nimlangzip/zip/private
  rename /tmp/nimble_14126/githubcom_nimlangzip/.git/index.lock to index
  create directory /tmp
  create directory /tmp/nimblecache
  create directory /tmp/nimblecache/zip_767297765
  delete /tmp/nimblecache/zip_767297765/zip.ini
  delete /tmp/nimble_14126.out
  delete /tmp/nimble_14126/githubcom_nimlangzip/zip_14126.nims
  create directory /home
  create directory /home/runner
  create directory /home/runner/.nimble
  create directory /home/runner/.nimble/pkgs
  create directory /home/runner/.nimble/pkgs/zip-0.2.1
  create directory /home
  create directory /home/runner
  create directory /home/runner/.nimble
  create directory /home/runner/.nimble/pkgs
  create directory /home/runner/.nimble/pkgs/zip-0.2.1
  create directory /home/runner/.nimble/pkgs/zip-0.2.1/zip
  change permissions of /home/runner/.nimble/pkgs/zip-0.2.1/zip/gzipfiles.nim to rw-r--r--
  create directory /home
  create directory /home/runner
  create directory /home/runner/.nimble
  create directory /home/runner/.nimble/pkgs
  create directory /home/runner/.nimble/pkgs/zip-0.2.1
  create directory /home/runner/.nimble/pkgs/zip-0.2.1/zip
  create directory /home/runner/.nimble/pkgs/zip-0.2.1/zip/private
  change permissions of /home/runner/.nimble/pkgs/zip-0.2.1/zip/private/libzip_all.c to rw-r--r--
  create directory /home
  create directory /home/runner
  create directory /home/runner/.nimble
  create directory /home/runner/.nimble/pkgs
  create directory /home/runner/.nimble/pkgs/zip-0.2.1
  create directory /home/runner/.nimble/pkgs/zip-0.2.1/zip
  change permissions of /home/runner/.nimble/pkgs/zip-0.2.1/zip/libzip.nim to rw-r--r--
  create directory /home
  create directory /home/runner
  create directory /home/runner/.nimble
  create directory /home/runner/.nimble/pkgs
  create directory /home/runner/.nimble/pkgs/zip-0.2.1
  create directory /home/runner/.nimble/pkgs/zip-0.2.1/zip
  change permissions of /home/runner/.nimble/pkgs/zip-0.2.1/zip/zlib.nim to rw-r--r--
  create directory /home
  create directory /home/runner
  create directory /home/runner/.nimble
  create directory /home/runner/.nimble/pkgs
  create directory /home/runner/.nimble/pkgs/zip-0.2.1
  create directory /home/runner/.nimble/pkgs/zip-0.2.1/zip
  change permissions of /home/runner/.nimble/pkgs/zip-0.2.1/zip/zzip.nim to rw-r--r--
  create directory /home
  create directory /home/runner
  create directory /home/runner/.nimble
  create directory /home/runner/.nimble/pkgs
  create directory /home/runner/.nimble/pkgs/zip-0.2.1
  create directory /home/runner/.nimble/pkgs/zip-0.2.1/zip
  change permissions of /home/runner/.nimble/pkgs/zip-0.2.1/zip/zipfiles.nim to rw-r--r--
  change permissions of /home/runner/.nimble/pkgs/zip-0.2.1/zip.nimble to rw-r--r--
  create directory /tmp
  create directory /tmp/nimblecache
  create directory /tmp/nimblecache/zip_2908121960
  delete /tmp/nimblecache/zip_2908121960/zip.ini
  delete /tmp/nimble_14126.out
  delete /home/runner/.nimble/pkgs/zip-0.2.1/zip_14126.nims
  create directory /home
  create directory /home/runner
  create directory /home/runner/.nimble
  create directory /home/runner/.nimble/pkgs
  create directory /home/runner/.nimble/pkgs/crosscompile-0.1.1
  create directory /home
  create directory /home/runner
  create directory /home/runner/.nimble
  create directory /home/runner/.nimble/pkgs
  create directory /home/runner/.nimble/pkgs/crosscompile-0.1.1
  change permissions of /home/runner/.nimble/pkgs/crosscompile-0.1.1/crosscompile.nim to rw-r--r--
  change permissions of /home/runner/.nimble/pkgs/crosscompile-0.1.1/crosscompile.nimble to rw-r--r--
  create directory /tmp
  create directory /tmp/nimblecache
  create directory /tmp/nimblecache/crosscompile_3273146694
  delete /tmp/nimblecache/crosscompile_3273146694/crosscompile.ini
  delete /tmp/nimble_14126.out
  delete /home/runner/.nimble/pkgs/crosscompile-0.1.1/crosscompile_14126.nims
  delete /tmp/nimble_14126/githubcom_nimlangzip/zip.nimble
  delete /tmp/nimble_14126/githubcom_nimlangzip/.gitignore
  delete /tmp/nimble_14126/githubcom_nimlangzip/zip/gzipfiles.nim
  delete /tmp/nimble_14126/githubcom_nimlangzip/zip/private/libzip_all.c
  delete /tmp/nimble_14126/githubcom_nimlangzip/zip/private
  delete /tmp/nimble_14126/githubcom_nimlangzip/zip/libzip.nim
  delete /tmp/nimble_14126/githubcom_nimlangzip/zip/zlib.nim
  delete /tmp/nimble_14126/githubcom_nimlangzip/zip/zzip.nim
  delete /tmp/nimble_14126/githubcom_nimlangzip/zip/zipfiles.nim
  delete /tmp/nimble_14126/githubcom_nimlangzip/zip
  delete /tmp/nimble_14126/githubcom_nimlangzip/LICENSE
  delete /tmp/nimble_14126/githubcom_nimlangzip/.git/HEAD
  delete /tmp/nimble_14126/githubcom_nimlangzip/.git/config
  delete /tmp/nimble_14126/githubcom_nimlangzip/.git/logs/HEAD
  delete /tmp/nimble_14126/githubcom_nimlangzip/.git/logs/refs/heads/master
  delete /tmp/nimble_14126/githubcom_nimlangzip/.git/logs/refs/heads
  delete /tmp/nimble_14126/githubcom_nimlangzip/.git/logs/refs/remotes/origin/HEAD
  delete /tmp/nimble_14126/githubcom_nimlangzip/.git/logs/refs/remotes/origin
  delete /tmp/nimble_14126/githubcom_nimlangzip/.git/logs/refs/remotes
  delete /tmp/nimble_14126/githubcom_nimlangzip/.git/logs/refs
  delete /tmp/nimble_14126/githubcom_nimlangzip/.git/logs
  delete /tmp/nimble_14126/githubcom_nimlangzip/.git/branches
  delete /tmp/nimble_14126/githubcom_nimlangzip/.git/packed-refs
  delete /tmp/nimble_14126/githubcom_nimlangzip/.git/refs/heads/master
  delete /tmp/nimble_14126/githubcom_nimlangzip/.git/refs/heads
  delete /tmp/nimble_14126/githubcom_nimlangzip/.git/refs/tags
  delete /tmp/nimble_14126/githubcom_nimlangzip/.git/refs/remotes/origin/HEAD
  delete /tmp/nimble_14126/githubcom_nimlangzip/.git/refs/remotes/origin
  delete /tmp/nimble_14126/githubcom_nimlangzip/.git/refs/remotes
  delete /tmp/nimble_14126/githubcom_nimlangzip/.git/refs
  delete /tmp/nimble_14126/githubcom_nimlangzip/.git/hooks/fsmonitor-watchman.sample
  delete /tmp/nimble_14126/githubcom_nimlangzip/.git/hooks/pre-rebase.sample
  delete /tmp/nimble_14126/githubcom_nimlangzip/.git/hooks/pre-push.sample
  delete /tmp/nimble_14126/githubcom_nimlangzip/.git/hooks/pre-applypatch.sample
  delete /tmp/nimble_14126/githubcom_nimlangzip/.git/hooks/pre-receive.sample
  delete /tmp/nimble_14126/githubcom_nimlangzip/.git/hooks/commit-msg.sample
  delete /tmp/nimble_14126/githubcom_nimlangzip/.git/hooks/pre-merge-commit.sample
  delete /tmp/nimble_14126/githubcom_nimlangzip/.git/hooks/prepare-commit-msg.sample
  delete /tmp/nimble_14126/githubcom_nimlangzip/.git/hooks/pre-commit.sample
  delete /tmp/nimble_14126/githubcom_nimlangzip/.git/hooks/update.sample
  delete /tmp/nimble_14126/githubcom_nimlangzip/.git/hooks/applypatch-msg.sample
  delete /tmp/nimble_14126/githubcom_nimlangzip/.git/hooks/post-update.sample
  delete /tmp/nimble_14126/githubcom_nimlangzip/.git/hooks
  delete /tmp/nimble_14126/githubcom_nimlangzip/.git/index
  delete /tmp/nimble_14126/githubcom_nimlangzip/.git/info/exclude
  delete /tmp/nimble_14126/githubcom_nimlangzip/.git/info
  delete /tmp/nimble_14126/githubcom_nimlangzip/.git/shallow
  delete /tmp/nimble_14126/githubcom_nimlangzip/.git/description
  delete /tmp/nimble_14126/githubcom_nimlangzip/.git/objects/pack/pack-cba4246ba66043fad4470166222f4def685d42df.idx
  delete /tmp/nimble_14126/githubcom_nimlangzip/.git/objects/pack/pack-cba4246ba66043fad4470166222f4def685d42df.pack
  delete /tmp/nimble_14126/githubcom_nimlangzip/.git/objects/pack
  delete /tmp/nimble_14126/githubcom_nimlangzip/.git/objects/info
  delete /tmp/nimble_14126/githubcom_nimlangzip/.git/objects
  delete /tmp/nimble_14126/githubcom_nimlangzip/.git
  delete /tmp/nimble_14126/githubcom_nimlangzip/README.md
  delete /tmp/nimble_14126/githubcom_nimlangzip/tests/.gitignore
  delete /tmp/nimble_14126/githubcom_nimlangzip/tests/zlibtests.nim
  delete /tmp/nimble_14126/githubcom_nimlangzip/tests/gziptests.nim
  delete /tmp/nimble_14126/githubcom_nimlangzip/tests/ziptests.nim
  delete /tmp/nimble_14126/githubcom_nimlangzip/tests/files/.gitignore
  delete /tmp/nimble_14126/githubcom_nimlangzip/tests/files/gzipfiletest.txt
  delete /tmp/nimble_14126/githubcom_nimlangzip/tests/files/тест.xlsx
  delete /tmp/nimble_14126/githubcom_nimlangzip/tests/files/gzipfiletest.txt.gz
  delete /tmp/nimble_14126/githubcom_nimlangzip/tests/files
  delete /tmp/nimble_14126/githubcom_nimlangzip/tests
  delete /tmp/nimble_14126/githubcom_nimlangzip
  delete /tmp/nimble_14126/githubcom_juancarlospaconimcrosscompile/src/crosscompile.nim
  delete /tmp/nimble_14126/githubcom_juancarlospaconimcrosscompile/src
  delete /tmp/nimble_14126/githubcom_juancarlospaconimcrosscompile/.gitignore
  delete /tmp/nimble_14126/githubcom_juancarlospaconimcrosscompile/LICENSE
  delete /tmp/nimble_14126/githubcom_juancarlospaconimcrosscompile/.git/HEAD
  delete /tmp/nimble_14126/githubcom_juancarlospaconimcrosscompile/.git/config
  delete /tmp/nimble_14126/githubcom_juancarlospaconimcrosscompile/.git/logs/HEAD
  delete /tmp/nimble_14126/githubcom_juancarlospaconimcrosscompile/.git/logs/refs/heads/master
  delete /tmp/nimble_14126/githubcom_juancarlospaconimcrosscompile/.git/logs/refs/heads
  delete /tmp/nimble_14126/githubcom_juancarlospaconimcrosscompile/.git/logs/refs/remotes/origin/HEAD
  delete /tmp/nimble_14126/githubcom_juancarlospaconimcrosscompile/.git/logs/refs/remotes/origin
  delete /tmp/nimble_14126/githubcom_juancarlospaconimcrosscompile/.git/logs/refs/remotes
  delete /tmp/nimble_14126/githubcom_juancarlospaconimcrosscompile/.git/logs/refs
  delete /tmp/nimble_14126/githubcom_juancarlospaconimcrosscompile/.git/logs
  delete /tmp/nimble_14126/githubcom_juancarlospaconimcrosscompile/.git/branches
  delete /tmp/nimble_14126/githubcom_juancarlospaconimcrosscompile/.git/packed-refs
  delete /tmp/nimble_14126/githubcom_juancarlospaconimcrosscompile/.git/refs/heads/master
  delete /tmp/nimble_14126/githubcom_juancarlospaconimcrosscompile/.git/refs/heads
  delete /tmp/nimble_14126/githubcom_juancarlospaconimcrosscompile/.git/refs/tags
  delete /tmp/nimble_14126/githubcom_juancarlospaconimcrosscompile/.git/refs/remotes/origin/HEAD
  delete /tmp/nimble_14126/githubcom_juancarlospaconimcrosscompile/.git/refs/remotes/origin
  delete /tmp/nimble_14126/githubcom_juancarlospaconimcrosscompile/.git/refs/remotes
  delete /tmp/nimble_14126/githubcom_juancarlospaconimcrosscompile/.git/refs
  delete /tmp/nimble_14126/githubcom_juancarlospaconimcrosscompile/.git/hooks/fsmonitor-watchman.sample
  delete /tmp/nimble_14126/githubcom_juancarlospaconimcrosscompile/.git/hooks/pre-rebase.sample
  delete /tmp/nimble_14126/githubcom_juancarlospaconimcrosscompile/.git/hooks/pre-push.sample
  delete /tmp/nimble_14126/githubcom_juancarlospaconimcrosscompile/.git/hooks/pre-applypatch.sample
  delete /tmp/nimble_14126/githubcom_juancarlospaconimcrosscompile/.git/hooks/pre-receive.sample
  delete /tmp/nimble_14126/githubcom_juancarlospaconimcrosscompile/.git/hooks/commit-msg.sample
  delete /tmp/nimble_14126/githubcom_juancarlospaconimcrosscompile/.git/hooks/pre-merge-commit.sample
  delete /tmp/nimble_14126/githubcom_juancarlospaconimcrosscompile/.git/hooks/prepare-commit-msg.sample
  delete /tmp/nimble_14126/githubcom_juancarlospaconimcrosscompile/.git/hooks/pre-commit.sample
  delete /tmp/nimble_14126/githubcom_juancarlospaconimcrosscompile/.git/hooks/update.sample
  delete /tmp/nimble_14126/githubcom_juancarlospaconimcrosscompile/.git/hooks/applypatch-msg.sample
  delete /tmp/nimble_14126/githubcom_juancarlospaconimcrosscompile/.git/hooks/post-update.sample
  delete /tmp/nimble_14126/githubcom_juancarlospaconimcrosscompile/.git/hooks
  delete /tmp/nimble_14126/githubcom_juancarlospaconimcrosscompile/.git/index
  delete /tmp/nimble_14126/githubcom_juancarlospaconimcrosscompile/.git/info/exclude
  delete /tmp/nimble_14126/githubcom_juancarlospaconimcrosscompile/.git/info
  delete /tmp/nimble_14126/githubcom_juancarlospaconimcrosscompile/.git/shallow
  delete /tmp/nimble_14126/githubcom_juancarlospaconimcrosscompile/.git/description
  delete /tmp/nimble_14126/githubcom_juancarlospaconimcrosscompile/.git/objects/pack/pack-8f144bbd61235dc53cb488fa184de16ff17cfc23.pack
  delete /tmp/nimble_14126/githubcom_juancarlospaconimcrosscompile/.git/objects/pack/pack-8f144bbd61235dc53cb488fa184de16ff17cfc23.idx
  delete /tmp/nimble_14126/githubcom_juancarlospaconimcrosscompile/.git/objects/pack
  delete /tmp/nimble_14126/githubcom_juancarlospaconimcrosscompile/.git/objects/info
  delete /tmp/nimble_14126/githubcom_juancarlospaconimcrosscompile/.git/objects
  delete /tmp/nimble_14126/githubcom_juancarlospaconimcrosscompile/.git
  delete /tmp/nimble_14126/githubcom_juancarlospaconimcrosscompile/README.md
  delete /tmp/nimble_14126/githubcom_juancarlospaconimcrosscompile/crosscompile.nimble
  delete /tmp/nimble_14126/githubcom_juancarlospaconimcrosscompile
  delete /tmp/nimble_14126
