      Info: Package cache path /home/runner/.nimble/pkgcache
     Info:  Nimble data file "/home/runner/.nimble/nimbledata2.json" has been loaded.
    Reading official package list
Downloading https://github.com/bung87/crowngui using git
    Cloning latest tagged version: v0.3.9
open('/workspace/destdir/ssl/openssl.cnf', 32768, 0x00000000000001b6)
open('/home/runner/.config/nimble/nimble.ini', 557056, 0x00000000000001b6)
open('/home/runner/.config/babel/babel.ini', 557056, 0x00000000000001b6)
writev(1, 0x00007ffdde172200, 2)
open('/home/runner/.nimble/nimbledata2.json', 557056, 0x00000000000001b6)
writev(1, 0x00007ffdde1722d0, 2)
writev(1, 0x00007ffe88db0140, 2)
writev(1, 0x00007ffe88db01d0, 2)
writev(1, 0x00007ffe88db01d0, 2)
writev(1, 0x00007ffe88db01d0, 2)
writev(1, 0x00007ffdde170cb0, 2)
open('/home/runner/.nimble/packages_official.json', 557056, 0x00000000000001b6)
mkdir('/home/', 0x00000000000001ff)
mkdir('/home/runner/', 0x00000000000001ff)
mkdir('/home/runner/.nimble/', 0x00000000000001ff)
mkdir('/home/runner/.nimble/pkgcache/', 0x00000000000001ff)
mkdir('/home/runner/.nimble/pkgcache/githubcom_bung87crowngui', 0x00000000000001ff)
open('/home/runner/.nimble/pkgcache/githubcom_bung87crowngui', 622592, 0x0000000000000000)
writev(1, 0x00007ffdde170d90, 2)
open('/home/runner/.nimble/pkgcache/githubcom_bung87crowngui', 622592, 0x0000000000000000)
rmdir('/home/runner/.nimble/pkgcache/githubcom_bung87crowngui')
writev(1, 0x00007ffdde170c80, 2)
mkdir(93959139846848, 0x00000000000001ff)
Error tracing process: readBytes(0x0000557491276ac0, 256) error: [Errno 5] Input/output error.
