      Info: Package cache path /home/runner/.nimble/pkgcache
     Info:  Nimble data file "/home/runner/.nimble/nimbledata2.json" has been loaded.
    Reading official package list
Downloading https://github.com/oprypin/nim-csfml using git
    Cloning latest tagged version: v2.5.0
open('/workspace/destdir/ssl/openssl.cnf', 32768, 0x00000000000001b6)
open('/home/runner/.config/nimble/nimble.ini', 557056, 0x00000000000001b6)
open('/home/runner/.config/babel/babel.ini', 557056, 0x00000000000001b6)
writev(1, 0x00007fff5e35b640, 2)
open('/home/runner/.nimble/nimbledata2.json', 557056, 0x00000000000001b6)
writev(1, 0x00007fff5e35b710, 2)
writev(1, 0x00007fffb2509530, 2)
writev(1, 0x00007fffb25095c0, 2)
writev(1, 0x00007fffb25095c0, 2)
writev(1, 0x00007fffb25095c0, 2)
writev(1, 0x00007fff5e35a0f0, 2)
open('/home/runner/.nimble/packages_official.json', 557056, 0x00000000000001b6)
mkdir('/home/', 0x00000000000001ff)
mkdir('/home/runner/', 0x00000000000001ff)
mkdir('/home/runner/.nimble/', 0x00000000000001ff)
mkdir('/home/runner/.nimble/pkgcache/', 0x00000000000001ff)
mkdir('/home/runner/.nimble/pkgcache/githubcom_oprypinnimcsfml', 0x00000000000001ff)
open('/home/runner/.nimble/pkgcache/githubcom_oprypinnimcsfml', 622592, 0x0000000000000000)
writev(1, 0x00007fff5e35a1d0, 2)
open('/home/runner/.nimble/pkgcache/githubcom_oprypinnimcsfml', 622592, 0x0000000000000000)
rmdir('/home/runner/.nimble/pkgcache/githubcom_oprypinnimcsfml')
writev(1, 0x00007fff5e35a0c0, 2)
mkdir(94771680393920, 0x00000000000001ff)
Error tracing process: readBytes(0x00005631c0583ac0, 256) error: [Errno 5] Input/output error.
