     Info:  Nimble data file "/home/runner/.nimble/nimbledata2.json" has been loaded.
    Reading official package list
Downloading https://github.com/z-kk/csv2dbsrc using git
    Cloning latest tagged version: v0.4.3
open('/workspace/destdir/ssl/openssl.cnf', 32768, 0x00000000000001b6)
open('/home/runner/.config/nimble/nimble.ini', 557056, 0x00000000000001b6)
open('/home/runner/.config/babel/babel.ini', 557056, 0x00000000000001b6)
open('/home/runner/.nimble/nimbledata2.json', 557056, 0x00000000000001b6)
writev(1, 0x00007ffc28dc3d10, 2)
writev(1, 0x00007ffc28dc35f0, 2)
open('/home/runner/.nimble/packages_official.json', 557056, 0x00000000000001b6)
mkdir('/tmp/', 0x00000000000001ff)
mkdir('/tmp/nimble_3524/', 0x00000000000001ff)
mkdir('/tmp/nimble_3524/githubcom_zkkcsv2dbsrc', 0x00000000000001ff)
writev(1, 0x00007ffc28dc35c0, 2)
open('/tmp/nimble_3524/githubcom_zkkcsv2dbsrc', 622592, 0x0000000000000000)
rmdir('/tmp/nimble_3524/githubcom_zkkcsv2dbsrc')
writev(1, 0x00007ffc28dc3530, 2)
mkdir(94230376772896, 0x00000000000001ff)
Error tracing process: readBytes(0x000055b3b8227520, 256) error: [Errno 5] Input/output error.
