    Reading official package list
Downloading https://github.com/apahl/csvtable using git
    Cloning latest tagged version: v0.3.1
  Verifying dependencies for csvtable@0.3.0
 Installing csvtable@0.3.0
    Copying file /tmp/nimble_9645/githubcom_apahlcsvtable/csvtable.nim to /home/runner/.nimble/pkgs/csvtable-0.3.0/csvtable.nim
    Copying file /tmp/nimble_9645/githubcom_apahlcsvtable/csvtable.nimble to /home/runner/.nimble/pkgs/csvtable-0.3.0/csvtable.nimble
   Success: csvtable installed successfully.
mkdir('/tmp', 0x00000000000001ff)
mkdir('/tmp/nimble_9645', 0x00000000000001ff)
mkdir('/tmp/nimble_9645/githubcom_apahlcsvtable', 0x00000000000001ff)
rmdir('/tmp/nimble_9645/githubcom_apahlcsvtable')
mkdir('/tmp/nimble_9645/githubcom_apahlcsvtable', 0x00000000000001ff)
mkdir('/tmp/nimble_9645/githubcom_apahlcsvtable/.git', 0x00000000000001ff)
mkdir('/tmp/nimble_9645/githubcom_apahlcsvtable/.git/', 0x00000000000001ff)
mkdir('/tmp/nimble_9645/githubcom_apahlcsvtable/.git/branches/', 0x00000000000001ff)
mkdir('/tmp/nimble_9645/githubcom_apahlcsvtable/.git/hooks/', 0x00000000000001ff)
mkdir('/tmp/nimble_9645/githubcom_apahlcsvtable/.git/info/', 0x00000000000001ff)
mkdir('/tmp/nimble_9645/githubcom_apahlcsvtable/.git/refs', 0x00000000000001ff)
mkdir('/tmp/nimble_9645/githubcom_apahlcsvtable/.git/refs/heads', 0x00000000000001ff)
mkdir('/tmp/nimble_9645/githubcom_apahlcsvtable/.git/refs/tags', 0x00000000000001ff)
rename('/tmp/nimble_9645/githubcom_apahlcsvtable/.git/HEAD.lock', '/tmp/nimble_9645/githubcom_apahlcsvtable/.git/HEAD')
rename('/tmp/nimble_9645/githubcom_apahlcsvtable/.git/config.lock', '/tmp/nimble_9645/githubcom_apahlcsvtable/.git/config')
chmod('/tmp/nimble_9645/githubcom_apahlcsvtable/.git/config', 0x00000000000081e4)
chmod('/tmp/nimble_9645/githubcom_apahlcsvtable/.git/config', 0x00000000000081a4)
chmod('/tmp/nimble_9645/githubcom_apahlcsvtable/.git/config.lock', 0x00000000000001a4)
rename('/tmp/nimble_9645/githubcom_apahlcsvtable/.git/config.lock', '/tmp/nimble_9645/githubcom_apahlcsvtable/.git/config')
chmod('/tmp/nimble_9645/githubcom_apahlcsvtable/.git/config.lock', 0x00000000000001a4)
rename('/tmp/nimble_9645/githubcom_apahlcsvtable/.git/config.lock', '/tmp/nimble_9645/githubcom_apahlcsvtable/.git/config')
chmod('/tmp/nimble_9645/githubcom_apahlcsvtable/.git/config.lock', 0x00000000000001a4)
rename('/tmp/nimble_9645/githubcom_apahlcsvtable/.git/config.lock', '/tmp/nimble_9645/githubcom_apahlcsvtable/.git/config')
unlink('/tmp/nimble_9645/githubcom_apahlcsvtable/.git/tUandWt')
symlink('testing', '/tmp/nimble_9645/githubcom_apahlcsvtable/.git/tUandWt')
unlink('/tmp/nimble_9645/githubcom_apahlcsvtable/.git/tUandWt')
mkdir('/tmp/nimble_9645/githubcom_apahlcsvtable/.git/objects', 0x00000000000001ff)
mkdir('/tmp/nimble_9645/githubcom_apahlcsvtable/.git/objects/pack', 0x00000000000001ff)
mkdir('/tmp/nimble_9645/githubcom_apahlcsvtable/.git/objects/info', 0x00000000000001ff)
chmod('/tmp/nimble_9645/githubcom_apahlcsvtable/.git/config.lock', 0x00000000000001a4)
rename('/tmp/nimble_9645/githubcom_apahlcsvtable/.git/config.lock', '/tmp/nimble_9645/githubcom_apahlcsvtable/.git/config')
chmod('/tmp/nimble_9645/githubcom_apahlcsvtable/.git/config.lock', 0x00000000000001a4)
rename('/tmp/nimble_9645/githubcom_apahlcsvtable/.git/config.lock', '/tmp/nimble_9645/githubcom_apahlcsvtable/.git/config')
chmod('/tmp/nimble_9645/githubcom_apahlcsvtable/.git/config.lock', 0x00000000000001a4)
rename('/tmp/nimble_9645/githubcom_apahlcsvtable/.git/config.lock', '/tmp/nimble_9645/githubcom_apahlcsvtable/.git/config')
link('/tmp/nimble_9645/githubcom_apahlcsvtable/.git/objects/pack/tmp_pack_706rPe', '/tmp/nimble_9645/githubcom_apahlcsvtable/.git/objects/pack/pack-248c342bb565097a374092d061768ec50bc792ae.pack')
unlink('/tmp/nimble_9645/githubcom_apahlcsvtable/.git/objects/pack/tmp_pack_706rPe')
link('/tmp/nimble_9645/githubcom_apahlcsvtable/.git/objects/pack/tmp_idx_T7Fevh', '/tmp/nimble_9645/githubcom_apahlcsvtable/.git/objects/pack/pack-248c342bb565097a374092d061768ec50bc792ae.idx')
unlink('/tmp/nimble_9645/githubcom_apahlcsvtable/.git/objects/pack/tmp_idx_T7Fevh')
rename('/tmp/nimble_9645/githubcom_apahlcsvtable/.git/shallow.lock', '/tmp/nimble_9645/githubcom_apahlcsvtable/.git/shallow')
rename('/tmp/nimble_9645/githubcom_apahlcsvtable/.git/packed-refs.new', '/tmp/nimble_9645/githubcom_apahlcsvtable/.git/packed-refs')
unlink('/tmp/nimble_9645/githubcom_apahlcsvtable/.git/packed-refs.lock')
unlink('/tmp/nimble_9645/githubcom_apahlcsvtable/.git/refs/tags/v0.3.1.lock')
mkdir('/tmp/nimble_9645/githubcom_apahlcsvtable/.git/logs', 0x00000000000001ff)
rename('/tmp/nimble_9645/githubcom_apahlcsvtable/.git/HEAD.lock', '/tmp/nimble_9645/githubcom_apahlcsvtable/.git/HEAD')
unlink('/tmp/nimble_9645/githubcom_apahlcsvtable/.git/objects/pack/pack-248c342bb565097a374092d061768ec50bc792ae.keep')
rename('/tmp/nimble_9645/githubcom_apahlcsvtable/.git/index.lock', '/tmp/nimble_9645/githubcom_apahlcsvtable/.git/index')
mkdir('/tmp', 0x00000000000001ff)
mkdir('/tmp/nimblecache', 0x00000000000001ff)
mkdir('/tmp/nimblecache/csvtable_907031397', 0x00000000000001ff)
unlink('/tmp/nimblecache/csvtable_907031397/csvtable.ini')
unlink('/tmp/nimble_9645.out')
unlink('/tmp/nimble_9645/githubcom_apahlcsvtable/csvtable_9645.nims')
mkdir('/home', 0x00000000000001ff)
mkdir('/home/runner', 0x00000000000001ff)
mkdir('/home/runner/.nimble', 0x00000000000001ff)
mkdir('/home/runner/.nimble/pkgs', 0x00000000000001ff)
mkdir('/home/runner/.nimble/pkgs/csvtable-0.3.0', 0x00000000000001ff)
mkdir('/home', 0x00000000000001ff)
mkdir('/home/runner', 0x00000000000001ff)
mkdir('/home/runner/.nimble', 0x00000000000001ff)
mkdir('/home/runner/.nimble/pkgs', 0x00000000000001ff)
mkdir('/home/runner/.nimble/pkgs/csvtable-0.3.0', 0x00000000000001ff)
chmod('/home/runner/.nimble/pkgs/csvtable-0.3.0/csvtable.nim', 0x00000000000001a4)
chmod('/home/runner/.nimble/pkgs/csvtable-0.3.0/csvtable.nimble', 0x00000000000001a4)
mkdir('/tmp', 0x00000000000001ff)
mkdir('/tmp/nimblecache', 0x00000000000001ff)
mkdir('/tmp/nimblecache/csvtable_2013179654', 0x00000000000001ff)
unlink('/tmp/nimblecache/csvtable_2013179654/csvtable.ini')
unlink('/tmp/nimble_9645.out')
unlink('/home/runner/.nimble/pkgs/csvtable-0.3.0/csvtable_9645.nims')
unlink('/tmp/nimble_9645/githubcom_apahlcsvtable/csvtable.nim')
unlink('/tmp/nimble_9645/githubcom_apahlcsvtable/.gitignore')
unlink('/tmp/nimble_9645/githubcom_apahlcsvtable/csvtable.nimble')
unlink('/tmp/nimble_9645/githubcom_apahlcsvtable/test.csv')
unlink('/tmp/nimble_9645/githubcom_apahlcsvtable/LICENSE')
unlink('/tmp/nimble_9645/githubcom_apahlcsvtable/.git/HEAD')
unlink('/tmp/nimble_9645/githubcom_apahlcsvtable/.git/config')
unlink('/tmp/nimble_9645/githubcom_apahlcsvtable/.git/logs/HEAD')
rmdir('/tmp/nimble_9645/githubcom_apahlcsvtable/.git/logs')
rmdir('/tmp/nimble_9645/githubcom_apahlcsvtable/.git/branches')
unlink('/tmp/nimble_9645/githubcom_apahlcsvtable/.git/packed-refs')
rmdir('/tmp/nimble_9645/githubcom_apahlcsvtable/.git/refs/heads')
rmdir('/tmp/nimble_9645/githubcom_apahlcsvtable/.git/refs/tags')
rmdir('/tmp/nimble_9645/githubcom_apahlcsvtable/.git/refs')
unlink('/tmp/nimble_9645/githubcom_apahlcsvtable/.git/hooks/fsmonitor-watchman.sample')
unlink('/tmp/nimble_9645/githubcom_apahlcsvtable/.git/hooks/pre-rebase.sample')
unlink('/tmp/nimble_9645/githubcom_apahlcsvtable/.git/hooks/pre-push.sample')
unlink('/tmp/nimble_9645/githubcom_apahlcsvtable/.git/hooks/pre-applypatch.sample')
unlink('/tmp/nimble_9645/githubcom_apahlcsvtable/.git/hooks/pre-receive.sample')
unlink('/tmp/nimble_9645/githubcom_apahlcsvtable/.git/hooks/commit-msg.sample')
unlink('/tmp/nimble_9645/githubcom_apahlcsvtable/.git/hooks/pre-merge-commit.sample')
unlink('/tmp/nimble_9645/githubcom_apahlcsvtable/.git/hooks/prepare-commit-msg.sample')
unlink('/tmp/nimble_9645/githubcom_apahlcsvtable/.git/hooks/pre-commit.sample')
unlink('/tmp/nimble_9645/githubcom_apahlcsvtable/.git/hooks/update.sample')
unlink('/tmp/nimble_9645/githubcom_apahlcsvtable/.git/hooks/applypatch-msg.sample')
unlink('/tmp/nimble_9645/githubcom_apahlcsvtable/.git/hooks/post-update.sample')
rmdir('/tmp/nimble_9645/githubcom_apahlcsvtable/.git/hooks')
unlink('/tmp/nimble_9645/githubcom_apahlcsvtable/.git/index')
unlink('/tmp/nimble_9645/githubcom_apahlcsvtable/.git/info/exclude')
rmdir('/tmp/nimble_9645/githubcom_apahlcsvtable/.git/info')
unlink('/tmp/nimble_9645/githubcom_apahlcsvtable/.git/shallow')
unlink('/tmp/nimble_9645/githubcom_apahlcsvtable/.git/description')
unlink('/tmp/nimble_9645/githubcom_apahlcsvtable/.git/objects/pack/pack-248c342bb565097a374092d061768ec50bc792ae.pack')
unlink('/tmp/nimble_9645/githubcom_apahlcsvtable/.git/objects/pack/pack-248c342bb565097a374092d061768ec50bc792ae.idx')
rmdir('/tmp/nimble_9645/githubcom_apahlcsvtable/.git/objects/pack')
rmdir('/tmp/nimble_9645/githubcom_apahlcsvtable/.git/objects/info')
rmdir('/tmp/nimble_9645/githubcom_apahlcsvtable/.git/objects')
rmdir('/tmp/nimble_9645/githubcom_apahlcsvtable/.git')
unlink('/tmp/nimble_9645/githubcom_apahlcsvtable/README.md')
rmdir('/tmp/nimble_9645/githubcom_apahlcsvtable')
rmdir('/tmp/nimble_9645')
  create directory /tmp
  create directory /tmp/nimble_9645
  create directory /tmp/nimble_9645/githubcom_apahlcsvtable
  delete /tmp/nimble_9645/githubcom_apahlcsvtable
  create directory /tmp/nimble_9645/githubcom_apahlcsvtable
  create directory /tmp/nimble_9645/githubcom_apahlcsvtable/.git
  create directory /tmp/nimble_9645/githubcom_apahlcsvtable/.git
  create directory /tmp/nimble_9645/githubcom_apahlcsvtable/.git/branches
  create directory /tmp/nimble_9645/githubcom_apahlcsvtable/.git/hooks
  create directory /tmp/nimble_9645/githubcom_apahlcsvtable/.git/info
  create directory /tmp/nimble_9645/githubcom_apahlcsvtable/.git/refs
  create directory /tmp/nimble_9645/githubcom_apahlcsvtable/.git/refs/heads
  create directory /tmp/nimble_9645/githubcom_apahlcsvtable/.git/refs/tags
  rename /tmp/nimble_9645/githubcom_apahlcsvtable/.git/HEAD.lock to HEAD
  rename /tmp/nimble_9645/githubcom_apahlcsvtable/.git/config.lock to config
  change permissions of /tmp/nimble_9645/githubcom_apahlcsvtable/.git/config to rwxr--r--
  change permissions of /tmp/nimble_9645/githubcom_apahlcsvtable/.git/config to rw-r--r--
  change permissions of /tmp/nimble_9645/githubcom_apahlcsvtable/.git/config.lock to rw-r--r--
  rename /tmp/nimble_9645/githubcom_apahlcsvtable/.git/config.lock to config
  change permissions of /tmp/nimble_9645/githubcom_apahlcsvtable/.git/config.lock to rw-r--r--
  rename /tmp/nimble_9645/githubcom_apahlcsvtable/.git/config.lock to config
  change permissions of /tmp/nimble_9645/githubcom_apahlcsvtable/.git/config.lock to rw-r--r--
  rename /tmp/nimble_9645/githubcom_apahlcsvtable/.git/config.lock to config
  delete /tmp/nimble_9645/githubcom_apahlcsvtable/.git/tUandWt
  create symbolic link from /tmp/nimble_9645/githubcom_apahlcsvtable/.git/tUandWt to /home/runner/work/nim_packages_security_audit/nim_packages_security_audit/testing
  delete /tmp/nimble_9645/githubcom_apahlcsvtable/.git/tUandWt
  create directory /tmp/nimble_9645/githubcom_apahlcsvtable/.git/objects
  create directory /tmp/nimble_9645/githubcom_apahlcsvtable/.git/objects/pack
  create directory /tmp/nimble_9645/githubcom_apahlcsvtable/.git/objects/info
  change permissions of /tmp/nimble_9645/githubcom_apahlcsvtable/.git/config.lock to rw-r--r--
  rename /tmp/nimble_9645/githubcom_apahlcsvtable/.git/config.lock to config
  change permissions of /tmp/nimble_9645/githubcom_apahlcsvtable/.git/config.lock to rw-r--r--
  rename /tmp/nimble_9645/githubcom_apahlcsvtable/.git/config.lock to config
  change permissions of /tmp/nimble_9645/githubcom_apahlcsvtable/.git/config.lock to rw-r--r--
  rename /tmp/nimble_9645/githubcom_apahlcsvtable/.git/config.lock to config
  create hard link from /tmp/nimble_9645/githubcom_apahlcsvtable/.git/objects/pack/pack-248c342bb565097a374092d061768ec50bc792ae.pack to /tmp/nimble_9645/githubcom_apahlcsvtable/.git/objects/pack/tmp_pack_706rPe
  delete /tmp/nimble_9645/githubcom_apahlcsvtable/.git/objects/pack/tmp_pack_706rPe
  create hard link from /tmp/nimble_9645/githubcom_apahlcsvtable/.git/objects/pack/pack-248c342bb565097a374092d061768ec50bc792ae.idx to /tmp/nimble_9645/githubcom_apahlcsvtable/.git/objects/pack/tmp_idx_T7Fevh
  delete /tmp/nimble_9645/githubcom_apahlcsvtable/.git/objects/pack/tmp_idx_T7Fevh
  rename /tmp/nimble_9645/githubcom_apahlcsvtable/.git/shallow.lock to shallow
  rename /tmp/nimble_9645/githubcom_apahlcsvtable/.git/packed-refs.new to packed-refs
  delete /tmp/nimble_9645/githubcom_apahlcsvtable/.git/packed-refs.lock
  delete /tmp/nimble_9645/githubcom_apahlcsvtable/.git/refs/tags/v0.3.1.lock
  create directory /tmp/nimble_9645/githubcom_apahlcsvtable/.git/logs
  rename /tmp/nimble_9645/githubcom_apahlcsvtable/.git/HEAD.lock to HEAD
  delete /tmp/nimble_9645/githubcom_apahlcsvtable/.git/objects/pack/pack-248c342bb565097a374092d061768ec50bc792ae.keep
  rename /tmp/nimble_9645/githubcom_apahlcsvtable/.git/index.lock to index
  create directory /tmp
  create directory /tmp/nimblecache
  create directory /tmp/nimblecache/csvtable_907031397
  delete /tmp/nimblecache/csvtable_907031397/csvtable.ini
  delete /tmp/nimble_9645.out
  delete /tmp/nimble_9645/githubcom_apahlcsvtable/csvtable_9645.nims
  create directory /home
  create directory /home/runner
  create directory /home/runner/.nimble
  create directory /home/runner/.nimble/pkgs
  create directory /home/runner/.nimble/pkgs/csvtable-0.3.0
  create directory /home
  create directory /home/runner
  create directory /home/runner/.nimble
  create directory /home/runner/.nimble/pkgs
  create directory /home/runner/.nimble/pkgs/csvtable-0.3.0
  change permissions of /home/runner/.nimble/pkgs/csvtable-0.3.0/csvtable.nim to rw-r--r--
  change permissions of /home/runner/.nimble/pkgs/csvtable-0.3.0/csvtable.nimble to rw-r--r--
  create directory /tmp
  create directory /tmp/nimblecache
  create directory /tmp/nimblecache/csvtable_2013179654
  delete /tmp/nimblecache/csvtable_2013179654/csvtable.ini
  delete /tmp/nimble_9645.out
  delete /home/runner/.nimble/pkgs/csvtable-0.3.0/csvtable_9645.nims
  delete /tmp/nimble_9645/githubcom_apahlcsvtable/csvtable.nim
  delete /tmp/nimble_9645/githubcom_apahlcsvtable/.gitignore
  delete /tmp/nimble_9645/githubcom_apahlcsvtable/csvtable.nimble
  delete /tmp/nimble_9645/githubcom_apahlcsvtable/test.csv
  delete /tmp/nimble_9645/githubcom_apahlcsvtable/LICENSE
  delete /tmp/nimble_9645/githubcom_apahlcsvtable/.git/HEAD
  delete /tmp/nimble_9645/githubcom_apahlcsvtable/.git/config
  delete /tmp/nimble_9645/githubcom_apahlcsvtable/.git/logs/HEAD
  delete /tmp/nimble_9645/githubcom_apahlcsvtable/.git/logs
  delete /tmp/nimble_9645/githubcom_apahlcsvtable/.git/branches
  delete /tmp/nimble_9645/githubcom_apahlcsvtable/.git/packed-refs
  delete /tmp/nimble_9645/githubcom_apahlcsvtable/.git/refs/heads
  delete /tmp/nimble_9645/githubcom_apahlcsvtable/.git/refs/tags
  delete /tmp/nimble_9645/githubcom_apahlcsvtable/.git/refs
  delete /tmp/nimble_9645/githubcom_apahlcsvtable/.git/hooks/fsmonitor-watchman.sample
  delete /tmp/nimble_9645/githubcom_apahlcsvtable/.git/hooks/pre-rebase.sample
  delete /tmp/nimble_9645/githubcom_apahlcsvtable/.git/hooks/pre-push.sample
  delete /tmp/nimble_9645/githubcom_apahlcsvtable/.git/hooks/pre-applypatch.sample
  delete /tmp/nimble_9645/githubcom_apahlcsvtable/.git/hooks/pre-receive.sample
  delete /tmp/nimble_9645/githubcom_apahlcsvtable/.git/hooks/commit-msg.sample
  delete /tmp/nimble_9645/githubcom_apahlcsvtable/.git/hooks/pre-merge-commit.sample
  delete /tmp/nimble_9645/githubcom_apahlcsvtable/.git/hooks/prepare-commit-msg.sample
  delete /tmp/nimble_9645/githubcom_apahlcsvtable/.git/hooks/pre-commit.sample
  delete /tmp/nimble_9645/githubcom_apahlcsvtable/.git/hooks/update.sample
  delete /tmp/nimble_9645/githubcom_apahlcsvtable/.git/hooks/applypatch-msg.sample
  delete /tmp/nimble_9645/githubcom_apahlcsvtable/.git/hooks/post-update.sample
  delete /tmp/nimble_9645/githubcom_apahlcsvtable/.git/hooks
  delete /tmp/nimble_9645/githubcom_apahlcsvtable/.git/index
  delete /tmp/nimble_9645/githubcom_apahlcsvtable/.git/info/exclude
  delete /tmp/nimble_9645/githubcom_apahlcsvtable/.git/info
  delete /tmp/nimble_9645/githubcom_apahlcsvtable/.git/shallow
  delete /tmp/nimble_9645/githubcom_apahlcsvtable/.git/description
  delete /tmp/nimble_9645/githubcom_apahlcsvtable/.git/objects/pack/pack-248c342bb565097a374092d061768ec50bc792ae.pack
  delete /tmp/nimble_9645/githubcom_apahlcsvtable/.git/objects/pack/pack-248c342bb565097a374092d061768ec50bc792ae.idx
  delete /tmp/nimble_9645/githubcom_apahlcsvtable/.git/objects/pack
  delete /tmp/nimble_9645/githubcom_apahlcsvtable/.git/objects/info
  delete /tmp/nimble_9645/githubcom_apahlcsvtable/.git/objects
  delete /tmp/nimble_9645/githubcom_apahlcsvtable/.git
  delete /tmp/nimble_9645/githubcom_apahlcsvtable/README.md
  delete /tmp/nimble_9645/githubcom_apahlcsvtable
  delete /tmp/nimble_9645
