     Info:  Nimble data file "/home/runner/.nimble/nimbledata2.json" has been loaded.
    Reading official package list
Downloading https://github.com/andreaferretti/csvtools using git
    Cloning latest tagged version: 0.2.1
open('/workspace/destdir/ssl/openssl.cnf', 32768, 0x00000000000001b6)
open('/home/runner/.config/nimble/nimble.ini', 557056, 0x00000000000001b6)
open('/home/runner/.config/babel/babel.ini', 557056, 0x00000000000001b6)
open('/home/runner/.nimble/nimbledata2.json', 557056, 0x00000000000001b6)
writev(1, 0x00007ffc0e955590, 2)
writev(1, 0x00007ffc0e954e70, 2)
open('/home/runner/.nimble/packages_official.json', 557056, 0x00000000000001b6)
mkdir('/tmp/', 0x00000000000001ff)
mkdir('/tmp/nimble_2230/', 0x00000000000001ff)
mkdir('/tmp/nimble_2230/githubcom_andreaferretticsvtools', 0x00000000000001ff)
writev(1, 0x00007ffc0e954e40, 2)
open('/tmp/nimble_2230/githubcom_andreaferretticsvtools', 622592, 0x0000000000000000)
rmdir('/tmp/nimble_2230/githubcom_andreaferretticsvtools')
writev(1, 0x00007ffc0e954db0, 2)
mkdir(93999860982976, 0x00000000000001ff)
Error tracing process: readBytes(0x0000557e0c52a4c0, 256) error: [Errno 5] Input/output error.
