      Info: Package cache path /home/runner/.nimble/pkgcache
     Info:  Nimble data file "/home/runner/.nimble/nimbledata2.json" has been loaded.
    Reading official package list
Downloading https://github.com/skyforce77/ctrulib-nim.git using git
   Warning: The package has no tagged releases, downloading HEAD instead.
open('/workspace/destdir/ssl/openssl.cnf', 32768, 0x00000000000001b6)
open('/home/runner/.config/nimble/nimble.ini', 557056, 0x00000000000001b6)
open('/home/runner/.config/babel/babel.ini', 557056, 0x00000000000001b6)
writev(1, 0x00007fff9b07de00, 2)
open('/home/runner/.nimble/nimbledata2.json', 557056, 0x00000000000001b6)
writev(1, 0x00007fff9b07ded0, 2)
writev(1, 0x00007ffe5af14100, 2)
writev(1, 0x00007ffe5af14190, 2)
writev(1, 0x00007ffe5af14190, 2)
writev(1, 0x00007ffe5af14190, 2)
writev(1, 0x00007fff9b07c8b0, 2)
open('/home/runner/.nimble/packages_official.json', 557056, 0x00000000000001b6)
mkdir('/home/', 0x00000000000001ff)
mkdir('/home/runner/', 0x00000000000001ff)
mkdir('/home/runner/.nimble/', 0x00000000000001ff)
mkdir('/home/runner/.nimble/pkgcache/', 0x00000000000001ff)
mkdir('/home/runner/.nimble/pkgcache/githubcom_skyforce77ctrulibnimgit', 0x00000000000001ff)
open('/home/runner/.nimble/pkgcache/githubcom_skyforce77ctrulibnimgit', 622592, 0x0000000000000000)
writev(1, 0x00007fff9b07c990, 2)
open('/home/runner/.nimble/pkgcache/githubcom_skyforce77ctrulibnimgit', 622592, 0x0000000000000000)
rmdir('/home/runner/.nimble/pkgcache/githubcom_skyforce77ctrulibnimgit')
writev(1, 0x00007fff9b07c880, 2)
mkdir(94564664441568, 0x00000000000001ff)
Error tracing process: readBytes(0x000056018d3b7ae0, 256) error: [Errno 5] Input/output error.
