    Reading official package list
Downloading https://github.com/Knaque/jeknil using git
    Cloning latest tagged version: v0.2.0
mkdir('/tmp', 0x00000000000001ff)
mkdir('/tmp/nimble_10500', 0x00000000000001ff)
mkdir('/tmp/nimble_10500/githubcom_Knaquejeknil', 0x00000000000001ff)
rmdir('/tmp/nimble_10500/githubcom_Knaquejeknil')
mkdir('/tmp/nimble_10500/githubcom_Knaquejeknil', 0x00000000000001ff)
mkdir('/tmp/nimble_10500/githubcom_Knaquejeknil/.git', 0x00000000000001ff)
mkdir('/tmp/nimble_10500/githubcom_Knaquejeknil/.git/', 0x00000000000001ff)
mkdir('/tmp/nimble_10500/githubcom_Knaquejeknil/.git/info/', 0x00000000000001ff)
mkdir('/tmp/nimble_10500/githubcom_Knaquejeknil/.git/branches/', 0x00000000000001ff)
mkdir('/tmp/nimble_10500/githubcom_Knaquejeknil/.git/hooks/', 0x00000000000001ff)
mkdir('/tmp/nimble_10500/githubcom_Knaquejeknil/.git/refs', 0x00000000000001ff)
mkdir('/tmp/nimble_10500/githubcom_Knaquejeknil/.git/refs/heads', 0x00000000000001ff)
mkdir('/tmp/nimble_10500/githubcom_Knaquejeknil/.git/refs/tags', 0x00000000000001ff)
rename('/tmp/nimble_10500/githubcom_Knaquejeknil/.git/HEAD.lock', '/tmp/nimble_10500/githubcom_Knaquejeknil/.git/HEAD')
rename('/tmp/nimble_10500/githubcom_Knaquejeknil/.git/config.lock', '/tmp/nimble_10500/githubcom_Knaquejeknil/.git/config')
chmod('/tmp/nimble_10500/githubcom_Knaquejeknil/.git/config', 0x00000000000081e4)
chmod('/tmp/nimble_10500/githubcom_Knaquejeknil/.git/config', 0x00000000000081a4)
chmod('/tmp/nimble_10500/githubcom_Knaquejeknil/.git/config.lock', 0x00000000000001a4)
rename('/tmp/nimble_10500/githubcom_Knaquejeknil/.git/config.lock', '/tmp/nimble_10500/githubcom_Knaquejeknil/.git/config')
chmod('/tmp/nimble_10500/githubcom_Knaquejeknil/.git/config.lock', 0x00000000000001a4)
rename('/tmp/nimble_10500/githubcom_Knaquejeknil/.git/config.lock', '/tmp/nimble_10500/githubcom_Knaquejeknil/.git/config')
chmod('/tmp/nimble_10500/githubcom_Knaquejeknil/.git/config.lock', 0x00000000000001a4)
rename('/tmp/nimble_10500/githubcom_Knaquejeknil/.git/config.lock', '/tmp/nimble_10500/githubcom_Knaquejeknil/.git/config')
unlink('/tmp/nimble_10500/githubcom_Knaquejeknil/.git/ttgStEI')
symlink('testing', '/tmp/nimble_10500/githubcom_Knaquejeknil/.git/ttgStEI')
unlink('/tmp/nimble_10500/githubcom_Knaquejeknil/.git/ttgStEI')
mkdir('/tmp/nimble_10500/githubcom_Knaquejeknil/.git/objects', 0x00000000000001ff)
mkdir('/tmp/nimble_10500/githubcom_Knaquejeknil/.git/objects/pack', 0x00000000000001ff)
mkdir('/tmp/nimble_10500/githubcom_Knaquejeknil/.git/objects/info', 0x00000000000001ff)
chmod('/tmp/nimble_10500/githubcom_Knaquejeknil/.git/config.lock', 0x00000000000001a4)
rename('/tmp/nimble_10500/githubcom_Knaquejeknil/.git/config.lock', '/tmp/nimble_10500/githubcom_Knaquejeknil/.git/config')
chmod('/tmp/nimble_10500/githubcom_Knaquejeknil/.git/config.lock', 0x00000000000001a4)
rename('/tmp/nimble_10500/githubcom_Knaquejeknil/.git/config.lock', '/tmp/nimble_10500/githubcom_Knaquejeknil/.git/config')
chmod('/tmp/nimble_10500/githubcom_Knaquejeknil/.git/config.lock', 0x00000000000001a4)
rename('/tmp/nimble_10500/githubcom_Knaquejeknil/.git/config.lock', '/tmp/nimble_10500/githubcom_Knaquejeknil/.git/config')
mkdir('/tmp/nimble_10500/githubcom_Knaquejeknil/.git/objects/1f', 0x00000000000001ff)
link('/tmp/nimble_10500/githubcom_Knaquejeknil/.git/objects/1f/tmp_obj_jIGWfk', '/tmp/nimble_10500/githubcom_Knaquejeknil/.git/objects/1f/1b649f591f2410d3fd892853c8dec981141030')
unlink('/tmp/nimble_10500/githubcom_Knaquejeknil/.git/objects/1f/tmp_obj_jIGWfk')
mkdir('/tmp/nimble_10500/githubcom_Knaquejeknil/.git/objects/d9', 0x00000000000001ff)
link('/tmp/nimble_10500/githubcom_Knaquejeknil/.git/objects/d9/tmp_obj_D4ICmo', '/tmp/nimble_10500/githubcom_Knaquejeknil/.git/objects/d9/ba8ef12c5ae7b30fd7a0e123bc802a537b5984')
unlink('/tmp/nimble_10500/githubcom_Knaquejeknil/.git/objects/d9/tmp_obj_D4ICmo')
mkdir('/tmp/nimble_10500/githubcom_Knaquejeknil/.git/objects/5b', 0x00000000000001ff)
link('/tmp/nimble_10500/githubcom_Knaquejeknil/.git/objects/5b/tmp_obj_DYhSou', '/tmp/nimble_10500/githubcom_Knaquejeknil/.git/objects/5b/29fb6fb27cfb27b27f1b345f80d8edaabf98ad')
unlink('/tmp/nimble_10500/githubcom_Knaquejeknil/.git/objects/5b/tmp_obj_DYhSou')
mkdir('/tmp/nimble_10500/githubcom_Knaquejeknil/.git/objects/91', 0x00000000000001ff)
link('/tmp/nimble_10500/githubcom_Knaquejeknil/.git/objects/91/tmp_obj_nwlHhv', '/tmp/nimble_10500/githubcom_Knaquejeknil/.git/objects/91/415ac7048e0c02376e60b945a558faeaee1aff')
unlink('/tmp/nimble_10500/githubcom_Knaquejeknil/.git/objects/91/tmp_obj_nwlHhv')
mkdir('/tmp/nimble_10500/githubcom_Knaquejeknil/.git/objects/32', 0x00000000000001ff)
link('/tmp/nimble_10500/githubcom_Knaquejeknil/.git/objects/32/tmp_obj_BbHLaB', '/tmp/nimble_10500/githubcom_Knaquejeknil/.git/objects/32/e1dc0fdec7f15dec4fa2940ed5a02bb76ce2f1')
unlink('/tmp/nimble_10500/githubcom_Knaquejeknil/.git/objects/32/tmp_obj_BbHLaB')
mkdir('/tmp/nimble_10500/githubcom_Knaquejeknil/.git/objects/0e', 0x00000000000001ff)
link('/tmp/nimble_10500/githubcom_Knaquejeknil/.git/objects/0e/tmp_obj_fgfFuC', '/tmp/nimble_10500/githubcom_Knaquejeknil/.git/objects/0e/259d42c996742e9e3cba14c677129b2c1b6311')
unlink('/tmp/nimble_10500/githubcom_Knaquejeknil/.git/objects/0e/tmp_obj_fgfFuC')
mkdir('/tmp/nimble_10500/githubcom_Knaquejeknil/.git/objects/bb', 0x00000000000001ff)
link('/tmp/nimble_10500/githubcom_Knaquejeknil/.git/objects/bb/tmp_obj_JFUp7I', '/tmp/nimble_10500/githubcom_Knaquejeknil/.git/objects/bb/6806b2a7305c69a548e01b1b3713422c944904')
unlink('/tmp/nimble_10500/githubcom_Knaquejeknil/.git/objects/bb/tmp_obj_JFUp7I')
mkdir('/tmp/nimble_10500/githubcom_Knaquejeknil/.git/objects/bd', 0x00000000000001ff)
link('/tmp/nimble_10500/githubcom_Knaquejeknil/.git/objects/bd/tmp_obj_P2Um2L', '/tmp/nimble_10500/githubcom_Knaquejeknil/.git/objects/bd/2a484342c8976119e24a7db54da15bbe03b3a9')
unlink('/tmp/nimble_10500/githubcom_Knaquejeknil/.git/objects/bd/tmp_obj_P2Um2L')
mkdir('/tmp/nimble_10500/githubcom_Knaquejeknil/.git/objects/28', 0x00000000000001ff)
link('/tmp/nimble_10500/githubcom_Knaquejeknil/.git/objects/28/tmp_obj_fOkvyR', '/tmp/nimble_10500/githubcom_Knaquejeknil/.git/objects/28/91c9de4160968fd4fa225a0196058c4303749c')
unlink('/tmp/nimble_10500/githubcom_Knaquejeknil/.git/objects/28/tmp_obj_fOkvyR')
mkdir('/tmp/nimble_10500/githubcom_Knaquejeknil/.git/objects/74', 0x00000000000001ff)
link('/tmp/nimble_10500/githubcom_Knaquejeknil/.git/objects/74/tmp_obj_lPDb3S', '/tmp/nimble_10500/githubcom_Knaquejeknil/.git/objects/74/4d7baf00c042bab29ef669cbc72a2beeb92185')
unlink('/tmp/nimble_10500/githubcom_Knaquejeknil/.git/objects/74/tmp_obj_lPDb3S')
mkdir('/tmp/nimble_10500/githubcom_Knaquejeknil/.git/objects/de', 0x00000000000001ff)
link('/tmp/nimble_10500/githubcom_Knaquejeknil/.git/objects/de/tmp_obj_ZVwVYY', '/tmp/nimble_10500/githubcom_Knaquejeknil/.git/objects/de/40127a21d60b4049f02b98963f79762e4a23d1')
unlink('/tmp/nimble_10500/githubcom_Knaquejeknil/.git/objects/de/tmp_obj_ZVwVYY')
mkdir('/tmp/nimble_10500/githubcom_Knaquejeknil/.git/objects/b4', 0x00000000000001ff)
link('/tmp/nimble_10500/githubcom_Knaquejeknil/.git/objects/b4/tmp_obj_dbfay0', '/tmp/nimble_10500/githubcom_Knaquejeknil/.git/objects/b4/df5ae921a5014aa7b0389ce20e291bf6ca1c9f')
unlink('/tmp/nimble_10500/githubcom_Knaquejeknil/.git/objects/b4/tmp_obj_dbfay0')
mkdir('/tmp/nimble_10500/githubcom_Knaquejeknil/.git/objects/07', 0x00000000000001ff)
link('/tmp/nimble_10500/githubcom_Knaquejeknil/.git/objects/07/tmp_obj_Ly4wv5', '/tmp/nimble_10500/githubcom_Knaquejeknil/.git/objects/07/384f8a66e639aace19cba7d91b8baaa8ce23a6')
unlink('/tmp/nimble_10500/githubcom_Knaquejeknil/.git/objects/07/tmp_obj_Ly4wv5')
link('/tmp/nimble_10500/githubcom_Knaquejeknil/.git/objects/b4/tmp_obj_J3k1m7', '/tmp/nimble_10500/githubcom_Knaquejeknil/.git/objects/b4/ea0eb26d6f86288083b1bdc59aadf393ca0ccd')
unlink('/tmp/nimble_10500/githubcom_Knaquejeknil/.git/objects/b4/tmp_obj_J3k1m7')
rename('/tmp/nimble_10500/githubcom_Knaquejeknil/.git/shallow.lock', '/tmp/nimble_10500/githubcom_Knaquejeknil/.git/shallow')
rename('/tmp/nimble_10500/githubcom_Knaquejeknil/.git/packed-refs.new', '/tmp/nimble_10500/githubcom_Knaquejeknil/.git/packed-refs')
unlink('/tmp/nimble_10500/githubcom_Knaquejeknil/.git/packed-refs.lock')
unlink('/tmp/nimble_10500/githubcom_Knaquejeknil/.git/refs/tags/v0.2.0.lock')       Info /tmp/nimble_10500/githubcom_Knaquejeknil/jeknil_10500.nims(5, 22) Warning: imported and not used: 'strutils' [UnusedImport]
  Verifying dependencies for jeknil@0.2.0
    Reading official package list
   Checking for markdown@>= 0.8.0
 Installing markdown@>= 0.8.0
    Reading official package list
Downloading https://github.com/soasme/nim-markdown using git
    Cloning latest tagged version: v0.8.1

mkdir('/tmp/nimble_10500/githubcom_Knaquejeknil/.git/logs', 0x00000000000001ff)
rename('/tmp/nimble_10500/githubcom_Knaquejeknil/.git/HEAD.lock', '/tmp/nimble_10500/githubcom_Knaquejeknil/.git/HEAD')
mkdir('prismjs', 0x00000000000001ff)
mkdir('src', 0x00000000000001ff)
rename('/tmp/nimble_10500/githubcom_Knaquejeknil/.git/index.lock', '/tmp/nimble_10500/githubcom_Knaquejeknil/.git/index')
mkdir('/tmp', 0x00000000000001ff)
mkdir('/tmp/nimblecache', 0x00000000000001ff)
mkdir('/tmp/nimblecache/jeknil_2280807802', 0x00000000000001ff)
unlink('/tmp/nimblecache/jeknil_2280807802/jeknil.ini')
unlink('/tmp/nimble_10500.out')
unlink('/tmp/nimble_10500/githubcom_Knaquejeknil/jeknil_10500.nims')
mkdir('/tmp', 0x00000000000001ff)
mkdir('/tmp/nimble_10500', 0x00000000000001ff)
mkdir('/tmp/nimble_10500/githubcom_soasmenimmarkdown_0.8.0', 0x00000000000001ff)
rmdir('/tmp/nimble_10500/githubcom_soasmenimmarkdown_0.8.0')
mkdir('/tmp/nimble_10500/githubcom_soasmenimmarkdown_0.8.0', 0x00000000000001ff)
mkdir('/tmp/nimble_10500/githubcom_soasmenimmarkdown_0.8.0/.git', 0x00000000000001ff)
mkdir('/tmp/nimble_10500/githubcom_soasmenimmarkdown_0.8.0/.git/', 0x00000000000001ff)
mkdir('/tmp/nimble_10500/githubcom_soasmenimmarkdown_0.8.0/.git/info/', 0x00000000000001ff)
mkdir('/tmp/nimble_10500/githubcom_soasmenimmarkdown_0.8.0/.git/branches/', 0x00000000000001ff)
mkdir('/tmp/nimble_10500/githubcom_soasmenimmarkdown_0.8.0/.git/hooks/', 0x00000000000001ff)
mkdir('/tmp/nimble_10500/githubcom_soasmenimmarkdown_0.8.0/.git/refs', 0x00000000000001ff)
mkdir('/tmp/nimble_10500/githubcom_soasmenimmarkdown_0.8.0/.git/refs/heads', 0x00000000000001ff)
mkdir('/tmp/nimble_10500/githubcom_soasmenimmarkdown_0.8.0/.git/refs/tags', 0x00000000000001ff)
rename('/tmp/nimble_10500/githubcom_soasmenimmarkdown_0.8.0/.git/HEAD.lock', '/tmp/nimble_10500/githubcom_soasmenimmarkdown_0.8.0/.git/HEAD')
rename('/tmp/nimble_10500/githubcom_soasmenimmarkdown_0.8.0/.git/config.lock', '/tmp/nimble_10500/githubcom_soasmenimmarkdown_0.8.0/.git/config')
chmod('/tmp/nimble_10500/githubcom_soasmenimmarkdown_0.8.0/.git/config', 0x00000000000081e4)
chmod('/tmp/nimble_10500/githubcom_soasmenimmarkdown_0.8.0/.git/config', 0x00000000000081a4)
chmod('/tmp/nimble_10500/githubcom_soasmenimmarkdown_0.8.0/.git/config.lock', 0x00000000000001a4)
rename('/tmp/nimble_10500/githubcom_soasmenimmarkdown_0.8.0/.git/config.lock', '/tmp/nimble_10500/githubcom_soasmenimmarkdown_0.8.0/.git/config')
chmod('/tmp/nimble_10500/githubcom_soasmenimmarkdown_0.8.0/.git/config.lock', 0x00000000000001a4)
rename('/tmp/nimble_10500/githubcom_soasmenimmarkdown_0.8.0/.git/config.lock', '/tmp/nimble_10500/githubcom_soasmenimmarkdown_0.8.0/.git/config')
chmod('/tmp/nimble_10500/githubcom_soasmenimmarkdown_0.8.0/.git/config.lock', 0x00000000000001a4)
rename('/tmp/nimble_10500/githubcom_soasmenimmarkdown_0.8.0/.git/config.lock', '/tmp/nimble_10500/githubcom_soasmenimmarkdown_0.8.0/.git/config')
unlink('/tmp/nimble_10500/githubcom_soasmenimmarkdown_0.8.0/.git/tmbFQm3')
symlink('testing', '/tmp/nimble_10500/githubcom_soasmenimmarkdown_0.8.0/.git/tmbFQm3')
unlink('/tmp/nimble_10500/githubcom_soasmenimmarkdown_0.8.0/.git/tmbFQm3')
mkdir('/tmp/nimble_10500/githubcom_soasmenimmarkdown_0.8.0/.git/objects', 0x00000000000001ff)
mkdir('/tmp/nimble_10500/githubcom_soasmenimmarkdown_0.8.0/.git/objects/pack', 0x00000000000001ff)
mkdir('/tmp/nimble_10500/githubcom_soasmenimmarkdown_0.8.0/.git/objects/info', 0x00000000000001ff)
chmod('/tmp/nimble_10500/githubcom_soasmenimmarkdown_0.8.0/.git/config.lock', 0x00000000000001a4)
rename('/tmp/nimble_10500/githubcom_soasmenimmarkdown_0.8.0/.git/config.lock', '/tmp/nimble_10500/githubcom_soasmenimmarkdown_0.8.0/.git/config')
chmod('/tmp/nimble_10500/githubcom_soasmenimmarkdown_0.8.0/.git/config.lock', 0x00000000000001a4)
rename('/tmp/nimble_10500/githubcom_soasmenimmarkdown_0.8.0/.git/config.lock', '/tmp/nimble_10500/githubcom_soasmenimmarkdown_0.8.0/.git/config')
chmod('/tmp/nimble_10500/githubcom_soasmenimmarkdown_0.8.0/.git/config.lock', 0x00000000000001a4)
rename('/tmp/nimble_10500/githubcom_soasmenimmarkdown_0.8.0/.git/config.lock', '/tmp/nimble_10500/githubcom_soasmenimmarkdown_0.8.0/.git/config')
mkdir('/tmp/nimble_10500/githubcom_soasmenimmarkdown_0.8.0/.git/objects/ab', 0x00000000000001ff)
link('/tmp/nimble_10500/githubcom_soasmenimmarkdown_0.8.0/.git/objects/ab/tmp_obj_jQxJst', '/tmp/nimble_10500/githubcom_soasmenimmarkdown_0.8.0/.git/objects/ab/dbe5e0eac357744c8844d3dc040f9685f1b1a6')
unlink('/tmp/nimble_10500/githubcom_soasmenimmarkdown_0.8.0/.git/objects/ab/tmp_obj_jQxJst')
mkdir('/tmp/nimble_10500/githubcom_soasmenimmarkdown_0.8.0/.git/objects/23', 0x00000000000001ff)
link('/tmp/nimble_10500/githubcom_soasmenimmarkdown_0.8.0/.git/objects/23/tmp_obj_hLBaTy', '/tmp/nimble_10500/githubcom_soasmenimmarkdown_0.8.0/.git/objects/23/3d1e045122bd8dfb0bfe9efa164026d556065e')
unlink('/tmp/nimble_10500/githubcom_soasmenimmarkdown_0.8.0/.git/objects/23/tmp_obj_hLBaTy')
mkdir('/tmp/nimble_10500/githubcom_soasmenimmarkdown_0.8.0/.git/objects/5e', 0x00000000000001ff)
link('/tmp/nimble_10500/githubcom_soasmenimmarkdown_0.8.0/.git/objects/5e/tmp_obj_xHvOZz', '/tmp/nimble_10500/githubcom_soasmenimmarkdown_0.8.0/.git/objects/5e/afcddb8b9c31dcd85fb503c4771da733641996')
unlink('/tmp/nimble_10500/githubcom_soasmenimmarkdown_0.8.0/.git/objects/5e/tmp_obj_xHvOZz')
mkdir('/tmp/nimble_10500/githubcom_soasmenimmarkdown_0.8.0/.git/objects/50', 0x00000000000001ff)
link('/tmp/nimble_10500/githubcom_soasmenimmarkdown_0.8.0/.git/objects/50/tmp_obj_rMNTCG', '/tmp/nimble_10500/githubcom_soasmenimmarkdown_0.8.0/.git/objects/50/b071f002187938fa977b135c74d79b8075d8f9')
unlink('/tmp/nimble_10500/githubcom_soasmenimmarkdown_0.8.0/.git/objects/50/tmp_obj_rMNTCG')
mkdir('/tmp/nimble_10500/githubcom_soasmenimmarkdown_0.8.0/.git/objects/29', 0x00000000000001ff)
link('/tmp/nimble_10500/githubcom_soasmenimmarkdown_0.8.0/.git/objects/29/tmp_obj_tDgZIK', '/tmp/nimble_10500/githubcom_soasmenimmarkdown_0.8.0/.git/objects/29/20343f3f865270b5dc490a653a2953535d2f93')
unlink('/tmp/nimble_10500/githubcom_soasmenimmarkdown_0.8.0/.git/objects/29/tmp_obj_tDgZIK')
mkdir('/tmp/nimble_10500/githubcom_soasmenimmarkdown_0.8.0/.git/objects/34', 0x00000000000001ff)
link('/tmp/nimble_10500/githubcom_soasmenimmarkdown_0.8.0/.git/objects/34/tmp_obj_VZg1UL', '/tmp/nimble_10500/githubcom_soasmenimmarkdown_0.8.0/.git/objects/34/d174eb8e6d803dca228649f941cd15151cd537')
unlink('/tmp/nimble_10500/githubcom_soasmenimmarkdown_0.8.0/.git/objects/34/tmp_obj_VZg1UL')
mkdir('/tmp/nimble_10500/githubcom_soasmenimmarkdown_0.8.0/.git/objects/02', 0x00000000000001ff)
link('/tmp/nimble_10500/githubcom_soasmenimmarkdown_0.8.0/.git/objects/02/tmp_obj_lxpkXR', '/tmp/nimble_10500/githubcom_soasmenimmarkdown_0.8.0/.git/objects/02/9b1986dd773a58b44921d20dfc3eb95c1b8932')
unlink('/tmp/nimble_10500/githubcom_soasmenimmarkdown_0.8.0/.git/objects/02/tmp_obj_lxpkXR')
mkdir('/tmp/nimble_10500/githubcom_soasmenimmarkdown_0.8.0/.git/objects/bd', 0x00000000000001ff)
link('/tmp/nimble_10500/githubcom_soasmenimmarkdown_0.8.0/.git/objects/bd/tmp_obj_zg1VXU', '/tmp/nimble_10500/githubcom_soasmenimmarkdown_0.8.0/.git/objects/bd/b009bf0c13d50a7c5e04542e3cfd06dd3b69a5')
unlink('/tmp/nimble_10500/githubcom_soasmenimmarkdown_0.8.0/.git/objects/bd/tmp_obj_zg1VXU')
mkdir('/tmp/nimble_10500/githubcom_soasmenimmarkdown_0.8.0/.git/objects/33', 0x00000000000001ff)
link('/tmp/nimble_10500/githubcom_soasmenimmarkdown_0.8.0/.git/objects/33/tmp_obj_X0MHUW', '/tmp/nimble_10500/githubcom_soasmenimmarkdown_0.8.0/.git/objects/33/b79494a8f518165078939dcafdeee4bbbc8003')
unlink('/tmp/nimble_10500/githubcom_soasmenimmarkdown_0.8.0/.git/objects/33/tmp_obj_X0MHUW')
mkdir('/tmp/nimble_10500/githubcom_soasmenimmarkdown_0.8.0/.git/objects/6c', 0x00000000000001ff)
link('/tmp/nimble_10500/githubcom_soasmenimmarkdown_0.8.0/.git/objects/6c/tmp_obj_h1zFj1', '/tmp/nimble_10500/githubcom_soasmenimmarkdown_0.8.0/.git/objects/6c/b92bf1121e7301b713626870c9df0806b9f992')
unlink('/tmp/nimble_10500/githubcom_soasmenimmarkdown_0.8.0/.git/objects/6c/tmp_obj_h1zFj1')
mkdir('/tmp/nimble_10500/githubcom_soasmenimmarkdown_0.8.0/.git/objects/9c', 0x00000000000001ff)
link('/tmp/nimble_10500/githubcom_soasmenimmarkdown_0.8.0/.git/objects/9c/tmp_obj_7ZtBV2', '/tmp/nimble_10500/githubcom_soasmenimmarkdown_0.8.0/.git/objects/9c/416355ad36bd2019e5b0007ff442f31577932b')
unlink('/tmp/nimble_10500/githubcom_soasmenimmarkdown_0.8.0/.git/objects/9c/tmp_obj_7ZtBV2')
mkdir('/tmp/nimble_10500/githubcom_soasmenimmarkdown_0.8.0/.git/objects/dd', 0x00000000000001ff)
link('/tmp/nimble_10500/githubcom_soasmenimmarkdown_0.8.0/.git/objects/dd/tmp_obj_xl4ZR8', '/tmp/nimble_10500/githubcom_soasmenimmarkdown_0.8.0/.git/objects/dd/fba8767cf8b54d2e01a1d5d77e953eeee75c4c')
unlink('/tmp/nimble_10500/githubcom_soasmenimmarkdown_0.8.0/.git/objects/dd/tmp_obj_xl4ZR8')
mkdir('/tmp/nimble_10500/githubcom_soasmenimmarkdown_0.8.0/.git/objects/b9', 0x00000000000001ff)
link('/tmp/nimble_10500/githubcom_soasmenimmarkdown_0.8.0/.git/objects/b9/tmp_obj_Zz8b79', '/tmp/nimble_10500/githubcom_soasmenimmarkdown_0.8.0/.git/objects/b9/4ab88ce714c9897d763fcdd4e114312240ba8f')
unlink('/tmp/nimble_10500/githubcom_soasmenimmarkdown_0.8.0/.git/objects/b9/tmp_obj_Zz8b79')
mkdir('/tmp/nimble_10500/githubcom_soasmenimmarkdown_0.8.0/.git/objects/88', 0x00000000000001ff)
link('/tmp/nimble_10500/githubcom_soasmenimmarkdown_0.8.0/.git/objects/88/tmp_obj_D47C6d', '/tmp/nimble_10500/githubcom_soasmenimmarkdown_0.8.0/.git/objects/88/694e4e86ad636f1bd4abecc1ffb4cdd1d130ae')
unlink('/tmp/nimble_10500/githubcom_soasmenimmarkdown_0.8.0/.git/objects/88/tmp_obj_D47C6d')
mkdir('/tmp/nimble_10500/githubcom_soasmenimmarkdown_0.8.0/.git/objects/65', 0x00000000000001ff)
link('/tmp/nimble_10500/githubcom_soasmenimmarkdown_0.8.0/.git/objects/65/tmp_obj_w4377b', '/tmp/nimble_10500/githubcom_soasmenimmarkdown_0.8.0/.git/objects/65/9176bc67295448529aa6438f8c44b4ee199796')
unlink('/tmp/nimble_10500/githubcom_soasmenimmarkdown_0.8.0/.git/objects/65/tmp_obj_w4377b')
mkdir('/tmp/nimble_10500/githubcom_soasmenimmarkdown_0.8.0/.git/objects/2f', 0x00000000000001ff)
link('/tmp/nimble_10500/githubcom_soasmenimmarkdown_0.8.0/.git/objects/2f/tmp_obj_IsrR5g', '/tmp/nimble_10500/githubcom_soasmenimmarkdown_0.8.0/.git/objects/2f/7efbeab578c8042531ea7908ee8ffd7589fe46')
unlink('/tmp/nimble_10500/githubcom_soasmenimmarkdown_0.8.0/.git/objects/2f/tmp_obj_IsrR5g')
mkdir('/tmp/nimble_10500/githubcom_soasmenimmarkdown_0.8.0/.git/objects/81', 0x00000000000001ff)
link('/tmp/nimble_10500/githubcom_soasmenimmarkdown_0.8.0/.git/objects/81/tmp_obj_MQihai', '/tmp/nimble_10500/githubcom_soasmenimmarkdown_0.8.0/.git/objects/81/d20cae1d8f69b960a33529030216c04e2bf489')
unlink('/tmp/nimble_10500/githubcom_soasmenimmarkdown_0.8.0/.git/objects/81/tmp_obj_MQihai')
mkdir('/tmp/nimble_10500/githubcom_soasmenimmarkdown_0.8.0/.git/objects/f9', 0x00000000000001ff)
link('/tmp/nimble_10500/githubcom_soasmenimmarkdown_0.8.0/.git/objects/f9/tmp_obj_6OOKLm', '/tmp/nimble_10500/githubcom_soasmenimmarkdown_0.8.0/.git/objects/f9/368ba5e1f47a85dfbe6ed7aafc94fc2e7dfa74')
unlink('/tmp/nimble_10500/githubcom_soasmenimmarkdown_0.8.0/.git/objects/f9/tmp_obj_6OOKLm')
mkdir('/tmp/nimble_10500/githubcom_soasmenimmarkdown_0.8.0/.git/objects/ba', 0x00000000000001ff)
link('/tmp/nimble_10500/githubcom_soasmenimmarkdown_0.8.0/.git/objects/ba/tmp_obj_AgR80t', '/tmp/nimble_10500/githubcom_soasmenimmarkdown_0.8.0/.git/objects/ba/8f8bcaf4f2ff83652f2cfcfb1880b3e5ace4cd')
unlink('/tmp/nimble_10500/githubcom_soasmenimmarkdown_0.8.0/.git/objects/ba/tmp_obj_AgR80t')
mkdir('/tmp/nimble_10500/githubcom_soasmenimmarkdown_0.8.0/.git/objects/76', 0x00000000000001ff)
link('/tmp/nimble_10500/githubcom_soasmenimmarkdown_0.8.0/.git/objects/76/tmp_obj_ooU2Sy', '/tmp/nimble_10500/githubcom_soasmenimmarkdown_0.8.0/.git/objects/76/2824ce3e3b338fce151d8fe77bba185fcbbcf7')
unlink('/tmp/nimble_10500/githubcom_soasmenimmarkdown_0.8.0/.git/objects/76/tmp_obj_ooU2Sy')
mkdir('/tmp/nimble_10500/githubcom_soasmenimmarkdown_0.8.0/.git/objects/07', 0x00000000000001ff)
link('/tmp/nimble_10500/githubcom_soasmenimmarkdown_0.8.0/.git/objects/07/tmp_obj_suAfZz', '/tmp/nimble_10500/githubcom_soasmenimmarkdown_0.8.0/.git/objects/07/81cf8c9cdee7b5194d1f52391d455747995e8b')
unlink('/tmp/nimble_10500/githubcom_soasmenimmarkdown_0.8.0/.git/objects/07/tmp_obj_suAfZz')
mkdir('/tmp/nimble_10500/githubcom_soasmenimmarkdown_0.8.0/.git/objects/0b', 0x00000000000001ff)
link('/tmp/nimble_10500/githubcom_soasmenimmarkdown_0.8.0/.git/objects/0b/tmp_obj_y7y9KF', '/tmp/nimble_10500/githubcom_soasmenimmarkdown_0.8.0/.git/objects/0b/38ee747c01c709b901eaa142ce8935c9b79cb5')
unlink('/tmp/nimble_10500/githubcom_soasmenimmarkdown_0.8.0/.git/objects/0b/tmp_obj_y7y9KF')
mkdir('/tmp/nimble_10500/githubcom_soasmenimmarkdown_0.8.0/.git/objects/22', 0x00000000000001ff)
link('/tmp/nimble_10500/githubcom_soasmenimmarkdown_0.8.0/.git/objects/22/tmp_obj_SH8UpJ', '/tmp/nimble_10500/githubcom_soasmenimmarkdown_0.8.0/.git/objects/22/2fee42f472d4bf62cbeefac7a65240baa82476')
unlink('/tmp/nimble_10500/githubcom_soasmenimmarkdown_0.8.0/.git/objects/22/tmp_obj_SH8UpJ')
mkdir('/tmp/nimble_10500/githubcom_soasmenimmarkdown_0.8.0/.git/objects/72', 0x00000000000001ff)
link('/tmp/nimble_10500/githubcom_soasmenimmarkdown_0.8.0/.git/objects/72/tmp_obj_0XuZ3O', '/tmp/nimble_10500/githubcom_soasmenimmarkdown_0.8.0/.git/objects/72/51cd44137c9305e5891377d9cfb74cac81949f')
unlink('/tmp/nimble_10500/githubcom_soasmenimmarkdown_0.8.0/.git/objects/72/tmp_obj_0XuZ3O')
mkdir('/tmp/nimble_10500/githubcom_soasmenimmarkdown_0.8.0/.git/objects/f5', 0x00000000000001ff)
link('/tmp/nimble_10500/githubcom_soasmenimmarkdown_0.8.0/.git/objects/f5/tmp_obj_Q4u87T', '/tmp/nimble_10500/githubcom_soasmenimmarkdown_0.8.0/.git/objects/f5/91597b03e6e013dcc81cd2e7523de9c687258b')
unlink('/tmp/nimble_10500/githubcom_soasmenimmarkdown_0.8.0/.git/objects/f5/tmp_obj_Q4u87T')
mkdir('/tmp/nimble_10500/githubcom_soasmenimmarkdown_0.8.0/.git/objects/77', 0x00000000000001ff)
link('/tmp/nimble_10500/githubcom_soasmenimmarkdown_0.8.0/.git/objects/77/tmp_obj_iJyjkW', '/tmp/nimble_10500/githubcom_soasmenimmarkdown_0.8.0/.git/objects/77/a8dd32560dece911b0d4e505047249489b5cea')
unlink('/tmp/nimble_10500/githubcom_soasmenimmarkdown_0.8.0/.git/objects/77/tmp_obj_iJyjkW')
mkdir('/tmp/nimble_10500/githubcom_soasmenimmarkdown_0.8.0/.git/objects/7c', 0x00000000000001ff)
link('/tmp/nimble_10500/githubcom_soasmenimmarkdown_0.8.0/.git/objects/7c/tmp_obj_Qk1MwZ', '/tmp/nimble_10500/githubcom_soasmenimmarkdown_0.8.0/.git/objects/7c/b45190e9310f91939a1e96cfacb4db646b1a77')
unlink('/tmp/nimble_10500/githubcom_soasmenimmarkdown_0.8.0/.git/objects/7c/tmp_obj_Qk1MwZ')
mkdir('/tmp/nimble_10500/githubcom_soasmenimmarkdown_0.8.0/.git/objects/aa', 0x00000000000001ff)
link('/tmp/nimble_10500/githubcom_soasmenimmarkdown_0.8.0/.git/objects/aa/tmp_obj_sIXLRZ', '/tmp/nimble_10500/githubcom_soasmenimmarkdown_0.8.0/.git/objects/aa/5fd6f38be21087f218f553a333f203cd05cdf0')
unlink('/tmp/nimble_10500/githubcom_soasmenimmarkdown_0.8.0/.git/objects/aa/tmp_obj_sIXLRZ')
rename('/tmp/nimble_10500/githubcom_soasmenimmarkdown_0.8.0/.git/shallow.lock', '/tmp/nimble_10500/githubcom_soasmenimmarkdown_0.8.0/.git/shallow')
rename('/tmp/nimble_10500/githubcom_soasmenimmarkdown_0.8.0/.git/packed-refs.new', '/tmp/nimble_10500/githubcom_soasmenimmarkdown_0.8.0/.git/packed-refs')
unlink('/tmp/nimble_10500/githubcom_soasmenimmarkdown_0.8.0/.git/packed-refs.lock')
unlink('/tmp/nimble_10500/githubcom_soasmenimmarkdown_0.8.0/.git/refs/tags/v0.8.1.lock')
mkdir('/tmp/nimble_10500/githubcom_soasmenimmarkdown_0.8.0/.git/logs', 0x00000000000001ff)
rename('/tmp/nimble_10500/githubcom_soasmenimmarkdown_0.8.0/.git/HEAD.lock', '/tmp/nimble_10500/githubcom_soasmenimmarkdown_0.8.0/.git/HEAD')
mkdir('.vscode', 0x00000000000001ff)
mkdir('docs', 0x00000000000001ff)
mkdir('docs/markdownpkg', 0x00000000000001ff)
mkdir('src', 0x00000000000001ff)
mkdir('src/markdownpkg', 0x00000000000001ff)
mkdir('tests', 0x00000000000001ff)
mkdir('tests/fixtures', 0x00000000000001ff)
rename('/tmp/nimble_10500/githubcom_soasmenimmarkdown_0.8.0/.git/index.lock', '/tmp/nimble_10500/githubcom_soasmenimmarkdown_0.8.0/.git/index')
mkdir('/tmp', 0x00000000000001ff)
mkdir('/tmp/nimblecache', 0x00000000000001ff)
mkdir('/tmp/nimblecache/markdown_3655095263', 0x00000000000001ff)  Verifying dependencies for markdown@0.8.0
 Installing markdown@0.8.0
   Building markdown/markdown using c backend
  Executing "/home/runner/.nimble/bin/nim" c --noNimblePath -d:NimblePkgVersion=0.8.0 -d:release -o:"/tmp/nimble_10500/githubcom_soasmenimmarkdown_0.8.0/markdown" "/tmp/nimble_10500/githubcom_soasmenimmarkdown_0.8.0/src/markdown.nim"

unlink('/tmp/nimblecache/markdown_3655095263/markdown.ini')
unlink('/tmp/nimble_10500.out')
unlink('/tmp/nimble_10500/githubcom_soasmenimmarkdown_0.8.0/markdown_10500.nims')
mkdir('/home', 0x00000000000001ff)
mkdir('/home/runner', 0x00000000000001ff)
mkdir('/home/runner/.cache', 0x00000000000001ff)
mkdir('/home/runner/.cache/nim', 0x00000000000001ff)
mkdir('/home/runner/.cache/nim/markdown_r', 0x00000000000001ff)
mkdir('/home', 0x00000000000001ff)
mkdir('/home/runner', 0x00000000000001ff)
mkdir('/home/runner/.cache', 0x00000000000001ff)
mkdir('/home/runner/.cache/nim', 0x00000000000001ff)
mkdir('/home/runner/.cache/nim/markdown_r', 0x00000000000001ff)
mkdir('/home', 0x00000000000001ff)
mkdir('/home/runner', 0x00000000000001ff)
mkdir('/home/runner/.cache', 0x00000000000001ff)
mkdir('/home/runner/.cache/nim', 0x00000000000001ff)
mkdir('/home/runner/.cache/nim/markdown_r', 0x00000000000001ff)
mkdir('/home', 0x00000000000001ff)
mkdir('/home/runner', 0x00000000000001ff)
mkdir('/home/runner/.cache', 0x00000000000001ff)
mkdir('/home/runner/.cache/nim', 0x00000000000001ff)
mkdir('/home/runner/.cache/nim/markdown_r', 0x00000000000001ff)
mkdir('/home', 0x00000000000001ff)
mkdir('/home/runner', 0x00000000000001ff)
mkdir('/home/runner/.cache', 0x00000000000001ff)
mkdir('/home/runner/.cache/nim', 0x00000000000001ff)
mkdir('/home/runner/.cache/nim/markdown_r', 0x00000000000001ff)
mkdir('/home', 0x00000000000001ff)
mkdir('/home/runner', 0x00000000000001ff)
mkdir('/home/runner/.cache', 0x00000000000001ff)
mkdir('/home/runner/.cache/nim', 0x00000000000001ff)
mkdir('/home/runner/.cache/nim/markdown_r', 0x00000000000001ff)
mkdir('/home', 0x00000000000001ff)
mkdir('/home/runner', 0x00000000000001ff)
mkdir('/home/runner/.cache', 0x00000000000001ff)
mkdir('/home/runner/.cache/nim', 0x00000000000001ff)
mkdir('/home/runner/.cache/nim/markdown_r', 0x00000000000001ff)
mkdir('/home', 0x00000000000001ff)
mkdir('/home/runner', 0x00000000000001ff)
mkdir('/home/runner/.cache', 0x00000000000001ff)
mkdir('/home/runner/.cache/nim', 0x00000000000001ff)
mkdir('/home/runner/.cache/nim/markdown_r', 0x00000000000001ff)
mkdir('/home', 0x00000000000001ff)
mkdir('/home/runner', 0x00000000000001ff)
mkdir('/home/runner/.cache', 0x00000000000001ff)
mkdir('/home/runner/.cache/nim', 0x00000000000001ff)
mkdir('/home/runner/.cache/nim/markdown_r', 0x00000000000001ff)
mkdir('/home', 0x00000000000001ff)
mkdir('/home/runner', 0x00000000000001ff)
mkdir('/home/runner/.cache', 0x00000000000001ff)
mkdir('/home/runner/.cache/nim', 0x00000000000001ff)
mkdir('/home/runner/.cache/nim/markdown_r', 0x00000000000001ff)
mkdir('/home', 0x00000000000001ff)
mkdir('/home/runner', 0x00000000000001ff)
mkdir('/home/runner/.cache', 0x00000000000001ff)
mkdir('/home/runner/.cache/nim', 0x00000000000001ff)
mkdir('/home/runner/.cache/nim/markdown_r', 0x00000000000001ff)
mkdir('/home', 0x00000000000001ff)
mkdir('/home/runner', 0x00000000000001ff)
mkdir('/home/runner/.cache', 0x00000000000001ff)
mkdir('/home/runner/.cache/nim', 0x00000000000001ff)
mkdir('/home/runner/.cache/nim/markdown_r', 0x00000000000001ff)
mkdir('/home', 0x00000000000001ff)
mkdir('/home/runner', 0x00000000000001ff)
mkdir('/home/runner/.cache', 0x00000000000001ff)
mkdir('/home/runner/.cache/nim', 0x00000000000001ff)
mkdir('/home/runner/.cache/nim/markdown_r', 0x00000000000001ff)
mkdir('/home', 0x00000000000001ff)
mkdir('/home/runner', 0x00000000000001ff)
mkdir('/home/runner/.cache', 0x00000000000001ff)
mkdir('/home/runner/.cache/nim', 0x00000000000001ff)
mkdir('/home/runner/.cache/nim/markdown_r', 0x00000000000001ff)
mkdir('/home', 0x00000000000001ff)
mkdir('/home/runner', 0x00000000000001ff)
mkdir('/home/runner/.cache', 0x00000000000001ff)
mkdir('/home/runner/.cache/nim', 0x00000000000001ff)
mkdir('/home/runner/.cache/nim/markdown_r', 0x00000000000001ff)
mkdir('/home', 0x00000000000001ff)
mkdir('/home/runner', 0x00000000000001ff)
mkdir('/home/runner/.cache', 0x00000000000001ff)
mkdir('/home/runner/.cache/nim', 0x00000000000001ff)
mkdir('/home/runner/.cache/nim/markdown_r', 0x00000000000001ff)
mkdir('/home', 0x00000000000001ff)
mkdir('/home/runner', 0x00000000000001ff)
mkdir('/home/runner/.cache', 0x00000000000001ff)
mkdir('/home/runner/.cache/nim', 0x00000000000001ff)
mkdir('/home/runner/.cache/nim/markdown_r', 0x00000000000001ff)
mkdir('/home', 0x00000000000001ff)
mkdir('/home/runner', 0x00000000000001ff)
mkdir('/home/runner/.cache', 0x00000000000001ff)
mkdir('/home/runner/.cache/nim', 0x00000000000001ff)
mkdir('/home/runner/.cache/nim/markdown_r', 0x00000000000001ff)
mkdir('/home', 0x00000000000001ff)
mkdir('/home/runner', 0x00000000000001ff)
mkdir('/home/runner/.cache', 0x00000000000001ff)
mkdir('/home/runner/.cache/nim', 0x00000000000001ff)
mkdir('/home/runner/.cache/nim/markdown_r', 0x00000000000001ff)
mkdir('/home', 0x00000000000001ff)
mkdir('/home/runner', 0x00000000000001ff)
mkdir('/home/runner/.cache', 0x00000000000001ff)
mkdir('/home/runner/.cache/nim', 0x00000000000001ff)
mkdir('/home/runner/.cache/nim/markdown_r', 0x00000000000001ff)
mkdir('/home', 0x00000000000001ff)
mkdir('/home/runner', 0x00000000000001ff)
mkdir('/home/runner/.cache', 0x00000000000001ff)
mkdir('/home/runner/.cache/nim', 0x00000000000001ff)
mkdir('/home/runner/.cache/nim/markdown_r', 0x00000000000001ff)
mkdir('/home', 0x00000000000001ff)
mkdir('/home/runner', 0x00000000000001ff)
mkdir('/home/runner/.cache', 0x00000000000001ff)
mkdir('/home/runner/.cache/nim', 0x00000000000001ff)
mkdir('/home/runner/.cache/nim/markdown_r', 0x00000000000001ff)
mkdir('/home', 0x00000000000001ff)
mkdir('/home/runner', 0x00000000000001ff)
mkdir('/home/runner/.cache', 0x00000000000001ff)
mkdir('/home/runner/.cache/nim', 0x00000000000001ff)
mkdir('/home/runner/.cache/nim/markdown_r', 0x00000000000001ff)
mkdir('/home', 0x00000000000001ff)
mkdir('/home/runner', 0x00000000000001ff)
mkdir('/home/runner/.cache', 0x00000000000001ff)
mkdir('/home/runner/.cache/nim', 0x00000000000001ff)
mkdir('/home/runner/.cache/nim/markdown_r', 0x00000000000001ff)
mkdir('/home', 0x00000000000001ff)
mkdir('/home/runner', 0x00000000000001ff)
mkdir('/home/runner/.cache', 0x00000000000001ff)
mkdir('/home/runner/.cache/nim', 0x00000000000001ff)
mkdir('/home/runner/.cache/nim/markdown_r', 0x00000000000001ff)
mkdir('/home', 0x00000000000001ff)
mkdir('/home/runner', 0x00000000000001ff)
mkdir('/home/runner/.cache', 0x00000000000001ff)
mkdir('/home/runner/.cache/nim', 0x00000000000001ff)
mkdir('/home/runner/.cache/nim/markdown_r', 0x00000000000001ff)
mkdir('/home', 0x00000000000001ff)
mkdir('/home/runner', 0x00000000000001ff)
mkdir('/home/runner/.cache', 0x00000000000001ff)
mkdir('/home/runner/.cache/nim', 0x00000000000001ff)
mkdir('/home/runner/.cache/nim/markdown_r', 0x00000000000001ff)
mkdir('/home', 0x00000000000001ff)
mkdir('/home/runner', 0x00000000000001ff)
mkdir('/home/runner/.cache', 0x00000000000001ff)
mkdir('/home/runner/.cache/nim', 0x00000000000001ff)
mkdir('/home/runner/.cache/nim/markdown_r', 0x00000000000001ff)
mkdir('/home', 0x00000000000001ff)
mkdir('/home/runner', 0x00000000000001ff)
mkdir('/home/runner/.cache', 0x00000000000001ff)
mkdir('/home/runner/.cache/nim', 0x00000000000001ff)
mkdir('/home/runner/.cache/nim/markdown_r', 0x00000000000001ff)
mkdir('/home', 0x00000000000001ff)
mkdir('/home/runner', 0x00000000000001ff)
mkdir('/home/runner/.cache', 0x00000000000001ff)
mkdir('/home/runner/.cache/nim', 0x00000000000001ff)
mkdir('/home/runner/.cache/nim/markdown_r', 0x00000000000001ff)
mkdir('/home', 0x00000000000001ff)
mkdir('/home/runner', 0x00000000000001ff)
mkdir('/home/runner/.cache', 0x00000000000001ff)
mkdir('/home/runner/.cache/nim', 0x00000000000001ff)
mkdir('/home/runner/.cache/nim/markdown_r', 0x00000000000001ff)
mkdir('/home', 0x00000000000001ff)
mkdir('/home/runner', 0x00000000000001ff)
mkdir('/home/runner/.cache', 0x00000000000001ff)
mkdir('/home/runner/.cache/nim', 0x00000000000001ff)
mkdir('/home/runner/.cache/nim/markdown_r', 0x00000000000001ff)
mkdir('/home', 0x00000000000001ff)
mkdir('/home/runner', 0x00000000000001ff)
mkdir('/home/runner/.cache', 0x00000000000001ff)
mkdir('/home/runner/.cache/nim', 0x00000000000001ff)
mkdir('/home/runner/.cache/nim/markdown_r', 0x00000000000001ff)
mkdir('/home', 0x00000000000001ff)
mkdir('/home/runner', 0x00000000000001ff)
mkdir('/home/runner/.cache', 0x00000000000001ff)
mkdir('/home/runner/.cache/nim', 0x00000000000001ff)
mkdir('/home/runner/.cache/nim/markdown_r', 0x00000000000001ff)
mkdir('/home', 0x00000000000001ff)
mkdir('/home/runner', 0x00000000000001ff)
mkdir('/home/runner/.cache', 0x00000000000001ff)
mkdir('/home/runner/.cache/nim', 0x00000000000001ff)
mkdir('/home/runner/.cache/nim/markdown_r', 0x00000000000001ff)
mkdir('/home', 0x00000000000001ff)
mkdir('/home/runner', 0x00000000000001ff)
mkdir('/home/runner/.cache', 0x00000000000001ff)
mkdir('/home/runner/.cache/nim', 0x00000000000001ff)
mkdir('/home/runner/.cache/nim/markdown_r', 0x00000000000001ff)
mkdir('/home', 0x00000000000001ff)
mkdir('/home/runner', 0x00000000000001ff)
mkdir('/home/runner/.cache', 0x00000000000001ff)
mkdir('/home/runner/.cache/nim', 0x00000000000001ff)
mkdir('/home/runner/.cache/nim/markdown_r', 0x00000000000001ff)
mkdir('/home', 0x00000000000001ff)
mkdir('/home/runner', 0x00000000000001ff)
mkdir('/home/runner/.cache', 0x00000000000001ff)
mkdir('/home/runner/.cache/nim', 0x00000000000001ff)
mkdir('/home/runner/.cache/nim/markdown_r', 0x00000000000001ff)
mkdir('/home', 0x00000000000001ff)
mkdir('/home/runner', 0x00000000000001ff)
mkdir('/home/runner/.cache', 0x00000000000001ff)
mkdir('/home/runner/.cache/nim', 0x00000000000001ff)
mkdir('/home/runner/.cache/nim/markdown_r', 0x00000000000001ff)
mkdir('/home', 0x00000000000001ff)
mkdir('/home/runner', 0x00000000000001ff)
mkdir('/home/runner/.cache', 0x00000000000001ff)
mkdir('/home/runner/.cache/nim', 0x00000000000001ff)
mkdir('/home/runner/.cache/nim/markdown_r', 0x00000000000001ff)
mkdir('/home', 0x00000000000001ff)
mkdir('/home/runner', 0x00000000000001ff)
mkdir('/home/runner/.cache', 0x00000000000001ff)
mkdir('/home/runner/.cache/nim', 0x00000000000001ff)
mkdir('/home/runner/.cache/nim/markdown_r', 0x00000000000001ff)
mkdir('/home', 0x00000000000001ff)
mkdir('/home/runner', 0x00000000000001ff)
mkdir('/home/runner/.cache', 0x00000000000001ff)
mkdir('/home/runner/.cache/nim', 0x00000000000001ff)
mkdir('/home/runner/.cache/nim/markdown_r', 0x00000000000001ff)
mkdir('/home', 0x00000000000001ff)
mkdir('/home/runner', 0x00000000000001ff)
mkdir('/home/runner/.cache', 0x00000000000001ff)
mkdir('/home/runner/.cache/nim', 0x00000000000001ff)
mkdir('/home/runner/.cache/nim/markdown_r', 0x00000000000001ff)
mkdir('/home', 0x00000000000001ff)
mkdir('/home/runner', 0x00000000000001ff)
mkdir('/home/runner/.cache', 0x00000000000001ff)
mkdir('/home/runner/.cache/nim', 0x00000000000001ff)
mkdir('/home/runner/.cache/nim/markdown_r', 0x00000000000001ff)
mkdir('/home', 0x00000000000001ff)
mkdir('/home/runner', 0x00000000000001ff)
mkdir('/home/runner/.cache', 0x00000000000001ff)
mkdir('/home/runner/.cache/nim', 0x00000000000001ff)
mkdir('/home/runner/.cache/nim/markdown_r', 0x00000000000001ff)
mkdir('/home', 0x00000000000001ff)
mkdir('/home/runner', 0x00000000000001ff)
mkdir('/home/runner/.cache', 0x00000000000001ff)
mkdir('/home/runner/.cache/nim', 0x00000000000001ff)
mkdir('/home/runner/.cache/nim/markdown_r', 0x00000000000001ff)
mkdir('/home', 0x00000000000001ff)
mkdir('/home/runner', 0x00000000000001ff)
mkdir('/home/runner/.cache', 0x00000000000001ff)
mkdir('/home/runner/.cache/nim', 0x00000000000001ff)
mkdir('/home/runner/.cache/nim/markdown_r', 0x00000000000001ff)
mkdir('/home', 0x00000000000001ff)
mkdir('/home/runner', 0x00000000000001ff)
mkdir('/home/runner/.cache', 0x00000000000001ff)
mkdir('/home/runner/.cache/nim', 0x00000000000001ff)
mkdir('/home/runner/.cache/nim/markdown_r', 0x00000000000001ff)
mkdir('/home', 0x00000000000001ff)
mkdir('/home/runner', 0x00000000000001ff)
mkdir('/home/runner/.cache', 0x00000000000001ff)
mkdir('/home/runner/.cache/nim', 0x00000000000001ff)
mkdir('/home/runner/.cache/nim/markdown_r', 0x00000000000001ff)
mkdir('/home', 0x00000000000001ff)
mkdir('/home/runner', 0x00000000000001ff)
mkdir('/home/runner/.cache', 0x00000000000001ff)
mkdir('/home/runner/.cache/nim', 0x00000000000001ff)
mkdir('/home/runner/.cache/nim/markdown_r', 0x00000000000001ff)
mkdir('/home', 0x00000000000001ff)
mkdir('/home/runner', 0x00000000000001ff)
mkdir('/home/runner/.cache', 0x00000000000001ff)
mkdir('/home/runner/.cache/nim', 0x00000000000001ff)
mkdir('/home/runner/.cache/nim/markdown_r', 0x00000000000001ff)
mkdir('/home', 0x00000000000001ff)
mkdir('/home/runner', 0x00000000000001ff)
mkdir('/home/runner/.cache', 0x00000000000001ff)
mkdir('/home/runner/.cache/nim', 0x00000000000001ff)
mkdir('/home/runner/.cache/nim/markdown_r', 0x00000000000001ff)
mkdir('/home', 0x00000000000001ff)
mkdir('/home/runner', 0x00000000000001ff)
mkdir('/home/runner/.cache', 0x00000000000001ff)
mkdir('/home/runner/.cache/nim', 0x00000000000001ff)
mkdir('/home/runner/.cache/nim/markdown_r', 0x00000000000001ff)
mkdir('/home', 0x00000000000001ff)
mkdir('/home/runner', 0x00000000000001ff)
mkdir('/home/runner/.cache', 0x00000000000001ff)
mkdir('/home/runner/.cache/nim', 0x00000000000001ff)
mkdir('/home/runner/.cache/nim/markdown_r', 0x00000000000001ff)
mkdir('/home', 0x00000000000001ff)
mkdir('/home/runner', 0x00000000000001ff)
mkdir('/home/runner/.cache', 0x00000000000001ff)
mkdir('/home/runner/.cache/nim', 0x00000000000001ff)
mkdir('/home/runner/.cache/nim/markdown_r', 0x00000000000001ff)
mkdir('/home', 0x00000000000001ff)
mkdir('/home/runner', 0x00000000000001ff)
mkdir('/home/runner/.cache', 0x00000000000001ff)
mkdir('/home/runner/.cache/nim', 0x00000000000001ff)
mkdir('/home/runner/.cache/nim/markdown_r', 0x00000000000001ff)
mkdir('/home', 0x00000000000001ff)
mkdir('/home/runner', 0x00000000000001ff)
mkdir('/home/runner/.cache', 0x00000000000001ff)
mkdir('/home/runner/.cache/nim', 0x00000000000001ff)
mkdir('/home/runner/.cache/nim/markdown_r', 0x00000000000001ff)
mkdir('/home', 0x00000000000001ff)
mkdir('/home/runner', 0x00000000000001ff)
mkdir('/home/runner/.cache', 0x00000000000001ff)
mkdir('/home/runner/.cache/nim', 0x00000000000001ff)
mkdir('/home/runner/.cache/nim/markdown_r', 0x00000000000001ff)
mkdir('/home', 0x00000000000001ff)
mkdir('/home/runner', 0x00000000000001ff)
mkdir('/home/runner/.cache', 0x00000000000001ff)
mkdir('/home/runner/.cache/nim', 0x00000000000001ff)
mkdir('/home/runner/.cache/nim/markdown_r', 0x00000000000001ff)
mkdir('/home', 0x00000000000001ff)
mkdir('/home/runner', 0x00000000000001ff)
mkdir('/home/runner/.cache', 0x00000000000001ff)
mkdir('/home/runner/.cache/nim', 0x00000000000001ff)
mkdir('/home/runner/.cache/nim/markdown_r', 0x00000000000001ff)
mkdir('/home', 0x00000000000001ff)
mkdir('/home/runner', 0x00000000000001ff)
mkdir('/home/runner/.cache', 0x00000000000001ff)
mkdir('/home/runner/.cache/nim', 0x00000000000001ff)
mkdir('/home/runner/.cache/nim/markdown_r', 0x00000000000001ff)
mkdir('/home', 0x00000000000001ff)
mkdir('/home/runner', 0x00000000000001ff)
mkdir('/home/runner/.cache', 0x00000000000001ff)
mkdir('/home/runner/.cache/nim', 0x00000000000001ff)
mkdir('/home/runner/.cache/nim/markdown_r', 0x00000000000001ff)
mkdir('/home', 0x00000000000001ff)
mkdir('/home/runner', 0x00000000000001ff)
mkdir('/home/runner/.cache', 0x00000000000001ff)
mkdir('/home/runner/.cache/nim', 0x00000000000001ff)
mkdir('/home/runner/.cache/nim/markdown_r', 0x00000000000001ff)
mkdir('/home', 0x00000000000001ff)
mkdir('/home/runner', 0x00000000000001ff)
mkdir('/home/runner/.cache', 0x00000000000001ff)
mkdir('/home/runner/.cache/nim', 0x00000000000001ff)
mkdir('/home/runner/.cache/nim/markdown_r', 0x00000000000001ff)
mkdir('/home', 0x00000000000001ff)
mkdir('/home/runner', 0x00000000000001ff)
mkdir('/home/runner/.cache', 0x00000000000001ff)
mkdir('/home/runner/.cache/nim', 0x00000000000001ff)
mkdir('/home/runner/.cache/nim/markdown_r', 0x00000000000001ff)
mkdir('/home', 0x00000000000001ff)
mkdir('/home/runner', 0x00000000000001ff)
mkdir('/home/runner/.cache', 0x00000000000001ff)
mkdir('/home/runner/.cache/nim', 0x00000000000001ff)
mkdir('/home/runner/.cache/nim/markdown_r', 0x00000000000001ff)
mkdir('/home', 0x00000000000001ff)
mkdir('/home/runner', 0x00000000000001ff)
mkdir('/home/runner/.cache', 0x00000000000001ff)
mkdir('/home/runner/.cache/nim', 0x00000000000001ff)
mkdir('/home/runner/.cache/nim/markdown_r', 0x00000000000001ff)
mkdir('/home', 0x00000000000001ff)
mkdir('/home/runner', 0x00000000000001ff)
mkdir('/home/runner/.cache', 0x00000000000001ff)
mkdir('/home/runner/.cache/nim', 0x00000000000001ff)
mkdir('/home/runner/.cache/nim/markdown_r', 0x00000000000001ff)
mkdir('/home', 0x00000000000001ff)
mkdir('/home/runner', 0x00000000000001ff)
mkdir('/home/runner/.cache', 0x00000000000001ff)
mkdir('/home/runner/.cache/nim', 0x00000000000001ff)
mkdir('/home/runner/.cache/nim/markdown_r', 0x00000000000001ff)
mkdir('/home', 0x00000000000001ff)
mkdir('/home/runner', 0x00000000000001ff)
mkdir('/home/runner/.cache', 0x00000000000001ff)
mkdir('/home/runner/.cache/nim', 0x00000000000001ff)
mkdir('/home/runner/.cache/nim/markdown_r', 0x00000000000001ff)
mkdir('/home', 0x00000000000001ff)
mkdir('/home/runner', 0x00000000000001ff)
mkdir('/home/runner/.cache', 0x00000000000001ff)
mkdir('/home/runner/.cache/nim', 0x00000000000001ff)
mkdir('/home/runner/.cache/nim/markdown_r', 0x00000000000001ff)
mkdir('/home', 0x00000000000001ff)
mkdir('/home/runner', 0x00000000000001ff)
mkdir('/home/runner/.cache', 0x00000000000001ff)
mkdir('/home/runner/.cache/nim', 0x00000000000001ff)
mkdir('/home/runner/.cache/nim/markdown_r', 0x00000000000001ff)
mkdir('/home', 0x00000000000001ff)
mkdir('/home/runner', 0x00000000000001ff)
mkdir('/home/runner/.cache', 0x00000000000001ff)
mkdir('/home/runner/.cache/nim', 0x00000000000001ff)
mkdir('/home/runner/.cache/nim/markdown_r', 0x00000000000001ff)
mkdir('/home', 0x00000000000001ff)
mkdir('/home/runner', 0x00000000000001ff)
mkdir('/home/runner/.cache', 0x00000000000001ff)
mkdir('/home/runner/.cache/nim', 0x00000000000001ff)
mkdir('/home/runner/.cache/nim/markdown_r', 0x00000000000001ff)
mkdir('/home', 0x00000000000001ff)
mkdir('/home/runner', 0x00000000000001ff)
mkdir('/home/runner/.cache', 0x00000000000001ff)
mkdir('/home/runner/.cache/nim', 0x00000000000001ff)
mkdir('/home/runner/.cache/nim/markdown_r', 0x00000000000001ff)
mkdir('/home', 0x00000000000001ff)
mkdir('/home/runner', 0x00000000000001ff)
mkdir('/home/runner/.cache', 0x00000000000001ff)
mkdir('/home/runner/.cache/nim', 0x00000000000001ff)
mkdir('/home/runner/.cache/nim/markdown_r', 0x00000000000001ff)
mkdir('/home', 0x00000000000001ff)
mkdir('/home/runner', 0x00000000000001ff)
mkdir('/home/runner/.cache', 0x00000000000001ff)
mkdir('/home/runner/.cache/nim', 0x00000000000001ff)
mkdir('/home/runner/.cache/nim/markdown_r', 0x00000000000001ff)
mkdir('/home', 0x00000000000001ff)
mkdir('/home/runner', 0x00000000000001ff)
mkdir('/home/runner/.cache', 0x00000000000001ff)
mkdir('/home/runner/.cache/nim', 0x00000000000001ff)
mkdir('/home/runner/.cache/nim/markdown_r', 0x00000000000001ff)
mkdir('/home', 0x00000000000001ff)
mkdir('/home/runner', 0x00000000000001ff)
mkdir('/home/runner/.cache', 0x00000000000001ff)
mkdir('/home/runner/.cache/nim', 0x00000000000001ff)
mkdir('/home/runner/.cache/nim/markdown_r', 0x00000000000001ff)
mkdir('/home', 0x00000000000001ff)
mkdir('/home/runner', 0x00000000000001ff)
mkdir('/home/runner/.cache', 0x00000000000001ff)
mkdir('/home/runner/.cache/nim', 0x00000000000001ff)
mkdir('/home/runner/.cache/nim/markdown_r', 0x00000000000001ff)
mkdir('/home', 0x00000000000001ff)
mkdir('/home/runner', 0x00000000000001ff)
mkdir('/home/runner/.cache', 0x00000000000001ff)
mkdir('/home/runner/.cache/nim', 0x00000000000001ff)
mkdir('/home/runner/.cache/nim/markdown_r', 0x00000000000001ff)
mkdir('/home', 0x00000000000001ff)
mkdir('/home/runner', 0x00000000000001ff)
mkdir('/home/runner/.cache', 0x00000000000001ff)
mkdir('/home/runner/.cache/nim', 0x00000000000001ff)
mkdir('/home/runner/.cache/nim/markdown_r', 0x00000000000001ff)
mkdir('/home', 0x00000000000001ff)
mkdir('/home/runner', 0x00000000000001ff)
mkdir('/home/runner/.cache', 0x00000000000001ff)
mkdir('/home/runner/.cache/nim', 0x00000000000001ff)
mkdir('/home/runner/.cache/nim/markdown_r', 0x00000000000001ff)
mkdir('/home', 0x00000000000001ff)
mkdir('/home/runner', 0x00000000000001ff)
mkdir('/home/runner/.cache', 0x00000000000001ff)
mkdir('/home/runner/.cache/nim', 0x00000000000001ff)
mkdir('/home/runner/.cache/nim/markdown_r', 0x00000000000001ff)
mkdir('/home', 0x00000000000001ff)
mkdir('/home/runner', 0x00000000000001ff)
mkdir('/home/runner/.cache', 0x00000000000001ff)
mkdir('/home/runner/.cache/nim', 0x00000000000001ff)
mkdir('/home/runner/.cache/nim/markdown_r', 0x00000000000001ff)
mkdir('/home', 0x00000000000001ff)
mkdir('/home/runner', 0x00000000000001ff)
mkdir('/home/runner/.cache', 0x00000000000001ff)
mkdir('/home/runner/.cache/nim', 0x00000000000001ff)
mkdir('/home/runner/.cache/nim/markdown_r', 0x00000000000001ff)
unlink('/tmp/ccXKqFMB.s')
unlink('/tmp/ccE7c5CE.s')
unlink('/tmp/ccHo5RSD.s')
unlink('/tmp/ccppb4eL.s')
unlink('/tmp/ccX0mIAI.s')
unlink('/tmp/ccr9zLFg.s')
unlink('/tmp/ccvziOVh.s')
unlink('/tmp/ccP8sCjh.s')
unlink('/tmp/ccwCKAlu.s')
unlink('/tmp/ccSGnrKY.s')
unlink('/tmp/ccxBbgn1.s')
unlink('/tmp/ccjVxC7O.s')
unlink('/tmp/ccQw83zf.s')
unlink('/tmp/ccYDrAxF.s')
unlink('/tmp/ccTOyNlX.s')
unlink('/tmp/ccijXm7q.s')
unlink('/tmp/ccNB2LhA.s')
unlink('/tmp/ccvTkx39.s')
unlink('/tmp/ccyoUm9d.s')
unlink('/tmp/ccK0cJyL.s')
mkdir('/tmp', 0x00000000000001ff)
mkdir('/tmp/nimble_10500', 0x00000000000001ff)
mkdir('/tmp/nimble_10500/githubcom_soasmenimmarkdown_0.8.0', 0x00000000000001ff)
chmod(93919742568032, 0x00000000000001ed)
Error tracing process: readBytes(0x0000556b64e4a660, 256) error: [Errno 5] Input/output error.
