      Info: Package cache path /home/runner/.nimble/pkgcache
     Info:  Nimble data file "/home/runner/.nimble/nimbledata2.json" has been loaded.
    Reading official package list
Downloading https://github.com/dom96/jester using git
    Cloning latest tagged version: v0.6.0
open('/workspace/destdir/ssl/openssl.cnf', 32768, 0x00000000000001b6)
open('/home/runner/.config/nimble/nimble.ini', 557056, 0x00000000000001b6)
open('/home/runner/.config/babel/babel.ini', 557056, 0x00000000000001b6)
writev(1, 0x00007ffce2b68a00, 2)
open('/home/runner/.nimble/nimbledata2.json', 557056, 0x00000000000001b6)
writev(1, 0x00007ffce2b68ad0, 2)
writev(1, 0x00007fff9a0eac00, 2)
writev(1, 0x00007fff9a0eac90, 2)
writev(1, 0x00007fff9a0eac90, 2)
writev(1, 0x00007fff9a0eac90, 2)
writev(1, 0x00007ffce2b674b0, 2)
open('/home/runner/.nimble/packages_official.json', 557056, 0x00000000000001b6)
mkdir('/home/', 0x00000000000001ff)
mkdir('/home/runner/', 0x00000000000001ff)
mkdir('/home/runner/.nimble/', 0x00000000000001ff)
mkdir('/home/runner/.nimble/pkgcache/', 0x00000000000001ff)
mkdir('/home/runner/.nimble/pkgcache/githubcom_dom96jester', 0x00000000000001ff)
open('/home/runner/.nimble/pkgcache/githubcom_dom96jester', 622592, 0x0000000000000000)
writev(1, 0x00007ffce2b67590, 2)
open('/home/runner/.nimble/pkgcache/githubcom_dom96jester', 622592, 0x0000000000000000)
rmdir('/home/runner/.nimble/pkgcache/githubcom_dom96jester')
writev(1, 0x00007ffce2b67480, 2)
mkdir(93967604865728, 0x00000000000001ff)
Error tracing process: readBytes(0x0000557689b55ac0, 256) error: [Errno 5] Input/output error.
