    Reading official package list
Downloading https://github.com/JohnAD/jestergeoip using git
    Cloning latest tagged version: v1.0.1
mkdir('/tmp', 0x00000000000001ff)
mkdir('/tmp/nimble_10346', 0x00000000000001ff)
mkdir('/tmp/nimble_10346/githubcom_JohnADjestergeoip', 0x00000000000001ff)
rmdir('/tmp/nimble_10346/githubcom_JohnADjestergeoip')
mkdir('/tmp/nimble_10346/githubcom_JohnADjestergeoip', 0x00000000000001ff)
mkdir('/tmp/nimble_10346/githubcom_JohnADjestergeoip/.git', 0x00000000000001ff)
mkdir('/tmp/nimble_10346/githubcom_JohnADjestergeoip/.git/', 0x00000000000001ff)
mkdir('/tmp/nimble_10346/githubcom_JohnADjestergeoip/.git/info/', 0x00000000000001ff)
mkdir('/tmp/nimble_10346/githubcom_JohnADjestergeoip/.git/branches/', 0x00000000000001ff)
mkdir('/tmp/nimble_10346/githubcom_JohnADjestergeoip/.git/hooks/', 0x00000000000001ff)
mkdir('/tmp/nimble_10346/githubcom_JohnADjestergeoip/.git/refs', 0x00000000000001ff)
mkdir('/tmp/nimble_10346/githubcom_JohnADjestergeoip/.git/refs/heads', 0x00000000000001ff)
mkdir('/tmp/nimble_10346/githubcom_JohnADjestergeoip/.git/refs/tags', 0x00000000000001ff)
rename('/tmp/nimble_10346/githubcom_JohnADjestergeoip/.git/HEAD.lock', '/tmp/nimble_10346/githubcom_JohnADjestergeoip/.git/HEAD')
rename('/tmp/nimble_10346/githubcom_JohnADjestergeoip/.git/config.lock', '/tmp/nimble_10346/githubcom_JohnADjestergeoip/.git/config')
chmod('/tmp/nimble_10346/githubcom_JohnADjestergeoip/.git/config', 0x00000000000081e4)
chmod('/tmp/nimble_10346/githubcom_JohnADjestergeoip/.git/config', 0x00000000000081a4)
chmod('/tmp/nimble_10346/githubcom_JohnADjestergeoip/.git/config.lock', 0x00000000000001a4)
rename('/tmp/nimble_10346/githubcom_JohnADjestergeoip/.git/config.lock', '/tmp/nimble_10346/githubcom_JohnADjestergeoip/.git/config')
chmod('/tmp/nimble_10346/githubcom_JohnADjestergeoip/.git/config.lock', 0x00000000000001a4)
rename('/tmp/nimble_10346/githubcom_JohnADjestergeoip/.git/config.lock', '/tmp/nimble_10346/githubcom_JohnADjestergeoip/.git/config')
chmod('/tmp/nimble_10346/githubcom_JohnADjestergeoip/.git/config.lock', 0x00000000000001a4)
rename('/tmp/nimble_10346/githubcom_JohnADjestergeoip/.git/config.lock', '/tmp/nimble_10346/githubcom_JohnADjestergeoip/.git/config')
unlink('/tmp/nimble_10346/githubcom_JohnADjestergeoip/.git/tEM91p9')
symlink('testing', '/tmp/nimble_10346/githubcom_JohnADjestergeoip/.git/tEM91p9')
unlink('/tmp/nimble_10346/githubcom_JohnADjestergeoip/.git/tEM91p9')
mkdir('/tmp/nimble_10346/githubcom_JohnADjestergeoip/.git/objects', 0x00000000000001ff)
mkdir('/tmp/nimble_10346/githubcom_JohnADjestergeoip/.git/objects/pack', 0x00000000000001ff)
mkdir('/tmp/nimble_10346/githubcom_JohnADjestergeoip/.git/objects/info', 0x00000000000001ff)
chmod('/tmp/nimble_10346/githubcom_JohnADjestergeoip/.git/config.lock', 0x00000000000001a4)
rename('/tmp/nimble_10346/githubcom_JohnADjestergeoip/.git/config.lock', '/tmp/nimble_10346/githubcom_JohnADjestergeoip/.git/config')
chmod('/tmp/nimble_10346/githubcom_JohnADjestergeoip/.git/config.lock', 0x00000000000001a4)
rename('/tmp/nimble_10346/githubcom_JohnADjestergeoip/.git/config.lock', '/tmp/nimble_10346/githubcom_JohnADjestergeoip/.git/config')
chmod('/tmp/nimble_10346/githubcom_JohnADjestergeoip/.git/config.lock', 0x00000000000001a4)
rename('/tmp/nimble_10346/githubcom_JohnADjestergeoip/.git/config.lock', '/tmp/nimble_10346/githubcom_JohnADjestergeoip/.git/config')
mkdir('/tmp/nimble_10346/githubcom_JohnADjestergeoip/.git/objects/5f', 0x00000000000001ff)
link('/tmp/nimble_10346/githubcom_JohnADjestergeoip/.git/objects/5f/tmp_obj_DhI8Af', '/tmp/nimble_10346/githubcom_JohnADjestergeoip/.git/objects/5f/a8e4680f3cd975b45dbbd2406421ccefebf6c9')
unlink('/tmp/nimble_10346/githubcom_JohnADjestergeoip/.git/objects/5f/tmp_obj_DhI8Af')
mkdir('/tmp/nimble_10346/githubcom_JohnADjestergeoip/.git/objects/31', 0x00000000000001ff)
link('/tmp/nimble_10346/githubcom_JohnADjestergeoip/.git/objects/31/tmp_obj_tQiZTj', '/tmp/nimble_10346/githubcom_JohnADjestergeoip/.git/objects/31/3b8be0f975f33c2f86aa0d2042fb4335b080eb')
unlink('/tmp/nimble_10346/githubcom_JohnADjestergeoip/.git/objects/31/tmp_obj_tQiZTj')
mkdir('/tmp/nimble_10346/githubcom_JohnADjestergeoip/.git/objects/b8', 0x00000000000001ff)
link('/tmp/nimble_10346/githubcom_JohnADjestergeoip/.git/objects/b8/tmp_obj_MMlqJe', '/tmp/nimble_10346/githubcom_JohnADjestergeoip/.git/objects/b8/2b5ef55bf4e8404b9390a5e4d82bca816ade26')
unlink('/tmp/nimble_10346/githubcom_JohnADjestergeoip/.git/objects/b8/tmp_obj_MMlqJe')
mkdir('/tmp/nimble_10346/githubcom_JohnADjestergeoip/.git/objects/90', 0x00000000000001ff)
link('/tmp/nimble_10346/githubcom_JohnADjestergeoip/.git/objects/90/tmp_obj_WtHB8e', '/tmp/nimble_10346/githubcom_JohnADjestergeoip/.git/objects/90/cfca76ffafcf39bfba0881dbefab52ca24fdd2')
unlink('/tmp/nimble_10346/githubcom_JohnADjestergeoip/.git/objects/90/tmp_obj_WtHB8e')
mkdir('/tmp/nimble_10346/githubcom_JohnADjestergeoip/.git/objects/67', 0x00000000000001ff)
link('/tmp/nimble_10346/githubcom_JohnADjestergeoip/.git/objects/67/tmp_obj_IirIRk', '/tmp/nimble_10346/githubcom_JohnADjestergeoip/.git/objects/67/d9b34c6cecad82ad17197ffa5db4860caf9037')
unlink('/tmp/nimble_10346/githubcom_JohnADjestergeoip/.git/objects/67/tmp_obj_IirIRk')
mkdir('/tmp/nimble_10346/githubcom_JohnADjestergeoip/.git/objects/8b', 0x00000000000001ff)
link('/tmp/nimble_10346/githubcom_JohnADjestergeoip/.git/objects/8b/tmp_obj_ga04Kn', '/tmp/nimble_10346/githubcom_JohnADjestergeoip/.git/objects/8b/23445f4a55ae5f9e38055dec94b27ef2b14150')
unlink('/tmp/nimble_10346/githubcom_JohnADjestergeoip/.git/objects/8b/tmp_obj_ga04Kn')
mkdir('/tmp/nimble_10346/githubcom_JohnADjestergeoip/.git/objects/6f', 0x00000000000001ff)
link('/tmp/nimble_10346/githubcom_JohnADjestergeoip/.git/objects/6f/tmp_obj_87aKjs', '/tmp/nimble_10346/githubcom_JohnADjestergeoip/.git/objects/6f/7e89991bb43133a0ab8f3487ea170887edc4d1')
unlink('/tmp/nimble_10346/githubcom_JohnADjestergeoip/.git/objects/6f/tmp_obj_87aKjs')
mkdir('/tmp/nimble_10346/githubcom_JohnADjestergeoip/.git/objects/45', 0x00000000000001ff)
link('/tmp/nimble_10346/githubcom_JohnADjestergeoip/.git/objects/45/tmp_obj_mZeQxx', '/tmp/nimble_10346/githubcom_JohnADjestergeoip/.git/objects/45/fc51a3d1868824ef8dacb4dcc90a8e24aa5de2')
unlink('/tmp/nimble_10346/githubcom_JohnADjestergeoip/.git/objects/45/tmp_obj_mZeQxx')
mkdir('/tmp/nimble_10346/githubcom_JohnADjestergeoip/.git/objects/1f', 0x00000000000001ff)
link('/tmp/nimble_10346/githubcom_JohnADjestergeoip/.git/objects/1f/tmp_obj_ybwPJx', '/tmp/nimble_10346/githubcom_JohnADjestergeoip/.git/objects/1f/70381472ec37cd275d7c0fbefdcf13de1015d3')
unlink('/tmp/nimble_10346/githubcom_JohnADjestergeoip/.git/objects/1f/tmp_obj_ybwPJx')
mkdir('/tmp/nimble_10346/githubcom_JohnADjestergeoip/.git/objects/49', 0x00000000000001ff)
link('/tmp/nimble_10346/githubcom_JohnADjestergeoip/.git/objects/49/tmp_obj_cIWRLA', '/tmp/nimble_10346/githubcom_JohnADjestergeoip/.git/objects/49/13d901c8f123d9cac0cdc864e8f0bca01ce1d3')
unlink('/tmp/nimble_10346/githubcom_JohnADjestergeoip/.git/objects/49/tmp_obj_cIWRLA')
mkdir('/tmp/nimble_10346/githubcom_JohnADjestergeoip/.git/objects/be', 0x00000000000001ff)
link('/tmp/nimble_10346/githubcom_JohnADjestergeoip/.git/objects/be/tmp_obj_OdjqbF', '/tmp/nimble_10346/githubcom_JohnADjestergeoip/.git/objects/be/53447d4798757496ede2294408602a87647e86')
unlink('/tmp/nimble_10346/githubcom_JohnADjestergeoip/.git/objects/be/tmp_obj_OdjqbF')
mkdir('/tmp/nimble_10346/githubcom_JohnADjestergeoip/.git/objects/ff', 0x00000000000001ff)
link('/tmp/nimble_10346/githubcom_JohnADjestergeoip/.git/objects/ff/tmp_obj_O31nhL', '/tmp/nimble_10346/githubcom_JohnADjestergeoip/.git/objects/ff/806ab54b6fad22c9d5d52167f0202b444f67df')
unlink('/tmp/nimble_10346/githubcom_JohnADjestergeoip/.git/objects/ff/tmp_obj_O31nhL')
rename('/tmp/nimble_10346/githubcom_JohnADjestergeoip/.git/shallow.lock', '/tmp/nimble_10346/githubcom_JohnADjestergeoip/.git/shallow')
rename('/tmp/nimble_10346/githubcom_JohnADjestergeoip/.git/packed-refs.new', '/tmp/nimble_10346/githubcom_JohnADjestergeoip/.git/packed-refs')
unlink('/tmp/nimble_10346/githubcom_JohnADjestergeoip/.git/packed-refs.lock')
unlink('/tmp/nimble_10346/githubcom_JohnADjestergeoip/.git/refs/tags/v1.0.1.lock')
mkdir('/tmp/nimble_10346/githubcom_JohnADjestergeoip/.git/logs', 0x00000000000001ff)
rename('/tmp/nimble_10346/githubcom_JohnADjestergeoip/.git/HEAD.lock', '/tmp/nimble_10346/githubcom_JohnADjestergeoip/.git/HEAD')       Info /tmp/nimble_10346/githubcom_JohnADjestergeoip/jestergeoip_10346.nims(5, 22) Warning: imported and not used: 'strutils' [UnusedImport]
  Verifying dependencies for jestergeoip@1.0.1
    Reading official package list
   Checking for jesterwithplugins@>= 0.5.0
      Info: Dependency on jesterwithplugins@>= 0.5.0 already satisfied
  Verifying dependencies for jesterwithplugins@0.5.0
    Reading official package list
   Checking for httpbeast@>= 0.2.2
      Info: Dependency on httpbeast@>= 0.2.2 already satisfied
  Verifying dependencies for httpbeast@0.2.2
    Reading official package list
   Checking for https://github.com/timotheecour/asynctools@#pr_fix_compilation
      Info: Dependency on https://github.com/timotheecour/asynctools@#pr_fix_compilation already satisfied
  Verifying dependencies for asynctools@#pr_fix_compilation
    Reading official package list
   Checking for https://github.com/timotheecour/asynctools@#pr_fix_compilation
      Info: Dependency on https://github.com/timotheecour/asynctools@#pr_fix_compilation already satisfied
  Verifying dependencies for asynctools@#pr_fix_compilation
 Installing jestergeoip@1.0.1
    Copying file /tmp/nimble_10346/githubcom_JohnADjestergeoip/src/jestergeoip.nim to /home/runner/.nimble/pkgs/jestergeoip-1.0.1/jestergeoip.nim
    Copying file /tmp/nimble_10346/githubcom_JohnADjestergeoip/jestergeoip.nimble to /home/runner/.nimble/pkgs/jestergeoip-1.0.1/jestergeoip.nimble
   Success: jestergeoip installed successfully.
       Info /home/runner/.nimble/pkgs/jestergeoip-1.0.1/jestergeoip_10346.nims(5, 22) Warning: imported and not used: 'strutils' [UnusedImport]

mkdir('docs', 0x00000000000001ff)
mkdir('src', 0x00000000000001ff)
rename('/tmp/nimble_10346/githubcom_JohnADjestergeoip/.git/index.lock', '/tmp/nimble_10346/githubcom_JohnADjestergeoip/.git/index')
mkdir('/tmp', 0x00000000000001ff)
mkdir('/tmp/nimblecache', 0x00000000000001ff)
mkdir('/tmp/nimblecache/jestergeoip_2973989440', 0x00000000000001ff)
unlink('/tmp/nimblecache/jestergeoip_2973989440/jestergeoip.ini')
unlink('/tmp/nimble_10346.out')
unlink('/tmp/nimble_10346/githubcom_JohnADjestergeoip/jestergeoip_10346.nims')
mkdir('/home', 0x00000000000001ff)
mkdir('/home/runner', 0x00000000000001ff)
mkdir('/home/runner/.nimble', 0x00000000000001ff)
mkdir('/home/runner/.nimble/pkgs', 0x00000000000001ff)
mkdir('/home/runner/.nimble/pkgs/jestergeoip-1.0.1', 0x00000000000001ff)
mkdir('/home', 0x00000000000001ff)
mkdir('/home/runner', 0x00000000000001ff)
mkdir('/home/runner/.nimble', 0x00000000000001ff)
mkdir('/home/runner/.nimble/pkgs', 0x00000000000001ff)
mkdir('/home/runner/.nimble/pkgs/jestergeoip-1.0.1', 0x00000000000001ff)
chmod('/home/runner/.nimble/pkgs/jestergeoip-1.0.1/jestergeoip.nim', 0x00000000000001a4)
chmod('/home/runner/.nimble/pkgs/jestergeoip-1.0.1/jestergeoip.nimble', 0x00000000000001a4)
mkdir('/tmp', 0x00000000000001ff)
mkdir('/tmp/nimblecache', 0x00000000000001ff)
mkdir('/tmp/nimblecache/jestergeoip_1795386677', 0x00000000000001ff)
unlink('/tmp/nimblecache/jestergeoip_1795386677/jestergeoip.ini')
unlink('/tmp/nimble_10346.out')
unlink('/home/runner/.nimble/pkgs/jestergeoip-1.0.1/jestergeoip_10346.nims')
unlink('/tmp/nimble_10346/githubcom_JohnADjestergeoip/docs/index.rst')
unlink('/tmp/nimble_10346/githubcom_JohnADjestergeoip/docs/jestergeoip-ref.rst')
rmdir('/tmp/nimble_10346/githubcom_JohnADjestergeoip/docs')
rmdir('/tmp/nimble_10346/githubcom_JohnADjestergeoip/.git/refs/tags')
rmdir('/tmp/nimble_10346/githubcom_JohnADjestergeoip/.git/refs/heads')
rmdir('/tmp/nimble_10346/githubcom_JohnADjestergeoip/.git/refs')
unlink('/tmp/nimble_10346/githubcom_JohnADjestergeoip/.git/info/exclude')
rmdir('/tmp/nimble_10346/githubcom_JohnADjestergeoip/.git/info')
rmdir('/tmp/nimble_10346/githubcom_JohnADjestergeoip/.git/branches')
unlink('/tmp/nimble_10346/githubcom_JohnADjestergeoip/.git/logs/HEAD')
rmdir('/tmp/nimble_10346/githubcom_JohnADjestergeoip/.git/logs')
unlink('/tmp/nimble_10346/githubcom_JohnADjestergeoip/.git/description')
unlink('/tmp/nimble_10346/githubcom_JohnADjestergeoip/.git/hooks/pre-rebase.sample')
unlink('/tmp/nimble_10346/githubcom_JohnADjestergeoip/.git/hooks/applypatch-msg.sample')
unlink('/tmp/nimble_10346/githubcom_JohnADjestergeoip/.git/hooks/pre-push.sample')
unlink('/tmp/nimble_10346/githubcom_JohnADjestergeoip/.git/hooks/pre-merge-commit.sample')
unlink('/tmp/nimble_10346/githubcom_JohnADjestergeoip/.git/hooks/pre-receive.sample')
unlink('/tmp/nimble_10346/githubcom_JohnADjestergeoip/.git/hooks/update.sample')
unlink('/tmp/nimble_10346/githubcom_JohnADjestergeoip/.git/hooks/pre-commit.sample')
unlink('/tmp/nimble_10346/githubcom_JohnADjestergeoip/.git/hooks/pre-applypatch.sample')
unlink('/tmp/nimble_10346/githubcom_JohnADjestergeoip/.git/hooks/commit-msg.sample')
unlink('/tmp/nimble_10346/githubcom_JohnADjestergeoip/.git/hooks/fsmonitor-watchman.sample')
unlink('/tmp/nimble_10346/githubcom_JohnADjestergeoip/.git/hooks/prepare-commit-msg.sample')
unlink('/tmp/nimble_10346/githubcom_JohnADjestergeoip/.git/hooks/post-update.sample')
rmdir('/tmp/nimble_10346/githubcom_JohnADjestergeoip/.git/hooks')
unlink('/tmp/nimble_10346/githubcom_JohnADjestergeoip/.git/shallow')
unlink('/tmp/nimble_10346/githubcom_JohnADjestergeoip/.git/config')
unlink('/tmp/nimble_10346/githubcom_JohnADjestergeoip/.git/index')
unlink('/tmp/nimble_10346/githubcom_JohnADjestergeoip/.git/objects/6f/7e89991bb43133a0ab8f3487ea170887edc4d1')
rmdir('/tmp/nimble_10346/githubcom_JohnADjestergeoip/.git/objects/6f')
unlink('/tmp/nimble_10346/githubcom_JohnADjestergeoip/.git/objects/31/3b8be0f975f33c2f86aa0d2042fb4335b080eb')
rmdir('/tmp/nimble_10346/githubcom_JohnADjestergeoip/.git/objects/31')
rmdir('/tmp/nimble_10346/githubcom_JohnADjestergeoip/.git/objects/info')
unlink('/tmp/nimble_10346/githubcom_JohnADjestergeoip/.git/objects/5f/a8e4680f3cd975b45dbbd2406421ccefebf6c9')
rmdir('/tmp/nimble_10346/githubcom_JohnADjestergeoip/.git/objects/5f')
unlink('/tmp/nimble_10346/githubcom_JohnADjestergeoip/.git/objects/be/53447d4798757496ede2294408602a87647e86')
rmdir('/tmp/nimble_10346/githubcom_JohnADjestergeoip/.git/objects/be')
unlink('/tmp/nimble_10346/githubcom_JohnADjestergeoip/.git/objects/67/d9b34c6cecad82ad17197ffa5db4860caf9037')
rmdir('/tmp/nimble_10346/githubcom_JohnADjestergeoip/.git/objects/67')
unlink('/tmp/nimble_10346/githubcom_JohnADjestergeoip/.git/objects/8b/23445f4a55ae5f9e38055dec94b27ef2b14150')
rmdir('/tmp/nimble_10346/githubcom_JohnADjestergeoip/.git/objects/8b')
unlink('/tmp/nimble_10346/githubcom_JohnADjestergeoip/.git/objects/49/13d901c8f123d9cac0cdc864e8f0bca01ce1d3')
rmdir('/tmp/nimble_10346/githubcom_JohnADjestergeoip/.git/objects/49')
unlink('/tmp/nimble_10346/githubcom_JohnADjestergeoip/.git/objects/1f/70381472ec37cd275d7c0fbefdcf13de1015d3')
rmdir('/tmp/nimble_10346/githubcom_JohnADjestergeoip/.git/objects/1f')
unlink('/tmp/nimble_10346/githubcom_JohnADjestergeoip/.git/objects/b8/2b5ef55bf4e8404b9390a5e4d82bca816ade26')
rmdir('/tmp/nimble_10346/githubcom_JohnADjestergeoip/.git/objects/b8')
unlink('/tmp/nimble_10346/githubcom_JohnADjestergeoip/.git/objects/45/fc51a3d1868824ef8dacb4dcc90a8e24aa5de2')
rmdir('/tmp/nimble_10346/githubcom_JohnADjestergeoip/.git/objects/45')
unlink('/tmp/nimble_10346/githubcom_JohnADjestergeoip/.git/objects/ff/806ab54b6fad22c9d5d52167f0202b444f67df')
rmdir('/tmp/nimble_10346/githubcom_JohnADjestergeoip/.git/objects/ff')
rmdir('/tmp/nimble_10346/githubcom_JohnADjestergeoip/.git/objects/pack')
unlink('/tmp/nimble_10346/githubcom_JohnADjestergeoip/.git/objects/90/cfca76ffafcf39bfba0881dbefab52ca24fdd2')
rmdir('/tmp/nimble_10346/githubcom_JohnADjestergeoip/.git/objects/90')
rmdir('/tmp/nimble_10346/githubcom_JohnADjestergeoip/.git/objects')
unlink('/tmp/nimble_10346/githubcom_JohnADjestergeoip/.git/packed-refs')
unlink('/tmp/nimble_10346/githubcom_JohnADjestergeoip/.git/HEAD')
rmdir('/tmp/nimble_10346/githubcom_JohnADjestergeoip/.git')
unlink('/tmp/nimble_10346/githubcom_JohnADjestergeoip/jestergeoip.nimble')
unlink('/tmp/nimble_10346/githubcom_JohnADjestergeoip/src/jestergeoip.nim')
rmdir('/tmp/nimble_10346/githubcom_JohnADjestergeoip/src')
unlink('/tmp/nimble_10346/githubcom_JohnADjestergeoip/docnimble.json')
unlink('/tmp/nimble_10346/githubcom_JohnADjestergeoip/README.rst')
unlink('/tmp/nimble_10346/githubcom_JohnADjestergeoip/.gitignore')
unlink('/tmp/nimble_10346/githubcom_JohnADjestergeoip/LICENSE')
rmdir('/tmp/nimble_10346/githubcom_JohnADjestergeoip')
rmdir('/tmp/nimble_10346')
  create directory /tmp
  create directory /tmp/nimble_10346
  create directory /tmp/nimble_10346/githubcom_JohnADjestergeoip
  delete /tmp/nimble_10346/githubcom_JohnADjestergeoip
  create directory /tmp/nimble_10346/githubcom_JohnADjestergeoip
  create directory /tmp/nimble_10346/githubcom_JohnADjestergeoip/.git
  create directory /tmp/nimble_10346/githubcom_JohnADjestergeoip/.git
  create directory /tmp/nimble_10346/githubcom_JohnADjestergeoip/.git/info
  create directory /tmp/nimble_10346/githubcom_JohnADjestergeoip/.git/branches
  create directory /tmp/nimble_10346/githubcom_JohnADjestergeoip/.git/hooks
  create directory /tmp/nimble_10346/githubcom_JohnADjestergeoip/.git/refs
  create directory /tmp/nimble_10346/githubcom_JohnADjestergeoip/.git/refs/heads
  create directory /tmp/nimble_10346/githubcom_JohnADjestergeoip/.git/refs/tags
  rename /tmp/nimble_10346/githubcom_JohnADjestergeoip/.git/HEAD.lock to HEAD
  rename /tmp/nimble_10346/githubcom_JohnADjestergeoip/.git/config.lock to config
  change permissions of /tmp/nimble_10346/githubcom_JohnADjestergeoip/.git/config to rwxr--r--
  change permissions of /tmp/nimble_10346/githubcom_JohnADjestergeoip/.git/config to rw-r--r--
  change permissions of /tmp/nimble_10346/githubcom_JohnADjestergeoip/.git/config.lock to rw-r--r--
  rename /tmp/nimble_10346/githubcom_JohnADjestergeoip/.git/config.lock to config
  change permissions of /tmp/nimble_10346/githubcom_JohnADjestergeoip/.git/config.lock to rw-r--r--
  rename /tmp/nimble_10346/githubcom_JohnADjestergeoip/.git/config.lock to config
  change permissions of /tmp/nimble_10346/githubcom_JohnADjestergeoip/.git/config.lock to rw-r--r--
  rename /tmp/nimble_10346/githubcom_JohnADjestergeoip/.git/config.lock to config
  delete /tmp/nimble_10346/githubcom_JohnADjestergeoip/.git/tEM91p9
  create symbolic link from /tmp/nimble_10346/githubcom_JohnADjestergeoip/.git/tEM91p9 to /home/runner/work/nim_packages_security_audit/nim_packages_security_audit/testing
  delete /tmp/nimble_10346/githubcom_JohnADjestergeoip/.git/tEM91p9
  create directory /tmp/nimble_10346/githubcom_JohnADjestergeoip/.git/objects
  create directory /tmp/nimble_10346/githubcom_JohnADjestergeoip/.git/objects/pack
  create directory /tmp/nimble_10346/githubcom_JohnADjestergeoip/.git/objects/info
  change permissions of /tmp/nimble_10346/githubcom_JohnADjestergeoip/.git/config.lock to rw-r--r--
  rename /tmp/nimble_10346/githubcom_JohnADjestergeoip/.git/config.lock to config
  change permissions of /tmp/nimble_10346/githubcom_JohnADjestergeoip/.git/config.lock to rw-r--r--
  rename /tmp/nimble_10346/githubcom_JohnADjestergeoip/.git/config.lock to config
  change permissions of /tmp/nimble_10346/githubcom_JohnADjestergeoip/.git/config.lock to rw-r--r--
  rename /tmp/nimble_10346/githubcom_JohnADjestergeoip/.git/config.lock to config
  create directory /tmp/nimble_10346/githubcom_JohnADjestergeoip/.git/objects/5f
  create hard link from /tmp/nimble_10346/githubcom_JohnADjestergeoip/.git/objects/5f/a8e4680f3cd975b45dbbd2406421ccefebf6c9 to /tmp/nimble_10346/githubcom_JohnADjestergeoip/.git/objects/5f/tmp_obj_DhI8Af
  delete /tmp/nimble_10346/githubcom_JohnADjestergeoip/.git/objects/5f/tmp_obj_DhI8Af
  create directory /tmp/nimble_10346/githubcom_JohnADjestergeoip/.git/objects/31
  create hard link from /tmp/nimble_10346/githubcom_JohnADjestergeoip/.git/objects/31/3b8be0f975f33c2f86aa0d2042fb4335b080eb to /tmp/nimble_10346/githubcom_JohnADjestergeoip/.git/objects/31/tmp_obj_tQiZTj
  delete /tmp/nimble_10346/githubcom_JohnADjestergeoip/.git/objects/31/tmp_obj_tQiZTj
  create directory /tmp/nimble_10346/githubcom_JohnADjestergeoip/.git/objects/b8
  create hard link from /tmp/nimble_10346/githubcom_JohnADjestergeoip/.git/objects/b8/2b5ef55bf4e8404b9390a5e4d82bca816ade26 to /tmp/nimble_10346/githubcom_JohnADjestergeoip/.git/objects/b8/tmp_obj_MMlqJe
  delete /tmp/nimble_10346/githubcom_JohnADjestergeoip/.git/objects/b8/tmp_obj_MMlqJe
  create directory /tmp/nimble_10346/githubcom_JohnADjestergeoip/.git/objects/90
  create hard link from /tmp/nimble_10346/githubcom_JohnADjestergeoip/.git/objects/90/cfca76ffafcf39bfba0881dbefab52ca24fdd2 to /tmp/nimble_10346/githubcom_JohnADjestergeoip/.git/objects/90/tmp_obj_WtHB8e
  delete /tmp/nimble_10346/githubcom_JohnADjestergeoip/.git/objects/90/tmp_obj_WtHB8e
  create directory /tmp/nimble_10346/githubcom_JohnADjestergeoip/.git/objects/67
  create hard link from /tmp/nimble_10346/githubcom_JohnADjestergeoip/.git/objects/67/d9b34c6cecad82ad17197ffa5db4860caf9037 to /tmp/nimble_10346/githubcom_JohnADjestergeoip/.git/objects/67/tmp_obj_IirIRk
  delete /tmp/nimble_10346/githubcom_JohnADjestergeoip/.git/objects/67/tmp_obj_IirIRk
  create directory /tmp/nimble_10346/githubcom_JohnADjestergeoip/.git/objects/8b
  create hard link from /tmp/nimble_10346/githubcom_JohnADjestergeoip/.git/objects/8b/23445f4a55ae5f9e38055dec94b27ef2b14150 to /tmp/nimble_10346/githubcom_JohnADjestergeoip/.git/objects/8b/tmp_obj_ga04Kn
  delete /tmp/nimble_10346/githubcom_JohnADjestergeoip/.git/objects/8b/tmp_obj_ga04Kn
  create directory /tmp/nimble_10346/githubcom_JohnADjestergeoip/.git/objects/6f
  create hard link from /tmp/nimble_10346/githubcom_JohnADjestergeoip/.git/objects/6f/7e89991bb43133a0ab8f3487ea170887edc4d1 to /tmp/nimble_10346/githubcom_JohnADjestergeoip/.git/objects/6f/tmp_obj_87aKjs
  delete /tmp/nimble_10346/githubcom_JohnADjestergeoip/.git/objects/6f/tmp_obj_87aKjs
  create directory /tmp/nimble_10346/githubcom_JohnADjestergeoip/.git/objects/45
  create hard link from /tmp/nimble_10346/githubcom_JohnADjestergeoip/.git/objects/45/fc51a3d1868824ef8dacb4dcc90a8e24aa5de2 to /tmp/nimble_10346/githubcom_JohnADjestergeoip/.git/objects/45/tmp_obj_mZeQxx
  delete /tmp/nimble_10346/githubcom_JohnADjestergeoip/.git/objects/45/tmp_obj_mZeQxx
  create directory /tmp/nimble_10346/githubcom_JohnADjestergeoip/.git/objects/1f
  create hard link from /tmp/nimble_10346/githubcom_JohnADjestergeoip/.git/objects/1f/70381472ec37cd275d7c0fbefdcf13de1015d3 to /tmp/nimble_10346/githubcom_JohnADjestergeoip/.git/objects/1f/tmp_obj_ybwPJx
  delete /tmp/nimble_10346/githubcom_JohnADjestergeoip/.git/objects/1f/tmp_obj_ybwPJx
  create directory /tmp/nimble_10346/githubcom_JohnADjestergeoip/.git/objects/49
  create hard link from /tmp/nimble_10346/githubcom_JohnADjestergeoip/.git/objects/49/13d901c8f123d9cac0cdc864e8f0bca01ce1d3 to /tmp/nimble_10346/githubcom_JohnADjestergeoip/.git/objects/49/tmp_obj_cIWRLA
  delete /tmp/nimble_10346/githubcom_JohnADjestergeoip/.git/objects/49/tmp_obj_cIWRLA
  create directory /tmp/nimble_10346/githubcom_JohnADjestergeoip/.git/objects/be
  create hard link from /tmp/nimble_10346/githubcom_JohnADjestergeoip/.git/objects/be/53447d4798757496ede2294408602a87647e86 to /tmp/nimble_10346/githubcom_JohnADjestergeoip/.git/objects/be/tmp_obj_OdjqbF
  delete /tmp/nimble_10346/githubcom_JohnADjestergeoip/.git/objects/be/tmp_obj_OdjqbF
  create directory /tmp/nimble_10346/githubcom_JohnADjestergeoip/.git/objects/ff
  create hard link from /tmp/nimble_10346/githubcom_JohnADjestergeoip/.git/objects/ff/806ab54b6fad22c9d5d52167f0202b444f67df to /tmp/nimble_10346/githubcom_JohnADjestergeoip/.git/objects/ff/tmp_obj_O31nhL
  delete /tmp/nimble_10346/githubcom_JohnADjestergeoip/.git/objects/ff/tmp_obj_O31nhL
  rename /tmp/nimble_10346/githubcom_JohnADjestergeoip/.git/shallow.lock to shallow
  rename /tmp/nimble_10346/githubcom_JohnADjestergeoip/.git/packed-refs.new to packed-refs
  delete /tmp/nimble_10346/githubcom_JohnADjestergeoip/.git/packed-refs.lock
  delete /tmp/nimble_10346/githubcom_JohnADjestergeoip/.git/refs/tags/v1.0.1.lock
  create directory /tmp/nimble_10346/githubcom_JohnADjestergeoip/.git/logs
  rename /tmp/nimble_10346/githubcom_JohnADjestergeoip/.git/HEAD.lock to HEAD
  create directory /tmp/nimble_10346/githubcom_JohnADjestergeoip/docs
  create directory /tmp/nimble_10346/githubcom_JohnADjestergeoip/src
  rename /tmp/nimble_10346/githubcom_JohnADjestergeoip/.git/index.lock to index
  create directory /tmp
  create directory /tmp/nimblecache
  create directory /tmp/nimblecache/jestergeoip_2973989440
  delete /tmp/nimblecache/jestergeoip_2973989440/jestergeoip.ini
  delete /tmp/nimble_10346.out
  delete /tmp/nimble_10346/githubcom_JohnADjestergeoip/jestergeoip_10346.nims
  create directory /home
  create directory /home/runner
  create directory /home/runner/.nimble
  create directory /home/runner/.nimble/pkgs
  create directory /home/runner/.nimble/pkgs/jestergeoip-1.0.1
  create directory /home
  create directory /home/runner
  create directory /home/runner/.nimble
  create directory /home/runner/.nimble/pkgs
  create directory /home/runner/.nimble/pkgs/jestergeoip-1.0.1
  change permissions of /home/runner/.nimble/pkgs/jestergeoip-1.0.1/jestergeoip.nim to rw-r--r--
  change permissions of /home/runner/.nimble/pkgs/jestergeoip-1.0.1/jestergeoip.nimble to rw-r--r--
  create directory /tmp
  create directory /tmp/nimblecache
  create directory /tmp/nimblecache/jestergeoip_1795386677
  delete /tmp/nimblecache/jestergeoip_1795386677/jestergeoip.ini
  delete /tmp/nimble_10346.out
  delete /home/runner/.nimble/pkgs/jestergeoip-1.0.1/jestergeoip_10346.nims
  delete /tmp/nimble_10346/githubcom_JohnADjestergeoip/docs/index.rst
  delete /tmp/nimble_10346/githubcom_JohnADjestergeoip/docs/jestergeoip-ref.rst
  delete /tmp/nimble_10346/githubcom_JohnADjestergeoip/docs
  delete /tmp/nimble_10346/githubcom_JohnADjestergeoip/.git/refs/tags
  delete /tmp/nimble_10346/githubcom_JohnADjestergeoip/.git/refs/heads
  delete /tmp/nimble_10346/githubcom_JohnADjestergeoip/.git/refs
  delete /tmp/nimble_10346/githubcom_JohnADjestergeoip/.git/info/exclude
  delete /tmp/nimble_10346/githubcom_JohnADjestergeoip/.git/info
  delete /tmp/nimble_10346/githubcom_JohnADjestergeoip/.git/branches
  delete /tmp/nimble_10346/githubcom_JohnADjestergeoip/.git/logs/HEAD
  delete /tmp/nimble_10346/githubcom_JohnADjestergeoip/.git/logs
  delete /tmp/nimble_10346/githubcom_JohnADjestergeoip/.git/description
  delete /tmp/nimble_10346/githubcom_JohnADjestergeoip/.git/hooks/pre-rebase.sample
  delete /tmp/nimble_10346/githubcom_JohnADjestergeoip/.git/hooks/applypatch-msg.sample
  delete /tmp/nimble_10346/githubcom_JohnADjestergeoip/.git/hooks/pre-push.sample
  delete /tmp/nimble_10346/githubcom_JohnADjestergeoip/.git/hooks/pre-merge-commit.sample
  delete /tmp/nimble_10346/githubcom_JohnADjestergeoip/.git/hooks/pre-receive.sample
  delete /tmp/nimble_10346/githubcom_JohnADjestergeoip/.git/hooks/update.sample
  delete /tmp/nimble_10346/githubcom_JohnADjestergeoip/.git/hooks/pre-commit.sample
  delete /tmp/nimble_10346/githubcom_JohnADjestergeoip/.git/hooks/pre-applypatch.sample
  delete /tmp/nimble_10346/githubcom_JohnADjestergeoip/.git/hooks/commit-msg.sample
  delete /tmp/nimble_10346/githubcom_JohnADjestergeoip/.git/hooks/fsmonitor-watchman.sample
  delete /tmp/nimble_10346/githubcom_JohnADjestergeoip/.git/hooks/prepare-commit-msg.sample
  delete /tmp/nimble_10346/githubcom_JohnADjestergeoip/.git/hooks/post-update.sample
  delete /tmp/nimble_10346/githubcom_JohnADjestergeoip/.git/hooks
  delete /tmp/nimble_10346/githubcom_JohnADjestergeoip/.git/shallow
  delete /tmp/nimble_10346/githubcom_JohnADjestergeoip/.git/config
  delete /tmp/nimble_10346/githubcom_JohnADjestergeoip/.git/index
  delete /tmp/nimble_10346/githubcom_JohnADjestergeoip/.git/objects/6f/7e89991bb43133a0ab8f3487ea170887edc4d1
  delete /tmp/nimble_10346/githubcom_JohnADjestergeoip/.git/objects/6f
  delete /tmp/nimble_10346/githubcom_JohnADjestergeoip/.git/objects/31/3b8be0f975f33c2f86aa0d2042fb4335b080eb
  delete /tmp/nimble_10346/githubcom_JohnADjestergeoip/.git/objects/31
  delete /tmp/nimble_10346/githubcom_JohnADjestergeoip/.git/objects/info
  delete /tmp/nimble_10346/githubcom_JohnADjestergeoip/.git/objects/5f/a8e4680f3cd975b45dbbd2406421ccefebf6c9
  delete /tmp/nimble_10346/githubcom_JohnADjestergeoip/.git/objects/5f
  delete /tmp/nimble_10346/githubcom_JohnADjestergeoip/.git/objects/be/53447d4798757496ede2294408602a87647e86
  delete /tmp/nimble_10346/githubcom_JohnADjestergeoip/.git/objects/be
  delete /tmp/nimble_10346/githubcom_JohnADjestergeoip/.git/objects/67/d9b34c6cecad82ad17197ffa5db4860caf9037
  delete /tmp/nimble_10346/githubcom_JohnADjestergeoip/.git/objects/67
  delete /tmp/nimble_10346/githubcom_JohnADjestergeoip/.git/objects/8b/23445f4a55ae5f9e38055dec94b27ef2b14150
  delete /tmp/nimble_10346/githubcom_JohnADjestergeoip/.git/objects/8b
  delete /tmp/nimble_10346/githubcom_JohnADjestergeoip/.git/objects/49/13d901c8f123d9cac0cdc864e8f0bca01ce1d3
  delete /tmp/nimble_10346/githubcom_JohnADjestergeoip/.git/objects/49
  delete /tmp/nimble_10346/githubcom_JohnADjestergeoip/.git/objects/1f/70381472ec37cd275d7c0fbefdcf13de1015d3
  delete /tmp/nimble_10346/githubcom_JohnADjestergeoip/.git/objects/1f
  delete /tmp/nimble_10346/githubcom_JohnADjestergeoip/.git/objects/b8/2b5ef55bf4e8404b9390a5e4d82bca816ade26
  delete /tmp/nimble_10346/githubcom_JohnADjestergeoip/.git/objects/b8
  delete /tmp/nimble_10346/githubcom_JohnADjestergeoip/.git/objects/45/fc51a3d1868824ef8dacb4dcc90a8e24aa5de2
  delete /tmp/nimble_10346/githubcom_JohnADjestergeoip/.git/objects/45
  delete /tmp/nimble_10346/githubcom_JohnADjestergeoip/.git/objects/ff/806ab54b6fad22c9d5d52167f0202b444f67df
  delete /tmp/nimble_10346/githubcom_JohnADjestergeoip/.git/objects/ff
  delete /tmp/nimble_10346/githubcom_JohnADjestergeoip/.git/objects/pack
  delete /tmp/nimble_10346/githubcom_JohnADjestergeoip/.git/objects/90/cfca76ffafcf39bfba0881dbefab52ca24fdd2
  delete /tmp/nimble_10346/githubcom_JohnADjestergeoip/.git/objects/90
  delete /tmp/nimble_10346/githubcom_JohnADjestergeoip/.git/objects
  delete /tmp/nimble_10346/githubcom_JohnADjestergeoip/.git/packed-refs
  delete /tmp/nimble_10346/githubcom_JohnADjestergeoip/.git/HEAD
  delete /tmp/nimble_10346/githubcom_JohnADjestergeoip/.git
  delete /tmp/nimble_10346/githubcom_JohnADjestergeoip/jestergeoip.nimble
  delete /tmp/nimble_10346/githubcom_JohnADjestergeoip/src/jestergeoip.nim
  delete /tmp/nimble_10346/githubcom_JohnADjestergeoip/src
  delete /tmp/nimble_10346/githubcom_JohnADjestergeoip/docnimble.json
  delete /tmp/nimble_10346/githubcom_JohnADjestergeoip/README.rst
  delete /tmp/nimble_10346/githubcom_JohnADjestergeoip/.gitignore
  delete /tmp/nimble_10346/githubcom_JohnADjestergeoip/LICENSE
  delete /tmp/nimble_10346/githubcom_JohnADjestergeoip
  delete /tmp/nimble_10346
