      Info: Package cache path /home/runner/.nimble/pkgcache
     Info:  Nimble data file "/home/runner/.nimble/nimbledata2.json" has been loaded.
    Reading official package list
Downloading https://github.com/alialrahahleh/fjq using git
   Warning: The package has no tagged releases, downloading HEAD instead.
open('/workspace/destdir/ssl/openssl.cnf', 32768, 0x00000000000001b6)
open('/home/runner/.config/nimble/nimble.ini', 557056, 0x00000000000001b6)
open('/home/runner/.config/babel/babel.ini', 557056, 0x00000000000001b6)
writev(1, 0x00007ffe6d0349a0, 2)
open('/home/runner/.nimble/nimbledata2.json', 557056, 0x00000000000001b6)
writev(1, 0x00007ffe6d034a70, 2)
writev(1, 0x00007fffe3ae3dc0, 2)
writev(1, 0x00007fffe3ae3e50, 2)
writev(1, 0x00007fffe3ae3e50, 2)
writev(1, 0x00007fffe3ae3e50, 2)
writev(1, 0x00007ffe6d033450, 2)
open('/home/runner/.nimble/packages_official.json', 557056, 0x00000000000001b6)
mkdir('/home/', 0x00000000000001ff)
mkdir('/home/runner/', 0x00000000000001ff)
mkdir('/home/runner/.nimble/', 0x00000000000001ff)
mkdir('/home/runner/.nimble/pkgcache/', 0x00000000000001ff)
mkdir('/home/runner/.nimble/pkgcache/githubcom_alialrahahlehfjq', 0x00000000000001ff)
open('/home/runner/.nimble/pkgcache/githubcom_alialrahahlehfjq', 622592, 0x0000000000000000)
writev(1, 0x00007ffe6d033530, 2)
open('/home/runner/.nimble/pkgcache/githubcom_alialrahahlehfjq', 622592, 0x0000000000000000)
rmdir('/home/runner/.nimble/pkgcache/githubcom_alialrahahlehfjq')
writev(1, 0x00007ffe6d033420, 2)
mkdir(94701035207376, 0x00000000000001ff)
Error tracing process: readBytes(0x000056214d903ad0, 256) error: [Errno 5] Input/output error.
