     Info:  Nimble data file "/home/runner/.nimble/nimbledata2.json" has been loaded.
    Reading official package list
Downloading https://github.com/fkdosilovic/jsonfmt using git
   Warning: The package has no tagged releases, downloading HEAD instead.
open('/workspace/destdir/ssl/openssl.cnf', 32768, 0x00000000000001b6)
open('/home/runner/.config/nimble/nimble.ini', 557056, 0x00000000000001b6)
open('/home/runner/.config/babel/babel.ini', 557056, 0x00000000000001b6)
open('/home/runner/.nimble/nimbledata2.json', 557056, 0x00000000000001b6)
writev(1, 0x00007fffb3873550, 2)
writev(1, 0x00007fffb3872e30, 2)
open('/home/runner/.nimble/packages_official.json', 557056, 0x00000000000001b6)
mkdir('/tmp/', 0x00000000000001ff)
mkdir('/tmp/nimble_2421/', 0x00000000000001ff)
mkdir('/tmp/nimble_2421/githubcom_fkdosilovicjsonfmt', 0x00000000000001ff)
writev(1, 0x00007fffb3872e00, 2)
open('/tmp/nimble_2421/githubcom_fkdosilovicjsonfmt', 622592, 0x0000000000000000)
rmdir('/tmp/nimble_2421/githubcom_fkdosilovicjsonfmt')
writev(1, 0x00007fffb3872d70, 2)
mkdir(93954031793184, 0x00000000000001ff)
Error tracing process: readBytes(0x0000557360b0b420, 256) error: [Errno 5] Input/output error.
