    Reading official package list
Downloading https://github.com/cjxgm/jsonob using git
       Info /tmp/nimble_5316/githubcom_cjxgmjsonob/jsonob_5316.nims(1, 8) Warning: imported and not used: 'system' [UnusedImport]
        ... /tmp/nimble_5316/githubcom_cjxgmjsonob/jsonob_5316.nims(5, 22) Warning: imported and not used: 'strutils' [UnusedImport]
  Verifying dependencies for jsonob@0.1.0
 Installing jsonob@0.1.0
    Copying file /tmp/nimble_5316/githubcom_cjxgmjsonob/jsonob.nim to /home/runner/.nimble/pkgs/jsonob-0.1.0/jsonob.nim
    Copying file /tmp/nimble_5316/githubcom_cjxgmjsonob/jsonob.nimble to /home/runner/.nimble/pkgs/jsonob-0.1.0/jsonob.nimble
   Success: jsonob installed successfully.
       Info /home/runner/.nimble/pkgs/jsonob-0.1.0/jsonob_5316.nims(1, 8) Warning: imported and not used: 'system' [UnusedImport]
        ... /home/runner/.nimble/pkgs/jsonob-0.1.0/jsonob_5316.nims(5, 22) Warning: imported and not used: 'strutils' [UnusedImport]
mkdir('/tmp', 0x00000000000001ff)
mkdir('/tmp/nimble_5316', 0x00000000000001ff)
mkdir('/tmp/nimble_5316/githubcom_cjxgmjsonob', 0x00000000000001ff)
rmdir('/tmp/nimble_5316/githubcom_cjxgmjsonob')
mkdir('/tmp/nimble_5316/githubcom_cjxgmjsonob', 0x00000000000001ff)
mkdir('/tmp/nimble_5316/githubcom_cjxgmjsonob/.git', 0x00000000000001ff)
mkdir('/tmp/nimble_5316/githubcom_cjxgmjsonob/.git/', 0x00000000000001ff)
mkdir('/tmp/nimble_5316/githubcom_cjxgmjsonob/.git/hooks/', 0x00000000000001ff)
mkdir('/tmp/nimble_5316/githubcom_cjxgmjsonob/.git/branches/', 0x00000000000001ff)
mkdir('/tmp/nimble_5316/githubcom_cjxgmjsonob/.git/info/', 0x00000000000001ff)
mkdir('/tmp/nimble_5316/githubcom_cjxgmjsonob/.git/refs', 0x00000000000001ff)
mkdir('/tmp/nimble_5316/githubcom_cjxgmjsonob/.git/refs/heads', 0x00000000000001ff)
mkdir('/tmp/nimble_5316/githubcom_cjxgmjsonob/.git/refs/tags', 0x00000000000001ff)
rename('/tmp/nimble_5316/githubcom_cjxgmjsonob/.git/HEAD.lock', '/tmp/nimble_5316/githubcom_cjxgmjsonob/.git/HEAD')
rename('/tmp/nimble_5316/githubcom_cjxgmjsonob/.git/config.lock', '/tmp/nimble_5316/githubcom_cjxgmjsonob/.git/config')
chmod('/tmp/nimble_5316/githubcom_cjxgmjsonob/.git/config', 0x00000000000081e4)
chmod('/tmp/nimble_5316/githubcom_cjxgmjsonob/.git/config', 0x00000000000081a4)
chmod('/tmp/nimble_5316/githubcom_cjxgmjsonob/.git/config.lock', 0x00000000000001a4)
rename('/tmp/nimble_5316/githubcom_cjxgmjsonob/.git/config.lock', '/tmp/nimble_5316/githubcom_cjxgmjsonob/.git/config')
chmod('/tmp/nimble_5316/githubcom_cjxgmjsonob/.git/config.lock', 0x00000000000001a4)
rename('/tmp/nimble_5316/githubcom_cjxgmjsonob/.git/config.lock', '/tmp/nimble_5316/githubcom_cjxgmjsonob/.git/config')
chmod('/tmp/nimble_5316/githubcom_cjxgmjsonob/.git/config.lock', 0x00000000000001a4)
rename('/tmp/nimble_5316/githubcom_cjxgmjsonob/.git/config.lock', '/tmp/nimble_5316/githubcom_cjxgmjsonob/.git/config')
unlink('/tmp/nimble_5316/githubcom_cjxgmjsonob/.git/tfToY2s')
symlink('testing', '/tmp/nimble_5316/githubcom_cjxgmjsonob/.git/tfToY2s')
unlink('/tmp/nimble_5316/githubcom_cjxgmjsonob/.git/tfToY2s')
mkdir('/tmp/nimble_5316/githubcom_cjxgmjsonob/.git/objects', 0x00000000000001ff)
mkdir('/tmp/nimble_5316/githubcom_cjxgmjsonob/.git/objects/pack', 0x00000000000001ff)
mkdir('/tmp/nimble_5316/githubcom_cjxgmjsonob/.git/objects/info', 0x00000000000001ff)
chmod('/tmp/nimble_5316/githubcom_cjxgmjsonob/.git/config.lock', 0x00000000000001a4)
rename('/tmp/nimble_5316/githubcom_cjxgmjsonob/.git/config.lock', '/tmp/nimble_5316/githubcom_cjxgmjsonob/.git/config')
chmod('/tmp/nimble_5316/githubcom_cjxgmjsonob/.git/config.lock', 0x00000000000001a4)
rename('/tmp/nimble_5316/githubcom_cjxgmjsonob/.git/config.lock', '/tmp/nimble_5316/githubcom_cjxgmjsonob/.git/config')
chmod('/tmp/nimble_5316/githubcom_cjxgmjsonob/.git/config.lock', 0x00000000000001a4)
rename('/tmp/nimble_5316/githubcom_cjxgmjsonob/.git/config.lock', '/tmp/nimble_5316/githubcom_cjxgmjsonob/.git/config')
link('/tmp/nimble_5316/githubcom_cjxgmjsonob/.git/objects/pack/tmp_pack_kJC6hg', '/tmp/nimble_5316/githubcom_cjxgmjsonob/.git/objects/pack/pack-70a70eba9745548c3d55cecf024ef3d2e68a5d6b.pack')
unlink('/tmp/nimble_5316/githubcom_cjxgmjsonob/.git/objects/pack/tmp_pack_kJC6hg')
link('/tmp/nimble_5316/githubcom_cjxgmjsonob/.git/objects/pack/tmp_idx_S6HRrn', '/tmp/nimble_5316/githubcom_cjxgmjsonob/.git/objects/pack/pack-70a70eba9745548c3d55cecf024ef3d2e68a5d6b.idx')
unlink('/tmp/nimble_5316/githubcom_cjxgmjsonob/.git/objects/pack/tmp_idx_S6HRrn')
rename('/tmp/nimble_5316/githubcom_cjxgmjsonob/.git/shallow.lock', '/tmp/nimble_5316/githubcom_cjxgmjsonob/.git/shallow')
rename('/tmp/nimble_5316/githubcom_cjxgmjsonob/.git/packed-refs.new', '/tmp/nimble_5316/githubcom_cjxgmjsonob/.git/packed-refs')
unlink('/tmp/nimble_5316/githubcom_cjxgmjsonob/.git/packed-refs.lock')
mkdir('/tmp/nimble_5316/githubcom_cjxgmjsonob/.git/refs/remotes', 0x00000000000001ff)
mkdir('/tmp/nimble_5316/githubcom_cjxgmjsonob/.git/refs/remotes/origin', 0x00000000000001ff)
mkdir('/tmp/nimble_5316/githubcom_cjxgmjsonob/.git/logs', 0x00000000000001ff)
mkdir('/tmp/nimble_5316/githubcom_cjxgmjsonob/.git/logs/refs', 0x00000000000001ff)
mkdir('/tmp/nimble_5316/githubcom_cjxgmjsonob/.git/logs/refs/remotes', 0x00000000000001ff)
mkdir('/tmp/nimble_5316/githubcom_cjxgmjsonob/.git/logs/refs/remotes/origin', 0x00000000000001ff)
rename('/tmp/nimble_5316/githubcom_cjxgmjsonob/.git/refs/remotes/origin/HEAD.lock', '/tmp/nimble_5316/githubcom_cjxgmjsonob/.git/refs/remotes/origin/HEAD')
rename('/tmp/nimble_5316/githubcom_cjxgmjsonob/.git/HEAD.lock', '/tmp/nimble_5316/githubcom_cjxgmjsonob/.git/HEAD')
mkdir('/tmp/nimble_5316/githubcom_cjxgmjsonob/.git/logs/refs/heads', 0x00000000000001ff)
rename('/tmp/nimble_5316/githubcom_cjxgmjsonob/.git/refs/heads/master.lock', '/tmp/nimble_5316/githubcom_cjxgmjsonob/.git/refs/heads/master')
unlink('/tmp/nimble_5316/githubcom_cjxgmjsonob/.git/HEAD.lock')
chmod('/tmp/nimble_5316/githubcom_cjxgmjsonob/.git/config.lock', 0x00000000000001a4)
rename('/tmp/nimble_5316/githubcom_cjxgmjsonob/.git/config.lock', '/tmp/nimble_5316/githubcom_cjxgmjsonob/.git/config')
chmod('/tmp/nimble_5316/githubcom_cjxgmjsonob/.git/config.lock', 0x00000000000001a4)
rename('/tmp/nimble_5316/githubcom_cjxgmjsonob/.git/config.lock', '/tmp/nimble_5316/githubcom_cjxgmjsonob/.git/config')
unlink('/tmp/nimble_5316/githubcom_cjxgmjsonob/.git/objects/pack/pack-70a70eba9745548c3d55cecf024ef3d2e68a5d6b.keep')
mkdir('example', 0x00000000000001ff)
rename('/tmp/nimble_5316/githubcom_cjxgmjsonob/.git/index.lock', '/tmp/nimble_5316/githubcom_cjxgmjsonob/.git/index')
mkdir('/tmp', 0x00000000000001ff)
mkdir('/tmp/nimblecache', 0x00000000000001ff)
mkdir('/tmp/nimblecache/jsonob_2054924736', 0x00000000000001ff)
unlink('/tmp/nimblecache/jsonob_2054924736/jsonob.ini')
unlink('/tmp/nimble_5316.out')
unlink('/tmp/nimble_5316/githubcom_cjxgmjsonob/jsonob_5316.nims')
mkdir('/home', 0x00000000000001ff)
mkdir('/home/runner', 0x00000000000001ff)
mkdir('/home/runner/.nimble', 0x00000000000001ff)
mkdir('/home/runner/.nimble/pkgs', 0x00000000000001ff)
mkdir('/home/runner/.nimble/pkgs/jsonob-0.1.0', 0x00000000000001ff)
mkdir('/home', 0x00000000000001ff)
mkdir('/home/runner', 0x00000000000001ff)
mkdir('/home/runner/.nimble', 0x00000000000001ff)
mkdir('/home/runner/.nimble/pkgs', 0x00000000000001ff)
mkdir('/home/runner/.nimble/pkgs/jsonob-0.1.0', 0x00000000000001ff)
chmod('/home/runner/.nimble/pkgs/jsonob-0.1.0/jsonob.nim', 0x00000000000001a4)
chmod('/home/runner/.nimble/pkgs/jsonob-0.1.0/jsonob.nimble', 0x00000000000001a4)
mkdir('/tmp', 0x00000000000001ff)
mkdir('/tmp/nimblecache', 0x00000000000001ff)
mkdir('/tmp/nimblecache/jsonob_270085880', 0x00000000000001ff)
unlink('/tmp/nimblecache/jsonob_270085880/jsonob.ini')
unlink('/tmp/nimble_5316.out')
unlink('/home/runner/.nimble/pkgs/jsonob-0.1.0/jsonob_5316.nims')
unlink('/tmp/nimble_5316/githubcom_cjxgmjsonob/.git/refs/remotes/origin/HEAD')
rmdir('/tmp/nimble_5316/githubcom_cjxgmjsonob/.git/refs/remotes/origin')
rmdir('/tmp/nimble_5316/githubcom_cjxgmjsonob/.git/refs/remotes')
unlink('/tmp/nimble_5316/githubcom_cjxgmjsonob/.git/refs/heads/master')
rmdir('/tmp/nimble_5316/githubcom_cjxgmjsonob/.git/refs/heads')
rmdir('/tmp/nimble_5316/githubcom_cjxgmjsonob/.git/refs/tags')
rmdir('/tmp/nimble_5316/githubcom_cjxgmjsonob/.git/refs')
unlink('/tmp/nimble_5316/githubcom_cjxgmjsonob/.git/config')
unlink('/tmp/nimble_5316/githubcom_cjxgmjsonob/.git/logs/refs/remotes/origin/HEAD')
rmdir('/tmp/nimble_5316/githubcom_cjxgmjsonob/.git/logs/refs/remotes/origin')
rmdir('/tmp/nimble_5316/githubcom_cjxgmjsonob/.git/logs/refs/remotes')
unlink('/tmp/nimble_5316/githubcom_cjxgmjsonob/.git/logs/refs/heads/master')
rmdir('/tmp/nimble_5316/githubcom_cjxgmjsonob/.git/logs/refs/heads')
rmdir('/tmp/nimble_5316/githubcom_cjxgmjsonob/.git/logs/refs')
unlink('/tmp/nimble_5316/githubcom_cjxgmjsonob/.git/logs/HEAD')
rmdir('/tmp/nimble_5316/githubcom_cjxgmjsonob/.git/logs')
unlink('/tmp/nimble_5316/githubcom_cjxgmjsonob/.git/packed-refs')
unlink('/tmp/nimble_5316/githubcom_cjxgmjsonob/.git/HEAD')
unlink('/tmp/nimble_5316/githubcom_cjxgmjsonob/.git/description')
unlink('/tmp/nimble_5316/githubcom_cjxgmjsonob/.git/hooks/fsmonitor-watchman.sample')
unlink('/tmp/nimble_5316/githubcom_cjxgmjsonob/.git/hooks/pre-commit.sample')
unlink('/tmp/nimble_5316/githubcom_cjxgmjsonob/.git/hooks/applypatch-msg.sample')
unlink('/tmp/nimble_5316/githubcom_cjxgmjsonob/.git/hooks/pre-rebase.sample')
unlink('/tmp/nimble_5316/githubcom_cjxgmjsonob/.git/hooks/update.sample')
unlink('/tmp/nimble_5316/githubcom_cjxgmjsonob/.git/hooks/pre-push.sample')
unlink('/tmp/nimble_5316/githubcom_cjxgmjsonob/.git/hooks/pre-receive.sample')
unlink('/tmp/nimble_5316/githubcom_cjxgmjsonob/.git/hooks/pre-applypatch.sample')
unlink('/tmp/nimble_5316/githubcom_cjxgmjsonob/.git/hooks/post-update.sample')
unlink('/tmp/nimble_5316/githubcom_cjxgmjsonob/.git/hooks/prepare-commit-msg.sample')
unlink('/tmp/nimble_5316/githubcom_cjxgmjsonob/.git/hooks/commit-msg.sample')
unlink('/tmp/nimble_5316/githubcom_cjxgmjsonob/.git/hooks/pre-merge-commit.sample')
rmdir('/tmp/nimble_5316/githubcom_cjxgmjsonob/.git/hooks')
unlink('/tmp/nimble_5316/githubcom_cjxgmjsonob/.git/objects/pack/pack-70a70eba9745548c3d55cecf024ef3d2e68a5d6b.idx')
unlink('/tmp/nimble_5316/githubcom_cjxgmjsonob/.git/objects/pack/pack-70a70eba9745548c3d55cecf024ef3d2e68a5d6b.pack')
rmdir('/tmp/nimble_5316/githubcom_cjxgmjsonob/.git/objects/pack')
rmdir('/tmp/nimble_5316/githubcom_cjxgmjsonob/.git/objects/info')
rmdir('/tmp/nimble_5316/githubcom_cjxgmjsonob/.git/objects')
rmdir('/tmp/nimble_5316/githubcom_cjxgmjsonob/.git/branches')
unlink('/tmp/nimble_5316/githubcom_cjxgmjsonob/.git/index')
unlink('/tmp/nimble_5316/githubcom_cjxgmjsonob/.git/info/exclude')
rmdir('/tmp/nimble_5316/githubcom_cjxgmjsonob/.git/info')
unlink('/tmp/nimble_5316/githubcom_cjxgmjsonob/.git/shallow')
rmdir('/tmp/nimble_5316/githubcom_cjxgmjsonob/.git')
unlink('/tmp/nimble_5316/githubcom_cjxgmjsonob/example/example.nim')
rmdir('/tmp/nimble_5316/githubcom_cjxgmjsonob/example')
unlink('/tmp/nimble_5316/githubcom_cjxgmjsonob/jsonob.nimble')
unlink('/tmp/nimble_5316/githubcom_cjxgmjsonob/readme.asciidoc')
unlink('/tmp/nimble_5316/githubcom_cjxgmjsonob/jsonob.nim')
rmdir('/tmp/nimble_5316/githubcom_cjxgmjsonob')
rmdir('/tmp/nimble_5316')
  create directory /tmp
  create directory /tmp/nimble_5316
  create directory /tmp/nimble_5316/githubcom_cjxgmjsonob
  delete /tmp/nimble_5316/githubcom_cjxgmjsonob
  create directory /tmp/nimble_5316/githubcom_cjxgmjsonob
  create directory /tmp/nimble_5316/githubcom_cjxgmjsonob/.git
  create directory /tmp/nimble_5316/githubcom_cjxgmjsonob/.git
  create directory /tmp/nimble_5316/githubcom_cjxgmjsonob/.git/hooks
  create directory /tmp/nimble_5316/githubcom_cjxgmjsonob/.git/branches
  create directory /tmp/nimble_5316/githubcom_cjxgmjsonob/.git/info
  create directory /tmp/nimble_5316/githubcom_cjxgmjsonob/.git/refs
  create directory /tmp/nimble_5316/githubcom_cjxgmjsonob/.git/refs/heads
  create directory /tmp/nimble_5316/githubcom_cjxgmjsonob/.git/refs/tags
  rename /tmp/nimble_5316/githubcom_cjxgmjsonob/.git/HEAD.lock to HEAD
  rename /tmp/nimble_5316/githubcom_cjxgmjsonob/.git/config.lock to config
  change permissions of /tmp/nimble_5316/githubcom_cjxgmjsonob/.git/config to rwxr--r--
  change permissions of /tmp/nimble_5316/githubcom_cjxgmjsonob/.git/config to rw-r--r--
  change permissions of /tmp/nimble_5316/githubcom_cjxgmjsonob/.git/config.lock to rw-r--r--
  rename /tmp/nimble_5316/githubcom_cjxgmjsonob/.git/config.lock to config
  change permissions of /tmp/nimble_5316/githubcom_cjxgmjsonob/.git/config.lock to rw-r--r--
  rename /tmp/nimble_5316/githubcom_cjxgmjsonob/.git/config.lock to config
  change permissions of /tmp/nimble_5316/githubcom_cjxgmjsonob/.git/config.lock to rw-r--r--
  rename /tmp/nimble_5316/githubcom_cjxgmjsonob/.git/config.lock to config
  delete /tmp/nimble_5316/githubcom_cjxgmjsonob/.git/tfToY2s
  create symbolic link from /tmp/nimble_5316/githubcom_cjxgmjsonob/.git/tfToY2s to /home/runner/work/nim_packages_security_audit/nim_packages_security_audit/testing
  delete /tmp/nimble_5316/githubcom_cjxgmjsonob/.git/tfToY2s
  create directory /tmp/nimble_5316/githubcom_cjxgmjsonob/.git/objects
  create directory /tmp/nimble_5316/githubcom_cjxgmjsonob/.git/objects/pack
  create directory /tmp/nimble_5316/githubcom_cjxgmjsonob/.git/objects/info
  change permissions of /tmp/nimble_5316/githubcom_cjxgmjsonob/.git/config.lock to rw-r--r--
  rename /tmp/nimble_5316/githubcom_cjxgmjsonob/.git/config.lock to config
  change permissions of /tmp/nimble_5316/githubcom_cjxgmjsonob/.git/config.lock to rw-r--r--
  rename /tmp/nimble_5316/githubcom_cjxgmjsonob/.git/config.lock to config
  change permissions of /tmp/nimble_5316/githubcom_cjxgmjsonob/.git/config.lock to rw-r--r--
  rename /tmp/nimble_5316/githubcom_cjxgmjsonob/.git/config.lock to config
  create hard link from /tmp/nimble_5316/githubcom_cjxgmjsonob/.git/objects/pack/pack-70a70eba9745548c3d55cecf024ef3d2e68a5d6b.pack to /tmp/nimble_5316/githubcom_cjxgmjsonob/.git/objects/pack/tmp_pack_kJC6hg
  delete /tmp/nimble_5316/githubcom_cjxgmjsonob/.git/objects/pack/tmp_pack_kJC6hg
  create hard link from /tmp/nimble_5316/githubcom_cjxgmjsonob/.git/objects/pack/pack-70a70eba9745548c3d55cecf024ef3d2e68a5d6b.idx to /tmp/nimble_5316/githubcom_cjxgmjsonob/.git/objects/pack/tmp_idx_S6HRrn
  delete /tmp/nimble_5316/githubcom_cjxgmjsonob/.git/objects/pack/tmp_idx_S6HRrn
  rename /tmp/nimble_5316/githubcom_cjxgmjsonob/.git/shallow.lock to shallow
  rename /tmp/nimble_5316/githubcom_cjxgmjsonob/.git/packed-refs.new to packed-refs
  delete /tmp/nimble_5316/githubcom_cjxgmjsonob/.git/packed-refs.lock
  create directory /tmp/nimble_5316/githubcom_cjxgmjsonob/.git/refs/remotes
  create directory /tmp/nimble_5316/githubcom_cjxgmjsonob/.git/refs/remotes/origin
  create directory /tmp/nimble_5316/githubcom_cjxgmjsonob/.git/logs
  create directory /tmp/nimble_5316/githubcom_cjxgmjsonob/.git/logs/refs
  create directory /tmp/nimble_5316/githubcom_cjxgmjsonob/.git/logs/refs/remotes
  create directory /tmp/nimble_5316/githubcom_cjxgmjsonob/.git/logs/refs/remotes/origin
  rename /tmp/nimble_5316/githubcom_cjxgmjsonob/.git/refs/remotes/origin/HEAD.lock to HEAD
  rename /tmp/nimble_5316/githubcom_cjxgmjsonob/.git/HEAD.lock to HEAD
  create directory /tmp/nimble_5316/githubcom_cjxgmjsonob/.git/logs/refs/heads
  rename /tmp/nimble_5316/githubcom_cjxgmjsonob/.git/refs/heads/master.lock to master
  delete /tmp/nimble_5316/githubcom_cjxgmjsonob/.git/HEAD.lock
  change permissions of /tmp/nimble_5316/githubcom_cjxgmjsonob/.git/config.lock to rw-r--r--
  rename /tmp/nimble_5316/githubcom_cjxgmjsonob/.git/config.lock to config
  change permissions of /tmp/nimble_5316/githubcom_cjxgmjsonob/.git/config.lock to rw-r--r--
  rename /tmp/nimble_5316/githubcom_cjxgmjsonob/.git/config.lock to config
  delete /tmp/nimble_5316/githubcom_cjxgmjsonob/.git/objects/pack/pack-70a70eba9745548c3d55cecf024ef3d2e68a5d6b.keep
  create directory /tmp/nimble_5316/githubcom_cjxgmjsonob/example
  rename /tmp/nimble_5316/githubcom_cjxgmjsonob/.git/index.lock to index
  create directory /tmp
  create directory /tmp/nimblecache
  create directory /tmp/nimblecache/jsonob_2054924736
  delete /tmp/nimblecache/jsonob_2054924736/jsonob.ini
  delete /tmp/nimble_5316.out
  delete /tmp/nimble_5316/githubcom_cjxgmjsonob/jsonob_5316.nims
  create directory /home
  create directory /home/runner
  create directory /home/runner/.nimble
  create directory /home/runner/.nimble/pkgs
  create directory /home/runner/.nimble/pkgs/jsonob-0.1.0
  create directory /home
  create directory /home/runner
  create directory /home/runner/.nimble
  create directory /home/runner/.nimble/pkgs
  create directory /home/runner/.nimble/pkgs/jsonob-0.1.0
  change permissions of /home/runner/.nimble/pkgs/jsonob-0.1.0/jsonob.nim to rw-r--r--
  change permissions of /home/runner/.nimble/pkgs/jsonob-0.1.0/jsonob.nimble to rw-r--r--
  create directory /tmp
  create directory /tmp/nimblecache
  create directory /tmp/nimblecache/jsonob_270085880
  delete /tmp/nimblecache/jsonob_270085880/jsonob.ini
  delete /tmp/nimble_5316.out
  delete /home/runner/.nimble/pkgs/jsonob-0.1.0/jsonob_5316.nims
  delete /tmp/nimble_5316/githubcom_cjxgmjsonob/.git/refs/remotes/origin/HEAD
  delete /tmp/nimble_5316/githubcom_cjxgmjsonob/.git/refs/remotes/origin
  delete /tmp/nimble_5316/githubcom_cjxgmjsonob/.git/refs/remotes
  delete /tmp/nimble_5316/githubcom_cjxgmjsonob/.git/refs/heads/master
  delete /tmp/nimble_5316/githubcom_cjxgmjsonob/.git/refs/heads
  delete /tmp/nimble_5316/githubcom_cjxgmjsonob/.git/refs/tags
  delete /tmp/nimble_5316/githubcom_cjxgmjsonob/.git/refs
  delete /tmp/nimble_5316/githubcom_cjxgmjsonob/.git/config
  delete /tmp/nimble_5316/githubcom_cjxgmjsonob/.git/logs/refs/remotes/origin/HEAD
  delete /tmp/nimble_5316/githubcom_cjxgmjsonob/.git/logs/refs/remotes/origin
  delete /tmp/nimble_5316/githubcom_cjxgmjsonob/.git/logs/refs/remotes
  delete /tmp/nimble_5316/githubcom_cjxgmjsonob/.git/logs/refs/heads/master
  delete /tmp/nimble_5316/githubcom_cjxgmjsonob/.git/logs/refs/heads
  delete /tmp/nimble_5316/githubcom_cjxgmjsonob/.git/logs/refs
  delete /tmp/nimble_5316/githubcom_cjxgmjsonob/.git/logs/HEAD
  delete /tmp/nimble_5316/githubcom_cjxgmjsonob/.git/logs
  delete /tmp/nimble_5316/githubcom_cjxgmjsonob/.git/packed-refs
  delete /tmp/nimble_5316/githubcom_cjxgmjsonob/.git/HEAD
  delete /tmp/nimble_5316/githubcom_cjxgmjsonob/.git/description
  delete /tmp/nimble_5316/githubcom_cjxgmjsonob/.git/hooks/fsmonitor-watchman.sample
  delete /tmp/nimble_5316/githubcom_cjxgmjsonob/.git/hooks/pre-commit.sample
  delete /tmp/nimble_5316/githubcom_cjxgmjsonob/.git/hooks/applypatch-msg.sample
  delete /tmp/nimble_5316/githubcom_cjxgmjsonob/.git/hooks/pre-rebase.sample
  delete /tmp/nimble_5316/githubcom_cjxgmjsonob/.git/hooks/update.sample
  delete /tmp/nimble_5316/githubcom_cjxgmjsonob/.git/hooks/pre-push.sample
  delete /tmp/nimble_5316/githubcom_cjxgmjsonob/.git/hooks/pre-receive.sample
  delete /tmp/nimble_5316/githubcom_cjxgmjsonob/.git/hooks/pre-applypatch.sample
  delete /tmp/nimble_5316/githubcom_cjxgmjsonob/.git/hooks/post-update.sample
  delete /tmp/nimble_5316/githubcom_cjxgmjsonob/.git/hooks/prepare-commit-msg.sample
  delete /tmp/nimble_5316/githubcom_cjxgmjsonob/.git/hooks/commit-msg.sample
  delete /tmp/nimble_5316/githubcom_cjxgmjsonob/.git/hooks/pre-merge-commit.sample
  delete /tmp/nimble_5316/githubcom_cjxgmjsonob/.git/hooks
  delete /tmp/nimble_5316/githubcom_cjxgmjsonob/.git/objects/pack/pack-70a70eba9745548c3d55cecf024ef3d2e68a5d6b.idx
  delete /tmp/nimble_5316/githubcom_cjxgmjsonob/.git/objects/pack/pack-70a70eba9745548c3d55cecf024ef3d2e68a5d6b.pack
  delete /tmp/nimble_5316/githubcom_cjxgmjsonob/.git/objects/pack
  delete /tmp/nimble_5316/githubcom_cjxgmjsonob/.git/objects/info
  delete /tmp/nimble_5316/githubcom_cjxgmjsonob/.git/objects
  delete /tmp/nimble_5316/githubcom_cjxgmjsonob/.git/branches
  delete /tmp/nimble_5316/githubcom_cjxgmjsonob/.git/index
  delete /tmp/nimble_5316/githubcom_cjxgmjsonob/.git/info/exclude
  delete /tmp/nimble_5316/githubcom_cjxgmjsonob/.git/info
  delete /tmp/nimble_5316/githubcom_cjxgmjsonob/.git/shallow
  delete /tmp/nimble_5316/githubcom_cjxgmjsonob/.git
  delete /tmp/nimble_5316/githubcom_cjxgmjsonob/example/example.nim
  delete /tmp/nimble_5316/githubcom_cjxgmjsonob/example
  delete /tmp/nimble_5316/githubcom_cjxgmjsonob/jsonob.nimble
  delete /tmp/nimble_5316/githubcom_cjxgmjsonob/readme.asciidoc
  delete /tmp/nimble_5316/githubcom_cjxgmjsonob/jsonob.nim
  delete /tmp/nimble_5316/githubcom_cjxgmjsonob
  delete /tmp/nimble_5316
