     Info:  Nimble data file "/home/runner/.nimble/nimbledata2.json" has been loaded.
    Reading official package list
Downloading https://github.com/guzba/jwtea using git
    Cloning latest tagged version: 0.1.1
open('/workspace/destdir/ssl/openssl.cnf', 32768, 0x00000000000001b6)
open('/home/runner/.config/nimble/nimble.ini', 557056, 0x00000000000001b6)
open('/home/runner/.config/babel/babel.ini', 557056, 0x00000000000001b6)
open('/home/runner/.nimble/nimbledata2.json', 557056, 0x00000000000001b6)
writev(1, 0x00007ffed20c3a00, 2)
writev(1, 0x00007ffed20c32e0, 2)
open('/home/runner/.nimble/packages_official.json', 557056, 0x00000000000001b6)
mkdir('/tmp/', 0x00000000000001ff)
mkdir('/tmp/nimble_2508/', 0x00000000000001ff)
mkdir('/tmp/nimble_2508/githubcom_guzbajwtea', 0x00000000000001ff)
writev(1, 0x00007ffed20c32b0, 2)
open('/tmp/nimble_2508/githubcom_guzbajwtea', 622592, 0x0000000000000000)
rmdir('/tmp/nimble_2508/githubcom_guzbajwtea')
writev(1, 0x00007ffed20c3220, 2)
mkdir(94374726080352, 0x00000000000001ff)
Error tracing process: readBytes(0x000055d554061760, 256) error: [Errno 5] Input/output error.
