     Info:  Nimble data file "/home/runner/.nimble/nimbledata2.json" has been loaded.
    Reading official package list
Downloading https://github.com/yglukhov/yasync using git
   Warning: The package has no tagged releases, downloading HEAD instead.
open('/workspace/destdir/ssl/openssl.cnf', 32768, 0x00000000000001b6)
open('/home/runner/.config/nimble/nimble.ini', 557056, 0x00000000000001b6)
open('/home/runner/.config/babel/babel.ini', 557056, 0x00000000000001b6)
open('/home/runner/.nimble/nimbledata2.json', 557056, 0x00000000000001b6)
writev(1, 0x00007ffde2f255e0, 2)
open('/home/runner/work/nim_packages_security_audit/nim_packages_security_audit', 622592, 0x0000000000000000)
writev(1, 0x00007ffde2f24cb0, 2)
open('/home/runner/.nimble/packages_official.json', 557056, 0x00000000000001b6)
mkdir('/tmp/', 0x00000000000001ff)
mkdir('/tmp/nimble_2249/', 0x00000000000001ff)
mkdir('/tmp/nimble_2249/githubcom_yglukhovyasync', 0x00000000000001ff)
writev(1, 0x00007ffde2f24c70, 2)
open('/tmp/nimble_2249/githubcom_yglukhovyasync', 622592, 0x0000000000000000)
rmdir('/tmp/nimble_2249/githubcom_yglukhovyasync')
writev(1, 0x00007ffde2f24be0, 2)
mkdir(94903479444880, 0x00000000000001ff)
Error tracing process: readBytes(0x00005650702e2590, 256) error: [Errno 5] Input/output error.
