     Info:  Nimble data file "/home/runner/.nimble/nimbledata2.json" has been loaded.
    Reading official package list
Downloading https://github.com/thisago/ytcc using git
    Cloning latest tagged version: 1.0.1
open('/workspace/destdir/ssl/openssl.cnf', 32768, 0x00000000000001b6)
open('/home/runner/.config/nimble/nimble.ini', 557056, 0x00000000000001b6)
open('/home/runner/.config/babel/babel.ini', 557056, 0x00000000000001b6)
open('/home/runner/.nimble/nimbledata2.json', 557056, 0x00000000000001b6)
writev(1, 0x00007ffc194ee660, 2)
writev(1, 0x00007ffc194edf40, 2)
open('/home/runner/.nimble/packages_official.json', 557056, 0x00000000000001b6)
mkdir('/tmp/', 0x00000000000001ff)
mkdir('/tmp/nimble_2030/', 0x00000000000001ff)
mkdir('/tmp/nimble_2030/githubcom_thisagoytcc', 0x00000000000001ff)
writev(1, 0x00007ffc194edf10, 2)
open('/tmp/nimble_2030/githubcom_thisagoytcc', 622592, 0x0000000000000000)
rmdir('/tmp/nimble_2030/githubcom_thisagoytcc')
writev(1, 0x00007ffc194ede80, 2)
mkdir(94542266546016, 0x00000000000001ff)
Error tracing process: readBytes(0x000055fc5636b760, 256) error: [Errno 5] Input/output error.
