      Info: Package cache path /home/runner/.nimble/pkgcache
     Info:  Nimble data file "/home/runner/.nimble/nimbledata2.json" has been loaded.
    Reading official package list
Downloading https://github.com/ethosa/yukiko using git
download.nim(92)         getTagsListRemote

    Error:  Unable to query remote tags for https://github.com/ethosa/yukiko. Git returned: remote: Repository not found.
        ... fatal: repository 'https://github.com/ethosa/yukiko/' not found
     Info:  Nimble data file "/home/runner/.nimble/nimbledata2.json" has been saved.
open('/workspace/destdir/ssl/openssl.cnf', 32768, 0x00000000000001b6)
open('/home/runner/.config/nimble/nimble.ini', 557056, 0x00000000000001b6)
open('/home/runner/.config/babel/babel.ini', 557056, 0x00000000000001b6)
writev(1, 0x00007ffe01f83850, 2)
open('/home/runner/.nimble/nimbledata2.json', 557056, 0x00000000000001b6)
writev(1, 0x00007ffe01f83920, 2)
writev(1, 0x00007fff62fde9d0, 2)
writev(1, 0x00007fff62fdea60, 2)
writev(1, 0x00007fff62fdea60, 2)
writev(1, 0x00007fff62fdea60, 2)
writev(1, 0x00007ffe01f82300, 2)
open('/home/runner/.nimble/packages_official.json', 557056, 0x00000000000001b6)
mkdir('/home/', 0x00000000000001ff)
mkdir('/home/runner/', 0x00000000000001ff)
mkdir('/home/runner/.nimble/', 0x00000000000001ff)
mkdir('/home/runner/.nimble/pkgcache/', 0x00000000000001ff)
mkdir('/home/runner/.nimble/pkgcache/githubcom_ethosayukiko', 0x00000000000001ff)
open('/home/runner/.nimble/pkgcache/githubcom_ethosayukiko', 622592, 0x0000000000000000)
writev(1, 0x00007ffe01f823e0, 2)
open('/home/runner/.nimble/pkgcache/githubcom_ethosayukiko', 622592, 0x0000000000000000)
rmdir('/home/runner/.nimble/pkgcache/githubcom_ethosayukiko')
writev(1, 0x00007ffe01f83aa0, 2)
writev(1, 0x00007ffe01f83910, 2)
writev(1, 0x00007ffe01f83910, 2)
open('/tmp/nimble_2402', 622592, 0x0000000000000000)
rmdir('/tmp/nimble_2402')
open('/home/runner/.nimble/nimbledata2.json', 557633, 0x00000000000001b6)
writev(3, 0x00007ffe01f83970, 2)
writev(1, 0x00007ffe01f83900, 2)
  create directory /home
  create directory /home/runner
  create directory /home/runner/.nimble
  create directory /home/runner/.nimble/pkgcache
  create directory /home/runner/.nimble/pkgcache/githubcom_ethosayukiko
  delete /home/runner/.nimble/pkgcache/githubcom_ethosayukiko
  delete /tmp/nimble_2402
  truncate file /home/runner/.nimble/nimbledata2.json
