    Reading official package list
Downloading https://github.com/juancarlospaco/nim-easings using git
mkdir('/tmp', 0x00000000000001ff)
mkdir('/tmp/nimble_8985', 0x00000000000001ff)
mkdir('/tmp/nimble_8985/githubcom_juancarlospaconimeasings', 0x00000000000001ff)
rmdir('/tmp/nimble_8985/githubcom_juancarlospaconimeasings')
mkdir('/tmp/nimble_8985/githubcom_juancarlospaconimeasings', 0x00000000000001ff)
mkdir('/tmp/nimble_8985/githubcom_juancarlospaconimeasings/.git', 0x00000000000001ff)
mkdir('/tmp/nimble_8985/githubcom_juancarlospaconimeasings/.git/', 0x00000000000001ff)
mkdir('/tmp/nimble_8985/githubcom_juancarlospaconimeasings/.git/info/', 0x00000000000001ff)
mkdir('/tmp/nimble_8985/githubcom_juancarlospaconimeasings/.git/branches/', 0x00000000000001ff)
mkdir('/tmp/nimble_8985/githubcom_juancarlospaconimeasings/.git/hooks/', 0x00000000000001ff)
mkdir('/tmp/nimble_8985/githubcom_juancarlospaconimeasings/.git/refs', 0x00000000000001ff)
mkdir('/tmp/nimble_8985/githubcom_juancarlospaconimeasings/.git/refs/heads', 0x00000000000001ff)
mkdir('/tmp/nimble_8985/githubcom_juancarlospaconimeasings/.git/refs/tags', 0x00000000000001ff)
rename('/tmp/nimble_8985/githubcom_juancarlospaconimeasings/.git/HEAD.lock', '/tmp/nimble_8985/githubcom_juancarlospaconimeasings/.git/HEAD')
rename('/tmp/nimble_8985/githubcom_juancarlospaconimeasings/.git/config.lock', '/tmp/nimble_8985/githubcom_juancarlospaconimeasings/.git/config')
chmod('/tmp/nimble_8985/githubcom_juancarlospaconimeasings/.git/config', 0x00000000000081e4)
chmod('/tmp/nimble_8985/githubcom_juancarlospaconimeasings/.git/config', 0x00000000000081a4)
chmod('/tmp/nimble_8985/githubcom_juancarlospaconimeasings/.git/config.lock', 0x00000000000001a4)
rename('/tmp/nimble_8985/githubcom_juancarlospaconimeasings/.git/config.lock', '/tmp/nimble_8985/githubcom_juancarlospaconimeasings/.git/config')
chmod('/tmp/nimble_8985/githubcom_juancarlospaconimeasings/.git/config.lock', 0x00000000000001a4)
rename('/tmp/nimble_8985/githubcom_juancarlospaconimeasings/.git/config.lock', '/tmp/nimble_8985/githubcom_juancarlospaconimeasings/.git/config')
chmod('/tmp/nimble_8985/githubcom_juancarlospaconimeasings/.git/config.lock', 0x00000000000001a4)
rename('/tmp/nimble_8985/githubcom_juancarlospaconimeasings/.git/config.lock', '/tmp/nimble_8985/githubcom_juancarlospaconimeasings/.git/config')
unlink('/tmp/nimble_8985/githubcom_juancarlospaconimeasings/.git/tEomdxC')
symlink('testing', '/tmp/nimble_8985/githubcom_juancarlospaconimeasings/.git/tEomdxC')
unlink('/tmp/nimble_8985/githubcom_juancarlospaconimeasings/.git/tEomdxC')
mkdir('/tmp/nimble_8985/githubcom_juancarlospaconimeasings/.git/objects', 0x00000000000001ff)
mkdir('/tmp/nimble_8985/githubcom_juancarlospaconimeasings/.git/objects/pack', 0x00000000000001ff)
mkdir('/tmp/nimble_8985/githubcom_juancarlospaconimeasings/.git/objects/info', 0x00000000000001ff)
chmod('/tmp/nimble_8985/githubcom_juancarlospaconimeasings/.git/config.lock', 0x00000000000001a4)
rename('/tmp/nimble_8985/githubcom_juancarlospaconimeasings/.git/config.lock', '/tmp/nimble_8985/githubcom_juancarlospaconimeasings/.git/config')
chmod('/tmp/nimble_8985/githubcom_juancarlospaconimeasings/.git/config.lock', 0x00000000000001a4)
rename('/tmp/nimble_8985/githubcom_juancarlospaconimeasings/.git/config.lock', '/tmp/nimble_8985/githubcom_juancarlospaconimeasings/.git/config')
chmod('/tmp/nimble_8985/githubcom_juancarlospaconimeasings/.git/config.lock', 0x00000000000001a4)
rename('/tmp/nimble_8985/githubcom_juancarlospaconimeasings/.git/config.lock', '/tmp/nimble_8985/githubcom_juancarlospaconimeasings/.git/config')
mkdir('/tmp/nimble_8985/githubcom_juancarlospaconimeasings/.git/objects/f7', 0x00000000000001ff)
link('/tmp/nimble_8985/githubcom_juancarlospaconimeasings/.git/objects/f7/tmp_obj_8QQE00', '/tmp/nimble_8985/githubcom_juancarlospaconimeasings/.git/objects/f7/1b77acfa157455cfe4305bb74825df72efeead')
unlink('/tmp/nimble_8985/githubcom_juancarlospaconimeasings/.git/objects/f7/tmp_obj_8QQE00')
mkdir('/tmp/nimble_8985/githubcom_juancarlospaconimeasings/.git/objects/1f', 0x00000000000001ff)
link('/tmp/nimble_8985/githubcom_juancarlospaconimeasings/.git/objects/1f/tmp_obj_eAE1a6', '/tmp/nimble_8985/githubcom_juancarlospaconimeasings/.git/objects/1f/4ef62909af3b75c121d6413f73c65f307d9768')
unlink('/tmp/nimble_8985/githubcom_juancarlospaconimeasings/.git/objects/1f/tmp_obj_eAE1a6')
mkdir('/tmp/nimble_8985/githubcom_juancarlospaconimeasings/.git/objects/c1', 0x00000000000001ff)
link('/tmp/nimble_8985/githubcom_juancarlospaconimeasings/.git/objects/c1/tmp_obj_KI0CF7', '/tmp/nimble_8985/githubcom_juancarlospaconimeasings/.git/objects/c1/a4144bd8d2bb5b1d112a8b3b3fa7280b7f6641')
unlink('/tmp/nimble_8985/githubcom_juancarlospaconimeasings/.git/objects/c1/tmp_obj_KI0CF7')
mkdir('/tmp/nimble_8985/githubcom_juancarlospaconimeasings/.git/objects/31', 0x00000000000001ff)
link('/tmp/nimble_8985/githubcom_juancarlospaconimeasings/.git/objects/31/tmp_obj_W2v1pc', '/tmp/nimble_8985/githubcom_juancarlospaconimeasings/.git/objects/31/41ff73c45f34994f2ac19aace755b762e06630')
unlink('/tmp/nimble_8985/githubcom_juancarlospaconimeasings/.git/objects/31/tmp_obj_W2v1pc')
mkdir('/tmp/nimble_8985/githubcom_juancarlospaconimeasings/.git/objects/67', 0x00000000000001ff)
link('/tmp/nimble_8985/githubcom_juancarlospaconimeasings/.git/objects/67/tmp_obj_ay86hg', '/tmp/nimble_8985/githubcom_juancarlospaconimeasings/.git/objects/67/d9b34c6cecad82ad17197ffa5db4860caf9037')
unlink('/tmp/nimble_8985/githubcom_juancarlospaconimeasings/.git/objects/67/tmp_obj_ay86hg')
mkdir('/tmp/nimble_8985/githubcom_juancarlospaconimeasings/.git/objects/df', 0x00000000000001ff)
link('/tmp/nimble_8985/githubcom_juancarlospaconimeasings/.git/objects/df/tmp_obj_p5BVba', '/tmp/nimble_8985/githubcom_juancarlospaconimeasings/.git/objects/df/66393e2cc3ee2863c542a3a7ed65acd1ae7747')
unlink('/tmp/nimble_8985/githubcom_juancarlospaconimeasings/.git/objects/df/tmp_obj_p5BVba')
link('/tmp/nimble_8985/githubcom_juancarlospaconimeasings/.git/objects/31/tmp_obj_LQwBLc', '/tmp/nimble_8985/githubcom_juancarlospaconimeasings/.git/objects/31/2001a5c6e0b0448713450687f4bf1b11655a45')
unlink('/tmp/nimble_8985/githubcom_juancarlospaconimeasings/.git/objects/31/tmp_obj_LQwBLc')
mkdir('/tmp/nimble_8985/githubcom_juancarlospaconimeasings/.git/objects/79', 0x00000000000001ff)
link('/tmp/nimble_8985/githubcom_juancarlospaconimeasings/.git/objects/79/tmp_obj_FVa6hk', '/tmp/nimble_8985/githubcom_juancarlospaconimeasings/.git/objects/79/efc907be7261ed6655b48233c8e821ea4dbcfc')
unlink('/tmp/nimble_8985/githubcom_juancarlospaconimeasings/.git/objects/79/tmp_obj_FVa6hk')
mkdir('/tmp/nimble_8985/githubcom_juancarlospaconimeasings/.git/objects/fa', 0x00000000000001ff)
link('/tmp/nimble_8985/githubcom_juancarlospaconimeasings/.git/objects/fa/tmp_obj_xR2Bav', '/tmp/nimble_8985/githubcom_juancarlospaconimeasings/.git/objects/fa/7400e7bd442cbf3749daaac11db0a9268dd563')
unlink('/tmp/nimble_8985/githubcom_juancarlospaconimeasings/.git/objects/fa/tmp_obj_xR2Bav')
mkdir('/tmp/nimble_8985/githubcom_juancarlospaconimeasings/.git/objects/b2', 0x00000000000001ff)
link('/tmp/nimble_8985/githubcom_juancarlospaconimeasings/.git/objects/b2/tmp_obj_XuQ8dz', '/tmp/nimble_8985/githubcom_juancarlospaconimeasings/.git/objects/b2/928ebfb8d4e9897f056f730d07dcfa0e23c6a6')
unlink('/tmp/nimble_8985/githubcom_juancarlospaconimeasings/.git/objects/b2/tmp_obj_XuQ8dz')
mkdir('/tmp/nimble_8985/githubcom_juancarlospaconimeasings/.git/objects/27', 0x00000000000001ff)
link('/tmp/nimble_8985/githubcom_juancarlospaconimeasings/.git/objects/27/tmp_obj_Vb1OWz', '/tmp/nimble_8985/githubcom_juancarlospaconimeasings/.git/objects/27/4037f9f5a52f0f184758f66c081dd9fc572303')
unlink('/tmp/nimble_8985/githubcom_juancarlospaconimeasings/.git/objects/27/tmp_obj_Vb1OWz')
mkdir('/tmp/nimble_8985/githubcom_juancarlospaconimeasings/.git/objects/1b', 0x00000000000001ff)
link('/tmp/nimble_8985/githubcom_juancarlospaconimeasings/.git/objects/1b/tmp_obj_147EGF', '/tmp/nimble_8985/githubcom_juancarlospaconimeasings/.git/objects/1b/5e9995fadb1fdc45e20bdebc4e1102296d9964')
unlink('/tmp/nimble_8985/githubcom_juancarlospaconimeasings/.git/objects/1b/tmp_obj_147EGF')
rename('/tmp/nimble_8985/githubcom_juancarlospaconimeasings/.git/shallow.lock', '/tmp/nimble_8985/githubcom_juancarlospaconimeasings/.git/shallow')       Info /tmp/nimble_8985/githubcom_juancarlospaconimeasings/easings_8985.nims(1, 8) Warning: imported and not used: 'system' [UnusedImport]
        ... /tmp/nimble_8985/githubcom_juancarlospaconimeasings/easings_8985.nims(5, 22) Warning: imported and not used: 'strutils' [UnusedImport]
  Verifying dependencies for easings@0.1.0
 Installing easings@0.1.0
    Copying file /tmp/nimble_8985/githubcom_juancarlospaconimeasings/src/easings.nim to /home/runner/.nimble/pkgs/easings-0.1.0/easings.nim
    Copying file /tmp/nimble_8985/githubcom_juancarlospaconimeasings/src/easings.h to /home/runner/.nimble/pkgs/easings-0.1.0/easings.h
    Copying file /tmp/nimble_8985/githubcom_juancarlospaconimeasings/easings.nimble to /home/runner/.nimble/pkgs/easings-0.1.0/easings.nimble
   Success: easings installed successfully.
       Info /home/runner/.nimble/pkgs/easings-0.1.0/easings_8985.nims(1, 8) Warning: imported and not used: 'system' [UnusedImport]
        ... /home/runner/.nimble/pkgs/easings-0.1.0/easings_8985.nims(5, 22) Warning: imported and not used: 'strutils' [UnusedImport]

rename('/tmp/nimble_8985/githubcom_juancarlospaconimeasings/.git/packed-refs.new', '/tmp/nimble_8985/githubcom_juancarlospaconimeasings/.git/packed-refs')
unlink('/tmp/nimble_8985/githubcom_juancarlospaconimeasings/.git/packed-refs.lock')
mkdir('/tmp/nimble_8985/githubcom_juancarlospaconimeasings/.git/refs/remotes', 0x00000000000001ff)
mkdir('/tmp/nimble_8985/githubcom_juancarlospaconimeasings/.git/refs/remotes/origin', 0x00000000000001ff)
mkdir('/tmp/nimble_8985/githubcom_juancarlospaconimeasings/.git/logs', 0x00000000000001ff)
mkdir('/tmp/nimble_8985/githubcom_juancarlospaconimeasings/.git/logs/refs', 0x00000000000001ff)
mkdir('/tmp/nimble_8985/githubcom_juancarlospaconimeasings/.git/logs/refs/remotes', 0x00000000000001ff)
mkdir('/tmp/nimble_8985/githubcom_juancarlospaconimeasings/.git/logs/refs/remotes/origin', 0x00000000000001ff)
rename('/tmp/nimble_8985/githubcom_juancarlospaconimeasings/.git/refs/remotes/origin/HEAD.lock', '/tmp/nimble_8985/githubcom_juancarlospaconimeasings/.git/refs/remotes/origin/HEAD')
rename('/tmp/nimble_8985/githubcom_juancarlospaconimeasings/.git/HEAD.lock', '/tmp/nimble_8985/githubcom_juancarlospaconimeasings/.git/HEAD')
mkdir('/tmp/nimble_8985/githubcom_juancarlospaconimeasings/.git/logs/refs/heads', 0x00000000000001ff)
rename('/tmp/nimble_8985/githubcom_juancarlospaconimeasings/.git/refs/heads/master.lock', '/tmp/nimble_8985/githubcom_juancarlospaconimeasings/.git/refs/heads/master')
unlink('/tmp/nimble_8985/githubcom_juancarlospaconimeasings/.git/HEAD.lock')
chmod('/tmp/nimble_8985/githubcom_juancarlospaconimeasings/.git/config.lock', 0x00000000000001a4)
rename('/tmp/nimble_8985/githubcom_juancarlospaconimeasings/.git/config.lock', '/tmp/nimble_8985/githubcom_juancarlospaconimeasings/.git/config')
chmod('/tmp/nimble_8985/githubcom_juancarlospaconimeasings/.git/config.lock', 0x00000000000001a4)
rename('/tmp/nimble_8985/githubcom_juancarlospaconimeasings/.git/config.lock', '/tmp/nimble_8985/githubcom_juancarlospaconimeasings/.git/config')
mkdir('.github', 0x00000000000001ff)
mkdir('src', 0x00000000000001ff)
rename('/tmp/nimble_8985/githubcom_juancarlospaconimeasings/.git/index.lock', '/tmp/nimble_8985/githubcom_juancarlospaconimeasings/.git/index')
mkdir('/tmp', 0x00000000000001ff)
mkdir('/tmp/nimblecache', 0x00000000000001ff)
mkdir('/tmp/nimblecache/easings_3474084225', 0x00000000000001ff)
unlink('/tmp/nimblecache/easings_3474084225/easings.ini')
unlink('/tmp/nimble_8985.out')
unlink('/tmp/nimble_8985/githubcom_juancarlospaconimeasings/easings_8985.nims')
mkdir('/home', 0x00000000000001ff)
mkdir('/home/runner', 0x00000000000001ff)
mkdir('/home/runner/.nimble', 0x00000000000001ff)
mkdir('/home/runner/.nimble/pkgs', 0x00000000000001ff)
mkdir('/home/runner/.nimble/pkgs/easings-0.1.0', 0x00000000000001ff)
mkdir('/home', 0x00000000000001ff)
mkdir('/home/runner', 0x00000000000001ff)
mkdir('/home/runner/.nimble', 0x00000000000001ff)
mkdir('/home/runner/.nimble/pkgs', 0x00000000000001ff)
mkdir('/home/runner/.nimble/pkgs/easings-0.1.0', 0x00000000000001ff)
chmod('/home/runner/.nimble/pkgs/easings-0.1.0/easings.nim', 0x00000000000001a4)
mkdir('/home', 0x00000000000001ff)
mkdir('/home/runner', 0x00000000000001ff)
mkdir('/home/runner/.nimble', 0x00000000000001ff)
mkdir('/home/runner/.nimble/pkgs', 0x00000000000001ff)
mkdir('/home/runner/.nimble/pkgs/easings-0.1.0', 0x00000000000001ff)
chmod('/home/runner/.nimble/pkgs/easings-0.1.0/easings.h', 0x00000000000001a4)
chmod('/home/runner/.nimble/pkgs/easings-0.1.0/easings.nimble', 0x00000000000001a4)
mkdir('/tmp', 0x00000000000001ff)
mkdir('/tmp/nimblecache', 0x00000000000001ff)
mkdir('/tmp/nimblecache/easings_3519259388', 0x00000000000001ff)
unlink('/tmp/nimblecache/easings_3519259388/easings.ini')
unlink('/tmp/nimble_8985.out')
unlink('/home/runner/.nimble/pkgs/easings-0.1.0/easings_8985.nims')
unlink('/tmp/nimble_8985/githubcom_juancarlospaconimeasings/easings.gif')
unlink('/tmp/nimble_8985/githubcom_juancarlospaconimeasings/README.md')
unlink('/tmp/nimble_8985/githubcom_juancarlospaconimeasings/.github/FUNDING.yml')
rmdir('/tmp/nimble_8985/githubcom_juancarlospaconimeasings/.github')
unlink('/tmp/nimble_8985/githubcom_juancarlospaconimeasings/.git/refs/remotes/origin/HEAD')
rmdir('/tmp/nimble_8985/githubcom_juancarlospaconimeasings/.git/refs/remotes/origin')
rmdir('/tmp/nimble_8985/githubcom_juancarlospaconimeasings/.git/refs/remotes')
rmdir('/tmp/nimble_8985/githubcom_juancarlospaconimeasings/.git/refs/tags')
unlink('/tmp/nimble_8985/githubcom_juancarlospaconimeasings/.git/refs/heads/master')
rmdir('/tmp/nimble_8985/githubcom_juancarlospaconimeasings/.git/refs/heads')
rmdir('/tmp/nimble_8985/githubcom_juancarlospaconimeasings/.git/refs')
unlink('/tmp/nimble_8985/githubcom_juancarlospaconimeasings/.git/info/exclude')
rmdir('/tmp/nimble_8985/githubcom_juancarlospaconimeasings/.git/info')
rmdir('/tmp/nimble_8985/githubcom_juancarlospaconimeasings/.git/branches')
unlink('/tmp/nimble_8985/githubcom_juancarlospaconimeasings/.git/logs/refs/remotes/origin/HEAD')
rmdir('/tmp/nimble_8985/githubcom_juancarlospaconimeasings/.git/logs/refs/remotes/origin')
rmdir('/tmp/nimble_8985/githubcom_juancarlospaconimeasings/.git/logs/refs/remotes')
unlink('/tmp/nimble_8985/githubcom_juancarlospaconimeasings/.git/logs/refs/heads/master')
rmdir('/tmp/nimble_8985/githubcom_juancarlospaconimeasings/.git/logs/refs/heads')
rmdir('/tmp/nimble_8985/githubcom_juancarlospaconimeasings/.git/logs/refs')
unlink('/tmp/nimble_8985/githubcom_juancarlospaconimeasings/.git/logs/HEAD')
rmdir('/tmp/nimble_8985/githubcom_juancarlospaconimeasings/.git/logs')
unlink('/tmp/nimble_8985/githubcom_juancarlospaconimeasings/.git/description')
unlink('/tmp/nimble_8985/githubcom_juancarlospaconimeasings/.git/hooks/pre-rebase.sample')
unlink('/tmp/nimble_8985/githubcom_juancarlospaconimeasings/.git/hooks/applypatch-msg.sample')
unlink('/tmp/nimble_8985/githubcom_juancarlospaconimeasings/.git/hooks/pre-push.sample')
unlink('/tmp/nimble_8985/githubcom_juancarlospaconimeasings/.git/hooks/pre-merge-commit.sample')
unlink('/tmp/nimble_8985/githubcom_juancarlospaconimeasings/.git/hooks/pre-receive.sample')
unlink('/tmp/nimble_8985/githubcom_juancarlospaconimeasings/.git/hooks/update.sample')
unlink('/tmp/nimble_8985/githubcom_juancarlospaconimeasings/.git/hooks/pre-commit.sample')
unlink('/tmp/nimble_8985/githubcom_juancarlospaconimeasings/.git/hooks/pre-applypatch.sample')
unlink('/tmp/nimble_8985/githubcom_juancarlospaconimeasings/.git/hooks/commit-msg.sample')
unlink('/tmp/nimble_8985/githubcom_juancarlospaconimeasings/.git/hooks/fsmonitor-watchman.sample')
unlink('/tmp/nimble_8985/githubcom_juancarlospaconimeasings/.git/hooks/prepare-commit-msg.sample')
unlink('/tmp/nimble_8985/githubcom_juancarlospaconimeasings/.git/hooks/post-update.sample')
rmdir('/tmp/nimble_8985/githubcom_juancarlospaconimeasings/.git/hooks')
unlink('/tmp/nimble_8985/githubcom_juancarlospaconimeasings/.git/shallow')
unlink('/tmp/nimble_8985/githubcom_juancarlospaconimeasings/.git/config')
unlink('/tmp/nimble_8985/githubcom_juancarlospaconimeasings/.git/index')
unlink('/tmp/nimble_8985/githubcom_juancarlospaconimeasings/.git/objects/79/efc907be7261ed6655b48233c8e821ea4dbcfc')
rmdir('/tmp/nimble_8985/githubcom_juancarlospaconimeasings/.git/objects/79')
unlink('/tmp/nimble_8985/githubcom_juancarlospaconimeasings/.git/objects/1b/5e9995fadb1fdc45e20bdebc4e1102296d9964')
rmdir('/tmp/nimble_8985/githubcom_juancarlospaconimeasings/.git/objects/1b')
unlink('/tmp/nimble_8985/githubcom_juancarlospaconimeasings/.git/objects/31/41ff73c45f34994f2ac19aace755b762e06630')
unlink('/tmp/nimble_8985/githubcom_juancarlospaconimeasings/.git/objects/31/2001a5c6e0b0448713450687f4bf1b11655a45')
rmdir('/tmp/nimble_8985/githubcom_juancarlospaconimeasings/.git/objects/31')
rmdir('/tmp/nimble_8985/githubcom_juancarlospaconimeasings/.git/objects/info')
unlink('/tmp/nimble_8985/githubcom_juancarlospaconimeasings/.git/objects/f7/1b77acfa157455cfe4305bb74825df72efeead')
rmdir('/tmp/nimble_8985/githubcom_juancarlospaconimeasings/.git/objects/f7')
unlink('/tmp/nimble_8985/githubcom_juancarlospaconimeasings/.git/objects/fa/7400e7bd442cbf3749daaac11db0a9268dd563')
rmdir('/tmp/nimble_8985/githubcom_juancarlospaconimeasings/.git/objects/fa')
unlink('/tmp/nimble_8985/githubcom_juancarlospaconimeasings/.git/objects/df/66393e2cc3ee2863c542a3a7ed65acd1ae7747')
rmdir('/tmp/nimble_8985/githubcom_juancarlospaconimeasings/.git/objects/df')
unlink('/tmp/nimble_8985/githubcom_juancarlospaconimeasings/.git/objects/c1/a4144bd8d2bb5b1d112a8b3b3fa7280b7f6641')
rmdir('/tmp/nimble_8985/githubcom_juancarlospaconimeasings/.git/objects/c1')
unlink('/tmp/nimble_8985/githubcom_juancarlospaconimeasings/.git/objects/67/d9b34c6cecad82ad17197ffa5db4860caf9037')
rmdir('/tmp/nimble_8985/githubcom_juancarlospaconimeasings/.git/objects/67')
unlink('/tmp/nimble_8985/githubcom_juancarlospaconimeasings/.git/objects/1f/4ef62909af3b75c121d6413f73c65f307d9768')
rmdir('/tmp/nimble_8985/githubcom_juancarlospaconimeasings/.git/objects/1f')
unlink('/tmp/nimble_8985/githubcom_juancarlospaconimeasings/.git/objects/b2/928ebfb8d4e9897f056f730d07dcfa0e23c6a6')
rmdir('/tmp/nimble_8985/githubcom_juancarlospaconimeasings/.git/objects/b2')
rmdir('/tmp/nimble_8985/githubcom_juancarlospaconimeasings/.git/objects/pack')
unlink('/tmp/nimble_8985/githubcom_juancarlospaconimeasings/.git/objects/27/4037f9f5a52f0f184758f66c081dd9fc572303')
rmdir('/tmp/nimble_8985/githubcom_juancarlospaconimeasings/.git/objects/27')
rmdir('/tmp/nimble_8985/githubcom_juancarlospaconimeasings/.git/objects')
unlink('/tmp/nimble_8985/githubcom_juancarlospaconimeasings/.git/packed-refs')
unlink('/tmp/nimble_8985/githubcom_juancarlospaconimeasings/.git/HEAD')
rmdir('/tmp/nimble_8985/githubcom_juancarlospaconimeasings/.git')
unlink('/tmp/nimble_8985/githubcom_juancarlospaconimeasings/src/easings.nim')
unlink('/tmp/nimble_8985/githubcom_juancarlospaconimeasings/src/easings.h')
rmdir('/tmp/nimble_8985/githubcom_juancarlospaconimeasings/src')
unlink('/tmp/nimble_8985/githubcom_juancarlospaconimeasings/easings.nimble')
unlink('/tmp/nimble_8985/githubcom_juancarlospaconimeasings/.gitignore')
unlink('/tmp/nimble_8985/githubcom_juancarlospaconimeasings/LICENSE')
rmdir('/tmp/nimble_8985/githubcom_juancarlospaconimeasings')
rmdir('/tmp/nimble_8985')
  create directory /tmp
  create directory /tmp/nimble_8985
  create directory /tmp/nimble_8985/githubcom_juancarlospaconimeasings
  delete /tmp/nimble_8985/githubcom_juancarlospaconimeasings
  create directory /tmp/nimble_8985/githubcom_juancarlospaconimeasings
  create directory /tmp/nimble_8985/githubcom_juancarlospaconimeasings/.git
  create directory /tmp/nimble_8985/githubcom_juancarlospaconimeasings/.git
  create directory /tmp/nimble_8985/githubcom_juancarlospaconimeasings/.git/info
  create directory /tmp/nimble_8985/githubcom_juancarlospaconimeasings/.git/branches
  create directory /tmp/nimble_8985/githubcom_juancarlospaconimeasings/.git/hooks
  create directory /tmp/nimble_8985/githubcom_juancarlospaconimeasings/.git/refs
  create directory /tmp/nimble_8985/githubcom_juancarlospaconimeasings/.git/refs/heads
  create directory /tmp/nimble_8985/githubcom_juancarlospaconimeasings/.git/refs/tags
  rename /tmp/nimble_8985/githubcom_juancarlospaconimeasings/.git/HEAD.lock to HEAD
  rename /tmp/nimble_8985/githubcom_juancarlospaconimeasings/.git/config.lock to config
  change permissions of /tmp/nimble_8985/githubcom_juancarlospaconimeasings/.git/config to rwxr--r--
  change permissions of /tmp/nimble_8985/githubcom_juancarlospaconimeasings/.git/config to rw-r--r--
  change permissions of /tmp/nimble_8985/githubcom_juancarlospaconimeasings/.git/config.lock to rw-r--r--
  rename /tmp/nimble_8985/githubcom_juancarlospaconimeasings/.git/config.lock to config
  change permissions of /tmp/nimble_8985/githubcom_juancarlospaconimeasings/.git/config.lock to rw-r--r--
  rename /tmp/nimble_8985/githubcom_juancarlospaconimeasings/.git/config.lock to config
  change permissions of /tmp/nimble_8985/githubcom_juancarlospaconimeasings/.git/config.lock to rw-r--r--
  rename /tmp/nimble_8985/githubcom_juancarlospaconimeasings/.git/config.lock to config
  delete /tmp/nimble_8985/githubcom_juancarlospaconimeasings/.git/tEomdxC
  create symbolic link from /tmp/nimble_8985/githubcom_juancarlospaconimeasings/.git/tEomdxC to /home/runner/work/nim_packages_security_audit/nim_packages_security_audit/testing
  delete /tmp/nimble_8985/githubcom_juancarlospaconimeasings/.git/tEomdxC
  create directory /tmp/nimble_8985/githubcom_juancarlospaconimeasings/.git/objects
  create directory /tmp/nimble_8985/githubcom_juancarlospaconimeasings/.git/objects/pack
  create directory /tmp/nimble_8985/githubcom_juancarlospaconimeasings/.git/objects/info
  change permissions of /tmp/nimble_8985/githubcom_juancarlospaconimeasings/.git/config.lock to rw-r--r--
  rename /tmp/nimble_8985/githubcom_juancarlospaconimeasings/.git/config.lock to config
  change permissions of /tmp/nimble_8985/githubcom_juancarlospaconimeasings/.git/config.lock to rw-r--r--
  rename /tmp/nimble_8985/githubcom_juancarlospaconimeasings/.git/config.lock to config
  change permissions of /tmp/nimble_8985/githubcom_juancarlospaconimeasings/.git/config.lock to rw-r--r--
  rename /tmp/nimble_8985/githubcom_juancarlospaconimeasings/.git/config.lock to config
  create directory /tmp/nimble_8985/githubcom_juancarlospaconimeasings/.git/objects/f7
  create hard link from /tmp/nimble_8985/githubcom_juancarlospaconimeasings/.git/objects/f7/1b77acfa157455cfe4305bb74825df72efeead to /tmp/nimble_8985/githubcom_juancarlospaconimeasings/.git/objects/f7/tmp_obj_8QQE00
  delete /tmp/nimble_8985/githubcom_juancarlospaconimeasings/.git/objects/f7/tmp_obj_8QQE00
  create directory /tmp/nimble_8985/githubcom_juancarlospaconimeasings/.git/objects/1f
  create hard link from /tmp/nimble_8985/githubcom_juancarlospaconimeasings/.git/objects/1f/4ef62909af3b75c121d6413f73c65f307d9768 to /tmp/nimble_8985/githubcom_juancarlospaconimeasings/.git/objects/1f/tmp_obj_eAE1a6
  delete /tmp/nimble_8985/githubcom_juancarlospaconimeasings/.git/objects/1f/tmp_obj_eAE1a6
  create directory /tmp/nimble_8985/githubcom_juancarlospaconimeasings/.git/objects/c1
  create hard link from /tmp/nimble_8985/githubcom_juancarlospaconimeasings/.git/objects/c1/a4144bd8d2bb5b1d112a8b3b3fa7280b7f6641 to /tmp/nimble_8985/githubcom_juancarlospaconimeasings/.git/objects/c1/tmp_obj_KI0CF7
  delete /tmp/nimble_8985/githubcom_juancarlospaconimeasings/.git/objects/c1/tmp_obj_KI0CF7
  create directory /tmp/nimble_8985/githubcom_juancarlospaconimeasings/.git/objects/31
  create hard link from /tmp/nimble_8985/githubcom_juancarlospaconimeasings/.git/objects/31/41ff73c45f34994f2ac19aace755b762e06630 to /tmp/nimble_8985/githubcom_juancarlospaconimeasings/.git/objects/31/tmp_obj_W2v1pc
  delete /tmp/nimble_8985/githubcom_juancarlospaconimeasings/.git/objects/31/tmp_obj_W2v1pc
  create directory /tmp/nimble_8985/githubcom_juancarlospaconimeasings/.git/objects/67
  create hard link from /tmp/nimble_8985/githubcom_juancarlospaconimeasings/.git/objects/67/d9b34c6cecad82ad17197ffa5db4860caf9037 to /tmp/nimble_8985/githubcom_juancarlospaconimeasings/.git/objects/67/tmp_obj_ay86hg
  delete /tmp/nimble_8985/githubcom_juancarlospaconimeasings/.git/objects/67/tmp_obj_ay86hg
  create directory /tmp/nimble_8985/githubcom_juancarlospaconimeasings/.git/objects/df
  create hard link from /tmp/nimble_8985/githubcom_juancarlospaconimeasings/.git/objects/df/66393e2cc3ee2863c542a3a7ed65acd1ae7747 to /tmp/nimble_8985/githubcom_juancarlospaconimeasings/.git/objects/df/tmp_obj_p5BVba
  delete /tmp/nimble_8985/githubcom_juancarlospaconimeasings/.git/objects/df/tmp_obj_p5BVba
  create hard link from /tmp/nimble_8985/githubcom_juancarlospaconimeasings/.git/objects/31/2001a5c6e0b0448713450687f4bf1b11655a45 to /tmp/nimble_8985/githubcom_juancarlospaconimeasings/.git/objects/31/tmp_obj_LQwBLc
  delete /tmp/nimble_8985/githubcom_juancarlospaconimeasings/.git/objects/31/tmp_obj_LQwBLc
  create directory /tmp/nimble_8985/githubcom_juancarlospaconimeasings/.git/objects/79
  create hard link from /tmp/nimble_8985/githubcom_juancarlospaconimeasings/.git/objects/79/efc907be7261ed6655b48233c8e821ea4dbcfc to /tmp/nimble_8985/githubcom_juancarlospaconimeasings/.git/objects/79/tmp_obj_FVa6hk
  delete /tmp/nimble_8985/githubcom_juancarlospaconimeasings/.git/objects/79/tmp_obj_FVa6hk
  create directory /tmp/nimble_8985/githubcom_juancarlospaconimeasings/.git/objects/fa
  create hard link from /tmp/nimble_8985/githubcom_juancarlospaconimeasings/.git/objects/fa/7400e7bd442cbf3749daaac11db0a9268dd563 to /tmp/nimble_8985/githubcom_juancarlospaconimeasings/.git/objects/fa/tmp_obj_xR2Bav
  delete /tmp/nimble_8985/githubcom_juancarlospaconimeasings/.git/objects/fa/tmp_obj_xR2Bav
  create directory /tmp/nimble_8985/githubcom_juancarlospaconimeasings/.git/objects/b2
  create hard link from /tmp/nimble_8985/githubcom_juancarlospaconimeasings/.git/objects/b2/928ebfb8d4e9897f056f730d07dcfa0e23c6a6 to /tmp/nimble_8985/githubcom_juancarlospaconimeasings/.git/objects/b2/tmp_obj_XuQ8dz
  delete /tmp/nimble_8985/githubcom_juancarlospaconimeasings/.git/objects/b2/tmp_obj_XuQ8dz
  create directory /tmp/nimble_8985/githubcom_juancarlospaconimeasings/.git/objects/27
  create hard link from /tmp/nimble_8985/githubcom_juancarlospaconimeasings/.git/objects/27/4037f9f5a52f0f184758f66c081dd9fc572303 to /tmp/nimble_8985/githubcom_juancarlospaconimeasings/.git/objects/27/tmp_obj_Vb1OWz
  delete /tmp/nimble_8985/githubcom_juancarlospaconimeasings/.git/objects/27/tmp_obj_Vb1OWz
  create directory /tmp/nimble_8985/githubcom_juancarlospaconimeasings/.git/objects/1b
  create hard link from /tmp/nimble_8985/githubcom_juancarlospaconimeasings/.git/objects/1b/5e9995fadb1fdc45e20bdebc4e1102296d9964 to /tmp/nimble_8985/githubcom_juancarlospaconimeasings/.git/objects/1b/tmp_obj_147EGF
  delete /tmp/nimble_8985/githubcom_juancarlospaconimeasings/.git/objects/1b/tmp_obj_147EGF
  rename /tmp/nimble_8985/githubcom_juancarlospaconimeasings/.git/shallow.lock to shallow
  rename /tmp/nimble_8985/githubcom_juancarlospaconimeasings/.git/packed-refs.new to packed-refs
  delete /tmp/nimble_8985/githubcom_juancarlospaconimeasings/.git/packed-refs.lock
  create directory /tmp/nimble_8985/githubcom_juancarlospaconimeasings/.git/refs/remotes
  create directory /tmp/nimble_8985/githubcom_juancarlospaconimeasings/.git/refs/remotes/origin
  create directory /tmp/nimble_8985/githubcom_juancarlospaconimeasings/.git/logs
  create directory /tmp/nimble_8985/githubcom_juancarlospaconimeasings/.git/logs/refs
  create directory /tmp/nimble_8985/githubcom_juancarlospaconimeasings/.git/logs/refs/remotes
  create directory /tmp/nimble_8985/githubcom_juancarlospaconimeasings/.git/logs/refs/remotes/origin
  rename /tmp/nimble_8985/githubcom_juancarlospaconimeasings/.git/refs/remotes/origin/HEAD.lock to HEAD
  rename /tmp/nimble_8985/githubcom_juancarlospaconimeasings/.git/HEAD.lock to HEAD
  create directory /tmp/nimble_8985/githubcom_juancarlospaconimeasings/.git/logs/refs/heads
  rename /tmp/nimble_8985/githubcom_juancarlospaconimeasings/.git/refs/heads/master.lock to master
  delete /tmp/nimble_8985/githubcom_juancarlospaconimeasings/.git/HEAD.lock
  change permissions of /tmp/nimble_8985/githubcom_juancarlospaconimeasings/.git/config.lock to rw-r--r--
  rename /tmp/nimble_8985/githubcom_juancarlospaconimeasings/.git/config.lock to config
  change permissions of /tmp/nimble_8985/githubcom_juancarlospaconimeasings/.git/config.lock to rw-r--r--
  rename /tmp/nimble_8985/githubcom_juancarlospaconimeasings/.git/config.lock to config
  create directory /tmp/nimble_8985/githubcom_juancarlospaconimeasings/.github
  create directory /tmp/nimble_8985/githubcom_juancarlospaconimeasings/src
  rename /tmp/nimble_8985/githubcom_juancarlospaconimeasings/.git/index.lock to index
  create directory /tmp
  create directory /tmp/nimblecache
  create directory /tmp/nimblecache/easings_3474084225
  delete /tmp/nimblecache/easings_3474084225/easings.ini
  delete /tmp/nimble_8985.out
  delete /tmp/nimble_8985/githubcom_juancarlospaconimeasings/easings_8985.nims
  create directory /home
  create directory /home/runner
  create directory /home/runner/.nimble
  create directory /home/runner/.nimble/pkgs
  create directory /home/runner/.nimble/pkgs/easings-0.1.0
  create directory /home
  create directory /home/runner
  create directory /home/runner/.nimble
  create directory /home/runner/.nimble/pkgs
  create directory /home/runner/.nimble/pkgs/easings-0.1.0
  change permissions of /home/runner/.nimble/pkgs/easings-0.1.0/easings.nim to rw-r--r--
  create directory /home
  create directory /home/runner
  create directory /home/runner/.nimble
  create directory /home/runner/.nimble/pkgs
  create directory /home/runner/.nimble/pkgs/easings-0.1.0
  change permissions of /home/runner/.nimble/pkgs/easings-0.1.0/easings.h to rw-r--r--
  change permissions of /home/runner/.nimble/pkgs/easings-0.1.0/easings.nimble to rw-r--r--
  create directory /tmp
  create directory /tmp/nimblecache
  create directory /tmp/nimblecache/easings_3519259388
  delete /tmp/nimblecache/easings_3519259388/easings.ini
  delete /tmp/nimble_8985.out
  delete /home/runner/.nimble/pkgs/easings-0.1.0/easings_8985.nims
  delete /tmp/nimble_8985/githubcom_juancarlospaconimeasings/easings.gif
  delete /tmp/nimble_8985/githubcom_juancarlospaconimeasings/README.md
  delete /tmp/nimble_8985/githubcom_juancarlospaconimeasings/.github/FUNDING.yml
  delete /tmp/nimble_8985/githubcom_juancarlospaconimeasings/.github
  delete /tmp/nimble_8985/githubcom_juancarlospaconimeasings/.git/refs/remotes/origin/HEAD
  delete /tmp/nimble_8985/githubcom_juancarlospaconimeasings/.git/refs/remotes/origin
  delete /tmp/nimble_8985/githubcom_juancarlospaconimeasings/.git/refs/remotes
  delete /tmp/nimble_8985/githubcom_juancarlospaconimeasings/.git/refs/tags
  delete /tmp/nimble_8985/githubcom_juancarlospaconimeasings/.git/refs/heads/master
  delete /tmp/nimble_8985/githubcom_juancarlospaconimeasings/.git/refs/heads
  delete /tmp/nimble_8985/githubcom_juancarlospaconimeasings/.git/refs
  delete /tmp/nimble_8985/githubcom_juancarlospaconimeasings/.git/info/exclude
  delete /tmp/nimble_8985/githubcom_juancarlospaconimeasings/.git/info
  delete /tmp/nimble_8985/githubcom_juancarlospaconimeasings/.git/branches
  delete /tmp/nimble_8985/githubcom_juancarlospaconimeasings/.git/logs/refs/remotes/origin/HEAD
  delete /tmp/nimble_8985/githubcom_juancarlospaconimeasings/.git/logs/refs/remotes/origin
  delete /tmp/nimble_8985/githubcom_juancarlospaconimeasings/.git/logs/refs/remotes
  delete /tmp/nimble_8985/githubcom_juancarlospaconimeasings/.git/logs/refs/heads/master
  delete /tmp/nimble_8985/githubcom_juancarlospaconimeasings/.git/logs/refs/heads
  delete /tmp/nimble_8985/githubcom_juancarlospaconimeasings/.git/logs/refs
  delete /tmp/nimble_8985/githubcom_juancarlospaconimeasings/.git/logs/HEAD
  delete /tmp/nimble_8985/githubcom_juancarlospaconimeasings/.git/logs
  delete /tmp/nimble_8985/githubcom_juancarlospaconimeasings/.git/description
  delete /tmp/nimble_8985/githubcom_juancarlospaconimeasings/.git/hooks/pre-rebase.sample
  delete /tmp/nimble_8985/githubcom_juancarlospaconimeasings/.git/hooks/applypatch-msg.sample
  delete /tmp/nimble_8985/githubcom_juancarlospaconimeasings/.git/hooks/pre-push.sample
  delete /tmp/nimble_8985/githubcom_juancarlospaconimeasings/.git/hooks/pre-merge-commit.sample
  delete /tmp/nimble_8985/githubcom_juancarlospaconimeasings/.git/hooks/pre-receive.sample
  delete /tmp/nimble_8985/githubcom_juancarlospaconimeasings/.git/hooks/update.sample
  delete /tmp/nimble_8985/githubcom_juancarlospaconimeasings/.git/hooks/pre-commit.sample
  delete /tmp/nimble_8985/githubcom_juancarlospaconimeasings/.git/hooks/pre-applypatch.sample
  delete /tmp/nimble_8985/githubcom_juancarlospaconimeasings/.git/hooks/commit-msg.sample
  delete /tmp/nimble_8985/githubcom_juancarlospaconimeasings/.git/hooks/fsmonitor-watchman.sample
  delete /tmp/nimble_8985/githubcom_juancarlospaconimeasings/.git/hooks/prepare-commit-msg.sample
  delete /tmp/nimble_8985/githubcom_juancarlospaconimeasings/.git/hooks/post-update.sample
  delete /tmp/nimble_8985/githubcom_juancarlospaconimeasings/.git/hooks
  delete /tmp/nimble_8985/githubcom_juancarlospaconimeasings/.git/shallow
  delete /tmp/nimble_8985/githubcom_juancarlospaconimeasings/.git/config
  delete /tmp/nimble_8985/githubcom_juancarlospaconimeasings/.git/index
  delete /tmp/nimble_8985/githubcom_juancarlospaconimeasings/.git/objects/79/efc907be7261ed6655b48233c8e821ea4dbcfc
  delete /tmp/nimble_8985/githubcom_juancarlospaconimeasings/.git/objects/79
  delete /tmp/nimble_8985/githubcom_juancarlospaconimeasings/.git/objects/1b/5e9995fadb1fdc45e20bdebc4e1102296d9964
  delete /tmp/nimble_8985/githubcom_juancarlospaconimeasings/.git/objects/1b
  delete /tmp/nimble_8985/githubcom_juancarlospaconimeasings/.git/objects/31/41ff73c45f34994f2ac19aace755b762e06630
  delete /tmp/nimble_8985/githubcom_juancarlospaconimeasings/.git/objects/31/2001a5c6e0b0448713450687f4bf1b11655a45
  delete /tmp/nimble_8985/githubcom_juancarlospaconimeasings/.git/objects/31
  delete /tmp/nimble_8985/githubcom_juancarlospaconimeasings/.git/objects/info
  delete /tmp/nimble_8985/githubcom_juancarlospaconimeasings/.git/objects/f7/1b77acfa157455cfe4305bb74825df72efeead
  delete /tmp/nimble_8985/githubcom_juancarlospaconimeasings/.git/objects/f7
  delete /tmp/nimble_8985/githubcom_juancarlospaconimeasings/.git/objects/fa/7400e7bd442cbf3749daaac11db0a9268dd563
  delete /tmp/nimble_8985/githubcom_juancarlospaconimeasings/.git/objects/fa
  delete /tmp/nimble_8985/githubcom_juancarlospaconimeasings/.git/objects/df/66393e2cc3ee2863c542a3a7ed65acd1ae7747
  delete /tmp/nimble_8985/githubcom_juancarlospaconimeasings/.git/objects/df
  delete /tmp/nimble_8985/githubcom_juancarlospaconimeasings/.git/objects/c1/a4144bd8d2bb5b1d112a8b3b3fa7280b7f6641
  delete /tmp/nimble_8985/githubcom_juancarlospaconimeasings/.git/objects/c1
  delete /tmp/nimble_8985/githubcom_juancarlospaconimeasings/.git/objects/67/d9b34c6cecad82ad17197ffa5db4860caf9037
  delete /tmp/nimble_8985/githubcom_juancarlospaconimeasings/.git/objects/67
  delete /tmp/nimble_8985/githubcom_juancarlospaconimeasings/.git/objects/1f/4ef62909af3b75c121d6413f73c65f307d9768
  delete /tmp/nimble_8985/githubcom_juancarlospaconimeasings/.git/objects/1f
  delete /tmp/nimble_8985/githubcom_juancarlospaconimeasings/.git/objects/b2/928ebfb8d4e9897f056f730d07dcfa0e23c6a6
  delete /tmp/nimble_8985/githubcom_juancarlospaconimeasings/.git/objects/b2
  delete /tmp/nimble_8985/githubcom_juancarlospaconimeasings/.git/objects/pack
  delete /tmp/nimble_8985/githubcom_juancarlospaconimeasings/.git/objects/27/4037f9f5a52f0f184758f66c081dd9fc572303
  delete /tmp/nimble_8985/githubcom_juancarlospaconimeasings/.git/objects/27
  delete /tmp/nimble_8985/githubcom_juancarlospaconimeasings/.git/objects
  delete /tmp/nimble_8985/githubcom_juancarlospaconimeasings/.git/packed-refs
  delete /tmp/nimble_8985/githubcom_juancarlospaconimeasings/.git/HEAD
  delete /tmp/nimble_8985/githubcom_juancarlospaconimeasings/.git
  delete /tmp/nimble_8985/githubcom_juancarlospaconimeasings/src/easings.nim
  delete /tmp/nimble_8985/githubcom_juancarlospaconimeasings/src/easings.h
  delete /tmp/nimble_8985/githubcom_juancarlospaconimeasings/src
  delete /tmp/nimble_8985/githubcom_juancarlospaconimeasings/easings.nimble
  delete /tmp/nimble_8985/githubcom_juancarlospaconimeasings/.gitignore
  delete /tmp/nimble_8985/githubcom_juancarlospaconimeasings/LICENSE
  delete /tmp/nimble_8985/githubcom_juancarlospaconimeasings
  delete /tmp/nimble_8985
