     Info:  Nimble data file "/home/runner/.nimble/nimbledata2.json" has been loaded.
    Reading official package list
Downloading https://github.com/Akito13/easy-bcrypt.git using git
    Cloning latest tagged version: 2.0.3
open('/workspace/destdir/ssl/openssl.cnf', 32768, 0x00000000000001b6)
open('/home/runner/.config/nimble/nimble.ini', 557056, 0x00000000000001b6)
open('/home/runner/.config/babel/babel.ini', 557056, 0x00000000000001b6)
open('/home/runner/.nimble/nimbledata2.json', 557056, 0x00000000000001b6)
writev(1, 0x00007ffe8554d840, 2)
writev(1, 0x00007ffe8554d120, 2)
open('/home/runner/.nimble/packages_official.json', 557056, 0x00000000000001b6)
mkdir('/tmp/', 0x00000000000001ff)
mkdir('/tmp/nimble_2331/', 0x00000000000001ff)
mkdir('/tmp/nimble_2331/githubcom_Akito13easybcryptgit', 0x00000000000001ff)
writev(1, 0x00007ffe8554d0f0, 2)
open('/tmp/nimble_2331/githubcom_Akito13easybcryptgit', 622592, 0x0000000000000000)
rmdir('/tmp/nimble_2331/githubcom_Akito13easybcryptgit')
writev(1, 0x00007ffe8554d060, 2)
mkdir(94563958564128, 0x00000000000001ff)
Error tracing process: readBytes(0x000056016328a520, 256) error: [Errno 5] Input/output error.
