      Info: Package cache path /home/runner/.nimble/pkgcache
     Info:  Nimble data file "/home/runner/.nimble/nimbledata2.json" has been loaded.
    Reading official package list
Downloading https://github.com/niv/ed25519.nim using git
   Warning: The package has no tagged releases, downloading HEAD instead.
open('/workspace/destdir/ssl/openssl.cnf', 32768, 0x00000000000001b6)
open('/home/runner/.config/nimble/nimble.ini', 557056, 0x00000000000001b6)
open('/home/runner/.config/babel/babel.ini', 557056, 0x00000000000001b6)
writev(1, 0x00007fff89702e70, 2)
open('/home/runner/.nimble/nimbledata2.json', 557056, 0x00000000000001b6)
writev(1, 0x00007fff89702f40, 2)
writev(1, 0x00007ffe8813fa90, 2)
writev(1, 0x00007ffe8813fb20, 2)
writev(1, 0x00007ffe8813fb20, 2)
writev(1, 0x00007ffe8813fb20, 2)
writev(1, 0x00007fff89701970, 2)
open('/home/runner/.nimble/packages_official.json', 557056, 0x00000000000001b6)
mkdir('/home/', 0x00000000000001ff)
mkdir('/home/runner/', 0x00000000000001ff)
mkdir('/home/runner/.nimble/', 0x00000000000001ff)
mkdir('/home/runner/.nimble/pkgcache/', 0x00000000000001ff)
mkdir('/home/runner/.nimble/pkgcache/githubcom_nived25519nim', 0x00000000000001ff)
open('/home/runner/.nimble/pkgcache/githubcom_nived25519nim', 622592, 0x0000000000000000)
writev(1, 0x00007fff897019b0, 2)
open('/home/runner/.nimble/pkgcache/githubcom_nived25519nim', 622592, 0x0000000000000000)
rmdir('/home/runner/.nimble/pkgcache/githubcom_nived25519nim')
writev(1, 0x00007fff897018a0, 2)
mkdir(94424682030928, 0x00000000000001ff)
Error tracing process: readBytes(0x000055e0f5a16750, 256) error: [Errno 5] Input/output error.
