      Info: Package cache path /home/runner/.nimble/pkgcache
     Info:  Nimble data file "/home/runner/.nimble/nimbledata2.json" has been loaded.
    Reading official package list
Downloading https://github.com/jiro4989/edens using git
    Cloning latest tagged version: 1.0.0
open('/workspace/destdir/ssl/openssl.cnf', 32768, 0x00000000000001b6)
open('/home/runner/.config/nimble/nimble.ini', 557056, 0x00000000000001b6)
open('/home/runner/.config/babel/babel.ini', 557056, 0x00000000000001b6)
writev(1, 0x00007ffe21e7d690, 2)
open('/home/runner/.nimble/nimbledata2.json', 557056, 0x00000000000001b6)
writev(1, 0x00007ffe21e7d760, 2)
writev(1, 0x00007fff440c9bc0, 2)
writev(1, 0x00007fff440c9c50, 2)
writev(1, 0x00007fff440c9c50, 2)
writev(1, 0x00007fff440c9c50, 2)
writev(1, 0x00007ffe21e7c140, 2)
open('/home/runner/.nimble/packages_official.json', 557056, 0x00000000000001b6)
mkdir('/home/', 0x00000000000001ff)
mkdir('/home/runner/', 0x00000000000001ff)
mkdir('/home/runner/.nimble/', 0x00000000000001ff)
mkdir('/home/runner/.nimble/pkgcache/', 0x00000000000001ff)
mkdir('/home/runner/.nimble/pkgcache/githubcom_jiro4989edens', 0x00000000000001ff)
open('/home/runner/.nimble/pkgcache/githubcom_jiro4989edens', 622592, 0x0000000000000000)
writev(1, 0x00007ffe21e7c220, 2)
open('/home/runner/.nimble/pkgcache/githubcom_jiro4989edens', 622592, 0x0000000000000000)
rmdir('/home/runner/.nimble/pkgcache/githubcom_jiro4989edens')
writev(1, 0x00007ffe21e7c110, 2)
mkdir(94695730502368, 0x00000000000001ff)
Error tracing process: readBytes(0x000056201160dae0, 256) error: [Errno 5] Input/output error.
