      Info: Package cache path /home/runner/.nimble/pkgcache
     Info:  Nimble data file "/home/runner/.nimble/nimbledata2.json" has been loaded.
    Reading official package list
Downloading https://github.com/fox0430/editorconfig-nim using git
   Warning: The package has no tagged releases, downloading HEAD instead.
open('/workspace/destdir/ssl/openssl.cnf', 32768, 0x00000000000001b6)
open('/home/runner/.config/nimble/nimble.ini', 557056, 0x00000000000001b6)
open('/home/runner/.config/babel/babel.ini', 557056, 0x00000000000001b6)
writev(1, 0x00007ffdb5d848c0, 2)
open('/home/runner/.nimble/nimbledata2.json', 557056, 0x00000000000001b6)
writev(1, 0x00007ffdb5d84990, 2)
writev(1, 0x00007ffecb024d40, 2)
writev(1, 0x00007ffecb024dd0, 2)
writev(1, 0x00007ffecb024dd0, 2)
writev(1, 0x00007ffecb024dd0, 2)
writev(1, 0x00007ffdb5d833c0, 2)
open('/home/runner/.nimble/packages_official.json', 557056, 0x00000000000001b6)
mkdir('/home/', 0x00000000000001ff)
mkdir('/home/runner/', 0x00000000000001ff)
mkdir('/home/runner/.nimble/', 0x00000000000001ff)
mkdir('/home/runner/.nimble/pkgcache/', 0x00000000000001ff)
mkdir('/home/runner/.nimble/pkgcache/githubcom_fox0430editorconfignim', 0x00000000000001ff)
open('/home/runner/.nimble/pkgcache/githubcom_fox0430editorconfignim', 622592, 0x0000000000000000)
writev(1, 0x00007ffdb5d83400, 2)
open('/home/runner/.nimble/pkgcache/githubcom_fox0430editorconfignim', 622592, 0x0000000000000000)
rmdir('/home/runner/.nimble/pkgcache/githubcom_fox0430editorconfignim')
writev(1, 0x00007ffdb5d832f0, 2)
mkdir(94445850924992, 0x00000000000001ff)
Error tracing process: readBytes(0x000055e5e36517c0, 256) error: [Errno 5] Input/output error.
