     Info:  Nimble data file "/home/runner/.nimble/nimbledata2.json" has been loaded.
    Reading official package list
Downloading https://github.com/nimious/egl.git using git
   Warning: The package has no tagged releases, downloading HEAD instead.
open('/workspace/destdir/ssl/openssl.cnf', 32768, 0x00000000000001b6)
open('/home/runner/.config/nimble/nimble.ini', 557056, 0x00000000000001b6)
open('/home/runner/.config/babel/babel.ini', 557056, 0x00000000000001b6)
open('/home/runner/.nimble/nimbledata2.json', 557056, 0x00000000000001b6)
writev(1, 0x00007fff357224d0, 2)
writev(1, 0x00007fff35721db0, 2)
open('/home/runner/.nimble/packages_official.json', 557056, 0x00000000000001b6)
mkdir('/tmp/', 0x00000000000001ff)
mkdir('/tmp/nimble_2191/', 0x00000000000001ff)
mkdir('/tmp/nimble_2191/githubcom_nimiouseglgit', 0x00000000000001ff)
writev(1, 0x00007fff35721d80, 2)
open('/tmp/nimble_2191/githubcom_nimiouseglgit', 622592, 0x0000000000000000)
rmdir('/tmp/nimble_2191/githubcom_nimiouseglgit')
writev(1, 0x00007fff35721cf0, 2)
mkdir(94136281318448, 0x00000000000001ff)
Error tracing process: readBytes(0x0000559dcf9bc430, 256) error: [Errno 5] Input/output error.
