     Info:  Nimble data file "/home/runner/.nimble/nimbledata2.json" has been loaded.
    Reading official package list
Downloading https://github.com/hamidb80/emath using git
    Cloning latest tagged version: 0.2.0
open('/workspace/destdir/ssl/openssl.cnf', 32768, 0x00000000000001b6)
open('/home/runner/.config/nimble/nimble.ini', 557056, 0x00000000000001b6)
open('/home/runner/.config/babel/babel.ini', 557056, 0x00000000000001b6)
open('/home/runner/.nimble/nimbledata2.json', 557056, 0x00000000000001b6)
writev(1, 0x00007ffe6ed13bc0, 2)
writev(1, 0x00007ffe6ed134a0, 2)
open('/home/runner/.nimble/packages_official.json', 557056, 0x00000000000001b6)
mkdir('/tmp/', 0x00000000000001ff)
mkdir('/tmp/nimble_2743/', 0x00000000000001ff)
mkdir('/tmp/nimble_2743/githubcom_hamidb80emath', 0x00000000000001ff)
writev(1, 0x00007ffe6ed13470, 2)
open('/tmp/nimble_2743/githubcom_hamidb80emath', 622592, 0x0000000000000000)
rmdir('/tmp/nimble_2743/githubcom_hamidb80emath')
writev(1, 0x00007ffe6ed133e0, 2)
mkdir(93887149999152, 0x00000000000001ff)
Error tracing process: readBytes(0x00005563ce398430, 256) error: [Errno 5] Input/output error.
