      Info: Package cache path /home/runner/.nimble/pkgcache
     Info:  Nimble data file "/home/runner/.nimble/nimbledata2.json" has been loaded.
    Reading official package list
Downloading https://github.com/fowlmouth/nimrod-enet using git
   Warning: The package has no tagged releases, downloading HEAD instead.
open('/workspace/destdir/ssl/openssl.cnf', 32768, 0x00000000000001b6)
open('/home/runner/.config/nimble/nimble.ini', 557056, 0x00000000000001b6)
open('/home/runner/.config/babel/babel.ini', 557056, 0x00000000000001b6)
writev(1, 0x00007ffd01bab310, 2)
open('/home/runner/.nimble/nimbledata2.json', 557056, 0x00000000000001b6)
writev(1, 0x00007ffd01bab3e0, 2)
writev(1, 0x00007ffd6eb9cd10, 2)
writev(1, 0x00007ffd6eb9cda0, 2)
writev(1, 0x00007ffd6eb9cda0, 2)
writev(1, 0x00007ffd6eb9cda0, 2)
writev(1, 0x00007ffd01ba9e10, 2)
open('/home/runner/.nimble/packages_official.json', 557056, 0x00000000000001b6)
mkdir('/home/', 0x00000000000001ff)
mkdir('/home/runner/', 0x00000000000001ff)
mkdir('/home/runner/.nimble/', 0x00000000000001ff)
mkdir('/home/runner/.nimble/pkgcache/', 0x00000000000001ff)
mkdir('/home/runner/.nimble/pkgcache/githubcom_fowlmouthnimrodenet', 0x00000000000001ff)
open('/home/runner/.nimble/pkgcache/githubcom_fowlmouthnimrodenet', 622592, 0x0000000000000000)
writev(1, 0x00007ffd01ba9e50, 2)
open('/home/runner/.nimble/pkgcache/githubcom_fowlmouthnimrodenet', 622592, 0x0000000000000000)
rmdir('/home/runner/.nimble/pkgcache/githubcom_fowlmouthnimrodenet')
writev(1, 0x00007ffd01ba9d40, 2)
mkdir(93954541950912, 0x00000000000001ff)
Error tracing process: readBytes(0x000055737f1917c0, 256) error: [Errno 5] Input/output error.
