    Reading official package list
Downloading https://github.com/JeffersonLab/ensem using git
    Cloning latest tagged version: v1.3.2
  Verifying dependencies for ensem@1.3.2
 Installing ensem@1.3.2
    Copying file /tmp/nimble_8383/githubcom_JeffersonLabensem/src/ensem.nim to /home/runner/.nimble/pkgs/ensem-1.3.2/ensem.nim
    Copying file /tmp/nimble_8383/githubcom_JeffersonLabensem/ensem.nimble to /home/runner/.nimble/pkgs/ensem-1.3.2/ensem.nimble
   Success: ensem installed successfully.
mkdir('/tmp', 0x00000000000001ff)
mkdir('/tmp/nimble_8383', 0x00000000000001ff)
mkdir('/tmp/nimble_8383/githubcom_JeffersonLabensem', 0x00000000000001ff)
rmdir('/tmp/nimble_8383/githubcom_JeffersonLabensem')
mkdir('/tmp/nimble_8383/githubcom_JeffersonLabensem', 0x00000000000001ff)
mkdir('/tmp/nimble_8383/githubcom_JeffersonLabensem/.git', 0x00000000000001ff)
mkdir('/tmp/nimble_8383/githubcom_JeffersonLabensem/.git/', 0x00000000000001ff)
mkdir('/tmp/nimble_8383/githubcom_JeffersonLabensem/.git/branches/', 0x00000000000001ff)
mkdir('/tmp/nimble_8383/githubcom_JeffersonLabensem/.git/hooks/', 0x00000000000001ff)
mkdir('/tmp/nimble_8383/githubcom_JeffersonLabensem/.git/info/', 0x00000000000001ff)
mkdir('/tmp/nimble_8383/githubcom_JeffersonLabensem/.git/refs', 0x00000000000001ff)
mkdir('/tmp/nimble_8383/githubcom_JeffersonLabensem/.git/refs/heads', 0x00000000000001ff)
mkdir('/tmp/nimble_8383/githubcom_JeffersonLabensem/.git/refs/tags', 0x00000000000001ff)
rename('/tmp/nimble_8383/githubcom_JeffersonLabensem/.git/HEAD.lock', '/tmp/nimble_8383/githubcom_JeffersonLabensem/.git/HEAD')
rename('/tmp/nimble_8383/githubcom_JeffersonLabensem/.git/config.lock', '/tmp/nimble_8383/githubcom_JeffersonLabensem/.git/config')
chmod('/tmp/nimble_8383/githubcom_JeffersonLabensem/.git/config', 0x00000000000081e4)
chmod('/tmp/nimble_8383/githubcom_JeffersonLabensem/.git/config', 0x00000000000081a4)
chmod('/tmp/nimble_8383/githubcom_JeffersonLabensem/.git/config.lock', 0x00000000000001a4)
rename('/tmp/nimble_8383/githubcom_JeffersonLabensem/.git/config.lock', '/tmp/nimble_8383/githubcom_JeffersonLabensem/.git/config')
chmod('/tmp/nimble_8383/githubcom_JeffersonLabensem/.git/config.lock', 0x00000000000001a4)
rename('/tmp/nimble_8383/githubcom_JeffersonLabensem/.git/config.lock', '/tmp/nimble_8383/githubcom_JeffersonLabensem/.git/config')
chmod('/tmp/nimble_8383/githubcom_JeffersonLabensem/.git/config.lock', 0x00000000000001a4)
rename('/tmp/nimble_8383/githubcom_JeffersonLabensem/.git/config.lock', '/tmp/nimble_8383/githubcom_JeffersonLabensem/.git/config')
unlink('/tmp/nimble_8383/githubcom_JeffersonLabensem/.git/t6E2e8d')
symlink('testing', '/tmp/nimble_8383/githubcom_JeffersonLabensem/.git/t6E2e8d')
unlink('/tmp/nimble_8383/githubcom_JeffersonLabensem/.git/t6E2e8d')
mkdir('/tmp/nimble_8383/githubcom_JeffersonLabensem/.git/objects', 0x00000000000001ff)
mkdir('/tmp/nimble_8383/githubcom_JeffersonLabensem/.git/objects/pack', 0x00000000000001ff)
mkdir('/tmp/nimble_8383/githubcom_JeffersonLabensem/.git/objects/info', 0x00000000000001ff)
chmod('/tmp/nimble_8383/githubcom_JeffersonLabensem/.git/config.lock', 0x00000000000001a4)
rename('/tmp/nimble_8383/githubcom_JeffersonLabensem/.git/config.lock', '/tmp/nimble_8383/githubcom_JeffersonLabensem/.git/config')
chmod('/tmp/nimble_8383/githubcom_JeffersonLabensem/.git/config.lock', 0x00000000000001a4)
rename('/tmp/nimble_8383/githubcom_JeffersonLabensem/.git/config.lock', '/tmp/nimble_8383/githubcom_JeffersonLabensem/.git/config')
chmod('/tmp/nimble_8383/githubcom_JeffersonLabensem/.git/config.lock', 0x00000000000001a4)
rename('/tmp/nimble_8383/githubcom_JeffersonLabensem/.git/config.lock', '/tmp/nimble_8383/githubcom_JeffersonLabensem/.git/config')
link('/tmp/nimble_8383/githubcom_JeffersonLabensem/.git/objects/pack/tmp_pack_p3f1Zw', '/tmp/nimble_8383/githubcom_JeffersonLabensem/.git/objects/pack/pack-2c7ba4095568d60ac899f2cc8f1b641f56653162.pack')
unlink('/tmp/nimble_8383/githubcom_JeffersonLabensem/.git/objects/pack/tmp_pack_p3f1Zw')
link('/tmp/nimble_8383/githubcom_JeffersonLabensem/.git/objects/pack/tmp_idx_1KaSTH', '/tmp/nimble_8383/githubcom_JeffersonLabensem/.git/objects/pack/pack-2c7ba4095568d60ac899f2cc8f1b641f56653162.idx')
unlink('/tmp/nimble_8383/githubcom_JeffersonLabensem/.git/objects/pack/tmp_idx_1KaSTH')
rename('/tmp/nimble_8383/githubcom_JeffersonLabensem/.git/shallow.lock', '/tmp/nimble_8383/githubcom_JeffersonLabensem/.git/shallow')
rename('/tmp/nimble_8383/githubcom_JeffersonLabensem/.git/packed-refs.new', '/tmp/nimble_8383/githubcom_JeffersonLabensem/.git/packed-refs')
unlink('/tmp/nimble_8383/githubcom_JeffersonLabensem/.git/packed-refs.lock')
unlink('/tmp/nimble_8383/githubcom_JeffersonLabensem/.git/refs/tags/v1.3.2.lock')
mkdir('/tmp/nimble_8383/githubcom_JeffersonLabensem/.git/logs', 0x00000000000001ff)
rename('/tmp/nimble_8383/githubcom_JeffersonLabensem/.git/HEAD.lock', '/tmp/nimble_8383/githubcom_JeffersonLabensem/.git/HEAD')
unlink('/tmp/nimble_8383/githubcom_JeffersonLabensem/.git/objects/pack/pack-2c7ba4095568d60ac899f2cc8f1b641f56653162.keep')
mkdir('docs', 0x00000000000001ff)
mkdir('src', 0x00000000000001ff)
mkdir('tests', 0x00000000000001ff)
rename('/tmp/nimble_8383/githubcom_JeffersonLabensem/.git/index.lock', '/tmp/nimble_8383/githubcom_JeffersonLabensem/.git/index')
mkdir('/tmp', 0x00000000000001ff)
mkdir('/tmp/nimblecache', 0x00000000000001ff)
mkdir('/tmp/nimblecache/ensem_886447739', 0x00000000000001ff)
unlink('/tmp/nimblecache/ensem_886447739/ensem.ini')
unlink('/tmp/nimble_8383.out')
unlink('/tmp/nimble_8383/githubcom_JeffersonLabensem/ensem_8383.nims')
mkdir('/home', 0x00000000000001ff)
mkdir('/home/runner', 0x00000000000001ff)
mkdir('/home/runner/.nimble', 0x00000000000001ff)
mkdir('/home/runner/.nimble/pkgs', 0x00000000000001ff)
mkdir('/home/runner/.nimble/pkgs/ensem-1.3.2', 0x00000000000001ff)
mkdir('/home', 0x00000000000001ff)
mkdir('/home/runner', 0x00000000000001ff)
mkdir('/home/runner/.nimble', 0x00000000000001ff)
mkdir('/home/runner/.nimble/pkgs', 0x00000000000001ff)
mkdir('/home/runner/.nimble/pkgs/ensem-1.3.2', 0x00000000000001ff)
chmod('/home/runner/.nimble/pkgs/ensem-1.3.2/ensem.nim', 0x00000000000001a4)
chmod('/home/runner/.nimble/pkgs/ensem-1.3.2/ensem.nimble', 0x00000000000001a4)
mkdir('/tmp', 0x00000000000001ff)
mkdir('/tmp/nimblecache', 0x00000000000001ff)
mkdir('/tmp/nimblecache/ensem_1492679734', 0x00000000000001ff)
unlink('/tmp/nimblecache/ensem_1492679734/ensem.ini')
unlink('/tmp/nimble_8383.out')
unlink('/home/runner/.nimble/pkgs/ensem-1.3.2/ensem_8383.nims')
unlink('/tmp/nimble_8383/githubcom_JeffersonLabensem/src/ensem.nim')
rmdir('/tmp/nimble_8383/githubcom_JeffersonLabensem/src')
unlink('/tmp/nimble_8383/githubcom_JeffersonLabensem/.gitignore')
unlink('/tmp/nimble_8383/githubcom_JeffersonLabensem/LICENSE')
unlink('/tmp/nimble_8383/githubcom_JeffersonLabensem/.travis.yml')
unlink('/tmp/nimble_8383/githubcom_JeffersonLabensem/docs/ensem.html')
rmdir('/tmp/nimble_8383/githubcom_JeffersonLabensem/docs')
unlink('/tmp/nimble_8383/githubcom_JeffersonLabensem/.git/HEAD')
unlink('/tmp/nimble_8383/githubcom_JeffersonLabensem/.git/config')
unlink('/tmp/nimble_8383/githubcom_JeffersonLabensem/.git/logs/HEAD')
rmdir('/tmp/nimble_8383/githubcom_JeffersonLabensem/.git/logs')
rmdir('/tmp/nimble_8383/githubcom_JeffersonLabensem/.git/branches')
unlink('/tmp/nimble_8383/githubcom_JeffersonLabensem/.git/packed-refs')
rmdir('/tmp/nimble_8383/githubcom_JeffersonLabensem/.git/refs/heads')
rmdir('/tmp/nimble_8383/githubcom_JeffersonLabensem/.git/refs/tags')
rmdir('/tmp/nimble_8383/githubcom_JeffersonLabensem/.git/refs')
unlink('/tmp/nimble_8383/githubcom_JeffersonLabensem/.git/hooks/fsmonitor-watchman.sample')
unlink('/tmp/nimble_8383/githubcom_JeffersonLabensem/.git/hooks/pre-rebase.sample')
unlink('/tmp/nimble_8383/githubcom_JeffersonLabensem/.git/hooks/pre-push.sample')
unlink('/tmp/nimble_8383/githubcom_JeffersonLabensem/.git/hooks/pre-applypatch.sample')
unlink('/tmp/nimble_8383/githubcom_JeffersonLabensem/.git/hooks/pre-receive.sample')
unlink('/tmp/nimble_8383/githubcom_JeffersonLabensem/.git/hooks/commit-msg.sample')
unlink('/tmp/nimble_8383/githubcom_JeffersonLabensem/.git/hooks/pre-merge-commit.sample')
unlink('/tmp/nimble_8383/githubcom_JeffersonLabensem/.git/hooks/prepare-commit-msg.sample')
unlink('/tmp/nimble_8383/githubcom_JeffersonLabensem/.git/hooks/pre-commit.sample')
unlink('/tmp/nimble_8383/githubcom_JeffersonLabensem/.git/hooks/update.sample')
unlink('/tmp/nimble_8383/githubcom_JeffersonLabensem/.git/hooks/applypatch-msg.sample')
unlink('/tmp/nimble_8383/githubcom_JeffersonLabensem/.git/hooks/post-update.sample')
rmdir('/tmp/nimble_8383/githubcom_JeffersonLabensem/.git/hooks')
unlink('/tmp/nimble_8383/githubcom_JeffersonLabensem/.git/index')
unlink('/tmp/nimble_8383/githubcom_JeffersonLabensem/.git/info/exclude')
rmdir('/tmp/nimble_8383/githubcom_JeffersonLabensem/.git/info')
unlink('/tmp/nimble_8383/githubcom_JeffersonLabensem/.git/shallow')
unlink('/tmp/nimble_8383/githubcom_JeffersonLabensem/.git/description')
unlink('/tmp/nimble_8383/githubcom_JeffersonLabensem/.git/objects/pack/pack-2c7ba4095568d60ac899f2cc8f1b641f56653162.idx')
unlink('/tmp/nimble_8383/githubcom_JeffersonLabensem/.git/objects/pack/pack-2c7ba4095568d60ac899f2cc8f1b641f56653162.pack')
rmdir('/tmp/nimble_8383/githubcom_JeffersonLabensem/.git/objects/pack')
rmdir('/tmp/nimble_8383/githubcom_JeffersonLabensem/.git/objects/info')
rmdir('/tmp/nimble_8383/githubcom_JeffersonLabensem/.git/objects')
rmdir('/tmp/nimble_8383/githubcom_JeffersonLabensem/.git')
unlink('/tmp/nimble_8383/githubcom_JeffersonLabensem/ensem.nimble')
unlink('/tmp/nimble_8383/githubcom_JeffersonLabensem/README.md')
unlink('/tmp/nimble_8383/githubcom_JeffersonLabensem/tests/test_ensem.nim')
unlink('/tmp/nimble_8383/githubcom_JeffersonLabensem/tests/nim.cfg')
rmdir('/tmp/nimble_8383/githubcom_JeffersonLabensem/tests')
rmdir('/tmp/nimble_8383/githubcom_JeffersonLabensem')
rmdir('/tmp/nimble_8383')
  create directory /tmp
  create directory /tmp/nimble_8383
  create directory /tmp/nimble_8383/githubcom_JeffersonLabensem
  delete /tmp/nimble_8383/githubcom_JeffersonLabensem
  create directory /tmp/nimble_8383/githubcom_JeffersonLabensem
  create directory /tmp/nimble_8383/githubcom_JeffersonLabensem/.git
  create directory /tmp/nimble_8383/githubcom_JeffersonLabensem/.git
  create directory /tmp/nimble_8383/githubcom_JeffersonLabensem/.git/branches
  create directory /tmp/nimble_8383/githubcom_JeffersonLabensem/.git/hooks
  create directory /tmp/nimble_8383/githubcom_JeffersonLabensem/.git/info
  create directory /tmp/nimble_8383/githubcom_JeffersonLabensem/.git/refs
  create directory /tmp/nimble_8383/githubcom_JeffersonLabensem/.git/refs/heads
  create directory /tmp/nimble_8383/githubcom_JeffersonLabensem/.git/refs/tags
  rename /tmp/nimble_8383/githubcom_JeffersonLabensem/.git/HEAD.lock to HEAD
  rename /tmp/nimble_8383/githubcom_JeffersonLabensem/.git/config.lock to config
  change permissions of /tmp/nimble_8383/githubcom_JeffersonLabensem/.git/config to rwxr--r--
  change permissions of /tmp/nimble_8383/githubcom_JeffersonLabensem/.git/config to rw-r--r--
  change permissions of /tmp/nimble_8383/githubcom_JeffersonLabensem/.git/config.lock to rw-r--r--
  rename /tmp/nimble_8383/githubcom_JeffersonLabensem/.git/config.lock to config
  change permissions of /tmp/nimble_8383/githubcom_JeffersonLabensem/.git/config.lock to rw-r--r--
  rename /tmp/nimble_8383/githubcom_JeffersonLabensem/.git/config.lock to config
  change permissions of /tmp/nimble_8383/githubcom_JeffersonLabensem/.git/config.lock to rw-r--r--
  rename /tmp/nimble_8383/githubcom_JeffersonLabensem/.git/config.lock to config
  delete /tmp/nimble_8383/githubcom_JeffersonLabensem/.git/t6E2e8d
  create symbolic link from /tmp/nimble_8383/githubcom_JeffersonLabensem/.git/t6E2e8d to /home/runner/work/nim_packages_security_audit/nim_packages_security_audit/testing
  delete /tmp/nimble_8383/githubcom_JeffersonLabensem/.git/t6E2e8d
  create directory /tmp/nimble_8383/githubcom_JeffersonLabensem/.git/objects
  create directory /tmp/nimble_8383/githubcom_JeffersonLabensem/.git/objects/pack
  create directory /tmp/nimble_8383/githubcom_JeffersonLabensem/.git/objects/info
  change permissions of /tmp/nimble_8383/githubcom_JeffersonLabensem/.git/config.lock to rw-r--r--
  rename /tmp/nimble_8383/githubcom_JeffersonLabensem/.git/config.lock to config
  change permissions of /tmp/nimble_8383/githubcom_JeffersonLabensem/.git/config.lock to rw-r--r--
  rename /tmp/nimble_8383/githubcom_JeffersonLabensem/.git/config.lock to config
  change permissions of /tmp/nimble_8383/githubcom_JeffersonLabensem/.git/config.lock to rw-r--r--
  rename /tmp/nimble_8383/githubcom_JeffersonLabensem/.git/config.lock to config
  create hard link from /tmp/nimble_8383/githubcom_JeffersonLabensem/.git/objects/pack/pack-2c7ba4095568d60ac899f2cc8f1b641f56653162.pack to /tmp/nimble_8383/githubcom_JeffersonLabensem/.git/objects/pack/tmp_pack_p3f1Zw
  delete /tmp/nimble_8383/githubcom_JeffersonLabensem/.git/objects/pack/tmp_pack_p3f1Zw
  create hard link from /tmp/nimble_8383/githubcom_JeffersonLabensem/.git/objects/pack/pack-2c7ba4095568d60ac899f2cc8f1b641f56653162.idx to /tmp/nimble_8383/githubcom_JeffersonLabensem/.git/objects/pack/tmp_idx_1KaSTH
  delete /tmp/nimble_8383/githubcom_JeffersonLabensem/.git/objects/pack/tmp_idx_1KaSTH
  rename /tmp/nimble_8383/githubcom_JeffersonLabensem/.git/shallow.lock to shallow
  rename /tmp/nimble_8383/githubcom_JeffersonLabensem/.git/packed-refs.new to packed-refs
  delete /tmp/nimble_8383/githubcom_JeffersonLabensem/.git/packed-refs.lock
  delete /tmp/nimble_8383/githubcom_JeffersonLabensem/.git/refs/tags/v1.3.2.lock
  create directory /tmp/nimble_8383/githubcom_JeffersonLabensem/.git/logs
  rename /tmp/nimble_8383/githubcom_JeffersonLabensem/.git/HEAD.lock to HEAD
  delete /tmp/nimble_8383/githubcom_JeffersonLabensem/.git/objects/pack/pack-2c7ba4095568d60ac899f2cc8f1b641f56653162.keep
  create directory /tmp/nimble_8383/githubcom_JeffersonLabensem/docs
  create directory /tmp/nimble_8383/githubcom_JeffersonLabensem/src
  create directory /tmp/nimble_8383/githubcom_JeffersonLabensem/tests
  rename /tmp/nimble_8383/githubcom_JeffersonLabensem/.git/index.lock to index
  create directory /tmp
  create directory /tmp/nimblecache
  create directory /tmp/nimblecache/ensem_886447739
  delete /tmp/nimblecache/ensem_886447739/ensem.ini
  delete /tmp/nimble_8383.out
  delete /tmp/nimble_8383/githubcom_JeffersonLabensem/ensem_8383.nims
  create directory /home
  create directory /home/runner
  create directory /home/runner/.nimble
  create directory /home/runner/.nimble/pkgs
  create directory /home/runner/.nimble/pkgs/ensem-1.3.2
  create directory /home
  create directory /home/runner
  create directory /home/runner/.nimble
  create directory /home/runner/.nimble/pkgs
  create directory /home/runner/.nimble/pkgs/ensem-1.3.2
  change permissions of /home/runner/.nimble/pkgs/ensem-1.3.2/ensem.nim to rw-r--r--
  change permissions of /home/runner/.nimble/pkgs/ensem-1.3.2/ensem.nimble to rw-r--r--
  create directory /tmp
  create directory /tmp/nimblecache
  create directory /tmp/nimblecache/ensem_1492679734
  delete /tmp/nimblecache/ensem_1492679734/ensem.ini
  delete /tmp/nimble_8383.out
  delete /home/runner/.nimble/pkgs/ensem-1.3.2/ensem_8383.nims
  delete /tmp/nimble_8383/githubcom_JeffersonLabensem/src/ensem.nim
  delete /tmp/nimble_8383/githubcom_JeffersonLabensem/src
  delete /tmp/nimble_8383/githubcom_JeffersonLabensem/.gitignore
  delete /tmp/nimble_8383/githubcom_JeffersonLabensem/LICENSE
  delete /tmp/nimble_8383/githubcom_JeffersonLabensem/.travis.yml
  delete /tmp/nimble_8383/githubcom_JeffersonLabensem/docs/ensem.html
  delete /tmp/nimble_8383/githubcom_JeffersonLabensem/docs
  delete /tmp/nimble_8383/githubcom_JeffersonLabensem/.git/HEAD
  delete /tmp/nimble_8383/githubcom_JeffersonLabensem/.git/config
  delete /tmp/nimble_8383/githubcom_JeffersonLabensem/.git/logs/HEAD
  delete /tmp/nimble_8383/githubcom_JeffersonLabensem/.git/logs
  delete /tmp/nimble_8383/githubcom_JeffersonLabensem/.git/branches
  delete /tmp/nimble_8383/githubcom_JeffersonLabensem/.git/packed-refs
  delete /tmp/nimble_8383/githubcom_JeffersonLabensem/.git/refs/heads
  delete /tmp/nimble_8383/githubcom_JeffersonLabensem/.git/refs/tags
  delete /tmp/nimble_8383/githubcom_JeffersonLabensem/.git/refs
  delete /tmp/nimble_8383/githubcom_JeffersonLabensem/.git/hooks/fsmonitor-watchman.sample
  delete /tmp/nimble_8383/githubcom_JeffersonLabensem/.git/hooks/pre-rebase.sample
  delete /tmp/nimble_8383/githubcom_JeffersonLabensem/.git/hooks/pre-push.sample
  delete /tmp/nimble_8383/githubcom_JeffersonLabensem/.git/hooks/pre-applypatch.sample
  delete /tmp/nimble_8383/githubcom_JeffersonLabensem/.git/hooks/pre-receive.sample
  delete /tmp/nimble_8383/githubcom_JeffersonLabensem/.git/hooks/commit-msg.sample
  delete /tmp/nimble_8383/githubcom_JeffersonLabensem/.git/hooks/pre-merge-commit.sample
  delete /tmp/nimble_8383/githubcom_JeffersonLabensem/.git/hooks/prepare-commit-msg.sample
  delete /tmp/nimble_8383/githubcom_JeffersonLabensem/.git/hooks/pre-commit.sample
  delete /tmp/nimble_8383/githubcom_JeffersonLabensem/.git/hooks/update.sample
  delete /tmp/nimble_8383/githubcom_JeffersonLabensem/.git/hooks/applypatch-msg.sample
  delete /tmp/nimble_8383/githubcom_JeffersonLabensem/.git/hooks/post-update.sample
  delete /tmp/nimble_8383/githubcom_JeffersonLabensem/.git/hooks
  delete /tmp/nimble_8383/githubcom_JeffersonLabensem/.git/index
  delete /tmp/nimble_8383/githubcom_JeffersonLabensem/.git/info/exclude
  delete /tmp/nimble_8383/githubcom_JeffersonLabensem/.git/info
  delete /tmp/nimble_8383/githubcom_JeffersonLabensem/.git/shallow
  delete /tmp/nimble_8383/githubcom_JeffersonLabensem/.git/description
  delete /tmp/nimble_8383/githubcom_JeffersonLabensem/.git/objects/pack/pack-2c7ba4095568d60ac899f2cc8f1b641f56653162.idx
  delete /tmp/nimble_8383/githubcom_JeffersonLabensem/.git/objects/pack/pack-2c7ba4095568d60ac899f2cc8f1b641f56653162.pack
  delete /tmp/nimble_8383/githubcom_JeffersonLabensem/.git/objects/pack
  delete /tmp/nimble_8383/githubcom_JeffersonLabensem/.git/objects/info
  delete /tmp/nimble_8383/githubcom_JeffersonLabensem/.git/objects
  delete /tmp/nimble_8383/githubcom_JeffersonLabensem/.git
  delete /tmp/nimble_8383/githubcom_JeffersonLabensem/ensem.nimble
  delete /tmp/nimble_8383/githubcom_JeffersonLabensem/README.md
  delete /tmp/nimble_8383/githubcom_JeffersonLabensem/tests/test_ensem.nim
  delete /tmp/nimble_8383/githubcom_JeffersonLabensem/tests/nim.cfg
  delete /tmp/nimble_8383/githubcom_JeffersonLabensem/tests
  delete /tmp/nimble_8383/githubcom_JeffersonLabensem
  delete /tmp/nimble_8383
