      Info: Package cache path /home/runner/.nimble/pkgcache
     Info:  Nimble data file "/home/runner/.nimble/nimbledata2.json" has been loaded.
    Reading official package list
Downloading https://github.com/metagn/etf using git
   Warning: The package has no tagged releases, downloading HEAD instead.
open('/workspace/destdir/ssl/openssl.cnf', 32768, 0x00000000000001b6)
open('/home/runner/.config/nimble/nimble.ini', 557056, 0x00000000000001b6)
open('/home/runner/.config/babel/babel.ini', 557056, 0x00000000000001b6)
writev(1, 0x00007fffdc90e960, 2)
open('/home/runner/.nimble/nimbledata2.json', 557056, 0x00000000000001b6)
writev(1, 0x00007fffdc90ea30, 2)
writev(1, 0x00007ffc5123eb50, 2)
writev(1, 0x00007ffc5123ebe0, 2)
writev(1, 0x00007ffc5123ebe0, 2)
writev(1, 0x00007ffc5123ebe0, 2)
writev(1, 0x00007fffdc90d410, 2)
open('/home/runner/.nimble/packages_official.json', 557056, 0x00000000000001b6)
mkdir('/home/', 0x00000000000001ff)
mkdir('/home/runner/', 0x00000000000001ff)
mkdir('/home/runner/.nimble/', 0x00000000000001ff)
mkdir('/home/runner/.nimble/pkgcache/', 0x00000000000001ff)
mkdir('/home/runner/.nimble/pkgcache/githubcom_metagnetf', 0x00000000000001ff)
open('/home/runner/.nimble/pkgcache/githubcom_metagnetf', 622592, 0x0000000000000000)
writev(1, 0x00007fffdc90d4f0, 2)
open('/home/runner/.nimble/pkgcache/githubcom_metagnetf', 622592, 0x0000000000000000)
rmdir('/home/runner/.nimble/pkgcache/githubcom_metagnetf')
writev(1, 0x00007fffdc90d3e0, 2)
mkdir(94562697325200, 0x00000000000001ff)
Error tracing process: readBytes(0x0000560117fbaa90, 256) error: [Errno 5] Input/output error.
