      Info: Package cache path /home/runner/.nimble/pkgcache
     Info:  Nimble data file "/home/runner/.nimble/nimbledata2.json" has been loaded.
    Reading official package list
Downloading https://github.com/status-im/nim-eth using git
    Cloning latest tagged version: v0.9.0
open('/workspace/destdir/ssl/openssl.cnf', 32768, 0x00000000000001b6)
open('/home/runner/.config/nimble/nimble.ini', 557056, 0x00000000000001b6)
open('/home/runner/.config/babel/babel.ini', 557056, 0x00000000000001b6)
writev(1, 0x00007ffed616bbb0, 2)
open('/home/runner/.nimble/nimbledata2.json', 557056, 0x00000000000001b6)
writev(1, 0x00007ffed616bc80, 2)
writev(1, 0x00007ffe9a9f5990, 2)
writev(1, 0x00007ffe9a9f5a20, 2)
writev(1, 0x00007ffe9a9f5a20, 2)
writev(1, 0x00007ffe9a9f5a20, 2)
writev(1, 0x00007ffed616a6b0, 2)
open('/home/runner/.nimble/packages_official.json', 557056, 0x00000000000001b6)
mkdir('/home/', 0x00000000000001ff)
mkdir('/home/runner/', 0x00000000000001ff)
mkdir('/home/runner/.nimble/', 0x00000000000001ff)
mkdir('/home/runner/.nimble/pkgcache/', 0x00000000000001ff)
mkdir('/home/runner/.nimble/pkgcache/githubcom_statusimnimeth', 0x00000000000001ff)
open('/home/runner/.nimble/pkgcache/githubcom_statusimnimeth', 622592, 0x0000000000000000)
writev(1, 0x00007ffed616a6f0, 2)
open('/home/runner/.nimble/pkgcache/githubcom_statusimnimeth', 622592, 0x0000000000000000)
rmdir('/home/runner/.nimble/pkgcache/githubcom_statusimnimeth')
writev(1, 0x00007ffed616a5e0, 2)
mkdir(94672452016032, 0x00000000000001ff)
Error tracing process: readBytes(0x0000561aa5df57a0, 256) error: [Errno 5] Input/output error.
