    Reading official package list
Downloading https://github.com/status-im/nim-eth-p2p using git
  Verifying dependencies for eth_p2p@1.0.0
    Reading official package list
   Checking for rlp@>= 1.0.1
 Installing rlp@>= 1.0.1
    Reading official package list
Downloading https://github.com/status-im/nim-rlp using git
mkdir('/tmp', 0x00000000000001ff)
mkdir('/tmp/nimble_7752', 0x00000000000001ff)
mkdir('/tmp/nimble_7752/githubcom_statusimnimethp2p', 0x00000000000001ff)
rmdir('/tmp/nimble_7752/githubcom_statusimnimethp2p')
mkdir('/tmp/nimble_7752/githubcom_statusimnimethp2p', 0x00000000000001ff)
mkdir('/tmp/nimble_7752/githubcom_statusimnimethp2p/.git', 0x00000000000001ff)
mkdir('/tmp/nimble_7752/githubcom_statusimnimethp2p/.git/', 0x00000000000001ff)
mkdir('/tmp/nimble_7752/githubcom_statusimnimethp2p/.git/branches/', 0x00000000000001ff)
mkdir('/tmp/nimble_7752/githubcom_statusimnimethp2p/.git/hooks/', 0x00000000000001ff)
mkdir('/tmp/nimble_7752/githubcom_statusimnimethp2p/.git/info/', 0x00000000000001ff)
mkdir('/tmp/nimble_7752/githubcom_statusimnimethp2p/.git/refs', 0x00000000000001ff)
mkdir('/tmp/nimble_7752/githubcom_statusimnimethp2p/.git/refs/heads', 0x00000000000001ff)
mkdir('/tmp/nimble_7752/githubcom_statusimnimethp2p/.git/refs/tags', 0x00000000000001ff)
rename('/tmp/nimble_7752/githubcom_statusimnimethp2p/.git/HEAD.lock', '/tmp/nimble_7752/githubcom_statusimnimethp2p/.git/HEAD')
rename('/tmp/nimble_7752/githubcom_statusimnimethp2p/.git/config.lock', '/tmp/nimble_7752/githubcom_statusimnimethp2p/.git/config')
chmod('/tmp/nimble_7752/githubcom_statusimnimethp2p/.git/config', 0x00000000000081e4)
chmod('/tmp/nimble_7752/githubcom_statusimnimethp2p/.git/config', 0x00000000000081a4)
chmod('/tmp/nimble_7752/githubcom_statusimnimethp2p/.git/config.lock', 0x00000000000001a4)
rename('/tmp/nimble_7752/githubcom_statusimnimethp2p/.git/config.lock', '/tmp/nimble_7752/githubcom_statusimnimethp2p/.git/config')
chmod('/tmp/nimble_7752/githubcom_statusimnimethp2p/.git/config.lock', 0x00000000000001a4)
rename('/tmp/nimble_7752/githubcom_statusimnimethp2p/.git/config.lock', '/tmp/nimble_7752/githubcom_statusimnimethp2p/.git/config')
chmod('/tmp/nimble_7752/githubcom_statusimnimethp2p/.git/config.lock', 0x00000000000001a4)
rename('/tmp/nimble_7752/githubcom_statusimnimethp2p/.git/config.lock', '/tmp/nimble_7752/githubcom_statusimnimethp2p/.git/config')
unlink('/tmp/nimble_7752/githubcom_statusimnimethp2p/.git/tmhkwup')
symlink('testing', '/tmp/nimble_7752/githubcom_statusimnimethp2p/.git/tmhkwup')
unlink('/tmp/nimble_7752/githubcom_statusimnimethp2p/.git/tmhkwup')
mkdir('/tmp/nimble_7752/githubcom_statusimnimethp2p/.git/objects', 0x00000000000001ff)
mkdir('/tmp/nimble_7752/githubcom_statusimnimethp2p/.git/objects/pack', 0x00000000000001ff)
mkdir('/tmp/nimble_7752/githubcom_statusimnimethp2p/.git/objects/info', 0x00000000000001ff)
chmod('/tmp/nimble_7752/githubcom_statusimnimethp2p/.git/config.lock', 0x00000000000001a4)
rename('/tmp/nimble_7752/githubcom_statusimnimethp2p/.git/config.lock', '/tmp/nimble_7752/githubcom_statusimnimethp2p/.git/config')
chmod('/tmp/nimble_7752/githubcom_statusimnimethp2p/.git/config.lock', 0x00000000000001a4)
rename('/tmp/nimble_7752/githubcom_statusimnimethp2p/.git/config.lock', '/tmp/nimble_7752/githubcom_statusimnimethp2p/.git/config')
chmod('/tmp/nimble_7752/githubcom_statusimnimethp2p/.git/config.lock', 0x00000000000001a4)
rename('/tmp/nimble_7752/githubcom_statusimnimethp2p/.git/config.lock', '/tmp/nimble_7752/githubcom_statusimnimethp2p/.git/config')
link('/tmp/nimble_7752/githubcom_statusimnimethp2p/.git/objects/pack/tmp_pack_x1yShK', '/tmp/nimble_7752/githubcom_statusimnimethp2p/.git/objects/pack/pack-ecdfbc9a56d33fe84ec1b7e9929e10281fcd0a9e.pack')
unlink('/tmp/nimble_7752/githubcom_statusimnimethp2p/.git/objects/pack/tmp_pack_x1yShK')
link('/tmp/nimble_7752/githubcom_statusimnimethp2p/.git/objects/pack/tmp_idx_d7q2OS', '/tmp/nimble_7752/githubcom_statusimnimethp2p/.git/objects/pack/pack-ecdfbc9a56d33fe84ec1b7e9929e10281fcd0a9e.idx')
unlink('/tmp/nimble_7752/githubcom_statusimnimethp2p/.git/objects/pack/tmp_idx_d7q2OS')
rename('/tmp/nimble_7752/githubcom_statusimnimethp2p/.git/shallow.lock', '/tmp/nimble_7752/githubcom_statusimnimethp2p/.git/shallow')
rename('/tmp/nimble_7752/githubcom_statusimnimethp2p/.git/packed-refs.new', '/tmp/nimble_7752/githubcom_statusimnimethp2p/.git/packed-refs')
unlink('/tmp/nimble_7752/githubcom_statusimnimethp2p/.git/packed-refs.lock')
mkdir('/tmp/nimble_7752/githubcom_statusimnimethp2p/.git/refs/remotes', 0x00000000000001ff)
mkdir('/tmp/nimble_7752/githubcom_statusimnimethp2p/.git/refs/remotes/origin', 0x00000000000001ff)
mkdir('/tmp/nimble_7752/githubcom_statusimnimethp2p/.git/logs', 0x00000000000001ff)
mkdir('/tmp/nimble_7752/githubcom_statusimnimethp2p/.git/logs/refs', 0x00000000000001ff)
mkdir('/tmp/nimble_7752/githubcom_statusimnimethp2p/.git/logs/refs/remotes', 0x00000000000001ff)
mkdir('/tmp/nimble_7752/githubcom_statusimnimethp2p/.git/logs/refs/remotes/origin', 0x00000000000001ff)
rename('/tmp/nimble_7752/githubcom_statusimnimethp2p/.git/refs/remotes/origin/HEAD.lock', '/tmp/nimble_7752/githubcom_statusimnimethp2p/.git/refs/remotes/origin/HEAD')
rename('/tmp/nimble_7752/githubcom_statusimnimethp2p/.git/HEAD.lock', '/tmp/nimble_7752/githubcom_statusimnimethp2p/.git/HEAD')
mkdir('/tmp/nimble_7752/githubcom_statusimnimethp2p/.git/logs/refs/heads', 0x00000000000001ff)
rename('/tmp/nimble_7752/githubcom_statusimnimethp2p/.git/refs/heads/master.lock', '/tmp/nimble_7752/githubcom_statusimnimethp2p/.git/refs/heads/master')
unlink('/tmp/nimble_7752/githubcom_statusimnimethp2p/.git/HEAD.lock')
chmod('/tmp/nimble_7752/githubcom_statusimnimethp2p/.git/config.lock', 0x00000000000001a4)
rename('/tmp/nimble_7752/githubcom_statusimnimethp2p/.git/config.lock', '/tmp/nimble_7752/githubcom_statusimnimethp2p/.git/config')
chmod('/tmp/nimble_7752/githubcom_statusimnimethp2p/.git/config.lock', 0x00000000000001a4)
rename('/tmp/nimble_7752/githubcom_statusimnimethp2p/.git/config.lock', '/tmp/nimble_7752/githubcom_statusimnimethp2p/.git/config')
unlink('/tmp/nimble_7752/githubcom_statusimnimethp2p/.git/objects/pack/pack-ecdfbc9a56d33fe84ec1b7e9929e10281fcd0a9e.keep')
mkdir('eth_p2p', 0x00000000000001ff)
mkdir('eth_p2p/private', 0x00000000000001ff)
mkdir('eth_p2p/rlpx_protocols', 0x00000000000001ff)
mkdir('eth_p2p/rlpx_protocols/les', 0x00000000000001ff)
mkdir('eth_p2p/rlpx_protocols/les/private', 0x00000000000001ff)
mkdir('tests', 0x00000000000001ff)
mkdir('tests/les', 0x00000000000001ff)
rename('/tmp/nimble_7752/githubcom_statusimnimethp2p/.git/index.lock', '/tmp/nimble_7752/githubcom_statusimnimethp2p/.git/index')
mkdir('/tmp', 0x00000000000001ff)
mkdir('/tmp/nimblecache', 0x00000000000001ff)
mkdir('/tmp/nimblecache/eth_p2p_2609755243', 0x00000000000001ff)
unlink('/tmp/nimblecache/eth_p2p_2609755243/eth_p2p.ini')
unlink('/tmp/nimble_7752.out')
unlink('/tmp/nimble_7752/githubcom_statusimnimethp2p/eth_p2p_7752.nims')
mkdir('/tmp', 0x00000000000001ff)
mkdir('/tmp/nimble_7752', 0x00000000000001ff)
mkdir('/tmp/nimble_7752/githubcom_statusimnimrlp_1.0.1', 0x00000000000001ff)
rmdir('/tmp/nimble_7752/githubcom_statusimnimrlp_1.0.1')
mkdir('/tmp/nimble_7752/githubcom_statusimnimrlp_1.0.1', 0x00000000000001ff)
mkdir('/tmp/nimble_7752/githubcom_statusimnimrlp_1.0.1/.git', 0x00000000000001ff)
mkdir('/tmp/nimble_7752/githubcom_statusimnimrlp_1.0.1/.git/', 0x00000000000001ff)
mkdir('/tmp/nimble_7752/githubcom_statusimnimrlp_1.0.1/.git/branches/', 0x00000000000001ff)
mkdir('/tmp/nimble_7752/githubcom_statusimnimrlp_1.0.1/.git/hooks/', 0x00000000000001ff)
mkdir('/tmp/nimble_7752/githubcom_statusimnimrlp_1.0.1/.git/info/', 0x00000000000001ff)
mkdir('/tmp/nimble_7752/githubcom_statusimnimrlp_1.0.1/.git/refs', 0x00000000000001ff)
mkdir('/tmp/nimble_7752/githubcom_statusimnimrlp_1.0.1/.git/refs/heads', 0x00000000000001ff)
mkdir('/tmp/nimble_7752/githubcom_statusimnimrlp_1.0.1/.git/refs/tags', 0x00000000000001ff)
rename('/tmp/nimble_7752/githubcom_statusimnimrlp_1.0.1/.git/HEAD.lock', '/tmp/nimble_7752/githubcom_statusimnimrlp_1.0.1/.git/HEAD')
rename('/tmp/nimble_7752/githubcom_statusimnimrlp_1.0.1/.git/config.lock', '/tmp/nimble_7752/githubcom_statusimnimrlp_1.0.1/.git/config')
chmod('/tmp/nimble_7752/githubcom_statusimnimrlp_1.0.1/.git/config', 0x00000000000081e4)
chmod('/tmp/nimble_7752/githubcom_statusimnimrlp_1.0.1/.git/config', 0x00000000000081a4)
chmod('/tmp/nimble_7752/githubcom_statusimnimrlp_1.0.1/.git/config.lock', 0x00000000000001a4)  Verifying dependencies for rlp@1.0.1
    Reading official package list
   Checking for ranges@any version
      Info: Dependency on ranges@any version already satisfied
  Verifying dependencies for ranges@0.0.1
 Installing rlp@1.0.1
   Building rlp/rlp/bin/rlp_inspect using c backend

rename('/tmp/nimble_7752/githubcom_statusimnimrlp_1.0.1/.git/config.lock', '/tmp/nimble_7752/githubcom_statusimnimrlp_1.0.1/.git/config')
chmod('/tmp/nimble_7752/githubcom_statusimnimrlp_1.0.1/.git/config.lock', 0x00000000000001a4)
rename('/tmp/nimble_7752/githubcom_statusimnimrlp_1.0.1/.git/config.lock', '/tmp/nimble_7752/githubcom_statusimnimrlp_1.0.1/.git/config')
chmod('/tmp/nimble_7752/githubcom_statusimnimrlp_1.0.1/.git/config.lock', 0x00000000000001a4)
rename('/tmp/nimble_7752/githubcom_statusimnimrlp_1.0.1/.git/config.lock', '/tmp/nimble_7752/githubcom_statusimnimrlp_1.0.1/.git/config')
unlink('/tmp/nimble_7752/githubcom_statusimnimrlp_1.0.1/.git/tN3WZ0t')
symlink('testing', '/tmp/nimble_7752/githubcom_statusimnimrlp_1.0.1/.git/tN3WZ0t')
unlink('/tmp/nimble_7752/githubcom_statusimnimrlp_1.0.1/.git/tN3WZ0t')
mkdir('/tmp/nimble_7752/githubcom_statusimnimrlp_1.0.1/.git/objects', 0x00000000000001ff)
mkdir('/tmp/nimble_7752/githubcom_statusimnimrlp_1.0.1/.git/objects/pack', 0x00000000000001ff)
mkdir('/tmp/nimble_7752/githubcom_statusimnimrlp_1.0.1/.git/objects/info', 0x00000000000001ff)
chmod('/tmp/nimble_7752/githubcom_statusimnimrlp_1.0.1/.git/config.lock', 0x00000000000001a4)
rename('/tmp/nimble_7752/githubcom_statusimnimrlp_1.0.1/.git/config.lock', '/tmp/nimble_7752/githubcom_statusimnimrlp_1.0.1/.git/config')
chmod('/tmp/nimble_7752/githubcom_statusimnimrlp_1.0.1/.git/config.lock', 0x00000000000001a4)
rename('/tmp/nimble_7752/githubcom_statusimnimrlp_1.0.1/.git/config.lock', '/tmp/nimble_7752/githubcom_statusimnimrlp_1.0.1/.git/config')
chmod('/tmp/nimble_7752/githubcom_statusimnimrlp_1.0.1/.git/config.lock', 0x00000000000001a4)
rename('/tmp/nimble_7752/githubcom_statusimnimrlp_1.0.1/.git/config.lock', '/tmp/nimble_7752/githubcom_statusimnimrlp_1.0.1/.git/config')
link('/tmp/nimble_7752/githubcom_statusimnimrlp_1.0.1/.git/objects/pack/tmp_pack_vZFWSG', '/tmp/nimble_7752/githubcom_statusimnimrlp_1.0.1/.git/objects/pack/pack-3d172cea40550b9758953e5f0909ce25afd430be.pack')
unlink('/tmp/nimble_7752/githubcom_statusimnimrlp_1.0.1/.git/objects/pack/tmp_pack_vZFWSG')
link('/tmp/nimble_7752/githubcom_statusimnimrlp_1.0.1/.git/objects/pack/tmp_idx_Rc7fcZ', '/tmp/nimble_7752/githubcom_statusimnimrlp_1.0.1/.git/objects/pack/pack-3d172cea40550b9758953e5f0909ce25afd430be.idx')
unlink('/tmp/nimble_7752/githubcom_statusimnimrlp_1.0.1/.git/objects/pack/tmp_idx_Rc7fcZ')
rename('/tmp/nimble_7752/githubcom_statusimnimrlp_1.0.1/.git/shallow.lock', '/tmp/nimble_7752/githubcom_statusimnimrlp_1.0.1/.git/shallow')
rename('/tmp/nimble_7752/githubcom_statusimnimrlp_1.0.1/.git/packed-refs.new', '/tmp/nimble_7752/githubcom_statusimnimrlp_1.0.1/.git/packed-refs')
unlink('/tmp/nimble_7752/githubcom_statusimnimrlp_1.0.1/.git/packed-refs.lock')
mkdir('/tmp/nimble_7752/githubcom_statusimnimrlp_1.0.1/.git/refs/remotes', 0x00000000000001ff)
mkdir('/tmp/nimble_7752/githubcom_statusimnimrlp_1.0.1/.git/refs/remotes/origin', 0x00000000000001ff)
mkdir('/tmp/nimble_7752/githubcom_statusimnimrlp_1.0.1/.git/logs', 0x00000000000001ff)
mkdir('/tmp/nimble_7752/githubcom_statusimnimrlp_1.0.1/.git/logs/refs', 0x00000000000001ff)
mkdir('/tmp/nimble_7752/githubcom_statusimnimrlp_1.0.1/.git/logs/refs/remotes', 0x00000000000001ff)
mkdir('/tmp/nimble_7752/githubcom_statusimnimrlp_1.0.1/.git/logs/refs/remotes/origin', 0x00000000000001ff)
rename('/tmp/nimble_7752/githubcom_statusimnimrlp_1.0.1/.git/refs/remotes/origin/HEAD.lock', '/tmp/nimble_7752/githubcom_statusimnimrlp_1.0.1/.git/refs/remotes/origin/HEAD')
rename('/tmp/nimble_7752/githubcom_statusimnimrlp_1.0.1/.git/HEAD.lock', '/tmp/nimble_7752/githubcom_statusimnimrlp_1.0.1/.git/HEAD')
mkdir('/tmp/nimble_7752/githubcom_statusimnimrlp_1.0.1/.git/logs/refs/heads', 0x00000000000001ff)
rename('/tmp/nimble_7752/githubcom_statusimnimrlp_1.0.1/.git/refs/heads/master.lock', '/tmp/nimble_7752/githubcom_statusimnimrlp_1.0.1/.git/refs/heads/master')
unlink('/tmp/nimble_7752/githubcom_statusimnimrlp_1.0.1/.git/HEAD.lock')
chmod('/tmp/nimble_7752/githubcom_statusimnimrlp_1.0.1/.git/config.lock', 0x00000000000001a4)
rename('/tmp/nimble_7752/githubcom_statusimnimrlp_1.0.1/.git/config.lock', '/tmp/nimble_7752/githubcom_statusimnimrlp_1.0.1/.git/config')
chmod('/tmp/nimble_7752/githubcom_statusimnimrlp_1.0.1/.git/config.lock', 0x00000000000001a4)
rename('/tmp/nimble_7752/githubcom_statusimnimrlp_1.0.1/.git/config.lock', '/tmp/nimble_7752/githubcom_statusimnimrlp_1.0.1/.git/config')
unlink('/tmp/nimble_7752/githubcom_statusimnimrlp_1.0.1/.git/objects/pack/pack-3d172cea40550b9758953e5f0909ce25afd430be.keep')
mkdir('rlp', 0x00000000000001ff)
mkdir('rlp/bin', 0x00000000000001ff)
mkdir('rlp/priv', 0x00000000000001ff)
mkdir('tests', 0x00000000000001ff)
mkdir('tests/cases', 0x00000000000001ff)
mkdir('tests/cases/RandomRLPTests', 0x00000000000001ff)
mkdir('tests/util', 0x00000000000001ff)
rename('/tmp/nimble_7752/githubcom_statusimnimrlp_1.0.1/.git/index.lock', '/tmp/nimble_7752/githubcom_statusimnimrlp_1.0.1/.git/index')
mkdir('/tmp', 0x00000000000001ff)
mkdir('/tmp/nimblecache', 0x00000000000001ff)
mkdir('/tmp/nimblecache/rlp_650806243', 0x00000000000001ff)
unlink('/tmp/nimblecache/rlp_650806243/rlp.ini')
unlink('/tmp/nimble_7752.out')
unlink('/tmp/nimble_7752/githubcom_statusimnimrlp_1.0.1/rlp_7752.nims')
mkdir('/home', 0x00000000000001ff)
mkdir('/home/runner', 0x00000000000001ff)
mkdir('/home/runner/.cache', 0x00000000000001ff)
mkdir('/home/runner/.cache/nim', 0x00000000000001ff)
mkdir('/home/runner/.cache/nim/rlp_inspect_r', 0x00000000000001ff)
mkdir('/home', 0x00000000000001ff)
mkdir('/home/runner', 0x00000000000001ff)
mkdir('/home/runner/.cache', 0x00000000000001ff)
mkdir('/home/runner/.cache/nim', 0x00000000000001ff)
mkdir('/home/runner/.cache/nim/rlp_inspect_r', 0x00000000000001ff)
mkdir('/home', 0x00000000000001ff)
mkdir('/home/runner', 0x00000000000001ff)
mkdir('/home/runner/.cache', 0x00000000000001ff)
mkdir('/home/runner/.cache/nim', 0x00000000000001ff)
mkdir('/home/runner/.cache/nim/rlp_inspect_r', 0x00000000000001ff)
mkdir('/home', 0x00000000000001ff)
mkdir('/home/runner', 0x00000000000001ff)
mkdir('/home/runner/.cache', 0x00000000000001ff)
mkdir('/home/runner/.cache/nim', 0x00000000000001ff)
mkdir('/home/runner/.cache/nim/rlp_inspect_r', 0x00000000000001ff)
mkdir('/home', 0x00000000000001ff)
mkdir('/home/runner', 0x00000000000001ff)
mkdir('/home/runner/.cache', 0x00000000000001ff)
mkdir('/home/runner/.cache/nim', 0x00000000000001ff)
mkdir('/home/runner/.cache/nim/rlp_inspect_r', 0x00000000000001ff)
mkdir('/home', 0x00000000000001ff)
mkdir('/home/runner', 0x00000000000001ff)
mkdir('/home/runner/.cache', 0x00000000000001ff)
mkdir('/home/runner/.cache/nim', 0x00000000000001ff)
mkdir('/home/runner/.cache/nim/rlp_inspect_r', 0x00000000000001ff)
mkdir('/home', 0x00000000000001ff)
mkdir('/home/runner', 0x00000000000001ff)
mkdir('/home/runner/.cache', 0x00000000000001ff)
mkdir('/home/runner/.cache/nim', 0x00000000000001ff)
mkdir('/home/runner/.cache/nim/rlp_inspect_r', 0x00000000000001ff)
mkdir('/home', 0x00000000000001ff)
mkdir('/home/runner', 0x00000000000001ff)
mkdir('/home/runner/.cache', 0x00000000000001ff)
mkdir('/home/runner/.cache/nim', 0x00000000000001ff)
mkdir('/home/runner/.cache/nim/rlp_inspect_r', 0x00000000000001ff)
mkdir('/home', 0x00000000000001ff)
mkdir('/home/runner', 0x00000000000001ff)
mkdir('/home/runner/.cache', 0x00000000000001ff)
mkdir('/home/runner/.cache/nim', 0x00000000000001ff)
mkdir('/home/runner/.cache/nim/rlp_inspect_r', 0x00000000000001ff)
mkdir('/home', 0x00000000000001ff)
mkdir('/home/runner', 0x00000000000001ff)
mkdir('/home/runner/.cache', 0x00000000000001ff)
mkdir('/home/runner/.cache/nim', 0x00000000000001ff)
mkdir('/home/runner/.cache/nim/rlp_inspect_r', 0x00000000000001ff)
mkdir('/home', 0x00000000000001ff)
mkdir('/home/runner', 0x00000000000001ff)
mkdir('/home/runner/.cache', 0x00000000000001ff)
mkdir('/home/runner/.cache/nim', 0x00000000000001ff)
mkdir('/home/runner/.cache/nim/rlp_inspect_r', 0x00000000000001ff)
mkdir('/home', 0x00000000000001ff)
mkdir('/home/runner', 0x00000000000001ff)
mkdir('/home/runner/.cache', 0x00000000000001ff)
mkdir('/home/runner/.cache/nim', 0x00000000000001ff)
mkdir('/home/runner/.cache/nim/rlp_inspect_r', 0x00000000000001ff)
mkdir('/home', 0x00000000000001ff)
mkdir('/home/runner', 0x00000000000001ff)
mkdir('/home/runner/.cache', 0x00000000000001ff)
mkdir('/home/runner/.cache/nim', 0x00000000000001ff)
mkdir('/home/runner/.cache/nim/rlp_inspect_r', 0x00000000000001ff)
mkdir('/home', 0x00000000000001ff)
mkdir('/home/runner', 0x00000000000001ff)
mkdir('/home/runner/.cache', 0x00000000000001ff)
mkdir('/home/runner/.cache/nim', 0x00000000000001ff)
mkdir('/home/runner/.cache/nim/rlp_inspect_r', 0x00000000000001ff)
mkdir('/home', 0x00000000000001ff)
mkdir('/home/runner', 0x00000000000001ff)
mkdir('/home/runner/.cache', 0x00000000000001ff)
mkdir('/home/runner/.cache/nim', 0x00000000000001ff)
mkdir('/home/runner/.cache/nim/rlp_inspect_r', 0x00000000000001ff)
mkdir('/home', 0x00000000000001ff)
mkdir('/home/runner', 0x00000000000001ff)
mkdir('/home/runner/.cache', 0x00000000000001ff)
mkdir('/home/runner/.cache/nim', 0x00000000000001ff)
mkdir('/home/runner/.cache/nim/rlp_inspect_r', 0x00000000000001ff)
mkdir('/home', 0x00000000000001ff)
mkdir('/home/runner', 0x00000000000001ff)
mkdir('/home/runner/.cache', 0x00000000000001ff)
mkdir('/home/runner/.cache/nim', 0x00000000000001ff)
mkdir('/home/runner/.cache/nim/rlp_inspect_r', 0x00000000000001ff)
mkdir('/home', 0x00000000000001ff)
mkdir('/home/runner', 0x00000000000001ff)
mkdir('/home/runner/.cache', 0x00000000000001ff)
mkdir('/home/runner/.cache/nim', 0x00000000000001ff)
mkdir('/home/runner/.cache/nim/rlp_inspect_r', 0x00000000000001ff)
mkdir('/home', 0x00000000000001ff)
mkdir('/home/runner', 0x00000000000001ff)
mkdir('/home/runner/.cache', 0x00000000000001ff)
mkdir('/home/runner/.cache/nim', 0x00000000000001ff)
mkdir('/home/runner/.cache/nim/rlp_inspect_r', 0x00000000000001ff)
mkdir('/home', 0x00000000000001ff)
mkdir('/home/runner', 0x00000000000001ff)
mkdir('/home/runner/.cache', 0x00000000000001ff)
mkdir('/home/runner/.cache/nim', 0x00000000000001ff)
mkdir('/home/runner/.cache/nim/rlp_inspect_r', 0x00000000000001ff)
mkdir('/home', 0x00000000000001ff)
mkdir('/home/runner', 0x00000000000001ff)
mkdir('/home/runner/.cache', 0x00000000000001ff)
mkdir('/home/runner/.cache/nim', 0x00000000000001ff)
mkdir('/home/runner/.cache/nim/rlp_inspect_r', 0x00000000000001ff)
mkdir('/home', 0x00000000000001ff)
mkdir('/home/runner', 0x00000000000001ff)
mkdir('/home/runner/.cache', 0x00000000000001ff)
mkdir('/home/runner/.cache/nim', 0x00000000000001ff)
mkdir('/home/runner/.cache/nim/rlp_inspect_r', 0x00000000000001ff)
mkdir('/home', 0x00000000000001ff)
mkdir('/home/runner', 0x00000000000001ff)
mkdir('/home/runner/.cache', 0x00000000000001ff)
mkdir('/home/runner/.cache/nim', 0x00000000000001ff)
mkdir('/home/runner/.cache/nim/rlp_inspect_r', 0x00000000000001ff)
mkdir('/home', 0x00000000000001ff)
mkdir('/home/runner', 0x00000000000001ff)
mkdir('/home/runner/.cache', 0x00000000000001ff)
mkdir('/home/runner/.cache/nim', 0x00000000000001ff)
mkdir('/home/runner/.cache/nim/rlp_inspect_r', 0x00000000000001ff)
mkdir('/home', 0x00000000000001ff)
mkdir('/home/runner', 0x00000000000001ff)
mkdir('/home/runner/.cache', 0x00000000000001ff)
mkdir('/home/runner/.cache/nim', 0x00000000000001ff)
mkdir('/home/runner/.cache/nim/rlp_inspect_r', 0x00000000000001ff)
mkdir('/home', 0x00000000000001ff)
mkdir('/home/runner', 0x00000000000001ff)
mkdir('/home/runner/.cache', 0x00000000000001ff)
mkdir('/home/runner/.cache/nim', 0x00000000000001ff)
mkdir('/home/runner/.cache/nim/rlp_inspect_r', 0x00000000000001ff)
mkdir('/home', 0x00000000000001ff)
mkdir('/home/runner', 0x00000000000001ff)
mkdir('/home/runner/.cache', 0x00000000000001ff)
mkdir('/home/runner/.cache/nim', 0x00000000000001ff)
mkdir('/home/runner/.cache/nim/rlp_inspect_r', 0x00000000000001ff)
mkdir('/home', 0x00000000000001ff)
mkdir('/home/runner', 0x00000000000001ff)
mkdir('/home/runner/.cache', 0x00000000000001ff)
mkdir('/home/runner/.cache/nim', 0x00000000000001ff)
mkdir('/home/runner/.cache/nim/rlp_inspect_r', 0x00000000000001ff)
mkdir('/home', 0x00000000000001ff)
mkdir('/home/runner', 0x00000000000001ff)
mkdir('/home/runner/.cache', 0x00000000000001ff)
mkdir('/home/runner/.cache/nim', 0x00000000000001ff)
mkdir('/home/runner/.cache/nim/rlp_inspect_r', 0x00000000000001ff)
mkdir('/home', 0x00000000000001ff)
mkdir('/home/runner', 0x00000000000001ff)
mkdir('/home/runner/.cache', 0x00000000000001ff)
mkdir('/home/runner/.cache/nim', 0x00000000000001ff)
mkdir('/home/runner/.cache/nim/rlp_inspect_r', 0x00000000000001ff)
mkdir('/home', 0x00000000000001ff)
mkdir('/home/runner', 0x00000000000001ff)
mkdir('/home/runner/.cache', 0x00000000000001ff)
mkdir('/home/runner/.cache/nim', 0x00000000000001ff)
mkdir('/home/runner/.cache/nim/rlp_inspect_r', 0x00000000000001ff)
mkdir('/home', 0x00000000000001ff)
mkdir('/home/runner', 0x00000000000001ff)
mkdir('/home/runner/.cache', 0x00000000000001ff)
mkdir('/home/runner/.cache/nim', 0x00000000000001ff)
mkdir('/home/runner/.cache/nim/rlp_inspect_r', 0x00000000000001ff)
mkdir('/home', 0x00000000000001ff)
mkdir('/home/runner', 0x00000000000001ff)
mkdir('/home/runner/.cache', 0x00000000000001ff)
mkdir('/home/runner/.cache/nim', 0x00000000000001ff)
mkdir('/home/runner/.cache/nim/rlp_inspect_r', 0x00000000000001ff)
mkdir('/home', 0x00000000000001ff)
mkdir('/home/runner', 0x00000000000001ff)
mkdir('/home/runner/.cache', 0x00000000000001ff)
mkdir('/home/runner/.cache/nim', 0x00000000000001ff)
mkdir('/home/runner/.cache/nim/rlp_inspect_r', 0x00000000000001ff)
mkdir('/home', 0x00000000000001ff)
mkdir('/home/runner', 0x00000000000001ff)
mkdir('/home/runner/.cache', 0x00000000000001ff)
mkdir('/home/runner/.cache/nim', 0x00000000000001ff)
mkdir('/home/runner/.cache/nim/rlp_inspect_r', 0x00000000000001ff)
mkdir('/home', 0x00000000000001ff)
mkdir('/home/runner', 0x00000000000001ff)
mkdir('/home/runner/.cache', 0x00000000000001ff)
mkdir('/home/runner/.cache/nim', 0x00000000000001ff)
mkdir('/home/runner/.cache/nim/rlp_inspect_r', 0x00000000000001ff)
mkdir('/home', 0x00000000000001ff)
mkdir('/home/runner', 0x00000000000001ff)
mkdir('/home/runner/.cache', 0x00000000000001ff)
mkdir('/home/runner/.cache/nim', 0x00000000000001ff)
mkdir('/home/runner/.cache/nim/rlp_inspect_r', 0x00000000000001ff)
mkdir('/home', 0x00000000000001ff)
mkdir('/home/runner', 0x00000000000001ff)
mkdir('/home/runner/.cache', 0x00000000000001ff)
mkdir('/home/runner/.cache/nim', 0x00000000000001ff)
mkdir('/home/runner/.cache/nim/rlp_inspect_r', 0x00000000000001ff)
mkdir('/home', 0x00000000000001ff)
mkdir('/home/runner', 0x00000000000001ff)
mkdir('/home/runner/.cache', 0x00000000000001ff)
mkdir('/home/runner/.cache/nim', 0x00000000000001ff)
mkdir('/home/runner/.cache/nim/rlp_inspect_r', 0x00000000000001ff)
mkdir('/home', 0x00000000000001ff)
mkdir('/home/runner', 0x00000000000001ff)
mkdir('/home/runner/.cache', 0x00000000000001ff)
mkdir('/home/runner/.cache/nim', 0x00000000000001ff)
mkdir('/home/runner/.cache/nim/rlp_inspect_r', 0x00000000000001ff)
mkdir('/home', 0x00000000000001ff)
mkdir('/home/runner', 0x00000000000001ff)
mkdir('/home/runner/.cache', 0x00000000000001ff)
mkdir('/home/runner/.cache/nim', 0x00000000000001ff)
mkdir('/home/runner/.cache/nim/rlp_inspect_r', 0x00000000000001ff)
mkdir('/home', 0x00000000000001ff)
mkdir('/home/runner', 0x00000000000001ff)
mkdir('/home/runner/.cache', 0x00000000000001ff)
mkdir('/home/runner/.cache/nim', 0x00000000000001ff)
mkdir('/home/runner/.cache/nim/rlp_inspect_r', 0x00000000000001ff)
mkdir('/home', 0x00000000000001ff)
mkdir('/home/runner', 0x00000000000001ff)
mkdir('/home/runner/.cache', 0x00000000000001ff)
mkdir('/home/runner/.cache/nim', 0x00000000000001ff)
mkdir('/home/runner/.cache/nim/rlp_inspect_r', 0x00000000000001ff)
mkdir('/home', 0x00000000000001ff)
mkdir('/home/runner', 0x00000000000001ff)
mkdir('/home/runner/.cache', 0x00000000000001ff)
mkdir('/home/runner/.cache/nim', 0x00000000000001ff)
mkdir('/home/runner/.cache/nim/rlp_inspect_r', 0x00000000000001ff)
mkdir('/home', 0x00000000000001ff)
mkdir('/home/runner', 0x00000000000001ff)
mkdir('/home/runner/.cache', 0x00000000000001ff)
mkdir('/home/runner/.cache/nim', 0x00000000000001ff)
mkdir('/home/runner/.cache/nim/rlp_inspect_r', 0x00000000000001ff)
mkdir('/home', 0x00000000000001ff)
mkdir('/home/runner', 0x00000000000001ff)
mkdir('/home/runner/.cache', 0x00000000000001ff)
mkdir('/home/runner/.cache/nim', 0x00000000000001ff)
mkdir('/home/runner/.cache/nim/rlp_inspect_r', 0x00000000000001ff)
mkdir('/home', 0x00000000000001ff)
mkdir('/home/runner', 0x00000000000001ff)
mkdir('/home/runner/.cache', 0x00000000000001ff)
mkdir('/home/runner/.cache/nim', 0x00000000000001ff)
mkdir('/home/runner/.cache/nim/rlp_inspect_r', 0x00000000000001ff)
mkdir('/home', 0x00000000000001ff)
mkdir('/home/runner', 0x00000000000001ff)
mkdir('/home/runner/.cache', 0x00000000000001ff)
mkdir('/home/runner/.cache/nim', 0x00000000000001ff)
mkdir('/home/runner/.cache/nim/rlp_inspect_r', 0x00000000000001ff)
mkdir('/home', 0x00000000000001ff)
mkdir('/home/runner', 0x00000000000001ff)
mkdir('/home/runner/.cache', 0x00000000000001ff)
mkdir('/home/runner/.cache/nim', 0x00000000000001ff)
mkdir('/home/runner/.cache/nim/rlp_inspect_r', 0x00000000000001ff)
mkdir('/home', 0x00000000000001ff)
mkdir('/home/runner', 0x00000000000001ff)
mkdir('/home/runner/.cache', 0x00000000000001ff)
mkdir('/home/runner/.cache/nim', 0x00000000000001ff)
mkdir('/home/runner/.cache/nim/rlp_inspect_r', 0x00000000000001ff)
mkdir('/home', 0x00000000000001ff)
mkdir('/home/runner', 0x00000000000001ff)
mkdir('/home/runner/.cache', 0x00000000000001ff)
mkdir('/home/runner/.cache/nim', 0x00000000000001ff)
mkdir('/home/runner/.cache/nim/rlp_inspect_r', 0x00000000000001ff)
mkdir('/home', 0x00000000000001ff)
mkdir('/home/runner', 0x00000000000001ff)
mkdir('/home/runner/.cache', 0x00000000000001ff)
mkdir('/home/runner/.cache/nim', 0x00000000000001ff)
mkdir('/home/runner/.cache/nim/rlp_inspect_r', 0x00000000000001ff)
mkdir('/home', 0x00000000000001ff)
mkdir('/home/runner', 0x00000000000001ff)
mkdir('/home/runner/.cache', 0x00000000000001ff)
mkdir('/home/runner/.cache/nim', 0x00000000000001ff)
mkdir('/home/runner/.cache/nim/rlp_inspect_r', 0x00000000000001ff)
mkdir('/home', 0x00000000000001ff)
mkdir('/home/runner', 0x00000000000001ff)
mkdir('/home/runner/.cache', 0x00000000000001ff)
mkdir('/home/runner/.cache/nim', 0x00000000000001ff)
mkdir('/home/runner/.cache/nim/rlp_inspect_r', 0x00000000000001ff)
mkdir('/home', 0x00000000000001ff)
mkdir('/home/runner', 0x00000000000001ff)
mkdir('/home/runner/.cache', 0x00000000000001ff)
mkdir('/home/runner/.cache/nim', 0x00000000000001ff)
mkdir('/home/runner/.cache/nim/rlp_inspect_r', 0x00000000000001ff)
mkdir('/home', 0x00000000000001ff)
mkdir('/home/runner', 0x00000000000001ff)
mkdir('/home/runner/.cache', 0x00000000000001ff)
mkdir('/home/runner/.cache/nim', 0x00000000000001ff)
mkdir('/home/runner/.cache/nim/rlp_inspect_r', 0x00000000000001ff)
mkdir('/home', 0x00000000000001ff)
mkdir('/home/runner', 0x00000000000001ff)
mkdir('/home/runner/.cache', 0x00000000000001ff)
mkdir('/home/runner/.cache/nim', 0x00000000000001ff)
mkdir('/home/runner/.cache/nim/rlp_inspect_r', 0x00000000000001ff)
mkdir('/home', 0x00000000000001ff)
mkdir('/home/runner', 0x00000000000001ff)
mkdir('/home/runner/.cache', 0x00000000000001ff)
mkdir('/home/runner/.cache/nim', 0x00000000000001ff)
mkdir('/home/runner/.cache/nim/rlp_inspect_r', 0x00000000000001ff)
mkdir('/home', 0x00000000000001ff)
mkdir('/home/runner', 0x00000000000001ff)
mkdir('/home/runner/.cache', 0x00000000000001ff)
mkdir('/home/runner/.cache/nim', 0x00000000000001ff)
mkdir('/home/runner/.cache/nim/rlp_inspect_r', 0x00000000000001ff)
mkdir('/home', 0x00000000000001ff)
mkdir('/home/runner', 0x00000000000001ff)
mkdir('/home/runner/.cache', 0x00000000000001ff)
mkdir('/home/runner/.cache/nim', 0x00000000000001ff)
mkdir('/home/runner/.cache/nim/rlp_inspect_r', 0x00000000000001ff)
mkdir('/home', 0x00000000000001ff)
mkdir('/home/runner', 0x00000000000001ff)
mkdir('/home/runner/.cache', 0x00000000000001ff)
mkdir('/home/runner/.cache/nim', 0x00000000000001ff)
mkdir('/home/runner/.cache/nim/rlp_inspect_r', 0x00000000000001ff)
mkdir('/home', 0x00000000000001ff)
mkdir('/home/runner', 0x00000000000001ff)
mkdir('/home/runner/.cache', 0x00000000000001ff)
mkdir('/home/runner/.cache/nim', 0x00000000000001ff)
mkdir('/home/runner/.cache/nim/rlp_inspect_r', 0x00000000000001ff)
mkdir('/home', 0x00000000000001ff)
mkdir('/home/runner', 0x00000000000001ff)
mkdir('/home/runner/.cache', 0x00000000000001ff)
mkdir('/home/runner/.cache/nim', 0x00000000000001ff)
mkdir('/home/runner/.cache/nim/rlp_inspect_r', 0x00000000000001ff)
mkdir('/home', 0x00000000000001ff)
mkdir('/home/runner', 0x00000000000001ff)
mkdir('/home/runner/.cache', 0x00000000000001ff)
mkdir('/home/runner/.cache/nim', 0x00000000000001ff)
mkdir('/home/runner/.cache/nim/rlp_inspect_r', 0x00000000000001ff)
mkdir('/home', 0x00000000000001ff)
mkdir('/home/runner', 0x00000000000001ff)
mkdir('/home/runner/.cache', 0x00000000000001ff)
mkdir('/home/runner/.cache/nim', 0x00000000000001ff)
mkdir('/home/runner/.cache/nim/rlp_inspect_r', 0x00000000000001ff)
mkdir('/home', 0x00000000000001ff)
mkdir('/home/runner', 0x00000000000001ff)
mkdir('/home/runner/.cache', 0x00000000000001ff)
mkdir('/home/runner/.cache/nim', 0x00000000000001ff)
mkdir('/home/runner/.cache/nim/rlp_inspect_r', 0x00000000000001ff)
mkdir('/home', 0x00000000000001ff)
mkdir('/home/runner', 0x00000000000001ff)
mkdir('/home/runner/.cache', 0x00000000000001ff)
mkdir('/home/runner/.cache/nim', 0x00000000000001ff)
mkdir('/home/runner/.cache/nim/rlp_inspect_r', 0x00000000000001ff)
mkdir('/home', 0x00000000000001ff)
mkdir('/home/runner', 0x00000000000001ff)
mkdir('/home/runner/.cache', 0x00000000000001ff)
mkdir('/home/runner/.cache/nim', 0x00000000000001ff)
mkdir('/home/runner/.cache/nim/rlp_inspect_r', 0x00000000000001ff)
unlink(94031020336208)
Error tracing process: readBytes(0x000055854d90a450, 256) error: [Errno 5] Input/output error.
