    Reading official package list
Downloading https://github.com/status-im/nim-eth-bloom using git
mkdir('/tmp', 0x00000000000001ff)
mkdir('/tmp/nimble_6904', 0x00000000000001ff)
mkdir('/tmp/nimble_6904/githubcom_statusimnimethbloom', 0x00000000000001ff)
rmdir('/tmp/nimble_6904/githubcom_statusimnimethbloom')
mkdir('/tmp/nimble_6904/githubcom_statusimnimethbloom', 0x00000000000001ff)
mkdir('/tmp/nimble_6904/githubcom_statusimnimethbloom/.git', 0x00000000000001ff)
mkdir('/tmp/nimble_6904/githubcom_statusimnimethbloom/.git/', 0x00000000000001ff)
mkdir('/tmp/nimble_6904/githubcom_statusimnimethbloom/.git/info/', 0x00000000000001ff)
mkdir('/tmp/nimble_6904/githubcom_statusimnimethbloom/.git/branches/', 0x00000000000001ff)
mkdir('/tmp/nimble_6904/githubcom_statusimnimethbloom/.git/hooks/', 0x00000000000001ff)
mkdir('/tmp/nimble_6904/githubcom_statusimnimethbloom/.git/refs', 0x00000000000001ff)
mkdir('/tmp/nimble_6904/githubcom_statusimnimethbloom/.git/refs/heads', 0x00000000000001ff)
mkdir('/tmp/nimble_6904/githubcom_statusimnimethbloom/.git/refs/tags', 0x00000000000001ff)
rename('/tmp/nimble_6904/githubcom_statusimnimethbloom/.git/HEAD.lock', '/tmp/nimble_6904/githubcom_statusimnimethbloom/.git/HEAD')
rename('/tmp/nimble_6904/githubcom_statusimnimethbloom/.git/config.lock', '/tmp/nimble_6904/githubcom_statusimnimethbloom/.git/config')
chmod('/tmp/nimble_6904/githubcom_statusimnimethbloom/.git/config', 0x00000000000081e4)
chmod('/tmp/nimble_6904/githubcom_statusimnimethbloom/.git/config', 0x00000000000081a4)
chmod('/tmp/nimble_6904/githubcom_statusimnimethbloom/.git/config.lock', 0x00000000000001a4)
rename('/tmp/nimble_6904/githubcom_statusimnimethbloom/.git/config.lock', '/tmp/nimble_6904/githubcom_statusimnimethbloom/.git/config')
chmod('/tmp/nimble_6904/githubcom_statusimnimethbloom/.git/config.lock', 0x00000000000001a4)
rename('/tmp/nimble_6904/githubcom_statusimnimethbloom/.git/config.lock', '/tmp/nimble_6904/githubcom_statusimnimethbloom/.git/config')
chmod('/tmp/nimble_6904/githubcom_statusimnimethbloom/.git/config.lock', 0x00000000000001a4)
rename('/tmp/nimble_6904/githubcom_statusimnimethbloom/.git/config.lock', '/tmp/nimble_6904/githubcom_statusimnimethbloom/.git/config')
unlink('/tmp/nimble_6904/githubcom_statusimnimethbloom/.git/tpTEwcS')
symlink('testing', '/tmp/nimble_6904/githubcom_statusimnimethbloom/.git/tpTEwcS')
unlink('/tmp/nimble_6904/githubcom_statusimnimethbloom/.git/tpTEwcS')
mkdir('/tmp/nimble_6904/githubcom_statusimnimethbloom/.git/objects', 0x00000000000001ff)
mkdir('/tmp/nimble_6904/githubcom_statusimnimethbloom/.git/objects/pack', 0x00000000000001ff)
mkdir('/tmp/nimble_6904/githubcom_statusimnimethbloom/.git/objects/info', 0x00000000000001ff)
chmod('/tmp/nimble_6904/githubcom_statusimnimethbloom/.git/config.lock', 0x00000000000001a4)
rename('/tmp/nimble_6904/githubcom_statusimnimethbloom/.git/config.lock', '/tmp/nimble_6904/githubcom_statusimnimethbloom/.git/config')
chmod('/tmp/nimble_6904/githubcom_statusimnimethbloom/.git/config.lock', 0x00000000000001a4)
rename('/tmp/nimble_6904/githubcom_statusimnimethbloom/.git/config.lock', '/tmp/nimble_6904/githubcom_statusimnimethbloom/.git/config')
chmod('/tmp/nimble_6904/githubcom_statusimnimethbloom/.git/config.lock', 0x00000000000001a4)
rename('/tmp/nimble_6904/githubcom_statusimnimethbloom/.git/config.lock', '/tmp/nimble_6904/githubcom_statusimnimethbloom/.git/config')
mkdir('/tmp/nimble_6904/githubcom_statusimnimethbloom/.git/objects/37', 0x00000000000001ff)
link('/tmp/nimble_6904/githubcom_statusimnimethbloom/.git/objects/37/tmp_obj_dGYLMb', '/tmp/nimble_6904/githubcom_statusimnimethbloom/.git/objects/37/21d797d4aedb80ea161ca822516be44771aa97')
unlink('/tmp/nimble_6904/githubcom_statusimnimethbloom/.git/objects/37/tmp_obj_dGYLMb')
mkdir('/tmp/nimble_6904/githubcom_statusimnimethbloom/.git/objects/d7', 0x00000000000001ff)
link('/tmp/nimble_6904/githubcom_statusimnimethbloom/.git/objects/d7/tmp_obj_ZAXQli', '/tmp/nimble_6904/githubcom_statusimnimethbloom/.git/objects/d7/af6a26a36c185320fddba15e81ebeab4f2441d')
unlink('/tmp/nimble_6904/githubcom_statusimnimethbloom/.git/objects/d7/tmp_obj_ZAXQli')
mkdir('/tmp/nimble_6904/githubcom_statusimnimethbloom/.git/objects/38', 0x00000000000001ff)
link('/tmp/nimble_6904/githubcom_statusimnimethbloom/.git/objects/38/tmp_obj_GnBgga', '/tmp/nimble_6904/githubcom_statusimnimethbloom/.git/objects/38/aebc2f4cc91998344682ad26b929c00c339070')
unlink('/tmp/nimble_6904/githubcom_statusimnimethbloom/.git/objects/38/tmp_obj_GnBgga')
mkdir('/tmp/nimble_6904/githubcom_statusimnimethbloom/.git/objects/67', 0x00000000000001ff)
link('/tmp/nimble_6904/githubcom_statusimnimethbloom/.git/objects/67/tmp_obj_iloxNg', '/tmp/nimble_6904/githubcom_statusimnimethbloom/.git/objects/67/d9b34c6cecad82ad17197ffa5db4860caf9037')
unlink('/tmp/nimble_6904/githubcom_statusimnimethbloom/.git/objects/67/tmp_obj_iloxNg')
mkdir('/tmp/nimble_6904/githubcom_statusimnimethbloom/.git/objects/8e', 0x00000000000001ff)
link('/tmp/nimble_6904/githubcom_statusimnimethbloom/.git/objects/8e/tmp_obj_aVaWGi', '/tmp/nimble_6904/githubcom_statusimnimethbloom/.git/objects/8e/56f7ecd14bc69854f7670c451405b16d2f0b92')
unlink('/tmp/nimble_6904/githubcom_statusimnimethbloom/.git/objects/8e/tmp_obj_aVaWGi')
mkdir('/tmp/nimble_6904/githubcom_statusimnimethbloom/.git/objects/78', 0x00000000000001ff)
link('/tmp/nimble_6904/githubcom_statusimnimethbloom/.git/objects/78/tmp_obj_yx83Ml', '/tmp/nimble_6904/githubcom_statusimnimethbloom/.git/objects/78/2d1bff2946a29c323e94751a47e9d0dcaef7f4')
unlink('/tmp/nimble_6904/githubcom_statusimnimethbloom/.git/objects/78/tmp_obj_yx83Ml')
mkdir('/tmp/nimble_6904/githubcom_statusimnimethbloom/.git/objects/87', 0x00000000000001ff)
link('/tmp/nimble_6904/githubcom_statusimnimethbloom/.git/objects/87/tmp_obj_UOtRFp', '/tmp/nimble_6904/githubcom_statusimnimethbloom/.git/objects/87/66e65da94fceaf783ab1a347eb5fd8d34528a1')
unlink('/tmp/nimble_6904/githubcom_statusimnimethbloom/.git/objects/87/tmp_obj_UOtRFp')
mkdir('/tmp/nimble_6904/githubcom_statusimnimethbloom/.git/objects/42', 0x00000000000001ff)
link('/tmp/nimble_6904/githubcom_statusimnimethbloom/.git/objects/42/tmp_obj_gyrhWq', '/tmp/nimble_6904/githubcom_statusimnimethbloom/.git/objects/42/d9fcbe2205794737d97a2ba2ab8db6ef7e81ec')
unlink('/tmp/nimble_6904/githubcom_statusimnimethbloom/.git/objects/42/tmp_obj_gyrhWq')
mkdir('/tmp/nimble_6904/githubcom_statusimnimethbloom/.git/objects/a0', 0x00000000000001ff)
link('/tmp/nimble_6904/githubcom_statusimnimethbloom/.git/objects/a0/tmp_obj_ORUPOv', '/tmp/nimble_6904/githubcom_statusimnimethbloom/.git/objects/a0/06f0be75879eb2d6a93de74517621e1e54a6fc')
unlink('/tmp/nimble_6904/githubcom_statusimnimethbloom/.git/objects/a0/tmp_obj_ORUPOv')
mkdir('/tmp/nimble_6904/githubcom_statusimnimethbloom/.git/objects/e1', 0x00000000000001ff)
link('/tmp/nimble_6904/githubcom_statusimnimethbloom/.git/objects/e1/tmp_obj_Y0Q6QB', '/tmp/nimble_6904/githubcom_statusimnimethbloom/.git/objects/e1/f950606b6cc390d319a66640b65e576ab44425')
unlink('/tmp/nimble_6904/githubcom_statusimnimethbloom/.git/objects/e1/tmp_obj_Y0Q6QB')
mkdir('/tmp/nimble_6904/githubcom_statusimnimethbloom/.git/objects/b4', 0x00000000000001ff)
link('/tmp/nimble_6904/githubcom_statusimnimethbloom/.git/objects/b4/tmp_obj_e3vn4F', '/tmp/nimble_6904/githubcom_statusimnimethbloom/.git/objects/b4/e82310d4cd641af6ddc751c39cb58b1cc04a51')
unlink('/tmp/nimble_6904/githubcom_statusimnimethbloom/.git/objects/b4/tmp_obj_e3vn4F')
mkdir('/tmp/nimble_6904/githubcom_statusimnimethbloom/.git/objects/e2', 0x00000000000001ff)
link('/tmp/nimble_6904/githubcom_statusimnimethbloom/.git/objects/e2/tmp_obj_aBCDFH', '/tmp/nimble_6904/githubcom_statusimnimethbloom/.git/objects/e2/ba0fbdf146b5354961b8e65ccf2b16c7e59cda')
unlink('/tmp/nimble_6904/githubcom_statusimnimethbloom/.git/objects/e2/tmp_obj_aBCDFH')
mkdir('/tmp/nimble_6904/githubcom_statusimnimethbloom/.git/objects/c7', 0x00000000000001ff)
link('/tmp/nimble_6904/githubcom_statusimnimethbloom/.git/objects/c7/tmp_obj_Ye6wIL', '/tmp/nimble_6904/githubcom_statusimnimethbloom/.git/objects/c7/ebe2b4cb84a76129df2d69747b7408327511eb')
unlink('/tmp/nimble_6904/githubcom_statusimnimethbloom/.git/objects/c7/tmp_obj_Ye6wIL')
mkdir('/tmp/nimble_6904/githubcom_statusimnimethbloom/.git/objects/3b', 0x00000000000001ff)  Verifying dependencies for eth_bloom@0.1.0
    Reading official package list
   Checking for nimcrypto@any version
      Info: Dependency on nimcrypto@any version already satisfied
  Verifying dependencies for nimcrypto@0.4.11
    Reading official package list
   Checking for stint@any version
      Info: Dependency on stint@any version already satisfied
  Verifying dependencies for stint@0.0.1
    Reading official package list
   Checking for stew@any version
      Info: Dependency on stew@any version already satisfied
  Verifying dependencies for stew@0.1.0
 Installing eth_bloom@0.1.0
    Copying file /tmp/nimble_6904/githubcom_statusimnimethbloom/src/eth_bloom.nim to /home/runner/.nimble/pkgs/eth_bloom-0.1.0/eth_bloom.nim
    Copying file /tmp/nimble_6904/githubcom_statusimnimethbloom/eth_bloom.nimble to /home/runner/.nimble/pkgs/eth_bloom-0.1.0/eth_bloom.nimble
   Success: eth_bloom installed successfully.

link('/tmp/nimble_6904/githubcom_statusimnimethbloom/.git/objects/3b/tmp_obj_wwI6eS', '/tmp/nimble_6904/githubcom_statusimnimethbloom/.git/objects/3b/b69f82af2b03d759a985634d69563496d956b6')
unlink('/tmp/nimble_6904/githubcom_statusimnimethbloom/.git/objects/3b/tmp_obj_wwI6eS')
rename('/tmp/nimble_6904/githubcom_statusimnimethbloom/.git/shallow.lock', '/tmp/nimble_6904/githubcom_statusimnimethbloom/.git/shallow')
rename('/tmp/nimble_6904/githubcom_statusimnimethbloom/.git/packed-refs.new', '/tmp/nimble_6904/githubcom_statusimnimethbloom/.git/packed-refs')
unlink('/tmp/nimble_6904/githubcom_statusimnimethbloom/.git/packed-refs.lock')
mkdir('/tmp/nimble_6904/githubcom_statusimnimethbloom/.git/refs/remotes', 0x00000000000001ff)
mkdir('/tmp/nimble_6904/githubcom_statusimnimethbloom/.git/refs/remotes/origin', 0x00000000000001ff)
mkdir('/tmp/nimble_6904/githubcom_statusimnimethbloom/.git/logs', 0x00000000000001ff)
mkdir('/tmp/nimble_6904/githubcom_statusimnimethbloom/.git/logs/refs', 0x00000000000001ff)
mkdir('/tmp/nimble_6904/githubcom_statusimnimethbloom/.git/logs/refs/remotes', 0x00000000000001ff)
mkdir('/tmp/nimble_6904/githubcom_statusimnimethbloom/.git/logs/refs/remotes/origin', 0x00000000000001ff)
rename('/tmp/nimble_6904/githubcom_statusimnimethbloom/.git/refs/remotes/origin/HEAD.lock', '/tmp/nimble_6904/githubcom_statusimnimethbloom/.git/refs/remotes/origin/HEAD')
rename('/tmp/nimble_6904/githubcom_statusimnimethbloom/.git/HEAD.lock', '/tmp/nimble_6904/githubcom_statusimnimethbloom/.git/HEAD')
mkdir('/tmp/nimble_6904/githubcom_statusimnimethbloom/.git/logs/refs/heads', 0x00000000000001ff)
rename('/tmp/nimble_6904/githubcom_statusimnimethbloom/.git/refs/heads/master.lock', '/tmp/nimble_6904/githubcom_statusimnimethbloom/.git/refs/heads/master')
unlink('/tmp/nimble_6904/githubcom_statusimnimethbloom/.git/HEAD.lock')
chmod('/tmp/nimble_6904/githubcom_statusimnimethbloom/.git/config.lock', 0x00000000000001a4)
rename('/tmp/nimble_6904/githubcom_statusimnimethbloom/.git/config.lock', '/tmp/nimble_6904/githubcom_statusimnimethbloom/.git/config')
chmod('/tmp/nimble_6904/githubcom_statusimnimethbloom/.git/config.lock', 0x00000000000001a4)
rename('/tmp/nimble_6904/githubcom_statusimnimethbloom/.git/config.lock', '/tmp/nimble_6904/githubcom_statusimnimethbloom/.git/config')
mkdir('src', 0x00000000000001ff)
mkdir('tests', 0x00000000000001ff)
rename('/tmp/nimble_6904/githubcom_statusimnimethbloom/.git/index.lock', '/tmp/nimble_6904/githubcom_statusimnimethbloom/.git/index')
mkdir('/tmp', 0x00000000000001ff)
mkdir('/tmp/nimblecache', 0x00000000000001ff)
mkdir('/tmp/nimblecache/eth_bloom_1402223012', 0x00000000000001ff)
unlink('/tmp/nimblecache/eth_bloom_1402223012/eth_bloom.ini')
unlink('/tmp/nimble_6904.out')
unlink('/tmp/nimble_6904/githubcom_statusimnimethbloom/eth_bloom_6904.nims')
mkdir('/home', 0x00000000000001ff)
mkdir('/home/runner', 0x00000000000001ff)
mkdir('/home/runner/.nimble', 0x00000000000001ff)
mkdir('/home/runner/.nimble/pkgs', 0x00000000000001ff)
mkdir('/home/runner/.nimble/pkgs/eth_bloom-0.1.0', 0x00000000000001ff)
mkdir('/home', 0x00000000000001ff)
mkdir('/home/runner', 0x00000000000001ff)
mkdir('/home/runner/.nimble', 0x00000000000001ff)
mkdir('/home/runner/.nimble/pkgs', 0x00000000000001ff)
mkdir('/home/runner/.nimble/pkgs/eth_bloom-0.1.0', 0x00000000000001ff)
chmod('/home/runner/.nimble/pkgs/eth_bloom-0.1.0/eth_bloom.nim', 0x00000000000001a4)
chmod('/home/runner/.nimble/pkgs/eth_bloom-0.1.0/eth_bloom.nimble', 0x00000000000001a4)
mkdir('/tmp', 0x00000000000001ff)
mkdir('/tmp/nimblecache', 0x00000000000001ff)
mkdir('/tmp/nimblecache/eth_bloom_665370414', 0x00000000000001ff)
unlink('/tmp/nimblecache/eth_bloom_665370414/eth_bloom.ini')
unlink('/tmp/nimble_6904.out')
unlink('/home/runner/.nimble/pkgs/eth_bloom-0.1.0/eth_bloom_6904.nims')
unlink('/tmp/nimble_6904/githubcom_statusimnimethbloom/README.md')
unlink('/tmp/nimble_6904/githubcom_statusimnimethbloom/.git/refs/remotes/origin/HEAD')
rmdir('/tmp/nimble_6904/githubcom_statusimnimethbloom/.git/refs/remotes/origin')
rmdir('/tmp/nimble_6904/githubcom_statusimnimethbloom/.git/refs/remotes')
rmdir('/tmp/nimble_6904/githubcom_statusimnimethbloom/.git/refs/tags')
unlink('/tmp/nimble_6904/githubcom_statusimnimethbloom/.git/refs/heads/master')
rmdir('/tmp/nimble_6904/githubcom_statusimnimethbloom/.git/refs/heads')
rmdir('/tmp/nimble_6904/githubcom_statusimnimethbloom/.git/refs')
unlink('/tmp/nimble_6904/githubcom_statusimnimethbloom/.git/info/exclude')
rmdir('/tmp/nimble_6904/githubcom_statusimnimethbloom/.git/info')
rmdir('/tmp/nimble_6904/githubcom_statusimnimethbloom/.git/branches')
unlink('/tmp/nimble_6904/githubcom_statusimnimethbloom/.git/logs/refs/remotes/origin/HEAD')
rmdir('/tmp/nimble_6904/githubcom_statusimnimethbloom/.git/logs/refs/remotes/origin')
rmdir('/tmp/nimble_6904/githubcom_statusimnimethbloom/.git/logs/refs/remotes')
unlink('/tmp/nimble_6904/githubcom_statusimnimethbloom/.git/logs/refs/heads/master')
rmdir('/tmp/nimble_6904/githubcom_statusimnimethbloom/.git/logs/refs/heads')
rmdir('/tmp/nimble_6904/githubcom_statusimnimethbloom/.git/logs/refs')
unlink('/tmp/nimble_6904/githubcom_statusimnimethbloom/.git/logs/HEAD')
rmdir('/tmp/nimble_6904/githubcom_statusimnimethbloom/.git/logs')
unlink('/tmp/nimble_6904/githubcom_statusimnimethbloom/.git/description')
unlink('/tmp/nimble_6904/githubcom_statusimnimethbloom/.git/hooks/pre-rebase.sample')
unlink('/tmp/nimble_6904/githubcom_statusimnimethbloom/.git/hooks/applypatch-msg.sample')
unlink('/tmp/nimble_6904/githubcom_statusimnimethbloom/.git/hooks/pre-push.sample')
unlink('/tmp/nimble_6904/githubcom_statusimnimethbloom/.git/hooks/pre-merge-commit.sample')
unlink('/tmp/nimble_6904/githubcom_statusimnimethbloom/.git/hooks/pre-receive.sample')
unlink('/tmp/nimble_6904/githubcom_statusimnimethbloom/.git/hooks/update.sample')
unlink('/tmp/nimble_6904/githubcom_statusimnimethbloom/.git/hooks/pre-commit.sample')
unlink('/tmp/nimble_6904/githubcom_statusimnimethbloom/.git/hooks/pre-applypatch.sample')
unlink('/tmp/nimble_6904/githubcom_statusimnimethbloom/.git/hooks/commit-msg.sample')
unlink('/tmp/nimble_6904/githubcom_statusimnimethbloom/.git/hooks/fsmonitor-watchman.sample')
unlink('/tmp/nimble_6904/githubcom_statusimnimethbloom/.git/hooks/prepare-commit-msg.sample')
unlink('/tmp/nimble_6904/githubcom_statusimnimethbloom/.git/hooks/post-update.sample')
rmdir('/tmp/nimble_6904/githubcom_statusimnimethbloom/.git/hooks')
unlink('/tmp/nimble_6904/githubcom_statusimnimethbloom/.git/shallow')
unlink('/tmp/nimble_6904/githubcom_statusimnimethbloom/.git/config')
unlink('/tmp/nimble_6904/githubcom_statusimnimethbloom/.git/index')
rmdir('/tmp/nimble_6904/githubcom_statusimnimethbloom/.git/objects/info')
unlink('/tmp/nimble_6904/githubcom_statusimnimethbloom/.git/objects/e2/ba0fbdf146b5354961b8e65ccf2b16c7e59cda')
rmdir('/tmp/nimble_6904/githubcom_statusimnimethbloom/.git/objects/e2')
unlink('/tmp/nimble_6904/githubcom_statusimnimethbloom/.git/objects/87/66e65da94fceaf783ab1a347eb5fd8d34528a1')
rmdir('/tmp/nimble_6904/githubcom_statusimnimethbloom/.git/objects/87')
unlink('/tmp/nimble_6904/githubcom_statusimnimethbloom/.git/objects/c7/ebe2b4cb84a76129df2d69747b7408327511eb')
rmdir('/tmp/nimble_6904/githubcom_statusimnimethbloom/.git/objects/c7')
unlink('/tmp/nimble_6904/githubcom_statusimnimethbloom/.git/objects/37/21d797d4aedb80ea161ca822516be44771aa97')
rmdir('/tmp/nimble_6904/githubcom_statusimnimethbloom/.git/objects/37')
unlink('/tmp/nimble_6904/githubcom_statusimnimethbloom/.git/objects/a0/06f0be75879eb2d6a93de74517621e1e54a6fc')
rmdir('/tmp/nimble_6904/githubcom_statusimnimethbloom/.git/objects/a0')
unlink('/tmp/nimble_6904/githubcom_statusimnimethbloom/.git/objects/b4/e82310d4cd641af6ddc751c39cb58b1cc04a51')
rmdir('/tmp/nimble_6904/githubcom_statusimnimethbloom/.git/objects/b4')
unlink('/tmp/nimble_6904/githubcom_statusimnimethbloom/.git/objects/78/2d1bff2946a29c323e94751a47e9d0dcaef7f4')
rmdir('/tmp/nimble_6904/githubcom_statusimnimethbloom/.git/objects/78')
unlink('/tmp/nimble_6904/githubcom_statusimnimethbloom/.git/objects/e1/f950606b6cc390d319a66640b65e576ab44425')
rmdir('/tmp/nimble_6904/githubcom_statusimnimethbloom/.git/objects/e1')
unlink('/tmp/nimble_6904/githubcom_statusimnimethbloom/.git/objects/67/d9b34c6cecad82ad17197ffa5db4860caf9037')
rmdir('/tmp/nimble_6904/githubcom_statusimnimethbloom/.git/objects/67')
unlink('/tmp/nimble_6904/githubcom_statusimnimethbloom/.git/objects/3b/b69f82af2b03d759a985634d69563496d956b6')
rmdir('/tmp/nimble_6904/githubcom_statusimnimethbloom/.git/objects/3b')
unlink('/tmp/nimble_6904/githubcom_statusimnimethbloom/.git/objects/38/aebc2f4cc91998344682ad26b929c00c339070')
rmdir('/tmp/nimble_6904/githubcom_statusimnimethbloom/.git/objects/38')
unlink('/tmp/nimble_6904/githubcom_statusimnimethbloom/.git/objects/8e/56f7ecd14bc69854f7670c451405b16d2f0b92')
rmdir('/tmp/nimble_6904/githubcom_statusimnimethbloom/.git/objects/8e')
unlink('/tmp/nimble_6904/githubcom_statusimnimethbloom/.git/objects/d7/af6a26a36c185320fddba15e81ebeab4f2441d')
rmdir('/tmp/nimble_6904/githubcom_statusimnimethbloom/.git/objects/d7')
unlink('/tmp/nimble_6904/githubcom_statusimnimethbloom/.git/objects/42/d9fcbe2205794737d97a2ba2ab8db6ef7e81ec')
rmdir('/tmp/nimble_6904/githubcom_statusimnimethbloom/.git/objects/42')
rmdir('/tmp/nimble_6904/githubcom_statusimnimethbloom/.git/objects/pack')
rmdir('/tmp/nimble_6904/githubcom_statusimnimethbloom/.git/objects')
unlink('/tmp/nimble_6904/githubcom_statusimnimethbloom/.git/packed-refs')
unlink('/tmp/nimble_6904/githubcom_statusimnimethbloom/.git/HEAD')
rmdir('/tmp/nimble_6904/githubcom_statusimnimethbloom/.git')
unlink('/tmp/nimble_6904/githubcom_statusimnimethbloom/src/eth_bloom.nim')
rmdir('/tmp/nimble_6904/githubcom_statusimnimethbloom/src')
unlink('/tmp/nimble_6904/githubcom_statusimnimethbloom/eth_bloom.nimble')
unlink('/tmp/nimble_6904/githubcom_statusimnimethbloom/LICENSE-MIT')
unlink('/tmp/nimble_6904/githubcom_statusimnimethbloom/.appveyor.yml')
unlink('/tmp/nimble_6904/githubcom_statusimnimethbloom/LICENSE-APACHEv2')
unlink('/tmp/nimble_6904/githubcom_statusimnimethbloom/.travis.yml')
unlink('/tmp/nimble_6904/githubcom_statusimnimethbloom/tests/test1.nims')
unlink('/tmp/nimble_6904/githubcom_statusimnimethbloom/tests/test1.nim')
rmdir('/tmp/nimble_6904/githubcom_statusimnimethbloom/tests')
unlink('/tmp/nimble_6904/githubcom_statusimnimethbloom/.gitignore')
rmdir('/tmp/nimble_6904/githubcom_statusimnimethbloom')
rmdir('/tmp/nimble_6904')
  create directory /tmp
  create directory /tmp/nimble_6904
  create directory /tmp/nimble_6904/githubcom_statusimnimethbloom
  delete /tmp/nimble_6904/githubcom_statusimnimethbloom
  create directory /tmp/nimble_6904/githubcom_statusimnimethbloom
  create directory /tmp/nimble_6904/githubcom_statusimnimethbloom/.git
  create directory /tmp/nimble_6904/githubcom_statusimnimethbloom/.git
  create directory /tmp/nimble_6904/githubcom_statusimnimethbloom/.git/info
  create directory /tmp/nimble_6904/githubcom_statusimnimethbloom/.git/branches
  create directory /tmp/nimble_6904/githubcom_statusimnimethbloom/.git/hooks
  create directory /tmp/nimble_6904/githubcom_statusimnimethbloom/.git/refs
  create directory /tmp/nimble_6904/githubcom_statusimnimethbloom/.git/refs/heads
  create directory /tmp/nimble_6904/githubcom_statusimnimethbloom/.git/refs/tags
  rename /tmp/nimble_6904/githubcom_statusimnimethbloom/.git/HEAD.lock to HEAD
  rename /tmp/nimble_6904/githubcom_statusimnimethbloom/.git/config.lock to config
  change permissions of /tmp/nimble_6904/githubcom_statusimnimethbloom/.git/config to rwxr--r--
  change permissions of /tmp/nimble_6904/githubcom_statusimnimethbloom/.git/config to rw-r--r--
  change permissions of /tmp/nimble_6904/githubcom_statusimnimethbloom/.git/config.lock to rw-r--r--
  rename /tmp/nimble_6904/githubcom_statusimnimethbloom/.git/config.lock to config
  change permissions of /tmp/nimble_6904/githubcom_statusimnimethbloom/.git/config.lock to rw-r--r--
  rename /tmp/nimble_6904/githubcom_statusimnimethbloom/.git/config.lock to config
  change permissions of /tmp/nimble_6904/githubcom_statusimnimethbloom/.git/config.lock to rw-r--r--
  rename /tmp/nimble_6904/githubcom_statusimnimethbloom/.git/config.lock to config
  delete /tmp/nimble_6904/githubcom_statusimnimethbloom/.git/tpTEwcS
  create symbolic link from /tmp/nimble_6904/githubcom_statusimnimethbloom/.git/tpTEwcS to /home/runner/work/nim_packages_security_audit/nim_packages_security_audit/testing
  delete /tmp/nimble_6904/githubcom_statusimnimethbloom/.git/tpTEwcS
  create directory /tmp/nimble_6904/githubcom_statusimnimethbloom/.git/objects
  create directory /tmp/nimble_6904/githubcom_statusimnimethbloom/.git/objects/pack
  create directory /tmp/nimble_6904/githubcom_statusimnimethbloom/.git/objects/info
  change permissions of /tmp/nimble_6904/githubcom_statusimnimethbloom/.git/config.lock to rw-r--r--
  rename /tmp/nimble_6904/githubcom_statusimnimethbloom/.git/config.lock to config
  change permissions of /tmp/nimble_6904/githubcom_statusimnimethbloom/.git/config.lock to rw-r--r--
  rename /tmp/nimble_6904/githubcom_statusimnimethbloom/.git/config.lock to config
  change permissions of /tmp/nimble_6904/githubcom_statusimnimethbloom/.git/config.lock to rw-r--r--
  rename /tmp/nimble_6904/githubcom_statusimnimethbloom/.git/config.lock to config
  create directory /tmp/nimble_6904/githubcom_statusimnimethbloom/.git/objects/37
  create hard link from /tmp/nimble_6904/githubcom_statusimnimethbloom/.git/objects/37/21d797d4aedb80ea161ca822516be44771aa97 to /tmp/nimble_6904/githubcom_statusimnimethbloom/.git/objects/37/tmp_obj_dGYLMb
  delete /tmp/nimble_6904/githubcom_statusimnimethbloom/.git/objects/37/tmp_obj_dGYLMb
  create directory /tmp/nimble_6904/githubcom_statusimnimethbloom/.git/objects/d7
  create hard link from /tmp/nimble_6904/githubcom_statusimnimethbloom/.git/objects/d7/af6a26a36c185320fddba15e81ebeab4f2441d to /tmp/nimble_6904/githubcom_statusimnimethbloom/.git/objects/d7/tmp_obj_ZAXQli
  delete /tmp/nimble_6904/githubcom_statusimnimethbloom/.git/objects/d7/tmp_obj_ZAXQli
  create directory /tmp/nimble_6904/githubcom_statusimnimethbloom/.git/objects/38
  create hard link from /tmp/nimble_6904/githubcom_statusimnimethbloom/.git/objects/38/aebc2f4cc91998344682ad26b929c00c339070 to /tmp/nimble_6904/githubcom_statusimnimethbloom/.git/objects/38/tmp_obj_GnBgga
  delete /tmp/nimble_6904/githubcom_statusimnimethbloom/.git/objects/38/tmp_obj_GnBgga
  create directory /tmp/nimble_6904/githubcom_statusimnimethbloom/.git/objects/67
  create hard link from /tmp/nimble_6904/githubcom_statusimnimethbloom/.git/objects/67/d9b34c6cecad82ad17197ffa5db4860caf9037 to /tmp/nimble_6904/githubcom_statusimnimethbloom/.git/objects/67/tmp_obj_iloxNg
  delete /tmp/nimble_6904/githubcom_statusimnimethbloom/.git/objects/67/tmp_obj_iloxNg
  create directory /tmp/nimble_6904/githubcom_statusimnimethbloom/.git/objects/8e
  create hard link from /tmp/nimble_6904/githubcom_statusimnimethbloom/.git/objects/8e/56f7ecd14bc69854f7670c451405b16d2f0b92 to /tmp/nimble_6904/githubcom_statusimnimethbloom/.git/objects/8e/tmp_obj_aVaWGi
  delete /tmp/nimble_6904/githubcom_statusimnimethbloom/.git/objects/8e/tmp_obj_aVaWGi
  create directory /tmp/nimble_6904/githubcom_statusimnimethbloom/.git/objects/78
  create hard link from /tmp/nimble_6904/githubcom_statusimnimethbloom/.git/objects/78/2d1bff2946a29c323e94751a47e9d0dcaef7f4 to /tmp/nimble_6904/githubcom_statusimnimethbloom/.git/objects/78/tmp_obj_yx83Ml
  delete /tmp/nimble_6904/githubcom_statusimnimethbloom/.git/objects/78/tmp_obj_yx83Ml
  create directory /tmp/nimble_6904/githubcom_statusimnimethbloom/.git/objects/87
  create hard link from /tmp/nimble_6904/githubcom_statusimnimethbloom/.git/objects/87/66e65da94fceaf783ab1a347eb5fd8d34528a1 to /tmp/nimble_6904/githubcom_statusimnimethbloom/.git/objects/87/tmp_obj_UOtRFp
  delete /tmp/nimble_6904/githubcom_statusimnimethbloom/.git/objects/87/tmp_obj_UOtRFp
  create directory /tmp/nimble_6904/githubcom_statusimnimethbloom/.git/objects/42
  create hard link from /tmp/nimble_6904/githubcom_statusimnimethbloom/.git/objects/42/d9fcbe2205794737d97a2ba2ab8db6ef7e81ec to /tmp/nimble_6904/githubcom_statusimnimethbloom/.git/objects/42/tmp_obj_gyrhWq
  delete /tmp/nimble_6904/githubcom_statusimnimethbloom/.git/objects/42/tmp_obj_gyrhWq
  create directory /tmp/nimble_6904/githubcom_statusimnimethbloom/.git/objects/a0
  create hard link from /tmp/nimble_6904/githubcom_statusimnimethbloom/.git/objects/a0/06f0be75879eb2d6a93de74517621e1e54a6fc to /tmp/nimble_6904/githubcom_statusimnimethbloom/.git/objects/a0/tmp_obj_ORUPOv
  delete /tmp/nimble_6904/githubcom_statusimnimethbloom/.git/objects/a0/tmp_obj_ORUPOv
  create directory /tmp/nimble_6904/githubcom_statusimnimethbloom/.git/objects/e1
  create hard link from /tmp/nimble_6904/githubcom_statusimnimethbloom/.git/objects/e1/f950606b6cc390d319a66640b65e576ab44425 to /tmp/nimble_6904/githubcom_statusimnimethbloom/.git/objects/e1/tmp_obj_Y0Q6QB
  delete /tmp/nimble_6904/githubcom_statusimnimethbloom/.git/objects/e1/tmp_obj_Y0Q6QB
  create directory /tmp/nimble_6904/githubcom_statusimnimethbloom/.git/objects/b4
  create hard link from /tmp/nimble_6904/githubcom_statusimnimethbloom/.git/objects/b4/e82310d4cd641af6ddc751c39cb58b1cc04a51 to /tmp/nimble_6904/githubcom_statusimnimethbloom/.git/objects/b4/tmp_obj_e3vn4F
  delete /tmp/nimble_6904/githubcom_statusimnimethbloom/.git/objects/b4/tmp_obj_e3vn4F
  create directory /tmp/nimble_6904/githubcom_statusimnimethbloom/.git/objects/e2
  create hard link from /tmp/nimble_6904/githubcom_statusimnimethbloom/.git/objects/e2/ba0fbdf146b5354961b8e65ccf2b16c7e59cda to /tmp/nimble_6904/githubcom_statusimnimethbloom/.git/objects/e2/tmp_obj_aBCDFH
  delete /tmp/nimble_6904/githubcom_statusimnimethbloom/.git/objects/e2/tmp_obj_aBCDFH
  create directory /tmp/nimble_6904/githubcom_statusimnimethbloom/.git/objects/c7
  create hard link from /tmp/nimble_6904/githubcom_statusimnimethbloom/.git/objects/c7/ebe2b4cb84a76129df2d69747b7408327511eb to /tmp/nimble_6904/githubcom_statusimnimethbloom/.git/objects/c7/tmp_obj_Ye6wIL
  delete /tmp/nimble_6904/githubcom_statusimnimethbloom/.git/objects/c7/tmp_obj_Ye6wIL
  create directory /tmp/nimble_6904/githubcom_statusimnimethbloom/.git/objects/3b
  create hard link from /tmp/nimble_6904/githubcom_statusimnimethbloom/.git/objects/3b/b69f82af2b03d759a985634d69563496d956b6 to /tmp/nimble_6904/githubcom_statusimnimethbloom/.git/objects/3b/tmp_obj_wwI6eS
  delete /tmp/nimble_6904/githubcom_statusimnimethbloom/.git/objects/3b/tmp_obj_wwI6eS
  rename /tmp/nimble_6904/githubcom_statusimnimethbloom/.git/shallow.lock to shallow
  rename /tmp/nimble_6904/githubcom_statusimnimethbloom/.git/packed-refs.new to packed-refs
  delete /tmp/nimble_6904/githubcom_statusimnimethbloom/.git/packed-refs.lock
  create directory /tmp/nimble_6904/githubcom_statusimnimethbloom/.git/refs/remotes
  create directory /tmp/nimble_6904/githubcom_statusimnimethbloom/.git/refs/remotes/origin
  create directory /tmp/nimble_6904/githubcom_statusimnimethbloom/.git/logs
  create directory /tmp/nimble_6904/githubcom_statusimnimethbloom/.git/logs/refs
  create directory /tmp/nimble_6904/githubcom_statusimnimethbloom/.git/logs/refs/remotes
  create directory /tmp/nimble_6904/githubcom_statusimnimethbloom/.git/logs/refs/remotes/origin
  rename /tmp/nimble_6904/githubcom_statusimnimethbloom/.git/refs/remotes/origin/HEAD.lock to HEAD
  rename /tmp/nimble_6904/githubcom_statusimnimethbloom/.git/HEAD.lock to HEAD
  create directory /tmp/nimble_6904/githubcom_statusimnimethbloom/.git/logs/refs/heads
  rename /tmp/nimble_6904/githubcom_statusimnimethbloom/.git/refs/heads/master.lock to master
  delete /tmp/nimble_6904/githubcom_statusimnimethbloom/.git/HEAD.lock
  change permissions of /tmp/nimble_6904/githubcom_statusimnimethbloom/.git/config.lock to rw-r--r--
  rename /tmp/nimble_6904/githubcom_statusimnimethbloom/.git/config.lock to config
  change permissions of /tmp/nimble_6904/githubcom_statusimnimethbloom/.git/config.lock to rw-r--r--
  rename /tmp/nimble_6904/githubcom_statusimnimethbloom/.git/config.lock to config
  create directory /tmp/nimble_6904/githubcom_statusimnimethbloom/src
  create directory /tmp/nimble_6904/githubcom_statusimnimethbloom/tests
  rename /tmp/nimble_6904/githubcom_statusimnimethbloom/.git/index.lock to index
  create directory /tmp
  create directory /tmp/nimblecache
  create directory /tmp/nimblecache/eth_bloom_1402223012
  delete /tmp/nimblecache/eth_bloom_1402223012/eth_bloom.ini
  delete /tmp/nimble_6904.out
  delete /tmp/nimble_6904/githubcom_statusimnimethbloom/eth_bloom_6904.nims
  create directory /home
  create directory /home/runner
  create directory /home/runner/.nimble
  create directory /home/runner/.nimble/pkgs
  create directory /home/runner/.nimble/pkgs/eth_bloom-0.1.0
  create directory /home
  create directory /home/runner
  create directory /home/runner/.nimble
  create directory /home/runner/.nimble/pkgs
  create directory /home/runner/.nimble/pkgs/eth_bloom-0.1.0
  change permissions of /home/runner/.nimble/pkgs/eth_bloom-0.1.0/eth_bloom.nim to rw-r--r--
  change permissions of /home/runner/.nimble/pkgs/eth_bloom-0.1.0/eth_bloom.nimble to rw-r--r--
  create directory /tmp
  create directory /tmp/nimblecache
  create directory /tmp/nimblecache/eth_bloom_665370414
  delete /tmp/nimblecache/eth_bloom_665370414/eth_bloom.ini
  delete /tmp/nimble_6904.out
  delete /home/runner/.nimble/pkgs/eth_bloom-0.1.0/eth_bloom_6904.nims
  delete /tmp/nimble_6904/githubcom_statusimnimethbloom/README.md
  delete /tmp/nimble_6904/githubcom_statusimnimethbloom/.git/refs/remotes/origin/HEAD
  delete /tmp/nimble_6904/githubcom_statusimnimethbloom/.git/refs/remotes/origin
  delete /tmp/nimble_6904/githubcom_statusimnimethbloom/.git/refs/remotes
  delete /tmp/nimble_6904/githubcom_statusimnimethbloom/.git/refs/tags
  delete /tmp/nimble_6904/githubcom_statusimnimethbloom/.git/refs/heads/master
  delete /tmp/nimble_6904/githubcom_statusimnimethbloom/.git/refs/heads
  delete /tmp/nimble_6904/githubcom_statusimnimethbloom/.git/refs
  delete /tmp/nimble_6904/githubcom_statusimnimethbloom/.git/info/exclude
  delete /tmp/nimble_6904/githubcom_statusimnimethbloom/.git/info
  delete /tmp/nimble_6904/githubcom_statusimnimethbloom/.git/branches
  delete /tmp/nimble_6904/githubcom_statusimnimethbloom/.git/logs/refs/remotes/origin/HEAD
  delete /tmp/nimble_6904/githubcom_statusimnimethbloom/.git/logs/refs/remotes/origin
  delete /tmp/nimble_6904/githubcom_statusimnimethbloom/.git/logs/refs/remotes
  delete /tmp/nimble_6904/githubcom_statusimnimethbloom/.git/logs/refs/heads/master
  delete /tmp/nimble_6904/githubcom_statusimnimethbloom/.git/logs/refs/heads
  delete /tmp/nimble_6904/githubcom_statusimnimethbloom/.git/logs/refs
  delete /tmp/nimble_6904/githubcom_statusimnimethbloom/.git/logs/HEAD
  delete /tmp/nimble_6904/githubcom_statusimnimethbloom/.git/logs
  delete /tmp/nimble_6904/githubcom_statusimnimethbloom/.git/description
  delete /tmp/nimble_6904/githubcom_statusimnimethbloom/.git/hooks/pre-rebase.sample
  delete /tmp/nimble_6904/githubcom_statusimnimethbloom/.git/hooks/applypatch-msg.sample
  delete /tmp/nimble_6904/githubcom_statusimnimethbloom/.git/hooks/pre-push.sample
  delete /tmp/nimble_6904/githubcom_statusimnimethbloom/.git/hooks/pre-merge-commit.sample
  delete /tmp/nimble_6904/githubcom_statusimnimethbloom/.git/hooks/pre-receive.sample
  delete /tmp/nimble_6904/githubcom_statusimnimethbloom/.git/hooks/update.sample
  delete /tmp/nimble_6904/githubcom_statusimnimethbloom/.git/hooks/pre-commit.sample
  delete /tmp/nimble_6904/githubcom_statusimnimethbloom/.git/hooks/pre-applypatch.sample
  delete /tmp/nimble_6904/githubcom_statusimnimethbloom/.git/hooks/commit-msg.sample
  delete /tmp/nimble_6904/githubcom_statusimnimethbloom/.git/hooks/fsmonitor-watchman.sample
  delete /tmp/nimble_6904/githubcom_statusimnimethbloom/.git/hooks/prepare-commit-msg.sample
  delete /tmp/nimble_6904/githubcom_statusimnimethbloom/.git/hooks/post-update.sample
  delete /tmp/nimble_6904/githubcom_statusimnimethbloom/.git/hooks
  delete /tmp/nimble_6904/githubcom_statusimnimethbloom/.git/shallow
  delete /tmp/nimble_6904/githubcom_statusimnimethbloom/.git/config
  delete /tmp/nimble_6904/githubcom_statusimnimethbloom/.git/index
  delete /tmp/nimble_6904/githubcom_statusimnimethbloom/.git/objects/info
  delete /tmp/nimble_6904/githubcom_statusimnimethbloom/.git/objects/e2/ba0fbdf146b5354961b8e65ccf2b16c7e59cda
  delete /tmp/nimble_6904/githubcom_statusimnimethbloom/.git/objects/e2
  delete /tmp/nimble_6904/githubcom_statusimnimethbloom/.git/objects/87/66e65da94fceaf783ab1a347eb5fd8d34528a1
  delete /tmp/nimble_6904/githubcom_statusimnimethbloom/.git/objects/87
  delete /tmp/nimble_6904/githubcom_statusimnimethbloom/.git/objects/c7/ebe2b4cb84a76129df2d69747b7408327511eb
  delete /tmp/nimble_6904/githubcom_statusimnimethbloom/.git/objects/c7
  delete /tmp/nimble_6904/githubcom_statusimnimethbloom/.git/objects/37/21d797d4aedb80ea161ca822516be44771aa97
  delete /tmp/nimble_6904/githubcom_statusimnimethbloom/.git/objects/37
  delete /tmp/nimble_6904/githubcom_statusimnimethbloom/.git/objects/a0/06f0be75879eb2d6a93de74517621e1e54a6fc
  delete /tmp/nimble_6904/githubcom_statusimnimethbloom/.git/objects/a0
  delete /tmp/nimble_6904/githubcom_statusimnimethbloom/.git/objects/b4/e82310d4cd641af6ddc751c39cb58b1cc04a51
  delete /tmp/nimble_6904/githubcom_statusimnimethbloom/.git/objects/b4
  delete /tmp/nimble_6904/githubcom_statusimnimethbloom/.git/objects/78/2d1bff2946a29c323e94751a47e9d0dcaef7f4
  delete /tmp/nimble_6904/githubcom_statusimnimethbloom/.git/objects/78
  delete /tmp/nimble_6904/githubcom_statusimnimethbloom/.git/objects/e1/f950606b6cc390d319a66640b65e576ab44425
  delete /tmp/nimble_6904/githubcom_statusimnimethbloom/.git/objects/e1
  delete /tmp/nimble_6904/githubcom_statusimnimethbloom/.git/objects/67/d9b34c6cecad82ad17197ffa5db4860caf9037
  delete /tmp/nimble_6904/githubcom_statusimnimethbloom/.git/objects/67
  delete /tmp/nimble_6904/githubcom_statusimnimethbloom/.git/objects/3b/b69f82af2b03d759a985634d69563496d956b6
  delete /tmp/nimble_6904/githubcom_statusimnimethbloom/.git/objects/3b
  delete /tmp/nimble_6904/githubcom_statusimnimethbloom/.git/objects/38/aebc2f4cc91998344682ad26b929c00c339070
  delete /tmp/nimble_6904/githubcom_statusimnimethbloom/.git/objects/38
  delete /tmp/nimble_6904/githubcom_statusimnimethbloom/.git/objects/8e/56f7ecd14bc69854f7670c451405b16d2f0b92
  delete /tmp/nimble_6904/githubcom_statusimnimethbloom/.git/objects/8e
  delete /tmp/nimble_6904/githubcom_statusimnimethbloom/.git/objects/d7/af6a26a36c185320fddba15e81ebeab4f2441d
  delete /tmp/nimble_6904/githubcom_statusimnimethbloom/.git/objects/d7
  delete /tmp/nimble_6904/githubcom_statusimnimethbloom/.git/objects/42/d9fcbe2205794737d97a2ba2ab8db6ef7e81ec
  delete /tmp/nimble_6904/githubcom_statusimnimethbloom/.git/objects/42
  delete /tmp/nimble_6904/githubcom_statusimnimethbloom/.git/objects/pack
  delete /tmp/nimble_6904/githubcom_statusimnimethbloom/.git/objects
  delete /tmp/nimble_6904/githubcom_statusimnimethbloom/.git/packed-refs
  delete /tmp/nimble_6904/githubcom_statusimnimethbloom/.git/HEAD
  delete /tmp/nimble_6904/githubcom_statusimnimethbloom/.git
  delete /tmp/nimble_6904/githubcom_statusimnimethbloom/src/eth_bloom.nim
  delete /tmp/nimble_6904/githubcom_statusimnimethbloom/src
  delete /tmp/nimble_6904/githubcom_statusimnimethbloom/eth_bloom.nimble
  delete /tmp/nimble_6904/githubcom_statusimnimethbloom/LICENSE-MIT
  delete /tmp/nimble_6904/githubcom_statusimnimethbloom/.appveyor.yml
  delete /tmp/nimble_6904/githubcom_statusimnimethbloom/LICENSE-APACHEv2
  delete /tmp/nimble_6904/githubcom_statusimnimethbloom/.travis.yml
  delete /tmp/nimble_6904/githubcom_statusimnimethbloom/tests/test1.nims
  delete /tmp/nimble_6904/githubcom_statusimnimethbloom/tests/test1.nim
  delete /tmp/nimble_6904/githubcom_statusimnimethbloom/tests
  delete /tmp/nimble_6904/githubcom_statusimnimethbloom/.gitignore
  delete /tmp/nimble_6904/githubcom_statusimnimethbloom
  delete /tmp/nimble_6904
