    Reading official package list
Downloading https://github.com/status-im/nim-eth-common using git
mkdir('/tmp', 0x00000000000001ff)
mkdir('/tmp/nimble_6096', 0x00000000000001ff)
mkdir('/tmp/nimble_6096/githubcom_statusimnimethcommon', 0x00000000000001ff)
rmdir('/tmp/nimble_6096/githubcom_statusimnimethcommon')
mkdir('/tmp/nimble_6096/githubcom_statusimnimethcommon', 0x00000000000001ff)
mkdir('/tmp/nimble_6096/githubcom_statusimnimethcommon/.git', 0x00000000000001ff)
mkdir('/tmp/nimble_6096/githubcom_statusimnimethcommon/.git/', 0x00000000000001ff)
mkdir('/tmp/nimble_6096/githubcom_statusimnimethcommon/.git/info/', 0x00000000000001ff)
mkdir('/tmp/nimble_6096/githubcom_statusimnimethcommon/.git/branches/', 0x00000000000001ff)
mkdir('/tmp/nimble_6096/githubcom_statusimnimethcommon/.git/hooks/', 0x00000000000001ff)
mkdir('/tmp/nimble_6096/githubcom_statusimnimethcommon/.git/refs', 0x00000000000001ff)
mkdir('/tmp/nimble_6096/githubcom_statusimnimethcommon/.git/refs/heads', 0x00000000000001ff)
mkdir('/tmp/nimble_6096/githubcom_statusimnimethcommon/.git/refs/tags', 0x00000000000001ff)
rename('/tmp/nimble_6096/githubcom_statusimnimethcommon/.git/HEAD.lock', '/tmp/nimble_6096/githubcom_statusimnimethcommon/.git/HEAD')
rename('/tmp/nimble_6096/githubcom_statusimnimethcommon/.git/config.lock', '/tmp/nimble_6096/githubcom_statusimnimethcommon/.git/config')
chmod('/tmp/nimble_6096/githubcom_statusimnimethcommon/.git/config', 0x00000000000081e4)
chmod('/tmp/nimble_6096/githubcom_statusimnimethcommon/.git/config', 0x00000000000081a4)
chmod('/tmp/nimble_6096/githubcom_statusimnimethcommon/.git/config.lock', 0x00000000000001a4)
rename('/tmp/nimble_6096/githubcom_statusimnimethcommon/.git/config.lock', '/tmp/nimble_6096/githubcom_statusimnimethcommon/.git/config')
chmod('/tmp/nimble_6096/githubcom_statusimnimethcommon/.git/config.lock', 0x00000000000001a4)
rename('/tmp/nimble_6096/githubcom_statusimnimethcommon/.git/config.lock', '/tmp/nimble_6096/githubcom_statusimnimethcommon/.git/config')
chmod('/tmp/nimble_6096/githubcom_statusimnimethcommon/.git/config.lock', 0x00000000000001a4)
rename('/tmp/nimble_6096/githubcom_statusimnimethcommon/.git/config.lock', '/tmp/nimble_6096/githubcom_statusimnimethcommon/.git/config')
unlink('/tmp/nimble_6096/githubcom_statusimnimethcommon/.git/ty7EgnZ')
symlink('testing', '/tmp/nimble_6096/githubcom_statusimnimethcommon/.git/ty7EgnZ')
unlink('/tmp/nimble_6096/githubcom_statusimnimethcommon/.git/ty7EgnZ')
mkdir('/tmp/nimble_6096/githubcom_statusimnimethcommon/.git/objects', 0x00000000000001ff)
mkdir('/tmp/nimble_6096/githubcom_statusimnimethcommon/.git/objects/pack', 0x00000000000001ff)
mkdir('/tmp/nimble_6096/githubcom_statusimnimethcommon/.git/objects/info', 0x00000000000001ff)
chmod('/tmp/nimble_6096/githubcom_statusimnimethcommon/.git/config.lock', 0x00000000000001a4)
rename('/tmp/nimble_6096/githubcom_statusimnimethcommon/.git/config.lock', '/tmp/nimble_6096/githubcom_statusimnimethcommon/.git/config')
chmod('/tmp/nimble_6096/githubcom_statusimnimethcommon/.git/config.lock', 0x00000000000001a4)
rename('/tmp/nimble_6096/githubcom_statusimnimethcommon/.git/config.lock', '/tmp/nimble_6096/githubcom_statusimnimethcommon/.git/config')
chmod('/tmp/nimble_6096/githubcom_statusimnimethcommon/.git/config.lock', 0x00000000000001a4)
rename('/tmp/nimble_6096/githubcom_statusimnimethcommon/.git/config.lock', '/tmp/nimble_6096/githubcom_statusimnimethcommon/.git/config')
mkdir('/tmp/nimble_6096/githubcom_statusimnimethcommon/.git/objects/f4', 0x00000000000001ff)
link('/tmp/nimble_6096/githubcom_statusimnimethcommon/.git/objects/f4/tmp_obj_Y1wx7H', '/tmp/nimble_6096/githubcom_statusimnimethcommon/.git/objects/f4/5162ef425220f173e90aebe6efb4094af60148')
unlink('/tmp/nimble_6096/githubcom_statusimnimethcommon/.git/objects/f4/tmp_obj_Y1wx7H')
mkdir('/tmp/nimble_6096/githubcom_statusimnimethcommon/.git/objects/2c', 0x00000000000001ff)
link('/tmp/nimble_6096/githubcom_statusimnimethcommon/.git/objects/2c/tmp_obj_0OR1VL', '/tmp/nimble_6096/githubcom_statusimnimethcommon/.git/objects/2c/2404bc6558a22fc7635f7b67ef6c0c7dc80682')
unlink('/tmp/nimble_6096/githubcom_statusimnimethcommon/.git/objects/2c/tmp_obj_0OR1VL')
mkdir('/tmp/nimble_6096/githubcom_statusimnimethcommon/.git/objects/92', 0x00000000000001ff)
link('/tmp/nimble_6096/githubcom_statusimnimethcommon/.git/objects/92/tmp_obj_muF3TQ', '/tmp/nimble_6096/githubcom_statusimnimethcommon/.git/objects/92/1c9f7a85dc3b345beace31321e35985233a096')
unlink('/tmp/nimble_6096/githubcom_statusimnimethcommon/.git/objects/92/tmp_obj_muF3TQ')
mkdir('/tmp/nimble_6096/githubcom_statusimnimethcommon/.git/objects/ca', 0x00000000000001ff)
link('/tmp/nimble_6096/githubcom_statusimnimethcommon/.git/objects/ca/tmp_obj_AlF3zV', '/tmp/nimble_6096/githubcom_statusimnimethcommon/.git/objects/ca/15e9218d12206c1c7dfbaf39238bd2b425805e')
unlink('/tmp/nimble_6096/githubcom_statusimnimethcommon/.git/objects/ca/tmp_obj_AlF3zV')
mkdir('/tmp/nimble_6096/githubcom_statusimnimethcommon/.git/objects/8e', 0x00000000000001ff)
link('/tmp/nimble_6096/githubcom_statusimnimethcommon/.git/objects/8e/tmp_obj_MLVWi1', '/tmp/nimble_6096/githubcom_statusimnimethcommon/.git/objects/8e/56f7ecd14bc69854f7670c451405b16d2f0b92')
unlink('/tmp/nimble_6096/githubcom_statusimnimethcommon/.git/objects/8e/tmp_obj_MLVWi1')
mkdir('/tmp/nimble_6096/githubcom_statusimnimethcommon/.git/objects/19', 0x00000000000001ff)
link('/tmp/nimble_6096/githubcom_statusimnimethcommon/.git/objects/19/tmp_obj_iaO435', '/tmp/nimble_6096/githubcom_statusimnimethcommon/.git/objects/19/ab4c886a5ef19671ae3940b582335206d17d85')
unlink('/tmp/nimble_6096/githubcom_statusimnimethcommon/.git/objects/19/tmp_obj_iaO435')
mkdir('/tmp/nimble_6096/githubcom_statusimnimethcommon/.git/objects/25', 0x00000000000001ff)
link('/tmp/nimble_6096/githubcom_statusimnimethcommon/.git/objects/25/tmp_obj_yYbwNa', '/tmp/nimble_6096/githubcom_statusimnimethcommon/.git/objects/25/90e8c62e77b76d4db90ad20f34f69646b6ab98')
unlink('/tmp/nimble_6096/githubcom_statusimnimethcommon/.git/objects/25/tmp_obj_yYbwNa')
mkdir('/tmp/nimble_6096/githubcom_statusimnimethcommon/.git/objects/3a', 0x00000000000001ff)
link('/tmp/nimble_6096/githubcom_statusimnimethcommon/.git/objects/3a/tmp_obj_UNeFwb', '/tmp/nimble_6096/githubcom_statusimnimethcommon/.git/objects/3a/0bb114573badd4efaebffa19a4d3a2997895fd')
unlink('/tmp/nimble_6096/githubcom_statusimnimethcommon/.git/objects/3a/tmp_obj_UNeFwb')
mkdir('/tmp/nimble_6096/githubcom_statusimnimethcommon/.git/objects/54', 0x00000000000001ff)
link('/tmp/nimble_6096/githubcom_statusimnimethcommon/.git/objects/54/tmp_obj_qcp6Cg', '/tmp/nimble_6096/githubcom_statusimnimethcommon/.git/objects/54/37a6582da21b339da8a171375bd7006fe8c23e')
unlink('/tmp/nimble_6096/githubcom_statusimnimethcommon/.git/objects/54/tmp_obj_qcp6Cg')
mkdir('/tmp/nimble_6096/githubcom_statusimnimethcommon/.git/objects/88', 0x00000000000001ff)
link('/tmp/nimble_6096/githubcom_statusimnimethcommon/.git/objects/88/tmp_obj_J6zH9b', '/tmp/nimble_6096/githubcom_statusimnimethcommon/.git/objects/88/779544ab324ef586676b965025aa8f06bad746')
unlink('/tmp/nimble_6096/githubcom_statusimnimethcommon/.git/objects/88/tmp_obj_J6zH9b')
mkdir('/tmp/nimble_6096/githubcom_statusimnimethcommon/.git/objects/35', 0x00000000000001ff)
link('/tmp/nimble_6096/githubcom_statusimnimethcommon/.git/objects/35/tmp_obj_leAajg', '/tmp/nimble_6096/githubcom_statusimnimethcommon/.git/objects/35/637ab5e2baac39d032ac06b5fbf230c42e54e2')
unlink('/tmp/nimble_6096/githubcom_statusimnimethcommon/.git/objects/35/tmp_obj_leAajg')
mkdir('/tmp/nimble_6096/githubcom_statusimnimethcommon/.git/objects/f8', 0x00000000000001ff)
link('/tmp/nimble_6096/githubcom_statusimnimethcommon/.git/objects/f8/tmp_obj_jdkwai', '/tmp/nimble_6096/githubcom_statusimnimethcommon/.git/objects/f8/2c2f3d30d22b61686ebe65c003f1a085d7f7fe')
unlink('/tmp/nimble_6096/githubcom_statusimnimethcommon/.git/objects/f8/tmp_obj_jdkwai')
mkdir('/tmp/nimble_6096/githubcom_statusimnimethcommon/.git/objects/7b', 0x00000000000001ff)
link('/tmp/nimble_6096/githubcom_statusimnimethcommon/.git/objects/7b/tmp_obj_fl1FLn', '/tmp/nimble_6096/githubcom_statusimnimethcommon/.git/objects/7b/9f986d7b6e4cd2d7caefeeb6a68edf493a940f')
unlink('/tmp/nimble_6096/githubcom_statusimnimethcommon/.git/objects/7b/tmp_obj_fl1FLn')  Verifying dependencies for eth_common@1.0.0
    Reading official package list
   Checking for rlp@any version
 Installing rlp@any version
    Reading official package list
Downloading https://github.com/status-im/nim-rlp using git

mkdir('/tmp/nimble_6096/githubcom_statusimnimethcommon/.git/objects/00', 0x00000000000001ff)
link('/tmp/nimble_6096/githubcom_statusimnimethcommon/.git/objects/00/tmp_obj_X3C9Ns', '/tmp/nimble_6096/githubcom_statusimnimethcommon/.git/objects/00/4c04f1fdfe734dffb2013fc8cfbd5ea88c73d8')
unlink('/tmp/nimble_6096/githubcom_statusimnimethcommon/.git/objects/00/tmp_obj_X3C9Ns')
mkdir('/tmp/nimble_6096/githubcom_statusimnimethcommon/.git/objects/21', 0x00000000000001ff)
link('/tmp/nimble_6096/githubcom_statusimnimethcommon/.git/objects/21/tmp_obj_NyvE0t', '/tmp/nimble_6096/githubcom_statusimnimethcommon/.git/objects/21/5af360da353a59cba7db7470c637fa742ebb2f')
unlink('/tmp/nimble_6096/githubcom_statusimnimethcommon/.git/objects/21/tmp_obj_NyvE0t')
mkdir('/tmp/nimble_6096/githubcom_statusimnimethcommon/.git/objects/e0', 0x00000000000001ff)
link('/tmp/nimble_6096/githubcom_statusimnimethcommon/.git/objects/e0/tmp_obj_7gP55x', '/tmp/nimble_6096/githubcom_statusimnimethcommon/.git/objects/e0/0256dfdde99b8265dd296996a80be51c79d009')
unlink('/tmp/nimble_6096/githubcom_statusimnimethcommon/.git/objects/e0/tmp_obj_7gP55x')
mkdir('/tmp/nimble_6096/githubcom_statusimnimethcommon/.git/objects/9d', 0x00000000000001ff)
link('/tmp/nimble_6096/githubcom_statusimnimethcommon/.git/objects/9d/tmp_obj_ZC6zQC', '/tmp/nimble_6096/githubcom_statusimnimethcommon/.git/objects/9d/2b0c66f8b0827273653d2bff9bd54345cb6c09')
unlink('/tmp/nimble_6096/githubcom_statusimnimethcommon/.git/objects/9d/tmp_obj_ZC6zQC')
mkdir('/tmp/nimble_6096/githubcom_statusimnimethcommon/.git/objects/fd', 0x00000000000001ff)
link('/tmp/nimble_6096/githubcom_statusimnimethcommon/.git/objects/fd/tmp_obj_HLN3wH', '/tmp/nimble_6096/githubcom_statusimnimethcommon/.git/objects/fd/d7ef5b849015d0578d90344b991d3aec378b07')
unlink('/tmp/nimble_6096/githubcom_statusimnimethcommon/.git/objects/fd/tmp_obj_HLN3wH')
rename('/tmp/nimble_6096/githubcom_statusimnimethcommon/.git/shallow.lock', '/tmp/nimble_6096/githubcom_statusimnimethcommon/.git/shallow')
rename('/tmp/nimble_6096/githubcom_statusimnimethcommon/.git/packed-refs.new', '/tmp/nimble_6096/githubcom_statusimnimethcommon/.git/packed-refs')
unlink('/tmp/nimble_6096/githubcom_statusimnimethcommon/.git/packed-refs.lock')
mkdir('/tmp/nimble_6096/githubcom_statusimnimethcommon/.git/refs/remotes', 0x00000000000001ff)
mkdir('/tmp/nimble_6096/githubcom_statusimnimethcommon/.git/refs/remotes/origin', 0x00000000000001ff)
mkdir('/tmp/nimble_6096/githubcom_statusimnimethcommon/.git/logs', 0x00000000000001ff)
mkdir('/tmp/nimble_6096/githubcom_statusimnimethcommon/.git/logs/refs', 0x00000000000001ff)
mkdir('/tmp/nimble_6096/githubcom_statusimnimethcommon/.git/logs/refs/remotes', 0x00000000000001ff)
mkdir('/tmp/nimble_6096/githubcom_statusimnimethcommon/.git/logs/refs/remotes/origin', 0x00000000000001ff)
rename('/tmp/nimble_6096/githubcom_statusimnimethcommon/.git/refs/remotes/origin/HEAD.lock', '/tmp/nimble_6096/githubcom_statusimnimethcommon/.git/refs/remotes/origin/HEAD')
rename('/tmp/nimble_6096/githubcom_statusimnimethcommon/.git/HEAD.lock', '/tmp/nimble_6096/githubcom_statusimnimethcommon/.git/HEAD')
mkdir('/tmp/nimble_6096/githubcom_statusimnimethcommon/.git/logs/refs/heads', 0x00000000000001ff)
rename('/tmp/nimble_6096/githubcom_statusimnimethcommon/.git/refs/heads/master.lock', '/tmp/nimble_6096/githubcom_statusimnimethcommon/.git/refs/heads/master')
unlink('/tmp/nimble_6096/githubcom_statusimnimethcommon/.git/HEAD.lock')
chmod('/tmp/nimble_6096/githubcom_statusimnimethcommon/.git/config.lock', 0x00000000000001a4)
rename('/tmp/nimble_6096/githubcom_statusimnimethcommon/.git/config.lock', '/tmp/nimble_6096/githubcom_statusimnimethcommon/.git/config')
chmod('/tmp/nimble_6096/githubcom_statusimnimethcommon/.git/config.lock', 0x00000000000001a4)
rename('/tmp/nimble_6096/githubcom_statusimnimethcommon/.git/config.lock', '/tmp/nimble_6096/githubcom_statusimnimethcommon/.git/config')
mkdir('eth_common', 0x00000000000001ff)
mkdir('tests', 0x00000000000001ff)
rename('/tmp/nimble_6096/githubcom_statusimnimethcommon/.git/index.lock', '/tmp/nimble_6096/githubcom_statusimnimethcommon/.git/index')
mkdir('/tmp', 0x00000000000001ff)
mkdir('/tmp/nimblecache', 0x00000000000001ff)
mkdir('/tmp/nimblecache/eth_common_2429364537', 0x00000000000001ff)
unlink('/tmp/nimblecache/eth_common_2429364537/eth_common.ini')
unlink('/tmp/nimble_6096.out')
unlink('/tmp/nimble_6096/githubcom_statusimnimethcommon/eth_common_6096.nims')
mkdir('/tmp', 0x00000000000001ff)
mkdir('/tmp/nimble_6096', 0x00000000000001ff)
mkdir('/tmp/nimble_6096/githubcom_statusimnimrlp', 0x00000000000001ff)
rmdir('/tmp/nimble_6096/githubcom_statusimnimrlp')
mkdir('/tmp/nimble_6096/githubcom_statusimnimrlp', 0x00000000000001ff)
mkdir('/tmp/nimble_6096/githubcom_statusimnimrlp/.git', 0x00000000000001ff)
mkdir('/tmp/nimble_6096/githubcom_statusimnimrlp/.git/', 0x00000000000001ff)
mkdir('/tmp/nimble_6096/githubcom_statusimnimrlp/.git/info/', 0x00000000000001ff)
mkdir('/tmp/nimble_6096/githubcom_statusimnimrlp/.git/branches/', 0x00000000000001ff)
mkdir('/tmp/nimble_6096/githubcom_statusimnimrlp/.git/hooks/', 0x00000000000001ff)
mkdir('/tmp/nimble_6096/githubcom_statusimnimrlp/.git/refs', 0x00000000000001ff)
mkdir('/tmp/nimble_6096/githubcom_statusimnimrlp/.git/refs/heads', 0x00000000000001ff)
mkdir('/tmp/nimble_6096/githubcom_statusimnimrlp/.git/refs/tags', 0x00000000000001ff)
rename('/tmp/nimble_6096/githubcom_statusimnimrlp/.git/HEAD.lock', '/tmp/nimble_6096/githubcom_statusimnimrlp/.git/HEAD')
rename('/tmp/nimble_6096/githubcom_statusimnimrlp/.git/config.lock', '/tmp/nimble_6096/githubcom_statusimnimrlp/.git/config')
chmod('/tmp/nimble_6096/githubcom_statusimnimrlp/.git/config', 0x00000000000081e4)
chmod('/tmp/nimble_6096/githubcom_statusimnimrlp/.git/config', 0x00000000000081a4)
chmod('/tmp/nimble_6096/githubcom_statusimnimrlp/.git/config.lock', 0x00000000000001a4)
rename('/tmp/nimble_6096/githubcom_statusimnimrlp/.git/config.lock', '/tmp/nimble_6096/githubcom_statusimnimrlp/.git/config')
chmod('/tmp/nimble_6096/githubcom_statusimnimrlp/.git/config.lock', 0x00000000000001a4)
rename('/tmp/nimble_6096/githubcom_statusimnimrlp/.git/config.lock', '/tmp/nimble_6096/githubcom_statusimnimrlp/.git/config')
chmod('/tmp/nimble_6096/githubcom_statusimnimrlp/.git/config.lock', 0x00000000000001a4)
rename('/tmp/nimble_6096/githubcom_statusimnimrlp/.git/config.lock', '/tmp/nimble_6096/githubcom_statusimnimrlp/.git/config')
unlink('/tmp/nimble_6096/githubcom_statusimnimrlp/.git/tWRjYyH')
symlink('testing', '/tmp/nimble_6096/githubcom_statusimnimrlp/.git/tWRjYyH')
unlink('/tmp/nimble_6096/githubcom_statusimnimrlp/.git/tWRjYyH')
mkdir('/tmp/nimble_6096/githubcom_statusimnimrlp/.git/objects', 0x00000000000001ff)
mkdir('/tmp/nimble_6096/githubcom_statusimnimrlp/.git/objects/pack', 0x00000000000001ff)
mkdir('/tmp/nimble_6096/githubcom_statusimnimrlp/.git/objects/info', 0x00000000000001ff)
chmod('/tmp/nimble_6096/githubcom_statusimnimrlp/.git/config.lock', 0x00000000000001a4)
rename('/tmp/nimble_6096/githubcom_statusimnimrlp/.git/config.lock', '/tmp/nimble_6096/githubcom_statusimnimrlp/.git/config')
chmod('/tmp/nimble_6096/githubcom_statusimnimrlp/.git/config.lock', 0x00000000000001a4)
rename('/tmp/nimble_6096/githubcom_statusimnimrlp/.git/config.lock', '/tmp/nimble_6096/githubcom_statusimnimrlp/.git/config')
chmod('/tmp/nimble_6096/githubcom_statusimnimrlp/.git/config.lock', 0x00000000000001a4)
rename('/tmp/nimble_6096/githubcom_statusimnimrlp/.git/config.lock', '/tmp/nimble_6096/githubcom_statusimnimrlp/.git/config')
mkdir('/tmp/nimble_6096/githubcom_statusimnimrlp/.git/objects/1a', 0x00000000000001ff)
link('/tmp/nimble_6096/githubcom_statusimnimrlp/.git/objects/1a/tmp_obj_0yajYA', '/tmp/nimble_6096/githubcom_statusimnimrlp/.git/objects/1a/ab36302866ca8f50a98333663a1b9f1f9ff32b')
unlink('/tmp/nimble_6096/githubcom_statusimnimrlp/.git/objects/1a/tmp_obj_0yajYA')
mkdir('/tmp/nimble_6096/githubcom_statusimnimrlp/.git/objects/3d', 0x00000000000001ff)
link('/tmp/nimble_6096/githubcom_statusimnimrlp/.git/objects/3d/tmp_obj_QpQlyG', '/tmp/nimble_6096/githubcom_statusimnimrlp/.git/objects/3d/e2bb5920aed8ef5e6d6258466ffcae3918dcbf')
unlink('/tmp/nimble_6096/githubcom_statusimnimrlp/.git/objects/3d/tmp_obj_QpQlyG')
mkdir('/tmp/nimble_6096/githubcom_statusimnimrlp/.git/objects/2f', 0x00000000000001ff)
link('/tmp/nimble_6096/githubcom_statusimnimrlp/.git/objects/2f/tmp_obj_2JD3DL', '/tmp/nimble_6096/githubcom_statusimnimrlp/.git/objects/2f/5698f19d614e9e8317a32364e8407614982191')
unlink('/tmp/nimble_6096/githubcom_statusimnimrlp/.git/objects/2f/tmp_obj_2JD3DL')
mkdir('/tmp/nimble_6096/githubcom_statusimnimrlp/.git/objects/cc', 0x00000000000001ff)
link('/tmp/nimble_6096/githubcom_statusimnimrlp/.git/objects/cc/tmp_obj_GcI9sM', '/tmp/nimble_6096/githubcom_statusimnimrlp/.git/objects/cc/935b3d13dc2d9f32ef0b4bbc004c410154cbf0')
unlink('/tmp/nimble_6096/githubcom_statusimnimrlp/.git/objects/cc/tmp_obj_GcI9sM')
mkdir('/tmp/nimble_6096/githubcom_statusimnimrlp/.git/objects/f6', 0x00000000000001ff)
link('/tmp/nimble_6096/githubcom_statusimnimrlp/.git/objects/f6/tmp_obj_GsGesR', '/tmp/nimble_6096/githubcom_statusimnimrlp/.git/objects/f6/f38e4c771ebe3dd21a6dfbf9bf2d0f4e923a6e')
unlink('/tmp/nimble_6096/githubcom_statusimnimrlp/.git/objects/f6/tmp_obj_GsGesR')
mkdir('/tmp/nimble_6096/githubcom_statusimnimrlp/.git/objects/78', 0x00000000000001ff)
link('/tmp/nimble_6096/githubcom_statusimnimrlp/.git/objects/78/tmp_obj_Yd2JVW', '/tmp/nimble_6096/githubcom_statusimnimrlp/.git/objects/78/2d1bff2946a29c323e94751a47e9d0dcaef7f4')
unlink('/tmp/nimble_6096/githubcom_statusimnimrlp/.git/objects/78/tmp_obj_Yd2JVW')
mkdir('/tmp/nimble_6096/githubcom_statusimnimrlp/.git/objects/87', 0x00000000000001ff)
link('/tmp/nimble_6096/githubcom_statusimnimrlp/.git/objects/87/tmp_obj_kfFY9Z', '/tmp/nimble_6096/githubcom_statusimnimrlp/.git/objects/87/66e65da94fceaf783ab1a347eb5fd8d34528a1')
unlink('/tmp/nimble_6096/githubcom_statusimnimrlp/.git/objects/87/tmp_obj_kfFY9Z')
mkdir('/tmp/nimble_6096/githubcom_statusimnimrlp/.git/objects/45', 0x00000000000001ff)
link('/tmp/nimble_6096/githubcom_statusimnimrlp/.git/objects/45/tmp_obj_q20jV4', '/tmp/nimble_6096/githubcom_statusimnimrlp/.git/objects/45/ebd555bb798b8708edc5dc602d30f2fcd69c9e')
unlink('/tmp/nimble_6096/githubcom_statusimnimrlp/.git/objects/45/tmp_obj_q20jV4')
mkdir('/tmp/nimble_6096/githubcom_statusimnimrlp/.git/objects/af', 0x00000000000001ff)
link('/tmp/nimble_6096/githubcom_statusimnimrlp/.git/objects/af/tmp_obj_0iQgA9', '/tmp/nimble_6096/githubcom_statusimnimrlp/.git/objects/af/c67f9571a0d9d226707f2f097b8d1f98cdb719')
unlink('/tmp/nimble_6096/githubcom_statusimnimrlp/.git/objects/af/tmp_obj_0iQgA9')
mkdir('/tmp/nimble_6096/githubcom_statusimnimrlp/.git/objects/b9', 0x00000000000001ff)
link('/tmp/nimble_6096/githubcom_statusimnimrlp/.git/objects/b9/tmp_obj_Yd4Ofe', '/tmp/nimble_6096/githubcom_statusimnimrlp/.git/objects/b9/711eee950d02ddeba3cf9d56fd7469ce142793')
unlink('/tmp/nimble_6096/githubcom_statusimnimrlp/.git/objects/b9/tmp_obj_Yd4Ofe')
mkdir('/tmp/nimble_6096/githubcom_statusimnimrlp/.git/objects/10', 0x00000000000001ff)
link('/tmp/nimble_6096/githubcom_statusimnimrlp/.git/objects/10/tmp_obj_4qviNk', '/tmp/nimble_6096/githubcom_statusimnimrlp/.git/objects/10/d205e6c7722aa5507c0cf3c35862a8ba97b723')
unlink('/tmp/nimble_6096/githubcom_statusimnimrlp/.git/objects/10/tmp_obj_4qviNk')
mkdir('/tmp/nimble_6096/githubcom_statusimnimrlp/.git/objects/c9', 0x00000000000001ff)
link('/tmp/nimble_6096/githubcom_statusimnimrlp/.git/objects/c9/tmp_obj_RooBVc', '/tmp/nimble_6096/githubcom_statusimnimrlp/.git/objects/c9/a44840d633bed5c462dadf7a4d008ff3758826')
unlink('/tmp/nimble_6096/githubcom_statusimnimrlp/.git/objects/c9/tmp_obj_RooBVc')
mkdir('/tmp/nimble_6096/githubcom_statusimnimrlp/.git/objects/64', 0x00000000000001ff)
link('/tmp/nimble_6096/githubcom_statusimnimrlp/.git/objects/64/tmp_obj_5bGvLi', '/tmp/nimble_6096/githubcom_statusimnimrlp/.git/objects/64/98351b9ea31ab874181e60f42ea28a0a43fd97')
unlink('/tmp/nimble_6096/githubcom_statusimnimrlp/.git/objects/64/tmp_obj_5bGvLi')
mkdir('/tmp/nimble_6096/githubcom_statusimnimrlp/.git/objects/e9', 0x00000000000001ff)
link('/tmp/nimble_6096/githubcom_statusimnimrlp/.git/objects/e9/tmp_obj_3gNTqk', '/tmp/nimble_6096/githubcom_statusimnimrlp/.git/objects/e9/8f01e9950515b63041781a56b5a2e37d33dbc8')
unlink('/tmp/nimble_6096/githubcom_statusimnimrlp/.git/objects/e9/tmp_obj_3gNTqk')
mkdir('/tmp/nimble_6096/githubcom_statusimnimrlp/.git/objects/fa', 0x00000000000001ff)
link('/tmp/nimble_6096/githubcom_statusimnimrlp/.git/objects/fa/tmp_obj_LhCDIp', '/tmp/nimble_6096/githubcom_statusimnimrlp/.git/objects/fa/355cb2d2de4adfd6307db944abaafdb6d980b6')
unlink('/tmp/nimble_6096/githubcom_statusimnimrlp/.git/objects/fa/tmp_obj_LhCDIp')
mkdir('/tmp/nimble_6096/githubcom_statusimnimrlp/.git/objects/77', 0x00000000000001ff)
link('/tmp/nimble_6096/githubcom_statusimnimrlp/.git/objects/77/tmp_obj_D9VMBu', '/tmp/nimble_6096/githubcom_statusimnimrlp/.git/objects/77/2b112b49480ffce2355c2e97b5893b7c1e1f39')
unlink('/tmp/nimble_6096/githubcom_statusimnimrlp/.git/objects/77/tmp_obj_D9VMBu')
mkdir('/tmp/nimble_6096/githubcom_statusimnimrlp/.git/objects/8f', 0x00000000000001ff)
link('/tmp/nimble_6096/githubcom_statusimnimrlp/.git/objects/8f/tmp_obj_74rEsv', '/tmp/nimble_6096/githubcom_statusimnimrlp/.git/objects/8f/25b1c52b7e9cb664266c9597a9d6a4f8ef6775')
unlink('/tmp/nimble_6096/githubcom_statusimnimrlp/.git/objects/8f/tmp_obj_74rEsv')
mkdir('/tmp/nimble_6096/githubcom_statusimnimrlp/.git/objects/f5', 0x00000000000001ff)
link('/tmp/nimble_6096/githubcom_statusimnimrlp/.git/objects/f5/tmp_obj_HdNjTB', '/tmp/nimble_6096/githubcom_statusimnimrlp/.git/objects/f5/6821b306056788b558065dbf7caff1485bdd5a')
unlink('/tmp/nimble_6096/githubcom_statusimnimrlp/.git/objects/f5/tmp_obj_HdNjTB')
mkdir('/tmp/nimble_6096/githubcom_statusimnimrlp/.git/objects/6c', 0x00000000000001ff)
link('/tmp/nimble_6096/githubcom_statusimnimrlp/.git/objects/6c/tmp_obj_NwHQVG', '/tmp/nimble_6096/githubcom_statusimnimrlp/.git/objects/6c/adc59e78d9a79cfae9225b499dedb0349a9d29')
unlink('/tmp/nimble_6096/githubcom_statusimnimrlp/.git/objects/6c/tmp_obj_NwHQVG')
mkdir('/tmp/nimble_6096/githubcom_statusimnimrlp/.git/objects/6e', 0x00000000000001ff)
link('/tmp/nimble_6096/githubcom_statusimnimrlp/.git/objects/6e/tmp_obj_F2JYzH', '/tmp/nimble_6096/githubcom_statusimnimrlp/.git/objects/6e/9510b074fe6d52415a6759037070f421971feb')
unlink('/tmp/nimble_6096/githubcom_statusimnimrlp/.git/objects/6e/tmp_obj_F2JYzH')
mkdir('/tmp/nimble_6096/githubcom_statusimnimrlp/.git/objects/06', 0x00000000000001ff)
link('/tmp/nimble_6096/githubcom_statusimnimrlp/.git/objects/06/tmp_obj_NmuUzN', '/tmp/nimble_6096/githubcom_statusimnimrlp/.git/objects/06/99156f4c31932cf259e4bb9d2ca80c1d4ceeed')
unlink('/tmp/nimble_6096/githubcom_statusimnimrlp/.git/objects/06/tmp_obj_NmuUzN')
mkdir('/tmp/nimble_6096/githubcom_statusimnimrlp/.git/objects/c8', 0x00000000000001ff)
link('/tmp/nimble_6096/githubcom_statusimnimrlp/.git/objects/c8/tmp_obj_ZKbKTO', '/tmp/nimble_6096/githubcom_statusimnimrlp/.git/objects/c8/9f0dfcc3ae63e300d93d28a30e449169716a13')
unlink('/tmp/nimble_6096/githubcom_statusimnimrlp/.git/objects/c8/tmp_obj_ZKbKTO')
mkdir('/tmp/nimble_6096/githubcom_statusimnimrlp/.git/objects/e3', 0x00000000000001ff)
link('/tmp/nimble_6096/githubcom_statusimnimrlp/.git/objects/e3/tmp_obj_jNJFXS', '/tmp/nimble_6096/githubcom_statusimnimrlp/.git/objects/e3/95204d03c7835c6bb7f73e4fcd51f41e80741f')
unlink('/tmp/nimble_6096/githubcom_statusimnimrlp/.git/objects/e3/tmp_obj_jNJFXS')
mkdir('/tmp/nimble_6096/githubcom_statusimnimrlp/.git/objects/be', 0x00000000000001ff)
link('/tmp/nimble_6096/githubcom_statusimnimrlp/.git/objects/be/tmp_obj_VKiJHZ', '/tmp/nimble_6096/githubcom_statusimnimrlp/.git/objects/be/d8b30b26cfcce4bab2aa6a791a0dcafbb9222d')
unlink('/tmp/nimble_6096/githubcom_statusimnimrlp/.git/objects/be/tmp_obj_VKiJHZ')
mkdir('/tmp/nimble_6096/githubcom_statusimnimrlp/.git/objects/4a', 0x00000000000001ff)
link('/tmp/nimble_6096/githubcom_statusimnimrlp/.git/objects/4a/tmp_obj_TzXOM0', '/tmp/nimble_6096/githubcom_statusimnimrlp/.git/objects/4a/91b52bca8a89c8e084106fc874eebfe36d27db')
unlink('/tmp/nimble_6096/githubcom_statusimnimrlp/.git/objects/4a/tmp_obj_TzXOM0')
mkdir('/tmp/nimble_6096/githubcom_statusimnimrlp/.git/objects/b7', 0x00000000000001ff)
link('/tmp/nimble_6096/githubcom_statusimnimrlp/.git/objects/b7/tmp_obj_ZkCir6', '/tmp/nimble_6096/githubcom_statusimnimrlp/.git/objects/b7/5f050f8d2b7d6583400f3af6734a5d6728510d')  Verifying dependencies for rlp@1.0.1
    Reading official package list
   Checking for ranges@any version
 Installing ranges@any version
    Reading official package list
Downloading https://github.com/status-im/nim-ranges using git

unlink('/tmp/nimble_6096/githubcom_statusimnimrlp/.git/objects/b7/tmp_obj_ZkCir6')
link('/tmp/nimble_6096/githubcom_statusimnimrlp/.git/objects/cc/tmp_obj_tqJWc8', '/tmp/nimble_6096/githubcom_statusimnimrlp/.git/objects/cc/8ddc8bd6ef19e8485af5ac5c0597e294faf9c0')
unlink('/tmp/nimble_6096/githubcom_statusimnimrlp/.git/objects/cc/tmp_obj_tqJWc8')
mkdir('/tmp/nimble_6096/githubcom_statusimnimrlp/.git/objects/0f', 0x00000000000001ff)
link('/tmp/nimble_6096/githubcom_statusimnimrlp/.git/objects/0f/tmp_obj_LhmlFc', '/tmp/nimble_6096/githubcom_statusimnimrlp/.git/objects/0f/9e87cc84970f80f1336eaba5fff7a94ce6e8cb')
unlink('/tmp/nimble_6096/githubcom_statusimnimrlp/.git/objects/0f/tmp_obj_LhmlFc')
mkdir('/tmp/nimble_6096/githubcom_statusimnimrlp/.git/objects/33', 0x00000000000001ff)
link('/tmp/nimble_6096/githubcom_statusimnimrlp/.git/objects/33/tmp_obj_JswxEf', '/tmp/nimble_6096/githubcom_statusimnimrlp/.git/objects/33/c4606655fe5cf530efd042fb37f823f7a7c182')
unlink('/tmp/nimble_6096/githubcom_statusimnimrlp/.git/objects/33/tmp_obj_JswxEf')
mkdir('/tmp/nimble_6096/githubcom_statusimnimrlp/.git/objects/3e', 0x00000000000001ff)
link('/tmp/nimble_6096/githubcom_statusimnimrlp/.git/objects/3e/tmp_obj_7MYdik', '/tmp/nimble_6096/githubcom_statusimnimrlp/.git/objects/3e/6a3544c02ec713b41754b088363efd9e2b8ca1')
unlink('/tmp/nimble_6096/githubcom_statusimnimrlp/.git/objects/3e/tmp_obj_7MYdik')
mkdir('/tmp/nimble_6096/githubcom_statusimnimrlp/.git/objects/2b', 0x00000000000001ff)
link('/tmp/nimble_6096/githubcom_statusimnimrlp/.git/objects/2b/tmp_obj_0JcLhd', '/tmp/nimble_6096/githubcom_statusimnimrlp/.git/objects/2b/65cc5c2bd0ef7143de4bbc06a7c91406ebf695')
unlink('/tmp/nimble_6096/githubcom_statusimnimrlp/.git/objects/2b/tmp_obj_0JcLhd')
rename('/tmp/nimble_6096/githubcom_statusimnimrlp/.git/shallow.lock', '/tmp/nimble_6096/githubcom_statusimnimrlp/.git/shallow')
rename('/tmp/nimble_6096/githubcom_statusimnimrlp/.git/packed-refs.new', '/tmp/nimble_6096/githubcom_statusimnimrlp/.git/packed-refs')
unlink('/tmp/nimble_6096/githubcom_statusimnimrlp/.git/packed-refs.lock')
mkdir('/tmp/nimble_6096/githubcom_statusimnimrlp/.git/refs/remotes', 0x00000000000001ff)
mkdir('/tmp/nimble_6096/githubcom_statusimnimrlp/.git/refs/remotes/origin', 0x00000000000001ff)
mkdir('/tmp/nimble_6096/githubcom_statusimnimrlp/.git/logs', 0x00000000000001ff)
mkdir('/tmp/nimble_6096/githubcom_statusimnimrlp/.git/logs/refs', 0x00000000000001ff)
mkdir('/tmp/nimble_6096/githubcom_statusimnimrlp/.git/logs/refs/remotes', 0x00000000000001ff)
mkdir('/tmp/nimble_6096/githubcom_statusimnimrlp/.git/logs/refs/remotes/origin', 0x00000000000001ff)
rename('/tmp/nimble_6096/githubcom_statusimnimrlp/.git/refs/remotes/origin/HEAD.lock', '/tmp/nimble_6096/githubcom_statusimnimrlp/.git/refs/remotes/origin/HEAD')
rename('/tmp/nimble_6096/githubcom_statusimnimrlp/.git/HEAD.lock', '/tmp/nimble_6096/githubcom_statusimnimrlp/.git/HEAD')
mkdir('/tmp/nimble_6096/githubcom_statusimnimrlp/.git/logs/refs/heads', 0x00000000000001ff)
rename('/tmp/nimble_6096/githubcom_statusimnimrlp/.git/refs/heads/master.lock', '/tmp/nimble_6096/githubcom_statusimnimrlp/.git/refs/heads/master')
unlink('/tmp/nimble_6096/githubcom_statusimnimrlp/.git/HEAD.lock')
chmod('/tmp/nimble_6096/githubcom_statusimnimrlp/.git/config.lock', 0x00000000000001a4)
rename('/tmp/nimble_6096/githubcom_statusimnimrlp/.git/config.lock', '/tmp/nimble_6096/githubcom_statusimnimrlp/.git/config')
chmod('/tmp/nimble_6096/githubcom_statusimnimrlp/.git/config.lock', 0x00000000000001a4)
rename('/tmp/nimble_6096/githubcom_statusimnimrlp/.git/config.lock', '/tmp/nimble_6096/githubcom_statusimnimrlp/.git/config')
mkdir('rlp', 0x00000000000001ff)
mkdir('rlp/bin', 0x00000000000001ff)
mkdir('rlp/priv', 0x00000000000001ff)
mkdir('tests', 0x00000000000001ff)
mkdir('tests/cases', 0x00000000000001ff)
mkdir('tests/cases/RandomRLPTests', 0x00000000000001ff)
mkdir('tests/util', 0x00000000000001ff)
rename('/tmp/nimble_6096/githubcom_statusimnimrlp/.git/index.lock', '/tmp/nimble_6096/githubcom_statusimnimrlp/.git/index')
mkdir('/tmp', 0x00000000000001ff)
mkdir('/tmp/nimblecache', 0x00000000000001ff)
mkdir('/tmp/nimblecache/rlp_619601233', 0x00000000000001ff)
unlink('/tmp/nimblecache/rlp_619601233/rlp.ini')
unlink('/tmp/nimble_6096.out')
unlink('/tmp/nimble_6096/githubcom_statusimnimrlp/rlp_6096.nims')
mkdir('/tmp', 0x00000000000001ff)
mkdir('/tmp/nimble_6096', 0x00000000000001ff)
mkdir('/tmp/nimble_6096/githubcom_statusimnimranges', 0x00000000000001ff)
rmdir('/tmp/nimble_6096/githubcom_statusimnimranges')
mkdir('/tmp/nimble_6096/githubcom_statusimnimranges', 0x00000000000001ff)
mkdir('/tmp/nimble_6096/githubcom_statusimnimranges/.git', 0x00000000000001ff)
mkdir('/tmp/nimble_6096/githubcom_statusimnimranges/.git/', 0x00000000000001ff)
mkdir('/tmp/nimble_6096/githubcom_statusimnimranges/.git/info/', 0x00000000000001ff)
mkdir('/tmp/nimble_6096/githubcom_statusimnimranges/.git/branches/', 0x00000000000001ff)
mkdir('/tmp/nimble_6096/githubcom_statusimnimranges/.git/hooks/', 0x00000000000001ff)
mkdir('/tmp/nimble_6096/githubcom_statusimnimranges/.git/refs', 0x00000000000001ff)
mkdir('/tmp/nimble_6096/githubcom_statusimnimranges/.git/refs/heads', 0x00000000000001ff)
mkdir('/tmp/nimble_6096/githubcom_statusimnimranges/.git/refs/tags', 0x00000000000001ff)
rename('/tmp/nimble_6096/githubcom_statusimnimranges/.git/HEAD.lock', '/tmp/nimble_6096/githubcom_statusimnimranges/.git/HEAD')
rename('/tmp/nimble_6096/githubcom_statusimnimranges/.git/config.lock', '/tmp/nimble_6096/githubcom_statusimnimranges/.git/config')
chmod('/tmp/nimble_6096/githubcom_statusimnimranges/.git/config', 0x00000000000081e4)
chmod('/tmp/nimble_6096/githubcom_statusimnimranges/.git/config', 0x00000000000081a4)
chmod('/tmp/nimble_6096/githubcom_statusimnimranges/.git/config.lock', 0x00000000000001a4)
rename('/tmp/nimble_6096/githubcom_statusimnimranges/.git/config.lock', '/tmp/nimble_6096/githubcom_statusimnimranges/.git/config')
chmod('/tmp/nimble_6096/githubcom_statusimnimranges/.git/config.lock', 0x00000000000001a4)
rename('/tmp/nimble_6096/githubcom_statusimnimranges/.git/config.lock', '/tmp/nimble_6096/githubcom_statusimnimranges/.git/config')
chmod('/tmp/nimble_6096/githubcom_statusimnimranges/.git/config.lock', 0x00000000000001a4)
rename('/tmp/nimble_6096/githubcom_statusimnimranges/.git/config.lock', '/tmp/nimble_6096/githubcom_statusimnimranges/.git/config')
unlink('/tmp/nimble_6096/githubcom_statusimnimranges/.git/tHS7IdH')
symlink('testing', '/tmp/nimble_6096/githubcom_statusimnimranges/.git/tHS7IdH')
unlink('/tmp/nimble_6096/githubcom_statusimnimranges/.git/tHS7IdH')
mkdir('/tmp/nimble_6096/githubcom_statusimnimranges/.git/objects', 0x00000000000001ff)
mkdir('/tmp/nimble_6096/githubcom_statusimnimranges/.git/objects/pack', 0x00000000000001ff)
mkdir('/tmp/nimble_6096/githubcom_statusimnimranges/.git/objects/info', 0x00000000000001ff)
chmod('/tmp/nimble_6096/githubcom_statusimnimranges/.git/config.lock', 0x00000000000001a4)
rename('/tmp/nimble_6096/githubcom_statusimnimranges/.git/config.lock', '/tmp/nimble_6096/githubcom_statusimnimranges/.git/config')
chmod('/tmp/nimble_6096/githubcom_statusimnimranges/.git/config.lock', 0x00000000000001a4)
rename('/tmp/nimble_6096/githubcom_statusimnimranges/.git/config.lock', '/tmp/nimble_6096/githubcom_statusimnimranges/.git/config')
chmod('/tmp/nimble_6096/githubcom_statusimnimranges/.git/config.lock', 0x00000000000001a4)
rename('/tmp/nimble_6096/githubcom_statusimnimranges/.git/config.lock', '/tmp/nimble_6096/githubcom_statusimnimranges/.git/config')
mkdir('/tmp/nimble_6096/githubcom_statusimnimranges/.git/objects/54', 0x00000000000001ff)
link('/tmp/nimble_6096/githubcom_statusimnimranges/.git/objects/54/tmp_obj_h2Fgf2', '/tmp/nimble_6096/githubcom_statusimnimranges/.git/objects/54/792c5a26858b20a331f0ae38c18f21811b4b5c')
unlink('/tmp/nimble_6096/githubcom_statusimnimranges/.git/objects/54/tmp_obj_h2Fgf2')
mkdir('/tmp/nimble_6096/githubcom_statusimnimranges/.git/objects/b6', 0x00000000000001ff)
link('/tmp/nimble_6096/githubcom_statusimnimranges/.git/objects/b6/tmp_obj_h4OWk7', '/tmp/nimble_6096/githubcom_statusimnimranges/.git/objects/b6/744500217bd2e90e1ecebbc44a0a6cdfe8a07c')
unlink('/tmp/nimble_6096/githubcom_statusimnimranges/.git/objects/b6/tmp_obj_h4OWk7')
mkdir('/tmp/nimble_6096/githubcom_statusimnimranges/.git/objects/2f', 0x00000000000001ff)
link('/tmp/nimble_6096/githubcom_statusimnimranges/.git/objects/2f/tmp_obj_rx5AU9', '/tmp/nimble_6096/githubcom_statusimnimranges/.git/objects/2f/5698f19d614e9e8317a32364e8407614982191')
unlink('/tmp/nimble_6096/githubcom_statusimnimranges/.git/objects/2f/tmp_obj_rx5AU9')
mkdir('/tmp/nimble_6096/githubcom_statusimnimranges/.git/objects/68', 0x00000000000001ff)
link('/tmp/nimble_6096/githubcom_statusimnimranges/.git/objects/68/tmp_obj_j7jGEf', '/tmp/nimble_6096/githubcom_statusimnimranges/.git/objects/68/e6fec15a9f85ff7800272ddd04b875f28f286e')
unlink('/tmp/nimble_6096/githubcom_statusimnimranges/.git/objects/68/tmp_obj_j7jGEf')
mkdir('/tmp/nimble_6096/githubcom_statusimnimranges/.git/objects/f6', 0x00000000000001ff)
link('/tmp/nimble_6096/githubcom_statusimnimranges/.git/objects/f6/tmp_obj_c3OWAb', '/tmp/nimble_6096/githubcom_statusimnimranges/.git/objects/f6/f38e4c771ebe3dd21a6dfbf9bf2d0f4e923a6e')
unlink('/tmp/nimble_6096/githubcom_statusimnimranges/.git/objects/f6/tmp_obj_c3OWAb')
mkdir('/tmp/nimble_6096/githubcom_statusimnimranges/.git/objects/78', 0x00000000000001ff)
link('/tmp/nimble_6096/githubcom_statusimnimranges/.git/objects/78/tmp_obj_E9MbEd', '/tmp/nimble_6096/githubcom_statusimnimranges/.git/objects/78/2d1bff2946a29c323e94751a47e9d0dcaef7f4')
unlink('/tmp/nimble_6096/githubcom_statusimnimranges/.git/objects/78/tmp_obj_E9MbEd')
mkdir('/tmp/nimble_6096/githubcom_statusimnimranges/.git/objects/19', 0x00000000000001ff)
link('/tmp/nimble_6096/githubcom_statusimnimranges/.git/objects/19/tmp_obj_oRdIMh', '/tmp/nimble_6096/githubcom_statusimnimranges/.git/objects/19/77b75244d1fcef633cbc19f2c2011bb5632a70')
unlink('/tmp/nimble_6096/githubcom_statusimnimranges/.git/objects/19/tmp_obj_oRdIMh')
mkdir('/tmp/nimble_6096/githubcom_statusimnimranges/.git/objects/92', 0x00000000000001ff)
link('/tmp/nimble_6096/githubcom_statusimnimranges/.git/objects/92/tmp_obj_ewZqnm', '/tmp/nimble_6096/githubcom_statusimnimranges/.git/objects/92/abd84ac74190cdb8516aca25aa9daae490ff0c')
unlink('/tmp/nimble_6096/githubcom_statusimnimranges/.git/objects/92/tmp_obj_ewZqnm')
mkdir('/tmp/nimble_6096/githubcom_statusimnimranges/.git/objects/73', 0x00000000000001ff)
link('/tmp/nimble_6096/githubcom_statusimnimranges/.git/objects/73/tmp_obj_m06Fep', '/tmp/nimble_6096/githubcom_statusimnimranges/.git/objects/73/211b40d29342d60aad161e6ada27505f4972f8')
unlink('/tmp/nimble_6096/githubcom_statusimnimranges/.git/objects/73/tmp_obj_m06Fep')
mkdir('/tmp/nimble_6096/githubcom_statusimnimranges/.git/objects/e1', 0x00000000000001ff)
link('/tmp/nimble_6096/githubcom_statusimnimranges/.git/objects/e1/tmp_obj_KGuQ5u', '/tmp/nimble_6096/githubcom_statusimnimranges/.git/objects/e1/239109c95503d0d2c04e8c9446f72f51b37ebf')
unlink('/tmp/nimble_6096/githubcom_statusimnimranges/.git/objects/e1/tmp_obj_KGuQ5u')
mkdir('/tmp/nimble_6096/githubcom_statusimnimranges/.git/objects/25', 0x00000000000001ff)
link('/tmp/nimble_6096/githubcom_statusimnimranges/.git/objects/25/tmp_obj_kd6jPy', '/tmp/nimble_6096/githubcom_statusimnimranges/.git/objects/25/e4b18f2e378ff3a350b77aba145d614d95e127')
unlink('/tmp/nimble_6096/githubcom_statusimnimranges/.git/objects/25/tmp_obj_kd6jPy')
mkdir('/tmp/nimble_6096/githubcom_statusimnimranges/.git/objects/55', 0x00000000000001ff)
link('/tmp/nimble_6096/githubcom_statusimnimranges/.git/objects/55/tmp_obj_O2ajAD', '/tmp/nimble_6096/githubcom_statusimnimranges/.git/objects/55/6b057fa8a4170fcb689a41ff7b2676970643c3')
unlink('/tmp/nimble_6096/githubcom_statusimnimranges/.git/objects/55/tmp_obj_O2ajAD')
mkdir('/tmp/nimble_6096/githubcom_statusimnimranges/.git/objects/50', 0x00000000000001ff)
link('/tmp/nimble_6096/githubcom_statusimnimranges/.git/objects/50/tmp_obj_O2gIFI', '/tmp/nimble_6096/githubcom_statusimnimranges/.git/objects/50/37577c4a535f3a830901edc507745d9c9ff482')
unlink('/tmp/nimble_6096/githubcom_statusimnimranges/.git/objects/50/tmp_obj_O2gIFI')
mkdir('/tmp/nimble_6096/githubcom_statusimnimranges/.git/objects/4e', 0x00000000000001ff)
link('/tmp/nimble_6096/githubcom_statusimnimranges/.git/objects/4e/tmp_obj_iwq54J', '/tmp/nimble_6096/githubcom_statusimnimranges/.git/objects/4e/3909bde18c4de273f10a92e4a56d3e8c351789')
unlink('/tmp/nimble_6096/githubcom_statusimnimranges/.git/objects/4e/tmp_obj_iwq54J')
mkdir('/tmp/nimble_6096/githubcom_statusimnimranges/.git/objects/6f', 0x00000000000001ff)
link('/tmp/nimble_6096/githubcom_statusimnimranges/.git/objects/6f/tmp_obj_CUjSFO', '/tmp/nimble_6096/githubcom_statusimnimranges/.git/objects/6f/515e4a589bcdd3ad6ec0d0d15d2ef459ceb141')
unlink('/tmp/nimble_6096/githubcom_statusimnimranges/.git/objects/6f/tmp_obj_CUjSFO')
mkdir('/tmp/nimble_6096/githubcom_statusimnimranges/.git/objects/4c', 0x00000000000001ff)
link('/tmp/nimble_6096/githubcom_statusimnimranges/.git/objects/4c/tmp_obj_WkaVzU', '/tmp/nimble_6096/githubcom_statusimnimranges/.git/objects/4c/cbf3a2d3b9d97a747437b706bc5d94a1f83d16')
unlink('/tmp/nimble_6096/githubcom_statusimnimranges/.git/objects/4c/tmp_obj_WkaVzU')
mkdir('/tmp/nimble_6096/githubcom_statusimnimranges/.git/objects/fc', 0x00000000000001ff)
link('/tmp/nimble_6096/githubcom_statusimnimranges/.git/objects/fc/tmp_obj_GyRjEY', '/tmp/nimble_6096/githubcom_statusimnimranges/.git/objects/fc/19e3489d654f82be3440aba15c6d9416f07f90')
unlink('/tmp/nimble_6096/githubcom_statusimnimranges/.git/objects/fc/tmp_obj_GyRjEY')
mkdir('/tmp/nimble_6096/githubcom_statusimnimranges/.git/objects/5b', 0x00000000000001ff)
link('/tmp/nimble_6096/githubcom_statusimnimranges/.git/objects/5b/tmp_obj_QlimE0', '/tmp/nimble_6096/githubcom_statusimnimranges/.git/objects/5b/51d55d45eb238832d5ac23c2e5cf62618badae')
unlink('/tmp/nimble_6096/githubcom_statusimnimranges/.git/objects/5b/tmp_obj_QlimE0')
mkdir('/tmp/nimble_6096/githubcom_statusimnimranges/.git/objects/fa', 0x00000000000001ff)
link('/tmp/nimble_6096/githubcom_statusimnimranges/.git/objects/fa/tmp_obj_IDPHh6', '/tmp/nimble_6096/githubcom_statusimnimranges/.git/objects/fa/6de961bc59c11136c20e9bc2a32c3accc871ca')
unlink('/tmp/nimble_6096/githubcom_statusimnimranges/.git/objects/fa/tmp_obj_IDPHh6')
link('/tmp/nimble_6096/githubcom_statusimnimranges/.git/objects/6f/tmp_obj_ia7y84', '/tmp/nimble_6096/githubcom_statusimnimranges/.git/objects/6f/75ee8ad5814d77cfbd492e0c3251507c3db67c')
unlink('/tmp/nimble_6096/githubcom_statusimnimranges/.git/objects/6f/tmp_obj_ia7y84')
rename('/tmp/nimble_6096/githubcom_statusimnimranges/.git/shallow.lock', '/tmp/nimble_6096/githubcom_statusimnimranges/.git/shallow')
rename('/tmp/nimble_6096/githubcom_statusimnimranges/.git/packed-refs.new', '/tmp/nimble_6096/githubcom_statusimnimranges/.git/packed-refs')
unlink('/tmp/nimble_6096/githubcom_statusimnimranges/.git/packed-refs.lock')
mkdir('/tmp/nimble_6096/githubcom_statusimnimranges/.git/refs/remotes', 0x00000000000001ff)
mkdir('/tmp/nimble_6096/githubcom_statusimnimranges/.git/refs/remotes/origin', 0x00000000000001ff)
mkdir('/tmp/nimble_6096/githubcom_statusimnimranges/.git/logs', 0x00000000000001ff)
mkdir('/tmp/nimble_6096/githubcom_statusimnimranges/.git/logs/refs', 0x00000000000001ff)
mkdir('/tmp/nimble_6096/githubcom_statusimnimranges/.git/logs/refs/remotes', 0x00000000000001ff)
mkdir('/tmp/nimble_6096/githubcom_statusimnimranges/.git/logs/refs/remotes/origin', 0x00000000000001ff)
rename('/tmp/nimble_6096/githubcom_statusimnimranges/.git/refs/remotes/origin/HEAD.lock', '/tmp/nimble_6096/githubcom_statusimnimranges/.git/refs/remotes/origin/HEAD')
rename('/tmp/nimble_6096/githubcom_statusimnimranges/.git/HEAD.lock', '/tmp/nimble_6096/githubcom_statusimnimranges/.git/HEAD')
mkdir('/tmp/nimble_6096/githubcom_statusimnimranges/.git/logs/refs/heads', 0x00000000000001ff)
rename('/tmp/nimble_6096/githubcom_statusimnimranges/.git/refs/heads/master.lock', '/tmp/nimble_6096/githubcom_statusimnimranges/.git/refs/heads/master')
unlink('/tmp/nimble_6096/githubcom_statusimnimranges/.git/HEAD.lock')
chmod('/tmp/nimble_6096/githubcom_statusimnimranges/.git/config.lock', 0x00000000000001a4)
rename('/tmp/nimble_6096/githubcom_statusimnimranges/.git/config.lock', '/tmp/nimble_6096/githubcom_statusimnimranges/.git/config')  Verifying dependencies for ranges@0.0.1
 Installing ranges@0.0.1
    Copying file /tmp/nimble_6096/githubcom_statusimnimranges/ranges.nim to /home/runner/.nimble/pkgs/ranges-0.0.1/ranges.nim
    Copying file /tmp/nimble_6096/githubcom_statusimnimranges/ranges/memranges.nim to /home/runner/.nimble/pkgs/ranges-0.0.1/ranges/memranges.nim
    Copying file /tmp/nimble_6096/githubcom_statusimnimranges/ranges/ptr_arith.nim to /home/runner/.nimble/pkgs/ranges-0.0.1/ranges/ptr_arith.nim
    Copying file /tmp/nimble_6096/githubcom_statusimnimranges/ranges/stackarrays.nim to /home/runner/.nimble/pkgs/ranges-0.0.1/ranges/stackarrays.nim
    Copying file /tmp/nimble_6096/githubcom_statusimnimranges/ranges/bitranges.nim to /home/runner/.nimble/pkgs/ranges-0.0.1/ranges/bitranges.nim
    Copying file /tmp/nimble_6096/githubcom_statusimnimranges/ranges/typedranges.nim to /home/runner/.nimble/pkgs/ranges-0.0.1/ranges/typedranges.nim
    Copying file /tmp/nimble_6096/githubcom_statusimnimranges/ranges.nimble to /home/runner/.nimble/pkgs/ranges-0.0.1/ranges.nimble
   Success: ranges installed successfully.
 Installing rlp@1.0.1
   Building rlp/rlp/bin/rlp_inspect using c backend
  Executing "/home/runner/.nimble/bin/nim" c --noNimblePath -d:NimblePkgVersion=1.0.1 -d:release --path:"/home/runner/.nimble/pkgs/ranges-0.0.1"  -o:"/tmp/nimble_6096/githubcom_statusimnimrlp/rlp/bin/rlp_inspect" "/tmp/nimble_6096/githubcom_statusimnimrlp/rlp/bin/rlp_inspect.nim"

chmod('/tmp/nimble_6096/githubcom_statusimnimranges/.git/config.lock', 0x00000000000001a4)
rename('/tmp/nimble_6096/githubcom_statusimnimranges/.git/config.lock', '/tmp/nimble_6096/githubcom_statusimnimranges/.git/config')
mkdir('ranges', 0x00000000000001ff)
mkdir('tests', 0x00000000000001ff)
rename('/tmp/nimble_6096/githubcom_statusimnimranges/.git/index.lock', '/tmp/nimble_6096/githubcom_statusimnimranges/.git/index')
mkdir('/tmp', 0x00000000000001ff)
mkdir('/tmp/nimblecache', 0x00000000000001ff)
mkdir('/tmp/nimblecache/ranges_3379480295', 0x00000000000001ff)
unlink('/tmp/nimblecache/ranges_3379480295/ranges.ini')
unlink('/tmp/nimble_6096.out')
unlink('/tmp/nimble_6096/githubcom_statusimnimranges/ranges_6096.nims')
mkdir('/home', 0x00000000000001ff)
mkdir('/home/runner', 0x00000000000001ff)
mkdir('/home/runner/.nimble', 0x00000000000001ff)
mkdir('/home/runner/.nimble/pkgs', 0x00000000000001ff)
mkdir('/home/runner/.nimble/pkgs/ranges-0.0.1', 0x00000000000001ff)
mkdir('/home', 0x00000000000001ff)
mkdir('/home/runner', 0x00000000000001ff)
mkdir('/home/runner/.nimble', 0x00000000000001ff)
mkdir('/home/runner/.nimble/pkgs', 0x00000000000001ff)
mkdir('/home/runner/.nimble/pkgs/ranges-0.0.1', 0x00000000000001ff)
chmod('/home/runner/.nimble/pkgs/ranges-0.0.1/ranges.nim', 0x00000000000001a4)
mkdir('/home', 0x00000000000001ff)
mkdir('/home/runner', 0x00000000000001ff)
mkdir('/home/runner/.nimble', 0x00000000000001ff)
mkdir('/home/runner/.nimble/pkgs', 0x00000000000001ff)
mkdir('/home/runner/.nimble/pkgs/ranges-0.0.1', 0x00000000000001ff)
mkdir('/home/runner/.nimble/pkgs/ranges-0.0.1/ranges', 0x00000000000001ff)
chmod('/home/runner/.nimble/pkgs/ranges-0.0.1/ranges/memranges.nim', 0x00000000000001a4)
mkdir('/home', 0x00000000000001ff)
mkdir('/home/runner', 0x00000000000001ff)
mkdir('/home/runner/.nimble', 0x00000000000001ff)
mkdir('/home/runner/.nimble/pkgs', 0x00000000000001ff)
mkdir('/home/runner/.nimble/pkgs/ranges-0.0.1', 0x00000000000001ff)
mkdir('/home/runner/.nimble/pkgs/ranges-0.0.1/ranges', 0x00000000000001ff)
chmod('/home/runner/.nimble/pkgs/ranges-0.0.1/ranges/ptr_arith.nim', 0x00000000000001a4)
mkdir('/home', 0x00000000000001ff)
mkdir('/home/runner', 0x00000000000001ff)
mkdir('/home/runner/.nimble', 0x00000000000001ff)
mkdir('/home/runner/.nimble/pkgs', 0x00000000000001ff)
mkdir('/home/runner/.nimble/pkgs/ranges-0.0.1', 0x00000000000001ff)
mkdir('/home/runner/.nimble/pkgs/ranges-0.0.1/ranges', 0x00000000000001ff)
chmod('/home/runner/.nimble/pkgs/ranges-0.0.1/ranges/stackarrays.nim', 0x00000000000001a4)
mkdir('/home', 0x00000000000001ff)
mkdir('/home/runner', 0x00000000000001ff)
mkdir('/home/runner/.nimble', 0x00000000000001ff)
mkdir('/home/runner/.nimble/pkgs', 0x00000000000001ff)
mkdir('/home/runner/.nimble/pkgs/ranges-0.0.1', 0x00000000000001ff)
mkdir('/home/runner/.nimble/pkgs/ranges-0.0.1/ranges', 0x00000000000001ff)
chmod('/home/runner/.nimble/pkgs/ranges-0.0.1/ranges/bitranges.nim', 0x00000000000001a4)
mkdir('/home', 0x00000000000001ff)
mkdir('/home/runner', 0x00000000000001ff)
mkdir('/home/runner/.nimble', 0x00000000000001ff)
mkdir('/home/runner/.nimble/pkgs', 0x00000000000001ff)
mkdir('/home/runner/.nimble/pkgs/ranges-0.0.1', 0x00000000000001ff)
mkdir('/home/runner/.nimble/pkgs/ranges-0.0.1/ranges', 0x00000000000001ff)
chmod('/home/runner/.nimble/pkgs/ranges-0.0.1/ranges/typedranges.nim', 0x00000000000001a4)
chmod('/home/runner/.nimble/pkgs/ranges-0.0.1/ranges.nimble', 0x00000000000001a4)
mkdir('/tmp', 0x00000000000001ff)
mkdir('/tmp/nimblecache', 0x00000000000001ff)
mkdir('/tmp/nimblecache/ranges_1694516440', 0x00000000000001ff)
unlink('/tmp/nimblecache/ranges_1694516440/ranges.ini')
unlink('/tmp/nimble_6096.out')
unlink('/home/runner/.nimble/pkgs/ranges-0.0.1/ranges_6096.nims')
mkdir('/home', 0x00000000000001ff)
mkdir('/home/runner', 0x00000000000001ff)
mkdir('/home/runner/.cache', 0x00000000000001ff)
mkdir('/home/runner/.cache/nim', 0x00000000000001ff)
mkdir('/home/runner/.cache/nim/rlp_inspect_r', 0x00000000000001ff)
mkdir('/home', 0x00000000000001ff)
mkdir('/home/runner', 0x00000000000001ff)
mkdir('/home/runner/.cache', 0x00000000000001ff)
mkdir('/home/runner/.cache/nim', 0x00000000000001ff)
mkdir('/home/runner/.cache/nim/rlp_inspect_r', 0x00000000000001ff)
mkdir('/home', 0x00000000000001ff)
mkdir('/home/runner', 0x00000000000001ff)
mkdir('/home/runner/.cache', 0x00000000000001ff)
mkdir('/home/runner/.cache/nim', 0x00000000000001ff)
mkdir('/home/runner/.cache/nim/rlp_inspect_r', 0x00000000000001ff)
mkdir('/home', 0x00000000000001ff)
mkdir('/home/runner', 0x00000000000001ff)
mkdir('/home/runner/.cache', 0x00000000000001ff)
mkdir('/home/runner/.cache/nim', 0x00000000000001ff)
mkdir('/home/runner/.cache/nim/rlp_inspect_r', 0x00000000000001ff)
mkdir('/home', 0x00000000000001ff)
mkdir('/home/runner', 0x00000000000001ff)
mkdir('/home/runner/.cache', 0x00000000000001ff)
mkdir('/home/runner/.cache/nim', 0x00000000000001ff)
mkdir('/home/runner/.cache/nim/rlp_inspect_r', 0x00000000000001ff)
mkdir('/home', 0x00000000000001ff)
mkdir('/home/runner', 0x00000000000001ff)
mkdir('/home/runner/.cache', 0x00000000000001ff)
mkdir('/home/runner/.cache/nim', 0x00000000000001ff)
mkdir('/home/runner/.cache/nim/rlp_inspect_r', 0x00000000000001ff)
mkdir('/home', 0x00000000000001ff)
mkdir('/home/runner', 0x00000000000001ff)
mkdir('/home/runner/.cache', 0x00000000000001ff)
mkdir('/home/runner/.cache/nim', 0x00000000000001ff)
mkdir('/home/runner/.cache/nim/rlp_inspect_r', 0x00000000000001ff)
mkdir('/home', 0x00000000000001ff)
mkdir('/home/runner', 0x00000000000001ff)
mkdir('/home/runner/.cache', 0x00000000000001ff)
mkdir('/home/runner/.cache/nim', 0x00000000000001ff)
mkdir('/home/runner/.cache/nim/rlp_inspect_r', 0x00000000000001ff)
mkdir('/home', 0x00000000000001ff)
mkdir('/home/runner', 0x00000000000001ff)
mkdir('/home/runner/.cache', 0x00000000000001ff)
mkdir('/home/runner/.cache/nim', 0x00000000000001ff)
mkdir('/home/runner/.cache/nim/rlp_inspect_r', 0x00000000000001ff)
mkdir('/home', 0x00000000000001ff)
mkdir('/home/runner', 0x00000000000001ff)
mkdir('/home/runner/.cache', 0x00000000000001ff)
mkdir('/home/runner/.cache/nim', 0x00000000000001ff)
mkdir('/home/runner/.cache/nim/rlp_inspect_r', 0x00000000000001ff)
mkdir('/home', 0x00000000000001ff)
mkdir('/home/runner', 0x00000000000001ff)
mkdir('/home/runner/.cache', 0x00000000000001ff)
mkdir('/home/runner/.cache/nim', 0x00000000000001ff)
mkdir('/home/runner/.cache/nim/rlp_inspect_r', 0x00000000000001ff)
mkdir('/home', 0x00000000000001ff)
mkdir('/home/runner', 0x00000000000001ff)
mkdir('/home/runner/.cache', 0x00000000000001ff)
mkdir('/home/runner/.cache/nim', 0x00000000000001ff)
mkdir('/home/runner/.cache/nim/rlp_inspect_r', 0x00000000000001ff)
mkdir('/home', 0x00000000000001ff)
mkdir('/home/runner', 0x00000000000001ff)
mkdir('/home/runner/.cache', 0x00000000000001ff)
mkdir('/home/runner/.cache/nim', 0x00000000000001ff)
mkdir('/home/runner/.cache/nim/rlp_inspect_r', 0x00000000000001ff)
mkdir('/home', 0x00000000000001ff)
mkdir('/home/runner', 0x00000000000001ff)
mkdir('/home/runner/.cache', 0x00000000000001ff)
mkdir('/home/runner/.cache/nim', 0x00000000000001ff)
mkdir('/home/runner/.cache/nim/rlp_inspect_r', 0x00000000000001ff)
mkdir('/home', 0x00000000000001ff)
mkdir('/home/runner', 0x00000000000001ff)
mkdir('/home/runner/.cache', 0x00000000000001ff)
mkdir('/home/runner/.cache/nim', 0x00000000000001ff)
mkdir('/home/runner/.cache/nim/rlp_inspect_r', 0x00000000000001ff)
mkdir('/home', 0x00000000000001ff)
mkdir('/home/runner', 0x00000000000001ff)
mkdir('/home/runner/.cache', 0x00000000000001ff)
mkdir('/home/runner/.cache/nim', 0x00000000000001ff)
mkdir('/home/runner/.cache/nim/rlp_inspect_r', 0x00000000000001ff)
mkdir('/home', 0x00000000000001ff)
mkdir('/home/runner', 0x00000000000001ff)
mkdir('/home/runner/.cache', 0x00000000000001ff)
mkdir('/home/runner/.cache/nim', 0x00000000000001ff)
mkdir('/home/runner/.cache/nim/rlp_inspect_r', 0x00000000000001ff)
mkdir('/home', 0x00000000000001ff)
mkdir('/home/runner', 0x00000000000001ff)
mkdir('/home/runner/.cache', 0x00000000000001ff)
mkdir('/home/runner/.cache/nim', 0x00000000000001ff)
mkdir('/home/runner/.cache/nim/rlp_inspect_r', 0x00000000000001ff)
mkdir('/home', 0x00000000000001ff)
mkdir('/home/runner', 0x00000000000001ff)
mkdir('/home/runner/.cache', 0x00000000000001ff)
mkdir('/home/runner/.cache/nim', 0x00000000000001ff)
mkdir('/home/runner/.cache/nim/rlp_inspect_r', 0x00000000000001ff)
mkdir('/home', 0x00000000000001ff)
mkdir('/home/runner', 0x00000000000001ff)
mkdir('/home/runner/.cache', 0x00000000000001ff)
mkdir('/home/runner/.cache/nim', 0x00000000000001ff)
mkdir('/home/runner/.cache/nim/rlp_inspect_r', 0x00000000000001ff)
mkdir('/home', 0x00000000000001ff)
mkdir('/home/runner', 0x00000000000001ff)
mkdir('/home/runner/.cache', 0x00000000000001ff)
mkdir('/home/runner/.cache/nim', 0x00000000000001ff)
mkdir('/home/runner/.cache/nim/rlp_inspect_r', 0x00000000000001ff)
mkdir('/home', 0x00000000000001ff)
mkdir('/home/runner', 0x00000000000001ff)
mkdir('/home/runner/.cache', 0x00000000000001ff)
mkdir('/home/runner/.cache/nim', 0x00000000000001ff)
mkdir('/home/runner/.cache/nim/rlp_inspect_r', 0x00000000000001ff)
mkdir('/home', 0x00000000000001ff)
mkdir('/home/runner', 0x00000000000001ff)
mkdir('/home/runner/.cache', 0x00000000000001ff)
mkdir('/home/runner/.cache/nim', 0x00000000000001ff)
mkdir('/home/runner/.cache/nim/rlp_inspect_r', 0x00000000000001ff)
mkdir('/home', 0x00000000000001ff)
mkdir('/home/runner', 0x00000000000001ff)
mkdir('/home/runner/.cache', 0x00000000000001ff)
mkdir('/home/runner/.cache/nim', 0x00000000000001ff)
mkdir('/home/runner/.cache/nim/rlp_inspect_r', 0x00000000000001ff)
mkdir('/home', 0x00000000000001ff)
mkdir('/home/runner', 0x00000000000001ff)
mkdir('/home/runner/.cache', 0x00000000000001ff)
mkdir('/home/runner/.cache/nim', 0x00000000000001ff)
mkdir('/home/runner/.cache/nim/rlp_inspect_r', 0x00000000000001ff)
mkdir('/home', 0x00000000000001ff)
mkdir('/home/runner', 0x00000000000001ff)
mkdir('/home/runner/.cache', 0x00000000000001ff)
mkdir('/home/runner/.cache/nim', 0x00000000000001ff)
mkdir('/home/runner/.cache/nim/rlp_inspect_r', 0x00000000000001ff)
mkdir('/home', 0x00000000000001ff)
mkdir('/home/runner', 0x00000000000001ff)
mkdir('/home/runner/.cache', 0x00000000000001ff)
mkdir('/home/runner/.cache/nim', 0x00000000000001ff)
mkdir('/home/runner/.cache/nim/rlp_inspect_r', 0x00000000000001ff)
mkdir('/home', 0x00000000000001ff)
mkdir('/home/runner', 0x00000000000001ff)
mkdir('/home/runner/.cache', 0x00000000000001ff)
mkdir('/home/runner/.cache/nim', 0x00000000000001ff)
mkdir('/home/runner/.cache/nim/rlp_inspect_r', 0x00000000000001ff)
mkdir('/home', 0x00000000000001ff)
mkdir('/home/runner', 0x00000000000001ff)
mkdir('/home/runner/.cache', 0x00000000000001ff)
mkdir('/home/runner/.cache/nim', 0x00000000000001ff)
mkdir('/home/runner/.cache/nim/rlp_inspect_r', 0x00000000000001ff)
mkdir('/home', 0x00000000000001ff)
mkdir('/home/runner', 0x00000000000001ff)
mkdir('/home/runner/.cache', 0x00000000000001ff)
mkdir('/home/runner/.cache/nim', 0x00000000000001ff)
mkdir('/home/runner/.cache/nim/rlp_inspect_r', 0x00000000000001ff)
mkdir('/home', 0x00000000000001ff)
mkdir('/home/runner', 0x00000000000001ff)
mkdir('/home/runner/.cache', 0x00000000000001ff)
mkdir('/home/runner/.cache/nim', 0x00000000000001ff)
mkdir('/home/runner/.cache/nim/rlp_inspect_r', 0x00000000000001ff)
mkdir('/home', 0x00000000000001ff)
mkdir('/home/runner', 0x00000000000001ff)
mkdir('/home/runner/.cache', 0x00000000000001ff)
mkdir('/home/runner/.cache/nim', 0x00000000000001ff)
mkdir('/home/runner/.cache/nim/rlp_inspect_r', 0x00000000000001ff)
mkdir('/home', 0x00000000000001ff)
mkdir('/home/runner', 0x00000000000001ff)
mkdir('/home/runner/.cache', 0x00000000000001ff)
mkdir('/home/runner/.cache/nim', 0x00000000000001ff)
mkdir('/home/runner/.cache/nim/rlp_inspect_r', 0x00000000000001ff)
mkdir('/home', 0x00000000000001ff)
mkdir('/home/runner', 0x00000000000001ff)
mkdir('/home/runner/.cache', 0x00000000000001ff)
mkdir('/home/runner/.cache/nim', 0x00000000000001ff)
mkdir('/home/runner/.cache/nim/rlp_inspect_r', 0x00000000000001ff)
mkdir('/home', 0x00000000000001ff)
mkdir('/home/runner', 0x00000000000001ff)
mkdir('/home/runner/.cache', 0x00000000000001ff)
mkdir('/home/runner/.cache/nim', 0x00000000000001ff)
mkdir('/home/runner/.cache/nim/rlp_inspect_r', 0x00000000000001ff)
mkdir('/home', 0x00000000000001ff)
mkdir('/home/runner', 0x00000000000001ff)
mkdir('/home/runner/.cache', 0x00000000000001ff)
mkdir('/home/runner/.cache/nim', 0x00000000000001ff)
mkdir('/home/runner/.cache/nim/rlp_inspect_r', 0x00000000000001ff)
mkdir('/home', 0x00000000000001ff)
mkdir('/home/runner', 0x00000000000001ff)
mkdir('/home/runner/.cache', 0x00000000000001ff)
mkdir('/home/runner/.cache/nim', 0x00000000000001ff)
mkdir('/home/runner/.cache/nim/rlp_inspect_r', 0x00000000000001ff)
mkdir('/home', 0x00000000000001ff)
mkdir('/home/runner', 0x00000000000001ff)
mkdir('/home/runner/.cache', 0x00000000000001ff)
mkdir('/home/runner/.cache/nim', 0x00000000000001ff)
mkdir('/home/runner/.cache/nim/rlp_inspect_r', 0x00000000000001ff)
mkdir('/home', 0x00000000000001ff)
mkdir('/home/runner', 0x00000000000001ff)
mkdir('/home/runner/.cache', 0x00000000000001ff)
mkdir('/home/runner/.cache/nim', 0x00000000000001ff)
mkdir('/home/runner/.cache/nim/rlp_inspect_r', 0x00000000000001ff)
mkdir('/home', 0x00000000000001ff)
mkdir('/home/runner', 0x00000000000001ff)
mkdir('/home/runner/.cache', 0x00000000000001ff)
mkdir('/home/runner/.cache/nim', 0x00000000000001ff)
mkdir('/home/runner/.cache/nim/rlp_inspect_r', 0x00000000000001ff)
mkdir('/home', 0x00000000000001ff)
mkdir('/home/runner', 0x00000000000001ff)
mkdir('/home/runner/.cache', 0x00000000000001ff)
mkdir('/home/runner/.cache/nim', 0x00000000000001ff)
mkdir('/home/runner/.cache/nim/rlp_inspect_r', 0x00000000000001ff)
mkdir('/home', 0x00000000000001ff)
mkdir('/home/runner', 0x00000000000001ff)
mkdir('/home/runner/.cache', 0x00000000000001ff)
mkdir('/home/runner/.cache/nim', 0x00000000000001ff)
mkdir('/home/runner/.cache/nim/rlp_inspect_r', 0x00000000000001ff)
mkdir('/home', 0x00000000000001ff)
mkdir('/home/runner', 0x00000000000001ff)
mkdir('/home/runner/.cache', 0x00000000000001ff)
mkdir('/home/runner/.cache/nim', 0x00000000000001ff)
mkdir('/home/runner/.cache/nim/rlp_inspect_r', 0x00000000000001ff)
mkdir('/home', 0x00000000000001ff)
mkdir('/home/runner', 0x00000000000001ff)
mkdir('/home/runner/.cache', 0x00000000000001ff)
mkdir('/home/runner/.cache/nim', 0x00000000000001ff)
mkdir('/home/runner/.cache/nim/rlp_inspect_r', 0x00000000000001ff)
mkdir('/home', 0x00000000000001ff)
mkdir('/home/runner', 0x00000000000001ff)
mkdir('/home/runner/.cache', 0x00000000000001ff)
mkdir('/home/runner/.cache/nim', 0x00000000000001ff)
mkdir('/home/runner/.cache/nim/rlp_inspect_r', 0x00000000000001ff)
mkdir('/home', 0x00000000000001ff)
mkdir('/home/runner', 0x00000000000001ff)
mkdir('/home/runner/.cache', 0x00000000000001ff)
mkdir('/home/runner/.cache/nim', 0x00000000000001ff)
mkdir('/home/runner/.cache/nim/rlp_inspect_r', 0x00000000000001ff)
mkdir('/home', 0x00000000000001ff)
mkdir('/home/runner', 0x00000000000001ff)
mkdir('/home/runner/.cache', 0x00000000000001ff)
mkdir('/home/runner/.cache/nim', 0x00000000000001ff)
mkdir('/home/runner/.cache/nim/rlp_inspect_r', 0x00000000000001ff)
mkdir('/home', 0x00000000000001ff)
mkdir('/home/runner', 0x00000000000001ff)
mkdir('/home/runner/.cache', 0x00000000000001ff)
mkdir('/home/runner/.cache/nim', 0x00000000000001ff)
mkdir('/home/runner/.cache/nim/rlp_inspect_r', 0x00000000000001ff)
mkdir('/home', 0x00000000000001ff)
mkdir('/home/runner', 0x00000000000001ff)
mkdir('/home/runner/.cache', 0x00000000000001ff)
mkdir('/home/runner/.cache/nim', 0x00000000000001ff)
mkdir('/home/runner/.cache/nim/rlp_inspect_r', 0x00000000000001ff)
mkdir('/home', 0x00000000000001ff)
mkdir('/home/runner', 0x00000000000001ff)
mkdir('/home/runner/.cache', 0x00000000000001ff)
mkdir('/home/runner/.cache/nim', 0x00000000000001ff)
mkdir('/home/runner/.cache/nim/rlp_inspect_r', 0x00000000000001ff)
mkdir('/home', 0x00000000000001ff)
mkdir('/home/runner', 0x00000000000001ff)
mkdir('/home/runner/.cache', 0x00000000000001ff)
mkdir('/home/runner/.cache/nim', 0x00000000000001ff)
mkdir('/home/runner/.cache/nim/rlp_inspect_r', 0x00000000000001ff)
mkdir('/home', 0x00000000000001ff)
mkdir('/home/runner', 0x00000000000001ff)
mkdir('/home/runner/.cache', 0x00000000000001ff)
mkdir('/home/runner/.cache/nim', 0x00000000000001ff)
mkdir('/home/runner/.cache/nim/rlp_inspect_r', 0x00000000000001ff)
mkdir('/home', 0x00000000000001ff)
mkdir('/home/runner', 0x00000000000001ff)
mkdir('/home/runner/.cache', 0x00000000000001ff)
mkdir('/home/runner/.cache/nim', 0x00000000000001ff)
mkdir('/home/runner/.cache/nim/rlp_inspect_r', 0x00000000000001ff)
mkdir('/home', 0x00000000000001ff)
mkdir('/home/runner', 0x00000000000001ff)
mkdir('/home/runner/.cache', 0x00000000000001ff)
mkdir('/home/runner/.cache/nim', 0x00000000000001ff)
mkdir('/home/runner/.cache/nim/rlp_inspect_r', 0x00000000000001ff)
mkdir('/home', 0x00000000000001ff)
mkdir('/home/runner', 0x00000000000001ff)
mkdir('/home/runner/.cache', 0x00000000000001ff)
mkdir('/home/runner/.cache/nim', 0x00000000000001ff)
mkdir('/home/runner/.cache/nim/rlp_inspect_r', 0x00000000000001ff)
mkdir('/home', 0x00000000000001ff)
mkdir('/home/runner', 0x00000000000001ff)
mkdir('/home/runner/.cache', 0x00000000000001ff)
mkdir('/home/runner/.cache/nim', 0x00000000000001ff)
mkdir('/home/runner/.cache/nim/rlp_inspect_r', 0x00000000000001ff)
mkdir('/home', 0x00000000000001ff)
mkdir('/home/runner', 0x00000000000001ff)
mkdir('/home/runner/.cache', 0x00000000000001ff)
mkdir('/home/runner/.cache/nim', 0x00000000000001ff)
mkdir('/home/runner/.cache/nim/rlp_inspect_r', 0x00000000000001ff)
mkdir('/home', 0x00000000000001ff)
mkdir('/home/runner', 0x00000000000001ff)
mkdir('/home/runner/.cache', 0x00000000000001ff)
mkdir('/home/runner/.cache/nim', 0x00000000000001ff)
mkdir('/home/runner/.cache/nim/rlp_inspect_r', 0x00000000000001ff)
mkdir('/home', 0x00000000000001ff)
mkdir('/home/runner', 0x00000000000001ff)
mkdir('/home/runner/.cache', 0x00000000000001ff)
mkdir('/home/runner/.cache/nim', 0x00000000000001ff)
mkdir('/home/runner/.cache/nim/rlp_inspect_r', 0x00000000000001ff)
mkdir('/home', 0x00000000000001ff)
mkdir('/home/runner', 0x00000000000001ff)
mkdir('/home/runner/.cache', 0x00000000000001ff)
mkdir('/home/runner/.cache/nim', 0x00000000000001ff)
mkdir('/home/runner/.cache/nim/rlp_inspect_r', 0x00000000000001ff)
mkdir('/home', 0x00000000000001ff)
mkdir('/home/runner', 0x00000000000001ff)
mkdir('/home/runner/.cache', 0x00000000000001ff)
mkdir('/home/runner/.cache/nim', 0x00000000000001ff)
mkdir('/home/runner/.cache/nim/rlp_inspect_r', 0x00000000000001ff)
mkdir('/home', 0x00000000000001ff)
mkdir('/home/runner', 0x00000000000001ff)
mkdir('/home/runner/.cache', 0x00000000000001ff)
mkdir('/home/runner/.cache/nim', 0x00000000000001ff)
mkdir('/home/runner/.cache/nim/rlp_inspect_r', 0x00000000000001ff)
mkdir('/home', 0x00000000000001ff)
mkdir('/home/runner', 0x00000000000001ff)
mkdir('/home/runner/.cache', 0x00000000000001ff)
mkdir('/home/runner/.cache/nim', 0x00000000000001ff)
mkdir('/home/runner/.cache/nim/rlp_inspect_r', 0x00000000000001ff)
mkdir('/home', 0x00000000000001ff)
mkdir('/home/runner', 0x00000000000001ff)
mkdir('/home/runner/.cache', 0x00000000000001ff)
mkdir('/home/runner/.cache/nim', 0x00000000000001ff)
mkdir('/home/runner/.cache/nim/rlp_inspect_r', 0x00000000000001ff)
mkdir('/home', 0x00000000000001ff)
mkdir('/home/runner', 0x00000000000001ff)
mkdir('/home/runner/.cache', 0x00000000000001ff)
mkdir('/home/runner/.cache/nim', 0x00000000000001ff)
mkdir('/home/runner/.cache/nim/rlp_inspect_r', 0x00000000000001ff)
mkdir('/home', 0x00000000000001ff)
mkdir('/home/runner', 0x00000000000001ff)
mkdir('/home/runner/.cache', 0x00000000000001ff)
mkdir('/home/runner/.cache/nim', 0x00000000000001ff)
mkdir('/home/runner/.cache/nim/rlp_inspect_r', 0x00000000000001ff)
mkdir('/home', 0x00000000000001ff)
mkdir('/home/runner', 0x00000000000001ff)
mkdir('/home/runner/.cache', 0x00000000000001ff)
mkdir('/home/runner/.cache/nim', 0x00000000000001ff)
mkdir('/home/runner/.cache/nim/rlp_inspect_r', 0x00000000000001ff)
mkdir('/home', 0x00000000000001ff)
mkdir('/home/runner', 0x00000000000001ff)
mkdir('/home/runner/.cache', 0x00000000000001ff)
mkdir('/home/runner/.cache/nim', 0x00000000000001ff)
mkdir('/home/runner/.cache/nim/rlp_inspect_r', 0x00000000000001ff)
unlink('/tmp/ccWTTCGe.s')
unlink('/tmp/ccDvW5de.s')
unlink('/tmp/ccoffng3.s')
unlink('/tmp/ccLlVKDf.s')
unlink('/tmp/ccm35fAT.s')
unlink('/tmp/ccRbVkvO.s')
unlink('/tmp/ccWFH2BC.s')
unlink('/tmp/ccNRgPWU.s')
unlink('/tmp/ccAeZyaq.s')
unlink('/tmp/ccSdI1oF.s')
mkdir('/tmp', 0x00000000000001ff)
mkdir('/tmp/nimble_6096', 0x00000000000001ff)
mkdir('/tmp/nimble_6096/githubcom_statusimnimrlp', 0x00000000000001ff)
mkdir('/tmp/nimble_6096/githubcom_statusimnimrlp/rlp', 0x00000000000001ff)
mkdir('/tmp/nimble_6096/githubcom_statusimnimrlp/rlp/bin', 0x00000000000001ff)
chmod(94490573795952, 0x00000000000001ed)
Error tracing process: readBytes(0x000055f04d15f270, 256) error: [Errno 5] Input/output error.
