      Info: Package cache path /home/runner/.nimble/pkgcache
     Info:  Nimble data file "/home/runner/.nimble/nimbledata2.json" has been loaded.
    Reading official package list
Downloading https://github.com/status-im/nim-ethers using git
    Cloning latest tagged version: 2.0.0
open('/workspace/destdir/ssl/openssl.cnf', 32768, 0x00000000000001b6)
open('/home/runner/.config/nimble/nimble.ini', 557056, 0x00000000000001b6)
open('/home/runner/.config/babel/babel.ini', 557056, 0x00000000000001b6)
writev(1, 0x00007ffc6a5a9160, 2)
open('/home/runner/.nimble/nimbledata2.json', 557056, 0x00000000000001b6)
writev(1, 0x00007ffc6a5a9230, 2)
writev(1, 0x00007ffd9be8d620, 2)
writev(1, 0x00007ffd9be8d6b0, 2)
writev(1, 0x00007ffd9be8d6b0, 2)
writev(1, 0x00007ffd9be8d6b0, 2)
writev(1, 0x00007ffc6a5a7c60, 2)
open('/home/runner/.nimble/packages_official.json', 557056, 0x00000000000001b6)
mkdir('/home/', 0x00000000000001ff)
mkdir('/home/runner/', 0x00000000000001ff)
mkdir('/home/runner/.nimble/', 0x00000000000001ff)
mkdir('/home/runner/.nimble/pkgcache/', 0x00000000000001ff)
mkdir('/home/runner/.nimble/pkgcache/githubcom_statusimnimethers', 0x00000000000001ff)
open('/home/runner/.nimble/pkgcache/githubcom_statusimnimethers', 622592, 0x0000000000000000)
writev(1, 0x00007ffc6a5a7ca0, 2)
open('/home/runner/.nimble/pkgcache/githubcom_statusimnimethers', 622592, 0x0000000000000000)
rmdir('/home/runner/.nimble/pkgcache/githubcom_statusimnimethers')
writev(1, 0x00007ffc6a5a7b90, 2)
mkdir(94918461253632, 0x00000000000001ff)
Error tracing process: readBytes(0x00005653ed2a6800, 256) error: [Errno 5] Input/output error.
