      Info: Package cache path /home/runner/.nimble/pkgcache
     Info:  Nimble data file "/home/runner/.nimble/nimbledata2.json" has been loaded.
    Reading official package list
Downloading https://github.com/juancarlospaco/nim-euclidean using git
   Warning: The package has no tagged releases, downloading HEAD instead.
open('/workspace/destdir/ssl/openssl.cnf', 32768, 0x00000000000001b6)
open('/home/runner/.config/nimble/nimble.ini', 557056, 0x00000000000001b6)
open('/home/runner/.config/babel/babel.ini', 557056, 0x00000000000001b6)
writev(1, 0x00007ffcbb4b5510, 2)
open('/home/runner/.nimble/nimbledata2.json', 557056, 0x00000000000001b6)
writev(1, 0x00007ffcbb4b55e0, 2)
writev(1, 0x00007ffe69c32090, 2)
writev(1, 0x00007ffe69c32120, 2)
writev(1, 0x00007ffe69c32120, 2)
writev(1, 0x00007ffe69c32120, 2)
writev(1, 0x00007ffcbb4b4010, 2)
open('/home/runner/.nimble/packages_official.json', 557056, 0x00000000000001b6)
mkdir('/home/', 0x00000000000001ff)
mkdir('/home/runner/', 0x00000000000001ff)
mkdir('/home/runner/.nimble/', 0x00000000000001ff)
mkdir('/home/runner/.nimble/pkgcache/', 0x00000000000001ff)
mkdir('/home/runner/.nimble/pkgcache/githubcom_juancarlospaconimeuclidean', 0x00000000000001ff)
open('/home/runner/.nimble/pkgcache/githubcom_juancarlospaconimeuclidean', 622592, 0x0000000000000000)
writev(1, 0x00007ffcbb4b4050, 2)
open('/home/runner/.nimble/pkgcache/githubcom_juancarlospaconimeuclidean', 622592, 0x0000000000000000)
rmdir('/home/runner/.nimble/pkgcache/githubcom_juancarlospaconimeuclidean')
writev(1, 0x00007ffcbb4b3f40, 2)
mkdir(94835776444352, 0x00000000000001ff)
Error tracing process: readBytes(0x00005640acc457c0, 256) error: [Errno 5] Input/output error.
