     Info:  Nimble data file "/home/runner/.nimble/nimbledata2.json" has been loaded.
    Reading official package list
   Warning: The euphony package has been renamed to slappy
    Reading official package list
Downloading https://github.com/treeform/slappy using git
    Cloning latest tagged version: 0.3.3
open('/workspace/destdir/ssl/openssl.cnf', 32768, 0x00000000000001b6)
open('/home/runner/.config/nimble/nimble.ini', 557056, 0x00000000000001b6)
open('/home/runner/.config/babel/babel.ini', 557056, 0x00000000000001b6)
open('/home/runner/.nimble/nimbledata2.json', 557056, 0x00000000000001b6)
writev(1, 0x00007ffc1d95d340, 2)
open('/home/runner/work/nim_packages_security_audit/nim_packages_security_audit', 622592, 0x0000000000000000)
writev(1, 0x00007ffc1d95bf70, 2)
open('/home/runner/.nimble/packages_official.json', 557056, 0x00000000000001b6)
writev(1, 0x00007ffc1d95bf10, 2)
writev(1, 0x00007ffc1d95bcb0, 2)
mkdir('/tmp/', 0x00000000000001ff)
mkdir('/tmp/nimble_2591/', 0x00000000000001ff)
mkdir('/tmp/nimble_2591/githubcom_treeformslappy', 0x00000000000001ff)
open('/tmp/nimble_2591/githubcom_treeformslappy', 622592, 0x0000000000000000)
writev(1, 0x00007ffc1d95c030, 2)
open('/tmp/nimble_2591/githubcom_treeformslappy', 622592, 0x0000000000000000)
rmdir('/tmp/nimble_2591/githubcom_treeformslappy')
writev(1, 0x00007ffc1d95bf20, 2)
mkdir(94451642463648, 0x00000000000001ff)
Error tracing process: readBytes(0x000055e73c98f5a0, 256) error: [Errno 5] Input/output error.
