     Info:  Nimble data file "/home/runner/.nimble/nimbledata2.json" has been loaded.
    Reading official package list
Downloading https://github.com/nim-lang/expat using git
   Warning: The package has no tagged releases, downloading HEAD instead.
open('/workspace/destdir/ssl/openssl.cnf', 32768, 0x00000000000001b6)
open('/home/runner/.config/nimble/nimble.ini', 557056, 0x00000000000001b6)
open('/home/runner/.config/babel/babel.ini', 557056, 0x00000000000001b6)
open('/home/runner/.nimble/nimbledata2.json', 557056, 0x00000000000001b6)
writev(1, 0x00007ffd1de123d0, 2)
open('/home/runner/work/nim_packages_security_audit/nim_packages_security_audit', 622592, 0x0000000000000000)
writev(1, 0x00007ffd1de11000, 2)
open('/home/runner/.nimble/packages_official.json', 557056, 0x00000000000001b6)
mkdir('/tmp/', 0x00000000000001ff)
mkdir('/tmp/nimble_2309/', 0x00000000000001ff)
mkdir('/tmp/nimble_2309/githubcom_nimlangexpat', 0x00000000000001ff)
open('/tmp/nimble_2309/githubcom_nimlangexpat', 622592, 0x0000000000000000)
writev(1, 0x00007ffd1de110c0, 2)
open('/tmp/nimble_2309/githubcom_nimlangexpat', 622592, 0x0000000000000000)
rmdir('/tmp/nimble_2309/githubcom_nimlangexpat')
writev(1, 0x00007ffd1de10fb0, 2)
mkdir(94350860781664, 0x00000000000001ff)
Error tracing process: readBytes(0x000055cfc58a8860, 256) error: [Errno 5] Input/output error.
