      Info: Package cache path /home/runner/.nimble/pkgcache
     Info:  Nimble data file "/home/runner/.nimble/nimbledata2.json" has been loaded.
    Reading official package list
Downloading https://codeberg.org/penguinite/expect using git
    Cloning latest tagged version: v0.2.0
open('/workspace/destdir/ssl/openssl.cnf', 32768, 0x00000000000001b6)
open('/home/runner/.config/nimble/nimble.ini', 557056, 0x00000000000001b6)
open('/home/runner/.config/babel/babel.ini', 557056, 0x00000000000001b6)
writev(1, 0x00007ffdc5609240, 2)
open('/home/runner/.nimble/nimbledata2.json', 557056, 0x00000000000001b6)
writev(1, 0x00007ffdc5609310, 2)
writev(1, 0x00007ffee28f35a0, 2)
writev(1, 0x00007ffee28f3630, 2)
writev(1, 0x00007ffee28f3630, 2)
writev(1, 0x00007ffee28f3630, 2)
writev(1, 0x00007ffdc5607d40, 2)
open('/home/runner/.nimble/packages_official.json', 557056, 0x00000000000001b6)
mkdir('/home/', 0x00000000000001ff)
mkdir('/home/runner/', 0x00000000000001ff)
mkdir('/home/runner/.nimble/', 0x00000000000001ff)
mkdir('/home/runner/.nimble/pkgcache/', 0x00000000000001ff)
mkdir('/home/runner/.nimble/pkgcache/codebergorg_penguiniteexpect', 0x00000000000001ff)
open('/home/runner/.nimble/pkgcache/codebergorg_penguiniteexpect', 622592, 0x0000000000000000)
writev(1, 0x00007ffdc5607d80, 2)
open('/home/runner/.nimble/pkgcache/codebergorg_penguiniteexpect', 622592, 0x0000000000000000)
rmdir('/home/runner/.nimble/pkgcache/codebergorg_penguiniteexpect')
writev(1, 0x00007ffdc5607c70, 2)
mkdir(94490569353216, 0x00000000000001ff)
Error tracing process: readBytes(0x000055f04cd22800, 256) error: [Errno 5] Input/output error.
