      Info: Package cache path /home/runner/.nimble/pkgcache
     Info:  Nimble data file "/home/runner/.nimble/nimbledata2.json" has been loaded.
    Reading official package list
Downloading https://github.com/achesak/extmath.nim using git
download.nim(94)         getTagsListRemote

    Error:  Unable to query remote tags for https://github.com/achesak/extmath.nim . Git returned: remote: Repository not found.
        ... fatal: repository 'https://github.com/achesak/extmath.nim/' not found
     Info:  Nimble data file "/home/runner/.nimble/nimbledata2.json" has been saved.
open('/workspace/destdir/ssl/openssl.cnf', 32768, 0x00000000000001b6)
open('/home/runner/.config/nimble/nimble.ini', 557056, 0x00000000000001b6)
open('/home/runner/.config/babel/babel.ini', 557056, 0x00000000000001b6)
writev(1, 0x00007fff8ed15060, 2)
open('/home/runner/.nimble/nimbledata2.json', 557056, 0x00000000000001b6)
writev(1, 0x00007fff8ed15130, 2)
writev(1, 0x00007ffcb37e8a90, 2)
writev(1, 0x00007ffcb37e8b20, 2)
writev(1, 0x00007ffcb37e8b20, 2)
writev(1, 0x00007ffcb37e8b20, 2)
writev(1, 0x00007fff8ed13b60, 2)
open('/home/runner/.nimble/packages_official.json', 557056, 0x00000000000001b6)
mkdir('/home/', 0x00000000000001ff)
mkdir('/home/runner/', 0x00000000000001ff)
mkdir('/home/runner/.nimble/', 0x00000000000001ff)
mkdir('/home/runner/.nimble/pkgcache/', 0x00000000000001ff)
mkdir('/home/runner/.nimble/pkgcache/githubcom_achesakextmathnim', 0x00000000000001ff)
open('/home/runner/.nimble/pkgcache/githubcom_achesakextmathnim', 622592, 0x0000000000000000)
writev(1, 0x00007fff8ed13ba0, 2)
open('/home/runner/.nimble/pkgcache/githubcom_achesakextmathnim', 622592, 0x0000000000000000)
rmdir('/home/runner/.nimble/pkgcache/githubcom_achesakextmathnim')
writev(1, 0x00007fff8ed15250, 2)
writev(1, 0x00007fff8ed15120, 2)
writev(1, 0x00007fff8ed15120, 2)
open('/tmp/nimble_2500', 622592, 0x0000000000000000)
rmdir('/tmp/nimble_2500')
open('/home/runner/.nimble/nimbledata2.json', 557633, 0x00000000000001b6)
writev(3, 0x00007fff8ed15120, 2)
writev(1, 0x00007fff8ed15110, 2)
  create directory /home
  create directory /home/runner
  create directory /home/runner/.nimble
  create directory /home/runner/.nimble/pkgcache
  create directory /home/runner/.nimble/pkgcache/githubcom_achesakextmathnim
  delete /home/runner/.nimble/pkgcache/githubcom_achesakextmathnim
  delete /tmp/nimble_2500
  truncate file /home/runner/.nimble/nimbledata2.json
