    Reading official package list
Downloading https://github.com/icyphox/fab using git
    Cloning latest tagged version: v0.4.4
       Info /tmp/nimble_13845/githubcom_icyphoxfab/fab_13845.nims(1, 8) Warning: imported and not used: 'system' [UnusedImport]
        ... /tmp/nimble_13845/githubcom_icyphoxfab/fab_13845.nims(5, 22) Warning: imported and not used: 'strutils' [UnusedImport]
  Verifying dependencies for fab@0.4.3
 Installing fab@0.4.3
    Copying file /tmp/nimble_13845/githubcom_icyphoxfab/src/fab.nim to /home/runner/.nimble/pkgs/fab-0.4.3/fab.nim
    Copying file /tmp/nimble_13845/githubcom_icyphoxfab/fab.nimble to /home/runner/.nimble/pkgs/fab-0.4.3/fab.nimble
   Success: fab installed successfully.
       Info /home/runner/.nimble/pkgs/fab-0.4.3/fab_13845.nims(1, 8) Warning: imported and not used: 'system' [UnusedImport]
        ... /home/runner/.nimble/pkgs/fab-0.4.3/fab_13845.nims(5, 22) Warning: imported and not used: 'strutils' [UnusedImport]
mkdir('/tmp', 0x00000000000001ff)
mkdir('/tmp/nimble_13845', 0x00000000000001ff)
mkdir('/tmp/nimble_13845/githubcom_icyphoxfab', 0x00000000000001ff)
rmdir('/tmp/nimble_13845/githubcom_icyphoxfab')
mkdir('/tmp/nimble_13845/githubcom_icyphoxfab', 0x00000000000001ff)
mkdir('/tmp/nimble_13845/githubcom_icyphoxfab/.git', 0x00000000000001ff)
mkdir('/tmp/nimble_13845/githubcom_icyphoxfab/.git/', 0x00000000000001ff)
mkdir('/tmp/nimble_13845/githubcom_icyphoxfab/.git/info/', 0x00000000000001ff)
mkdir('/tmp/nimble_13845/githubcom_icyphoxfab/.git/branches/', 0x00000000000001ff)
mkdir('/tmp/nimble_13845/githubcom_icyphoxfab/.git/hooks/', 0x00000000000001ff)
mkdir('/tmp/nimble_13845/githubcom_icyphoxfab/.git/refs', 0x00000000000001ff)
mkdir('/tmp/nimble_13845/githubcom_icyphoxfab/.git/refs/heads', 0x00000000000001ff)
mkdir('/tmp/nimble_13845/githubcom_icyphoxfab/.git/refs/tags', 0x00000000000001ff)
rename('/tmp/nimble_13845/githubcom_icyphoxfab/.git/HEAD.lock', '/tmp/nimble_13845/githubcom_icyphoxfab/.git/HEAD')
rename('/tmp/nimble_13845/githubcom_icyphoxfab/.git/config.lock', '/tmp/nimble_13845/githubcom_icyphoxfab/.git/config')
chmod('/tmp/nimble_13845/githubcom_icyphoxfab/.git/config', 0x00000000000081e4)
chmod('/tmp/nimble_13845/githubcom_icyphoxfab/.git/config', 0x00000000000081a4)
chmod('/tmp/nimble_13845/githubcom_icyphoxfab/.git/config.lock', 0x00000000000001a4)
rename('/tmp/nimble_13845/githubcom_icyphoxfab/.git/config.lock', '/tmp/nimble_13845/githubcom_icyphoxfab/.git/config')
chmod('/tmp/nimble_13845/githubcom_icyphoxfab/.git/config.lock', 0x00000000000001a4)
rename('/tmp/nimble_13845/githubcom_icyphoxfab/.git/config.lock', '/tmp/nimble_13845/githubcom_icyphoxfab/.git/config')
chmod('/tmp/nimble_13845/githubcom_icyphoxfab/.git/config.lock', 0x00000000000001a4)
rename('/tmp/nimble_13845/githubcom_icyphoxfab/.git/config.lock', '/tmp/nimble_13845/githubcom_icyphoxfab/.git/config')
unlink('/tmp/nimble_13845/githubcom_icyphoxfab/.git/tIltKrW')
symlink('testing', '/tmp/nimble_13845/githubcom_icyphoxfab/.git/tIltKrW')
unlink('/tmp/nimble_13845/githubcom_icyphoxfab/.git/tIltKrW')
mkdir('/tmp/nimble_13845/githubcom_icyphoxfab/.git/objects', 0x00000000000001ff)
mkdir('/tmp/nimble_13845/githubcom_icyphoxfab/.git/objects/pack', 0x00000000000001ff)
mkdir('/tmp/nimble_13845/githubcom_icyphoxfab/.git/objects/info', 0x00000000000001ff)
chmod('/tmp/nimble_13845/githubcom_icyphoxfab/.git/config.lock', 0x00000000000001a4)
rename('/tmp/nimble_13845/githubcom_icyphoxfab/.git/config.lock', '/tmp/nimble_13845/githubcom_icyphoxfab/.git/config')
chmod('/tmp/nimble_13845/githubcom_icyphoxfab/.git/config.lock', 0x00000000000001a4)
rename('/tmp/nimble_13845/githubcom_icyphoxfab/.git/config.lock', '/tmp/nimble_13845/githubcom_icyphoxfab/.git/config')
chmod('/tmp/nimble_13845/githubcom_icyphoxfab/.git/config.lock', 0x00000000000001a4)
rename('/tmp/nimble_13845/githubcom_icyphoxfab/.git/config.lock', '/tmp/nimble_13845/githubcom_icyphoxfab/.git/config')
mkdir('/tmp/nimble_13845/githubcom_icyphoxfab/.git/objects/58', 0x00000000000001ff)
link('/tmp/nimble_13845/githubcom_icyphoxfab/.git/objects/58/tmp_obj_ynlEk3', '/tmp/nimble_13845/githubcom_icyphoxfab/.git/objects/58/ea6c8689e7c40cb3e6abc7ab63d31fb45ca592')
unlink('/tmp/nimble_13845/githubcom_icyphoxfab/.git/objects/58/tmp_obj_ynlEk3')
mkdir('/tmp/nimble_13845/githubcom_icyphoxfab/.git/objects/e8', 0x00000000000001ff)
link('/tmp/nimble_13845/githubcom_icyphoxfab/.git/objects/e8/tmp_obj_O72Me5', '/tmp/nimble_13845/githubcom_icyphoxfab/.git/objects/e8/91e93954e3f891d38638a6e715494c1ee01c22')
unlink('/tmp/nimble_13845/githubcom_icyphoxfab/.git/objects/e8/tmp_obj_O72Me5')
mkdir('/tmp/nimble_13845/githubcom_icyphoxfab/.git/objects/95', 0x00000000000001ff)
link('/tmp/nimble_13845/githubcom_icyphoxfab/.git/objects/95/tmp_obj_AQNbca', '/tmp/nimble_13845/githubcom_icyphoxfab/.git/objects/95/6ed307e612dfe7530d7227aacf493d3d7f83b9')
unlink('/tmp/nimble_13845/githubcom_icyphoxfab/.git/objects/95/tmp_obj_AQNbca')
mkdir('/tmp/nimble_13845/githubcom_icyphoxfab/.git/objects/ec', 0x00000000000001ff)
link('/tmp/nimble_13845/githubcom_icyphoxfab/.git/objects/ec/tmp_obj_IKE9Vd', '/tmp/nimble_13845/githubcom_icyphoxfab/.git/objects/ec/a353f8522e86765109b7c5e6afa80b1a1caec8')
unlink('/tmp/nimble_13845/githubcom_icyphoxfab/.git/objects/ec/tmp_obj_IKE9Vd')
mkdir('/tmp/nimble_13845/githubcom_icyphoxfab/.git/objects/62', 0x00000000000001ff)
link('/tmp/nimble_13845/githubcom_icyphoxfab/.git/objects/62/tmp_obj_Noe8Ab', '/tmp/nimble_13845/githubcom_icyphoxfab/.git/objects/62/df42178fad92c8c8e1baef46bb39f529c4183a')
unlink('/tmp/nimble_13845/githubcom_icyphoxfab/.git/objects/62/tmp_obj_Noe8Ab')
mkdir('/tmp/nimble_13845/githubcom_icyphoxfab/.git/objects/3c', 0x00000000000001ff)
link('/tmp/nimble_13845/githubcom_icyphoxfab/.git/objects/3c/tmp_obj_ZIjTLc', '/tmp/nimble_13845/githubcom_icyphoxfab/.git/objects/3c/c1d8a76e24723bff37a7189a7394d542a7e29c')
unlink('/tmp/nimble_13845/githubcom_icyphoxfab/.git/objects/3c/tmp_obj_ZIjTLc')
mkdir('/tmp/nimble_13845/githubcom_icyphoxfab/.git/objects/27', 0x00000000000001ff)
link('/tmp/nimble_13845/githubcom_icyphoxfab/.git/objects/27/tmp_obj_d8UlJh', '/tmp/nimble_13845/githubcom_icyphoxfab/.git/objects/27/6ba93eb00e7930e1ad92f8de6173ca324dc6a6')
unlink('/tmp/nimble_13845/githubcom_icyphoxfab/.git/objects/27/tmp_obj_d8UlJh')
mkdir('/tmp/nimble_13845/githubcom_icyphoxfab/.git/objects/33', 0x00000000000001ff)
link('/tmp/nimble_13845/githubcom_icyphoxfab/.git/objects/33/tmp_obj_TJNZZn', '/tmp/nimble_13845/githubcom_icyphoxfab/.git/objects/33/4d3c0ad26729d2c090c412af930bb966b57a08')
unlink('/tmp/nimble_13845/githubcom_icyphoxfab/.git/objects/33/tmp_obj_TJNZZn')
rename('/tmp/nimble_13845/githubcom_icyphoxfab/.git/shallow.lock', '/tmp/nimble_13845/githubcom_icyphoxfab/.git/shallow')
rename('/tmp/nimble_13845/githubcom_icyphoxfab/.git/packed-refs.new', '/tmp/nimble_13845/githubcom_icyphoxfab/.git/packed-refs')
unlink('/tmp/nimble_13845/githubcom_icyphoxfab/.git/packed-refs.lock')
unlink('/tmp/nimble_13845/githubcom_icyphoxfab/.git/refs/tags/v0.4.4.lock')
mkdir('/tmp/nimble_13845/githubcom_icyphoxfab/.git/logs', 0x00000000000001ff)
rename('/tmp/nimble_13845/githubcom_icyphoxfab/.git/HEAD.lock', '/tmp/nimble_13845/githubcom_icyphoxfab/.git/HEAD')
mkdir('src', 0x00000000000001ff)
rename('/tmp/nimble_13845/githubcom_icyphoxfab/.git/index.lock', '/tmp/nimble_13845/githubcom_icyphoxfab/.git/index')
mkdir('/tmp', 0x00000000000001ff)
mkdir('/tmp/nimblecache', 0x00000000000001ff)
mkdir('/tmp/nimblecache/fab_3123452557', 0x00000000000001ff)
unlink('/tmp/nimblecache/fab_3123452557/fab.ini')
unlink('/tmp/nimble_13845.out')
unlink('/tmp/nimble_13845/githubcom_icyphoxfab/fab_13845.nims')
mkdir('/home', 0x00000000000001ff)
mkdir('/home/runner', 0x00000000000001ff)
mkdir('/home/runner/.nimble', 0x00000000000001ff)
mkdir('/home/runner/.nimble/pkgs', 0x00000000000001ff)
mkdir('/home/runner/.nimble/pkgs/fab-0.4.3', 0x00000000000001ff)
mkdir('/home', 0x00000000000001ff)
mkdir('/home/runner', 0x00000000000001ff)
mkdir('/home/runner/.nimble', 0x00000000000001ff)
mkdir('/home/runner/.nimble/pkgs', 0x00000000000001ff)
mkdir('/home/runner/.nimble/pkgs/fab-0.4.3', 0x00000000000001ff)
chmod('/home/runner/.nimble/pkgs/fab-0.4.3/fab.nim', 0x00000000000001a4)
chmod('/home/runner/.nimble/pkgs/fab-0.4.3/fab.nimble', 0x00000000000001a4)
mkdir('/tmp', 0x00000000000001ff)
mkdir('/tmp/nimblecache', 0x00000000000001ff)
mkdir('/tmp/nimblecache/fab_57496237', 0x00000000000001ff)
unlink('/tmp/nimblecache/fab_57496237/fab.ini')
unlink('/tmp/nimble_13845.out')
unlink('/home/runner/.nimble/pkgs/fab-0.4.3/fab_13845.nims')
unlink('/tmp/nimble_13845/githubcom_icyphoxfab/fab.nimble')
rmdir('/tmp/nimble_13845/githubcom_icyphoxfab/.git/refs/tags')
rmdir('/tmp/nimble_13845/githubcom_icyphoxfab/.git/refs/heads')
rmdir('/tmp/nimble_13845/githubcom_icyphoxfab/.git/refs')
unlink('/tmp/nimble_13845/githubcom_icyphoxfab/.git/info/exclude')
rmdir('/tmp/nimble_13845/githubcom_icyphoxfab/.git/info')
rmdir('/tmp/nimble_13845/githubcom_icyphoxfab/.git/branches')
unlink('/tmp/nimble_13845/githubcom_icyphoxfab/.git/logs/HEAD')
rmdir('/tmp/nimble_13845/githubcom_icyphoxfab/.git/logs')
unlink('/tmp/nimble_13845/githubcom_icyphoxfab/.git/description')
unlink('/tmp/nimble_13845/githubcom_icyphoxfab/.git/hooks/pre-rebase.sample')
unlink('/tmp/nimble_13845/githubcom_icyphoxfab/.git/hooks/applypatch-msg.sample')
unlink('/tmp/nimble_13845/githubcom_icyphoxfab/.git/hooks/pre-push.sample')
unlink('/tmp/nimble_13845/githubcom_icyphoxfab/.git/hooks/pre-merge-commit.sample')
unlink('/tmp/nimble_13845/githubcom_icyphoxfab/.git/hooks/pre-receive.sample')
unlink('/tmp/nimble_13845/githubcom_icyphoxfab/.git/hooks/update.sample')
unlink('/tmp/nimble_13845/githubcom_icyphoxfab/.git/hooks/pre-commit.sample')
unlink('/tmp/nimble_13845/githubcom_icyphoxfab/.git/hooks/pre-applypatch.sample')
unlink('/tmp/nimble_13845/githubcom_icyphoxfab/.git/hooks/commit-msg.sample')
unlink('/tmp/nimble_13845/githubcom_icyphoxfab/.git/hooks/fsmonitor-watchman.sample')
unlink('/tmp/nimble_13845/githubcom_icyphoxfab/.git/hooks/prepare-commit-msg.sample')
unlink('/tmp/nimble_13845/githubcom_icyphoxfab/.git/hooks/post-update.sample')
rmdir('/tmp/nimble_13845/githubcom_icyphoxfab/.git/hooks')
unlink('/tmp/nimble_13845/githubcom_icyphoxfab/.git/shallow')
unlink('/tmp/nimble_13845/githubcom_icyphoxfab/.git/config')
unlink('/tmp/nimble_13845/githubcom_icyphoxfab/.git/index')
unlink('/tmp/nimble_13845/githubcom_icyphoxfab/.git/objects/ec/a353f8522e86765109b7c5e6afa80b1a1caec8')
rmdir('/tmp/nimble_13845/githubcom_icyphoxfab/.git/objects/ec')
unlink('/tmp/nimble_13845/githubcom_icyphoxfab/.git/objects/33/4d3c0ad26729d2c090c412af930bb966b57a08')
rmdir('/tmp/nimble_13845/githubcom_icyphoxfab/.git/objects/33')
rmdir('/tmp/nimble_13845/githubcom_icyphoxfab/.git/objects/info')
unlink('/tmp/nimble_13845/githubcom_icyphoxfab/.git/objects/3c/c1d8a76e24723bff37a7189a7394d542a7e29c')
rmdir('/tmp/nimble_13845/githubcom_icyphoxfab/.git/objects/3c')
unlink('/tmp/nimble_13845/githubcom_icyphoxfab/.git/objects/62/df42178fad92c8c8e1baef46bb39f529c4183a')
rmdir('/tmp/nimble_13845/githubcom_icyphoxfab/.git/objects/62')
unlink('/tmp/nimble_13845/githubcom_icyphoxfab/.git/objects/58/ea6c8689e7c40cb3e6abc7ab63d31fb45ca592')
rmdir('/tmp/nimble_13845/githubcom_icyphoxfab/.git/objects/58')
unlink('/tmp/nimble_13845/githubcom_icyphoxfab/.git/objects/95/6ed307e612dfe7530d7227aacf493d3d7f83b9')
rmdir('/tmp/nimble_13845/githubcom_icyphoxfab/.git/objects/95')
unlink('/tmp/nimble_13845/githubcom_icyphoxfab/.git/objects/e8/91e93954e3f891d38638a6e715494c1ee01c22')
rmdir('/tmp/nimble_13845/githubcom_icyphoxfab/.git/objects/e8')
rmdir('/tmp/nimble_13845/githubcom_icyphoxfab/.git/objects/pack')
unlink('/tmp/nimble_13845/githubcom_icyphoxfab/.git/objects/27/6ba93eb00e7930e1ad92f8de6173ca324dc6a6')
rmdir('/tmp/nimble_13845/githubcom_icyphoxfab/.git/objects/27')
rmdir('/tmp/nimble_13845/githubcom_icyphoxfab/.git/objects')
unlink('/tmp/nimble_13845/githubcom_icyphoxfab/.git/packed-refs')
unlink('/tmp/nimble_13845/githubcom_icyphoxfab/.git/HEAD')
rmdir('/tmp/nimble_13845/githubcom_icyphoxfab/.git')
unlink('/tmp/nimble_13845/githubcom_icyphoxfab/src/fab.nim')
rmdir('/tmp/nimble_13845/githubcom_icyphoxfab/src')
unlink('/tmp/nimble_13845/githubcom_icyphoxfab/readme.md')
unlink('/tmp/nimble_13845/githubcom_icyphoxfab/.gitignore')
unlink('/tmp/nimble_13845/githubcom_icyphoxfab/LICENSE')
rmdir('/tmp/nimble_13845/githubcom_icyphoxfab')
rmdir('/tmp/nimble_13845')
  create directory /tmp
  create directory /tmp/nimble_13845
  create directory /tmp/nimble_13845/githubcom_icyphoxfab
  delete /tmp/nimble_13845/githubcom_icyphoxfab
  create directory /tmp/nimble_13845/githubcom_icyphoxfab
  create directory /tmp/nimble_13845/githubcom_icyphoxfab/.git
  create directory /tmp/nimble_13845/githubcom_icyphoxfab/.git
  create directory /tmp/nimble_13845/githubcom_icyphoxfab/.git/info
  create directory /tmp/nimble_13845/githubcom_icyphoxfab/.git/branches
  create directory /tmp/nimble_13845/githubcom_icyphoxfab/.git/hooks
  create directory /tmp/nimble_13845/githubcom_icyphoxfab/.git/refs
  create directory /tmp/nimble_13845/githubcom_icyphoxfab/.git/refs/heads
  create directory /tmp/nimble_13845/githubcom_icyphoxfab/.git/refs/tags
  rename /tmp/nimble_13845/githubcom_icyphoxfab/.git/HEAD.lock to HEAD
  rename /tmp/nimble_13845/githubcom_icyphoxfab/.git/config.lock to config
  change permissions of /tmp/nimble_13845/githubcom_icyphoxfab/.git/config to rwxr--r--
  change permissions of /tmp/nimble_13845/githubcom_icyphoxfab/.git/config to rw-r--r--
  change permissions of /tmp/nimble_13845/githubcom_icyphoxfab/.git/config.lock to rw-r--r--
  rename /tmp/nimble_13845/githubcom_icyphoxfab/.git/config.lock to config
  change permissions of /tmp/nimble_13845/githubcom_icyphoxfab/.git/config.lock to rw-r--r--
  rename /tmp/nimble_13845/githubcom_icyphoxfab/.git/config.lock to config
  change permissions of /tmp/nimble_13845/githubcom_icyphoxfab/.git/config.lock to rw-r--r--
  rename /tmp/nimble_13845/githubcom_icyphoxfab/.git/config.lock to config
  delete /tmp/nimble_13845/githubcom_icyphoxfab/.git/tIltKrW
  create symbolic link from /tmp/nimble_13845/githubcom_icyphoxfab/.git/tIltKrW to /home/runner/work/nim_packages_security_audit/nim_packages_security_audit/testing
  delete /tmp/nimble_13845/githubcom_icyphoxfab/.git/tIltKrW
  create directory /tmp/nimble_13845/githubcom_icyphoxfab/.git/objects
  create directory /tmp/nimble_13845/githubcom_icyphoxfab/.git/objects/pack
  create directory /tmp/nimble_13845/githubcom_icyphoxfab/.git/objects/info
  change permissions of /tmp/nimble_13845/githubcom_icyphoxfab/.git/config.lock to rw-r--r--
  rename /tmp/nimble_13845/githubcom_icyphoxfab/.git/config.lock to config
  change permissions of /tmp/nimble_13845/githubcom_icyphoxfab/.git/config.lock to rw-r--r--
  rename /tmp/nimble_13845/githubcom_icyphoxfab/.git/config.lock to config
  change permissions of /tmp/nimble_13845/githubcom_icyphoxfab/.git/config.lock to rw-r--r--
  rename /tmp/nimble_13845/githubcom_icyphoxfab/.git/config.lock to config
  create directory /tmp/nimble_13845/githubcom_icyphoxfab/.git/objects/58
  create hard link from /tmp/nimble_13845/githubcom_icyphoxfab/.git/objects/58/ea6c8689e7c40cb3e6abc7ab63d31fb45ca592 to /tmp/nimble_13845/githubcom_icyphoxfab/.git/objects/58/tmp_obj_ynlEk3
  delete /tmp/nimble_13845/githubcom_icyphoxfab/.git/objects/58/tmp_obj_ynlEk3
  create directory /tmp/nimble_13845/githubcom_icyphoxfab/.git/objects/e8
  create hard link from /tmp/nimble_13845/githubcom_icyphoxfab/.git/objects/e8/91e93954e3f891d38638a6e715494c1ee01c22 to /tmp/nimble_13845/githubcom_icyphoxfab/.git/objects/e8/tmp_obj_O72Me5
  delete /tmp/nimble_13845/githubcom_icyphoxfab/.git/objects/e8/tmp_obj_O72Me5
  create directory /tmp/nimble_13845/githubcom_icyphoxfab/.git/objects/95
  create hard link from /tmp/nimble_13845/githubcom_icyphoxfab/.git/objects/95/6ed307e612dfe7530d7227aacf493d3d7f83b9 to /tmp/nimble_13845/githubcom_icyphoxfab/.git/objects/95/tmp_obj_AQNbca
  delete /tmp/nimble_13845/githubcom_icyphoxfab/.git/objects/95/tmp_obj_AQNbca
  create directory /tmp/nimble_13845/githubcom_icyphoxfab/.git/objects/ec
  create hard link from /tmp/nimble_13845/githubcom_icyphoxfab/.git/objects/ec/a353f8522e86765109b7c5e6afa80b1a1caec8 to /tmp/nimble_13845/githubcom_icyphoxfab/.git/objects/ec/tmp_obj_IKE9Vd
  delete /tmp/nimble_13845/githubcom_icyphoxfab/.git/objects/ec/tmp_obj_IKE9Vd
  create directory /tmp/nimble_13845/githubcom_icyphoxfab/.git/objects/62
  create hard link from /tmp/nimble_13845/githubcom_icyphoxfab/.git/objects/62/df42178fad92c8c8e1baef46bb39f529c4183a to /tmp/nimble_13845/githubcom_icyphoxfab/.git/objects/62/tmp_obj_Noe8Ab
  delete /tmp/nimble_13845/githubcom_icyphoxfab/.git/objects/62/tmp_obj_Noe8Ab
  create directory /tmp/nimble_13845/githubcom_icyphoxfab/.git/objects/3c
  create hard link from /tmp/nimble_13845/githubcom_icyphoxfab/.git/objects/3c/c1d8a76e24723bff37a7189a7394d542a7e29c to /tmp/nimble_13845/githubcom_icyphoxfab/.git/objects/3c/tmp_obj_ZIjTLc
  delete /tmp/nimble_13845/githubcom_icyphoxfab/.git/objects/3c/tmp_obj_ZIjTLc
  create directory /tmp/nimble_13845/githubcom_icyphoxfab/.git/objects/27
  create hard link from /tmp/nimble_13845/githubcom_icyphoxfab/.git/objects/27/6ba93eb00e7930e1ad92f8de6173ca324dc6a6 to /tmp/nimble_13845/githubcom_icyphoxfab/.git/objects/27/tmp_obj_d8UlJh
  delete /tmp/nimble_13845/githubcom_icyphoxfab/.git/objects/27/tmp_obj_d8UlJh
  create directory /tmp/nimble_13845/githubcom_icyphoxfab/.git/objects/33
  create hard link from /tmp/nimble_13845/githubcom_icyphoxfab/.git/objects/33/4d3c0ad26729d2c090c412af930bb966b57a08 to /tmp/nimble_13845/githubcom_icyphoxfab/.git/objects/33/tmp_obj_TJNZZn
  delete /tmp/nimble_13845/githubcom_icyphoxfab/.git/objects/33/tmp_obj_TJNZZn
  rename /tmp/nimble_13845/githubcom_icyphoxfab/.git/shallow.lock to shallow
  rename /tmp/nimble_13845/githubcom_icyphoxfab/.git/packed-refs.new to packed-refs
  delete /tmp/nimble_13845/githubcom_icyphoxfab/.git/packed-refs.lock
  delete /tmp/nimble_13845/githubcom_icyphoxfab/.git/refs/tags/v0.4.4.lock
  create directory /tmp/nimble_13845/githubcom_icyphoxfab/.git/logs
  rename /tmp/nimble_13845/githubcom_icyphoxfab/.git/HEAD.lock to HEAD
  create directory /tmp/nimble_13845/githubcom_icyphoxfab/src
  rename /tmp/nimble_13845/githubcom_icyphoxfab/.git/index.lock to index
  create directory /tmp
  create directory /tmp/nimblecache
  create directory /tmp/nimblecache/fab_3123452557
  delete /tmp/nimblecache/fab_3123452557/fab.ini
  delete /tmp/nimble_13845.out
  delete /tmp/nimble_13845/githubcom_icyphoxfab/fab_13845.nims
  create directory /home
  create directory /home/runner
  create directory /home/runner/.nimble
  create directory /home/runner/.nimble/pkgs
  create directory /home/runner/.nimble/pkgs/fab-0.4.3
  create directory /home
  create directory /home/runner
  create directory /home/runner/.nimble
  create directory /home/runner/.nimble/pkgs
  create directory /home/runner/.nimble/pkgs/fab-0.4.3
  change permissions of /home/runner/.nimble/pkgs/fab-0.4.3/fab.nim to rw-r--r--
  change permissions of /home/runner/.nimble/pkgs/fab-0.4.3/fab.nimble to rw-r--r--
  create directory /tmp
  create directory /tmp/nimblecache
  create directory /tmp/nimblecache/fab_57496237
  delete /tmp/nimblecache/fab_57496237/fab.ini
  delete /tmp/nimble_13845.out
  delete /home/runner/.nimble/pkgs/fab-0.4.3/fab_13845.nims
  delete /tmp/nimble_13845/githubcom_icyphoxfab/fab.nimble
  delete /tmp/nimble_13845/githubcom_icyphoxfab/.git/refs/tags
  delete /tmp/nimble_13845/githubcom_icyphoxfab/.git/refs/heads
  delete /tmp/nimble_13845/githubcom_icyphoxfab/.git/refs
  delete /tmp/nimble_13845/githubcom_icyphoxfab/.git/info/exclude
  delete /tmp/nimble_13845/githubcom_icyphoxfab/.git/info
  delete /tmp/nimble_13845/githubcom_icyphoxfab/.git/branches
  delete /tmp/nimble_13845/githubcom_icyphoxfab/.git/logs/HEAD
  delete /tmp/nimble_13845/githubcom_icyphoxfab/.git/logs
  delete /tmp/nimble_13845/githubcom_icyphoxfab/.git/description
  delete /tmp/nimble_13845/githubcom_icyphoxfab/.git/hooks/pre-rebase.sample
  delete /tmp/nimble_13845/githubcom_icyphoxfab/.git/hooks/applypatch-msg.sample
  delete /tmp/nimble_13845/githubcom_icyphoxfab/.git/hooks/pre-push.sample
  delete /tmp/nimble_13845/githubcom_icyphoxfab/.git/hooks/pre-merge-commit.sample
  delete /tmp/nimble_13845/githubcom_icyphoxfab/.git/hooks/pre-receive.sample
  delete /tmp/nimble_13845/githubcom_icyphoxfab/.git/hooks/update.sample
  delete /tmp/nimble_13845/githubcom_icyphoxfab/.git/hooks/pre-commit.sample
  delete /tmp/nimble_13845/githubcom_icyphoxfab/.git/hooks/pre-applypatch.sample
  delete /tmp/nimble_13845/githubcom_icyphoxfab/.git/hooks/commit-msg.sample
  delete /tmp/nimble_13845/githubcom_icyphoxfab/.git/hooks/fsmonitor-watchman.sample
  delete /tmp/nimble_13845/githubcom_icyphoxfab/.git/hooks/prepare-commit-msg.sample
  delete /tmp/nimble_13845/githubcom_icyphoxfab/.git/hooks/post-update.sample
  delete /tmp/nimble_13845/githubcom_icyphoxfab/.git/hooks
  delete /tmp/nimble_13845/githubcom_icyphoxfab/.git/shallow
  delete /tmp/nimble_13845/githubcom_icyphoxfab/.git/config
  delete /tmp/nimble_13845/githubcom_icyphoxfab/.git/index
  delete /tmp/nimble_13845/githubcom_icyphoxfab/.git/objects/ec/a353f8522e86765109b7c5e6afa80b1a1caec8
  delete /tmp/nimble_13845/githubcom_icyphoxfab/.git/objects/ec
  delete /tmp/nimble_13845/githubcom_icyphoxfab/.git/objects/33/4d3c0ad26729d2c090c412af930bb966b57a08
  delete /tmp/nimble_13845/githubcom_icyphoxfab/.git/objects/33
  delete /tmp/nimble_13845/githubcom_icyphoxfab/.git/objects/info
  delete /tmp/nimble_13845/githubcom_icyphoxfab/.git/objects/3c/c1d8a76e24723bff37a7189a7394d542a7e29c
  delete /tmp/nimble_13845/githubcom_icyphoxfab/.git/objects/3c
  delete /tmp/nimble_13845/githubcom_icyphoxfab/.git/objects/62/df42178fad92c8c8e1baef46bb39f529c4183a
  delete /tmp/nimble_13845/githubcom_icyphoxfab/.git/objects/62
  delete /tmp/nimble_13845/githubcom_icyphoxfab/.git/objects/58/ea6c8689e7c40cb3e6abc7ab63d31fb45ca592
  delete /tmp/nimble_13845/githubcom_icyphoxfab/.git/objects/58
  delete /tmp/nimble_13845/githubcom_icyphoxfab/.git/objects/95/6ed307e612dfe7530d7227aacf493d3d7f83b9
  delete /tmp/nimble_13845/githubcom_icyphoxfab/.git/objects/95
  delete /tmp/nimble_13845/githubcom_icyphoxfab/.git/objects/e8/91e93954e3f891d38638a6e715494c1ee01c22
  delete /tmp/nimble_13845/githubcom_icyphoxfab/.git/objects/e8
  delete /tmp/nimble_13845/githubcom_icyphoxfab/.git/objects/pack
  delete /tmp/nimble_13845/githubcom_icyphoxfab/.git/objects/27/6ba93eb00e7930e1ad92f8de6173ca324dc6a6
  delete /tmp/nimble_13845/githubcom_icyphoxfab/.git/objects/27
  delete /tmp/nimble_13845/githubcom_icyphoxfab/.git/objects
  delete /tmp/nimble_13845/githubcom_icyphoxfab/.git/packed-refs
  delete /tmp/nimble_13845/githubcom_icyphoxfab/.git/HEAD
  delete /tmp/nimble_13845/githubcom_icyphoxfab/.git
  delete /tmp/nimble_13845/githubcom_icyphoxfab/src/fab.nim
  delete /tmp/nimble_13845/githubcom_icyphoxfab/src
  delete /tmp/nimble_13845/githubcom_icyphoxfab/readme.md
  delete /tmp/nimble_13845/githubcom_icyphoxfab/.gitignore
  delete /tmp/nimble_13845/githubcom_icyphoxfab/LICENSE
  delete /tmp/nimble_13845/githubcom_icyphoxfab
  delete /tmp/nimble_13845
