      Info: Package cache path /home/runner/.nimble/pkgcache
     Info:  Nimble data file "/home/runner/.nimble/nimbledata2.json" has been loaded.
    Reading official package list
Downloading https://github.com/h3rald/fae using git
    Cloning latest tagged version: v1.1.0
open('/workspace/destdir/ssl/openssl.cnf', 32768, 0x00000000000001b6)
open('/home/runner/.config/nimble/nimble.ini', 557056, 0x00000000000001b6)
open('/home/runner/.config/babel/babel.ini', 557056, 0x00000000000001b6)
writev(1, 0x00007ffe22636660, 2)
open('/home/runner/.nimble/nimbledata2.json', 557056, 0x00000000000001b6)
writev(1, 0x00007ffe22636730, 2)
writev(1, 0x00007ffd302826d0, 2)
writev(1, 0x00007ffd30282760, 2)
writev(1, 0x00007ffd30282760, 2)
writev(1, 0x00007ffd30282760, 2)
writev(1, 0x00007ffe22635250, 2)
open('/home/runner/.nimble/packages_official.json', 557056, 0x00000000000001b6)
mkdir('/home/', 0x00000000000001ff)
mkdir('/home/runner/', 0x00000000000001ff)
mkdir('/home/runner/.nimble/', 0x00000000000001ff)
mkdir('/home/runner/.nimble/pkgcache/', 0x00000000000001ff)
mkdir('/home/runner/.nimble/pkgcache/githubcom_h3raldfae', 0x00000000000001ff)
open('/home/runner/.nimble/pkgcache/githubcom_h3raldfae', 622592, 0x0000000000000000)
writev(1, 0x00007ffe22635340, 2)
open('/home/runner/.nimble/pkgcache/githubcom_h3raldfae', 622592, 0x0000000000000000)
rmdir('/home/runner/.nimble/pkgcache/githubcom_h3raldfae')
writev(1, 0x00007ffe22635230, 2)
mkdir(94570650360224, 0x00000000000001ff)
Error tracing process: readBytes(0x00005602f20559a0, 256) error: [Errno 5] Input/output error.
