     Info:  Nimble data file "/home/runner/.nimble/nimbledata2.json" has been loaded.
    Reading official package list
Downloading https://github.com/brentp/falas using git
   Warning: The package has no tagged releases, downloading HEAD instead.
open('/workspace/destdir/ssl/openssl.cnf', 32768, 0x00000000000001b6)
open('/home/runner/.config/nimble/nimble.ini', 557056, 0x00000000000001b6)
open('/home/runner/.config/babel/babel.ini', 557056, 0x00000000000001b6)
open('/home/runner/.nimble/nimbledata2.json', 557056, 0x00000000000001b6)
writev(1, 0x00007fff73134670, 2)
open('/home/runner/work/nim_packages_security_audit/nim_packages_security_audit', 622592, 0x0000000000000000)
writev(1, 0x00007fff731332a0, 2)
open('/home/runner/.nimble/packages_official.json', 557056, 0x00000000000001b6)
mkdir('/tmp/', 0x00000000000001ff)
mkdir('/tmp/nimble_2302/', 0x00000000000001ff)
mkdir('/tmp/nimble_2302/githubcom_brentpfalas', 0x00000000000001ff)
open('/tmp/nimble_2302/githubcom_brentpfalas', 622592, 0x0000000000000000)
writev(1, 0x00007fff73133360, 2)
open('/tmp/nimble_2302/githubcom_brentpfalas', 622592, 0x0000000000000000)
rmdir('/tmp/nimble_2302/githubcom_brentpfalas')
writev(1, 0x00007fff73133250, 2)
mkdir(93909862123632, 0x00000000000001ff)
Error tracing process: readBytes(0x0000556917f90870, 256) error: [Errno 5] Input/output error.
