     Info:  Nimble data file "/home/runner/.nimble/nimbledata2.json" has been loaded.
    Reading official package list
Downloading https://github.com/ahcm/fastx_reader using git
   Warning: The package has no tagged releases, downloading HEAD instead.
open('/workspace/destdir/ssl/openssl.cnf', 32768, 0x00000000000001b6)
open('/home/runner/.config/nimble/nimble.ini', 557056, 0x00000000000001b6)
open('/home/runner/.config/babel/babel.ini', 557056, 0x00000000000001b6)
open('/home/runner/.nimble/nimbledata2.json', 557056, 0x00000000000001b6)
writev(1, 0x00007fffa4948810, 2)
writev(1, 0x00007fffa49480f0, 2)
open('/home/runner/.nimble/packages_official.json', 557056, 0x00000000000001b6)
mkdir('/tmp/', 0x00000000000001ff)
mkdir('/tmp/nimble_2594/', 0x00000000000001ff)
mkdir('/tmp/nimble_2594/githubcom_ahcmfastxreader', 0x00000000000001ff)
writev(1, 0x00007fffa49480c0, 2)
open('/tmp/nimble_2594/githubcom_ahcmfastxreader', 622592, 0x0000000000000000)
rmdir('/tmp/nimble_2594/githubcom_ahcmfastxreader')
writev(1, 0x00007fffa4948030, 2)
mkdir(94321701745120, 0x00000000000001ff)
Error tracing process: readBytes(0x000055c8fb86f1e0, 256) error: [Errno 5] Input/output error.
