    Reading official package list
Downloading https://github.com/ba0f3/fastcgi.nim using git
    Cloning latest tagged version: 0.1.0
       Info /tmp/nimble_19525/githubcom_ba0f3fastcginim/fastcgi_19525.nims(5, 22) Warning: imported and not used: 'strutils' [UnusedImport]
  Verifying dependencies for fastcgi@0.1.0
 Installing fastcgi@0.1.0
    Copying file /tmp/nimble_19525/githubcom_ba0f3fastcginim/src/fastcgi/private/common.nim to /home/runner/.nimble/pkgs/fastcgi-0.1.0/fastcgi/private/common.nim
    Copying file /tmp/nimble_19525/githubcom_ba0f3fastcginim/src/fastcgi/client.nim to /home/runner/.nimble/pkgs/fastcgi-0.1.0/fastcgi/client.nim
    Copying file /tmp/nimble_19525/githubcom_ba0f3fastcginim/src/fastcgi/server.nim to /home/runner/.nimble/pkgs/fastcgi-0.1.0/fastcgi/server.nim
    Copying file /tmp/nimble_19525/githubcom_ba0f3fastcginim/fastcgi.nimble to /home/runner/.nimble/pkgs/fastcgi-0.1.0/fastcgi.nimble
   Success: fastcgi installed successfully.
       Info /home/runner/.nimble/pkgs/fastcgi-0.1.0/fastcgi_19525.nims(5, 22) Warning: imported and not used: 'strutils' [UnusedImport]
mkdir('/tmp', 0x00000000000001ff)
mkdir('/tmp/nimble_19525', 0x00000000000001ff)
mkdir('/tmp/nimble_19525/githubcom_ba0f3fastcginim', 0x00000000000001ff)
rmdir('/tmp/nimble_19525/githubcom_ba0f3fastcginim')
mkdir('/tmp/nimble_19525/githubcom_ba0f3fastcginim', 0x00000000000001ff)
mkdir('/tmp/nimble_19525/githubcom_ba0f3fastcginim/.git', 0x00000000000001ff)
mkdir('/tmp/nimble_19525/githubcom_ba0f3fastcginim/.git/', 0x00000000000001ff)
mkdir('/tmp/nimble_19525/githubcom_ba0f3fastcginim/.git/branches/', 0x00000000000001ff)
mkdir('/tmp/nimble_19525/githubcom_ba0f3fastcginim/.git/hooks/', 0x00000000000001ff)
mkdir('/tmp/nimble_19525/githubcom_ba0f3fastcginim/.git/info/', 0x00000000000001ff)
mkdir('/tmp/nimble_19525/githubcom_ba0f3fastcginim/.git/refs', 0x00000000000001ff)
mkdir('/tmp/nimble_19525/githubcom_ba0f3fastcginim/.git/refs/heads', 0x00000000000001ff)
mkdir('/tmp/nimble_19525/githubcom_ba0f3fastcginim/.git/refs/tags', 0x00000000000001ff)
rename('/tmp/nimble_19525/githubcom_ba0f3fastcginim/.git/HEAD.lock', '/tmp/nimble_19525/githubcom_ba0f3fastcginim/.git/HEAD')
rename('/tmp/nimble_19525/githubcom_ba0f3fastcginim/.git/config.lock', '/tmp/nimble_19525/githubcom_ba0f3fastcginim/.git/config')
chmod('/tmp/nimble_19525/githubcom_ba0f3fastcginim/.git/config', 0x00000000000081e4)
chmod('/tmp/nimble_19525/githubcom_ba0f3fastcginim/.git/config', 0x00000000000081a4)
chmod('/tmp/nimble_19525/githubcom_ba0f3fastcginim/.git/config.lock', 0x00000000000001a4)
rename('/tmp/nimble_19525/githubcom_ba0f3fastcginim/.git/config.lock', '/tmp/nimble_19525/githubcom_ba0f3fastcginim/.git/config')
chmod('/tmp/nimble_19525/githubcom_ba0f3fastcginim/.git/config.lock', 0x00000000000001a4)
rename('/tmp/nimble_19525/githubcom_ba0f3fastcginim/.git/config.lock', '/tmp/nimble_19525/githubcom_ba0f3fastcginim/.git/config')
chmod('/tmp/nimble_19525/githubcom_ba0f3fastcginim/.git/config.lock', 0x00000000000001a4)
rename('/tmp/nimble_19525/githubcom_ba0f3fastcginim/.git/config.lock', '/tmp/nimble_19525/githubcom_ba0f3fastcginim/.git/config')
unlink('/tmp/nimble_19525/githubcom_ba0f3fastcginim/.git/tsRU9aY')
symlink('testing', '/tmp/nimble_19525/githubcom_ba0f3fastcginim/.git/tsRU9aY')
unlink('/tmp/nimble_19525/githubcom_ba0f3fastcginim/.git/tsRU9aY')
mkdir('/tmp/nimble_19525/githubcom_ba0f3fastcginim/.git/objects', 0x00000000000001ff)
mkdir('/tmp/nimble_19525/githubcom_ba0f3fastcginim/.git/objects/pack', 0x00000000000001ff)
mkdir('/tmp/nimble_19525/githubcom_ba0f3fastcginim/.git/objects/info', 0x00000000000001ff)
chmod('/tmp/nimble_19525/githubcom_ba0f3fastcginim/.git/config.lock', 0x00000000000001a4)
rename('/tmp/nimble_19525/githubcom_ba0f3fastcginim/.git/config.lock', '/tmp/nimble_19525/githubcom_ba0f3fastcginim/.git/config')
chmod('/tmp/nimble_19525/githubcom_ba0f3fastcginim/.git/config.lock', 0x00000000000001a4)
rename('/tmp/nimble_19525/githubcom_ba0f3fastcginim/.git/config.lock', '/tmp/nimble_19525/githubcom_ba0f3fastcginim/.git/config')
chmod('/tmp/nimble_19525/githubcom_ba0f3fastcginim/.git/config.lock', 0x00000000000001a4)
rename('/tmp/nimble_19525/githubcom_ba0f3fastcginim/.git/config.lock', '/tmp/nimble_19525/githubcom_ba0f3fastcginim/.git/config')
link('/tmp/nimble_19525/githubcom_ba0f3fastcginim/.git/objects/pack/tmp_pack_HrrHIW', '/tmp/nimble_19525/githubcom_ba0f3fastcginim/.git/objects/pack/pack-b399a2ddfb2a36d6ff4bacb9624539ee7bc044af.pack')
unlink('/tmp/nimble_19525/githubcom_ba0f3fastcginim/.git/objects/pack/tmp_pack_HrrHIW')
link('/tmp/nimble_19525/githubcom_ba0f3fastcginim/.git/objects/pack/tmp_idx_JaE6L8', '/tmp/nimble_19525/githubcom_ba0f3fastcginim/.git/objects/pack/pack-b399a2ddfb2a36d6ff4bacb9624539ee7bc044af.idx')
unlink('/tmp/nimble_19525/githubcom_ba0f3fastcginim/.git/objects/pack/tmp_idx_JaE6L8')
rename('/tmp/nimble_19525/githubcom_ba0f3fastcginim/.git/shallow.lock', '/tmp/nimble_19525/githubcom_ba0f3fastcginim/.git/shallow')
rename('/tmp/nimble_19525/githubcom_ba0f3fastcginim/.git/packed-refs.new', '/tmp/nimble_19525/githubcom_ba0f3fastcginim/.git/packed-refs')
unlink('/tmp/nimble_19525/githubcom_ba0f3fastcginim/.git/packed-refs.lock')
unlink('/tmp/nimble_19525/githubcom_ba0f3fastcginim/.git/refs/tags/0.1.0.lock')
mkdir('/tmp/nimble_19525/githubcom_ba0f3fastcginim/.git/logs', 0x00000000000001ff)
rename('/tmp/nimble_19525/githubcom_ba0f3fastcginim/.git/HEAD.lock', '/tmp/nimble_19525/githubcom_ba0f3fastcginim/.git/HEAD')
unlink('/tmp/nimble_19525/githubcom_ba0f3fastcginim/.git/objects/pack/pack-b399a2ddfb2a36d6ff4bacb9624539ee7bc044af.keep')
mkdir('.github', 0x00000000000001ff)
mkdir('src', 0x00000000000001ff)
mkdir('src/fastcgi', 0x00000000000001ff)
mkdir('src/fastcgi/private', 0x00000000000001ff)
mkdir('tests', 0x00000000000001ff)
rename('/tmp/nimble_19525/githubcom_ba0f3fastcginim/.git/index.lock', '/tmp/nimble_19525/githubcom_ba0f3fastcginim/.git/index')
mkdir('/tmp', 0x00000000000001ff)
mkdir('/tmp/nimblecache', 0x00000000000001ff)
mkdir('/tmp/nimblecache/fastcgi_3569601971', 0x00000000000001ff)
unlink('/tmp/nimblecache/fastcgi_3569601971/fastcgi.ini')
unlink('/tmp/nimble_19525.out')
unlink('/tmp/nimble_19525/githubcom_ba0f3fastcginim/fastcgi_19525.nims')
mkdir('/home', 0x00000000000001ff)
mkdir('/home/runner', 0x00000000000001ff)
mkdir('/home/runner/.nimble', 0x00000000000001ff)
mkdir('/home/runner/.nimble/pkgs', 0x00000000000001ff)
mkdir('/home/runner/.nimble/pkgs/fastcgi-0.1.0', 0x00000000000001ff)
mkdir('/home', 0x00000000000001ff)
mkdir('/home/runner', 0x00000000000001ff)
mkdir('/home/runner/.nimble', 0x00000000000001ff)
mkdir('/home/runner/.nimble/pkgs', 0x00000000000001ff)
mkdir('/home/runner/.nimble/pkgs/fastcgi-0.1.0', 0x00000000000001ff)
mkdir('/home/runner/.nimble/pkgs/fastcgi-0.1.0/fastcgi', 0x00000000000001ff)
mkdir('/home/runner/.nimble/pkgs/fastcgi-0.1.0/fastcgi/private', 0x00000000000001ff)
chmod('/home/runner/.nimble/pkgs/fastcgi-0.1.0/fastcgi/private/common.nim', 0x00000000000001a4)
mkdir('/home', 0x00000000000001ff)
mkdir('/home/runner', 0x00000000000001ff)
mkdir('/home/runner/.nimble', 0x00000000000001ff)
mkdir('/home/runner/.nimble/pkgs', 0x00000000000001ff)
mkdir('/home/runner/.nimble/pkgs/fastcgi-0.1.0', 0x00000000000001ff)
mkdir('/home/runner/.nimble/pkgs/fastcgi-0.1.0/fastcgi', 0x00000000000001ff)
chmod('/home/runner/.nimble/pkgs/fastcgi-0.1.0/fastcgi/client.nim', 0x00000000000001a4)
mkdir('/home', 0x00000000000001ff)
mkdir('/home/runner', 0x00000000000001ff)
mkdir('/home/runner/.nimble', 0x00000000000001ff)
mkdir('/home/runner/.nimble/pkgs', 0x00000000000001ff)
mkdir('/home/runner/.nimble/pkgs/fastcgi-0.1.0', 0x00000000000001ff)
mkdir('/home/runner/.nimble/pkgs/fastcgi-0.1.0/fastcgi', 0x00000000000001ff)
chmod('/home/runner/.nimble/pkgs/fastcgi-0.1.0/fastcgi/server.nim', 0x00000000000001a4)
chmod('/home/runner/.nimble/pkgs/fastcgi-0.1.0/fastcgi.nimble', 0x00000000000001a4)
mkdir('/tmp', 0x00000000000001ff)
mkdir('/tmp/nimblecache', 0x00000000000001ff)
mkdir('/tmp/nimblecache/fastcgi_3437137055', 0x00000000000001ff)
unlink('/tmp/nimblecache/fastcgi_3437137055/fastcgi.ini')
unlink('/tmp/nimble_19525.out')
unlink('/home/runner/.nimble/pkgs/fastcgi-0.1.0/fastcgi_19525.nims')
unlink('/tmp/nimble_19525/githubcom_ba0f3fastcginim/src/fastcgi/private/common.nim')
rmdir('/tmp/nimble_19525/githubcom_ba0f3fastcginim/src/fastcgi/private')
unlink('/tmp/nimble_19525/githubcom_ba0f3fastcginim/src/fastcgi/client.nim')
unlink('/tmp/nimble_19525/githubcom_ba0f3fastcginim/src/fastcgi/server.nim')
rmdir('/tmp/nimble_19525/githubcom_ba0f3fastcginim/src/fastcgi')
rmdir('/tmp/nimble_19525/githubcom_ba0f3fastcginim/src')
unlink('/tmp/nimble_19525/githubcom_ba0f3fastcginim/.gitignore')
unlink('/tmp/nimble_19525/githubcom_ba0f3fastcginim/.github/FUNDING.yml')
rmdir('/tmp/nimble_19525/githubcom_ba0f3fastcginim/.github')
unlink('/tmp/nimble_19525/githubcom_ba0f3fastcginim/LICENSE')
unlink('/tmp/nimble_19525/githubcom_ba0f3fastcginim/fastcgi.nimble')
unlink('/tmp/nimble_19525/githubcom_ba0f3fastcginim/.git/HEAD')
unlink('/tmp/nimble_19525/githubcom_ba0f3fastcginim/.git/config')
unlink('/tmp/nimble_19525/githubcom_ba0f3fastcginim/.git/logs/HEAD')
rmdir('/tmp/nimble_19525/githubcom_ba0f3fastcginim/.git/logs')
rmdir('/tmp/nimble_19525/githubcom_ba0f3fastcginim/.git/branches')
unlink('/tmp/nimble_19525/githubcom_ba0f3fastcginim/.git/packed-refs')
rmdir('/tmp/nimble_19525/githubcom_ba0f3fastcginim/.git/refs/heads')
rmdir('/tmp/nimble_19525/githubcom_ba0f3fastcginim/.git/refs/tags')
rmdir('/tmp/nimble_19525/githubcom_ba0f3fastcginim/.git/refs')
unlink('/tmp/nimble_19525/githubcom_ba0f3fastcginim/.git/hooks/fsmonitor-watchman.sample')
unlink('/tmp/nimble_19525/githubcom_ba0f3fastcginim/.git/hooks/pre-rebase.sample')
unlink('/tmp/nimble_19525/githubcom_ba0f3fastcginim/.git/hooks/pre-push.sample')
unlink('/tmp/nimble_19525/githubcom_ba0f3fastcginim/.git/hooks/pre-applypatch.sample')
unlink('/tmp/nimble_19525/githubcom_ba0f3fastcginim/.git/hooks/pre-receive.sample')
unlink('/tmp/nimble_19525/githubcom_ba0f3fastcginim/.git/hooks/commit-msg.sample')
unlink('/tmp/nimble_19525/githubcom_ba0f3fastcginim/.git/hooks/pre-merge-commit.sample')
unlink('/tmp/nimble_19525/githubcom_ba0f3fastcginim/.git/hooks/prepare-commit-msg.sample')
unlink('/tmp/nimble_19525/githubcom_ba0f3fastcginim/.git/hooks/pre-commit.sample')
unlink('/tmp/nimble_19525/githubcom_ba0f3fastcginim/.git/hooks/update.sample')
unlink('/tmp/nimble_19525/githubcom_ba0f3fastcginim/.git/hooks/applypatch-msg.sample')
unlink('/tmp/nimble_19525/githubcom_ba0f3fastcginim/.git/hooks/post-update.sample')
rmdir('/tmp/nimble_19525/githubcom_ba0f3fastcginim/.git/hooks')
unlink('/tmp/nimble_19525/githubcom_ba0f3fastcginim/.git/index')
unlink('/tmp/nimble_19525/githubcom_ba0f3fastcginim/.git/info/exclude')
rmdir('/tmp/nimble_19525/githubcom_ba0f3fastcginim/.git/info')
unlink('/tmp/nimble_19525/githubcom_ba0f3fastcginim/.git/shallow')
unlink('/tmp/nimble_19525/githubcom_ba0f3fastcginim/.git/description')
unlink('/tmp/nimble_19525/githubcom_ba0f3fastcginim/.git/objects/pack/pack-b399a2ddfb2a36d6ff4bacb9624539ee7bc044af.idx')
unlink('/tmp/nimble_19525/githubcom_ba0f3fastcginim/.git/objects/pack/pack-b399a2ddfb2a36d6ff4bacb9624539ee7bc044af.pack')
rmdir('/tmp/nimble_19525/githubcom_ba0f3fastcginim/.git/objects/pack')
rmdir('/tmp/nimble_19525/githubcom_ba0f3fastcginim/.git/objects/info')
rmdir('/tmp/nimble_19525/githubcom_ba0f3fastcginim/.git/objects')
rmdir('/tmp/nimble_19525/githubcom_ba0f3fastcginim/.git')
unlink('/tmp/nimble_19525/githubcom_ba0f3fastcginim/README.md')
unlink('/tmp/nimble_19525/githubcom_ba0f3fastcginim/tests/test1.nim')
unlink('/tmp/nimble_19525/githubcom_ba0f3fastcginim/tests/test3.nim')
unlink('/tmp/nimble_19525/githubcom_ba0f3fastcginim/tests/config.nims')
unlink('/tmp/nimble_19525/githubcom_ba0f3fastcginim/tests/test2.nim')
unlink('/tmp/nimble_19525/githubcom_ba0f3fastcginim/tests/nginx.conf')
rmdir('/tmp/nimble_19525/githubcom_ba0f3fastcginim/tests')
rmdir('/tmp/nimble_19525/githubcom_ba0f3fastcginim')
rmdir('/tmp/nimble_19525')
  create directory /tmp
  create directory /tmp/nimble_19525
  create directory /tmp/nimble_19525/githubcom_ba0f3fastcginim
  delete /tmp/nimble_19525/githubcom_ba0f3fastcginim
  create directory /tmp/nimble_19525/githubcom_ba0f3fastcginim
  create directory /tmp/nimble_19525/githubcom_ba0f3fastcginim/.git
  create directory /tmp/nimble_19525/githubcom_ba0f3fastcginim/.git
  create directory /tmp/nimble_19525/githubcom_ba0f3fastcginim/.git/branches
  create directory /tmp/nimble_19525/githubcom_ba0f3fastcginim/.git/hooks
  create directory /tmp/nimble_19525/githubcom_ba0f3fastcginim/.git/info
  create directory /tmp/nimble_19525/githubcom_ba0f3fastcginim/.git/refs
  create directory /tmp/nimble_19525/githubcom_ba0f3fastcginim/.git/refs/heads
  create directory /tmp/nimble_19525/githubcom_ba0f3fastcginim/.git/refs/tags
  rename /tmp/nimble_19525/githubcom_ba0f3fastcginim/.git/HEAD.lock to HEAD
  rename /tmp/nimble_19525/githubcom_ba0f3fastcginim/.git/config.lock to config
  change permissions of /tmp/nimble_19525/githubcom_ba0f3fastcginim/.git/config to rwxr--r--
  change permissions of /tmp/nimble_19525/githubcom_ba0f3fastcginim/.git/config to rw-r--r--
  change permissions of /tmp/nimble_19525/githubcom_ba0f3fastcginim/.git/config.lock to rw-r--r--
  rename /tmp/nimble_19525/githubcom_ba0f3fastcginim/.git/config.lock to config
  change permissions of /tmp/nimble_19525/githubcom_ba0f3fastcginim/.git/config.lock to rw-r--r--
  rename /tmp/nimble_19525/githubcom_ba0f3fastcginim/.git/config.lock to config
  change permissions of /tmp/nimble_19525/githubcom_ba0f3fastcginim/.git/config.lock to rw-r--r--
  rename /tmp/nimble_19525/githubcom_ba0f3fastcginim/.git/config.lock to config
  delete /tmp/nimble_19525/githubcom_ba0f3fastcginim/.git/tsRU9aY
  create symbolic link from /tmp/nimble_19525/githubcom_ba0f3fastcginim/.git/tsRU9aY to /home/runner/work/nim_packages_security_audit/nim_packages_security_audit/testing
  delete /tmp/nimble_19525/githubcom_ba0f3fastcginim/.git/tsRU9aY
  create directory /tmp/nimble_19525/githubcom_ba0f3fastcginim/.git/objects
  create directory /tmp/nimble_19525/githubcom_ba0f3fastcginim/.git/objects/pack
  create directory /tmp/nimble_19525/githubcom_ba0f3fastcginim/.git/objects/info
  change permissions of /tmp/nimble_19525/githubcom_ba0f3fastcginim/.git/config.lock to rw-r--r--
  rename /tmp/nimble_19525/githubcom_ba0f3fastcginim/.git/config.lock to config
  change permissions of /tmp/nimble_19525/githubcom_ba0f3fastcginim/.git/config.lock to rw-r--r--
  rename /tmp/nimble_19525/githubcom_ba0f3fastcginim/.git/config.lock to config
  change permissions of /tmp/nimble_19525/githubcom_ba0f3fastcginim/.git/config.lock to rw-r--r--
  rename /tmp/nimble_19525/githubcom_ba0f3fastcginim/.git/config.lock to config
  create hard link from /tmp/nimble_19525/githubcom_ba0f3fastcginim/.git/objects/pack/pack-b399a2ddfb2a36d6ff4bacb9624539ee7bc044af.pack to /tmp/nimble_19525/githubcom_ba0f3fastcginim/.git/objects/pack/tmp_pack_HrrHIW
  delete /tmp/nimble_19525/githubcom_ba0f3fastcginim/.git/objects/pack/tmp_pack_HrrHIW
  create hard link from /tmp/nimble_19525/githubcom_ba0f3fastcginim/.git/objects/pack/pack-b399a2ddfb2a36d6ff4bacb9624539ee7bc044af.idx to /tmp/nimble_19525/githubcom_ba0f3fastcginim/.git/objects/pack/tmp_idx_JaE6L8
  delete /tmp/nimble_19525/githubcom_ba0f3fastcginim/.git/objects/pack/tmp_idx_JaE6L8
  rename /tmp/nimble_19525/githubcom_ba0f3fastcginim/.git/shallow.lock to shallow
  rename /tmp/nimble_19525/githubcom_ba0f3fastcginim/.git/packed-refs.new to packed-refs
  delete /tmp/nimble_19525/githubcom_ba0f3fastcginim/.git/packed-refs.lock
  delete /tmp/nimble_19525/githubcom_ba0f3fastcginim/.git/refs/tags/0.1.0.lock
  create directory /tmp/nimble_19525/githubcom_ba0f3fastcginim/.git/logs
  rename /tmp/nimble_19525/githubcom_ba0f3fastcginim/.git/HEAD.lock to HEAD
  delete /tmp/nimble_19525/githubcom_ba0f3fastcginim/.git/objects/pack/pack-b399a2ddfb2a36d6ff4bacb9624539ee7bc044af.keep
  create directory /tmp/nimble_19525/githubcom_ba0f3fastcginim/.github
  create directory /tmp/nimble_19525/githubcom_ba0f3fastcginim/src
  create directory /tmp/nimble_19525/githubcom_ba0f3fastcginim/src/fastcgi
  create directory /tmp/nimble_19525/githubcom_ba0f3fastcginim/src/fastcgi/private
  create directory /tmp/nimble_19525/githubcom_ba0f3fastcginim/tests
  rename /tmp/nimble_19525/githubcom_ba0f3fastcginim/.git/index.lock to index
  create directory /tmp
  create directory /tmp/nimblecache
  create directory /tmp/nimblecache/fastcgi_3569601971
  delete /tmp/nimblecache/fastcgi_3569601971/fastcgi.ini
  delete /tmp/nimble_19525.out
  delete /tmp/nimble_19525/githubcom_ba0f3fastcginim/fastcgi_19525.nims
  create directory /home
  create directory /home/runner
  create directory /home/runner/.nimble
  create directory /home/runner/.nimble/pkgs
  create directory /home/runner/.nimble/pkgs/fastcgi-0.1.0
  create directory /home
  create directory /home/runner
  create directory /home/runner/.nimble
  create directory /home/runner/.nimble/pkgs
  create directory /home/runner/.nimble/pkgs/fastcgi-0.1.0
  create directory /home/runner/.nimble/pkgs/fastcgi-0.1.0/fastcgi
  create directory /home/runner/.nimble/pkgs/fastcgi-0.1.0/fastcgi/private
  change permissions of /home/runner/.nimble/pkgs/fastcgi-0.1.0/fastcgi/private/common.nim to rw-r--r--
  create directory /home
  create directory /home/runner
  create directory /home/runner/.nimble
  create directory /home/runner/.nimble/pkgs
  create directory /home/runner/.nimble/pkgs/fastcgi-0.1.0
  create directory /home/runner/.nimble/pkgs/fastcgi-0.1.0/fastcgi
  change permissions of /home/runner/.nimble/pkgs/fastcgi-0.1.0/fastcgi/client.nim to rw-r--r--
  create directory /home
  create directory /home/runner
  create directory /home/runner/.nimble
  create directory /home/runner/.nimble/pkgs
  create directory /home/runner/.nimble/pkgs/fastcgi-0.1.0
  create directory /home/runner/.nimble/pkgs/fastcgi-0.1.0/fastcgi
  change permissions of /home/runner/.nimble/pkgs/fastcgi-0.1.0/fastcgi/server.nim to rw-r--r--
  change permissions of /home/runner/.nimble/pkgs/fastcgi-0.1.0/fastcgi.nimble to rw-r--r--
  create directory /tmp
  create directory /tmp/nimblecache
  create directory /tmp/nimblecache/fastcgi_3437137055
  delete /tmp/nimblecache/fastcgi_3437137055/fastcgi.ini
  delete /tmp/nimble_19525.out
  delete /home/runner/.nimble/pkgs/fastcgi-0.1.0/fastcgi_19525.nims
  delete /tmp/nimble_19525/githubcom_ba0f3fastcginim/src/fastcgi/private/common.nim
  delete /tmp/nimble_19525/githubcom_ba0f3fastcginim/src/fastcgi/private
  delete /tmp/nimble_19525/githubcom_ba0f3fastcginim/src/fastcgi/client.nim
  delete /tmp/nimble_19525/githubcom_ba0f3fastcginim/src/fastcgi/server.nim
  delete /tmp/nimble_19525/githubcom_ba0f3fastcginim/src/fastcgi
  delete /tmp/nimble_19525/githubcom_ba0f3fastcginim/src
  delete /tmp/nimble_19525/githubcom_ba0f3fastcginim/.gitignore
  delete /tmp/nimble_19525/githubcom_ba0f3fastcginim/.github/FUNDING.yml
  delete /tmp/nimble_19525/githubcom_ba0f3fastcginim/.github
  delete /tmp/nimble_19525/githubcom_ba0f3fastcginim/LICENSE
  delete /tmp/nimble_19525/githubcom_ba0f3fastcginim/fastcgi.nimble
  delete /tmp/nimble_19525/githubcom_ba0f3fastcginim/.git/HEAD
  delete /tmp/nimble_19525/githubcom_ba0f3fastcginim/.git/config
  delete /tmp/nimble_19525/githubcom_ba0f3fastcginim/.git/logs/HEAD
  delete /tmp/nimble_19525/githubcom_ba0f3fastcginim/.git/logs
  delete /tmp/nimble_19525/githubcom_ba0f3fastcginim/.git/branches
  delete /tmp/nimble_19525/githubcom_ba0f3fastcginim/.git/packed-refs
  delete /tmp/nimble_19525/githubcom_ba0f3fastcginim/.git/refs/heads
  delete /tmp/nimble_19525/githubcom_ba0f3fastcginim/.git/refs/tags
  delete /tmp/nimble_19525/githubcom_ba0f3fastcginim/.git/refs
  delete /tmp/nimble_19525/githubcom_ba0f3fastcginim/.git/hooks/fsmonitor-watchman.sample
  delete /tmp/nimble_19525/githubcom_ba0f3fastcginim/.git/hooks/pre-rebase.sample
  delete /tmp/nimble_19525/githubcom_ba0f3fastcginim/.git/hooks/pre-push.sample
  delete /tmp/nimble_19525/githubcom_ba0f3fastcginim/.git/hooks/pre-applypatch.sample
  delete /tmp/nimble_19525/githubcom_ba0f3fastcginim/.git/hooks/pre-receive.sample
  delete /tmp/nimble_19525/githubcom_ba0f3fastcginim/.git/hooks/commit-msg.sample
  delete /tmp/nimble_19525/githubcom_ba0f3fastcginim/.git/hooks/pre-merge-commit.sample
  delete /tmp/nimble_19525/githubcom_ba0f3fastcginim/.git/hooks/prepare-commit-msg.sample
  delete /tmp/nimble_19525/githubcom_ba0f3fastcginim/.git/hooks/pre-commit.sample
  delete /tmp/nimble_19525/githubcom_ba0f3fastcginim/.git/hooks/update.sample
  delete /tmp/nimble_19525/githubcom_ba0f3fastcginim/.git/hooks/applypatch-msg.sample
  delete /tmp/nimble_19525/githubcom_ba0f3fastcginim/.git/hooks/post-update.sample
  delete /tmp/nimble_19525/githubcom_ba0f3fastcginim/.git/hooks
  delete /tmp/nimble_19525/githubcom_ba0f3fastcginim/.git/index
  delete /tmp/nimble_19525/githubcom_ba0f3fastcginim/.git/info/exclude
  delete /tmp/nimble_19525/githubcom_ba0f3fastcginim/.git/info
  delete /tmp/nimble_19525/githubcom_ba0f3fastcginim/.git/shallow
  delete /tmp/nimble_19525/githubcom_ba0f3fastcginim/.git/description
  delete /tmp/nimble_19525/githubcom_ba0f3fastcginim/.git/objects/pack/pack-b399a2ddfb2a36d6ff4bacb9624539ee7bc044af.idx
  delete /tmp/nimble_19525/githubcom_ba0f3fastcginim/.git/objects/pack/pack-b399a2ddfb2a36d6ff4bacb9624539ee7bc044af.pack
  delete /tmp/nimble_19525/githubcom_ba0f3fastcginim/.git/objects/pack
  delete /tmp/nimble_19525/githubcom_ba0f3fastcginim/.git/objects/info
  delete /tmp/nimble_19525/githubcom_ba0f3fastcginim/.git/objects
  delete /tmp/nimble_19525/githubcom_ba0f3fastcginim/.git
  delete /tmp/nimble_19525/githubcom_ba0f3fastcginim/README.md
  delete /tmp/nimble_19525/githubcom_ba0f3fastcginim/tests/test1.nim
  delete /tmp/nimble_19525/githubcom_ba0f3fastcginim/tests/test3.nim
  delete /tmp/nimble_19525/githubcom_ba0f3fastcginim/tests/config.nims
  delete /tmp/nimble_19525/githubcom_ba0f3fastcginim/tests/test2.nim
  delete /tmp/nimble_19525/githubcom_ba0f3fastcginim/tests/nginx.conf
  delete /tmp/nimble_19525/githubcom_ba0f3fastcginim/tests
  delete /tmp/nimble_19525/githubcom_ba0f3fastcginim
  delete /tmp/nimble_19525
