     Info:  Nimble data file "/home/runner/.nimble/nimbledata2.json" has been loaded.
    Reading official package list
Downloading https://github.com/status-im/nim-faststreams using git
   Warning: The package has no tagged releases, downloading HEAD instead.
open('/workspace/destdir/ssl/openssl.cnf', 32768, 0x00000000000001b6)
open('/home/runner/.config/nimble/nimble.ini', 557056, 0x00000000000001b6)
open('/home/runner/.config/babel/babel.ini', 557056, 0x00000000000001b6)
open('/home/runner/.nimble/nimbledata2.json', 557056, 0x00000000000001b6)
writev(1, 0x00007ffc775b0f00, 2)
writev(1, 0x00007ffc775b07e0, 2)
open('/home/runner/.nimble/packages_official.json', 557056, 0x00000000000001b6)
mkdir('/tmp/', 0x00000000000001ff)
mkdir('/tmp/nimble_2188/', 0x00000000000001ff)
mkdir('/tmp/nimble_2188/githubcom_statusimnimfaststreams', 0x00000000000001ff)
writev(1, 0x00007ffc775b07b0, 2)
open('/tmp/nimble_2188/githubcom_statusimnimfaststreams', 622592, 0x0000000000000000)
rmdir('/tmp/nimble_2188/githubcom_statusimnimfaststreams')
writev(1, 0x00007ffc775b0720, 2)
mkdir(94395498091712, 0x00000000000001ff)
Error tracing process: readBytes(0x000055da2a21d4c0, 256) error: [Errno 5] Input/output error.
