     Info:  Nimble data file "/home/runner/.nimble/nimbledata2.json" has been loaded.
    Reading official package list
Downloading https://github.com/johnconway/feed-nim using git
   Warning: The package has no tagged releases, downloading HEAD instead.
open('/workspace/destdir/ssl/openssl.cnf', 32768, 0x00000000000001b6)
open('/home/runner/.config/nimble/nimble.ini', 557056, 0x00000000000001b6)
open('/home/runner/.config/babel/babel.ini', 557056, 0x00000000000001b6)
open('/home/runner/.nimble/nimbledata2.json', 557056, 0x00000000000001b6)
writev(1, 0x00007ffcc8e68970, 2)
writev(1, 0x00007ffcc8e68250, 2)
open('/home/runner/.nimble/packages_official.json', 557056, 0x00000000000001b6)
mkdir('/tmp/', 0x00000000000001ff)
mkdir('/tmp/nimble_2581/', 0x00000000000001ff)
mkdir('/tmp/nimble_2581/githubcom_johnconwayfeednim', 0x00000000000001ff)
writev(1, 0x00007ffcc8e68220, 2)
open('/tmp/nimble_2581/githubcom_johnconwayfeednim', 622592, 0x0000000000000000)
rmdir('/tmp/nimble_2581/githubcom_johnconwayfeednim')
writev(1, 0x00007ffcc8e68190, 2)
mkdir(94080382915040, 0x00000000000001ff)
Error tracing process: readBytes(0x00005590cbcdd1e0, 256) error: [Errno 5] Input/output error.
