      Info: Package cache path /home/runner/.nimble/pkgcache
     Info:  Nimble data file "/home/runner/.nimble/nimbledata2.json" has been loaded.
    Reading official package list
Downloading https://github.com/ferus-web/ferusgfx using git
    Cloning latest tagged version: 1.1.0
open('/workspace/destdir/ssl/openssl.cnf', 32768, 0x00000000000001b6)
open('/home/runner/.config/nimble/nimble.ini', 557056, 0x00000000000001b6)
open('/home/runner/.config/babel/babel.ini', 557056, 0x00000000000001b6)
writev(1, 0x00007ffdab227430, 2)
open('/home/runner/.nimble/nimbledata2.json', 557056, 0x00000000000001b6)
writev(1, 0x00007ffdab227500, 2)
writev(1, 0x00007ffcf0766b80, 2)
writev(1, 0x00007ffcf0766c10, 2)
writev(1, 0x00007ffcf0766c10, 2)
writev(1, 0x00007ffcf0766c10, 2)
writev(1, 0x00007ffdab225ee0, 2)
open('/home/runner/.nimble/packages_official.json', 557056, 0x00000000000001b6)
mkdir('/home/', 0x00000000000001ff)
mkdir('/home/runner/', 0x00000000000001ff)
mkdir('/home/runner/.nimble/', 0x00000000000001ff)
mkdir('/home/runner/.nimble/pkgcache/', 0x00000000000001ff)
mkdir('/home/runner/.nimble/pkgcache/githubcom_feruswebferusgfx', 0x00000000000001ff)
open('/home/runner/.nimble/pkgcache/githubcom_feruswebferusgfx', 622592, 0x0000000000000000)
writev(1, 0x00007ffdab225fc0, 2)
open('/home/runner/.nimble/pkgcache/githubcom_feruswebferusgfx', 622592, 0x0000000000000000)
rmdir('/home/runner/.nimble/pkgcache/githubcom_feruswebferusgfx')
writev(1, 0x00007ffdab225eb0, 2)
mkdir(94231336741600, 0x00000000000001ff)
Error tracing process: readBytes(0x000055b3f15a6ae0, 256) error: [Errno 5] Input/output error.
