      Info: Package cache path /home/runner/.nimble/pkgcache
     Info:  Nimble data file "/home/runner/.nimble/nimbledata2.json" has been loaded.
    Reading official package list
Downloading https://github.com/SciNim/nimfftw3 using git
    Cloning latest tagged version: v0.5.3
open('/workspace/destdir/ssl/openssl.cnf', 32768, 0x00000000000001b6)
open('/home/runner/.config/nimble/nimble.ini', 557056, 0x00000000000001b6)
open('/home/runner/.config/babel/babel.ini', 557056, 0x00000000000001b6)
writev(1, 0x00007fff673755a0, 2)
open('/home/runner/.nimble/nimbledata2.json', 557056, 0x00000000000001b6)
writev(1, 0x00007fff67375670, 2)
writev(1, 0x00007ffc46a6d770, 2)
writev(1, 0x00007ffc46a6d800, 2)
writev(1, 0x00007ffc46a6d800, 2)
writev(1, 0x00007ffc46a6d800, 2)
writev(1, 0x00007fff67374190, 2)
open('/home/runner/.nimble/packages_official.json', 557056, 0x00000000000001b6)
mkdir('/home/', 0x00000000000001ff)
mkdir('/home/runner/', 0x00000000000001ff)
mkdir('/home/runner/.nimble/', 0x00000000000001ff)
mkdir('/home/runner/.nimble/pkgcache/', 0x00000000000001ff)
mkdir('/home/runner/.nimble/pkgcache/githubcom_SciNimnimfftw3', 0x00000000000001ff)
open('/home/runner/.nimble/pkgcache/githubcom_SciNimnimfftw3', 622592, 0x0000000000000000)
writev(1, 0x00007fff67374280, 2)
open('/home/runner/.nimble/pkgcache/githubcom_SciNimnimfftw3', 622592, 0x0000000000000000)
rmdir('/home/runner/.nimble/pkgcache/githubcom_SciNimnimfftw3')
writev(1, 0x00007fff67374170, 2)
mkdir(94338240670112, 0x00000000000001ff)
Error tracing process: readBytes(0x000055ccd552e9a0, 256) error: [Errno 5] Input/output error.
