     Info:  Nimble data file "/home/runner/.nimble/nimbledata2.json" has been loaded.
    Reading official package list
Downloading https://github.com/openpeeps/find using git
   Warning: The package has no tagged releases, downloading HEAD instead.
open('/workspace/destdir/ssl/openssl.cnf', 32768, 0x00000000000001b6)
open('/home/runner/.config/nimble/nimble.ini', 557056, 0x00000000000001b6)
open('/home/runner/.config/babel/babel.ini', 557056, 0x00000000000001b6)
open('/home/runner/.nimble/nimbledata2.json', 557056, 0x00000000000001b6)
writev(1, 0x00007fff9ce01110, 2)
writev(1, 0x00007fff9ce009f0, 2)
open('/home/runner/.nimble/packages_official.json', 557056, 0x00000000000001b6)
mkdir('/tmp/', 0x00000000000001ff)
mkdir('/tmp/nimble_3139/', 0x00000000000001ff)
mkdir('/tmp/nimble_3139/githubcom_openpeepsfind', 0x00000000000001ff)
writev(1, 0x00007fff9ce009c0, 2)
open('/tmp/nimble_3139/githubcom_openpeepsfind', 622592, 0x0000000000000000)
rmdir('/tmp/nimble_3139/githubcom_openpeepsfind')
writev(1, 0x00007fff9ce00930, 2)
mkdir(94898474095072, 0x00000000000001ff)
Error tracing process: readBytes(0x0000564f45d691e0, 256) error: [Errno 5] Input/output error.
