      Info: Package cache path /home/runner/.nimble/pkgcache
     Info:  Nimble data file "/home/runner/.nimble/nimbledata2.json" has been loaded.
    Reading official package list
Downloading https://github.com/Vindaar/flatBuffers using git
    Cloning latest tagged version: v0.1.5
open('/workspace/destdir/ssl/openssl.cnf', 32768, 0x00000000000001b6)
open('/home/runner/.config/nimble/nimble.ini', 557056, 0x00000000000001b6)
open('/home/runner/.config/babel/babel.ini', 557056, 0x00000000000001b6)
writev(1, 0x00007fffec8cbed0, 2)
open('/home/runner/.nimble/nimbledata2.json', 557056, 0x00000000000001b6)
writev(1, 0x00007fffec8cbfa0, 2)
writev(1, 0x00007fffbc8a3050, 2)
writev(1, 0x00007fffbc8a30e0, 2)
writev(1, 0x00007fffbc8a30e0, 2)
writev(1, 0x00007fffbc8a30e0, 2)
writev(1, 0x00007fffec8caac0, 2)
open('/home/runner/.nimble/packages_official.json', 557056, 0x00000000000001b6)
mkdir('/home/', 0x00000000000001ff)
mkdir('/home/runner/', 0x00000000000001ff)
mkdir('/home/runner/.nimble/', 0x00000000000001ff)
mkdir('/home/runner/.nimble/pkgcache/', 0x00000000000001ff)
mkdir('/home/runner/.nimble/pkgcache/githubcom_VindaarflatBuffers', 0x00000000000001ff)
open('/home/runner/.nimble/pkgcache/githubcom_VindaarflatBuffers', 622592, 0x0000000000000000)
writev(1, 0x00007fffec8cabb0, 2)
open('/home/runner/.nimble/pkgcache/githubcom_VindaarflatBuffers', 622592, 0x0000000000000000)
rmdir('/home/runner/.nimble/pkgcache/githubcom_VindaarflatBuffers')
writev(1, 0x00007fffec8caaa0, 2)
mkdir(93946558552896, 0x00000000000001ff)
Error tracing process: readBytes(0x00005571a3401b40, 256) error: [Errno 5] Input/output error.
