    Reading official package list
Downloading https://github.com/treeform/flatty using git
    Cloning latest tagged version: 0.1.1
mkdir('/tmp', 0x00000000000001ff)
mkdir('/tmp/nimble_14398', 0x00000000000001ff)
mkdir('/tmp/nimble_14398/githubcom_treeformflatty', 0x00000000000001ff)
rmdir('/tmp/nimble_14398/githubcom_treeformflatty')
mkdir('/tmp/nimble_14398/githubcom_treeformflatty', 0x00000000000001ff)
mkdir('/tmp/nimble_14398/githubcom_treeformflatty/.git', 0x00000000000001ff)
mkdir('/tmp/nimble_14398/githubcom_treeformflatty/.git/', 0x00000000000001ff)
mkdir('/tmp/nimble_14398/githubcom_treeformflatty/.git/hooks/', 0x00000000000001ff)
mkdir('/tmp/nimble_14398/githubcom_treeformflatty/.git/info/', 0x00000000000001ff)
mkdir('/tmp/nimble_14398/githubcom_treeformflatty/.git/branches/', 0x00000000000001ff)
mkdir('/tmp/nimble_14398/githubcom_treeformflatty/.git/refs', 0x00000000000001ff)
mkdir('/tmp/nimble_14398/githubcom_treeformflatty/.git/refs/heads', 0x00000000000001ff)
mkdir('/tmp/nimble_14398/githubcom_treeformflatty/.git/refs/tags', 0x00000000000001ff)
rename('/tmp/nimble_14398/githubcom_treeformflatty/.git/HEAD.lock', '/tmp/nimble_14398/githubcom_treeformflatty/.git/HEAD')
rename('/tmp/nimble_14398/githubcom_treeformflatty/.git/config.lock', '/tmp/nimble_14398/githubcom_treeformflatty/.git/config')
chmod('/tmp/nimble_14398/githubcom_treeformflatty/.git/config', 0x00000000000081e4)
chmod('/tmp/nimble_14398/githubcom_treeformflatty/.git/config', 0x00000000000081a4)
chmod('/tmp/nimble_14398/githubcom_treeformflatty/.git/config.lock', 0x00000000000001a4)
rename('/tmp/nimble_14398/githubcom_treeformflatty/.git/config.lock', '/tmp/nimble_14398/githubcom_treeformflatty/.git/config')
chmod('/tmp/nimble_14398/githubcom_treeformflatty/.git/config.lock', 0x00000000000001a4)
rename('/tmp/nimble_14398/githubcom_treeformflatty/.git/config.lock', '/tmp/nimble_14398/githubcom_treeformflatty/.git/config')
chmod('/tmp/nimble_14398/githubcom_treeformflatty/.git/config.lock', 0x00000000000001a4)
rename('/tmp/nimble_14398/githubcom_treeformflatty/.git/config.lock', '/tmp/nimble_14398/githubcom_treeformflatty/.git/config')
unlink('/tmp/nimble_14398/githubcom_treeformflatty/.git/tgQy318')
symlink('testing', '/tmp/nimble_14398/githubcom_treeformflatty/.git/tgQy318')
unlink('/tmp/nimble_14398/githubcom_treeformflatty/.git/tgQy318')
mkdir('/tmp/nimble_14398/githubcom_treeformflatty/.git/objects', 0x00000000000001ff)
mkdir('/tmp/nimble_14398/githubcom_treeformflatty/.git/objects/pack', 0x00000000000001ff)
mkdir('/tmp/nimble_14398/githubcom_treeformflatty/.git/objects/info', 0x00000000000001ff)
chmod('/tmp/nimble_14398/githubcom_treeformflatty/.git/config.lock', 0x00000000000001a4)
rename('/tmp/nimble_14398/githubcom_treeformflatty/.git/config.lock', '/tmp/nimble_14398/githubcom_treeformflatty/.git/config')
chmod('/tmp/nimble_14398/githubcom_treeformflatty/.git/config.lock', 0x00000000000001a4)
rename('/tmp/nimble_14398/githubcom_treeformflatty/.git/config.lock', '/tmp/nimble_14398/githubcom_treeformflatty/.git/config')
chmod('/tmp/nimble_14398/githubcom_treeformflatty/.git/config.lock', 0x00000000000001a4)
rename('/tmp/nimble_14398/githubcom_treeformflatty/.git/config.lock', '/tmp/nimble_14398/githubcom_treeformflatty/.git/config')
chmod('/tmp/nimble_14398/githubcom_treeformflatty/.git/config.lock', 0x00000000000001a4)
rename('/tmp/nimble_14398/githubcom_treeformflatty/.git/config.lock', '/tmp/nimble_14398/githubcom_treeformflatty/.git/config')
mkdir('/tmp/nimble_14398/githubcom_treeformflatty/.git/objects/3f', 0x00000000000001ff)
link('/tmp/nimble_14398/githubcom_treeformflatty/.git/objects/3f/tmp_obj_CLJHDk', '/tmp/nimble_14398/githubcom_treeformflatty/.git/objects/3f/d3703a774250424b88b985b1e84306bb21c1c4')
unlink('/tmp/nimble_14398/githubcom_treeformflatty/.git/objects/3f/tmp_obj_CLJHDk')
mkdir('/tmp/nimble_14398/githubcom_treeformflatty/.git/objects/da', 0x00000000000001ff)
link('/tmp/nimble_14398/githubcom_treeformflatty/.git/objects/da/tmp_obj_gUHvAm', '/tmp/nimble_14398/githubcom_treeformflatty/.git/objects/da/bacd60ee17d62c5e8ec2660b7d6294b953a82a')
unlink('/tmp/nimble_14398/githubcom_treeformflatty/.git/objects/da/tmp_obj_gUHvAm')
mkdir('/tmp/nimble_14398/githubcom_treeformflatty/.git/objects/40', 0x00000000000001ff)
link('/tmp/nimble_14398/githubcom_treeformflatty/.git/objects/40/tmp_obj_UsjTAo', '/tmp/nimble_14398/githubcom_treeformflatty/.git/objects/40/03ec4bb9401249e516aafa3300eb6449e1cae2')
unlink('/tmp/nimble_14398/githubcom_treeformflatty/.git/objects/40/tmp_obj_UsjTAo')
mkdir('/tmp/nimble_14398/githubcom_treeformflatty/.git/objects/37', 0x00000000000001ff)
link('/tmp/nimble_14398/githubcom_treeformflatty/.git/objects/37/tmp_obj_m5nTkr', '/tmp/nimble_14398/githubcom_treeformflatty/.git/objects/37/6624e901f68ea2b24ab1fcdb55a98fed5d9961')
unlink('/tmp/nimble_14398/githubcom_treeformflatty/.git/objects/37/tmp_obj_m5nTkr')
link('/tmp/nimble_14398/githubcom_treeformflatty/.git/objects/40/tmp_obj_0rfcJt', '/tmp/nimble_14398/githubcom_treeformflatty/.git/objects/40/6fe5a8597fa0f41943dee47ebaea135374ef24')
unlink('/tmp/nimble_14398/githubcom_treeformflatty/.git/objects/40/tmp_obj_0rfcJt')
mkdir('/tmp/nimble_14398/githubcom_treeformflatty/.git/objects/aa', 0x00000000000001ff)
link('/tmp/nimble_14398/githubcom_treeformflatty/.git/objects/aa/tmp_obj_KZc82x', '/tmp/nimble_14398/githubcom_treeformflatty/.git/objects/aa/94d1c091f613a728db4c57f646e6a837cfb913')
unlink('/tmp/nimble_14398/githubcom_treeformflatty/.git/objects/aa/tmp_obj_KZc82x')
mkdir('/tmp/nimble_14398/githubcom_treeformflatty/.git/objects/80', 0x00000000000001ff)
link('/tmp/nimble_14398/githubcom_treeformflatty/.git/objects/80/tmp_obj_G9Kg0B', '/tmp/nimble_14398/githubcom_treeformflatty/.git/objects/80/f714474d4b637512fb575a94c70c31d3823889')
unlink('/tmp/nimble_14398/githubcom_treeformflatty/.git/objects/80/tmp_obj_G9Kg0B')
mkdir('/tmp/nimble_14398/githubcom_treeformflatty/.git/objects/87', 0x00000000000001ff)
link('/tmp/nimble_14398/githubcom_treeformflatty/.git/objects/87/tmp_obj_sA2SnC', '/tmp/nimble_14398/githubcom_treeformflatty/.git/objects/87/4482127f8629424e2e66a7c1f73200ba6304c3')
unlink('/tmp/nimble_14398/githubcom_treeformflatty/.git/objects/87/tmp_obj_sA2SnC')
mkdir('/tmp/nimble_14398/githubcom_treeformflatty/.git/objects/ed', 0x00000000000001ff)
link('/tmp/nimble_14398/githubcom_treeformflatty/.git/objects/ed/tmp_obj_Or2xGI', '/tmp/nimble_14398/githubcom_treeformflatty/.git/objects/ed/e70183e4781a5cf03c7832bd78bff5087409f3')
unlink('/tmp/nimble_14398/githubcom_treeformflatty/.git/objects/ed/tmp_obj_Or2xGI')
mkdir('/tmp/nimble_14398/githubcom_treeformflatty/.git/objects/bf', 0x00000000000001ff)
link('/tmp/nimble_14398/githubcom_treeformflatty/.git/objects/bf/tmp_obj_sa5k6H', '/tmp/nimble_14398/githubcom_treeformflatty/.git/objects/bf/d32fc252a474e78a9baf68d204d3928b05f569')
unlink('/tmp/nimble_14398/githubcom_treeformflatty/.git/objects/bf/tmp_obj_sa5k6H')
link('/tmp/nimble_14398/githubcom_treeformflatty/.git/objects/37/tmp_obj_ShivtJ', '/tmp/nimble_14398/githubcom_treeformflatty/.git/objects/37/3e82f2ee2e1597b8cc67b3c3e362e9b3f38fa8')
unlink('/tmp/nimble_14398/githubcom_treeformflatty/.git/objects/37/tmp_obj_ShivtJ')
mkdir('/tmp/nimble_14398/githubcom_treeformflatty/.git/objects/3d', 0x00000000000001ff)
link('/tmp/nimble_14398/githubcom_treeformflatty/.git/objects/3d/tmp_obj_yzeY6P', '/tmp/nimble_14398/githubcom_treeformflatty/.git/objects/3d/8112d129a16c1c3f0968e3a04a09ff8f9eeedc')
unlink('/tmp/nimble_14398/githubcom_treeformflatty/.git/objects/3d/tmp_obj_yzeY6P')
mkdir('/tmp/nimble_14398/githubcom_treeformflatty/.git/objects/d3', 0x00000000000001ff)
link('/tmp/nimble_14398/githubcom_treeformflatty/.git/objects/d3/tmp_obj_4hJUST', '/tmp/nimble_14398/githubcom_treeformflatty/.git/objects/d3/93b6cd34e8f45f8e7513789aa34ee5e0b98eed')
unlink('/tmp/nimble_14398/githubcom_treeformflatty/.git/objects/d3/tmp_obj_4hJUST')
mkdir('/tmp/nimble_14398/githubcom_treeformflatty/.git/objects/a1', 0x00000000000001ff)
link('/tmp/nimble_14398/githubcom_treeformflatty/.git/objects/a1/tmp_obj_OFTLDV', '/tmp/nimble_14398/githubcom_treeformflatty/.git/objects/a1/f37e3086320fb5e0803528c087007cf7623da3')
unlink('/tmp/nimble_14398/githubcom_treeformflatty/.git/objects/a1/tmp_obj_OFTLDV')
mkdir('/tmp/nimble_14398/githubcom_treeformflatty/.git/objects/f0', 0x00000000000001ff)       Info /tmp/nimble_14398/githubcom_treeformflatty/flatty_14398.nims(1, 8) Warning: imported and not used: 'system' [UnusedImport]
        ... /tmp/nimble_14398/githubcom_treeformflatty/flatty_14398.nims(5, 22) Warning: imported and not used: 'strutils' [UnusedImport]
  Verifying dependencies for flatty@0.1.1
 Installing flatty@0.1.1
    Copying file /tmp/nimble_14398/githubcom_treeformflatty/src/flatty/hashy.nim to /home/runner/.nimble/pkgs/flatty-0.1.1/flatty/hashy.nim
    Copying file /tmp/nimble_14398/githubcom_treeformflatty/src/flatty/binny.nim to /home/runner/.nimble/pkgs/flatty-0.1.1/flatty/binny.nim
    Copying file /tmp/nimble_14398/githubcom_treeformflatty/src/flatty/hexprint.nim to /home/runner/.nimble/pkgs/flatty-0.1.1/flatty/hexprint.nim
    Copying file /tmp/nimble_14398/githubcom_treeformflatty/src/flatty.nim to /home/runner/.nimble/pkgs/flatty-0.1.1/flatty.nim
    Copying file /tmp/nimble_14398/githubcom_treeformflatty/flatty.nimble to /home/runner/.nimble/pkgs/flatty-0.1.1/flatty.nimble
   Success: flatty installed successfully.
       Info /home/runner/.nimble/pkgs/flatty-0.1.1/flatty_14398.nims(1, 8) Warning: imported and not used: 'system' [UnusedImport]
        ... /home/runner/.nimble/pkgs/flatty-0.1.1/flatty_14398.nims(5, 22) Warning: imported and not used: 'strutils' [UnusedImport]

link('/tmp/nimble_14398/githubcom_treeformflatty/.git/objects/f0/tmp_obj_MSoG60', '/tmp/nimble_14398/githubcom_treeformflatty/.git/objects/f0/0790451af60790cbcda6782e891f9b4bfc8b5d')
unlink('/tmp/nimble_14398/githubcom_treeformflatty/.git/objects/f0/tmp_obj_MSoG60')
mkdir('/tmp/nimble_14398/githubcom_treeformflatty/.git/objects/0a', 0x00000000000001ff)
link('/tmp/nimble_14398/githubcom_treeformflatty/.git/objects/0a/tmp_obj_woztm3', '/tmp/nimble_14398/githubcom_treeformflatty/.git/objects/0a/58d7a7b28c7a5459e0e37017f02ebfd167fb0f')
unlink('/tmp/nimble_14398/githubcom_treeformflatty/.git/objects/0a/tmp_obj_woztm3')
mkdir('/tmp/nimble_14398/githubcom_treeformflatty/.git/objects/f7', 0x00000000000001ff)
link('/tmp/nimble_14398/githubcom_treeformflatty/.git/objects/f7/tmp_obj_UIffF5', '/tmp/nimble_14398/githubcom_treeformflatty/.git/objects/f7/18920f6543fdc5305f7f056fd02674c32f5aac')
unlink('/tmp/nimble_14398/githubcom_treeformflatty/.git/objects/f7/tmp_obj_UIffF5')
link('/tmp/nimble_14398/githubcom_treeformflatty/.git/objects/a1/tmp_obj_yjMPH8', '/tmp/nimble_14398/githubcom_treeformflatty/.git/objects/a1/1920885228a6b999179d08784e41c20b173826')
unlink('/tmp/nimble_14398/githubcom_treeformflatty/.git/objects/a1/tmp_obj_yjMPH8')
mkdir('/tmp/nimble_14398/githubcom_treeformflatty/.git/objects/5c', 0x00000000000001ff)
link('/tmp/nimble_14398/githubcom_treeformflatty/.git/objects/5c/tmp_obj_0R0pn9', '/tmp/nimble_14398/githubcom_treeformflatty/.git/objects/5c/5139ff4cb66b5ca319f0bed6dac088f9545e21')
unlink('/tmp/nimble_14398/githubcom_treeformflatty/.git/objects/5c/tmp_obj_0R0pn9')
link('/tmp/nimble_14398/githubcom_treeformflatty/.git/objects/aa/tmp_obj_mnhDQb', '/tmp/nimble_14398/githubcom_treeformflatty/.git/objects/aa/8e0dedb2f6420b12c267c2ad9788965bc86ce5')
unlink('/tmp/nimble_14398/githubcom_treeformflatty/.git/objects/aa/tmp_obj_mnhDQb')
mkdir('/tmp/nimble_14398/githubcom_treeformflatty/.git/objects/01', 0x00000000000001ff)
link('/tmp/nimble_14398/githubcom_treeformflatty/.git/objects/01/tmp_obj_W31kMe', '/tmp/nimble_14398/githubcom_treeformflatty/.git/objects/01/abf77aac2a4ae06b3f4d558e81d248e41a2681')
unlink('/tmp/nimble_14398/githubcom_treeformflatty/.git/objects/01/tmp_obj_W31kMe')
mkdir('/tmp/nimble_14398/githubcom_treeformflatty/.git/objects/6b', 0x00000000000001ff)
link('/tmp/nimble_14398/githubcom_treeformflatty/.git/objects/6b/tmp_obj_OD4ZJg', '/tmp/nimble_14398/githubcom_treeformflatty/.git/objects/6b/4deed63f84284a4988b34f4b1e98bc1acc5578')
unlink('/tmp/nimble_14398/githubcom_treeformflatty/.git/objects/6b/tmp_obj_OD4ZJg')
mkdir('/tmp/nimble_14398/githubcom_treeformflatty/.git/objects/73', 0x00000000000001ff)
link('/tmp/nimble_14398/githubcom_treeformflatty/.git/objects/73/tmp_obj_3zInId', '/tmp/nimble_14398/githubcom_treeformflatty/.git/objects/73/e648129f17de28de2faaf7d092c02f173302db')
unlink('/tmp/nimble_14398/githubcom_treeformflatty/.git/objects/73/tmp_obj_3zInId')
mkdir('/tmp/nimble_14398/githubcom_treeformflatty/.git/objects/72', 0x00000000000001ff)
link('/tmp/nimble_14398/githubcom_treeformflatty/.git/objects/72/tmp_obj_LcraGg', '/tmp/nimble_14398/githubcom_treeformflatty/.git/objects/72/0fc8268143fef2112979c0f8b04c33671d4fd0')
unlink('/tmp/nimble_14398/githubcom_treeformflatty/.git/objects/72/tmp_obj_LcraGg')
rename('/tmp/nimble_14398/githubcom_treeformflatty/.git/shallow.lock', '/tmp/nimble_14398/githubcom_treeformflatty/.git/shallow')
rename('/tmp/nimble_14398/githubcom_treeformflatty/.git/packed-refs.new', '/tmp/nimble_14398/githubcom_treeformflatty/.git/packed-refs')
unlink('/tmp/nimble_14398/githubcom_treeformflatty/.git/packed-refs.lock')
unlink('/tmp/nimble_14398/githubcom_treeformflatty/.git/refs/tags/0.1.1.lock')
mkdir('/tmp/nimble_14398/githubcom_treeformflatty/.git/logs', 0x00000000000001ff)
rename('/tmp/nimble_14398/githubcom_treeformflatty/.git/HEAD.lock', '/tmp/nimble_14398/githubcom_treeformflatty/.git/HEAD')
mkdir('.github', 0x00000000000001ff)
mkdir('.github/workflows', 0x00000000000001ff)
mkdir('src', 0x00000000000001ff)
mkdir('src/flatty', 0x00000000000001ff)
mkdir('tests', 0x00000000000001ff)
rename('/tmp/nimble_14398/githubcom_treeformflatty/.git/index.lock', '/tmp/nimble_14398/githubcom_treeformflatty/.git/index')
mkdir('/tmp', 0x00000000000001ff)
mkdir('/tmp/nimblecache', 0x00000000000001ff)
mkdir('/tmp/nimblecache/flatty_1073008669', 0x00000000000001ff)
unlink('/tmp/nimblecache/flatty_1073008669/flatty.ini')
unlink('/tmp/nimble_14398.out')
unlink('/tmp/nimble_14398/githubcom_treeformflatty/flatty_14398.nims')
mkdir('/home', 0x00000000000001ff)
mkdir('/home/runner', 0x00000000000001ff)
mkdir('/home/runner/.nimble', 0x00000000000001ff)
mkdir('/home/runner/.nimble/pkgs', 0x00000000000001ff)
mkdir('/home/runner/.nimble/pkgs/flatty-0.1.1', 0x00000000000001ff)
mkdir('/home', 0x00000000000001ff)
mkdir('/home/runner', 0x00000000000001ff)
mkdir('/home/runner/.nimble', 0x00000000000001ff)
mkdir('/home/runner/.nimble/pkgs', 0x00000000000001ff)
mkdir('/home/runner/.nimble/pkgs/flatty-0.1.1', 0x00000000000001ff)
mkdir('/home/runner/.nimble/pkgs/flatty-0.1.1/flatty', 0x00000000000001ff)
chmod('/home/runner/.nimble/pkgs/flatty-0.1.1/flatty/hashy.nim', 0x00000000000001a4)
mkdir('/home', 0x00000000000001ff)
mkdir('/home/runner', 0x00000000000001ff)
mkdir('/home/runner/.nimble', 0x00000000000001ff)
mkdir('/home/runner/.nimble/pkgs', 0x00000000000001ff)
mkdir('/home/runner/.nimble/pkgs/flatty-0.1.1', 0x00000000000001ff)
mkdir('/home/runner/.nimble/pkgs/flatty-0.1.1/flatty', 0x00000000000001ff)
chmod('/home/runner/.nimble/pkgs/flatty-0.1.1/flatty/binny.nim', 0x00000000000001a4)
mkdir('/home', 0x00000000000001ff)
mkdir('/home/runner', 0x00000000000001ff)
mkdir('/home/runner/.nimble', 0x00000000000001ff)
mkdir('/home/runner/.nimble/pkgs', 0x00000000000001ff)
mkdir('/home/runner/.nimble/pkgs/flatty-0.1.1', 0x00000000000001ff)
mkdir('/home/runner/.nimble/pkgs/flatty-0.1.1/flatty', 0x00000000000001ff)
chmod('/home/runner/.nimble/pkgs/flatty-0.1.1/flatty/hexprint.nim', 0x00000000000001a4)
mkdir('/home', 0x00000000000001ff)
mkdir('/home/runner', 0x00000000000001ff)
mkdir('/home/runner/.nimble', 0x00000000000001ff)
mkdir('/home/runner/.nimble/pkgs', 0x00000000000001ff)
mkdir('/home/runner/.nimble/pkgs/flatty-0.1.1', 0x00000000000001ff)
chmod('/home/runner/.nimble/pkgs/flatty-0.1.1/flatty.nim', 0x00000000000001a4)
chmod('/home/runner/.nimble/pkgs/flatty-0.1.1/flatty.nimble', 0x00000000000001a4)
mkdir('/tmp', 0x00000000000001ff)
mkdir('/tmp/nimblecache', 0x00000000000001ff)
mkdir('/tmp/nimblecache/flatty_2860323990', 0x00000000000001ff)
unlink('/tmp/nimblecache/flatty_2860323990/flatty.ini')
unlink('/tmp/nimble_14398.out')
unlink('/home/runner/.nimble/pkgs/flatty-0.1.1/flatty_14398.nims')
unlink('/tmp/nimble_14398/githubcom_treeformflatty/.gitignore')
unlink('/tmp/nimble_14398/githubcom_treeformflatty/src/flatty/hashy.nim')
unlink('/tmp/nimble_14398/githubcom_treeformflatty/src/flatty/binny.nim')
unlink('/tmp/nimble_14398/githubcom_treeformflatty/src/flatty/hexprint.nim')
rmdir('/tmp/nimble_14398/githubcom_treeformflatty/src/flatty')
unlink('/tmp/nimble_14398/githubcom_treeformflatty/src/flatty.nim')
rmdir('/tmp/nimble_14398/githubcom_treeformflatty/src')
unlink('/tmp/nimble_14398/githubcom_treeformflatty/flatty.nimble')
unlink('/tmp/nimble_14398/githubcom_treeformflatty/README.md')
unlink('/tmp/nimble_14398/githubcom_treeformflatty/tests/test_hexprint.nim')
unlink('/tmp/nimble_14398/githubcom_treeformflatty/tests/config.nims')
unlink('/tmp/nimble_14398/githubcom_treeformflatty/tests/test_hexprint-output.txt')
unlink('/tmp/nimble_14398/githubcom_treeformflatty/tests/test_flatty.nim')
unlink('/tmp/nimble_14398/githubcom_treeformflatty/tests/benchmark_hashy.nim')
unlink('/tmp/nimble_14398/githubcom_treeformflatty/tests/benchmark_binny.nim')
unlink('/tmp/nimble_14398/githubcom_treeformflatty/tests/hash_quality.nim')
unlink('/tmp/nimble_14398/githubcom_treeformflatty/tests/test_hashy.nim')
unlink('/tmp/nimble_14398/githubcom_treeformflatty/tests/test_binny.nim')
rmdir('/tmp/nimble_14398/githubcom_treeformflatty/tests')
unlink('/tmp/nimble_14398/githubcom_treeformflatty/.github/workflows/build.yml')
rmdir('/tmp/nimble_14398/githubcom_treeformflatty/.github/workflows')
rmdir('/tmp/nimble_14398/githubcom_treeformflatty/.github')
unlink('/tmp/nimble_14398/githubcom_treeformflatty/.git/packed-refs')
unlink('/tmp/nimble_14398/githubcom_treeformflatty/.git/objects/f0/0790451af60790cbcda6782e891f9b4bfc8b5d')
rmdir('/tmp/nimble_14398/githubcom_treeformflatty/.git/objects/f0')
unlink('/tmp/nimble_14398/githubcom_treeformflatty/.git/objects/37/3e82f2ee2e1597b8cc67b3c3e362e9b3f38fa8')
unlink('/tmp/nimble_14398/githubcom_treeformflatty/.git/objects/37/6624e901f68ea2b24ab1fcdb55a98fed5d9961')
rmdir('/tmp/nimble_14398/githubcom_treeformflatty/.git/objects/37')
unlink('/tmp/nimble_14398/githubcom_treeformflatty/.git/objects/40/03ec4bb9401249e516aafa3300eb6449e1cae2')
unlink('/tmp/nimble_14398/githubcom_treeformflatty/.git/objects/40/6fe5a8597fa0f41943dee47ebaea135374ef24')
rmdir('/tmp/nimble_14398/githubcom_treeformflatty/.git/objects/40')
unlink('/tmp/nimble_14398/githubcom_treeformflatty/.git/objects/0a/58d7a7b28c7a5459e0e37017f02ebfd167fb0f')
rmdir('/tmp/nimble_14398/githubcom_treeformflatty/.git/objects/0a')
unlink('/tmp/nimble_14398/githubcom_treeformflatty/.git/objects/aa/8e0dedb2f6420b12c267c2ad9788965bc86ce5')
unlink('/tmp/nimble_14398/githubcom_treeformflatty/.git/objects/aa/94d1c091f613a728db4c57f646e6a837cfb913')
rmdir('/tmp/nimble_14398/githubcom_treeformflatty/.git/objects/aa')
unlink('/tmp/nimble_14398/githubcom_treeformflatty/.git/objects/a1/f37e3086320fb5e0803528c087007cf7623da3')
unlink('/tmp/nimble_14398/githubcom_treeformflatty/.git/objects/a1/1920885228a6b999179d08784e41c20b173826')
rmdir('/tmp/nimble_14398/githubcom_treeformflatty/.git/objects/a1')
unlink('/tmp/nimble_14398/githubcom_treeformflatty/.git/objects/f7/18920f6543fdc5305f7f056fd02674c32f5aac')
rmdir('/tmp/nimble_14398/githubcom_treeformflatty/.git/objects/f7')
unlink('/tmp/nimble_14398/githubcom_treeformflatty/.git/objects/01/abf77aac2a4ae06b3f4d558e81d248e41a2681')
rmdir('/tmp/nimble_14398/githubcom_treeformflatty/.git/objects/01')
unlink('/tmp/nimble_14398/githubcom_treeformflatty/.git/objects/87/4482127f8629424e2e66a7c1f73200ba6304c3')
rmdir('/tmp/nimble_14398/githubcom_treeformflatty/.git/objects/87')
unlink('/tmp/nimble_14398/githubcom_treeformflatty/.git/objects/d3/93b6cd34e8f45f8e7513789aa34ee5e0b98eed')
rmdir('/tmp/nimble_14398/githubcom_treeformflatty/.git/objects/d3')
unlink('/tmp/nimble_14398/githubcom_treeformflatty/.git/objects/6b/4deed63f84284a4988b34f4b1e98bc1acc5578')
rmdir('/tmp/nimble_14398/githubcom_treeformflatty/.git/objects/6b')
unlink('/tmp/nimble_14398/githubcom_treeformflatty/.git/objects/da/bacd60ee17d62c5e8ec2660b7d6294b953a82a')
rmdir('/tmp/nimble_14398/githubcom_treeformflatty/.git/objects/da')
unlink('/tmp/nimble_14398/githubcom_treeformflatty/.git/objects/80/f714474d4b637512fb575a94c70c31d3823889')
rmdir('/tmp/nimble_14398/githubcom_treeformflatty/.git/objects/80')
unlink('/tmp/nimble_14398/githubcom_treeformflatty/.git/objects/3f/d3703a774250424b88b985b1e84306bb21c1c4')
rmdir('/tmp/nimble_14398/githubcom_treeformflatty/.git/objects/3f')
unlink('/tmp/nimble_14398/githubcom_treeformflatty/.git/objects/ed/e70183e4781a5cf03c7832bd78bff5087409f3')
rmdir('/tmp/nimble_14398/githubcom_treeformflatty/.git/objects/ed')
unlink('/tmp/nimble_14398/githubcom_treeformflatty/.git/objects/bf/d32fc252a474e78a9baf68d204d3928b05f569')
rmdir('/tmp/nimble_14398/githubcom_treeformflatty/.git/objects/bf')
unlink('/tmp/nimble_14398/githubcom_treeformflatty/.git/objects/5c/5139ff4cb66b5ca319f0bed6dac088f9545e21')
rmdir('/tmp/nimble_14398/githubcom_treeformflatty/.git/objects/5c')
unlink('/tmp/nimble_14398/githubcom_treeformflatty/.git/objects/72/0fc8268143fef2112979c0f8b04c33671d4fd0')
rmdir('/tmp/nimble_14398/githubcom_treeformflatty/.git/objects/72')
rmdir('/tmp/nimble_14398/githubcom_treeformflatty/.git/objects/info')
unlink('/tmp/nimble_14398/githubcom_treeformflatty/.git/objects/73/e648129f17de28de2faaf7d092c02f173302db')
rmdir('/tmp/nimble_14398/githubcom_treeformflatty/.git/objects/73')
unlink('/tmp/nimble_14398/githubcom_treeformflatty/.git/objects/3d/8112d129a16c1c3f0968e3a04a09ff8f9eeedc')
rmdir('/tmp/nimble_14398/githubcom_treeformflatty/.git/objects/3d')
rmdir('/tmp/nimble_14398/githubcom_treeformflatty/.git/objects/pack')
rmdir('/tmp/nimble_14398/githubcom_treeformflatty/.git/objects')
unlink('/tmp/nimble_14398/githubcom_treeformflatty/.git/logs/HEAD')
rmdir('/tmp/nimble_14398/githubcom_treeformflatty/.git/logs')
unlink('/tmp/nimble_14398/githubcom_treeformflatty/.git/index')
unlink('/tmp/nimble_14398/githubcom_treeformflatty/.git/shallow')
unlink('/tmp/nimble_14398/githubcom_treeformflatty/.git/hooks/prepare-commit-msg.sample')
unlink('/tmp/nimble_14398/githubcom_treeformflatty/.git/hooks/pre-applypatch.sample')
unlink('/tmp/nimble_14398/githubcom_treeformflatty/.git/hooks/pre-merge-commit.sample')
unlink('/tmp/nimble_14398/githubcom_treeformflatty/.git/hooks/commit-msg.sample')
unlink('/tmp/nimble_14398/githubcom_treeformflatty/.git/hooks/pre-push.sample')
unlink('/tmp/nimble_14398/githubcom_treeformflatty/.git/hooks/post-update.sample')
unlink('/tmp/nimble_14398/githubcom_treeformflatty/.git/hooks/pre-commit.sample')
unlink('/tmp/nimble_14398/githubcom_treeformflatty/.git/hooks/update.sample')
unlink('/tmp/nimble_14398/githubcom_treeformflatty/.git/hooks/applypatch-msg.sample')
unlink('/tmp/nimble_14398/githubcom_treeformflatty/.git/hooks/pre-rebase.sample')
unlink('/tmp/nimble_14398/githubcom_treeformflatty/.git/hooks/pre-receive.sample')
unlink('/tmp/nimble_14398/githubcom_treeformflatty/.git/hooks/fsmonitor-watchman.sample')
rmdir('/tmp/nimble_14398/githubcom_treeformflatty/.git/hooks')
unlink('/tmp/nimble_14398/githubcom_treeformflatty/.git/config')
unlink('/tmp/nimble_14398/githubcom_treeformflatty/.git/info/exclude')
rmdir('/tmp/nimble_14398/githubcom_treeformflatty/.git/info')
rmdir('/tmp/nimble_14398/githubcom_treeformflatty/.git/refs/tags')
rmdir('/tmp/nimble_14398/githubcom_treeformflatty/.git/refs/heads')
rmdir('/tmp/nimble_14398/githubcom_treeformflatty/.git/refs')
unlink('/tmp/nimble_14398/githubcom_treeformflatty/.git/HEAD')
rmdir('/tmp/nimble_14398/githubcom_treeformflatty/.git/branches')
unlink('/tmp/nimble_14398/githubcom_treeformflatty/.git/description')
rmdir('/tmp/nimble_14398/githubcom_treeformflatty/.git')
rmdir('/tmp/nimble_14398/githubcom_treeformflatty')
rmdir('/tmp/nimble_14398')
  create directory /tmp
  create directory /tmp/nimble_14398
  create directory /tmp/nimble_14398/githubcom_treeformflatty
  delete /tmp/nimble_14398/githubcom_treeformflatty
  create directory /tmp/nimble_14398/githubcom_treeformflatty
  create directory /tmp/nimble_14398/githubcom_treeformflatty/.git
  create directory /tmp/nimble_14398/githubcom_treeformflatty/.git
  create directory /tmp/nimble_14398/githubcom_treeformflatty/.git/hooks
  create directory /tmp/nimble_14398/githubcom_treeformflatty/.git/info
  create directory /tmp/nimble_14398/githubcom_treeformflatty/.git/branches
  create directory /tmp/nimble_14398/githubcom_treeformflatty/.git/refs
  create directory /tmp/nimble_14398/githubcom_treeformflatty/.git/refs/heads
  create directory /tmp/nimble_14398/githubcom_treeformflatty/.git/refs/tags
  rename /tmp/nimble_14398/githubcom_treeformflatty/.git/HEAD.lock to HEAD
  rename /tmp/nimble_14398/githubcom_treeformflatty/.git/config.lock to config
  change permissions of /tmp/nimble_14398/githubcom_treeformflatty/.git/config to rwxr--r--
  change permissions of /tmp/nimble_14398/githubcom_treeformflatty/.git/config to rw-r--r--
  change permissions of /tmp/nimble_14398/githubcom_treeformflatty/.git/config.lock to rw-r--r--
  rename /tmp/nimble_14398/githubcom_treeformflatty/.git/config.lock to config
  change permissions of /tmp/nimble_14398/githubcom_treeformflatty/.git/config.lock to rw-r--r--
  rename /tmp/nimble_14398/githubcom_treeformflatty/.git/config.lock to config
  change permissions of /tmp/nimble_14398/githubcom_treeformflatty/.git/config.lock to rw-r--r--
  rename /tmp/nimble_14398/githubcom_treeformflatty/.git/config.lock to config
  delete /tmp/nimble_14398/githubcom_treeformflatty/.git/tgQy318
  create symbolic link from /tmp/nimble_14398/githubcom_treeformflatty/.git/tgQy318 to /home/runner/work/nim_packages_security_audit/nim_packages_security_audit/testing
  delete /tmp/nimble_14398/githubcom_treeformflatty/.git/tgQy318
  create directory /tmp/nimble_14398/githubcom_treeformflatty/.git/objects
  create directory /tmp/nimble_14398/githubcom_treeformflatty/.git/objects/pack
  create directory /tmp/nimble_14398/githubcom_treeformflatty/.git/objects/info
  change permissions of /tmp/nimble_14398/githubcom_treeformflatty/.git/config.lock to rw-r--r--
  rename /tmp/nimble_14398/githubcom_treeformflatty/.git/config.lock to config
  change permissions of /tmp/nimble_14398/githubcom_treeformflatty/.git/config.lock to rw-r--r--
  rename /tmp/nimble_14398/githubcom_treeformflatty/.git/config.lock to config
  change permissions of /tmp/nimble_14398/githubcom_treeformflatty/.git/config.lock to rw-r--r--
  rename /tmp/nimble_14398/githubcom_treeformflatty/.git/config.lock to config
  change permissions of /tmp/nimble_14398/githubcom_treeformflatty/.git/config.lock to rw-r--r--
  rename /tmp/nimble_14398/githubcom_treeformflatty/.git/config.lock to config
  create directory /tmp/nimble_14398/githubcom_treeformflatty/.git/objects/3f
  create hard link from /tmp/nimble_14398/githubcom_treeformflatty/.git/objects/3f/d3703a774250424b88b985b1e84306bb21c1c4 to /tmp/nimble_14398/githubcom_treeformflatty/.git/objects/3f/tmp_obj_CLJHDk
  delete /tmp/nimble_14398/githubcom_treeformflatty/.git/objects/3f/tmp_obj_CLJHDk
  create directory /tmp/nimble_14398/githubcom_treeformflatty/.git/objects/da
  create hard link from /tmp/nimble_14398/githubcom_treeformflatty/.git/objects/da/bacd60ee17d62c5e8ec2660b7d6294b953a82a to /tmp/nimble_14398/githubcom_treeformflatty/.git/objects/da/tmp_obj_gUHvAm
  delete /tmp/nimble_14398/githubcom_treeformflatty/.git/objects/da/tmp_obj_gUHvAm
  create directory /tmp/nimble_14398/githubcom_treeformflatty/.git/objects/40
  create hard link from /tmp/nimble_14398/githubcom_treeformflatty/.git/objects/40/03ec4bb9401249e516aafa3300eb6449e1cae2 to /tmp/nimble_14398/githubcom_treeformflatty/.git/objects/40/tmp_obj_UsjTAo
  delete /tmp/nimble_14398/githubcom_treeformflatty/.git/objects/40/tmp_obj_UsjTAo
  create directory /tmp/nimble_14398/githubcom_treeformflatty/.git/objects/37
  create hard link from /tmp/nimble_14398/githubcom_treeformflatty/.git/objects/37/6624e901f68ea2b24ab1fcdb55a98fed5d9961 to /tmp/nimble_14398/githubcom_treeformflatty/.git/objects/37/tmp_obj_m5nTkr
  delete /tmp/nimble_14398/githubcom_treeformflatty/.git/objects/37/tmp_obj_m5nTkr
  create hard link from /tmp/nimble_14398/githubcom_treeformflatty/.git/objects/40/6fe5a8597fa0f41943dee47ebaea135374ef24 to /tmp/nimble_14398/githubcom_treeformflatty/.git/objects/40/tmp_obj_0rfcJt
  delete /tmp/nimble_14398/githubcom_treeformflatty/.git/objects/40/tmp_obj_0rfcJt
  create directory /tmp/nimble_14398/githubcom_treeformflatty/.git/objects/aa
  create hard link from /tmp/nimble_14398/githubcom_treeformflatty/.git/objects/aa/94d1c091f613a728db4c57f646e6a837cfb913 to /tmp/nimble_14398/githubcom_treeformflatty/.git/objects/aa/tmp_obj_KZc82x
  delete /tmp/nimble_14398/githubcom_treeformflatty/.git/objects/aa/tmp_obj_KZc82x
  create directory /tmp/nimble_14398/githubcom_treeformflatty/.git/objects/80
  create hard link from /tmp/nimble_14398/githubcom_treeformflatty/.git/objects/80/f714474d4b637512fb575a94c70c31d3823889 to /tmp/nimble_14398/githubcom_treeformflatty/.git/objects/80/tmp_obj_G9Kg0B
  delete /tmp/nimble_14398/githubcom_treeformflatty/.git/objects/80/tmp_obj_G9Kg0B
  create directory /tmp/nimble_14398/githubcom_treeformflatty/.git/objects/87
  create hard link from /tmp/nimble_14398/githubcom_treeformflatty/.git/objects/87/4482127f8629424e2e66a7c1f73200ba6304c3 to /tmp/nimble_14398/githubcom_treeformflatty/.git/objects/87/tmp_obj_sA2SnC
  delete /tmp/nimble_14398/githubcom_treeformflatty/.git/objects/87/tmp_obj_sA2SnC
  create directory /tmp/nimble_14398/githubcom_treeformflatty/.git/objects/ed
  create hard link from /tmp/nimble_14398/githubcom_treeformflatty/.git/objects/ed/e70183e4781a5cf03c7832bd78bff5087409f3 to /tmp/nimble_14398/githubcom_treeformflatty/.git/objects/ed/tmp_obj_Or2xGI
  delete /tmp/nimble_14398/githubcom_treeformflatty/.git/objects/ed/tmp_obj_Or2xGI
  create directory /tmp/nimble_14398/githubcom_treeformflatty/.git/objects/bf
  create hard link from /tmp/nimble_14398/githubcom_treeformflatty/.git/objects/bf/d32fc252a474e78a9baf68d204d3928b05f569 to /tmp/nimble_14398/githubcom_treeformflatty/.git/objects/bf/tmp_obj_sa5k6H
  delete /tmp/nimble_14398/githubcom_treeformflatty/.git/objects/bf/tmp_obj_sa5k6H
  create hard link from /tmp/nimble_14398/githubcom_treeformflatty/.git/objects/37/3e82f2ee2e1597b8cc67b3c3e362e9b3f38fa8 to /tmp/nimble_14398/githubcom_treeformflatty/.git/objects/37/tmp_obj_ShivtJ
  delete /tmp/nimble_14398/githubcom_treeformflatty/.git/objects/37/tmp_obj_ShivtJ
  create directory /tmp/nimble_14398/githubcom_treeformflatty/.git/objects/3d
  create hard link from /tmp/nimble_14398/githubcom_treeformflatty/.git/objects/3d/8112d129a16c1c3f0968e3a04a09ff8f9eeedc to /tmp/nimble_14398/githubcom_treeformflatty/.git/objects/3d/tmp_obj_yzeY6P
  delete /tmp/nimble_14398/githubcom_treeformflatty/.git/objects/3d/tmp_obj_yzeY6P
  create directory /tmp/nimble_14398/githubcom_treeformflatty/.git/objects/d3
  create hard link from /tmp/nimble_14398/githubcom_treeformflatty/.git/objects/d3/93b6cd34e8f45f8e7513789aa34ee5e0b98eed to /tmp/nimble_14398/githubcom_treeformflatty/.git/objects/d3/tmp_obj_4hJUST
  delete /tmp/nimble_14398/githubcom_treeformflatty/.git/objects/d3/tmp_obj_4hJUST
  create directory /tmp/nimble_14398/githubcom_treeformflatty/.git/objects/a1
  create hard link from /tmp/nimble_14398/githubcom_treeformflatty/.git/objects/a1/f37e3086320fb5e0803528c087007cf7623da3 to /tmp/nimble_14398/githubcom_treeformflatty/.git/objects/a1/tmp_obj_OFTLDV
  delete /tmp/nimble_14398/githubcom_treeformflatty/.git/objects/a1/tmp_obj_OFTLDV
  create directory /tmp/nimble_14398/githubcom_treeformflatty/.git/objects/f0
  create hard link from /tmp/nimble_14398/githubcom_treeformflatty/.git/objects/f0/0790451af60790cbcda6782e891f9b4bfc8b5d to /tmp/nimble_14398/githubcom_treeformflatty/.git/objects/f0/tmp_obj_MSoG60
  delete /tmp/nimble_14398/githubcom_treeformflatty/.git/objects/f0/tmp_obj_MSoG60
  create directory /tmp/nimble_14398/githubcom_treeformflatty/.git/objects/0a
  create hard link from /tmp/nimble_14398/githubcom_treeformflatty/.git/objects/0a/58d7a7b28c7a5459e0e37017f02ebfd167fb0f to /tmp/nimble_14398/githubcom_treeformflatty/.git/objects/0a/tmp_obj_woztm3
  delete /tmp/nimble_14398/githubcom_treeformflatty/.git/objects/0a/tmp_obj_woztm3
  create directory /tmp/nimble_14398/githubcom_treeformflatty/.git/objects/f7
  create hard link from /tmp/nimble_14398/githubcom_treeformflatty/.git/objects/f7/18920f6543fdc5305f7f056fd02674c32f5aac to /tmp/nimble_14398/githubcom_treeformflatty/.git/objects/f7/tmp_obj_UIffF5
  delete /tmp/nimble_14398/githubcom_treeformflatty/.git/objects/f7/tmp_obj_UIffF5
  create hard link from /tmp/nimble_14398/githubcom_treeformflatty/.git/objects/a1/1920885228a6b999179d08784e41c20b173826 to /tmp/nimble_14398/githubcom_treeformflatty/.git/objects/a1/tmp_obj_yjMPH8
  delete /tmp/nimble_14398/githubcom_treeformflatty/.git/objects/a1/tmp_obj_yjMPH8
  create directory /tmp/nimble_14398/githubcom_treeformflatty/.git/objects/5c
  create hard link from /tmp/nimble_14398/githubcom_treeformflatty/.git/objects/5c/5139ff4cb66b5ca319f0bed6dac088f9545e21 to /tmp/nimble_14398/githubcom_treeformflatty/.git/objects/5c/tmp_obj_0R0pn9
  delete /tmp/nimble_14398/githubcom_treeformflatty/.git/objects/5c/tmp_obj_0R0pn9
  create hard link from /tmp/nimble_14398/githubcom_treeformflatty/.git/objects/aa/8e0dedb2f6420b12c267c2ad9788965bc86ce5 to /tmp/nimble_14398/githubcom_treeformflatty/.git/objects/aa/tmp_obj_mnhDQb
  delete /tmp/nimble_14398/githubcom_treeformflatty/.git/objects/aa/tmp_obj_mnhDQb
  create directory /tmp/nimble_14398/githubcom_treeformflatty/.git/objects/01
  create hard link from /tmp/nimble_14398/githubcom_treeformflatty/.git/objects/01/abf77aac2a4ae06b3f4d558e81d248e41a2681 to /tmp/nimble_14398/githubcom_treeformflatty/.git/objects/01/tmp_obj_W31kMe
  delete /tmp/nimble_14398/githubcom_treeformflatty/.git/objects/01/tmp_obj_W31kMe
  create directory /tmp/nimble_14398/githubcom_treeformflatty/.git/objects/6b
  create hard link from /tmp/nimble_14398/githubcom_treeformflatty/.git/objects/6b/4deed63f84284a4988b34f4b1e98bc1acc5578 to /tmp/nimble_14398/githubcom_treeformflatty/.git/objects/6b/tmp_obj_OD4ZJg
  delete /tmp/nimble_14398/githubcom_treeformflatty/.git/objects/6b/tmp_obj_OD4ZJg
  create directory /tmp/nimble_14398/githubcom_treeformflatty/.git/objects/73
  create hard link from /tmp/nimble_14398/githubcom_treeformflatty/.git/objects/73/e648129f17de28de2faaf7d092c02f173302db to /tmp/nimble_14398/githubcom_treeformflatty/.git/objects/73/tmp_obj_3zInId
  delete /tmp/nimble_14398/githubcom_treeformflatty/.git/objects/73/tmp_obj_3zInId
  create directory /tmp/nimble_14398/githubcom_treeformflatty/.git/objects/72
  create hard link from /tmp/nimble_14398/githubcom_treeformflatty/.git/objects/72/0fc8268143fef2112979c0f8b04c33671d4fd0 to /tmp/nimble_14398/githubcom_treeformflatty/.git/objects/72/tmp_obj_LcraGg
  delete /tmp/nimble_14398/githubcom_treeformflatty/.git/objects/72/tmp_obj_LcraGg
  rename /tmp/nimble_14398/githubcom_treeformflatty/.git/shallow.lock to shallow
  rename /tmp/nimble_14398/githubcom_treeformflatty/.git/packed-refs.new to packed-refs
  delete /tmp/nimble_14398/githubcom_treeformflatty/.git/packed-refs.lock
  delete /tmp/nimble_14398/githubcom_treeformflatty/.git/refs/tags/0.1.1.lock
  create directory /tmp/nimble_14398/githubcom_treeformflatty/.git/logs
  rename /tmp/nimble_14398/githubcom_treeformflatty/.git/HEAD.lock to HEAD
  create directory /tmp/nimble_14398/githubcom_treeformflatty/.github
  create directory /tmp/nimble_14398/githubcom_treeformflatty/.github/workflows
  create directory /tmp/nimble_14398/githubcom_treeformflatty/src
  create directory /tmp/nimble_14398/githubcom_treeformflatty/src/flatty
  create directory /tmp/nimble_14398/githubcom_treeformflatty/tests
  rename /tmp/nimble_14398/githubcom_treeformflatty/.git/index.lock to index
  create directory /tmp
  create directory /tmp/nimblecache
  create directory /tmp/nimblecache/flatty_1073008669
  delete /tmp/nimblecache/flatty_1073008669/flatty.ini
  delete /tmp/nimble_14398.out
  delete /tmp/nimble_14398/githubcom_treeformflatty/flatty_14398.nims
  create directory /home
  create directory /home/runner
  create directory /home/runner/.nimble
  create directory /home/runner/.nimble/pkgs
  create directory /home/runner/.nimble/pkgs/flatty-0.1.1
  create directory /home
  create directory /home/runner
  create directory /home/runner/.nimble
  create directory /home/runner/.nimble/pkgs
  create directory /home/runner/.nimble/pkgs/flatty-0.1.1
  create directory /home/runner/.nimble/pkgs/flatty-0.1.1/flatty
  change permissions of /home/runner/.nimble/pkgs/flatty-0.1.1/flatty/hashy.nim to rw-r--r--
  create directory /home
  create directory /home/runner
  create directory /home/runner/.nimble
  create directory /home/runner/.nimble/pkgs
  create directory /home/runner/.nimble/pkgs/flatty-0.1.1
  create directory /home/runner/.nimble/pkgs/flatty-0.1.1/flatty
  change permissions of /home/runner/.nimble/pkgs/flatty-0.1.1/flatty/binny.nim to rw-r--r--
  create directory /home
  create directory /home/runner
  create directory /home/runner/.nimble
  create directory /home/runner/.nimble/pkgs
  create directory /home/runner/.nimble/pkgs/flatty-0.1.1
  create directory /home/runner/.nimble/pkgs/flatty-0.1.1/flatty
  change permissions of /home/runner/.nimble/pkgs/flatty-0.1.1/flatty/hexprint.nim to rw-r--r--
  create directory /home
  create directory /home/runner
  create directory /home/runner/.nimble
  create directory /home/runner/.nimble/pkgs
  create directory /home/runner/.nimble/pkgs/flatty-0.1.1
  change permissions of /home/runner/.nimble/pkgs/flatty-0.1.1/flatty.nim to rw-r--r--
  change permissions of /home/runner/.nimble/pkgs/flatty-0.1.1/flatty.nimble to rw-r--r--
  create directory /tmp
  create directory /tmp/nimblecache
  create directory /tmp/nimblecache/flatty_2860323990
  delete /tmp/nimblecache/flatty_2860323990/flatty.ini
  delete /tmp/nimble_14398.out
  delete /home/runner/.nimble/pkgs/flatty-0.1.1/flatty_14398.nims
  delete /tmp/nimble_14398/githubcom_treeformflatty/.gitignore
  delete /tmp/nimble_14398/githubcom_treeformflatty/src/flatty/hashy.nim
  delete /tmp/nimble_14398/githubcom_treeformflatty/src/flatty/binny.nim
  delete /tmp/nimble_14398/githubcom_treeformflatty/src/flatty/hexprint.nim
  delete /tmp/nimble_14398/githubcom_treeformflatty/src/flatty
  delete /tmp/nimble_14398/githubcom_treeformflatty/src/flatty.nim
  delete /tmp/nimble_14398/githubcom_treeformflatty/src
  delete /tmp/nimble_14398/githubcom_treeformflatty/flatty.nimble
  delete /tmp/nimble_14398/githubcom_treeformflatty/README.md
  delete /tmp/nimble_14398/githubcom_treeformflatty/tests/test_hexprint.nim
  delete /tmp/nimble_14398/githubcom_treeformflatty/tests/config.nims
  delete /tmp/nimble_14398/githubcom_treeformflatty/tests/test_hexprint-output.txt
  delete /tmp/nimble_14398/githubcom_treeformflatty/tests/test_flatty.nim
  delete /tmp/nimble_14398/githubcom_treeformflatty/tests/benchmark_hashy.nim
  delete /tmp/nimble_14398/githubcom_treeformflatty/tests/benchmark_binny.nim
  delete /tmp/nimble_14398/githubcom_treeformflatty/tests/hash_quality.nim
  delete /tmp/nimble_14398/githubcom_treeformflatty/tests/test_hashy.nim
  delete /tmp/nimble_14398/githubcom_treeformflatty/tests/test_binny.nim
  delete /tmp/nimble_14398/githubcom_treeformflatty/tests
  delete /tmp/nimble_14398/githubcom_treeformflatty/.github/workflows/build.yml
  delete /tmp/nimble_14398/githubcom_treeformflatty/.github/workflows
  delete /tmp/nimble_14398/githubcom_treeformflatty/.github
  delete /tmp/nimble_14398/githubcom_treeformflatty/.git/packed-refs
  delete /tmp/nimble_14398/githubcom_treeformflatty/.git/objects/f0/0790451af60790cbcda6782e891f9b4bfc8b5d
  delete /tmp/nimble_14398/githubcom_treeformflatty/.git/objects/f0
  delete /tmp/nimble_14398/githubcom_treeformflatty/.git/objects/37/3e82f2ee2e1597b8cc67b3c3e362e9b3f38fa8
  delete /tmp/nimble_14398/githubcom_treeformflatty/.git/objects/37/6624e901f68ea2b24ab1fcdb55a98fed5d9961
  delete /tmp/nimble_14398/githubcom_treeformflatty/.git/objects/37
  delete /tmp/nimble_14398/githubcom_treeformflatty/.git/objects/40/03ec4bb9401249e516aafa3300eb6449e1cae2
  delete /tmp/nimble_14398/githubcom_treeformflatty/.git/objects/40/6fe5a8597fa0f41943dee47ebaea135374ef24
  delete /tmp/nimble_14398/githubcom_treeformflatty/.git/objects/40
  delete /tmp/nimble_14398/githubcom_treeformflatty/.git/objects/0a/58d7a7b28c7a5459e0e37017f02ebfd167fb0f
  delete /tmp/nimble_14398/githubcom_treeformflatty/.git/objects/0a
  delete /tmp/nimble_14398/githubcom_treeformflatty/.git/objects/aa/8e0dedb2f6420b12c267c2ad9788965bc86ce5
  delete /tmp/nimble_14398/githubcom_treeformflatty/.git/objects/aa/94d1c091f613a728db4c57f646e6a837cfb913
  delete /tmp/nimble_14398/githubcom_treeformflatty/.git/objects/aa
  delete /tmp/nimble_14398/githubcom_treeformflatty/.git/objects/a1/f37e3086320fb5e0803528c087007cf7623da3
  delete /tmp/nimble_14398/githubcom_treeformflatty/.git/objects/a1/1920885228a6b999179d08784e41c20b173826
  delete /tmp/nimble_14398/githubcom_treeformflatty/.git/objects/a1
  delete /tmp/nimble_14398/githubcom_treeformflatty/.git/objects/f7/18920f6543fdc5305f7f056fd02674c32f5aac
  delete /tmp/nimble_14398/githubcom_treeformflatty/.git/objects/f7
  delete /tmp/nimble_14398/githubcom_treeformflatty/.git/objects/01/abf77aac2a4ae06b3f4d558e81d248e41a2681
  delete /tmp/nimble_14398/githubcom_treeformflatty/.git/objects/01
  delete /tmp/nimble_14398/githubcom_treeformflatty/.git/objects/87/4482127f8629424e2e66a7c1f73200ba6304c3
  delete /tmp/nimble_14398/githubcom_treeformflatty/.git/objects/87
  delete /tmp/nimble_14398/githubcom_treeformflatty/.git/objects/d3/93b6cd34e8f45f8e7513789aa34ee5e0b98eed
  delete /tmp/nimble_14398/githubcom_treeformflatty/.git/objects/d3
  delete /tmp/nimble_14398/githubcom_treeformflatty/.git/objects/6b/4deed63f84284a4988b34f4b1e98bc1acc5578
  delete /tmp/nimble_14398/githubcom_treeformflatty/.git/objects/6b
  delete /tmp/nimble_14398/githubcom_treeformflatty/.git/objects/da/bacd60ee17d62c5e8ec2660b7d6294b953a82a
  delete /tmp/nimble_14398/githubcom_treeformflatty/.git/objects/da
  delete /tmp/nimble_14398/githubcom_treeformflatty/.git/objects/80/f714474d4b637512fb575a94c70c31d3823889
  delete /tmp/nimble_14398/githubcom_treeformflatty/.git/objects/80
  delete /tmp/nimble_14398/githubcom_treeformflatty/.git/objects/3f/d3703a774250424b88b985b1e84306bb21c1c4
  delete /tmp/nimble_14398/githubcom_treeformflatty/.git/objects/3f
  delete /tmp/nimble_14398/githubcom_treeformflatty/.git/objects/ed/e70183e4781a5cf03c7832bd78bff5087409f3
  delete /tmp/nimble_14398/githubcom_treeformflatty/.git/objects/ed
  delete /tmp/nimble_14398/githubcom_treeformflatty/.git/objects/bf/d32fc252a474e78a9baf68d204d3928b05f569
  delete /tmp/nimble_14398/githubcom_treeformflatty/.git/objects/bf
  delete /tmp/nimble_14398/githubcom_treeformflatty/.git/objects/5c/5139ff4cb66b5ca319f0bed6dac088f9545e21
  delete /tmp/nimble_14398/githubcom_treeformflatty/.git/objects/5c
  delete /tmp/nimble_14398/githubcom_treeformflatty/.git/objects/72/0fc8268143fef2112979c0f8b04c33671d4fd0
  delete /tmp/nimble_14398/githubcom_treeformflatty/.git/objects/72
  delete /tmp/nimble_14398/githubcom_treeformflatty/.git/objects/info
  delete /tmp/nimble_14398/githubcom_treeformflatty/.git/objects/73/e648129f17de28de2faaf7d092c02f173302db
  delete /tmp/nimble_14398/githubcom_treeformflatty/.git/objects/73
  delete /tmp/nimble_14398/githubcom_treeformflatty/.git/objects/3d/8112d129a16c1c3f0968e3a04a09ff8f9eeedc
  delete /tmp/nimble_14398/githubcom_treeformflatty/.git/objects/3d
  delete /tmp/nimble_14398/githubcom_treeformflatty/.git/objects/pack
  delete /tmp/nimble_14398/githubcom_treeformflatty/.git/objects
  delete /tmp/nimble_14398/githubcom_treeformflatty/.git/logs/HEAD
  delete /tmp/nimble_14398/githubcom_treeformflatty/.git/logs
  delete /tmp/nimble_14398/githubcom_treeformflatty/.git/index
  delete /tmp/nimble_14398/githubcom_treeformflatty/.git/shallow
  delete /tmp/nimble_14398/githubcom_treeformflatty/.git/hooks/prepare-commit-msg.sample
  delete /tmp/nimble_14398/githubcom_treeformflatty/.git/hooks/pre-applypatch.sample
  delete /tmp/nimble_14398/githubcom_treeformflatty/.git/hooks/pre-merge-commit.sample
  delete /tmp/nimble_14398/githubcom_treeformflatty/.git/hooks/commit-msg.sample
  delete /tmp/nimble_14398/githubcom_treeformflatty/.git/hooks/pre-push.sample
  delete /tmp/nimble_14398/githubcom_treeformflatty/.git/hooks/post-update.sample
  delete /tmp/nimble_14398/githubcom_treeformflatty/.git/hooks/pre-commit.sample
  delete /tmp/nimble_14398/githubcom_treeformflatty/.git/hooks/update.sample
  delete /tmp/nimble_14398/githubcom_treeformflatty/.git/hooks/applypatch-msg.sample
  delete /tmp/nimble_14398/githubcom_treeformflatty/.git/hooks/pre-rebase.sample
  delete /tmp/nimble_14398/githubcom_treeformflatty/.git/hooks/pre-receive.sample
  delete /tmp/nimble_14398/githubcom_treeformflatty/.git/hooks/fsmonitor-watchman.sample
  delete /tmp/nimble_14398/githubcom_treeformflatty/.git/hooks
  delete /tmp/nimble_14398/githubcom_treeformflatty/.git/config
  delete /tmp/nimble_14398/githubcom_treeformflatty/.git/info/exclude
  delete /tmp/nimble_14398/githubcom_treeformflatty/.git/info
  delete /tmp/nimble_14398/githubcom_treeformflatty/.git/refs/tags
  delete /tmp/nimble_14398/githubcom_treeformflatty/.git/refs/heads
  delete /tmp/nimble_14398/githubcom_treeformflatty/.git/refs
  delete /tmp/nimble_14398/githubcom_treeformflatty/.git/HEAD
  delete /tmp/nimble_14398/githubcom_treeformflatty/.git/branches
  delete /tmp/nimble_14398/githubcom_treeformflatty/.git/description
  delete /tmp/nimble_14398/githubcom_treeformflatty/.git
  delete /tmp/nimble_14398/githubcom_treeformflatty
  delete /tmp/nimble_14398
