      Info: Package cache path /home/runner/.nimble/pkgcache
     Info:  Nimble data file "/home/runner/.nimble/nimbledata2.json" has been loaded.
    Reading official package list
Downloading https://github.com/enthus1ast/formatja using git
   Warning: The package has no tagged releases, downloading HEAD instead.
open('/workspace/destdir/ssl/openssl.cnf', 32768, 0x00000000000001b6)
open('/home/runner/.config/nimble/nimble.ini', 557056, 0x00000000000001b6)
open('/home/runner/.config/babel/babel.ini', 557056, 0x00000000000001b6)
writev(1, 0x00007ffd483fbde0, 2)
open('/home/runner/.nimble/nimbledata2.json', 557056, 0x00000000000001b6)
writev(1, 0x00007ffd483fbeb0, 2)
writev(1, 0x00007ffd4ff96c00, 2)
writev(1, 0x00007ffd4ff96c90, 2)
writev(1, 0x00007ffd4ff96c90, 2)
writev(1, 0x00007ffd4ff96c90, 2)
writev(1, 0x00007ffd483fa9d0, 2)
open('/home/runner/.nimble/packages_official.json', 557056, 0x00000000000001b6)
mkdir('/home/', 0x00000000000001ff)
mkdir('/home/runner/', 0x00000000000001ff)
mkdir('/home/runner/.nimble/', 0x00000000000001ff)
mkdir('/home/runner/.nimble/pkgcache/', 0x00000000000001ff)
mkdir('/home/runner/.nimble/pkgcache/githubcom_enthus1astformatja', 0x00000000000001ff)
open('/home/runner/.nimble/pkgcache/githubcom_enthus1astformatja', 622592, 0x0000000000000000)
writev(1, 0x00007ffd483faac0, 2)
open('/home/runner/.nimble/pkgcache/githubcom_enthus1astformatja', 622592, 0x0000000000000000)
rmdir('/home/runner/.nimble/pkgcache/githubcom_enthus1astformatja')
writev(1, 0x00007ffd483fa9b0, 2)
mkdir(93970464639728, 0x00000000000001ff)
Error tracing process: readBytes(0x00005577342a0af0, 256) error: [Errno 5] Input/output error.
