      Info: Package cache path /home/runner/.nimble/pkgcache
     Info:  Nimble data file "/home/runner/.nimble/nimbledata2.json" has been loaded.
    Reading official package list
Downloading https://github.com/fragworks/frag using git
   Warning: The package has no tagged releases, downloading HEAD instead.
open('/workspace/destdir/ssl/openssl.cnf', 32768, 0x00000000000001b6)
open('/home/runner/.config/nimble/nimble.ini', 557056, 0x00000000000001b6)
open('/home/runner/.config/babel/babel.ini', 557056, 0x00000000000001b6)
writev(1, 0x00007ffd13c947b0, 2)
open('/home/runner/.nimble/nimbledata2.json', 557056, 0x00000000000001b6)
writev(1, 0x00007ffd13c94880, 2)
writev(1, 0x00007ffc17c36c00, 2)
writev(1, 0x00007ffc17c36c90, 2)
writev(1, 0x00007ffc17c36c90, 2)
writev(1, 0x00007ffc17c36c90, 2)
writev(1, 0x00007ffd13c93260, 2)
open('/home/runner/.nimble/packages_official.json', 557056, 0x00000000000001b6)
mkdir('/home/', 0x00000000000001ff)
mkdir('/home/runner/', 0x00000000000001ff)
mkdir('/home/runner/.nimble/', 0x00000000000001ff)
mkdir('/home/runner/.nimble/pkgcache/', 0x00000000000001ff)
mkdir('/home/runner/.nimble/pkgcache/githubcom_fragworksfrag', 0x00000000000001ff)
open('/home/runner/.nimble/pkgcache/githubcom_fragworksfrag', 622592, 0x0000000000000000)
writev(1, 0x00007ffd13c93340, 2)
open('/home/runner/.nimble/pkgcache/githubcom_fragworksfrag', 622592, 0x0000000000000000)
rmdir('/home/runner/.nimble/pkgcache/githubcom_fragworksfrag')
writev(1, 0x00007ffd13c93230, 2)
mkdir(94826619185392, 0x00000000000001ff)
Error tracing process: readBytes(0x0000563e8af3a8f0, 256) error: [Errno 5] Input/output error.
