      Info: Package cache path /home/runner/.nimble/pkgcache
     Info:  Nimble data file "/home/runner/.nimble/nimbledata2.json" has been loaded.
    Reading official package list
Downloading https://github.com/achesak/nim-freegeoip using git
download.nim(89)         getTagsListRemote

    Error:  Unable to query remote tags for https://github.com/achesak/nim-freegeoip. Git returned: remote: Repository not found.
        ... fatal: repository 'https://github.com/achesak/nim-freegeoip/' not found
     Info:  Nimble data file "/home/runner/.nimble/nimbledata2.json" has been saved.
open('/workspace/destdir/ssl/openssl.cnf', 32768, 0x00000000000001b6)
open('/home/runner/.config/nimble/nimble.ini', 557056, 0x00000000000001b6)
open('/home/runner/.config/babel/babel.ini', 557056, 0x00000000000001b6)
writev(1, 0x00007fff415fb850, 2)
open('/home/runner/.nimble/nimbledata2.json', 557056, 0x00000000000001b6)
writev(1, 0x00007fff415fb920, 2)
writev(1, 0x00007fffb0924280, 2)
writev(1, 0x00007fffb0924310, 2)
writev(1, 0x00007fffb0924310, 2)
writev(1, 0x00007fffb0924310, 2)
writev(1, 0x00007fff415fa440, 2)
open('/home/runner/.nimble/packages_official.json', 557056, 0x00000000000001b6)
mkdir('/home/', 0x00000000000001ff)
mkdir('/home/runner/', 0x00000000000001ff)
mkdir('/home/runner/.nimble/', 0x00000000000001ff)
mkdir('/home/runner/.nimble/pkgcache/', 0x00000000000001ff)
mkdir('/home/runner/.nimble/pkgcache/githubcom_achesaknimfreegeoip', 0x00000000000001ff)
open('/home/runner/.nimble/pkgcache/githubcom_achesaknimfreegeoip', 622592, 0x0000000000000000)
writev(1, 0x00007fff415fa530, 2)
open('/home/runner/.nimble/pkgcache/githubcom_achesaknimfreegeoip', 622592, 0x0000000000000000)
rmdir('/home/runner/.nimble/pkgcache/githubcom_achesaknimfreegeoip')
writev(1, 0x00007fff415fba40, 2)
writev(1, 0x00007fff415fb910, 2)
writev(1, 0x00007fff415fb910, 2)
open('/tmp/nimble_2272', 622592, 0x0000000000000000)
rmdir('/tmp/nimble_2272')
open('/home/runner/.nimble/nimbledata2.json', 557633, 0x00000000000001b6)
writev(3, 0x00007fff415fb910, 2)
writev(1, 0x00007fff415fb900, 2)
  create directory /home
  create directory /home/runner
  create directory /home/runner/.nimble
  create directory /home/runner/.nimble/pkgcache
  create directory /home/runner/.nimble/pkgcache/githubcom_achesaknimfreegeoip
  delete /home/runner/.nimble/pkgcache/githubcom_achesaknimfreegeoip
  delete /tmp/nimble_2272
  truncate file /home/runner/.nimble/nimbledata2.json
