     Info:  Nimble data file "/home/runner/.nimble/nimbledata2.json" has been loaded.
    Reading official package list
Downloading https://git.sr.ht/~ehmry/freedesktop_org using git
    Cloning latest tagged version: 20230210
open('/workspace/destdir/ssl/openssl.cnf', 32768, 0x00000000000001b6)
open('/home/runner/.config/nimble/nimble.ini', 557056, 0x00000000000001b6)
open('/home/runner/.config/babel/babel.ini', 557056, 0x00000000000001b6)
open('/home/runner/.nimble/nimbledata2.json', 557056, 0x00000000000001b6)
writev(1, 0x00007ffe1802ed90, 2)
open('/home/runner/work/nim_packages_security_audit/nim_packages_security_audit', 622592, 0x0000000000000000)
writev(1, 0x00007ffe1802d9c0, 2)
open('/home/runner/.nimble/packages_official.json', 557056, 0x00000000000001b6)
mkdir('/tmp/', 0x00000000000001ff)
mkdir('/tmp/nimble_3018/', 0x00000000000001ff)
mkdir('/tmp/nimble_3018/gitsrht_ehmryfreedesktoporg', 0x00000000000001ff)
open('/tmp/nimble_3018/gitsrht_ehmryfreedesktoporg', 622592, 0x0000000000000000)
writev(1, 0x00007ffe1802da80, 2)
open('/tmp/nimble_3018/gitsrht_ehmryfreedesktoporg', 622592, 0x0000000000000000)
rmdir('/tmp/nimble_3018/gitsrht_ehmryfreedesktoporg')
writev(1, 0x00007ffe1802d970, 2)
mkdir(94490634667632, 0x00000000000001ff)
Error tracing process: readBytes(0x000055f050b6c670, 256) error: [Errno 5] Input/output error.
