    Reading official package list
Downloading https://github.com/jangko/freetype using git
  Verifying dependencies for freetype@0.1.1
 Installing freetype@0.1.1
    Copying file /tmp/nimble_13894/githubcom_jangkofreetype/freetype/ftlist.nim to /home/runner/.nimble/pkgs/freetype-0.1.1/freetype/ftlist.nim
    Copying file /tmp/nimble_13894/githubcom_jangkofreetype/freetype/ftlcdfil.nim to /home/runner/.nimble/pkgs/freetype-0.1.1/freetype/ftlcdfil.nim
    Copying file /tmp/nimble_13894/githubcom_jangkofreetype/freetype/fttrigon.nim to /home/runner/.nimble/pkgs/freetype-0.1.1/freetype/fttrigon.nim
    Copying file /tmp/nimble_13894/githubcom_jangkofreetype/freetype/ftmodapi.nim to /home/runner/.nimble/pkgs/freetype-0.1.1/freetype/ftmodapi.nim
mkdir('/tmp', 0x00000000000001ff)
mkdir('/tmp/nimble_13894', 0x00000000000001ff)
mkdir('/tmp/nimble_13894/githubcom_jangkofreetype', 0x00000000000001ff)
rmdir('/tmp/nimble_13894/githubcom_jangkofreetype')
mkdir('/tmp/nimble_13894/githubcom_jangkofreetype', 0x00000000000001ff)
mkdir('/tmp/nimble_13894/githubcom_jangkofreetype/.git', 0x00000000000001ff)
mkdir('/tmp/nimble_13894/githubcom_jangkofreetype/.git/', 0x00000000000001ff)
mkdir('/tmp/nimble_13894/githubcom_jangkofreetype/.git/branches/', 0x00000000000001ff)
mkdir('/tmp/nimble_13894/githubcom_jangkofreetype/.git/hooks/', 0x00000000000001ff)
mkdir('/tmp/nimble_13894/githubcom_jangkofreetype/.git/info/', 0x00000000000001ff)
mkdir('/tmp/nimble_13894/githubcom_jangkofreetype/.git/refs', 0x00000000000001ff)
mkdir('/tmp/nimble_13894/githubcom_jangkofreetype/.git/refs/heads', 0x00000000000001ff)
mkdir('/tmp/nimble_13894/githubcom_jangkofreetype/.git/refs/tags', 0x00000000000001ff)
rename('/tmp/nimble_13894/githubcom_jangkofreetype/.git/HEAD.lock', '/tmp/nimble_13894/githubcom_jangkofreetype/.git/HEAD')
rename('/tmp/nimble_13894/githubcom_jangkofreetype/.git/config.lock', '/tmp/nimble_13894/githubcom_jangkofreetype/.git/config')
chmod('/tmp/nimble_13894/githubcom_jangkofreetype/.git/config', 0x00000000000081e4)
chmod('/tmp/nimble_13894/githubcom_jangkofreetype/.git/config', 0x00000000000081a4)
chmod('/tmp/nimble_13894/githubcom_jangkofreetype/.git/config.lock', 0x00000000000001a4)
rename('/tmp/nimble_13894/githubcom_jangkofreetype/.git/config.lock', '/tmp/nimble_13894/githubcom_jangkofreetype/.git/config')
chmod('/tmp/nimble_13894/githubcom_jangkofreetype/.git/config.lock', 0x00000000000001a4)
rename('/tmp/nimble_13894/githubcom_jangkofreetype/.git/config.lock', '/tmp/nimble_13894/githubcom_jangkofreetype/.git/config')
chmod('/tmp/nimble_13894/githubcom_jangkofreetype/.git/config.lock', 0x00000000000001a4)
rename('/tmp/nimble_13894/githubcom_jangkofreetype/.git/config.lock', '/tmp/nimble_13894/githubcom_jangkofreetype/.git/config')
unlink('/tmp/nimble_13894/githubcom_jangkofreetype/.git/t0Jitc9')
symlink('testing', '/tmp/nimble_13894/githubcom_jangkofreetype/.git/t0Jitc9')
unlink('/tmp/nimble_13894/githubcom_jangkofreetype/.git/t0Jitc9')
mkdir('/tmp/nimble_13894/githubcom_jangkofreetype/.git/objects', 0x00000000000001ff)
mkdir('/tmp/nimble_13894/githubcom_jangkofreetype/.git/objects/pack', 0x00000000000001ff)
mkdir('/tmp/nimble_13894/githubcom_jangkofreetype/.git/objects/info', 0x00000000000001ff)
chmod('/tmp/nimble_13894/githubcom_jangkofreetype/.git/config.lock', 0x00000000000001a4)
rename('/tmp/nimble_13894/githubcom_jangkofreetype/.git/config.lock', '/tmp/nimble_13894/githubcom_jangkofreetype/.git/config')
chmod('/tmp/nimble_13894/githubcom_jangkofreetype/.git/config.lock', 0x00000000000001a4)
rename('/tmp/nimble_13894/githubcom_jangkofreetype/.git/config.lock', '/tmp/nimble_13894/githubcom_jangkofreetype/.git/config')
chmod('/tmp/nimble_13894/githubcom_jangkofreetype/.git/config.lock', 0x00000000000001a4)
rename('/tmp/nimble_13894/githubcom_jangkofreetype/.git/config.lock', '/tmp/nimble_13894/githubcom_jangkofreetype/.git/config')
link('/tmp/nimble_13894/githubcom_jangkofreetype/.git/objects/pack/tmp_pack_McurQb', '/tmp/nimble_13894/githubcom_jangkofreetype/.git/objects/pack/pack-01395c51767442b991e7e9d57df34e7cc771c4e3.pack')
unlink('/tmp/nimble_13894/githubcom_jangkofreetype/.git/objects/pack/tmp_pack_McurQb')
link('/tmp/nimble_13894/githubcom_jangkofreetype/.git/objects/pack/tmp_idx_M4NpxB', '/tmp/nimble_13894/githubcom_jangkofreetype/.git/objects/pack/pack-01395c51767442b991e7e9d57df34e7cc771c4e3.idx')
unlink('/tmp/nimble_13894/githubcom_jangkofreetype/.git/objects/pack/tmp_idx_M4NpxB')
rename('/tmp/nimble_13894/githubcom_jangkofreetype/.git/shallow.lock', '/tmp/nimble_13894/githubcom_jangkofreetype/.git/shallow')
rename('/tmp/nimble_13894/githubcom_jangkofreetype/.git/packed-refs.new', '/tmp/nimble_13894/githubcom_jangkofreetype/.git/packed-refs')
unlink('/tmp/nimble_13894/githubcom_jangkofreetype/.git/packed-refs.lock')
mkdir('/tmp/nimble_13894/githubcom_jangkofreetype/.git/refs/remotes', 0x00000000000001ff)
mkdir('/tmp/nimble_13894/githubcom_jangkofreetype/.git/refs/remotes/origin', 0x00000000000001ff)
mkdir('/tmp/nimble_13894/githubcom_jangkofreetype/.git/logs', 0x00000000000001ff)
mkdir('/tmp/nimble_13894/githubcom_jangkofreetype/.git/logs/refs', 0x00000000000001ff)
mkdir('/tmp/nimble_13894/githubcom_jangkofreetype/.git/logs/refs/remotes', 0x00000000000001ff)
mkdir('/tmp/nimble_13894/githubcom_jangkofreetype/.git/logs/refs/remotes/origin', 0x00000000000001ff)
rename('/tmp/nimble_13894/githubcom_jangkofreetype/.git/refs/remotes/origin/HEAD.lock', '/tmp/nimble_13894/githubcom_jangkofreetype/.git/refs/remotes/origin/HEAD')
rename('/tmp/nimble_13894/githubcom_jangkofreetype/.git/HEAD.lock', '/tmp/nimble_13894/githubcom_jangkofreetype/.git/HEAD')
mkdir('/tmp/nimble_13894/githubcom_jangkofreetype/.git/logs/refs/heads', 0x00000000000001ff)
rename('/tmp/nimble_13894/githubcom_jangkofreetype/.git/refs/heads/master.lock', '/tmp/nimble_13894/githubcom_jangkofreetype/.git/refs/heads/master')
unlink('/tmp/nimble_13894/githubcom_jangkofreetype/.git/HEAD.lock')
chmod('/tmp/nimble_13894/githubcom_jangkofreetype/.git/config.lock', 0x00000000000001a4)
rename('/tmp/nimble_13894/githubcom_jangkofreetype/.git/config.lock', '/tmp/nimble_13894/githubcom_jangkofreetype/.git/config')
chmod('/tmp/nimble_13894/githubcom_jangkofreetype/.git/config.lock', 0x00000000000001a4)
rename('/tmp/nimble_13894/githubcom_jangkofreetype/.git/config.lock', '/tmp/nimble_13894/githubcom_jangkofreetype/.git/config')
unlink('/tmp/nimble_13894/githubcom_jangkofreetype/.git/objects/pack/pack-01395c51767442b991e7e9d57df34e7cc771c4e3.keep')
mkdir('freetype', 0x00000000000001ff)
rename('/tmp/nimble_13894/githubcom_jangkofreetype/.git/index.lock', '/tmp/nimble_13894/githubcom_jangkofreetype/.git/index')
mkdir('/home', 0x00000000000001ff)
mkdir('/home/runner', 0x00000000000001ff)
mkdir('/home/runner/.nimble', 0x00000000000001ff)
mkdir('/home/runner/.nimble/pkgs', 0x00000000000001ff)
mkdir('/home/runner/.nimble/pkgs/freetype-0.1.1', 0x00000000000001ff)
mkdir('/home', 0x00000000000001ff)
mkdir('/home/runner', 0x00000000000001ff)
mkdir('/home/runner/.nimble', 0x00000000000001ff)
mkdir('/home/runner/.nimble/pkgs', 0x00000000000001ff)
mkdir('/home/runner/.nimble/pkgs/freetype-0.1.1', 0x00000000000001ff)
mkdir('/home/runner/.nimble/pkgs/freetype-0.1.1/freetype', 0x00000000000001ff)
chmod('/home/runner/.nimble/pkgs/freetype-0.1.1/freetype/ftlist.nim', 0x00000000000001a4)
mkdir('/home', 0x00000000000001ff)
mkdir('/home/runner', 0x00000000000001ff)
mkdir('/home/runner/.nimble', 0x00000000000001ff)
mkdir('/home/runner/.nimble/pkgs', 0x00000000000001ff)
mkdir('/home/runner/.nimble/pkgs/freetype-0.1.1', 0x00000000000001ff)
mkdir('/home/runner/.nimble/pkgs/freetype-0.1.1/freetype', 0x00000000000001ff)
chmod('/home/runner/.nimble/pkgs/freetype-0.1.1/freetype/ftlcdfil.nim', 0x00000000000001a4)
mkdir('/home', 0x00000000000001ff)
mkdir('/home/runner', 0x00000000000001ff)
mkdir('/home/runner/.nimble', 0x00000000000001ff)
mkdir('/home/runner/.nimble/pkgs', 0x00000000000001ff)
mkdir('/home/runner/.nimble/pkgs/freetype-0.1.1', 0x00000000000001ff)
mkdir('/home/runner/.nimble/pkgs/freetype-0.1.1/freetype', 0x00000000000001ff)
chmod('/home/runner/.nimble/pkgs/freetype-0.1.1/freetype/fttrigon.nim', 0x00000000000001a4)
mkdir('/home', 0x00000000000001ff)
mkdir('/home/runner', 0x00000000000001ff)
mkdir('/home/runner/.nimble', 0x00000000000001ff)
mkdir('/home/runner/.nimble/pkgs', 0x00000000000001ff)
mkdir('/home/runner/.nimble/pkgs/freetype-0.1.1', 0x00000000000001ff)
mkdir('/home/runner/.nimble/pkgs/freetype-0.1.1/freetype', 0x00000000000001ff)
chmod('/home/runner/.nimble/pkgs/freetype-0.1.1/freetype/ftmodapi.nim', 0x00000000000001a4)
mkdir('/home', 0x00000000000001ff)
mkdir('/home/runner', 0x00000000000001ff)
mkdir('/home/runner/.nimble', 0x00000000000001ff)
mkdir('/home/runner/.nimble/pkgs', 0x00000000000001ff)
mkdir('/home/runner/.nimble/pkgs/freetype-0.1.1', 0x00000000000001ff)
mkdir('/home/runner/.nimble/pkgs/freetype-0.1.1/freetype', 0x00000000000001ff)    Copying file /tmp/nimble_13894/githubcom_jangkofreetype/freetype/t1tables.nim to /home/runner/.nimble/pkgs/freetype-0.1.1/freetype/t1tables.nim
    Copying file /tmp/nimble_13894/githubcom_jangkofreetype/freetype/ftsynth.nim to /home/runner/.nimble/pkgs/freetype-0.1.1/freetype/ftsynth.nim
    Copying file /tmp/nimble_13894/githubcom_jangkofreetype/freetype/freetype.nim to /home/runner/.nimble/pkgs/freetype-0.1.1/freetype/freetype.nim
    Copying file /tmp/nimble_13894/githubcom_jangkofreetype/freetype/ftgzip.nim to /home/runner/.nimble/pkgs/freetype-0.1.1/freetype/ftgzip.nim
    Copying file /tmp/nimble_13894/githubcom_jangkofreetype/freetype/ftimage.nim to /home/runner/.nimble/pkgs/freetype-0.1.1/freetype/ftimage.nim
    Copying file /tmp/nimble_13894/githubcom_jangkofreetype/freetype/tttags.nim to /home/runner/.nimble/pkgs/freetype-0.1.1/freetype/tttags.nim
    Copying file /tmp/nimble_13894/githubcom_jangkofreetype/freetype/ftfntfmt.nim to /home/runner/.nimble/pkgs/freetype-0.1.1/freetype/ftfntfmt.nim
    Copying file /tmp/nimble_13894/githubcom_jangkofreetype/freetype/ftsystem.nim to /home/runner/.nimble/pkgs/freetype-0.1.1/freetype/ftsystem.nim
    Copying file /tmp/nimble_13894/githubcom_jangkofreetype/freetype/ftgasp.nim to /home/runner/.nimble/pkgs/freetype-0.1.1/freetype/ftgasp.nim
    Copying file /tmp/nimble_13894/githubcom_jangkofreetype/freetype/ftoutln.nim to /home/runner/.nimble/pkgs/freetype-0.1.1/freetype/ftoutln.nim
    Copying file /tmp/nimble_13894/githubcom_jangkofreetype/freetype/ftlzw.nim to /home/runner/.nimble/pkgs/freetype-0.1.1/freetype/ftlzw.nim
    Copying file /tmp/nimble_13894/githubcom_jangkofreetype/freetype/ftpfr.nim to /home/runner/.nimble/pkgs/freetype-0.1.1/freetype/ftpfr.nim
    Copying file /tmp/nimble_13894/githubcom_jangkofreetype/freetype/ftglyph.nim to /home/runner/.nimble/pkgs/freetype-0.1.1/freetype/ftglyph.nim
    Copying file /tmp/nimble_13894/githubcom_jangkofreetype/freetype/ftcffdrv.nim to /home/runner/.nimble/pkgs/freetype-0.1.1/freetype/ftcffdrv.nim
    Copying file /tmp/nimble_13894/githubcom_jangkofreetype/freetype/ftmm.nim to /home/runner/.nimble/pkgs/freetype-0.1.1/freetype/ftmm.nim
    Copying file /tmp/nimble_13894/githubcom_jangkofreetype/freetype/ftttdrv.nim to /home/runner/.nimble/pkgs/freetype-0.1.1/freetype/ftttdrv.nim
    Copying file /tmp/nimble_13894/githubcom_jangkofreetype/freetype/ftautoh.nim to /home/runner/.nimble/pkgs/freetype-0.1.1/freetype/ftautoh.nim
    Copying file /tmp/nimble_13894/githubcom_jangkofreetype/freetype/ftwinfnt.nim to /home/runner/.nimble/pkgs/freetype-0.1.1/freetype/ftwinfnt.nim
    Copying file /tmp/nimble_13894/githubcom_jangkofreetype/freetype/ftbitmap.nim to /home/runner/.nimble/pkgs/freetype-0.1.1/freetype/ftbitmap.nim
    Copying file /tmp/nimble_13894/githubcom_jangkofreetype/freetype/ttnameid.nim to /home/runner/.nimble/pkgs/freetype-0.1.1/freetype/ttnameid.nim

chmod('/home/runner/.nimble/pkgs/freetype-0.1.1/freetype/t1tables.nim', 0x00000000000001a4)
mkdir('/home', 0x00000000000001ff)
mkdir('/home/runner', 0x00000000000001ff)
mkdir('/home/runner/.nimble', 0x00000000000001ff)
mkdir('/home/runner/.nimble/pkgs', 0x00000000000001ff)
mkdir('/home/runner/.nimble/pkgs/freetype-0.1.1', 0x00000000000001ff)
mkdir('/home/runner/.nimble/pkgs/freetype-0.1.1/freetype', 0x00000000000001ff)
chmod('/home/runner/.nimble/pkgs/freetype-0.1.1/freetype/ftsynth.nim', 0x00000000000001a4)
mkdir('/home', 0x00000000000001ff)
mkdir('/home/runner', 0x00000000000001ff)
mkdir('/home/runner/.nimble', 0x00000000000001ff)
mkdir('/home/runner/.nimble/pkgs', 0x00000000000001ff)
mkdir('/home/runner/.nimble/pkgs/freetype-0.1.1', 0x00000000000001ff)
mkdir('/home/runner/.nimble/pkgs/freetype-0.1.1/freetype', 0x00000000000001ff)
chmod('/home/runner/.nimble/pkgs/freetype-0.1.1/freetype/freetype.nim', 0x00000000000001a4)
mkdir('/home', 0x00000000000001ff)
mkdir('/home/runner', 0x00000000000001ff)
mkdir('/home/runner/.nimble', 0x00000000000001ff)
mkdir('/home/runner/.nimble/pkgs', 0x00000000000001ff)
mkdir('/home/runner/.nimble/pkgs/freetype-0.1.1', 0x00000000000001ff)
mkdir('/home/runner/.nimble/pkgs/freetype-0.1.1/freetype', 0x00000000000001ff)
chmod('/home/runner/.nimble/pkgs/freetype-0.1.1/freetype/ftgzip.nim', 0x00000000000001a4)
mkdir('/home', 0x00000000000001ff)
mkdir('/home/runner', 0x00000000000001ff)
mkdir('/home/runner/.nimble', 0x00000000000001ff)
mkdir('/home/runner/.nimble/pkgs', 0x00000000000001ff)
mkdir('/home/runner/.nimble/pkgs/freetype-0.1.1', 0x00000000000001ff)
mkdir('/home/runner/.nimble/pkgs/freetype-0.1.1/freetype', 0x00000000000001ff)
chmod('/home/runner/.nimble/pkgs/freetype-0.1.1/freetype/ftimage.nim', 0x00000000000001a4)
mkdir('/home', 0x00000000000001ff)
mkdir('/home/runner', 0x00000000000001ff)
mkdir('/home/runner/.nimble', 0x00000000000001ff)
mkdir('/home/runner/.nimble/pkgs', 0x00000000000001ff)
mkdir('/home/runner/.nimble/pkgs/freetype-0.1.1', 0x00000000000001ff)
mkdir('/home/runner/.nimble/pkgs/freetype-0.1.1/freetype', 0x00000000000001ff)
chmod('/home/runner/.nimble/pkgs/freetype-0.1.1/freetype/tttags.nim', 0x00000000000001a4)
mkdir('/home', 0x00000000000001ff)
mkdir('/home/runner', 0x00000000000001ff)
mkdir('/home/runner/.nimble', 0x00000000000001ff)
mkdir('/home/runner/.nimble/pkgs', 0x00000000000001ff)
mkdir('/home/runner/.nimble/pkgs/freetype-0.1.1', 0x00000000000001ff)
mkdir('/home/runner/.nimble/pkgs/freetype-0.1.1/freetype', 0x00000000000001ff)
chmod('/home/runner/.nimble/pkgs/freetype-0.1.1/freetype/ftfntfmt.nim', 0x00000000000001a4)
mkdir('/home', 0x00000000000001ff)
mkdir('/home/runner', 0x00000000000001ff)
mkdir('/home/runner/.nimble', 0x00000000000001ff)
mkdir('/home/runner/.nimble/pkgs', 0x00000000000001ff)
mkdir('/home/runner/.nimble/pkgs/freetype-0.1.1', 0x00000000000001ff)
mkdir('/home/runner/.nimble/pkgs/freetype-0.1.1/freetype', 0x00000000000001ff)
chmod('/home/runner/.nimble/pkgs/freetype-0.1.1/freetype/ftsystem.nim', 0x00000000000001a4)
mkdir('/home', 0x00000000000001ff)
mkdir('/home/runner', 0x00000000000001ff)
mkdir('/home/runner/.nimble', 0x00000000000001ff)
mkdir('/home/runner/.nimble/pkgs', 0x00000000000001ff)
mkdir('/home/runner/.nimble/pkgs/freetype-0.1.1', 0x00000000000001ff)
mkdir('/home/runner/.nimble/pkgs/freetype-0.1.1/freetype', 0x00000000000001ff)
chmod('/home/runner/.nimble/pkgs/freetype-0.1.1/freetype/ftgasp.nim', 0x00000000000001a4)
mkdir('/home', 0x00000000000001ff)
mkdir('/home/runner', 0x00000000000001ff)
mkdir('/home/runner/.nimble', 0x00000000000001ff)
mkdir('/home/runner/.nimble/pkgs', 0x00000000000001ff)
mkdir('/home/runner/.nimble/pkgs/freetype-0.1.1', 0x00000000000001ff)
mkdir('/home/runner/.nimble/pkgs/freetype-0.1.1/freetype', 0x00000000000001ff)
chmod('/home/runner/.nimble/pkgs/freetype-0.1.1/freetype/ftoutln.nim', 0x00000000000001a4)
mkdir('/home', 0x00000000000001ff)
mkdir('/home/runner', 0x00000000000001ff)
mkdir('/home/runner/.nimble', 0x00000000000001ff)
mkdir('/home/runner/.nimble/pkgs', 0x00000000000001ff)
mkdir('/home/runner/.nimble/pkgs/freetype-0.1.1', 0x00000000000001ff)
mkdir('/home/runner/.nimble/pkgs/freetype-0.1.1/freetype', 0x00000000000001ff)
chmod('/home/runner/.nimble/pkgs/freetype-0.1.1/freetype/ftlzw.nim', 0x00000000000001a4)
mkdir('/home', 0x00000000000001ff)
mkdir('/home/runner', 0x00000000000001ff)
mkdir('/home/runner/.nimble', 0x00000000000001ff)
mkdir('/home/runner/.nimble/pkgs', 0x00000000000001ff)
mkdir('/home/runner/.nimble/pkgs/freetype-0.1.1', 0x00000000000001ff)
mkdir('/home/runner/.nimble/pkgs/freetype-0.1.1/freetype', 0x00000000000001ff)
chmod('/home/runner/.nimble/pkgs/freetype-0.1.1/freetype/ftpfr.nim', 0x00000000000001a4)
mkdir('/home', 0x00000000000001ff)
mkdir('/home/runner', 0x00000000000001ff)
mkdir('/home/runner/.nimble', 0x00000000000001ff)
mkdir('/home/runner/.nimble/pkgs', 0x00000000000001ff)
mkdir('/home/runner/.nimble/pkgs/freetype-0.1.1', 0x00000000000001ff)
mkdir('/home/runner/.nimble/pkgs/freetype-0.1.1/freetype', 0x00000000000001ff)
chmod('/home/runner/.nimble/pkgs/freetype-0.1.1/freetype/ftglyph.nim', 0x00000000000001a4)
mkdir('/home', 0x00000000000001ff)
mkdir('/home/runner', 0x00000000000001ff)
mkdir('/home/runner/.nimble', 0x00000000000001ff)
mkdir('/home/runner/.nimble/pkgs', 0x00000000000001ff)
mkdir('/home/runner/.nimble/pkgs/freetype-0.1.1', 0x00000000000001ff)
mkdir('/home/runner/.nimble/pkgs/freetype-0.1.1/freetype', 0x00000000000001ff)
chmod('/home/runner/.nimble/pkgs/freetype-0.1.1/freetype/ftcffdrv.nim', 0x00000000000001a4)
mkdir('/home', 0x00000000000001ff)
mkdir('/home/runner', 0x00000000000001ff)
mkdir('/home/runner/.nimble', 0x00000000000001ff)
mkdir('/home/runner/.nimble/pkgs', 0x00000000000001ff)
mkdir('/home/runner/.nimble/pkgs/freetype-0.1.1', 0x00000000000001ff)
mkdir('/home/runner/.nimble/pkgs/freetype-0.1.1/freetype', 0x00000000000001ff)
chmod('/home/runner/.nimble/pkgs/freetype-0.1.1/freetype/ftmm.nim', 0x00000000000001a4)
mkdir('/home', 0x00000000000001ff)
mkdir('/home/runner', 0x00000000000001ff)
mkdir('/home/runner/.nimble', 0x00000000000001ff)
mkdir('/home/runner/.nimble/pkgs', 0x00000000000001ff)
mkdir('/home/runner/.nimble/pkgs/freetype-0.1.1', 0x00000000000001ff)
mkdir('/home/runner/.nimble/pkgs/freetype-0.1.1/freetype', 0x00000000000001ff)
chmod('/home/runner/.nimble/pkgs/freetype-0.1.1/freetype/ftttdrv.nim', 0x00000000000001a4)
mkdir('/home', 0x00000000000001ff)
mkdir('/home/runner', 0x00000000000001ff)
mkdir('/home/runner/.nimble', 0x00000000000001ff)
mkdir('/home/runner/.nimble/pkgs', 0x00000000000001ff)
mkdir('/home/runner/.nimble/pkgs/freetype-0.1.1', 0x00000000000001ff)
mkdir('/home/runner/.nimble/pkgs/freetype-0.1.1/freetype', 0x00000000000001ff)
chmod('/home/runner/.nimble/pkgs/freetype-0.1.1/freetype/ftautoh.nim', 0x00000000000001a4)
mkdir('/home', 0x00000000000001ff)
mkdir('/home/runner', 0x00000000000001ff)
mkdir('/home/runner/.nimble', 0x00000000000001ff)
mkdir('/home/runner/.nimble/pkgs', 0x00000000000001ff)
mkdir('/home/runner/.nimble/pkgs/freetype-0.1.1', 0x00000000000001ff)
mkdir('/home/runner/.nimble/pkgs/freetype-0.1.1/freetype', 0x00000000000001ff)
chmod('/home/runner/.nimble/pkgs/freetype-0.1.1/freetype/ftwinfnt.nim', 0x00000000000001a4)
mkdir('/home', 0x00000000000001ff)
mkdir('/home/runner', 0x00000000000001ff)
mkdir('/home/runner/.nimble', 0x00000000000001ff)
mkdir('/home/runner/.nimble/pkgs', 0x00000000000001ff)
mkdir('/home/runner/.nimble/pkgs/freetype-0.1.1', 0x00000000000001ff)
mkdir('/home/runner/.nimble/pkgs/freetype-0.1.1/freetype', 0x00000000000001ff)
chmod('/home/runner/.nimble/pkgs/freetype-0.1.1/freetype/ftbitmap.nim', 0x00000000000001a4)
mkdir('/home', 0x00000000000001ff)
mkdir('/home/runner', 0x00000000000001ff)
mkdir('/home/runner/.nimble', 0x00000000000001ff)
mkdir('/home/runner/.nimble/pkgs', 0x00000000000001ff)
mkdir('/home/runner/.nimble/pkgs/freetype-0.1.1', 0x00000000000001ff)
mkdir('/home/runner/.nimble/pkgs/freetype-0.1.1/freetype', 0x00000000000001ff)
chmod('/home/runner/.nimble/pkgs/freetype-0.1.1/freetype/ttnameid.nim', 0x00000000000001a4)
mkdir('/home', 0x00000000000001ff)
mkdir('/home/runner', 0x00000000000001ff)
mkdir('/home/runner/.nimble', 0x00000000000001ff)    Copying file /tmp/nimble_13894/githubcom_jangkofreetype/freetype/ftsizes.nim to /home/runner/.nimble/pkgs/freetype-0.1.1/freetype/ftsizes.nim
    Copying file /tmp/nimble_13894/githubcom_jangkofreetype/freetype/fttypes.nim to /home/runner/.nimble/pkgs/freetype-0.1.1/freetype/fttypes.nim
    Copying file /tmp/nimble_13894/githubcom_jangkofreetype/freetype/ftbzip2.nim to /home/runner/.nimble/pkgs/freetype-0.1.1/freetype/ftbzip2.nim
    Copying file /tmp/nimble_13894/githubcom_jangkofreetype/freetype/ftmac.nim to /home/runner/.nimble/pkgs/freetype-0.1.1/freetype/ftmac.nim
    Copying file /tmp/nimble_13894/githubcom_jangkofreetype/freetype/ftbdf.nim to /home/runner/.nimble/pkgs/freetype-0.1.1/freetype/ftbdf.nim
    Copying file /tmp/nimble_13894/githubcom_jangkofreetype/freetype/tttables.nim to /home/runner/.nimble/pkgs/freetype-0.1.1/freetype/tttables.nim
    Copying file /tmp/nimble_13894/githubcom_jangkofreetype/freetype/ftbbox.nim to /home/runner/.nimble/pkgs/freetype-0.1.1/freetype/ftbbox.nim
    Copying file /tmp/nimble_13894/githubcom_jangkofreetype/freetype/ftotval.nim to /home/runner/.nimble/pkgs/freetype-0.1.1/freetype/ftotval.nim
    Copying file /tmp/nimble_13894/githubcom_jangkofreetype/freetype/ftincrem.nim to /home/runner/.nimble/pkgs/freetype-0.1.1/freetype/ftincrem.nim
    Copying file /tmp/nimble_13894/githubcom_jangkofreetype/freetype/ftcache.nim to /home/runner/.nimble/pkgs/freetype-0.1.1/freetype/ftcache.nim
    Copying file /tmp/nimble_13894/githubcom_jangkofreetype/freetype/ttunpat.nim to /home/runner/.nimble/pkgs/freetype-0.1.1/freetype/ttunpat.nim
    Copying file /tmp/nimble_13894/githubcom_jangkofreetype/freetype/ftsnames.nim to /home/runner/.nimble/pkgs/freetype-0.1.1/freetype/ftsnames.nim
    Copying file /tmp/nimble_13894/githubcom_jangkofreetype/freetype/ftimport.nim to /home/runner/.nimble/pkgs/freetype-0.1.1/freetype/ftimport.nim
    Copying file /tmp/nimble_13894/githubcom_jangkofreetype/freetype/ftadvanc.nim to /home/runner/.nimble/pkgs/freetype-0.1.1/freetype/ftadvanc.nim
    Copying file /tmp/nimble_13894/githubcom_jangkofreetype/freetype/ftstroke.nim to /home/runner/.nimble/pkgs/freetype-0.1.1/freetype/ftstroke.nim
    Copying file /tmp/nimble_13894/githubcom_jangkofreetype/freetype/ftcid.nim to /home/runner/.nimble/pkgs/freetype-0.1.1/freetype/ftcid.nim
    Copying file /tmp/nimble_13894/githubcom_jangkofreetype/freetype/ftmoderr.nim to /home/runner/.nimble/pkgs/freetype-0.1.1/freetype/ftmoderr.nim
    Copying file /tmp/nimble_13894/githubcom_jangkofreetype/freetype/fterrdef.nim to /home/runner/.nimble/pkgs/freetype-0.1.1/freetype/fterrdef.nim
    Copying file /tmp/nimble_13894/githubcom_jangkofreetype/freetype/ftgxval.nim to /home/runner/.nimble/pkgs/freetype-0.1.1/freetype/ftgxval.nim
    Copying file /tmp/nimble_13894/githubcom_jangkofreetype/freetype.nimble to /home/runner/.nimble/pkgs/freetype-0.1.1/freetype.nimble
   Success: freetype installed successfully.

mkdir('/home/runner/.nimble/pkgs', 0x00000000000001ff)
mkdir('/home/runner/.nimble/pkgs/freetype-0.1.1', 0x00000000000001ff)
mkdir('/home/runner/.nimble/pkgs/freetype-0.1.1/freetype', 0x00000000000001ff)
chmod('/home/runner/.nimble/pkgs/freetype-0.1.1/freetype/ftsizes.nim', 0x00000000000001a4)
mkdir('/home', 0x00000000000001ff)
mkdir('/home/runner', 0x00000000000001ff)
mkdir('/home/runner/.nimble', 0x00000000000001ff)
mkdir('/home/runner/.nimble/pkgs', 0x00000000000001ff)
mkdir('/home/runner/.nimble/pkgs/freetype-0.1.1', 0x00000000000001ff)
mkdir('/home/runner/.nimble/pkgs/freetype-0.1.1/freetype', 0x00000000000001ff)
chmod('/home/runner/.nimble/pkgs/freetype-0.1.1/freetype/fttypes.nim', 0x00000000000001a4)
mkdir('/home', 0x00000000000001ff)
mkdir('/home/runner', 0x00000000000001ff)
mkdir('/home/runner/.nimble', 0x00000000000001ff)
mkdir('/home/runner/.nimble/pkgs', 0x00000000000001ff)
mkdir('/home/runner/.nimble/pkgs/freetype-0.1.1', 0x00000000000001ff)
mkdir('/home/runner/.nimble/pkgs/freetype-0.1.1/freetype', 0x00000000000001ff)
chmod('/home/runner/.nimble/pkgs/freetype-0.1.1/freetype/ftbzip2.nim', 0x00000000000001a4)
mkdir('/home', 0x00000000000001ff)
mkdir('/home/runner', 0x00000000000001ff)
mkdir('/home/runner/.nimble', 0x00000000000001ff)
mkdir('/home/runner/.nimble/pkgs', 0x00000000000001ff)
mkdir('/home/runner/.nimble/pkgs/freetype-0.1.1', 0x00000000000001ff)
mkdir('/home/runner/.nimble/pkgs/freetype-0.1.1/freetype', 0x00000000000001ff)
chmod('/home/runner/.nimble/pkgs/freetype-0.1.1/freetype/ftmac.nim', 0x00000000000001a4)
mkdir('/home', 0x00000000000001ff)
mkdir('/home/runner', 0x00000000000001ff)
mkdir('/home/runner/.nimble', 0x00000000000001ff)
mkdir('/home/runner/.nimble/pkgs', 0x00000000000001ff)
mkdir('/home/runner/.nimble/pkgs/freetype-0.1.1', 0x00000000000001ff)
mkdir('/home/runner/.nimble/pkgs/freetype-0.1.1/freetype', 0x00000000000001ff)
chmod('/home/runner/.nimble/pkgs/freetype-0.1.1/freetype/ftbdf.nim', 0x00000000000001a4)
mkdir('/home', 0x00000000000001ff)
mkdir('/home/runner', 0x00000000000001ff)
mkdir('/home/runner/.nimble', 0x00000000000001ff)
mkdir('/home/runner/.nimble/pkgs', 0x00000000000001ff)
mkdir('/home/runner/.nimble/pkgs/freetype-0.1.1', 0x00000000000001ff)
mkdir('/home/runner/.nimble/pkgs/freetype-0.1.1/freetype', 0x00000000000001ff)
chmod('/home/runner/.nimble/pkgs/freetype-0.1.1/freetype/tttables.nim', 0x00000000000001a4)
mkdir('/home', 0x00000000000001ff)
mkdir('/home/runner', 0x00000000000001ff)
mkdir('/home/runner/.nimble', 0x00000000000001ff)
mkdir('/home/runner/.nimble/pkgs', 0x00000000000001ff)
mkdir('/home/runner/.nimble/pkgs/freetype-0.1.1', 0x00000000000001ff)
mkdir('/home/runner/.nimble/pkgs/freetype-0.1.1/freetype', 0x00000000000001ff)
chmod('/home/runner/.nimble/pkgs/freetype-0.1.1/freetype/ftbbox.nim', 0x00000000000001a4)
mkdir('/home', 0x00000000000001ff)
mkdir('/home/runner', 0x00000000000001ff)
mkdir('/home/runner/.nimble', 0x00000000000001ff)
mkdir('/home/runner/.nimble/pkgs', 0x00000000000001ff)
mkdir('/home/runner/.nimble/pkgs/freetype-0.1.1', 0x00000000000001ff)
mkdir('/home/runner/.nimble/pkgs/freetype-0.1.1/freetype', 0x00000000000001ff)
chmod('/home/runner/.nimble/pkgs/freetype-0.1.1/freetype/ftotval.nim', 0x00000000000001a4)
mkdir('/home', 0x00000000000001ff)
mkdir('/home/runner', 0x00000000000001ff)
mkdir('/home/runner/.nimble', 0x00000000000001ff)
mkdir('/home/runner/.nimble/pkgs', 0x00000000000001ff)
mkdir('/home/runner/.nimble/pkgs/freetype-0.1.1', 0x00000000000001ff)
mkdir('/home/runner/.nimble/pkgs/freetype-0.1.1/freetype', 0x00000000000001ff)
chmod('/home/runner/.nimble/pkgs/freetype-0.1.1/freetype/ftincrem.nim', 0x00000000000001a4)
mkdir('/home', 0x00000000000001ff)
mkdir('/home/runner', 0x00000000000001ff)
mkdir('/home/runner/.nimble', 0x00000000000001ff)
mkdir('/home/runner/.nimble/pkgs', 0x00000000000001ff)
mkdir('/home/runner/.nimble/pkgs/freetype-0.1.1', 0x00000000000001ff)
mkdir('/home/runner/.nimble/pkgs/freetype-0.1.1/freetype', 0x00000000000001ff)
chmod('/home/runner/.nimble/pkgs/freetype-0.1.1/freetype/ftcache.nim', 0x00000000000001a4)
mkdir('/home', 0x00000000000001ff)
mkdir('/home/runner', 0x00000000000001ff)
mkdir('/home/runner/.nimble', 0x00000000000001ff)
mkdir('/home/runner/.nimble/pkgs', 0x00000000000001ff)
mkdir('/home/runner/.nimble/pkgs/freetype-0.1.1', 0x00000000000001ff)
mkdir('/home/runner/.nimble/pkgs/freetype-0.1.1/freetype', 0x00000000000001ff)
chmod('/home/runner/.nimble/pkgs/freetype-0.1.1/freetype/ttunpat.nim', 0x00000000000001a4)
mkdir('/home', 0x00000000000001ff)
mkdir('/home/runner', 0x00000000000001ff)
mkdir('/home/runner/.nimble', 0x00000000000001ff)
mkdir('/home/runner/.nimble/pkgs', 0x00000000000001ff)
mkdir('/home/runner/.nimble/pkgs/freetype-0.1.1', 0x00000000000001ff)
mkdir('/home/runner/.nimble/pkgs/freetype-0.1.1/freetype', 0x00000000000001ff)
chmod('/home/runner/.nimble/pkgs/freetype-0.1.1/freetype/ftsnames.nim', 0x00000000000001a4)
mkdir('/home', 0x00000000000001ff)
mkdir('/home/runner', 0x00000000000001ff)
mkdir('/home/runner/.nimble', 0x00000000000001ff)
mkdir('/home/runner/.nimble/pkgs', 0x00000000000001ff)
mkdir('/home/runner/.nimble/pkgs/freetype-0.1.1', 0x00000000000001ff)
mkdir('/home/runner/.nimble/pkgs/freetype-0.1.1/freetype', 0x00000000000001ff)
chmod('/home/runner/.nimble/pkgs/freetype-0.1.1/freetype/ftimport.nim', 0x00000000000001a4)
mkdir('/home', 0x00000000000001ff)
mkdir('/home/runner', 0x00000000000001ff)
mkdir('/home/runner/.nimble', 0x00000000000001ff)
mkdir('/home/runner/.nimble/pkgs', 0x00000000000001ff)
mkdir('/home/runner/.nimble/pkgs/freetype-0.1.1', 0x00000000000001ff)
mkdir('/home/runner/.nimble/pkgs/freetype-0.1.1/freetype', 0x00000000000001ff)
chmod('/home/runner/.nimble/pkgs/freetype-0.1.1/freetype/ftadvanc.nim', 0x00000000000001a4)
mkdir('/home', 0x00000000000001ff)
mkdir('/home/runner', 0x00000000000001ff)
mkdir('/home/runner/.nimble', 0x00000000000001ff)
mkdir('/home/runner/.nimble/pkgs', 0x00000000000001ff)
mkdir('/home/runner/.nimble/pkgs/freetype-0.1.1', 0x00000000000001ff)
mkdir('/home/runner/.nimble/pkgs/freetype-0.1.1/freetype', 0x00000000000001ff)
chmod('/home/runner/.nimble/pkgs/freetype-0.1.1/freetype/ftstroke.nim', 0x00000000000001a4)
mkdir('/home', 0x00000000000001ff)
mkdir('/home/runner', 0x00000000000001ff)
mkdir('/home/runner/.nimble', 0x00000000000001ff)
mkdir('/home/runner/.nimble/pkgs', 0x00000000000001ff)
mkdir('/home/runner/.nimble/pkgs/freetype-0.1.1', 0x00000000000001ff)
mkdir('/home/runner/.nimble/pkgs/freetype-0.1.1/freetype', 0x00000000000001ff)
chmod('/home/runner/.nimble/pkgs/freetype-0.1.1/freetype/ftcid.nim', 0x00000000000001a4)
mkdir('/home', 0x00000000000001ff)
mkdir('/home/runner', 0x00000000000001ff)
mkdir('/home/runner/.nimble', 0x00000000000001ff)
mkdir('/home/runner/.nimble/pkgs', 0x00000000000001ff)
mkdir('/home/runner/.nimble/pkgs/freetype-0.1.1', 0x00000000000001ff)
mkdir('/home/runner/.nimble/pkgs/freetype-0.1.1/freetype', 0x00000000000001ff)
chmod('/home/runner/.nimble/pkgs/freetype-0.1.1/freetype/ftmoderr.nim', 0x00000000000001a4)
mkdir('/home', 0x00000000000001ff)
mkdir('/home/runner', 0x00000000000001ff)
mkdir('/home/runner/.nimble', 0x00000000000001ff)
mkdir('/home/runner/.nimble/pkgs', 0x00000000000001ff)
mkdir('/home/runner/.nimble/pkgs/freetype-0.1.1', 0x00000000000001ff)
mkdir('/home/runner/.nimble/pkgs/freetype-0.1.1/freetype', 0x00000000000001ff)
chmod('/home/runner/.nimble/pkgs/freetype-0.1.1/freetype/fterrdef.nim', 0x00000000000001a4)
mkdir('/home', 0x00000000000001ff)
mkdir('/home/runner', 0x00000000000001ff)
mkdir('/home/runner/.nimble', 0x00000000000001ff)
mkdir('/home/runner/.nimble/pkgs', 0x00000000000001ff)
mkdir('/home/runner/.nimble/pkgs/freetype-0.1.1', 0x00000000000001ff)
mkdir('/home/runner/.nimble/pkgs/freetype-0.1.1/freetype', 0x00000000000001ff)
chmod('/home/runner/.nimble/pkgs/freetype-0.1.1/freetype/ftgxval.nim', 0x00000000000001a4)
chmod('/home/runner/.nimble/pkgs/freetype-0.1.1/freetype.nimble', 0x00000000000001a4)
unlink('/tmp/nimble_13894/githubcom_jangkofreetype/LICENSE.TXT')
unlink('/tmp/nimble_13894/githubcom_jangkofreetype/freetype/ftlist.nim')
unlink('/tmp/nimble_13894/githubcom_jangkofreetype/freetype/ftlcdfil.nim')
unlink('/tmp/nimble_13894/githubcom_jangkofreetype/freetype/fttrigon.nim')
unlink('/tmp/nimble_13894/githubcom_jangkofreetype/freetype/ftmodapi.nim')
unlink('/tmp/nimble_13894/githubcom_jangkofreetype/freetype/t1tables.nim')
unlink('/tmp/nimble_13894/githubcom_jangkofreetype/freetype/ftsynth.nim')
unlink('/tmp/nimble_13894/githubcom_jangkofreetype/freetype/freetype.nim')
unlink('/tmp/nimble_13894/githubcom_jangkofreetype/freetype/ftgzip.nim')
unlink('/tmp/nimble_13894/githubcom_jangkofreetype/freetype/ftimage.nim')
unlink('/tmp/nimble_13894/githubcom_jangkofreetype/freetype/tttags.nim')
unlink('/tmp/nimble_13894/githubcom_jangkofreetype/freetype/ftfntfmt.nim')
unlink('/tmp/nimble_13894/githubcom_jangkofreetype/freetype/ftsystem.nim')
unlink('/tmp/nimble_13894/githubcom_jangkofreetype/freetype/ftgasp.nim')
unlink('/tmp/nimble_13894/githubcom_jangkofreetype/freetype/ftoutln.nim')
unlink('/tmp/nimble_13894/githubcom_jangkofreetype/freetype/ftlzw.nim')
unlink('/tmp/nimble_13894/githubcom_jangkofreetype/freetype/ftpfr.nim')
unlink('/tmp/nimble_13894/githubcom_jangkofreetype/freetype/ftglyph.nim')
unlink('/tmp/nimble_13894/githubcom_jangkofreetype/freetype/ftcffdrv.nim')
unlink('/tmp/nimble_13894/githubcom_jangkofreetype/freetype/ftmm.nim')
unlink('/tmp/nimble_13894/githubcom_jangkofreetype/freetype/ftttdrv.nim')
unlink('/tmp/nimble_13894/githubcom_jangkofreetype/freetype/ftautoh.nim')
unlink('/tmp/nimble_13894/githubcom_jangkofreetype/freetype/ftwinfnt.nim')
unlink('/tmp/nimble_13894/githubcom_jangkofreetype/freetype/ftbitmap.nim')
unlink('/tmp/nimble_13894/githubcom_jangkofreetype/freetype/ttnameid.nim')
unlink('/tmp/nimble_13894/githubcom_jangkofreetype/freetype/ftsizes.nim')
unlink('/tmp/nimble_13894/githubcom_jangkofreetype/freetype/fttypes.nim')
unlink('/tmp/nimble_13894/githubcom_jangkofreetype/freetype/ftbzip2.nim')
unlink('/tmp/nimble_13894/githubcom_jangkofreetype/freetype/ftmac.nim')
unlink('/tmp/nimble_13894/githubcom_jangkofreetype/freetype/ftbdf.nim')
unlink('/tmp/nimble_13894/githubcom_jangkofreetype/freetype/tttables.nim')
unlink('/tmp/nimble_13894/githubcom_jangkofreetype/freetype/ftbbox.nim')
unlink('/tmp/nimble_13894/githubcom_jangkofreetype/freetype/ftotval.nim')
unlink('/tmp/nimble_13894/githubcom_jangkofreetype/freetype/ftincrem.nim')
unlink('/tmp/nimble_13894/githubcom_jangkofreetype/freetype/ftcache.nim')
unlink('/tmp/nimble_13894/githubcom_jangkofreetype/freetype/ttunpat.nim')
unlink('/tmp/nimble_13894/githubcom_jangkofreetype/freetype/ftsnames.nim')
unlink('/tmp/nimble_13894/githubcom_jangkofreetype/freetype/ftimport.nim')
unlink('/tmp/nimble_13894/githubcom_jangkofreetype/freetype/ftadvanc.nim')
unlink('/tmp/nimble_13894/githubcom_jangkofreetype/freetype/ftstroke.nim')
unlink('/tmp/nimble_13894/githubcom_jangkofreetype/freetype/ftcid.nim')
unlink('/tmp/nimble_13894/githubcom_jangkofreetype/freetype/ftmoderr.nim')
unlink('/tmp/nimble_13894/githubcom_jangkofreetype/freetype/fterrdef.nim')
unlink('/tmp/nimble_13894/githubcom_jangkofreetype/freetype/ftgxval.nim')
rmdir('/tmp/nimble_13894/githubcom_jangkofreetype/freetype')
unlink('/tmp/nimble_13894/githubcom_jangkofreetype/.gitignore')
unlink('/tmp/nimble_13894/githubcom_jangkofreetype/freetype.nimble')
unlink('/tmp/nimble_13894/githubcom_jangkofreetype/.git/HEAD')
unlink('/tmp/nimble_13894/githubcom_jangkofreetype/.git/config')
unlink('/tmp/nimble_13894/githubcom_jangkofreetype/.git/logs/HEAD')
unlink('/tmp/nimble_13894/githubcom_jangkofreetype/.git/logs/refs/heads/master')
rmdir('/tmp/nimble_13894/githubcom_jangkofreetype/.git/logs/refs/heads')
unlink('/tmp/nimble_13894/githubcom_jangkofreetype/.git/logs/refs/remotes/origin/HEAD')
rmdir('/tmp/nimble_13894/githubcom_jangkofreetype/.git/logs/refs/remotes/origin')
rmdir('/tmp/nimble_13894/githubcom_jangkofreetype/.git/logs/refs/remotes')
rmdir('/tmp/nimble_13894/githubcom_jangkofreetype/.git/logs/refs')
rmdir('/tmp/nimble_13894/githubcom_jangkofreetype/.git/logs')
rmdir('/tmp/nimble_13894/githubcom_jangkofreetype/.git/branches')
unlink('/tmp/nimble_13894/githubcom_jangkofreetype/.git/packed-refs')
unlink('/tmp/nimble_13894/githubcom_jangkofreetype/.git/refs/heads/master')
rmdir('/tmp/nimble_13894/githubcom_jangkofreetype/.git/refs/heads')
rmdir('/tmp/nimble_13894/githubcom_jangkofreetype/.git/refs/tags')
unlink('/tmp/nimble_13894/githubcom_jangkofreetype/.git/refs/remotes/origin/HEAD')
rmdir('/tmp/nimble_13894/githubcom_jangkofreetype/.git/refs/remotes/origin')
rmdir('/tmp/nimble_13894/githubcom_jangkofreetype/.git/refs/remotes')
rmdir('/tmp/nimble_13894/githubcom_jangkofreetype/.git/refs')
unlink('/tmp/nimble_13894/githubcom_jangkofreetype/.git/hooks/fsmonitor-watchman.sample')
unlink('/tmp/nimble_13894/githubcom_jangkofreetype/.git/hooks/pre-rebase.sample')
unlink('/tmp/nimble_13894/githubcom_jangkofreetype/.git/hooks/pre-push.sample')
unlink('/tmp/nimble_13894/githubcom_jangkofreetype/.git/hooks/pre-applypatch.sample')
unlink('/tmp/nimble_13894/githubcom_jangkofreetype/.git/hooks/pre-receive.sample')
unlink('/tmp/nimble_13894/githubcom_jangkofreetype/.git/hooks/commit-msg.sample')
unlink('/tmp/nimble_13894/githubcom_jangkofreetype/.git/hooks/pre-merge-commit.sample')
unlink('/tmp/nimble_13894/githubcom_jangkofreetype/.git/hooks/prepare-commit-msg.sample')
unlink('/tmp/nimble_13894/githubcom_jangkofreetype/.git/hooks/pre-commit.sample')
unlink('/tmp/nimble_13894/githubcom_jangkofreetype/.git/hooks/update.sample')
unlink('/tmp/nimble_13894/githubcom_jangkofreetype/.git/hooks/applypatch-msg.sample')
unlink('/tmp/nimble_13894/githubcom_jangkofreetype/.git/hooks/post-update.sample')
rmdir('/tmp/nimble_13894/githubcom_jangkofreetype/.git/hooks')
unlink('/tmp/nimble_13894/githubcom_jangkofreetype/.git/index')
unlink('/tmp/nimble_13894/githubcom_jangkofreetype/.git/info/exclude')
rmdir('/tmp/nimble_13894/githubcom_jangkofreetype/.git/info')
unlink('/tmp/nimble_13894/githubcom_jangkofreetype/.git/shallow')
unlink('/tmp/nimble_13894/githubcom_jangkofreetype/.git/description')
unlink('/tmp/nimble_13894/githubcom_jangkofreetype/.git/objects/pack/pack-01395c51767442b991e7e9d57df34e7cc771c4e3.pack')
unlink('/tmp/nimble_13894/githubcom_jangkofreetype/.git/objects/pack/pack-01395c51767442b991e7e9d57df34e7cc771c4e3.idx')
rmdir('/tmp/nimble_13894/githubcom_jangkofreetype/.git/objects/pack')
rmdir('/tmp/nimble_13894/githubcom_jangkofreetype/.git/objects/info')
rmdir('/tmp/nimble_13894/githubcom_jangkofreetype/.git/objects')
rmdir('/tmp/nimble_13894/githubcom_jangkofreetype/.git')
unlink('/tmp/nimble_13894/githubcom_jangkofreetype/README.md')
rmdir('/tmp/nimble_13894/githubcom_jangkofreetype')
rmdir('/tmp/nimble_13894')
  create directory /tmp
  create directory /tmp/nimble_13894
  create directory /tmp/nimble_13894/githubcom_jangkofreetype
  delete /tmp/nimble_13894/githubcom_jangkofreetype
  create directory /tmp/nimble_13894/githubcom_jangkofreetype
  create directory /tmp/nimble_13894/githubcom_jangkofreetype/.git
  create directory /tmp/nimble_13894/githubcom_jangkofreetype/.git
  create directory /tmp/nimble_13894/githubcom_jangkofreetype/.git/branches
  create directory /tmp/nimble_13894/githubcom_jangkofreetype/.git/hooks
  create directory /tmp/nimble_13894/githubcom_jangkofreetype/.git/info
  create directory /tmp/nimble_13894/githubcom_jangkofreetype/.git/refs
  create directory /tmp/nimble_13894/githubcom_jangkofreetype/.git/refs/heads
  create directory /tmp/nimble_13894/githubcom_jangkofreetype/.git/refs/tags
  rename /tmp/nimble_13894/githubcom_jangkofreetype/.git/HEAD.lock to HEAD
  rename /tmp/nimble_13894/githubcom_jangkofreetype/.git/config.lock to config
  change permissions of /tmp/nimble_13894/githubcom_jangkofreetype/.git/config to rwxr--r--
  change permissions of /tmp/nimble_13894/githubcom_jangkofreetype/.git/config to rw-r--r--
  change permissions of /tmp/nimble_13894/githubcom_jangkofreetype/.git/config.lock to rw-r--r--
  rename /tmp/nimble_13894/githubcom_jangkofreetype/.git/config.lock to config
  change permissions of /tmp/nimble_13894/githubcom_jangkofreetype/.git/config.lock to rw-r--r--
  rename /tmp/nimble_13894/githubcom_jangkofreetype/.git/config.lock to config
  change permissions of /tmp/nimble_13894/githubcom_jangkofreetype/.git/config.lock to rw-r--r--
  rename /tmp/nimble_13894/githubcom_jangkofreetype/.git/config.lock to config
  delete /tmp/nimble_13894/githubcom_jangkofreetype/.git/t0Jitc9
  create symbolic link from /tmp/nimble_13894/githubcom_jangkofreetype/.git/t0Jitc9 to /home/runner/work/nim_packages_security_audit/nim_packages_security_audit/testing
  delete /tmp/nimble_13894/githubcom_jangkofreetype/.git/t0Jitc9
  create directory /tmp/nimble_13894/githubcom_jangkofreetype/.git/objects
  create directory /tmp/nimble_13894/githubcom_jangkofreetype/.git/objects/pack
  create directory /tmp/nimble_13894/githubcom_jangkofreetype/.git/objects/info
  change permissions of /tmp/nimble_13894/githubcom_jangkofreetype/.git/config.lock to rw-r--r--
  rename /tmp/nimble_13894/githubcom_jangkofreetype/.git/config.lock to config
  change permissions of /tmp/nimble_13894/githubcom_jangkofreetype/.git/config.lock to rw-r--r--
  rename /tmp/nimble_13894/githubcom_jangkofreetype/.git/config.lock to config
  change permissions of /tmp/nimble_13894/githubcom_jangkofreetype/.git/config.lock to rw-r--r--
  rename /tmp/nimble_13894/githubcom_jangkofreetype/.git/config.lock to config
  create hard link from /tmp/nimble_13894/githubcom_jangkofreetype/.git/objects/pack/pack-01395c51767442b991e7e9d57df34e7cc771c4e3.pack to /tmp/nimble_13894/githubcom_jangkofreetype/.git/objects/pack/tmp_pack_McurQb
  delete /tmp/nimble_13894/githubcom_jangkofreetype/.git/objects/pack/tmp_pack_McurQb
  create hard link from /tmp/nimble_13894/githubcom_jangkofreetype/.git/objects/pack/pack-01395c51767442b991e7e9d57df34e7cc771c4e3.idx to /tmp/nimble_13894/githubcom_jangkofreetype/.git/objects/pack/tmp_idx_M4NpxB
  delete /tmp/nimble_13894/githubcom_jangkofreetype/.git/objects/pack/tmp_idx_M4NpxB
  rename /tmp/nimble_13894/githubcom_jangkofreetype/.git/shallow.lock to shallow
  rename /tmp/nimble_13894/githubcom_jangkofreetype/.git/packed-refs.new to packed-refs
  delete /tmp/nimble_13894/githubcom_jangkofreetype/.git/packed-refs.lock
  create directory /tmp/nimble_13894/githubcom_jangkofreetype/.git/refs/remotes
  create directory /tmp/nimble_13894/githubcom_jangkofreetype/.git/refs/remotes/origin
  create directory /tmp/nimble_13894/githubcom_jangkofreetype/.git/logs
  create directory /tmp/nimble_13894/githubcom_jangkofreetype/.git/logs/refs
  create directory /tmp/nimble_13894/githubcom_jangkofreetype/.git/logs/refs/remotes
  create directory /tmp/nimble_13894/githubcom_jangkofreetype/.git/logs/refs/remotes/origin
  rename /tmp/nimble_13894/githubcom_jangkofreetype/.git/refs/remotes/origin/HEAD.lock to HEAD
  rename /tmp/nimble_13894/githubcom_jangkofreetype/.git/HEAD.lock to HEAD
  create directory /tmp/nimble_13894/githubcom_jangkofreetype/.git/logs/refs/heads
  rename /tmp/nimble_13894/githubcom_jangkofreetype/.git/refs/heads/master.lock to master
  delete /tmp/nimble_13894/githubcom_jangkofreetype/.git/HEAD.lock
  change permissions of /tmp/nimble_13894/githubcom_jangkofreetype/.git/config.lock to rw-r--r--
  rename /tmp/nimble_13894/githubcom_jangkofreetype/.git/config.lock to config
  change permissions of /tmp/nimble_13894/githubcom_jangkofreetype/.git/config.lock to rw-r--r--
  rename /tmp/nimble_13894/githubcom_jangkofreetype/.git/config.lock to config
  delete /tmp/nimble_13894/githubcom_jangkofreetype/.git/objects/pack/pack-01395c51767442b991e7e9d57df34e7cc771c4e3.keep
  create directory /tmp/nimble_13894/githubcom_jangkofreetype/freetype
  rename /tmp/nimble_13894/githubcom_jangkofreetype/.git/index.lock to index
  create directory /home
  create directory /home/runner
  create directory /home/runner/.nimble
  create directory /home/runner/.nimble/pkgs
  create directory /home/runner/.nimble/pkgs/freetype-0.1.1
  create directory /home
  create directory /home/runner
  create directory /home/runner/.nimble
  create directory /home/runner/.nimble/pkgs
  create directory /home/runner/.nimble/pkgs/freetype-0.1.1
  create directory /home/runner/.nimble/pkgs/freetype-0.1.1/freetype
  change permissions of /home/runner/.nimble/pkgs/freetype-0.1.1/freetype/ftlist.nim to rw-r--r--
  create directory /home
  create directory /home/runner
  create directory /home/runner/.nimble
  create directory /home/runner/.nimble/pkgs
  create directory /home/runner/.nimble/pkgs/freetype-0.1.1
  create directory /home/runner/.nimble/pkgs/freetype-0.1.1/freetype
  change permissions of /home/runner/.nimble/pkgs/freetype-0.1.1/freetype/ftlcdfil.nim to rw-r--r--
  create directory /home
  create directory /home/runner
  create directory /home/runner/.nimble
  create directory /home/runner/.nimble/pkgs
  create directory /home/runner/.nimble/pkgs/freetype-0.1.1
  create directory /home/runner/.nimble/pkgs/freetype-0.1.1/freetype
  change permissions of /home/runner/.nimble/pkgs/freetype-0.1.1/freetype/fttrigon.nim to rw-r--r--
  create directory /home
  create directory /home/runner
  create directory /home/runner/.nimble
  create directory /home/runner/.nimble/pkgs
  create directory /home/runner/.nimble/pkgs/freetype-0.1.1
  create directory /home/runner/.nimble/pkgs/freetype-0.1.1/freetype
  change permissions of /home/runner/.nimble/pkgs/freetype-0.1.1/freetype/ftmodapi.nim to rw-r--r--
  create directory /home
  create directory /home/runner
  create directory /home/runner/.nimble
  create directory /home/runner/.nimble/pkgs
  create directory /home/runner/.nimble/pkgs/freetype-0.1.1
  create directory /home/runner/.nimble/pkgs/freetype-0.1.1/freetype
  change permissions of /home/runner/.nimble/pkgs/freetype-0.1.1/freetype/t1tables.nim to rw-r--r--
  create directory /home
  create directory /home/runner
  create directory /home/runner/.nimble
  create directory /home/runner/.nimble/pkgs
  create directory /home/runner/.nimble/pkgs/freetype-0.1.1
  create directory /home/runner/.nimble/pkgs/freetype-0.1.1/freetype
  change permissions of /home/runner/.nimble/pkgs/freetype-0.1.1/freetype/ftsynth.nim to rw-r--r--
  create directory /home
  create directory /home/runner
  create directory /home/runner/.nimble
  create directory /home/runner/.nimble/pkgs
  create directory /home/runner/.nimble/pkgs/freetype-0.1.1
  create directory /home/runner/.nimble/pkgs/freetype-0.1.1/freetype
  change permissions of /home/runner/.nimble/pkgs/freetype-0.1.1/freetype/freetype.nim to rw-r--r--
  create directory /home
  create directory /home/runner
  create directory /home/runner/.nimble
  create directory /home/runner/.nimble/pkgs
  create directory /home/runner/.nimble/pkgs/freetype-0.1.1
  create directory /home/runner/.nimble/pkgs/freetype-0.1.1/freetype
  change permissions of /home/runner/.nimble/pkgs/freetype-0.1.1/freetype/ftgzip.nim to rw-r--r--
  create directory /home
  create directory /home/runner
  create directory /home/runner/.nimble
  create directory /home/runner/.nimble/pkgs
  create directory /home/runner/.nimble/pkgs/freetype-0.1.1
  create directory /home/runner/.nimble/pkgs/freetype-0.1.1/freetype
  change permissions of /home/runner/.nimble/pkgs/freetype-0.1.1/freetype/ftimage.nim to rw-r--r--
  create directory /home
  create directory /home/runner
  create directory /home/runner/.nimble
  create directory /home/runner/.nimble/pkgs
  create directory /home/runner/.nimble/pkgs/freetype-0.1.1
  create directory /home/runner/.nimble/pkgs/freetype-0.1.1/freetype
  change permissions of /home/runner/.nimble/pkgs/freetype-0.1.1/freetype/tttags.nim to rw-r--r--
  create directory /home
  create directory /home/runner
  create directory /home/runner/.nimble
  create directory /home/runner/.nimble/pkgs
  create directory /home/runner/.nimble/pkgs/freetype-0.1.1
  create directory /home/runner/.nimble/pkgs/freetype-0.1.1/freetype
  change permissions of /home/runner/.nimble/pkgs/freetype-0.1.1/freetype/ftfntfmt.nim to rw-r--r--
  create directory /home
  create directory /home/runner
  create directory /home/runner/.nimble
  create directory /home/runner/.nimble/pkgs
  create directory /home/runner/.nimble/pkgs/freetype-0.1.1
  create directory /home/runner/.nimble/pkgs/freetype-0.1.1/freetype
  change permissions of /home/runner/.nimble/pkgs/freetype-0.1.1/freetype/ftsystem.nim to rw-r--r--
  create directory /home
  create directory /home/runner
  create directory /home/runner/.nimble
  create directory /home/runner/.nimble/pkgs
  create directory /home/runner/.nimble/pkgs/freetype-0.1.1
  create directory /home/runner/.nimble/pkgs/freetype-0.1.1/freetype
  change permissions of /home/runner/.nimble/pkgs/freetype-0.1.1/freetype/ftgasp.nim to rw-r--r--
  create directory /home
  create directory /home/runner
  create directory /home/runner/.nimble
  create directory /home/runner/.nimble/pkgs
  create directory /home/runner/.nimble/pkgs/freetype-0.1.1
  create directory /home/runner/.nimble/pkgs/freetype-0.1.1/freetype
  change permissions of /home/runner/.nimble/pkgs/freetype-0.1.1/freetype/ftoutln.nim to rw-r--r--
  create directory /home
  create directory /home/runner
  create directory /home/runner/.nimble
  create directory /home/runner/.nimble/pkgs
  create directory /home/runner/.nimble/pkgs/freetype-0.1.1
  create directory /home/runner/.nimble/pkgs/freetype-0.1.1/freetype
  change permissions of /home/runner/.nimble/pkgs/freetype-0.1.1/freetype/ftlzw.nim to rw-r--r--
  create directory /home
  create directory /home/runner
  create directory /home/runner/.nimble
  create directory /home/runner/.nimble/pkgs
  create directory /home/runner/.nimble/pkgs/freetype-0.1.1
  create directory /home/runner/.nimble/pkgs/freetype-0.1.1/freetype
  change permissions of /home/runner/.nimble/pkgs/freetype-0.1.1/freetype/ftpfr.nim to rw-r--r--
  create directory /home
  create directory /home/runner
  create directory /home/runner/.nimble
  create directory /home/runner/.nimble/pkgs
  create directory /home/runner/.nimble/pkgs/freetype-0.1.1
  create directory /home/runner/.nimble/pkgs/freetype-0.1.1/freetype
  change permissions of /home/runner/.nimble/pkgs/freetype-0.1.1/freetype/ftglyph.nim to rw-r--r--
  create directory /home
  create directory /home/runner
  create directory /home/runner/.nimble
  create directory /home/runner/.nimble/pkgs
  create directory /home/runner/.nimble/pkgs/freetype-0.1.1
  create directory /home/runner/.nimble/pkgs/freetype-0.1.1/freetype
  change permissions of /home/runner/.nimble/pkgs/freetype-0.1.1/freetype/ftcffdrv.nim to rw-r--r--
  create directory /home
  create directory /home/runner
  create directory /home/runner/.nimble
  create directory /home/runner/.nimble/pkgs
  create directory /home/runner/.nimble/pkgs/freetype-0.1.1
  create directory /home/runner/.nimble/pkgs/freetype-0.1.1/freetype
  change permissions of /home/runner/.nimble/pkgs/freetype-0.1.1/freetype/ftmm.nim to rw-r--r--
  create directory /home
  create directory /home/runner
  create directory /home/runner/.nimble
  create directory /home/runner/.nimble/pkgs
  create directory /home/runner/.nimble/pkgs/freetype-0.1.1
  create directory /home/runner/.nimble/pkgs/freetype-0.1.1/freetype
  change permissions of /home/runner/.nimble/pkgs/freetype-0.1.1/freetype/ftttdrv.nim to rw-r--r--
  create directory /home
  create directory /home/runner
  create directory /home/runner/.nimble
  create directory /home/runner/.nimble/pkgs
  create directory /home/runner/.nimble/pkgs/freetype-0.1.1
  create directory /home/runner/.nimble/pkgs/freetype-0.1.1/freetype
  change permissions of /home/runner/.nimble/pkgs/freetype-0.1.1/freetype/ftautoh.nim to rw-r--r--
  create directory /home
  create directory /home/runner
  create directory /home/runner/.nimble
  create directory /home/runner/.nimble/pkgs
  create directory /home/runner/.nimble/pkgs/freetype-0.1.1
  create directory /home/runner/.nimble/pkgs/freetype-0.1.1/freetype
  change permissions of /home/runner/.nimble/pkgs/freetype-0.1.1/freetype/ftwinfnt.nim to rw-r--r--
  create directory /home
  create directory /home/runner
  create directory /home/runner/.nimble
  create directory /home/runner/.nimble/pkgs
  create directory /home/runner/.nimble/pkgs/freetype-0.1.1
  create directory /home/runner/.nimble/pkgs/freetype-0.1.1/freetype
  change permissions of /home/runner/.nimble/pkgs/freetype-0.1.1/freetype/ftbitmap.nim to rw-r--r--
  create directory /home
  create directory /home/runner
  create directory /home/runner/.nimble
  create directory /home/runner/.nimble/pkgs
  create directory /home/runner/.nimble/pkgs/freetype-0.1.1
  create directory /home/runner/.nimble/pkgs/freetype-0.1.1/freetype
  change permissions of /home/runner/.nimble/pkgs/freetype-0.1.1/freetype/ttnameid.nim to rw-r--r--
  create directory /home
  create directory /home/runner
  create directory /home/runner/.nimble
  create directory /home/runner/.nimble/pkgs
  create directory /home/runner/.nimble/pkgs/freetype-0.1.1
  create directory /home/runner/.nimble/pkgs/freetype-0.1.1/freetype
  change permissions of /home/runner/.nimble/pkgs/freetype-0.1.1/freetype/ftsizes.nim to rw-r--r--
  create directory /home
  create directory /home/runner
  create directory /home/runner/.nimble
  create directory /home/runner/.nimble/pkgs
  create directory /home/runner/.nimble/pkgs/freetype-0.1.1
  create directory /home/runner/.nimble/pkgs/freetype-0.1.1/freetype
  change permissions of /home/runner/.nimble/pkgs/freetype-0.1.1/freetype/fttypes.nim to rw-r--r--
  create directory /home
  create directory /home/runner
  create directory /home/runner/.nimble
  create directory /home/runner/.nimble/pkgs
  create directory /home/runner/.nimble/pkgs/freetype-0.1.1
  create directory /home/runner/.nimble/pkgs/freetype-0.1.1/freetype
  change permissions of /home/runner/.nimble/pkgs/freetype-0.1.1/freetype/ftbzip2.nim to rw-r--r--
  create directory /home
  create directory /home/runner
  create directory /home/runner/.nimble
  create directory /home/runner/.nimble/pkgs
  create directory /home/runner/.nimble/pkgs/freetype-0.1.1
  create directory /home/runner/.nimble/pkgs/freetype-0.1.1/freetype
  change permissions of /home/runner/.nimble/pkgs/freetype-0.1.1/freetype/ftmac.nim to rw-r--r--
  create directory /home
  create directory /home/runner
  create directory /home/runner/.nimble
  create directory /home/runner/.nimble/pkgs
  create directory /home/runner/.nimble/pkgs/freetype-0.1.1
  create directory /home/runner/.nimble/pkgs/freetype-0.1.1/freetype
  change permissions of /home/runner/.nimble/pkgs/freetype-0.1.1/freetype/ftbdf.nim to rw-r--r--
  create directory /home
  create directory /home/runner
  create directory /home/runner/.nimble
  create directory /home/runner/.nimble/pkgs
  create directory /home/runner/.nimble/pkgs/freetype-0.1.1
  create directory /home/runner/.nimble/pkgs/freetype-0.1.1/freetype
  change permissions of /home/runner/.nimble/pkgs/freetype-0.1.1/freetype/tttables.nim to rw-r--r--
  create directory /home
  create directory /home/runner
  create directory /home/runner/.nimble
  create directory /home/runner/.nimble/pkgs
  create directory /home/runner/.nimble/pkgs/freetype-0.1.1
  create directory /home/runner/.nimble/pkgs/freetype-0.1.1/freetype
  change permissions of /home/runner/.nimble/pkgs/freetype-0.1.1/freetype/ftbbox.nim to rw-r--r--
  create directory /home
  create directory /home/runner
  create directory /home/runner/.nimble
  create directory /home/runner/.nimble/pkgs
  create directory /home/runner/.nimble/pkgs/freetype-0.1.1
  create directory /home/runner/.nimble/pkgs/freetype-0.1.1/freetype
  change permissions of /home/runner/.nimble/pkgs/freetype-0.1.1/freetype/ftotval.nim to rw-r--r--
  create directory /home
  create directory /home/runner
  create directory /home/runner/.nimble
  create directory /home/runner/.nimble/pkgs
  create directory /home/runner/.nimble/pkgs/freetype-0.1.1
  create directory /home/runner/.nimble/pkgs/freetype-0.1.1/freetype
  change permissions of /home/runner/.nimble/pkgs/freetype-0.1.1/freetype/ftincrem.nim to rw-r--r--
  create directory /home
  create directory /home/runner
  create directory /home/runner/.nimble
  create directory /home/runner/.nimble/pkgs
  create directory /home/runner/.nimble/pkgs/freetype-0.1.1
  create directory /home/runner/.nimble/pkgs/freetype-0.1.1/freetype
  change permissions of /home/runner/.nimble/pkgs/freetype-0.1.1/freetype/ftcache.nim to rw-r--r--
  create directory /home
  create directory /home/runner
  create directory /home/runner/.nimble
  create directory /home/runner/.nimble/pkgs
  create directory /home/runner/.nimble/pkgs/freetype-0.1.1
  create directory /home/runner/.nimble/pkgs/freetype-0.1.1/freetype
  change permissions of /home/runner/.nimble/pkgs/freetype-0.1.1/freetype/ttunpat.nim to rw-r--r--
  create directory /home
  create directory /home/runner
  create directory /home/runner/.nimble
  create directory /home/runner/.nimble/pkgs
  create directory /home/runner/.nimble/pkgs/freetype-0.1.1
  create directory /home/runner/.nimble/pkgs/freetype-0.1.1/freetype
  change permissions of /home/runner/.nimble/pkgs/freetype-0.1.1/freetype/ftsnames.nim to rw-r--r--
  create directory /home
  create directory /home/runner
  create directory /home/runner/.nimble
  create directory /home/runner/.nimble/pkgs
  create directory /home/runner/.nimble/pkgs/freetype-0.1.1
  create directory /home/runner/.nimble/pkgs/freetype-0.1.1/freetype
  change permissions of /home/runner/.nimble/pkgs/freetype-0.1.1/freetype/ftimport.nim to rw-r--r--
  create directory /home
  create directory /home/runner
  create directory /home/runner/.nimble
  create directory /home/runner/.nimble/pkgs
  create directory /home/runner/.nimble/pkgs/freetype-0.1.1
  create directory /home/runner/.nimble/pkgs/freetype-0.1.1/freetype
  change permissions of /home/runner/.nimble/pkgs/freetype-0.1.1/freetype/ftadvanc.nim to rw-r--r--
  create directory /home
  create directory /home/runner
  create directory /home/runner/.nimble
  create directory /home/runner/.nimble/pkgs
  create directory /home/runner/.nimble/pkgs/freetype-0.1.1
  create directory /home/runner/.nimble/pkgs/freetype-0.1.1/freetype
  change permissions of /home/runner/.nimble/pkgs/freetype-0.1.1/freetype/ftstroke.nim to rw-r--r--
  create directory /home
  create directory /home/runner
  create directory /home/runner/.nimble
  create directory /home/runner/.nimble/pkgs
  create directory /home/runner/.nimble/pkgs/freetype-0.1.1
  create directory /home/runner/.nimble/pkgs/freetype-0.1.1/freetype
  change permissions of /home/runner/.nimble/pkgs/freetype-0.1.1/freetype/ftcid.nim to rw-r--r--
  create directory /home
  create directory /home/runner
  create directory /home/runner/.nimble
  create directory /home/runner/.nimble/pkgs
  create directory /home/runner/.nimble/pkgs/freetype-0.1.1
  create directory /home/runner/.nimble/pkgs/freetype-0.1.1/freetype
  change permissions of /home/runner/.nimble/pkgs/freetype-0.1.1/freetype/ftmoderr.nim to rw-r--r--
  create directory /home
  create directory /home/runner
  create directory /home/runner/.nimble
  create directory /home/runner/.nimble/pkgs
  create directory /home/runner/.nimble/pkgs/freetype-0.1.1
  create directory /home/runner/.nimble/pkgs/freetype-0.1.1/freetype
  change permissions of /home/runner/.nimble/pkgs/freetype-0.1.1/freetype/fterrdef.nim to rw-r--r--
  create directory /home
  create directory /home/runner
  create directory /home/runner/.nimble
  create directory /home/runner/.nimble/pkgs
  create directory /home/runner/.nimble/pkgs/freetype-0.1.1
  create directory /home/runner/.nimble/pkgs/freetype-0.1.1/freetype
  change permissions of /home/runner/.nimble/pkgs/freetype-0.1.1/freetype/ftgxval.nim to rw-r--r--
  change permissions of /home/runner/.nimble/pkgs/freetype-0.1.1/freetype.nimble to rw-r--r--
  delete /tmp/nimble_13894/githubcom_jangkofreetype/LICENSE.TXT
  delete /tmp/nimble_13894/githubcom_jangkofreetype/freetype/ftlist.nim
  delete /tmp/nimble_13894/githubcom_jangkofreetype/freetype/ftlcdfil.nim
  delete /tmp/nimble_13894/githubcom_jangkofreetype/freetype/fttrigon.nim
  delete /tmp/nimble_13894/githubcom_jangkofreetype/freetype/ftmodapi.nim
  delete /tmp/nimble_13894/githubcom_jangkofreetype/freetype/t1tables.nim
  delete /tmp/nimble_13894/githubcom_jangkofreetype/freetype/ftsynth.nim
  delete /tmp/nimble_13894/githubcom_jangkofreetype/freetype/freetype.nim
  delete /tmp/nimble_13894/githubcom_jangkofreetype/freetype/ftgzip.nim
  delete /tmp/nimble_13894/githubcom_jangkofreetype/freetype/ftimage.nim
  delete /tmp/nimble_13894/githubcom_jangkofreetype/freetype/tttags.nim
  delete /tmp/nimble_13894/githubcom_jangkofreetype/freetype/ftfntfmt.nim
  delete /tmp/nimble_13894/githubcom_jangkofreetype/freetype/ftsystem.nim
  delete /tmp/nimble_13894/githubcom_jangkofreetype/freetype/ftgasp.nim
  delete /tmp/nimble_13894/githubcom_jangkofreetype/freetype/ftoutln.nim
  delete /tmp/nimble_13894/githubcom_jangkofreetype/freetype/ftlzw.nim
  delete /tmp/nimble_13894/githubcom_jangkofreetype/freetype/ftpfr.nim
  delete /tmp/nimble_13894/githubcom_jangkofreetype/freetype/ftglyph.nim
  delete /tmp/nimble_13894/githubcom_jangkofreetype/freetype/ftcffdrv.nim
  delete /tmp/nimble_13894/githubcom_jangkofreetype/freetype/ftmm.nim
  delete /tmp/nimble_13894/githubcom_jangkofreetype/freetype/ftttdrv.nim
  delete /tmp/nimble_13894/githubcom_jangkofreetype/freetype/ftautoh.nim
  delete /tmp/nimble_13894/githubcom_jangkofreetype/freetype/ftwinfnt.nim
  delete /tmp/nimble_13894/githubcom_jangkofreetype/freetype/ftbitmap.nim
  delete /tmp/nimble_13894/githubcom_jangkofreetype/freetype/ttnameid.nim
  delete /tmp/nimble_13894/githubcom_jangkofreetype/freetype/ftsizes.nim
  delete /tmp/nimble_13894/githubcom_jangkofreetype/freetype/fttypes.nim
  delete /tmp/nimble_13894/githubcom_jangkofreetype/freetype/ftbzip2.nim
  delete /tmp/nimble_13894/githubcom_jangkofreetype/freetype/ftmac.nim
  delete /tmp/nimble_13894/githubcom_jangkofreetype/freetype/ftbdf.nim
  delete /tmp/nimble_13894/githubcom_jangkofreetype/freetype/tttables.nim
  delete /tmp/nimble_13894/githubcom_jangkofreetype/freetype/ftbbox.nim
  delete /tmp/nimble_13894/githubcom_jangkofreetype/freetype/ftotval.nim
  delete /tmp/nimble_13894/githubcom_jangkofreetype/freetype/ftincrem.nim
  delete /tmp/nimble_13894/githubcom_jangkofreetype/freetype/ftcache.nim
  delete /tmp/nimble_13894/githubcom_jangkofreetype/freetype/ttunpat.nim
  delete /tmp/nimble_13894/githubcom_jangkofreetype/freetype/ftsnames.nim
  delete /tmp/nimble_13894/githubcom_jangkofreetype/freetype/ftimport.nim
  delete /tmp/nimble_13894/githubcom_jangkofreetype/freetype/ftadvanc.nim
  delete /tmp/nimble_13894/githubcom_jangkofreetype/freetype/ftstroke.nim
  delete /tmp/nimble_13894/githubcom_jangkofreetype/freetype/ftcid.nim
  delete /tmp/nimble_13894/githubcom_jangkofreetype/freetype/ftmoderr.nim
  delete /tmp/nimble_13894/githubcom_jangkofreetype/freetype/fterrdef.nim
  delete /tmp/nimble_13894/githubcom_jangkofreetype/freetype/ftgxval.nim
  delete /tmp/nimble_13894/githubcom_jangkofreetype/freetype
  delete /tmp/nimble_13894/githubcom_jangkofreetype/.gitignore
  delete /tmp/nimble_13894/githubcom_jangkofreetype/freetype.nimble
  delete /tmp/nimble_13894/githubcom_jangkofreetype/.git/HEAD
  delete /tmp/nimble_13894/githubcom_jangkofreetype/.git/config
  delete /tmp/nimble_13894/githubcom_jangkofreetype/.git/logs/HEAD
  delete /tmp/nimble_13894/githubcom_jangkofreetype/.git/logs/refs/heads/master
  delete /tmp/nimble_13894/githubcom_jangkofreetype/.git/logs/refs/heads
  delete /tmp/nimble_13894/githubcom_jangkofreetype/.git/logs/refs/remotes/origin/HEAD
  delete /tmp/nimble_13894/githubcom_jangkofreetype/.git/logs/refs/remotes/origin
  delete /tmp/nimble_13894/githubcom_jangkofreetype/.git/logs/refs/remotes
  delete /tmp/nimble_13894/githubcom_jangkofreetype/.git/logs/refs
  delete /tmp/nimble_13894/githubcom_jangkofreetype/.git/logs
  delete /tmp/nimble_13894/githubcom_jangkofreetype/.git/branches
  delete /tmp/nimble_13894/githubcom_jangkofreetype/.git/packed-refs
  delete /tmp/nimble_13894/githubcom_jangkofreetype/.git/refs/heads/master
  delete /tmp/nimble_13894/githubcom_jangkofreetype/.git/refs/heads
  delete /tmp/nimble_13894/githubcom_jangkofreetype/.git/refs/tags
  delete /tmp/nimble_13894/githubcom_jangkofreetype/.git/refs/remotes/origin/HEAD
  delete /tmp/nimble_13894/githubcom_jangkofreetype/.git/refs/remotes/origin
  delete /tmp/nimble_13894/githubcom_jangkofreetype/.git/refs/remotes
  delete /tmp/nimble_13894/githubcom_jangkofreetype/.git/refs
  delete /tmp/nimble_13894/githubcom_jangkofreetype/.git/hooks/fsmonitor-watchman.sample
  delete /tmp/nimble_13894/githubcom_jangkofreetype/.git/hooks/pre-rebase.sample
  delete /tmp/nimble_13894/githubcom_jangkofreetype/.git/hooks/pre-push.sample
  delete /tmp/nimble_13894/githubcom_jangkofreetype/.git/hooks/pre-applypatch.sample
  delete /tmp/nimble_13894/githubcom_jangkofreetype/.git/hooks/pre-receive.sample
  delete /tmp/nimble_13894/githubcom_jangkofreetype/.git/hooks/commit-msg.sample
  delete /tmp/nimble_13894/githubcom_jangkofreetype/.git/hooks/pre-merge-commit.sample
  delete /tmp/nimble_13894/githubcom_jangkofreetype/.git/hooks/prepare-commit-msg.sample
  delete /tmp/nimble_13894/githubcom_jangkofreetype/.git/hooks/pre-commit.sample
  delete /tmp/nimble_13894/githubcom_jangkofreetype/.git/hooks/update.sample
  delete /tmp/nimble_13894/githubcom_jangkofreetype/.git/hooks/applypatch-msg.sample
  delete /tmp/nimble_13894/githubcom_jangkofreetype/.git/hooks/post-update.sample
  delete /tmp/nimble_13894/githubcom_jangkofreetype/.git/hooks
  delete /tmp/nimble_13894/githubcom_jangkofreetype/.git/index
  delete /tmp/nimble_13894/githubcom_jangkofreetype/.git/info/exclude
  delete /tmp/nimble_13894/githubcom_jangkofreetype/.git/info
  delete /tmp/nimble_13894/githubcom_jangkofreetype/.git/shallow
  delete /tmp/nimble_13894/githubcom_jangkofreetype/.git/description
  delete /tmp/nimble_13894/githubcom_jangkofreetype/.git/objects/pack/pack-01395c51767442b991e7e9d57df34e7cc771c4e3.pack
  delete /tmp/nimble_13894/githubcom_jangkofreetype/.git/objects/pack/pack-01395c51767442b991e7e9d57df34e7cc771c4e3.idx
  delete /tmp/nimble_13894/githubcom_jangkofreetype/.git/objects/pack
  delete /tmp/nimble_13894/githubcom_jangkofreetype/.git/objects/info
  delete /tmp/nimble_13894/githubcom_jangkofreetype/.git/objects
  delete /tmp/nimble_13894/githubcom_jangkofreetype/.git
  delete /tmp/nimble_13894/githubcom_jangkofreetype/README.md
  delete /tmp/nimble_13894/githubcom_jangkofreetype
  delete /tmp/nimble_13894
