      Info: Package cache path /home/runner/.nimble/pkgcache
     Info:  Nimble data file "/home/runner/.nimble/nimbledata2.json" has been loaded.
    Reading official package list
Downloading https://github.com/eggplants/fushin using git
    Cloning latest tagged version: 
open('/workspace/destdir/ssl/openssl.cnf', 32768, 0x00000000000001b6)
open('/home/runner/.config/nimble/nimble.ini', 557056, 0x00000000000001b6)
open('/home/runner/.config/babel/babel.ini', 557056, 0x00000000000001b6)
writev(1, 0x00007ffeb9b005c0, 2)
open('/home/runner/.nimble/nimbledata2.json', 557056, 0x00000000000001b6)
writev(1, 0x00007ffeb9b00690, 2)
writev(1, 0x00007fff4779b900, 2)
writev(1, 0x00007fff4779b990, 2)
writev(1, 0x00007fff4779b990, 2)
writev(1, 0x00007fff4779b990, 2)
writev(1, 0x00007ffeb9aff070, 2)
open('/home/runner/.nimble/packages_official.json', 557056, 0x00000000000001b6)
mkdir('/home/', 0x00000000000001ff)
mkdir('/home/runner/', 0x00000000000001ff)
mkdir('/home/runner/.nimble/', 0x00000000000001ff)
mkdir('/home/runner/.nimble/pkgcache/', 0x00000000000001ff)
mkdir('/home/runner/.nimble/pkgcache/githubcom_eggplantsfushin', 0x00000000000001ff)
open('/home/runner/.nimble/pkgcache/githubcom_eggplantsfushin', 622592, 0x0000000000000000)
writev(1, 0x00007ffeb9aff150, 2)
open('/home/runner/.nimble/pkgcache/githubcom_eggplantsfushin', 622592, 0x0000000000000000)
rmdir('/home/runner/.nimble/pkgcache/githubcom_eggplantsfushin')
writev(1, 0x00007ffeb9aff040, 2)
mkdir(93867015964912, 0x00000000000001ff)
Error tracing process: readBytes(0x0000555f1e2488f0, 256) error: [Errno 5] Input/output error.
