      Info: Package cache path /home/runner/.nimble/pkgcache
     Info:  Nimble data file "/home/runner/.nimble/nimbledata2.json" has been loaded.
    Reading official package list
Downloading https://github.com/nim-lang/fusion using git
    Cloning latest tagged version: v1.2
open('/workspace/destdir/ssl/openssl.cnf', 32768, 0x00000000000001b6)
open('/home/runner/.config/nimble/nimble.ini', 557056, 0x00000000000001b6)
open('/home/runner/.config/babel/babel.ini', 557056, 0x00000000000001b6)
writev(1, 0x00007ffebe4ba310, 2)
open('/home/runner/.nimble/nimbledata2.json', 557056, 0x00000000000001b6)
writev(1, 0x00007ffebe4ba3e0, 2)
writev(1, 0x00007ffe20f33790, 2)
writev(1, 0x00007ffe20f33820, 2)
writev(1, 0x00007ffe20f33820, 2)
writev(1, 0x00007ffe20f33820, 2)
writev(1, 0x00007ffebe4b8f00, 2)
open('/home/runner/.nimble/packages_official.json', 557056, 0x00000000000001b6)
mkdir('/home/', 0x00000000000001ff)
mkdir('/home/runner/', 0x00000000000001ff)
mkdir('/home/runner/.nimble/', 0x00000000000001ff)
mkdir('/home/runner/.nimble/pkgcache/', 0x00000000000001ff)
mkdir('/home/runner/.nimble/pkgcache/githubcom_nimlangfusion', 0x00000000000001ff)
open('/home/runner/.nimble/pkgcache/githubcom_nimlangfusion', 622592, 0x0000000000000000)
writev(1, 0x00007ffebe4b8ff0, 2)
open('/home/runner/.nimble/pkgcache/githubcom_nimlangfusion', 622592, 0x0000000000000000)
rmdir('/home/runner/.nimble/pkgcache/githubcom_nimlangfusion')
writev(1, 0x00007ffebe4b8ee0, 2)
mkdir(94628231072160, 0x00000000000001ff)
Error tracing process: readBytes(0x000056105a1949a0, 256) error: [Errno 5] Input/output error.
