     Info:  Nimble data file "/home/runner/.nimble/nimbledata2.json" has been loaded.
    Reading official package list
Downloading https://github.com/pdrb/nim-fwrite using git
    Cloning latest tagged version: v1.0.0
open('/workspace/destdir/ssl/openssl.cnf', 32768, 0x00000000000001b6)
open('/home/runner/.config/nimble/nimble.ini', 557056, 0x00000000000001b6)
open('/home/runner/.config/babel/babel.ini', 557056, 0x00000000000001b6)
open('/home/runner/.nimble/nimbledata2.json', 557056, 0x00000000000001b6)
writev(1, 0x00007ffddca63bc0, 2)
writev(1, 0x00007ffddca634a0, 2)
open('/home/runner/.nimble/packages_official.json', 557056, 0x00000000000001b6)
mkdir('/tmp/', 0x00000000000001ff)
mkdir('/tmp/nimble_2650/', 0x00000000000001ff)
mkdir('/tmp/nimble_2650/githubcom_pdrbnimfwrite', 0x00000000000001ff)
writev(1, 0x00007ffddca63470, 2)
open('/tmp/nimble_2650/githubcom_pdrbnimfwrite', 622592, 0x0000000000000000)
rmdir('/tmp/nimble_2650/githubcom_pdrbnimfwrite')
writev(1, 0x00007ffddca633e0, 2)
mkdir(93919897817568, 0x00000000000001ff)
Error tracing process: readBytes(0x0000556b6e2591e0, 256) error: [Errno 5] Input/output error.
