     Info:  Nimble data file "/home/runner/.nimble/nimbledata2.json" has been loaded.
    Reading official package list
Downloading https://github.com/xcodz-dot/sas using git
    Cloning latest tagged version: 0.1.0
open('/workspace/destdir/ssl/openssl.cnf', 32768, 0x00000000000001b6)
open('/home/runner/.config/nimble/nimble.ini', 557056, 0x00000000000001b6)
open('/home/runner/.config/babel/babel.ini', 557056, 0x00000000000001b6)
open('/home/runner/.nimble/nimbledata2.json', 557056, 0x00000000000001b6)
writev(1, 0x00007ffc6a9f18c0, 2)
writev(1, 0x00007ffc6a9f11a0, 2)
open('/home/runner/.nimble/packages_official.json', 557056, 0x00000000000001b6)
mkdir('/tmp/', 0x00000000000001ff)
mkdir('/tmp/nimble_4873/', 0x00000000000001ff)
mkdir('/tmp/nimble_4873/githubcom_xcodzdotsas', 0x00000000000001ff)
writev(1, 0x00007ffc6a9f1170, 2)
open('/tmp/nimble_4873/githubcom_xcodzdotsas', 622592, 0x0000000000000000)
rmdir('/tmp/nimble_4873/githubcom_xcodzdotsas')
writev(1, 0x00007ffc6a9f10e0, 2)
mkdir(94529131392720, 0x00000000000001ff)
Error tracing process: readBytes(0x000055f9474c2ed0, 256) error: [Errno 5] Input/output error.
