      Info: Package cache path /home/runner/.nimble/pkgcache
     Info:  Nimble data file "/home/runner/.nimble/nimbledata2.json" has been loaded.
    Reading official package list
Downloading https://github.com/dom96/sass using git
    Cloning latest tagged version: v0.2.0
open('/workspace/destdir/ssl/openssl.cnf', 32768, 0x00000000000001b6)
open('/home/runner/.config/nimble/nimble.ini', 557056, 0x00000000000001b6)
open('/home/runner/.config/babel/babel.ini', 557056, 0x00000000000001b6)
writev(1, 0x00007ffc8744ab70, 2)
open('/home/runner/.nimble/nimbledata2.json', 557056, 0x00000000000001b6)
writev(1, 0x00007ffc8744ac40, 2)
writev(1, 0x00007ffe28f0e470, 2)
writev(1, 0x00007ffe28f0e500, 2)
writev(1, 0x00007ffe28f0e500, 2)
writev(1, 0x00007ffe28f0e500, 2)
writev(1, 0x00007ffc87449670, 2)
open('/home/runner/.nimble/packages_official.json', 557056, 0x00000000000001b6)
mkdir('/home/', 0x00000000000001ff)
mkdir('/home/runner/', 0x00000000000001ff)
mkdir('/home/runner/.nimble/', 0x00000000000001ff)
mkdir('/home/runner/.nimble/pkgcache/', 0x00000000000001ff)
mkdir('/home/runner/.nimble/pkgcache/githubcom_dom96sass', 0x00000000000001ff)
open('/home/runner/.nimble/pkgcache/githubcom_dom96sass', 622592, 0x0000000000000000)
writev(1, 0x00007ffc874496b0, 2)
open('/home/runner/.nimble/pkgcache/githubcom_dom96sass', 622592, 0x0000000000000000)
rmdir('/home/runner/.nimble/pkgcache/githubcom_dom96sass')
writev(1, 0x00007ffc874495a0, 2)
mkdir(94709800470432, 0x00000000000001ff)
Error tracing process: readBytes(0x00005623580387a0, 256) error: [Errno 5] Input/output error.
