     Info:  Nimble data file "/home/runner/.nimble/nimbledata2.json" has been loaded.
    Reading official package list
Downloading https://github.com/filvyb/saucenao-nim using git
    Cloning latest tagged version: 1.0.0
open('/workspace/destdir/ssl/openssl.cnf', 32768, 0x00000000000001b6)
open('/home/runner/.config/nimble/nimble.ini', 557056, 0x00000000000001b6)
open('/home/runner/.config/babel/babel.ini', 557056, 0x00000000000001b6)
open('/home/runner/.nimble/nimbledata2.json', 557056, 0x00000000000001b6)
writev(1, 0x00007fff865b7f10, 2)
writev(1, 0x00007fff865b77f0, 2)
open('/home/runner/.nimble/packages_official.json', 557056, 0x00000000000001b6)
mkdir('/tmp/', 0x00000000000001ff)
mkdir('/tmp/nimble_5396/', 0x00000000000001ff)
mkdir('/tmp/nimble_5396/githubcom_filvybsaucenaonim', 0x00000000000001ff)
writev(1, 0x00007fff865b77c0, 2)
open('/tmp/nimble_5396/githubcom_filvybsaucenaonim', 622592, 0x0000000000000000)
rmdir('/tmp/nimble_5396/githubcom_filvybsaucenaonim')
writev(1, 0x00007fff865b7730, 2)
mkdir(94347811619872, 0x00000000000001ff)
Error tracing process: readBytes(0x000055cf0fcc0420, 256) error: [Errno 5] Input/output error.
