      Info: Package cache path /home/runner/.nimble/pkgcache
     Info:  Nimble data file "/home/runner/.nimble/nimbledata2.json" has been loaded.
    Reading official package list
   Warning: The saya package has been renamed to shizuka
    Reading official package list
Downloading https://github.com/ethosa/shizuka using git
    Cloning latest tagged version: stable-1.0.0
open('/workspace/destdir/ssl/openssl.cnf', 32768, 0x00000000000001b6)
open('/home/runner/.config/nimble/nimble.ini', 557056, 0x00000000000001b6)
open('/home/runner/.config/babel/babel.ini', 557056, 0x00000000000001b6)
writev(1, 0x00007fff2d08b070, 2)
open('/home/runner/.nimble/nimbledata2.json', 557056, 0x00000000000001b6)
writev(1, 0x00007fff2d08b140, 2)
writev(1, 0x00007ffc604627d0, 2)
writev(1, 0x00007ffc60462860, 2)
writev(1, 0x00007ffc60462860, 2)
writev(1, 0x00007ffc60462860, 2)
writev(1, 0x00007fff2d089b70, 2)
open('/home/runner/.nimble/packages_official.json', 557056, 0x00000000000001b6)
writev(1, 0x00007fff2d089b10, 2)
writev(1, 0x00007fff2d0898c0, 2)
mkdir('/home/', 0x00000000000001ff)
mkdir('/home/runner/', 0x00000000000001ff)
mkdir('/home/runner/.nimble/', 0x00000000000001ff)
mkdir('/home/runner/.nimble/pkgcache/', 0x00000000000001ff)
mkdir('/home/runner/.nimble/pkgcache/githubcom_ethosashizuka', 0x00000000000001ff)
open('/home/runner/.nimble/pkgcache/githubcom_ethosashizuka', 622592, 0x0000000000000000)
writev(1, 0x00007fff2d089bb0, 2)
open('/home/runner/.nimble/pkgcache/githubcom_ethosashizuka', 622592, 0x0000000000000000)
rmdir('/home/runner/.nimble/pkgcache/githubcom_ethosashizuka')
writev(1, 0x00007fff2d089aa0, 2)
mkdir(94133280642976, 0x00000000000001ff)
Error tracing process: readBytes(0x0000559d1cc117a0, 256) error: [Errno 5] Input/output error.
