    Reading official package list
Downloading https://github.com/nim-lang/graveyard using git (subdir is 'scgi')
mkdir('/tmp', 0x00000000000001ff)
mkdir('/tmp/nimble_19215', 0x00000000000001ff)
mkdir('/tmp/nimble_19215/githubcom_nimlanggraveyard', 0x00000000000001ff)
rmdir('/tmp/nimble_19215/githubcom_nimlanggraveyard')
mkdir('/tmp/nimble_19215/githubcom_nimlanggraveyard', 0x00000000000001ff)
mkdir('/tmp/nimble_19215/githubcom_nimlanggraveyard/.git', 0x00000000000001ff)
mkdir('/tmp/nimble_19215/githubcom_nimlanggraveyard/.git/', 0x00000000000001ff)
mkdir('/tmp/nimble_19215/githubcom_nimlanggraveyard/.git/info/', 0x00000000000001ff)
mkdir('/tmp/nimble_19215/githubcom_nimlanggraveyard/.git/branches/', 0x00000000000001ff)
mkdir('/tmp/nimble_19215/githubcom_nimlanggraveyard/.git/hooks/', 0x00000000000001ff)
mkdir('/tmp/nimble_19215/githubcom_nimlanggraveyard/.git/refs', 0x00000000000001ff)
mkdir('/tmp/nimble_19215/githubcom_nimlanggraveyard/.git/refs/heads', 0x00000000000001ff)
mkdir('/tmp/nimble_19215/githubcom_nimlanggraveyard/.git/refs/tags', 0x00000000000001ff)
rename('/tmp/nimble_19215/githubcom_nimlanggraveyard/.git/HEAD.lock', '/tmp/nimble_19215/githubcom_nimlanggraveyard/.git/HEAD')
rename('/tmp/nimble_19215/githubcom_nimlanggraveyard/.git/config.lock', '/tmp/nimble_19215/githubcom_nimlanggraveyard/.git/config')
chmod('/tmp/nimble_19215/githubcom_nimlanggraveyard/.git/config', 0x00000000000081e4)
chmod('/tmp/nimble_19215/githubcom_nimlanggraveyard/.git/config', 0x00000000000081a4)
chmod('/tmp/nimble_19215/githubcom_nimlanggraveyard/.git/config.lock', 0x00000000000001a4)
rename('/tmp/nimble_19215/githubcom_nimlanggraveyard/.git/config.lock', '/tmp/nimble_19215/githubcom_nimlanggraveyard/.git/config')
chmod('/tmp/nimble_19215/githubcom_nimlanggraveyard/.git/config.lock', 0x00000000000001a4)
rename('/tmp/nimble_19215/githubcom_nimlanggraveyard/.git/config.lock', '/tmp/nimble_19215/githubcom_nimlanggraveyard/.git/config')
chmod('/tmp/nimble_19215/githubcom_nimlanggraveyard/.git/config.lock', 0x00000000000001a4)
rename('/tmp/nimble_19215/githubcom_nimlanggraveyard/.git/config.lock', '/tmp/nimble_19215/githubcom_nimlanggraveyard/.git/config')
unlink('/tmp/nimble_19215/githubcom_nimlanggraveyard/.git/tfze1ro')
symlink('testing', '/tmp/nimble_19215/githubcom_nimlanggraveyard/.git/tfze1ro')
unlink('/tmp/nimble_19215/githubcom_nimlanggraveyard/.git/tfze1ro')
mkdir('/tmp/nimble_19215/githubcom_nimlanggraveyard/.git/objects', 0x00000000000001ff)
mkdir('/tmp/nimble_19215/githubcom_nimlanggraveyard/.git/objects/pack', 0x00000000000001ff)
mkdir('/tmp/nimble_19215/githubcom_nimlanggraveyard/.git/objects/info', 0x00000000000001ff)
chmod('/tmp/nimble_19215/githubcom_nimlanggraveyard/.git/config.lock', 0x00000000000001a4)
rename('/tmp/nimble_19215/githubcom_nimlanggraveyard/.git/config.lock', '/tmp/nimble_19215/githubcom_nimlanggraveyard/.git/config')
chmod('/tmp/nimble_19215/githubcom_nimlanggraveyard/.git/config.lock', 0x00000000000001a4)
rename('/tmp/nimble_19215/githubcom_nimlanggraveyard/.git/config.lock', '/tmp/nimble_19215/githubcom_nimlanggraveyard/.git/config')
chmod('/tmp/nimble_19215/githubcom_nimlanggraveyard/.git/config.lock', 0x00000000000001a4)
rename('/tmp/nimble_19215/githubcom_nimlanggraveyard/.git/config.lock', '/tmp/nimble_19215/githubcom_nimlanggraveyard/.git/config')
mkdir('/tmp/nimble_19215/githubcom_nimlanggraveyard/.git/objects/c6', 0x00000000000001ff)
link('/tmp/nimble_19215/githubcom_nimlanggraveyard/.git/objects/c6/tmp_obj_jZSSzi', '/tmp/nimble_19215/githubcom_nimlanggraveyard/.git/objects/c6/a627c07abcc2eb040be2a6cc809f2ef1aecb78')
unlink('/tmp/nimble_19215/githubcom_nimlanggraveyard/.git/objects/c6/tmp_obj_jZSSzi')
mkdir('/tmp/nimble_19215/githubcom_nimlanggraveyard/.git/objects/46', 0x00000000000001ff)
link('/tmp/nimble_19215/githubcom_nimlanggraveyard/.git/objects/46/tmp_obj_haPJDj', '/tmp/nimble_19215/githubcom_nimlanggraveyard/.git/objects/46/09d676b0aad79490d507ea692e9038ec1161ee')
unlink('/tmp/nimble_19215/githubcom_nimlanggraveyard/.git/objects/46/tmp_obj_haPJDj')
mkdir('/tmp/nimble_19215/githubcom_nimlanggraveyard/.git/objects/8b', 0x00000000000001ff)
link('/tmp/nimble_19215/githubcom_nimlanggraveyard/.git/objects/8b/tmp_obj_BuayDo', '/tmp/nimble_19215/githubcom_nimlanggraveyard/.git/objects/8b/09b1b8846975119b834ddb9d3a1a06620e6ccc')
unlink('/tmp/nimble_19215/githubcom_nimlanggraveyard/.git/objects/8b/tmp_obj_BuayDo')
mkdir('/tmp/nimble_19215/githubcom_nimlanggraveyard/.git/objects/ab', 0x00000000000001ff)
link('/tmp/nimble_19215/githubcom_nimlanggraveyard/.git/objects/ab/tmp_obj_nhRnmu', '/tmp/nimble_19215/githubcom_nimlanggraveyard/.git/objects/ab/602974d200aa6849e6ad8220951ef9a78d9f08')
unlink('/tmp/nimble_19215/githubcom_nimlanggraveyard/.git/objects/ab/tmp_obj_nhRnmu')
mkdir('/tmp/nimble_19215/githubcom_nimlanggraveyard/.git/objects/f5', 0x00000000000001ff)
link('/tmp/nimble_19215/githubcom_nimlanggraveyard/.git/objects/f5/tmp_obj_PFoaqv', '/tmp/nimble_19215/githubcom_nimlanggraveyard/.git/objects/f5/9ec32abe71c0e12cd6c0f75f589f1bf1a35951')
unlink('/tmp/nimble_19215/githubcom_nimlanggraveyard/.git/objects/f5/tmp_obj_PFoaqv')
mkdir('/tmp/nimble_19215/githubcom_nimlanggraveyard/.git/objects/8c', 0x00000000000001ff)
link('/tmp/nimble_19215/githubcom_nimlanggraveyard/.git/objects/8c/tmp_obj_vz0A4B', '/tmp/nimble_19215/githubcom_nimlanggraveyard/.git/objects/8c/b9f03d0131ef19ca2b2642dbb9c10cd7b6ce7d')
unlink('/tmp/nimble_19215/githubcom_nimlanggraveyard/.git/objects/8c/tmp_obj_vz0A4B')
mkdir('/tmp/nimble_19215/githubcom_nimlanggraveyard/.git/objects/28', 0x00000000000001ff)
link('/tmp/nimble_19215/githubcom_nimlanggraveyard/.git/objects/28/tmp_obj_hStzBD', '/tmp/nimble_19215/githubcom_nimlanggraveyard/.git/objects/28/2200f3a970e1f522b25c6d80a5f6be8821059f')
unlink('/tmp/nimble_19215/githubcom_nimlanggraveyard/.git/objects/28/tmp_obj_hStzBD')
mkdir('/tmp/nimble_19215/githubcom_nimlanggraveyard/.git/objects/7c', 0x00000000000001ff)
link('/tmp/nimble_19215/githubcom_nimlanggraveyard/.git/objects/7c/tmp_obj_pUamBI', '/tmp/nimble_19215/githubcom_nimlanggraveyard/.git/objects/7c/bbbbb3c326342f21c557f11fd9e22ac1467d88')
unlink('/tmp/nimble_19215/githubcom_nimlanggraveyard/.git/objects/7c/tmp_obj_pUamBI')
mkdir('/tmp/nimble_19215/githubcom_nimlanggraveyard/.git/objects/ba', 0x00000000000001ff)
link('/tmp/nimble_19215/githubcom_nimlanggraveyard/.git/objects/ba/tmp_obj_hexvbK', '/tmp/nimble_19215/githubcom_nimlanggraveyard/.git/objects/ba/5c571ce170bf5d19bed93c4c8408bfc478286f')
unlink('/tmp/nimble_19215/githubcom_nimlanggraveyard/.git/objects/ba/tmp_obj_hexvbK')
mkdir('/tmp/nimble_19215/githubcom_nimlanggraveyard/.git/objects/2d', 0x00000000000001ff)
link('/tmp/nimble_19215/githubcom_nimlanggraveyard/.git/objects/2d/tmp_obj_FGBF9N', '/tmp/nimble_19215/githubcom_nimlanggraveyard/.git/objects/2d/239d20f27c4001033dd88669c30909bc529595')
unlink('/tmp/nimble_19215/githubcom_nimlanggraveyard/.git/objects/2d/tmp_obj_FGBF9N')
mkdir('/tmp/nimble_19215/githubcom_nimlanggraveyard/.git/objects/dd', 0x00000000000001ff)
link('/tmp/nimble_19215/githubcom_nimlanggraveyard/.git/objects/dd/tmp_obj_d25rLS', '/tmp/nimble_19215/githubcom_nimlanggraveyard/.git/objects/dd/82abc0ce26838d41101f418d196dab4c9bf8ee')
unlink('/tmp/nimble_19215/githubcom_nimlanggraveyard/.git/objects/dd/tmp_obj_d25rLS')
mkdir('/tmp/nimble_19215/githubcom_nimlanggraveyard/.git/objects/95', 0x00000000000001ff)
link('/tmp/nimble_19215/githubcom_nimlanggraveyard/.git/objects/95/tmp_obj_bJsGoZ', '/tmp/nimble_19215/githubcom_nimlanggraveyard/.git/objects/95/00761934fe904ae882e9c348ddb5dc2390bb9e')
unlink('/tmp/nimble_19215/githubcom_nimlanggraveyard/.git/objects/95/tmp_obj_bJsGoZ')
link('/tmp/nimble_19215/githubcom_nimlanggraveyard/.git/objects/2d/tmp_obj_9XKlx0', '/tmp/nimble_19215/githubcom_nimlanggraveyard/.git/objects/2d/0406f2fab1d16a664c26c8b11626b9af2b8d62')
unlink('/tmp/nimble_19215/githubcom_nimlanggraveyard/.git/objects/2d/tmp_obj_9XKlx0')
mkdir('/tmp/nimble_19215/githubcom_nimlanggraveyard/.git/objects/93', 0x00000000000001ff)
link('/tmp/nimble_19215/githubcom_nimlanggraveyard/.git/objects/93/tmp_obj_hM6cv5', '/tmp/nimble_19215/githubcom_nimlanggraveyard/.git/objects/93/4d629a521c520f65355e700fbad88235fd3104')
unlink('/tmp/nimble_19215/githubcom_nimlanggraveyard/.git/objects/93/tmp_obj_hM6cv5')
mkdir('/tmp/nimble_19215/githubcom_nimlanggraveyard/.git/objects/cb', 0x00000000000001ff)
link('/tmp/nimble_19215/githubcom_nimlanggraveyard/.git/objects/cb/tmp_obj_t46TEa', '/tmp/nimble_19215/githubcom_nimlanggraveyard/.git/objects/cb/c187f20c88d3289c7c29fd56d3bc0094d95254')
unlink('/tmp/nimble_19215/githubcom_nimlanggraveyard/.git/objects/cb/tmp_obj_t46TEa')
mkdir('/tmp/nimble_19215/githubcom_nimlanggraveyard/.git/objects/52', 0x00000000000001ff)
link('/tmp/nimble_19215/githubcom_nimlanggraveyard/.git/objects/52/tmp_obj_5hSRMf', '/tmp/nimble_19215/githubcom_nimlanggraveyard/.git/objects/52/4d15da61f25271e8a88d67d3278999e64404fc')
unlink('/tmp/nimble_19215/githubcom_nimlanggraveyard/.git/objects/52/tmp_obj_5hSRMf')
mkdir('/tmp/nimble_19215/githubcom_nimlanggraveyard/.git/objects/16', 0x00000000000001ff)
link('/tmp/nimble_19215/githubcom_nimlanggraveyard/.git/objects/16/tmp_obj_VwQDOg', '/tmp/nimble_19215/githubcom_nimlanggraveyard/.git/objects/16/569cab9051aa5fb5be5bc7ddb1fe177630441a')
unlink('/tmp/nimble_19215/githubcom_nimlanggraveyard/.git/objects/16/tmp_obj_VwQDOg')
link('/tmp/nimble_19215/githubcom_nimlanggraveyard/.git/objects/28/tmp_obj_c4WQua', '/tmp/nimble_19215/githubcom_nimlanggraveyard/.git/objects/28/063a7749d66b3a753c423fa2d7e6c83fce9b4d')
unlink('/tmp/nimble_19215/githubcom_nimlanggraveyard/.git/objects/28/tmp_obj_c4WQua')
mkdir('/tmp/nimble_19215/githubcom_nimlanggraveyard/.git/objects/99', 0x00000000000001ff)
link('/tmp/nimble_19215/githubcom_nimlanggraveyard/.git/objects/99/tmp_obj_Y4Ssqf', '/tmp/nimble_19215/githubcom_nimlanggraveyard/.git/objects/99/4cdb1fcbdea1b3def61a83740460f83b012e63')
unlink('/tmp/nimble_19215/githubcom_nimlanggraveyard/.git/objects/99/tmp_obj_Y4Ssqf')
mkdir('/tmp/nimble_19215/githubcom_nimlanggraveyard/.git/objects/e6', 0x00000000000001ff)
link('/tmp/nimble_19215/githubcom_nimlanggraveyard/.git/objects/e6/tmp_obj_OTn2Tj', '/tmp/nimble_19215/githubcom_nimlanggraveyard/.git/objects/e6/7e1ec9877499e1f6ec5ed76fdd127b4e1448b5')
unlink('/tmp/nimble_19215/githubcom_nimlanggraveyard/.git/objects/e6/tmp_obj_OTn2Tj')
mkdir('/tmp/nimble_19215/githubcom_nimlanggraveyard/.git/objects/f9', 0x00000000000001ff)
link('/tmp/nimble_19215/githubcom_nimlanggraveyard/.git/objects/f9/tmp_obj_uHYHvp', '/tmp/nimble_19215/githubcom_nimlanggraveyard/.git/objects/f9/64458757851b54117f77b488983f9069cde0eb')
unlink('/tmp/nimble_19215/githubcom_nimlanggraveyard/.git/objects/f9/tmp_obj_uHYHvp')
mkdir('/tmp/nimble_19215/githubcom_nimlanggraveyard/.git/objects/40', 0x00000000000001ff)
link('/tmp/nimble_19215/githubcom_nimlanggraveyard/.git/objects/40/tmp_obj_s255iu', '/tmp/nimble_19215/githubcom_nimlanggraveyard/.git/objects/40/97dfd24dccde5cbb5be57c59290da9c3b5993a')
unlink('/tmp/nimble_19215/githubcom_nimlanggraveyard/.git/objects/40/tmp_obj_s255iu')
mkdir('/tmp/nimble_19215/githubcom_nimlanggraveyard/.git/objects/ae', 0x00000000000001ff)
link('/tmp/nimble_19215/githubcom_nimlanggraveyard/.git/objects/ae/tmp_obj_oQ03nx', '/tmp/nimble_19215/githubcom_nimlanggraveyard/.git/objects/ae/d88095aa2a67f4093eaa0bb8686ebc5226500c')
unlink('/tmp/nimble_19215/githubcom_nimlanggraveyard/.git/objects/ae/tmp_obj_oQ03nx')
mkdir('/tmp/nimble_19215/githubcom_nimlanggraveyard/.git/objects/a3', 0x00000000000001ff)
link('/tmp/nimble_19215/githubcom_nimlanggraveyard/.git/objects/a3/tmp_obj_QiuplB', '/tmp/nimble_19215/githubcom_nimlanggraveyard/.git/objects/a3/7511d2c63839f5a67057ef1fd5f47bd775fa8c')
unlink('/tmp/nimble_19215/githubcom_nimlanggraveyard/.git/objects/a3/tmp_obj_QiuplB')
mkdir('/tmp/nimble_19215/githubcom_nimlanggraveyard/.git/objects/b7', 0x00000000000001ff)
link('/tmp/nimble_19215/githubcom_nimlanggraveyard/.git/objects/b7/tmp_obj_yfjubD', '/tmp/nimble_19215/githubcom_nimlanggraveyard/.git/objects/b7/7ebb9b413e2b114c4a7bffac582ed866c03045')
unlink('/tmp/nimble_19215/githubcom_nimlanggraveyard/.git/objects/b7/tmp_obj_yfjubD')
mkdir('/tmp/nimble_19215/githubcom_nimlanggraveyard/.git/objects/83', 0x00000000000001ff)
link('/tmp/nimble_19215/githubcom_nimlanggraveyard/.git/objects/83/tmp_obj_in5g2G', '/tmp/nimble_19215/githubcom_nimlanggraveyard/.git/objects/83/658b8dbe02457e9e2da9c06343c7757f4c1824')
unlink('/tmp/nimble_19215/githubcom_nimlanggraveyard/.git/objects/83/tmp_obj_in5g2G')
mkdir('/tmp/nimble_19215/githubcom_nimlanggraveyard/.git/objects/bc', 0x00000000000001ff)
link('/tmp/nimble_19215/githubcom_nimlanggraveyard/.git/objects/bc/tmp_obj_SNDcIN', '/tmp/nimble_19215/githubcom_nimlanggraveyard/.git/objects/bc/b9b33028c45605c0b82caa58435217dbd3e01e')
unlink('/tmp/nimble_19215/githubcom_nimlanggraveyard/.git/objects/bc/tmp_obj_SNDcIN')
mkdir('/tmp/nimble_19215/githubcom_nimlanggraveyard/.git/objects/3b', 0x00000000000001ff)
link('/tmp/nimble_19215/githubcom_nimlanggraveyard/.git/objects/3b/tmp_obj_uRRttS', '/tmp/nimble_19215/githubcom_nimlanggraveyard/.git/objects/3b/4d39ae2960f5b60fc00bd369899cc97c648010')
unlink('/tmp/nimble_19215/githubcom_nimlanggraveyard/.git/objects/3b/tmp_obj_uRRttS')
mkdir('/tmp/nimble_19215/githubcom_nimlanggraveyard/.git/objects/27', 0x00000000000001ff)
link('/tmp/nimble_19215/githubcom_nimlanggraveyard/.git/objects/27/tmp_obj_28BRHT', '/tmp/nimble_19215/githubcom_nimlanggraveyard/.git/objects/27/cbef793c3a0f9aa0575460b2fd527b15420c7d')
unlink('/tmp/nimble_19215/githubcom_nimlanggraveyard/.git/objects/27/tmp_obj_28BRHT')
mkdir('/tmp/nimble_19215/githubcom_nimlanggraveyard/.git/objects/4b', 0x00000000000001ff)
link('/tmp/nimble_19215/githubcom_nimlanggraveyard/.git/objects/4b/tmp_obj_oAAuMY', '/tmp/nimble_19215/githubcom_nimlanggraveyard/.git/objects/4b/9298d61629b198a293c4e9e2c391ed85266328')
unlink('/tmp/nimble_19215/githubcom_nimlanggraveyard/.git/objects/4b/tmp_obj_oAAuMY')
mkdir('/tmp/nimble_19215/githubcom_nimlanggraveyard/.git/objects/14', 0x00000000000001ff)
link('/tmp/nimble_19215/githubcom_nimlanggraveyard/.git/objects/14/tmp_obj_yPTpeY', '/tmp/nimble_19215/githubcom_nimlanggraveyard/.git/objects/14/55a14a90727b4a6805f30060a52a52cbc8758c')
unlink('/tmp/nimble_19215/githubcom_nimlanggraveyard/.git/objects/14/tmp_obj_yPTpeY')
mkdir('/tmp/nimble_19215/githubcom_nimlanggraveyard/.git/objects/ee', 0x00000000000001ff)
link('/tmp/nimble_19215/githubcom_nimlanggraveyard/.git/objects/ee/tmp_obj_cwJWw0', '/tmp/nimble_19215/githubcom_nimlanggraveyard/.git/objects/ee/594d7b7a2951a36658a437558a6c85c4f4d6ee')
unlink('/tmp/nimble_19215/githubcom_nimlanggraveyard/.git/objects/ee/tmp_obj_cwJWw0')
mkdir('/tmp/nimble_19215/githubcom_nimlanggraveyard/.git/objects/f7', 0x00000000000001ff)
link('/tmp/nimble_19215/githubcom_nimlanggraveyard/.git/objects/f7/tmp_obj_qBwaH2', '/tmp/nimble_19215/githubcom_nimlanggraveyard/.git/objects/f7/962591914f77df22eccea5db4ecf93798aa549')
unlink('/tmp/nimble_19215/githubcom_nimlanggraveyard/.git/objects/f7/tmp_obj_qBwaH2')
rename('/tmp/nimble_19215/githubcom_nimlanggraveyard/.git/shallow.lock', '/tmp/nimble_19215/githubcom_nimlanggraveyard/.git/shallow')
rename('/tmp/nimble_19215/githubcom_nimlanggraveyard/.git/packed-refs.new', '/tmp/nimble_19215/githubcom_nimlanggraveyard/.git/packed-refs')
unlink('/tmp/nimble_19215/githubcom_nimlanggraveyard/.git/packed-refs.lock')
mkdir('/tmp/nimble_19215/githubcom_nimlanggraveyard/.git/refs/remotes', 0x00000000000001ff)
mkdir('/tmp/nimble_19215/githubcom_nimlanggraveyard/.git/refs/remotes/origin', 0x00000000000001ff)
mkdir('/tmp/nimble_19215/githubcom_nimlanggraveyard/.git/logs', 0x00000000000001ff)
mkdir('/tmp/nimble_19215/githubcom_nimlanggraveyard/.git/logs/refs', 0x00000000000001ff)
mkdir('/tmp/nimble_19215/githubcom_nimlanggraveyard/.git/logs/refs/remotes', 0x00000000000001ff)
mkdir('/tmp/nimble_19215/githubcom_nimlanggraveyard/.git/logs/refs/remotes/origin', 0x00000000000001ff)
rename('/tmp/nimble_19215/githubcom_nimlanggraveyard/.git/refs/remotes/origin/HEAD.lock', '/tmp/nimble_19215/githubcom_nimlanggraveyard/.git/refs/remotes/origin/HEAD')
rename('/tmp/nimble_19215/githubcom_nimlanggraveyard/.git/HEAD.lock', '/tmp/nimble_19215/githubcom_nimlanggraveyard/.git/HEAD')
mkdir('/tmp/nimble_19215/githubcom_nimlanggraveyard/.git/logs/refs/heads', 0x00000000000001ff)
rename('/tmp/nimble_19215/githubcom_nimlanggraveyard/.git/refs/heads/master.lock', '/tmp/nimble_19215/githubcom_nimlanggraveyard/.git/refs/heads/master')       Info /tmp/nimble_19215/githubcom_nimlanggraveyard/scgi/scgi_19215.nims(1, 8) Warning: imported and not used: 'system' [UnusedImport]
        ... /tmp/nimble_19215/githubcom_nimlanggraveyard/scgi/scgi_19215.nims(5, 22) Warning: imported and not used: 'strutils' [UnusedImport]
  Verifying dependencies for scgi@0.1.0
 Installing scgi@0.1.0
    Copying file /tmp/nimble_19215/githubcom_nimlanggraveyard/scgi/src/scgi.nim to /home/runner/.nimble/pkgs/scgi-0.1.0/scgi.nim
    Copying file /tmp/nimble_19215/githubcom_nimlanggraveyard/scgi/scgi.nimble to /home/runner/.nimble/pkgs/scgi-0.1.0/scgi.nimble
   Success: scgi installed successfully.
       Info /home/runner/.nimble/pkgs/scgi-0.1.0/scgi_19215.nims(1, 8) Warning: imported and not used: 'system' [UnusedImport]
        ... /home/runner/.nimble/pkgs/scgi-0.1.0/scgi_19215.nims(5, 22) Warning: imported and not used: 'strutils' [UnusedImport]

unlink('/tmp/nimble_19215/githubcom_nimlanggraveyard/.git/HEAD.lock')
chmod('/tmp/nimble_19215/githubcom_nimlanggraveyard/.git/config.lock', 0x00000000000001a4)
rename('/tmp/nimble_19215/githubcom_nimlanggraveyard/.git/config.lock', '/tmp/nimble_19215/githubcom_nimlanggraveyard/.git/config')
chmod('/tmp/nimble_19215/githubcom_nimlanggraveyard/.git/config.lock', 0x00000000000001a4)
rename('/tmp/nimble_19215/githubcom_nimlanggraveyard/.git/config.lock', '/tmp/nimble_19215/githubcom_nimlanggraveyard/.git/config')
mkdir('complex', 0x00000000000001ff)
mkdir('complex/src', 0x00000000000001ff)
mkdir('fsmonitor', 0x00000000000001ff)
mkdir('fsmonitor/src', 0x00000000000001ff)
mkdir('lc', 0x00000000000001ff)
mkdir('lc/src', 0x00000000000001ff)
mkdir('scgi', 0x00000000000001ff)
mkdir('scgi/src', 0x00000000000001ff)
mkdir('subexes', 0x00000000000001ff)
mkdir('subexes/src', 0x00000000000001ff)
mkdir('xmldom', 0x00000000000001ff)
mkdir('xmldom/src', 0x00000000000001ff)
mkdir('xmldomparser', 0x00000000000001ff)
mkdir('xmldomparser/src', 0x00000000000001ff)
rename('/tmp/nimble_19215/githubcom_nimlanggraveyard/.git/index.lock', '/tmp/nimble_19215/githubcom_nimlanggraveyard/.git/index')
mkdir('/tmp', 0x00000000000001ff)
mkdir('/tmp/nimblecache', 0x00000000000001ff)
mkdir('/tmp/nimblecache/scgi_2208524870', 0x00000000000001ff)
unlink('/tmp/nimblecache/scgi_2208524870/scgi.ini')
unlink('/tmp/nimble_19215.out')
unlink('/tmp/nimble_19215/githubcom_nimlanggraveyard/scgi/scgi_19215.nims')
mkdir('/home', 0x00000000000001ff)
mkdir('/home/runner', 0x00000000000001ff)
mkdir('/home/runner/.nimble', 0x00000000000001ff)
mkdir('/home/runner/.nimble/pkgs', 0x00000000000001ff)
mkdir('/home/runner/.nimble/pkgs/scgi-0.1.0', 0x00000000000001ff)
mkdir('/home', 0x00000000000001ff)
mkdir('/home/runner', 0x00000000000001ff)
mkdir('/home/runner/.nimble', 0x00000000000001ff)
mkdir('/home/runner/.nimble/pkgs', 0x00000000000001ff)
mkdir('/home/runner/.nimble/pkgs/scgi-0.1.0', 0x00000000000001ff)
chmod('/home/runner/.nimble/pkgs/scgi-0.1.0/scgi.nim', 0x00000000000001a4)
chmod('/home/runner/.nimble/pkgs/scgi-0.1.0/scgi.nimble', 0x00000000000001a4)
mkdir('/tmp', 0x00000000000001ff)
mkdir('/tmp/nimblecache', 0x00000000000001ff)
mkdir('/tmp/nimblecache/scgi_46891903', 0x00000000000001ff)
unlink('/tmp/nimblecache/scgi_46891903/scgi.ini')
unlink('/tmp/nimble_19215.out')
unlink('/home/runner/.nimble/pkgs/scgi-0.1.0/scgi_19215.nims')
unlink('/tmp/nimble_19215/githubcom_nimlanggraveyard/xmldom/src/xmldom.nim')
rmdir('/tmp/nimble_19215/githubcom_nimlanggraveyard/xmldom/src')
unlink('/tmp/nimble_19215/githubcom_nimlanggraveyard/xmldom/xmldom.nimble')
rmdir('/tmp/nimble_19215/githubcom_nimlanggraveyard/xmldom')
unlink('/tmp/nimble_19215/githubcom_nimlanggraveyard/README.md')
unlink('/tmp/nimble_19215/githubcom_nimlanggraveyard/xmldomparser/xmldomparser.nimble')
unlink('/tmp/nimble_19215/githubcom_nimlanggraveyard/xmldomparser/src/xmldomparser.nim')
rmdir('/tmp/nimble_19215/githubcom_nimlanggraveyard/xmldomparser/src')
rmdir('/tmp/nimble_19215/githubcom_nimlanggraveyard/xmldomparser')
unlink('/tmp/nimble_19215/githubcom_nimlanggraveyard/.git/refs/remotes/origin/HEAD')
rmdir('/tmp/nimble_19215/githubcom_nimlanggraveyard/.git/refs/remotes/origin')
rmdir('/tmp/nimble_19215/githubcom_nimlanggraveyard/.git/refs/remotes')
rmdir('/tmp/nimble_19215/githubcom_nimlanggraveyard/.git/refs/tags')
unlink('/tmp/nimble_19215/githubcom_nimlanggraveyard/.git/refs/heads/master')
rmdir('/tmp/nimble_19215/githubcom_nimlanggraveyard/.git/refs/heads')
rmdir('/tmp/nimble_19215/githubcom_nimlanggraveyard/.git/refs')
unlink('/tmp/nimble_19215/githubcom_nimlanggraveyard/.git/info/exclude')
rmdir('/tmp/nimble_19215/githubcom_nimlanggraveyard/.git/info')
rmdir('/tmp/nimble_19215/githubcom_nimlanggraveyard/.git/branches')
unlink('/tmp/nimble_19215/githubcom_nimlanggraveyard/.git/logs/refs/remotes/origin/HEAD')
rmdir('/tmp/nimble_19215/githubcom_nimlanggraveyard/.git/logs/refs/remotes/origin')
rmdir('/tmp/nimble_19215/githubcom_nimlanggraveyard/.git/logs/refs/remotes')
unlink('/tmp/nimble_19215/githubcom_nimlanggraveyard/.git/logs/refs/heads/master')
rmdir('/tmp/nimble_19215/githubcom_nimlanggraveyard/.git/logs/refs/heads')
rmdir('/tmp/nimble_19215/githubcom_nimlanggraveyard/.git/logs/refs')
unlink('/tmp/nimble_19215/githubcom_nimlanggraveyard/.git/logs/HEAD')
rmdir('/tmp/nimble_19215/githubcom_nimlanggraveyard/.git/logs')
unlink('/tmp/nimble_19215/githubcom_nimlanggraveyard/.git/description')
unlink('/tmp/nimble_19215/githubcom_nimlanggraveyard/.git/hooks/pre-rebase.sample')
unlink('/tmp/nimble_19215/githubcom_nimlanggraveyard/.git/hooks/applypatch-msg.sample')
unlink('/tmp/nimble_19215/githubcom_nimlanggraveyard/.git/hooks/pre-push.sample')
unlink('/tmp/nimble_19215/githubcom_nimlanggraveyard/.git/hooks/pre-merge-commit.sample')
unlink('/tmp/nimble_19215/githubcom_nimlanggraveyard/.git/hooks/pre-receive.sample')
unlink('/tmp/nimble_19215/githubcom_nimlanggraveyard/.git/hooks/update.sample')
unlink('/tmp/nimble_19215/githubcom_nimlanggraveyard/.git/hooks/pre-commit.sample')
unlink('/tmp/nimble_19215/githubcom_nimlanggraveyard/.git/hooks/pre-applypatch.sample')
unlink('/tmp/nimble_19215/githubcom_nimlanggraveyard/.git/hooks/commit-msg.sample')
unlink('/tmp/nimble_19215/githubcom_nimlanggraveyard/.git/hooks/fsmonitor-watchman.sample')
unlink('/tmp/nimble_19215/githubcom_nimlanggraveyard/.git/hooks/prepare-commit-msg.sample')
unlink('/tmp/nimble_19215/githubcom_nimlanggraveyard/.git/hooks/post-update.sample')
rmdir('/tmp/nimble_19215/githubcom_nimlanggraveyard/.git/hooks')
unlink('/tmp/nimble_19215/githubcom_nimlanggraveyard/.git/shallow')
unlink('/tmp/nimble_19215/githubcom_nimlanggraveyard/.git/config')
unlink('/tmp/nimble_19215/githubcom_nimlanggraveyard/.git/index')
unlink('/tmp/nimble_19215/githubcom_nimlanggraveyard/.git/objects/99/4cdb1fcbdea1b3def61a83740460f83b012e63')
rmdir('/tmp/nimble_19215/githubcom_nimlanggraveyard/.git/objects/99')
unlink('/tmp/nimble_19215/githubcom_nimlanggraveyard/.git/objects/7c/bbbbb3c326342f21c557f11fd9e22ac1467d88')
rmdir('/tmp/nimble_19215/githubcom_nimlanggraveyard/.git/objects/7c')
unlink('/tmp/nimble_19215/githubcom_nimlanggraveyard/.git/objects/f5/9ec32abe71c0e12cd6c0f75f589f1bf1a35951')
rmdir('/tmp/nimble_19215/githubcom_nimlanggraveyard/.git/objects/f5')
unlink('/tmp/nimble_19215/githubcom_nimlanggraveyard/.git/objects/93/4d629a521c520f65355e700fbad88235fd3104')
rmdir('/tmp/nimble_19215/githubcom_nimlanggraveyard/.git/objects/93')
unlink('/tmp/nimble_19215/githubcom_nimlanggraveyard/.git/objects/14/55a14a90727b4a6805f30060a52a52cbc8758c')
rmdir('/tmp/nimble_19215/githubcom_nimlanggraveyard/.git/objects/14')
rmdir('/tmp/nimble_19215/githubcom_nimlanggraveyard/.git/objects/info')
unlink('/tmp/nimble_19215/githubcom_nimlanggraveyard/.git/objects/c6/a627c07abcc2eb040be2a6cc809f2ef1aecb78')
rmdir('/tmp/nimble_19215/githubcom_nimlanggraveyard/.git/objects/c6')
unlink('/tmp/nimble_19215/githubcom_nimlanggraveyard/.git/objects/ae/d88095aa2a67f4093eaa0bb8686ebc5226500c')
rmdir('/tmp/nimble_19215/githubcom_nimlanggraveyard/.git/objects/ae')
unlink('/tmp/nimble_19215/githubcom_nimlanggraveyard/.git/objects/a3/7511d2c63839f5a67057ef1fd5f47bd775fa8c')
rmdir('/tmp/nimble_19215/githubcom_nimlanggraveyard/.git/objects/a3')
unlink('/tmp/nimble_19215/githubcom_nimlanggraveyard/.git/objects/f7/962591914f77df22eccea5db4ecf93798aa549')
rmdir('/tmp/nimble_19215/githubcom_nimlanggraveyard/.git/objects/f7')
unlink('/tmp/nimble_19215/githubcom_nimlanggraveyard/.git/objects/8c/b9f03d0131ef19ca2b2642dbb9c10cd7b6ce7d')
rmdir('/tmp/nimble_19215/githubcom_nimlanggraveyard/.git/objects/8c')
unlink('/tmp/nimble_19215/githubcom_nimlanggraveyard/.git/objects/ab/602974d200aa6849e6ad8220951ef9a78d9f08')
rmdir('/tmp/nimble_19215/githubcom_nimlanggraveyard/.git/objects/ab')
unlink('/tmp/nimble_19215/githubcom_nimlanggraveyard/.git/objects/4b/9298d61629b198a293c4e9e2c391ed85266328')
rmdir('/tmp/nimble_19215/githubcom_nimlanggraveyard/.git/objects/4b')
unlink('/tmp/nimble_19215/githubcom_nimlanggraveyard/.git/objects/cb/c187f20c88d3289c7c29fd56d3bc0094d95254')
rmdir('/tmp/nimble_19215/githubcom_nimlanggraveyard/.git/objects/cb')
unlink('/tmp/nimble_19215/githubcom_nimlanggraveyard/.git/objects/3b/4d39ae2960f5b60fc00bd369899cc97c648010')
rmdir('/tmp/nimble_19215/githubcom_nimlanggraveyard/.git/objects/3b')
unlink('/tmp/nimble_19215/githubcom_nimlanggraveyard/.git/objects/8b/09b1b8846975119b834ddb9d3a1a06620e6ccc')
rmdir('/tmp/nimble_19215/githubcom_nimlanggraveyard/.git/objects/8b')
unlink('/tmp/nimble_19215/githubcom_nimlanggraveyard/.git/objects/bc/b9b33028c45605c0b82caa58435217dbd3e01e')
rmdir('/tmp/nimble_19215/githubcom_nimlanggraveyard/.git/objects/bc')
unlink('/tmp/nimble_19215/githubcom_nimlanggraveyard/.git/objects/ee/594d7b7a2951a36658a437558a6c85c4f4d6ee')
rmdir('/tmp/nimble_19215/githubcom_nimlanggraveyard/.git/objects/ee')
unlink('/tmp/nimble_19215/githubcom_nimlanggraveyard/.git/objects/95/00761934fe904ae882e9c348ddb5dc2390bb9e')
rmdir('/tmp/nimble_19215/githubcom_nimlanggraveyard/.git/objects/95')
unlink('/tmp/nimble_19215/githubcom_nimlanggraveyard/.git/objects/52/4d15da61f25271e8a88d67d3278999e64404fc')
rmdir('/tmp/nimble_19215/githubcom_nimlanggraveyard/.git/objects/52')
unlink('/tmp/nimble_19215/githubcom_nimlanggraveyard/.git/objects/16/569cab9051aa5fb5be5bc7ddb1fe177630441a')
rmdir('/tmp/nimble_19215/githubcom_nimlanggraveyard/.git/objects/16')
unlink('/tmp/nimble_19215/githubcom_nimlanggraveyard/.git/objects/f9/64458757851b54117f77b488983f9069cde0eb')
rmdir('/tmp/nimble_19215/githubcom_nimlanggraveyard/.git/objects/f9')
unlink('/tmp/nimble_19215/githubcom_nimlanggraveyard/.git/objects/40/97dfd24dccde5cbb5be57c59290da9c3b5993a')
rmdir('/tmp/nimble_19215/githubcom_nimlanggraveyard/.git/objects/40')
unlink('/tmp/nimble_19215/githubcom_nimlanggraveyard/.git/objects/ba/5c571ce170bf5d19bed93c4c8408bfc478286f')
rmdir('/tmp/nimble_19215/githubcom_nimlanggraveyard/.git/objects/ba')
unlink('/tmp/nimble_19215/githubcom_nimlanggraveyard/.git/objects/dd/82abc0ce26838d41101f418d196dab4c9bf8ee')
rmdir('/tmp/nimble_19215/githubcom_nimlanggraveyard/.git/objects/dd')
unlink('/tmp/nimble_19215/githubcom_nimlanggraveyard/.git/objects/b7/7ebb9b413e2b114c4a7bffac582ed866c03045')
rmdir('/tmp/nimble_19215/githubcom_nimlanggraveyard/.git/objects/b7')
rmdir('/tmp/nimble_19215/githubcom_nimlanggraveyard/.git/objects/pack')
unlink('/tmp/nimble_19215/githubcom_nimlanggraveyard/.git/objects/2d/239d20f27c4001033dd88669c30909bc529595')
unlink('/tmp/nimble_19215/githubcom_nimlanggraveyard/.git/objects/2d/0406f2fab1d16a664c26c8b11626b9af2b8d62')
rmdir('/tmp/nimble_19215/githubcom_nimlanggraveyard/.git/objects/2d')
unlink('/tmp/nimble_19215/githubcom_nimlanggraveyard/.git/objects/27/cbef793c3a0f9aa0575460b2fd527b15420c7d')
rmdir('/tmp/nimble_19215/githubcom_nimlanggraveyard/.git/objects/27')
unlink('/tmp/nimble_19215/githubcom_nimlanggraveyard/.git/objects/46/09d676b0aad79490d507ea692e9038ec1161ee')
rmdir('/tmp/nimble_19215/githubcom_nimlanggraveyard/.git/objects/46')
unlink('/tmp/nimble_19215/githubcom_nimlanggraveyard/.git/objects/83/658b8dbe02457e9e2da9c06343c7757f4c1824')
rmdir('/tmp/nimble_19215/githubcom_nimlanggraveyard/.git/objects/83')
unlink('/tmp/nimble_19215/githubcom_nimlanggraveyard/.git/objects/28/2200f3a970e1f522b25c6d80a5f6be8821059f')
unlink('/tmp/nimble_19215/githubcom_nimlanggraveyard/.git/objects/28/063a7749d66b3a753c423fa2d7e6c83fce9b4d')
rmdir('/tmp/nimble_19215/githubcom_nimlanggraveyard/.git/objects/28')
unlink('/tmp/nimble_19215/githubcom_nimlanggraveyard/.git/objects/e6/7e1ec9877499e1f6ec5ed76fdd127b4e1448b5')
rmdir('/tmp/nimble_19215/githubcom_nimlanggraveyard/.git/objects/e6')
rmdir('/tmp/nimble_19215/githubcom_nimlanggraveyard/.git/objects')
unlink('/tmp/nimble_19215/githubcom_nimlanggraveyard/.git/packed-refs')
unlink('/tmp/nimble_19215/githubcom_nimlanggraveyard/.git/HEAD')
rmdir('/tmp/nimble_19215/githubcom_nimlanggraveyard/.git')
unlink('/tmp/nimble_19215/githubcom_nimlanggraveyard/fsmonitor/src/fsmonitor.nim')
rmdir('/tmp/nimble_19215/githubcom_nimlanggraveyard/fsmonitor/src')
unlink('/tmp/nimble_19215/githubcom_nimlanggraveyard/fsmonitor/fsmonitor.nimble')
rmdir('/tmp/nimble_19215/githubcom_nimlanggraveyard/fsmonitor')
unlink('/tmp/nimble_19215/githubcom_nimlanggraveyard/complex/src/complex.nim')
rmdir('/tmp/nimble_19215/githubcom_nimlanggraveyard/complex/src')
unlink('/tmp/nimble_19215/githubcom_nimlanggraveyard/complex/complex.nimble')
rmdir('/tmp/nimble_19215/githubcom_nimlanggraveyard/complex')
unlink('/tmp/nimble_19215/githubcom_nimlanggraveyard/subexes/src/subexes.nim')
rmdir('/tmp/nimble_19215/githubcom_nimlanggraveyard/subexes/src')
unlink('/tmp/nimble_19215/githubcom_nimlanggraveyard/subexes/subexes.nimble')
rmdir('/tmp/nimble_19215/githubcom_nimlanggraveyard/subexes')
unlink('/tmp/nimble_19215/githubcom_nimlanggraveyard/scgi/scgi.nimble')
unlink('/tmp/nimble_19215/githubcom_nimlanggraveyard/scgi/src/scgi.nim')
rmdir('/tmp/nimble_19215/githubcom_nimlanggraveyard/scgi/src')
rmdir('/tmp/nimble_19215/githubcom_nimlanggraveyard/scgi')
unlink('/tmp/nimble_19215/githubcom_nimlanggraveyard/lc/src/lc.nim')
rmdir('/tmp/nimble_19215/githubcom_nimlanggraveyard/lc/src')
unlink('/tmp/nimble_19215/githubcom_nimlanggraveyard/lc/lc.nimble')
rmdir('/tmp/nimble_19215/githubcom_nimlanggraveyard/lc')
unlink('/tmp/nimble_19215/githubcom_nimlanggraveyard/.gitignore')
unlink('/tmp/nimble_19215/githubcom_nimlanggraveyard/LICENSE')
rmdir('/tmp/nimble_19215/githubcom_nimlanggraveyard')
rmdir('/tmp/nimble_19215')
  create directory /tmp
  create directory /tmp/nimble_19215
  create directory /tmp/nimble_19215/githubcom_nimlanggraveyard
  delete /tmp/nimble_19215/githubcom_nimlanggraveyard
  create directory /tmp/nimble_19215/githubcom_nimlanggraveyard
  create directory /tmp/nimble_19215/githubcom_nimlanggraveyard/.git
  create directory /tmp/nimble_19215/githubcom_nimlanggraveyard/.git
  create directory /tmp/nimble_19215/githubcom_nimlanggraveyard/.git/info
  create directory /tmp/nimble_19215/githubcom_nimlanggraveyard/.git/branches
  create directory /tmp/nimble_19215/githubcom_nimlanggraveyard/.git/hooks
  create directory /tmp/nimble_19215/githubcom_nimlanggraveyard/.git/refs
  create directory /tmp/nimble_19215/githubcom_nimlanggraveyard/.git/refs/heads
  create directory /tmp/nimble_19215/githubcom_nimlanggraveyard/.git/refs/tags
  rename /tmp/nimble_19215/githubcom_nimlanggraveyard/.git/HEAD.lock to HEAD
  rename /tmp/nimble_19215/githubcom_nimlanggraveyard/.git/config.lock to config
  change permissions of /tmp/nimble_19215/githubcom_nimlanggraveyard/.git/config to rwxr--r--
  change permissions of /tmp/nimble_19215/githubcom_nimlanggraveyard/.git/config to rw-r--r--
  change permissions of /tmp/nimble_19215/githubcom_nimlanggraveyard/.git/config.lock to rw-r--r--
  rename /tmp/nimble_19215/githubcom_nimlanggraveyard/.git/config.lock to config
  change permissions of /tmp/nimble_19215/githubcom_nimlanggraveyard/.git/config.lock to rw-r--r--
  rename /tmp/nimble_19215/githubcom_nimlanggraveyard/.git/config.lock to config
  change permissions of /tmp/nimble_19215/githubcom_nimlanggraveyard/.git/config.lock to rw-r--r--
  rename /tmp/nimble_19215/githubcom_nimlanggraveyard/.git/config.lock to config
  delete /tmp/nimble_19215/githubcom_nimlanggraveyard/.git/tfze1ro
  create symbolic link from /tmp/nimble_19215/githubcom_nimlanggraveyard/.git/tfze1ro to /home/runner/work/nim_packages_security_audit/nim_packages_security_audit/testing
  delete /tmp/nimble_19215/githubcom_nimlanggraveyard/.git/tfze1ro
  create directory /tmp/nimble_19215/githubcom_nimlanggraveyard/.git/objects
  create directory /tmp/nimble_19215/githubcom_nimlanggraveyard/.git/objects/pack
  create directory /tmp/nimble_19215/githubcom_nimlanggraveyard/.git/objects/info
  change permissions of /tmp/nimble_19215/githubcom_nimlanggraveyard/.git/config.lock to rw-r--r--
  rename /tmp/nimble_19215/githubcom_nimlanggraveyard/.git/config.lock to config
  change permissions of /tmp/nimble_19215/githubcom_nimlanggraveyard/.git/config.lock to rw-r--r--
  rename /tmp/nimble_19215/githubcom_nimlanggraveyard/.git/config.lock to config
  change permissions of /tmp/nimble_19215/githubcom_nimlanggraveyard/.git/config.lock to rw-r--r--
  rename /tmp/nimble_19215/githubcom_nimlanggraveyard/.git/config.lock to config
  create directory /tmp/nimble_19215/githubcom_nimlanggraveyard/.git/objects/c6
  create hard link from /tmp/nimble_19215/githubcom_nimlanggraveyard/.git/objects/c6/a627c07abcc2eb040be2a6cc809f2ef1aecb78 to /tmp/nimble_19215/githubcom_nimlanggraveyard/.git/objects/c6/tmp_obj_jZSSzi
  delete /tmp/nimble_19215/githubcom_nimlanggraveyard/.git/objects/c6/tmp_obj_jZSSzi
  create directory /tmp/nimble_19215/githubcom_nimlanggraveyard/.git/objects/46
  create hard link from /tmp/nimble_19215/githubcom_nimlanggraveyard/.git/objects/46/09d676b0aad79490d507ea692e9038ec1161ee to /tmp/nimble_19215/githubcom_nimlanggraveyard/.git/objects/46/tmp_obj_haPJDj
  delete /tmp/nimble_19215/githubcom_nimlanggraveyard/.git/objects/46/tmp_obj_haPJDj
  create directory /tmp/nimble_19215/githubcom_nimlanggraveyard/.git/objects/8b
  create hard link from /tmp/nimble_19215/githubcom_nimlanggraveyard/.git/objects/8b/09b1b8846975119b834ddb9d3a1a06620e6ccc to /tmp/nimble_19215/githubcom_nimlanggraveyard/.git/objects/8b/tmp_obj_BuayDo
  delete /tmp/nimble_19215/githubcom_nimlanggraveyard/.git/objects/8b/tmp_obj_BuayDo
  create directory /tmp/nimble_19215/githubcom_nimlanggraveyard/.git/objects/ab
  create hard link from /tmp/nimble_19215/githubcom_nimlanggraveyard/.git/objects/ab/602974d200aa6849e6ad8220951ef9a78d9f08 to /tmp/nimble_19215/githubcom_nimlanggraveyard/.git/objects/ab/tmp_obj_nhRnmu
  delete /tmp/nimble_19215/githubcom_nimlanggraveyard/.git/objects/ab/tmp_obj_nhRnmu
  create directory /tmp/nimble_19215/githubcom_nimlanggraveyard/.git/objects/f5
  create hard link from /tmp/nimble_19215/githubcom_nimlanggraveyard/.git/objects/f5/9ec32abe71c0e12cd6c0f75f589f1bf1a35951 to /tmp/nimble_19215/githubcom_nimlanggraveyard/.git/objects/f5/tmp_obj_PFoaqv
  delete /tmp/nimble_19215/githubcom_nimlanggraveyard/.git/objects/f5/tmp_obj_PFoaqv
  create directory /tmp/nimble_19215/githubcom_nimlanggraveyard/.git/objects/8c
  create hard link from /tmp/nimble_19215/githubcom_nimlanggraveyard/.git/objects/8c/b9f03d0131ef19ca2b2642dbb9c10cd7b6ce7d to /tmp/nimble_19215/githubcom_nimlanggraveyard/.git/objects/8c/tmp_obj_vz0A4B
  delete /tmp/nimble_19215/githubcom_nimlanggraveyard/.git/objects/8c/tmp_obj_vz0A4B
  create directory /tmp/nimble_19215/githubcom_nimlanggraveyard/.git/objects/28
  create hard link from /tmp/nimble_19215/githubcom_nimlanggraveyard/.git/objects/28/2200f3a970e1f522b25c6d80a5f6be8821059f to /tmp/nimble_19215/githubcom_nimlanggraveyard/.git/objects/28/tmp_obj_hStzBD
  delete /tmp/nimble_19215/githubcom_nimlanggraveyard/.git/objects/28/tmp_obj_hStzBD
  create directory /tmp/nimble_19215/githubcom_nimlanggraveyard/.git/objects/7c
  create hard link from /tmp/nimble_19215/githubcom_nimlanggraveyard/.git/objects/7c/bbbbb3c326342f21c557f11fd9e22ac1467d88 to /tmp/nimble_19215/githubcom_nimlanggraveyard/.git/objects/7c/tmp_obj_pUamBI
  delete /tmp/nimble_19215/githubcom_nimlanggraveyard/.git/objects/7c/tmp_obj_pUamBI
  create directory /tmp/nimble_19215/githubcom_nimlanggraveyard/.git/objects/ba
  create hard link from /tmp/nimble_19215/githubcom_nimlanggraveyard/.git/objects/ba/5c571ce170bf5d19bed93c4c8408bfc478286f to /tmp/nimble_19215/githubcom_nimlanggraveyard/.git/objects/ba/tmp_obj_hexvbK
  delete /tmp/nimble_19215/githubcom_nimlanggraveyard/.git/objects/ba/tmp_obj_hexvbK
  create directory /tmp/nimble_19215/githubcom_nimlanggraveyard/.git/objects/2d
  create hard link from /tmp/nimble_19215/githubcom_nimlanggraveyard/.git/objects/2d/239d20f27c4001033dd88669c30909bc529595 to /tmp/nimble_19215/githubcom_nimlanggraveyard/.git/objects/2d/tmp_obj_FGBF9N
  delete /tmp/nimble_19215/githubcom_nimlanggraveyard/.git/objects/2d/tmp_obj_FGBF9N
  create directory /tmp/nimble_19215/githubcom_nimlanggraveyard/.git/objects/dd
  create hard link from /tmp/nimble_19215/githubcom_nimlanggraveyard/.git/objects/dd/82abc0ce26838d41101f418d196dab4c9bf8ee to /tmp/nimble_19215/githubcom_nimlanggraveyard/.git/objects/dd/tmp_obj_d25rLS
  delete /tmp/nimble_19215/githubcom_nimlanggraveyard/.git/objects/dd/tmp_obj_d25rLS
  create directory /tmp/nimble_19215/githubcom_nimlanggraveyard/.git/objects/95
  create hard link from /tmp/nimble_19215/githubcom_nimlanggraveyard/.git/objects/95/00761934fe904ae882e9c348ddb5dc2390bb9e to /tmp/nimble_19215/githubcom_nimlanggraveyard/.git/objects/95/tmp_obj_bJsGoZ
  delete /tmp/nimble_19215/githubcom_nimlanggraveyard/.git/objects/95/tmp_obj_bJsGoZ
  create hard link from /tmp/nimble_19215/githubcom_nimlanggraveyard/.git/objects/2d/0406f2fab1d16a664c26c8b11626b9af2b8d62 to /tmp/nimble_19215/githubcom_nimlanggraveyard/.git/objects/2d/tmp_obj_9XKlx0
  delete /tmp/nimble_19215/githubcom_nimlanggraveyard/.git/objects/2d/tmp_obj_9XKlx0
  create directory /tmp/nimble_19215/githubcom_nimlanggraveyard/.git/objects/93
  create hard link from /tmp/nimble_19215/githubcom_nimlanggraveyard/.git/objects/93/4d629a521c520f65355e700fbad88235fd3104 to /tmp/nimble_19215/githubcom_nimlanggraveyard/.git/objects/93/tmp_obj_hM6cv5
  delete /tmp/nimble_19215/githubcom_nimlanggraveyard/.git/objects/93/tmp_obj_hM6cv5
  create directory /tmp/nimble_19215/githubcom_nimlanggraveyard/.git/objects/cb
  create hard link from /tmp/nimble_19215/githubcom_nimlanggraveyard/.git/objects/cb/c187f20c88d3289c7c29fd56d3bc0094d95254 to /tmp/nimble_19215/githubcom_nimlanggraveyard/.git/objects/cb/tmp_obj_t46TEa
  delete /tmp/nimble_19215/githubcom_nimlanggraveyard/.git/objects/cb/tmp_obj_t46TEa
  create directory /tmp/nimble_19215/githubcom_nimlanggraveyard/.git/objects/52
  create hard link from /tmp/nimble_19215/githubcom_nimlanggraveyard/.git/objects/52/4d15da61f25271e8a88d67d3278999e64404fc to /tmp/nimble_19215/githubcom_nimlanggraveyard/.git/objects/52/tmp_obj_5hSRMf
  delete /tmp/nimble_19215/githubcom_nimlanggraveyard/.git/objects/52/tmp_obj_5hSRMf
  create directory /tmp/nimble_19215/githubcom_nimlanggraveyard/.git/objects/16
  create hard link from /tmp/nimble_19215/githubcom_nimlanggraveyard/.git/objects/16/569cab9051aa5fb5be5bc7ddb1fe177630441a to /tmp/nimble_19215/githubcom_nimlanggraveyard/.git/objects/16/tmp_obj_VwQDOg
  delete /tmp/nimble_19215/githubcom_nimlanggraveyard/.git/objects/16/tmp_obj_VwQDOg
  create hard link from /tmp/nimble_19215/githubcom_nimlanggraveyard/.git/objects/28/063a7749d66b3a753c423fa2d7e6c83fce9b4d to /tmp/nimble_19215/githubcom_nimlanggraveyard/.git/objects/28/tmp_obj_c4WQua
  delete /tmp/nimble_19215/githubcom_nimlanggraveyard/.git/objects/28/tmp_obj_c4WQua
  create directory /tmp/nimble_19215/githubcom_nimlanggraveyard/.git/objects/99
  create hard link from /tmp/nimble_19215/githubcom_nimlanggraveyard/.git/objects/99/4cdb1fcbdea1b3def61a83740460f83b012e63 to /tmp/nimble_19215/githubcom_nimlanggraveyard/.git/objects/99/tmp_obj_Y4Ssqf
  delete /tmp/nimble_19215/githubcom_nimlanggraveyard/.git/objects/99/tmp_obj_Y4Ssqf
  create directory /tmp/nimble_19215/githubcom_nimlanggraveyard/.git/objects/e6
  create hard link from /tmp/nimble_19215/githubcom_nimlanggraveyard/.git/objects/e6/7e1ec9877499e1f6ec5ed76fdd127b4e1448b5 to /tmp/nimble_19215/githubcom_nimlanggraveyard/.git/objects/e6/tmp_obj_OTn2Tj
  delete /tmp/nimble_19215/githubcom_nimlanggraveyard/.git/objects/e6/tmp_obj_OTn2Tj
  create directory /tmp/nimble_19215/githubcom_nimlanggraveyard/.git/objects/f9
  create hard link from /tmp/nimble_19215/githubcom_nimlanggraveyard/.git/objects/f9/64458757851b54117f77b488983f9069cde0eb to /tmp/nimble_19215/githubcom_nimlanggraveyard/.git/objects/f9/tmp_obj_uHYHvp
  delete /tmp/nimble_19215/githubcom_nimlanggraveyard/.git/objects/f9/tmp_obj_uHYHvp
  create directory /tmp/nimble_19215/githubcom_nimlanggraveyard/.git/objects/40
  create hard link from /tmp/nimble_19215/githubcom_nimlanggraveyard/.git/objects/40/97dfd24dccde5cbb5be57c59290da9c3b5993a to /tmp/nimble_19215/githubcom_nimlanggraveyard/.git/objects/40/tmp_obj_s255iu
  delete /tmp/nimble_19215/githubcom_nimlanggraveyard/.git/objects/40/tmp_obj_s255iu
  create directory /tmp/nimble_19215/githubcom_nimlanggraveyard/.git/objects/ae
  create hard link from /tmp/nimble_19215/githubcom_nimlanggraveyard/.git/objects/ae/d88095aa2a67f4093eaa0bb8686ebc5226500c to /tmp/nimble_19215/githubcom_nimlanggraveyard/.git/objects/ae/tmp_obj_oQ03nx
  delete /tmp/nimble_19215/githubcom_nimlanggraveyard/.git/objects/ae/tmp_obj_oQ03nx
  create directory /tmp/nimble_19215/githubcom_nimlanggraveyard/.git/objects/a3
  create hard link from /tmp/nimble_19215/githubcom_nimlanggraveyard/.git/objects/a3/7511d2c63839f5a67057ef1fd5f47bd775fa8c to /tmp/nimble_19215/githubcom_nimlanggraveyard/.git/objects/a3/tmp_obj_QiuplB
  delete /tmp/nimble_19215/githubcom_nimlanggraveyard/.git/objects/a3/tmp_obj_QiuplB
  create directory /tmp/nimble_19215/githubcom_nimlanggraveyard/.git/objects/b7
  create hard link from /tmp/nimble_19215/githubcom_nimlanggraveyard/.git/objects/b7/7ebb9b413e2b114c4a7bffac582ed866c03045 to /tmp/nimble_19215/githubcom_nimlanggraveyard/.git/objects/b7/tmp_obj_yfjubD
  delete /tmp/nimble_19215/githubcom_nimlanggraveyard/.git/objects/b7/tmp_obj_yfjubD
  create directory /tmp/nimble_19215/githubcom_nimlanggraveyard/.git/objects/83
  create hard link from /tmp/nimble_19215/githubcom_nimlanggraveyard/.git/objects/83/658b8dbe02457e9e2da9c06343c7757f4c1824 to /tmp/nimble_19215/githubcom_nimlanggraveyard/.git/objects/83/tmp_obj_in5g2G
  delete /tmp/nimble_19215/githubcom_nimlanggraveyard/.git/objects/83/tmp_obj_in5g2G
  create directory /tmp/nimble_19215/githubcom_nimlanggraveyard/.git/objects/bc
  create hard link from /tmp/nimble_19215/githubcom_nimlanggraveyard/.git/objects/bc/b9b33028c45605c0b82caa58435217dbd3e01e to /tmp/nimble_19215/githubcom_nimlanggraveyard/.git/objects/bc/tmp_obj_SNDcIN
  delete /tmp/nimble_19215/githubcom_nimlanggraveyard/.git/objects/bc/tmp_obj_SNDcIN
  create directory /tmp/nimble_19215/githubcom_nimlanggraveyard/.git/objects/3b
  create hard link from /tmp/nimble_19215/githubcom_nimlanggraveyard/.git/objects/3b/4d39ae2960f5b60fc00bd369899cc97c648010 to /tmp/nimble_19215/githubcom_nimlanggraveyard/.git/objects/3b/tmp_obj_uRRttS
  delete /tmp/nimble_19215/githubcom_nimlanggraveyard/.git/objects/3b/tmp_obj_uRRttS
  create directory /tmp/nimble_19215/githubcom_nimlanggraveyard/.git/objects/27
  create hard link from /tmp/nimble_19215/githubcom_nimlanggraveyard/.git/objects/27/cbef793c3a0f9aa0575460b2fd527b15420c7d to /tmp/nimble_19215/githubcom_nimlanggraveyard/.git/objects/27/tmp_obj_28BRHT
  delete /tmp/nimble_19215/githubcom_nimlanggraveyard/.git/objects/27/tmp_obj_28BRHT
  create directory /tmp/nimble_19215/githubcom_nimlanggraveyard/.git/objects/4b
  create hard link from /tmp/nimble_19215/githubcom_nimlanggraveyard/.git/objects/4b/9298d61629b198a293c4e9e2c391ed85266328 to /tmp/nimble_19215/githubcom_nimlanggraveyard/.git/objects/4b/tmp_obj_oAAuMY
  delete /tmp/nimble_19215/githubcom_nimlanggraveyard/.git/objects/4b/tmp_obj_oAAuMY
  create directory /tmp/nimble_19215/githubcom_nimlanggraveyard/.git/objects/14
  create hard link from /tmp/nimble_19215/githubcom_nimlanggraveyard/.git/objects/14/55a14a90727b4a6805f30060a52a52cbc8758c to /tmp/nimble_19215/githubcom_nimlanggraveyard/.git/objects/14/tmp_obj_yPTpeY
  delete /tmp/nimble_19215/githubcom_nimlanggraveyard/.git/objects/14/tmp_obj_yPTpeY
  create directory /tmp/nimble_19215/githubcom_nimlanggraveyard/.git/objects/ee
  create hard link from /tmp/nimble_19215/githubcom_nimlanggraveyard/.git/objects/ee/594d7b7a2951a36658a437558a6c85c4f4d6ee to /tmp/nimble_19215/githubcom_nimlanggraveyard/.git/objects/ee/tmp_obj_cwJWw0
  delete /tmp/nimble_19215/githubcom_nimlanggraveyard/.git/objects/ee/tmp_obj_cwJWw0
  create directory /tmp/nimble_19215/githubcom_nimlanggraveyard/.git/objects/f7
  create hard link from /tmp/nimble_19215/githubcom_nimlanggraveyard/.git/objects/f7/962591914f77df22eccea5db4ecf93798aa549 to /tmp/nimble_19215/githubcom_nimlanggraveyard/.git/objects/f7/tmp_obj_qBwaH2
  delete /tmp/nimble_19215/githubcom_nimlanggraveyard/.git/objects/f7/tmp_obj_qBwaH2
  rename /tmp/nimble_19215/githubcom_nimlanggraveyard/.git/shallow.lock to shallow
  rename /tmp/nimble_19215/githubcom_nimlanggraveyard/.git/packed-refs.new to packed-refs
  delete /tmp/nimble_19215/githubcom_nimlanggraveyard/.git/packed-refs.lock
  create directory /tmp/nimble_19215/githubcom_nimlanggraveyard/.git/refs/remotes
  create directory /tmp/nimble_19215/githubcom_nimlanggraveyard/.git/refs/remotes/origin
  create directory /tmp/nimble_19215/githubcom_nimlanggraveyard/.git/logs
  create directory /tmp/nimble_19215/githubcom_nimlanggraveyard/.git/logs/refs
  create directory /tmp/nimble_19215/githubcom_nimlanggraveyard/.git/logs/refs/remotes
  create directory /tmp/nimble_19215/githubcom_nimlanggraveyard/.git/logs/refs/remotes/origin
  rename /tmp/nimble_19215/githubcom_nimlanggraveyard/.git/refs/remotes/origin/HEAD.lock to HEAD
  rename /tmp/nimble_19215/githubcom_nimlanggraveyard/.git/HEAD.lock to HEAD
  create directory /tmp/nimble_19215/githubcom_nimlanggraveyard/.git/logs/refs/heads
  rename /tmp/nimble_19215/githubcom_nimlanggraveyard/.git/refs/heads/master.lock to master
  delete /tmp/nimble_19215/githubcom_nimlanggraveyard/.git/HEAD.lock
  change permissions of /tmp/nimble_19215/githubcom_nimlanggraveyard/.git/config.lock to rw-r--r--
  rename /tmp/nimble_19215/githubcom_nimlanggraveyard/.git/config.lock to config
  change permissions of /tmp/nimble_19215/githubcom_nimlanggraveyard/.git/config.lock to rw-r--r--
  rename /tmp/nimble_19215/githubcom_nimlanggraveyard/.git/config.lock to config
  create directory /tmp/nimble_19215/githubcom_nimlanggraveyard/complex
  create directory /tmp/nimble_19215/githubcom_nimlanggraveyard/complex/src
  create directory /tmp/nimble_19215/githubcom_nimlanggraveyard/fsmonitor
  create directory /tmp/nimble_19215/githubcom_nimlanggraveyard/fsmonitor/src
  create directory /tmp/nimble_19215/githubcom_nimlanggraveyard/lc
  create directory /tmp/nimble_19215/githubcom_nimlanggraveyard/lc/src
  create directory /tmp/nimble_19215/githubcom_nimlanggraveyard/scgi
  create directory /tmp/nimble_19215/githubcom_nimlanggraveyard/scgi/src
  create directory /tmp/nimble_19215/githubcom_nimlanggraveyard/subexes
  create directory /tmp/nimble_19215/githubcom_nimlanggraveyard/subexes/src
  create directory /tmp/nimble_19215/githubcom_nimlanggraveyard/xmldom
  create directory /tmp/nimble_19215/githubcom_nimlanggraveyard/xmldom/src
  create directory /tmp/nimble_19215/githubcom_nimlanggraveyard/xmldomparser
  create directory /tmp/nimble_19215/githubcom_nimlanggraveyard/xmldomparser/src
  rename /tmp/nimble_19215/githubcom_nimlanggraveyard/.git/index.lock to index
  create directory /tmp
  create directory /tmp/nimblecache
  create directory /tmp/nimblecache/scgi_2208524870
  delete /tmp/nimblecache/scgi_2208524870/scgi.ini
  delete /tmp/nimble_19215.out
  delete /tmp/nimble_19215/githubcom_nimlanggraveyard/scgi/scgi_19215.nims
  create directory /home
  create directory /home/runner
  create directory /home/runner/.nimble
  create directory /home/runner/.nimble/pkgs
  create directory /home/runner/.nimble/pkgs/scgi-0.1.0
  create directory /home
  create directory /home/runner
  create directory /home/runner/.nimble
  create directory /home/runner/.nimble/pkgs
  create directory /home/runner/.nimble/pkgs/scgi-0.1.0
  change permissions of /home/runner/.nimble/pkgs/scgi-0.1.0/scgi.nim to rw-r--r--
  change permissions of /home/runner/.nimble/pkgs/scgi-0.1.0/scgi.nimble to rw-r--r--
  create directory /tmp
  create directory /tmp/nimblecache
  create directory /tmp/nimblecache/scgi_46891903
  delete /tmp/nimblecache/scgi_46891903/scgi.ini
  delete /tmp/nimble_19215.out
  delete /home/runner/.nimble/pkgs/scgi-0.1.0/scgi_19215.nims
  delete /tmp/nimble_19215/githubcom_nimlanggraveyard/xmldom/src/xmldom.nim
  delete /tmp/nimble_19215/githubcom_nimlanggraveyard/xmldom/src
  delete /tmp/nimble_19215/githubcom_nimlanggraveyard/xmldom/xmldom.nimble
  delete /tmp/nimble_19215/githubcom_nimlanggraveyard/xmldom
  delete /tmp/nimble_19215/githubcom_nimlanggraveyard/README.md
  delete /tmp/nimble_19215/githubcom_nimlanggraveyard/xmldomparser/xmldomparser.nimble
  delete /tmp/nimble_19215/githubcom_nimlanggraveyard/xmldomparser/src/xmldomparser.nim
  delete /tmp/nimble_19215/githubcom_nimlanggraveyard/xmldomparser/src
  delete /tmp/nimble_19215/githubcom_nimlanggraveyard/xmldomparser
  delete /tmp/nimble_19215/githubcom_nimlanggraveyard/.git/refs/remotes/origin/HEAD
  delete /tmp/nimble_19215/githubcom_nimlanggraveyard/.git/refs/remotes/origin
  delete /tmp/nimble_19215/githubcom_nimlanggraveyard/.git/refs/remotes
  delete /tmp/nimble_19215/githubcom_nimlanggraveyard/.git/refs/tags
  delete /tmp/nimble_19215/githubcom_nimlanggraveyard/.git/refs/heads/master
  delete /tmp/nimble_19215/githubcom_nimlanggraveyard/.git/refs/heads
  delete /tmp/nimble_19215/githubcom_nimlanggraveyard/.git/refs
  delete /tmp/nimble_19215/githubcom_nimlanggraveyard/.git/info/exclude
  delete /tmp/nimble_19215/githubcom_nimlanggraveyard/.git/info
  delete /tmp/nimble_19215/githubcom_nimlanggraveyard/.git/branches
  delete /tmp/nimble_19215/githubcom_nimlanggraveyard/.git/logs/refs/remotes/origin/HEAD
  delete /tmp/nimble_19215/githubcom_nimlanggraveyard/.git/logs/refs/remotes/origin
  delete /tmp/nimble_19215/githubcom_nimlanggraveyard/.git/logs/refs/remotes
  delete /tmp/nimble_19215/githubcom_nimlanggraveyard/.git/logs/refs/heads/master
  delete /tmp/nimble_19215/githubcom_nimlanggraveyard/.git/logs/refs/heads
  delete /tmp/nimble_19215/githubcom_nimlanggraveyard/.git/logs/refs
  delete /tmp/nimble_19215/githubcom_nimlanggraveyard/.git/logs/HEAD
  delete /tmp/nimble_19215/githubcom_nimlanggraveyard/.git/logs
  delete /tmp/nimble_19215/githubcom_nimlanggraveyard/.git/description
  delete /tmp/nimble_19215/githubcom_nimlanggraveyard/.git/hooks/pre-rebase.sample
  delete /tmp/nimble_19215/githubcom_nimlanggraveyard/.git/hooks/applypatch-msg.sample
  delete /tmp/nimble_19215/githubcom_nimlanggraveyard/.git/hooks/pre-push.sample
  delete /tmp/nimble_19215/githubcom_nimlanggraveyard/.git/hooks/pre-merge-commit.sample
  delete /tmp/nimble_19215/githubcom_nimlanggraveyard/.git/hooks/pre-receive.sample
  delete /tmp/nimble_19215/githubcom_nimlanggraveyard/.git/hooks/update.sample
  delete /tmp/nimble_19215/githubcom_nimlanggraveyard/.git/hooks/pre-commit.sample
  delete /tmp/nimble_19215/githubcom_nimlanggraveyard/.git/hooks/pre-applypatch.sample
  delete /tmp/nimble_19215/githubcom_nimlanggraveyard/.git/hooks/commit-msg.sample
  delete /tmp/nimble_19215/githubcom_nimlanggraveyard/.git/hooks/fsmonitor-watchman.sample
  delete /tmp/nimble_19215/githubcom_nimlanggraveyard/.git/hooks/prepare-commit-msg.sample
  delete /tmp/nimble_19215/githubcom_nimlanggraveyard/.git/hooks/post-update.sample
  delete /tmp/nimble_19215/githubcom_nimlanggraveyard/.git/hooks
  delete /tmp/nimble_19215/githubcom_nimlanggraveyard/.git/shallow
  delete /tmp/nimble_19215/githubcom_nimlanggraveyard/.git/config
  delete /tmp/nimble_19215/githubcom_nimlanggraveyard/.git/index
  delete /tmp/nimble_19215/githubcom_nimlanggraveyard/.git/objects/99/4cdb1fcbdea1b3def61a83740460f83b012e63
  delete /tmp/nimble_19215/githubcom_nimlanggraveyard/.git/objects/99
  delete /tmp/nimble_19215/githubcom_nimlanggraveyard/.git/objects/7c/bbbbb3c326342f21c557f11fd9e22ac1467d88
  delete /tmp/nimble_19215/githubcom_nimlanggraveyard/.git/objects/7c
  delete /tmp/nimble_19215/githubcom_nimlanggraveyard/.git/objects/f5/9ec32abe71c0e12cd6c0f75f589f1bf1a35951
  delete /tmp/nimble_19215/githubcom_nimlanggraveyard/.git/objects/f5
  delete /tmp/nimble_19215/githubcom_nimlanggraveyard/.git/objects/93/4d629a521c520f65355e700fbad88235fd3104
  delete /tmp/nimble_19215/githubcom_nimlanggraveyard/.git/objects/93
  delete /tmp/nimble_19215/githubcom_nimlanggraveyard/.git/objects/14/55a14a90727b4a6805f30060a52a52cbc8758c
  delete /tmp/nimble_19215/githubcom_nimlanggraveyard/.git/objects/14
  delete /tmp/nimble_19215/githubcom_nimlanggraveyard/.git/objects/info
  delete /tmp/nimble_19215/githubcom_nimlanggraveyard/.git/objects/c6/a627c07abcc2eb040be2a6cc809f2ef1aecb78
  delete /tmp/nimble_19215/githubcom_nimlanggraveyard/.git/objects/c6
  delete /tmp/nimble_19215/githubcom_nimlanggraveyard/.git/objects/ae/d88095aa2a67f4093eaa0bb8686ebc5226500c
  delete /tmp/nimble_19215/githubcom_nimlanggraveyard/.git/objects/ae
  delete /tmp/nimble_19215/githubcom_nimlanggraveyard/.git/objects/a3/7511d2c63839f5a67057ef1fd5f47bd775fa8c
  delete /tmp/nimble_19215/githubcom_nimlanggraveyard/.git/objects/a3
  delete /tmp/nimble_19215/githubcom_nimlanggraveyard/.git/objects/f7/962591914f77df22eccea5db4ecf93798aa549
  delete /tmp/nimble_19215/githubcom_nimlanggraveyard/.git/objects/f7
  delete /tmp/nimble_19215/githubcom_nimlanggraveyard/.git/objects/8c/b9f03d0131ef19ca2b2642dbb9c10cd7b6ce7d
  delete /tmp/nimble_19215/githubcom_nimlanggraveyard/.git/objects/8c
  delete /tmp/nimble_19215/githubcom_nimlanggraveyard/.git/objects/ab/602974d200aa6849e6ad8220951ef9a78d9f08
  delete /tmp/nimble_19215/githubcom_nimlanggraveyard/.git/objects/ab
  delete /tmp/nimble_19215/githubcom_nimlanggraveyard/.git/objects/4b/9298d61629b198a293c4e9e2c391ed85266328
  delete /tmp/nimble_19215/githubcom_nimlanggraveyard/.git/objects/4b
  delete /tmp/nimble_19215/githubcom_nimlanggraveyard/.git/objects/cb/c187f20c88d3289c7c29fd56d3bc0094d95254
  delete /tmp/nimble_19215/githubcom_nimlanggraveyard/.git/objects/cb
  delete /tmp/nimble_19215/githubcom_nimlanggraveyard/.git/objects/3b/4d39ae2960f5b60fc00bd369899cc97c648010
  delete /tmp/nimble_19215/githubcom_nimlanggraveyard/.git/objects/3b
  delete /tmp/nimble_19215/githubcom_nimlanggraveyard/.git/objects/8b/09b1b8846975119b834ddb9d3a1a06620e6ccc
  delete /tmp/nimble_19215/githubcom_nimlanggraveyard/.git/objects/8b
  delete /tmp/nimble_19215/githubcom_nimlanggraveyard/.git/objects/bc/b9b33028c45605c0b82caa58435217dbd3e01e
  delete /tmp/nimble_19215/githubcom_nimlanggraveyard/.git/objects/bc
  delete /tmp/nimble_19215/githubcom_nimlanggraveyard/.git/objects/ee/594d7b7a2951a36658a437558a6c85c4f4d6ee
  delete /tmp/nimble_19215/githubcom_nimlanggraveyard/.git/objects/ee
  delete /tmp/nimble_19215/githubcom_nimlanggraveyard/.git/objects/95/00761934fe904ae882e9c348ddb5dc2390bb9e
  delete /tmp/nimble_19215/githubcom_nimlanggraveyard/.git/objects/95
  delete /tmp/nimble_19215/githubcom_nimlanggraveyard/.git/objects/52/4d15da61f25271e8a88d67d3278999e64404fc
  delete /tmp/nimble_19215/githubcom_nimlanggraveyard/.git/objects/52
  delete /tmp/nimble_19215/githubcom_nimlanggraveyard/.git/objects/16/569cab9051aa5fb5be5bc7ddb1fe177630441a
  delete /tmp/nimble_19215/githubcom_nimlanggraveyard/.git/objects/16
  delete /tmp/nimble_19215/githubcom_nimlanggraveyard/.git/objects/f9/64458757851b54117f77b488983f9069cde0eb
  delete /tmp/nimble_19215/githubcom_nimlanggraveyard/.git/objects/f9
  delete /tmp/nimble_19215/githubcom_nimlanggraveyard/.git/objects/40/97dfd24dccde5cbb5be57c59290da9c3b5993a
  delete /tmp/nimble_19215/githubcom_nimlanggraveyard/.git/objects/40
  delete /tmp/nimble_19215/githubcom_nimlanggraveyard/.git/objects/ba/5c571ce170bf5d19bed93c4c8408bfc478286f
  delete /tmp/nimble_19215/githubcom_nimlanggraveyard/.git/objects/ba
  delete /tmp/nimble_19215/githubcom_nimlanggraveyard/.git/objects/dd/82abc0ce26838d41101f418d196dab4c9bf8ee
  delete /tmp/nimble_19215/githubcom_nimlanggraveyard/.git/objects/dd
  delete /tmp/nimble_19215/githubcom_nimlanggraveyard/.git/objects/b7/7ebb9b413e2b114c4a7bffac582ed866c03045
  delete /tmp/nimble_19215/githubcom_nimlanggraveyard/.git/objects/b7
  delete /tmp/nimble_19215/githubcom_nimlanggraveyard/.git/objects/pack
  delete /tmp/nimble_19215/githubcom_nimlanggraveyard/.git/objects/2d/239d20f27c4001033dd88669c30909bc529595
  delete /tmp/nimble_19215/githubcom_nimlanggraveyard/.git/objects/2d/0406f2fab1d16a664c26c8b11626b9af2b8d62
  delete /tmp/nimble_19215/githubcom_nimlanggraveyard/.git/objects/2d
  delete /tmp/nimble_19215/githubcom_nimlanggraveyard/.git/objects/27/cbef793c3a0f9aa0575460b2fd527b15420c7d
  delete /tmp/nimble_19215/githubcom_nimlanggraveyard/.git/objects/27
  delete /tmp/nimble_19215/githubcom_nimlanggraveyard/.git/objects/46/09d676b0aad79490d507ea692e9038ec1161ee
  delete /tmp/nimble_19215/githubcom_nimlanggraveyard/.git/objects/46
  delete /tmp/nimble_19215/githubcom_nimlanggraveyard/.git/objects/83/658b8dbe02457e9e2da9c06343c7757f4c1824
  delete /tmp/nimble_19215/githubcom_nimlanggraveyard/.git/objects/83
  delete /tmp/nimble_19215/githubcom_nimlanggraveyard/.git/objects/28/2200f3a970e1f522b25c6d80a5f6be8821059f
  delete /tmp/nimble_19215/githubcom_nimlanggraveyard/.git/objects/28/063a7749d66b3a753c423fa2d7e6c83fce9b4d
  delete /tmp/nimble_19215/githubcom_nimlanggraveyard/.git/objects/28
  delete /tmp/nimble_19215/githubcom_nimlanggraveyard/.git/objects/e6/7e1ec9877499e1f6ec5ed76fdd127b4e1448b5
  delete /tmp/nimble_19215/githubcom_nimlanggraveyard/.git/objects/e6
  delete /tmp/nimble_19215/githubcom_nimlanggraveyard/.git/objects
  delete /tmp/nimble_19215/githubcom_nimlanggraveyard/.git/packed-refs
  delete /tmp/nimble_19215/githubcom_nimlanggraveyard/.git/HEAD
  delete /tmp/nimble_19215/githubcom_nimlanggraveyard/.git
  delete /tmp/nimble_19215/githubcom_nimlanggraveyard/fsmonitor/src/fsmonitor.nim
  delete /tmp/nimble_19215/githubcom_nimlanggraveyard/fsmonitor/src
  delete /tmp/nimble_19215/githubcom_nimlanggraveyard/fsmonitor/fsmonitor.nimble
  delete /tmp/nimble_19215/githubcom_nimlanggraveyard/fsmonitor
  delete /tmp/nimble_19215/githubcom_nimlanggraveyard/complex/src/complex.nim
  delete /tmp/nimble_19215/githubcom_nimlanggraveyard/complex/src
  delete /tmp/nimble_19215/githubcom_nimlanggraveyard/complex/complex.nimble
  delete /tmp/nimble_19215/githubcom_nimlanggraveyard/complex
  delete /tmp/nimble_19215/githubcom_nimlanggraveyard/subexes/src/subexes.nim
  delete /tmp/nimble_19215/githubcom_nimlanggraveyard/subexes/src
  delete /tmp/nimble_19215/githubcom_nimlanggraveyard/subexes/subexes.nimble
  delete /tmp/nimble_19215/githubcom_nimlanggraveyard/subexes
  delete /tmp/nimble_19215/githubcom_nimlanggraveyard/scgi/scgi.nimble
  delete /tmp/nimble_19215/githubcom_nimlanggraveyard/scgi/src/scgi.nim
  delete /tmp/nimble_19215/githubcom_nimlanggraveyard/scgi/src
  delete /tmp/nimble_19215/githubcom_nimlanggraveyard/scgi
  delete /tmp/nimble_19215/githubcom_nimlanggraveyard/lc/src/lc.nim
  delete /tmp/nimble_19215/githubcom_nimlanggraveyard/lc/src
  delete /tmp/nimble_19215/githubcom_nimlanggraveyard/lc/lc.nimble
  delete /tmp/nimble_19215/githubcom_nimlanggraveyard/lc
  delete /tmp/nimble_19215/githubcom_nimlanggraveyard/.gitignore
  delete /tmp/nimble_19215/githubcom_nimlanggraveyard/LICENSE
  delete /tmp/nimble_19215/githubcom_nimlanggraveyard
  delete /tmp/nimble_19215
