      Info: Package cache path /home/runner/.nimble/pkgcache
     Info:  Nimble data file "/home/runner/.nimble/nimbledata2.json" has been loaded.
    Reading official package list
Downloading https://github.com/thing-king/scope using git
   Warning: The package has no tagged releases, downloading HEAD instead.
open('/workspace/destdir/ssl/openssl.cnf', 32768, 0x00000000000001b6)
open('/home/runner/.config/nimble/nimble.ini', 557056, 0x00000000000001b6)
open('/home/runner/.config/babel/babel.ini', 557056, 0x00000000000001b6)
writev(1, 0x00007fff4a90b340, 2)
open('/home/runner/.nimble/nimbledata2.json', 557056, 0x00000000000001b6)
writev(1, 0x00007fff4a90b410, 2)
writev(1, 0x00007ffd6dfbd130, 2)
writev(1, 0x00007ffd6dfbd1c0, 2)
writev(1, 0x00007ffd6dfbd1c0, 2)
writev(1, 0x00007ffd6dfbd1c0, 2)
writev(1, 0x00007fff4a909df0, 2)
open('/home/runner/.nimble/packages_official.json', 557056, 0x00000000000001b6)
mkdir('/home/', 0x00000000000001ff)
mkdir('/home/runner/', 0x00000000000001ff)
mkdir('/home/runner/.nimble/', 0x00000000000001ff)
mkdir('/home/runner/.nimble/pkgcache/', 0x00000000000001ff)
mkdir('/home/runner/.nimble/pkgcache/githubcom_thingkingscope', 0x00000000000001ff)
open('/home/runner/.nimble/pkgcache/githubcom_thingkingscope', 622592, 0x0000000000000000)
writev(1, 0x00007fff4a909ed0, 2)
open('/home/runner/.nimble/pkgcache/githubcom_thingkingscope', 622592, 0x0000000000000000)
rmdir('/home/runner/.nimble/pkgcache/githubcom_thingkingscope')
writev(1, 0x00007fff4a909dc0, 2)
mkdir(93848133065376, 0x00000000000001ff)
Error tracing process: readBytes(0x0000555ab8a25aa0, 256) error: [Errno 5] Input/output error.
