      Info: Package cache path /home/runner/.nimble/pkgcache
     Info:  Nimble data file "/home/runner/.nimble/nimbledata2.json" has been loaded.
    Reading official package list
Downloading https://github.com/bung87/scorper using git
    Cloning latest tagged version: v1.2.5
open('/workspace/destdir/ssl/openssl.cnf', 32768, 0x00000000000001b6)
open('/home/runner/.config/nimble/nimble.ini', 557056, 0x00000000000001b6)
open('/home/runner/.config/babel/babel.ini', 557056, 0x00000000000001b6)
writev(1, 0x00007ffeb4e8dc00, 2)
open('/home/runner/.nimble/nimbledata2.json', 557056, 0x00000000000001b6)
writev(1, 0x00007ffeb4e8dcd0, 2)
writev(1, 0x00007fff729a9ee0, 2)
writev(1, 0x00007fff729a9f70, 2)
writev(1, 0x00007fff729a9f70, 2)
writev(1, 0x00007fff729a9f70, 2)
writev(1, 0x00007ffeb4e8c700, 2)
open('/home/runner/.nimble/packages_official.json', 557056, 0x00000000000001b6)
mkdir('/home/', 0x00000000000001ff)
mkdir('/home/runner/', 0x00000000000001ff)
mkdir('/home/runner/.nimble/', 0x00000000000001ff)
mkdir('/home/runner/.nimble/pkgcache/', 0x00000000000001ff)
mkdir('/home/runner/.nimble/pkgcache/githubcom_bung87scorper', 0x00000000000001ff)
open('/home/runner/.nimble/pkgcache/githubcom_bung87scorper', 622592, 0x0000000000000000)
writev(1, 0x00007ffeb4e8c740, 2)
open('/home/runner/.nimble/pkgcache/githubcom_bung87scorper', 622592, 0x0000000000000000)
rmdir('/home/runner/.nimble/pkgcache/githubcom_bung87scorper')
writev(1, 0x00007ffeb4e8c630, 2)
mkdir(94507305572256, 0x00000000000001ff)
Error tracing process: readBytes(0x000055f4326097a0, 256) error: [Errno 5] Input/output error.
