     Info:  Nimble data file "/home/runner/.nimble/nimbledata2.json" has been loaded.
    Reading official package list
Downloading https://github.com/Vladar4/sdl2_nim using git
    Cloning latest tagged version: v2.0.14.3
open('/workspace/destdir/ssl/openssl.cnf', 32768, 0x00000000000001b6)
open('/home/runner/.config/nimble/nimble.ini', 557056, 0x00000000000001b6)
open('/home/runner/.config/babel/babel.ini', 557056, 0x00000000000001b6)
open('/home/runner/.nimble/nimbledata2.json', 557056, 0x00000000000001b6)
writev(1, 0x00007ffdab637520, 2)
open('/home/runner/work/nim_packages_security_audit/nim_packages_security_audit', 622592, 0x0000000000000000)
writev(1, 0x00007ffdab636150, 2)
open('/home/runner/.nimble/packages_official.json', 557056, 0x00000000000001b6)
mkdir('/tmp/', 0x00000000000001ff)
mkdir('/tmp/nimble_2233/', 0x00000000000001ff)
mkdir('/tmp/nimble_2233/githubcom_Vladar4sdl2nim', 0x00000000000001ff)
open('/tmp/nimble_2233/githubcom_Vladar4sdl2nim', 622592, 0x0000000000000000)
writev(1, 0x00007ffdab636210, 2)
open('/tmp/nimble_2233/githubcom_Vladar4sdl2nim', 622592, 0x0000000000000000)
rmdir('/tmp/nimble_2233/githubcom_Vladar4sdl2nim')
writev(1, 0x00007ffdab636100, 2)
mkdir(94852184946080, 0x00000000000001ff)
Error tracing process: readBytes(0x000056447eca35a0, 256) error: [Errno 5] Input/output error.
