      Info: Package cache path /home/runner/.nimble/pkgcache
     Info:  Nimble data file "/home/runner/.nimble/nimbledata2.json" has been loaded.
    Reading official package list
Downloading https://github.com/dinau/sdl3_nim using git
    Cloning latest tagged version: 3.4.2.0
open('/workspace/destdir/ssl/openssl.cnf', 32768, 0x00000000000001b6)
open('/home/runner/.config/nimble/nimble.ini', 557056, 0x00000000000001b6)
open('/home/runner/.config/babel/babel.ini', 557056, 0x00000000000001b6)
writev(1, 0x00007ffe4d2b5b40, 2)
open('/home/runner/.nimble/nimbledata2.json', 557056, 0x00000000000001b6)
writev(1, 0x00007ffe4d2b5c10, 2)
writev(1, 0x00007ffd479696e0, 2)
writev(1, 0x00007ffd47969770, 2)
writev(1, 0x00007ffd47969770, 2)
writev(1, 0x00007ffd47969770, 2)
writev(1, 0x00007ffe4d2b4640, 2)
open('/home/runner/.nimble/packages_official.json', 557056, 0x00000000000001b6)
mkdir('/home/', 0x00000000000001ff)
mkdir('/home/runner/', 0x00000000000001ff)
mkdir('/home/runner/.nimble/', 0x00000000000001ff)
mkdir('/home/runner/.nimble/pkgcache/', 0x00000000000001ff)
mkdir('/home/runner/.nimble/pkgcache/githubcom_dinausdl3nim', 0x00000000000001ff)
open('/home/runner/.nimble/pkgcache/githubcom_dinausdl3nim', 622592, 0x0000000000000000)
writev(1, 0x00007ffe4d2b4680, 2)
open('/home/runner/.nimble/pkgcache/githubcom_dinausdl3nim', 622592, 0x0000000000000000)
rmdir('/home/runner/.nimble/pkgcache/githubcom_dinausdl3nim')
writev(1, 0x00007ffe4d2b4570, 2)
mkdir(93908130637728, 0x00000000000001ff)
Error tracing process: readBytes(0x00005568b0c4a7a0, 256) error: [Errno 5] Input/output error.
