      Info: Package cache path /home/runner/.nimble/pkgcache
     Info:  Nimble data file "/home/runner/.nimble/nimbledata2.json" has been loaded.
    Reading official package list
Downloading https://github.com/FedericoCeratto/nim-sdnotify using git
   Warning: The package has no tagged releases, downloading HEAD instead.
open('/workspace/destdir/ssl/openssl.cnf', 32768, 0x00000000000001b6)
open('/home/runner/.config/nimble/nimble.ini', 557056, 0x00000000000001b6)
open('/home/runner/.config/babel/babel.ini', 557056, 0x00000000000001b6)
writev(1, 0x00007ffdc59dd340, 2)
open('/home/runner/.nimble/nimbledata2.json', 557056, 0x00000000000001b6)
writev(1, 0x00007ffdc59dd410, 2)
writev(1, 0x00007ffe6e478210, 2)
writev(1, 0x00007ffe6e4782a0, 2)
writev(1, 0x00007ffe6e4782a0, 2)
writev(1, 0x00007ffe6e4782a0, 2)
writev(1, 0x00007ffdc59dbe40, 2)
open('/home/runner/.nimble/packages_official.json', 557056, 0x00000000000001b6)
mkdir('/home/', 0x00000000000001ff)
mkdir('/home/runner/', 0x00000000000001ff)
mkdir('/home/runner/.nimble/', 0x00000000000001ff)
mkdir('/home/runner/.nimble/pkgcache/', 0x00000000000001ff)
mkdir('/home/runner/.nimble/pkgcache/githubcom_FedericoCerattonimsdnotify', 0x00000000000001ff)
open('/home/runner/.nimble/pkgcache/githubcom_FedericoCerattonimsdnotify', 622592, 0x0000000000000000)
writev(1, 0x00007ffdc59dbe80, 2)
open('/home/runner/.nimble/pkgcache/githubcom_FedericoCerattonimsdnotify', 622592, 0x0000000000000000)
rmdir('/home/runner/.nimble/pkgcache/githubcom_FedericoCerattonimsdnotify')
writev(1, 0x00007ffdc59dbd70, 2)
mkdir(94226550335424, 0x00000000000001ff)
Error tracing process: readBytes(0x000055b2d40fa7c0, 256) error: [Errno 5] Input/output error.
