     Info:  Nimble data file "/home/runner/.nimble/nimbledata2.json" has been loaded.
    Reading official package list
Downloading https://github.com/myamyu/selenimum using git
    Cloning latest tagged version: v0.2.0
open('/workspace/destdir/ssl/openssl.cnf', 32768, 0x00000000000001b6)
open('/home/runner/.config/nimble/nimble.ini', 557056, 0x00000000000001b6)
open('/home/runner/.config/babel/babel.ini', 557056, 0x00000000000001b6)
open('/home/runner/.nimble/nimbledata2.json', 557056, 0x00000000000001b6)
writev(1, 0x00007fff400b8e60, 2)
writev(1, 0x00007fff400b8740, 2)
open('/home/runner/.nimble/packages_official.json', 557056, 0x00000000000001b6)
mkdir('/tmp/', 0x00000000000001ff)
mkdir('/tmp/nimble_4823/', 0x00000000000001ff)
mkdir('/tmp/nimble_4823/githubcom_myamyuselenimum', 0x00000000000001ff)
writev(1, 0x00007fff400b8710, 2)
open('/tmp/nimble_4823/githubcom_myamyuselenimum', 622592, 0x0000000000000000)
rmdir('/tmp/nimble_4823/githubcom_myamyuselenimum')
writev(1, 0x00007fff400b8680, 2)
mkdir(93968170652704, 0x00000000000001ff)
Error tracing process: readBytes(0x00005576ab6e9420, 256) error: [Errno 5] Input/output error.
