      Info: Package cache path /home/runner/.nimble/pkgcache
     Info:  Nimble data file "/home/runner/.nimble/nimbledata2.json" has been loaded.
    Reading official package list
Downloading https://github.com//inv2004/sensors using git
    Cloning latest tagged version: v0.2.4
open('/workspace/destdir/ssl/openssl.cnf', 32768, 0x00000000000001b6)
open('/home/runner/.config/nimble/nimble.ini', 557056, 0x00000000000001b6)
open('/home/runner/.config/babel/babel.ini', 557056, 0x00000000000001b6)
writev(1, 0x00007fffaf098990, 2)
open('/home/runner/.nimble/nimbledata2.json', 557056, 0x00000000000001b6)
writev(1, 0x00007fffaf098a60, 2)
writev(1, 0x00007ffe1deb0f80, 2)
writev(1, 0x00007ffe1deb1010, 2)
writev(1, 0x00007ffe1deb1010, 2)
writev(1, 0x00007ffe1deb1010, 2)
writev(1, 0x00007fffaf097440, 2)
open('/home/runner/.nimble/packages_official.json', 557056, 0x00000000000001b6)
mkdir('/home/', 0x00000000000001ff)
mkdir('/home/runner/', 0x00000000000001ff)
mkdir('/home/runner/.nimble/', 0x00000000000001ff)
mkdir('/home/runner/.nimble/pkgcache/', 0x00000000000001ff)
mkdir('/home/runner/.nimble/pkgcache/githubcom_inv2004sensors', 0x00000000000001ff)
open('/home/runner/.nimble/pkgcache/githubcom_inv2004sensors', 622592, 0x0000000000000000)
writev(1, 0x00007fffaf097520, 2)
open('/home/runner/.nimble/pkgcache/githubcom_inv2004sensors', 622592, 0x0000000000000000)
rmdir('/home/runner/.nimble/pkgcache/githubcom_inv2004sensors')
writev(1, 0x00007fffaf097410, 2)
mkdir(93926795242224, 0x00000000000001ff)
Error tracing process: readBytes(0x0000556d0943eaf0, 256) error: [Errno 5] Input/output error.
