    Reading official package list
Downloading https://github.com/fallingduck/sequester using git
    Cloning latest tagged version: v0.1.0
  Verifying dependencies for sequester@0.1.0
 Installing sequester@0.1.0
    Copying file /tmp/nimble_5680/githubcom_fallingducksequester/sequester.nim to /home/runner/.nimble/pkgs/sequester-0.1.0/sequester.nim
    Copying file /tmp/nimble_5680/githubcom_fallingducksequester/sequester.nimble to /home/runner/.nimble/pkgs/sequester-0.1.0/sequester.nimble
   Success: sequester installed successfully.
mkdir('/tmp', 0x00000000000001ff)
mkdir('/tmp/nimble_5680', 0x00000000000001ff)
mkdir('/tmp/nimble_5680/githubcom_fallingducksequester', 0x00000000000001ff)
rmdir('/tmp/nimble_5680/githubcom_fallingducksequester')
mkdir('/tmp/nimble_5680/githubcom_fallingducksequester', 0x00000000000001ff)
mkdir('/tmp/nimble_5680/githubcom_fallingducksequester/.git', 0x00000000000001ff)
mkdir('/tmp/nimble_5680/githubcom_fallingducksequester/.git/', 0x00000000000001ff)
mkdir('/tmp/nimble_5680/githubcom_fallingducksequester/.git/info/', 0x00000000000001ff)
mkdir('/tmp/nimble_5680/githubcom_fallingducksequester/.git/branches/', 0x00000000000001ff)
mkdir('/tmp/nimble_5680/githubcom_fallingducksequester/.git/hooks/', 0x00000000000001ff)
mkdir('/tmp/nimble_5680/githubcom_fallingducksequester/.git/refs', 0x00000000000001ff)
mkdir('/tmp/nimble_5680/githubcom_fallingducksequester/.git/refs/heads', 0x00000000000001ff)
mkdir('/tmp/nimble_5680/githubcom_fallingducksequester/.git/refs/tags', 0x00000000000001ff)
rename('/tmp/nimble_5680/githubcom_fallingducksequester/.git/HEAD.lock', '/tmp/nimble_5680/githubcom_fallingducksequester/.git/HEAD')
rename('/tmp/nimble_5680/githubcom_fallingducksequester/.git/config.lock', '/tmp/nimble_5680/githubcom_fallingducksequester/.git/config')
chmod('/tmp/nimble_5680/githubcom_fallingducksequester/.git/config', 0x00000000000081e4)
chmod('/tmp/nimble_5680/githubcom_fallingducksequester/.git/config', 0x00000000000081a4)
chmod('/tmp/nimble_5680/githubcom_fallingducksequester/.git/config.lock', 0x00000000000001a4)
rename('/tmp/nimble_5680/githubcom_fallingducksequester/.git/config.lock', '/tmp/nimble_5680/githubcom_fallingducksequester/.git/config')
chmod('/tmp/nimble_5680/githubcom_fallingducksequester/.git/config.lock', 0x00000000000001a4)
rename('/tmp/nimble_5680/githubcom_fallingducksequester/.git/config.lock', '/tmp/nimble_5680/githubcom_fallingducksequester/.git/config')
chmod('/tmp/nimble_5680/githubcom_fallingducksequester/.git/config.lock', 0x00000000000001a4)
rename('/tmp/nimble_5680/githubcom_fallingducksequester/.git/config.lock', '/tmp/nimble_5680/githubcom_fallingducksequester/.git/config')
unlink('/tmp/nimble_5680/githubcom_fallingducksequester/.git/tDbkmjO')
symlink('testing', '/tmp/nimble_5680/githubcom_fallingducksequester/.git/tDbkmjO')
unlink('/tmp/nimble_5680/githubcom_fallingducksequester/.git/tDbkmjO')
mkdir('/tmp/nimble_5680/githubcom_fallingducksequester/.git/objects', 0x00000000000001ff)
mkdir('/tmp/nimble_5680/githubcom_fallingducksequester/.git/objects/pack', 0x00000000000001ff)
mkdir('/tmp/nimble_5680/githubcom_fallingducksequester/.git/objects/info', 0x00000000000001ff)
chmod('/tmp/nimble_5680/githubcom_fallingducksequester/.git/config.lock', 0x00000000000001a4)
rename('/tmp/nimble_5680/githubcom_fallingducksequester/.git/config.lock', '/tmp/nimble_5680/githubcom_fallingducksequester/.git/config')
chmod('/tmp/nimble_5680/githubcom_fallingducksequester/.git/config.lock', 0x00000000000001a4)
rename('/tmp/nimble_5680/githubcom_fallingducksequester/.git/config.lock', '/tmp/nimble_5680/githubcom_fallingducksequester/.git/config')
chmod('/tmp/nimble_5680/githubcom_fallingducksequester/.git/config.lock', 0x00000000000001a4)
rename('/tmp/nimble_5680/githubcom_fallingducksequester/.git/config.lock', '/tmp/nimble_5680/githubcom_fallingducksequester/.git/config')
mkdir('/tmp/nimble_5680/githubcom_fallingducksequester/.git/objects/57', 0x00000000000001ff)
link('/tmp/nimble_5680/githubcom_fallingducksequester/.git/objects/57/tmp_obj_XIkGXB', '/tmp/nimble_5680/githubcom_fallingducksequester/.git/objects/57/25122ed95cbf5730718aadadf2c0bf3679b07d')
unlink('/tmp/nimble_5680/githubcom_fallingducksequester/.git/objects/57/tmp_obj_XIkGXB')
mkdir('/tmp/nimble_5680/githubcom_fallingducksequester/.git/objects/86', 0x00000000000001ff)
link('/tmp/nimble_5680/githubcom_fallingducksequester/.git/objects/86/tmp_obj_TUjiPC', '/tmp/nimble_5680/githubcom_fallingducksequester/.git/objects/86/85f1b6819e499fe84b05e22a01debbf23697a8')
unlink('/tmp/nimble_5680/githubcom_fallingducksequester/.git/objects/86/tmp_obj_TUjiPC')
mkdir('/tmp/nimble_5680/githubcom_fallingducksequester/.git/objects/7c', 0x00000000000001ff)
link('/tmp/nimble_5680/githubcom_fallingducksequester/.git/objects/7c/tmp_obj_5yPPCF', '/tmp/nimble_5680/githubcom_fallingducksequester/.git/objects/7c/03cb6c55c178675a4448bcdae0bb4d01959e7d')
unlink('/tmp/nimble_5680/githubcom_fallingducksequester/.git/objects/7c/tmp_obj_5yPPCF')
mkdir('/tmp/nimble_5680/githubcom_fallingducksequester/.git/objects/03', 0x00000000000001ff)
link('/tmp/nimble_5680/githubcom_fallingducksequester/.git/objects/03/tmp_obj_Jx4UOJ', '/tmp/nimble_5680/githubcom_fallingducksequester/.git/objects/03/85b64fe0eb271c453eb2f05ef5cd89f0514859')
unlink('/tmp/nimble_5680/githubcom_fallingducksequester/.git/objects/03/tmp_obj_Jx4UOJ')
mkdir('/tmp/nimble_5680/githubcom_fallingducksequester/.git/objects/d0', 0x00000000000001ff)
link('/tmp/nimble_5680/githubcom_fallingducksequester/.git/objects/d0/tmp_obj_rAyB4P', '/tmp/nimble_5680/githubcom_fallingducksequester/.git/objects/d0/ad8f932988af92d0940788d4e3e6bd508a8c9d')
unlink('/tmp/nimble_5680/githubcom_fallingducksequester/.git/objects/d0/tmp_obj_rAyB4P')
mkdir('/tmp/nimble_5680/githubcom_fallingducksequester/.git/objects/3c', 0x00000000000001ff)
link('/tmp/nimble_5680/githubcom_fallingducksequester/.git/objects/3c/tmp_obj_fGWyYT', '/tmp/nimble_5680/githubcom_fallingducksequester/.git/objects/3c/3390b6328e559254ce2a8cdfb955fa1ea66b79')
unlink('/tmp/nimble_5680/githubcom_fallingducksequester/.git/objects/3c/tmp_obj_fGWyYT')
mkdir('/tmp/nimble_5680/githubcom_fallingducksequester/.git/objects/6c', 0x00000000000001ff)
link('/tmp/nimble_5680/githubcom_fallingducksequester/.git/objects/6c/tmp_obj_hjaSRY', '/tmp/nimble_5680/githubcom_fallingducksequester/.git/objects/6c/9cca6266e493f5918bbb47b817ad8cf808e033')
unlink('/tmp/nimble_5680/githubcom_fallingducksequester/.git/objects/6c/tmp_obj_hjaSRY')
rename('/tmp/nimble_5680/githubcom_fallingducksequester/.git/shallow.lock', '/tmp/nimble_5680/githubcom_fallingducksequester/.git/shallow')
rename('/tmp/nimble_5680/githubcom_fallingducksequester/.git/packed-refs.new', '/tmp/nimble_5680/githubcom_fallingducksequester/.git/packed-refs')
unlink('/tmp/nimble_5680/githubcom_fallingducksequester/.git/packed-refs.lock')
unlink('/tmp/nimble_5680/githubcom_fallingducksequester/.git/refs/tags/v0.1.0.lock')
mkdir('/tmp/nimble_5680/githubcom_fallingducksequester/.git/logs', 0x00000000000001ff)
rename('/tmp/nimble_5680/githubcom_fallingducksequester/.git/HEAD.lock', '/tmp/nimble_5680/githubcom_fallingducksequester/.git/HEAD')
rename('/tmp/nimble_5680/githubcom_fallingducksequester/.git/index.lock', '/tmp/nimble_5680/githubcom_fallingducksequester/.git/index')
mkdir('/home', 0x00000000000001ff)
mkdir('/home/runner', 0x00000000000001ff)
mkdir('/home/runner/.nimble', 0x00000000000001ff)
mkdir('/home/runner/.nimble/pkgs', 0x00000000000001ff)
mkdir('/home/runner/.nimble/pkgs/sequester-0.1.0', 0x00000000000001ff)
mkdir('/home', 0x00000000000001ff)
mkdir('/home/runner', 0x00000000000001ff)
mkdir('/home/runner/.nimble', 0x00000000000001ff)
mkdir('/home/runner/.nimble/pkgs', 0x00000000000001ff)
mkdir('/home/runner/.nimble/pkgs/sequester-0.1.0', 0x00000000000001ff)
chmod('/home/runner/.nimble/pkgs/sequester-0.1.0/sequester.nim', 0x00000000000001a4)
chmod('/home/runner/.nimble/pkgs/sequester-0.1.0/sequester.nimble', 0x00000000000001a4)
unlink('/tmp/nimble_5680/githubcom_fallingducksequester/README.md')
unlink('/tmp/nimble_5680/githubcom_fallingducksequester/sequester.nimble')
rmdir('/tmp/nimble_5680/githubcom_fallingducksequester/.git/refs/tags')
rmdir('/tmp/nimble_5680/githubcom_fallingducksequester/.git/refs/heads')
rmdir('/tmp/nimble_5680/githubcom_fallingducksequester/.git/refs')
unlink('/tmp/nimble_5680/githubcom_fallingducksequester/.git/info/exclude')
rmdir('/tmp/nimble_5680/githubcom_fallingducksequester/.git/info')
rmdir('/tmp/nimble_5680/githubcom_fallingducksequester/.git/branches')
unlink('/tmp/nimble_5680/githubcom_fallingducksequester/.git/logs/HEAD')
rmdir('/tmp/nimble_5680/githubcom_fallingducksequester/.git/logs')
unlink('/tmp/nimble_5680/githubcom_fallingducksequester/.git/description')
unlink('/tmp/nimble_5680/githubcom_fallingducksequester/.git/hooks/pre-rebase.sample')
unlink('/tmp/nimble_5680/githubcom_fallingducksequester/.git/hooks/applypatch-msg.sample')
unlink('/tmp/nimble_5680/githubcom_fallingducksequester/.git/hooks/pre-push.sample')
unlink('/tmp/nimble_5680/githubcom_fallingducksequester/.git/hooks/pre-merge-commit.sample')
unlink('/tmp/nimble_5680/githubcom_fallingducksequester/.git/hooks/pre-receive.sample')
unlink('/tmp/nimble_5680/githubcom_fallingducksequester/.git/hooks/update.sample')
unlink('/tmp/nimble_5680/githubcom_fallingducksequester/.git/hooks/pre-commit.sample')
unlink('/tmp/nimble_5680/githubcom_fallingducksequester/.git/hooks/pre-applypatch.sample')
unlink('/tmp/nimble_5680/githubcom_fallingducksequester/.git/hooks/commit-msg.sample')
unlink('/tmp/nimble_5680/githubcom_fallingducksequester/.git/hooks/fsmonitor-watchman.sample')
unlink('/tmp/nimble_5680/githubcom_fallingducksequester/.git/hooks/prepare-commit-msg.sample')
unlink('/tmp/nimble_5680/githubcom_fallingducksequester/.git/hooks/post-update.sample')
rmdir('/tmp/nimble_5680/githubcom_fallingducksequester/.git/hooks')
unlink('/tmp/nimble_5680/githubcom_fallingducksequester/.git/shallow')
unlink('/tmp/nimble_5680/githubcom_fallingducksequester/.git/config')
unlink('/tmp/nimble_5680/githubcom_fallingducksequester/.git/index')
unlink('/tmp/nimble_5680/githubcom_fallingducksequester/.git/objects/7c/03cb6c55c178675a4448bcdae0bb4d01959e7d')
rmdir('/tmp/nimble_5680/githubcom_fallingducksequester/.git/objects/7c')
rmdir('/tmp/nimble_5680/githubcom_fallingducksequester/.git/objects/info')
unlink('/tmp/nimble_5680/githubcom_fallingducksequester/.git/objects/3c/3390b6328e559254ce2a8cdfb955fa1ea66b79')
rmdir('/tmp/nimble_5680/githubcom_fallingducksequester/.git/objects/3c')
unlink('/tmp/nimble_5680/githubcom_fallingducksequester/.git/objects/57/25122ed95cbf5730718aadadf2c0bf3679b07d')
rmdir('/tmp/nimble_5680/githubcom_fallingducksequester/.git/objects/57')
unlink('/tmp/nimble_5680/githubcom_fallingducksequester/.git/objects/03/85b64fe0eb271c453eb2f05ef5cd89f0514859')
rmdir('/tmp/nimble_5680/githubcom_fallingducksequester/.git/objects/03')
unlink('/tmp/nimble_5680/githubcom_fallingducksequester/.git/objects/86/85f1b6819e499fe84b05e22a01debbf23697a8')
rmdir('/tmp/nimble_5680/githubcom_fallingducksequester/.git/objects/86')
unlink('/tmp/nimble_5680/githubcom_fallingducksequester/.git/objects/d0/ad8f932988af92d0940788d4e3e6bd508a8c9d')
rmdir('/tmp/nimble_5680/githubcom_fallingducksequester/.git/objects/d0')
rmdir('/tmp/nimble_5680/githubcom_fallingducksequester/.git/objects/pack')
unlink('/tmp/nimble_5680/githubcom_fallingducksequester/.git/objects/6c/9cca6266e493f5918bbb47b817ad8cf808e033')
rmdir('/tmp/nimble_5680/githubcom_fallingducksequester/.git/objects/6c')
rmdir('/tmp/nimble_5680/githubcom_fallingducksequester/.git/objects')
unlink('/tmp/nimble_5680/githubcom_fallingducksequester/.git/packed-refs')
unlink('/tmp/nimble_5680/githubcom_fallingducksequester/.git/HEAD')
rmdir('/tmp/nimble_5680/githubcom_fallingducksequester/.git')
unlink('/tmp/nimble_5680/githubcom_fallingducksequester/sequester.nim')
unlink('/tmp/nimble_5680/githubcom_fallingducksequester/.gitignore')
unlink('/tmp/nimble_5680/githubcom_fallingducksequester/LICENSE')
rmdir('/tmp/nimble_5680/githubcom_fallingducksequester')
rmdir('/tmp/nimble_5680')
  create directory /tmp
  create directory /tmp/nimble_5680
  create directory /tmp/nimble_5680/githubcom_fallingducksequester
  delete /tmp/nimble_5680/githubcom_fallingducksequester
  create directory /tmp/nimble_5680/githubcom_fallingducksequester
  create directory /tmp/nimble_5680/githubcom_fallingducksequester/.git
  create directory /tmp/nimble_5680/githubcom_fallingducksequester/.git
  create directory /tmp/nimble_5680/githubcom_fallingducksequester/.git/info
  create directory /tmp/nimble_5680/githubcom_fallingducksequester/.git/branches
  create directory /tmp/nimble_5680/githubcom_fallingducksequester/.git/hooks
  create directory /tmp/nimble_5680/githubcom_fallingducksequester/.git/refs
  create directory /tmp/nimble_5680/githubcom_fallingducksequester/.git/refs/heads
  create directory /tmp/nimble_5680/githubcom_fallingducksequester/.git/refs/tags
  rename /tmp/nimble_5680/githubcom_fallingducksequester/.git/HEAD.lock to HEAD
  rename /tmp/nimble_5680/githubcom_fallingducksequester/.git/config.lock to config
  change permissions of /tmp/nimble_5680/githubcom_fallingducksequester/.git/config to rwxr--r--
  change permissions of /tmp/nimble_5680/githubcom_fallingducksequester/.git/config to rw-r--r--
  change permissions of /tmp/nimble_5680/githubcom_fallingducksequester/.git/config.lock to rw-r--r--
  rename /tmp/nimble_5680/githubcom_fallingducksequester/.git/config.lock to config
  change permissions of /tmp/nimble_5680/githubcom_fallingducksequester/.git/config.lock to rw-r--r--
  rename /tmp/nimble_5680/githubcom_fallingducksequester/.git/config.lock to config
  change permissions of /tmp/nimble_5680/githubcom_fallingducksequester/.git/config.lock to rw-r--r--
  rename /tmp/nimble_5680/githubcom_fallingducksequester/.git/config.lock to config
  delete /tmp/nimble_5680/githubcom_fallingducksequester/.git/tDbkmjO
  create symbolic link from /tmp/nimble_5680/githubcom_fallingducksequester/.git/tDbkmjO to /home/runner/work/nim_packages_security_audit/nim_packages_security_audit/testing
  delete /tmp/nimble_5680/githubcom_fallingducksequester/.git/tDbkmjO
  create directory /tmp/nimble_5680/githubcom_fallingducksequester/.git/objects
  create directory /tmp/nimble_5680/githubcom_fallingducksequester/.git/objects/pack
  create directory /tmp/nimble_5680/githubcom_fallingducksequester/.git/objects/info
  change permissions of /tmp/nimble_5680/githubcom_fallingducksequester/.git/config.lock to rw-r--r--
  rename /tmp/nimble_5680/githubcom_fallingducksequester/.git/config.lock to config
  change permissions of /tmp/nimble_5680/githubcom_fallingducksequester/.git/config.lock to rw-r--r--
  rename /tmp/nimble_5680/githubcom_fallingducksequester/.git/config.lock to config
  change permissions of /tmp/nimble_5680/githubcom_fallingducksequester/.git/config.lock to rw-r--r--
  rename /tmp/nimble_5680/githubcom_fallingducksequester/.git/config.lock to config
  create directory /tmp/nimble_5680/githubcom_fallingducksequester/.git/objects/57
  create hard link from /tmp/nimble_5680/githubcom_fallingducksequester/.git/objects/57/25122ed95cbf5730718aadadf2c0bf3679b07d to /tmp/nimble_5680/githubcom_fallingducksequester/.git/objects/57/tmp_obj_XIkGXB
  delete /tmp/nimble_5680/githubcom_fallingducksequester/.git/objects/57/tmp_obj_XIkGXB
  create directory /tmp/nimble_5680/githubcom_fallingducksequester/.git/objects/86
  create hard link from /tmp/nimble_5680/githubcom_fallingducksequester/.git/objects/86/85f1b6819e499fe84b05e22a01debbf23697a8 to /tmp/nimble_5680/githubcom_fallingducksequester/.git/objects/86/tmp_obj_TUjiPC
  delete /tmp/nimble_5680/githubcom_fallingducksequester/.git/objects/86/tmp_obj_TUjiPC
  create directory /tmp/nimble_5680/githubcom_fallingducksequester/.git/objects/7c
  create hard link from /tmp/nimble_5680/githubcom_fallingducksequester/.git/objects/7c/03cb6c55c178675a4448bcdae0bb4d01959e7d to /tmp/nimble_5680/githubcom_fallingducksequester/.git/objects/7c/tmp_obj_5yPPCF
  delete /tmp/nimble_5680/githubcom_fallingducksequester/.git/objects/7c/tmp_obj_5yPPCF
  create directory /tmp/nimble_5680/githubcom_fallingducksequester/.git/objects/03
  create hard link from /tmp/nimble_5680/githubcom_fallingducksequester/.git/objects/03/85b64fe0eb271c453eb2f05ef5cd89f0514859 to /tmp/nimble_5680/githubcom_fallingducksequester/.git/objects/03/tmp_obj_Jx4UOJ
  delete /tmp/nimble_5680/githubcom_fallingducksequester/.git/objects/03/tmp_obj_Jx4UOJ
  create directory /tmp/nimble_5680/githubcom_fallingducksequester/.git/objects/d0
  create hard link from /tmp/nimble_5680/githubcom_fallingducksequester/.git/objects/d0/ad8f932988af92d0940788d4e3e6bd508a8c9d to /tmp/nimble_5680/githubcom_fallingducksequester/.git/objects/d0/tmp_obj_rAyB4P
  delete /tmp/nimble_5680/githubcom_fallingducksequester/.git/objects/d0/tmp_obj_rAyB4P
  create directory /tmp/nimble_5680/githubcom_fallingducksequester/.git/objects/3c
  create hard link from /tmp/nimble_5680/githubcom_fallingducksequester/.git/objects/3c/3390b6328e559254ce2a8cdfb955fa1ea66b79 to /tmp/nimble_5680/githubcom_fallingducksequester/.git/objects/3c/tmp_obj_fGWyYT
  delete /tmp/nimble_5680/githubcom_fallingducksequester/.git/objects/3c/tmp_obj_fGWyYT
  create directory /tmp/nimble_5680/githubcom_fallingducksequester/.git/objects/6c
  create hard link from /tmp/nimble_5680/githubcom_fallingducksequester/.git/objects/6c/9cca6266e493f5918bbb47b817ad8cf808e033 to /tmp/nimble_5680/githubcom_fallingducksequester/.git/objects/6c/tmp_obj_hjaSRY
  delete /tmp/nimble_5680/githubcom_fallingducksequester/.git/objects/6c/tmp_obj_hjaSRY
  rename /tmp/nimble_5680/githubcom_fallingducksequester/.git/shallow.lock to shallow
  rename /tmp/nimble_5680/githubcom_fallingducksequester/.git/packed-refs.new to packed-refs
  delete /tmp/nimble_5680/githubcom_fallingducksequester/.git/packed-refs.lock
  delete /tmp/nimble_5680/githubcom_fallingducksequester/.git/refs/tags/v0.1.0.lock
  create directory /tmp/nimble_5680/githubcom_fallingducksequester/.git/logs
  rename /tmp/nimble_5680/githubcom_fallingducksequester/.git/HEAD.lock to HEAD
  rename /tmp/nimble_5680/githubcom_fallingducksequester/.git/index.lock to index
  create directory /home
  create directory /home/runner
  create directory /home/runner/.nimble
  create directory /home/runner/.nimble/pkgs
  create directory /home/runner/.nimble/pkgs/sequester-0.1.0
  create directory /home
  create directory /home/runner
  create directory /home/runner/.nimble
  create directory /home/runner/.nimble/pkgs
  create directory /home/runner/.nimble/pkgs/sequester-0.1.0
  change permissions of /home/runner/.nimble/pkgs/sequester-0.1.0/sequester.nim to rw-r--r--
  change permissions of /home/runner/.nimble/pkgs/sequester-0.1.0/sequester.nimble to rw-r--r--
  delete /tmp/nimble_5680/githubcom_fallingducksequester/README.md
  delete /tmp/nimble_5680/githubcom_fallingducksequester/sequester.nimble
  delete /tmp/nimble_5680/githubcom_fallingducksequester/.git/refs/tags
  delete /tmp/nimble_5680/githubcom_fallingducksequester/.git/refs/heads
  delete /tmp/nimble_5680/githubcom_fallingducksequester/.git/refs
  delete /tmp/nimble_5680/githubcom_fallingducksequester/.git/info/exclude
  delete /tmp/nimble_5680/githubcom_fallingducksequester/.git/info
  delete /tmp/nimble_5680/githubcom_fallingducksequester/.git/branches
  delete /tmp/nimble_5680/githubcom_fallingducksequester/.git/logs/HEAD
  delete /tmp/nimble_5680/githubcom_fallingducksequester/.git/logs
  delete /tmp/nimble_5680/githubcom_fallingducksequester/.git/description
  delete /tmp/nimble_5680/githubcom_fallingducksequester/.git/hooks/pre-rebase.sample
  delete /tmp/nimble_5680/githubcom_fallingducksequester/.git/hooks/applypatch-msg.sample
  delete /tmp/nimble_5680/githubcom_fallingducksequester/.git/hooks/pre-push.sample
  delete /tmp/nimble_5680/githubcom_fallingducksequester/.git/hooks/pre-merge-commit.sample
  delete /tmp/nimble_5680/githubcom_fallingducksequester/.git/hooks/pre-receive.sample
  delete /tmp/nimble_5680/githubcom_fallingducksequester/.git/hooks/update.sample
  delete /tmp/nimble_5680/githubcom_fallingducksequester/.git/hooks/pre-commit.sample
  delete /tmp/nimble_5680/githubcom_fallingducksequester/.git/hooks/pre-applypatch.sample
  delete /tmp/nimble_5680/githubcom_fallingducksequester/.git/hooks/commit-msg.sample
  delete /tmp/nimble_5680/githubcom_fallingducksequester/.git/hooks/fsmonitor-watchman.sample
  delete /tmp/nimble_5680/githubcom_fallingducksequester/.git/hooks/prepare-commit-msg.sample
  delete /tmp/nimble_5680/githubcom_fallingducksequester/.git/hooks/post-update.sample
  delete /tmp/nimble_5680/githubcom_fallingducksequester/.git/hooks
  delete /tmp/nimble_5680/githubcom_fallingducksequester/.git/shallow
  delete /tmp/nimble_5680/githubcom_fallingducksequester/.git/config
  delete /tmp/nimble_5680/githubcom_fallingducksequester/.git/index
  delete /tmp/nimble_5680/githubcom_fallingducksequester/.git/objects/7c/03cb6c55c178675a4448bcdae0bb4d01959e7d
  delete /tmp/nimble_5680/githubcom_fallingducksequester/.git/objects/7c
  delete /tmp/nimble_5680/githubcom_fallingducksequester/.git/objects/info
  delete /tmp/nimble_5680/githubcom_fallingducksequester/.git/objects/3c/3390b6328e559254ce2a8cdfb955fa1ea66b79
  delete /tmp/nimble_5680/githubcom_fallingducksequester/.git/objects/3c
  delete /tmp/nimble_5680/githubcom_fallingducksequester/.git/objects/57/25122ed95cbf5730718aadadf2c0bf3679b07d
  delete /tmp/nimble_5680/githubcom_fallingducksequester/.git/objects/57
  delete /tmp/nimble_5680/githubcom_fallingducksequester/.git/objects/03/85b64fe0eb271c453eb2f05ef5cd89f0514859
  delete /tmp/nimble_5680/githubcom_fallingducksequester/.git/objects/03
  delete /tmp/nimble_5680/githubcom_fallingducksequester/.git/objects/86/85f1b6819e499fe84b05e22a01debbf23697a8
  delete /tmp/nimble_5680/githubcom_fallingducksequester/.git/objects/86
  delete /tmp/nimble_5680/githubcom_fallingducksequester/.git/objects/d0/ad8f932988af92d0940788d4e3e6bd508a8c9d
  delete /tmp/nimble_5680/githubcom_fallingducksequester/.git/objects/d0
  delete /tmp/nimble_5680/githubcom_fallingducksequester/.git/objects/pack
  delete /tmp/nimble_5680/githubcom_fallingducksequester/.git/objects/6c/9cca6266e493f5918bbb47b817ad8cf808e033
  delete /tmp/nimble_5680/githubcom_fallingducksequester/.git/objects/6c
  delete /tmp/nimble_5680/githubcom_fallingducksequester/.git/objects
  delete /tmp/nimble_5680/githubcom_fallingducksequester/.git/packed-refs
  delete /tmp/nimble_5680/githubcom_fallingducksequester/.git/HEAD
  delete /tmp/nimble_5680/githubcom_fallingducksequester/.git
  delete /tmp/nimble_5680/githubcom_fallingducksequester/sequester.nim
  delete /tmp/nimble_5680/githubcom_fallingducksequester/.gitignore
  delete /tmp/nimble_5680/githubcom_fallingducksequester/LICENSE
  delete /tmp/nimble_5680/githubcom_fallingducksequester
  delete /tmp/nimble_5680
