    Reading official package list
Downloading https://github.com/euantorano/serial.nim using git
    Cloning latest tagged version: v1.1.4
       Info /tmp/nimble_8631/githubcom_euantoranoserialnim/serial_8631.nims(1, 8) Warning: imported and not used: 'system' [UnusedImport]
        ... /tmp/nimble_8631/githubcom_euantoranoserialnim/serial_8631.nims(5, 22) Warning: imported and not used: 'strutils' [UnusedImport]
  Verifying dependencies for serial@1.1.4
 Installing serial@1.1.4
    Copying file /tmp/nimble_8631/githubcom_euantoranoserialnim/src/serial/serialport.nim to /home/runner/.nimble/pkgs/serial-1.1.4/serial/serialport.nim
    Copying file /tmp/nimble_8631/githubcom_euantoranoserialnim/src/serial/serialstream.nim to /home/runner/.nimble/pkgs/serial-1.1.4/serial/serialstream.nim
    Copying file /tmp/nimble_8631/githubcom_euantoranoserialnim/src/serial/private/serialport/serialport_posix.nim to /home/runner/.nimble/pkgs/serial-1.1.4/serial/private/serialport/serialport_posix.nim
    Copying file /tmp/nimble_8631/githubcom_euantoranoserialnim/src/serial/private/serialport/serialport_common.nim to /home/runner/.nimble/pkgs/serial-1.1.4/serial/private/serialport/serialport_common.nim
mkdir('/tmp', 0x00000000000001ff)
mkdir('/tmp/nimble_8631', 0x00000000000001ff)
mkdir('/tmp/nimble_8631/githubcom_euantoranoserialnim', 0x00000000000001ff)
rmdir('/tmp/nimble_8631/githubcom_euantoranoserialnim')
mkdir('/tmp/nimble_8631/githubcom_euantoranoserialnim', 0x00000000000001ff)
mkdir('/tmp/nimble_8631/githubcom_euantoranoserialnim/.git', 0x00000000000001ff)
mkdir('/tmp/nimble_8631/githubcom_euantoranoserialnim/.git/', 0x00000000000001ff)
mkdir('/tmp/nimble_8631/githubcom_euantoranoserialnim/.git/hooks/', 0x00000000000001ff)
mkdir('/tmp/nimble_8631/githubcom_euantoranoserialnim/.git/branches/', 0x00000000000001ff)
mkdir('/tmp/nimble_8631/githubcom_euantoranoserialnim/.git/info/', 0x00000000000001ff)
mkdir('/tmp/nimble_8631/githubcom_euantoranoserialnim/.git/refs', 0x00000000000001ff)
mkdir('/tmp/nimble_8631/githubcom_euantoranoserialnim/.git/refs/heads', 0x00000000000001ff)
mkdir('/tmp/nimble_8631/githubcom_euantoranoserialnim/.git/refs/tags', 0x00000000000001ff)
rename('/tmp/nimble_8631/githubcom_euantoranoserialnim/.git/HEAD.lock', '/tmp/nimble_8631/githubcom_euantoranoserialnim/.git/HEAD')
rename('/tmp/nimble_8631/githubcom_euantoranoserialnim/.git/config.lock', '/tmp/nimble_8631/githubcom_euantoranoserialnim/.git/config')
chmod('/tmp/nimble_8631/githubcom_euantoranoserialnim/.git/config', 0x00000000000081e4)
chmod('/tmp/nimble_8631/githubcom_euantoranoserialnim/.git/config', 0x00000000000081a4)
chmod('/tmp/nimble_8631/githubcom_euantoranoserialnim/.git/config.lock', 0x00000000000001a4)
rename('/tmp/nimble_8631/githubcom_euantoranoserialnim/.git/config.lock', '/tmp/nimble_8631/githubcom_euantoranoserialnim/.git/config')
chmod('/tmp/nimble_8631/githubcom_euantoranoserialnim/.git/config.lock', 0x00000000000001a4)
rename('/tmp/nimble_8631/githubcom_euantoranoserialnim/.git/config.lock', '/tmp/nimble_8631/githubcom_euantoranoserialnim/.git/config')
chmod('/tmp/nimble_8631/githubcom_euantoranoserialnim/.git/config.lock', 0x00000000000001a4)
rename('/tmp/nimble_8631/githubcom_euantoranoserialnim/.git/config.lock', '/tmp/nimble_8631/githubcom_euantoranoserialnim/.git/config')
unlink('/tmp/nimble_8631/githubcom_euantoranoserialnim/.git/tfnj04U')
symlink('testing', '/tmp/nimble_8631/githubcom_euantoranoserialnim/.git/tfnj04U')
unlink('/tmp/nimble_8631/githubcom_euantoranoserialnim/.git/tfnj04U')
mkdir('/tmp/nimble_8631/githubcom_euantoranoserialnim/.git/objects', 0x00000000000001ff)
mkdir('/tmp/nimble_8631/githubcom_euantoranoserialnim/.git/objects/pack', 0x00000000000001ff)
mkdir('/tmp/nimble_8631/githubcom_euantoranoserialnim/.git/objects/info', 0x00000000000001ff)
chmod('/tmp/nimble_8631/githubcom_euantoranoserialnim/.git/config.lock', 0x00000000000001a4)
rename('/tmp/nimble_8631/githubcom_euantoranoserialnim/.git/config.lock', '/tmp/nimble_8631/githubcom_euantoranoserialnim/.git/config')
chmod('/tmp/nimble_8631/githubcom_euantoranoserialnim/.git/config.lock', 0x00000000000001a4)
rename('/tmp/nimble_8631/githubcom_euantoranoserialnim/.git/config.lock', '/tmp/nimble_8631/githubcom_euantoranoserialnim/.git/config')
chmod('/tmp/nimble_8631/githubcom_euantoranoserialnim/.git/config.lock', 0x00000000000001a4)
rename('/tmp/nimble_8631/githubcom_euantoranoserialnim/.git/config.lock', '/tmp/nimble_8631/githubcom_euantoranoserialnim/.git/config')
link('/tmp/nimble_8631/githubcom_euantoranoserialnim/.git/objects/pack/tmp_pack_00mrbg', '/tmp/nimble_8631/githubcom_euantoranoserialnim/.git/objects/pack/pack-bb28146365432c5bb7ee9025d9c73c56f8c06884.pack')
unlink('/tmp/nimble_8631/githubcom_euantoranoserialnim/.git/objects/pack/tmp_pack_00mrbg')
link('/tmp/nimble_8631/githubcom_euantoranoserialnim/.git/objects/pack/tmp_idx_bHzY9f', '/tmp/nimble_8631/githubcom_euantoranoserialnim/.git/objects/pack/pack-bb28146365432c5bb7ee9025d9c73c56f8c06884.idx')
unlink('/tmp/nimble_8631/githubcom_euantoranoserialnim/.git/objects/pack/tmp_idx_bHzY9f')
rename('/tmp/nimble_8631/githubcom_euantoranoserialnim/.git/shallow.lock', '/tmp/nimble_8631/githubcom_euantoranoserialnim/.git/shallow')
rename('/tmp/nimble_8631/githubcom_euantoranoserialnim/.git/packed-refs.new', '/tmp/nimble_8631/githubcom_euantoranoserialnim/.git/packed-refs')
unlink('/tmp/nimble_8631/githubcom_euantoranoserialnim/.git/packed-refs.lock')
unlink('/tmp/nimble_8631/githubcom_euantoranoserialnim/.git/refs/tags/v1.1.4.lock')
mkdir('/tmp/nimble_8631/githubcom_euantoranoserialnim/.git/logs', 0x00000000000001ff)
rename('/tmp/nimble_8631/githubcom_euantoranoserialnim/.git/HEAD.lock', '/tmp/nimble_8631/githubcom_euantoranoserialnim/.git/HEAD')
unlink('/tmp/nimble_8631/githubcom_euantoranoserialnim/.git/objects/pack/pack-bb28146365432c5bb7ee9025d9c73c56f8c06884.keep')
mkdir('examples', 0x00000000000001ff)
mkdir('src', 0x00000000000001ff)
mkdir('src/serial', 0x00000000000001ff)
mkdir('src/serial/private', 0x00000000000001ff)
mkdir('src/serial/private/ffi', 0x00000000000001ff)
mkdir('src/serial/private/serialport', 0x00000000000001ff)
mkdir('src/serial/private/utils', 0x00000000000001ff)
rename('/tmp/nimble_8631/githubcom_euantoranoserialnim/.git/index.lock', '/tmp/nimble_8631/githubcom_euantoranoserialnim/.git/index')
mkdir('/tmp', 0x00000000000001ff)
mkdir('/tmp/nimblecache', 0x00000000000001ff)
mkdir('/tmp/nimblecache/serial_4050288670', 0x00000000000001ff)
unlink('/tmp/nimblecache/serial_4050288670/serial.ini')
unlink('/tmp/nimble_8631.out')
unlink('/tmp/nimble_8631/githubcom_euantoranoserialnim/serial_8631.nims')
mkdir('/home', 0x00000000000001ff)
mkdir('/home/runner', 0x00000000000001ff)
mkdir('/home/runner/.nimble', 0x00000000000001ff)
mkdir('/home/runner/.nimble/pkgs', 0x00000000000001ff)
mkdir('/home/runner/.nimble/pkgs/serial-1.1.4', 0x00000000000001ff)
mkdir('/home', 0x00000000000001ff)
mkdir('/home/runner', 0x00000000000001ff)
mkdir('/home/runner/.nimble', 0x00000000000001ff)
mkdir('/home/runner/.nimble/pkgs', 0x00000000000001ff)
mkdir('/home/runner/.nimble/pkgs/serial-1.1.4', 0x00000000000001ff)
mkdir('/home/runner/.nimble/pkgs/serial-1.1.4/serial', 0x00000000000001ff)
chmod('/home/runner/.nimble/pkgs/serial-1.1.4/serial/serialport.nim', 0x00000000000001a4)
mkdir('/home', 0x00000000000001ff)
mkdir('/home/runner', 0x00000000000001ff)
mkdir('/home/runner/.nimble', 0x00000000000001ff)
mkdir('/home/runner/.nimble/pkgs', 0x00000000000001ff)
mkdir('/home/runner/.nimble/pkgs/serial-1.1.4', 0x00000000000001ff)
mkdir('/home/runner/.nimble/pkgs/serial-1.1.4/serial', 0x00000000000001ff)
chmod('/home/runner/.nimble/pkgs/serial-1.1.4/serial/serialstream.nim', 0x00000000000001a4)
mkdir('/home', 0x00000000000001ff)
mkdir('/home/runner', 0x00000000000001ff)
mkdir('/home/runner/.nimble', 0x00000000000001ff)
mkdir('/home/runner/.nimble/pkgs', 0x00000000000001ff)
mkdir('/home/runner/.nimble/pkgs/serial-1.1.4', 0x00000000000001ff)
mkdir('/home/runner/.nimble/pkgs/serial-1.1.4/serial', 0x00000000000001ff)
mkdir('/home/runner/.nimble/pkgs/serial-1.1.4/serial/private', 0x00000000000001ff)
mkdir('/home/runner/.nimble/pkgs/serial-1.1.4/serial/private/serialport', 0x00000000000001ff)
chmod('/home/runner/.nimble/pkgs/serial-1.1.4/serial/private/serialport/serialport_posix.nim', 0x00000000000001a4)
mkdir('/home', 0x00000000000001ff)
mkdir('/home/runner', 0x00000000000001ff)
mkdir('/home/runner/.nimble', 0x00000000000001ff)
mkdir('/home/runner/.nimble/pkgs', 0x00000000000001ff)
mkdir('/home/runner/.nimble/pkgs/serial-1.1.4', 0x00000000000001ff)
mkdir('/home/runner/.nimble/pkgs/serial-1.1.4/serial', 0x00000000000001ff)
mkdir('/home/runner/.nimble/pkgs/serial-1.1.4/serial/private', 0x00000000000001ff)
mkdir('/home/runner/.nimble/pkgs/serial-1.1.4/serial/private/serialport', 0x00000000000001ff)
chmod('/home/runner/.nimble/pkgs/serial-1.1.4/serial/private/serialport/serialport_common.nim', 0x00000000000001a4)
mkdir('/home', 0x00000000000001ff)
mkdir('/home/runner', 0x00000000000001ff)
mkdir('/home/runner/.nimble', 0x00000000000001ff)
mkdir('/home/runner/.nimble/pkgs', 0x00000000000001ff)
mkdir('/home/runner/.nimble/pkgs/serial-1.1.4', 0x00000000000001ff)
mkdir('/home/runner/.nimble/pkgs/serial-1.1.4/serial', 0x00000000000001ff)
mkdir('/home/runner/.nimble/pkgs/serial-1.1.4/serial/private', 0x00000000000001ff)
mkdir('/home/runner/.nimble/pkgs/serial-1.1.4/serial/private/serialport', 0x00000000000001ff)    Copying file /tmp/nimble_8631/githubcom_euantoranoserialnim/src/serial/private/serialport/serialport_windows.nim to /home/runner/.nimble/pkgs/serial-1.1.4/serial/private/serialport/serialport_windows.nim
    Copying file /tmp/nimble_8631/githubcom_euantoranoserialnim/src/serial/private/ffi/ffi_windows.nim to /home/runner/.nimble/pkgs/serial-1.1.4/serial/private/ffi/ffi_windows.nim
    Copying file /tmp/nimble_8631/githubcom_euantoranoserialnim/src/serial/private/utils/windows_registry.nim to /home/runner/.nimble/pkgs/serial-1.1.4/serial/private/utils/windows_registry.nim
    Copying file /tmp/nimble_8631/githubcom_euantoranoserialnim/src/serial/private/utils/list_serialports_posix.nim to /home/runner/.nimble/pkgs/serial-1.1.4/serial/private/utils/list_serialports_posix.nim
    Copying file /tmp/nimble_8631/githubcom_euantoranoserialnim/src/serial/private/utils/list_serialports_mac.nim to /home/runner/.nimble/pkgs/serial-1.1.4/serial/private/utils/list_serialports_mac.nim
    Copying file /tmp/nimble_8631/githubcom_euantoranoserialnim/src/serial/private/utils/list_serialports_windows.nim to /home/runner/.nimble/pkgs/serial-1.1.4/serial/private/utils/list_serialports_windows.nim
    Copying file /tmp/nimble_8631/githubcom_euantoranoserialnim/src/serial/private/utils/list_serialports_linux.nim to /home/runner/.nimble/pkgs/serial-1.1.4/serial/private/utils/list_serialports_linux.nim
    Copying file /tmp/nimble_8631/githubcom_euantoranoserialnim/src/serial/utils.nim to /home/runner/.nimble/pkgs/serial-1.1.4/serial/utils.nim
    Copying file /tmp/nimble_8631/githubcom_euantoranoserialnim/src/serial.nim to /home/runner/.nimble/pkgs/serial-1.1.4/serial.nim
    Copying file /tmp/nimble_8631/githubcom_euantoranoserialnim/serial.nimble to /home/runner/.nimble/pkgs/serial-1.1.4/serial.nimble
   Success: serial installed successfully.
       Info /home/runner/.nimble/pkgs/serial-1.1.4/serial_8631.nims(1, 8) Warning: imported and not used: 'system' [UnusedImport]
        ... /home/runner/.nimble/pkgs/serial-1.1.4/serial_8631.nims(5, 22) Warning: imported and not used: 'strutils' [UnusedImport]

chmod('/home/runner/.nimble/pkgs/serial-1.1.4/serial/private/serialport/serialport_windows.nim', 0x00000000000001a4)
mkdir('/home', 0x00000000000001ff)
mkdir('/home/runner', 0x00000000000001ff)
mkdir('/home/runner/.nimble', 0x00000000000001ff)
mkdir('/home/runner/.nimble/pkgs', 0x00000000000001ff)
mkdir('/home/runner/.nimble/pkgs/serial-1.1.4', 0x00000000000001ff)
mkdir('/home/runner/.nimble/pkgs/serial-1.1.4/serial', 0x00000000000001ff)
mkdir('/home/runner/.nimble/pkgs/serial-1.1.4/serial/private', 0x00000000000001ff)
mkdir('/home/runner/.nimble/pkgs/serial-1.1.4/serial/private/ffi', 0x00000000000001ff)
chmod('/home/runner/.nimble/pkgs/serial-1.1.4/serial/private/ffi/ffi_windows.nim', 0x00000000000001a4)
mkdir('/home', 0x00000000000001ff)
mkdir('/home/runner', 0x00000000000001ff)
mkdir('/home/runner/.nimble', 0x00000000000001ff)
mkdir('/home/runner/.nimble/pkgs', 0x00000000000001ff)
mkdir('/home/runner/.nimble/pkgs/serial-1.1.4', 0x00000000000001ff)
mkdir('/home/runner/.nimble/pkgs/serial-1.1.4/serial', 0x00000000000001ff)
mkdir('/home/runner/.nimble/pkgs/serial-1.1.4/serial/private', 0x00000000000001ff)
mkdir('/home/runner/.nimble/pkgs/serial-1.1.4/serial/private/utils', 0x00000000000001ff)
chmod('/home/runner/.nimble/pkgs/serial-1.1.4/serial/private/utils/windows_registry.nim', 0x00000000000001a4)
mkdir('/home', 0x00000000000001ff)
mkdir('/home/runner', 0x00000000000001ff)
mkdir('/home/runner/.nimble', 0x00000000000001ff)
mkdir('/home/runner/.nimble/pkgs', 0x00000000000001ff)
mkdir('/home/runner/.nimble/pkgs/serial-1.1.4', 0x00000000000001ff)
mkdir('/home/runner/.nimble/pkgs/serial-1.1.4/serial', 0x00000000000001ff)
mkdir('/home/runner/.nimble/pkgs/serial-1.1.4/serial/private', 0x00000000000001ff)
mkdir('/home/runner/.nimble/pkgs/serial-1.1.4/serial/private/utils', 0x00000000000001ff)
chmod('/home/runner/.nimble/pkgs/serial-1.1.4/serial/private/utils/list_serialports_posix.nim', 0x00000000000001a4)
mkdir('/home', 0x00000000000001ff)
mkdir('/home/runner', 0x00000000000001ff)
mkdir('/home/runner/.nimble', 0x00000000000001ff)
mkdir('/home/runner/.nimble/pkgs', 0x00000000000001ff)
mkdir('/home/runner/.nimble/pkgs/serial-1.1.4', 0x00000000000001ff)
mkdir('/home/runner/.nimble/pkgs/serial-1.1.4/serial', 0x00000000000001ff)
mkdir('/home/runner/.nimble/pkgs/serial-1.1.4/serial/private', 0x00000000000001ff)
mkdir('/home/runner/.nimble/pkgs/serial-1.1.4/serial/private/utils', 0x00000000000001ff)
chmod('/home/runner/.nimble/pkgs/serial-1.1.4/serial/private/utils/list_serialports_mac.nim', 0x00000000000001a4)
mkdir('/home', 0x00000000000001ff)
mkdir('/home/runner', 0x00000000000001ff)
mkdir('/home/runner/.nimble', 0x00000000000001ff)
mkdir('/home/runner/.nimble/pkgs', 0x00000000000001ff)
mkdir('/home/runner/.nimble/pkgs/serial-1.1.4', 0x00000000000001ff)
mkdir('/home/runner/.nimble/pkgs/serial-1.1.4/serial', 0x00000000000001ff)
mkdir('/home/runner/.nimble/pkgs/serial-1.1.4/serial/private', 0x00000000000001ff)
mkdir('/home/runner/.nimble/pkgs/serial-1.1.4/serial/private/utils', 0x00000000000001ff)
chmod('/home/runner/.nimble/pkgs/serial-1.1.4/serial/private/utils/list_serialports_windows.nim', 0x00000000000001a4)
mkdir('/home', 0x00000000000001ff)
mkdir('/home/runner', 0x00000000000001ff)
mkdir('/home/runner/.nimble', 0x00000000000001ff)
mkdir('/home/runner/.nimble/pkgs', 0x00000000000001ff)
mkdir('/home/runner/.nimble/pkgs/serial-1.1.4', 0x00000000000001ff)
mkdir('/home/runner/.nimble/pkgs/serial-1.1.4/serial', 0x00000000000001ff)
mkdir('/home/runner/.nimble/pkgs/serial-1.1.4/serial/private', 0x00000000000001ff)
mkdir('/home/runner/.nimble/pkgs/serial-1.1.4/serial/private/utils', 0x00000000000001ff)
chmod('/home/runner/.nimble/pkgs/serial-1.1.4/serial/private/utils/list_serialports_linux.nim', 0x00000000000001a4)
mkdir('/home', 0x00000000000001ff)
mkdir('/home/runner', 0x00000000000001ff)
mkdir('/home/runner/.nimble', 0x00000000000001ff)
mkdir('/home/runner/.nimble/pkgs', 0x00000000000001ff)
mkdir('/home/runner/.nimble/pkgs/serial-1.1.4', 0x00000000000001ff)
mkdir('/home/runner/.nimble/pkgs/serial-1.1.4/serial', 0x00000000000001ff)
chmod('/home/runner/.nimble/pkgs/serial-1.1.4/serial/utils.nim', 0x00000000000001a4)
mkdir('/home', 0x00000000000001ff)
mkdir('/home/runner', 0x00000000000001ff)
mkdir('/home/runner/.nimble', 0x00000000000001ff)
mkdir('/home/runner/.nimble/pkgs', 0x00000000000001ff)
mkdir('/home/runner/.nimble/pkgs/serial-1.1.4', 0x00000000000001ff)
chmod('/home/runner/.nimble/pkgs/serial-1.1.4/serial.nim', 0x00000000000001a4)
chmod('/home/runner/.nimble/pkgs/serial-1.1.4/serial.nimble', 0x00000000000001a4)
mkdir('/tmp', 0x00000000000001ff)
mkdir('/tmp/nimblecache', 0x00000000000001ff)
mkdir('/tmp/nimblecache/serial_1468873235', 0x00000000000001ff)
unlink('/tmp/nimblecache/serial_1468873235/serial.ini')
unlink('/tmp/nimble_8631.out')
unlink('/home/runner/.nimble/pkgs/serial-1.1.4/serial_8631.nims')
unlink('/tmp/nimble_8631/githubcom_euantoranoserialnim/serial.nimble')
unlink('/tmp/nimble_8631/githubcom_euantoranoserialnim/examples/async_reader.nim')
unlink('/tmp/nimble_8631/githubcom_euantoranoserialnim/examples/writer.nim')
unlink('/tmp/nimble_8631/githubcom_euantoranoserialnim/examples/async_reader_writer.nim')
unlink('/tmp/nimble_8631/githubcom_euantoranoserialnim/examples/async_writer.nim')
unlink('/tmp/nimble_8631/githubcom_euantoranoserialnim/examples/reader.nim')
unlink('/tmp/nimble_8631/githubcom_euantoranoserialnim/examples/nim.cfg')
rmdir('/tmp/nimble_8631/githubcom_euantoranoserialnim/examples')
unlink('/tmp/nimble_8631/githubcom_euantoranoserialnim/README.md')
rmdir('/tmp/nimble_8631/githubcom_euantoranoserialnim/.git/refs/heads')
rmdir('/tmp/nimble_8631/githubcom_euantoranoserialnim/.git/refs/tags')
rmdir('/tmp/nimble_8631/githubcom_euantoranoserialnim/.git/refs')
unlink('/tmp/nimble_8631/githubcom_euantoranoserialnim/.git/config')
unlink('/tmp/nimble_8631/githubcom_euantoranoserialnim/.git/logs/HEAD')
rmdir('/tmp/nimble_8631/githubcom_euantoranoserialnim/.git/logs')
unlink('/tmp/nimble_8631/githubcom_euantoranoserialnim/.git/packed-refs')
unlink('/tmp/nimble_8631/githubcom_euantoranoserialnim/.git/HEAD')
unlink('/tmp/nimble_8631/githubcom_euantoranoserialnim/.git/description')
unlink('/tmp/nimble_8631/githubcom_euantoranoserialnim/.git/hooks/fsmonitor-watchman.sample')
unlink('/tmp/nimble_8631/githubcom_euantoranoserialnim/.git/hooks/pre-commit.sample')
unlink('/tmp/nimble_8631/githubcom_euantoranoserialnim/.git/hooks/applypatch-msg.sample')
unlink('/tmp/nimble_8631/githubcom_euantoranoserialnim/.git/hooks/pre-rebase.sample')
unlink('/tmp/nimble_8631/githubcom_euantoranoserialnim/.git/hooks/update.sample')
unlink('/tmp/nimble_8631/githubcom_euantoranoserialnim/.git/hooks/pre-push.sample')
unlink('/tmp/nimble_8631/githubcom_euantoranoserialnim/.git/hooks/pre-receive.sample')
unlink('/tmp/nimble_8631/githubcom_euantoranoserialnim/.git/hooks/pre-applypatch.sample')
unlink('/tmp/nimble_8631/githubcom_euantoranoserialnim/.git/hooks/post-update.sample')
unlink('/tmp/nimble_8631/githubcom_euantoranoserialnim/.git/hooks/prepare-commit-msg.sample')
unlink('/tmp/nimble_8631/githubcom_euantoranoserialnim/.git/hooks/commit-msg.sample')
unlink('/tmp/nimble_8631/githubcom_euantoranoserialnim/.git/hooks/pre-merge-commit.sample')
rmdir('/tmp/nimble_8631/githubcom_euantoranoserialnim/.git/hooks')
unlink('/tmp/nimble_8631/githubcom_euantoranoserialnim/.git/objects/pack/pack-bb28146365432c5bb7ee9025d9c73c56f8c06884.pack')
unlink('/tmp/nimble_8631/githubcom_euantoranoserialnim/.git/objects/pack/pack-bb28146365432c5bb7ee9025d9c73c56f8c06884.idx')
rmdir('/tmp/nimble_8631/githubcom_euantoranoserialnim/.git/objects/pack')
rmdir('/tmp/nimble_8631/githubcom_euantoranoserialnim/.git/objects/info')
rmdir('/tmp/nimble_8631/githubcom_euantoranoserialnim/.git/objects')
rmdir('/tmp/nimble_8631/githubcom_euantoranoserialnim/.git/branches')
unlink('/tmp/nimble_8631/githubcom_euantoranoserialnim/.git/index')
unlink('/tmp/nimble_8631/githubcom_euantoranoserialnim/.git/info/exclude')
rmdir('/tmp/nimble_8631/githubcom_euantoranoserialnim/.git/info')
unlink('/tmp/nimble_8631/githubcom_euantoranoserialnim/.git/shallow')
rmdir('/tmp/nimble_8631/githubcom_euantoranoserialnim/.git')
unlink('/tmp/nimble_8631/githubcom_euantoranoserialnim/.gitattributes')
unlink('/tmp/nimble_8631/githubcom_euantoranoserialnim/.gitignore')
unlink('/tmp/nimble_8631/githubcom_euantoranoserialnim/LICENSE')
unlink('/tmp/nimble_8631/githubcom_euantoranoserialnim/src/serial/serialport.nim')
unlink('/tmp/nimble_8631/githubcom_euantoranoserialnim/src/serial/serialstream.nim')
unlink('/tmp/nimble_8631/githubcom_euantoranoserialnim/src/serial/private/serialport/serialport_posix.nim')
unlink('/tmp/nimble_8631/githubcom_euantoranoserialnim/src/serial/private/serialport/serialport_common.nim')
unlink('/tmp/nimble_8631/githubcom_euantoranoserialnim/src/serial/private/serialport/serialport_windows.nim')
rmdir('/tmp/nimble_8631/githubcom_euantoranoserialnim/src/serial/private/serialport')
unlink('/tmp/nimble_8631/githubcom_euantoranoserialnim/src/serial/private/ffi/ffi_windows.nim')
rmdir('/tmp/nimble_8631/githubcom_euantoranoserialnim/src/serial/private/ffi')
unlink('/tmp/nimble_8631/githubcom_euantoranoserialnim/src/serial/private/utils/windows_registry.nim')
unlink('/tmp/nimble_8631/githubcom_euantoranoserialnim/src/serial/private/utils/list_serialports_posix.nim')
unlink('/tmp/nimble_8631/githubcom_euantoranoserialnim/src/serial/private/utils/list_serialports_mac.nim')
unlink('/tmp/nimble_8631/githubcom_euantoranoserialnim/src/serial/private/utils/list_serialports_windows.nim')
unlink('/tmp/nimble_8631/githubcom_euantoranoserialnim/src/serial/private/utils/list_serialports_linux.nim')
rmdir('/tmp/nimble_8631/githubcom_euantoranoserialnim/src/serial/private/utils')
rmdir('/tmp/nimble_8631/githubcom_euantoranoserialnim/src/serial/private')
unlink('/tmp/nimble_8631/githubcom_euantoranoserialnim/src/serial/utils.nim')
rmdir('/tmp/nimble_8631/githubcom_euantoranoserialnim/src/serial')
unlink('/tmp/nimble_8631/githubcom_euantoranoserialnim/src/serial.nim')
rmdir('/tmp/nimble_8631/githubcom_euantoranoserialnim/src')
unlink('/tmp/nimble_8631/githubcom_euantoranoserialnim/.editorconfig')
rmdir('/tmp/nimble_8631/githubcom_euantoranoserialnim')
rmdir('/tmp/nimble_8631')
  create directory /tmp
  create directory /tmp/nimble_8631
  create directory /tmp/nimble_8631/githubcom_euantoranoserialnim
  delete /tmp/nimble_8631/githubcom_euantoranoserialnim
  create directory /tmp/nimble_8631/githubcom_euantoranoserialnim
  create directory /tmp/nimble_8631/githubcom_euantoranoserialnim/.git
  create directory /tmp/nimble_8631/githubcom_euantoranoserialnim/.git
  create directory /tmp/nimble_8631/githubcom_euantoranoserialnim/.git/hooks
  create directory /tmp/nimble_8631/githubcom_euantoranoserialnim/.git/branches
  create directory /tmp/nimble_8631/githubcom_euantoranoserialnim/.git/info
  create directory /tmp/nimble_8631/githubcom_euantoranoserialnim/.git/refs
  create directory /tmp/nimble_8631/githubcom_euantoranoserialnim/.git/refs/heads
  create directory /tmp/nimble_8631/githubcom_euantoranoserialnim/.git/refs/tags
  rename /tmp/nimble_8631/githubcom_euantoranoserialnim/.git/HEAD.lock to HEAD
  rename /tmp/nimble_8631/githubcom_euantoranoserialnim/.git/config.lock to config
  change permissions of /tmp/nimble_8631/githubcom_euantoranoserialnim/.git/config to rwxr--r--
  change permissions of /tmp/nimble_8631/githubcom_euantoranoserialnim/.git/config to rw-r--r--
  change permissions of /tmp/nimble_8631/githubcom_euantoranoserialnim/.git/config.lock to rw-r--r--
  rename /tmp/nimble_8631/githubcom_euantoranoserialnim/.git/config.lock to config
  change permissions of /tmp/nimble_8631/githubcom_euantoranoserialnim/.git/config.lock to rw-r--r--
  rename /tmp/nimble_8631/githubcom_euantoranoserialnim/.git/config.lock to config
  change permissions of /tmp/nimble_8631/githubcom_euantoranoserialnim/.git/config.lock to rw-r--r--
  rename /tmp/nimble_8631/githubcom_euantoranoserialnim/.git/config.lock to config
  delete /tmp/nimble_8631/githubcom_euantoranoserialnim/.git/tfnj04U
  create symbolic link from /tmp/nimble_8631/githubcom_euantoranoserialnim/.git/tfnj04U to /home/runner/work/nim_packages_security_audit/nim_packages_security_audit/testing
  delete /tmp/nimble_8631/githubcom_euantoranoserialnim/.git/tfnj04U
  create directory /tmp/nimble_8631/githubcom_euantoranoserialnim/.git/objects
  create directory /tmp/nimble_8631/githubcom_euantoranoserialnim/.git/objects/pack
  create directory /tmp/nimble_8631/githubcom_euantoranoserialnim/.git/objects/info
  change permissions of /tmp/nimble_8631/githubcom_euantoranoserialnim/.git/config.lock to rw-r--r--
  rename /tmp/nimble_8631/githubcom_euantoranoserialnim/.git/config.lock to config
  change permissions of /tmp/nimble_8631/githubcom_euantoranoserialnim/.git/config.lock to rw-r--r--
  rename /tmp/nimble_8631/githubcom_euantoranoserialnim/.git/config.lock to config
  change permissions of /tmp/nimble_8631/githubcom_euantoranoserialnim/.git/config.lock to rw-r--r--
  rename /tmp/nimble_8631/githubcom_euantoranoserialnim/.git/config.lock to config
  create hard link from /tmp/nimble_8631/githubcom_euantoranoserialnim/.git/objects/pack/pack-bb28146365432c5bb7ee9025d9c73c56f8c06884.pack to /tmp/nimble_8631/githubcom_euantoranoserialnim/.git/objects/pack/tmp_pack_00mrbg
  delete /tmp/nimble_8631/githubcom_euantoranoserialnim/.git/objects/pack/tmp_pack_00mrbg
  create hard link from /tmp/nimble_8631/githubcom_euantoranoserialnim/.git/objects/pack/pack-bb28146365432c5bb7ee9025d9c73c56f8c06884.idx to /tmp/nimble_8631/githubcom_euantoranoserialnim/.git/objects/pack/tmp_idx_bHzY9f
  delete /tmp/nimble_8631/githubcom_euantoranoserialnim/.git/objects/pack/tmp_idx_bHzY9f
  rename /tmp/nimble_8631/githubcom_euantoranoserialnim/.git/shallow.lock to shallow
  rename /tmp/nimble_8631/githubcom_euantoranoserialnim/.git/packed-refs.new to packed-refs
  delete /tmp/nimble_8631/githubcom_euantoranoserialnim/.git/packed-refs.lock
  delete /tmp/nimble_8631/githubcom_euantoranoserialnim/.git/refs/tags/v1.1.4.lock
  create directory /tmp/nimble_8631/githubcom_euantoranoserialnim/.git/logs
  rename /tmp/nimble_8631/githubcom_euantoranoserialnim/.git/HEAD.lock to HEAD
  delete /tmp/nimble_8631/githubcom_euantoranoserialnim/.git/objects/pack/pack-bb28146365432c5bb7ee9025d9c73c56f8c06884.keep
  create directory /tmp/nimble_8631/githubcom_euantoranoserialnim/examples
  create directory /tmp/nimble_8631/githubcom_euantoranoserialnim/src
  create directory /tmp/nimble_8631/githubcom_euantoranoserialnim/src/serial
  create directory /tmp/nimble_8631/githubcom_euantoranoserialnim/src/serial/private
  create directory /tmp/nimble_8631/githubcom_euantoranoserialnim/src/serial/private/ffi
  create directory /tmp/nimble_8631/githubcom_euantoranoserialnim/src/serial/private/serialport
  create directory /tmp/nimble_8631/githubcom_euantoranoserialnim/src/serial/private/utils
  rename /tmp/nimble_8631/githubcom_euantoranoserialnim/.git/index.lock to index
  create directory /tmp
  create directory /tmp/nimblecache
  create directory /tmp/nimblecache/serial_4050288670
  delete /tmp/nimblecache/serial_4050288670/serial.ini
  delete /tmp/nimble_8631.out
  delete /tmp/nimble_8631/githubcom_euantoranoserialnim/serial_8631.nims
  create directory /home
  create directory /home/runner
  create directory /home/runner/.nimble
  create directory /home/runner/.nimble/pkgs
  create directory /home/runner/.nimble/pkgs/serial-1.1.4
  create directory /home
  create directory /home/runner
  create directory /home/runner/.nimble
  create directory /home/runner/.nimble/pkgs
  create directory /home/runner/.nimble/pkgs/serial-1.1.4
  create directory /home/runner/.nimble/pkgs/serial-1.1.4/serial
  change permissions of /home/runner/.nimble/pkgs/serial-1.1.4/serial/serialport.nim to rw-r--r--
  create directory /home
  create directory /home/runner
  create directory /home/runner/.nimble
  create directory /home/runner/.nimble/pkgs
  create directory /home/runner/.nimble/pkgs/serial-1.1.4
  create directory /home/runner/.nimble/pkgs/serial-1.1.4/serial
  change permissions of /home/runner/.nimble/pkgs/serial-1.1.4/serial/serialstream.nim to rw-r--r--
  create directory /home
  create directory /home/runner
  create directory /home/runner/.nimble
  create directory /home/runner/.nimble/pkgs
  create directory /home/runner/.nimble/pkgs/serial-1.1.4
  create directory /home/runner/.nimble/pkgs/serial-1.1.4/serial
  create directory /home/runner/.nimble/pkgs/serial-1.1.4/serial/private
  create directory /home/runner/.nimble/pkgs/serial-1.1.4/serial/private/serialport
  change permissions of /home/runner/.nimble/pkgs/serial-1.1.4/serial/private/serialport/serialport_posix.nim to rw-r--r--
  create directory /home
  create directory /home/runner
  create directory /home/runner/.nimble
  create directory /home/runner/.nimble/pkgs
  create directory /home/runner/.nimble/pkgs/serial-1.1.4
  create directory /home/runner/.nimble/pkgs/serial-1.1.4/serial
  create directory /home/runner/.nimble/pkgs/serial-1.1.4/serial/private
  create directory /home/runner/.nimble/pkgs/serial-1.1.4/serial/private/serialport
  change permissions of /home/runner/.nimble/pkgs/serial-1.1.4/serial/private/serialport/serialport_common.nim to rw-r--r--
  create directory /home
  create directory /home/runner
  create directory /home/runner/.nimble
  create directory /home/runner/.nimble/pkgs
  create directory /home/runner/.nimble/pkgs/serial-1.1.4
  create directory /home/runner/.nimble/pkgs/serial-1.1.4/serial
  create directory /home/runner/.nimble/pkgs/serial-1.1.4/serial/private
  create directory /home/runner/.nimble/pkgs/serial-1.1.4/serial/private/serialport
  change permissions of /home/runner/.nimble/pkgs/serial-1.1.4/serial/private/serialport/serialport_windows.nim to rw-r--r--
  create directory /home
  create directory /home/runner
  create directory /home/runner/.nimble
  create directory /home/runner/.nimble/pkgs
  create directory /home/runner/.nimble/pkgs/serial-1.1.4
  create directory /home/runner/.nimble/pkgs/serial-1.1.4/serial
  create directory /home/runner/.nimble/pkgs/serial-1.1.4/serial/private
  create directory /home/runner/.nimble/pkgs/serial-1.1.4/serial/private/ffi
  change permissions of /home/runner/.nimble/pkgs/serial-1.1.4/serial/private/ffi/ffi_windows.nim to rw-r--r--
  create directory /home
  create directory /home/runner
  create directory /home/runner/.nimble
  create directory /home/runner/.nimble/pkgs
  create directory /home/runner/.nimble/pkgs/serial-1.1.4
  create directory /home/runner/.nimble/pkgs/serial-1.1.4/serial
  create directory /home/runner/.nimble/pkgs/serial-1.1.4/serial/private
  create directory /home/runner/.nimble/pkgs/serial-1.1.4/serial/private/utils
  change permissions of /home/runner/.nimble/pkgs/serial-1.1.4/serial/private/utils/windows_registry.nim to rw-r--r--
  create directory /home
  create directory /home/runner
  create directory /home/runner/.nimble
  create directory /home/runner/.nimble/pkgs
  create directory /home/runner/.nimble/pkgs/serial-1.1.4
  create directory /home/runner/.nimble/pkgs/serial-1.1.4/serial
  create directory /home/runner/.nimble/pkgs/serial-1.1.4/serial/private
  create directory /home/runner/.nimble/pkgs/serial-1.1.4/serial/private/utils
  change permissions of /home/runner/.nimble/pkgs/serial-1.1.4/serial/private/utils/list_serialports_posix.nim to rw-r--r--
  create directory /home
  create directory /home/runner
  create directory /home/runner/.nimble
  create directory /home/runner/.nimble/pkgs
  create directory /home/runner/.nimble/pkgs/serial-1.1.4
  create directory /home/runner/.nimble/pkgs/serial-1.1.4/serial
  create directory /home/runner/.nimble/pkgs/serial-1.1.4/serial/private
  create directory /home/runner/.nimble/pkgs/serial-1.1.4/serial/private/utils
  change permissions of /home/runner/.nimble/pkgs/serial-1.1.4/serial/private/utils/list_serialports_mac.nim to rw-r--r--
  create directory /home
  create directory /home/runner
  create directory /home/runner/.nimble
  create directory /home/runner/.nimble/pkgs
  create directory /home/runner/.nimble/pkgs/serial-1.1.4
  create directory /home/runner/.nimble/pkgs/serial-1.1.4/serial
  create directory /home/runner/.nimble/pkgs/serial-1.1.4/serial/private
  create directory /home/runner/.nimble/pkgs/serial-1.1.4/serial/private/utils
  change permissions of /home/runner/.nimble/pkgs/serial-1.1.4/serial/private/utils/list_serialports_windows.nim to rw-r--r--
  create directory /home
  create directory /home/runner
  create directory /home/runner/.nimble
  create directory /home/runner/.nimble/pkgs
  create directory /home/runner/.nimble/pkgs/serial-1.1.4
  create directory /home/runner/.nimble/pkgs/serial-1.1.4/serial
  create directory /home/runner/.nimble/pkgs/serial-1.1.4/serial/private
  create directory /home/runner/.nimble/pkgs/serial-1.1.4/serial/private/utils
  change permissions of /home/runner/.nimble/pkgs/serial-1.1.4/serial/private/utils/list_serialports_linux.nim to rw-r--r--
  create directory /home
  create directory /home/runner
  create directory /home/runner/.nimble
  create directory /home/runner/.nimble/pkgs
  create directory /home/runner/.nimble/pkgs/serial-1.1.4
  create directory /home/runner/.nimble/pkgs/serial-1.1.4/serial
  change permissions of /home/runner/.nimble/pkgs/serial-1.1.4/serial/utils.nim to rw-r--r--
  create directory /home
  create directory /home/runner
  create directory /home/runner/.nimble
  create directory /home/runner/.nimble/pkgs
  create directory /home/runner/.nimble/pkgs/serial-1.1.4
  change permissions of /home/runner/.nimble/pkgs/serial-1.1.4/serial.nim to rw-r--r--
  change permissions of /home/runner/.nimble/pkgs/serial-1.1.4/serial.nimble to rw-r--r--
  create directory /tmp
  create directory /tmp/nimblecache
  create directory /tmp/nimblecache/serial_1468873235
  delete /tmp/nimblecache/serial_1468873235/serial.ini
  delete /tmp/nimble_8631.out
  delete /home/runner/.nimble/pkgs/serial-1.1.4/serial_8631.nims
  delete /tmp/nimble_8631/githubcom_euantoranoserialnim/serial.nimble
  delete /tmp/nimble_8631/githubcom_euantoranoserialnim/examples/async_reader.nim
  delete /tmp/nimble_8631/githubcom_euantoranoserialnim/examples/writer.nim
  delete /tmp/nimble_8631/githubcom_euantoranoserialnim/examples/async_reader_writer.nim
  delete /tmp/nimble_8631/githubcom_euantoranoserialnim/examples/async_writer.nim
  delete /tmp/nimble_8631/githubcom_euantoranoserialnim/examples/reader.nim
  delete /tmp/nimble_8631/githubcom_euantoranoserialnim/examples/nim.cfg
  delete /tmp/nimble_8631/githubcom_euantoranoserialnim/examples
  delete /tmp/nimble_8631/githubcom_euantoranoserialnim/README.md
  delete /tmp/nimble_8631/githubcom_euantoranoserialnim/.git/refs/heads
  delete /tmp/nimble_8631/githubcom_euantoranoserialnim/.git/refs/tags
  delete /tmp/nimble_8631/githubcom_euantoranoserialnim/.git/refs
  delete /tmp/nimble_8631/githubcom_euantoranoserialnim/.git/config
  delete /tmp/nimble_8631/githubcom_euantoranoserialnim/.git/logs/HEAD
  delete /tmp/nimble_8631/githubcom_euantoranoserialnim/.git/logs
  delete /tmp/nimble_8631/githubcom_euantoranoserialnim/.git/packed-refs
  delete /tmp/nimble_8631/githubcom_euantoranoserialnim/.git/HEAD
  delete /tmp/nimble_8631/githubcom_euantoranoserialnim/.git/description
  delete /tmp/nimble_8631/githubcom_euantoranoserialnim/.git/hooks/fsmonitor-watchman.sample
  delete /tmp/nimble_8631/githubcom_euantoranoserialnim/.git/hooks/pre-commit.sample
  delete /tmp/nimble_8631/githubcom_euantoranoserialnim/.git/hooks/applypatch-msg.sample
  delete /tmp/nimble_8631/githubcom_euantoranoserialnim/.git/hooks/pre-rebase.sample
  delete /tmp/nimble_8631/githubcom_euantoranoserialnim/.git/hooks/update.sample
  delete /tmp/nimble_8631/githubcom_euantoranoserialnim/.git/hooks/pre-push.sample
  delete /tmp/nimble_8631/githubcom_euantoranoserialnim/.git/hooks/pre-receive.sample
  delete /tmp/nimble_8631/githubcom_euantoranoserialnim/.git/hooks/pre-applypatch.sample
  delete /tmp/nimble_8631/githubcom_euantoranoserialnim/.git/hooks/post-update.sample
  delete /tmp/nimble_8631/githubcom_euantoranoserialnim/.git/hooks/prepare-commit-msg.sample
  delete /tmp/nimble_8631/githubcom_euantoranoserialnim/.git/hooks/commit-msg.sample
  delete /tmp/nimble_8631/githubcom_euantoranoserialnim/.git/hooks/pre-merge-commit.sample
  delete /tmp/nimble_8631/githubcom_euantoranoserialnim/.git/hooks
  delete /tmp/nimble_8631/githubcom_euantoranoserialnim/.git/objects/pack/pack-bb28146365432c5bb7ee9025d9c73c56f8c06884.pack
  delete /tmp/nimble_8631/githubcom_euantoranoserialnim/.git/objects/pack/pack-bb28146365432c5bb7ee9025d9c73c56f8c06884.idx
  delete /tmp/nimble_8631/githubcom_euantoranoserialnim/.git/objects/pack
  delete /tmp/nimble_8631/githubcom_euantoranoserialnim/.git/objects/info
  delete /tmp/nimble_8631/githubcom_euantoranoserialnim/.git/objects
  delete /tmp/nimble_8631/githubcom_euantoranoserialnim/.git/branches
  delete /tmp/nimble_8631/githubcom_euantoranoserialnim/.git/index
  delete /tmp/nimble_8631/githubcom_euantoranoserialnim/.git/info/exclude
  delete /tmp/nimble_8631/githubcom_euantoranoserialnim/.git/info
  delete /tmp/nimble_8631/githubcom_euantoranoserialnim/.git/shallow
  delete /tmp/nimble_8631/githubcom_euantoranoserialnim/.git
  delete /tmp/nimble_8631/githubcom_euantoranoserialnim/.gitattributes
  delete /tmp/nimble_8631/githubcom_euantoranoserialnim/.gitignore
  delete /tmp/nimble_8631/githubcom_euantoranoserialnim/LICENSE
  delete /tmp/nimble_8631/githubcom_euantoranoserialnim/src/serial/serialport.nim
  delete /tmp/nimble_8631/githubcom_euantoranoserialnim/src/serial/serialstream.nim
  delete /tmp/nimble_8631/githubcom_euantoranoserialnim/src/serial/private/serialport/serialport_posix.nim
  delete /tmp/nimble_8631/githubcom_euantoranoserialnim/src/serial/private/serialport/serialport_common.nim
  delete /tmp/nimble_8631/githubcom_euantoranoserialnim/src/serial/private/serialport/serialport_windows.nim
  delete /tmp/nimble_8631/githubcom_euantoranoserialnim/src/serial/private/serialport
  delete /tmp/nimble_8631/githubcom_euantoranoserialnim/src/serial/private/ffi/ffi_windows.nim
  delete /tmp/nimble_8631/githubcom_euantoranoserialnim/src/serial/private/ffi
  delete /tmp/nimble_8631/githubcom_euantoranoserialnim/src/serial/private/utils/windows_registry.nim
  delete /tmp/nimble_8631/githubcom_euantoranoserialnim/src/serial/private/utils/list_serialports_posix.nim
  delete /tmp/nimble_8631/githubcom_euantoranoserialnim/src/serial/private/utils/list_serialports_mac.nim
  delete /tmp/nimble_8631/githubcom_euantoranoserialnim/src/serial/private/utils/list_serialports_windows.nim
  delete /tmp/nimble_8631/githubcom_euantoranoserialnim/src/serial/private/utils/list_serialports_linux.nim
  delete /tmp/nimble_8631/githubcom_euantoranoserialnim/src/serial/private/utils
  delete /tmp/nimble_8631/githubcom_euantoranoserialnim/src/serial/private
  delete /tmp/nimble_8631/githubcom_euantoranoserialnim/src/serial/utils.nim
  delete /tmp/nimble_8631/githubcom_euantoranoserialnim/src/serial
  delete /tmp/nimble_8631/githubcom_euantoranoserialnim/src/serial.nim
  delete /tmp/nimble_8631/githubcom_euantoranoserialnim/src
  delete /tmp/nimble_8631/githubcom_euantoranoserialnim/.editorconfig
  delete /tmp/nimble_8631/githubcom_euantoranoserialnim
  delete /tmp/nimble_8631
