      Info: Package cache path /home/runner/.nimble/pkgcache
     Info:  Nimble data file "/home/runner/.nimble/nimbledata2.json" has been loaded.
    Reading official package list
Downloading https://github.com/roger-padrell/serverly using git
    Cloning latest tagged version: v1.0.0
open('/workspace/destdir/ssl/openssl.cnf', 32768, 0x00000000000001b6)
open('/home/runner/.config/nimble/nimble.ini', 557056, 0x00000000000001b6)
open('/home/runner/.config/babel/babel.ini', 557056, 0x00000000000001b6)
writev(1, 0x00007ffd26e09b20, 2)
open('/home/runner/.nimble/nimbledata2.json', 557056, 0x00000000000001b6)
writev(1, 0x00007ffd26e09bf0, 2)
writev(1, 0x00007fffa4d5a200, 2)
writev(1, 0x00007fffa4d5a290, 2)
writev(1, 0x00007fffa4d5a290, 2)
writev(1, 0x00007fffa4d5a290, 2)
writev(1, 0x00007ffd26e08620, 2)
open('/home/runner/.nimble/packages_official.json', 557056, 0x00000000000001b6)
mkdir('/home/', 0x00000000000001ff)
mkdir('/home/runner/', 0x00000000000001ff)
mkdir('/home/runner/.nimble/', 0x00000000000001ff)
mkdir('/home/runner/.nimble/pkgcache/', 0x00000000000001ff)
mkdir('/home/runner/.nimble/pkgcache/githubcom_rogerpadrellserverly', 0x00000000000001ff)
open('/home/runner/.nimble/pkgcache/githubcom_rogerpadrellserverly', 622592, 0x0000000000000000)
writev(1, 0x00007ffd26e08660, 2)
open('/home/runner/.nimble/pkgcache/githubcom_rogerpadrellserverly', 622592, 0x0000000000000000)
rmdir('/home/runner/.nimble/pkgcache/githubcom_rogerpadrellserverly')
writev(1, 0x00007ffd26e08550, 2)
mkdir(93993410795536, 0x00000000000001ff)
Error tracing process: readBytes(0x0000557c8bdc9810, 256) error: [Errno 5] Input/output error.
