      Info: Package cache path /home/runner/.nimble/pkgcache
     Info:  Nimble data file "/home/runner/.nimble/nimbledata2.json" has been loaded.
    Reading official package list
Downloading https://github.com/fowlmouth/nimrod-sfml using git
   Warning: The package has no tagged releases, downloading HEAD instead.
open('/workspace/destdir/ssl/openssl.cnf', 32768, 0x00000000000001b6)
open('/home/runner/.config/nimble/nimble.ini', 557056, 0x00000000000001b6)
open('/home/runner/.config/babel/babel.ini', 557056, 0x00000000000001b6)
writev(1, 0x00007ffec491f360, 2)
open('/home/runner/.nimble/nimbledata2.json', 557056, 0x00000000000001b6)
writev(1, 0x00007ffec491f430, 2)
writev(1, 0x00007fffcad21c20, 2)
writev(1, 0x00007fffcad21cb0, 2)
writev(1, 0x00007fffcad21cb0, 2)
writev(1, 0x00007fffcad21cb0, 2)
writev(1, 0x00007ffec491de60, 2)
open('/home/runner/.nimble/packages_official.json', 557056, 0x00000000000001b6)
mkdir('/home/', 0x00000000000001ff)
mkdir('/home/runner/', 0x00000000000001ff)
mkdir('/home/runner/.nimble/', 0x00000000000001ff)
mkdir('/home/runner/.nimble/pkgcache/', 0x00000000000001ff)
mkdir('/home/runner/.nimble/pkgcache/githubcom_fowlmouthnimrodsfml', 0x00000000000001ff)
open('/home/runner/.nimble/pkgcache/githubcom_fowlmouthnimrodsfml', 622592, 0x0000000000000000)
writev(1, 0x00007ffec491dea0, 2)
open('/home/runner/.nimble/pkgcache/githubcom_fowlmouthnimrodsfml', 622592, 0x0000000000000000)
rmdir('/home/runner/.nimble/pkgcache/githubcom_fowlmouthnimrodsfml')
writev(1, 0x00007ffec491dd90, 2)
mkdir(94843856820160, 0x00000000000001ff)
Error tracing process: readBytes(0x000056428e6517c0, 256) error: [Errno 5] Input/output error.
