    Reading official package list
Downloading https://github.com/CORDEA/sha1ext using git
    Cloning latest tagged version: v0.1.1
       Info /tmp/nimble_10855/githubcom_CORDEAsha1ext/sha1ext_10855.nims(1, 8) Warning: imported and not used: 'system' [UnusedImport]
        ... /tmp/nimble_10855/githubcom_CORDEAsha1ext/sha1ext_10855.nims(5, 22) Warning: imported and not used: 'strutils' [UnusedImport]
  Verifying dependencies for sha1ext@0.1.1
 Installing sha1ext@0.1.1
    Copying file /tmp/nimble_10855/githubcom_CORDEAsha1ext/src/sha1ext.nim to /home/runner/.nimble/pkgs/sha1ext-0.1.1/sha1ext.nim
    Copying file /tmp/nimble_10855/githubcom_CORDEAsha1ext/sha1ext.nimble to /home/runner/.nimble/pkgs/sha1ext-0.1.1/sha1ext.nimble
   Success: sha1ext installed successfully.
       Info /home/runner/.nimble/pkgs/sha1ext-0.1.1/sha1ext_10855.nims(1, 8) Warning: imported and not used: 'system' [UnusedImport]
        ... /home/runner/.nimble/pkgs/sha1ext-0.1.1/sha1ext_10855.nims(5, 22) Warning: imported and not used: 'strutils' [UnusedImport]
mkdir('/tmp', 0x00000000000001ff)
mkdir('/tmp/nimble_10855', 0x00000000000001ff)
mkdir('/tmp/nimble_10855/githubcom_CORDEAsha1ext', 0x00000000000001ff)
rmdir('/tmp/nimble_10855/githubcom_CORDEAsha1ext')
mkdir('/tmp/nimble_10855/githubcom_CORDEAsha1ext', 0x00000000000001ff)
mkdir('/tmp/nimble_10855/githubcom_CORDEAsha1ext/.git', 0x00000000000001ff)
mkdir('/tmp/nimble_10855/githubcom_CORDEAsha1ext/.git/', 0x00000000000001ff)
mkdir('/tmp/nimble_10855/githubcom_CORDEAsha1ext/.git/hooks/', 0x00000000000001ff)
mkdir('/tmp/nimble_10855/githubcom_CORDEAsha1ext/.git/branches/', 0x00000000000001ff)
mkdir('/tmp/nimble_10855/githubcom_CORDEAsha1ext/.git/info/', 0x00000000000001ff)
mkdir('/tmp/nimble_10855/githubcom_CORDEAsha1ext/.git/refs', 0x00000000000001ff)
mkdir('/tmp/nimble_10855/githubcom_CORDEAsha1ext/.git/refs/heads', 0x00000000000001ff)
mkdir('/tmp/nimble_10855/githubcom_CORDEAsha1ext/.git/refs/tags', 0x00000000000001ff)
rename('/tmp/nimble_10855/githubcom_CORDEAsha1ext/.git/HEAD.lock', '/tmp/nimble_10855/githubcom_CORDEAsha1ext/.git/HEAD')
rename('/tmp/nimble_10855/githubcom_CORDEAsha1ext/.git/config.lock', '/tmp/nimble_10855/githubcom_CORDEAsha1ext/.git/config')
chmod('/tmp/nimble_10855/githubcom_CORDEAsha1ext/.git/config', 0x00000000000081e4)
chmod('/tmp/nimble_10855/githubcom_CORDEAsha1ext/.git/config', 0x00000000000081a4)
chmod('/tmp/nimble_10855/githubcom_CORDEAsha1ext/.git/config.lock', 0x00000000000001a4)
rename('/tmp/nimble_10855/githubcom_CORDEAsha1ext/.git/config.lock', '/tmp/nimble_10855/githubcom_CORDEAsha1ext/.git/config')
chmod('/tmp/nimble_10855/githubcom_CORDEAsha1ext/.git/config.lock', 0x00000000000001a4)
rename('/tmp/nimble_10855/githubcom_CORDEAsha1ext/.git/config.lock', '/tmp/nimble_10855/githubcom_CORDEAsha1ext/.git/config')
chmod('/tmp/nimble_10855/githubcom_CORDEAsha1ext/.git/config.lock', 0x00000000000001a4)
rename('/tmp/nimble_10855/githubcom_CORDEAsha1ext/.git/config.lock', '/tmp/nimble_10855/githubcom_CORDEAsha1ext/.git/config')
unlink('/tmp/nimble_10855/githubcom_CORDEAsha1ext/.git/twiqhQo')
symlink('testing', '/tmp/nimble_10855/githubcom_CORDEAsha1ext/.git/twiqhQo')
unlink('/tmp/nimble_10855/githubcom_CORDEAsha1ext/.git/twiqhQo')
mkdir('/tmp/nimble_10855/githubcom_CORDEAsha1ext/.git/objects', 0x00000000000001ff)
mkdir('/tmp/nimble_10855/githubcom_CORDEAsha1ext/.git/objects/pack', 0x00000000000001ff)
mkdir('/tmp/nimble_10855/githubcom_CORDEAsha1ext/.git/objects/info', 0x00000000000001ff)
chmod('/tmp/nimble_10855/githubcom_CORDEAsha1ext/.git/config.lock', 0x00000000000001a4)
rename('/tmp/nimble_10855/githubcom_CORDEAsha1ext/.git/config.lock', '/tmp/nimble_10855/githubcom_CORDEAsha1ext/.git/config')
chmod('/tmp/nimble_10855/githubcom_CORDEAsha1ext/.git/config.lock', 0x00000000000001a4)
rename('/tmp/nimble_10855/githubcom_CORDEAsha1ext/.git/config.lock', '/tmp/nimble_10855/githubcom_CORDEAsha1ext/.git/config')
chmod('/tmp/nimble_10855/githubcom_CORDEAsha1ext/.git/config.lock', 0x00000000000001a4)
rename('/tmp/nimble_10855/githubcom_CORDEAsha1ext/.git/config.lock', '/tmp/nimble_10855/githubcom_CORDEAsha1ext/.git/config')
link('/tmp/nimble_10855/githubcom_CORDEAsha1ext/.git/objects/pack/tmp_pack_QmMmlE', '/tmp/nimble_10855/githubcom_CORDEAsha1ext/.git/objects/pack/pack-1d5e9f1810d464682ef828b9a9b125d510506994.pack')
unlink('/tmp/nimble_10855/githubcom_CORDEAsha1ext/.git/objects/pack/tmp_pack_QmMmlE')
link('/tmp/nimble_10855/githubcom_CORDEAsha1ext/.git/objects/pack/tmp_idx_KlzXNF', '/tmp/nimble_10855/githubcom_CORDEAsha1ext/.git/objects/pack/pack-1d5e9f1810d464682ef828b9a9b125d510506994.idx')
unlink('/tmp/nimble_10855/githubcom_CORDEAsha1ext/.git/objects/pack/tmp_idx_KlzXNF')
rename('/tmp/nimble_10855/githubcom_CORDEAsha1ext/.git/shallow.lock', '/tmp/nimble_10855/githubcom_CORDEAsha1ext/.git/shallow')
rename('/tmp/nimble_10855/githubcom_CORDEAsha1ext/.git/packed-refs.new', '/tmp/nimble_10855/githubcom_CORDEAsha1ext/.git/packed-refs')
unlink('/tmp/nimble_10855/githubcom_CORDEAsha1ext/.git/packed-refs.lock')
unlink('/tmp/nimble_10855/githubcom_CORDEAsha1ext/.git/refs/tags/v0.1.1.lock')
mkdir('/tmp/nimble_10855/githubcom_CORDEAsha1ext/.git/logs', 0x00000000000001ff)
rename('/tmp/nimble_10855/githubcom_CORDEAsha1ext/.git/HEAD.lock', '/tmp/nimble_10855/githubcom_CORDEAsha1ext/.git/HEAD')
unlink('/tmp/nimble_10855/githubcom_CORDEAsha1ext/.git/objects/pack/pack-1d5e9f1810d464682ef828b9a9b125d510506994.keep')
mkdir('.travis', 0x00000000000001ff)
mkdir('examples', 0x00000000000001ff)
mkdir('src', 0x00000000000001ff)
mkdir('tests', 0x00000000000001ff)
rename('/tmp/nimble_10855/githubcom_CORDEAsha1ext/.git/index.lock', '/tmp/nimble_10855/githubcom_CORDEAsha1ext/.git/index')
mkdir('/tmp', 0x00000000000001ff)
mkdir('/tmp/nimblecache', 0x00000000000001ff)
mkdir('/tmp/nimblecache/sha1ext_1314149819', 0x00000000000001ff)
unlink('/tmp/nimblecache/sha1ext_1314149819/sha1ext.ini')
unlink('/tmp/nimble_10855.out')
unlink('/tmp/nimble_10855/githubcom_CORDEAsha1ext/sha1ext_10855.nims')
mkdir('/home', 0x00000000000001ff)
mkdir('/home/runner', 0x00000000000001ff)
mkdir('/home/runner/.nimble', 0x00000000000001ff)
mkdir('/home/runner/.nimble/pkgs', 0x00000000000001ff)
mkdir('/home/runner/.nimble/pkgs/sha1ext-0.1.1', 0x00000000000001ff)
mkdir('/home', 0x00000000000001ff)
mkdir('/home/runner', 0x00000000000001ff)
mkdir('/home/runner/.nimble', 0x00000000000001ff)
mkdir('/home/runner/.nimble/pkgs', 0x00000000000001ff)
mkdir('/home/runner/.nimble/pkgs/sha1ext-0.1.1', 0x00000000000001ff)
chmod('/home/runner/.nimble/pkgs/sha1ext-0.1.1/sha1ext.nim', 0x00000000000001a4)
chmod('/home/runner/.nimble/pkgs/sha1ext-0.1.1/sha1ext.nimble', 0x00000000000001a4)
mkdir('/tmp', 0x00000000000001ff)
mkdir('/tmp/nimblecache', 0x00000000000001ff)
mkdir('/tmp/nimblecache/sha1ext_431731590', 0x00000000000001ff)
unlink('/tmp/nimblecache/sha1ext_431731590/sha1ext.ini')
unlink('/tmp/nimble_10855.out')
unlink('/home/runner/.nimble/pkgs/sha1ext-0.1.1/sha1ext_10855.nims')
unlink('/tmp/nimble_10855/githubcom_CORDEAsha1ext/.travis.yml')
unlink('/tmp/nimble_10855/githubcom_CORDEAsha1ext/examples/example.nim')
rmdir('/tmp/nimble_10855/githubcom_CORDEAsha1ext/examples')
unlink('/tmp/nimble_10855/githubcom_CORDEAsha1ext/tests/tsha1ext.nim')
rmdir('/tmp/nimble_10855/githubcom_CORDEAsha1ext/tests')
unlink('/tmp/nimble_10855/githubcom_CORDEAsha1ext/README.md')
rmdir('/tmp/nimble_10855/githubcom_CORDEAsha1ext/.git/refs/heads')
rmdir('/tmp/nimble_10855/githubcom_CORDEAsha1ext/.git/refs/tags')
rmdir('/tmp/nimble_10855/githubcom_CORDEAsha1ext/.git/refs')
unlink('/tmp/nimble_10855/githubcom_CORDEAsha1ext/.git/config')
unlink('/tmp/nimble_10855/githubcom_CORDEAsha1ext/.git/logs/HEAD')
rmdir('/tmp/nimble_10855/githubcom_CORDEAsha1ext/.git/logs')
unlink('/tmp/nimble_10855/githubcom_CORDEAsha1ext/.git/packed-refs')
unlink('/tmp/nimble_10855/githubcom_CORDEAsha1ext/.git/HEAD')
unlink('/tmp/nimble_10855/githubcom_CORDEAsha1ext/.git/description')
unlink('/tmp/nimble_10855/githubcom_CORDEAsha1ext/.git/hooks/fsmonitor-watchman.sample')
unlink('/tmp/nimble_10855/githubcom_CORDEAsha1ext/.git/hooks/pre-commit.sample')
unlink('/tmp/nimble_10855/githubcom_CORDEAsha1ext/.git/hooks/applypatch-msg.sample')
unlink('/tmp/nimble_10855/githubcom_CORDEAsha1ext/.git/hooks/pre-rebase.sample')
unlink('/tmp/nimble_10855/githubcom_CORDEAsha1ext/.git/hooks/update.sample')
unlink('/tmp/nimble_10855/githubcom_CORDEAsha1ext/.git/hooks/pre-push.sample')
unlink('/tmp/nimble_10855/githubcom_CORDEAsha1ext/.git/hooks/pre-receive.sample')
unlink('/tmp/nimble_10855/githubcom_CORDEAsha1ext/.git/hooks/pre-applypatch.sample')
unlink('/tmp/nimble_10855/githubcom_CORDEAsha1ext/.git/hooks/post-update.sample')
unlink('/tmp/nimble_10855/githubcom_CORDEAsha1ext/.git/hooks/prepare-commit-msg.sample')
unlink('/tmp/nimble_10855/githubcom_CORDEAsha1ext/.git/hooks/commit-msg.sample')
unlink('/tmp/nimble_10855/githubcom_CORDEAsha1ext/.git/hooks/pre-merge-commit.sample')
rmdir('/tmp/nimble_10855/githubcom_CORDEAsha1ext/.git/hooks')
unlink('/tmp/nimble_10855/githubcom_CORDEAsha1ext/.git/objects/pack/pack-1d5e9f1810d464682ef828b9a9b125d510506994.pack')
unlink('/tmp/nimble_10855/githubcom_CORDEAsha1ext/.git/objects/pack/pack-1d5e9f1810d464682ef828b9a9b125d510506994.idx')
rmdir('/tmp/nimble_10855/githubcom_CORDEAsha1ext/.git/objects/pack')
rmdir('/tmp/nimble_10855/githubcom_CORDEAsha1ext/.git/objects/info')
rmdir('/tmp/nimble_10855/githubcom_CORDEAsha1ext/.git/objects')
rmdir('/tmp/nimble_10855/githubcom_CORDEAsha1ext/.git/branches')
unlink('/tmp/nimble_10855/githubcom_CORDEAsha1ext/.git/index')
unlink('/tmp/nimble_10855/githubcom_CORDEAsha1ext/.git/info/exclude')
rmdir('/tmp/nimble_10855/githubcom_CORDEAsha1ext/.git/info')
unlink('/tmp/nimble_10855/githubcom_CORDEAsha1ext/.git/shallow')
rmdir('/tmp/nimble_10855/githubcom_CORDEAsha1ext/.git')
unlink('/tmp/nimble_10855/githubcom_CORDEAsha1ext/sha1ext.nimble')
unlink('/tmp/nimble_10855/githubcom_CORDEAsha1ext/.travis/install.sh')
rmdir('/tmp/nimble_10855/githubcom_CORDEAsha1ext/.travis')
unlink('/tmp/nimble_10855/githubcom_CORDEAsha1ext/.gitignore')
unlink('/tmp/nimble_10855/githubcom_CORDEAsha1ext/LICENSE')
unlink('/tmp/nimble_10855/githubcom_CORDEAsha1ext/src/sha1ext.nim')
rmdir('/tmp/nimble_10855/githubcom_CORDEAsha1ext/src')
rmdir('/tmp/nimble_10855/githubcom_CORDEAsha1ext')
rmdir('/tmp/nimble_10855')
  create directory /tmp
  create directory /tmp/nimble_10855
  create directory /tmp/nimble_10855/githubcom_CORDEAsha1ext
  delete /tmp/nimble_10855/githubcom_CORDEAsha1ext
  create directory /tmp/nimble_10855/githubcom_CORDEAsha1ext
  create directory /tmp/nimble_10855/githubcom_CORDEAsha1ext/.git
  create directory /tmp/nimble_10855/githubcom_CORDEAsha1ext/.git
  create directory /tmp/nimble_10855/githubcom_CORDEAsha1ext/.git/hooks
  create directory /tmp/nimble_10855/githubcom_CORDEAsha1ext/.git/branches
  create directory /tmp/nimble_10855/githubcom_CORDEAsha1ext/.git/info
  create directory /tmp/nimble_10855/githubcom_CORDEAsha1ext/.git/refs
  create directory /tmp/nimble_10855/githubcom_CORDEAsha1ext/.git/refs/heads
  create directory /tmp/nimble_10855/githubcom_CORDEAsha1ext/.git/refs/tags
  rename /tmp/nimble_10855/githubcom_CORDEAsha1ext/.git/HEAD.lock to HEAD
  rename /tmp/nimble_10855/githubcom_CORDEAsha1ext/.git/config.lock to config
  change permissions of /tmp/nimble_10855/githubcom_CORDEAsha1ext/.git/config to rwxr--r--
  change permissions of /tmp/nimble_10855/githubcom_CORDEAsha1ext/.git/config to rw-r--r--
  change permissions of /tmp/nimble_10855/githubcom_CORDEAsha1ext/.git/config.lock to rw-r--r--
  rename /tmp/nimble_10855/githubcom_CORDEAsha1ext/.git/config.lock to config
  change permissions of /tmp/nimble_10855/githubcom_CORDEAsha1ext/.git/config.lock to rw-r--r--
  rename /tmp/nimble_10855/githubcom_CORDEAsha1ext/.git/config.lock to config
  change permissions of /tmp/nimble_10855/githubcom_CORDEAsha1ext/.git/config.lock to rw-r--r--
  rename /tmp/nimble_10855/githubcom_CORDEAsha1ext/.git/config.lock to config
  delete /tmp/nimble_10855/githubcom_CORDEAsha1ext/.git/twiqhQo
  create symbolic link from /tmp/nimble_10855/githubcom_CORDEAsha1ext/.git/twiqhQo to /home/runner/work/nim_packages_security_audit/nim_packages_security_audit/testing
  delete /tmp/nimble_10855/githubcom_CORDEAsha1ext/.git/twiqhQo
  create directory /tmp/nimble_10855/githubcom_CORDEAsha1ext/.git/objects
  create directory /tmp/nimble_10855/githubcom_CORDEAsha1ext/.git/objects/pack
  create directory /tmp/nimble_10855/githubcom_CORDEAsha1ext/.git/objects/info
  change permissions of /tmp/nimble_10855/githubcom_CORDEAsha1ext/.git/config.lock to rw-r--r--
  rename /tmp/nimble_10855/githubcom_CORDEAsha1ext/.git/config.lock to config
  change permissions of /tmp/nimble_10855/githubcom_CORDEAsha1ext/.git/config.lock to rw-r--r--
  rename /tmp/nimble_10855/githubcom_CORDEAsha1ext/.git/config.lock to config
  change permissions of /tmp/nimble_10855/githubcom_CORDEAsha1ext/.git/config.lock to rw-r--r--
  rename /tmp/nimble_10855/githubcom_CORDEAsha1ext/.git/config.lock to config
  create hard link from /tmp/nimble_10855/githubcom_CORDEAsha1ext/.git/objects/pack/pack-1d5e9f1810d464682ef828b9a9b125d510506994.pack to /tmp/nimble_10855/githubcom_CORDEAsha1ext/.git/objects/pack/tmp_pack_QmMmlE
  delete /tmp/nimble_10855/githubcom_CORDEAsha1ext/.git/objects/pack/tmp_pack_QmMmlE
  create hard link from /tmp/nimble_10855/githubcom_CORDEAsha1ext/.git/objects/pack/pack-1d5e9f1810d464682ef828b9a9b125d510506994.idx to /tmp/nimble_10855/githubcom_CORDEAsha1ext/.git/objects/pack/tmp_idx_KlzXNF
  delete /tmp/nimble_10855/githubcom_CORDEAsha1ext/.git/objects/pack/tmp_idx_KlzXNF
  rename /tmp/nimble_10855/githubcom_CORDEAsha1ext/.git/shallow.lock to shallow
  rename /tmp/nimble_10855/githubcom_CORDEAsha1ext/.git/packed-refs.new to packed-refs
  delete /tmp/nimble_10855/githubcom_CORDEAsha1ext/.git/packed-refs.lock
  delete /tmp/nimble_10855/githubcom_CORDEAsha1ext/.git/refs/tags/v0.1.1.lock
  create directory /tmp/nimble_10855/githubcom_CORDEAsha1ext/.git/logs
  rename /tmp/nimble_10855/githubcom_CORDEAsha1ext/.git/HEAD.lock to HEAD
  delete /tmp/nimble_10855/githubcom_CORDEAsha1ext/.git/objects/pack/pack-1d5e9f1810d464682ef828b9a9b125d510506994.keep
  create directory /tmp/nimble_10855/githubcom_CORDEAsha1ext/.travis
  create directory /tmp/nimble_10855/githubcom_CORDEAsha1ext/examples
  create directory /tmp/nimble_10855/githubcom_CORDEAsha1ext/src
  create directory /tmp/nimble_10855/githubcom_CORDEAsha1ext/tests
  rename /tmp/nimble_10855/githubcom_CORDEAsha1ext/.git/index.lock to index
  create directory /tmp
  create directory /tmp/nimblecache
  create directory /tmp/nimblecache/sha1ext_1314149819
  delete /tmp/nimblecache/sha1ext_1314149819/sha1ext.ini
  delete /tmp/nimble_10855.out
  delete /tmp/nimble_10855/githubcom_CORDEAsha1ext/sha1ext_10855.nims
  create directory /home
  create directory /home/runner
  create directory /home/runner/.nimble
  create directory /home/runner/.nimble/pkgs
  create directory /home/runner/.nimble/pkgs/sha1ext-0.1.1
  create directory /home
  create directory /home/runner
  create directory /home/runner/.nimble
  create directory /home/runner/.nimble/pkgs
  create directory /home/runner/.nimble/pkgs/sha1ext-0.1.1
  change permissions of /home/runner/.nimble/pkgs/sha1ext-0.1.1/sha1ext.nim to rw-r--r--
  change permissions of /home/runner/.nimble/pkgs/sha1ext-0.1.1/sha1ext.nimble to rw-r--r--
  create directory /tmp
  create directory /tmp/nimblecache
  create directory /tmp/nimblecache/sha1ext_431731590
  delete /tmp/nimblecache/sha1ext_431731590/sha1ext.ini
  delete /tmp/nimble_10855.out
  delete /home/runner/.nimble/pkgs/sha1ext-0.1.1/sha1ext_10855.nims
  delete /tmp/nimble_10855/githubcom_CORDEAsha1ext/.travis.yml
  delete /tmp/nimble_10855/githubcom_CORDEAsha1ext/examples/example.nim
  delete /tmp/nimble_10855/githubcom_CORDEAsha1ext/examples
  delete /tmp/nimble_10855/githubcom_CORDEAsha1ext/tests/tsha1ext.nim
  delete /tmp/nimble_10855/githubcom_CORDEAsha1ext/tests
  delete /tmp/nimble_10855/githubcom_CORDEAsha1ext/README.md
  delete /tmp/nimble_10855/githubcom_CORDEAsha1ext/.git/refs/heads
  delete /tmp/nimble_10855/githubcom_CORDEAsha1ext/.git/refs/tags
  delete /tmp/nimble_10855/githubcom_CORDEAsha1ext/.git/refs
  delete /tmp/nimble_10855/githubcom_CORDEAsha1ext/.git/config
  delete /tmp/nimble_10855/githubcom_CORDEAsha1ext/.git/logs/HEAD
  delete /tmp/nimble_10855/githubcom_CORDEAsha1ext/.git/logs
  delete /tmp/nimble_10855/githubcom_CORDEAsha1ext/.git/packed-refs
  delete /tmp/nimble_10855/githubcom_CORDEAsha1ext/.git/HEAD
  delete /tmp/nimble_10855/githubcom_CORDEAsha1ext/.git/description
  delete /tmp/nimble_10855/githubcom_CORDEAsha1ext/.git/hooks/fsmonitor-watchman.sample
  delete /tmp/nimble_10855/githubcom_CORDEAsha1ext/.git/hooks/pre-commit.sample
  delete /tmp/nimble_10855/githubcom_CORDEAsha1ext/.git/hooks/applypatch-msg.sample
  delete /tmp/nimble_10855/githubcom_CORDEAsha1ext/.git/hooks/pre-rebase.sample
  delete /tmp/nimble_10855/githubcom_CORDEAsha1ext/.git/hooks/update.sample
  delete /tmp/nimble_10855/githubcom_CORDEAsha1ext/.git/hooks/pre-push.sample
  delete /tmp/nimble_10855/githubcom_CORDEAsha1ext/.git/hooks/pre-receive.sample
  delete /tmp/nimble_10855/githubcom_CORDEAsha1ext/.git/hooks/pre-applypatch.sample
  delete /tmp/nimble_10855/githubcom_CORDEAsha1ext/.git/hooks/post-update.sample
  delete /tmp/nimble_10855/githubcom_CORDEAsha1ext/.git/hooks/prepare-commit-msg.sample
  delete /tmp/nimble_10855/githubcom_CORDEAsha1ext/.git/hooks/commit-msg.sample
  delete /tmp/nimble_10855/githubcom_CORDEAsha1ext/.git/hooks/pre-merge-commit.sample
  delete /tmp/nimble_10855/githubcom_CORDEAsha1ext/.git/hooks
  delete /tmp/nimble_10855/githubcom_CORDEAsha1ext/.git/objects/pack/pack-1d5e9f1810d464682ef828b9a9b125d510506994.pack
  delete /tmp/nimble_10855/githubcom_CORDEAsha1ext/.git/objects/pack/pack-1d5e9f1810d464682ef828b9a9b125d510506994.idx
  delete /tmp/nimble_10855/githubcom_CORDEAsha1ext/.git/objects/pack
  delete /tmp/nimble_10855/githubcom_CORDEAsha1ext/.git/objects/info
  delete /tmp/nimble_10855/githubcom_CORDEAsha1ext/.git/objects
  delete /tmp/nimble_10855/githubcom_CORDEAsha1ext/.git/branches
  delete /tmp/nimble_10855/githubcom_CORDEAsha1ext/.git/index
  delete /tmp/nimble_10855/githubcom_CORDEAsha1ext/.git/info/exclude
  delete /tmp/nimble_10855/githubcom_CORDEAsha1ext/.git/info
  delete /tmp/nimble_10855/githubcom_CORDEAsha1ext/.git/shallow
  delete /tmp/nimble_10855/githubcom_CORDEAsha1ext/.git
  delete /tmp/nimble_10855/githubcom_CORDEAsha1ext/sha1ext.nimble
  delete /tmp/nimble_10855/githubcom_CORDEAsha1ext/.travis/install.sh
  delete /tmp/nimble_10855/githubcom_CORDEAsha1ext/.travis
  delete /tmp/nimble_10855/githubcom_CORDEAsha1ext/.gitignore
  delete /tmp/nimble_10855/githubcom_CORDEAsha1ext/LICENSE
  delete /tmp/nimble_10855/githubcom_CORDEAsha1ext/src/sha1ext.nim
  delete /tmp/nimble_10855/githubcom_CORDEAsha1ext/src
  delete /tmp/nimble_10855/githubcom_CORDEAsha1ext
  delete /tmp/nimble_10855
