      Info: Package cache path /home/runner/.nimble/pkgcache
     Info:  Nimble data file "/home/runner/.nimble/nimbledata2.json" has been loaded.
    Reading official package list
Downloading https://github.com/genotrance/shared using git
   Warning: The package has no tagged releases, downloading HEAD instead.
open('/workspace/destdir/ssl/openssl.cnf', 32768, 0x00000000000001b6)
open('/home/runner/.config/nimble/nimble.ini', 557056, 0x00000000000001b6)
open('/home/runner/.config/babel/babel.ini', 557056, 0x00000000000001b6)
writev(1, 0x00007ffcc24614e0, 2)
open('/home/runner/.nimble/nimbledata2.json', 557056, 0x00000000000001b6)
writev(1, 0x00007ffcc24615b0, 2)
writev(1, 0x00007ffd38fa7510, 2)
writev(1, 0x00007ffd38fa75a0, 2)
writev(1, 0x00007ffd38fa75a0, 2)
writev(1, 0x00007ffd38fa75a0, 2)
writev(1, 0x00007ffcc245ffe0, 2)
open('/home/runner/.nimble/packages_official.json', 557056, 0x00000000000001b6)
mkdir('/home/', 0x00000000000001ff)
mkdir('/home/runner/', 0x00000000000001ff)
mkdir('/home/runner/.nimble/', 0x00000000000001ff)
mkdir('/home/runner/.nimble/pkgcache/', 0x00000000000001ff)
mkdir('/home/runner/.nimble/pkgcache/githubcom_genotranceshared', 0x00000000000001ff)
open('/home/runner/.nimble/pkgcache/githubcom_genotranceshared', 622592, 0x0000000000000000)
writev(1, 0x00007ffcc2460020, 2)
open('/home/runner/.nimble/pkgcache/githubcom_genotranceshared', 622592, 0x0000000000000000)
rmdir('/home/runner/.nimble/pkgcache/githubcom_genotranceshared')
writev(1, 0x00007ffcc245ff10, 2)
mkdir(93833594189744, 0x00000000000001ff)
Error tracing process: readBytes(0x00005557560cb7b0, 256) error: [Errno 5] Input/output error.
