      Info: Package cache path /home/runner/.nimble/pkgcache
     Info:  Nimble data file "/home/runner/.nimble/nimbledata2.json" has been loaded.
    Reading official package list
Downloading https://github.com/sumatoshi/shiftfields using git
   Warning: The package has no tagged releases, downloading HEAD instead.
open('/workspace/destdir/ssl/openssl.cnf', 32768, 0x00000000000001b6)
open('/home/runner/.config/nimble/nimble.ini', 557056, 0x00000000000001b6)
open('/home/runner/.config/babel/babel.ini', 557056, 0x00000000000001b6)
writev(1, 0x00007fffe9977bb0, 2)
open('/home/runner/.nimble/nimbledata2.json', 557056, 0x00000000000001b6)
writev(1, 0x00007fffe9977c80, 2)
writev(1, 0x00007ffc3022fd70, 2)
writev(1, 0x00007ffc3022fe00, 2)
writev(1, 0x00007ffc3022fe00, 2)
writev(1, 0x00007ffc3022fe00, 2)
writev(1, 0x00007fffe9976660, 2)
open('/home/runner/.nimble/packages_official.json', 557056, 0x00000000000001b6)
mkdir('/home/', 0x00000000000001ff)
mkdir('/home/runner/', 0x00000000000001ff)
mkdir('/home/runner/.nimble/', 0x00000000000001ff)
mkdir('/home/runner/.nimble/pkgcache/', 0x00000000000001ff)
mkdir('/home/runner/.nimble/pkgcache/githubcom_sumatoshishiftfields', 0x00000000000001ff)
open('/home/runner/.nimble/pkgcache/githubcom_sumatoshishiftfields', 622592, 0x0000000000000000)
writev(1, 0x00007fffe9976740, 2)
open('/home/runner/.nimble/pkgcache/githubcom_sumatoshishiftfields', 622592, 0x0000000000000000)
rmdir('/home/runner/.nimble/pkgcache/githubcom_sumatoshishiftfields')
writev(1, 0x00007fffe9976630, 2)
mkdir(93905514621712, 0x00000000000001ff)
Error tracing process: readBytes(0x0000556814d76b10, 256) error: [Errno 5] Input/output error.
