      Info: Package cache path /home/runner/.nimble/pkgcache
     Info:  Nimble data file "/home/runner/.nimble/nimbledata2.json" has been loaded.
    Reading official package list
Downloading https://github.com/logavanc/shobiz using git
    Cloning latest tagged version: v1.1.0
open('/workspace/destdir/ssl/openssl.cnf', 32768, 0x00000000000001b6)
open('/home/runner/.config/nimble/nimble.ini', 557056, 0x00000000000001b6)
open('/home/runner/.config/babel/babel.ini', 557056, 0x00000000000001b6)
writev(1, 0x00007fff975d0630, 2)
open('/home/runner/.nimble/nimbledata2.json', 557056, 0x00000000000001b6)
writev(1, 0x00007fff975d0700, 2)
writev(1, 0x00007fffbf23c000, 2)
writev(1, 0x00007fffbf23c090, 2)
writev(1, 0x00007fffbf23c090, 2)
writev(1, 0x00007fffbf23c090, 2)
writev(1, 0x00007fff975cf130, 2)
open('/home/runner/.nimble/packages_official.json', 557056, 0x00000000000001b6)
mkdir('/home/', 0x00000000000001ff)
mkdir('/home/runner/', 0x00000000000001ff)
mkdir('/home/runner/.nimble/', 0x00000000000001ff)
mkdir('/home/runner/.nimble/pkgcache/', 0x00000000000001ff)
mkdir('/home/runner/.nimble/pkgcache/githubcom_logavancshobiz', 0x00000000000001ff)
open('/home/runner/.nimble/pkgcache/githubcom_logavancshobiz', 622592, 0x0000000000000000)
writev(1, 0x00007fff975cf170, 2)
open('/home/runner/.nimble/pkgcache/githubcom_logavancshobiz', 622592, 0x0000000000000000)
rmdir('/home/runner/.nimble/pkgcache/githubcom_logavancshobiz')
writev(1, 0x00007fff975cf060, 2)
mkdir(94920422901664, 0x00000000000001ff)
Error tracing process: readBytes(0x000056546216c7a0, 256) error: [Errno 5] Input/output error.
