    Reading official package list
Downloading https://github.com/nimlibs/simdX86 using git
       Info /tmp/nimble_11664/githubcom_nimlibssimdX86/simdX86_11664.nims(6, 8) Warning: import os.nim instead; ospaths is deprecated [Deprecated]
  Verifying dependencies for simdX86@0.1.0
 Installing simdX86@0.1.0
    Copying file /tmp/nimble_11664/githubcom_nimlibssimdX86/simdX86.nim to /home/runner/.nimble/pkgs/simdX86-0.1.0/simdX86.nim
    Copying file /tmp/nimble_11664/githubcom_nimlibssimdX86/simdX86/simdAvx.nim to /home/runner/.nimble/pkgs/simdX86-0.1.0/simdX86/simdAvx.nim
    Copying file /tmp/nimble_11664/githubcom_nimlibssimdX86/simdX86/simdSseIntrin.nim to /home/runner/.nimble/pkgs/simdX86-0.1.0/simdX86/simdSseIntrin.nim
    Copying file /tmp/nimble_11664/githubcom_nimlibssimdX86/simdX86/c2nimsrc/simdAvxGeneric.c2nim to /home/runner/.nimble/pkgs/simdX86-0.1.0/simdX86/c2nimsrc/simdAvxGeneric.c2nim
mkdir('/tmp', 0x00000000000001ff)
mkdir('/tmp/nimble_11664', 0x00000000000001ff)
mkdir('/tmp/nimble_11664/githubcom_nimlibssimdX86', 0x00000000000001ff)
rmdir('/tmp/nimble_11664/githubcom_nimlibssimdX86')
mkdir('/tmp/nimble_11664/githubcom_nimlibssimdX86', 0x00000000000001ff)
mkdir('/tmp/nimble_11664/githubcom_nimlibssimdX86/.git', 0x00000000000001ff)
mkdir('/tmp/nimble_11664/githubcom_nimlibssimdX86/.git/', 0x00000000000001ff)
mkdir('/tmp/nimble_11664/githubcom_nimlibssimdX86/.git/hooks/', 0x00000000000001ff)
mkdir('/tmp/nimble_11664/githubcom_nimlibssimdX86/.git/branches/', 0x00000000000001ff)
mkdir('/tmp/nimble_11664/githubcom_nimlibssimdX86/.git/info/', 0x00000000000001ff)
mkdir('/tmp/nimble_11664/githubcom_nimlibssimdX86/.git/refs', 0x00000000000001ff)
mkdir('/tmp/nimble_11664/githubcom_nimlibssimdX86/.git/refs/heads', 0x00000000000001ff)
mkdir('/tmp/nimble_11664/githubcom_nimlibssimdX86/.git/refs/tags', 0x00000000000001ff)
rename('/tmp/nimble_11664/githubcom_nimlibssimdX86/.git/HEAD.lock', '/tmp/nimble_11664/githubcom_nimlibssimdX86/.git/HEAD')
rename('/tmp/nimble_11664/githubcom_nimlibssimdX86/.git/config.lock', '/tmp/nimble_11664/githubcom_nimlibssimdX86/.git/config')
chmod('/tmp/nimble_11664/githubcom_nimlibssimdX86/.git/config', 0x00000000000081e4)
chmod('/tmp/nimble_11664/githubcom_nimlibssimdX86/.git/config', 0x00000000000081a4)
chmod('/tmp/nimble_11664/githubcom_nimlibssimdX86/.git/config.lock', 0x00000000000001a4)
rename('/tmp/nimble_11664/githubcom_nimlibssimdX86/.git/config.lock', '/tmp/nimble_11664/githubcom_nimlibssimdX86/.git/config')
chmod('/tmp/nimble_11664/githubcom_nimlibssimdX86/.git/config.lock', 0x00000000000001a4)
rename('/tmp/nimble_11664/githubcom_nimlibssimdX86/.git/config.lock', '/tmp/nimble_11664/githubcom_nimlibssimdX86/.git/config')
chmod('/tmp/nimble_11664/githubcom_nimlibssimdX86/.git/config.lock', 0x00000000000001a4)
rename('/tmp/nimble_11664/githubcom_nimlibssimdX86/.git/config.lock', '/tmp/nimble_11664/githubcom_nimlibssimdX86/.git/config')
unlink('/tmp/nimble_11664/githubcom_nimlibssimdX86/.git/tTCJtrK')
symlink('testing', '/tmp/nimble_11664/githubcom_nimlibssimdX86/.git/tTCJtrK')
unlink('/tmp/nimble_11664/githubcom_nimlibssimdX86/.git/tTCJtrK')
mkdir('/tmp/nimble_11664/githubcom_nimlibssimdX86/.git/objects', 0x00000000000001ff)
mkdir('/tmp/nimble_11664/githubcom_nimlibssimdX86/.git/objects/pack', 0x00000000000001ff)
mkdir('/tmp/nimble_11664/githubcom_nimlibssimdX86/.git/objects/info', 0x00000000000001ff)
chmod('/tmp/nimble_11664/githubcom_nimlibssimdX86/.git/config.lock', 0x00000000000001a4)
rename('/tmp/nimble_11664/githubcom_nimlibssimdX86/.git/config.lock', '/tmp/nimble_11664/githubcom_nimlibssimdX86/.git/config')
chmod('/tmp/nimble_11664/githubcom_nimlibssimdX86/.git/config.lock', 0x00000000000001a4)
rename('/tmp/nimble_11664/githubcom_nimlibssimdX86/.git/config.lock', '/tmp/nimble_11664/githubcom_nimlibssimdX86/.git/config')
chmod('/tmp/nimble_11664/githubcom_nimlibssimdX86/.git/config.lock', 0x00000000000001a4)
rename('/tmp/nimble_11664/githubcom_nimlibssimdX86/.git/config.lock', '/tmp/nimble_11664/githubcom_nimlibssimdX86/.git/config')
link('/tmp/nimble_11664/githubcom_nimlibssimdX86/.git/objects/pack/tmp_pack_Xc4tpm', '/tmp/nimble_11664/githubcom_nimlibssimdX86/.git/objects/pack/pack-055261f0a939db1c8bbb64b1ae001cc03e565cc5.pack')
unlink('/tmp/nimble_11664/githubcom_nimlibssimdX86/.git/objects/pack/tmp_pack_Xc4tpm')
link('/tmp/nimble_11664/githubcom_nimlibssimdX86/.git/objects/pack/tmp_idx_jqnBCD', '/tmp/nimble_11664/githubcom_nimlibssimdX86/.git/objects/pack/pack-055261f0a939db1c8bbb64b1ae001cc03e565cc5.idx')
unlink('/tmp/nimble_11664/githubcom_nimlibssimdX86/.git/objects/pack/tmp_idx_jqnBCD')
rename('/tmp/nimble_11664/githubcom_nimlibssimdX86/.git/shallow.lock', '/tmp/nimble_11664/githubcom_nimlibssimdX86/.git/shallow')
rename('/tmp/nimble_11664/githubcom_nimlibssimdX86/.git/packed-refs.new', '/tmp/nimble_11664/githubcom_nimlibssimdX86/.git/packed-refs')
unlink('/tmp/nimble_11664/githubcom_nimlibssimdX86/.git/packed-refs.lock')
mkdir('/tmp/nimble_11664/githubcom_nimlibssimdX86/.git/refs/remotes', 0x00000000000001ff)
mkdir('/tmp/nimble_11664/githubcom_nimlibssimdX86/.git/refs/remotes/origin', 0x00000000000001ff)
mkdir('/tmp/nimble_11664/githubcom_nimlibssimdX86/.git/logs', 0x00000000000001ff)
mkdir('/tmp/nimble_11664/githubcom_nimlibssimdX86/.git/logs/refs', 0x00000000000001ff)
mkdir('/tmp/nimble_11664/githubcom_nimlibssimdX86/.git/logs/refs/remotes', 0x00000000000001ff)
mkdir('/tmp/nimble_11664/githubcom_nimlibssimdX86/.git/logs/refs/remotes/origin', 0x00000000000001ff)
rename('/tmp/nimble_11664/githubcom_nimlibssimdX86/.git/refs/remotes/origin/HEAD.lock', '/tmp/nimble_11664/githubcom_nimlibssimdX86/.git/refs/remotes/origin/HEAD')
rename('/tmp/nimble_11664/githubcom_nimlibssimdX86/.git/HEAD.lock', '/tmp/nimble_11664/githubcom_nimlibssimdX86/.git/HEAD')
mkdir('/tmp/nimble_11664/githubcom_nimlibssimdX86/.git/logs/refs/heads', 0x00000000000001ff)
rename('/tmp/nimble_11664/githubcom_nimlibssimdX86/.git/refs/heads/master.lock', '/tmp/nimble_11664/githubcom_nimlibssimdX86/.git/refs/heads/master')
unlink('/tmp/nimble_11664/githubcom_nimlibssimdX86/.git/HEAD.lock')
chmod('/tmp/nimble_11664/githubcom_nimlibssimdX86/.git/config.lock', 0x00000000000001a4)
rename('/tmp/nimble_11664/githubcom_nimlibssimdX86/.git/config.lock', '/tmp/nimble_11664/githubcom_nimlibssimdX86/.git/config')
chmod('/tmp/nimble_11664/githubcom_nimlibssimdX86/.git/config.lock', 0x00000000000001a4)
rename('/tmp/nimble_11664/githubcom_nimlibssimdX86/.git/config.lock', '/tmp/nimble_11664/githubcom_nimlibssimdX86/.git/config')
unlink('/tmp/nimble_11664/githubcom_nimlibssimdX86/.git/objects/pack/pack-055261f0a939db1c8bbb64b1ae001cc03e565cc5.keep')
mkdir('simdX86', 0x00000000000001ff)
mkdir('simdX86/c2nimsrc', 0x00000000000001ff)
rename('/tmp/nimble_11664/githubcom_nimlibssimdX86/.git/index.lock', '/tmp/nimble_11664/githubcom_nimlibssimdX86/.git/index')
mkdir('/tmp', 0x00000000000001ff)
mkdir('/tmp/nimblecache', 0x00000000000001ff)
mkdir('/tmp/nimblecache/simdX86_240348061', 0x00000000000001ff)
unlink('/tmp/nimblecache/simdX86_240348061/simdX86.ini')
unlink('/tmp/nimble_11664.out')
unlink('/tmp/nimble_11664/githubcom_nimlibssimdX86/simdX86_11664.nims')
mkdir('/home', 0x00000000000001ff)
mkdir('/home/runner', 0x00000000000001ff)
mkdir('/home/runner/.nimble', 0x00000000000001ff)
mkdir('/home/runner/.nimble/pkgs', 0x00000000000001ff)
mkdir('/home/runner/.nimble/pkgs/simdX86-0.1.0', 0x00000000000001ff)
mkdir('/home', 0x00000000000001ff)
mkdir('/home/runner', 0x00000000000001ff)
mkdir('/home/runner/.nimble', 0x00000000000001ff)
mkdir('/home/runner/.nimble/pkgs', 0x00000000000001ff)
mkdir('/home/runner/.nimble/pkgs/simdX86-0.1.0', 0x00000000000001ff)
chmod('/home/runner/.nimble/pkgs/simdX86-0.1.0/simdX86.nim', 0x00000000000001a4)
mkdir('/home', 0x00000000000001ff)
mkdir('/home/runner', 0x00000000000001ff)
mkdir('/home/runner/.nimble', 0x00000000000001ff)
mkdir('/home/runner/.nimble/pkgs', 0x00000000000001ff)
mkdir('/home/runner/.nimble/pkgs/simdX86-0.1.0', 0x00000000000001ff)
mkdir('/home/runner/.nimble/pkgs/simdX86-0.1.0/simdX86', 0x00000000000001ff)
chmod('/home/runner/.nimble/pkgs/simdX86-0.1.0/simdX86/simdAvx.nim', 0x00000000000001a4)
mkdir('/home', 0x00000000000001ff)
mkdir('/home/runner', 0x00000000000001ff)
mkdir('/home/runner/.nimble', 0x00000000000001ff)
mkdir('/home/runner/.nimble/pkgs', 0x00000000000001ff)
mkdir('/home/runner/.nimble/pkgs/simdX86-0.1.0', 0x00000000000001ff)
mkdir('/home/runner/.nimble/pkgs/simdX86-0.1.0/simdX86', 0x00000000000001ff)
chmod('/home/runner/.nimble/pkgs/simdX86-0.1.0/simdX86/simdSseIntrin.nim', 0x00000000000001a4)
mkdir('/home', 0x00000000000001ff)
mkdir('/home/runner', 0x00000000000001ff)
mkdir('/home/runner/.nimble', 0x00000000000001ff)
mkdir('/home/runner/.nimble/pkgs', 0x00000000000001ff)
mkdir('/home/runner/.nimble/pkgs/simdX86-0.1.0', 0x00000000000001ff)
mkdir('/home/runner/.nimble/pkgs/simdX86-0.1.0/simdX86', 0x00000000000001ff)
mkdir('/home/runner/.nimble/pkgs/simdX86-0.1.0/simdX86/c2nimsrc', 0x00000000000001ff)
chmod('/home/runner/.nimble/pkgs/simdX86-0.1.0/simdX86/c2nimsrc/simdAvxGeneric.c2nim', 0x00000000000001a4)    Copying file /tmp/nimble_11664/githubcom_nimlibssimdX86/simdX86/c2nimsrc/simdAvx.h to /home/runner/.nimble/pkgs/simdX86-0.1.0/simdX86/c2nimsrc/simdAvx.h
    Copying file /tmp/nimble_11664/githubcom_nimlibssimdX86/simdX86/c2nimsrc/simdSseGeneric.c2nim to /home/runner/.nimble/pkgs/simdX86-0.1.0/simdX86/c2nimsrc/simdSseGeneric.c2nim
    Copying file /tmp/nimble_11664/githubcom_nimlibssimdX86/simdX86/c2nimsrc/simdSse.h to /home/runner/.nimble/pkgs/simdX86-0.1.0/simdX86/c2nimsrc/simdSse.h
    Copying file /tmp/nimble_11664/githubcom_nimlibssimdX86/simdX86/c2nimsrc/simdAvx512Intrin.c2nim to /home/runner/.nimble/pkgs/simdX86-0.1.0/simdX86/c2nimsrc/simdAvx512Intrin.c2nim
    Copying file /tmp/nimble_11664/githubcom_nimlibssimdX86/simdX86/c2nimsrc/simdSseIntrin.c2nim to /home/runner/.nimble/pkgs/simdX86-0.1.0/simdX86/c2nimsrc/simdSseIntrin.c2nim
    Copying file /tmp/nimble_11664/githubcom_nimlibssimdX86/simdX86/c2nimsrc/process.nims to /home/runner/.nimble/pkgs/simdX86-0.1.0/simdX86/c2nimsrc/process.nims
    Copying file /tmp/nimble_11664/githubcom_nimlibssimdX86/simdX86/c2nimsrc/simdAvx512Generic.c2nim to /home/runner/.nimble/pkgs/simdX86-0.1.0/simdX86/c2nimsrc/simdAvx512Generic.c2nim
    Copying file /tmp/nimble_11664/githubcom_nimlibssimdX86/simdX86/c2nimsrc/simdAvx512.h to /home/runner/.nimble/pkgs/simdX86-0.1.0/simdX86/c2nimsrc/simdAvx512.h
    Copying file /tmp/nimble_11664/githubcom_nimlibssimdX86/simdX86/c2nimsrc/simdAvxIntrin.c2nim to /home/runner/.nimble/pkgs/simdX86-0.1.0/simdX86/c2nimsrc/simdAvxIntrin.c2nim
    Copying file /tmp/nimble_11664/githubcom_nimlibssimdX86/simdX86/simdAvx512Intrin.nim to /home/runner/.nimble/pkgs/simdX86-0.1.0/simdX86/simdAvx512Intrin.nim
    Copying file /tmp/nimble_11664/githubcom_nimlibssimdX86/simdX86/simdAvx512.nim to /home/runner/.nimble/pkgs/simdX86-0.1.0/simdX86/simdAvx512.nim
    Copying file /tmp/nimble_11664/githubcom_nimlibssimdX86/simdX86/simdAvxIntrin.nim to /home/runner/.nimble/pkgs/simdX86-0.1.0/simdX86/simdAvxIntrin.nim
    Copying file /tmp/nimble_11664/githubcom_nimlibssimdX86/simdX86/simdAvx512Generic.nim to /home/runner/.nimble/pkgs/simdX86-0.1.0/simdX86/simdAvx512Generic.nim
    Copying file /tmp/nimble_11664/githubcom_nimlibssimdX86/simdX86/simdSse.nim to /home/runner/.nimble/pkgs/simdX86-0.1.0/simdX86/simdSse.nim
    Copying file /tmp/nimble_11664/githubcom_nimlibssimdX86/simdX86/simdAvx512Test.nim to /home/runner/.nimble/pkgs/simdX86-0.1.0/simdX86/simdAvx512Test.nim
    Copying file /tmp/nimble_11664/githubcom_nimlibssimdX86/simdX86/simdX86Types.nim to /home/runner/.nimble/pkgs/simdX86-0.1.0/simdX86/simdX86Types.nim
    Copying file /tmp/nimble_11664/githubcom_nimlibssimdX86/simdX86/simdSseGeneric.nim to /home/runner/.nimble/pkgs/simdX86-0.1.0/simdX86/simdSseGeneric.nim

mkdir('/home', 0x00000000000001ff)
mkdir('/home/runner', 0x00000000000001ff)
mkdir('/home/runner/.nimble', 0x00000000000001ff)
mkdir('/home/runner/.nimble/pkgs', 0x00000000000001ff)
mkdir('/home/runner/.nimble/pkgs/simdX86-0.1.0', 0x00000000000001ff)
mkdir('/home/runner/.nimble/pkgs/simdX86-0.1.0/simdX86', 0x00000000000001ff)
mkdir('/home/runner/.nimble/pkgs/simdX86-0.1.0/simdX86/c2nimsrc', 0x00000000000001ff)
chmod('/home/runner/.nimble/pkgs/simdX86-0.1.0/simdX86/c2nimsrc/simdAvx.h', 0x00000000000001a4)
mkdir('/home', 0x00000000000001ff)
mkdir('/home/runner', 0x00000000000001ff)
mkdir('/home/runner/.nimble', 0x00000000000001ff)
mkdir('/home/runner/.nimble/pkgs', 0x00000000000001ff)
mkdir('/home/runner/.nimble/pkgs/simdX86-0.1.0', 0x00000000000001ff)
mkdir('/home/runner/.nimble/pkgs/simdX86-0.1.0/simdX86', 0x00000000000001ff)
mkdir('/home/runner/.nimble/pkgs/simdX86-0.1.0/simdX86/c2nimsrc', 0x00000000000001ff)
chmod('/home/runner/.nimble/pkgs/simdX86-0.1.0/simdX86/c2nimsrc/simdSseGeneric.c2nim', 0x00000000000001a4)
mkdir('/home', 0x00000000000001ff)
mkdir('/home/runner', 0x00000000000001ff)
mkdir('/home/runner/.nimble', 0x00000000000001ff)
mkdir('/home/runner/.nimble/pkgs', 0x00000000000001ff)
mkdir('/home/runner/.nimble/pkgs/simdX86-0.1.0', 0x00000000000001ff)
mkdir('/home/runner/.nimble/pkgs/simdX86-0.1.0/simdX86', 0x00000000000001ff)
mkdir('/home/runner/.nimble/pkgs/simdX86-0.1.0/simdX86/c2nimsrc', 0x00000000000001ff)
chmod('/home/runner/.nimble/pkgs/simdX86-0.1.0/simdX86/c2nimsrc/simdSse.h', 0x00000000000001a4)
mkdir('/home', 0x00000000000001ff)
mkdir('/home/runner', 0x00000000000001ff)
mkdir('/home/runner/.nimble', 0x00000000000001ff)
mkdir('/home/runner/.nimble/pkgs', 0x00000000000001ff)
mkdir('/home/runner/.nimble/pkgs/simdX86-0.1.0', 0x00000000000001ff)
mkdir('/home/runner/.nimble/pkgs/simdX86-0.1.0/simdX86', 0x00000000000001ff)
mkdir('/home/runner/.nimble/pkgs/simdX86-0.1.0/simdX86/c2nimsrc', 0x00000000000001ff)
chmod('/home/runner/.nimble/pkgs/simdX86-0.1.0/simdX86/c2nimsrc/simdAvx512Intrin.c2nim', 0x00000000000001a4)
mkdir('/home', 0x00000000000001ff)
mkdir('/home/runner', 0x00000000000001ff)
mkdir('/home/runner/.nimble', 0x00000000000001ff)
mkdir('/home/runner/.nimble/pkgs', 0x00000000000001ff)
mkdir('/home/runner/.nimble/pkgs/simdX86-0.1.0', 0x00000000000001ff)
mkdir('/home/runner/.nimble/pkgs/simdX86-0.1.0/simdX86', 0x00000000000001ff)
mkdir('/home/runner/.nimble/pkgs/simdX86-0.1.0/simdX86/c2nimsrc', 0x00000000000001ff)
chmod('/home/runner/.nimble/pkgs/simdX86-0.1.0/simdX86/c2nimsrc/simdSseIntrin.c2nim', 0x00000000000001a4)
mkdir('/home', 0x00000000000001ff)
mkdir('/home/runner', 0x00000000000001ff)
mkdir('/home/runner/.nimble', 0x00000000000001ff)
mkdir('/home/runner/.nimble/pkgs', 0x00000000000001ff)
mkdir('/home/runner/.nimble/pkgs/simdX86-0.1.0', 0x00000000000001ff)
mkdir('/home/runner/.nimble/pkgs/simdX86-0.1.0/simdX86', 0x00000000000001ff)
mkdir('/home/runner/.nimble/pkgs/simdX86-0.1.0/simdX86/c2nimsrc', 0x00000000000001ff)
chmod('/home/runner/.nimble/pkgs/simdX86-0.1.0/simdX86/c2nimsrc/process.nims', 0x00000000000001a4)
mkdir('/home', 0x00000000000001ff)
mkdir('/home/runner', 0x00000000000001ff)
mkdir('/home/runner/.nimble', 0x00000000000001ff)
mkdir('/home/runner/.nimble/pkgs', 0x00000000000001ff)
mkdir('/home/runner/.nimble/pkgs/simdX86-0.1.0', 0x00000000000001ff)
mkdir('/home/runner/.nimble/pkgs/simdX86-0.1.0/simdX86', 0x00000000000001ff)
mkdir('/home/runner/.nimble/pkgs/simdX86-0.1.0/simdX86/c2nimsrc', 0x00000000000001ff)
chmod('/home/runner/.nimble/pkgs/simdX86-0.1.0/simdX86/c2nimsrc/simdAvx512Generic.c2nim', 0x00000000000001a4)
mkdir('/home', 0x00000000000001ff)
mkdir('/home/runner', 0x00000000000001ff)
mkdir('/home/runner/.nimble', 0x00000000000001ff)
mkdir('/home/runner/.nimble/pkgs', 0x00000000000001ff)
mkdir('/home/runner/.nimble/pkgs/simdX86-0.1.0', 0x00000000000001ff)
mkdir('/home/runner/.nimble/pkgs/simdX86-0.1.0/simdX86', 0x00000000000001ff)
mkdir('/home/runner/.nimble/pkgs/simdX86-0.1.0/simdX86/c2nimsrc', 0x00000000000001ff)
chmod('/home/runner/.nimble/pkgs/simdX86-0.1.0/simdX86/c2nimsrc/simdAvx512.h', 0x00000000000001a4)
mkdir('/home', 0x00000000000001ff)
mkdir('/home/runner', 0x00000000000001ff)
mkdir('/home/runner/.nimble', 0x00000000000001ff)
mkdir('/home/runner/.nimble/pkgs', 0x00000000000001ff)
mkdir('/home/runner/.nimble/pkgs/simdX86-0.1.0', 0x00000000000001ff)
mkdir('/home/runner/.nimble/pkgs/simdX86-0.1.0/simdX86', 0x00000000000001ff)
mkdir('/home/runner/.nimble/pkgs/simdX86-0.1.0/simdX86/c2nimsrc', 0x00000000000001ff)
chmod('/home/runner/.nimble/pkgs/simdX86-0.1.0/simdX86/c2nimsrc/simdAvxIntrin.c2nim', 0x00000000000001a4)
mkdir('/home', 0x00000000000001ff)
mkdir('/home/runner', 0x00000000000001ff)
mkdir('/home/runner/.nimble', 0x00000000000001ff)
mkdir('/home/runner/.nimble/pkgs', 0x00000000000001ff)
mkdir('/home/runner/.nimble/pkgs/simdX86-0.1.0', 0x00000000000001ff)
mkdir('/home/runner/.nimble/pkgs/simdX86-0.1.0/simdX86', 0x00000000000001ff)
chmod('/home/runner/.nimble/pkgs/simdX86-0.1.0/simdX86/simdAvx512Intrin.nim', 0x00000000000001a4)
mkdir('/home', 0x00000000000001ff)
mkdir('/home/runner', 0x00000000000001ff)
mkdir('/home/runner/.nimble', 0x00000000000001ff)
mkdir('/home/runner/.nimble/pkgs', 0x00000000000001ff)
mkdir('/home/runner/.nimble/pkgs/simdX86-0.1.0', 0x00000000000001ff)
mkdir('/home/runner/.nimble/pkgs/simdX86-0.1.0/simdX86', 0x00000000000001ff)
chmod('/home/runner/.nimble/pkgs/simdX86-0.1.0/simdX86/simdAvx512.nim', 0x00000000000001a4)
mkdir('/home', 0x00000000000001ff)
mkdir('/home/runner', 0x00000000000001ff)
mkdir('/home/runner/.nimble', 0x00000000000001ff)
mkdir('/home/runner/.nimble/pkgs', 0x00000000000001ff)
mkdir('/home/runner/.nimble/pkgs/simdX86-0.1.0', 0x00000000000001ff)
mkdir('/home/runner/.nimble/pkgs/simdX86-0.1.0/simdX86', 0x00000000000001ff)
chmod('/home/runner/.nimble/pkgs/simdX86-0.1.0/simdX86/simdAvxIntrin.nim', 0x00000000000001a4)
mkdir('/home', 0x00000000000001ff)
mkdir('/home/runner', 0x00000000000001ff)
mkdir('/home/runner/.nimble', 0x00000000000001ff)
mkdir('/home/runner/.nimble/pkgs', 0x00000000000001ff)
mkdir('/home/runner/.nimble/pkgs/simdX86-0.1.0', 0x00000000000001ff)
mkdir('/home/runner/.nimble/pkgs/simdX86-0.1.0/simdX86', 0x00000000000001ff)
chmod('/home/runner/.nimble/pkgs/simdX86-0.1.0/simdX86/simdAvx512Generic.nim', 0x00000000000001a4)
mkdir('/home', 0x00000000000001ff)
mkdir('/home/runner', 0x00000000000001ff)
mkdir('/home/runner/.nimble', 0x00000000000001ff)
mkdir('/home/runner/.nimble/pkgs', 0x00000000000001ff)
mkdir('/home/runner/.nimble/pkgs/simdX86-0.1.0', 0x00000000000001ff)
mkdir('/home/runner/.nimble/pkgs/simdX86-0.1.0/simdX86', 0x00000000000001ff)
chmod('/home/runner/.nimble/pkgs/simdX86-0.1.0/simdX86/simdSse.nim', 0x00000000000001a4)
mkdir('/home', 0x00000000000001ff)
mkdir('/home/runner', 0x00000000000001ff)
mkdir('/home/runner/.nimble', 0x00000000000001ff)
mkdir('/home/runner/.nimble/pkgs', 0x00000000000001ff)
mkdir('/home/runner/.nimble/pkgs/simdX86-0.1.0', 0x00000000000001ff)
mkdir('/home/runner/.nimble/pkgs/simdX86-0.1.0/simdX86', 0x00000000000001ff)
chmod('/home/runner/.nimble/pkgs/simdX86-0.1.0/simdX86/simdAvx512Test.nim', 0x00000000000001a4)
mkdir('/home', 0x00000000000001ff)
mkdir('/home/runner', 0x00000000000001ff)
mkdir('/home/runner/.nimble', 0x00000000000001ff)
mkdir('/home/runner/.nimble/pkgs', 0x00000000000001ff)
mkdir('/home/runner/.nimble/pkgs/simdX86-0.1.0', 0x00000000000001ff)
mkdir('/home/runner/.nimble/pkgs/simdX86-0.1.0/simdX86', 0x00000000000001ff)
chmod('/home/runner/.nimble/pkgs/simdX86-0.1.0/simdX86/simdX86Types.nim', 0x00000000000001a4)
mkdir('/home', 0x00000000000001ff)
mkdir('/home/runner', 0x00000000000001ff)
mkdir('/home/runner/.nimble', 0x00000000000001ff)
mkdir('/home/runner/.nimble/pkgs', 0x00000000000001ff)
mkdir('/home/runner/.nimble/pkgs/simdX86-0.1.0', 0x00000000000001ff)
mkdir('/home/runner/.nimble/pkgs/simdX86-0.1.0/simdX86', 0x00000000000001ff)
chmod('/home/runner/.nimble/pkgs/simdX86-0.1.0/simdX86/simdSseGeneric.nim', 0x00000000000001a4)
mkdir('/home', 0x00000000000001ff)
mkdir('/home/runner', 0x00000000000001ff)
mkdir('/home/runner/.nimble', 0x00000000000001ff)
mkdir('/home/runner/.nimble/pkgs', 0x00000000000001ff)    Copying file /tmp/nimble_11664/githubcom_nimlibssimdX86/simdX86/simdSseTest.nim to /home/runner/.nimble/pkgs/simdX86-0.1.0/simdX86/simdSseTest.nim
    Copying file /tmp/nimble_11664/githubcom_nimlibssimdX86/simdX86/simdAvxTest.nim to /home/runner/.nimble/pkgs/simdX86-0.1.0/simdX86/simdAvxTest.nim
    Copying file /tmp/nimble_11664/githubcom_nimlibssimdX86/simdX86/simdX86Test.nim to /home/runner/.nimble/pkgs/simdX86-0.1.0/simdX86/simdX86Test.nim
    Copying file /tmp/nimble_11664/githubcom_nimlibssimdX86/simdX86/simdAvxGeneric.nim to /home/runner/.nimble/pkgs/simdX86-0.1.0/simdX86/simdAvxGeneric.nim
    Copying file /tmp/nimble_11664/githubcom_nimlibssimdX86/simdX86.nimble to /home/runner/.nimble/pkgs/simdX86-0.1.0/simdX86.nimble
   Success: simdX86 installed successfully.
       Info /home/runner/.nimble/pkgs/simdX86-0.1.0/simdX86_11664.nims(6, 8) Warning: import os.nim instead; ospaths is deprecated [Deprecated]

mkdir('/home/runner/.nimble/pkgs/simdX86-0.1.0', 0x00000000000001ff)
mkdir('/home/runner/.nimble/pkgs/simdX86-0.1.0/simdX86', 0x00000000000001ff)
chmod('/home/runner/.nimble/pkgs/simdX86-0.1.0/simdX86/simdSseTest.nim', 0x00000000000001a4)
mkdir('/home', 0x00000000000001ff)
mkdir('/home/runner', 0x00000000000001ff)
mkdir('/home/runner/.nimble', 0x00000000000001ff)
mkdir('/home/runner/.nimble/pkgs', 0x00000000000001ff)
mkdir('/home/runner/.nimble/pkgs/simdX86-0.1.0', 0x00000000000001ff)
mkdir('/home/runner/.nimble/pkgs/simdX86-0.1.0/simdX86', 0x00000000000001ff)
chmod('/home/runner/.nimble/pkgs/simdX86-0.1.0/simdX86/simdAvxTest.nim', 0x00000000000001a4)
mkdir('/home', 0x00000000000001ff)
mkdir('/home/runner', 0x00000000000001ff)
mkdir('/home/runner/.nimble', 0x00000000000001ff)
mkdir('/home/runner/.nimble/pkgs', 0x00000000000001ff)
mkdir('/home/runner/.nimble/pkgs/simdX86-0.1.0', 0x00000000000001ff)
mkdir('/home/runner/.nimble/pkgs/simdX86-0.1.0/simdX86', 0x00000000000001ff)
chmod('/home/runner/.nimble/pkgs/simdX86-0.1.0/simdX86/simdX86Test.nim', 0x00000000000001a4)
mkdir('/home', 0x00000000000001ff)
mkdir('/home/runner', 0x00000000000001ff)
mkdir('/home/runner/.nimble', 0x00000000000001ff)
mkdir('/home/runner/.nimble/pkgs', 0x00000000000001ff)
mkdir('/home/runner/.nimble/pkgs/simdX86-0.1.0', 0x00000000000001ff)
mkdir('/home/runner/.nimble/pkgs/simdX86-0.1.0/simdX86', 0x00000000000001ff)
chmod('/home/runner/.nimble/pkgs/simdX86-0.1.0/simdX86/simdAvxGeneric.nim', 0x00000000000001a4)
chmod('/home/runner/.nimble/pkgs/simdX86-0.1.0/simdX86.nimble', 0x00000000000001a4)
mkdir('/tmp', 0x00000000000001ff)
mkdir('/tmp/nimblecache', 0x00000000000001ff)
mkdir('/tmp/nimblecache/simdX86_3650285766', 0x00000000000001ff)
unlink('/tmp/nimblecache/simdX86_3650285766/simdX86.ini')
unlink('/tmp/nimble_11664.out')
unlink('/home/runner/.nimble/pkgs/simdX86-0.1.0/simdX86_11664.nims')
unlink('/tmp/nimble_11664/githubcom_nimlibssimdX86/simdX86.nim')
unlink('/tmp/nimble_11664/githubcom_nimlibssimdX86/README.md')
unlink('/tmp/nimble_11664/githubcom_nimlibssimdX86/.git/refs/remotes/origin/HEAD')
rmdir('/tmp/nimble_11664/githubcom_nimlibssimdX86/.git/refs/remotes/origin')
rmdir('/tmp/nimble_11664/githubcom_nimlibssimdX86/.git/refs/remotes')
unlink('/tmp/nimble_11664/githubcom_nimlibssimdX86/.git/refs/heads/master')
rmdir('/tmp/nimble_11664/githubcom_nimlibssimdX86/.git/refs/heads')
rmdir('/tmp/nimble_11664/githubcom_nimlibssimdX86/.git/refs/tags')
rmdir('/tmp/nimble_11664/githubcom_nimlibssimdX86/.git/refs')
unlink('/tmp/nimble_11664/githubcom_nimlibssimdX86/.git/config')
unlink('/tmp/nimble_11664/githubcom_nimlibssimdX86/.git/logs/refs/remotes/origin/HEAD')
rmdir('/tmp/nimble_11664/githubcom_nimlibssimdX86/.git/logs/refs/remotes/origin')
rmdir('/tmp/nimble_11664/githubcom_nimlibssimdX86/.git/logs/refs/remotes')
unlink('/tmp/nimble_11664/githubcom_nimlibssimdX86/.git/logs/refs/heads/master')
rmdir('/tmp/nimble_11664/githubcom_nimlibssimdX86/.git/logs/refs/heads')
rmdir('/tmp/nimble_11664/githubcom_nimlibssimdX86/.git/logs/refs')
unlink('/tmp/nimble_11664/githubcom_nimlibssimdX86/.git/logs/HEAD')
rmdir('/tmp/nimble_11664/githubcom_nimlibssimdX86/.git/logs')
unlink('/tmp/nimble_11664/githubcom_nimlibssimdX86/.git/packed-refs')
unlink('/tmp/nimble_11664/githubcom_nimlibssimdX86/.git/HEAD')
unlink('/tmp/nimble_11664/githubcom_nimlibssimdX86/.git/description')
unlink('/tmp/nimble_11664/githubcom_nimlibssimdX86/.git/hooks/fsmonitor-watchman.sample')
unlink('/tmp/nimble_11664/githubcom_nimlibssimdX86/.git/hooks/pre-commit.sample')
unlink('/tmp/nimble_11664/githubcom_nimlibssimdX86/.git/hooks/applypatch-msg.sample')
unlink('/tmp/nimble_11664/githubcom_nimlibssimdX86/.git/hooks/pre-rebase.sample')
unlink('/tmp/nimble_11664/githubcom_nimlibssimdX86/.git/hooks/update.sample')
unlink('/tmp/nimble_11664/githubcom_nimlibssimdX86/.git/hooks/pre-push.sample')
unlink('/tmp/nimble_11664/githubcom_nimlibssimdX86/.git/hooks/pre-receive.sample')
unlink('/tmp/nimble_11664/githubcom_nimlibssimdX86/.git/hooks/pre-applypatch.sample')
unlink('/tmp/nimble_11664/githubcom_nimlibssimdX86/.git/hooks/post-update.sample')
unlink('/tmp/nimble_11664/githubcom_nimlibssimdX86/.git/hooks/prepare-commit-msg.sample')
unlink('/tmp/nimble_11664/githubcom_nimlibssimdX86/.git/hooks/commit-msg.sample')
unlink('/tmp/nimble_11664/githubcom_nimlibssimdX86/.git/hooks/pre-merge-commit.sample')
rmdir('/tmp/nimble_11664/githubcom_nimlibssimdX86/.git/hooks')
unlink('/tmp/nimble_11664/githubcom_nimlibssimdX86/.git/objects/pack/pack-055261f0a939db1c8bbb64b1ae001cc03e565cc5.pack')
unlink('/tmp/nimble_11664/githubcom_nimlibssimdX86/.git/objects/pack/pack-055261f0a939db1c8bbb64b1ae001cc03e565cc5.idx')
rmdir('/tmp/nimble_11664/githubcom_nimlibssimdX86/.git/objects/pack')
rmdir('/tmp/nimble_11664/githubcom_nimlibssimdX86/.git/objects/info')
rmdir('/tmp/nimble_11664/githubcom_nimlibssimdX86/.git/objects')
rmdir('/tmp/nimble_11664/githubcom_nimlibssimdX86/.git/branches')
unlink('/tmp/nimble_11664/githubcom_nimlibssimdX86/.git/index')
unlink('/tmp/nimble_11664/githubcom_nimlibssimdX86/.git/info/exclude')
rmdir('/tmp/nimble_11664/githubcom_nimlibssimdX86/.git/info')
unlink('/tmp/nimble_11664/githubcom_nimlibssimdX86/.git/shallow')
rmdir('/tmp/nimble_11664/githubcom_nimlibssimdX86/.git')
unlink('/tmp/nimble_11664/githubcom_nimlibssimdX86/simdX86.nimble')
unlink('/tmp/nimble_11664/githubcom_nimlibssimdX86/.gitignore')
unlink('/tmp/nimble_11664/githubcom_nimlibssimdX86/simdX86/simdAvx.nim')
unlink('/tmp/nimble_11664/githubcom_nimlibssimdX86/simdX86/simdSseIntrin.nim')
unlink('/tmp/nimble_11664/githubcom_nimlibssimdX86/simdX86/c2nimsrc/simdAvxGeneric.c2nim')
unlink('/tmp/nimble_11664/githubcom_nimlibssimdX86/simdX86/c2nimsrc/simdAvx.h')
unlink('/tmp/nimble_11664/githubcom_nimlibssimdX86/simdX86/c2nimsrc/simdSseGeneric.c2nim')
unlink('/tmp/nimble_11664/githubcom_nimlibssimdX86/simdX86/c2nimsrc/simdSse.h')
unlink('/tmp/nimble_11664/githubcom_nimlibssimdX86/simdX86/c2nimsrc/simdAvx512Intrin.c2nim')
unlink('/tmp/nimble_11664/githubcom_nimlibssimdX86/simdX86/c2nimsrc/simdSseIntrin.c2nim')
unlink('/tmp/nimble_11664/githubcom_nimlibssimdX86/simdX86/c2nimsrc/process.nims')
unlink('/tmp/nimble_11664/githubcom_nimlibssimdX86/simdX86/c2nimsrc/simdAvx512Generic.c2nim')
unlink('/tmp/nimble_11664/githubcom_nimlibssimdX86/simdX86/c2nimsrc/simdAvx512.h')
unlink('/tmp/nimble_11664/githubcom_nimlibssimdX86/simdX86/c2nimsrc/simdAvxIntrin.c2nim')
rmdir('/tmp/nimble_11664/githubcom_nimlibssimdX86/simdX86/c2nimsrc')
unlink('/tmp/nimble_11664/githubcom_nimlibssimdX86/simdX86/simdAvx512Intrin.nim')
unlink('/tmp/nimble_11664/githubcom_nimlibssimdX86/simdX86/simdAvx512.nim')
unlink('/tmp/nimble_11664/githubcom_nimlibssimdX86/simdX86/simdAvxIntrin.nim')
unlink('/tmp/nimble_11664/githubcom_nimlibssimdX86/simdX86/simdAvx512Generic.nim')
unlink('/tmp/nimble_11664/githubcom_nimlibssimdX86/simdX86/simdSse.nim')
unlink('/tmp/nimble_11664/githubcom_nimlibssimdX86/simdX86/simdAvx512Test.nim')
unlink('/tmp/nimble_11664/githubcom_nimlibssimdX86/simdX86/simdX86Types.nim')
unlink('/tmp/nimble_11664/githubcom_nimlibssimdX86/simdX86/simdSseGeneric.nim')
unlink('/tmp/nimble_11664/githubcom_nimlibssimdX86/simdX86/simdSseTest.nim')
unlink('/tmp/nimble_11664/githubcom_nimlibssimdX86/simdX86/simdAvxTest.nim')
unlink('/tmp/nimble_11664/githubcom_nimlibssimdX86/simdX86/simdX86Test.nim')
unlink('/tmp/nimble_11664/githubcom_nimlibssimdX86/simdX86/simdAvxGeneric.nim')
rmdir('/tmp/nimble_11664/githubcom_nimlibssimdX86/simdX86')
unlink('/tmp/nimble_11664/githubcom_nimlibssimdX86/LICENSE')
rmdir('/tmp/nimble_11664/githubcom_nimlibssimdX86')
rmdir('/tmp/nimble_11664')
  create directory /tmp
  create directory /tmp/nimble_11664
  create directory /tmp/nimble_11664/githubcom_nimlibssimdX86
  delete /tmp/nimble_11664/githubcom_nimlibssimdX86
  create directory /tmp/nimble_11664/githubcom_nimlibssimdX86
  create directory /tmp/nimble_11664/githubcom_nimlibssimdX86/.git
  create directory /tmp/nimble_11664/githubcom_nimlibssimdX86/.git
  create directory /tmp/nimble_11664/githubcom_nimlibssimdX86/.git/hooks
  create directory /tmp/nimble_11664/githubcom_nimlibssimdX86/.git/branches
  create directory /tmp/nimble_11664/githubcom_nimlibssimdX86/.git/info
  create directory /tmp/nimble_11664/githubcom_nimlibssimdX86/.git/refs
  create directory /tmp/nimble_11664/githubcom_nimlibssimdX86/.git/refs/heads
  create directory /tmp/nimble_11664/githubcom_nimlibssimdX86/.git/refs/tags
  rename /tmp/nimble_11664/githubcom_nimlibssimdX86/.git/HEAD.lock to HEAD
  rename /tmp/nimble_11664/githubcom_nimlibssimdX86/.git/config.lock to config
  change permissions of /tmp/nimble_11664/githubcom_nimlibssimdX86/.git/config to rwxr--r--
  change permissions of /tmp/nimble_11664/githubcom_nimlibssimdX86/.git/config to rw-r--r--
  change permissions of /tmp/nimble_11664/githubcom_nimlibssimdX86/.git/config.lock to rw-r--r--
  rename /tmp/nimble_11664/githubcom_nimlibssimdX86/.git/config.lock to config
  change permissions of /tmp/nimble_11664/githubcom_nimlibssimdX86/.git/config.lock to rw-r--r--
  rename /tmp/nimble_11664/githubcom_nimlibssimdX86/.git/config.lock to config
  change permissions of /tmp/nimble_11664/githubcom_nimlibssimdX86/.git/config.lock to rw-r--r--
  rename /tmp/nimble_11664/githubcom_nimlibssimdX86/.git/config.lock to config
  delete /tmp/nimble_11664/githubcom_nimlibssimdX86/.git/tTCJtrK
  create symbolic link from /tmp/nimble_11664/githubcom_nimlibssimdX86/.git/tTCJtrK to /home/runner/work/nim_packages_security_audit/nim_packages_security_audit/testing
  delete /tmp/nimble_11664/githubcom_nimlibssimdX86/.git/tTCJtrK
  create directory /tmp/nimble_11664/githubcom_nimlibssimdX86/.git/objects
  create directory /tmp/nimble_11664/githubcom_nimlibssimdX86/.git/objects/pack
  create directory /tmp/nimble_11664/githubcom_nimlibssimdX86/.git/objects/info
  change permissions of /tmp/nimble_11664/githubcom_nimlibssimdX86/.git/config.lock to rw-r--r--
  rename /tmp/nimble_11664/githubcom_nimlibssimdX86/.git/config.lock to config
  change permissions of /tmp/nimble_11664/githubcom_nimlibssimdX86/.git/config.lock to rw-r--r--
  rename /tmp/nimble_11664/githubcom_nimlibssimdX86/.git/config.lock to config
  change permissions of /tmp/nimble_11664/githubcom_nimlibssimdX86/.git/config.lock to rw-r--r--
  rename /tmp/nimble_11664/githubcom_nimlibssimdX86/.git/config.lock to config
  create hard link from /tmp/nimble_11664/githubcom_nimlibssimdX86/.git/objects/pack/pack-055261f0a939db1c8bbb64b1ae001cc03e565cc5.pack to /tmp/nimble_11664/githubcom_nimlibssimdX86/.git/objects/pack/tmp_pack_Xc4tpm
  delete /tmp/nimble_11664/githubcom_nimlibssimdX86/.git/objects/pack/tmp_pack_Xc4tpm
  create hard link from /tmp/nimble_11664/githubcom_nimlibssimdX86/.git/objects/pack/pack-055261f0a939db1c8bbb64b1ae001cc03e565cc5.idx to /tmp/nimble_11664/githubcom_nimlibssimdX86/.git/objects/pack/tmp_idx_jqnBCD
  delete /tmp/nimble_11664/githubcom_nimlibssimdX86/.git/objects/pack/tmp_idx_jqnBCD
  rename /tmp/nimble_11664/githubcom_nimlibssimdX86/.git/shallow.lock to shallow
  rename /tmp/nimble_11664/githubcom_nimlibssimdX86/.git/packed-refs.new to packed-refs
  delete /tmp/nimble_11664/githubcom_nimlibssimdX86/.git/packed-refs.lock
  create directory /tmp/nimble_11664/githubcom_nimlibssimdX86/.git/refs/remotes
  create directory /tmp/nimble_11664/githubcom_nimlibssimdX86/.git/refs/remotes/origin
  create directory /tmp/nimble_11664/githubcom_nimlibssimdX86/.git/logs
  create directory /tmp/nimble_11664/githubcom_nimlibssimdX86/.git/logs/refs
  create directory /tmp/nimble_11664/githubcom_nimlibssimdX86/.git/logs/refs/remotes
  create directory /tmp/nimble_11664/githubcom_nimlibssimdX86/.git/logs/refs/remotes/origin
  rename /tmp/nimble_11664/githubcom_nimlibssimdX86/.git/refs/remotes/origin/HEAD.lock to HEAD
  rename /tmp/nimble_11664/githubcom_nimlibssimdX86/.git/HEAD.lock to HEAD
  create directory /tmp/nimble_11664/githubcom_nimlibssimdX86/.git/logs/refs/heads
  rename /tmp/nimble_11664/githubcom_nimlibssimdX86/.git/refs/heads/master.lock to master
  delete /tmp/nimble_11664/githubcom_nimlibssimdX86/.git/HEAD.lock
  change permissions of /tmp/nimble_11664/githubcom_nimlibssimdX86/.git/config.lock to rw-r--r--
  rename /tmp/nimble_11664/githubcom_nimlibssimdX86/.git/config.lock to config
  change permissions of /tmp/nimble_11664/githubcom_nimlibssimdX86/.git/config.lock to rw-r--r--
  rename /tmp/nimble_11664/githubcom_nimlibssimdX86/.git/config.lock to config
  delete /tmp/nimble_11664/githubcom_nimlibssimdX86/.git/objects/pack/pack-055261f0a939db1c8bbb64b1ae001cc03e565cc5.keep
  create directory /tmp/nimble_11664/githubcom_nimlibssimdX86/simdX86
  create directory /tmp/nimble_11664/githubcom_nimlibssimdX86/simdX86/c2nimsrc
  rename /tmp/nimble_11664/githubcom_nimlibssimdX86/.git/index.lock to index
  create directory /tmp
  create directory /tmp/nimblecache
  create directory /tmp/nimblecache/simdX86_240348061
  delete /tmp/nimblecache/simdX86_240348061/simdX86.ini
  delete /tmp/nimble_11664.out
  delete /tmp/nimble_11664/githubcom_nimlibssimdX86/simdX86_11664.nims
  create directory /home
  create directory /home/runner
  create directory /home/runner/.nimble
  create directory /home/runner/.nimble/pkgs
  create directory /home/runner/.nimble/pkgs/simdX86-0.1.0
  create directory /home
  create directory /home/runner
  create directory /home/runner/.nimble
  create directory /home/runner/.nimble/pkgs
  create directory /home/runner/.nimble/pkgs/simdX86-0.1.0
  change permissions of /home/runner/.nimble/pkgs/simdX86-0.1.0/simdX86.nim to rw-r--r--
  create directory /home
  create directory /home/runner
  create directory /home/runner/.nimble
  create directory /home/runner/.nimble/pkgs
  create directory /home/runner/.nimble/pkgs/simdX86-0.1.0
  create directory /home/runner/.nimble/pkgs/simdX86-0.1.0/simdX86
  change permissions of /home/runner/.nimble/pkgs/simdX86-0.1.0/simdX86/simdAvx.nim to rw-r--r--
  create directory /home
  create directory /home/runner
  create directory /home/runner/.nimble
  create directory /home/runner/.nimble/pkgs
  create directory /home/runner/.nimble/pkgs/simdX86-0.1.0
  create directory /home/runner/.nimble/pkgs/simdX86-0.1.0/simdX86
  change permissions of /home/runner/.nimble/pkgs/simdX86-0.1.0/simdX86/simdSseIntrin.nim to rw-r--r--
  create directory /home
  create directory /home/runner
  create directory /home/runner/.nimble
  create directory /home/runner/.nimble/pkgs
  create directory /home/runner/.nimble/pkgs/simdX86-0.1.0
  create directory /home/runner/.nimble/pkgs/simdX86-0.1.0/simdX86
  create directory /home/runner/.nimble/pkgs/simdX86-0.1.0/simdX86/c2nimsrc
  change permissions of /home/runner/.nimble/pkgs/simdX86-0.1.0/simdX86/c2nimsrc/simdAvxGeneric.c2nim to rw-r--r--
  create directory /home
  create directory /home/runner
  create directory /home/runner/.nimble
  create directory /home/runner/.nimble/pkgs
  create directory /home/runner/.nimble/pkgs/simdX86-0.1.0
  create directory /home/runner/.nimble/pkgs/simdX86-0.1.0/simdX86
  create directory /home/runner/.nimble/pkgs/simdX86-0.1.0/simdX86/c2nimsrc
  change permissions of /home/runner/.nimble/pkgs/simdX86-0.1.0/simdX86/c2nimsrc/simdAvx.h to rw-r--r--
  create directory /home
  create directory /home/runner
  create directory /home/runner/.nimble
  create directory /home/runner/.nimble/pkgs
  create directory /home/runner/.nimble/pkgs/simdX86-0.1.0
  create directory /home/runner/.nimble/pkgs/simdX86-0.1.0/simdX86
  create directory /home/runner/.nimble/pkgs/simdX86-0.1.0/simdX86/c2nimsrc
  change permissions of /home/runner/.nimble/pkgs/simdX86-0.1.0/simdX86/c2nimsrc/simdSseGeneric.c2nim to rw-r--r--
  create directory /home
  create directory /home/runner
  create directory /home/runner/.nimble
  create directory /home/runner/.nimble/pkgs
  create directory /home/runner/.nimble/pkgs/simdX86-0.1.0
  create directory /home/runner/.nimble/pkgs/simdX86-0.1.0/simdX86
  create directory /home/runner/.nimble/pkgs/simdX86-0.1.0/simdX86/c2nimsrc
  change permissions of /home/runner/.nimble/pkgs/simdX86-0.1.0/simdX86/c2nimsrc/simdSse.h to rw-r--r--
  create directory /home
  create directory /home/runner
  create directory /home/runner/.nimble
  create directory /home/runner/.nimble/pkgs
  create directory /home/runner/.nimble/pkgs/simdX86-0.1.0
  create directory /home/runner/.nimble/pkgs/simdX86-0.1.0/simdX86
  create directory /home/runner/.nimble/pkgs/simdX86-0.1.0/simdX86/c2nimsrc
  change permissions of /home/runner/.nimble/pkgs/simdX86-0.1.0/simdX86/c2nimsrc/simdAvx512Intrin.c2nim to rw-r--r--
  create directory /home
  create directory /home/runner
  create directory /home/runner/.nimble
  create directory /home/runner/.nimble/pkgs
  create directory /home/runner/.nimble/pkgs/simdX86-0.1.0
  create directory /home/runner/.nimble/pkgs/simdX86-0.1.0/simdX86
  create directory /home/runner/.nimble/pkgs/simdX86-0.1.0/simdX86/c2nimsrc
  change permissions of /home/runner/.nimble/pkgs/simdX86-0.1.0/simdX86/c2nimsrc/simdSseIntrin.c2nim to rw-r--r--
  create directory /home
  create directory /home/runner
  create directory /home/runner/.nimble
  create directory /home/runner/.nimble/pkgs
  create directory /home/runner/.nimble/pkgs/simdX86-0.1.0
  create directory /home/runner/.nimble/pkgs/simdX86-0.1.0/simdX86
  create directory /home/runner/.nimble/pkgs/simdX86-0.1.0/simdX86/c2nimsrc
  change permissions of /home/runner/.nimble/pkgs/simdX86-0.1.0/simdX86/c2nimsrc/process.nims to rw-r--r--
  create directory /home
  create directory /home/runner
  create directory /home/runner/.nimble
  create directory /home/runner/.nimble/pkgs
  create directory /home/runner/.nimble/pkgs/simdX86-0.1.0
  create directory /home/runner/.nimble/pkgs/simdX86-0.1.0/simdX86
  create directory /home/runner/.nimble/pkgs/simdX86-0.1.0/simdX86/c2nimsrc
  change permissions of /home/runner/.nimble/pkgs/simdX86-0.1.0/simdX86/c2nimsrc/simdAvx512Generic.c2nim to rw-r--r--
  create directory /home
  create directory /home/runner
  create directory /home/runner/.nimble
  create directory /home/runner/.nimble/pkgs
  create directory /home/runner/.nimble/pkgs/simdX86-0.1.0
  create directory /home/runner/.nimble/pkgs/simdX86-0.1.0/simdX86
  create directory /home/runner/.nimble/pkgs/simdX86-0.1.0/simdX86/c2nimsrc
  change permissions of /home/runner/.nimble/pkgs/simdX86-0.1.0/simdX86/c2nimsrc/simdAvx512.h to rw-r--r--
  create directory /home
  create directory /home/runner
  create directory /home/runner/.nimble
  create directory /home/runner/.nimble/pkgs
  create directory /home/runner/.nimble/pkgs/simdX86-0.1.0
  create directory /home/runner/.nimble/pkgs/simdX86-0.1.0/simdX86
  create directory /home/runner/.nimble/pkgs/simdX86-0.1.0/simdX86/c2nimsrc
  change permissions of /home/runner/.nimble/pkgs/simdX86-0.1.0/simdX86/c2nimsrc/simdAvxIntrin.c2nim to rw-r--r--
  create directory /home
  create directory /home/runner
  create directory /home/runner/.nimble
  create directory /home/runner/.nimble/pkgs
  create directory /home/runner/.nimble/pkgs/simdX86-0.1.0
  create directory /home/runner/.nimble/pkgs/simdX86-0.1.0/simdX86
  change permissions of /home/runner/.nimble/pkgs/simdX86-0.1.0/simdX86/simdAvx512Intrin.nim to rw-r--r--
  create directory /home
  create directory /home/runner
  create directory /home/runner/.nimble
  create directory /home/runner/.nimble/pkgs
  create directory /home/runner/.nimble/pkgs/simdX86-0.1.0
  create directory /home/runner/.nimble/pkgs/simdX86-0.1.0/simdX86
  change permissions of /home/runner/.nimble/pkgs/simdX86-0.1.0/simdX86/simdAvx512.nim to rw-r--r--
  create directory /home
  create directory /home/runner
  create directory /home/runner/.nimble
  create directory /home/runner/.nimble/pkgs
  create directory /home/runner/.nimble/pkgs/simdX86-0.1.0
  create directory /home/runner/.nimble/pkgs/simdX86-0.1.0/simdX86
  change permissions of /home/runner/.nimble/pkgs/simdX86-0.1.0/simdX86/simdAvxIntrin.nim to rw-r--r--
  create directory /home
  create directory /home/runner
  create directory /home/runner/.nimble
  create directory /home/runner/.nimble/pkgs
  create directory /home/runner/.nimble/pkgs/simdX86-0.1.0
  create directory /home/runner/.nimble/pkgs/simdX86-0.1.0/simdX86
  change permissions of /home/runner/.nimble/pkgs/simdX86-0.1.0/simdX86/simdAvx512Generic.nim to rw-r--r--
  create directory /home
  create directory /home/runner
  create directory /home/runner/.nimble
  create directory /home/runner/.nimble/pkgs
  create directory /home/runner/.nimble/pkgs/simdX86-0.1.0
  create directory /home/runner/.nimble/pkgs/simdX86-0.1.0/simdX86
  change permissions of /home/runner/.nimble/pkgs/simdX86-0.1.0/simdX86/simdSse.nim to rw-r--r--
  create directory /home
  create directory /home/runner
  create directory /home/runner/.nimble
  create directory /home/runner/.nimble/pkgs
  create directory /home/runner/.nimble/pkgs/simdX86-0.1.0
  create directory /home/runner/.nimble/pkgs/simdX86-0.1.0/simdX86
  change permissions of /home/runner/.nimble/pkgs/simdX86-0.1.0/simdX86/simdAvx512Test.nim to rw-r--r--
  create directory /home
  create directory /home/runner
  create directory /home/runner/.nimble
  create directory /home/runner/.nimble/pkgs
  create directory /home/runner/.nimble/pkgs/simdX86-0.1.0
  create directory /home/runner/.nimble/pkgs/simdX86-0.1.0/simdX86
  change permissions of /home/runner/.nimble/pkgs/simdX86-0.1.0/simdX86/simdX86Types.nim to rw-r--r--
  create directory /home
  create directory /home/runner
  create directory /home/runner/.nimble
  create directory /home/runner/.nimble/pkgs
  create directory /home/runner/.nimble/pkgs/simdX86-0.1.0
  create directory /home/runner/.nimble/pkgs/simdX86-0.1.0/simdX86
  change permissions of /home/runner/.nimble/pkgs/simdX86-0.1.0/simdX86/simdSseGeneric.nim to rw-r--r--
  create directory /home
  create directory /home/runner
  create directory /home/runner/.nimble
  create directory /home/runner/.nimble/pkgs
  create directory /home/runner/.nimble/pkgs/simdX86-0.1.0
  create directory /home/runner/.nimble/pkgs/simdX86-0.1.0/simdX86
  change permissions of /home/runner/.nimble/pkgs/simdX86-0.1.0/simdX86/simdSseTest.nim to rw-r--r--
  create directory /home
  create directory /home/runner
  create directory /home/runner/.nimble
  create directory /home/runner/.nimble/pkgs
  create directory /home/runner/.nimble/pkgs/simdX86-0.1.0
  create directory /home/runner/.nimble/pkgs/simdX86-0.1.0/simdX86
  change permissions of /home/runner/.nimble/pkgs/simdX86-0.1.0/simdX86/simdAvxTest.nim to rw-r--r--
  create directory /home
  create directory /home/runner
  create directory /home/runner/.nimble
  create directory /home/runner/.nimble/pkgs
  create directory /home/runner/.nimble/pkgs/simdX86-0.1.0
  create directory /home/runner/.nimble/pkgs/simdX86-0.1.0/simdX86
  change permissions of /home/runner/.nimble/pkgs/simdX86-0.1.0/simdX86/simdX86Test.nim to rw-r--r--
  create directory /home
  create directory /home/runner
  create directory /home/runner/.nimble
  create directory /home/runner/.nimble/pkgs
  create directory /home/runner/.nimble/pkgs/simdX86-0.1.0
  create directory /home/runner/.nimble/pkgs/simdX86-0.1.0/simdX86
  change permissions of /home/runner/.nimble/pkgs/simdX86-0.1.0/simdX86/simdAvxGeneric.nim to rw-r--r--
  change permissions of /home/runner/.nimble/pkgs/simdX86-0.1.0/simdX86.nimble to rw-r--r--
  create directory /tmp
  create directory /tmp/nimblecache
  create directory /tmp/nimblecache/simdX86_3650285766
  delete /tmp/nimblecache/simdX86_3650285766/simdX86.ini
  delete /tmp/nimble_11664.out
  delete /home/runner/.nimble/pkgs/simdX86-0.1.0/simdX86_11664.nims
  delete /tmp/nimble_11664/githubcom_nimlibssimdX86/simdX86.nim
  delete /tmp/nimble_11664/githubcom_nimlibssimdX86/README.md
  delete /tmp/nimble_11664/githubcom_nimlibssimdX86/.git/refs/remotes/origin/HEAD
  delete /tmp/nimble_11664/githubcom_nimlibssimdX86/.git/refs/remotes/origin
  delete /tmp/nimble_11664/githubcom_nimlibssimdX86/.git/refs/remotes
  delete /tmp/nimble_11664/githubcom_nimlibssimdX86/.git/refs/heads/master
  delete /tmp/nimble_11664/githubcom_nimlibssimdX86/.git/refs/heads
  delete /tmp/nimble_11664/githubcom_nimlibssimdX86/.git/refs/tags
  delete /tmp/nimble_11664/githubcom_nimlibssimdX86/.git/refs
  delete /tmp/nimble_11664/githubcom_nimlibssimdX86/.git/config
  delete /tmp/nimble_11664/githubcom_nimlibssimdX86/.git/logs/refs/remotes/origin/HEAD
  delete /tmp/nimble_11664/githubcom_nimlibssimdX86/.git/logs/refs/remotes/origin
  delete /tmp/nimble_11664/githubcom_nimlibssimdX86/.git/logs/refs/remotes
  delete /tmp/nimble_11664/githubcom_nimlibssimdX86/.git/logs/refs/heads/master
  delete /tmp/nimble_11664/githubcom_nimlibssimdX86/.git/logs/refs/heads
  delete /tmp/nimble_11664/githubcom_nimlibssimdX86/.git/logs/refs
  delete /tmp/nimble_11664/githubcom_nimlibssimdX86/.git/logs/HEAD
  delete /tmp/nimble_11664/githubcom_nimlibssimdX86/.git/logs
  delete /tmp/nimble_11664/githubcom_nimlibssimdX86/.git/packed-refs
  delete /tmp/nimble_11664/githubcom_nimlibssimdX86/.git/HEAD
  delete /tmp/nimble_11664/githubcom_nimlibssimdX86/.git/description
  delete /tmp/nimble_11664/githubcom_nimlibssimdX86/.git/hooks/fsmonitor-watchman.sample
  delete /tmp/nimble_11664/githubcom_nimlibssimdX86/.git/hooks/pre-commit.sample
  delete /tmp/nimble_11664/githubcom_nimlibssimdX86/.git/hooks/applypatch-msg.sample
  delete /tmp/nimble_11664/githubcom_nimlibssimdX86/.git/hooks/pre-rebase.sample
  delete /tmp/nimble_11664/githubcom_nimlibssimdX86/.git/hooks/update.sample
  delete /tmp/nimble_11664/githubcom_nimlibssimdX86/.git/hooks/pre-push.sample
  delete /tmp/nimble_11664/githubcom_nimlibssimdX86/.git/hooks/pre-receive.sample
  delete /tmp/nimble_11664/githubcom_nimlibssimdX86/.git/hooks/pre-applypatch.sample
  delete /tmp/nimble_11664/githubcom_nimlibssimdX86/.git/hooks/post-update.sample
  delete /tmp/nimble_11664/githubcom_nimlibssimdX86/.git/hooks/prepare-commit-msg.sample
  delete /tmp/nimble_11664/githubcom_nimlibssimdX86/.git/hooks/commit-msg.sample
  delete /tmp/nimble_11664/githubcom_nimlibssimdX86/.git/hooks/pre-merge-commit.sample
  delete /tmp/nimble_11664/githubcom_nimlibssimdX86/.git/hooks
  delete /tmp/nimble_11664/githubcom_nimlibssimdX86/.git/objects/pack/pack-055261f0a939db1c8bbb64b1ae001cc03e565cc5.pack
  delete /tmp/nimble_11664/githubcom_nimlibssimdX86/.git/objects/pack/pack-055261f0a939db1c8bbb64b1ae001cc03e565cc5.idx
  delete /tmp/nimble_11664/githubcom_nimlibssimdX86/.git/objects/pack
  delete /tmp/nimble_11664/githubcom_nimlibssimdX86/.git/objects/info
  delete /tmp/nimble_11664/githubcom_nimlibssimdX86/.git/objects
  delete /tmp/nimble_11664/githubcom_nimlibssimdX86/.git/branches
  delete /tmp/nimble_11664/githubcom_nimlibssimdX86/.git/index
  delete /tmp/nimble_11664/githubcom_nimlibssimdX86/.git/info/exclude
  delete /tmp/nimble_11664/githubcom_nimlibssimdX86/.git/info
  delete /tmp/nimble_11664/githubcom_nimlibssimdX86/.git/shallow
  delete /tmp/nimble_11664/githubcom_nimlibssimdX86/.git
  delete /tmp/nimble_11664/githubcom_nimlibssimdX86/simdX86.nimble
  delete /tmp/nimble_11664/githubcom_nimlibssimdX86/.gitignore
  delete /tmp/nimble_11664/githubcom_nimlibssimdX86/simdX86/simdAvx.nim
  delete /tmp/nimble_11664/githubcom_nimlibssimdX86/simdX86/simdSseIntrin.nim
  delete /tmp/nimble_11664/githubcom_nimlibssimdX86/simdX86/c2nimsrc/simdAvxGeneric.c2nim
  delete /tmp/nimble_11664/githubcom_nimlibssimdX86/simdX86/c2nimsrc/simdAvx.h
  delete /tmp/nimble_11664/githubcom_nimlibssimdX86/simdX86/c2nimsrc/simdSseGeneric.c2nim
  delete /tmp/nimble_11664/githubcom_nimlibssimdX86/simdX86/c2nimsrc/simdSse.h
  delete /tmp/nimble_11664/githubcom_nimlibssimdX86/simdX86/c2nimsrc/simdAvx512Intrin.c2nim
  delete /tmp/nimble_11664/githubcom_nimlibssimdX86/simdX86/c2nimsrc/simdSseIntrin.c2nim
  delete /tmp/nimble_11664/githubcom_nimlibssimdX86/simdX86/c2nimsrc/process.nims
  delete /tmp/nimble_11664/githubcom_nimlibssimdX86/simdX86/c2nimsrc/simdAvx512Generic.c2nim
  delete /tmp/nimble_11664/githubcom_nimlibssimdX86/simdX86/c2nimsrc/simdAvx512.h
  delete /tmp/nimble_11664/githubcom_nimlibssimdX86/simdX86/c2nimsrc/simdAvxIntrin.c2nim
  delete /tmp/nimble_11664/githubcom_nimlibssimdX86/simdX86/c2nimsrc
  delete /tmp/nimble_11664/githubcom_nimlibssimdX86/simdX86/simdAvx512Intrin.nim
  delete /tmp/nimble_11664/githubcom_nimlibssimdX86/simdX86/simdAvx512.nim
  delete /tmp/nimble_11664/githubcom_nimlibssimdX86/simdX86/simdAvxIntrin.nim
  delete /tmp/nimble_11664/githubcom_nimlibssimdX86/simdX86/simdAvx512Generic.nim
  delete /tmp/nimble_11664/githubcom_nimlibssimdX86/simdX86/simdSse.nim
  delete /tmp/nimble_11664/githubcom_nimlibssimdX86/simdX86/simdAvx512Test.nim
  delete /tmp/nimble_11664/githubcom_nimlibssimdX86/simdX86/simdX86Types.nim
  delete /tmp/nimble_11664/githubcom_nimlibssimdX86/simdX86/simdSseGeneric.nim
  delete /tmp/nimble_11664/githubcom_nimlibssimdX86/simdX86/simdSseTest.nim
  delete /tmp/nimble_11664/githubcom_nimlibssimdX86/simdX86/simdAvxTest.nim
  delete /tmp/nimble_11664/githubcom_nimlibssimdX86/simdX86/simdX86Test.nim
  delete /tmp/nimble_11664/githubcom_nimlibssimdX86/simdX86/simdAvxGeneric.nim
  delete /tmp/nimble_11664/githubcom_nimlibssimdX86/simdX86
  delete /tmp/nimble_11664/githubcom_nimlibssimdX86/LICENSE
  delete /tmp/nimble_11664/githubcom_nimlibssimdX86
  delete /tmp/nimble_11664
