      Info: Package cache path /home/runner/.nimble/pkgcache
     Info:  Nimble data file "/home/runner/.nimble/nimbledata2.json" has been loaded.
    Reading official package list
Downloading https://github.com/jrenner/nim-simplepng using git
   Warning: The package has no tagged releases, downloading HEAD instead.
open('/workspace/destdir/ssl/openssl.cnf', 32768, 0x00000000000001b6)
open('/home/runner/.config/nimble/nimble.ini', 557056, 0x00000000000001b6)
open('/home/runner/.config/babel/babel.ini', 557056, 0x00000000000001b6)
writev(1, 0x00007fff20532800, 2)
open('/home/runner/.nimble/nimbledata2.json', 557056, 0x00000000000001b6)
writev(1, 0x00007fff205328d0, 2)
writev(1, 0x00007ffea8daf8a0, 2)
writev(1, 0x00007ffea8daf930, 2)
writev(1, 0x00007ffea8daf930, 2)
writev(1, 0x00007ffea8daf930, 2)
writev(1, 0x00007fff20531300, 2)
open('/home/runner/.nimble/packages_official.json', 557056, 0x00000000000001b6)
mkdir('/home/', 0x00000000000001ff)
mkdir('/home/runner/', 0x00000000000001ff)
mkdir('/home/runner/.nimble/', 0x00000000000001ff)
mkdir('/home/runner/.nimble/pkgcache/', 0x00000000000001ff)
mkdir('/home/runner/.nimble/pkgcache/githubcom_jrennernimsimplepng', 0x00000000000001ff)
open('/home/runner/.nimble/pkgcache/githubcom_jrennernimsimplepng', 622592, 0x0000000000000000)
writev(1, 0x00007fff20531340, 2)
open('/home/runner/.nimble/pkgcache/githubcom_jrennernimsimplepng', 622592, 0x0000000000000000)
rmdir('/home/runner/.nimble/pkgcache/githubcom_jrennernimsimplepng')
writev(1, 0x00007fff20531230, 2)
mkdir(94654299461568, 0x00000000000001ff)
Error tracing process: readBytes(0x000056166be557c0, 256) error: [Errno 5] Input/output error.
