      Info: Package cache path /home/runner/.nimble/pkgcache
     Info:  Nimble data file "/home/runner/.nimble/nimbledata2.json" has been loaded.
    Reading official package list
Downloading https://github.com/Q-Master/statsdclient.nim using git
    Cloning latest tagged version: v0.2.0
open('/workspace/destdir/ssl/openssl.cnf', 32768, 0x00000000000001b6)
open('/home/runner/.config/nimble/nimble.ini', 557056, 0x00000000000001b6)
open('/home/runner/.config/babel/babel.ini', 557056, 0x00000000000001b6)
writev(1, 0x00007ffce7613600, 2)
open('/home/runner/.nimble/nimbledata2.json', 557056, 0x00000000000001b6)
writev(1, 0x00007ffce76136d0, 2)
writev(1, 0x00007ffd5a525b10, 2)
writev(1, 0x00007ffd5a525ba0, 2)
writev(1, 0x00007ffd5a525ba0, 2)
writev(1, 0x00007ffd5a525ba0, 2)
writev(1, 0x00007ffce7612100, 2)
open('/home/runner/.nimble/packages_official.json', 557056, 0x00000000000001b6)
mkdir('/home/', 0x00000000000001ff)
mkdir('/home/runner/', 0x00000000000001ff)
mkdir('/home/runner/.nimble/', 0x00000000000001ff)
mkdir('/home/runner/.nimble/pkgcache/', 0x00000000000001ff)
mkdir('/home/runner/.nimble/pkgcache/githubcom_QMasterstatsdclientnim', 0x00000000000001ff)
open('/home/runner/.nimble/pkgcache/githubcom_QMasterstatsdclientnim', 622592, 0x0000000000000000)
writev(1, 0x00007ffce7612140, 2)
open('/home/runner/.nimble/pkgcache/githubcom_QMasterstatsdclientnim', 622592, 0x0000000000000000)
rmdir('/home/runner/.nimble/pkgcache/githubcom_QMasterstatsdclientnim')
writev(1, 0x00007ffce7612030, 2)
mkdir(94137389484048, 0x00000000000001ff)
Error tracing process: readBytes(0x0000559e11a90810, 256) error: [Errno 5] Input/output error.
