      Info: Package cache path /home/runner/.nimble/pkgcache
     Info:  Nimble data file "/home/runner/.nimble/nimbledata2.json" has been loaded.
    Reading official package list
Downloading https://github.com/jxy/sitmo using git
    Cloning latest tagged version: v0.0.2
open('/workspace/destdir/ssl/openssl.cnf', 32768, 0x00000000000001b6)
open('/home/runner/.config/nimble/nimble.ini', 557056, 0x00000000000001b6)
open('/home/runner/.config/babel/babel.ini', 557056, 0x00000000000001b6)
writev(1, 0x00007ffcbf7e58d0, 2)
open('/home/runner/.nimble/nimbledata2.json', 557056, 0x00000000000001b6)
writev(1, 0x00007ffcbf7e59a0, 2)
writev(1, 0x00007ffcd1d1f8b0, 2)
writev(1, 0x00007ffcd1d1f940, 2)
writev(1, 0x00007ffcd1d1f940, 2)
writev(1, 0x00007ffcd1d1f940, 2)
writev(1, 0x00007ffcbf7e43d0, 2)
open('/home/runner/.nimble/packages_official.json', 557056, 0x00000000000001b6)
mkdir('/home/', 0x00000000000001ff)
mkdir('/home/runner/', 0x00000000000001ff)
mkdir('/home/runner/.nimble/', 0x00000000000001ff)
mkdir('/home/runner/.nimble/pkgcache/', 0x00000000000001ff)
mkdir('/home/runner/.nimble/pkgcache/githubcom_jxysitmo', 0x00000000000001ff)
open('/home/runner/.nimble/pkgcache/githubcom_jxysitmo', 622592, 0x0000000000000000)
writev(1, 0x00007ffcbf7e4410, 2)
open('/home/runner/.nimble/pkgcache/githubcom_jxysitmo', 622592, 0x0000000000000000)
rmdir('/home/runner/.nimble/pkgcache/githubcom_jxysitmo')
writev(1, 0x00007ffcbf7e4300, 2)
mkdir(94570164750240, 0x00000000000001ff)
Error tracing process: readBytes(0x00005602d51387a0, 256) error: [Errno 5] Input/output error.
