    Reading official package list
Downloading https://github.com/Skrylar/skyhash using git
mkdir('/tmp', 0x00000000000001ff)
mkdir('/tmp/nimble_25878', 0x00000000000001ff)
mkdir('/tmp/nimble_25878/githubcom_Skrylarskyhash', 0x00000000000001ff)
rmdir('/tmp/nimble_25878/githubcom_Skrylarskyhash')
mkdir('/tmp/nimble_25878/githubcom_Skrylarskyhash', 0x00000000000001ff)
mkdir('/tmp/nimble_25878/githubcom_Skrylarskyhash/.git', 0x00000000000001ff)
mkdir('/tmp/nimble_25878/githubcom_Skrylarskyhash/.git/', 0x00000000000001ff)
mkdir('/tmp/nimble_25878/githubcom_Skrylarskyhash/.git/info/', 0x00000000000001ff)
mkdir('/tmp/nimble_25878/githubcom_Skrylarskyhash/.git/branches/', 0x00000000000001ff)
mkdir('/tmp/nimble_25878/githubcom_Skrylarskyhash/.git/hooks/', 0x00000000000001ff)
mkdir('/tmp/nimble_25878/githubcom_Skrylarskyhash/.git/refs', 0x00000000000001ff)
mkdir('/tmp/nimble_25878/githubcom_Skrylarskyhash/.git/refs/heads', 0x00000000000001ff)
mkdir('/tmp/nimble_25878/githubcom_Skrylarskyhash/.git/refs/tags', 0x00000000000001ff)
rename('/tmp/nimble_25878/githubcom_Skrylarskyhash/.git/HEAD.lock', '/tmp/nimble_25878/githubcom_Skrylarskyhash/.git/HEAD')
rename('/tmp/nimble_25878/githubcom_Skrylarskyhash/.git/config.lock', '/tmp/nimble_25878/githubcom_Skrylarskyhash/.git/config')
chmod('/tmp/nimble_25878/githubcom_Skrylarskyhash/.git/config', 0x00000000000081e4)
chmod('/tmp/nimble_25878/githubcom_Skrylarskyhash/.git/config', 0x00000000000081a4)
chmod('/tmp/nimble_25878/githubcom_Skrylarskyhash/.git/config.lock', 0x00000000000001a4)
rename('/tmp/nimble_25878/githubcom_Skrylarskyhash/.git/config.lock', '/tmp/nimble_25878/githubcom_Skrylarskyhash/.git/config')
chmod('/tmp/nimble_25878/githubcom_Skrylarskyhash/.git/config.lock', 0x00000000000001a4)
rename('/tmp/nimble_25878/githubcom_Skrylarskyhash/.git/config.lock', '/tmp/nimble_25878/githubcom_Skrylarskyhash/.git/config')
chmod('/tmp/nimble_25878/githubcom_Skrylarskyhash/.git/config.lock', 0x00000000000001a4)
rename('/tmp/nimble_25878/githubcom_Skrylarskyhash/.git/config.lock', '/tmp/nimble_25878/githubcom_Skrylarskyhash/.git/config')
unlink('/tmp/nimble_25878/githubcom_Skrylarskyhash/.git/tuKPix3')
symlink('testing', '/tmp/nimble_25878/githubcom_Skrylarskyhash/.git/tuKPix3')
unlink('/tmp/nimble_25878/githubcom_Skrylarskyhash/.git/tuKPix3')
mkdir('/tmp/nimble_25878/githubcom_Skrylarskyhash/.git/objects', 0x00000000000001ff)
mkdir('/tmp/nimble_25878/githubcom_Skrylarskyhash/.git/objects/pack', 0x00000000000001ff)
mkdir('/tmp/nimble_25878/githubcom_Skrylarskyhash/.git/objects/info', 0x00000000000001ff)
chmod('/tmp/nimble_25878/githubcom_Skrylarskyhash/.git/config.lock', 0x00000000000001a4)
rename('/tmp/nimble_25878/githubcom_Skrylarskyhash/.git/config.lock', '/tmp/nimble_25878/githubcom_Skrylarskyhash/.git/config')
chmod('/tmp/nimble_25878/githubcom_Skrylarskyhash/.git/config.lock', 0x00000000000001a4)
rename('/tmp/nimble_25878/githubcom_Skrylarskyhash/.git/config.lock', '/tmp/nimble_25878/githubcom_Skrylarskyhash/.git/config')
chmod('/tmp/nimble_25878/githubcom_Skrylarskyhash/.git/config.lock', 0x00000000000001a4)
rename('/tmp/nimble_25878/githubcom_Skrylarskyhash/.git/config.lock', '/tmp/nimble_25878/githubcom_Skrylarskyhash/.git/config')
mkdir('/tmp/nimble_25878/githubcom_Skrylarskyhash/.git/objects/cd', 0x00000000000001ff)
link('/tmp/nimble_25878/githubcom_Skrylarskyhash/.git/objects/cd/tmp_obj_BVG9Nk', '/tmp/nimble_25878/githubcom_Skrylarskyhash/.git/objects/cd/5229fd0263a368fb12f65697d10549b078e9fb')
unlink('/tmp/nimble_25878/githubcom_Skrylarskyhash/.git/objects/cd/tmp_obj_BVG9Nk')
mkdir('/tmp/nimble_25878/githubcom_Skrylarskyhash/.git/objects/c4', 0x00000000000001ff)
link('/tmp/nimble_25878/githubcom_Skrylarskyhash/.git/objects/c4/tmp_obj_YCD50d', '/tmp/nimble_25878/githubcom_Skrylarskyhash/.git/objects/c4/9c1eb2f59683e2fe6844b982be4637b240d9ad')
unlink('/tmp/nimble_25878/githubcom_Skrylarskyhash/.git/objects/c4/tmp_obj_YCD50d')
mkdir('/tmp/nimble_25878/githubcom_Skrylarskyhash/.git/objects/e8', 0x00000000000001ff)
link('/tmp/nimble_25878/githubcom_Skrylarskyhash/.git/objects/e8/tmp_obj_s0RQcf', '/tmp/nimble_25878/githubcom_Skrylarskyhash/.git/objects/e8/138cc5fdad0901dd0e29d07d943fa47569aaa5')
unlink('/tmp/nimble_25878/githubcom_Skrylarskyhash/.git/objects/e8/tmp_obj_s0RQcf')
mkdir('/tmp/nimble_25878/githubcom_Skrylarskyhash/.git/objects/04', 0x00000000000001ff)
link('/tmp/nimble_25878/githubcom_Skrylarskyhash/.git/objects/04/tmp_obj_E250hl', '/tmp/nimble_25878/githubcom_Skrylarskyhash/.git/objects/04/eaceedd24cfb61c6762238da8ee479e88c9b92')
unlink('/tmp/nimble_25878/githubcom_Skrylarskyhash/.git/objects/04/tmp_obj_E250hl')
mkdir('/tmp/nimble_25878/githubcom_Skrylarskyhash/.git/objects/8b', 0x00000000000001ff)
link('/tmp/nimble_25878/githubcom_Skrylarskyhash/.git/objects/8b/tmp_obj_etadQn', '/tmp/nimble_25878/githubcom_Skrylarskyhash/.git/objects/8b/925b5d7a4b5edbab3267cbd97ae47d4fbe6538')
unlink('/tmp/nimble_25878/githubcom_Skrylarskyhash/.git/objects/8b/tmp_obj_etadQn')
mkdir('/tmp/nimble_25878/githubcom_Skrylarskyhash/.git/objects/9d', 0x00000000000001ff)
link('/tmp/nimble_25878/githubcom_Skrylarskyhash/.git/objects/9d/tmp_obj_QKJ9mo', '/tmp/nimble_25878/githubcom_Skrylarskyhash/.git/objects/9d/56214b367cf37dc256aae2135e1d354db54445')
unlink('/tmp/nimble_25878/githubcom_Skrylarskyhash/.git/objects/9d/tmp_obj_QKJ9mo')
mkdir('/tmp/nimble_25878/githubcom_Skrylarskyhash/.git/objects/d3', 0x00000000000001ff)
link('/tmp/nimble_25878/githubcom_Skrylarskyhash/.git/objects/d3/tmp_obj_0hQl9u', '/tmp/nimble_25878/githubcom_Skrylarskyhash/.git/objects/d3/2e74a092e17607a7fdeb1563591e66eb97d356')
unlink('/tmp/nimble_25878/githubcom_Skrylarskyhash/.git/objects/d3/tmp_obj_0hQl9u')
mkdir('/tmp/nimble_25878/githubcom_Skrylarskyhash/.git/objects/02', 0x00000000000001ff)
link('/tmp/nimble_25878/githubcom_Skrylarskyhash/.git/objects/02/tmp_obj_cMEXcw', '/tmp/nimble_25878/githubcom_Skrylarskyhash/.git/objects/02/af79cd2fa488be6108523c8ca1fe97d68501f0')
unlink('/tmp/nimble_25878/githubcom_Skrylarskyhash/.git/objects/02/tmp_obj_cMEXcw')
mkdir('/tmp/nimble_25878/githubcom_Skrylarskyhash/.git/objects/fa', 0x00000000000001ff)
link('/tmp/nimble_25878/githubcom_Skrylarskyhash/.git/objects/fa/tmp_obj_0vJYIx', '/tmp/nimble_25878/githubcom_Skrylarskyhash/.git/objects/fa/4aa840a45269d777bdc72e22342474e13f4f76')
unlink('/tmp/nimble_25878/githubcom_Skrylarskyhash/.git/objects/fa/tmp_obj_0vJYIx')
mkdir('/tmp/nimble_25878/githubcom_Skrylarskyhash/.git/objects/7c', 0x00000000000001ff)
link('/tmp/nimble_25878/githubcom_Skrylarskyhash/.git/objects/7c/tmp_obj_6mb0CE', '/tmp/nimble_25878/githubcom_Skrylarskyhash/.git/objects/7c/5ad12c8db0d746aa6b7c8f33c1c2cb7192e72c')
unlink('/tmp/nimble_25878/githubcom_Skrylarskyhash/.git/objects/7c/tmp_obj_6mb0CE')
mkdir('/tmp/nimble_25878/githubcom_Skrylarskyhash/.git/objects/f2', 0x00000000000001ff)
link('/tmp/nimble_25878/githubcom_Skrylarskyhash/.git/objects/f2/tmp_obj_mZATGF', '/tmp/nimble_25878/githubcom_Skrylarskyhash/.git/objects/f2/7fd6b16ea79e6e06b7200927b73abeeb600e62')
unlink('/tmp/nimble_25878/githubcom_Skrylarskyhash/.git/objects/f2/tmp_obj_mZATGF')
mkdir('/tmp/nimble_25878/githubcom_Skrylarskyhash/.git/objects/64', 0x00000000000001ff)
link('/tmp/nimble_25878/githubcom_Skrylarskyhash/.git/objects/64/tmp_obj_OHotgL', '/tmp/nimble_25878/githubcom_Skrylarskyhash/.git/objects/64/e0825246f904de83c036a459753d39a238fa2d')
unlink('/tmp/nimble_25878/githubcom_Skrylarskyhash/.git/objects/64/tmp_obj_OHotgL')
mkdir('/tmp/nimble_25878/githubcom_Skrylarskyhash/.git/objects/ba', 0x00000000000001ff)
link('/tmp/nimble_25878/githubcom_Skrylarskyhash/.git/objects/ba/tmp_obj_4bshcP', '/tmp/nimble_25878/githubcom_Skrylarskyhash/.git/objects/ba/ed4d4a57b57409791d329a142452cef28a293a')
unlink('/tmp/nimble_25878/githubcom_Skrylarskyhash/.git/objects/ba/tmp_obj_4bshcP')
mkdir('/tmp/nimble_25878/githubcom_Skrylarskyhash/.git/objects/4f', 0x00000000000001ff)
link('/tmp/nimble_25878/githubcom_Skrylarskyhash/.git/objects/4f/tmp_obj_OTcaXT', '/tmp/nimble_25878/githubcom_Skrylarskyhash/.git/objects/4f/f668938770f950d4337d36f74582133b934172')
unlink('/tmp/nimble_25878/githubcom_Skrylarskyhash/.git/objects/4f/tmp_obj_OTcaXT')
mkdir('/tmp/nimble_25878/githubcom_Skrylarskyhash/.git/objects/12', 0x00000000000001ff)       Info /tmp/nimble_25878/githubcom_Skrylarskyhash/skyhash_25878.nims(1, 8) Warning: imported and not used: 'system' [UnusedImport]
        ... /tmp/nimble_25878/githubcom_Skrylarskyhash/skyhash_25878.nims(5, 22) Warning: imported and not used: 'strutils' [UnusedImport]
  Verifying dependencies for skyhash@0.1.0
 Installing skyhash@0.1.0
    Copying file /tmp/nimble_25878/githubcom_Skrylarskyhash/src/skyhash/primitives.nim to /home/runner/.nimble/pkgs/skyhash-0.1.0/skyhash/primitives.nim
    Copying file /tmp/nimble_25878/githubcom_Skrylarskyhash/src/skyhash/spooky2.nim to /home/runner/.nimble/pkgs/skyhash-0.1.0/skyhash/spooky2.nim
    Copying file /tmp/nimble_25878/githubcom_Skrylarskyhash/src/skyhash/blake2b.nim to /home/runner/.nimble/pkgs/skyhash-0.1.0/skyhash/blake2b.nim
    Copying file /tmp/nimble_25878/githubcom_Skrylarskyhash/src/skyhash/blake2s.nim to /home/runner/.nimble/pkgs/skyhash-0.1.0/skyhash/blake2s.nim

link('/tmp/nimble_25878/githubcom_Skrylarskyhash/.git/objects/12/tmp_obj_YGzmFZ', '/tmp/nimble_25878/githubcom_Skrylarskyhash/.git/objects/12/802ae08ff1df4e550f46e8848c2db1b7e1862e')
unlink('/tmp/nimble_25878/githubcom_Skrylarskyhash/.git/objects/12/tmp_obj_YGzmFZ')
mkdir('/tmp/nimble_25878/githubcom_Skrylarskyhash/.git/objects/03', 0x00000000000001ff)
link('/tmp/nimble_25878/githubcom_Skrylarskyhash/.git/objects/03/tmp_obj_8vh1A3', '/tmp/nimble_25878/githubcom_Skrylarskyhash/.git/objects/03/ba759ce93210d0337559db4339d42a6dc56dc3')
unlink('/tmp/nimble_25878/githubcom_Skrylarskyhash/.git/objects/03/tmp_obj_8vh1A3')
mkdir('/tmp/nimble_25878/githubcom_Skrylarskyhash/.git/objects/cc', 0x00000000000001ff)
link('/tmp/nimble_25878/githubcom_Skrylarskyhash/.git/objects/cc/tmp_obj_KpOmC6', '/tmp/nimble_25878/githubcom_Skrylarskyhash/.git/objects/cc/7fdfbe23d6e4c0ddfaee75c5326746af99498f')
unlink('/tmp/nimble_25878/githubcom_Skrylarskyhash/.git/objects/cc/tmp_obj_KpOmC6')
mkdir('/tmp/nimble_25878/githubcom_Skrylarskyhash/.git/objects/4a', 0x00000000000001ff)
link('/tmp/nimble_25878/githubcom_Skrylarskyhash/.git/objects/4a/tmp_obj_sKJgE8', '/tmp/nimble_25878/githubcom_Skrylarskyhash/.git/objects/4a/e8e1c6d4515528b7c0f3d512f438f1a9807c67')
unlink('/tmp/nimble_25878/githubcom_Skrylarskyhash/.git/objects/4a/tmp_obj_sKJgE8')
mkdir('/tmp/nimble_25878/githubcom_Skrylarskyhash/.git/objects/32', 0x00000000000001ff)
link('/tmp/nimble_25878/githubcom_Skrylarskyhash/.git/objects/32/tmp_obj_gOyiha', '/tmp/nimble_25878/githubcom_Skrylarskyhash/.git/objects/32/d6dd20bfb301ecfc728e18ad0a5f7d9d266def')
unlink('/tmp/nimble_25878/githubcom_Skrylarskyhash/.git/objects/32/tmp_obj_gOyiha')
mkdir('/tmp/nimble_25878/githubcom_Skrylarskyhash/.git/objects/69', 0x00000000000001ff)
link('/tmp/nimble_25878/githubcom_Skrylarskyhash/.git/objects/69/tmp_obj_0JgETd', '/tmp/nimble_25878/githubcom_Skrylarskyhash/.git/objects/69/4cfccc3152724e4a083f80be011d82d7af1a20')
unlink('/tmp/nimble_25878/githubcom_Skrylarskyhash/.git/objects/69/tmp_obj_0JgETd')
mkdir('/tmp/nimble_25878/githubcom_Skrylarskyhash/.git/objects/ef', 0x00000000000001ff)
link('/tmp/nimble_25878/githubcom_Skrylarskyhash/.git/objects/ef/tmp_obj_6qXLDk', '/tmp/nimble_25878/githubcom_Skrylarskyhash/.git/objects/ef/217d8f253044919795d9636ece82d6919ce551')
unlink('/tmp/nimble_25878/githubcom_Skrylarskyhash/.git/objects/ef/tmp_obj_6qXLDk')
mkdir('/tmp/nimble_25878/githubcom_Skrylarskyhash/.git/objects/91', 0x00000000000001ff)
link('/tmp/nimble_25878/githubcom_Skrylarskyhash/.git/objects/91/tmp_obj_1t8X7d', '/tmp/nimble_25878/githubcom_Skrylarskyhash/.git/objects/91/d8b7b336b52c3b462a9e8b53bfa5bbc42dc2ea')
unlink('/tmp/nimble_25878/githubcom_Skrylarskyhash/.git/objects/91/tmp_obj_1t8X7d')
mkdir('/tmp/nimble_25878/githubcom_Skrylarskyhash/.git/objects/a3', 0x00000000000001ff)
link('/tmp/nimble_25878/githubcom_Skrylarskyhash/.git/objects/a3/tmp_obj_RscTQc', '/tmp/nimble_25878/githubcom_Skrylarskyhash/.git/objects/a3/8260cc2d7bb3cce8e782b258d96557d8d3ae31')
unlink('/tmp/nimble_25878/githubcom_Skrylarskyhash/.git/objects/a3/tmp_obj_RscTQc')
mkdir('/tmp/nimble_25878/githubcom_Skrylarskyhash/.git/objects/66', 0x00000000000001ff)
link('/tmp/nimble_25878/githubcom_Skrylarskyhash/.git/objects/66/tmp_obj_hdMEsy', '/tmp/nimble_25878/githubcom_Skrylarskyhash/.git/objects/66/b165dd48fc3b074e6ed20f0df9e31b8726daee')
unlink('/tmp/nimble_25878/githubcom_Skrylarskyhash/.git/objects/66/tmp_obj_hdMEsy')
rename('/tmp/nimble_25878/githubcom_Skrylarskyhash/.git/shallow.lock', '/tmp/nimble_25878/githubcom_Skrylarskyhash/.git/shallow')
rename('/tmp/nimble_25878/githubcom_Skrylarskyhash/.git/packed-refs.new', '/tmp/nimble_25878/githubcom_Skrylarskyhash/.git/packed-refs')
unlink('/tmp/nimble_25878/githubcom_Skrylarskyhash/.git/packed-refs.lock')
mkdir('/tmp/nimble_25878/githubcom_Skrylarskyhash/.git/refs/remotes', 0x00000000000001ff)
mkdir('/tmp/nimble_25878/githubcom_Skrylarskyhash/.git/refs/remotes/origin', 0x00000000000001ff)
mkdir('/tmp/nimble_25878/githubcom_Skrylarskyhash/.git/logs', 0x00000000000001ff)
mkdir('/tmp/nimble_25878/githubcom_Skrylarskyhash/.git/logs/refs', 0x00000000000001ff)
mkdir('/tmp/nimble_25878/githubcom_Skrylarskyhash/.git/logs/refs/remotes', 0x00000000000001ff)
mkdir('/tmp/nimble_25878/githubcom_Skrylarskyhash/.git/logs/refs/remotes/origin', 0x00000000000001ff)
rename('/tmp/nimble_25878/githubcom_Skrylarskyhash/.git/refs/remotes/origin/HEAD.lock', '/tmp/nimble_25878/githubcom_Skrylarskyhash/.git/refs/remotes/origin/HEAD')
rename('/tmp/nimble_25878/githubcom_Skrylarskyhash/.git/HEAD.lock', '/tmp/nimble_25878/githubcom_Skrylarskyhash/.git/HEAD')
mkdir('/tmp/nimble_25878/githubcom_Skrylarskyhash/.git/logs/refs/heads', 0x00000000000001ff)
rename('/tmp/nimble_25878/githubcom_Skrylarskyhash/.git/refs/heads/master.lock', '/tmp/nimble_25878/githubcom_Skrylarskyhash/.git/refs/heads/master')
unlink('/tmp/nimble_25878/githubcom_Skrylarskyhash/.git/HEAD.lock')
chmod('/tmp/nimble_25878/githubcom_Skrylarskyhash/.git/config.lock', 0x00000000000001a4)
rename('/tmp/nimble_25878/githubcom_Skrylarskyhash/.git/config.lock', '/tmp/nimble_25878/githubcom_Skrylarskyhash/.git/config')
chmod('/tmp/nimble_25878/githubcom_Skrylarskyhash/.git/config.lock', 0x00000000000001a4)
rename('/tmp/nimble_25878/githubcom_Skrylarskyhash/.git/config.lock', '/tmp/nimble_25878/githubcom_Skrylarskyhash/.git/config')
mkdir('docs', 0x00000000000001ff)
mkdir('src', 0x00000000000001ff)
mkdir('src/skyhash', 0x00000000000001ff)
mkdir('tests', 0x00000000000001ff)
rename('/tmp/nimble_25878/githubcom_Skrylarskyhash/.git/index.lock', '/tmp/nimble_25878/githubcom_Skrylarskyhash/.git/index')
mkdir('/tmp', 0x00000000000001ff)
mkdir('/tmp/nimblecache', 0x00000000000001ff)
mkdir('/tmp/nimblecache/skyhash_2918491344', 0x00000000000001ff)
unlink('/tmp/nimblecache/skyhash_2918491344/skyhash.ini')
unlink('/tmp/nimble_25878.out')
unlink('/tmp/nimble_25878/githubcom_Skrylarskyhash/skyhash_25878.nims')
mkdir('/home', 0x00000000000001ff)
mkdir('/home/runner', 0x00000000000001ff)
mkdir('/home/runner/.nimble', 0x00000000000001ff)
mkdir('/home/runner/.nimble/pkgs', 0x00000000000001ff)
mkdir('/home/runner/.nimble/pkgs/skyhash-0.1.0', 0x00000000000001ff)
mkdir('/home', 0x00000000000001ff)
mkdir('/home/runner', 0x00000000000001ff)
mkdir('/home/runner/.nimble', 0x00000000000001ff)
mkdir('/home/runner/.nimble/pkgs', 0x00000000000001ff)
mkdir('/home/runner/.nimble/pkgs/skyhash-0.1.0', 0x00000000000001ff)
mkdir('/home/runner/.nimble/pkgs/skyhash-0.1.0/skyhash', 0x00000000000001ff)
chmod('/home/runner/.nimble/pkgs/skyhash-0.1.0/skyhash/primitives.nim', 0x00000000000001a4)
mkdir('/home', 0x00000000000001ff)
mkdir('/home/runner', 0x00000000000001ff)
mkdir('/home/runner/.nimble', 0x00000000000001ff)
mkdir('/home/runner/.nimble/pkgs', 0x00000000000001ff)
mkdir('/home/runner/.nimble/pkgs/skyhash-0.1.0', 0x00000000000001ff)
mkdir('/home/runner/.nimble/pkgs/skyhash-0.1.0/skyhash', 0x00000000000001ff)
chmod('/home/runner/.nimble/pkgs/skyhash-0.1.0/skyhash/spooky2.nim', 0x00000000000001a4)
mkdir('/home', 0x00000000000001ff)
mkdir('/home/runner', 0x00000000000001ff)
mkdir('/home/runner/.nimble', 0x00000000000001ff)
mkdir('/home/runner/.nimble/pkgs', 0x00000000000001ff)
mkdir('/home/runner/.nimble/pkgs/skyhash-0.1.0', 0x00000000000001ff)
mkdir('/home/runner/.nimble/pkgs/skyhash-0.1.0/skyhash', 0x00000000000001ff)
chmod('/home/runner/.nimble/pkgs/skyhash-0.1.0/skyhash/blake2b.nim', 0x00000000000001a4)
mkdir('/home', 0x00000000000001ff)
mkdir('/home/runner', 0x00000000000001ff)
mkdir('/home/runner/.nimble', 0x00000000000001ff)
mkdir('/home/runner/.nimble/pkgs', 0x00000000000001ff)
mkdir('/home/runner/.nimble/pkgs/skyhash-0.1.0', 0x00000000000001ff)
mkdir('/home/runner/.nimble/pkgs/skyhash-0.1.0/skyhash', 0x00000000000001ff)
chmod('/home/runner/.nimble/pkgs/skyhash-0.1.0/skyhash/blake2s.nim', 0x00000000000001a4)
mkdir('/home', 0x00000000000001ff)
mkdir('/home/runner', 0x00000000000001ff)
mkdir('/home/runner/.nimble', 0x00000000000001ff)
mkdir('/home/runner/.nimble/pkgs', 0x00000000000001ff)
mkdir('/home/runner/.nimble/pkgs/skyhash-0.1.0', 0x00000000000001ff)
mkdir('/home/runner/.nimble/pkgs/skyhash-0.1.0/skyhash', 0x00000000000001ff)    Copying file /tmp/nimble_25878/githubcom_Skrylarskyhash/src/skyhash/spooky2_test.do to /home/runner/.nimble/pkgs/skyhash-0.1.0/skyhash/spooky2_test.do
    Copying file /tmp/nimble_25878/githubcom_Skrylarskyhash/src/skyhash/xxhash.nim to /home/runner/.nimble/pkgs/skyhash-0.1.0/skyhash/xxhash.nim
    Copying file /tmp/nimble_25878/githubcom_Skrylarskyhash/src/skyhash/test.nim to /home/runner/.nimble/pkgs/skyhash-0.1.0/skyhash/test.nim
    Copying file /tmp/nimble_25878/githubcom_Skrylarskyhash/src/test.do to /home/runner/.nimble/pkgs/skyhash-0.1.0/test.do
    Copying file /tmp/nimble_25878/githubcom_Skrylarskyhash/src/skyhash.nim to /home/runner/.nimble/pkgs/skyhash-0.1.0/skyhash.nim
    Copying file /tmp/nimble_25878/githubcom_Skrylarskyhash/skyhash.nimble to /home/runner/.nimble/pkgs/skyhash-0.1.0/skyhash.nimble
   Success: skyhash installed successfully.
       Info /home/runner/.nimble/pkgs/skyhash-0.1.0/skyhash_25878.nims(1, 8) Warning: imported and not used: 'system' [UnusedImport]
        ... /home/runner/.nimble/pkgs/skyhash-0.1.0/skyhash_25878.nims(5, 22) Warning: imported and not used: 'strutils' [UnusedImport]

chmod('/home/runner/.nimble/pkgs/skyhash-0.1.0/skyhash/spooky2_test.do', 0x00000000000001a4)
mkdir('/home', 0x00000000000001ff)
mkdir('/home/runner', 0x00000000000001ff)
mkdir('/home/runner/.nimble', 0x00000000000001ff)
mkdir('/home/runner/.nimble/pkgs', 0x00000000000001ff)
mkdir('/home/runner/.nimble/pkgs/skyhash-0.1.0', 0x00000000000001ff)
mkdir('/home/runner/.nimble/pkgs/skyhash-0.1.0/skyhash', 0x00000000000001ff)
chmod('/home/runner/.nimble/pkgs/skyhash-0.1.0/skyhash/xxhash.nim', 0x00000000000001a4)
mkdir('/home', 0x00000000000001ff)
mkdir('/home/runner', 0x00000000000001ff)
mkdir('/home/runner/.nimble', 0x00000000000001ff)
mkdir('/home/runner/.nimble/pkgs', 0x00000000000001ff)
mkdir('/home/runner/.nimble/pkgs/skyhash-0.1.0', 0x00000000000001ff)
mkdir('/home/runner/.nimble/pkgs/skyhash-0.1.0/skyhash', 0x00000000000001ff)
chmod('/home/runner/.nimble/pkgs/skyhash-0.1.0/skyhash/test.nim', 0x00000000000001a4)
mkdir('/home', 0x00000000000001ff)
mkdir('/home/runner', 0x00000000000001ff)
mkdir('/home/runner/.nimble', 0x00000000000001ff)
mkdir('/home/runner/.nimble/pkgs', 0x00000000000001ff)
mkdir('/home/runner/.nimble/pkgs/skyhash-0.1.0', 0x00000000000001ff)
chmod('/home/runner/.nimble/pkgs/skyhash-0.1.0/test.do', 0x00000000000001a4)
mkdir('/home', 0x00000000000001ff)
mkdir('/home/runner', 0x00000000000001ff)
mkdir('/home/runner/.nimble', 0x00000000000001ff)
mkdir('/home/runner/.nimble/pkgs', 0x00000000000001ff)
mkdir('/home/runner/.nimble/pkgs/skyhash-0.1.0', 0x00000000000001ff)
chmod('/home/runner/.nimble/pkgs/skyhash-0.1.0/skyhash.nim', 0x00000000000001a4)
chmod('/home/runner/.nimble/pkgs/skyhash-0.1.0/skyhash.nimble', 0x00000000000001a4)
mkdir('/tmp', 0x00000000000001ff)
mkdir('/tmp/nimblecache', 0x00000000000001ff)
mkdir('/tmp/nimblecache/skyhash_3351746953', 0x00000000000001ff)
unlink('/tmp/nimblecache/skyhash_3351746953/skyhash.ini')
unlink('/tmp/nimble_25878.out')
unlink('/home/runner/.nimble/pkgs/skyhash-0.1.0/skyhash_25878.nims')
unlink('/tmp/nimble_25878/githubcom_Skrylarskyhash/docs/spooky.adoc')
unlink('/tmp/nimble_25878/githubcom_Skrylarskyhash/docs/readme-base.adoc')
unlink('/tmp/nimble_25878/githubcom_Skrylarskyhash/docs/blake.adoc')
unlink('/tmp/nimble_25878/githubcom_Skrylarskyhash/docs/xxhash.adoc')
rmdir('/tmp/nimble_25878/githubcom_Skrylarskyhash/docs')
unlink('/tmp/nimble_25878/githubcom_Skrylarskyhash/mission-control.py')
unlink('/tmp/nimble_25878/githubcom_Skrylarskyhash/README.md')
unlink('/tmp/nimble_25878/githubcom_Skrylarskyhash/.git/refs/remotes/origin/HEAD')
rmdir('/tmp/nimble_25878/githubcom_Skrylarskyhash/.git/refs/remotes/origin')
rmdir('/tmp/nimble_25878/githubcom_Skrylarskyhash/.git/refs/remotes')
rmdir('/tmp/nimble_25878/githubcom_Skrylarskyhash/.git/refs/tags')
unlink('/tmp/nimble_25878/githubcom_Skrylarskyhash/.git/refs/heads/master')
rmdir('/tmp/nimble_25878/githubcom_Skrylarskyhash/.git/refs/heads')
rmdir('/tmp/nimble_25878/githubcom_Skrylarskyhash/.git/refs')
unlink('/tmp/nimble_25878/githubcom_Skrylarskyhash/.git/info/exclude')
rmdir('/tmp/nimble_25878/githubcom_Skrylarskyhash/.git/info')
rmdir('/tmp/nimble_25878/githubcom_Skrylarskyhash/.git/branches')
unlink('/tmp/nimble_25878/githubcom_Skrylarskyhash/.git/logs/refs/remotes/origin/HEAD')
rmdir('/tmp/nimble_25878/githubcom_Skrylarskyhash/.git/logs/refs/remotes/origin')
rmdir('/tmp/nimble_25878/githubcom_Skrylarskyhash/.git/logs/refs/remotes')
unlink('/tmp/nimble_25878/githubcom_Skrylarskyhash/.git/logs/refs/heads/master')
rmdir('/tmp/nimble_25878/githubcom_Skrylarskyhash/.git/logs/refs/heads')
rmdir('/tmp/nimble_25878/githubcom_Skrylarskyhash/.git/logs/refs')
unlink('/tmp/nimble_25878/githubcom_Skrylarskyhash/.git/logs/HEAD')
rmdir('/tmp/nimble_25878/githubcom_Skrylarskyhash/.git/logs')
unlink('/tmp/nimble_25878/githubcom_Skrylarskyhash/.git/description')
unlink('/tmp/nimble_25878/githubcom_Skrylarskyhash/.git/hooks/pre-rebase.sample')
unlink('/tmp/nimble_25878/githubcom_Skrylarskyhash/.git/hooks/applypatch-msg.sample')
unlink('/tmp/nimble_25878/githubcom_Skrylarskyhash/.git/hooks/pre-push.sample')
unlink('/tmp/nimble_25878/githubcom_Skrylarskyhash/.git/hooks/pre-merge-commit.sample')
unlink('/tmp/nimble_25878/githubcom_Skrylarskyhash/.git/hooks/pre-receive.sample')
unlink('/tmp/nimble_25878/githubcom_Skrylarskyhash/.git/hooks/update.sample')
unlink('/tmp/nimble_25878/githubcom_Skrylarskyhash/.git/hooks/pre-commit.sample')
unlink('/tmp/nimble_25878/githubcom_Skrylarskyhash/.git/hooks/pre-applypatch.sample')
unlink('/tmp/nimble_25878/githubcom_Skrylarskyhash/.git/hooks/commit-msg.sample')
unlink('/tmp/nimble_25878/githubcom_Skrylarskyhash/.git/hooks/fsmonitor-watchman.sample')
unlink('/tmp/nimble_25878/githubcom_Skrylarskyhash/.git/hooks/prepare-commit-msg.sample')
unlink('/tmp/nimble_25878/githubcom_Skrylarskyhash/.git/hooks/post-update.sample')
rmdir('/tmp/nimble_25878/githubcom_Skrylarskyhash/.git/hooks')
unlink('/tmp/nimble_25878/githubcom_Skrylarskyhash/.git/shallow')
unlink('/tmp/nimble_25878/githubcom_Skrylarskyhash/.git/config')
unlink('/tmp/nimble_25878/githubcom_Skrylarskyhash/.git/index')
unlink('/tmp/nimble_25878/githubcom_Skrylarskyhash/.git/objects/91/d8b7b336b52c3b462a9e8b53bfa5bbc42dc2ea')
rmdir('/tmp/nimble_25878/githubcom_Skrylarskyhash/.git/objects/91')
unlink('/tmp/nimble_25878/githubcom_Skrylarskyhash/.git/objects/4f/f668938770f950d4337d36f74582133b934172')
rmdir('/tmp/nimble_25878/githubcom_Skrylarskyhash/.git/objects/4f')
unlink('/tmp/nimble_25878/githubcom_Skrylarskyhash/.git/objects/7c/5ad12c8db0d746aa6b7c8f33c1c2cb7192e72c')
rmdir('/tmp/nimble_25878/githubcom_Skrylarskyhash/.git/objects/7c')
unlink('/tmp/nimble_25878/githubcom_Skrylarskyhash/.git/objects/64/e0825246f904de83c036a459753d39a238fa2d')
rmdir('/tmp/nimble_25878/githubcom_Skrylarskyhash/.git/objects/64')
unlink('/tmp/nimble_25878/githubcom_Skrylarskyhash/.git/objects/9d/56214b367cf37dc256aae2135e1d354db54445')
rmdir('/tmp/nimble_25878/githubcom_Skrylarskyhash/.git/objects/9d')
rmdir('/tmp/nimble_25878/githubcom_Skrylarskyhash/.git/objects/info')
unlink('/tmp/nimble_25878/githubcom_Skrylarskyhash/.git/objects/c4/9c1eb2f59683e2fe6844b982be4637b240d9ad')
rmdir('/tmp/nimble_25878/githubcom_Skrylarskyhash/.git/objects/c4')
unlink('/tmp/nimble_25878/githubcom_Skrylarskyhash/.git/objects/a3/8260cc2d7bb3cce8e782b258d96557d8d3ae31')
rmdir('/tmp/nimble_25878/githubcom_Skrylarskyhash/.git/objects/a3')
unlink('/tmp/nimble_25878/githubcom_Skrylarskyhash/.git/objects/fa/4aa840a45269d777bdc72e22342474e13f4f76')
rmdir('/tmp/nimble_25878/githubcom_Skrylarskyhash/.git/objects/fa')
unlink('/tmp/nimble_25878/githubcom_Skrylarskyhash/.git/objects/66/b165dd48fc3b074e6ed20f0df9e31b8726daee')
rmdir('/tmp/nimble_25878/githubcom_Skrylarskyhash/.git/objects/66')
unlink('/tmp/nimble_25878/githubcom_Skrylarskyhash/.git/objects/32/d6dd20bfb301ecfc728e18ad0a5f7d9d266def')
rmdir('/tmp/nimble_25878/githubcom_Skrylarskyhash/.git/objects/32')
unlink('/tmp/nimble_25878/githubcom_Skrylarskyhash/.git/objects/d3/2e74a092e17607a7fdeb1563591e66eb97d356')
rmdir('/tmp/nimble_25878/githubcom_Skrylarskyhash/.git/objects/d3')
unlink('/tmp/nimble_25878/githubcom_Skrylarskyhash/.git/objects/69/4cfccc3152724e4a083f80be011d82d7af1a20')
rmdir('/tmp/nimble_25878/githubcom_Skrylarskyhash/.git/objects/69')
unlink('/tmp/nimble_25878/githubcom_Skrylarskyhash/.git/objects/ef/217d8f253044919795d9636ece82d6919ce551')
rmdir('/tmp/nimble_25878/githubcom_Skrylarskyhash/.git/objects/ef')
unlink('/tmp/nimble_25878/githubcom_Skrylarskyhash/.git/objects/04/eaceedd24cfb61c6762238da8ee479e88c9b92')
rmdir('/tmp/nimble_25878/githubcom_Skrylarskyhash/.git/objects/04')
unlink('/tmp/nimble_25878/githubcom_Skrylarskyhash/.git/objects/cc/7fdfbe23d6e4c0ddfaee75c5326746af99498f')
rmdir('/tmp/nimble_25878/githubcom_Skrylarskyhash/.git/objects/cc')
unlink('/tmp/nimble_25878/githubcom_Skrylarskyhash/.git/objects/8b/925b5d7a4b5edbab3267cbd97ae47d4fbe6538')
rmdir('/tmp/nimble_25878/githubcom_Skrylarskyhash/.git/objects/8b')
unlink('/tmp/nimble_25878/githubcom_Skrylarskyhash/.git/objects/4a/e8e1c6d4515528b7c0f3d512f438f1a9807c67')
rmdir('/tmp/nimble_25878/githubcom_Skrylarskyhash/.git/objects/4a')
unlink('/tmp/nimble_25878/githubcom_Skrylarskyhash/.git/objects/03/ba759ce93210d0337559db4339d42a6dc56dc3')
rmdir('/tmp/nimble_25878/githubcom_Skrylarskyhash/.git/objects/03')
unlink('/tmp/nimble_25878/githubcom_Skrylarskyhash/.git/objects/e8/138cc5fdad0901dd0e29d07d943fa47569aaa5')
rmdir('/tmp/nimble_25878/githubcom_Skrylarskyhash/.git/objects/e8')
unlink('/tmp/nimble_25878/githubcom_Skrylarskyhash/.git/objects/f2/7fd6b16ea79e6e06b7200927b73abeeb600e62')
rmdir('/tmp/nimble_25878/githubcom_Skrylarskyhash/.git/objects/f2')
unlink('/tmp/nimble_25878/githubcom_Skrylarskyhash/.git/objects/cd/5229fd0263a368fb12f65697d10549b078e9fb')
rmdir('/tmp/nimble_25878/githubcom_Skrylarskyhash/.git/objects/cd')
unlink('/tmp/nimble_25878/githubcom_Skrylarskyhash/.git/objects/ba/ed4d4a57b57409791d329a142452cef28a293a')
rmdir('/tmp/nimble_25878/githubcom_Skrylarskyhash/.git/objects/ba')
unlink('/tmp/nimble_25878/githubcom_Skrylarskyhash/.git/objects/12/802ae08ff1df4e550f46e8848c2db1b7e1862e')
rmdir('/tmp/nimble_25878/githubcom_Skrylarskyhash/.git/objects/12')
rmdir('/tmp/nimble_25878/githubcom_Skrylarskyhash/.git/objects/pack')
unlink('/tmp/nimble_25878/githubcom_Skrylarskyhash/.git/objects/02/af79cd2fa488be6108523c8ca1fe97d68501f0')
rmdir('/tmp/nimble_25878/githubcom_Skrylarskyhash/.git/objects/02')
rmdir('/tmp/nimble_25878/githubcom_Skrylarskyhash/.git/objects')
unlink('/tmp/nimble_25878/githubcom_Skrylarskyhash/.git/packed-refs')
unlink('/tmp/nimble_25878/githubcom_Skrylarskyhash/.git/HEAD')
rmdir('/tmp/nimble_25878/githubcom_Skrylarskyhash/.git')
unlink('/tmp/nimble_25878/githubcom_Skrylarskyhash/src/skyhash/primitives.nim')
unlink('/tmp/nimble_25878/githubcom_Skrylarskyhash/src/skyhash/spooky2.nim')
unlink('/tmp/nimble_25878/githubcom_Skrylarskyhash/src/skyhash/blake2b.nim')
unlink('/tmp/nimble_25878/githubcom_Skrylarskyhash/src/skyhash/blake2s.nim')
unlink('/tmp/nimble_25878/githubcom_Skrylarskyhash/src/skyhash/spooky2_test.do')
unlink('/tmp/nimble_25878/githubcom_Skrylarskyhash/src/skyhash/xxhash.nim')
unlink('/tmp/nimble_25878/githubcom_Skrylarskyhash/src/skyhash/test.nim')
rmdir('/tmp/nimble_25878/githubcom_Skrylarskyhash/src/skyhash')
unlink('/tmp/nimble_25878/githubcom_Skrylarskyhash/src/test.do')
unlink('/tmp/nimble_25878/githubcom_Skrylarskyhash/src/skyhash.nim')
rmdir('/tmp/nimble_25878/githubcom_Skrylarskyhash/src')
unlink('/tmp/nimble_25878/githubcom_Skrylarskyhash/skyhash.nimble')
unlink('/tmp/nimble_25878/githubcom_Skrylarskyhash/build.ninja')
unlink('/tmp/nimble_25878/githubcom_Skrylarskyhash/tests/blake2-kat.json')
rmdir('/tmp/nimble_25878/githubcom_Skrylarskyhash/tests')
rmdir('/tmp/nimble_25878/githubcom_Skrylarskyhash')
rmdir('/tmp/nimble_25878')
  create directory /tmp
  create directory /tmp/nimble_25878
  create directory /tmp/nimble_25878/githubcom_Skrylarskyhash
  delete /tmp/nimble_25878/githubcom_Skrylarskyhash
  create directory /tmp/nimble_25878/githubcom_Skrylarskyhash
  create directory /tmp/nimble_25878/githubcom_Skrylarskyhash/.git
  create directory /tmp/nimble_25878/githubcom_Skrylarskyhash/.git
  create directory /tmp/nimble_25878/githubcom_Skrylarskyhash/.git/info
  create directory /tmp/nimble_25878/githubcom_Skrylarskyhash/.git/branches
  create directory /tmp/nimble_25878/githubcom_Skrylarskyhash/.git/hooks
  create directory /tmp/nimble_25878/githubcom_Skrylarskyhash/.git/refs
  create directory /tmp/nimble_25878/githubcom_Skrylarskyhash/.git/refs/heads
  create directory /tmp/nimble_25878/githubcom_Skrylarskyhash/.git/refs/tags
  rename /tmp/nimble_25878/githubcom_Skrylarskyhash/.git/HEAD.lock to HEAD
  rename /tmp/nimble_25878/githubcom_Skrylarskyhash/.git/config.lock to config
  change permissions of /tmp/nimble_25878/githubcom_Skrylarskyhash/.git/config to rwxr--r--
  change permissions of /tmp/nimble_25878/githubcom_Skrylarskyhash/.git/config to rw-r--r--
  change permissions of /tmp/nimble_25878/githubcom_Skrylarskyhash/.git/config.lock to rw-r--r--
  rename /tmp/nimble_25878/githubcom_Skrylarskyhash/.git/config.lock to config
  change permissions of /tmp/nimble_25878/githubcom_Skrylarskyhash/.git/config.lock to rw-r--r--
  rename /tmp/nimble_25878/githubcom_Skrylarskyhash/.git/config.lock to config
  change permissions of /tmp/nimble_25878/githubcom_Skrylarskyhash/.git/config.lock to rw-r--r--
  rename /tmp/nimble_25878/githubcom_Skrylarskyhash/.git/config.lock to config
  delete /tmp/nimble_25878/githubcom_Skrylarskyhash/.git/tuKPix3
  create symbolic link from /tmp/nimble_25878/githubcom_Skrylarskyhash/.git/tuKPix3 to /home/runner/work/nim_packages_security_audit/nim_packages_security_audit/testing
  delete /tmp/nimble_25878/githubcom_Skrylarskyhash/.git/tuKPix3
  create directory /tmp/nimble_25878/githubcom_Skrylarskyhash/.git/objects
  create directory /tmp/nimble_25878/githubcom_Skrylarskyhash/.git/objects/pack
  create directory /tmp/nimble_25878/githubcom_Skrylarskyhash/.git/objects/info
  change permissions of /tmp/nimble_25878/githubcom_Skrylarskyhash/.git/config.lock to rw-r--r--
  rename /tmp/nimble_25878/githubcom_Skrylarskyhash/.git/config.lock to config
  change permissions of /tmp/nimble_25878/githubcom_Skrylarskyhash/.git/config.lock to rw-r--r--
  rename /tmp/nimble_25878/githubcom_Skrylarskyhash/.git/config.lock to config
  change permissions of /tmp/nimble_25878/githubcom_Skrylarskyhash/.git/config.lock to rw-r--r--
  rename /tmp/nimble_25878/githubcom_Skrylarskyhash/.git/config.lock to config
  create directory /tmp/nimble_25878/githubcom_Skrylarskyhash/.git/objects/cd
  create hard link from /tmp/nimble_25878/githubcom_Skrylarskyhash/.git/objects/cd/5229fd0263a368fb12f65697d10549b078e9fb to /tmp/nimble_25878/githubcom_Skrylarskyhash/.git/objects/cd/tmp_obj_BVG9Nk
  delete /tmp/nimble_25878/githubcom_Skrylarskyhash/.git/objects/cd/tmp_obj_BVG9Nk
  create directory /tmp/nimble_25878/githubcom_Skrylarskyhash/.git/objects/c4
  create hard link from /tmp/nimble_25878/githubcom_Skrylarskyhash/.git/objects/c4/9c1eb2f59683e2fe6844b982be4637b240d9ad to /tmp/nimble_25878/githubcom_Skrylarskyhash/.git/objects/c4/tmp_obj_YCD50d
  delete /tmp/nimble_25878/githubcom_Skrylarskyhash/.git/objects/c4/tmp_obj_YCD50d
  create directory /tmp/nimble_25878/githubcom_Skrylarskyhash/.git/objects/e8
  create hard link from /tmp/nimble_25878/githubcom_Skrylarskyhash/.git/objects/e8/138cc5fdad0901dd0e29d07d943fa47569aaa5 to /tmp/nimble_25878/githubcom_Skrylarskyhash/.git/objects/e8/tmp_obj_s0RQcf
  delete /tmp/nimble_25878/githubcom_Skrylarskyhash/.git/objects/e8/tmp_obj_s0RQcf
  create directory /tmp/nimble_25878/githubcom_Skrylarskyhash/.git/objects/04
  create hard link from /tmp/nimble_25878/githubcom_Skrylarskyhash/.git/objects/04/eaceedd24cfb61c6762238da8ee479e88c9b92 to /tmp/nimble_25878/githubcom_Skrylarskyhash/.git/objects/04/tmp_obj_E250hl
  delete /tmp/nimble_25878/githubcom_Skrylarskyhash/.git/objects/04/tmp_obj_E250hl
  create directory /tmp/nimble_25878/githubcom_Skrylarskyhash/.git/objects/8b
  create hard link from /tmp/nimble_25878/githubcom_Skrylarskyhash/.git/objects/8b/925b5d7a4b5edbab3267cbd97ae47d4fbe6538 to /tmp/nimble_25878/githubcom_Skrylarskyhash/.git/objects/8b/tmp_obj_etadQn
  delete /tmp/nimble_25878/githubcom_Skrylarskyhash/.git/objects/8b/tmp_obj_etadQn
  create directory /tmp/nimble_25878/githubcom_Skrylarskyhash/.git/objects/9d
  create hard link from /tmp/nimble_25878/githubcom_Skrylarskyhash/.git/objects/9d/56214b367cf37dc256aae2135e1d354db54445 to /tmp/nimble_25878/githubcom_Skrylarskyhash/.git/objects/9d/tmp_obj_QKJ9mo
  delete /tmp/nimble_25878/githubcom_Skrylarskyhash/.git/objects/9d/tmp_obj_QKJ9mo
  create directory /tmp/nimble_25878/githubcom_Skrylarskyhash/.git/objects/d3
  create hard link from /tmp/nimble_25878/githubcom_Skrylarskyhash/.git/objects/d3/2e74a092e17607a7fdeb1563591e66eb97d356 to /tmp/nimble_25878/githubcom_Skrylarskyhash/.git/objects/d3/tmp_obj_0hQl9u
  delete /tmp/nimble_25878/githubcom_Skrylarskyhash/.git/objects/d3/tmp_obj_0hQl9u
  create directory /tmp/nimble_25878/githubcom_Skrylarskyhash/.git/objects/02
  create hard link from /tmp/nimble_25878/githubcom_Skrylarskyhash/.git/objects/02/af79cd2fa488be6108523c8ca1fe97d68501f0 to /tmp/nimble_25878/githubcom_Skrylarskyhash/.git/objects/02/tmp_obj_cMEXcw
  delete /tmp/nimble_25878/githubcom_Skrylarskyhash/.git/objects/02/tmp_obj_cMEXcw
  create directory /tmp/nimble_25878/githubcom_Skrylarskyhash/.git/objects/fa
  create hard link from /tmp/nimble_25878/githubcom_Skrylarskyhash/.git/objects/fa/4aa840a45269d777bdc72e22342474e13f4f76 to /tmp/nimble_25878/githubcom_Skrylarskyhash/.git/objects/fa/tmp_obj_0vJYIx
  delete /tmp/nimble_25878/githubcom_Skrylarskyhash/.git/objects/fa/tmp_obj_0vJYIx
  create directory /tmp/nimble_25878/githubcom_Skrylarskyhash/.git/objects/7c
  create hard link from /tmp/nimble_25878/githubcom_Skrylarskyhash/.git/objects/7c/5ad12c8db0d746aa6b7c8f33c1c2cb7192e72c to /tmp/nimble_25878/githubcom_Skrylarskyhash/.git/objects/7c/tmp_obj_6mb0CE
  delete /tmp/nimble_25878/githubcom_Skrylarskyhash/.git/objects/7c/tmp_obj_6mb0CE
  create directory /tmp/nimble_25878/githubcom_Skrylarskyhash/.git/objects/f2
  create hard link from /tmp/nimble_25878/githubcom_Skrylarskyhash/.git/objects/f2/7fd6b16ea79e6e06b7200927b73abeeb600e62 to /tmp/nimble_25878/githubcom_Skrylarskyhash/.git/objects/f2/tmp_obj_mZATGF
  delete /tmp/nimble_25878/githubcom_Skrylarskyhash/.git/objects/f2/tmp_obj_mZATGF
  create directory /tmp/nimble_25878/githubcom_Skrylarskyhash/.git/objects/64
  create hard link from /tmp/nimble_25878/githubcom_Skrylarskyhash/.git/objects/64/e0825246f904de83c036a459753d39a238fa2d to /tmp/nimble_25878/githubcom_Skrylarskyhash/.git/objects/64/tmp_obj_OHotgL
  delete /tmp/nimble_25878/githubcom_Skrylarskyhash/.git/objects/64/tmp_obj_OHotgL
  create directory /tmp/nimble_25878/githubcom_Skrylarskyhash/.git/objects/ba
  create hard link from /tmp/nimble_25878/githubcom_Skrylarskyhash/.git/objects/ba/ed4d4a57b57409791d329a142452cef28a293a to /tmp/nimble_25878/githubcom_Skrylarskyhash/.git/objects/ba/tmp_obj_4bshcP
  delete /tmp/nimble_25878/githubcom_Skrylarskyhash/.git/objects/ba/tmp_obj_4bshcP
  create directory /tmp/nimble_25878/githubcom_Skrylarskyhash/.git/objects/4f
  create hard link from /tmp/nimble_25878/githubcom_Skrylarskyhash/.git/objects/4f/f668938770f950d4337d36f74582133b934172 to /tmp/nimble_25878/githubcom_Skrylarskyhash/.git/objects/4f/tmp_obj_OTcaXT
  delete /tmp/nimble_25878/githubcom_Skrylarskyhash/.git/objects/4f/tmp_obj_OTcaXT
  create directory /tmp/nimble_25878/githubcom_Skrylarskyhash/.git/objects/12
  create hard link from /tmp/nimble_25878/githubcom_Skrylarskyhash/.git/objects/12/802ae08ff1df4e550f46e8848c2db1b7e1862e to /tmp/nimble_25878/githubcom_Skrylarskyhash/.git/objects/12/tmp_obj_YGzmFZ
  delete /tmp/nimble_25878/githubcom_Skrylarskyhash/.git/objects/12/tmp_obj_YGzmFZ
  create directory /tmp/nimble_25878/githubcom_Skrylarskyhash/.git/objects/03
  create hard link from /tmp/nimble_25878/githubcom_Skrylarskyhash/.git/objects/03/ba759ce93210d0337559db4339d42a6dc56dc3 to /tmp/nimble_25878/githubcom_Skrylarskyhash/.git/objects/03/tmp_obj_8vh1A3
  delete /tmp/nimble_25878/githubcom_Skrylarskyhash/.git/objects/03/tmp_obj_8vh1A3
  create directory /tmp/nimble_25878/githubcom_Skrylarskyhash/.git/objects/cc
  create hard link from /tmp/nimble_25878/githubcom_Skrylarskyhash/.git/objects/cc/7fdfbe23d6e4c0ddfaee75c5326746af99498f to /tmp/nimble_25878/githubcom_Skrylarskyhash/.git/objects/cc/tmp_obj_KpOmC6
  delete /tmp/nimble_25878/githubcom_Skrylarskyhash/.git/objects/cc/tmp_obj_KpOmC6
  create directory /tmp/nimble_25878/githubcom_Skrylarskyhash/.git/objects/4a
  create hard link from /tmp/nimble_25878/githubcom_Skrylarskyhash/.git/objects/4a/e8e1c6d4515528b7c0f3d512f438f1a9807c67 to /tmp/nimble_25878/githubcom_Skrylarskyhash/.git/objects/4a/tmp_obj_sKJgE8
  delete /tmp/nimble_25878/githubcom_Skrylarskyhash/.git/objects/4a/tmp_obj_sKJgE8
  create directory /tmp/nimble_25878/githubcom_Skrylarskyhash/.git/objects/32
  create hard link from /tmp/nimble_25878/githubcom_Skrylarskyhash/.git/objects/32/d6dd20bfb301ecfc728e18ad0a5f7d9d266def to /tmp/nimble_25878/githubcom_Skrylarskyhash/.git/objects/32/tmp_obj_gOyiha
  delete /tmp/nimble_25878/githubcom_Skrylarskyhash/.git/objects/32/tmp_obj_gOyiha
  create directory /tmp/nimble_25878/githubcom_Skrylarskyhash/.git/objects/69
  create hard link from /tmp/nimble_25878/githubcom_Skrylarskyhash/.git/objects/69/4cfccc3152724e4a083f80be011d82d7af1a20 to /tmp/nimble_25878/githubcom_Skrylarskyhash/.git/objects/69/tmp_obj_0JgETd
  delete /tmp/nimble_25878/githubcom_Skrylarskyhash/.git/objects/69/tmp_obj_0JgETd
  create directory /tmp/nimble_25878/githubcom_Skrylarskyhash/.git/objects/ef
  create hard link from /tmp/nimble_25878/githubcom_Skrylarskyhash/.git/objects/ef/217d8f253044919795d9636ece82d6919ce551 to /tmp/nimble_25878/githubcom_Skrylarskyhash/.git/objects/ef/tmp_obj_6qXLDk
  delete /tmp/nimble_25878/githubcom_Skrylarskyhash/.git/objects/ef/tmp_obj_6qXLDk
  create directory /tmp/nimble_25878/githubcom_Skrylarskyhash/.git/objects/91
  create hard link from /tmp/nimble_25878/githubcom_Skrylarskyhash/.git/objects/91/d8b7b336b52c3b462a9e8b53bfa5bbc42dc2ea to /tmp/nimble_25878/githubcom_Skrylarskyhash/.git/objects/91/tmp_obj_1t8X7d
  delete /tmp/nimble_25878/githubcom_Skrylarskyhash/.git/objects/91/tmp_obj_1t8X7d
  create directory /tmp/nimble_25878/githubcom_Skrylarskyhash/.git/objects/a3
  create hard link from /tmp/nimble_25878/githubcom_Skrylarskyhash/.git/objects/a3/8260cc2d7bb3cce8e782b258d96557d8d3ae31 to /tmp/nimble_25878/githubcom_Skrylarskyhash/.git/objects/a3/tmp_obj_RscTQc
  delete /tmp/nimble_25878/githubcom_Skrylarskyhash/.git/objects/a3/tmp_obj_RscTQc
  create directory /tmp/nimble_25878/githubcom_Skrylarskyhash/.git/objects/66
  create hard link from /tmp/nimble_25878/githubcom_Skrylarskyhash/.git/objects/66/b165dd48fc3b074e6ed20f0df9e31b8726daee to /tmp/nimble_25878/githubcom_Skrylarskyhash/.git/objects/66/tmp_obj_hdMEsy
  delete /tmp/nimble_25878/githubcom_Skrylarskyhash/.git/objects/66/tmp_obj_hdMEsy
  rename /tmp/nimble_25878/githubcom_Skrylarskyhash/.git/shallow.lock to shallow
  rename /tmp/nimble_25878/githubcom_Skrylarskyhash/.git/packed-refs.new to packed-refs
  delete /tmp/nimble_25878/githubcom_Skrylarskyhash/.git/packed-refs.lock
  create directory /tmp/nimble_25878/githubcom_Skrylarskyhash/.git/refs/remotes
  create directory /tmp/nimble_25878/githubcom_Skrylarskyhash/.git/refs/remotes/origin
  create directory /tmp/nimble_25878/githubcom_Skrylarskyhash/.git/logs
  create directory /tmp/nimble_25878/githubcom_Skrylarskyhash/.git/logs/refs
  create directory /tmp/nimble_25878/githubcom_Skrylarskyhash/.git/logs/refs/remotes
  create directory /tmp/nimble_25878/githubcom_Skrylarskyhash/.git/logs/refs/remotes/origin
  rename /tmp/nimble_25878/githubcom_Skrylarskyhash/.git/refs/remotes/origin/HEAD.lock to HEAD
  rename /tmp/nimble_25878/githubcom_Skrylarskyhash/.git/HEAD.lock to HEAD
  create directory /tmp/nimble_25878/githubcom_Skrylarskyhash/.git/logs/refs/heads
  rename /tmp/nimble_25878/githubcom_Skrylarskyhash/.git/refs/heads/master.lock to master
  delete /tmp/nimble_25878/githubcom_Skrylarskyhash/.git/HEAD.lock
  change permissions of /tmp/nimble_25878/githubcom_Skrylarskyhash/.git/config.lock to rw-r--r--
  rename /tmp/nimble_25878/githubcom_Skrylarskyhash/.git/config.lock to config
  change permissions of /tmp/nimble_25878/githubcom_Skrylarskyhash/.git/config.lock to rw-r--r--
  rename /tmp/nimble_25878/githubcom_Skrylarskyhash/.git/config.lock to config
  create directory /tmp/nimble_25878/githubcom_Skrylarskyhash/docs
  create directory /tmp/nimble_25878/githubcom_Skrylarskyhash/src
  create directory /tmp/nimble_25878/githubcom_Skrylarskyhash/src/skyhash
  create directory /tmp/nimble_25878/githubcom_Skrylarskyhash/tests
  rename /tmp/nimble_25878/githubcom_Skrylarskyhash/.git/index.lock to index
  create directory /tmp
  create directory /tmp/nimblecache
  create directory /tmp/nimblecache/skyhash_2918491344
  delete /tmp/nimblecache/skyhash_2918491344/skyhash.ini
  delete /tmp/nimble_25878.out
  delete /tmp/nimble_25878/githubcom_Skrylarskyhash/skyhash_25878.nims
  create directory /home
  create directory /home/runner
  create directory /home/runner/.nimble
  create directory /home/runner/.nimble/pkgs
  create directory /home/runner/.nimble/pkgs/skyhash-0.1.0
  create directory /home
  create directory /home/runner
  create directory /home/runner/.nimble
  create directory /home/runner/.nimble/pkgs
  create directory /home/runner/.nimble/pkgs/skyhash-0.1.0
  create directory /home/runner/.nimble/pkgs/skyhash-0.1.0/skyhash
  change permissions of /home/runner/.nimble/pkgs/skyhash-0.1.0/skyhash/primitives.nim to rw-r--r--
  create directory /home
  create directory /home/runner
  create directory /home/runner/.nimble
  create directory /home/runner/.nimble/pkgs
  create directory /home/runner/.nimble/pkgs/skyhash-0.1.0
  create directory /home/runner/.nimble/pkgs/skyhash-0.1.0/skyhash
  change permissions of /home/runner/.nimble/pkgs/skyhash-0.1.0/skyhash/spooky2.nim to rw-r--r--
  create directory /home
  create directory /home/runner
  create directory /home/runner/.nimble
  create directory /home/runner/.nimble/pkgs
  create directory /home/runner/.nimble/pkgs/skyhash-0.1.0
  create directory /home/runner/.nimble/pkgs/skyhash-0.1.0/skyhash
  change permissions of /home/runner/.nimble/pkgs/skyhash-0.1.0/skyhash/blake2b.nim to rw-r--r--
  create directory /home
  create directory /home/runner
  create directory /home/runner/.nimble
  create directory /home/runner/.nimble/pkgs
  create directory /home/runner/.nimble/pkgs/skyhash-0.1.0
  create directory /home/runner/.nimble/pkgs/skyhash-0.1.0/skyhash
  change permissions of /home/runner/.nimble/pkgs/skyhash-0.1.0/skyhash/blake2s.nim to rw-r--r--
  create directory /home
  create directory /home/runner
  create directory /home/runner/.nimble
  create directory /home/runner/.nimble/pkgs
  create directory /home/runner/.nimble/pkgs/skyhash-0.1.0
  create directory /home/runner/.nimble/pkgs/skyhash-0.1.0/skyhash
  change permissions of /home/runner/.nimble/pkgs/skyhash-0.1.0/skyhash/spooky2_test.do to rw-r--r--
  create directory /home
  create directory /home/runner
  create directory /home/runner/.nimble
  create directory /home/runner/.nimble/pkgs
  create directory /home/runner/.nimble/pkgs/skyhash-0.1.0
  create directory /home/runner/.nimble/pkgs/skyhash-0.1.0/skyhash
  change permissions of /home/runner/.nimble/pkgs/skyhash-0.1.0/skyhash/xxhash.nim to rw-r--r--
  create directory /home
  create directory /home/runner
  create directory /home/runner/.nimble
  create directory /home/runner/.nimble/pkgs
  create directory /home/runner/.nimble/pkgs/skyhash-0.1.0
  create directory /home/runner/.nimble/pkgs/skyhash-0.1.0/skyhash
  change permissions of /home/runner/.nimble/pkgs/skyhash-0.1.0/skyhash/test.nim to rw-r--r--
  create directory /home
  create directory /home/runner
  create directory /home/runner/.nimble
  create directory /home/runner/.nimble/pkgs
  create directory /home/runner/.nimble/pkgs/skyhash-0.1.0
  change permissions of /home/runner/.nimble/pkgs/skyhash-0.1.0/test.do to rw-r--r--
  create directory /home
  create directory /home/runner
  create directory /home/runner/.nimble
  create directory /home/runner/.nimble/pkgs
  create directory /home/runner/.nimble/pkgs/skyhash-0.1.0
  change permissions of /home/runner/.nimble/pkgs/skyhash-0.1.0/skyhash.nim to rw-r--r--
  change permissions of /home/runner/.nimble/pkgs/skyhash-0.1.0/skyhash.nimble to rw-r--r--
  create directory /tmp
  create directory /tmp/nimblecache
  create directory /tmp/nimblecache/skyhash_3351746953
  delete /tmp/nimblecache/skyhash_3351746953/skyhash.ini
  delete /tmp/nimble_25878.out
  delete /home/runner/.nimble/pkgs/skyhash-0.1.0/skyhash_25878.nims
  delete /tmp/nimble_25878/githubcom_Skrylarskyhash/docs/spooky.adoc
  delete /tmp/nimble_25878/githubcom_Skrylarskyhash/docs/readme-base.adoc
  delete /tmp/nimble_25878/githubcom_Skrylarskyhash/docs/blake.adoc
  delete /tmp/nimble_25878/githubcom_Skrylarskyhash/docs/xxhash.adoc
  delete /tmp/nimble_25878/githubcom_Skrylarskyhash/docs
  delete /tmp/nimble_25878/githubcom_Skrylarskyhash/mission-control.py
  delete /tmp/nimble_25878/githubcom_Skrylarskyhash/README.md
  delete /tmp/nimble_25878/githubcom_Skrylarskyhash/.git/refs/remotes/origin/HEAD
  delete /tmp/nimble_25878/githubcom_Skrylarskyhash/.git/refs/remotes/origin
  delete /tmp/nimble_25878/githubcom_Skrylarskyhash/.git/refs/remotes
  delete /tmp/nimble_25878/githubcom_Skrylarskyhash/.git/refs/tags
  delete /tmp/nimble_25878/githubcom_Skrylarskyhash/.git/refs/heads/master
  delete /tmp/nimble_25878/githubcom_Skrylarskyhash/.git/refs/heads
  delete /tmp/nimble_25878/githubcom_Skrylarskyhash/.git/refs
  delete /tmp/nimble_25878/githubcom_Skrylarskyhash/.git/info/exclude
  delete /tmp/nimble_25878/githubcom_Skrylarskyhash/.git/info
  delete /tmp/nimble_25878/githubcom_Skrylarskyhash/.git/branches
  delete /tmp/nimble_25878/githubcom_Skrylarskyhash/.git/logs/refs/remotes/origin/HEAD
  delete /tmp/nimble_25878/githubcom_Skrylarskyhash/.git/logs/refs/remotes/origin
  delete /tmp/nimble_25878/githubcom_Skrylarskyhash/.git/logs/refs/remotes
  delete /tmp/nimble_25878/githubcom_Skrylarskyhash/.git/logs/refs/heads/master
  delete /tmp/nimble_25878/githubcom_Skrylarskyhash/.git/logs/refs/heads
  delete /tmp/nimble_25878/githubcom_Skrylarskyhash/.git/logs/refs
  delete /tmp/nimble_25878/githubcom_Skrylarskyhash/.git/logs/HEAD
  delete /tmp/nimble_25878/githubcom_Skrylarskyhash/.git/logs
  delete /tmp/nimble_25878/githubcom_Skrylarskyhash/.git/description
  delete /tmp/nimble_25878/githubcom_Skrylarskyhash/.git/hooks/pre-rebase.sample
  delete /tmp/nimble_25878/githubcom_Skrylarskyhash/.git/hooks/applypatch-msg.sample
  delete /tmp/nimble_25878/githubcom_Skrylarskyhash/.git/hooks/pre-push.sample
  delete /tmp/nimble_25878/githubcom_Skrylarskyhash/.git/hooks/pre-merge-commit.sample
  delete /tmp/nimble_25878/githubcom_Skrylarskyhash/.git/hooks/pre-receive.sample
  delete /tmp/nimble_25878/githubcom_Skrylarskyhash/.git/hooks/update.sample
  delete /tmp/nimble_25878/githubcom_Skrylarskyhash/.git/hooks/pre-commit.sample
  delete /tmp/nimble_25878/githubcom_Skrylarskyhash/.git/hooks/pre-applypatch.sample
  delete /tmp/nimble_25878/githubcom_Skrylarskyhash/.git/hooks/commit-msg.sample
  delete /tmp/nimble_25878/githubcom_Skrylarskyhash/.git/hooks/fsmonitor-watchman.sample
  delete /tmp/nimble_25878/githubcom_Skrylarskyhash/.git/hooks/prepare-commit-msg.sample
  delete /tmp/nimble_25878/githubcom_Skrylarskyhash/.git/hooks/post-update.sample
  delete /tmp/nimble_25878/githubcom_Skrylarskyhash/.git/hooks
  delete /tmp/nimble_25878/githubcom_Skrylarskyhash/.git/shallow
  delete /tmp/nimble_25878/githubcom_Skrylarskyhash/.git/config
  delete /tmp/nimble_25878/githubcom_Skrylarskyhash/.git/index
  delete /tmp/nimble_25878/githubcom_Skrylarskyhash/.git/objects/91/d8b7b336b52c3b462a9e8b53bfa5bbc42dc2ea
  delete /tmp/nimble_25878/githubcom_Skrylarskyhash/.git/objects/91
  delete /tmp/nimble_25878/githubcom_Skrylarskyhash/.git/objects/4f/f668938770f950d4337d36f74582133b934172
  delete /tmp/nimble_25878/githubcom_Skrylarskyhash/.git/objects/4f
  delete /tmp/nimble_25878/githubcom_Skrylarskyhash/.git/objects/7c/5ad12c8db0d746aa6b7c8f33c1c2cb7192e72c
  delete /tmp/nimble_25878/githubcom_Skrylarskyhash/.git/objects/7c
  delete /tmp/nimble_25878/githubcom_Skrylarskyhash/.git/objects/64/e0825246f904de83c036a459753d39a238fa2d
  delete /tmp/nimble_25878/githubcom_Skrylarskyhash/.git/objects/64
  delete /tmp/nimble_25878/githubcom_Skrylarskyhash/.git/objects/9d/56214b367cf37dc256aae2135e1d354db54445
  delete /tmp/nimble_25878/githubcom_Skrylarskyhash/.git/objects/9d
  delete /tmp/nimble_25878/githubcom_Skrylarskyhash/.git/objects/info
  delete /tmp/nimble_25878/githubcom_Skrylarskyhash/.git/objects/c4/9c1eb2f59683e2fe6844b982be4637b240d9ad
  delete /tmp/nimble_25878/githubcom_Skrylarskyhash/.git/objects/c4
  delete /tmp/nimble_25878/githubcom_Skrylarskyhash/.git/objects/a3/8260cc2d7bb3cce8e782b258d96557d8d3ae31
  delete /tmp/nimble_25878/githubcom_Skrylarskyhash/.git/objects/a3
  delete /tmp/nimble_25878/githubcom_Skrylarskyhash/.git/objects/fa/4aa840a45269d777bdc72e22342474e13f4f76
  delete /tmp/nimble_25878/githubcom_Skrylarskyhash/.git/objects/fa
  delete /tmp/nimble_25878/githubcom_Skrylarskyhash/.git/objects/66/b165dd48fc3b074e6ed20f0df9e31b8726daee
  delete /tmp/nimble_25878/githubcom_Skrylarskyhash/.git/objects/66
  delete /tmp/nimble_25878/githubcom_Skrylarskyhash/.git/objects/32/d6dd20bfb301ecfc728e18ad0a5f7d9d266def
  delete /tmp/nimble_25878/githubcom_Skrylarskyhash/.git/objects/32
  delete /tmp/nimble_25878/githubcom_Skrylarskyhash/.git/objects/d3/2e74a092e17607a7fdeb1563591e66eb97d356
  delete /tmp/nimble_25878/githubcom_Skrylarskyhash/.git/objects/d3
  delete /tmp/nimble_25878/githubcom_Skrylarskyhash/.git/objects/69/4cfccc3152724e4a083f80be011d82d7af1a20
  delete /tmp/nimble_25878/githubcom_Skrylarskyhash/.git/objects/69
  delete /tmp/nimble_25878/githubcom_Skrylarskyhash/.git/objects/ef/217d8f253044919795d9636ece82d6919ce551
  delete /tmp/nimble_25878/githubcom_Skrylarskyhash/.git/objects/ef
  delete /tmp/nimble_25878/githubcom_Skrylarskyhash/.git/objects/04/eaceedd24cfb61c6762238da8ee479e88c9b92
  delete /tmp/nimble_25878/githubcom_Skrylarskyhash/.git/objects/04
  delete /tmp/nimble_25878/githubcom_Skrylarskyhash/.git/objects/cc/7fdfbe23d6e4c0ddfaee75c5326746af99498f
  delete /tmp/nimble_25878/githubcom_Skrylarskyhash/.git/objects/cc
  delete /tmp/nimble_25878/githubcom_Skrylarskyhash/.git/objects/8b/925b5d7a4b5edbab3267cbd97ae47d4fbe6538
  delete /tmp/nimble_25878/githubcom_Skrylarskyhash/.git/objects/8b
  delete /tmp/nimble_25878/githubcom_Skrylarskyhash/.git/objects/4a/e8e1c6d4515528b7c0f3d512f438f1a9807c67
  delete /tmp/nimble_25878/githubcom_Skrylarskyhash/.git/objects/4a
  delete /tmp/nimble_25878/githubcom_Skrylarskyhash/.git/objects/03/ba759ce93210d0337559db4339d42a6dc56dc3
  delete /tmp/nimble_25878/githubcom_Skrylarskyhash/.git/objects/03
  delete /tmp/nimble_25878/githubcom_Skrylarskyhash/.git/objects/e8/138cc5fdad0901dd0e29d07d943fa47569aaa5
  delete /tmp/nimble_25878/githubcom_Skrylarskyhash/.git/objects/e8
  delete /tmp/nimble_25878/githubcom_Skrylarskyhash/.git/objects/f2/7fd6b16ea79e6e06b7200927b73abeeb600e62
  delete /tmp/nimble_25878/githubcom_Skrylarskyhash/.git/objects/f2
  delete /tmp/nimble_25878/githubcom_Skrylarskyhash/.git/objects/cd/5229fd0263a368fb12f65697d10549b078e9fb
  delete /tmp/nimble_25878/githubcom_Skrylarskyhash/.git/objects/cd
  delete /tmp/nimble_25878/githubcom_Skrylarskyhash/.git/objects/ba/ed4d4a57b57409791d329a142452cef28a293a
  delete /tmp/nimble_25878/githubcom_Skrylarskyhash/.git/objects/ba
  delete /tmp/nimble_25878/githubcom_Skrylarskyhash/.git/objects/12/802ae08ff1df4e550f46e8848c2db1b7e1862e
  delete /tmp/nimble_25878/githubcom_Skrylarskyhash/.git/objects/12
  delete /tmp/nimble_25878/githubcom_Skrylarskyhash/.git/objects/pack
  delete /tmp/nimble_25878/githubcom_Skrylarskyhash/.git/objects/02/af79cd2fa488be6108523c8ca1fe97d68501f0
  delete /tmp/nimble_25878/githubcom_Skrylarskyhash/.git/objects/02
  delete /tmp/nimble_25878/githubcom_Skrylarskyhash/.git/objects
  delete /tmp/nimble_25878/githubcom_Skrylarskyhash/.git/packed-refs
  delete /tmp/nimble_25878/githubcom_Skrylarskyhash/.git/HEAD
  delete /tmp/nimble_25878/githubcom_Skrylarskyhash/.git
  delete /tmp/nimble_25878/githubcom_Skrylarskyhash/src/skyhash/primitives.nim
  delete /tmp/nimble_25878/githubcom_Skrylarskyhash/src/skyhash/spooky2.nim
  delete /tmp/nimble_25878/githubcom_Skrylarskyhash/src/skyhash/blake2b.nim
  delete /tmp/nimble_25878/githubcom_Skrylarskyhash/src/skyhash/blake2s.nim
  delete /tmp/nimble_25878/githubcom_Skrylarskyhash/src/skyhash/spooky2_test.do
  delete /tmp/nimble_25878/githubcom_Skrylarskyhash/src/skyhash/xxhash.nim
  delete /tmp/nimble_25878/githubcom_Skrylarskyhash/src/skyhash/test.nim
  delete /tmp/nimble_25878/githubcom_Skrylarskyhash/src/skyhash
  delete /tmp/nimble_25878/githubcom_Skrylarskyhash/src/test.do
  delete /tmp/nimble_25878/githubcom_Skrylarskyhash/src/skyhash.nim
  delete /tmp/nimble_25878/githubcom_Skrylarskyhash/src
  delete /tmp/nimble_25878/githubcom_Skrylarskyhash/skyhash.nimble
  delete /tmp/nimble_25878/githubcom_Skrylarskyhash/build.ninja
  delete /tmp/nimble_25878/githubcom_Skrylarskyhash/tests/blake2-kat.json
  delete /tmp/nimble_25878/githubcom_Skrylarskyhash/tests
  delete /tmp/nimble_25878/githubcom_Skrylarskyhash
  delete /tmp/nimble_25878
