      Info: Package cache path /home/runner/.nimble/pkgcache
     Info:  Nimble data file "/home/runner/.nimble/nimbledata2.json" has been loaded.
    Reading official package list
Downloading https://github.com/bichanna/slap using git
    Cloning latest tagged version: 0.1.0
open('/workspace/destdir/ssl/openssl.cnf', 32768, 0x00000000000001b6)
open('/home/runner/.config/nimble/nimble.ini', 557056, 0x00000000000001b6)
open('/home/runner/.config/babel/babel.ini', 557056, 0x00000000000001b6)
writev(1, 0x00007fff6ef9e8a0, 2)
open('/home/runner/.nimble/nimbledata2.json', 557056, 0x00000000000001b6)
writev(1, 0x00007fff6ef9e970, 2)
writev(1, 0x00007fff4f3bcc00, 2)
writev(1, 0x00007fff4f3bcc90, 2)
writev(1, 0x00007fff4f3bcc90, 2)
writev(1, 0x00007fff4f3bcc90, 2)
writev(1, 0x00007fff6ef9d3a0, 2)
open('/home/runner/.nimble/packages_official.json', 557056, 0x00000000000001b6)
mkdir('/home/', 0x00000000000001ff)
mkdir('/home/runner/', 0x00000000000001ff)
mkdir('/home/runner/.nimble/', 0x00000000000001ff)
mkdir('/home/runner/.nimble/pkgcache/', 0x00000000000001ff)
mkdir('/home/runner/.nimble/pkgcache/githubcom_bichannaslap', 0x00000000000001ff)
open('/home/runner/.nimble/pkgcache/githubcom_bichannaslap', 622592, 0x0000000000000000)
writev(1, 0x00007fff6ef9d3e0, 2)
open('/home/runner/.nimble/pkgcache/githubcom_bichannaslap', 622592, 0x0000000000000000)
rmdir('/home/runner/.nimble/pkgcache/githubcom_bichannaslap')
writev(1, 0x00007fff6ef9d2d0, 2)
mkdir(94483638785952, 0x00000000000001ff)
Error tracing process: readBytes(0x000055eeafba17a0, 256) error: [Errno 5] Input/output error.
