      Info: Package cache path /home/runner/.nimble/pkgcache
     Info:  Nimble data file "/home/runner/.nimble/nimbledata2.json" has been loaded.
    Reading official package list
Downloading https://github.com/beef331/slicerator using git
    Cloning latest tagged version: v0.3.6
open('/workspace/destdir/ssl/openssl.cnf', 32768, 0x00000000000001b6)
open('/home/runner/.config/nimble/nimble.ini', 557056, 0x00000000000001b6)
open('/home/runner/.config/babel/babel.ini', 557056, 0x00000000000001b6)
writev(1, 0x00007ffe803ec150, 2)
open('/home/runner/.nimble/nimbledata2.json', 557056, 0x00000000000001b6)
writev(1, 0x00007ffe803ec220, 2)
writev(1, 0x00007ffc6f25ffa0, 2)
writev(1, 0x00007ffc6f260030, 2)
writev(1, 0x00007ffc6f260030, 2)
writev(1, 0x00007ffc6f260030, 2)
writev(1, 0x00007ffe803eac50, 2)
open('/home/runner/.nimble/packages_official.json', 557056, 0x00000000000001b6)
mkdir('/home/', 0x00000000000001ff)
mkdir('/home/runner/', 0x00000000000001ff)
mkdir('/home/runner/.nimble/', 0x00000000000001ff)
mkdir('/home/runner/.nimble/pkgcache/', 0x00000000000001ff)
mkdir('/home/runner/.nimble/pkgcache/githubcom_beef331slicerator', 0x00000000000001ff)
open('/home/runner/.nimble/pkgcache/githubcom_beef331slicerator', 622592, 0x0000000000000000)
writev(1, 0x00007ffe803eac90, 2)
open('/home/runner/.nimble/pkgcache/githubcom_beef331slicerator', 622592, 0x0000000000000000)
rmdir('/home/runner/.nimble/pkgcache/githubcom_beef331slicerator')
writev(1, 0x00007ffe803eab80, 2)
mkdir(93985869248512, 0x00000000000001ff)
Error tracing process: readBytes(0x0000557aca59b800, 256) error: [Errno 5] Input/output error.
