      Info: Package cache path /home/runner/.nimble/pkgcache
     Info:  Nimble data file "/home/runner/.nimble/nimbledata2.json" has been loaded.
    Reading official package list
Downloading https://codeberg.org/annaaurora/snekim using git
    Cloning latest tagged version: v1.2.0
open('/workspace/destdir/ssl/openssl.cnf', 32768, 0x00000000000001b6)
open('/home/runner/.config/nimble/nimble.ini', 557056, 0x00000000000001b6)
open('/home/runner/.config/babel/babel.ini', 557056, 0x00000000000001b6)
writev(1, 0x00007ffd5a2cad90, 2)
open('/home/runner/.nimble/nimbledata2.json', 557056, 0x00000000000001b6)
writev(1, 0x00007ffd5a2cae60, 2)
writev(1, 0x00007ffcce5036d0, 2)
writev(1, 0x00007ffcce503760, 2)
writev(1, 0x00007ffcce503760, 2)
writev(1, 0x00007ffcce503760, 2)
writev(1, 0x00007ffd5a2c9890, 2)
open('/home/runner/.nimble/packages_official.json', 557056, 0x00000000000001b6)
mkdir('/home/', 0x00000000000001ff)
mkdir('/home/runner/', 0x00000000000001ff)
mkdir('/home/runner/.nimble/', 0x00000000000001ff)
mkdir('/home/runner/.nimble/pkgcache/', 0x00000000000001ff)
mkdir('/home/runner/.nimble/pkgcache/codebergorg_annaaurorasnekim', 0x00000000000001ff)
open('/home/runner/.nimble/pkgcache/codebergorg_annaaurorasnekim', 622592, 0x0000000000000000)
writev(1, 0x00007ffd5a2c98d0, 2)
open('/home/runner/.nimble/pkgcache/codebergorg_annaaurorasnekim', 622592, 0x0000000000000000)
rmdir('/home/runner/.nimble/pkgcache/codebergorg_annaaurorasnekim')
writev(1, 0x00007ffd5a2c97c0, 2)
mkdir(94640823138304, 0x00000000000001ff)
Error tracing process: readBytes(0x0000561348a4f800, 256) error: [Errno 5] Input/output error.
