      Info: Package cache path /home/runner/.nimble/pkgcache
     Info:  Nimble data file "/home/runner/.nimble/nimbledata2.json" has been loaded.
    Reading official package list
Downloading https://github.com/floooh/sokol-nim using git
    Cloning latest tagged version: 
open('/workspace/destdir/ssl/openssl.cnf', 32768, 0x00000000000001b6)
open('/home/runner/.config/nimble/nimble.ini', 557056, 0x00000000000001b6)
open('/home/runner/.config/babel/babel.ini', 557056, 0x00000000000001b6)
writev(1, 0x00007ffc53cbd9a0, 2)
open('/home/runner/.nimble/nimbledata2.json', 557056, 0x00000000000001b6)
writev(1, 0x00007ffc53cbda70, 2)
writev(1, 0x00007ffc00620e90, 2)
writev(1, 0x00007ffc00620f20, 2)
writev(1, 0x00007ffc00620f20, 2)
writev(1, 0x00007ffc00620f20, 2)
writev(1, 0x00007ffc53cbc4a0, 2)
open('/home/runner/.nimble/packages_official.json', 557056, 0x00000000000001b6)
mkdir('/home/', 0x00000000000001ff)
mkdir('/home/runner/', 0x00000000000001ff)
mkdir('/home/runner/.nimble/', 0x00000000000001ff)
mkdir('/home/runner/.nimble/pkgcache/', 0x00000000000001ff)
mkdir('/home/runner/.nimble/pkgcache/githubcom_flooohsokolnim', 0x00000000000001ff)
open('/home/runner/.nimble/pkgcache/githubcom_flooohsokolnim', 622592, 0x0000000000000000)
writev(1, 0x00007ffc53cbc4e0, 2)
open('/home/runner/.nimble/pkgcache/githubcom_flooohsokolnim', 622592, 0x0000000000000000)
rmdir('/home/runner/.nimble/pkgcache/githubcom_flooohsokolnim')
writev(1, 0x00007ffc53cbc3d0, 2)
mkdir(94001699034960, 0x00000000000001ff)
Error tracing process: readBytes(0x0000557e79e11750, 256) error: [Errno 5] Input/output error.
