      Info: Package cache path /home/runner/.nimble/pkgcache
     Info:  Nimble data file "/home/runner/.nimble/nimbledata2.json" has been loaded.
    Reading official package list
Downloading https://github.com/ph4mished/sparc using git
    Cloning latest tagged version: v.0.1.0
open('/workspace/destdir/ssl/openssl.cnf', 32768, 0x00000000000001b6)
open('/home/runner/.config/nimble/nimble.ini', 557056, 0x00000000000001b6)
open('/home/runner/.config/babel/babel.ini', 557056, 0x00000000000001b6)
writev(1, 0x00007ffca5cf23c0, 2)
open('/home/runner/.nimble/nimbledata2.json', 557056, 0x00000000000001b6)
writev(1, 0x00007ffca5cf2490, 2)
writev(1, 0x00007ffc65147230, 2)
writev(1, 0x00007ffc651472c0, 2)
writev(1, 0x00007ffc651472c0, 2)
writev(1, 0x00007ffc651472c0, 2)
writev(1, 0x00007ffca5cf0ec0, 2)
open('/home/runner/.nimble/packages_official.json', 557056, 0x00000000000001b6)
mkdir('/home/', 0x00000000000001ff)
mkdir('/home/runner/', 0x00000000000001ff)
mkdir('/home/runner/.nimble/', 0x00000000000001ff)
mkdir('/home/runner/.nimble/pkgcache/', 0x00000000000001ff)
mkdir('/home/runner/.nimble/pkgcache/githubcom_ph4mishedsparc', 0x00000000000001ff)
open('/home/runner/.nimble/pkgcache/githubcom_ph4mishedsparc', 622592, 0x0000000000000000)
writev(1, 0x00007ffca5cf0f00, 2)
open('/home/runner/.nimble/pkgcache/githubcom_ph4mishedsparc', 622592, 0x0000000000000000)
rmdir('/home/runner/.nimble/pkgcache/githubcom_ph4mishedsparc')
writev(1, 0x00007ffca5cf0df0, 2)
mkdir(94908795832224, 0x00000000000001ff)
Error tracing process: readBytes(0x00005651ad0fc7a0, 256) error: [Errno 5] Input/output error.
