      Info: Package cache path /home/runner/.nimble/pkgcache
     Info:  Nimble data file "/home/runner/.nimble/nimbledata2.json" has been loaded.
    Reading official package list
Downloading https://github.com/nimscale/spdk.git using git
download.nim(94)         getTagsListRemote

    Error:  Unable to query remote tags for https://github.com/nimscale/spdk.git . Git returned: remote: Repository not found.
        ... fatal: repository 'https://github.com/nimscale/spdk.git/' not found
     Info:  Nimble data file "/home/runner/.nimble/nimbledata2.json" has been saved.
open('/workspace/destdir/ssl/openssl.cnf', 32768, 0x00000000000001b6)
open('/home/runner/.config/nimble/nimble.ini', 557056, 0x00000000000001b6)
open('/home/runner/.config/babel/babel.ini', 557056, 0x00000000000001b6)
writev(1, 0x00007ffefac270f0, 2)
open('/home/runner/.nimble/nimbledata2.json', 557056, 0x00000000000001b6)
writev(1, 0x00007ffefac271c0, 2)
writev(1, 0x00007ffca54fb020, 2)
writev(1, 0x00007ffca54fb0b0, 2)
writev(1, 0x00007ffca54fb0b0, 2)
writev(1, 0x00007ffca54fb0b0, 2)
writev(1, 0x00007ffefac25bf0, 2)
open('/home/runner/.nimble/packages_official.json', 557056, 0x00000000000001b6)
mkdir('/home/', 0x00000000000001ff)
mkdir('/home/runner/', 0x00000000000001ff)
mkdir('/home/runner/.nimble/', 0x00000000000001ff)
mkdir('/home/runner/.nimble/pkgcache/', 0x00000000000001ff)
mkdir('/home/runner/.nimble/pkgcache/githubcom_nimscalespdkgit', 0x00000000000001ff)
open('/home/runner/.nimble/pkgcache/githubcom_nimscalespdkgit', 622592, 0x0000000000000000)
writev(1, 0x00007ffefac25c30, 2)
open('/home/runner/.nimble/pkgcache/githubcom_nimscalespdkgit', 622592, 0x0000000000000000)
rmdir('/home/runner/.nimble/pkgcache/githubcom_nimscalespdkgit')
writev(1, 0x00007ffefac272e0, 2)
writev(1, 0x00007ffefac271b0, 2)
writev(1, 0x00007ffefac271b0, 2)
open('/tmp/nimble_3345', 622592, 0x0000000000000000)
rmdir('/tmp/nimble_3345')
open('/home/runner/.nimble/nimbledata2.json', 557633, 0x00000000000001b6)
writev(3, 0x00007ffefac271b0, 2)
writev(1, 0x00007ffefac271a0, 2)
  create directory /home
  create directory /home/runner
  create directory /home/runner/.nimble
  create directory /home/runner/.nimble/pkgcache
  create directory /home/runner/.nimble/pkgcache/githubcom_nimscalespdkgit
  delete /home/runner/.nimble/pkgcache/githubcom_nimscalespdkgit
  delete /tmp/nimble_3345
  truncate file /home/runner/.nimble/nimbledata2.json
