    Reading official package list
Downloading https://github.com/euantorano/spdx_licenses.nim using git
    Cloning latest tagged version: v1.0.0
mkdir('/tmp', 0x00000000000001ff)
mkdir('/tmp/nimble_16385', 0x00000000000001ff)
mkdir('/tmp/nimble_16385/githubcom_euantoranospdxlicensesnim', 0x00000000000001ff)
rmdir('/tmp/nimble_16385/githubcom_euantoranospdxlicensesnim')
mkdir('/tmp/nimble_16385/githubcom_euantoranospdxlicensesnim', 0x00000000000001ff)
mkdir('/tmp/nimble_16385/githubcom_euantoranospdxlicensesnim/.git', 0x00000000000001ff)
mkdir('/tmp/nimble_16385/githubcom_euantoranospdxlicensesnim/.git/', 0x00000000000001ff)
mkdir('/tmp/nimble_16385/githubcom_euantoranospdxlicensesnim/.git/info/', 0x00000000000001ff)
mkdir('/tmp/nimble_16385/githubcom_euantoranospdxlicensesnim/.git/branches/', 0x00000000000001ff)
mkdir('/tmp/nimble_16385/githubcom_euantoranospdxlicensesnim/.git/hooks/', 0x00000000000001ff)
mkdir('/tmp/nimble_16385/githubcom_euantoranospdxlicensesnim/.git/refs', 0x00000000000001ff)
mkdir('/tmp/nimble_16385/githubcom_euantoranospdxlicensesnim/.git/refs/heads', 0x00000000000001ff)
mkdir('/tmp/nimble_16385/githubcom_euantoranospdxlicensesnim/.git/refs/tags', 0x00000000000001ff)
rename('/tmp/nimble_16385/githubcom_euantoranospdxlicensesnim/.git/HEAD.lock', '/tmp/nimble_16385/githubcom_euantoranospdxlicensesnim/.git/HEAD')
rename('/tmp/nimble_16385/githubcom_euantoranospdxlicensesnim/.git/config.lock', '/tmp/nimble_16385/githubcom_euantoranospdxlicensesnim/.git/config')
chmod('/tmp/nimble_16385/githubcom_euantoranospdxlicensesnim/.git/config', 0x00000000000081e4)
chmod('/tmp/nimble_16385/githubcom_euantoranospdxlicensesnim/.git/config', 0x00000000000081a4)
chmod('/tmp/nimble_16385/githubcom_euantoranospdxlicensesnim/.git/config.lock', 0x00000000000001a4)
rename('/tmp/nimble_16385/githubcom_euantoranospdxlicensesnim/.git/config.lock', '/tmp/nimble_16385/githubcom_euantoranospdxlicensesnim/.git/config')
chmod('/tmp/nimble_16385/githubcom_euantoranospdxlicensesnim/.git/config.lock', 0x00000000000001a4)
rename('/tmp/nimble_16385/githubcom_euantoranospdxlicensesnim/.git/config.lock', '/tmp/nimble_16385/githubcom_euantoranospdxlicensesnim/.git/config')
chmod('/tmp/nimble_16385/githubcom_euantoranospdxlicensesnim/.git/config.lock', 0x00000000000001a4)
rename('/tmp/nimble_16385/githubcom_euantoranospdxlicensesnim/.git/config.lock', '/tmp/nimble_16385/githubcom_euantoranospdxlicensesnim/.git/config')
unlink('/tmp/nimble_16385/githubcom_euantoranospdxlicensesnim/.git/t1hfL6v')
symlink('testing', '/tmp/nimble_16385/githubcom_euantoranospdxlicensesnim/.git/t1hfL6v')
unlink('/tmp/nimble_16385/githubcom_euantoranospdxlicensesnim/.git/t1hfL6v')
mkdir('/tmp/nimble_16385/githubcom_euantoranospdxlicensesnim/.git/objects', 0x00000000000001ff)
mkdir('/tmp/nimble_16385/githubcom_euantoranospdxlicensesnim/.git/objects/pack', 0x00000000000001ff)
mkdir('/tmp/nimble_16385/githubcom_euantoranospdxlicensesnim/.git/objects/info', 0x00000000000001ff)
chmod('/tmp/nimble_16385/githubcom_euantoranospdxlicensesnim/.git/config.lock', 0x00000000000001a4)
rename('/tmp/nimble_16385/githubcom_euantoranospdxlicensesnim/.git/config.lock', '/tmp/nimble_16385/githubcom_euantoranospdxlicensesnim/.git/config')
chmod('/tmp/nimble_16385/githubcom_euantoranospdxlicensesnim/.git/config.lock', 0x00000000000001a4)
rename('/tmp/nimble_16385/githubcom_euantoranospdxlicensesnim/.git/config.lock', '/tmp/nimble_16385/githubcom_euantoranospdxlicensesnim/.git/config')
chmod('/tmp/nimble_16385/githubcom_euantoranospdxlicensesnim/.git/config.lock', 0x00000000000001a4)
rename('/tmp/nimble_16385/githubcom_euantoranospdxlicensesnim/.git/config.lock', '/tmp/nimble_16385/githubcom_euantoranospdxlicensesnim/.git/config')
mkdir('/tmp/nimble_16385/githubcom_euantoranospdxlicensesnim/.git/objects/49', 0x00000000000001ff)
link('/tmp/nimble_16385/githubcom_euantoranospdxlicensesnim/.git/objects/49/tmp_obj_SxeEJp', '/tmp/nimble_16385/githubcom_euantoranospdxlicensesnim/.git/objects/49/eca7862d3fb4052ffbecf49194828c82279959')
unlink('/tmp/nimble_16385/githubcom_euantoranospdxlicensesnim/.git/objects/49/tmp_obj_SxeEJp')
mkdir('/tmp/nimble_16385/githubcom_euantoranospdxlicensesnim/.git/objects/6a', 0x00000000000001ff)
link('/tmp/nimble_16385/githubcom_euantoranospdxlicensesnim/.git/objects/6a/tmp_obj_iLqwSr', '/tmp/nimble_16385/githubcom_euantoranospdxlicensesnim/.git/objects/6a/d58720a6586bbaa3675b679ca48e55c01e7ebb')
unlink('/tmp/nimble_16385/githubcom_euantoranospdxlicensesnim/.git/objects/6a/tmp_obj_iLqwSr')
mkdir('/tmp/nimble_16385/githubcom_euantoranospdxlicensesnim/.git/objects/55', 0x00000000000001ff)
link('/tmp/nimble_16385/githubcom_euantoranospdxlicensesnim/.git/objects/55/tmp_obj_CjFHbv', '/tmp/nimble_16385/githubcom_euantoranospdxlicensesnim/.git/objects/55/f8ed5065d0baf6363ad04305aeb59bb5d3e3c4')
unlink('/tmp/nimble_16385/githubcom_euantoranospdxlicensesnim/.git/objects/55/tmp_obj_CjFHbv')
mkdir('/tmp/nimble_16385/githubcom_euantoranospdxlicensesnim/.git/objects/95', 0x00000000000001ff)
link('/tmp/nimble_16385/githubcom_euantoranospdxlicensesnim/.git/objects/95/tmp_obj_AIOpjx', '/tmp/nimble_16385/githubcom_euantoranospdxlicensesnim/.git/objects/95/6e6bc9ca58df5e5060ca1503ccf67b0e78be98')
unlink('/tmp/nimble_16385/githubcom_euantoranospdxlicensesnim/.git/objects/95/tmp_obj_AIOpjx')
mkdir('/tmp/nimble_16385/githubcom_euantoranospdxlicensesnim/.git/objects/d8', 0x00000000000001ff)
link('/tmp/nimble_16385/githubcom_euantoranospdxlicensesnim/.git/objects/d8/tmp_obj_a52bNx', '/tmp/nimble_16385/githubcom_euantoranospdxlicensesnim/.git/objects/d8/03ea69694c0890ba719963701b4aa0307da198')
unlink('/tmp/nimble_16385/githubcom_euantoranospdxlicensesnim/.git/objects/d8/tmp_obj_a52bNx')
mkdir('/tmp/nimble_16385/githubcom_euantoranospdxlicensesnim/.git/objects/3a', 0x00000000000001ff)
link('/tmp/nimble_16385/githubcom_euantoranospdxlicensesnim/.git/objects/3a/tmp_obj_yjEeDA', '/tmp/nimble_16385/githubcom_euantoranospdxlicensesnim/.git/objects/3a/a5de8956ea24c71468841152a43a13d11256f4')
unlink('/tmp/nimble_16385/githubcom_euantoranospdxlicensesnim/.git/objects/3a/tmp_obj_yjEeDA')
mkdir('/tmp/nimble_16385/githubcom_euantoranospdxlicensesnim/.git/objects/eb', 0x00000000000001ff)
link('/tmp/nimble_16385/githubcom_euantoranospdxlicensesnim/.git/objects/eb/tmp_obj_GDEqHG', '/tmp/nimble_16385/githubcom_euantoranospdxlicensesnim/.git/objects/eb/c8fa75cd4d141411fa640caa68635c69bc21eb')
unlink('/tmp/nimble_16385/githubcom_euantoranospdxlicensesnim/.git/objects/eb/tmp_obj_GDEqHG')
mkdir('/tmp/nimble_16385/githubcom_euantoranospdxlicensesnim/.git/objects/31', 0x00000000000001ff)
link('/tmp/nimble_16385/githubcom_euantoranospdxlicensesnim/.git/objects/31/tmp_obj_6IiNVH', '/tmp/nimble_16385/githubcom_euantoranospdxlicensesnim/.git/objects/31/babbc71ed6540fd9db7b40a00b1af543f86032')
unlink('/tmp/nimble_16385/githubcom_euantoranospdxlicensesnim/.git/objects/31/tmp_obj_6IiNVH')
mkdir('/tmp/nimble_16385/githubcom_euantoranospdxlicensesnim/.git/objects/2b', 0x00000000000001ff)
link('/tmp/nimble_16385/githubcom_euantoranospdxlicensesnim/.git/objects/2b/tmp_obj_OLu2HL', '/tmp/nimble_16385/githubcom_euantoranospdxlicensesnim/.git/objects/2b/ada28d1508d059ea0975f883b6c73f9d1f0ca8')
unlink('/tmp/nimble_16385/githubcom_euantoranospdxlicensesnim/.git/objects/2b/tmp_obj_OLu2HL')
mkdir('/tmp/nimble_16385/githubcom_euantoranospdxlicensesnim/.git/objects/be', 0x00000000000001ff)
link('/tmp/nimble_16385/githubcom_euantoranospdxlicensesnim/.git/objects/be/tmp_obj_uXhGkS', '/tmp/nimble_16385/githubcom_euantoranospdxlicensesnim/.git/objects/be/69b64d7ce527bf6aa1ba620abe8d0e3f9ded95')
unlink('/tmp/nimble_16385/githubcom_euantoranospdxlicensesnim/.git/objects/be/tmp_obj_uXhGkS')
mkdir('/tmp/nimble_16385/githubcom_euantoranospdxlicensesnim/.git/objects/6f', 0x00000000000001ff)
link('/tmp/nimble_16385/githubcom_euantoranospdxlicensesnim/.git/objects/6f/tmp_obj_ydZ2ET', '/tmp/nimble_16385/githubcom_euantoranospdxlicensesnim/.git/objects/6f/310153d06e57cf6ed76100220d258955d4369d')
unlink('/tmp/nimble_16385/githubcom_euantoranospdxlicensesnim/.git/objects/6f/tmp_obj_ydZ2ET')
mkdir('/tmp/nimble_16385/githubcom_euantoranospdxlicensesnim/.git/objects/6e', 0x00000000000001ff)
link('/tmp/nimble_16385/githubcom_euantoranospdxlicensesnim/.git/objects/6e/tmp_obj_KrrLdZ', '/tmp/nimble_16385/githubcom_euantoranospdxlicensesnim/.git/objects/6e/aaab36b8ca459416344cc710beb52d87767ce2')  Verifying dependencies for spdx_licenses@1.0.0
 Installing spdx_licenses@1.0.0
    Copying file /tmp/nimble_16385/githubcom_euantoranospdxlicensesnim/src/spdx_licenses.nim to /home/runner/.nimble/pkgs/spdx_licenses-1.0.0/spdx_licenses.nim
    Copying file /tmp/nimble_16385/githubcom_euantoranospdxlicensesnim/src/spdx_licenses.nim.cfg to /home/runner/.nimble/pkgs/spdx_licenses-1.0.0/spdx_licenses.nim.cfg
    Copying file /tmp/nimble_16385/githubcom_euantoranospdxlicensesnim/spdx_licenses.nimble to /home/runner/.nimble/pkgs/spdx_licenses-1.0.0/spdx_licenses.nimble
   Success: spdx_licenses installed successfully.

unlink('/tmp/nimble_16385/githubcom_euantoranospdxlicensesnim/.git/objects/6e/tmp_obj_KrrLdZ')
mkdir('/tmp/nimble_16385/githubcom_euantoranospdxlicensesnim/.git/objects/65', 0x00000000000001ff)
link('/tmp/nimble_16385/githubcom_euantoranospdxlicensesnim/.git/objects/65/tmp_obj_qFTXp0', '/tmp/nimble_16385/githubcom_euantoranospdxlicensesnim/.git/objects/65/1d473f9d118d5beb15b6c00e2c0505ecef00d9')
unlink('/tmp/nimble_16385/githubcom_euantoranospdxlicensesnim/.git/objects/65/tmp_obj_qFTXp0')
mkdir('/tmp/nimble_16385/githubcom_euantoranospdxlicensesnim/.git/objects/51', 0x00000000000001ff)
link('/tmp/nimble_16385/githubcom_euantoranospdxlicensesnim/.git/objects/51/tmp_obj_wiMIm5', '/tmp/nimble_16385/githubcom_euantoranospdxlicensesnim/.git/objects/51/1602f0123aa61ae5d0f21f12b27a95624a1fb0')
unlink('/tmp/nimble_16385/githubcom_euantoranospdxlicensesnim/.git/objects/51/tmp_obj_wiMIm5')
mkdir('/tmp/nimble_16385/githubcom_euantoranospdxlicensesnim/.git/objects/19', 0x00000000000001ff)
link('/tmp/nimble_16385/githubcom_euantoranospdxlicensesnim/.git/objects/19/tmp_obj_iTAhna', '/tmp/nimble_16385/githubcom_euantoranospdxlicensesnim/.git/objects/19/75fd29fad29176b3952959e5c385b9d912b6a5')
unlink('/tmp/nimble_16385/githubcom_euantoranospdxlicensesnim/.git/objects/19/tmp_obj_iTAhna')
mkdir('/tmp/nimble_16385/githubcom_euantoranospdxlicensesnim/.git/objects/52', 0x00000000000001ff)
link('/tmp/nimble_16385/githubcom_euantoranospdxlicensesnim/.git/objects/52/tmp_obj_4lTfCc', '/tmp/nimble_16385/githubcom_euantoranospdxlicensesnim/.git/objects/52/1e21de41cb62ba5caaaf0b8268c2c4216cc858')
unlink('/tmp/nimble_16385/githubcom_euantoranospdxlicensesnim/.git/objects/52/tmp_obj_4lTfCc')
mkdir('/tmp/nimble_16385/githubcom_euantoranospdxlicensesnim/.git/objects/44', 0x00000000000001ff)
link('/tmp/nimble_16385/githubcom_euantoranospdxlicensesnim/.git/objects/44/tmp_obj_8jFVii', '/tmp/nimble_16385/githubcom_euantoranospdxlicensesnim/.git/objects/44/0183b5114e7fd27f2c31bed9d76ad4c71f5990')
unlink('/tmp/nimble_16385/githubcom_euantoranospdxlicensesnim/.git/objects/44/tmp_obj_8jFVii')
mkdir('/tmp/nimble_16385/githubcom_euantoranospdxlicensesnim/.git/objects/97', 0x00000000000001ff)
link('/tmp/nimble_16385/githubcom_euantoranospdxlicensesnim/.git/objects/97/tmp_obj_Fyus6b', '/tmp/nimble_16385/githubcom_euantoranospdxlicensesnim/.git/objects/97/15eb391599eba2147fecdbc7e40a5e15ada8cf')
unlink('/tmp/nimble_16385/githubcom_euantoranospdxlicensesnim/.git/objects/97/tmp_obj_Fyus6b')
rename('/tmp/nimble_16385/githubcom_euantoranospdxlicensesnim/.git/shallow.lock', '/tmp/nimble_16385/githubcom_euantoranospdxlicensesnim/.git/shallow')
rename('/tmp/nimble_16385/githubcom_euantoranospdxlicensesnim/.git/packed-refs.new', '/tmp/nimble_16385/githubcom_euantoranospdxlicensesnim/.git/packed-refs')
unlink('/tmp/nimble_16385/githubcom_euantoranospdxlicensesnim/.git/packed-refs.lock')
unlink('/tmp/nimble_16385/githubcom_euantoranospdxlicensesnim/.git/refs/tags/v1.0.0.lock')
mkdir('/tmp/nimble_16385/githubcom_euantoranospdxlicensesnim/.git/logs', 0x00000000000001ff)
rename('/tmp/nimble_16385/githubcom_euantoranospdxlicensesnim/.git/HEAD.lock', '/tmp/nimble_16385/githubcom_euantoranospdxlicensesnim/.git/HEAD')
mkdir('.circleci', 0x00000000000001ff)
mkdir('docs', 0x00000000000001ff)
mkdir('src', 0x00000000000001ff)
mkdir('tests', 0x00000000000001ff)
rename('/tmp/nimble_16385/githubcom_euantoranospdxlicensesnim/.git/index.lock', '/tmp/nimble_16385/githubcom_euantoranospdxlicensesnim/.git/index')
mkdir('/tmp', 0x00000000000001ff)
mkdir('/tmp/nimblecache', 0x00000000000001ff)
mkdir('/tmp/nimblecache/spdx_licenses_3501641778', 0x00000000000001ff)
unlink('/tmp/nimblecache/spdx_licenses_3501641778/spdx_licenses.ini')
unlink('/tmp/nimble_16385.out')
unlink('/tmp/nimble_16385/githubcom_euantoranospdxlicensesnim/spdx_licenses_16385.nims')
mkdir('/home', 0x00000000000001ff)
mkdir('/home/runner', 0x00000000000001ff)
mkdir('/home/runner/.nimble', 0x00000000000001ff)
mkdir('/home/runner/.nimble/pkgs', 0x00000000000001ff)
mkdir('/home/runner/.nimble/pkgs/spdx_licenses-1.0.0', 0x00000000000001ff)
mkdir('/home', 0x00000000000001ff)
mkdir('/home/runner', 0x00000000000001ff)
mkdir('/home/runner/.nimble', 0x00000000000001ff)
mkdir('/home/runner/.nimble/pkgs', 0x00000000000001ff)
mkdir('/home/runner/.nimble/pkgs/spdx_licenses-1.0.0', 0x00000000000001ff)
chmod('/home/runner/.nimble/pkgs/spdx_licenses-1.0.0/spdx_licenses.nim', 0x00000000000001a4)
mkdir('/home', 0x00000000000001ff)
mkdir('/home/runner', 0x00000000000001ff)
mkdir('/home/runner/.nimble', 0x00000000000001ff)
mkdir('/home/runner/.nimble/pkgs', 0x00000000000001ff)
mkdir('/home/runner/.nimble/pkgs/spdx_licenses-1.0.0', 0x00000000000001ff)
chmod('/home/runner/.nimble/pkgs/spdx_licenses-1.0.0/spdx_licenses.nim.cfg', 0x00000000000001a4)
chmod('/home/runner/.nimble/pkgs/spdx_licenses-1.0.0/spdx_licenses.nimble', 0x00000000000001a4)
mkdir('/tmp', 0x00000000000001ff)
mkdir('/tmp/nimblecache', 0x00000000000001ff)
mkdir('/tmp/nimblecache/spdx_licenses_3533640894', 0x00000000000001ff)
unlink('/tmp/nimblecache/spdx_licenses_3533640894/spdx_licenses.ini')
unlink('/tmp/nimble_16385.out')
unlink('/home/runner/.nimble/pkgs/spdx_licenses-1.0.0/spdx_licenses_16385.nims')
unlink('/tmp/nimble_16385/githubcom_euantoranospdxlicensesnim/docs/spdx_licenses.idx')
unlink('/tmp/nimble_16385/githubcom_euantoranospdxlicensesnim/docs/spdx_licenses.html')
rmdir('/tmp/nimble_16385/githubcom_euantoranospdxlicensesnim/docs')
unlink('/tmp/nimble_16385/githubcom_euantoranospdxlicensesnim/README.md')
rmdir('/tmp/nimble_16385/githubcom_euantoranospdxlicensesnim/.git/refs/tags')
rmdir('/tmp/nimble_16385/githubcom_euantoranospdxlicensesnim/.git/refs/heads')
rmdir('/tmp/nimble_16385/githubcom_euantoranospdxlicensesnim/.git/refs')
unlink('/tmp/nimble_16385/githubcom_euantoranospdxlicensesnim/.git/info/exclude')
rmdir('/tmp/nimble_16385/githubcom_euantoranospdxlicensesnim/.git/info')
rmdir('/tmp/nimble_16385/githubcom_euantoranospdxlicensesnim/.git/branches')
unlink('/tmp/nimble_16385/githubcom_euantoranospdxlicensesnim/.git/logs/HEAD')
rmdir('/tmp/nimble_16385/githubcom_euantoranospdxlicensesnim/.git/logs')
unlink('/tmp/nimble_16385/githubcom_euantoranospdxlicensesnim/.git/description')
unlink('/tmp/nimble_16385/githubcom_euantoranospdxlicensesnim/.git/hooks/pre-rebase.sample')
unlink('/tmp/nimble_16385/githubcom_euantoranospdxlicensesnim/.git/hooks/applypatch-msg.sample')
unlink('/tmp/nimble_16385/githubcom_euantoranospdxlicensesnim/.git/hooks/pre-push.sample')
unlink('/tmp/nimble_16385/githubcom_euantoranospdxlicensesnim/.git/hooks/pre-merge-commit.sample')
unlink('/tmp/nimble_16385/githubcom_euantoranospdxlicensesnim/.git/hooks/pre-receive.sample')
unlink('/tmp/nimble_16385/githubcom_euantoranospdxlicensesnim/.git/hooks/update.sample')
unlink('/tmp/nimble_16385/githubcom_euantoranospdxlicensesnim/.git/hooks/pre-commit.sample')
unlink('/tmp/nimble_16385/githubcom_euantoranospdxlicensesnim/.git/hooks/pre-applypatch.sample')
unlink('/tmp/nimble_16385/githubcom_euantoranospdxlicensesnim/.git/hooks/commit-msg.sample')
unlink('/tmp/nimble_16385/githubcom_euantoranospdxlicensesnim/.git/hooks/fsmonitor-watchman.sample')
unlink('/tmp/nimble_16385/githubcom_euantoranospdxlicensesnim/.git/hooks/prepare-commit-msg.sample')
unlink('/tmp/nimble_16385/githubcom_euantoranospdxlicensesnim/.git/hooks/post-update.sample')
rmdir('/tmp/nimble_16385/githubcom_euantoranospdxlicensesnim/.git/hooks')
unlink('/tmp/nimble_16385/githubcom_euantoranospdxlicensesnim/.git/shallow')
unlink('/tmp/nimble_16385/githubcom_euantoranospdxlicensesnim/.git/config')
unlink('/tmp/nimble_16385/githubcom_euantoranospdxlicensesnim/.git/index')
unlink('/tmp/nimble_16385/githubcom_euantoranospdxlicensesnim/.git/objects/97/15eb391599eba2147fecdbc7e40a5e15ada8cf')
rmdir('/tmp/nimble_16385/githubcom_euantoranospdxlicensesnim/.git/objects/97')
unlink('/tmp/nimble_16385/githubcom_euantoranospdxlicensesnim/.git/objects/6f/310153d06e57cf6ed76100220d258955d4369d')
rmdir('/tmp/nimble_16385/githubcom_euantoranospdxlicensesnim/.git/objects/6f')
unlink('/tmp/nimble_16385/githubcom_euantoranospdxlicensesnim/.git/objects/51/1602f0123aa61ae5d0f21f12b27a95624a1fb0')
rmdir('/tmp/nimble_16385/githubcom_euantoranospdxlicensesnim/.git/objects/51')
unlink('/tmp/nimble_16385/githubcom_euantoranospdxlicensesnim/.git/objects/19/75fd29fad29176b3952959e5c385b9d912b6a5')
rmdir('/tmp/nimble_16385/githubcom_euantoranospdxlicensesnim/.git/objects/19')
unlink('/tmp/nimble_16385/githubcom_euantoranospdxlicensesnim/.git/objects/31/babbc71ed6540fd9db7b40a00b1af543f86032')
rmdir('/tmp/nimble_16385/githubcom_euantoranospdxlicensesnim/.git/objects/31')
rmdir('/tmp/nimble_16385/githubcom_euantoranospdxlicensesnim/.git/objects/info')
unlink('/tmp/nimble_16385/githubcom_euantoranospdxlicensesnim/.git/objects/d8/03ea69694c0890ba719963701b4aa0307da198')
rmdir('/tmp/nimble_16385/githubcom_euantoranospdxlicensesnim/.git/objects/d8')
unlink('/tmp/nimble_16385/githubcom_euantoranospdxlicensesnim/.git/objects/be/69b64d7ce527bf6aa1ba620abe8d0e3f9ded95')
rmdir('/tmp/nimble_16385/githubcom_euantoranospdxlicensesnim/.git/objects/be')
unlink('/tmp/nimble_16385/githubcom_euantoranospdxlicensesnim/.git/objects/95/6e6bc9ca58df5e5060ca1503ccf67b0e78be98')
rmdir('/tmp/nimble_16385/githubcom_euantoranospdxlicensesnim/.git/objects/95')
unlink('/tmp/nimble_16385/githubcom_euantoranospdxlicensesnim/.git/objects/52/1e21de41cb62ba5caaaf0b8268c2c4216cc858')
rmdir('/tmp/nimble_16385/githubcom_euantoranospdxlicensesnim/.git/objects/52')
unlink('/tmp/nimble_16385/githubcom_euantoranospdxlicensesnim/.git/objects/eb/c8fa75cd4d141411fa640caa68635c69bc21eb')
rmdir('/tmp/nimble_16385/githubcom_euantoranospdxlicensesnim/.git/objects/eb')
unlink('/tmp/nimble_16385/githubcom_euantoranospdxlicensesnim/.git/objects/3a/a5de8956ea24c71468841152a43a13d11256f4')
rmdir('/tmp/nimble_16385/githubcom_euantoranospdxlicensesnim/.git/objects/3a')
unlink('/tmp/nimble_16385/githubcom_euantoranospdxlicensesnim/.git/objects/49/eca7862d3fb4052ffbecf49194828c82279959')
rmdir('/tmp/nimble_16385/githubcom_euantoranospdxlicensesnim/.git/objects/49')
unlink('/tmp/nimble_16385/githubcom_euantoranospdxlicensesnim/.git/objects/65/1d473f9d118d5beb15b6c00e2c0505ecef00d9')
rmdir('/tmp/nimble_16385/githubcom_euantoranospdxlicensesnim/.git/objects/65')
unlink('/tmp/nimble_16385/githubcom_euantoranospdxlicensesnim/.git/objects/55/f8ed5065d0baf6363ad04305aeb59bb5d3e3c4')
rmdir('/tmp/nimble_16385/githubcom_euantoranospdxlicensesnim/.git/objects/55')
unlink('/tmp/nimble_16385/githubcom_euantoranospdxlicensesnim/.git/objects/2b/ada28d1508d059ea0975f883b6c73f9d1f0ca8')
rmdir('/tmp/nimble_16385/githubcom_euantoranospdxlicensesnim/.git/objects/2b')
unlink('/tmp/nimble_16385/githubcom_euantoranospdxlicensesnim/.git/objects/6a/d58720a6586bbaa3675b679ca48e55c01e7ebb')
rmdir('/tmp/nimble_16385/githubcom_euantoranospdxlicensesnim/.git/objects/6a')
rmdir('/tmp/nimble_16385/githubcom_euantoranospdxlicensesnim/.git/objects/pack')
unlink('/tmp/nimble_16385/githubcom_euantoranospdxlicensesnim/.git/objects/6e/aaab36b8ca459416344cc710beb52d87767ce2')
rmdir('/tmp/nimble_16385/githubcom_euantoranospdxlicensesnim/.git/objects/6e')
unlink('/tmp/nimble_16385/githubcom_euantoranospdxlicensesnim/.git/objects/44/0183b5114e7fd27f2c31bed9d76ad4c71f5990')
rmdir('/tmp/nimble_16385/githubcom_euantoranospdxlicensesnim/.git/objects/44')
rmdir('/tmp/nimble_16385/githubcom_euantoranospdxlicensesnim/.git/objects')
unlink('/tmp/nimble_16385/githubcom_euantoranospdxlicensesnim/.git/packed-refs')
unlink('/tmp/nimble_16385/githubcom_euantoranospdxlicensesnim/.git/HEAD')
rmdir('/tmp/nimble_16385/githubcom_euantoranospdxlicensesnim/.git')
unlink('/tmp/nimble_16385/githubcom_euantoranospdxlicensesnim/.circleci/config.yml')
rmdir('/tmp/nimble_16385/githubcom_euantoranospdxlicensesnim/.circleci')
unlink('/tmp/nimble_16385/githubcom_euantoranospdxlicensesnim/src/spdx_licenses.nim')
unlink('/tmp/nimble_16385/githubcom_euantoranospdxlicensesnim/src/spdx_licenses.nim.cfg')
rmdir('/tmp/nimble_16385/githubcom_euantoranospdxlicensesnim/src')
unlink('/tmp/nimble_16385/githubcom_euantoranospdxlicensesnim/.travis.yml')
unlink('/tmp/nimble_16385/githubcom_euantoranospdxlicensesnim/.editorconfig')
unlink('/tmp/nimble_16385/githubcom_euantoranospdxlicensesnim/spdx_licenses.nimble')
unlink('/tmp/nimble_16385/githubcom_euantoranospdxlicensesnim/tests/nim.cfg')
unlink('/tmp/nimble_16385/githubcom_euantoranospdxlicensesnim/tests/main.nim')
rmdir('/tmp/nimble_16385/githubcom_euantoranospdxlicensesnim/tests')
unlink('/tmp/nimble_16385/githubcom_euantoranospdxlicensesnim/.gitignore')
rmdir('/tmp/nimble_16385/githubcom_euantoranospdxlicensesnim')
rmdir('/tmp/nimble_16385')
  create directory /tmp
  create directory /tmp/nimble_16385
  create directory /tmp/nimble_16385/githubcom_euantoranospdxlicensesnim
  delete /tmp/nimble_16385/githubcom_euantoranospdxlicensesnim
  create directory /tmp/nimble_16385/githubcom_euantoranospdxlicensesnim
  create directory /tmp/nimble_16385/githubcom_euantoranospdxlicensesnim/.git
  create directory /tmp/nimble_16385/githubcom_euantoranospdxlicensesnim/.git
  create directory /tmp/nimble_16385/githubcom_euantoranospdxlicensesnim/.git/info
  create directory /tmp/nimble_16385/githubcom_euantoranospdxlicensesnim/.git/branches
  create directory /tmp/nimble_16385/githubcom_euantoranospdxlicensesnim/.git/hooks
  create directory /tmp/nimble_16385/githubcom_euantoranospdxlicensesnim/.git/refs
  create directory /tmp/nimble_16385/githubcom_euantoranospdxlicensesnim/.git/refs/heads
  create directory /tmp/nimble_16385/githubcom_euantoranospdxlicensesnim/.git/refs/tags
  rename /tmp/nimble_16385/githubcom_euantoranospdxlicensesnim/.git/HEAD.lock to HEAD
  rename /tmp/nimble_16385/githubcom_euantoranospdxlicensesnim/.git/config.lock to config
  change permissions of /tmp/nimble_16385/githubcom_euantoranospdxlicensesnim/.git/config to rwxr--r--
  change permissions of /tmp/nimble_16385/githubcom_euantoranospdxlicensesnim/.git/config to rw-r--r--
  change permissions of /tmp/nimble_16385/githubcom_euantoranospdxlicensesnim/.git/config.lock to rw-r--r--
  rename /tmp/nimble_16385/githubcom_euantoranospdxlicensesnim/.git/config.lock to config
  change permissions of /tmp/nimble_16385/githubcom_euantoranospdxlicensesnim/.git/config.lock to rw-r--r--
  rename /tmp/nimble_16385/githubcom_euantoranospdxlicensesnim/.git/config.lock to config
  change permissions of /tmp/nimble_16385/githubcom_euantoranospdxlicensesnim/.git/config.lock to rw-r--r--
  rename /tmp/nimble_16385/githubcom_euantoranospdxlicensesnim/.git/config.lock to config
  delete /tmp/nimble_16385/githubcom_euantoranospdxlicensesnim/.git/t1hfL6v
  create symbolic link from /tmp/nimble_16385/githubcom_euantoranospdxlicensesnim/.git/t1hfL6v to /home/runner/work/nim_packages_security_audit/nim_packages_security_audit/testing
  delete /tmp/nimble_16385/githubcom_euantoranospdxlicensesnim/.git/t1hfL6v
  create directory /tmp/nimble_16385/githubcom_euantoranospdxlicensesnim/.git/objects
  create directory /tmp/nimble_16385/githubcom_euantoranospdxlicensesnim/.git/objects/pack
  create directory /tmp/nimble_16385/githubcom_euantoranospdxlicensesnim/.git/objects/info
  change permissions of /tmp/nimble_16385/githubcom_euantoranospdxlicensesnim/.git/config.lock to rw-r--r--
  rename /tmp/nimble_16385/githubcom_euantoranospdxlicensesnim/.git/config.lock to config
  change permissions of /tmp/nimble_16385/githubcom_euantoranospdxlicensesnim/.git/config.lock to rw-r--r--
  rename /tmp/nimble_16385/githubcom_euantoranospdxlicensesnim/.git/config.lock to config
  change permissions of /tmp/nimble_16385/githubcom_euantoranospdxlicensesnim/.git/config.lock to rw-r--r--
  rename /tmp/nimble_16385/githubcom_euantoranospdxlicensesnim/.git/config.lock to config
  create directory /tmp/nimble_16385/githubcom_euantoranospdxlicensesnim/.git/objects/49
  create hard link from /tmp/nimble_16385/githubcom_euantoranospdxlicensesnim/.git/objects/49/eca7862d3fb4052ffbecf49194828c82279959 to /tmp/nimble_16385/githubcom_euantoranospdxlicensesnim/.git/objects/49/tmp_obj_SxeEJp
  delete /tmp/nimble_16385/githubcom_euantoranospdxlicensesnim/.git/objects/49/tmp_obj_SxeEJp
  create directory /tmp/nimble_16385/githubcom_euantoranospdxlicensesnim/.git/objects/6a
  create hard link from /tmp/nimble_16385/githubcom_euantoranospdxlicensesnim/.git/objects/6a/d58720a6586bbaa3675b679ca48e55c01e7ebb to /tmp/nimble_16385/githubcom_euantoranospdxlicensesnim/.git/objects/6a/tmp_obj_iLqwSr
  delete /tmp/nimble_16385/githubcom_euantoranospdxlicensesnim/.git/objects/6a/tmp_obj_iLqwSr
  create directory /tmp/nimble_16385/githubcom_euantoranospdxlicensesnim/.git/objects/55
  create hard link from /tmp/nimble_16385/githubcom_euantoranospdxlicensesnim/.git/objects/55/f8ed5065d0baf6363ad04305aeb59bb5d3e3c4 to /tmp/nimble_16385/githubcom_euantoranospdxlicensesnim/.git/objects/55/tmp_obj_CjFHbv
  delete /tmp/nimble_16385/githubcom_euantoranospdxlicensesnim/.git/objects/55/tmp_obj_CjFHbv
  create directory /tmp/nimble_16385/githubcom_euantoranospdxlicensesnim/.git/objects/95
  create hard link from /tmp/nimble_16385/githubcom_euantoranospdxlicensesnim/.git/objects/95/6e6bc9ca58df5e5060ca1503ccf67b0e78be98 to /tmp/nimble_16385/githubcom_euantoranospdxlicensesnim/.git/objects/95/tmp_obj_AIOpjx
  delete /tmp/nimble_16385/githubcom_euantoranospdxlicensesnim/.git/objects/95/tmp_obj_AIOpjx
  create directory /tmp/nimble_16385/githubcom_euantoranospdxlicensesnim/.git/objects/d8
  create hard link from /tmp/nimble_16385/githubcom_euantoranospdxlicensesnim/.git/objects/d8/03ea69694c0890ba719963701b4aa0307da198 to /tmp/nimble_16385/githubcom_euantoranospdxlicensesnim/.git/objects/d8/tmp_obj_a52bNx
  delete /tmp/nimble_16385/githubcom_euantoranospdxlicensesnim/.git/objects/d8/tmp_obj_a52bNx
  create directory /tmp/nimble_16385/githubcom_euantoranospdxlicensesnim/.git/objects/3a
  create hard link from /tmp/nimble_16385/githubcom_euantoranospdxlicensesnim/.git/objects/3a/a5de8956ea24c71468841152a43a13d11256f4 to /tmp/nimble_16385/githubcom_euantoranospdxlicensesnim/.git/objects/3a/tmp_obj_yjEeDA
  delete /tmp/nimble_16385/githubcom_euantoranospdxlicensesnim/.git/objects/3a/tmp_obj_yjEeDA
  create directory /tmp/nimble_16385/githubcom_euantoranospdxlicensesnim/.git/objects/eb
  create hard link from /tmp/nimble_16385/githubcom_euantoranospdxlicensesnim/.git/objects/eb/c8fa75cd4d141411fa640caa68635c69bc21eb to /tmp/nimble_16385/githubcom_euantoranospdxlicensesnim/.git/objects/eb/tmp_obj_GDEqHG
  delete /tmp/nimble_16385/githubcom_euantoranospdxlicensesnim/.git/objects/eb/tmp_obj_GDEqHG
  create directory /tmp/nimble_16385/githubcom_euantoranospdxlicensesnim/.git/objects/31
  create hard link from /tmp/nimble_16385/githubcom_euantoranospdxlicensesnim/.git/objects/31/babbc71ed6540fd9db7b40a00b1af543f86032 to /tmp/nimble_16385/githubcom_euantoranospdxlicensesnim/.git/objects/31/tmp_obj_6IiNVH
  delete /tmp/nimble_16385/githubcom_euantoranospdxlicensesnim/.git/objects/31/tmp_obj_6IiNVH
  create directory /tmp/nimble_16385/githubcom_euantoranospdxlicensesnim/.git/objects/2b
  create hard link from /tmp/nimble_16385/githubcom_euantoranospdxlicensesnim/.git/objects/2b/ada28d1508d059ea0975f883b6c73f9d1f0ca8 to /tmp/nimble_16385/githubcom_euantoranospdxlicensesnim/.git/objects/2b/tmp_obj_OLu2HL
  delete /tmp/nimble_16385/githubcom_euantoranospdxlicensesnim/.git/objects/2b/tmp_obj_OLu2HL
  create directory /tmp/nimble_16385/githubcom_euantoranospdxlicensesnim/.git/objects/be
  create hard link from /tmp/nimble_16385/githubcom_euantoranospdxlicensesnim/.git/objects/be/69b64d7ce527bf6aa1ba620abe8d0e3f9ded95 to /tmp/nimble_16385/githubcom_euantoranospdxlicensesnim/.git/objects/be/tmp_obj_uXhGkS
  delete /tmp/nimble_16385/githubcom_euantoranospdxlicensesnim/.git/objects/be/tmp_obj_uXhGkS
  create directory /tmp/nimble_16385/githubcom_euantoranospdxlicensesnim/.git/objects/6f
  create hard link from /tmp/nimble_16385/githubcom_euantoranospdxlicensesnim/.git/objects/6f/310153d06e57cf6ed76100220d258955d4369d to /tmp/nimble_16385/githubcom_euantoranospdxlicensesnim/.git/objects/6f/tmp_obj_ydZ2ET
  delete /tmp/nimble_16385/githubcom_euantoranospdxlicensesnim/.git/objects/6f/tmp_obj_ydZ2ET
  create directory /tmp/nimble_16385/githubcom_euantoranospdxlicensesnim/.git/objects/6e
  create hard link from /tmp/nimble_16385/githubcom_euantoranospdxlicensesnim/.git/objects/6e/aaab36b8ca459416344cc710beb52d87767ce2 to /tmp/nimble_16385/githubcom_euantoranospdxlicensesnim/.git/objects/6e/tmp_obj_KrrLdZ
  delete /tmp/nimble_16385/githubcom_euantoranospdxlicensesnim/.git/objects/6e/tmp_obj_KrrLdZ
  create directory /tmp/nimble_16385/githubcom_euantoranospdxlicensesnim/.git/objects/65
  create hard link from /tmp/nimble_16385/githubcom_euantoranospdxlicensesnim/.git/objects/65/1d473f9d118d5beb15b6c00e2c0505ecef00d9 to /tmp/nimble_16385/githubcom_euantoranospdxlicensesnim/.git/objects/65/tmp_obj_qFTXp0
  delete /tmp/nimble_16385/githubcom_euantoranospdxlicensesnim/.git/objects/65/tmp_obj_qFTXp0
  create directory /tmp/nimble_16385/githubcom_euantoranospdxlicensesnim/.git/objects/51
  create hard link from /tmp/nimble_16385/githubcom_euantoranospdxlicensesnim/.git/objects/51/1602f0123aa61ae5d0f21f12b27a95624a1fb0 to /tmp/nimble_16385/githubcom_euantoranospdxlicensesnim/.git/objects/51/tmp_obj_wiMIm5
  delete /tmp/nimble_16385/githubcom_euantoranospdxlicensesnim/.git/objects/51/tmp_obj_wiMIm5
  create directory /tmp/nimble_16385/githubcom_euantoranospdxlicensesnim/.git/objects/19
  create hard link from /tmp/nimble_16385/githubcom_euantoranospdxlicensesnim/.git/objects/19/75fd29fad29176b3952959e5c385b9d912b6a5 to /tmp/nimble_16385/githubcom_euantoranospdxlicensesnim/.git/objects/19/tmp_obj_iTAhna
  delete /tmp/nimble_16385/githubcom_euantoranospdxlicensesnim/.git/objects/19/tmp_obj_iTAhna
  create directory /tmp/nimble_16385/githubcom_euantoranospdxlicensesnim/.git/objects/52
  create hard link from /tmp/nimble_16385/githubcom_euantoranospdxlicensesnim/.git/objects/52/1e21de41cb62ba5caaaf0b8268c2c4216cc858 to /tmp/nimble_16385/githubcom_euantoranospdxlicensesnim/.git/objects/52/tmp_obj_4lTfCc
  delete /tmp/nimble_16385/githubcom_euantoranospdxlicensesnim/.git/objects/52/tmp_obj_4lTfCc
  create directory /tmp/nimble_16385/githubcom_euantoranospdxlicensesnim/.git/objects/44
  create hard link from /tmp/nimble_16385/githubcom_euantoranospdxlicensesnim/.git/objects/44/0183b5114e7fd27f2c31bed9d76ad4c71f5990 to /tmp/nimble_16385/githubcom_euantoranospdxlicensesnim/.git/objects/44/tmp_obj_8jFVii
  delete /tmp/nimble_16385/githubcom_euantoranospdxlicensesnim/.git/objects/44/tmp_obj_8jFVii
  create directory /tmp/nimble_16385/githubcom_euantoranospdxlicensesnim/.git/objects/97
  create hard link from /tmp/nimble_16385/githubcom_euantoranospdxlicensesnim/.git/objects/97/15eb391599eba2147fecdbc7e40a5e15ada8cf to /tmp/nimble_16385/githubcom_euantoranospdxlicensesnim/.git/objects/97/tmp_obj_Fyus6b
  delete /tmp/nimble_16385/githubcom_euantoranospdxlicensesnim/.git/objects/97/tmp_obj_Fyus6b
  rename /tmp/nimble_16385/githubcom_euantoranospdxlicensesnim/.git/shallow.lock to shallow
  rename /tmp/nimble_16385/githubcom_euantoranospdxlicensesnim/.git/packed-refs.new to packed-refs
  delete /tmp/nimble_16385/githubcom_euantoranospdxlicensesnim/.git/packed-refs.lock
  delete /tmp/nimble_16385/githubcom_euantoranospdxlicensesnim/.git/refs/tags/v1.0.0.lock
  create directory /tmp/nimble_16385/githubcom_euantoranospdxlicensesnim/.git/logs
  rename /tmp/nimble_16385/githubcom_euantoranospdxlicensesnim/.git/HEAD.lock to HEAD
  create directory /tmp/nimble_16385/githubcom_euantoranospdxlicensesnim/.circleci
  create directory /tmp/nimble_16385/githubcom_euantoranospdxlicensesnim/docs
  create directory /tmp/nimble_16385/githubcom_euantoranospdxlicensesnim/src
  create directory /tmp/nimble_16385/githubcom_euantoranospdxlicensesnim/tests
  rename /tmp/nimble_16385/githubcom_euantoranospdxlicensesnim/.git/index.lock to index
  create directory /tmp
  create directory /tmp/nimblecache
  create directory /tmp/nimblecache/spdx_licenses_3501641778
  delete /tmp/nimblecache/spdx_licenses_3501641778/spdx_licenses.ini
  delete /tmp/nimble_16385.out
  delete /tmp/nimble_16385/githubcom_euantoranospdxlicensesnim/spdx_licenses_16385.nims
  create directory /home
  create directory /home/runner
  create directory /home/runner/.nimble
  create directory /home/runner/.nimble/pkgs
  create directory /home/runner/.nimble/pkgs/spdx_licenses-1.0.0
  create directory /home
  create directory /home/runner
  create directory /home/runner/.nimble
  create directory /home/runner/.nimble/pkgs
  create directory /home/runner/.nimble/pkgs/spdx_licenses-1.0.0
  change permissions of /home/runner/.nimble/pkgs/spdx_licenses-1.0.0/spdx_licenses.nim to rw-r--r--
  create directory /home
  create directory /home/runner
  create directory /home/runner/.nimble
  create directory /home/runner/.nimble/pkgs
  create directory /home/runner/.nimble/pkgs/spdx_licenses-1.0.0
  change permissions of /home/runner/.nimble/pkgs/spdx_licenses-1.0.0/spdx_licenses.nim.cfg to rw-r--r--
  change permissions of /home/runner/.nimble/pkgs/spdx_licenses-1.0.0/spdx_licenses.nimble to rw-r--r--
  create directory /tmp
  create directory /tmp/nimblecache
  create directory /tmp/nimblecache/spdx_licenses_3533640894
  delete /tmp/nimblecache/spdx_licenses_3533640894/spdx_licenses.ini
  delete /tmp/nimble_16385.out
  delete /home/runner/.nimble/pkgs/spdx_licenses-1.0.0/spdx_licenses_16385.nims
  delete /tmp/nimble_16385/githubcom_euantoranospdxlicensesnim/docs/spdx_licenses.idx
  delete /tmp/nimble_16385/githubcom_euantoranospdxlicensesnim/docs/spdx_licenses.html
  delete /tmp/nimble_16385/githubcom_euantoranospdxlicensesnim/docs
  delete /tmp/nimble_16385/githubcom_euantoranospdxlicensesnim/README.md
  delete /tmp/nimble_16385/githubcom_euantoranospdxlicensesnim/.git/refs/tags
  delete /tmp/nimble_16385/githubcom_euantoranospdxlicensesnim/.git/refs/heads
  delete /tmp/nimble_16385/githubcom_euantoranospdxlicensesnim/.git/refs
  delete /tmp/nimble_16385/githubcom_euantoranospdxlicensesnim/.git/info/exclude
  delete /tmp/nimble_16385/githubcom_euantoranospdxlicensesnim/.git/info
  delete /tmp/nimble_16385/githubcom_euantoranospdxlicensesnim/.git/branches
  delete /tmp/nimble_16385/githubcom_euantoranospdxlicensesnim/.git/logs/HEAD
  delete /tmp/nimble_16385/githubcom_euantoranospdxlicensesnim/.git/logs
  delete /tmp/nimble_16385/githubcom_euantoranospdxlicensesnim/.git/description
  delete /tmp/nimble_16385/githubcom_euantoranospdxlicensesnim/.git/hooks/pre-rebase.sample
  delete /tmp/nimble_16385/githubcom_euantoranospdxlicensesnim/.git/hooks/applypatch-msg.sample
  delete /tmp/nimble_16385/githubcom_euantoranospdxlicensesnim/.git/hooks/pre-push.sample
  delete /tmp/nimble_16385/githubcom_euantoranospdxlicensesnim/.git/hooks/pre-merge-commit.sample
  delete /tmp/nimble_16385/githubcom_euantoranospdxlicensesnim/.git/hooks/pre-receive.sample
  delete /tmp/nimble_16385/githubcom_euantoranospdxlicensesnim/.git/hooks/update.sample
  delete /tmp/nimble_16385/githubcom_euantoranospdxlicensesnim/.git/hooks/pre-commit.sample
  delete /tmp/nimble_16385/githubcom_euantoranospdxlicensesnim/.git/hooks/pre-applypatch.sample
  delete /tmp/nimble_16385/githubcom_euantoranospdxlicensesnim/.git/hooks/commit-msg.sample
  delete /tmp/nimble_16385/githubcom_euantoranospdxlicensesnim/.git/hooks/fsmonitor-watchman.sample
  delete /tmp/nimble_16385/githubcom_euantoranospdxlicensesnim/.git/hooks/prepare-commit-msg.sample
  delete /tmp/nimble_16385/githubcom_euantoranospdxlicensesnim/.git/hooks/post-update.sample
  delete /tmp/nimble_16385/githubcom_euantoranospdxlicensesnim/.git/hooks
  delete /tmp/nimble_16385/githubcom_euantoranospdxlicensesnim/.git/shallow
  delete /tmp/nimble_16385/githubcom_euantoranospdxlicensesnim/.git/config
  delete /tmp/nimble_16385/githubcom_euantoranospdxlicensesnim/.git/index
  delete /tmp/nimble_16385/githubcom_euantoranospdxlicensesnim/.git/objects/97/15eb391599eba2147fecdbc7e40a5e15ada8cf
  delete /tmp/nimble_16385/githubcom_euantoranospdxlicensesnim/.git/objects/97
  delete /tmp/nimble_16385/githubcom_euantoranospdxlicensesnim/.git/objects/6f/310153d06e57cf6ed76100220d258955d4369d
  delete /tmp/nimble_16385/githubcom_euantoranospdxlicensesnim/.git/objects/6f
  delete /tmp/nimble_16385/githubcom_euantoranospdxlicensesnim/.git/objects/51/1602f0123aa61ae5d0f21f12b27a95624a1fb0
  delete /tmp/nimble_16385/githubcom_euantoranospdxlicensesnim/.git/objects/51
  delete /tmp/nimble_16385/githubcom_euantoranospdxlicensesnim/.git/objects/19/75fd29fad29176b3952959e5c385b9d912b6a5
  delete /tmp/nimble_16385/githubcom_euantoranospdxlicensesnim/.git/objects/19
  delete /tmp/nimble_16385/githubcom_euantoranospdxlicensesnim/.git/objects/31/babbc71ed6540fd9db7b40a00b1af543f86032
  delete /tmp/nimble_16385/githubcom_euantoranospdxlicensesnim/.git/objects/31
  delete /tmp/nimble_16385/githubcom_euantoranospdxlicensesnim/.git/objects/info
  delete /tmp/nimble_16385/githubcom_euantoranospdxlicensesnim/.git/objects/d8/03ea69694c0890ba719963701b4aa0307da198
  delete /tmp/nimble_16385/githubcom_euantoranospdxlicensesnim/.git/objects/d8
  delete /tmp/nimble_16385/githubcom_euantoranospdxlicensesnim/.git/objects/be/69b64d7ce527bf6aa1ba620abe8d0e3f9ded95
  delete /tmp/nimble_16385/githubcom_euantoranospdxlicensesnim/.git/objects/be
  delete /tmp/nimble_16385/githubcom_euantoranospdxlicensesnim/.git/objects/95/6e6bc9ca58df5e5060ca1503ccf67b0e78be98
  delete /tmp/nimble_16385/githubcom_euantoranospdxlicensesnim/.git/objects/95
  delete /tmp/nimble_16385/githubcom_euantoranospdxlicensesnim/.git/objects/52/1e21de41cb62ba5caaaf0b8268c2c4216cc858
  delete /tmp/nimble_16385/githubcom_euantoranospdxlicensesnim/.git/objects/52
  delete /tmp/nimble_16385/githubcom_euantoranospdxlicensesnim/.git/objects/eb/c8fa75cd4d141411fa640caa68635c69bc21eb
  delete /tmp/nimble_16385/githubcom_euantoranospdxlicensesnim/.git/objects/eb
  delete /tmp/nimble_16385/githubcom_euantoranospdxlicensesnim/.git/objects/3a/a5de8956ea24c71468841152a43a13d11256f4
  delete /tmp/nimble_16385/githubcom_euantoranospdxlicensesnim/.git/objects/3a
  delete /tmp/nimble_16385/githubcom_euantoranospdxlicensesnim/.git/objects/49/eca7862d3fb4052ffbecf49194828c82279959
  delete /tmp/nimble_16385/githubcom_euantoranospdxlicensesnim/.git/objects/49
  delete /tmp/nimble_16385/githubcom_euantoranospdxlicensesnim/.git/objects/65/1d473f9d118d5beb15b6c00e2c0505ecef00d9
  delete /tmp/nimble_16385/githubcom_euantoranospdxlicensesnim/.git/objects/65
  delete /tmp/nimble_16385/githubcom_euantoranospdxlicensesnim/.git/objects/55/f8ed5065d0baf6363ad04305aeb59bb5d3e3c4
  delete /tmp/nimble_16385/githubcom_euantoranospdxlicensesnim/.git/objects/55
  delete /tmp/nimble_16385/githubcom_euantoranospdxlicensesnim/.git/objects/2b/ada28d1508d059ea0975f883b6c73f9d1f0ca8
  delete /tmp/nimble_16385/githubcom_euantoranospdxlicensesnim/.git/objects/2b
  delete /tmp/nimble_16385/githubcom_euantoranospdxlicensesnim/.git/objects/6a/d58720a6586bbaa3675b679ca48e55c01e7ebb
  delete /tmp/nimble_16385/githubcom_euantoranospdxlicensesnim/.git/objects/6a
  delete /tmp/nimble_16385/githubcom_euantoranospdxlicensesnim/.git/objects/pack
  delete /tmp/nimble_16385/githubcom_euantoranospdxlicensesnim/.git/objects/6e/aaab36b8ca459416344cc710beb52d87767ce2
  delete /tmp/nimble_16385/githubcom_euantoranospdxlicensesnim/.git/objects/6e
  delete /tmp/nimble_16385/githubcom_euantoranospdxlicensesnim/.git/objects/44/0183b5114e7fd27f2c31bed9d76ad4c71f5990
  delete /tmp/nimble_16385/githubcom_euantoranospdxlicensesnim/.git/objects/44
  delete /tmp/nimble_16385/githubcom_euantoranospdxlicensesnim/.git/objects
  delete /tmp/nimble_16385/githubcom_euantoranospdxlicensesnim/.git/packed-refs
  delete /tmp/nimble_16385/githubcom_euantoranospdxlicensesnim/.git/HEAD
  delete /tmp/nimble_16385/githubcom_euantoranospdxlicensesnim/.git
  delete /tmp/nimble_16385/githubcom_euantoranospdxlicensesnim/.circleci/config.yml
  delete /tmp/nimble_16385/githubcom_euantoranospdxlicensesnim/.circleci
  delete /tmp/nimble_16385/githubcom_euantoranospdxlicensesnim/src/spdx_licenses.nim
  delete /tmp/nimble_16385/githubcom_euantoranospdxlicensesnim/src/spdx_licenses.nim.cfg
  delete /tmp/nimble_16385/githubcom_euantoranospdxlicensesnim/src
  delete /tmp/nimble_16385/githubcom_euantoranospdxlicensesnim/.travis.yml
  delete /tmp/nimble_16385/githubcom_euantoranospdxlicensesnim/.editorconfig
  delete /tmp/nimble_16385/githubcom_euantoranospdxlicensesnim/spdx_licenses.nimble
  delete /tmp/nimble_16385/githubcom_euantoranospdxlicensesnim/tests/nim.cfg
  delete /tmp/nimble_16385/githubcom_euantoranospdxlicensesnim/tests/main.nim
  delete /tmp/nimble_16385/githubcom_euantoranospdxlicensesnim/tests
  delete /tmp/nimble_16385/githubcom_euantoranospdxlicensesnim/.gitignore
  delete /tmp/nimble_16385/githubcom_euantoranospdxlicensesnim
  delete /tmp/nimble_16385
