      Info: Package cache path /home/runner/.nimble/pkgcache
     Info:  Nimble data file "/home/runner/.nimble/nimbledata2.json" has been loaded.
    Reading official package list
Downloading https://github.com/metagn/spread using git
    Cloning latest tagged version: v0.2.1
open('/workspace/destdir/ssl/openssl.cnf', 32768, 0x00000000000001b6)
open('/home/runner/.config/nimble/nimble.ini', 557056, 0x00000000000001b6)
open('/home/runner/.config/babel/babel.ini', 557056, 0x00000000000001b6)
writev(1, 0x00007fff46286480, 2)
open('/home/runner/.nimble/nimbledata2.json', 557056, 0x00000000000001b6)
writev(1, 0x00007fff46286550, 2)
writev(1, 0x00007ffd0b219e10, 2)
writev(1, 0x00007ffd0b219ea0, 2)
writev(1, 0x00007ffd0b219ea0, 2)
writev(1, 0x00007ffd0b219ea0, 2)
writev(1, 0x00007fff46284f80, 2)
open('/home/runner/.nimble/packages_official.json', 557056, 0x00000000000001b6)
mkdir('/home/', 0x00000000000001ff)
mkdir('/home/runner/', 0x00000000000001ff)
mkdir('/home/runner/.nimble/', 0x00000000000001ff)
mkdir('/home/runner/.nimble/pkgcache/', 0x00000000000001ff)
mkdir('/home/runner/.nimble/pkgcache/githubcom_metagnspread', 0x00000000000001ff)
open('/home/runner/.nimble/pkgcache/githubcom_metagnspread', 622592, 0x0000000000000000)
writev(1, 0x00007fff46284fc0, 2)
open('/home/runner/.nimble/pkgcache/githubcom_metagnspread', 622592, 0x0000000000000000)
rmdir('/home/runner/.nimble/pkgcache/githubcom_metagnspread')
writev(1, 0x00007fff46284eb0, 2)
mkdir(94441107765152, 0x00000000000001ff)
Error tracing process: readBytes(0x000055e4c8ae37a0, 256) error: [Errno 5] Input/output error.
