      Info: Package cache path /home/runner/.nimble/pkgcache
     Info:  Nimble data file "/home/runner/.nimble/nimbledata2.json" has been loaded.
    Reading official package list
Downloading https://github.com/paradox460/spurdify using git
    Cloning latest tagged version: v0.1.1
open('/workspace/destdir/ssl/openssl.cnf', 32768, 0x00000000000001b6)
open('/home/runner/.config/nimble/nimble.ini', 557056, 0x00000000000001b6)
open('/home/runner/.config/babel/babel.ini', 557056, 0x00000000000001b6)
writev(1, 0x00007ffdab782400, 2)
open('/home/runner/.nimble/nimbledata2.json', 557056, 0x00000000000001b6)
writev(1, 0x00007ffdab7824d0, 2)
writev(1, 0x00007fffd05cb1f0, 2)
writev(1, 0x00007fffd05cb280, 2)
writev(1, 0x00007fffd05cb280, 2)
writev(1, 0x00007fffd05cb280, 2)
writev(1, 0x00007ffdab780f00, 2)
open('/home/runner/.nimble/packages_official.json', 557056, 0x00000000000001b6)
mkdir('/home/', 0x00000000000001ff)
mkdir('/home/runner/', 0x00000000000001ff)
mkdir('/home/runner/.nimble/', 0x00000000000001ff)
mkdir('/home/runner/.nimble/pkgcache/', 0x00000000000001ff)
mkdir('/home/runner/.nimble/pkgcache/githubcom_paradox460spurdify', 0x00000000000001ff)
open('/home/runner/.nimble/pkgcache/githubcom_paradox460spurdify', 622592, 0x0000000000000000)
writev(1, 0x00007ffdab780f40, 2)
open('/home/runner/.nimble/pkgcache/githubcom_paradox460spurdify', 622592, 0x0000000000000000)
rmdir('/home/runner/.nimble/pkgcache/githubcom_paradox460spurdify')
writev(1, 0x00007ffdab780e30, 2)
mkdir(94789683484672, 0x00000000000001ff)
Error tracing process: readBytes(0x00005635f1699800, 256) error: [Errno 5] Input/output error.
