      Info: Package cache path /home/runner/.nimble/pkgcache
     Info:  Nimble data file "/home/runner/.nimble/nimbledata2.json" has been loaded.
    Reading official package list
Downloading https://github.com/ThomasTJdev/nim_sqlbuilder using git
    Cloning latest tagged version: v1.1.4
open('/workspace/destdir/ssl/openssl.cnf', 32768, 0x00000000000001b6)
open('/home/runner/.config/nimble/nimble.ini', 557056, 0x00000000000001b6)
open('/home/runner/.config/babel/babel.ini', 557056, 0x00000000000001b6)
writev(1, 0x00007fffcbd12270, 2)
open('/home/runner/.nimble/nimbledata2.json', 557056, 0x00000000000001b6)
writev(1, 0x00007fffcbd12340, 2)
writev(1, 0x00007fffbcc16b50, 2)
writev(1, 0x00007fffbcc16be0, 2)
writev(1, 0x00007fffbcc16be0, 2)
writev(1, 0x00007fffbcc16be0, 2)
writev(1, 0x00007fffcbd10d70, 2)
open('/home/runner/.nimble/packages_official.json', 557056, 0x00000000000001b6)
mkdir('/home/', 0x00000000000001ff)
mkdir('/home/runner/', 0x00000000000001ff)
mkdir('/home/runner/.nimble/', 0x00000000000001ff)
mkdir('/home/runner/.nimble/pkgcache/', 0x00000000000001ff)
mkdir('/home/runner/.nimble/pkgcache/githubcom_ThomasTJdevnimsqlbuilder', 0x00000000000001ff)
open('/home/runner/.nimble/pkgcache/githubcom_ThomasTJdevnimsqlbuilder', 622592, 0x0000000000000000)
writev(1, 0x00007fffcbd10db0, 2)
open('/home/runner/.nimble/pkgcache/githubcom_ThomasTJdevnimsqlbuilder', 622592, 0x0000000000000000)
rmdir('/home/runner/.nimble/pkgcache/githubcom_ThomasTJdevnimsqlbuilder')
writev(1, 0x00007fffcbd10ca0, 2)
mkdir(94412767897616, 0x00000000000001ff)
Error tracing process: readBytes(0x000055de2f7e2810, 256) error: [Errno 5] Input/output error.
