     Info:  Nimble data file "/home/runner/.nimble/nimbledata2.json" has been loaded.
    Reading official package list
Downloading https://github.com/olliNiinivaara/SQLiteral using git
    Cloning latest tagged version: 5.0.0
open('/workspace/destdir/ssl/openssl.cnf', 32768, 0x00000000000001b6)
open('/home/runner/.config/nimble/nimble.ini', 557056, 0x00000000000001b6)
open('/home/runner/.config/babel/babel.ini', 557056, 0x00000000000001b6)
open('/home/runner/.nimble/nimbledata2.json', 557056, 0x00000000000001b6)
writev(1, 0x00007ffd7e468e00, 2)
open('/home/runner/work/nim_packages_security_audit/nim_packages_security_audit', 622592, 0x0000000000000000)
writev(1, 0x00007ffd7e467a30, 2)
open('/home/runner/.nimble/packages_official.json', 557056, 0x00000000000001b6)
mkdir('/tmp/', 0x00000000000001ff)
mkdir('/tmp/nimble_4315/', 0x00000000000001ff)
mkdir('/tmp/nimble_4315/githubcom_olliNiinivaaraSQLiteral', 0x00000000000001ff)
open('/tmp/nimble_4315/githubcom_olliNiinivaaraSQLiteral', 622592, 0x0000000000000000)
writev(1, 0x00007ffd7e467af0, 2)
open('/tmp/nimble_4315/githubcom_olliNiinivaaraSQLiteral', 622592, 0x0000000000000000)
rmdir('/tmp/nimble_4315/githubcom_olliNiinivaaraSQLiteral')
writev(1, 0x00007ffd7e4679e0, 2)
mkdir(94081117956256, 0x00000000000001ff)
Error tracing process: readBytes(0x00005590f79da8a0, 256) error: [Errno 5] Input/output error.
