      Info: Package cache path /home/runner/.nimble/pkgcache
     Info:  Nimble data file "/home/runner/.nimble/nimbledata2.json" has been loaded.
    Reading official package list
Downloading https://github.com/arnetheduck/nim-sqlite3-abi using git
    Cloning latest tagged version: v3.53.0.0
open('/workspace/destdir/ssl/openssl.cnf', 32768, 0x00000000000001b6)
open('/home/runner/.config/nimble/nimble.ini', 557056, 0x00000000000001b6)
open('/home/runner/.config/babel/babel.ini', 557056, 0x00000000000001b6)
writev(1, 0x00007ffee607ab70, 2)
open('/home/runner/.nimble/nimbledata2.json', 557056, 0x00000000000001b6)
writev(1, 0x00007ffee607ac40, 2)
writev(1, 0x00007ffd9df36150, 2)
writev(1, 0x00007ffd9df361e0, 2)
writev(1, 0x00007ffd9df361e0, 2)
writev(1, 0x00007ffd9df361e0, 2)
writev(1, 0x00007ffee6079670, 2)
open('/home/runner/.nimble/packages_official.json', 557056, 0x00000000000001b6)
mkdir('/home/', 0x00000000000001ff)
mkdir('/home/runner/', 0x00000000000001ff)
mkdir('/home/runner/.nimble/', 0x00000000000001ff)
mkdir('/home/runner/.nimble/pkgcache/', 0x00000000000001ff)
mkdir('/home/runner/.nimble/pkgcache/githubcom_arnetheducknimsqlite3abi', 0x00000000000001ff)
open('/home/runner/.nimble/pkgcache/githubcom_arnetheducknimsqlite3abi', 622592, 0x0000000000000000)
writev(1, 0x00007ffee60796b0, 2)
open('/home/runner/.nimble/pkgcache/githubcom_arnetheducknimsqlite3abi', 622592, 0x0000000000000000)
rmdir('/home/runner/.nimble/pkgcache/githubcom_arnetheducknimsqlite3abi')
writev(1, 0x00007ffee60795a0, 2)
mkdir(94735436052496, 0x00000000000001ff)
Error tracing process: readBytes(0x0000562950037810, 256) error: [Errno 5] Input/output error.
