      Info: Package cache path /home/runner/.nimble/pkgcache
     Info:  Nimble data file "/home/runner/.nimble/nimbledata2.json" has been loaded.
    Reading official package list
Downloading https://github.com/achesak/nim-srt using git
   Warning: The package has no tagged releases, downloading HEAD instead.
open('/workspace/destdir/ssl/openssl.cnf', 32768, 0x00000000000001b6)
open('/home/runner/.config/nimble/nimble.ini', 557056, 0x00000000000001b6)
open('/home/runner/.config/babel/babel.ini', 557056, 0x00000000000001b6)
writev(1, 0x00007ffe01c7ab80, 2)
open('/home/runner/.nimble/nimbledata2.json', 557056, 0x00000000000001b6)
writev(1, 0x00007ffe01c7ac50, 2)
writev(1, 0x00007ffd0db196f0, 2)
writev(1, 0x00007ffd0db19780, 2)
writev(1, 0x00007ffd0db19780, 2)
writev(1, 0x00007ffd0db19780, 2)
writev(1, 0x00007ffe01c79680, 2)
open('/home/runner/.nimble/packages_official.json', 557056, 0x00000000000001b6)
mkdir('/home/', 0x00000000000001ff)
mkdir('/home/runner/', 0x00000000000001ff)
mkdir('/home/runner/.nimble/', 0x00000000000001ff)
mkdir('/home/runner/.nimble/pkgcache/', 0x00000000000001ff)
mkdir('/home/runner/.nimble/pkgcache/githubcom_achesaknimsrt', 0x00000000000001ff)
open('/home/runner/.nimble/pkgcache/githubcom_achesaknimsrt', 622592, 0x0000000000000000)
writev(1, 0x00007ffe01c796c0, 2)
open('/home/runner/.nimble/pkgcache/githubcom_achesaknimsrt', 622592, 0x0000000000000000)
rmdir('/home/runner/.nimble/pkgcache/githubcom_achesaknimsrt')
writev(1, 0x00007ffe01c795b0, 2)
mkdir(94481741772624, 0x00000000000001ff)
Error tracing process: readBytes(0x000055ee3ea7f750, 256) error: [Errno 5] Input/output error.
