     Info:  Nimble data file "/home/runner/.nimble/nimbledata2.json" has been loaded.
    Reading official package list
Downloading https://github.com/ba0f3/ssh2.nim using git
    Cloning latest tagged version: 0.1.8
open('/workspace/destdir/ssl/openssl.cnf', 32768, 0x00000000000001b6)
open('/home/runner/.config/nimble/nimble.ini', 557056, 0x00000000000001b6)
open('/home/runner/.config/babel/babel.ini', 557056, 0x00000000000001b6)
open('/home/runner/.nimble/nimbledata2.json', 557056, 0x00000000000001b6)
writev(1, 0x00007ffe271176c0, 2)
open('/home/runner/work/nim_packages_security_audit/nim_packages_security_audit', 622592, 0x0000000000000000)
writev(1, 0x00007ffe271162f0, 2)
open('/home/runner/.nimble/packages_official.json', 557056, 0x00000000000001b6)
mkdir('/tmp/', 0x00000000000001ff)
mkdir('/tmp/nimble_4473/', 0x00000000000001ff)
mkdir('/tmp/nimble_4473/githubcom_ba0f3ssh2nim', 0x00000000000001ff)
open('/tmp/nimble_4473/githubcom_ba0f3ssh2nim', 622592, 0x0000000000000000)
writev(1, 0x00007ffe271163b0, 2)
open('/tmp/nimble_4473/githubcom_ba0f3ssh2nim', 622592, 0x0000000000000000)
rmdir('/tmp/nimble_4473/githubcom_ba0f3ssh2nim')
writev(1, 0x00007ffe271162a0, 2)
mkdir(94799097223264, 0x00000000000001ff)
Error tracing process: readBytes(0x000056382283d860, 256) error: [Errno 5] Input/output error.
