     Info:  Nimble data file "/home/runner/.nimble/nimbledata2.json" has been loaded.
    Reading official package list
Downloading https://github.com/bung87/stage using git
    Cloning latest tagged version: v0.3.6
open('/workspace/destdir/ssl/openssl.cnf', 32768, 0x00000000000001b6)
open('/home/runner/.config/nimble/nimble.ini', 557056, 0x00000000000001b6)
open('/home/runner/.config/babel/babel.ini', 557056, 0x00000000000001b6)
open('/home/runner/.nimble/nimbledata2.json', 557056, 0x00000000000001b6)
writev(1, 0x00007ffd765a2090, 2)
writev(1, 0x00007ffd765a1970, 2)
open('/home/runner/.nimble/packages_official.json', 557056, 0x00000000000001b6)
mkdir('/tmp/', 0x00000000000001ff)
mkdir('/tmp/nimble_4330/', 0x00000000000001ff)
mkdir('/tmp/nimble_4330/githubcom_bung87stage', 0x00000000000001ff)
writev(1, 0x00007ffd765a1940, 2)
open('/tmp/nimble_4330/githubcom_bung87stage', 622592, 0x0000000000000000)
rmdir('/tmp/nimble_4330/githubcom_bung87stage')
writev(1, 0x00007ffd765a18b0, 2)
mkdir(94160205666128, 0x00000000000001ff)
Error tracing process: readBytes(0x000055a3619c5750, 256) error: [Errno 5] Input/output error.
