      Info: Package cache path /home/runner/.nimble/pkgcache
     Info:  Nimble data file "/home/runner/.nimble/nimbledata2.json" has been loaded.
    Reading official package list
Downloading https://github.com/sls1005/stdarg using git
    Cloning latest tagged version: v0.3.1
open('/workspace/destdir/ssl/openssl.cnf', 32768, 0x00000000000001b6)
open('/home/runner/.config/nimble/nimble.ini', 557056, 0x00000000000001b6)
open('/home/runner/.config/babel/babel.ini', 557056, 0x00000000000001b6)
writev(1, 0x00007ffd01b7ffd0, 2)
open('/home/runner/.nimble/nimbledata2.json', 557056, 0x00000000000001b6)
writev(1, 0x00007ffd01b800a0, 2)
writev(1, 0x00007ffeaf794c80, 2)
writev(1, 0x00007ffeaf794d10, 2)
writev(1, 0x00007ffeaf794d10, 2)
writev(1, 0x00007ffeaf794d10, 2)
writev(1, 0x00007ffd01b7ead0, 2)
open('/home/runner/.nimble/packages_official.json', 557056, 0x00000000000001b6)
mkdir('/home/', 0x00000000000001ff)
mkdir('/home/runner/', 0x00000000000001ff)
mkdir('/home/runner/.nimble/', 0x00000000000001ff)
mkdir('/home/runner/.nimble/pkgcache/', 0x00000000000001ff)
mkdir('/home/runner/.nimble/pkgcache/githubcom_sls1005stdarg', 0x00000000000001ff)
open('/home/runner/.nimble/pkgcache/githubcom_sls1005stdarg', 622592, 0x0000000000000000)
writev(1, 0x00007ffd01b7eb10, 2)
open('/home/runner/.nimble/pkgcache/githubcom_sls1005stdarg', 622592, 0x0000000000000000)
rmdir('/home/runner/.nimble/pkgcache/githubcom_sls1005stdarg')
writev(1, 0x00007ffd01b7ea00, 2)
mkdir(93859092600736, 0x00000000000001ff)
Error tracing process: readBytes(0x0000555d45df97a0, 256) error: [Errno 5] Input/output error.
