     Info:  Nimble data file "/home/runner/.nimble/nimbledata2.json" has been loaded.
    Reading official package list
Downloading https://github.com/status-im/nim-stint using git
   Warning: The package has no tagged releases, downloading HEAD instead.
open('/workspace/destdir/ssl/openssl.cnf', 32768, 0x00000000000001b6)
open('/home/runner/.config/nimble/nimble.ini', 557056, 0x00000000000001b6)
open('/home/runner/.config/babel/babel.ini', 557056, 0x00000000000001b6)
open('/home/runner/.nimble/nimbledata2.json', 557056, 0x00000000000001b6)
writev(1, 0x00007ffebb963080, 2)
writev(1, 0x00007ffebb962960, 2)
open('/home/runner/.nimble/packages_official.json', 557056, 0x00000000000001b6)
mkdir('/tmp/', 0x00000000000001ff)
mkdir('/tmp/nimble_2747/', 0x00000000000001ff)
mkdir('/tmp/nimble_2747/githubcom_statusimnimstint', 0x00000000000001ff)
writev(1, 0x00007ffebb962930, 2)
open('/tmp/nimble_2747/githubcom_statusimnimstint', 622592, 0x0000000000000000)
rmdir('/tmp/nimble_2747/githubcom_statusimnimstint')
writev(1, 0x00007ffebb9628a0, 2)
mkdir(94782428009504, 0x00000000000001ff)
Error tracing process: readBytes(0x0000563440f3d420, 256) error: [Errno 5] Input/output error.
