      Info: Package cache path /home/runner/.nimble/pkgcache
     Info:  Nimble data file "/home/runner/.nimble/nimbledata2.json" has been loaded.
    Reading official package list
Downloading https://github.com/OpenSystemsLab/struct.nim using git
    Cloning latest tagged version: v0.2.3
open('/workspace/destdir/ssl/openssl.cnf', 32768, 0x00000000000001b6)
open('/home/runner/.config/nimble/nimble.ini', 557056, 0x00000000000001b6)
open('/home/runner/.config/babel/babel.ini', 557056, 0x00000000000001b6)
writev(1, 0x00007fffb69c3610, 2)
open('/home/runner/.nimble/nimbledata2.json', 557056, 0x00000000000001b6)
writev(1, 0x00007fffb69c36e0, 2)
writev(1, 0x00007ffc24ca9020, 2)
writev(1, 0x00007ffc24ca90b0, 2)
writev(1, 0x00007ffc24ca90b0, 2)
writev(1, 0x00007ffc24ca90b0, 2)
writev(1, 0x00007fffb69c2110, 2)
open('/home/runner/.nimble/packages_official.json', 557056, 0x00000000000001b6)
mkdir('/home/', 0x00000000000001ff)
mkdir('/home/runner/', 0x00000000000001ff)
mkdir('/home/runner/.nimble/', 0x00000000000001ff)
mkdir('/home/runner/.nimble/pkgcache/', 0x00000000000001ff)
mkdir('/home/runner/.nimble/pkgcache/githubcom_OpenSystemsLabstructnim', 0x00000000000001ff)
open('/home/runner/.nimble/pkgcache/githubcom_OpenSystemsLabstructnim', 622592, 0x0000000000000000)
writev(1, 0x00007fffb69c2150, 2)
open('/home/runner/.nimble/pkgcache/githubcom_OpenSystemsLabstructnim', 622592, 0x0000000000000000)
rmdir('/home/runner/.nimble/pkgcache/githubcom_OpenSystemsLabstructnim')
writev(1, 0x00007fffb69c2040, 2)
mkdir(94245224290320, 0x00000000000001ff)
Error tracing process: readBytes(0x000055b72d1d9810, 256) error: [Errno 5] Input/output error.
