     Info:  Nimble data file "/home/runner/.nimble/nimbledata2.json" has been loaded.
    Reading official package list
Downloading https://github.com/ferus-web/stylus using git
   Warning: The package has no tagged releases, downloading HEAD instead.
open('/workspace/destdir/ssl/openssl.cnf', 32768, 0x00000000000001b6)
open('/home/runner/.config/nimble/nimble.ini', 557056, 0x00000000000001b6)
open('/home/runner/.config/babel/babel.ini', 557056, 0x00000000000001b6)
open('/home/runner/.nimble/nimbledata2.json', 557056, 0x00000000000001b6)
writev(1, 0x00007ffdf7f60a70, 2)
open('/home/runner/work/nim_packages_security_audit/nim_packages_security_audit', 622592, 0x0000000000000000)
writev(1, 0x00007ffdf7f5f6a0, 2)
open('/home/runner/.nimble/packages_official.json', 557056, 0x00000000000001b6)
mkdir('/tmp/', 0x00000000000001ff)
mkdir('/tmp/nimble_5505/', 0x00000000000001ff)
mkdir('/tmp/nimble_5505/githubcom_feruswebstylus', 0x00000000000001ff)
open('/tmp/nimble_5505/githubcom_feruswebstylus', 622592, 0x0000000000000000)
writev(1, 0x00007ffdf7f5f760, 2)
open('/tmp/nimble_5505/githubcom_feruswebstylus', 622592, 0x0000000000000000)
rmdir('/tmp/nimble_5505/githubcom_feruswebstylus')
writev(1, 0x00007ffdf7f5f650, 2)
mkdir(94451999172000, 0x00000000000001ff)
Error tracing process: readBytes(0x000055e751dbe5a0, 256) error: [Errno 5] Input/output error.
