      Info: Package cache path /home/runner/.nimble/pkgcache
     Info:  Nimble data file "/home/runner/.nimble/nimbledata2.json" has been loaded.
    Reading official package list
Downloading https://github.com/roberto170/sudoku using git
   Warning: The package has no tagged releases, downloading HEAD instead.
open('/workspace/destdir/ssl/openssl.cnf', 32768, 0x00000000000001b6)
open('/home/runner/.config/nimble/nimble.ini', 557056, 0x00000000000001b6)
open('/home/runner/.config/babel/babel.ini', 557056, 0x00000000000001b6)
writev(1, 0x00007ffff3499750, 2)
open('/home/runner/.nimble/nimbledata2.json', 557056, 0x00000000000001b6)
writev(1, 0x00007ffff3499820, 2)
writev(1, 0x00007ffff3241a70, 2)
writev(1, 0x00007ffff3241b00, 2)
writev(1, 0x00007ffff3241b00, 2)
writev(1, 0x00007ffff3241b00, 2)
writev(1, 0x00007ffff3498200, 2)
open('/home/runner/.nimble/packages_official.json', 557056, 0x00000000000001b6)
mkdir('/home/', 0x00000000000001ff)
mkdir('/home/runner/', 0x00000000000001ff)
mkdir('/home/runner/.nimble/', 0x00000000000001ff)
mkdir('/home/runner/.nimble/pkgcache/', 0x00000000000001ff)
mkdir('/home/runner/.nimble/pkgcache/githubcom_roberto170sudoku', 0x00000000000001ff)
open('/home/runner/.nimble/pkgcache/githubcom_roberto170sudoku', 622592, 0x0000000000000000)
writev(1, 0x00007ffff34982e0, 2)
open('/home/runner/.nimble/pkgcache/githubcom_roberto170sudoku', 622592, 0x0000000000000000)
rmdir('/home/runner/.nimble/pkgcache/githubcom_roberto170sudoku')
writev(1, 0x00007ffff34981d0, 2)
mkdir(94413023394560, 0x00000000000001ff)
Error tracing process: readBytes(0x000055de3eb8bb00, 256) error: [Errno 5] Input/output error.
