      Info: Package cache path /home/runner/.nimble/pkgcache
     Info:  Nimble data file "/home/runner/.nimble/nimbledata2.json" has been loaded.
    Reading official package list
Downloading https://github.com/archnim/sunk using git
    Cloning latest tagged version: v0.1.2
open('/workspace/destdir/ssl/openssl.cnf', 32768, 0x00000000000001b6)
open('/home/runner/.config/nimble/nimble.ini', 557056, 0x00000000000001b6)
open('/home/runner/.config/babel/babel.ini', 557056, 0x00000000000001b6)
writev(1, 0x00007ffce1c01870, 2)
open('/home/runner/.nimble/nimbledata2.json', 557056, 0x00000000000001b6)
writev(1, 0x00007ffce1c01940, 2)
writev(1, 0x00007ffdb2427120, 2)
writev(1, 0x00007ffdb24271b0, 2)
writev(1, 0x00007ffdb24271b0, 2)
writev(1, 0x00007ffdb24271b0, 2)
writev(1, 0x00007ffce1c00320, 2)
open('/home/runner/.nimble/packages_official.json', 557056, 0x00000000000001b6)
mkdir('/home/', 0x00000000000001ff)
mkdir('/home/runner/', 0x00000000000001ff)
mkdir('/home/runner/.nimble/', 0x00000000000001ff)
mkdir('/home/runner/.nimble/pkgcache/', 0x00000000000001ff)
mkdir('/home/runner/.nimble/pkgcache/githubcom_archnimsunk', 0x00000000000001ff)
open('/home/runner/.nimble/pkgcache/githubcom_archnimsunk', 622592, 0x0000000000000000)
writev(1, 0x00007ffce1c00400, 2)
open('/home/runner/.nimble/pkgcache/githubcom_archnimsunk', 622592, 0x0000000000000000)
rmdir('/home/runner/.nimble/pkgcache/githubcom_archnimsunk')
writev(1, 0x00007ffce1c002f0, 2)
mkdir(93985687448304, 0x00000000000001ff)
Error tracing process: readBytes(0x0000557abf83aaf0, 256) error: [Errno 5] Input/output error.
