      Info: Package cache path /home/runner/.nimble/pkgcache
     Info:  Nimble data file "/home/runner/.nimble/nimbledata2.json" has been loaded.
    Reading official package list
Downloading https://github.com/HugoGranstrom/symbolicnim using git
    Cloning latest tagged version: v0.2.3
open('/workspace/destdir/ssl/openssl.cnf', 32768, 0x00000000000001b6)
open('/home/runner/.config/nimble/nimble.ini', 557056, 0x00000000000001b6)
open('/home/runner/.config/babel/babel.ini', 557056, 0x00000000000001b6)
writev(1, 0x00007ffdf4476bb0, 2)
open('/home/runner/.nimble/nimbledata2.json', 557056, 0x00000000000001b6)
writev(1, 0x00007ffdf4476c80, 2)
writev(1, 0x00007ffd890c5cc0, 2)
writev(1, 0x00007ffd890c5d50, 2)
writev(1, 0x00007ffd890c5d50, 2)
writev(1, 0x00007ffd890c5d50, 2)
writev(1, 0x00007ffdf44756b0, 2)
open('/home/runner/.nimble/packages_official.json', 557056, 0x00000000000001b6)
mkdir('/home/', 0x00000000000001ff)
mkdir('/home/runner/', 0x00000000000001ff)
mkdir('/home/runner/.nimble/', 0x00000000000001ff)
mkdir('/home/runner/.nimble/pkgcache/', 0x00000000000001ff)
mkdir('/home/runner/.nimble/pkgcache/githubcom_HugoGranstromsymbolicnim', 0x00000000000001ff)
open('/home/runner/.nimble/pkgcache/githubcom_HugoGranstromsymbolicnim', 622592, 0x0000000000000000)
writev(1, 0x00007ffdf44756f0, 2)
open('/home/runner/.nimble/pkgcache/githubcom_HugoGranstromsymbolicnim', 622592, 0x0000000000000000)
rmdir('/home/runner/.nimble/pkgcache/githubcom_HugoGranstromsymbolicnim')
writev(1, 0x00007ffdf44755e0, 2)
mkdir(94468597991440, 0x00000000000001ff)
Error tracing process: readBytes(0x000055eb2f39c810, 256) error: [Errno 5] Input/output error.
