      Info: Package cache path /home/runner/.nimble/pkgcache
     Info:  Nimble data file "/home/runner/.nimble/nimbledata2.json" has been loaded.
    Reading official package list
Downloading https://github.com/mratsim/Synthesis using git
    Cloning latest tagged version: v0.2.0
open('/workspace/destdir/ssl/openssl.cnf', 32768, 0x00000000000001b6)
open('/home/runner/.config/nimble/nimble.ini', 557056, 0x00000000000001b6)
open('/home/runner/.config/babel/babel.ini', 557056, 0x00000000000001b6)
writev(1, 0x00007fff3aa413a0, 2)
open('/home/runner/.nimble/nimbledata2.json', 557056, 0x00000000000001b6)
writev(1, 0x00007fff3aa41470, 2)
writev(1, 0x00007ffebe129a70, 2)
writev(1, 0x00007ffebe129b00, 2)
writev(1, 0x00007ffebe129b00, 2)
writev(1, 0x00007ffebe129b00, 2)
writev(1, 0x00007fff3aa3fea0, 2)
open('/home/runner/.nimble/packages_official.json', 557056, 0x00000000000001b6)
mkdir('/home/', 0x00000000000001ff)
mkdir('/home/runner/', 0x00000000000001ff)
mkdir('/home/runner/.nimble/', 0x00000000000001ff)
mkdir('/home/runner/.nimble/pkgcache/', 0x00000000000001ff)
mkdir('/home/runner/.nimble/pkgcache/githubcom_mratsimSynthesis', 0x00000000000001ff)
open('/home/runner/.nimble/pkgcache/githubcom_mratsimSynthesis', 622592, 0x0000000000000000)
writev(1, 0x00007fff3aa3fee0, 2)
open('/home/runner/.nimble/pkgcache/githubcom_mratsimSynthesis', 622592, 0x0000000000000000)
rmdir('/home/runner/.nimble/pkgcache/githubcom_mratsimSynthesis')
writev(1, 0x00007fff3aa3fdd0, 2)
mkdir(94084912130048, 0x00000000000001ff)
Error tracing process: readBytes(0x00005591d9c42800, 256) error: [Errno 5] Input/output error.
