      Info: Package cache path /home/runner/.nimble/pkgcache
     Info:  Nimble data file "/home/runner/.nimble/nimbledata2.json" has been loaded.
    Reading official package list
Downloading https://github.com/treeform/sysinfo using git
    Cloning latest tagged version: v0.2.1
open('/workspace/destdir/ssl/openssl.cnf', 32768, 0x00000000000001b6)
open('/home/runner/.config/nimble/nimble.ini', 557056, 0x00000000000001b6)
open('/home/runner/.config/babel/babel.ini', 557056, 0x00000000000001b6)
writev(1, 0x00007ffde9e1f670, 2)
open('/home/runner/.nimble/nimbledata2.json', 557056, 0x00000000000001b6)
writev(1, 0x00007ffde9e1f740, 2)
writev(1, 0x00007ffd3ed96b90, 2)
writev(1, 0x00007ffd3ed96c20, 2)
writev(1, 0x00007ffd3ed96c20, 2)
writev(1, 0x00007ffd3ed96c20, 2)
writev(1, 0x00007ffde9e1e170, 2)
open('/home/runner/.nimble/packages_official.json', 557056, 0x00000000000001b6)
mkdir('/home/', 0x00000000000001ff)
mkdir('/home/runner/', 0x00000000000001ff)
mkdir('/home/runner/.nimble/', 0x00000000000001ff)
mkdir('/home/runner/.nimble/pkgcache/', 0x00000000000001ff)
mkdir('/home/runner/.nimble/pkgcache/githubcom_treeformsysinfo', 0x00000000000001ff)
open('/home/runner/.nimble/pkgcache/githubcom_treeformsysinfo', 622592, 0x0000000000000000)
writev(1, 0x00007ffde9e1e1b0, 2)
open('/home/runner/.nimble/pkgcache/githubcom_treeformsysinfo', 622592, 0x0000000000000000)
rmdir('/home/runner/.nimble/pkgcache/githubcom_treeformsysinfo')
writev(1, 0x00007ffde9e1e0a0, 2)
mkdir(94596042946464, 0x00000000000001ff)
Error tracing process: readBytes(0x00005608db8977a0, 256) error: [Errno 5] Input/output error.
