      Info: Package cache path /home/runner/.nimble/pkgcache
     Info:  Nimble data file "/home/runner/.nimble/nimbledata2.json" has been loaded.
    Reading official package list
   Warning: The variantsugar package has been renamed to skinsuit
    Reading official package list
Downloading https://github.com/metagn/skinsuit using git
    Cloning latest tagged version: v0.2.5
open('/workspace/destdir/ssl/openssl.cnf', 32768, 0x00000000000001b6)
open('/home/runner/.config/nimble/nimble.ini', 557056, 0x00000000000001b6)
open('/home/runner/.config/babel/babel.ini', 557056, 0x00000000000001b6)
writev(1, 0x00007ffdc8150a40, 2)
open('/home/runner/.nimble/nimbledata2.json', 557056, 0x00000000000001b6)
writev(1, 0x00007ffdc8150b10, 2)
writev(1, 0x00007ffd12bd12f0, 2)
writev(1, 0x00007ffd12bd1380, 2)
writev(1, 0x00007ffd12bd1380, 2)
writev(1, 0x00007ffd12bd1380, 2)
writev(1, 0x00007ffdc814f540, 2)
open('/home/runner/.nimble/packages_official.json', 557056, 0x00000000000001b6)
writev(1, 0x00007ffdc814f4e0, 2)
writev(1, 0x00007ffdc814f290, 2)
mkdir('/home/', 0x00000000000001ff)
mkdir('/home/runner/', 0x00000000000001ff)
mkdir('/home/runner/.nimble/', 0x00000000000001ff)
mkdir('/home/runner/.nimble/pkgcache/', 0x00000000000001ff)
mkdir('/home/runner/.nimble/pkgcache/githubcom_metagnskinsuit', 0x00000000000001ff)
open('/home/runner/.nimble/pkgcache/githubcom_metagnskinsuit', 622592, 0x0000000000000000)
writev(1, 0x00007ffdc814f580, 2)
open('/home/runner/.nimble/pkgcache/githubcom_metagnskinsuit', 622592, 0x0000000000000000)
rmdir('/home/runner/.nimble/pkgcache/githubcom_metagnskinsuit')
writev(1, 0x00007ffdc814f470, 2)
mkdir(94426815322016, 0x00000000000001ff)
Error tracing process: readBytes(0x000055e174c8d7a0, 256) error: [Errno 5] Input/output error.
