      Info: Package cache path /home/runner/.nimble/pkgcache
     Info:  Nimble data file "/home/runner/.nimble/nimbledata2.json" has been loaded.
    Reading official package list
Downloading https://github.com/emekoi/vecio.nim using git
   Warning: The package has no tagged releases, downloading HEAD instead.
open('/workspace/destdir/ssl/openssl.cnf', 32768, 0x00000000000001b6)
open('/home/runner/.config/nimble/nimble.ini', 557056, 0x00000000000001b6)
open('/home/runner/.config/babel/babel.ini', 557056, 0x00000000000001b6)
writev(1, 0x00007ffe6aeef2a0, 2)
open('/home/runner/.nimble/nimbledata2.json', 557056, 0x00000000000001b6)
writev(1, 0x00007ffe6aeef370, 2)
writev(1, 0x00007fff4db05170, 2)
writev(1, 0x00007fff4db05200, 2)
writev(1, 0x00007fff4db05200, 2)
writev(1, 0x00007fff4db05200, 2)
writev(1, 0x00007ffe6aeedd80, 2)
open('/home/runner/.nimble/packages_official.json', 557056, 0x00000000000001b6)
mkdir('/home/', 0x00000000000001ff)
mkdir('/home/runner/', 0x00000000000001ff)
mkdir('/home/runner/.nimble/', 0x00000000000001ff)
mkdir('/home/runner/.nimble/pkgcache/', 0x00000000000001ff)
mkdir('/home/runner/.nimble/pkgcache/githubcom_emekoivecionim', 0x00000000000001ff)
open('/home/runner/.nimble/pkgcache/githubcom_emekoivecionim', 622592, 0x0000000000000000)
writev(1, 0x00007ffe6aeedde0, 2)
open('/home/runner/.nimble/pkgcache/githubcom_emekoivecionim', 622592, 0x0000000000000000)
rmdir('/home/runner/.nimble/pkgcache/githubcom_emekoivecionim')
writev(1, 0x00007ffe6aeedcd0, 2)
mkdir(94640935000800, 0x00000000000001ff)
Error tracing process: readBytes(0x000056134f4fdae0, 256) error: [Errno 5] Input/output error.
