      Info: Package cache path /home/runner/.nimble/pkgcache
     Info:  Nimble data file "/home/runner/.nimble/nimbledata2.json" has been loaded.
    Reading official package list
Downloading https://git.sr.ht/~xigoi/vier using git
    Cloning latest tagged version: 2024.130.0
open('/workspace/destdir/ssl/openssl.cnf', 32768, 0x00000000000001b6)
open('/home/runner/.config/nimble/nimble.ini', 557056, 0x00000000000001b6)
open('/home/runner/.config/babel/babel.ini', 557056, 0x00000000000001b6)
writev(1, 0x00007fff8015dbd0, 2)
open('/home/runner/.nimble/nimbledata2.json', 557056, 0x00000000000001b6)
writev(1, 0x00007fff8015dca0, 2)
writev(1, 0x00007ffcfbfc4640, 2)
writev(1, 0x00007ffcfbfc46d0, 2)
writev(1, 0x00007ffcfbfc46d0, 2)
writev(1, 0x00007ffcfbfc46d0, 2)
writev(1, 0x00007fff8015c680, 2)
open('/home/runner/.nimble/packages_official.json', 557056, 0x00000000000001b6)
mkdir('/home/', 0x00000000000001ff)
mkdir('/home/runner/', 0x00000000000001ff)
mkdir('/home/runner/.nimble/', 0x00000000000001ff)
mkdir('/home/runner/.nimble/pkgcache/', 0x00000000000001ff)
mkdir('/home/runner/.nimble/pkgcache/gitsrht_xigoivier', 0x00000000000001ff)
open('/home/runner/.nimble/pkgcache/gitsrht_xigoivier', 622592, 0x0000000000000000)
writev(1, 0x00007fff8015c760, 2)
open('/home/runner/.nimble/pkgcache/gitsrht_xigoivier', 622592, 0x0000000000000000)
rmdir('/home/runner/.nimble/pkgcache/gitsrht_xigoivier')
writev(1, 0x00007fff8015c650, 2)
mkdir(93865215277376, 0x00000000000001ff)
Error tracing process: readBytes(0x0000555eb2d03940, 256) error: [Errno 5] Input/output error.
