      Info: Package cache path /home/runner/.nimble/pkgcache
     Info:  Nimble data file "/home/runner/.nimble/nimbledata2.json" has been loaded.
    Reading official package list
Downloading https://gitlab.com/navid-m/viper using git
   Warning: The package has no tagged releases, downloading HEAD instead.
open('/workspace/destdir/ssl/openssl.cnf', 32768, 0x00000000000001b6)
open('/home/runner/.config/nimble/nimble.ini', 557056, 0x00000000000001b6)
open('/home/runner/.config/babel/babel.ini', 557056, 0x00000000000001b6)
writev(1, 0x00007ffc1e940100, 2)
open('/home/runner/.nimble/nimbledata2.json', 557056, 0x00000000000001b6)
writev(1, 0x00007ffc1e9401d0, 2)
writev(1, 0x00007ffe92756680, 2)
writev(1, 0x00007ffe92756710, 2)
writev(1, 0x00007ffe92756710, 2)
writev(1, 0x00007ffe92756710, 2)
writev(1, 0x00007ffc1e93ebb0, 2)
open('/home/runner/.nimble/packages_official.json', 557056, 0x00000000000001b6)
mkdir('/home/', 0x00000000000001ff)
mkdir('/home/runner/', 0x00000000000001ff)
mkdir('/home/runner/.nimble/', 0x00000000000001ff)
mkdir('/home/runner/.nimble/pkgcache/', 0x00000000000001ff)
mkdir('/home/runner/.nimble/pkgcache/gitlabcom_navidmviper', 0x00000000000001ff)
open('/home/runner/.nimble/pkgcache/gitlabcom_navidmviper', 622592, 0x0000000000000000)
writev(1, 0x00007ffc1e93ec90, 2)
open('/home/runner/.nimble/pkgcache/gitlabcom_navidmviper', 622592, 0x0000000000000000)
rmdir('/home/runner/.nimble/pkgcache/gitlabcom_navidmviper')
writev(1, 0x00007ffc1e93eb80, 2)
mkdir(94195522070768, 0x00000000000001ff)
Error tracing process: readBytes(0x000055ab9aa1e8f0, 256) error: [Errno 5] Input/output error.
