      Info: Package cache path /home/runner/.nimble/pkgcache
     Info:  Nimble data file "/home/runner/.nimble/nimbledata2.json" has been loaded.
    Reading official package list
Downloading https://github.com/solaoi/voicepeaky using git
    Cloning latest tagged version: v1.0.5
open('/workspace/destdir/ssl/openssl.cnf', 32768, 0x00000000000001b6)
open('/home/runner/.config/nimble/nimble.ini', 557056, 0x00000000000001b6)
open('/home/runner/.config/babel/babel.ini', 557056, 0x00000000000001b6)
writev(1, 0x00007ffdb8557010, 2)
open('/home/runner/.nimble/nimbledata2.json', 557056, 0x00000000000001b6)
writev(1, 0x00007ffdb85570e0, 2)
writev(1, 0x00007ffe63558e50, 2)
writev(1, 0x00007ffe63558ee0, 2)
writev(1, 0x00007ffe63558ee0, 2)
writev(1, 0x00007ffe63558ee0, 2)
writev(1, 0x00007ffdb8555b10, 2)
open('/home/runner/.nimble/packages_official.json', 557056, 0x00000000000001b6)
mkdir('/home/', 0x00000000000001ff)
mkdir('/home/runner/', 0x00000000000001ff)
mkdir('/home/runner/.nimble/', 0x00000000000001ff)
mkdir('/home/runner/.nimble/pkgcache/', 0x00000000000001ff)
mkdir('/home/runner/.nimble/pkgcache/githubcom_solaoivoicepeaky', 0x00000000000001ff)
open('/home/runner/.nimble/pkgcache/githubcom_solaoivoicepeaky', 622592, 0x0000000000000000)
writev(1, 0x00007ffdb8555b50, 2)
open('/home/runner/.nimble/pkgcache/githubcom_solaoivoicepeaky', 622592, 0x0000000000000000)
rmdir('/home/runner/.nimble/pkgcache/githubcom_solaoivoicepeaky')
writev(1, 0x00007ffdb8555a40, 2)
mkdir(94009755613184, 0x00000000000001ff)
Error tracing process: readBytes(0x000055805a16b800, 256) error: [Errno 5] Input/output error.
