      Info: Package cache path /home/runner/.nimble/pkgcache
     Info:  Nimble data file "/home/runner/.nimble/nimbledata2.json" has been loaded.
    Reading official package list
Downloading https://github.com/Asc2011/vqsort using git
   Warning: The package has no tagged releases, downloading HEAD instead.
open('/workspace/destdir/ssl/openssl.cnf', 32768, 0x00000000000001b6)
open('/home/runner/.config/nimble/nimble.ini', 557056, 0x00000000000001b6)
open('/home/runner/.config/babel/babel.ini', 557056, 0x00000000000001b6)
writev(1, 0x00007fff6c565ad0, 2)
open('/home/runner/.nimble/nimbledata2.json', 557056, 0x00000000000001b6)
writev(1, 0x00007fff6c565ba0, 2)
writev(1, 0x00007ffd08283420, 2)
writev(1, 0x00007ffd082834b0, 2)
writev(1, 0x00007ffd082834b0, 2)
writev(1, 0x00007ffd082834b0, 2)
writev(1, 0x00007fff6c5645b0, 2)
open('/home/runner/.nimble/packages_official.json', 557056, 0x00000000000001b6)
mkdir('/home/', 0x00000000000001ff)
mkdir('/home/runner/', 0x00000000000001ff)
mkdir('/home/runner/.nimble/', 0x00000000000001ff)
mkdir('/home/runner/.nimble/pkgcache/', 0x00000000000001ff)
mkdir('/home/runner/.nimble/pkgcache/githubcom_Asc2011vqsort', 0x00000000000001ff)
open('/home/runner/.nimble/pkgcache/githubcom_Asc2011vqsort', 622592, 0x0000000000000000)
writev(1, 0x00007fff6c564610, 2)
open('/home/runner/.nimble/pkgcache/githubcom_Asc2011vqsort', 622592, 0x0000000000000000)
rmdir('/home/runner/.nimble/pkgcache/githubcom_Asc2011vqsort')
writev(1, 0x00007fff6c564500, 2)
mkdir(94727855250144, 0x00000000000001ff)
Error tracing process: readBytes(0x000056278c299ae0, 256) error: [Errno 5] Input/output error.
