     Info:  Nimble data file "/home/runner/.nimble/nimbledata2.json" has been loaded.
    Reading official package list
Downloading https://github.com/treeform/tabby using git
    Cloning latest tagged version: 0.6.0
open('/workspace/destdir/ssl/openssl.cnf', 32768, 0x00000000000001b6)
open('/home/runner/.config/nimble/nimble.ini', 557056, 0x00000000000001b6)
open('/home/runner/.config/babel/babel.ini', 557056, 0x00000000000001b6)
open('/home/runner/.nimble/nimbledata2.json', 557056, 0x00000000000001b6)
writev(1, 0x00007ffdaf96c0d0, 2)
open('/home/runner/work/nim_packages_security_audit/nim_packages_security_audit', 622592, 0x0000000000000000)
writev(1, 0x00007ffdaf96ad00, 2)
open('/home/runner/.nimble/packages_official.json', 557056, 0x00000000000001b6)
mkdir('/tmp/', 0x00000000000001ff)
mkdir('/tmp/nimble_2525/', 0x00000000000001ff)
mkdir('/tmp/nimble_2525/githubcom_treeformtabby', 0x00000000000001ff)
open('/tmp/nimble_2525/githubcom_treeformtabby', 622592, 0x0000000000000000)
writev(1, 0x00007ffdaf96adc0, 2)
open('/tmp/nimble_2525/githubcom_treeformtabby', 622592, 0x0000000000000000)
rmdir('/tmp/nimble_2525/githubcom_treeformtabby')
writev(1, 0x00007ffdaf96acb0, 2)
mkdir(93890143622544, 0x00000000000001ff)
Error tracing process: readBytes(0x0000556480a89590, 256) error: [Errno 5] Input/output error.
