      Info: Package cache path /home/runner/.nimble/pkgcache
     Info:  Nimble data file "/home/runner/.nimble/nimbledata2.json" has been loaded.
    Reading official package list
Downloading https://github.com/ire4ever1190/taskman using git
    Cloning latest tagged version: 0.5.5
open('/workspace/destdir/ssl/openssl.cnf', 32768, 0x00000000000001b6)
open('/home/runner/.config/nimble/nimble.ini', 557056, 0x00000000000001b6)
open('/home/runner/.config/babel/babel.ini', 557056, 0x00000000000001b6)
writev(1, 0x00007ffc588ae980, 2)
open('/home/runner/.nimble/nimbledata2.json', 557056, 0x00000000000001b6)
writev(1, 0x00007ffc588aea50, 2)
writev(1, 0x00007ffeb709bb20, 2)
writev(1, 0x00007ffeb709bbb0, 2)
writev(1, 0x00007ffeb709bbb0, 2)
writev(1, 0x00007ffeb709bbb0, 2)
writev(1, 0x00007ffc588ad570, 2)
open('/home/runner/.nimble/packages_official.json', 557056, 0x00000000000001b6)
mkdir('/home/', 0x00000000000001ff)
mkdir('/home/runner/', 0x00000000000001ff)
mkdir('/home/runner/.nimble/', 0x00000000000001ff)
mkdir('/home/runner/.nimble/pkgcache/', 0x00000000000001ff)
mkdir('/home/runner/.nimble/pkgcache/githubcom_ire4ever1190taskman', 0x00000000000001ff)
open('/home/runner/.nimble/pkgcache/githubcom_ire4ever1190taskman', 622592, 0x0000000000000000)
writev(1, 0x00007ffc588ad660, 2)
open('/home/runner/.nimble/pkgcache/githubcom_ire4ever1190taskman', 622592, 0x0000000000000000)
rmdir('/home/runner/.nimble/pkgcache/githubcom_ire4ever1190taskman')
writev(1, 0x00007ffc588ad550, 2)
mkdir(94752335334208, 0x00000000000001ff)
Error tracing process: readBytes(0x0000562d3f4a0b40, 256) error: [Errno 5] Input/output error.
