     Info:  Nimble data file "/home/runner/.nimble/nimbledata2.json" has been loaded.
    Reading official package list
Downloading https://github.com/jackhftang/taskqueue.nim using git
    Cloning latest tagged version: 0.1.1
open('/workspace/destdir/ssl/openssl.cnf', 32768, 0x00000000000001b6)
open('/home/runner/.config/nimble/nimble.ini', 557056, 0x00000000000001b6)
open('/home/runner/.config/babel/babel.ini', 557056, 0x00000000000001b6)
open('/home/runner/.nimble/nimbledata2.json', 557056, 0x00000000000001b6)
writev(1, 0x00007fffe65f5750, 2)
writev(1, 0x00007fffe65f5030, 2)
open('/home/runner/.nimble/packages_official.json', 557056, 0x00000000000001b6)
mkdir('/tmp/', 0x00000000000001ff)
mkdir('/tmp/nimble_3204/', 0x00000000000001ff)
mkdir('/tmp/nimble_3204/githubcom_jackhftangtaskqueuenim', 0x00000000000001ff)
writev(1, 0x00007fffe65f5000, 2)
open('/tmp/nimble_3204/githubcom_jackhftangtaskqueuenim', 622592, 0x0000000000000000)
rmdir('/tmp/nimble_3204/githubcom_jackhftangtaskqueuenim')
writev(1, 0x00007fffe65f4f70, 2)
mkdir(94832438318272, 0x00000000000001ff)
Error tracing process: readBytes(0x0000563fe5cc94c0, 256) error: [Errno 5] Input/output error.
