      Info: Package cache path /home/runner/.nimble/pkgcache
     Info:  Nimble data file "/home/runner/.nimble/nimbledata2.json" has been loaded.
    Reading official package list
Downloading https://github.com/OpenSystemsLab/tempfile.nim using git
    Cloning latest tagged version: 0.1.7
open('/workspace/destdir/ssl/openssl.cnf', 32768, 0x00000000000001b6)
open('/home/runner/.config/nimble/nimble.ini', 557056, 0x00000000000001b6)
open('/home/runner/.config/babel/babel.ini', 557056, 0x00000000000001b6)
writev(1, 0x00007ffd661f7040, 2)
open('/home/runner/.nimble/nimbledata2.json', 557056, 0x00000000000001b6)
writev(1, 0x00007ffd661f7110, 2)
writev(1, 0x00007ffc0df0fad0, 2)
writev(1, 0x00007ffc0df0fb60, 2)
writev(1, 0x00007ffc0df0fb60, 2)
writev(1, 0x00007ffc0df0fb60, 2)
writev(1, 0x00007ffd661f5af0, 2)
open('/home/runner/.nimble/packages_official.json', 557056, 0x00000000000001b6)
mkdir('/home/', 0x00000000000001ff)
mkdir('/home/runner/', 0x00000000000001ff)
mkdir('/home/runner/.nimble/', 0x00000000000001ff)
mkdir('/home/runner/.nimble/pkgcache/', 0x00000000000001ff)
mkdir('/home/runner/.nimble/pkgcache/githubcom_OpenSystemsLabtempfilenim', 0x00000000000001ff)
open('/home/runner/.nimble/pkgcache/githubcom_OpenSystemsLabtempfilenim', 622592, 0x0000000000000000)
writev(1, 0x00007ffd661f5bd0, 2)
open('/home/runner/.nimble/pkgcache/githubcom_OpenSystemsLabtempfilenim', 622592, 0x0000000000000000)
rmdir('/home/runner/.nimble/pkgcache/githubcom_OpenSystemsLabtempfilenim')
writev(1, 0x00007ffd661f5ac0, 2)
mkdir(94254623234864, 0x00000000000001ff)
Error tracing process: readBytes(0x000055b95d561b30, 256) error: [Errno 5] Input/output error.
