      Info: Package cache path /home/runner/.nimble/pkgcache
     Info:  Nimble data file "/home/runner/.nimble/nimbledata2.json" has been loaded.
    Reading official package list
Downloading https://github.com/fowlmouth/nim-termbox using git
   Warning: The package has no tagged releases, downloading HEAD instead.
open('/workspace/destdir/ssl/openssl.cnf', 32768, 0x00000000000001b6)
open('/home/runner/.config/nimble/nimble.ini', 557056, 0x00000000000001b6)
open('/home/runner/.config/babel/babel.ini', 557056, 0x00000000000001b6)
writev(1, 0x00007ffc16081bb0, 2)
open('/home/runner/.nimble/nimbledata2.json', 557056, 0x00000000000001b6)
writev(1, 0x00007ffc16081c80, 2)
writev(1, 0x00007ffc40163e10, 2)
writev(1, 0x00007ffc40163ea0, 2)
writev(1, 0x00007ffc40163ea0, 2)
writev(1, 0x00007ffc40163ea0, 2)
writev(1, 0x00007ffc160807a0, 2)
open('/home/runner/.nimble/packages_official.json', 557056, 0x00000000000001b6)
mkdir('/home/', 0x00000000000001ff)
mkdir('/home/runner/', 0x00000000000001ff)
mkdir('/home/runner/.nimble/', 0x00000000000001ff)
mkdir('/home/runner/.nimble/pkgcache/', 0x00000000000001ff)
mkdir('/home/runner/.nimble/pkgcache/githubcom_fowlmouthnimtermbox', 0x00000000000001ff)
open('/home/runner/.nimble/pkgcache/githubcom_fowlmouthnimtermbox', 622592, 0x0000000000000000)
writev(1, 0x00007ffc16080890, 2)
open('/home/runner/.nimble/pkgcache/githubcom_fowlmouthnimtermbox', 622592, 0x0000000000000000)
rmdir('/home/runner/.nimble/pkgcache/githubcom_fowlmouthnimtermbox')
writev(1, 0x00007ffc16080780, 2)
mkdir(94048877075200, 0x00000000000001ff)
Error tracing process: readBytes(0x0000558975e8db00, 256) error: [Errno 5] Input/output error.
