    Reading official package list
Downloading https://github.com/jiro4989/termnovel using git
    Cloning latest tagged version: 1.0.0
mkdir('/tmp', 0x00000000000001ff)
mkdir('/tmp/nimble_23620', 0x00000000000001ff)
mkdir('/tmp/nimble_23620/githubcom_jiro4989termnovel', 0x00000000000001ff)
rmdir('/tmp/nimble_23620/githubcom_jiro4989termnovel')
mkdir('/tmp/nimble_23620/githubcom_jiro4989termnovel', 0x00000000000001ff)
mkdir('/tmp/nimble_23620/githubcom_jiro4989termnovel/.git', 0x00000000000001ff)
mkdir('/tmp/nimble_23620/githubcom_jiro4989termnovel/.git/', 0x00000000000001ff)
mkdir('/tmp/nimble_23620/githubcom_jiro4989termnovel/.git/info/', 0x00000000000001ff)
mkdir('/tmp/nimble_23620/githubcom_jiro4989termnovel/.git/branches/', 0x00000000000001ff)
mkdir('/tmp/nimble_23620/githubcom_jiro4989termnovel/.git/hooks/', 0x00000000000001ff)
mkdir('/tmp/nimble_23620/githubcom_jiro4989termnovel/.git/refs', 0x00000000000001ff)
mkdir('/tmp/nimble_23620/githubcom_jiro4989termnovel/.git/refs/heads', 0x00000000000001ff)
mkdir('/tmp/nimble_23620/githubcom_jiro4989termnovel/.git/refs/tags', 0x00000000000001ff)
rename('/tmp/nimble_23620/githubcom_jiro4989termnovel/.git/HEAD.lock', '/tmp/nimble_23620/githubcom_jiro4989termnovel/.git/HEAD')
rename('/tmp/nimble_23620/githubcom_jiro4989termnovel/.git/config.lock', '/tmp/nimble_23620/githubcom_jiro4989termnovel/.git/config')
chmod('/tmp/nimble_23620/githubcom_jiro4989termnovel/.git/config', 0x00000000000081e4)
chmod('/tmp/nimble_23620/githubcom_jiro4989termnovel/.git/config', 0x00000000000081a4)
chmod('/tmp/nimble_23620/githubcom_jiro4989termnovel/.git/config.lock', 0x00000000000001a4)
rename('/tmp/nimble_23620/githubcom_jiro4989termnovel/.git/config.lock', '/tmp/nimble_23620/githubcom_jiro4989termnovel/.git/config')
chmod('/tmp/nimble_23620/githubcom_jiro4989termnovel/.git/config.lock', 0x00000000000001a4)
rename('/tmp/nimble_23620/githubcom_jiro4989termnovel/.git/config.lock', '/tmp/nimble_23620/githubcom_jiro4989termnovel/.git/config')
chmod('/tmp/nimble_23620/githubcom_jiro4989termnovel/.git/config.lock', 0x00000000000001a4)
rename('/tmp/nimble_23620/githubcom_jiro4989termnovel/.git/config.lock', '/tmp/nimble_23620/githubcom_jiro4989termnovel/.git/config')
unlink('/tmp/nimble_23620/githubcom_jiro4989termnovel/.git/tJpfyRH')
symlink('testing', '/tmp/nimble_23620/githubcom_jiro4989termnovel/.git/tJpfyRH')
unlink('/tmp/nimble_23620/githubcom_jiro4989termnovel/.git/tJpfyRH')
mkdir('/tmp/nimble_23620/githubcom_jiro4989termnovel/.git/objects', 0x00000000000001ff)
mkdir('/tmp/nimble_23620/githubcom_jiro4989termnovel/.git/objects/pack', 0x00000000000001ff)
mkdir('/tmp/nimble_23620/githubcom_jiro4989termnovel/.git/objects/info', 0x00000000000001ff)
chmod('/tmp/nimble_23620/githubcom_jiro4989termnovel/.git/config.lock', 0x00000000000001a4)
rename('/tmp/nimble_23620/githubcom_jiro4989termnovel/.git/config.lock', '/tmp/nimble_23620/githubcom_jiro4989termnovel/.git/config')
chmod('/tmp/nimble_23620/githubcom_jiro4989termnovel/.git/config.lock', 0x00000000000001a4)
rename('/tmp/nimble_23620/githubcom_jiro4989termnovel/.git/config.lock', '/tmp/nimble_23620/githubcom_jiro4989termnovel/.git/config')
chmod('/tmp/nimble_23620/githubcom_jiro4989termnovel/.git/config.lock', 0x00000000000001a4)
rename('/tmp/nimble_23620/githubcom_jiro4989termnovel/.git/config.lock', '/tmp/nimble_23620/githubcom_jiro4989termnovel/.git/config')
mkdir('/tmp/nimble_23620/githubcom_jiro4989termnovel/.git/objects/7b', 0x00000000000001ff)
link('/tmp/nimble_23620/githubcom_jiro4989termnovel/.git/objects/7b/tmp_obj_bmiw6G', '/tmp/nimble_23620/githubcom_jiro4989termnovel/.git/objects/7b/5e9289743563b24631972814658d25e9983d70')
unlink('/tmp/nimble_23620/githubcom_jiro4989termnovel/.git/objects/7b/tmp_obj_bmiw6G')
mkdir('/tmp/nimble_23620/githubcom_jiro4989termnovel/.git/objects/e0', 0x00000000000001ff)
link('/tmp/nimble_23620/githubcom_jiro4989termnovel/.git/objects/e0/tmp_obj_pl2VWH', '/tmp/nimble_23620/githubcom_jiro4989termnovel/.git/objects/e0/7395948ce96f29de76b6cca8e630d834b35ded')
unlink('/tmp/nimble_23620/githubcom_jiro4989termnovel/.git/objects/e0/tmp_obj_pl2VWH')
mkdir('/tmp/nimble_23620/githubcom_jiro4989termnovel/.git/objects/5a', 0x00000000000001ff)
link('/tmp/nimble_23620/githubcom_jiro4989termnovel/.git/objects/5a/tmp_obj_JTAdCH', '/tmp/nimble_23620/githubcom_jiro4989termnovel/.git/objects/5a/f85c36b94da6db8e6b3856307ba73b7d3751f7')
unlink('/tmp/nimble_23620/githubcom_jiro4989termnovel/.git/objects/5a/tmp_obj_JTAdCH')
mkdir('/tmp/nimble_23620/githubcom_jiro4989termnovel/.git/objects/8e', 0x00000000000001ff)
link('/tmp/nimble_23620/githubcom_jiro4989termnovel/.git/objects/8e/tmp_obj_ngipLK', '/tmp/nimble_23620/githubcom_jiro4989termnovel/.git/objects/8e/b4bf07008566c458bad9d2a60d77b28ce91877')
unlink('/tmp/nimble_23620/githubcom_jiro4989termnovel/.git/objects/8e/tmp_obj_ngipLK')
mkdir('/tmp/nimble_23620/githubcom_jiro4989termnovel/.git/objects/0c', 0x00000000000001ff)
link('/tmp/nimble_23620/githubcom_jiro4989termnovel/.git/objects/0c/tmp_obj_12AZyL', '/tmp/nimble_23620/githubcom_jiro4989termnovel/.git/objects/0c/b39f3fc38fe7f060a0e200b4bb96fb023c6e5f')
unlink('/tmp/nimble_23620/githubcom_jiro4989termnovel/.git/objects/0c/tmp_obj_12AZyL')
mkdir('/tmp/nimble_23620/githubcom_jiro4989termnovel/.git/objects/59', 0x00000000000001ff)
link('/tmp/nimble_23620/githubcom_jiro4989termnovel/.git/objects/59/tmp_obj_3fRmMP', '/tmp/nimble_23620/githubcom_jiro4989termnovel/.git/objects/59/c2b979a14abed18df4b8724a3b2909d0437f8e')
unlink('/tmp/nimble_23620/githubcom_jiro4989termnovel/.git/objects/59/tmp_obj_3fRmMP')
mkdir('/tmp/nimble_23620/githubcom_jiro4989termnovel/.git/objects/97', 0x00000000000001ff)
link('/tmp/nimble_23620/githubcom_jiro4989termnovel/.git/objects/97/tmp_obj_VxIWTT', '/tmp/nimble_23620/githubcom_jiro4989termnovel/.git/objects/97/3b23e05d3eb88ac025f42d1afa980e6edf27be')
unlink('/tmp/nimble_23620/githubcom_jiro4989termnovel/.git/objects/97/tmp_obj_VxIWTT')
mkdir('/tmp/nimble_23620/githubcom_jiro4989termnovel/.git/objects/ff', 0x00000000000001ff)
link('/tmp/nimble_23620/githubcom_jiro4989termnovel/.git/objects/ff/tmp_obj_VHtYbW', '/tmp/nimble_23620/githubcom_jiro4989termnovel/.git/objects/ff/1352a957be3482d49be657f99920ff59a9da7e')
unlink('/tmp/nimble_23620/githubcom_jiro4989termnovel/.git/objects/ff/tmp_obj_VHtYbW')
mkdir('/tmp/nimble_23620/githubcom_jiro4989termnovel/.git/objects/09', 0x00000000000001ff)
link('/tmp/nimble_23620/githubcom_jiro4989termnovel/.git/objects/09/tmp_obj_BHUJ6Z', '/tmp/nimble_23620/githubcom_jiro4989termnovel/.git/objects/09/e628d800b301fa6e6630cb6a5c47e21c9a2e65')
unlink('/tmp/nimble_23620/githubcom_jiro4989termnovel/.git/objects/09/tmp_obj_BHUJ6Z')
link('/tmp/nimble_23620/githubcom_jiro4989termnovel/.git/objects/97/tmp_obj_7zM7R2', '/tmp/nimble_23620/githubcom_jiro4989termnovel/.git/objects/97/6caa9c0ed2ab2c9fe1a50be39ffb7fbd5984dc')
unlink('/tmp/nimble_23620/githubcom_jiro4989termnovel/.git/objects/97/tmp_obj_7zM7R2')
mkdir('/tmp/nimble_23620/githubcom_jiro4989termnovel/.git/objects/4d', 0x00000000000001ff)
link('/tmp/nimble_23620/githubcom_jiro4989termnovel/.git/objects/4d/tmp_obj_HwxHN6', '/tmp/nimble_23620/githubcom_jiro4989termnovel/.git/objects/4d/3c0076de20d1abc155fb2c8eabd0af20ca3ca9')
unlink('/tmp/nimble_23620/githubcom_jiro4989termnovel/.git/objects/4d/tmp_obj_HwxHN6')
mkdir('/tmp/nimble_23620/githubcom_jiro4989termnovel/.git/objects/f1', 0x00000000000001ff)
link('/tmp/nimble_23620/githubcom_jiro4989termnovel/.git/objects/f1/tmp_obj_tlbFHb', '/tmp/nimble_23620/githubcom_jiro4989termnovel/.git/objects/f1/bc99aca1ad048b5553662313519df5e27f33a8')
unlink('/tmp/nimble_23620/githubcom_jiro4989termnovel/.git/objects/f1/tmp_obj_tlbFHb')
mkdir('/tmp/nimble_23620/githubcom_jiro4989termnovel/.git/objects/1a', 0x00000000000001ff)
link('/tmp/nimble_23620/githubcom_jiro4989termnovel/.git/objects/1a/tmp_obj_Ar5SA7', '/tmp/nimble_23620/githubcom_jiro4989termnovel/.git/objects/1a/7387fdf211b97f50a0665b12336b02c9e040ad')
unlink('/tmp/nimble_23620/githubcom_jiro4989termnovel/.git/objects/1a/tmp_obj_Ar5SA7')
mkdir('/tmp/nimble_23620/githubcom_jiro4989termnovel/.git/objects/53', 0x00000000000001ff)
link('/tmp/nimble_23620/githubcom_jiro4989termnovel/.git/objects/53/tmp_obj_aGeGIH', '/tmp/nimble_23620/githubcom_jiro4989termnovel/.git/objects/53/d0b2916188b06c52265aaf6557560797e33de9')  Verifying dependencies for termnovel@1.0.0
    Reading official package list
   Checking for cligen@>= 0.9.32
 Installing cligen@>= 0.9.32
    Reading official package list
Downloading https://github.com/c-blake/cligen.git using git
    Cloning latest tagged version: v1.0.0

unlink('/tmp/nimble_23620/githubcom_jiro4989termnovel/.git/objects/53/tmp_obj_aGeGIH')
mkdir('/tmp/nimble_23620/githubcom_jiro4989termnovel/.git/objects/45', 0x00000000000001ff)
link('/tmp/nimble_23620/githubcom_jiro4989termnovel/.git/objects/45/tmp_obj_u6ykCP', '/tmp/nimble_23620/githubcom_jiro4989termnovel/.git/objects/45/7251dfcb6d28971961b959fc70dc61ea14a17d')
unlink('/tmp/nimble_23620/githubcom_jiro4989termnovel/.git/objects/45/tmp_obj_u6ykCP')
mkdir('/tmp/nimble_23620/githubcom_jiro4989termnovel/.git/objects/f6', 0x00000000000001ff)
link('/tmp/nimble_23620/githubcom_jiro4989termnovel/.git/objects/f6/tmp_obj_eex9QQ', '/tmp/nimble_23620/githubcom_jiro4989termnovel/.git/objects/f6/dccce5574bcfa4601021599e32fbf4b36cc54d')
unlink('/tmp/nimble_23620/githubcom_jiro4989termnovel/.git/objects/f6/tmp_obj_eex9QQ')
mkdir('/tmp/nimble_23620/githubcom_jiro4989termnovel/.git/objects/00', 0x00000000000001ff)
link('/tmp/nimble_23620/githubcom_jiro4989termnovel/.git/objects/00/tmp_obj_wTxFNW', '/tmp/nimble_23620/githubcom_jiro4989termnovel/.git/objects/00/d2ba3e3e931a0d0afa7a68cc8bcf70ab17e2fb')
unlink('/tmp/nimble_23620/githubcom_jiro4989termnovel/.git/objects/00/tmp_obj_wTxFNW')
mkdir('/tmp/nimble_23620/githubcom_jiro4989termnovel/.git/objects/7c', 0x00000000000001ff)
link('/tmp/nimble_23620/githubcom_jiro4989termnovel/.git/objects/7c/tmp_obj_ey5nQX', '/tmp/nimble_23620/githubcom_jiro4989termnovel/.git/objects/7c/f4a7b1818011516ccd8e61821585ec489731b7')
unlink('/tmp/nimble_23620/githubcom_jiro4989termnovel/.git/objects/7c/tmp_obj_ey5nQX')
mkdir('/tmp/nimble_23620/githubcom_jiro4989termnovel/.git/objects/7a', 0x00000000000001ff)
link('/tmp/nimble_23620/githubcom_jiro4989termnovel/.git/objects/7a/tmp_obj_MPZ0r0', '/tmp/nimble_23620/githubcom_jiro4989termnovel/.git/objects/7a/8a2118b2d8c541c1f28c2717dce54fef38d2c3')
unlink('/tmp/nimble_23620/githubcom_jiro4989termnovel/.git/objects/7a/tmp_obj_MPZ0r0')
mkdir('/tmp/nimble_23620/githubcom_jiro4989termnovel/.git/objects/90', 0x00000000000001ff)
link('/tmp/nimble_23620/githubcom_jiro4989termnovel/.git/objects/90/tmp_obj_ELxUr6', '/tmp/nimble_23620/githubcom_jiro4989termnovel/.git/objects/90/c65e694d0c5cef972dde13c771cbfa2519fbe2')
unlink('/tmp/nimble_23620/githubcom_jiro4989termnovel/.git/objects/90/tmp_obj_ELxUr6')
mkdir('/tmp/nimble_23620/githubcom_jiro4989termnovel/.git/objects/23', 0x00000000000001ff)
link('/tmp/nimble_23620/githubcom_jiro4989termnovel/.git/objects/23/tmp_obj_kn2Ph7', '/tmp/nimble_23620/githubcom_jiro4989termnovel/.git/objects/23/190caa1ef9485ea8db9973d4f408ed27b80e5b')
unlink('/tmp/nimble_23620/githubcom_jiro4989termnovel/.git/objects/23/tmp_obj_kn2Ph7')
mkdir('/tmp/nimble_23620/githubcom_jiro4989termnovel/.git/objects/a0', 0x00000000000001ff)
link('/tmp/nimble_23620/githubcom_jiro4989termnovel/.git/objects/a0/tmp_obj_k1I998', '/tmp/nimble_23620/githubcom_jiro4989termnovel/.git/objects/a0/ddb261046c900355e84a0c037888a4447b6923')
unlink('/tmp/nimble_23620/githubcom_jiro4989termnovel/.git/objects/a0/tmp_obj_k1I998')
mkdir('/tmp/nimble_23620/githubcom_jiro4989termnovel/.git/objects/dd', 0x00000000000001ff)
link('/tmp/nimble_23620/githubcom_jiro4989termnovel/.git/objects/dd/tmp_obj_umBxcc', '/tmp/nimble_23620/githubcom_jiro4989termnovel/.git/objects/dd/99aa27a3d396dcf855a47d61fa9c50c011c929')
unlink('/tmp/nimble_23620/githubcom_jiro4989termnovel/.git/objects/dd/tmp_obj_umBxcc')
mkdir('/tmp/nimble_23620/githubcom_jiro4989termnovel/.git/objects/f3', 0x00000000000001ff)
link('/tmp/nimble_23620/githubcom_jiro4989termnovel/.git/objects/f3/tmp_obj_4mEXMh', '/tmp/nimble_23620/githubcom_jiro4989termnovel/.git/objects/f3/ef93dcdb8baec8f7c555ced0c765e83de8bbcb')
unlink('/tmp/nimble_23620/githubcom_jiro4989termnovel/.git/objects/f3/tmp_obj_4mEXMh')
mkdir('/tmp/nimble_23620/githubcom_jiro4989termnovel/.git/objects/62', 0x00000000000001ff)
link('/tmp/nimble_23620/githubcom_jiro4989termnovel/.git/objects/62/tmp_obj_chRcik', '/tmp/nimble_23620/githubcom_jiro4989termnovel/.git/objects/62/b883e08af7941158926208ba2cc7d28585d590')
unlink('/tmp/nimble_23620/githubcom_jiro4989termnovel/.git/objects/62/tmp_obj_chRcik')
rename('/tmp/nimble_23620/githubcom_jiro4989termnovel/.git/shallow.lock', '/tmp/nimble_23620/githubcom_jiro4989termnovel/.git/shallow')
rename('/tmp/nimble_23620/githubcom_jiro4989termnovel/.git/packed-refs.new', '/tmp/nimble_23620/githubcom_jiro4989termnovel/.git/packed-refs')
unlink('/tmp/nimble_23620/githubcom_jiro4989termnovel/.git/packed-refs.lock')
unlink('/tmp/nimble_23620/githubcom_jiro4989termnovel/.git/refs/tags/1.0.0.lock')
mkdir('/tmp/nimble_23620/githubcom_jiro4989termnovel/.git/logs', 0x00000000000001ff)
rename('/tmp/nimble_23620/githubcom_jiro4989termnovel/.git/HEAD.lock', '/tmp/nimble_23620/githubcom_jiro4989termnovel/.git/HEAD')
mkdir('doc', 0x00000000000001ff)
mkdir('src', 0x00000000000001ff)
mkdir('src/novels', 0x00000000000001ff)
mkdir('src/termnovelpkg', 0x00000000000001ff)
mkdir('tests', 0x00000000000001ff)
mkdir('tests/novels', 0x00000000000001ff)
rename('/tmp/nimble_23620/githubcom_jiro4989termnovel/.git/index.lock', '/tmp/nimble_23620/githubcom_jiro4989termnovel/.git/index')
mkdir('/tmp', 0x00000000000001ff)
mkdir('/tmp/nimblecache', 0x00000000000001ff)
mkdir('/tmp/nimblecache/termnovel_923682539', 0x00000000000001ff)
unlink('/tmp/nimblecache/termnovel_923682539/termnovel.ini')
unlink('/tmp/nimble_23620.out')
unlink('/tmp/nimble_23620/githubcom_jiro4989termnovel/termnovel_23620.nims')
mkdir('/tmp', 0x00000000000001ff)
mkdir('/tmp/nimble_23620', 0x00000000000001ff)
mkdir('/tmp/nimble_23620/githubcom_cblakecligengit_0.9.32', 0x00000000000001ff)
rmdir('/tmp/nimble_23620/githubcom_cblakecligengit_0.9.32')
mkdir('/tmp/nimble_23620/githubcom_cblakecligengit_0.9.32', 0x00000000000001ff)
mkdir('/tmp/nimble_23620/githubcom_cblakecligengit_0.9.32/.git', 0x00000000000001ff)
mkdir('/tmp/nimble_23620/githubcom_cblakecligengit_0.9.32/.git/', 0x00000000000001ff)
mkdir('/tmp/nimble_23620/githubcom_cblakecligengit_0.9.32/.git/info/', 0x00000000000001ff)
mkdir('/tmp/nimble_23620/githubcom_cblakecligengit_0.9.32/.git/branches/', 0x00000000000001ff)
mkdir('/tmp/nimble_23620/githubcom_cblakecligengit_0.9.32/.git/hooks/', 0x00000000000001ff)
mkdir('/tmp/nimble_23620/githubcom_cblakecligengit_0.9.32/.git/refs', 0x00000000000001ff)
mkdir('/tmp/nimble_23620/githubcom_cblakecligengit_0.9.32/.git/refs/heads', 0x00000000000001ff)
mkdir('/tmp/nimble_23620/githubcom_cblakecligengit_0.9.32/.git/refs/tags', 0x00000000000001ff)
rename('/tmp/nimble_23620/githubcom_cblakecligengit_0.9.32/.git/HEAD.lock', '/tmp/nimble_23620/githubcom_cblakecligengit_0.9.32/.git/HEAD')
rename('/tmp/nimble_23620/githubcom_cblakecligengit_0.9.32/.git/config.lock', '/tmp/nimble_23620/githubcom_cblakecligengit_0.9.32/.git/config')
chmod('/tmp/nimble_23620/githubcom_cblakecligengit_0.9.32/.git/config', 0x00000000000081e4)
chmod('/tmp/nimble_23620/githubcom_cblakecligengit_0.9.32/.git/config', 0x00000000000081a4)
chmod('/tmp/nimble_23620/githubcom_cblakecligengit_0.9.32/.git/config.lock', 0x00000000000001a4)
rename('/tmp/nimble_23620/githubcom_cblakecligengit_0.9.32/.git/config.lock', '/tmp/nimble_23620/githubcom_cblakecligengit_0.9.32/.git/config')
chmod('/tmp/nimble_23620/githubcom_cblakecligengit_0.9.32/.git/config.lock', 0x00000000000001a4)
rename('/tmp/nimble_23620/githubcom_cblakecligengit_0.9.32/.git/config.lock', '/tmp/nimble_23620/githubcom_cblakecligengit_0.9.32/.git/config')
chmod('/tmp/nimble_23620/githubcom_cblakecligengit_0.9.32/.git/config.lock', 0x00000000000001a4)
rename('/tmp/nimble_23620/githubcom_cblakecligengit_0.9.32/.git/config.lock', '/tmp/nimble_23620/githubcom_cblakecligengit_0.9.32/.git/config')
unlink('/tmp/nimble_23620/githubcom_cblakecligengit_0.9.32/.git/t1SYusT')
symlink('testing', '/tmp/nimble_23620/githubcom_cblakecligengit_0.9.32/.git/t1SYusT')
unlink('/tmp/nimble_23620/githubcom_cblakecligengit_0.9.32/.git/t1SYusT')
mkdir('/tmp/nimble_23620/githubcom_cblakecligengit_0.9.32/.git/objects', 0x00000000000001ff)
mkdir('/tmp/nimble_23620/githubcom_cblakecligengit_0.9.32/.git/objects/pack', 0x00000000000001ff)
mkdir('/tmp/nimble_23620/githubcom_cblakecligengit_0.9.32/.git/objects/info', 0x00000000000001ff)       Info /tmp/nimble_23620/githubcom_cblakecligengit_0.9.32/cligen_23620.nims(5, 22) Warning: imported and not used: 'strutils' [UnusedImport]
  Verifying dependencies for cligen@1.0.0
 Installing cligen@1.0.0
    Copying file /tmp/nimble_23620/githubcom_cblakecligengit_0.9.32/cligen.nim to /home/runner/.nimble/pkgs/cligen-1.0.0/cligen.nim
    Copying file /tmp/nimble_23620/githubcom_cblakecligengit_0.9.32/cligen/trie.nim to /home/runner/.nimble/pkgs/cligen-1.0.0/cligen/trie.nim
    Copying file /tmp/nimble_23620/githubcom_cblakecligengit_0.9.32/cligen/sysUt.nim to /home/runner/.nimble/pkgs/cligen-1.0.0/cligen/sysUt.nim
    Copying file /tmp/nimble_23620/githubcom_cblakecligengit_0.9.32/cligen/argcvt.nim to /home/runner/.nimble/pkgs/cligen-1.0.0/cligen/argcvt.nim
    Copying file /tmp/nimble_23620/githubcom_cblakecligengit_0.9.32/cligen/macUt.nim to /home/runner/.nimble/pkgs/cligen-1.0.0/cligen/macUt.nim
    Copying file /tmp/nimble_23620/githubcom_cblakecligengit_0.9.32/cligen/syntaxHelp.nim to /home/runner/.nimble/pkgs/cligen-1.0.0/cligen/syntaxHelp.nim
    Copying file /tmp/nimble_23620/githubcom_cblakecligengit_0.9.32/cligen/humanUt.nim to /home/runner/.nimble/pkgs/cligen-1.0.0/cligen/humanUt.nim
    Copying file /tmp/nimble_23620/githubcom_cblakecligengit_0.9.32/cligen/mergeCfgEnv.nim to /home/runner/.nimble/pkgs/cligen-1.0.0/cligen/mergeCfgEnv.nim
    Copying file /tmp/nimble_23620/githubcom_cblakecligengit_0.9.32/cligen/mfile.nim to /home/runner/.nimble/pkgs/cligen-1.0.0/cligen/mfile.nim
    Copying file /tmp/nimble_23620/githubcom_cblakecligengit_0.9.32/cligen/fileUt.nim to /home/runner/.nimble/pkgs/cligen-1.0.0/cligen/fileUt.nim
    Copying file /tmp/nimble_23620/githubcom_cblakecligengit_0.9.32/cligen/gcarc.nim to /home/runner/.nimble/pkgs/cligen-1.0.0/cligen/gcarc.nim
    Copying file /tmp/nimble_23620/githubcom_cblakecligengit_0.9.32/cligen/strUt.nim to /home/runner/.nimble/pkgs/cligen-1.0.0/cligen/strUt.nim

chmod('/tmp/nimble_23620/githubcom_cblakecligengit_0.9.32/.git/config.lock', 0x00000000000001a4)
rename('/tmp/nimble_23620/githubcom_cblakecligengit_0.9.32/.git/config.lock', '/tmp/nimble_23620/githubcom_cblakecligengit_0.9.32/.git/config')
chmod('/tmp/nimble_23620/githubcom_cblakecligengit_0.9.32/.git/config.lock', 0x00000000000001a4)
rename('/tmp/nimble_23620/githubcom_cblakecligengit_0.9.32/.git/config.lock', '/tmp/nimble_23620/githubcom_cblakecligengit_0.9.32/.git/config')
chmod('/tmp/nimble_23620/githubcom_cblakecligengit_0.9.32/.git/config.lock', 0x00000000000001a4)
rename('/tmp/nimble_23620/githubcom_cblakecligengit_0.9.32/.git/config.lock', '/tmp/nimble_23620/githubcom_cblakecligengit_0.9.32/.git/config')
link('/tmp/nimble_23620/githubcom_cblakecligengit_0.9.32/.git/objects/pack/tmp_pack_3Z9ujU', '/tmp/nimble_23620/githubcom_cblakecligengit_0.9.32/.git/objects/pack/pack-dce576a9028a8173fb757abd10c9cd26655fe8c5.pack')
unlink('/tmp/nimble_23620/githubcom_cblakecligengit_0.9.32/.git/objects/pack/tmp_pack_3Z9ujU')
link('/tmp/nimble_23620/githubcom_cblakecligengit_0.9.32/.git/objects/pack/tmp_idx_UvEB3f', '/tmp/nimble_23620/githubcom_cblakecligengit_0.9.32/.git/objects/pack/pack-dce576a9028a8173fb757abd10c9cd26655fe8c5.idx')
unlink('/tmp/nimble_23620/githubcom_cblakecligengit_0.9.32/.git/objects/pack/tmp_idx_UvEB3f')
rename('/tmp/nimble_23620/githubcom_cblakecligengit_0.9.32/.git/shallow.lock', '/tmp/nimble_23620/githubcom_cblakecligengit_0.9.32/.git/shallow')
rename('/tmp/nimble_23620/githubcom_cblakecligengit_0.9.32/.git/packed-refs.new', '/tmp/nimble_23620/githubcom_cblakecligengit_0.9.32/.git/packed-refs')
unlink('/tmp/nimble_23620/githubcom_cblakecligengit_0.9.32/.git/packed-refs.lock')
unlink('/tmp/nimble_23620/githubcom_cblakecligengit_0.9.32/.git/refs/tags/v1.0.0.lock')
mkdir('/tmp/nimble_23620/githubcom_cblakecligengit_0.9.32/.git/logs', 0x00000000000001ff)
rename('/tmp/nimble_23620/githubcom_cblakecligengit_0.9.32/.git/HEAD.lock', '/tmp/nimble_23620/githubcom_cblakecligengit_0.9.32/.git/HEAD')
unlink('/tmp/nimble_23620/githubcom_cblakecligengit_0.9.32/.git/objects/pack/pack-dce576a9028a8173fb757abd10c9cd26655fe8c5.keep')
mkdir('cligen', 0x00000000000001ff)
mkdir('configs', 0x00000000000001ff)
mkdir('docs', 0x00000000000001ff)
mkdir('examples', 0x00000000000001ff)
mkdir('test', 0x00000000000001ff)
rename('/tmp/nimble_23620/githubcom_cblakecligengit_0.9.32/.git/index.lock', '/tmp/nimble_23620/githubcom_cblakecligengit_0.9.32/.git/index')
mkdir('/tmp', 0x00000000000001ff)
mkdir('/tmp/nimblecache', 0x00000000000001ff)
mkdir('/tmp/nimblecache/cligen_3331253240', 0x00000000000001ff)
unlink('/tmp/nimblecache/cligen_3331253240/cligen.ini')
unlink('/tmp/nimble_23620.out')
unlink('/tmp/nimble_23620/githubcom_cblakecligengit_0.9.32/cligen_23620.nims')
mkdir('/home', 0x00000000000001ff)
mkdir('/home/runner', 0x00000000000001ff)
mkdir('/home/runner/.nimble', 0x00000000000001ff)
mkdir('/home/runner/.nimble/pkgs', 0x00000000000001ff)
mkdir('/home/runner/.nimble/pkgs/cligen-1.0.0', 0x00000000000001ff)
mkdir('/home', 0x00000000000001ff)
mkdir('/home/runner', 0x00000000000001ff)
mkdir('/home/runner/.nimble', 0x00000000000001ff)
mkdir('/home/runner/.nimble/pkgs', 0x00000000000001ff)
mkdir('/home/runner/.nimble/pkgs/cligen-1.0.0', 0x00000000000001ff)
chmod('/home/runner/.nimble/pkgs/cligen-1.0.0/cligen.nim', 0x00000000000001a4)
mkdir('/home', 0x00000000000001ff)
mkdir('/home/runner', 0x00000000000001ff)
mkdir('/home/runner/.nimble', 0x00000000000001ff)
mkdir('/home/runner/.nimble/pkgs', 0x00000000000001ff)
mkdir('/home/runner/.nimble/pkgs/cligen-1.0.0', 0x00000000000001ff)
mkdir('/home/runner/.nimble/pkgs/cligen-1.0.0/cligen', 0x00000000000001ff)
chmod('/home/runner/.nimble/pkgs/cligen-1.0.0/cligen/trie.nim', 0x00000000000001a4)
mkdir('/home', 0x00000000000001ff)
mkdir('/home/runner', 0x00000000000001ff)
mkdir('/home/runner/.nimble', 0x00000000000001ff)
mkdir('/home/runner/.nimble/pkgs', 0x00000000000001ff)
mkdir('/home/runner/.nimble/pkgs/cligen-1.0.0', 0x00000000000001ff)
mkdir('/home/runner/.nimble/pkgs/cligen-1.0.0/cligen', 0x00000000000001ff)
chmod('/home/runner/.nimble/pkgs/cligen-1.0.0/cligen/sysUt.nim', 0x00000000000001a4)
mkdir('/home', 0x00000000000001ff)
mkdir('/home/runner', 0x00000000000001ff)
mkdir('/home/runner/.nimble', 0x00000000000001ff)
mkdir('/home/runner/.nimble/pkgs', 0x00000000000001ff)
mkdir('/home/runner/.nimble/pkgs/cligen-1.0.0', 0x00000000000001ff)
mkdir('/home/runner/.nimble/pkgs/cligen-1.0.0/cligen', 0x00000000000001ff)
chmod('/home/runner/.nimble/pkgs/cligen-1.0.0/cligen/argcvt.nim', 0x00000000000001a4)
mkdir('/home', 0x00000000000001ff)
mkdir('/home/runner', 0x00000000000001ff)
mkdir('/home/runner/.nimble', 0x00000000000001ff)
mkdir('/home/runner/.nimble/pkgs', 0x00000000000001ff)
mkdir('/home/runner/.nimble/pkgs/cligen-1.0.0', 0x00000000000001ff)
mkdir('/home/runner/.nimble/pkgs/cligen-1.0.0/cligen', 0x00000000000001ff)
chmod('/home/runner/.nimble/pkgs/cligen-1.0.0/cligen/macUt.nim', 0x00000000000001a4)
mkdir('/home', 0x00000000000001ff)
mkdir('/home/runner', 0x00000000000001ff)
mkdir('/home/runner/.nimble', 0x00000000000001ff)
mkdir('/home/runner/.nimble/pkgs', 0x00000000000001ff)
mkdir('/home/runner/.nimble/pkgs/cligen-1.0.0', 0x00000000000001ff)
mkdir('/home/runner/.nimble/pkgs/cligen-1.0.0/cligen', 0x00000000000001ff)
chmod('/home/runner/.nimble/pkgs/cligen-1.0.0/cligen/syntaxHelp.nim', 0x00000000000001a4)
mkdir('/home', 0x00000000000001ff)
mkdir('/home/runner', 0x00000000000001ff)
mkdir('/home/runner/.nimble', 0x00000000000001ff)
mkdir('/home/runner/.nimble/pkgs', 0x00000000000001ff)
mkdir('/home/runner/.nimble/pkgs/cligen-1.0.0', 0x00000000000001ff)
mkdir('/home/runner/.nimble/pkgs/cligen-1.0.0/cligen', 0x00000000000001ff)
chmod('/home/runner/.nimble/pkgs/cligen-1.0.0/cligen/humanUt.nim', 0x00000000000001a4)
mkdir('/home', 0x00000000000001ff)
mkdir('/home/runner', 0x00000000000001ff)
mkdir('/home/runner/.nimble', 0x00000000000001ff)
mkdir('/home/runner/.nimble/pkgs', 0x00000000000001ff)
mkdir('/home/runner/.nimble/pkgs/cligen-1.0.0', 0x00000000000001ff)
mkdir('/home/runner/.nimble/pkgs/cligen-1.0.0/cligen', 0x00000000000001ff)
chmod('/home/runner/.nimble/pkgs/cligen-1.0.0/cligen/mergeCfgEnv.nim', 0x00000000000001a4)
mkdir('/home', 0x00000000000001ff)
mkdir('/home/runner', 0x00000000000001ff)
mkdir('/home/runner/.nimble', 0x00000000000001ff)
mkdir('/home/runner/.nimble/pkgs', 0x00000000000001ff)
mkdir('/home/runner/.nimble/pkgs/cligen-1.0.0', 0x00000000000001ff)
mkdir('/home/runner/.nimble/pkgs/cligen-1.0.0/cligen', 0x00000000000001ff)
chmod('/home/runner/.nimble/pkgs/cligen-1.0.0/cligen/mfile.nim', 0x00000000000001a4)
mkdir('/home', 0x00000000000001ff)
mkdir('/home/runner', 0x00000000000001ff)
mkdir('/home/runner/.nimble', 0x00000000000001ff)
mkdir('/home/runner/.nimble/pkgs', 0x00000000000001ff)
mkdir('/home/runner/.nimble/pkgs/cligen-1.0.0', 0x00000000000001ff)
mkdir('/home/runner/.nimble/pkgs/cligen-1.0.0/cligen', 0x00000000000001ff)
chmod('/home/runner/.nimble/pkgs/cligen-1.0.0/cligen/fileUt.nim', 0x00000000000001a4)
mkdir('/home', 0x00000000000001ff)
mkdir('/home/runner', 0x00000000000001ff)
mkdir('/home/runner/.nimble', 0x00000000000001ff)
mkdir('/home/runner/.nimble/pkgs', 0x00000000000001ff)
mkdir('/home/runner/.nimble/pkgs/cligen-1.0.0', 0x00000000000001ff)
mkdir('/home/runner/.nimble/pkgs/cligen-1.0.0/cligen', 0x00000000000001ff)
chmod('/home/runner/.nimble/pkgs/cligen-1.0.0/cligen/gcarc.nim', 0x00000000000001a4)
mkdir('/home', 0x00000000000001ff)
mkdir('/home/runner', 0x00000000000001ff)
mkdir('/home/runner/.nimble', 0x00000000000001ff)
mkdir('/home/runner/.nimble/pkgs', 0x00000000000001ff)
mkdir('/home/runner/.nimble/pkgs/cligen-1.0.0', 0x00000000000001ff)
mkdir('/home/runner/.nimble/pkgs/cligen-1.0.0/cligen', 0x00000000000001ff)
chmod('/home/runner/.nimble/pkgs/cligen-1.0.0/cligen/strUt.nim', 0x00000000000001a4)
mkdir('/home', 0x00000000000001ff)
mkdir('/home/runner', 0x00000000000001ff)
mkdir('/home/runner/.nimble', 0x00000000000001ff)
mkdir('/home/runner/.nimble/pkgs', 0x00000000000001ff)
mkdir('/home/runner/.nimble/pkgs/cligen-1.0.0', 0x00000000000001ff)
mkdir('/home/runner/.nimble/pkgs/cligen-1.0.0/cligen', 0x00000000000001ff)    Copying file /tmp/nimble_23620/githubcom_cblakecligengit_0.9.32/cligen/cfUt.nim to /home/runner/.nimble/pkgs/cligen-1.0.0/cligen/cfUt.nim
    Copying file /tmp/nimble_23620/githubcom_cblakecligengit_0.9.32/cligen/statx.nim to /home/runner/.nimble/pkgs/cligen-1.0.0/cligen/statx.nim
    Copying file /tmp/nimble_23620/githubcom_cblakecligengit_0.9.32/cligen/mslice.nim to /home/runner/.nimble/pkgs/cligen-1.0.0/cligen/mslice.nim
    Copying file /tmp/nimble_23620/githubcom_cblakecligengit_0.9.32/cligen/mergeCfgEnvMulMul.nim to /home/runner/.nimble/pkgs/cligen-1.0.0/cligen/mergeCfgEnvMulMul.nim
    Copying file /tmp/nimble_23620/githubcom_cblakecligengit_0.9.32/cligen/tern.nim to /home/runner/.nimble/pkgs/cligen-1.0.0/cligen/tern.nim
    Copying file /tmp/nimble_23620/githubcom_cblakecligengit_0.9.32/cligen/unixUt.nim to /home/runner/.nimble/pkgs/cligen-1.0.0/cligen/unixUt.nim
    Copying file /tmp/nimble_23620/githubcom_cblakecligengit_0.9.32/cligen/parseopt3.nim to /home/runner/.nimble/pkgs/cligen-1.0.0/cligen/parseopt3.nim
    Copying file /tmp/nimble_23620/githubcom_cblakecligengit_0.9.32/cligen/tab.nim to /home/runner/.nimble/pkgs/cligen-1.0.0/cligen/tab.nim
    Copying file /tmp/nimble_23620/githubcom_cblakecligengit_0.9.32/cligen/helpTmpl.nim to /home/runner/.nimble/pkgs/cligen-1.0.0/cligen/helpTmpl.nim
    Copying file /tmp/nimble_23620/githubcom_cblakecligengit_0.9.32/cligen/magic.nim to /home/runner/.nimble/pkgs/cligen-1.0.0/cligen/magic.nim
    Copying file /tmp/nimble_23620/githubcom_cblakecligengit_0.9.32/cligen/textUt.nim to /home/runner/.nimble/pkgs/cligen-1.0.0/cligen/textUt.nim
    Copying file /tmp/nimble_23620/githubcom_cblakecligengit_0.9.32/cligen/clCfgToml.nim to /home/runner/.nimble/pkgs/cligen-1.0.0/cligen/clCfgToml.nim
    Copying file /tmp/nimble_23620/githubcom_cblakecligengit_0.9.32/cligen/mergeCfgEnvMulti.nim to /home/runner/.nimble/pkgs/cligen-1.0.0/cligen/mergeCfgEnvMulti.nim
    Copying file /tmp/nimble_23620/githubcom_cblakecligengit_0.9.32/cligen/osUt.nim to /home/runner/.nimble/pkgs/cligen-1.0.0/cligen/osUt.nim
    Copying file /tmp/nimble_23620/githubcom_cblakecligengit_0.9.32/cligen/clCfgInit.nim to /home/runner/.nimble/pkgs/cligen-1.0.0/cligen/clCfgInit.nim
    Copying file /tmp/nimble_23620/githubcom_cblakecligengit_0.9.32/cligen/abbrev.nim to /home/runner/.nimble/pkgs/cligen-1.0.0/cligen/abbrev.nim
    Copying file /tmp/nimble_23620/githubcom_cblakecligengit_0.9.32/cligen/posixUt.nim to /home/runner/.nimble/pkgs/cligen-1.0.0/cligen/posixUt.nim
    Copying file /tmp/nimble_23620/githubcom_cblakecligengit_0.9.32/cligen.nimble to /home/runner/.nimble/pkgs/cligen-1.0.0/cligen.nimble
   Success: cligen installed successfully.
       Info /home/runner/.nimble/pkgs/cligen-1.0.0/cligen_23620.nims(5, 22) Warning: imported and not used: 'strutils' [UnusedImport]
    Reading official package list
   Checking for markdown@>= 0.8.0
 Installing markdown@>= 0.8.0
    Reading official package list
Downloading https://github.com/soasme/nim-markdown using git
    Cloning latest tagged version: v0.8.1

chmod('/home/runner/.nimble/pkgs/cligen-1.0.0/cligen/cfUt.nim', 0x00000000000001a4)
mkdir('/home', 0x00000000000001ff)
mkdir('/home/runner', 0x00000000000001ff)
mkdir('/home/runner/.nimble', 0x00000000000001ff)
mkdir('/home/runner/.nimble/pkgs', 0x00000000000001ff)
mkdir('/home/runner/.nimble/pkgs/cligen-1.0.0', 0x00000000000001ff)
mkdir('/home/runner/.nimble/pkgs/cligen-1.0.0/cligen', 0x00000000000001ff)
chmod('/home/runner/.nimble/pkgs/cligen-1.0.0/cligen/statx.nim', 0x00000000000001a4)
mkdir('/home', 0x00000000000001ff)
mkdir('/home/runner', 0x00000000000001ff)
mkdir('/home/runner/.nimble', 0x00000000000001ff)
mkdir('/home/runner/.nimble/pkgs', 0x00000000000001ff)
mkdir('/home/runner/.nimble/pkgs/cligen-1.0.0', 0x00000000000001ff)
mkdir('/home/runner/.nimble/pkgs/cligen-1.0.0/cligen', 0x00000000000001ff)
chmod('/home/runner/.nimble/pkgs/cligen-1.0.0/cligen/mslice.nim', 0x00000000000001a4)
mkdir('/home', 0x00000000000001ff)
mkdir('/home/runner', 0x00000000000001ff)
mkdir('/home/runner/.nimble', 0x00000000000001ff)
mkdir('/home/runner/.nimble/pkgs', 0x00000000000001ff)
mkdir('/home/runner/.nimble/pkgs/cligen-1.0.0', 0x00000000000001ff)
mkdir('/home/runner/.nimble/pkgs/cligen-1.0.0/cligen', 0x00000000000001ff)
chmod('/home/runner/.nimble/pkgs/cligen-1.0.0/cligen/mergeCfgEnvMulMul.nim', 0x00000000000001a4)
mkdir('/home', 0x00000000000001ff)
mkdir('/home/runner', 0x00000000000001ff)
mkdir('/home/runner/.nimble', 0x00000000000001ff)
mkdir('/home/runner/.nimble/pkgs', 0x00000000000001ff)
mkdir('/home/runner/.nimble/pkgs/cligen-1.0.0', 0x00000000000001ff)
mkdir('/home/runner/.nimble/pkgs/cligen-1.0.0/cligen', 0x00000000000001ff)
chmod('/home/runner/.nimble/pkgs/cligen-1.0.0/cligen/tern.nim', 0x00000000000001a4)
mkdir('/home', 0x00000000000001ff)
mkdir('/home/runner', 0x00000000000001ff)
mkdir('/home/runner/.nimble', 0x00000000000001ff)
mkdir('/home/runner/.nimble/pkgs', 0x00000000000001ff)
mkdir('/home/runner/.nimble/pkgs/cligen-1.0.0', 0x00000000000001ff)
mkdir('/home/runner/.nimble/pkgs/cligen-1.0.0/cligen', 0x00000000000001ff)
chmod('/home/runner/.nimble/pkgs/cligen-1.0.0/cligen/unixUt.nim', 0x00000000000001a4)
mkdir('/home', 0x00000000000001ff)
mkdir('/home/runner', 0x00000000000001ff)
mkdir('/home/runner/.nimble', 0x00000000000001ff)
mkdir('/home/runner/.nimble/pkgs', 0x00000000000001ff)
mkdir('/home/runner/.nimble/pkgs/cligen-1.0.0', 0x00000000000001ff)
mkdir('/home/runner/.nimble/pkgs/cligen-1.0.0/cligen', 0x00000000000001ff)
chmod('/home/runner/.nimble/pkgs/cligen-1.0.0/cligen/parseopt3.nim', 0x00000000000001a4)
mkdir('/home', 0x00000000000001ff)
mkdir('/home/runner', 0x00000000000001ff)
mkdir('/home/runner/.nimble', 0x00000000000001ff)
mkdir('/home/runner/.nimble/pkgs', 0x00000000000001ff)
mkdir('/home/runner/.nimble/pkgs/cligen-1.0.0', 0x00000000000001ff)
mkdir('/home/runner/.nimble/pkgs/cligen-1.0.0/cligen', 0x00000000000001ff)
chmod('/home/runner/.nimble/pkgs/cligen-1.0.0/cligen/tab.nim', 0x00000000000001a4)
mkdir('/home', 0x00000000000001ff)
mkdir('/home/runner', 0x00000000000001ff)
mkdir('/home/runner/.nimble', 0x00000000000001ff)
mkdir('/home/runner/.nimble/pkgs', 0x00000000000001ff)
mkdir('/home/runner/.nimble/pkgs/cligen-1.0.0', 0x00000000000001ff)
mkdir('/home/runner/.nimble/pkgs/cligen-1.0.0/cligen', 0x00000000000001ff)
chmod('/home/runner/.nimble/pkgs/cligen-1.0.0/cligen/helpTmpl.nim', 0x00000000000001a4)
mkdir('/home', 0x00000000000001ff)
mkdir('/home/runner', 0x00000000000001ff)
mkdir('/home/runner/.nimble', 0x00000000000001ff)
mkdir('/home/runner/.nimble/pkgs', 0x00000000000001ff)
mkdir('/home/runner/.nimble/pkgs/cligen-1.0.0', 0x00000000000001ff)
mkdir('/home/runner/.nimble/pkgs/cligen-1.0.0/cligen', 0x00000000000001ff)
chmod('/home/runner/.nimble/pkgs/cligen-1.0.0/cligen/magic.nim', 0x00000000000001a4)
mkdir('/home', 0x00000000000001ff)
mkdir('/home/runner', 0x00000000000001ff)
mkdir('/home/runner/.nimble', 0x00000000000001ff)
mkdir('/home/runner/.nimble/pkgs', 0x00000000000001ff)
mkdir('/home/runner/.nimble/pkgs/cligen-1.0.0', 0x00000000000001ff)
mkdir('/home/runner/.nimble/pkgs/cligen-1.0.0/cligen', 0x00000000000001ff)
chmod('/home/runner/.nimble/pkgs/cligen-1.0.0/cligen/textUt.nim', 0x00000000000001a4)
mkdir('/home', 0x00000000000001ff)
mkdir('/home/runner', 0x00000000000001ff)
mkdir('/home/runner/.nimble', 0x00000000000001ff)
mkdir('/home/runner/.nimble/pkgs', 0x00000000000001ff)
mkdir('/home/runner/.nimble/pkgs/cligen-1.0.0', 0x00000000000001ff)
mkdir('/home/runner/.nimble/pkgs/cligen-1.0.0/cligen', 0x00000000000001ff)
chmod('/home/runner/.nimble/pkgs/cligen-1.0.0/cligen/clCfgToml.nim', 0x00000000000001a4)
mkdir('/home', 0x00000000000001ff)
mkdir('/home/runner', 0x00000000000001ff)
mkdir('/home/runner/.nimble', 0x00000000000001ff)
mkdir('/home/runner/.nimble/pkgs', 0x00000000000001ff)
mkdir('/home/runner/.nimble/pkgs/cligen-1.0.0', 0x00000000000001ff)
mkdir('/home/runner/.nimble/pkgs/cligen-1.0.0/cligen', 0x00000000000001ff)
chmod('/home/runner/.nimble/pkgs/cligen-1.0.0/cligen/mergeCfgEnvMulti.nim', 0x00000000000001a4)
mkdir('/home', 0x00000000000001ff)
mkdir('/home/runner', 0x00000000000001ff)
mkdir('/home/runner/.nimble', 0x00000000000001ff)
mkdir('/home/runner/.nimble/pkgs', 0x00000000000001ff)
mkdir('/home/runner/.nimble/pkgs/cligen-1.0.0', 0x00000000000001ff)
mkdir('/home/runner/.nimble/pkgs/cligen-1.0.0/cligen', 0x00000000000001ff)
chmod('/home/runner/.nimble/pkgs/cligen-1.0.0/cligen/osUt.nim', 0x00000000000001a4)
mkdir('/home', 0x00000000000001ff)
mkdir('/home/runner', 0x00000000000001ff)
mkdir('/home/runner/.nimble', 0x00000000000001ff)
mkdir('/home/runner/.nimble/pkgs', 0x00000000000001ff)
mkdir('/home/runner/.nimble/pkgs/cligen-1.0.0', 0x00000000000001ff)
mkdir('/home/runner/.nimble/pkgs/cligen-1.0.0/cligen', 0x00000000000001ff)
chmod('/home/runner/.nimble/pkgs/cligen-1.0.0/cligen/clCfgInit.nim', 0x00000000000001a4)
mkdir('/home', 0x00000000000001ff)
mkdir('/home/runner', 0x00000000000001ff)
mkdir('/home/runner/.nimble', 0x00000000000001ff)
mkdir('/home/runner/.nimble/pkgs', 0x00000000000001ff)
mkdir('/home/runner/.nimble/pkgs/cligen-1.0.0', 0x00000000000001ff)
mkdir('/home/runner/.nimble/pkgs/cligen-1.0.0/cligen', 0x00000000000001ff)
chmod('/home/runner/.nimble/pkgs/cligen-1.0.0/cligen/abbrev.nim', 0x00000000000001a4)
mkdir('/home', 0x00000000000001ff)
mkdir('/home/runner', 0x00000000000001ff)
mkdir('/home/runner/.nimble', 0x00000000000001ff)
mkdir('/home/runner/.nimble/pkgs', 0x00000000000001ff)
mkdir('/home/runner/.nimble/pkgs/cligen-1.0.0', 0x00000000000001ff)
mkdir('/home/runner/.nimble/pkgs/cligen-1.0.0/cligen', 0x00000000000001ff)
chmod('/home/runner/.nimble/pkgs/cligen-1.0.0/cligen/posixUt.nim', 0x00000000000001a4)
chmod('/home/runner/.nimble/pkgs/cligen-1.0.0/cligen.nimble', 0x00000000000001a4)
mkdir('/tmp', 0x00000000000001ff)
mkdir('/tmp/nimblecache', 0x00000000000001ff)
mkdir('/tmp/nimblecache/cligen_653939757', 0x00000000000001ff)
unlink('/tmp/nimblecache/cligen_653939757/cligen.ini')
unlink('/tmp/nimble_23620.out')
unlink('/home/runner/.nimble/pkgs/cligen-1.0.0/cligen_23620.nims')
mkdir('/tmp', 0x00000000000001ff)
mkdir('/tmp/nimble_23620', 0x00000000000001ff)
mkdir('/tmp/nimble_23620/githubcom_soasmenimmarkdown_0.8.0', 0x00000000000001ff)
rmdir('/tmp/nimble_23620/githubcom_soasmenimmarkdown_0.8.0')
mkdir('/tmp/nimble_23620/githubcom_soasmenimmarkdown_0.8.0', 0x00000000000001ff)
mkdir('/tmp/nimble_23620/githubcom_soasmenimmarkdown_0.8.0/.git', 0x00000000000001ff)
mkdir('/tmp/nimble_23620/githubcom_soasmenimmarkdown_0.8.0/.git/', 0x00000000000001ff)
mkdir('/tmp/nimble_23620/githubcom_soasmenimmarkdown_0.8.0/.git/info/', 0x00000000000001ff)
mkdir('/tmp/nimble_23620/githubcom_soasmenimmarkdown_0.8.0/.git/branches/', 0x00000000000001ff)
mkdir('/tmp/nimble_23620/githubcom_soasmenimmarkdown_0.8.0/.git/hooks/', 0x00000000000001ff)
mkdir('/tmp/nimble_23620/githubcom_soasmenimmarkdown_0.8.0/.git/refs', 0x00000000000001ff)
mkdir('/tmp/nimble_23620/githubcom_soasmenimmarkdown_0.8.0/.git/refs/heads', 0x00000000000001ff)
mkdir('/tmp/nimble_23620/githubcom_soasmenimmarkdown_0.8.0/.git/refs/tags', 0x00000000000001ff)
rename('/tmp/nimble_23620/githubcom_soasmenimmarkdown_0.8.0/.git/HEAD.lock', '/tmp/nimble_23620/githubcom_soasmenimmarkdown_0.8.0/.git/HEAD')
rename('/tmp/nimble_23620/githubcom_soasmenimmarkdown_0.8.0/.git/config.lock', '/tmp/nimble_23620/githubcom_soasmenimmarkdown_0.8.0/.git/config')
chmod('/tmp/nimble_23620/githubcom_soasmenimmarkdown_0.8.0/.git/config', 0x00000000000081e4)
chmod('/tmp/nimble_23620/githubcom_soasmenimmarkdown_0.8.0/.git/config', 0x00000000000081a4)
chmod('/tmp/nimble_23620/githubcom_soasmenimmarkdown_0.8.0/.git/config.lock', 0x00000000000001a4)
rename('/tmp/nimble_23620/githubcom_soasmenimmarkdown_0.8.0/.git/config.lock', '/tmp/nimble_23620/githubcom_soasmenimmarkdown_0.8.0/.git/config')
chmod('/tmp/nimble_23620/githubcom_soasmenimmarkdown_0.8.0/.git/config.lock', 0x00000000000001a4)
rename('/tmp/nimble_23620/githubcom_soasmenimmarkdown_0.8.0/.git/config.lock', '/tmp/nimble_23620/githubcom_soasmenimmarkdown_0.8.0/.git/config')
chmod('/tmp/nimble_23620/githubcom_soasmenimmarkdown_0.8.0/.git/config.lock', 0x00000000000001a4)
rename('/tmp/nimble_23620/githubcom_soasmenimmarkdown_0.8.0/.git/config.lock', '/tmp/nimble_23620/githubcom_soasmenimmarkdown_0.8.0/.git/config')
unlink('/tmp/nimble_23620/githubcom_soasmenimmarkdown_0.8.0/.git/tdkd7so')
symlink('testing', '/tmp/nimble_23620/githubcom_soasmenimmarkdown_0.8.0/.git/tdkd7so')
unlink('/tmp/nimble_23620/githubcom_soasmenimmarkdown_0.8.0/.git/tdkd7so')
mkdir('/tmp/nimble_23620/githubcom_soasmenimmarkdown_0.8.0/.git/objects', 0x00000000000001ff)
mkdir('/tmp/nimble_23620/githubcom_soasmenimmarkdown_0.8.0/.git/objects/pack', 0x00000000000001ff)
mkdir('/tmp/nimble_23620/githubcom_soasmenimmarkdown_0.8.0/.git/objects/info', 0x00000000000001ff)
chmod('/tmp/nimble_23620/githubcom_soasmenimmarkdown_0.8.0/.git/config.lock', 0x00000000000001a4)
rename('/tmp/nimble_23620/githubcom_soasmenimmarkdown_0.8.0/.git/config.lock', '/tmp/nimble_23620/githubcom_soasmenimmarkdown_0.8.0/.git/config')
chmod('/tmp/nimble_23620/githubcom_soasmenimmarkdown_0.8.0/.git/config.lock', 0x00000000000001a4)
rename('/tmp/nimble_23620/githubcom_soasmenimmarkdown_0.8.0/.git/config.lock', '/tmp/nimble_23620/githubcom_soasmenimmarkdown_0.8.0/.git/config')
chmod('/tmp/nimble_23620/githubcom_soasmenimmarkdown_0.8.0/.git/config.lock', 0x00000000000001a4)
rename('/tmp/nimble_23620/githubcom_soasmenimmarkdown_0.8.0/.git/config.lock', '/tmp/nimble_23620/githubcom_soasmenimmarkdown_0.8.0/.git/config')
mkdir('/tmp/nimble_23620/githubcom_soasmenimmarkdown_0.8.0/.git/objects/ab', 0x00000000000001ff)
link('/tmp/nimble_23620/githubcom_soasmenimmarkdown_0.8.0/.git/objects/ab/tmp_obj_unqKGg', '/tmp/nimble_23620/githubcom_soasmenimmarkdown_0.8.0/.git/objects/ab/dbe5e0eac357744c8844d3dc040f9685f1b1a6')
unlink('/tmp/nimble_23620/githubcom_soasmenimmarkdown_0.8.0/.git/objects/ab/tmp_obj_unqKGg')
mkdir('/tmp/nimble_23620/githubcom_soasmenimmarkdown_0.8.0/.git/objects/23', 0x00000000000001ff)
link('/tmp/nimble_23620/githubcom_soasmenimmarkdown_0.8.0/.git/objects/23/tmp_obj_3izS7a', '/tmp/nimble_23620/githubcom_soasmenimmarkdown_0.8.0/.git/objects/23/3d1e045122bd8dfb0bfe9efa164026d556065e')
unlink('/tmp/nimble_23620/githubcom_soasmenimmarkdown_0.8.0/.git/objects/23/tmp_obj_3izS7a')
mkdir('/tmp/nimble_23620/githubcom_soasmenimmarkdown_0.8.0/.git/objects/5e', 0x00000000000001ff)
link('/tmp/nimble_23620/githubcom_soasmenimmarkdown_0.8.0/.git/objects/5e/tmp_obj_zFEZWf', '/tmp/nimble_23620/githubcom_soasmenimmarkdown_0.8.0/.git/objects/5e/afcddb8b9c31dcd85fb503c4771da733641996')
unlink('/tmp/nimble_23620/githubcom_soasmenimmarkdown_0.8.0/.git/objects/5e/tmp_obj_zFEZWf')
mkdir('/tmp/nimble_23620/githubcom_soasmenimmarkdown_0.8.0/.git/objects/50', 0x00000000000001ff)
link('/tmp/nimble_23620/githubcom_soasmenimmarkdown_0.8.0/.git/objects/50/tmp_obj_VwQGDj', '/tmp/nimble_23620/githubcom_soasmenimmarkdown_0.8.0/.git/objects/50/b071f002187938fa977b135c74d79b8075d8f9')
unlink('/tmp/nimble_23620/githubcom_soasmenimmarkdown_0.8.0/.git/objects/50/tmp_obj_VwQGDj')
mkdir('/tmp/nimble_23620/githubcom_soasmenimmarkdown_0.8.0/.git/objects/29', 0x00000000000001ff)
link('/tmp/nimble_23620/githubcom_soasmenimmarkdown_0.8.0/.git/objects/29/tmp_obj_PJQoqq', '/tmp/nimble_23620/githubcom_soasmenimmarkdown_0.8.0/.git/objects/29/20343f3f865270b5dc490a653a2953535d2f93')
unlink('/tmp/nimble_23620/githubcom_soasmenimmarkdown_0.8.0/.git/objects/29/tmp_obj_PJQoqq')
mkdir('/tmp/nimble_23620/githubcom_soasmenimmarkdown_0.8.0/.git/objects/34', 0x00000000000001ff)
link('/tmp/nimble_23620/githubcom_soasmenimmarkdown_0.8.0/.git/objects/34/tmp_obj_PDV2su', '/tmp/nimble_23620/githubcom_soasmenimmarkdown_0.8.0/.git/objects/34/d174eb8e6d803dca228649f941cd15151cd537')
unlink('/tmp/nimble_23620/githubcom_soasmenimmarkdown_0.8.0/.git/objects/34/tmp_obj_PDV2su')
mkdir('/tmp/nimble_23620/githubcom_soasmenimmarkdown_0.8.0/.git/objects/02', 0x00000000000001ff)
link('/tmp/nimble_23620/githubcom_soasmenimmarkdown_0.8.0/.git/objects/02/tmp_obj_F4xSpw', '/tmp/nimble_23620/githubcom_soasmenimmarkdown_0.8.0/.git/objects/02/9b1986dd773a58b44921d20dfc3eb95c1b8932')
unlink('/tmp/nimble_23620/githubcom_soasmenimmarkdown_0.8.0/.git/objects/02/tmp_obj_F4xSpw')
mkdir('/tmp/nimble_23620/githubcom_soasmenimmarkdown_0.8.0/.git/objects/bd', 0x00000000000001ff)
link('/tmp/nimble_23620/githubcom_soasmenimmarkdown_0.8.0/.git/objects/bd/tmp_obj_xO3fkA', '/tmp/nimble_23620/githubcom_soasmenimmarkdown_0.8.0/.git/objects/bd/b009bf0c13d50a7c5e04542e3cfd06dd3b69a5')
unlink('/tmp/nimble_23620/githubcom_soasmenimmarkdown_0.8.0/.git/objects/bd/tmp_obj_xO3fkA')
mkdir('/tmp/nimble_23620/githubcom_soasmenimmarkdown_0.8.0/.git/objects/33', 0x00000000000001ff)
link('/tmp/nimble_23620/githubcom_soasmenimmarkdown_0.8.0/.git/objects/33/tmp_obj_HXrXWF', '/tmp/nimble_23620/githubcom_soasmenimmarkdown_0.8.0/.git/objects/33/b79494a8f518165078939dcafdeee4bbbc8003')
unlink('/tmp/nimble_23620/githubcom_soasmenimmarkdown_0.8.0/.git/objects/33/tmp_obj_HXrXWF')
mkdir('/tmp/nimble_23620/githubcom_soasmenimmarkdown_0.8.0/.git/objects/6c', 0x00000000000001ff)
link('/tmp/nimble_23620/githubcom_soasmenimmarkdown_0.8.0/.git/objects/6c/tmp_obj_b7cJ8H', '/tmp/nimble_23620/githubcom_soasmenimmarkdown_0.8.0/.git/objects/6c/b92bf1121e7301b713626870c9df0806b9f992')
unlink('/tmp/nimble_23620/githubcom_soasmenimmarkdown_0.8.0/.git/objects/6c/tmp_obj_b7cJ8H')
mkdir('/tmp/nimble_23620/githubcom_soasmenimmarkdown_0.8.0/.git/objects/9c', 0x00000000000001ff)
link('/tmp/nimble_23620/githubcom_soasmenimmarkdown_0.8.0/.git/objects/9c/tmp_obj_xGZZ3L', '/tmp/nimble_23620/githubcom_soasmenimmarkdown_0.8.0/.git/objects/9c/416355ad36bd2019e5b0007ff442f31577932b')
unlink('/tmp/nimble_23620/githubcom_soasmenimmarkdown_0.8.0/.git/objects/9c/tmp_obj_xGZZ3L')
mkdir('/tmp/nimble_23620/githubcom_soasmenimmarkdown_0.8.0/.git/objects/dd', 0x00000000000001ff)
link('/tmp/nimble_23620/githubcom_soasmenimmarkdown_0.8.0/.git/objects/dd/tmp_obj_5rDSRQ', '/tmp/nimble_23620/githubcom_soasmenimmarkdown_0.8.0/.git/objects/dd/fba8767cf8b54d2e01a1d5d77e953eeee75c4c')
unlink('/tmp/nimble_23620/githubcom_soasmenimmarkdown_0.8.0/.git/objects/dd/tmp_obj_5rDSRQ')
mkdir('/tmp/nimble_23620/githubcom_soasmenimmarkdown_0.8.0/.git/objects/b9', 0x00000000000001ff)
link('/tmp/nimble_23620/githubcom_soasmenimmarkdown_0.8.0/.git/objects/b9/tmp_obj_15AUoW', '/tmp/nimble_23620/githubcom_soasmenimmarkdown_0.8.0/.git/objects/b9/4ab88ce714c9897d763fcdd4e114312240ba8f')
unlink('/tmp/nimble_23620/githubcom_soasmenimmarkdown_0.8.0/.git/objects/b9/tmp_obj_15AUoW')
mkdir('/tmp/nimble_23620/githubcom_soasmenimmarkdown_0.8.0/.git/objects/88', 0x00000000000001ff)
link('/tmp/nimble_23620/githubcom_soasmenimmarkdown_0.8.0/.git/objects/88/tmp_obj_3A8Dp1', '/tmp/nimble_23620/githubcom_soasmenimmarkdown_0.8.0/.git/objects/88/694e4e86ad636f1bd4abecc1ffb4cdd1d130ae')
unlink('/tmp/nimble_23620/githubcom_soasmenimmarkdown_0.8.0/.git/objects/88/tmp_obj_3A8Dp1')
mkdir('/tmp/nimble_23620/githubcom_soasmenimmarkdown_0.8.0/.git/objects/65', 0x00000000000001ff)
link('/tmp/nimble_23620/githubcom_soasmenimmarkdown_0.8.0/.git/objects/65/tmp_obj_hckWB4', '/tmp/nimble_23620/githubcom_soasmenimmarkdown_0.8.0/.git/objects/65/9176bc67295448529aa6438f8c44b4ee199796')
unlink('/tmp/nimble_23620/githubcom_soasmenimmarkdown_0.8.0/.git/objects/65/tmp_obj_hckWB4')
mkdir('/tmp/nimble_23620/githubcom_soasmenimmarkdown_0.8.0/.git/objects/2f', 0x00000000000001ff)  Verifying dependencies for markdown@0.8.0
 Installing markdown@0.8.0
   Building markdown/markdown using c backend
  Executing "/home/runner/.nimble/bin/nim" c --noNimblePath -d:NimblePkgVersion=0.8.0 -d:release -o:"/tmp/nimble_23620/githubcom_soasmenimmarkdown_0.8.0/markdown" "/tmp/nimble_23620/githubcom_soasmenimmarkdown_0.8.0/src/markdown.nim"

link('/tmp/nimble_23620/githubcom_soasmenimmarkdown_0.8.0/.git/objects/2f/tmp_obj_ZKSc98', '/tmp/nimble_23620/githubcom_soasmenimmarkdown_0.8.0/.git/objects/2f/7efbeab578c8042531ea7908ee8ffd7589fe46')
unlink('/tmp/nimble_23620/githubcom_soasmenimmarkdown_0.8.0/.git/objects/2f/tmp_obj_ZKSc98')
mkdir('/tmp/nimble_23620/githubcom_soasmenimmarkdown_0.8.0/.git/objects/81', 0x00000000000001ff)
link('/tmp/nimble_23620/githubcom_soasmenimmarkdown_0.8.0/.git/objects/81/tmp_obj_FIoT9d', '/tmp/nimble_23620/githubcom_soasmenimmarkdown_0.8.0/.git/objects/81/d20cae1d8f69b960a33529030216c04e2bf489')
unlink('/tmp/nimble_23620/githubcom_soasmenimmarkdown_0.8.0/.git/objects/81/tmp_obj_FIoT9d')
mkdir('/tmp/nimble_23620/githubcom_soasmenimmarkdown_0.8.0/.git/objects/f9', 0x00000000000001ff)
link('/tmp/nimble_23620/githubcom_soasmenimmarkdown_0.8.0/.git/objects/f9/tmp_obj_ysmzsb', '/tmp/nimble_23620/githubcom_soasmenimmarkdown_0.8.0/.git/objects/f9/368ba5e1f47a85dfbe6ed7aafc94fc2e7dfa74')
unlink('/tmp/nimble_23620/githubcom_soasmenimmarkdown_0.8.0/.git/objects/f9/tmp_obj_ysmzsb')
mkdir('/tmp/nimble_23620/githubcom_soasmenimmarkdown_0.8.0/.git/objects/ba', 0x00000000000001ff)
link('/tmp/nimble_23620/githubcom_soasmenimmarkdown_0.8.0/.git/objects/ba/tmp_obj_ysiZqj', '/tmp/nimble_23620/githubcom_soasmenimmarkdown_0.8.0/.git/objects/ba/8f8bcaf4f2ff83652f2cfcfb1880b3e5ace4cd')
unlink('/tmp/nimble_23620/githubcom_soasmenimmarkdown_0.8.0/.git/objects/ba/tmp_obj_ysiZqj')
mkdir('/tmp/nimble_23620/githubcom_soasmenimmarkdown_0.8.0/.git/objects/76', 0x00000000000001ff)
link('/tmp/nimble_23620/githubcom_soasmenimmarkdown_0.8.0/.git/objects/76/tmp_obj_YZy6ak', '/tmp/nimble_23620/githubcom_soasmenimmarkdown_0.8.0/.git/objects/76/2824ce3e3b338fce151d8fe77bba185fcbbcf7')
unlink('/tmp/nimble_23620/githubcom_soasmenimmarkdown_0.8.0/.git/objects/76/tmp_obj_YZy6ak')
mkdir('/tmp/nimble_23620/githubcom_soasmenimmarkdown_0.8.0/.git/objects/07', 0x00000000000001ff)
link('/tmp/nimble_23620/githubcom_soasmenimmarkdown_0.8.0/.git/objects/07/tmp_obj_6jFjWo', '/tmp/nimble_23620/githubcom_soasmenimmarkdown_0.8.0/.git/objects/07/81cf8c9cdee7b5194d1f52391d455747995e8b')
unlink('/tmp/nimble_23620/githubcom_soasmenimmarkdown_0.8.0/.git/objects/07/tmp_obj_6jFjWo')
mkdir('/tmp/nimble_23620/githubcom_soasmenimmarkdown_0.8.0/.git/objects/0b', 0x00000000000001ff)
link('/tmp/nimble_23620/githubcom_soasmenimmarkdown_0.8.0/.git/objects/0b/tmp_obj_Injehx', '/tmp/nimble_23620/githubcom_soasmenimmarkdown_0.8.0/.git/objects/0b/38ee747c01c709b901eaa142ce8935c9b79cb5')
unlink('/tmp/nimble_23620/githubcom_soasmenimmarkdown_0.8.0/.git/objects/0b/tmp_obj_Injehx')
mkdir('/tmp/nimble_23620/githubcom_soasmenimmarkdown_0.8.0/.git/objects/22', 0x00000000000001ff)
link('/tmp/nimble_23620/githubcom_soasmenimmarkdown_0.8.0/.git/objects/22/tmp_obj_8qC8hA', '/tmp/nimble_23620/githubcom_soasmenimmarkdown_0.8.0/.git/objects/22/2fee42f472d4bf62cbeefac7a65240baa82476')
unlink('/tmp/nimble_23620/githubcom_soasmenimmarkdown_0.8.0/.git/objects/22/tmp_obj_8qC8hA')
mkdir('/tmp/nimble_23620/githubcom_soasmenimmarkdown_0.8.0/.git/objects/72', 0x00000000000001ff)
link('/tmp/nimble_23620/githubcom_soasmenimmarkdown_0.8.0/.git/objects/72/tmp_obj_ymrL4E', '/tmp/nimble_23620/githubcom_soasmenimmarkdown_0.8.0/.git/objects/72/51cd44137c9305e5891377d9cfb74cac81949f')
unlink('/tmp/nimble_23620/githubcom_soasmenimmarkdown_0.8.0/.git/objects/72/tmp_obj_ymrL4E')
mkdir('/tmp/nimble_23620/githubcom_soasmenimmarkdown_0.8.0/.git/objects/f5', 0x00000000000001ff)
link('/tmp/nimble_23620/githubcom_soasmenimmarkdown_0.8.0/.git/objects/f5/tmp_obj_oZtr9H', '/tmp/nimble_23620/githubcom_soasmenimmarkdown_0.8.0/.git/objects/f5/91597b03e6e013dcc81cd2e7523de9c687258b')
unlink('/tmp/nimble_23620/githubcom_soasmenimmarkdown_0.8.0/.git/objects/f5/tmp_obj_oZtr9H')
mkdir('/tmp/nimble_23620/githubcom_soasmenimmarkdown_0.8.0/.git/objects/77', 0x00000000000001ff)
link('/tmp/nimble_23620/githubcom_soasmenimmarkdown_0.8.0/.git/objects/77/tmp_obj_wpLwcN', '/tmp/nimble_23620/githubcom_soasmenimmarkdown_0.8.0/.git/objects/77/a8dd32560dece911b0d4e505047249489b5cea')
unlink('/tmp/nimble_23620/githubcom_soasmenimmarkdown_0.8.0/.git/objects/77/tmp_obj_wpLwcN')
mkdir('/tmp/nimble_23620/githubcom_soasmenimmarkdown_0.8.0/.git/objects/7c', 0x00000000000001ff)
link('/tmp/nimble_23620/githubcom_soasmenimmarkdown_0.8.0/.git/objects/7c/tmp_obj_InlbtM', '/tmp/nimble_23620/githubcom_soasmenimmarkdown_0.8.0/.git/objects/7c/b45190e9310f91939a1e96cfacb4db646b1a77')
unlink('/tmp/nimble_23620/githubcom_soasmenimmarkdown_0.8.0/.git/objects/7c/tmp_obj_InlbtM')
mkdir('/tmp/nimble_23620/githubcom_soasmenimmarkdown_0.8.0/.git/objects/aa', 0x00000000000001ff)
link('/tmp/nimble_23620/githubcom_soasmenimmarkdown_0.8.0/.git/objects/aa/tmp_obj_K2vKFS', '/tmp/nimble_23620/githubcom_soasmenimmarkdown_0.8.0/.git/objects/aa/5fd6f38be21087f218f553a333f203cd05cdf0')
unlink('/tmp/nimble_23620/githubcom_soasmenimmarkdown_0.8.0/.git/objects/aa/tmp_obj_K2vKFS')
rename('/tmp/nimble_23620/githubcom_soasmenimmarkdown_0.8.0/.git/shallow.lock', '/tmp/nimble_23620/githubcom_soasmenimmarkdown_0.8.0/.git/shallow')
rename('/tmp/nimble_23620/githubcom_soasmenimmarkdown_0.8.0/.git/packed-refs.new', '/tmp/nimble_23620/githubcom_soasmenimmarkdown_0.8.0/.git/packed-refs')
unlink('/tmp/nimble_23620/githubcom_soasmenimmarkdown_0.8.0/.git/packed-refs.lock')
unlink('/tmp/nimble_23620/githubcom_soasmenimmarkdown_0.8.0/.git/refs/tags/v0.8.1.lock')
mkdir('/tmp/nimble_23620/githubcom_soasmenimmarkdown_0.8.0/.git/logs', 0x00000000000001ff)
rename('/tmp/nimble_23620/githubcom_soasmenimmarkdown_0.8.0/.git/HEAD.lock', '/tmp/nimble_23620/githubcom_soasmenimmarkdown_0.8.0/.git/HEAD')
mkdir('.vscode', 0x00000000000001ff)
mkdir('docs', 0x00000000000001ff)
mkdir('docs/markdownpkg', 0x00000000000001ff)
mkdir('src', 0x00000000000001ff)
mkdir('src/markdownpkg', 0x00000000000001ff)
mkdir('tests', 0x00000000000001ff)
mkdir('tests/fixtures', 0x00000000000001ff)
rename('/tmp/nimble_23620/githubcom_soasmenimmarkdown_0.8.0/.git/index.lock', '/tmp/nimble_23620/githubcom_soasmenimmarkdown_0.8.0/.git/index')
mkdir('/tmp', 0x00000000000001ff)
mkdir('/tmp/nimblecache', 0x00000000000001ff)
mkdir('/tmp/nimblecache/markdown_1323790565', 0x00000000000001ff)
unlink('/tmp/nimblecache/markdown_1323790565/markdown.ini')
unlink('/tmp/nimble_23620.out')
unlink('/tmp/nimble_23620/githubcom_soasmenimmarkdown_0.8.0/markdown_23620.nims')
mkdir('/home', 0x00000000000001ff)
mkdir('/home/runner', 0x00000000000001ff)
mkdir('/home/runner/.cache', 0x00000000000001ff)
mkdir('/home/runner/.cache/nim', 0x00000000000001ff)
mkdir('/home/runner/.cache/nim/markdown_r', 0x00000000000001ff)
mkdir('/home', 0x00000000000001ff)
mkdir('/home/runner', 0x00000000000001ff)
mkdir('/home/runner/.cache', 0x00000000000001ff)
mkdir('/home/runner/.cache/nim', 0x00000000000001ff)
mkdir('/home/runner/.cache/nim/markdown_r', 0x00000000000001ff)
mkdir('/home', 0x00000000000001ff)
mkdir('/home/runner', 0x00000000000001ff)
mkdir('/home/runner/.cache', 0x00000000000001ff)
mkdir('/home/runner/.cache/nim', 0x00000000000001ff)
mkdir('/home/runner/.cache/nim/markdown_r', 0x00000000000001ff)
mkdir('/home', 0x00000000000001ff)
mkdir('/home/runner', 0x00000000000001ff)
mkdir('/home/runner/.cache', 0x00000000000001ff)
mkdir('/home/runner/.cache/nim', 0x00000000000001ff)
mkdir('/home/runner/.cache/nim/markdown_r', 0x00000000000001ff)
mkdir('/home', 0x00000000000001ff)
mkdir('/home/runner', 0x00000000000001ff)
mkdir('/home/runner/.cache', 0x00000000000001ff)
mkdir('/home/runner/.cache/nim', 0x00000000000001ff)
mkdir('/home/runner/.cache/nim/markdown_r', 0x00000000000001ff)
mkdir('/home', 0x00000000000001ff)
mkdir('/home/runner', 0x00000000000001ff)
mkdir('/home/runner/.cache', 0x00000000000001ff)
mkdir('/home/runner/.cache/nim', 0x00000000000001ff)
mkdir('/home/runner/.cache/nim/markdown_r', 0x00000000000001ff)
mkdir('/home', 0x00000000000001ff)
mkdir('/home/runner', 0x00000000000001ff)
mkdir('/home/runner/.cache', 0x00000000000001ff)
mkdir('/home/runner/.cache/nim', 0x00000000000001ff)
mkdir('/home/runner/.cache/nim/markdown_r', 0x00000000000001ff)
mkdir('/home', 0x00000000000001ff)
mkdir('/home/runner', 0x00000000000001ff)
mkdir('/home/runner/.cache', 0x00000000000001ff)
mkdir('/home/runner/.cache/nim', 0x00000000000001ff)
mkdir('/home/runner/.cache/nim/markdown_r', 0x00000000000001ff)
mkdir('/home', 0x00000000000001ff)
mkdir('/home/runner', 0x00000000000001ff)
mkdir('/home/runner/.cache', 0x00000000000001ff)
mkdir('/home/runner/.cache/nim', 0x00000000000001ff)
mkdir('/home/runner/.cache/nim/markdown_r', 0x00000000000001ff)
mkdir('/home', 0x00000000000001ff)
mkdir('/home/runner', 0x00000000000001ff)
mkdir('/home/runner/.cache', 0x00000000000001ff)
mkdir('/home/runner/.cache/nim', 0x00000000000001ff)
mkdir('/home/runner/.cache/nim/markdown_r', 0x00000000000001ff)
mkdir('/home', 0x00000000000001ff)
mkdir('/home/runner', 0x00000000000001ff)
mkdir('/home/runner/.cache', 0x00000000000001ff)
mkdir('/home/runner/.cache/nim', 0x00000000000001ff)
mkdir('/home/runner/.cache/nim/markdown_r', 0x00000000000001ff)
mkdir('/home', 0x00000000000001ff)
mkdir('/home/runner', 0x00000000000001ff)
mkdir('/home/runner/.cache', 0x00000000000001ff)
mkdir('/home/runner/.cache/nim', 0x00000000000001ff)
mkdir('/home/runner/.cache/nim/markdown_r', 0x00000000000001ff)
mkdir('/home', 0x00000000000001ff)
mkdir('/home/runner', 0x00000000000001ff)
mkdir('/home/runner/.cache', 0x00000000000001ff)
mkdir('/home/runner/.cache/nim', 0x00000000000001ff)
mkdir('/home/runner/.cache/nim/markdown_r', 0x00000000000001ff)
mkdir('/home', 0x00000000000001ff)
mkdir('/home/runner', 0x00000000000001ff)
mkdir('/home/runner/.cache', 0x00000000000001ff)
mkdir('/home/runner/.cache/nim', 0x00000000000001ff)
mkdir('/home/runner/.cache/nim/markdown_r', 0x00000000000001ff)
mkdir('/home', 0x00000000000001ff)
mkdir('/home/runner', 0x00000000000001ff)
mkdir('/home/runner/.cache', 0x00000000000001ff)
mkdir('/home/runner/.cache/nim', 0x00000000000001ff)
mkdir('/home/runner/.cache/nim/markdown_r', 0x00000000000001ff)
mkdir('/home', 0x00000000000001ff)
mkdir('/home/runner', 0x00000000000001ff)
mkdir('/home/runner/.cache', 0x00000000000001ff)
mkdir('/home/runner/.cache/nim', 0x00000000000001ff)
mkdir('/home/runner/.cache/nim/markdown_r', 0x00000000000001ff)
mkdir('/home', 0x00000000000001ff)
mkdir('/home/runner', 0x00000000000001ff)
mkdir('/home/runner/.cache', 0x00000000000001ff)
mkdir('/home/runner/.cache/nim', 0x00000000000001ff)
mkdir('/home/runner/.cache/nim/markdown_r', 0x00000000000001ff)
mkdir('/home', 0x00000000000001ff)
mkdir('/home/runner', 0x00000000000001ff)
mkdir('/home/runner/.cache', 0x00000000000001ff)
mkdir('/home/runner/.cache/nim', 0x00000000000001ff)
mkdir('/home/runner/.cache/nim/markdown_r', 0x00000000000001ff)
mkdir('/home', 0x00000000000001ff)
mkdir('/home/runner', 0x00000000000001ff)
mkdir('/home/runner/.cache', 0x00000000000001ff)
mkdir('/home/runner/.cache/nim', 0x00000000000001ff)
mkdir('/home/runner/.cache/nim/markdown_r', 0x00000000000001ff)
mkdir('/home', 0x00000000000001ff)
mkdir('/home/runner', 0x00000000000001ff)
mkdir('/home/runner/.cache', 0x00000000000001ff)
mkdir('/home/runner/.cache/nim', 0x00000000000001ff)
mkdir('/home/runner/.cache/nim/markdown_r', 0x00000000000001ff)
mkdir('/home', 0x00000000000001ff)
mkdir('/home/runner', 0x00000000000001ff)
mkdir('/home/runner/.cache', 0x00000000000001ff)
mkdir('/home/runner/.cache/nim', 0x00000000000001ff)
mkdir('/home/runner/.cache/nim/markdown_r', 0x00000000000001ff)
mkdir('/home', 0x00000000000001ff)
mkdir('/home/runner', 0x00000000000001ff)
mkdir('/home/runner/.cache', 0x00000000000001ff)
mkdir('/home/runner/.cache/nim', 0x00000000000001ff)
mkdir('/home/runner/.cache/nim/markdown_r', 0x00000000000001ff)
mkdir('/home', 0x00000000000001ff)
mkdir('/home/runner', 0x00000000000001ff)
mkdir('/home/runner/.cache', 0x00000000000001ff)
mkdir('/home/runner/.cache/nim', 0x00000000000001ff)
mkdir('/home/runner/.cache/nim/markdown_r', 0x00000000000001ff)
mkdir('/home', 0x00000000000001ff)
mkdir('/home/runner', 0x00000000000001ff)
mkdir('/home/runner/.cache', 0x00000000000001ff)
mkdir('/home/runner/.cache/nim', 0x00000000000001ff)
mkdir('/home/runner/.cache/nim/markdown_r', 0x00000000000001ff)
mkdir('/home', 0x00000000000001ff)
mkdir('/home/runner', 0x00000000000001ff)
mkdir('/home/runner/.cache', 0x00000000000001ff)
mkdir('/home/runner/.cache/nim', 0x00000000000001ff)
mkdir('/home/runner/.cache/nim/markdown_r', 0x00000000000001ff)
mkdir('/home', 0x00000000000001ff)
mkdir('/home/runner', 0x00000000000001ff)
mkdir('/home/runner/.cache', 0x00000000000001ff)
mkdir('/home/runner/.cache/nim', 0x00000000000001ff)
mkdir('/home/runner/.cache/nim/markdown_r', 0x00000000000001ff)
mkdir('/home', 0x00000000000001ff)
mkdir('/home/runner', 0x00000000000001ff)
mkdir('/home/runner/.cache', 0x00000000000001ff)
mkdir('/home/runner/.cache/nim', 0x00000000000001ff)
mkdir('/home/runner/.cache/nim/markdown_r', 0x00000000000001ff)
mkdir('/home', 0x00000000000001ff)
mkdir('/home/runner', 0x00000000000001ff)
mkdir('/home/runner/.cache', 0x00000000000001ff)
mkdir('/home/runner/.cache/nim', 0x00000000000001ff)
mkdir('/home/runner/.cache/nim/markdown_r', 0x00000000000001ff)
mkdir('/home', 0x00000000000001ff)
mkdir('/home/runner', 0x00000000000001ff)
mkdir('/home/runner/.cache', 0x00000000000001ff)
mkdir('/home/runner/.cache/nim', 0x00000000000001ff)
mkdir('/home/runner/.cache/nim/markdown_r', 0x00000000000001ff)
mkdir('/home', 0x00000000000001ff)
mkdir('/home/runner', 0x00000000000001ff)
mkdir('/home/runner/.cache', 0x00000000000001ff)
mkdir('/home/runner/.cache/nim', 0x00000000000001ff)
mkdir('/home/runner/.cache/nim/markdown_r', 0x00000000000001ff)
mkdir('/home', 0x00000000000001ff)
mkdir('/home/runner', 0x00000000000001ff)
mkdir('/home/runner/.cache', 0x00000000000001ff)
mkdir('/home/runner/.cache/nim', 0x00000000000001ff)
mkdir('/home/runner/.cache/nim/markdown_r', 0x00000000000001ff)
mkdir('/home', 0x00000000000001ff)
mkdir('/home/runner', 0x00000000000001ff)
mkdir('/home/runner/.cache', 0x00000000000001ff)
mkdir('/home/runner/.cache/nim', 0x00000000000001ff)
mkdir('/home/runner/.cache/nim/markdown_r', 0x00000000000001ff)
mkdir('/home', 0x00000000000001ff)
mkdir('/home/runner', 0x00000000000001ff)
mkdir('/home/runner/.cache', 0x00000000000001ff)
mkdir('/home/runner/.cache/nim', 0x00000000000001ff)
mkdir('/home/runner/.cache/nim/markdown_r', 0x00000000000001ff)
mkdir('/home', 0x00000000000001ff)
mkdir('/home/runner', 0x00000000000001ff)
mkdir('/home/runner/.cache', 0x00000000000001ff)
mkdir('/home/runner/.cache/nim', 0x00000000000001ff)
mkdir('/home/runner/.cache/nim/markdown_r', 0x00000000000001ff)
mkdir('/home', 0x00000000000001ff)
mkdir('/home/runner', 0x00000000000001ff)
mkdir('/home/runner/.cache', 0x00000000000001ff)
mkdir('/home/runner/.cache/nim', 0x00000000000001ff)
mkdir('/home/runner/.cache/nim/markdown_r', 0x00000000000001ff)
mkdir('/home', 0x00000000000001ff)
mkdir('/home/runner', 0x00000000000001ff)
mkdir('/home/runner/.cache', 0x00000000000001ff)
mkdir('/home/runner/.cache/nim', 0x00000000000001ff)
mkdir('/home/runner/.cache/nim/markdown_r', 0x00000000000001ff)
mkdir('/home', 0x00000000000001ff)
mkdir('/home/runner', 0x00000000000001ff)
mkdir('/home/runner/.cache', 0x00000000000001ff)
mkdir('/home/runner/.cache/nim', 0x00000000000001ff)
mkdir('/home/runner/.cache/nim/markdown_r', 0x00000000000001ff)
mkdir('/home', 0x00000000000001ff)
mkdir('/home/runner', 0x00000000000001ff)
mkdir('/home/runner/.cache', 0x00000000000001ff)
mkdir('/home/runner/.cache/nim', 0x00000000000001ff)
mkdir('/home/runner/.cache/nim/markdown_r', 0x00000000000001ff)
mkdir('/home', 0x00000000000001ff)
mkdir('/home/runner', 0x00000000000001ff)
mkdir('/home/runner/.cache', 0x00000000000001ff)
mkdir('/home/runner/.cache/nim', 0x00000000000001ff)
mkdir('/home/runner/.cache/nim/markdown_r', 0x00000000000001ff)
mkdir('/home', 0x00000000000001ff)
mkdir('/home/runner', 0x00000000000001ff)
mkdir('/home/runner/.cache', 0x00000000000001ff)
mkdir('/home/runner/.cache/nim', 0x00000000000001ff)
mkdir('/home/runner/.cache/nim/markdown_r', 0x00000000000001ff)
mkdir('/home', 0x00000000000001ff)
mkdir('/home/runner', 0x00000000000001ff)
mkdir('/home/runner/.cache', 0x00000000000001ff)
mkdir('/home/runner/.cache/nim', 0x00000000000001ff)
mkdir('/home/runner/.cache/nim/markdown_r', 0x00000000000001ff)
mkdir('/home', 0x00000000000001ff)
mkdir('/home/runner', 0x00000000000001ff)
mkdir('/home/runner/.cache', 0x00000000000001ff)
mkdir('/home/runner/.cache/nim', 0x00000000000001ff)
mkdir('/home/runner/.cache/nim/markdown_r', 0x00000000000001ff)
mkdir('/home', 0x00000000000001ff)
mkdir('/home/runner', 0x00000000000001ff)
mkdir('/home/runner/.cache', 0x00000000000001ff)
mkdir('/home/runner/.cache/nim', 0x00000000000001ff)
mkdir('/home/runner/.cache/nim/markdown_r', 0x00000000000001ff)
mkdir('/home', 0x00000000000001ff)
mkdir('/home/runner', 0x00000000000001ff)
mkdir('/home/runner/.cache', 0x00000000000001ff)
mkdir('/home/runner/.cache/nim', 0x00000000000001ff)
mkdir('/home/runner/.cache/nim/markdown_r', 0x00000000000001ff)
mkdir('/home', 0x00000000000001ff)
mkdir('/home/runner', 0x00000000000001ff)
mkdir('/home/runner/.cache', 0x00000000000001ff)
mkdir('/home/runner/.cache/nim', 0x00000000000001ff)
mkdir('/home/runner/.cache/nim/markdown_r', 0x00000000000001ff)
mkdir('/home', 0x00000000000001ff)
mkdir('/home/runner', 0x00000000000001ff)
mkdir('/home/runner/.cache', 0x00000000000001ff)
mkdir('/home/runner/.cache/nim', 0x00000000000001ff)
mkdir('/home/runner/.cache/nim/markdown_r', 0x00000000000001ff)
mkdir('/home', 0x00000000000001ff)
mkdir('/home/runner', 0x00000000000001ff)
mkdir('/home/runner/.cache', 0x00000000000001ff)
mkdir('/home/runner/.cache/nim', 0x00000000000001ff)
mkdir('/home/runner/.cache/nim/markdown_r', 0x00000000000001ff)
mkdir('/home', 0x00000000000001ff)
mkdir('/home/runner', 0x00000000000001ff)
mkdir('/home/runner/.cache', 0x00000000000001ff)
mkdir('/home/runner/.cache/nim', 0x00000000000001ff)
mkdir('/home/runner/.cache/nim/markdown_r', 0x00000000000001ff)
mkdir('/home', 0x00000000000001ff)
mkdir('/home/runner', 0x00000000000001ff)
mkdir('/home/runner/.cache', 0x00000000000001ff)
mkdir('/home/runner/.cache/nim', 0x00000000000001ff)
mkdir('/home/runner/.cache/nim/markdown_r', 0x00000000000001ff)
mkdir('/home', 0x00000000000001ff)
mkdir('/home/runner', 0x00000000000001ff)
mkdir('/home/runner/.cache', 0x00000000000001ff)
mkdir('/home/runner/.cache/nim', 0x00000000000001ff)
mkdir('/home/runner/.cache/nim/markdown_r', 0x00000000000001ff)
mkdir('/home', 0x00000000000001ff)
mkdir('/home/runner', 0x00000000000001ff)
mkdir('/home/runner/.cache', 0x00000000000001ff)
mkdir('/home/runner/.cache/nim', 0x00000000000001ff)
mkdir('/home/runner/.cache/nim/markdown_r', 0x00000000000001ff)
mkdir('/home', 0x00000000000001ff)
mkdir('/home/runner', 0x00000000000001ff)
mkdir('/home/runner/.cache', 0x00000000000001ff)
mkdir('/home/runner/.cache/nim', 0x00000000000001ff)
mkdir('/home/runner/.cache/nim/markdown_r', 0x00000000000001ff)
mkdir('/home', 0x00000000000001ff)
mkdir('/home/runner', 0x00000000000001ff)
mkdir('/home/runner/.cache', 0x00000000000001ff)
mkdir('/home/runner/.cache/nim', 0x00000000000001ff)
mkdir('/home/runner/.cache/nim/markdown_r', 0x00000000000001ff)
mkdir('/home', 0x00000000000001ff)
mkdir('/home/runner', 0x00000000000001ff)
mkdir('/home/runner/.cache', 0x00000000000001ff)
mkdir('/home/runner/.cache/nim', 0x00000000000001ff)
mkdir('/home/runner/.cache/nim/markdown_r', 0x00000000000001ff)
mkdir('/home', 0x00000000000001ff)
mkdir('/home/runner', 0x00000000000001ff)
mkdir('/home/runner/.cache', 0x00000000000001ff)
mkdir('/home/runner/.cache/nim', 0x00000000000001ff)
mkdir('/home/runner/.cache/nim/markdown_r', 0x00000000000001ff)
mkdir('/home', 0x00000000000001ff)
mkdir('/home/runner', 0x00000000000001ff)
mkdir('/home/runner/.cache', 0x00000000000001ff)
mkdir('/home/runner/.cache/nim', 0x00000000000001ff)
mkdir('/home/runner/.cache/nim/markdown_r', 0x00000000000001ff)
mkdir('/home', 0x00000000000001ff)
mkdir('/home/runner', 0x00000000000001ff)
mkdir('/home/runner/.cache', 0x00000000000001ff)
mkdir('/home/runner/.cache/nim', 0x00000000000001ff)
mkdir('/home/runner/.cache/nim/markdown_r', 0x00000000000001ff)
mkdir('/home', 0x00000000000001ff)
mkdir('/home/runner', 0x00000000000001ff)
mkdir('/home/runner/.cache', 0x00000000000001ff)
mkdir('/home/runner/.cache/nim', 0x00000000000001ff)
mkdir('/home/runner/.cache/nim/markdown_r', 0x00000000000001ff)
mkdir('/home', 0x00000000000001ff)
mkdir('/home/runner', 0x00000000000001ff)
mkdir('/home/runner/.cache', 0x00000000000001ff)
mkdir('/home/runner/.cache/nim', 0x00000000000001ff)
mkdir('/home/runner/.cache/nim/markdown_r', 0x00000000000001ff)
mkdir('/home', 0x00000000000001ff)
mkdir('/home/runner', 0x00000000000001ff)
mkdir('/home/runner/.cache', 0x00000000000001ff)
mkdir('/home/runner/.cache/nim', 0x00000000000001ff)
mkdir('/home/runner/.cache/nim/markdown_r', 0x00000000000001ff)
mkdir('/home', 0x00000000000001ff)
mkdir('/home/runner', 0x00000000000001ff)
mkdir('/home/runner/.cache', 0x00000000000001ff)
mkdir('/home/runner/.cache/nim', 0x00000000000001ff)
mkdir('/home/runner/.cache/nim/markdown_r', 0x00000000000001ff)
mkdir('/home', 0x00000000000001ff)
mkdir('/home/runner', 0x00000000000001ff)
mkdir('/home/runner/.cache', 0x00000000000001ff)
mkdir('/home/runner/.cache/nim', 0x00000000000001ff)
mkdir('/home/runner/.cache/nim/markdown_r', 0x00000000000001ff)
mkdir('/home', 0x00000000000001ff)
mkdir('/home/runner', 0x00000000000001ff)
mkdir('/home/runner/.cache', 0x00000000000001ff)
mkdir('/home/runner/.cache/nim', 0x00000000000001ff)
mkdir('/home/runner/.cache/nim/markdown_r', 0x00000000000001ff)
mkdir('/home', 0x00000000000001ff)
mkdir('/home/runner', 0x00000000000001ff)
mkdir('/home/runner/.cache', 0x00000000000001ff)
mkdir('/home/runner/.cache/nim', 0x00000000000001ff)
mkdir('/home/runner/.cache/nim/markdown_r', 0x00000000000001ff)
mkdir('/home', 0x00000000000001ff)
mkdir('/home/runner', 0x00000000000001ff)
mkdir('/home/runner/.cache', 0x00000000000001ff)
mkdir('/home/runner/.cache/nim', 0x00000000000001ff)
mkdir('/home/runner/.cache/nim/markdown_r', 0x00000000000001ff)
mkdir('/home', 0x00000000000001ff)
mkdir('/home/runner', 0x00000000000001ff)
mkdir('/home/runner/.cache', 0x00000000000001ff)
mkdir('/home/runner/.cache/nim', 0x00000000000001ff)
mkdir('/home/runner/.cache/nim/markdown_r', 0x00000000000001ff)
mkdir('/home', 0x00000000000001ff)
mkdir('/home/runner', 0x00000000000001ff)
mkdir('/home/runner/.cache', 0x00000000000001ff)
mkdir('/home/runner/.cache/nim', 0x00000000000001ff)
mkdir('/home/runner/.cache/nim/markdown_r', 0x00000000000001ff)
mkdir('/home', 0x00000000000001ff)
mkdir('/home/runner', 0x00000000000001ff)
mkdir('/home/runner/.cache', 0x00000000000001ff)
mkdir('/home/runner/.cache/nim', 0x00000000000001ff)
mkdir('/home/runner/.cache/nim/markdown_r', 0x00000000000001ff)
mkdir('/home', 0x00000000000001ff)
mkdir('/home/runner', 0x00000000000001ff)
mkdir('/home/runner/.cache', 0x00000000000001ff)
mkdir('/home/runner/.cache/nim', 0x00000000000001ff)
mkdir('/home/runner/.cache/nim/markdown_r', 0x00000000000001ff)
mkdir('/home', 0x00000000000001ff)
mkdir('/home/runner', 0x00000000000001ff)
mkdir('/home/runner/.cache', 0x00000000000001ff)
mkdir('/home/runner/.cache/nim', 0x00000000000001ff)
mkdir('/home/runner/.cache/nim/markdown_r', 0x00000000000001ff)
mkdir('/home', 0x00000000000001ff)
mkdir('/home/runner', 0x00000000000001ff)
mkdir('/home/runner/.cache', 0x00000000000001ff)
mkdir('/home/runner/.cache/nim', 0x00000000000001ff)
mkdir('/home/runner/.cache/nim/markdown_r', 0x00000000000001ff)
mkdir('/home', 0x00000000000001ff)
mkdir('/home/runner', 0x00000000000001ff)
mkdir('/home/runner/.cache', 0x00000000000001ff)
mkdir('/home/runner/.cache/nim', 0x00000000000001ff)
mkdir('/home/runner/.cache/nim/markdown_r', 0x00000000000001ff)
mkdir('/home', 0x00000000000001ff)
mkdir('/home/runner', 0x00000000000001ff)
mkdir('/home/runner/.cache', 0x00000000000001ff)
mkdir('/home/runner/.cache/nim', 0x00000000000001ff)
mkdir('/home/runner/.cache/nim/markdown_r', 0x00000000000001ff)
mkdir('/home', 0x00000000000001ff)
mkdir('/home/runner', 0x00000000000001ff)
mkdir('/home/runner/.cache', 0x00000000000001ff)
mkdir('/home/runner/.cache/nim', 0x00000000000001ff)
mkdir('/home/runner/.cache/nim/markdown_r', 0x00000000000001ff)
mkdir('/home', 0x00000000000001ff)
mkdir('/home/runner', 0x00000000000001ff)
mkdir('/home/runner/.cache', 0x00000000000001ff)
mkdir('/home/runner/.cache/nim', 0x00000000000001ff)
mkdir('/home/runner/.cache/nim/markdown_r', 0x00000000000001ff)
mkdir('/home', 0x00000000000001ff)
mkdir('/home/runner', 0x00000000000001ff)
mkdir('/home/runner/.cache', 0x00000000000001ff)
mkdir('/home/runner/.cache/nim', 0x00000000000001ff)
mkdir('/home/runner/.cache/nim/markdown_r', 0x00000000000001ff)
mkdir('/home', 0x00000000000001ff)
mkdir('/home/runner', 0x00000000000001ff)
mkdir('/home/runner/.cache', 0x00000000000001ff)
mkdir('/home/runner/.cache/nim', 0x00000000000001ff)
mkdir('/home/runner/.cache/nim/markdown_r', 0x00000000000001ff)
mkdir('/home', 0x00000000000001ff)
mkdir('/home/runner', 0x00000000000001ff)
mkdir('/home/runner/.cache', 0x00000000000001ff)
mkdir('/home/runner/.cache/nim', 0x00000000000001ff)
mkdir('/home/runner/.cache/nim/markdown_r', 0x00000000000001ff)
mkdir('/home', 0x00000000000001ff)
mkdir('/home/runner', 0x00000000000001ff)
mkdir('/home/runner/.cache', 0x00000000000001ff)
mkdir('/home/runner/.cache/nim', 0x00000000000001ff)
mkdir('/home/runner/.cache/nim/markdown_r', 0x00000000000001ff)
mkdir('/home', 0x00000000000001ff)
mkdir('/home/runner', 0x00000000000001ff)
mkdir('/home/runner/.cache', 0x00000000000001ff)
mkdir('/home/runner/.cache/nim', 0x00000000000001ff)
mkdir('/home/runner/.cache/nim/markdown_r', 0x00000000000001ff)
mkdir('/home', 0x00000000000001ff)
mkdir('/home/runner', 0x00000000000001ff)
mkdir('/home/runner/.cache', 0x00000000000001ff)
mkdir('/home/runner/.cache/nim', 0x00000000000001ff)
mkdir('/home/runner/.cache/nim/markdown_r', 0x00000000000001ff)
mkdir('/home', 0x00000000000001ff)
mkdir('/home/runner', 0x00000000000001ff)
mkdir('/home/runner/.cache', 0x00000000000001ff)
mkdir('/home/runner/.cache/nim', 0x00000000000001ff)
mkdir('/home/runner/.cache/nim/markdown_r', 0x00000000000001ff)
mkdir('/home', 0x00000000000001ff)
mkdir('/home/runner', 0x00000000000001ff)
mkdir('/home/runner/.cache', 0x00000000000001ff)
mkdir('/home/runner/.cache/nim', 0x00000000000001ff)
mkdir('/home/runner/.cache/nim/markdown_r', 0x00000000000001ff)
mkdir('/home', 0x00000000000001ff)
mkdir('/home/runner', 0x00000000000001ff)
mkdir('/home/runner/.cache', 0x00000000000001ff)
mkdir('/home/runner/.cache/nim', 0x00000000000001ff)
mkdir('/home/runner/.cache/nim/markdown_r', 0x00000000000001ff)
mkdir('/home', 0x00000000000001ff)
mkdir('/home/runner', 0x00000000000001ff)
mkdir('/home/runner/.cache', 0x00000000000001ff)
mkdir('/home/runner/.cache/nim', 0x00000000000001ff)
mkdir('/home/runner/.cache/nim/markdown_r', 0x00000000000001ff)
mkdir('/home', 0x00000000000001ff)
mkdir('/home/runner', 0x00000000000001ff)
mkdir('/home/runner/.cache', 0x00000000000001ff)
mkdir('/home/runner/.cache/nim', 0x00000000000001ff)
mkdir('/home/runner/.cache/nim/markdown_r', 0x00000000000001ff)
unlink('/tmp/ccoUr0ue.s')
unlink('/tmp/ccOEWQCg.s')
unlink('/tmp/ccSYDi84.s')
unlink('/tmp/cc66ckV1.s')
unlink('/tmp/ccdI20R8.s')
unlink('/tmp/cce67yG2.s')
unlink('/tmp/ccIUN3XG.s')
unlink('/tmp/ccvbZIzF.s')
unlink('/tmp/ccWbJDDL.s')
unlink('/tmp/ccUv1yng.s')
unlink('/tmp/cc6myoGj.s')
unlink('/tmp/ccX3lhIZ.s')
unlink('/tmp/ccMFni2g.s')
unlink('/tmp/cc77Z9Lt.s')
unlink('/tmp/cc80V472.s')
unlink('/tmp/cc03Lnxi.s')
unlink('/tmp/cc0xxnhB.s')
unlink('/tmp/cctZsYb4.s')
unlink('/tmp/ccC5dm25.s')
unlink('/tmp/ccLq8Ilz.s')
mkdir('/tmp', 0x00000000000001ff)
mkdir('/tmp/nimble_23620', 0x00000000000001ff)
mkdir('/tmp/nimble_23620/githubcom_soasmenimmarkdown_0.8.0', 0x00000000000001ff)
chmod(94139563136608, 0x00000000000001ed)
Error tracing process: readBytes(0x0000559e93385660, 256) error: [Errno 5] Input/output error.
