      Info: Package cache path /home/runner/.nimble/pkgcache
     Info:  Nimble data file "/home/runner/.nimble/nimbledata2.json" has been loaded.
    Reading official package list
Downloading https://github.com/PhilippMDoerner/Appster using git
    Cloning latest tagged version: 0.1.0
open('/workspace/destdir/ssl/openssl.cnf', 32768, 0x00000000000001b6)
open('/home/runner/.config/nimble/nimble.ini', 557056, 0x00000000000001b6)
open('/home/runner/.config/babel/babel.ini', 557056, 0x00000000000001b6)
writev(1, 0x00007ffd718d3c40, 2)
open('/home/runner/.nimble/nimbledata2.json', 557056, 0x00000000000001b6)
writev(1, 0x00007ffd718d3d10, 2)
writev(1, 0x00007ffd06116ab0, 2)
writev(1, 0x00007ffd06116b40, 2)
writev(1, 0x00007ffd06116b40, 2)
writev(1, 0x00007ffd06116b40, 2)
writev(1, 0x00007ffd718d2830, 2)
open('/home/runner/.nimble/packages_official.json', 557056, 0x00000000000001b6)
mkdir('/home/', 0x00000000000001ff)
mkdir('/home/runner/', 0x00000000000001ff)
mkdir('/home/runner/.nimble/', 0x00000000000001ff)
mkdir('/home/runner/.nimble/pkgcache/', 0x00000000000001ff)
mkdir('/home/runner/.nimble/pkgcache/githubcom_PhilippMDoernerAppster', 0x00000000000001ff)
open('/home/runner/.nimble/pkgcache/githubcom_PhilippMDoernerAppster', 622592, 0x0000000000000000)
writev(1, 0x00007ffd718d2920, 2)
open('/home/runner/.nimble/pkgcache/githubcom_PhilippMDoernerAppster', 622592, 0x0000000000000000)
rmdir('/home/runner/.nimble/pkgcache/githubcom_PhilippMDoernerAppster')
writev(1, 0x00007ffd718d2810, 2)
mkdir(94862419229520, 0x00000000000001ff)
Error tracing process: readBytes(0x00005646e0ccfb50, 256) error: [Errno 5] Input/output error.
