      Info: Package cache path /home/runner/.nimble/pkgcache
     Info:  Nimble data file "/home/runner/.nimble/nimbledata2.json" has been loaded.
    Reading official package list
Downloading https://github.com/danielecook/til-tool using git
    Cloning latest tagged version: v0.0.3
open('/workspace/destdir/ssl/openssl.cnf', 32768, 0x00000000000001b6)
open('/home/runner/.config/nimble/nimble.ini', 557056, 0x00000000000001b6)
open('/home/runner/.config/babel/babel.ini', 557056, 0x00000000000001b6)
writev(1, 0x00007ffc43a3c120, 2)
open('/home/runner/.nimble/nimbledata2.json', 557056, 0x00000000000001b6)
writev(1, 0x00007ffc43a3c1f0, 2)
writev(1, 0x00007fff6e8c3d60, 2)
writev(1, 0x00007fff6e8c3df0, 2)
writev(1, 0x00007fff6e8c3df0, 2)
writev(1, 0x00007fff6e8c3df0, 2)
writev(1, 0x00007ffc43a3abd0, 2)
open('/home/runner/.nimble/packages_official.json', 557056, 0x00000000000001b6)
mkdir('/home/', 0x00000000000001ff)
mkdir('/home/runner/', 0x00000000000001ff)
mkdir('/home/runner/.nimble/', 0x00000000000001ff)
mkdir('/home/runner/.nimble/pkgcache/', 0x00000000000001ff)
mkdir('/home/runner/.nimble/pkgcache/githubcom_danielecooktiltool', 0x00000000000001ff)
open('/home/runner/.nimble/pkgcache/githubcom_danielecooktiltool', 622592, 0x0000000000000000)
writev(1, 0x00007ffc43a3acb0, 2)
open('/home/runner/.nimble/pkgcache/githubcom_danielecooktiltool', 622592, 0x0000000000000000)
rmdir('/home/runner/.nimble/pkgcache/githubcom_danielecooktiltool')
writev(1, 0x00007ffc43a3aba0, 2)
mkdir(94469724302112, 0x00000000000001ff)
Error tracing process: readBytes(0x000055eb725beb20, 256) error: [Errno 5] Input/output error.
