     Info:  Nimble data file "/home/runner/.nimble/nimbledata2.json" has been loaded.
    Reading official package list
Downloading https://github.com/bung87/tim_sort using git
   Warning: The package has no tagged releases, downloading HEAD instead.
open('/workspace/destdir/ssl/openssl.cnf', 32768, 0x00000000000001b6)
open('/home/runner/.config/nimble/nimble.ini', 557056, 0x00000000000001b6)
open('/home/runner/.config/babel/babel.ini', 557056, 0x00000000000001b6)
open('/home/runner/.nimble/nimbledata2.json', 557056, 0x00000000000001b6)
writev(1, 0x00007fff0f68c500, 2)
writev(1, 0x00007fff0f68bde0, 2)
open('/home/runner/.nimble/packages_official.json', 557056, 0x00000000000001b6)
mkdir('/tmp/', 0x00000000000001ff)
mkdir('/tmp/nimble_3245/', 0x00000000000001ff)
mkdir('/tmp/nimble_3245/githubcom_bung87timsort', 0x00000000000001ff)
writev(1, 0x00007fff0f68bdb0, 2)
open('/tmp/nimble_3245/githubcom_bung87timsort', 622592, 0x0000000000000000)
rmdir('/tmp/nimble_3245/githubcom_bung87timsort')
writev(1, 0x00007fff0f68bd20, 2)
mkdir(94808552034784, 0x00000000000001ff)
Error tracing process: readBytes(0x0000563a5610d1e0, 256) error: [Errno 5] Input/output error.
