     Info:  Nimble data file "/home/runner/.nimble/nimbledata2.json" has been loaded.
    Reading official package list
Downloading https://github.com/xrfez/timsort using git
   Warning: The package has no tagged releases, downloading HEAD instead.
open('/workspace/destdir/ssl/openssl.cnf', 32768, 0x00000000000001b6)
open('/home/runner/.config/nimble/nimble.ini', 557056, 0x00000000000001b6)
open('/home/runner/.config/babel/babel.ini', 557056, 0x00000000000001b6)
open('/home/runner/.nimble/nimbledata2.json', 557056, 0x00000000000001b6)
writev(1, 0x00007ffec930ece0, 2)
writev(1, 0x00007ffec930e5c0, 2)
open('/home/runner/.nimble/packages_official.json', 557056, 0x00000000000001b6)
mkdir('/tmp/', 0x00000000000001ff)
mkdir('/tmp/nimble_3591/', 0x00000000000001ff)
mkdir('/tmp/nimble_3591/githubcom_xrfeztimsort', 0x00000000000001ff)
writev(1, 0x00007ffec930e590, 2)
open('/tmp/nimble_3591/githubcom_xrfeztimsort', 622592, 0x0000000000000000)
rmdir('/tmp/nimble_3591/githubcom_xrfeztimsort')
writev(1, 0x00007ffec930e500, 2)
mkdir(94537229169952, 0x00000000000001ff)
Error tracing process: readBytes(0x000055fb29f67520, 256) error: [Errno 5] Input/output error.
