     Info:  Nimble data file "/home/runner/.nimble/nimbledata2.json" has been loaded.
    Reading official package list
Downloading https://github.com/khchen/tinyre using git
   Warning: The package has no tagged releases, downloading HEAD instead.
open('/workspace/destdir/ssl/openssl.cnf', 32768, 0x00000000000001b6)
open('/home/runner/.config/nimble/nimble.ini', 557056, 0x00000000000001b6)
open('/home/runner/.config/babel/babel.ini', 557056, 0x00000000000001b6)
open('/home/runner/.nimble/nimbledata2.json', 557056, 0x00000000000001b6)
writev(1, 0x00007fff82d481a0, 2)
writev(1, 0x00007fff82d47a80, 2)
open('/home/runner/.nimble/packages_official.json', 557056, 0x00000000000001b6)
mkdir('/tmp/', 0x00000000000001ff)
mkdir('/tmp/nimble_3667/', 0x00000000000001ff)
mkdir('/tmp/nimble_3667/githubcom_khchentinyre', 0x00000000000001ff)
writev(1, 0x00007fff82d47a50, 2)
open('/tmp/nimble_3667/githubcom_khchentinyre', 622592, 0x0000000000000000)
rmdir('/tmp/nimble_3667/githubcom_khchentinyre')
writev(1, 0x00007fff82d479c0, 2)
mkdir(94149614777632, 0x00000000000001ff)
Error tracing process: readBytes(0x000055a0ea583520, 256) error: [Errno 5] Input/output error.
