    Reading official package list
Downloading https://mahlon@bitbucket.org/mahlon/nim-tnetstring using hg
mkdir('/tmp', 0x00000000000001ff)
mkdir('/tmp/nimble_3879', 0x00000000000001ff)
mkdir('/tmp/nimble_3879/bitbucketorg_mahlonnimtnetstring', 0x00000000000001ff)
rmdir('/tmp/nimble_3879/bitbucketorg_mahlonnimtnetstring')
mkdir('/tmp/nimble_3879/bitbucketorg_mahlonnimtnetstring', 0x00000000000001ff)
mkdir('/tmp/nimble_3879/bitbucketorg_mahlonnimtnetstring/.hg', 0x00000000000001ff)
mkdir('/tmp/nimble_3879/bitbucketorg_mahlonnimtnetstring/.hg/store', 0x00000000000001ff)
mkdir('/tmp/nimble_3879/bitbucketorg_mahlonnimtnetstring/.hg', 0x00000000000001ff)
unlink('/tmp/nimble_3879/bitbucketorg_mahlonnimtnetstring/.hg/requires')
mkdir('/tmp/nimble_3879/bitbucketorg_mahlonnimtnetstring/.hg', 0x00000000000001ff)
symlink('fv-az86/effffffc:3886', '/tmp/nimble_3879/bitbucketorg_mahlonnimtnetstring/.hg/wlock')
symlink('fv-az86/effffffc:3886', '/tmp/nimble_3879/bitbucketorg_mahlonnimtnetstring/.hg/store/lock')
mkdir('/tmp/nimble_3879/bitbucketorg_mahlonnimtnetstring/.hg', 0x00000000000001ff)
chmod('/tmp/nimble_3879/bitbucketorg_mahlonnimtnetstring/.hg/.dirstate-jNQ2h4~', 0x00000000000001a4)
rename('/tmp/nimble_3879/bitbucketorg_mahlonnimtnetstring/.hg/.dirstate-jNQ2h4~', '/tmp/nimble_3879/bitbucketorg_mahlonnimtnetstring/.hg/dirstate')
unlink('/tmp/nimble_3879/bitbucketorg_mahlonnimtnetstring/.hg/journal.dirstate')
link('/tmp/nimble_3879/bitbucketorg_mahlonnimtnetstring/.hg/dirstate', '/tmp/nimble_3879/bitbucketorg_mahlonnimtnetstring/.hg/journal.dirstate')
unlink('/tmp/nimble_3879/bitbucketorg_mahlonnimtnetstring/.hg/journal.branch')
mkdir('/tmp/nimble_3879/bitbucketorg_mahlonnimtnetstring/.hg', 0x00000000000001ff)
unlink('/tmp/nimble_3879/bitbucketorg_mahlonnimtnetstring/.hg/journal.desc')
mkdir('/tmp/nimble_3879/bitbucketorg_mahlonnimtnetstring/.hg', 0x00000000000001ff)
unlink('/tmp/nimble_3879/bitbucketorg_mahlonnimtnetstring/.hg/journal.bookmarks')
mkdir('/tmp/nimble_3879/bitbucketorg_mahlonnimtnetstring/.hg', 0x00000000000001ff)
unlink('/tmp/nimble_3879/bitbucketorg_mahlonnimtnetstring/.hg/store/journal.phaseroots')
mkdir('/tmp/nimble_3879/bitbucketorg_mahlonnimtnetstring/.hg/store', 0x00000000000001ff)
unlink('/tmp/nimble_3879/bitbucketorg_mahlonnimtnetstring/.hg/store/journal')
mkdir('/tmp/nimble_3879/bitbucketorg_mahlonnimtnetstring/.hg/store', 0x00000000000001ff)
unlink('/tmp/nimble_3879/bitbucketorg_mahlonnimtnetstring/.hg/store/journal.backupfiles')
mkdir('/tmp/nimble_3879/bitbucketorg_mahlonnimtnetstring/.hg/store', 0x00000000000001ff)
mkdir('/tmp/nimble_3879/bitbucketorg_mahlonnimtnetstring/.hg/store', 0x00000000000001ff)
mkdir('/tmp/nimble_3879/bitbucketorg_mahlonnimtnetstring/.hg/store', 0x00000000000001ff)
mkdir('/tmp/nimble_3879/bitbucketorg_mahlonnimtnetstring/.hg/store/data', 0x00000000000001ff)
mkdir('/tmp/nimble_3879/bitbucketorg_mahlonnimtnetstring/.hg/store/data', 0x00000000000001ff)
mkdir('/tmp/nimble_3879/bitbucketorg_mahlonnimtnetstring/.hg/store/data', 0x00000000000001ff)
mkdir('/tmp/nimble_3879/bitbucketorg_mahlonnimtnetstring/.hg/store/data/src', 0x00000000000001ff)
mkdir('/tmp/nimble_3879/bitbucketorg_mahlonnimtnetstring/.hg/store/data', 0x00000000000001ff)
mkdir('/tmp/nimble_3879/bitbucketorg_mahlonnimtnetstring/.hg/store/data', 0x00000000000001ff)
mkdir('/tmp/nimble_3879/bitbucketorg_mahlonnimtnetstring/.hg/store', 0x00000000000001ff)
chmod('/tmp/nimble_3879/bitbucketorg_mahlonnimtnetstring/.hg/store/.phaseroots-JvqWnc~', 0x00000000000001a4)
rename('/tmp/nimble_3879/bitbucketorg_mahlonnimtnetstring/.hg/store/.phaseroots-JvqWnc~', '/tmp/nimble_3879/bitbucketorg_mahlonnimtnetstring/.hg/store/phaseroots')
rename('/tmp/nimble_3879/bitbucketorg_mahlonnimtnetstring/.hg/store/00changelog.i.a', '/tmp/nimble_3879/bitbucketorg_mahlonnimtnetstring/.hg/store/00changelog.i')
mkdir('/tmp/nimble_3879/bitbucketorg_mahlonnimtnetstring/.hg/store', 0x00000000000001ff)
chmod('/tmp/nimble_3879/bitbucketorg_mahlonnimtnetstring/.hg/store/.fncache-b24x6Q~', 0x00000000000001a4)
rename('/tmp/nimble_3879/bitbucketorg_mahlonnimtnetstring/.hg/store/.fncache-b24x6Q~', '/tmp/nimble_3879/bitbucketorg_mahlonnimtnetstring/.hg/store/fncache')
unlink('/tmp/nimble_3879/bitbucketorg_mahlonnimtnetstring/.hg/store/undo.backupfiles')
mkdir('/tmp/nimble_3879/bitbucketorg_mahlonnimtnetstring/.hg/store', 0x00000000000001ff)
unlink('/tmp/nimble_3879/bitbucketorg_mahlonnimtnetstring/.hg/store/undo')
rename('/tmp/nimble_3879/bitbucketorg_mahlonnimtnetstring/.hg/store/journal', '/tmp/nimble_3879/bitbucketorg_mahlonnimtnetstring/.hg/store/undo')
unlink('/tmp/nimble_3879/bitbucketorg_mahlonnimtnetstring/.hg/undo.dirstate')
rename('/tmp/nimble_3879/bitbucketorg_mahlonnimtnetstring/.hg/journal.dirstate', '/tmp/nimble_3879/bitbucketorg_mahlonnimtnetstring/.hg/undo.dirstate')
unlink('/tmp/nimble_3879/bitbucketorg_mahlonnimtnetstring/.hg/undo.branch')
rename('/tmp/nimble_3879/bitbucketorg_mahlonnimtnetstring/.hg/journal.branch', '/tmp/nimble_3879/bitbucketorg_mahlonnimtnetstring/.hg/undo.branch')
unlink('/tmp/nimble_3879/bitbucketorg_mahlonnimtnetstring/.hg/undo.desc')
rename('/tmp/nimble_3879/bitbucketorg_mahlonnimtnetstring/.hg/journal.desc', '/tmp/nimble_3879/bitbucketorg_mahlonnimtnetstring/.hg/undo.desc')
unlink('/tmp/nimble_3879/bitbucketorg_mahlonnimtnetstring/.hg/undo.bookmarks')
rename('/tmp/nimble_3879/bitbucketorg_mahlonnimtnetstring/.hg/journal.bookmarks', '/tmp/nimble_3879/bitbucketorg_mahlonnimtnetstring/.hg/undo.bookmarks')
unlink('/tmp/nimble_3879/bitbucketorg_mahlonnimtnetstring/.hg/store/undo.phaseroots')
rename('/tmp/nimble_3879/bitbucketorg_mahlonnimtnetstring/.hg/store/journal.phaseroots', '/tmp/nimble_3879/bitbucketorg_mahlonnimtnetstring/.hg/store/undo.phaseroots')
unlink('/tmp/nimble_3879/bitbucketorg_mahlonnimtnetstring/.hg/store/journal.backupfiles')
mkdir('/tmp/nimble_3879/bitbucketorg_mahlonnimtnetstring/.hg/cache', 0x00000000000001ff)
chmod('/tmp/nimble_3879/bitbucketorg_mahlonnimtnetstring/.hg/cache/.branch2-base-xeFREL~', 0x00000000000001a4)
rename('/tmp/nimble_3879/bitbucketorg_mahlonnimtnetstring/.hg/cache/.branch2-base-xeFREL~', '/tmp/nimble_3879/bitbucketorg_mahlonnimtnetstring/.hg/cache/branch2-base')
unlink('/tmp/nimble_3879/bitbucketorg_mahlonnimtnetstring/.hg/store/lock')
unlink('/tmp/nimble_3879/bitbucketorg_mahlonnimtnetstring/.hg/wlock')
unlink('/tmp/nimble_3879/bitbucketorg_mahlonnimtnetstring/.hg/hgrc')
mkdir('/tmp/nimble_3879/bitbucketorg_mahlonnimtnetstring/.hg', 0x00000000000001ff)
symlink('fv-az86/effffffc:3886', '/tmp/nimble_3879/bitbucketorg_mahlonnimtnetstring/.hg/wlock')
chmod('/tmp/nimble_3879/bitbucketorg_mahlonnimtnetstring/.hg/cache/hg-checkexec-zWBVbV', 0x00000000000001c9)
rename('/tmp/nimble_3879/bitbucketorg_mahlonnimtnetstring/.hg/cache/hg-checkexec-zWBVbV', '/tmp/nimble_3879/bitbucketorg_mahlonnimtnetstring/.hg/cache/checkisexec')
symlink('checklink-target', '/tmp/nimble_3879/bitbucketorg_mahlonnimtnetstring/.hg/cache/checklink-mZLLDF')
rename('/tmp/nimble_3879/bitbucketorg_mahlonnimtnetstring/.hg/cache/checklink-mZLLDF', '/tmp/nimble_3879/bitbucketorg_mahlonnimtnetstring/.hg/cache/checklink')
unlink('/tmp/nimble_3879/bitbucketorg_mahlonnimtnetstring/.hg/updatestate')
mkdir('/tmp/nimble_3879/bitbucketorg_mahlonnimtnetstring/.hg', 0x00000000000001ff)
rmdir('/tmp/nimble_3879/bitbucketorg_mahlonnimtnetstring/.hg/merge')
unlink('/tmp/nimble_3879/bitbucketorg_mahlonnimtnetstring/.hgignore')
mkdir('/tmp/nimble_3879/bitbucketorg_mahlonnimtnetstring', 0x00000000000001ff)
unlink('/tmp/nimble_3879/bitbucketorg_mahlonnimtnetstring/Makefile')
mkdir('/tmp/nimble_3879/bitbucketorg_mahlonnimtnetstring', 0x00000000000001ff)
unlink('/tmp/nimble_3879/bitbucketorg_mahlonnimtnetstring/README.md')
mkdir('/tmp/nimble_3879/bitbucketorg_mahlonnimtnetstring', 0x00000000000001ff)
unlink('/tmp/nimble_3879/bitbucketorg_mahlonnimtnetstring/src/tnetstring.nim')
mkdir('/tmp/nimble_3879/bitbucketorg_mahlonnimtnetstring/src', 0x00000000000001ff)
unlink('/tmp/nimble_3879/bitbucketorg_mahlonnimtnetstring/tnetstring.nimble')
mkdir('/tmp/nimble_3879/bitbucketorg_mahlonnimtnetstring', 0x00000000000001ff)
unlink('/tmp/nimble_3879/bitbucketorg_mahlonnimtnetstring/.hg/updatestate')
mkdir('/tmp/nimble_3879/bitbucketorg_mahlonnimtnetstring/.hg', 0x00000000000001ff)       Info /tmp/nimble_3879/bitbucketorg_mahlonnimtnetstring/tnetstring_3879.nims(5, 22) Warning: imported and not used: 'strutils' [UnusedImport]
  Verifying dependencies for tnetstring@0.1.2
 Installing tnetstring@0.1.2
    Copying file /tmp/nimble_3879/bitbucketorg_mahlonnimtnetstring/src/tnetstring.nim to /home/runner/.nimble/pkgs/tnetstring-0.1.2/tnetstring.nim
    Copying file /tmp/nimble_3879/bitbucketorg_mahlonnimtnetstring/tnetstring.nimble to /home/runner/.nimble/pkgs/tnetstring-0.1.2/tnetstring.nimble
   Success: tnetstring installed successfully.
       Info /home/runner/.nimble/pkgs/tnetstring-0.1.2/tnetstring_3879.nims(5, 22) Warning: imported and not used: 'strutils' [UnusedImport]

chmod('/tmp/nimble_3879/bitbucketorg_mahlonnimtnetstring/.hg/.branch-sbbv71~', 0x00000000000001a4)
rename('/tmp/nimble_3879/bitbucketorg_mahlonnimtnetstring/.hg/.branch-sbbv71~', '/tmp/nimble_3879/bitbucketorg_mahlonnimtnetstring/.hg/branch')
mkdir('/tmp/nimble_3879/bitbucketorg_mahlonnimtnetstring/.hg', 0x00000000000001ff)
chmod('/tmp/nimble_3879/bitbucketorg_mahlonnimtnetstring/.hg/.dirstate-y5JodO~', 0x00000000000001a4)
rename('/tmp/nimble_3879/bitbucketorg_mahlonnimtnetstring/.hg/.dirstate-y5JodO~', '/tmp/nimble_3879/bitbucketorg_mahlonnimtnetstring/.hg/dirstate')
unlink('/tmp/nimble_3879/bitbucketorg_mahlonnimtnetstring/.hg/wlock')
mkdir('/tmp/nimble_3879/bitbucketorg_mahlonnimtnetstring/.hg/cache', 0x00000000000001ff)
chmod('/tmp/nimble_3879/bitbucketorg_mahlonnimtnetstring/.hg/cache/.tags2-visible-IsHuk3~', 0x00000000000001a4)
rename('/tmp/nimble_3879/bitbucketorg_mahlonnimtnetstring/.hg/cache/.tags2-visible-IsHuk3~', '/tmp/nimble_3879/bitbucketorg_mahlonnimtnetstring/.hg/cache/tags2-visible')
mkdir('/tmp', 0x00000000000001ff)
mkdir('/tmp/nimblecache', 0x00000000000001ff)
mkdir('/tmp/nimblecache/tnetstring_1150185199', 0x00000000000001ff)
unlink('/tmp/nimblecache/tnetstring_1150185199/tnetstring.ini')
unlink('/tmp/nimble_3879.out')
unlink('/tmp/nimble_3879/bitbucketorg_mahlonnimtnetstring/tnetstring_3879.nims')
mkdir('/home', 0x00000000000001ff)
mkdir('/home/runner', 0x00000000000001ff)
mkdir('/home/runner/.nimble', 0x00000000000001ff)
mkdir('/home/runner/.nimble/pkgs', 0x00000000000001ff)
mkdir('/home/runner/.nimble/pkgs/tnetstring-0.1.2', 0x00000000000001ff)
mkdir('/home', 0x00000000000001ff)
mkdir('/home/runner', 0x00000000000001ff)
mkdir('/home/runner/.nimble', 0x00000000000001ff)
mkdir('/home/runner/.nimble/pkgs', 0x00000000000001ff)
mkdir('/home/runner/.nimble/pkgs/tnetstring-0.1.2', 0x00000000000001ff)
chmod('/home/runner/.nimble/pkgs/tnetstring-0.1.2/tnetstring.nim', 0x00000000000001a4)
chmod('/home/runner/.nimble/pkgs/tnetstring-0.1.2/tnetstring.nimble', 0x00000000000001a4)
mkdir('/tmp', 0x00000000000001ff)
mkdir('/tmp/nimblecache', 0x00000000000001ff)
mkdir('/tmp/nimblecache/tnetstring_3475393858', 0x00000000000001ff)
unlink('/tmp/nimblecache/tnetstring_3475393858/tnetstring.ini')
unlink('/tmp/nimble_3879.out')
unlink('/home/runner/.nimble/pkgs/tnetstring-0.1.2/tnetstring_3879.nims')
unlink('/tmp/nimble_3879/bitbucketorg_mahlonnimtnetstring/README.md')
unlink('/tmp/nimble_3879/bitbucketorg_mahlonnimtnetstring/src/tnetstring.nim')
rmdir('/tmp/nimble_3879/bitbucketorg_mahlonnimtnetstring/src')
unlink('/tmp/nimble_3879/bitbucketorg_mahlonnimtnetstring/Makefile')
unlink('/tmp/nimble_3879/bitbucketorg_mahlonnimtnetstring/tnetstring.nimble')
unlink('/tmp/nimble_3879/bitbucketorg_mahlonnimtnetstring/.hg/undo.desc')
unlink('/tmp/nimble_3879/bitbucketorg_mahlonnimtnetstring/.hg/store/data/src/tnetstring.nim.i')
rmdir('/tmp/nimble_3879/bitbucketorg_mahlonnimtnetstring/.hg/store/data/src')
unlink('/tmp/nimble_3879/bitbucketorg_mahlonnimtnetstring/.hg/store/data/~2ehgignore.i')
unlink('/tmp/nimble_3879/bitbucketorg_mahlonnimtnetstring/.hg/store/data/tnetstring.nim.i')
unlink('/tmp/nimble_3879/bitbucketorg_mahlonnimtnetstring/.hg/store/data/_makefile.i')
unlink('/tmp/nimble_3879/bitbucketorg_mahlonnimtnetstring/.hg/store/data/tnetstring.nimble.i')
unlink('/tmp/nimble_3879/bitbucketorg_mahlonnimtnetstring/.hg/store/data/_r_e_a_d_m_e.md.i')
rmdir('/tmp/nimble_3879/bitbucketorg_mahlonnimtnetstring/.hg/store/data')
unlink('/tmp/nimble_3879/bitbucketorg_mahlonnimtnetstring/.hg/store/00manifest.i')
unlink('/tmp/nimble_3879/bitbucketorg_mahlonnimtnetstring/.hg/store/fncache')
unlink('/tmp/nimble_3879/bitbucketorg_mahlonnimtnetstring/.hg/store/phaseroots')
unlink('/tmp/nimble_3879/bitbucketorg_mahlonnimtnetstring/.hg/store/undo.phaseroots')
unlink('/tmp/nimble_3879/bitbucketorg_mahlonnimtnetstring/.hg/store/undo.backupfiles')
unlink('/tmp/nimble_3879/bitbucketorg_mahlonnimtnetstring/.hg/store/undo')
unlink('/tmp/nimble_3879/bitbucketorg_mahlonnimtnetstring/.hg/store/00changelog.i')
rmdir('/tmp/nimble_3879/bitbucketorg_mahlonnimtnetstring/.hg/store')
unlink('/tmp/nimble_3879/bitbucketorg_mahlonnimtnetstring/.hg/hgrc')
unlink('/tmp/nimble_3879/bitbucketorg_mahlonnimtnetstring/.hg/undo.branch')
unlink('/tmp/nimble_3879/bitbucketorg_mahlonnimtnetstring/.hg/dirstate')
unlink('/tmp/nimble_3879/bitbucketorg_mahlonnimtnetstring/.hg/undo.bookmarks')
unlink('/tmp/nimble_3879/bitbucketorg_mahlonnimtnetstring/.hg/undo.dirstate')
unlink('/tmp/nimble_3879/bitbucketorg_mahlonnimtnetstring/.hg/00changelog.i')
unlink('/tmp/nimble_3879/bitbucketorg_mahlonnimtnetstring/.hg/branch')
unlink('/tmp/nimble_3879/bitbucketorg_mahlonnimtnetstring/.hg/cache/checklink')
unlink('/tmp/nimble_3879/bitbucketorg_mahlonnimtnetstring/.hg/cache/branch2-base')
unlink('/tmp/nimble_3879/bitbucketorg_mahlonnimtnetstring/.hg/cache/checkisexec')
unlink('/tmp/nimble_3879/bitbucketorg_mahlonnimtnetstring/.hg/cache/checklink-target')
unlink('/tmp/nimble_3879/bitbucketorg_mahlonnimtnetstring/.hg/cache/tags2-visible')
rmdir('/tmp/nimble_3879/bitbucketorg_mahlonnimtnetstring/.hg/cache')
unlink('/tmp/nimble_3879/bitbucketorg_mahlonnimtnetstring/.hg/requires')
rmdir('/tmp/nimble_3879/bitbucketorg_mahlonnimtnetstring/.hg')
unlink('/tmp/nimble_3879/bitbucketorg_mahlonnimtnetstring/.hgignore')
rmdir('/tmp/nimble_3879/bitbucketorg_mahlonnimtnetstring')
rmdir('/tmp/nimble_3879')
  create directory /tmp
  create directory /tmp/nimble_3879
  create directory /tmp/nimble_3879/bitbucketorg_mahlonnimtnetstring
  delete /tmp/nimble_3879/bitbucketorg_mahlonnimtnetstring
  create directory /tmp/nimble_3879/bitbucketorg_mahlonnimtnetstring
  create directory /tmp/nimble_3879/bitbucketorg_mahlonnimtnetstring/.hg
  create directory /tmp/nimble_3879/bitbucketorg_mahlonnimtnetstring/.hg/store
  create directory /tmp/nimble_3879/bitbucketorg_mahlonnimtnetstring/.hg
  delete /tmp/nimble_3879/bitbucketorg_mahlonnimtnetstring/.hg/requires
  create directory /tmp/nimble_3879/bitbucketorg_mahlonnimtnetstring/.hg
  create symbolic link from /tmp/nimble_3879/bitbucketorg_mahlonnimtnetstring/.hg/wlock to /home/runner/work/nim_packages_security_audit/nim_packages_security_audit/fv-az86/effffffc:3886
  create symbolic link from /tmp/nimble_3879/bitbucketorg_mahlonnimtnetstring/.hg/store/lock to /home/runner/work/nim_packages_security_audit/nim_packages_security_audit/fv-az86/effffffc:3886
  create directory /tmp/nimble_3879/bitbucketorg_mahlonnimtnetstring/.hg
  change permissions of /tmp/nimble_3879/bitbucketorg_mahlonnimtnetstring/.hg/.dirstate-jNQ2h4~ to rw-r--r--
  rename /tmp/nimble_3879/bitbucketorg_mahlonnimtnetstring/.hg/.dirstate-jNQ2h4~ to dirstate
  delete /tmp/nimble_3879/bitbucketorg_mahlonnimtnetstring/.hg/journal.dirstate
  create hard link from /tmp/nimble_3879/bitbucketorg_mahlonnimtnetstring/.hg/journal.dirstate to /tmp/nimble_3879/bitbucketorg_mahlonnimtnetstring/.hg/dirstate
  delete /tmp/nimble_3879/bitbucketorg_mahlonnimtnetstring/.hg/journal.branch
  create directory /tmp/nimble_3879/bitbucketorg_mahlonnimtnetstring/.hg
  delete /tmp/nimble_3879/bitbucketorg_mahlonnimtnetstring/.hg/journal.desc
  create directory /tmp/nimble_3879/bitbucketorg_mahlonnimtnetstring/.hg
  delete /tmp/nimble_3879/bitbucketorg_mahlonnimtnetstring/.hg/journal.bookmarks
  create directory /tmp/nimble_3879/bitbucketorg_mahlonnimtnetstring/.hg
  delete /tmp/nimble_3879/bitbucketorg_mahlonnimtnetstring/.hg/store/journal.phaseroots
  create directory /tmp/nimble_3879/bitbucketorg_mahlonnimtnetstring/.hg/store
  delete /tmp/nimble_3879/bitbucketorg_mahlonnimtnetstring/.hg/store/journal
  create directory /tmp/nimble_3879/bitbucketorg_mahlonnimtnetstring/.hg/store
  delete /tmp/nimble_3879/bitbucketorg_mahlonnimtnetstring/.hg/store/journal.backupfiles
  create directory /tmp/nimble_3879/bitbucketorg_mahlonnimtnetstring/.hg/store
  create directory /tmp/nimble_3879/bitbucketorg_mahlonnimtnetstring/.hg/store
  create directory /tmp/nimble_3879/bitbucketorg_mahlonnimtnetstring/.hg/store
  create directory /tmp/nimble_3879/bitbucketorg_mahlonnimtnetstring/.hg/store/data
  create directory /tmp/nimble_3879/bitbucketorg_mahlonnimtnetstring/.hg/store/data
  create directory /tmp/nimble_3879/bitbucketorg_mahlonnimtnetstring/.hg/store/data
  create directory /tmp/nimble_3879/bitbucketorg_mahlonnimtnetstring/.hg/store/data/src
  create directory /tmp/nimble_3879/bitbucketorg_mahlonnimtnetstring/.hg/store/data
  create directory /tmp/nimble_3879/bitbucketorg_mahlonnimtnetstring/.hg/store/data
  create directory /tmp/nimble_3879/bitbucketorg_mahlonnimtnetstring/.hg/store
  change permissions of /tmp/nimble_3879/bitbucketorg_mahlonnimtnetstring/.hg/store/.phaseroots-JvqWnc~ to rw-r--r--
  rename /tmp/nimble_3879/bitbucketorg_mahlonnimtnetstring/.hg/store/.phaseroots-JvqWnc~ to phaseroots
  rename /tmp/nimble_3879/bitbucketorg_mahlonnimtnetstring/.hg/store/00changelog.i.a to 00changelog.i
  create directory /tmp/nimble_3879/bitbucketorg_mahlonnimtnetstring/.hg/store
  change permissions of /tmp/nimble_3879/bitbucketorg_mahlonnimtnetstring/.hg/store/.fncache-b24x6Q~ to rw-r--r--
  rename /tmp/nimble_3879/bitbucketorg_mahlonnimtnetstring/.hg/store/.fncache-b24x6Q~ to fncache
  delete /tmp/nimble_3879/bitbucketorg_mahlonnimtnetstring/.hg/store/undo.backupfiles
  create directory /tmp/nimble_3879/bitbucketorg_mahlonnimtnetstring/.hg/store
  delete /tmp/nimble_3879/bitbucketorg_mahlonnimtnetstring/.hg/store/undo
  rename /tmp/nimble_3879/bitbucketorg_mahlonnimtnetstring/.hg/store/journal to undo
  delete /tmp/nimble_3879/bitbucketorg_mahlonnimtnetstring/.hg/undo.dirstate
  rename /tmp/nimble_3879/bitbucketorg_mahlonnimtnetstring/.hg/journal.dirstate to undo.dirstate
  delete /tmp/nimble_3879/bitbucketorg_mahlonnimtnetstring/.hg/undo.branch
  rename /tmp/nimble_3879/bitbucketorg_mahlonnimtnetstring/.hg/journal.branch to undo.branch
  delete /tmp/nimble_3879/bitbucketorg_mahlonnimtnetstring/.hg/undo.desc
  rename /tmp/nimble_3879/bitbucketorg_mahlonnimtnetstring/.hg/journal.desc to undo.desc
  delete /tmp/nimble_3879/bitbucketorg_mahlonnimtnetstring/.hg/undo.bookmarks
  rename /tmp/nimble_3879/bitbucketorg_mahlonnimtnetstring/.hg/journal.bookmarks to undo.bookmarks
  delete /tmp/nimble_3879/bitbucketorg_mahlonnimtnetstring/.hg/store/undo.phaseroots
  rename /tmp/nimble_3879/bitbucketorg_mahlonnimtnetstring/.hg/store/journal.phaseroots to undo.phaseroots
  delete /tmp/nimble_3879/bitbucketorg_mahlonnimtnetstring/.hg/store/journal.backupfiles
  create directory /tmp/nimble_3879/bitbucketorg_mahlonnimtnetstring/.hg/cache
  change permissions of /tmp/nimble_3879/bitbucketorg_mahlonnimtnetstring/.hg/cache/.branch2-base-xeFREL~ to rw-r--r--
  rename /tmp/nimble_3879/bitbucketorg_mahlonnimtnetstring/.hg/cache/.branch2-base-xeFREL~ to branch2-base
  delete /tmp/nimble_3879/bitbucketorg_mahlonnimtnetstring/.hg/store/lock
  delete /tmp/nimble_3879/bitbucketorg_mahlonnimtnetstring/.hg/wlock
  delete /tmp/nimble_3879/bitbucketorg_mahlonnimtnetstring/.hg/hgrc
  create directory /tmp/nimble_3879/bitbucketorg_mahlonnimtnetstring/.hg
  create symbolic link from /tmp/nimble_3879/bitbucketorg_mahlonnimtnetstring/.hg/wlock to /home/runner/work/nim_packages_security_audit/nim_packages_security_audit/fv-az86/effffffc:3886
  change permissions of /tmp/nimble_3879/bitbucketorg_mahlonnimtnetstring/.hg/cache/hg-checkexec-zWBVbV to rwx--x--x
  rename /tmp/nimble_3879/bitbucketorg_mahlonnimtnetstring/.hg/cache/hg-checkexec-zWBVbV to checkisexec
  create symbolic link from /tmp/nimble_3879/bitbucketorg_mahlonnimtnetstring/.hg/cache/checklink-mZLLDF to /home/runner/work/nim_packages_security_audit/nim_packages_security_audit/checklink-target
  rename /tmp/nimble_3879/bitbucketorg_mahlonnimtnetstring/.hg/cache/checklink-mZLLDF to checklink
  delete /tmp/nimble_3879/bitbucketorg_mahlonnimtnetstring/.hg/updatestate
  create directory /tmp/nimble_3879/bitbucketorg_mahlonnimtnetstring/.hg
  delete /tmp/nimble_3879/bitbucketorg_mahlonnimtnetstring/.hg/merge
  delete /tmp/nimble_3879/bitbucketorg_mahlonnimtnetstring/.hgignore
  create directory /tmp/nimble_3879/bitbucketorg_mahlonnimtnetstring
  delete /tmp/nimble_3879/bitbucketorg_mahlonnimtnetstring/Makefile
  create directory /tmp/nimble_3879/bitbucketorg_mahlonnimtnetstring
  delete /tmp/nimble_3879/bitbucketorg_mahlonnimtnetstring/README.md
  create directory /tmp/nimble_3879/bitbucketorg_mahlonnimtnetstring
  delete /tmp/nimble_3879/bitbucketorg_mahlonnimtnetstring/src/tnetstring.nim
  create directory /tmp/nimble_3879/bitbucketorg_mahlonnimtnetstring/src
  delete /tmp/nimble_3879/bitbucketorg_mahlonnimtnetstring/tnetstring.nimble
  create directory /tmp/nimble_3879/bitbucketorg_mahlonnimtnetstring
  delete /tmp/nimble_3879/bitbucketorg_mahlonnimtnetstring/.hg/updatestate
  create directory /tmp/nimble_3879/bitbucketorg_mahlonnimtnetstring/.hg
  change permissions of /tmp/nimble_3879/bitbucketorg_mahlonnimtnetstring/.hg/.branch-sbbv71~ to rw-r--r--
  rename /tmp/nimble_3879/bitbucketorg_mahlonnimtnetstring/.hg/.branch-sbbv71~ to branch
  create directory /tmp/nimble_3879/bitbucketorg_mahlonnimtnetstring/.hg
  change permissions of /tmp/nimble_3879/bitbucketorg_mahlonnimtnetstring/.hg/.dirstate-y5JodO~ to rw-r--r--
  rename /tmp/nimble_3879/bitbucketorg_mahlonnimtnetstring/.hg/.dirstate-y5JodO~ to dirstate
  delete /tmp/nimble_3879/bitbucketorg_mahlonnimtnetstring/.hg/wlock
  create directory /tmp/nimble_3879/bitbucketorg_mahlonnimtnetstring/.hg/cache
  change permissions of /tmp/nimble_3879/bitbucketorg_mahlonnimtnetstring/.hg/cache/.tags2-visible-IsHuk3~ to rw-r--r--
  rename /tmp/nimble_3879/bitbucketorg_mahlonnimtnetstring/.hg/cache/.tags2-visible-IsHuk3~ to tags2-visible
  create directory /tmp
  create directory /tmp/nimblecache
  create directory /tmp/nimblecache/tnetstring_1150185199
  delete /tmp/nimblecache/tnetstring_1150185199/tnetstring.ini
  delete /tmp/nimble_3879.out
  delete /tmp/nimble_3879/bitbucketorg_mahlonnimtnetstring/tnetstring_3879.nims
  create directory /home
  create directory /home/runner
  create directory /home/runner/.nimble
  create directory /home/runner/.nimble/pkgs
  create directory /home/runner/.nimble/pkgs/tnetstring-0.1.2
  create directory /home
  create directory /home/runner
  create directory /home/runner/.nimble
  create directory /home/runner/.nimble/pkgs
  create directory /home/runner/.nimble/pkgs/tnetstring-0.1.2
  change permissions of /home/runner/.nimble/pkgs/tnetstring-0.1.2/tnetstring.nim to rw-r--r--
  change permissions of /home/runner/.nimble/pkgs/tnetstring-0.1.2/tnetstring.nimble to rw-r--r--
  create directory /tmp
  create directory /tmp/nimblecache
  create directory /tmp/nimblecache/tnetstring_3475393858
  delete /tmp/nimblecache/tnetstring_3475393858/tnetstring.ini
  delete /tmp/nimble_3879.out
  delete /home/runner/.nimble/pkgs/tnetstring-0.1.2/tnetstring_3879.nims
  delete /tmp/nimble_3879/bitbucketorg_mahlonnimtnetstring/README.md
  delete /tmp/nimble_3879/bitbucketorg_mahlonnimtnetstring/src/tnetstring.nim
  delete /tmp/nimble_3879/bitbucketorg_mahlonnimtnetstring/src
  delete /tmp/nimble_3879/bitbucketorg_mahlonnimtnetstring/Makefile
  delete /tmp/nimble_3879/bitbucketorg_mahlonnimtnetstring/tnetstring.nimble
  delete /tmp/nimble_3879/bitbucketorg_mahlonnimtnetstring/.hg/undo.desc
  delete /tmp/nimble_3879/bitbucketorg_mahlonnimtnetstring/.hg/store/data/src/tnetstring.nim.i
  delete /tmp/nimble_3879/bitbucketorg_mahlonnimtnetstring/.hg/store/data/src
  delete /tmp/nimble_3879/bitbucketorg_mahlonnimtnetstring/.hg/store/data/~2ehgignore.i
  delete /tmp/nimble_3879/bitbucketorg_mahlonnimtnetstring/.hg/store/data/tnetstring.nim.i
  delete /tmp/nimble_3879/bitbucketorg_mahlonnimtnetstring/.hg/store/data/_makefile.i
  delete /tmp/nimble_3879/bitbucketorg_mahlonnimtnetstring/.hg/store/data/tnetstring.nimble.i
  delete /tmp/nimble_3879/bitbucketorg_mahlonnimtnetstring/.hg/store/data/_r_e_a_d_m_e.md.i
  delete /tmp/nimble_3879/bitbucketorg_mahlonnimtnetstring/.hg/store/data
  delete /tmp/nimble_3879/bitbucketorg_mahlonnimtnetstring/.hg/store/00manifest.i
  delete /tmp/nimble_3879/bitbucketorg_mahlonnimtnetstring/.hg/store/fncache
  delete /tmp/nimble_3879/bitbucketorg_mahlonnimtnetstring/.hg/store/phaseroots
  delete /tmp/nimble_3879/bitbucketorg_mahlonnimtnetstring/.hg/store/undo.phaseroots
  delete /tmp/nimble_3879/bitbucketorg_mahlonnimtnetstring/.hg/store/undo.backupfiles
  delete /tmp/nimble_3879/bitbucketorg_mahlonnimtnetstring/.hg/store/undo
  delete /tmp/nimble_3879/bitbucketorg_mahlonnimtnetstring/.hg/store/00changelog.i
  delete /tmp/nimble_3879/bitbucketorg_mahlonnimtnetstring/.hg/store
  delete /tmp/nimble_3879/bitbucketorg_mahlonnimtnetstring/.hg/hgrc
  delete /tmp/nimble_3879/bitbucketorg_mahlonnimtnetstring/.hg/undo.branch
  delete /tmp/nimble_3879/bitbucketorg_mahlonnimtnetstring/.hg/dirstate
  delete /tmp/nimble_3879/bitbucketorg_mahlonnimtnetstring/.hg/undo.bookmarks
  delete /tmp/nimble_3879/bitbucketorg_mahlonnimtnetstring/.hg/undo.dirstate
  delete /tmp/nimble_3879/bitbucketorg_mahlonnimtnetstring/.hg/00changelog.i
  delete /tmp/nimble_3879/bitbucketorg_mahlonnimtnetstring/.hg/branch
  delete /tmp/nimble_3879/bitbucketorg_mahlonnimtnetstring/.hg/cache/checklink
  delete /tmp/nimble_3879/bitbucketorg_mahlonnimtnetstring/.hg/cache/branch2-base
  delete /tmp/nimble_3879/bitbucketorg_mahlonnimtnetstring/.hg/cache/checkisexec
  delete /tmp/nimble_3879/bitbucketorg_mahlonnimtnetstring/.hg/cache/checklink-target
  delete /tmp/nimble_3879/bitbucketorg_mahlonnimtnetstring/.hg/cache/tags2-visible
  delete /tmp/nimble_3879/bitbucketorg_mahlonnimtnetstring/.hg/cache
  delete /tmp/nimble_3879/bitbucketorg_mahlonnimtnetstring/.hg/requires
  delete /tmp/nimble_3879/bitbucketorg_mahlonnimtnetstring/.hg
  delete /tmp/nimble_3879/bitbucketorg_mahlonnimtnetstring/.hgignore
  delete /tmp/nimble_3879/bitbucketorg_mahlonnimtnetstring
  delete /tmp/nimble_3879
