      Info: Package cache path /home/runner/.nimble/pkgcache
     Info:  Nimble data file "/home/runner/.nimble/nimbledata2.json" has been loaded.
    Reading official package list
Downloading https://github.com/thisago/tokarax using git
   Warning: The package has no tagged releases, downloading HEAD instead.
open('/workspace/destdir/ssl/openssl.cnf', 32768, 0x00000000000001b6)
open('/home/runner/.config/nimble/nimble.ini', 557056, 0x00000000000001b6)
open('/home/runner/.config/babel/babel.ini', 557056, 0x00000000000001b6)
writev(1, 0x00007ffcb87df6f0, 2)
open('/home/runner/.nimble/nimbledata2.json', 557056, 0x00000000000001b6)
writev(1, 0x00007ffcb87df7c0, 2)
writev(1, 0x00007ffe86aa7e10, 2)
writev(1, 0x00007ffe86aa7ea0, 2)
writev(1, 0x00007ffe86aa7ea0, 2)
writev(1, 0x00007ffe86aa7ea0, 2)
writev(1, 0x00007ffcb87de2e0, 2)
open('/home/runner/.nimble/packages_official.json', 557056, 0x00000000000001b6)
mkdir('/home/', 0x00000000000001ff)
mkdir('/home/runner/', 0x00000000000001ff)
mkdir('/home/runner/.nimble/', 0x00000000000001ff)
mkdir('/home/runner/.nimble/pkgcache/', 0x00000000000001ff)
mkdir('/home/runner/.nimble/pkgcache/githubcom_thisagotokarax', 0x00000000000001ff)
open('/home/runner/.nimble/pkgcache/githubcom_thisagotokarax', 622592, 0x0000000000000000)
writev(1, 0x00007ffcb87de3d0, 2)
open('/home/runner/.nimble/pkgcache/githubcom_thisagotokarax', 622592, 0x0000000000000000)
rmdir('/home/runner/.nimble/pkgcache/githubcom_thisagotokarax')
writev(1, 0x00007ffcb87de2c0, 2)
mkdir(94816533772624, 0x00000000000001ff)
Error tracing process: readBytes(0x0000563c31d07950, 256) error: [Errno 5] Input/output error.
