     Info:  Nimble data file "/home/runner/.nimble/nimbledata2.json" has been loaded.
    Reading official package list
Downloading https://github.com/FedericoCeratto/nim-tor using git
    Cloning latest tagged version: 0.2.0
open('/workspace/destdir/ssl/openssl.cnf', 32768, 0x00000000000001b6)
open('/home/runner/.config/nimble/nimble.ini', 557056, 0x00000000000001b6)
open('/home/runner/.config/babel/babel.ini', 557056, 0x00000000000001b6)
open('/home/runner/.nimble/nimbledata2.json', 557056, 0x00000000000001b6)
writev(1, 0x00007ffe24193520, 2)
open('/home/runner/work/nim_packages_security_audit/nim_packages_security_audit', 622592, 0x0000000000000000)
writev(1, 0x00007ffe24192150, 2)
open('/home/runner/.nimble/packages_official.json', 557056, 0x00000000000001b6)
mkdir('/tmp/', 0x00000000000001ff)
mkdir('/tmp/nimble_2932/', 0x00000000000001ff)
mkdir('/tmp/nimble_2932/githubcom_FedericoCerattonimtor', 0x00000000000001ff)
open('/tmp/nimble_2932/githubcom_FedericoCerattonimtor', 622592, 0x0000000000000000)
writev(1, 0x00007ffe24192210, 2)
open('/tmp/nimble_2932/githubcom_FedericoCerattonimtor', 622592, 0x0000000000000000)
rmdir('/tmp/nimble_2932/githubcom_FedericoCerattonimtor')
writev(1, 0x00007ffe24192100, 2)
mkdir(94110214256240, 0x00000000000001ff)
Error tracing process: readBytes(0x00005597bde3f670, 256) error: [Errno 5] Input/output error.
