      Info: Package cache path /home/runner/.nimble/pkgcache
     Info:  Nimble data file "/home/runner/.nimble/nimbledata2.json" has been loaded.
    Reading official package list
Downloading https://github.com/juancarlospaco/nim-tinyslation using git
    Cloning latest tagged version: 0.3.1
open('/workspace/destdir/ssl/openssl.cnf', 32768, 0x00000000000001b6)
open('/home/runner/.config/nimble/nimble.ini', 557056, 0x00000000000001b6)
open('/home/runner/.config/babel/babel.ini', 557056, 0x00000000000001b6)
writev(1, 0x00007ffe220f8940, 2)
open('/home/runner/.nimble/nimbledata2.json', 557056, 0x00000000000001b6)
writev(1, 0x00007ffe220f8a10, 2)
writev(1, 0x00007ffc694c3470, 2)
writev(1, 0x00007ffc694c3500, 2)
writev(1, 0x00007ffc694c3500, 2)
writev(1, 0x00007ffc694c3500, 2)
writev(1, 0x00007ffe220f73f0, 2)
open('/home/runner/.nimble/packages_official.json', 557056, 0x00000000000001b6)
mkdir('/home/', 0x00000000000001ff)
mkdir('/home/runner/', 0x00000000000001ff)
mkdir('/home/runner/.nimble/', 0x00000000000001ff)
mkdir('/home/runner/.nimble/pkgcache/', 0x00000000000001ff)
mkdir('/home/runner/.nimble/pkgcache/githubcom_juancarlospaconimtinyslation', 0x00000000000001ff)
open('/home/runner/.nimble/pkgcache/githubcom_juancarlospaconimtinyslation', 622592, 0x0000000000000000)
writev(1, 0x00007ffe220f74d0, 2)
open('/home/runner/.nimble/pkgcache/githubcom_juancarlospaconimtinyslation', 622592, 0x0000000000000000)
rmdir('/home/runner/.nimble/pkgcache/githubcom_juancarlospaconimtinyslation')
writev(1, 0x00007ffe220f73c0, 2)
mkdir(94393089358640, 0x00000000000001ff)
Error tracing process: readBytes(0x000055d99a8f7b30, 256) error: [Errno 5] Input/output error.
