     Info:  Nimble data file "/home/runner/.nimble/nimbledata2.json" has been loaded.
    Reading official package list
Downloading https://github.com/genotrance/nimtreesitter using git (subdir is 'treesitter_go')
    Cloning latest tagged version: v0.1.1
open('/workspace/destdir/ssl/openssl.cnf', 32768, 0x00000000000001b6)
open('/home/runner/.config/nimble/nimble.ini', 557056, 0x00000000000001b6)
open('/home/runner/.config/babel/babel.ini', 557056, 0x00000000000001b6)
open('/home/runner/.nimble/nimbledata2.json', 557056, 0x00000000000001b6)
writev(1, 0x00007ffea33b7060, 2)
writev(1, 0x00007ffea33b6940, 2)
open('/home/runner/.nimble/packages_official.json', 557056, 0x00000000000001b6)
mkdir('/tmp/', 0x00000000000001ff)
mkdir('/tmp/nimble_2706/', 0x00000000000001ff)
mkdir('/tmp/nimble_2706/githubcom_genotrancenimtreesitter', 0x00000000000001ff)
writev(1, 0x00007ffea33b6910, 2)
open('/tmp/nimble_2706/githubcom_genotrancenimtreesitter', 622592, 0x0000000000000000)
rmdir('/tmp/nimble_2706/githubcom_genotrancenimtreesitter')
writev(1, 0x00007ffea33b6880, 2)
mkdir(94062807598272, 0x00000000000001ff)
Error tracing process: readBytes(0x0000558cb43bc4c0, 256) error: [Errno 5] Input/output error.
