      Info: Package cache path /home/runner/.nimble/pkgcache
     Info:  Nimble data file "/home/runner/.nimble/nimbledata2.json" has been loaded.
    Reading official package list
Downloading https://github.com/genotrance/nimtreesitter using git (subdir is 'treesitter_cpp')
    Cloning latest tagged version: v0.1.1
open('/workspace/destdir/ssl/openssl.cnf', 32768, 0x00000000000001b6)
open('/home/runner/.config/nimble/nimble.ini', 557056, 0x00000000000001b6)
open('/home/runner/.config/babel/babel.ini', 557056, 0x00000000000001b6)
writev(1, 0x00007ffc388d4520, 2)
open('/home/runner/.nimble/nimbledata2.json', 557056, 0x00000000000001b6)
writev(1, 0x00007ffc388d45f0, 2)
writev(1, 0x00007fffb1042f30, 2)
writev(1, 0x00007fffb1042fc0, 2)
writev(1, 0x00007fffb1042fc0, 2)
writev(1, 0x00007fffb1042fc0, 2)
writev(1, 0x00007ffc388d2fd0, 2)
open('/home/runner/.nimble/packages_official.json', 557056, 0x00000000000001b6)
mkdir('/tmp/', 0x00000000000001ff)
mkdir('/tmp/nimble_3006/', 0x00000000000001ff)
mkdir('/tmp/nimble_3006/githubcom_genotrancenimtreesitter', 0x00000000000001ff)
open('/tmp/nimble_3006/githubcom_genotrancenimtreesitter/treesitter_cpp', 622592, 0x0000000000000000)
writev(1, 0x00007ffc388d30b0, 2)
open('/tmp/nimble_3006/githubcom_genotrancenimtreesitter', 622592, 0x0000000000000000)
rmdir('/tmp/nimble_3006/githubcom_genotrancenimtreesitter')
writev(1, 0x00007ffc388d2fa0, 2)
mkdir(94378281397248, 0x00000000000001ff)
Error tracing process: readBytes(0x000055d627efec00, 256) error: [Errno 5] Input/output error.
