      Info: Package cache path /home/runner/.nimble/pkgcache
     Info:  Nimble data file "/home/runner/.nimble/nimbledata2.json" has been loaded.
    Reading official package list
Downloading https://github.com/genotrance/nimtreesitter using git (subdir is 'treesitter_ocaml')
    Cloning latest tagged version: v0.1.1
open('/workspace/destdir/ssl/openssl.cnf', 32768, 0x00000000000001b6)
open('/home/runner/.config/nimble/nimble.ini', 557056, 0x00000000000001b6)
open('/home/runner/.config/babel/babel.ini', 557056, 0x00000000000001b6)
writev(1, 0x00007ffc7741cb60, 2)
open('/home/runner/.nimble/nimbledata2.json', 557056, 0x00000000000001b6)
writev(1, 0x00007ffc7741cc30, 2)
writev(1, 0x00007ffe77fb3f30, 2)
writev(1, 0x00007ffe77fb3fc0, 2)
writev(1, 0x00007ffe77fb3fc0, 2)
writev(1, 0x00007ffe77fb3fc0, 2)
writev(1, 0x00007ffc7741b750, 2)
open('/home/runner/.nimble/packages_official.json', 557056, 0x00000000000001b6)
mkdir('/tmp/', 0x00000000000001ff)
mkdir('/tmp/nimble_3085/', 0x00000000000001ff)
mkdir('/tmp/nimble_3085/githubcom_genotrancenimtreesitter', 0x00000000000001ff)
open('/tmp/nimble_3085/githubcom_genotrancenimtreesitter/treesitter_ocaml', 622592, 0x0000000000000000)
writev(1, 0x00007ffc7741b840, 2)
open('/tmp/nimble_3085/githubcom_genotrancenimtreesitter', 622592, 0x0000000000000000)
rmdir('/tmp/nimble_3085/githubcom_genotrancenimtreesitter')
writev(1, 0x00007ffc7741b730, 2)
mkdir(94075464207440, 0x00000000000001ff)
Error tracing process: readBytes(0x0000558fa6a04c50, 256) error: [Errno 5] Input/output error.
