      Info: Package cache path /home/runner/.nimble/pkgcache
     Info:  Nimble data file "/home/runner/.nimble/nimbledata2.json" has been loaded.
    Reading official package list
Downloading https://github.com/genotrance/nimtreesitter using git (subdir is 'treesitter_c')
    Cloning latest tagged version: v0.1.1
open('/workspace/destdir/ssl/openssl.cnf', 32768, 0x00000000000001b6)
open('/home/runner/.config/nimble/nimble.ini', 557056, 0x00000000000001b6)
open('/home/runner/.config/babel/babel.ini', 557056, 0x00000000000001b6)
writev(1, 0x00007fff0687bff0, 2)
open('/home/runner/.nimble/nimbledata2.json', 557056, 0x00000000000001b6)
writev(1, 0x00007fff0687c0c0, 2)
writev(1, 0x00007ffe21bc8040, 2)
writev(1, 0x00007ffe21bc80d0, 2)
writev(1, 0x00007ffe21bc80d0, 2)
writev(1, 0x00007ffe21bc80d0, 2)
writev(1, 0x00007fff0687aaa0, 2)
open('/home/runner/.nimble/packages_official.json', 557056, 0x00000000000001b6)
mkdir('/tmp/', 0x00000000000001ff)
mkdir('/tmp/nimble_2975/', 0x00000000000001ff)
mkdir('/tmp/nimble_2975/githubcom_genotrancenimtreesitter', 0x00000000000001ff)
open('/tmp/nimble_2975/githubcom_genotrancenimtreesitter/treesitter_c', 622592, 0x0000000000000000)
writev(1, 0x00007fff0687ab80, 2)
open('/tmp/nimble_2975/githubcom_genotrancenimtreesitter', 622592, 0x0000000000000000)
rmdir('/tmp/nimble_2975/githubcom_genotrancenimtreesitter')
writev(1, 0x00007fff0687aa70, 2)
mkdir(94303720233984, 0x00000000000001ff)
Error tracing process: readBytes(0x000055c4cbbedc00, 256) error: [Errno 5] Input/output error.
