    Reading official package list
Downloading https://github.com/linksplatform/Data.Triplets using git
    Cloning latest tagged version: 0.1.0
  Verifying dependencies for triplets@0.0.8
   Warning: No nimblemeta.json file found in /home/runner/.nimble/pkgs/treesitter_typescript-0.1.1
 Installing triplets@0.0.8
    Copying file /tmp/nimble_24294/githubcom_linksplatformDataTriplets/nim/src/triplets.nim to /home/runner/.nimble/pkgs/triplets-0.0.8/triplets.nim
    Copying file /tmp/nimble_24294/githubcom_linksplatformDataTriplets/nim/src/triplets/PersistentMemoryManager.nim to /home/runner/.nimble/pkgs/triplets-0.0.8/triplets/PersistentMemoryManager.nim
    Copying file /tmp/nimble_24294/githubcom_linksplatformDataTriplets/nim/src/triplets/LinkC.nim to /home/runner/.nimble/pkgs/triplets-0.0.8/triplets/LinkC.nim
    Copying file /tmp/nimble_24294/githubcom_linksplatformDataTriplets/nim/src/triplets/consts.nim to /home/runner/.nimble/pkgs/triplets-0.0.8/triplets/consts.nim
    Copying file /tmp/nimble_24294/githubcom_linksplatformDataTriplets/nim/src/triplets/Link.nim to /home/runner/.nimble/pkgs/triplets-0.0.8/triplets/Link.nim
    Copying file /tmp/nimble_24294/githubcom_linksplatformDataTriplets/triplets.nimble to /home/runner/.nimble/pkgs/triplets-0.0.8/triplets.nimble
   Success: triplets installed successfully.
mkdir('/tmp', 0x00000000000001ff)
mkdir('/tmp/nimble_24294', 0x00000000000001ff)
mkdir('/tmp/nimble_24294/githubcom_linksplatformDataTriplets', 0x00000000000001ff)
rmdir('/tmp/nimble_24294/githubcom_linksplatformDataTriplets')
mkdir('/tmp/nimble_24294/githubcom_linksplatformDataTriplets', 0x00000000000001ff)
mkdir('/tmp/nimble_24294/githubcom_linksplatformDataTriplets/.git', 0x00000000000001ff)
mkdir('/tmp/nimble_24294/githubcom_linksplatformDataTriplets/.git/', 0x00000000000001ff)
mkdir('/tmp/nimble_24294/githubcom_linksplatformDataTriplets/.git/branches/', 0x00000000000001ff)
mkdir('/tmp/nimble_24294/githubcom_linksplatformDataTriplets/.git/hooks/', 0x00000000000001ff)
mkdir('/tmp/nimble_24294/githubcom_linksplatformDataTriplets/.git/info/', 0x00000000000001ff)
mkdir('/tmp/nimble_24294/githubcom_linksplatformDataTriplets/.git/refs', 0x00000000000001ff)
mkdir('/tmp/nimble_24294/githubcom_linksplatformDataTriplets/.git/refs/heads', 0x00000000000001ff)
mkdir('/tmp/nimble_24294/githubcom_linksplatformDataTriplets/.git/refs/tags', 0x00000000000001ff)
rename('/tmp/nimble_24294/githubcom_linksplatformDataTriplets/.git/HEAD.lock', '/tmp/nimble_24294/githubcom_linksplatformDataTriplets/.git/HEAD')
rename('/tmp/nimble_24294/githubcom_linksplatformDataTriplets/.git/config.lock', '/tmp/nimble_24294/githubcom_linksplatformDataTriplets/.git/config')
chmod('/tmp/nimble_24294/githubcom_linksplatformDataTriplets/.git/config', 0x00000000000081e4)
chmod('/tmp/nimble_24294/githubcom_linksplatformDataTriplets/.git/config', 0x00000000000081a4)
chmod('/tmp/nimble_24294/githubcom_linksplatformDataTriplets/.git/config.lock', 0x00000000000001a4)
rename('/tmp/nimble_24294/githubcom_linksplatformDataTriplets/.git/config.lock', '/tmp/nimble_24294/githubcom_linksplatformDataTriplets/.git/config')
chmod('/tmp/nimble_24294/githubcom_linksplatformDataTriplets/.git/config.lock', 0x00000000000001a4)
rename('/tmp/nimble_24294/githubcom_linksplatformDataTriplets/.git/config.lock', '/tmp/nimble_24294/githubcom_linksplatformDataTriplets/.git/config')
chmod('/tmp/nimble_24294/githubcom_linksplatformDataTriplets/.git/config.lock', 0x00000000000001a4)
rename('/tmp/nimble_24294/githubcom_linksplatformDataTriplets/.git/config.lock', '/tmp/nimble_24294/githubcom_linksplatformDataTriplets/.git/config')
unlink('/tmp/nimble_24294/githubcom_linksplatformDataTriplets/.git/tktKRCd')
symlink('testing', '/tmp/nimble_24294/githubcom_linksplatformDataTriplets/.git/tktKRCd')
unlink('/tmp/nimble_24294/githubcom_linksplatformDataTriplets/.git/tktKRCd')
mkdir('/tmp/nimble_24294/githubcom_linksplatformDataTriplets/.git/objects', 0x00000000000001ff)
mkdir('/tmp/nimble_24294/githubcom_linksplatformDataTriplets/.git/objects/pack', 0x00000000000001ff)
mkdir('/tmp/nimble_24294/githubcom_linksplatformDataTriplets/.git/objects/info', 0x00000000000001ff)
chmod('/tmp/nimble_24294/githubcom_linksplatformDataTriplets/.git/config.lock', 0x00000000000001a4)
rename('/tmp/nimble_24294/githubcom_linksplatformDataTriplets/.git/config.lock', '/tmp/nimble_24294/githubcom_linksplatformDataTriplets/.git/config')
chmod('/tmp/nimble_24294/githubcom_linksplatformDataTriplets/.git/config.lock', 0x00000000000001a4)
rename('/tmp/nimble_24294/githubcom_linksplatformDataTriplets/.git/config.lock', '/tmp/nimble_24294/githubcom_linksplatformDataTriplets/.git/config')
chmod('/tmp/nimble_24294/githubcom_linksplatformDataTriplets/.git/config.lock', 0x00000000000001a4)
rename('/tmp/nimble_24294/githubcom_linksplatformDataTriplets/.git/config.lock', '/tmp/nimble_24294/githubcom_linksplatformDataTriplets/.git/config')
link('/tmp/nimble_24294/githubcom_linksplatformDataTriplets/.git/objects/pack/tmp_pack_QtKjtn', '/tmp/nimble_24294/githubcom_linksplatformDataTriplets/.git/objects/pack/pack-4515cb4b94eaff961a2a64fc6475cefea29b7d11.pack')
unlink('/tmp/nimble_24294/githubcom_linksplatformDataTriplets/.git/objects/pack/tmp_pack_QtKjtn')
link('/tmp/nimble_24294/githubcom_linksplatformDataTriplets/.git/objects/pack/tmp_idx_YbXTZR', '/tmp/nimble_24294/githubcom_linksplatformDataTriplets/.git/objects/pack/pack-4515cb4b94eaff961a2a64fc6475cefea29b7d11.idx')
unlink('/tmp/nimble_24294/githubcom_linksplatformDataTriplets/.git/objects/pack/tmp_idx_YbXTZR')
rename('/tmp/nimble_24294/githubcom_linksplatformDataTriplets/.git/shallow.lock', '/tmp/nimble_24294/githubcom_linksplatformDataTriplets/.git/shallow')
rename('/tmp/nimble_24294/githubcom_linksplatformDataTriplets/.git/packed-refs.new', '/tmp/nimble_24294/githubcom_linksplatformDataTriplets/.git/packed-refs')
unlink('/tmp/nimble_24294/githubcom_linksplatformDataTriplets/.git/packed-refs.lock')
unlink('/tmp/nimble_24294/githubcom_linksplatformDataTriplets/.git/refs/tags/0.1.0.lock')
mkdir('/tmp/nimble_24294/githubcom_linksplatformDataTriplets/.git/logs', 0x00000000000001ff)
rename('/tmp/nimble_24294/githubcom_linksplatformDataTriplets/.git/HEAD.lock', '/tmp/nimble_24294/githubcom_linksplatformDataTriplets/.git/HEAD')
unlink('/tmp/nimble_24294/githubcom_linksplatformDataTriplets/.git/objects/pack/pack-4515cb4b94eaff961a2a64fc6475cefea29b7d11.keep')
mkdir('.github', 0x00000000000001ff)
mkdir('.github/workflows', 0x00000000000001ff)
mkdir('csharp', 0x00000000000001ff)
mkdir('csharp/Platform.Data.Triplets.Tests', 0x00000000000001ff)
mkdir('csharp/Platform.Data.Triplets', 0x00000000000001ff)
mkdir('csharp/Platform.Data.Triplets/Sequences', 0x00000000000001ff)
mkdir('nim', 0x00000000000001ff)
mkdir('nim/src', 0x00000000000001ff)
mkdir('nim/src/triplets', 0x00000000000001ff)
mkdir('nim/tests', 0x00000000000001ff)
rename('/tmp/nimble_24294/githubcom_linksplatformDataTriplets/.git/index.lock', '/tmp/nimble_24294/githubcom_linksplatformDataTriplets/.git/index')
mkdir('/home', 0x00000000000001ff)
mkdir('/home/runner', 0x00000000000001ff)
mkdir('/home/runner/.nimble', 0x00000000000001ff)
mkdir('/home/runner/.nimble/pkgs', 0x00000000000001ff)
mkdir('/home/runner/.nimble/pkgs/triplets-0.0.8', 0x00000000000001ff)
mkdir('/home', 0x00000000000001ff)
mkdir('/home/runner', 0x00000000000001ff)
mkdir('/home/runner/.nimble', 0x00000000000001ff)
mkdir('/home/runner/.nimble/pkgs', 0x00000000000001ff)
mkdir('/home/runner/.nimble/pkgs/triplets-0.0.8', 0x00000000000001ff)
chmod('/home/runner/.nimble/pkgs/triplets-0.0.8/triplets.nim', 0x00000000000001a4)
mkdir('/home', 0x00000000000001ff)
mkdir('/home/runner', 0x00000000000001ff)
mkdir('/home/runner/.nimble', 0x00000000000001ff)
mkdir('/home/runner/.nimble/pkgs', 0x00000000000001ff)
mkdir('/home/runner/.nimble/pkgs/triplets-0.0.8', 0x00000000000001ff)
mkdir('/home/runner/.nimble/pkgs/triplets-0.0.8/triplets', 0x00000000000001ff)
chmod('/home/runner/.nimble/pkgs/triplets-0.0.8/triplets/PersistentMemoryManager.nim', 0x00000000000001a4)
mkdir('/home', 0x00000000000001ff)
mkdir('/home/runner', 0x00000000000001ff)
mkdir('/home/runner/.nimble', 0x00000000000001ff)
mkdir('/home/runner/.nimble/pkgs', 0x00000000000001ff)
mkdir('/home/runner/.nimble/pkgs/triplets-0.0.8', 0x00000000000001ff)
mkdir('/home/runner/.nimble/pkgs/triplets-0.0.8/triplets', 0x00000000000001ff)
chmod('/home/runner/.nimble/pkgs/triplets-0.0.8/triplets/LinkC.nim', 0x00000000000001a4)
mkdir('/home', 0x00000000000001ff)
mkdir('/home/runner', 0x00000000000001ff)
mkdir('/home/runner/.nimble', 0x00000000000001ff)
mkdir('/home/runner/.nimble/pkgs', 0x00000000000001ff)
mkdir('/home/runner/.nimble/pkgs/triplets-0.0.8', 0x00000000000001ff)
mkdir('/home/runner/.nimble/pkgs/triplets-0.0.8/triplets', 0x00000000000001ff)
chmod('/home/runner/.nimble/pkgs/triplets-0.0.8/triplets/consts.nim', 0x00000000000001a4)
mkdir('/home', 0x00000000000001ff)
mkdir('/home/runner', 0x00000000000001ff)
mkdir('/home/runner/.nimble', 0x00000000000001ff)
mkdir('/home/runner/.nimble/pkgs', 0x00000000000001ff)
mkdir('/home/runner/.nimble/pkgs/triplets-0.0.8', 0x00000000000001ff)
mkdir('/home/runner/.nimble/pkgs/triplets-0.0.8/triplets', 0x00000000000001ff)
chmod('/home/runner/.nimble/pkgs/triplets-0.0.8/triplets/Link.nim', 0x00000000000001a4)
chmod('/home/runner/.nimble/pkgs/triplets-0.0.8/triplets.nimble', 0x00000000000001a4)
unlink('/tmp/nimble_24294/githubcom_linksplatformDataTriplets/.gitignore')
unlink('/tmp/nimble_24294/githubcom_linksplatformDataTriplets/.github/FUNDING.yml')
unlink('/tmp/nimble_24294/githubcom_linksplatformDataTriplets/.github/workflows/CD.yml')
rmdir('/tmp/nimble_24294/githubcom_linksplatformDataTriplets/.github/workflows')
rmdir('/tmp/nimble_24294/githubcom_linksplatformDataTriplets/.github')
unlink('/tmp/nimble_24294/githubcom_linksplatformDataTriplets/LICENSE')
unlink('/tmp/nimble_24294/githubcom_linksplatformDataTriplets/csharp/Platform.Data.Triplets.Tests/PersistentMemoryManagerTests.cs')
unlink('/tmp/nimble_24294/githubcom_linksplatformDataTriplets/csharp/Platform.Data.Triplets.Tests/Platform.Data.Triplets.Tests.csproj')
unlink('/tmp/nimble_24294/githubcom_linksplatformDataTriplets/csharp/Platform.Data.Triplets.Tests/LinkTests.cs')
rmdir('/tmp/nimble_24294/githubcom_linksplatformDataTriplets/csharp/Platform.Data.Triplets.Tests')
unlink('/tmp/nimble_24294/githubcom_linksplatformDataTriplets/csharp/Platform.Data.Triplets/GexfExporter.cs')
unlink('/tmp/nimble_24294/githubcom_linksplatformDataTriplets/csharp/Platform.Data.Triplets/Link.cs')
unlink('/tmp/nimble_24294/githubcom_linksplatformDataTriplets/csharp/Platform.Data.Triplets/CharacterHelpers.cs')
unlink('/tmp/nimble_24294/githubcom_linksplatformDataTriplets/csharp/Platform.Data.Triplets/Link.Debug.cs')
unlink('/tmp/nimble_24294/githubcom_linksplatformDataTriplets/csharp/Platform.Data.Triplets/Sequences/SequenceHelpers.cs')
unlink('/tmp/nimble_24294/githubcom_linksplatformDataTriplets/csharp/Platform.Data.Triplets/Sequences/CompressionExperiments.cs')
rmdir('/tmp/nimble_24294/githubcom_linksplatformDataTriplets/csharp/Platform.Data.Triplets/Sequences')
unlink('/tmp/nimble_24294/githubcom_linksplatformDataTriplets/csharp/Platform.Data.Triplets/LinkExtensions.cs')
unlink('/tmp/nimble_24294/githubcom_linksplatformDataTriplets/csharp/Platform.Data.Triplets/LinkConverter.cs')
unlink('/tmp/nimble_24294/githubcom_linksplatformDataTriplets/csharp/Platform.Data.Triplets/NumberHelpers.cs')
unlink('/tmp/nimble_24294/githubcom_linksplatformDataTriplets/csharp/Platform.Data.Triplets/ILink.cs')
unlink('/tmp/nimble_24294/githubcom_linksplatformDataTriplets/csharp/Platform.Data.Triplets/Net.cs')
unlink('/tmp/nimble_24294/githubcom_linksplatformDataTriplets/csharp/Platform.Data.Triplets/Platform.Data.Triplets.csproj')
rmdir('/tmp/nimble_24294/githubcom_linksplatformDataTriplets/csharp/Platform.Data.Triplets')
rmdir('/tmp/nimble_24294/githubcom_linksplatformDataTriplets/csharp')
unlink('/tmp/nimble_24294/githubcom_linksplatformDataTriplets/.git/HEAD')
unlink('/tmp/nimble_24294/githubcom_linksplatformDataTriplets/.git/config')
unlink('/tmp/nimble_24294/githubcom_linksplatformDataTriplets/.git/logs/HEAD')
rmdir('/tmp/nimble_24294/githubcom_linksplatformDataTriplets/.git/logs')
rmdir('/tmp/nimble_24294/githubcom_linksplatformDataTriplets/.git/branches')
unlink('/tmp/nimble_24294/githubcom_linksplatformDataTriplets/.git/packed-refs')
rmdir('/tmp/nimble_24294/githubcom_linksplatformDataTriplets/.git/refs/heads')
rmdir('/tmp/nimble_24294/githubcom_linksplatformDataTriplets/.git/refs/tags')
rmdir('/tmp/nimble_24294/githubcom_linksplatformDataTriplets/.git/refs')
unlink('/tmp/nimble_24294/githubcom_linksplatformDataTriplets/.git/hooks/fsmonitor-watchman.sample')
unlink('/tmp/nimble_24294/githubcom_linksplatformDataTriplets/.git/hooks/pre-rebase.sample')
unlink('/tmp/nimble_24294/githubcom_linksplatformDataTriplets/.git/hooks/pre-push.sample')
unlink('/tmp/nimble_24294/githubcom_linksplatformDataTriplets/.git/hooks/pre-applypatch.sample')
unlink('/tmp/nimble_24294/githubcom_linksplatformDataTriplets/.git/hooks/pre-receive.sample')
unlink('/tmp/nimble_24294/githubcom_linksplatformDataTriplets/.git/hooks/commit-msg.sample')
unlink('/tmp/nimble_24294/githubcom_linksplatformDataTriplets/.git/hooks/pre-merge-commit.sample')
unlink('/tmp/nimble_24294/githubcom_linksplatformDataTriplets/.git/hooks/prepare-commit-msg.sample')
unlink('/tmp/nimble_24294/githubcom_linksplatformDataTriplets/.git/hooks/pre-commit.sample')
unlink('/tmp/nimble_24294/githubcom_linksplatformDataTriplets/.git/hooks/update.sample')
unlink('/tmp/nimble_24294/githubcom_linksplatformDataTriplets/.git/hooks/applypatch-msg.sample')
unlink('/tmp/nimble_24294/githubcom_linksplatformDataTriplets/.git/hooks/post-update.sample')
rmdir('/tmp/nimble_24294/githubcom_linksplatformDataTriplets/.git/hooks')
unlink('/tmp/nimble_24294/githubcom_linksplatformDataTriplets/.git/index')
unlink('/tmp/nimble_24294/githubcom_linksplatformDataTriplets/.git/info/exclude')
rmdir('/tmp/nimble_24294/githubcom_linksplatformDataTriplets/.git/info')
unlink('/tmp/nimble_24294/githubcom_linksplatformDataTriplets/.git/shallow')
unlink('/tmp/nimble_24294/githubcom_linksplatformDataTriplets/.git/description')
unlink('/tmp/nimble_24294/githubcom_linksplatformDataTriplets/.git/objects/pack/pack-4515cb4b94eaff961a2a64fc6475cefea29b7d11.idx')
unlink('/tmp/nimble_24294/githubcom_linksplatformDataTriplets/.git/objects/pack/pack-4515cb4b94eaff961a2a64fc6475cefea29b7d11.pack')
rmdir('/tmp/nimble_24294/githubcom_linksplatformDataTriplets/.git/objects/pack')
rmdir('/tmp/nimble_24294/githubcom_linksplatformDataTriplets/.git/objects/info')
rmdir('/tmp/nimble_24294/githubcom_linksplatformDataTriplets/.git/objects')
rmdir('/tmp/nimble_24294/githubcom_linksplatformDataTriplets/.git')
unlink('/tmp/nimble_24294/githubcom_linksplatformDataTriplets/Platform.Data.Triplets.sln')
unlink('/tmp/nimble_24294/githubcom_linksplatformDataTriplets/triplets.nimble')
unlink('/tmp/nimble_24294/githubcom_linksplatformDataTriplets/README.md')
unlink('/tmp/nimble_24294/githubcom_linksplatformDataTriplets/nim/src/triplets.nim')
unlink('/tmp/nimble_24294/githubcom_linksplatformDataTriplets/nim/src/triplets/PersistentMemoryManager.nim')
unlink('/tmp/nimble_24294/githubcom_linksplatformDataTriplets/nim/src/triplets/LinkC.nim')
unlink('/tmp/nimble_24294/githubcom_linksplatformDataTriplets/nim/src/triplets/consts.nim')
unlink('/tmp/nimble_24294/githubcom_linksplatformDataTriplets/nim/src/triplets/Link.nim')
rmdir('/tmp/nimble_24294/githubcom_linksplatformDataTriplets/nim/src/triplets')
rmdir('/tmp/nimble_24294/githubcom_linksplatformDataTriplets/nim/src')
unlink('/tmp/nimble_24294/githubcom_linksplatformDataTriplets/nim/README.md')
unlink('/tmp/nimble_24294/githubcom_linksplatformDataTriplets/nim/tests/test7.nim')
unlink('/tmp/nimble_24294/githubcom_linksplatformDataTriplets/nim/tests/test10.nim')
unlink('/tmp/nimble_24294/githubcom_linksplatformDataTriplets/nim/tests/test1.nim')
unlink('/tmp/nimble_24294/githubcom_linksplatformDataTriplets/nim/tests/test5.nim')
unlink('/tmp/nimble_24294/githubcom_linksplatformDataTriplets/nim/tests/test9.exe')
unlink('/tmp/nimble_24294/githubcom_linksplatformDataTriplets/nim/tests/test6.nim')
unlink('/tmp/nimble_24294/githubcom_linksplatformDataTriplets/nim/tests/test8.nim')
unlink('/tmp/nimble_24294/githubcom_linksplatformDataTriplets/nim/tests/test10.exe')
unlink('/tmp/nimble_24294/githubcom_linksplatformDataTriplets/nim/tests/test3.nim')
unlink('/tmp/nimble_24294/githubcom_linksplatformDataTriplets/nim/tests/test4.nim')
unlink('/tmp/nimble_24294/githubcom_linksplatformDataTriplets/nim/tests/test10.db')
unlink('/tmp/nimble_24294/githubcom_linksplatformDataTriplets/nim/tests/test2.nim')
unlink('/tmp/nimble_24294/githubcom_linksplatformDataTriplets/nim/tests/test9.nim')
unlink('/tmp/nimble_24294/githubcom_linksplatformDataTriplets/nim/tests/nim.cfg')
rmdir('/tmp/nimble_24294/githubcom_linksplatformDataTriplets/nim/tests')
rmdir('/tmp/nimble_24294/githubcom_linksplatformDataTriplets/nim')
rmdir('/tmp/nimble_24294/githubcom_linksplatformDataTriplets')
rmdir('/tmp/nimble_24294')
  create directory /tmp
  create directory /tmp/nimble_24294
  create directory /tmp/nimble_24294/githubcom_linksplatformDataTriplets
  delete /tmp/nimble_24294/githubcom_linksplatformDataTriplets
  create directory /tmp/nimble_24294/githubcom_linksplatformDataTriplets
  create directory /tmp/nimble_24294/githubcom_linksplatformDataTriplets/.git
  create directory /tmp/nimble_24294/githubcom_linksplatformDataTriplets/.git
  create directory /tmp/nimble_24294/githubcom_linksplatformDataTriplets/.git/branches
  create directory /tmp/nimble_24294/githubcom_linksplatformDataTriplets/.git/hooks
  create directory /tmp/nimble_24294/githubcom_linksplatformDataTriplets/.git/info
  create directory /tmp/nimble_24294/githubcom_linksplatformDataTriplets/.git/refs
  create directory /tmp/nimble_24294/githubcom_linksplatformDataTriplets/.git/refs/heads
  create directory /tmp/nimble_24294/githubcom_linksplatformDataTriplets/.git/refs/tags
  rename /tmp/nimble_24294/githubcom_linksplatformDataTriplets/.git/HEAD.lock to HEAD
  rename /tmp/nimble_24294/githubcom_linksplatformDataTriplets/.git/config.lock to config
  change permissions of /tmp/nimble_24294/githubcom_linksplatformDataTriplets/.git/config to rwxr--r--
  change permissions of /tmp/nimble_24294/githubcom_linksplatformDataTriplets/.git/config to rw-r--r--
  change permissions of /tmp/nimble_24294/githubcom_linksplatformDataTriplets/.git/config.lock to rw-r--r--
  rename /tmp/nimble_24294/githubcom_linksplatformDataTriplets/.git/config.lock to config
  change permissions of /tmp/nimble_24294/githubcom_linksplatformDataTriplets/.git/config.lock to rw-r--r--
  rename /tmp/nimble_24294/githubcom_linksplatformDataTriplets/.git/config.lock to config
  change permissions of /tmp/nimble_24294/githubcom_linksplatformDataTriplets/.git/config.lock to rw-r--r--
  rename /tmp/nimble_24294/githubcom_linksplatformDataTriplets/.git/config.lock to config
  delete /tmp/nimble_24294/githubcom_linksplatformDataTriplets/.git/tktKRCd
  create symbolic link from /tmp/nimble_24294/githubcom_linksplatformDataTriplets/.git/tktKRCd to /home/runner/work/nim_packages_security_audit/nim_packages_security_audit/testing
  delete /tmp/nimble_24294/githubcom_linksplatformDataTriplets/.git/tktKRCd
  create directory /tmp/nimble_24294/githubcom_linksplatformDataTriplets/.git/objects
  create directory /tmp/nimble_24294/githubcom_linksplatformDataTriplets/.git/objects/pack
  create directory /tmp/nimble_24294/githubcom_linksplatformDataTriplets/.git/objects/info
  change permissions of /tmp/nimble_24294/githubcom_linksplatformDataTriplets/.git/config.lock to rw-r--r--
  rename /tmp/nimble_24294/githubcom_linksplatformDataTriplets/.git/config.lock to config
  change permissions of /tmp/nimble_24294/githubcom_linksplatformDataTriplets/.git/config.lock to rw-r--r--
  rename /tmp/nimble_24294/githubcom_linksplatformDataTriplets/.git/config.lock to config
  change permissions of /tmp/nimble_24294/githubcom_linksplatformDataTriplets/.git/config.lock to rw-r--r--
  rename /tmp/nimble_24294/githubcom_linksplatformDataTriplets/.git/config.lock to config
  create hard link from /tmp/nimble_24294/githubcom_linksplatformDataTriplets/.git/objects/pack/pack-4515cb4b94eaff961a2a64fc6475cefea29b7d11.pack to /tmp/nimble_24294/githubcom_linksplatformDataTriplets/.git/objects/pack/tmp_pack_QtKjtn
  delete /tmp/nimble_24294/githubcom_linksplatformDataTriplets/.git/objects/pack/tmp_pack_QtKjtn
  create hard link from /tmp/nimble_24294/githubcom_linksplatformDataTriplets/.git/objects/pack/pack-4515cb4b94eaff961a2a64fc6475cefea29b7d11.idx to /tmp/nimble_24294/githubcom_linksplatformDataTriplets/.git/objects/pack/tmp_idx_YbXTZR
  delete /tmp/nimble_24294/githubcom_linksplatformDataTriplets/.git/objects/pack/tmp_idx_YbXTZR
  rename /tmp/nimble_24294/githubcom_linksplatformDataTriplets/.git/shallow.lock to shallow
  rename /tmp/nimble_24294/githubcom_linksplatformDataTriplets/.git/packed-refs.new to packed-refs
  delete /tmp/nimble_24294/githubcom_linksplatformDataTriplets/.git/packed-refs.lock
  delete /tmp/nimble_24294/githubcom_linksplatformDataTriplets/.git/refs/tags/0.1.0.lock
  create directory /tmp/nimble_24294/githubcom_linksplatformDataTriplets/.git/logs
  rename /tmp/nimble_24294/githubcom_linksplatformDataTriplets/.git/HEAD.lock to HEAD
  delete /tmp/nimble_24294/githubcom_linksplatformDataTriplets/.git/objects/pack/pack-4515cb4b94eaff961a2a64fc6475cefea29b7d11.keep
  create directory /tmp/nimble_24294/githubcom_linksplatformDataTriplets/.github
  create directory /tmp/nimble_24294/githubcom_linksplatformDataTriplets/.github/workflows
  create directory /tmp/nimble_24294/githubcom_linksplatformDataTriplets/csharp
  create directory /tmp/nimble_24294/githubcom_linksplatformDataTriplets/csharp/Platform.Data.Triplets.Tests
  create directory /tmp/nimble_24294/githubcom_linksplatformDataTriplets/csharp/Platform.Data.Triplets
  create directory /tmp/nimble_24294/githubcom_linksplatformDataTriplets/csharp/Platform.Data.Triplets/Sequences
  create directory /tmp/nimble_24294/githubcom_linksplatformDataTriplets/nim
  create directory /tmp/nimble_24294/githubcom_linksplatformDataTriplets/nim/src
  create directory /tmp/nimble_24294/githubcom_linksplatformDataTriplets/nim/src/triplets
  create directory /tmp/nimble_24294/githubcom_linksplatformDataTriplets/nim/tests
  rename /tmp/nimble_24294/githubcom_linksplatformDataTriplets/.git/index.lock to index
  create directory /home
  create directory /home/runner
  create directory /home/runner/.nimble
  create directory /home/runner/.nimble/pkgs
  create directory /home/runner/.nimble/pkgs/triplets-0.0.8
  create directory /home
  create directory /home/runner
  create directory /home/runner/.nimble
  create directory /home/runner/.nimble/pkgs
  create directory /home/runner/.nimble/pkgs/triplets-0.0.8
  change permissions of /home/runner/.nimble/pkgs/triplets-0.0.8/triplets.nim to rw-r--r--
  create directory /home
  create directory /home/runner
  create directory /home/runner/.nimble
  create directory /home/runner/.nimble/pkgs
  create directory /home/runner/.nimble/pkgs/triplets-0.0.8
  create directory /home/runner/.nimble/pkgs/triplets-0.0.8/triplets
  change permissions of /home/runner/.nimble/pkgs/triplets-0.0.8/triplets/PersistentMemoryManager.nim to rw-r--r--
  create directory /home
  create directory /home/runner
  create directory /home/runner/.nimble
  create directory /home/runner/.nimble/pkgs
  create directory /home/runner/.nimble/pkgs/triplets-0.0.8
  create directory /home/runner/.nimble/pkgs/triplets-0.0.8/triplets
  change permissions of /home/runner/.nimble/pkgs/triplets-0.0.8/triplets/LinkC.nim to rw-r--r--
  create directory /home
  create directory /home/runner
  create directory /home/runner/.nimble
  create directory /home/runner/.nimble/pkgs
  create directory /home/runner/.nimble/pkgs/triplets-0.0.8
  create directory /home/runner/.nimble/pkgs/triplets-0.0.8/triplets
  change permissions of /home/runner/.nimble/pkgs/triplets-0.0.8/triplets/consts.nim to rw-r--r--
  create directory /home
  create directory /home/runner
  create directory /home/runner/.nimble
  create directory /home/runner/.nimble/pkgs
  create directory /home/runner/.nimble/pkgs/triplets-0.0.8
  create directory /home/runner/.nimble/pkgs/triplets-0.0.8/triplets
  change permissions of /home/runner/.nimble/pkgs/triplets-0.0.8/triplets/Link.nim to rw-r--r--
  change permissions of /home/runner/.nimble/pkgs/triplets-0.0.8/triplets.nimble to rw-r--r--
  delete /tmp/nimble_24294/githubcom_linksplatformDataTriplets/.gitignore
  delete /tmp/nimble_24294/githubcom_linksplatformDataTriplets/.github/FUNDING.yml
  delete /tmp/nimble_24294/githubcom_linksplatformDataTriplets/.github/workflows/CD.yml
  delete /tmp/nimble_24294/githubcom_linksplatformDataTriplets/.github/workflows
  delete /tmp/nimble_24294/githubcom_linksplatformDataTriplets/.github
  delete /tmp/nimble_24294/githubcom_linksplatformDataTriplets/LICENSE
  delete /tmp/nimble_24294/githubcom_linksplatformDataTriplets/csharp/Platform.Data.Triplets.Tests/PersistentMemoryManagerTests.cs
  delete /tmp/nimble_24294/githubcom_linksplatformDataTriplets/csharp/Platform.Data.Triplets.Tests/Platform.Data.Triplets.Tests.csproj
  delete /tmp/nimble_24294/githubcom_linksplatformDataTriplets/csharp/Platform.Data.Triplets.Tests/LinkTests.cs
  delete /tmp/nimble_24294/githubcom_linksplatformDataTriplets/csharp/Platform.Data.Triplets.Tests
  delete /tmp/nimble_24294/githubcom_linksplatformDataTriplets/csharp/Platform.Data.Triplets/GexfExporter.cs
  delete /tmp/nimble_24294/githubcom_linksplatformDataTriplets/csharp/Platform.Data.Triplets/Link.cs
  delete /tmp/nimble_24294/githubcom_linksplatformDataTriplets/csharp/Platform.Data.Triplets/CharacterHelpers.cs
  delete /tmp/nimble_24294/githubcom_linksplatformDataTriplets/csharp/Platform.Data.Triplets/Link.Debug.cs
  delete /tmp/nimble_24294/githubcom_linksplatformDataTriplets/csharp/Platform.Data.Triplets/Sequences/SequenceHelpers.cs
  delete /tmp/nimble_24294/githubcom_linksplatformDataTriplets/csharp/Platform.Data.Triplets/Sequences/CompressionExperiments.cs
  delete /tmp/nimble_24294/githubcom_linksplatformDataTriplets/csharp/Platform.Data.Triplets/Sequences
  delete /tmp/nimble_24294/githubcom_linksplatformDataTriplets/csharp/Platform.Data.Triplets/LinkExtensions.cs
  delete /tmp/nimble_24294/githubcom_linksplatformDataTriplets/csharp/Platform.Data.Triplets/LinkConverter.cs
  delete /tmp/nimble_24294/githubcom_linksplatformDataTriplets/csharp/Platform.Data.Triplets/NumberHelpers.cs
  delete /tmp/nimble_24294/githubcom_linksplatformDataTriplets/csharp/Platform.Data.Triplets/ILink.cs
  delete /tmp/nimble_24294/githubcom_linksplatformDataTriplets/csharp/Platform.Data.Triplets/Net.cs
  delete /tmp/nimble_24294/githubcom_linksplatformDataTriplets/csharp/Platform.Data.Triplets/Platform.Data.Triplets.csproj
  delete /tmp/nimble_24294/githubcom_linksplatformDataTriplets/csharp/Platform.Data.Triplets
  delete /tmp/nimble_24294/githubcom_linksplatformDataTriplets/csharp
  delete /tmp/nimble_24294/githubcom_linksplatformDataTriplets/.git/HEAD
  delete /tmp/nimble_24294/githubcom_linksplatformDataTriplets/.git/config
  delete /tmp/nimble_24294/githubcom_linksplatformDataTriplets/.git/logs/HEAD
  delete /tmp/nimble_24294/githubcom_linksplatformDataTriplets/.git/logs
  delete /tmp/nimble_24294/githubcom_linksplatformDataTriplets/.git/branches
  delete /tmp/nimble_24294/githubcom_linksplatformDataTriplets/.git/packed-refs
  delete /tmp/nimble_24294/githubcom_linksplatformDataTriplets/.git/refs/heads
  delete /tmp/nimble_24294/githubcom_linksplatformDataTriplets/.git/refs/tags
  delete /tmp/nimble_24294/githubcom_linksplatformDataTriplets/.git/refs
  delete /tmp/nimble_24294/githubcom_linksplatformDataTriplets/.git/hooks/fsmonitor-watchman.sample
  delete /tmp/nimble_24294/githubcom_linksplatformDataTriplets/.git/hooks/pre-rebase.sample
  delete /tmp/nimble_24294/githubcom_linksplatformDataTriplets/.git/hooks/pre-push.sample
  delete /tmp/nimble_24294/githubcom_linksplatformDataTriplets/.git/hooks/pre-applypatch.sample
  delete /tmp/nimble_24294/githubcom_linksplatformDataTriplets/.git/hooks/pre-receive.sample
  delete /tmp/nimble_24294/githubcom_linksplatformDataTriplets/.git/hooks/commit-msg.sample
  delete /tmp/nimble_24294/githubcom_linksplatformDataTriplets/.git/hooks/pre-merge-commit.sample
  delete /tmp/nimble_24294/githubcom_linksplatformDataTriplets/.git/hooks/prepare-commit-msg.sample
  delete /tmp/nimble_24294/githubcom_linksplatformDataTriplets/.git/hooks/pre-commit.sample
  delete /tmp/nimble_24294/githubcom_linksplatformDataTriplets/.git/hooks/update.sample
  delete /tmp/nimble_24294/githubcom_linksplatformDataTriplets/.git/hooks/applypatch-msg.sample
  delete /tmp/nimble_24294/githubcom_linksplatformDataTriplets/.git/hooks/post-update.sample
  delete /tmp/nimble_24294/githubcom_linksplatformDataTriplets/.git/hooks
  delete /tmp/nimble_24294/githubcom_linksplatformDataTriplets/.git/index
  delete /tmp/nimble_24294/githubcom_linksplatformDataTriplets/.git/info/exclude
  delete /tmp/nimble_24294/githubcom_linksplatformDataTriplets/.git/info
  delete /tmp/nimble_24294/githubcom_linksplatformDataTriplets/.git/shallow
  delete /tmp/nimble_24294/githubcom_linksplatformDataTriplets/.git/description
  delete /tmp/nimble_24294/githubcom_linksplatformDataTriplets/.git/objects/pack/pack-4515cb4b94eaff961a2a64fc6475cefea29b7d11.idx
  delete /tmp/nimble_24294/githubcom_linksplatformDataTriplets/.git/objects/pack/pack-4515cb4b94eaff961a2a64fc6475cefea29b7d11.pack
  delete /tmp/nimble_24294/githubcom_linksplatformDataTriplets/.git/objects/pack
  delete /tmp/nimble_24294/githubcom_linksplatformDataTriplets/.git/objects/info
  delete /tmp/nimble_24294/githubcom_linksplatformDataTriplets/.git/objects
  delete /tmp/nimble_24294/githubcom_linksplatformDataTriplets/.git
  delete /tmp/nimble_24294/githubcom_linksplatformDataTriplets/Platform.Data.Triplets.sln
  delete /tmp/nimble_24294/githubcom_linksplatformDataTriplets/triplets.nimble
  delete /tmp/nimble_24294/githubcom_linksplatformDataTriplets/README.md
  delete /tmp/nimble_24294/githubcom_linksplatformDataTriplets/nim/src/triplets.nim
  delete /tmp/nimble_24294/githubcom_linksplatformDataTriplets/nim/src/triplets/PersistentMemoryManager.nim
  delete /tmp/nimble_24294/githubcom_linksplatformDataTriplets/nim/src/triplets/LinkC.nim
  delete /tmp/nimble_24294/githubcom_linksplatformDataTriplets/nim/src/triplets/consts.nim
  delete /tmp/nimble_24294/githubcom_linksplatformDataTriplets/nim/src/triplets/Link.nim
  delete /tmp/nimble_24294/githubcom_linksplatformDataTriplets/nim/src/triplets
  delete /tmp/nimble_24294/githubcom_linksplatformDataTriplets/nim/src
  delete /tmp/nimble_24294/githubcom_linksplatformDataTriplets/nim/README.md
  delete /tmp/nimble_24294/githubcom_linksplatformDataTriplets/nim/tests/test7.nim
  delete /tmp/nimble_24294/githubcom_linksplatformDataTriplets/nim/tests/test10.nim
  delete /tmp/nimble_24294/githubcom_linksplatformDataTriplets/nim/tests/test1.nim
  delete /tmp/nimble_24294/githubcom_linksplatformDataTriplets/nim/tests/test5.nim
  delete /tmp/nimble_24294/githubcom_linksplatformDataTriplets/nim/tests/test9.exe
  delete /tmp/nimble_24294/githubcom_linksplatformDataTriplets/nim/tests/test6.nim
  delete /tmp/nimble_24294/githubcom_linksplatformDataTriplets/nim/tests/test8.nim
  delete /tmp/nimble_24294/githubcom_linksplatformDataTriplets/nim/tests/test10.exe
  delete /tmp/nimble_24294/githubcom_linksplatformDataTriplets/nim/tests/test3.nim
  delete /tmp/nimble_24294/githubcom_linksplatformDataTriplets/nim/tests/test4.nim
  delete /tmp/nimble_24294/githubcom_linksplatformDataTriplets/nim/tests/test10.db
  delete /tmp/nimble_24294/githubcom_linksplatformDataTriplets/nim/tests/test2.nim
  delete /tmp/nimble_24294/githubcom_linksplatformDataTriplets/nim/tests/test9.nim
  delete /tmp/nimble_24294/githubcom_linksplatformDataTriplets/nim/tests/nim.cfg
  delete /tmp/nimble_24294/githubcom_linksplatformDataTriplets/nim/tests
  delete /tmp/nimble_24294/githubcom_linksplatformDataTriplets/nim
  delete /tmp/nimble_24294/githubcom_linksplatformDataTriplets
  delete /tmp/nimble_24294
