     Info:  Nimble data file "/home/runner/.nimble/nimbledata2.json" has been loaded.
    Reading official package list
Downloading https://github.com/snus-kin/twitter.nim using git
    Cloning latest tagged version: 2.0.0
open('/workspace/destdir/ssl/openssl.cnf', 32768, 0x00000000000001b6)
open('/home/runner/.config/nimble/nimble.ini', 557056, 0x00000000000001b6)
open('/home/runner/.config/babel/babel.ini', 557056, 0x00000000000001b6)
open('/home/runner/.nimble/nimbledata2.json', 557056, 0x00000000000001b6)
writev(1, 0x00007ffdb476e1a0, 2)
writev(1, 0x00007ffdb476da80, 2)
open('/home/runner/.nimble/packages_official.json', 557056, 0x00000000000001b6)
mkdir('/tmp/', 0x00000000000001ff)
mkdir('/tmp/nimble_2282/', 0x00000000000001ff)
mkdir('/tmp/nimble_2282/githubcom_snuskintwitternim', 0x00000000000001ff)
writev(1, 0x00007ffdb476da50, 2)
open('/tmp/nimble_2282/githubcom_snuskintwitternim', 622592, 0x0000000000000000)
rmdir('/tmp/nimble_2282/githubcom_snuskintwitternim')
writev(1, 0x00007ffdb476d9c0, 2)
mkdir(94767340605920, 0x00000000000001ff)
Error tracing process: readBytes(0x00005630bdac51e0, 256) error: [Errno 5] Input/output error.
