      Info: Package cache path /home/runner/.nimble/pkgcache
     Info:  Nimble data file "/home/runner/.nimble/nimbledata2.json" has been loaded.
    Reading official package list
Downloading https://github.com/treeform/typography using git
    Cloning latest tagged version: 0.7.14
open('/workspace/destdir/ssl/openssl.cnf', 32768, 0x00000000000001b6)
open('/home/runner/.config/nimble/nimble.ini', 557056, 0x00000000000001b6)
open('/home/runner/.config/babel/babel.ini', 557056, 0x00000000000001b6)
writev(1, 0x00007fffced42af0, 2)
open('/home/runner/.nimble/nimbledata2.json', 557056, 0x00000000000001b6)
writev(1, 0x00007fffced42bc0, 2)
writev(1, 0x00007ffefb406630, 2)
writev(1, 0x00007ffefb4066c0, 2)
writev(1, 0x00007ffefb4066c0, 2)
writev(1, 0x00007ffefb4066c0, 2)
writev(1, 0x00007fffced416e0, 2)
open('/home/runner/.nimble/packages_official.json', 557056, 0x00000000000001b6)
mkdir('/home/', 0x00000000000001ff)
mkdir('/home/runner/', 0x00000000000001ff)
mkdir('/home/runner/.nimble/', 0x00000000000001ff)
mkdir('/home/runner/.nimble/pkgcache/', 0x00000000000001ff)
mkdir('/home/runner/.nimble/pkgcache/githubcom_treeformtypography', 0x00000000000001ff)
open('/home/runner/.nimble/pkgcache/githubcom_treeformtypography', 622592, 0x0000000000000000)
writev(1, 0x00007fffced417d0, 2)
open('/home/runner/.nimble/pkgcache/githubcom_treeformtypography', 622592, 0x0000000000000000)
rmdir('/home/runner/.nimble/pkgcache/githubcom_treeformtypography')
writev(1, 0x00007fffced416c0, 2)
mkdir(93889929939776, 0x00000000000001ff)
Error tracing process: readBytes(0x0000556473ec0b40, 256) error: [Errno 5] Input/output error.
