      Info: Package cache path /home/runner/.nimble/pkgcache
     Info:  Nimble data file "/home/runner/.nimble/nimbledata2.json" has been loaded.
    Reading official package list
Downloading https://github.com/xigoi/xidoc using git
    Cloning latest tagged version: 2025.204.0
open('/workspace/destdir/ssl/openssl.cnf', 32768, 0x00000000000001b6)
open('/home/runner/.config/nimble/nimble.ini', 557056, 0x00000000000001b6)
open('/home/runner/.config/babel/babel.ini', 557056, 0x00000000000001b6)
writev(1, 0x00007ffc519a62f0, 2)
open('/home/runner/.nimble/nimbledata2.json', 557056, 0x00000000000001b6)
writev(1, 0x00007ffc519a63c0, 2)
writev(1, 0x00007ffee4582d40, 2)
writev(1, 0x00007ffee4582dd0, 2)
writev(1, 0x00007ffee4582dd0, 2)
writev(1, 0x00007ffee4582dd0, 2)
writev(1, 0x00007ffc519a4da0, 2)
open('/home/runner/.nimble/packages_official.json', 557056, 0x00000000000001b6)
mkdir('/home/', 0x00000000000001ff)
mkdir('/home/runner/', 0x00000000000001ff)
mkdir('/home/runner/.nimble/', 0x00000000000001ff)
mkdir('/home/runner/.nimble/pkgcache/', 0x00000000000001ff)
mkdir('/home/runner/.nimble/pkgcache/githubcom_xigoixidoc', 0x00000000000001ff)
open('/home/runner/.nimble/pkgcache/githubcom_xigoixidoc', 622592, 0x0000000000000000)
writev(1, 0x00007ffc519a4e80, 2)
open('/home/runner/.nimble/pkgcache/githubcom_xigoixidoc', 622592, 0x0000000000000000)
rmdir('/home/runner/.nimble/pkgcache/githubcom_xigoixidoc')
writev(1, 0x00007ffc519a4d70, 2)
mkdir(94310907906784, 0x00000000000001ff)
Error tracing process: readBytes(0x000055c6782a0ae0, 256) error: [Errno 5] Input/output error.
