    Reading official package list
Downloading https://github.com/xflywind/xlsx using git
    Cloning latest tagged version: v0.4.4
  Verifying dependencies for xlsx@0.4.4
    Reading official package list
   Checking for zip@>= 0.2.1
 Installing zip@>= 0.2.1
    Reading official package list
Downloading https://github.com/nim-lang/zip using git
mkdir('/tmp', 0x00000000000001ff)
mkdir('/tmp/nimble_6864', 0x00000000000001ff)
mkdir('/tmp/nimble_6864/githubcom_xflywindxlsx', 0x00000000000001ff)
rmdir('/tmp/nimble_6864/githubcom_xflywindxlsx')
mkdir('/tmp/nimble_6864/githubcom_xflywindxlsx', 0x00000000000001ff)
mkdir('/tmp/nimble_6864/githubcom_xflywindxlsx/.git', 0x00000000000001ff)
mkdir('/tmp/nimble_6864/githubcom_xflywindxlsx/.git/', 0x00000000000001ff)
mkdir('/tmp/nimble_6864/githubcom_xflywindxlsx/.git/hooks/', 0x00000000000001ff)
mkdir('/tmp/nimble_6864/githubcom_xflywindxlsx/.git/branches/', 0x00000000000001ff)
mkdir('/tmp/nimble_6864/githubcom_xflywindxlsx/.git/info/', 0x00000000000001ff)
mkdir('/tmp/nimble_6864/githubcom_xflywindxlsx/.git/refs', 0x00000000000001ff)
mkdir('/tmp/nimble_6864/githubcom_xflywindxlsx/.git/refs/heads', 0x00000000000001ff)
mkdir('/tmp/nimble_6864/githubcom_xflywindxlsx/.git/refs/tags', 0x00000000000001ff)
rename('/tmp/nimble_6864/githubcom_xflywindxlsx/.git/HEAD.lock', '/tmp/nimble_6864/githubcom_xflywindxlsx/.git/HEAD')
rename('/tmp/nimble_6864/githubcom_xflywindxlsx/.git/config.lock', '/tmp/nimble_6864/githubcom_xflywindxlsx/.git/config')
chmod('/tmp/nimble_6864/githubcom_xflywindxlsx/.git/config', 0x00000000000081e4)
chmod('/tmp/nimble_6864/githubcom_xflywindxlsx/.git/config', 0x00000000000081a4)
chmod('/tmp/nimble_6864/githubcom_xflywindxlsx/.git/config.lock', 0x00000000000001a4)
rename('/tmp/nimble_6864/githubcom_xflywindxlsx/.git/config.lock', '/tmp/nimble_6864/githubcom_xflywindxlsx/.git/config')
chmod('/tmp/nimble_6864/githubcom_xflywindxlsx/.git/config.lock', 0x00000000000001a4)
rename('/tmp/nimble_6864/githubcom_xflywindxlsx/.git/config.lock', '/tmp/nimble_6864/githubcom_xflywindxlsx/.git/config')
chmod('/tmp/nimble_6864/githubcom_xflywindxlsx/.git/config.lock', 0x00000000000001a4)
rename('/tmp/nimble_6864/githubcom_xflywindxlsx/.git/config.lock', '/tmp/nimble_6864/githubcom_xflywindxlsx/.git/config')
unlink('/tmp/nimble_6864/githubcom_xflywindxlsx/.git/tLn3fd8')
symlink('testing', '/tmp/nimble_6864/githubcom_xflywindxlsx/.git/tLn3fd8')
unlink('/tmp/nimble_6864/githubcom_xflywindxlsx/.git/tLn3fd8')
mkdir('/tmp/nimble_6864/githubcom_xflywindxlsx/.git/objects', 0x00000000000001ff)
mkdir('/tmp/nimble_6864/githubcom_xflywindxlsx/.git/objects/pack', 0x00000000000001ff)
mkdir('/tmp/nimble_6864/githubcom_xflywindxlsx/.git/objects/info', 0x00000000000001ff)
chmod('/tmp/nimble_6864/githubcom_xflywindxlsx/.git/config.lock', 0x00000000000001a4)
rename('/tmp/nimble_6864/githubcom_xflywindxlsx/.git/config.lock', '/tmp/nimble_6864/githubcom_xflywindxlsx/.git/config')
chmod('/tmp/nimble_6864/githubcom_xflywindxlsx/.git/config.lock', 0x00000000000001a4)
rename('/tmp/nimble_6864/githubcom_xflywindxlsx/.git/config.lock', '/tmp/nimble_6864/githubcom_xflywindxlsx/.git/config')
chmod('/tmp/nimble_6864/githubcom_xflywindxlsx/.git/config.lock', 0x00000000000001a4)
rename('/tmp/nimble_6864/githubcom_xflywindxlsx/.git/config.lock', '/tmp/nimble_6864/githubcom_xflywindxlsx/.git/config')
link('/tmp/nimble_6864/githubcom_xflywindxlsx/.git/objects/pack/tmp_pack_h8ce9a', '/tmp/nimble_6864/githubcom_xflywindxlsx/.git/objects/pack/pack-a7f036497b4b46ee69cfd9843ba7dfbbf9dc5d50.pack')
unlink('/tmp/nimble_6864/githubcom_xflywindxlsx/.git/objects/pack/tmp_pack_h8ce9a')
link('/tmp/nimble_6864/githubcom_xflywindxlsx/.git/objects/pack/tmp_idx_1fFcXD', '/tmp/nimble_6864/githubcom_xflywindxlsx/.git/objects/pack/pack-a7f036497b4b46ee69cfd9843ba7dfbbf9dc5d50.idx')
unlink('/tmp/nimble_6864/githubcom_xflywindxlsx/.git/objects/pack/tmp_idx_1fFcXD')
rename('/tmp/nimble_6864/githubcom_xflywindxlsx/.git/shallow.lock', '/tmp/nimble_6864/githubcom_xflywindxlsx/.git/shallow')
rename('/tmp/nimble_6864/githubcom_xflywindxlsx/.git/packed-refs.new', '/tmp/nimble_6864/githubcom_xflywindxlsx/.git/packed-refs')
unlink('/tmp/nimble_6864/githubcom_xflywindxlsx/.git/packed-refs.lock')
unlink('/tmp/nimble_6864/githubcom_xflywindxlsx/.git/refs/tags/v0.4.4.lock')
mkdir('/tmp/nimble_6864/githubcom_xflywindxlsx/.git/logs', 0x00000000000001ff)
rename('/tmp/nimble_6864/githubcom_xflywindxlsx/.git/HEAD.lock', '/tmp/nimble_6864/githubcom_xflywindxlsx/.git/HEAD')
unlink('/tmp/nimble_6864/githubcom_xflywindxlsx/.git/objects/pack/pack-a7f036497b4b46ee69cfd9843ba7dfbbf9dc5d50.keep')
mkdir('.github', 0x00000000000001ff)
mkdir('.github/workflows', 0x00000000000001ff)
mkdir('docs', 0x00000000000001ff)
mkdir('src', 0x00000000000001ff)
mkdir('src/xlsx', 0x00000000000001ff)
mkdir('tests', 0x00000000000001ff)
rename('/tmp/nimble_6864/githubcom_xflywindxlsx/.git/index.lock', '/tmp/nimble_6864/githubcom_xflywindxlsx/.git/index')
mkdir('/tmp', 0x00000000000001ff)
mkdir('/tmp/nimblecache', 0x00000000000001ff)
mkdir('/tmp/nimblecache/xlsx_2291704171', 0x00000000000001ff)
unlink('/tmp/nimblecache/xlsx_2291704171/xlsx.ini')
unlink('/tmp/nimble_6864.out')
unlink('/tmp/nimble_6864/githubcom_xflywindxlsx/xlsx_6864.nims')
mkdir('/tmp', 0x00000000000001ff)
mkdir('/tmp/nimble_6864', 0x00000000000001ff)
mkdir('/tmp/nimble_6864/githubcom_nimlangzip_0.2.1', 0x00000000000001ff)
rmdir('/tmp/nimble_6864/githubcom_nimlangzip_0.2.1')
mkdir('/tmp/nimble_6864/githubcom_nimlangzip_0.2.1', 0x00000000000001ff)
mkdir('/tmp/nimble_6864/githubcom_nimlangzip_0.2.1/.git', 0x00000000000001ff)
mkdir('/tmp/nimble_6864/githubcom_nimlangzip_0.2.1/.git/', 0x00000000000001ff)
mkdir('/tmp/nimble_6864/githubcom_nimlangzip_0.2.1/.git/hooks/', 0x00000000000001ff)
mkdir('/tmp/nimble_6864/githubcom_nimlangzip_0.2.1/.git/branches/', 0x00000000000001ff)
mkdir('/tmp/nimble_6864/githubcom_nimlangzip_0.2.1/.git/info/', 0x00000000000001ff)
mkdir('/tmp/nimble_6864/githubcom_nimlangzip_0.2.1/.git/refs', 0x00000000000001ff)
mkdir('/tmp/nimble_6864/githubcom_nimlangzip_0.2.1/.git/refs/heads', 0x00000000000001ff)
mkdir('/tmp/nimble_6864/githubcom_nimlangzip_0.2.1/.git/refs/tags', 0x00000000000001ff)
rename('/tmp/nimble_6864/githubcom_nimlangzip_0.2.1/.git/HEAD.lock', '/tmp/nimble_6864/githubcom_nimlangzip_0.2.1/.git/HEAD')
rename('/tmp/nimble_6864/githubcom_nimlangzip_0.2.1/.git/config.lock', '/tmp/nimble_6864/githubcom_nimlangzip_0.2.1/.git/config')
chmod('/tmp/nimble_6864/githubcom_nimlangzip_0.2.1/.git/config', 0x00000000000081e4)
chmod('/tmp/nimble_6864/githubcom_nimlangzip_0.2.1/.git/config', 0x00000000000081a4)
chmod('/tmp/nimble_6864/githubcom_nimlangzip_0.2.1/.git/config.lock', 0x00000000000001a4)
rename('/tmp/nimble_6864/githubcom_nimlangzip_0.2.1/.git/config.lock', '/tmp/nimble_6864/githubcom_nimlangzip_0.2.1/.git/config')
chmod('/tmp/nimble_6864/githubcom_nimlangzip_0.2.1/.git/config.lock', 0x00000000000001a4)
rename('/tmp/nimble_6864/githubcom_nimlangzip_0.2.1/.git/config.lock', '/tmp/nimble_6864/githubcom_nimlangzip_0.2.1/.git/config')
chmod('/tmp/nimble_6864/githubcom_nimlangzip_0.2.1/.git/config.lock', 0x00000000000001a4)
rename('/tmp/nimble_6864/githubcom_nimlangzip_0.2.1/.git/config.lock', '/tmp/nimble_6864/githubcom_nimlangzip_0.2.1/.git/config')
unlink('/tmp/nimble_6864/githubcom_nimlangzip_0.2.1/.git/tpku7ts')
symlink('testing', '/tmp/nimble_6864/githubcom_nimlangzip_0.2.1/.git/tpku7ts')
unlink('/tmp/nimble_6864/githubcom_nimlangzip_0.2.1/.git/tpku7ts')
mkdir('/tmp/nimble_6864/githubcom_nimlangzip_0.2.1/.git/objects', 0x00000000000001ff)
mkdir('/tmp/nimble_6864/githubcom_nimlangzip_0.2.1/.git/objects/pack', 0x00000000000001ff)
mkdir('/tmp/nimble_6864/githubcom_nimlangzip_0.2.1/.git/objects/info', 0x00000000000001ff)
chmod('/tmp/nimble_6864/githubcom_nimlangzip_0.2.1/.git/config.lock', 0x00000000000001a4)
rename('/tmp/nimble_6864/githubcom_nimlangzip_0.2.1/.git/config.lock', '/tmp/nimble_6864/githubcom_nimlangzip_0.2.1/.git/config')
chmod('/tmp/nimble_6864/githubcom_nimlangzip_0.2.1/.git/config.lock', 0x00000000000001a4)
rename('/tmp/nimble_6864/githubcom_nimlangzip_0.2.1/.git/config.lock', '/tmp/nimble_6864/githubcom_nimlangzip_0.2.1/.git/config')
chmod('/tmp/nimble_6864/githubcom_nimlangzip_0.2.1/.git/config.lock', 0x00000000000001a4)
rename('/tmp/nimble_6864/githubcom_nimlangzip_0.2.1/.git/config.lock', '/tmp/nimble_6864/githubcom_nimlangzip_0.2.1/.git/config')
link('/tmp/nimble_6864/githubcom_nimlangzip_0.2.1/.git/objects/pack/tmp_pack_hDE7oS', '/tmp/nimble_6864/githubcom_nimlangzip_0.2.1/.git/objects/pack/pack-3a67506eb316fc4db9bdb6a7837cddd05119011f.pack')  Verifying dependencies for zip@0.2.1
 Installing zip@0.2.1
    Copying file /tmp/nimble_6864/githubcom_nimlangzip_0.2.1/zip/libzip.nim to /home/runner/.nimble/pkgs/zip-0.2.1/zip/libzip.nim
    Copying file /tmp/nimble_6864/githubcom_nimlangzip_0.2.1/zip/gzipfiles.nim to /home/runner/.nimble/pkgs/zip-0.2.1/zip/gzipfiles.nim
    Copying file /tmp/nimble_6864/githubcom_nimlangzip_0.2.1/zip/zzip.nim to /home/runner/.nimble/pkgs/zip-0.2.1/zip/zzip.nim
    Copying file /tmp/nimble_6864/githubcom_nimlangzip_0.2.1/zip/zipfiles.nim to /home/runner/.nimble/pkgs/zip-0.2.1/zip/zipfiles.nim
    Copying file /tmp/nimble_6864/githubcom_nimlangzip_0.2.1/zip/private/libzip_all.c to /home/runner/.nimble/pkgs/zip-0.2.1/zip/private/libzip_all.c
    Copying file /tmp/nimble_6864/githubcom_nimlangzip_0.2.1/zip/zlib.nim to /home/runner/.nimble/pkgs/zip-0.2.1/zip/zlib.nim
    Copying file /tmp/nimble_6864/githubcom_nimlangzip_0.2.1/zip.nimble to /home/runner/.nimble/pkgs/zip-0.2.1/zip.nimble
   Success: zip installed successfully.
 Installing xlsx@0.4.4
    Copying file /tmp/nimble_6864/githubcom_xflywindxlsx/src/xlsx/utils.nim to /home/runner/.nimble/pkgs/xlsx-0.4.4/xlsx/utils.nim
    Copying file /tmp/nimble_6864/githubcom_xflywindxlsx/src/xlsx/format.nim to /home/runner/.nimble/pkgs/xlsx-0.4.4/xlsx/format.nim
    Copying file /tmp/nimble_6864/githubcom_xflywindxlsx/src/xlsx.nim to /home/runner/.nimble/pkgs/xlsx-0.4.4/xlsx.nim
    Copying file /tmp/nimble_6864/githubcom_xflywindxlsx/xlsx.nimble to /home/runner/.nimble/pkgs/xlsx-0.4.4/xlsx.nimble
   Success: xlsx installed successfully.

unlink('/tmp/nimble_6864/githubcom_nimlangzip_0.2.1/.git/objects/pack/tmp_pack_hDE7oS')
link('/tmp/nimble_6864/githubcom_nimlangzip_0.2.1/.git/objects/pack/tmp_idx_9sTIN9', '/tmp/nimble_6864/githubcom_nimlangzip_0.2.1/.git/objects/pack/pack-3a67506eb316fc4db9bdb6a7837cddd05119011f.idx')
unlink('/tmp/nimble_6864/githubcom_nimlangzip_0.2.1/.git/objects/pack/tmp_idx_9sTIN9')
rename('/tmp/nimble_6864/githubcom_nimlangzip_0.2.1/.git/shallow.lock', '/tmp/nimble_6864/githubcom_nimlangzip_0.2.1/.git/shallow')
rename('/tmp/nimble_6864/githubcom_nimlangzip_0.2.1/.git/packed-refs.new', '/tmp/nimble_6864/githubcom_nimlangzip_0.2.1/.git/packed-refs')
unlink('/tmp/nimble_6864/githubcom_nimlangzip_0.2.1/.git/packed-refs.lock')
mkdir('/tmp/nimble_6864/githubcom_nimlangzip_0.2.1/.git/refs/remotes', 0x00000000000001ff)
mkdir('/tmp/nimble_6864/githubcom_nimlangzip_0.2.1/.git/refs/remotes/origin', 0x00000000000001ff)
mkdir('/tmp/nimble_6864/githubcom_nimlangzip_0.2.1/.git/logs', 0x00000000000001ff)
mkdir('/tmp/nimble_6864/githubcom_nimlangzip_0.2.1/.git/logs/refs', 0x00000000000001ff)
mkdir('/tmp/nimble_6864/githubcom_nimlangzip_0.2.1/.git/logs/refs/remotes', 0x00000000000001ff)
mkdir('/tmp/nimble_6864/githubcom_nimlangzip_0.2.1/.git/logs/refs/remotes/origin', 0x00000000000001ff)
rename('/tmp/nimble_6864/githubcom_nimlangzip_0.2.1/.git/refs/remotes/origin/HEAD.lock', '/tmp/nimble_6864/githubcom_nimlangzip_0.2.1/.git/refs/remotes/origin/HEAD')
rename('/tmp/nimble_6864/githubcom_nimlangzip_0.2.1/.git/HEAD.lock', '/tmp/nimble_6864/githubcom_nimlangzip_0.2.1/.git/HEAD')
mkdir('/tmp/nimble_6864/githubcom_nimlangzip_0.2.1/.git/logs/refs/heads', 0x00000000000001ff)
rename('/tmp/nimble_6864/githubcom_nimlangzip_0.2.1/.git/refs/heads/master.lock', '/tmp/nimble_6864/githubcom_nimlangzip_0.2.1/.git/refs/heads/master')
unlink('/tmp/nimble_6864/githubcom_nimlangzip_0.2.1/.git/HEAD.lock')
chmod('/tmp/nimble_6864/githubcom_nimlangzip_0.2.1/.git/config.lock', 0x00000000000001a4)
rename('/tmp/nimble_6864/githubcom_nimlangzip_0.2.1/.git/config.lock', '/tmp/nimble_6864/githubcom_nimlangzip_0.2.1/.git/config')
chmod('/tmp/nimble_6864/githubcom_nimlangzip_0.2.1/.git/config.lock', 0x00000000000001a4)
rename('/tmp/nimble_6864/githubcom_nimlangzip_0.2.1/.git/config.lock', '/tmp/nimble_6864/githubcom_nimlangzip_0.2.1/.git/config')
unlink('/tmp/nimble_6864/githubcom_nimlangzip_0.2.1/.git/objects/pack/pack-3a67506eb316fc4db9bdb6a7837cddd05119011f.keep')
mkdir('tests', 0x00000000000001ff)
mkdir('tests/files', 0x00000000000001ff)
mkdir('zip', 0x00000000000001ff)
mkdir('zip/private', 0x00000000000001ff)
rename('/tmp/nimble_6864/githubcom_nimlangzip_0.2.1/.git/index.lock', '/tmp/nimble_6864/githubcom_nimlangzip_0.2.1/.git/index')
mkdir('/tmp', 0x00000000000001ff)
mkdir('/tmp/nimblecache', 0x00000000000001ff)
mkdir('/tmp/nimblecache/zip_2662724723', 0x00000000000001ff)
unlink('/tmp/nimblecache/zip_2662724723/zip.ini')
unlink('/tmp/nimble_6864.out')
unlink('/tmp/nimble_6864/githubcom_nimlangzip_0.2.1/zip_6864.nims')
mkdir('/home', 0x00000000000001ff)
mkdir('/home/runner', 0x00000000000001ff)
mkdir('/home/runner/.nimble', 0x00000000000001ff)
mkdir('/home/runner/.nimble/pkgs', 0x00000000000001ff)
mkdir('/home/runner/.nimble/pkgs/zip-0.2.1', 0x00000000000001ff)
mkdir('/home', 0x00000000000001ff)
mkdir('/home/runner', 0x00000000000001ff)
mkdir('/home/runner/.nimble', 0x00000000000001ff)
mkdir('/home/runner/.nimble/pkgs', 0x00000000000001ff)
mkdir('/home/runner/.nimble/pkgs/zip-0.2.1', 0x00000000000001ff)
mkdir('/home/runner/.nimble/pkgs/zip-0.2.1/zip', 0x00000000000001ff)
chmod('/home/runner/.nimble/pkgs/zip-0.2.1/zip/libzip.nim', 0x00000000000001a4)
mkdir('/home', 0x00000000000001ff)
mkdir('/home/runner', 0x00000000000001ff)
mkdir('/home/runner/.nimble', 0x00000000000001ff)
mkdir('/home/runner/.nimble/pkgs', 0x00000000000001ff)
mkdir('/home/runner/.nimble/pkgs/zip-0.2.1', 0x00000000000001ff)
mkdir('/home/runner/.nimble/pkgs/zip-0.2.1/zip', 0x00000000000001ff)
chmod('/home/runner/.nimble/pkgs/zip-0.2.1/zip/gzipfiles.nim', 0x00000000000001a4)
mkdir('/home', 0x00000000000001ff)
mkdir('/home/runner', 0x00000000000001ff)
mkdir('/home/runner/.nimble', 0x00000000000001ff)
mkdir('/home/runner/.nimble/pkgs', 0x00000000000001ff)
mkdir('/home/runner/.nimble/pkgs/zip-0.2.1', 0x00000000000001ff)
mkdir('/home/runner/.nimble/pkgs/zip-0.2.1/zip', 0x00000000000001ff)
chmod('/home/runner/.nimble/pkgs/zip-0.2.1/zip/zzip.nim', 0x00000000000001a4)
mkdir('/home', 0x00000000000001ff)
mkdir('/home/runner', 0x00000000000001ff)
mkdir('/home/runner/.nimble', 0x00000000000001ff)
mkdir('/home/runner/.nimble/pkgs', 0x00000000000001ff)
mkdir('/home/runner/.nimble/pkgs/zip-0.2.1', 0x00000000000001ff)
mkdir('/home/runner/.nimble/pkgs/zip-0.2.1/zip', 0x00000000000001ff)
chmod('/home/runner/.nimble/pkgs/zip-0.2.1/zip/zipfiles.nim', 0x00000000000001a4)
mkdir('/home', 0x00000000000001ff)
mkdir('/home/runner', 0x00000000000001ff)
mkdir('/home/runner/.nimble', 0x00000000000001ff)
mkdir('/home/runner/.nimble/pkgs', 0x00000000000001ff)
mkdir('/home/runner/.nimble/pkgs/zip-0.2.1', 0x00000000000001ff)
mkdir('/home/runner/.nimble/pkgs/zip-0.2.1/zip', 0x00000000000001ff)
mkdir('/home/runner/.nimble/pkgs/zip-0.2.1/zip/private', 0x00000000000001ff)
chmod('/home/runner/.nimble/pkgs/zip-0.2.1/zip/private/libzip_all.c', 0x00000000000001a4)
mkdir('/home', 0x00000000000001ff)
mkdir('/home/runner', 0x00000000000001ff)
mkdir('/home/runner/.nimble', 0x00000000000001ff)
mkdir('/home/runner/.nimble/pkgs', 0x00000000000001ff)
mkdir('/home/runner/.nimble/pkgs/zip-0.2.1', 0x00000000000001ff)
mkdir('/home/runner/.nimble/pkgs/zip-0.2.1/zip', 0x00000000000001ff)
chmod('/home/runner/.nimble/pkgs/zip-0.2.1/zip/zlib.nim', 0x00000000000001a4)
chmod('/home/runner/.nimble/pkgs/zip-0.2.1/zip.nimble', 0x00000000000001a4)
mkdir('/tmp', 0x00000000000001ff)
mkdir('/tmp/nimblecache', 0x00000000000001ff)
mkdir('/tmp/nimblecache/zip_2908121960', 0x00000000000001ff)
unlink('/tmp/nimblecache/zip_2908121960/zip.ini')
unlink('/tmp/nimble_6864.out')
unlink('/home/runner/.nimble/pkgs/zip-0.2.1/zip_6864.nims')
mkdir('/home', 0x00000000000001ff)
mkdir('/home/runner', 0x00000000000001ff)
mkdir('/home/runner/.nimble', 0x00000000000001ff)
mkdir('/home/runner/.nimble/pkgs', 0x00000000000001ff)
mkdir('/home/runner/.nimble/pkgs/xlsx-0.4.4', 0x00000000000001ff)
mkdir('/home', 0x00000000000001ff)
mkdir('/home/runner', 0x00000000000001ff)
mkdir('/home/runner/.nimble', 0x00000000000001ff)
mkdir('/home/runner/.nimble/pkgs', 0x00000000000001ff)
mkdir('/home/runner/.nimble/pkgs/xlsx-0.4.4', 0x00000000000001ff)
mkdir('/home/runner/.nimble/pkgs/xlsx-0.4.4/xlsx', 0x00000000000001ff)
chmod('/home/runner/.nimble/pkgs/xlsx-0.4.4/xlsx/utils.nim', 0x00000000000001a4)
mkdir('/home', 0x00000000000001ff)
mkdir('/home/runner', 0x00000000000001ff)
mkdir('/home/runner/.nimble', 0x00000000000001ff)
mkdir('/home/runner/.nimble/pkgs', 0x00000000000001ff)
mkdir('/home/runner/.nimble/pkgs/xlsx-0.4.4', 0x00000000000001ff)
mkdir('/home/runner/.nimble/pkgs/xlsx-0.4.4/xlsx', 0x00000000000001ff)
chmod('/home/runner/.nimble/pkgs/xlsx-0.4.4/xlsx/format.nim', 0x00000000000001a4)
mkdir('/home', 0x00000000000001ff)
mkdir('/home/runner', 0x00000000000001ff)
mkdir('/home/runner/.nimble', 0x00000000000001ff)
mkdir('/home/runner/.nimble/pkgs', 0x00000000000001ff)
mkdir('/home/runner/.nimble/pkgs/xlsx-0.4.4', 0x00000000000001ff)
chmod('/home/runner/.nimble/pkgs/xlsx-0.4.4/xlsx.nim', 0x00000000000001a4)
chmod('/home/runner/.nimble/pkgs/xlsx-0.4.4/xlsx.nimble', 0x00000000000001a4)
mkdir('/tmp', 0x00000000000001ff)
mkdir('/tmp/nimblecache', 0x00000000000001ff)
mkdir('/tmp/nimblecache/xlsx_775733018', 0x00000000000001ff)
unlink('/tmp/nimblecache/xlsx_775733018/xlsx.ini')
unlink('/tmp/nimble_6864.out')
unlink('/home/runner/.nimble/pkgs/xlsx-0.4.4/xlsx_6864.nims')
unlink('/tmp/nimble_6864/githubcom_nimlangzip_0.2.1/tests/gziptests.nim')
unlink('/tmp/nimble_6864/githubcom_nimlangzip_0.2.1/tests/zlibtests.nim')
unlink('/tmp/nimble_6864/githubcom_nimlangzip_0.2.1/tests/.gitignore')
unlink('/tmp/nimble_6864/githubcom_nimlangzip_0.2.1/tests/files/gzipfiletest.txt.gz')
unlink('/tmp/nimble_6864/githubcom_nimlangzip_0.2.1/tests/files/.gitignore')
unlink('/tmp/nimble_6864/githubcom_nimlangzip_0.2.1/tests/files/gzipfiletest.txt')
unlink('/tmp/nimble_6864/githubcom_nimlangzip_0.2.1/tests/files/тест.xlsx')
rmdir('/tmp/nimble_6864/githubcom_nimlangzip_0.2.1/tests/files')
unlink('/tmp/nimble_6864/githubcom_nimlangzip_0.2.1/tests/ziptests.nim')
rmdir('/tmp/nimble_6864/githubcom_nimlangzip_0.2.1/tests')
unlink('/tmp/nimble_6864/githubcom_nimlangzip_0.2.1/README.md')
unlink('/tmp/nimble_6864/githubcom_nimlangzip_0.2.1/.git/refs/remotes/origin/HEAD')
rmdir('/tmp/nimble_6864/githubcom_nimlangzip_0.2.1/.git/refs/remotes/origin')
rmdir('/tmp/nimble_6864/githubcom_nimlangzip_0.2.1/.git/refs/remotes')
unlink('/tmp/nimble_6864/githubcom_nimlangzip_0.2.1/.git/refs/heads/master')
rmdir('/tmp/nimble_6864/githubcom_nimlangzip_0.2.1/.git/refs/heads')
rmdir('/tmp/nimble_6864/githubcom_nimlangzip_0.2.1/.git/refs/tags')
rmdir('/tmp/nimble_6864/githubcom_nimlangzip_0.2.1/.git/refs')
unlink('/tmp/nimble_6864/githubcom_nimlangzip_0.2.1/.git/config')
unlink('/tmp/nimble_6864/githubcom_nimlangzip_0.2.1/.git/logs/refs/remotes/origin/HEAD')
rmdir('/tmp/nimble_6864/githubcom_nimlangzip_0.2.1/.git/logs/refs/remotes/origin')
rmdir('/tmp/nimble_6864/githubcom_nimlangzip_0.2.1/.git/logs/refs/remotes')
unlink('/tmp/nimble_6864/githubcom_nimlangzip_0.2.1/.git/logs/refs/heads/master')
rmdir('/tmp/nimble_6864/githubcom_nimlangzip_0.2.1/.git/logs/refs/heads')
rmdir('/tmp/nimble_6864/githubcom_nimlangzip_0.2.1/.git/logs/refs')
unlink('/tmp/nimble_6864/githubcom_nimlangzip_0.2.1/.git/logs/HEAD')
rmdir('/tmp/nimble_6864/githubcom_nimlangzip_0.2.1/.git/logs')
unlink('/tmp/nimble_6864/githubcom_nimlangzip_0.2.1/.git/packed-refs')
unlink('/tmp/nimble_6864/githubcom_nimlangzip_0.2.1/.git/HEAD')
unlink('/tmp/nimble_6864/githubcom_nimlangzip_0.2.1/.git/description')
unlink('/tmp/nimble_6864/githubcom_nimlangzip_0.2.1/.git/hooks/fsmonitor-watchman.sample')
unlink('/tmp/nimble_6864/githubcom_nimlangzip_0.2.1/.git/hooks/pre-commit.sample')
unlink('/tmp/nimble_6864/githubcom_nimlangzip_0.2.1/.git/hooks/applypatch-msg.sample')
unlink('/tmp/nimble_6864/githubcom_nimlangzip_0.2.1/.git/hooks/pre-rebase.sample')
unlink('/tmp/nimble_6864/githubcom_nimlangzip_0.2.1/.git/hooks/update.sample')
unlink('/tmp/nimble_6864/githubcom_nimlangzip_0.2.1/.git/hooks/pre-push.sample')
unlink('/tmp/nimble_6864/githubcom_nimlangzip_0.2.1/.git/hooks/pre-receive.sample')
unlink('/tmp/nimble_6864/githubcom_nimlangzip_0.2.1/.git/hooks/pre-applypatch.sample')
unlink('/tmp/nimble_6864/githubcom_nimlangzip_0.2.1/.git/hooks/post-update.sample')
unlink('/tmp/nimble_6864/githubcom_nimlangzip_0.2.1/.git/hooks/prepare-commit-msg.sample')
unlink('/tmp/nimble_6864/githubcom_nimlangzip_0.2.1/.git/hooks/commit-msg.sample')
unlink('/tmp/nimble_6864/githubcom_nimlangzip_0.2.1/.git/hooks/pre-merge-commit.sample')
rmdir('/tmp/nimble_6864/githubcom_nimlangzip_0.2.1/.git/hooks')
unlink('/tmp/nimble_6864/githubcom_nimlangzip_0.2.1/.git/objects/pack/pack-3a67506eb316fc4db9bdb6a7837cddd05119011f.idx')
unlink('/tmp/nimble_6864/githubcom_nimlangzip_0.2.1/.git/objects/pack/pack-3a67506eb316fc4db9bdb6a7837cddd05119011f.pack')
rmdir('/tmp/nimble_6864/githubcom_nimlangzip_0.2.1/.git/objects/pack')
rmdir('/tmp/nimble_6864/githubcom_nimlangzip_0.2.1/.git/objects/info')
rmdir('/tmp/nimble_6864/githubcom_nimlangzip_0.2.1/.git/objects')
rmdir('/tmp/nimble_6864/githubcom_nimlangzip_0.2.1/.git/branches')
unlink('/tmp/nimble_6864/githubcom_nimlangzip_0.2.1/.git/index')
unlink('/tmp/nimble_6864/githubcom_nimlangzip_0.2.1/.git/info/exclude')
rmdir('/tmp/nimble_6864/githubcom_nimlangzip_0.2.1/.git/info')
unlink('/tmp/nimble_6864/githubcom_nimlangzip_0.2.1/.git/shallow')
rmdir('/tmp/nimble_6864/githubcom_nimlangzip_0.2.1/.git')
unlink('/tmp/nimble_6864/githubcom_nimlangzip_0.2.1/.gitignore')
unlink('/tmp/nimble_6864/githubcom_nimlangzip_0.2.1/zip/libzip.nim')
unlink('/tmp/nimble_6864/githubcom_nimlangzip_0.2.1/zip/gzipfiles.nim')
unlink('/tmp/nimble_6864/githubcom_nimlangzip_0.2.1/zip/zzip.nim')
unlink('/tmp/nimble_6864/githubcom_nimlangzip_0.2.1/zip/zipfiles.nim')
unlink('/tmp/nimble_6864/githubcom_nimlangzip_0.2.1/zip/private/libzip_all.c')
rmdir('/tmp/nimble_6864/githubcom_nimlangzip_0.2.1/zip/private')
unlink('/tmp/nimble_6864/githubcom_nimlangzip_0.2.1/zip/zlib.nim')
rmdir('/tmp/nimble_6864/githubcom_nimlangzip_0.2.1/zip')
unlink('/tmp/nimble_6864/githubcom_nimlangzip_0.2.1/zip.nimble')
unlink('/tmp/nimble_6864/githubcom_nimlangzip_0.2.1/LICENSE')
rmdir('/tmp/nimble_6864/githubcom_nimlangzip_0.2.1')
unlink('/tmp/nimble_6864/githubcom_xflywindxlsx/.travis.yml')
unlink('/tmp/nimble_6864/githubcom_xflywindxlsx/tests/test_empty_lines.xlsx')
unlink('/tmp/nimble_6864/githubcom_xflywindxlsx/tests/config.nims')
unlink('/tmp/nimble_6864/githubcom_xflywindxlsx/tests/test_read_excel.nim')
unlink('/tmp/nimble_6864/githubcom_xflywindxlsx/tests/test_date_time.nim')
unlink('/tmp/nimble_6864/githubcom_xflywindxlsx/tests/test_sheet_array.nim')
unlink('/tmp/nimble_6864/githubcom_xflywindxlsx/tests/test_empty_lines.nim')
unlink('/tmp/nimble_6864/githubcom_xflywindxlsx/tests/test_parse_excel.nim')
unlink('/tmp/nimble_6864/githubcom_xflywindxlsx/tests/test_date.nim')
unlink('/tmp/nimble_6864/githubcom_xflywindxlsx/tests/test.xlsx')
unlink('/tmp/nimble_6864/githubcom_xflywindxlsx/tests/test_date_time.xlsx')
unlink('/tmp/nimble_6864/githubcom_xflywindxlsx/tests/test_read_excel.xlsx')
unlink('/tmp/nimble_6864/githubcom_xflywindxlsx/tests/test_date.xlsx')
unlink('/tmp/nimble_6864/githubcom_xflywindxlsx/tests/alltests.nim')
rmdir('/tmp/nimble_6864/githubcom_xflywindxlsx/tests')
unlink('/tmp/nimble_6864/githubcom_xflywindxlsx/docs/utils.html')
unlink('/tmp/nimble_6864/githubcom_xflywindxlsx/docs/nimdoc.out.css')
rmdir('/tmp/nimble_6864/githubcom_xflywindxlsx/docs')
unlink('/tmp/nimble_6864/githubcom_xflywindxlsx/README.md')
rmdir('/tmp/nimble_6864/githubcom_xflywindxlsx/.git/refs/heads')
rmdir('/tmp/nimble_6864/githubcom_xflywindxlsx/.git/refs/tags')
rmdir('/tmp/nimble_6864/githubcom_xflywindxlsx/.git/refs')
unlink('/tmp/nimble_6864/githubcom_xflywindxlsx/.git/config')
unlink('/tmp/nimble_6864/githubcom_xflywindxlsx/.git/logs/HEAD')
rmdir('/tmp/nimble_6864/githubcom_xflywindxlsx/.git/logs')
unlink('/tmp/nimble_6864/githubcom_xflywindxlsx/.git/packed-refs')
unlink('/tmp/nimble_6864/githubcom_xflywindxlsx/.git/HEAD')
unlink('/tmp/nimble_6864/githubcom_xflywindxlsx/.git/description')
unlink('/tmp/nimble_6864/githubcom_xflywindxlsx/.git/hooks/fsmonitor-watchman.sample')
unlink('/tmp/nimble_6864/githubcom_xflywindxlsx/.git/hooks/pre-commit.sample')
unlink('/tmp/nimble_6864/githubcom_xflywindxlsx/.git/hooks/applypatch-msg.sample')
unlink('/tmp/nimble_6864/githubcom_xflywindxlsx/.git/hooks/pre-rebase.sample')
unlink('/tmp/nimble_6864/githubcom_xflywindxlsx/.git/hooks/update.sample')
unlink('/tmp/nimble_6864/githubcom_xflywindxlsx/.git/hooks/pre-push.sample')
unlink('/tmp/nimble_6864/githubcom_xflywindxlsx/.git/hooks/pre-receive.sample')
unlink('/tmp/nimble_6864/githubcom_xflywindxlsx/.git/hooks/pre-applypatch.sample')
unlink('/tmp/nimble_6864/githubcom_xflywindxlsx/.git/hooks/post-update.sample')
unlink('/tmp/nimble_6864/githubcom_xflywindxlsx/.git/hooks/prepare-commit-msg.sample')
unlink('/tmp/nimble_6864/githubcom_xflywindxlsx/.git/hooks/commit-msg.sample')
unlink('/tmp/nimble_6864/githubcom_xflywindxlsx/.git/hooks/pre-merge-commit.sample')
rmdir('/tmp/nimble_6864/githubcom_xflywindxlsx/.git/hooks')
unlink('/tmp/nimble_6864/githubcom_xflywindxlsx/.git/objects/pack/pack-a7f036497b4b46ee69cfd9843ba7dfbbf9dc5d50.idx')
unlink('/tmp/nimble_6864/githubcom_xflywindxlsx/.git/objects/pack/pack-a7f036497b4b46ee69cfd9843ba7dfbbf9dc5d50.pack')
rmdir('/tmp/nimble_6864/githubcom_xflywindxlsx/.git/objects/pack')
rmdir('/tmp/nimble_6864/githubcom_xflywindxlsx/.git/objects/info')
rmdir('/tmp/nimble_6864/githubcom_xflywindxlsx/.git/objects')
rmdir('/tmp/nimble_6864/githubcom_xflywindxlsx/.git/branches')
unlink('/tmp/nimble_6864/githubcom_xflywindxlsx/.git/index')
unlink('/tmp/nimble_6864/githubcom_xflywindxlsx/.git/info/exclude')
rmdir('/tmp/nimble_6864/githubcom_xflywindxlsx/.git/info')
unlink('/tmp/nimble_6864/githubcom_xflywindxlsx/.git/shallow')
rmdir('/tmp/nimble_6864/githubcom_xflywindxlsx/.git')
unlink('/tmp/nimble_6864/githubcom_xflywindxlsx/.github/workflows/action.yml')
rmdir('/tmp/nimble_6864/githubcom_xflywindxlsx/.github/workflows')
rmdir('/tmp/nimble_6864/githubcom_xflywindxlsx/.github')
unlink('/tmp/nimble_6864/githubcom_xflywindxlsx/.gitignore')
unlink('/tmp/nimble_6864/githubcom_xflywindxlsx/LICENSE')
unlink('/tmp/nimble_6864/githubcom_xflywindxlsx/azure-pipelines.yml')
unlink('/tmp/nimble_6864/githubcom_xflywindxlsx/src/xlsx/utils.nim')
unlink('/tmp/nimble_6864/githubcom_xflywindxlsx/src/xlsx/format.nim')
rmdir('/tmp/nimble_6864/githubcom_xflywindxlsx/src/xlsx')
unlink('/tmp/nimble_6864/githubcom_xflywindxlsx/src/xlsx.nim')
rmdir('/tmp/nimble_6864/githubcom_xflywindxlsx/src')
unlink('/tmp/nimble_6864/githubcom_xflywindxlsx/xlsx.nimble')
rmdir('/tmp/nimble_6864/githubcom_xflywindxlsx')
rmdir('/tmp/nimble_6864')
  create directory /tmp
  create directory /tmp/nimble_6864
  create directory /tmp/nimble_6864/githubcom_xflywindxlsx
  delete /tmp/nimble_6864/githubcom_xflywindxlsx
  create directory /tmp/nimble_6864/githubcom_xflywindxlsx
  create directory /tmp/nimble_6864/githubcom_xflywindxlsx/.git
  create directory /tmp/nimble_6864/githubcom_xflywindxlsx/.git
  create directory /tmp/nimble_6864/githubcom_xflywindxlsx/.git/hooks
  create directory /tmp/nimble_6864/githubcom_xflywindxlsx/.git/branches
  create directory /tmp/nimble_6864/githubcom_xflywindxlsx/.git/info
  create directory /tmp/nimble_6864/githubcom_xflywindxlsx/.git/refs
  create directory /tmp/nimble_6864/githubcom_xflywindxlsx/.git/refs/heads
  create directory /tmp/nimble_6864/githubcom_xflywindxlsx/.git/refs/tags
  rename /tmp/nimble_6864/githubcom_xflywindxlsx/.git/HEAD.lock to HEAD
  rename /tmp/nimble_6864/githubcom_xflywindxlsx/.git/config.lock to config
  change permissions of /tmp/nimble_6864/githubcom_xflywindxlsx/.git/config to rwxr--r--
  change permissions of /tmp/nimble_6864/githubcom_xflywindxlsx/.git/config to rw-r--r--
  change permissions of /tmp/nimble_6864/githubcom_xflywindxlsx/.git/config.lock to rw-r--r--
  rename /tmp/nimble_6864/githubcom_xflywindxlsx/.git/config.lock to config
  change permissions of /tmp/nimble_6864/githubcom_xflywindxlsx/.git/config.lock to rw-r--r--
  rename /tmp/nimble_6864/githubcom_xflywindxlsx/.git/config.lock to config
  change permissions of /tmp/nimble_6864/githubcom_xflywindxlsx/.git/config.lock to rw-r--r--
  rename /tmp/nimble_6864/githubcom_xflywindxlsx/.git/config.lock to config
  delete /tmp/nimble_6864/githubcom_xflywindxlsx/.git/tLn3fd8
  create symbolic link from /tmp/nimble_6864/githubcom_xflywindxlsx/.git/tLn3fd8 to /home/runner/work/nim_packages_security_audit/nim_packages_security_audit/testing
  delete /tmp/nimble_6864/githubcom_xflywindxlsx/.git/tLn3fd8
  create directory /tmp/nimble_6864/githubcom_xflywindxlsx/.git/objects
  create directory /tmp/nimble_6864/githubcom_xflywindxlsx/.git/objects/pack
  create directory /tmp/nimble_6864/githubcom_xflywindxlsx/.git/objects/info
  change permissions of /tmp/nimble_6864/githubcom_xflywindxlsx/.git/config.lock to rw-r--r--
  rename /tmp/nimble_6864/githubcom_xflywindxlsx/.git/config.lock to config
  change permissions of /tmp/nimble_6864/githubcom_xflywindxlsx/.git/config.lock to rw-r--r--
  rename /tmp/nimble_6864/githubcom_xflywindxlsx/.git/config.lock to config
  change permissions of /tmp/nimble_6864/githubcom_xflywindxlsx/.git/config.lock to rw-r--r--
  rename /tmp/nimble_6864/githubcom_xflywindxlsx/.git/config.lock to config
  create hard link from /tmp/nimble_6864/githubcom_xflywindxlsx/.git/objects/pack/pack-a7f036497b4b46ee69cfd9843ba7dfbbf9dc5d50.pack to /tmp/nimble_6864/githubcom_xflywindxlsx/.git/objects/pack/tmp_pack_h8ce9a
  delete /tmp/nimble_6864/githubcom_xflywindxlsx/.git/objects/pack/tmp_pack_h8ce9a
  create hard link from /tmp/nimble_6864/githubcom_xflywindxlsx/.git/objects/pack/pack-a7f036497b4b46ee69cfd9843ba7dfbbf9dc5d50.idx to /tmp/nimble_6864/githubcom_xflywindxlsx/.git/objects/pack/tmp_idx_1fFcXD
  delete /tmp/nimble_6864/githubcom_xflywindxlsx/.git/objects/pack/tmp_idx_1fFcXD
  rename /tmp/nimble_6864/githubcom_xflywindxlsx/.git/shallow.lock to shallow
  rename /tmp/nimble_6864/githubcom_xflywindxlsx/.git/packed-refs.new to packed-refs
  delete /tmp/nimble_6864/githubcom_xflywindxlsx/.git/packed-refs.lock
  delete /tmp/nimble_6864/githubcom_xflywindxlsx/.git/refs/tags/v0.4.4.lock
  create directory /tmp/nimble_6864/githubcom_xflywindxlsx/.git/logs
  rename /tmp/nimble_6864/githubcom_xflywindxlsx/.git/HEAD.lock to HEAD
  delete /tmp/nimble_6864/githubcom_xflywindxlsx/.git/objects/pack/pack-a7f036497b4b46ee69cfd9843ba7dfbbf9dc5d50.keep
  create directory /tmp/nimble_6864/githubcom_xflywindxlsx/.github
  create directory /tmp/nimble_6864/githubcom_xflywindxlsx/.github/workflows
  create directory /tmp/nimble_6864/githubcom_xflywindxlsx/docs
  create directory /tmp/nimble_6864/githubcom_xflywindxlsx/src
  create directory /tmp/nimble_6864/githubcom_xflywindxlsx/src/xlsx
  create directory /tmp/nimble_6864/githubcom_xflywindxlsx/tests
  rename /tmp/nimble_6864/githubcom_xflywindxlsx/.git/index.lock to index
  create directory /tmp
  create directory /tmp/nimblecache
  create directory /tmp/nimblecache/xlsx_2291704171
  delete /tmp/nimblecache/xlsx_2291704171/xlsx.ini
  delete /tmp/nimble_6864.out
  delete /tmp/nimble_6864/githubcom_xflywindxlsx/xlsx_6864.nims
  create directory /tmp
  create directory /tmp/nimble_6864
  create directory /tmp/nimble_6864/githubcom_nimlangzip_0.2.1
  delete /tmp/nimble_6864/githubcom_nimlangzip_0.2.1
  create directory /tmp/nimble_6864/githubcom_nimlangzip_0.2.1
  create directory /tmp/nimble_6864/githubcom_nimlangzip_0.2.1/.git
  create directory /tmp/nimble_6864/githubcom_nimlangzip_0.2.1/.git
  create directory /tmp/nimble_6864/githubcom_nimlangzip_0.2.1/.git/hooks
  create directory /tmp/nimble_6864/githubcom_nimlangzip_0.2.1/.git/branches
  create directory /tmp/nimble_6864/githubcom_nimlangzip_0.2.1/.git/info
  create directory /tmp/nimble_6864/githubcom_nimlangzip_0.2.1/.git/refs
  create directory /tmp/nimble_6864/githubcom_nimlangzip_0.2.1/.git/refs/heads
  create directory /tmp/nimble_6864/githubcom_nimlangzip_0.2.1/.git/refs/tags
  rename /tmp/nimble_6864/githubcom_nimlangzip_0.2.1/.git/HEAD.lock to HEAD
  rename /tmp/nimble_6864/githubcom_nimlangzip_0.2.1/.git/config.lock to config
  change permissions of /tmp/nimble_6864/githubcom_nimlangzip_0.2.1/.git/config to rwxr--r--
  change permissions of /tmp/nimble_6864/githubcom_nimlangzip_0.2.1/.git/config to rw-r--r--
  change permissions of /tmp/nimble_6864/githubcom_nimlangzip_0.2.1/.git/config.lock to rw-r--r--
  rename /tmp/nimble_6864/githubcom_nimlangzip_0.2.1/.git/config.lock to config
  change permissions of /tmp/nimble_6864/githubcom_nimlangzip_0.2.1/.git/config.lock to rw-r--r--
  rename /tmp/nimble_6864/githubcom_nimlangzip_0.2.1/.git/config.lock to config
  change permissions of /tmp/nimble_6864/githubcom_nimlangzip_0.2.1/.git/config.lock to rw-r--r--
  rename /tmp/nimble_6864/githubcom_nimlangzip_0.2.1/.git/config.lock to config
  delete /tmp/nimble_6864/githubcom_nimlangzip_0.2.1/.git/tpku7ts
  create symbolic link from /tmp/nimble_6864/githubcom_nimlangzip_0.2.1/.git/tpku7ts to /home/runner/work/nim_packages_security_audit/nim_packages_security_audit/testing
  delete /tmp/nimble_6864/githubcom_nimlangzip_0.2.1/.git/tpku7ts
  create directory /tmp/nimble_6864/githubcom_nimlangzip_0.2.1/.git/objects
  create directory /tmp/nimble_6864/githubcom_nimlangzip_0.2.1/.git/objects/pack
  create directory /tmp/nimble_6864/githubcom_nimlangzip_0.2.1/.git/objects/info
  change permissions of /tmp/nimble_6864/githubcom_nimlangzip_0.2.1/.git/config.lock to rw-r--r--
  rename /tmp/nimble_6864/githubcom_nimlangzip_0.2.1/.git/config.lock to config
  change permissions of /tmp/nimble_6864/githubcom_nimlangzip_0.2.1/.git/config.lock to rw-r--r--
  rename /tmp/nimble_6864/githubcom_nimlangzip_0.2.1/.git/config.lock to config
  change permissions of /tmp/nimble_6864/githubcom_nimlangzip_0.2.1/.git/config.lock to rw-r--r--
  rename /tmp/nimble_6864/githubcom_nimlangzip_0.2.1/.git/config.lock to config
  create hard link from /tmp/nimble_6864/githubcom_nimlangzip_0.2.1/.git/objects/pack/pack-3a67506eb316fc4db9bdb6a7837cddd05119011f.pack to /tmp/nimble_6864/githubcom_nimlangzip_0.2.1/.git/objects/pack/tmp_pack_hDE7oS
  delete /tmp/nimble_6864/githubcom_nimlangzip_0.2.1/.git/objects/pack/tmp_pack_hDE7oS
  create hard link from /tmp/nimble_6864/githubcom_nimlangzip_0.2.1/.git/objects/pack/pack-3a67506eb316fc4db9bdb6a7837cddd05119011f.idx to /tmp/nimble_6864/githubcom_nimlangzip_0.2.1/.git/objects/pack/tmp_idx_9sTIN9
  delete /tmp/nimble_6864/githubcom_nimlangzip_0.2.1/.git/objects/pack/tmp_idx_9sTIN9
  rename /tmp/nimble_6864/githubcom_nimlangzip_0.2.1/.git/shallow.lock to shallow
  rename /tmp/nimble_6864/githubcom_nimlangzip_0.2.1/.git/packed-refs.new to packed-refs
  delete /tmp/nimble_6864/githubcom_nimlangzip_0.2.1/.git/packed-refs.lock
  create directory /tmp/nimble_6864/githubcom_nimlangzip_0.2.1/.git/refs/remotes
  create directory /tmp/nimble_6864/githubcom_nimlangzip_0.2.1/.git/refs/remotes/origin
  create directory /tmp/nimble_6864/githubcom_nimlangzip_0.2.1/.git/logs
  create directory /tmp/nimble_6864/githubcom_nimlangzip_0.2.1/.git/logs/refs
  create directory /tmp/nimble_6864/githubcom_nimlangzip_0.2.1/.git/logs/refs/remotes
  create directory /tmp/nimble_6864/githubcom_nimlangzip_0.2.1/.git/logs/refs/remotes/origin
  rename /tmp/nimble_6864/githubcom_nimlangzip_0.2.1/.git/refs/remotes/origin/HEAD.lock to HEAD
  rename /tmp/nimble_6864/githubcom_nimlangzip_0.2.1/.git/HEAD.lock to HEAD
  create directory /tmp/nimble_6864/githubcom_nimlangzip_0.2.1/.git/logs/refs/heads
  rename /tmp/nimble_6864/githubcom_nimlangzip_0.2.1/.git/refs/heads/master.lock to master
  delete /tmp/nimble_6864/githubcom_nimlangzip_0.2.1/.git/HEAD.lock
  change permissions of /tmp/nimble_6864/githubcom_nimlangzip_0.2.1/.git/config.lock to rw-r--r--
  rename /tmp/nimble_6864/githubcom_nimlangzip_0.2.1/.git/config.lock to config
  change permissions of /tmp/nimble_6864/githubcom_nimlangzip_0.2.1/.git/config.lock to rw-r--r--
  rename /tmp/nimble_6864/githubcom_nimlangzip_0.2.1/.git/config.lock to config
  delete /tmp/nimble_6864/githubcom_nimlangzip_0.2.1/.git/objects/pack/pack-3a67506eb316fc4db9bdb6a7837cddd05119011f.keep
  create directory /tmp/nimble_6864/githubcom_nimlangzip_0.2.1/tests
  create directory /tmp/nimble_6864/githubcom_nimlangzip_0.2.1/tests/files
  create directory /tmp/nimble_6864/githubcom_nimlangzip_0.2.1/zip
  create directory /tmp/nimble_6864/githubcom_nimlangzip_0.2.1/zip/private
  rename /tmp/nimble_6864/githubcom_nimlangzip_0.2.1/.git/index.lock to index
  create directory /tmp
  create directory /tmp/nimblecache
  create directory /tmp/nimblecache/zip_2662724723
  delete /tmp/nimblecache/zip_2662724723/zip.ini
  delete /tmp/nimble_6864.out
  delete /tmp/nimble_6864/githubcom_nimlangzip_0.2.1/zip_6864.nims
  create directory /home
  create directory /home/runner
  create directory /home/runner/.nimble
  create directory /home/runner/.nimble/pkgs
  create directory /home/runner/.nimble/pkgs/zip-0.2.1
  create directory /home
  create directory /home/runner
  create directory /home/runner/.nimble
  create directory /home/runner/.nimble/pkgs
  create directory /home/runner/.nimble/pkgs/zip-0.2.1
  create directory /home/runner/.nimble/pkgs/zip-0.2.1/zip
  change permissions of /home/runner/.nimble/pkgs/zip-0.2.1/zip/libzip.nim to rw-r--r--
  create directory /home
  create directory /home/runner
  create directory /home/runner/.nimble
  create directory /home/runner/.nimble/pkgs
  create directory /home/runner/.nimble/pkgs/zip-0.2.1
  create directory /home/runner/.nimble/pkgs/zip-0.2.1/zip
  change permissions of /home/runner/.nimble/pkgs/zip-0.2.1/zip/gzipfiles.nim to rw-r--r--
  create directory /home
  create directory /home/runner
  create directory /home/runner/.nimble
  create directory /home/runner/.nimble/pkgs
  create directory /home/runner/.nimble/pkgs/zip-0.2.1
  create directory /home/runner/.nimble/pkgs/zip-0.2.1/zip
  change permissions of /home/runner/.nimble/pkgs/zip-0.2.1/zip/zzip.nim to rw-r--r--
  create directory /home
  create directory /home/runner
  create directory /home/runner/.nimble
  create directory /home/runner/.nimble/pkgs
  create directory /home/runner/.nimble/pkgs/zip-0.2.1
  create directory /home/runner/.nimble/pkgs/zip-0.2.1/zip
  change permissions of /home/runner/.nimble/pkgs/zip-0.2.1/zip/zipfiles.nim to rw-r--r--
  create directory /home
  create directory /home/runner
  create directory /home/runner/.nimble
  create directory /home/runner/.nimble/pkgs
  create directory /home/runner/.nimble/pkgs/zip-0.2.1
  create directory /home/runner/.nimble/pkgs/zip-0.2.1/zip
  create directory /home/runner/.nimble/pkgs/zip-0.2.1/zip/private
  change permissions of /home/runner/.nimble/pkgs/zip-0.2.1/zip/private/libzip_all.c to rw-r--r--
  create directory /home
  create directory /home/runner
  create directory /home/runner/.nimble
  create directory /home/runner/.nimble/pkgs
  create directory /home/runner/.nimble/pkgs/zip-0.2.1
  create directory /home/runner/.nimble/pkgs/zip-0.2.1/zip
  change permissions of /home/runner/.nimble/pkgs/zip-0.2.1/zip/zlib.nim to rw-r--r--
  change permissions of /home/runner/.nimble/pkgs/zip-0.2.1/zip.nimble to rw-r--r--
  create directory /tmp
  create directory /tmp/nimblecache
  create directory /tmp/nimblecache/zip_2908121960
  delete /tmp/nimblecache/zip_2908121960/zip.ini
  delete /tmp/nimble_6864.out
  delete /home/runner/.nimble/pkgs/zip-0.2.1/zip_6864.nims
  create directory /home
  create directory /home/runner
  create directory /home/runner/.nimble
  create directory /home/runner/.nimble/pkgs
  create directory /home/runner/.nimble/pkgs/xlsx-0.4.4
  create directory /home
  create directory /home/runner
  create directory /home/runner/.nimble
  create directory /home/runner/.nimble/pkgs
  create directory /home/runner/.nimble/pkgs/xlsx-0.4.4
  create directory /home/runner/.nimble/pkgs/xlsx-0.4.4/xlsx
  change permissions of /home/runner/.nimble/pkgs/xlsx-0.4.4/xlsx/utils.nim to rw-r--r--
  create directory /home
  create directory /home/runner
  create directory /home/runner/.nimble
  create directory /home/runner/.nimble/pkgs
  create directory /home/runner/.nimble/pkgs/xlsx-0.4.4
  create directory /home/runner/.nimble/pkgs/xlsx-0.4.4/xlsx
  change permissions of /home/runner/.nimble/pkgs/xlsx-0.4.4/xlsx/format.nim to rw-r--r--
  create directory /home
  create directory /home/runner
  create directory /home/runner/.nimble
  create directory /home/runner/.nimble/pkgs
  create directory /home/runner/.nimble/pkgs/xlsx-0.4.4
  change permissions of /home/runner/.nimble/pkgs/xlsx-0.4.4/xlsx.nim to rw-r--r--
  change permissions of /home/runner/.nimble/pkgs/xlsx-0.4.4/xlsx.nimble to rw-r--r--
  create directory /tmp
  create directory /tmp/nimblecache
  create directory /tmp/nimblecache/xlsx_775733018
  delete /tmp/nimblecache/xlsx_775733018/xlsx.ini
  delete /tmp/nimble_6864.out
  delete /home/runner/.nimble/pkgs/xlsx-0.4.4/xlsx_6864.nims
  delete /tmp/nimble_6864/githubcom_nimlangzip_0.2.1/tests/gziptests.nim
  delete /tmp/nimble_6864/githubcom_nimlangzip_0.2.1/tests/zlibtests.nim
  delete /tmp/nimble_6864/githubcom_nimlangzip_0.2.1/tests/.gitignore
  delete /tmp/nimble_6864/githubcom_nimlangzip_0.2.1/tests/files/gzipfiletest.txt.gz
  delete /tmp/nimble_6864/githubcom_nimlangzip_0.2.1/tests/files/.gitignore
  delete /tmp/nimble_6864/githubcom_nimlangzip_0.2.1/tests/files/gzipfiletest.txt
  delete /tmp/nimble_6864/githubcom_nimlangzip_0.2.1/tests/files/тест.xlsx
  delete /tmp/nimble_6864/githubcom_nimlangzip_0.2.1/tests/files
  delete /tmp/nimble_6864/githubcom_nimlangzip_0.2.1/tests/ziptests.nim
  delete /tmp/nimble_6864/githubcom_nimlangzip_0.2.1/tests
  delete /tmp/nimble_6864/githubcom_nimlangzip_0.2.1/README.md
  delete /tmp/nimble_6864/githubcom_nimlangzip_0.2.1/.git/refs/remotes/origin/HEAD
  delete /tmp/nimble_6864/githubcom_nimlangzip_0.2.1/.git/refs/remotes/origin
  delete /tmp/nimble_6864/githubcom_nimlangzip_0.2.1/.git/refs/remotes
  delete /tmp/nimble_6864/githubcom_nimlangzip_0.2.1/.git/refs/heads/master
  delete /tmp/nimble_6864/githubcom_nimlangzip_0.2.1/.git/refs/heads
  delete /tmp/nimble_6864/githubcom_nimlangzip_0.2.1/.git/refs/tags
  delete /tmp/nimble_6864/githubcom_nimlangzip_0.2.1/.git/refs
  delete /tmp/nimble_6864/githubcom_nimlangzip_0.2.1/.git/config
  delete /tmp/nimble_6864/githubcom_nimlangzip_0.2.1/.git/logs/refs/remotes/origin/HEAD
  delete /tmp/nimble_6864/githubcom_nimlangzip_0.2.1/.git/logs/refs/remotes/origin
  delete /tmp/nimble_6864/githubcom_nimlangzip_0.2.1/.git/logs/refs/remotes
  delete /tmp/nimble_6864/githubcom_nimlangzip_0.2.1/.git/logs/refs/heads/master
  delete /tmp/nimble_6864/githubcom_nimlangzip_0.2.1/.git/logs/refs/heads
  delete /tmp/nimble_6864/githubcom_nimlangzip_0.2.1/.git/logs/refs
  delete /tmp/nimble_6864/githubcom_nimlangzip_0.2.1/.git/logs/HEAD
  delete /tmp/nimble_6864/githubcom_nimlangzip_0.2.1/.git/logs
  delete /tmp/nimble_6864/githubcom_nimlangzip_0.2.1/.git/packed-refs
  delete /tmp/nimble_6864/githubcom_nimlangzip_0.2.1/.git/HEAD
  delete /tmp/nimble_6864/githubcom_nimlangzip_0.2.1/.git/description
  delete /tmp/nimble_6864/githubcom_nimlangzip_0.2.1/.git/hooks/fsmonitor-watchman.sample
  delete /tmp/nimble_6864/githubcom_nimlangzip_0.2.1/.git/hooks/pre-commit.sample
  delete /tmp/nimble_6864/githubcom_nimlangzip_0.2.1/.git/hooks/applypatch-msg.sample
  delete /tmp/nimble_6864/githubcom_nimlangzip_0.2.1/.git/hooks/pre-rebase.sample
  delete /tmp/nimble_6864/githubcom_nimlangzip_0.2.1/.git/hooks/update.sample
  delete /tmp/nimble_6864/githubcom_nimlangzip_0.2.1/.git/hooks/pre-push.sample
  delete /tmp/nimble_6864/githubcom_nimlangzip_0.2.1/.git/hooks/pre-receive.sample
  delete /tmp/nimble_6864/githubcom_nimlangzip_0.2.1/.git/hooks/pre-applypatch.sample
  delete /tmp/nimble_6864/githubcom_nimlangzip_0.2.1/.git/hooks/post-update.sample
  delete /tmp/nimble_6864/githubcom_nimlangzip_0.2.1/.git/hooks/prepare-commit-msg.sample
  delete /tmp/nimble_6864/githubcom_nimlangzip_0.2.1/.git/hooks/commit-msg.sample
  delete /tmp/nimble_6864/githubcom_nimlangzip_0.2.1/.git/hooks/pre-merge-commit.sample
  delete /tmp/nimble_6864/githubcom_nimlangzip_0.2.1/.git/hooks
  delete /tmp/nimble_6864/githubcom_nimlangzip_0.2.1/.git/objects/pack/pack-3a67506eb316fc4db9bdb6a7837cddd05119011f.idx
  delete /tmp/nimble_6864/githubcom_nimlangzip_0.2.1/.git/objects/pack/pack-3a67506eb316fc4db9bdb6a7837cddd05119011f.pack
  delete /tmp/nimble_6864/githubcom_nimlangzip_0.2.1/.git/objects/pack
  delete /tmp/nimble_6864/githubcom_nimlangzip_0.2.1/.git/objects/info
  delete /tmp/nimble_6864/githubcom_nimlangzip_0.2.1/.git/objects
  delete /tmp/nimble_6864/githubcom_nimlangzip_0.2.1/.git/branches
  delete /tmp/nimble_6864/githubcom_nimlangzip_0.2.1/.git/index
  delete /tmp/nimble_6864/githubcom_nimlangzip_0.2.1/.git/info/exclude
  delete /tmp/nimble_6864/githubcom_nimlangzip_0.2.1/.git/info
  delete /tmp/nimble_6864/githubcom_nimlangzip_0.2.1/.git/shallow
  delete /tmp/nimble_6864/githubcom_nimlangzip_0.2.1/.git
  delete /tmp/nimble_6864/githubcom_nimlangzip_0.2.1/.gitignore
  delete /tmp/nimble_6864/githubcom_nimlangzip_0.2.1/zip/libzip.nim
  delete /tmp/nimble_6864/githubcom_nimlangzip_0.2.1/zip/gzipfiles.nim
  delete /tmp/nimble_6864/githubcom_nimlangzip_0.2.1/zip/zzip.nim
  delete /tmp/nimble_6864/githubcom_nimlangzip_0.2.1/zip/zipfiles.nim
  delete /tmp/nimble_6864/githubcom_nimlangzip_0.2.1/zip/private/libzip_all.c
  delete /tmp/nimble_6864/githubcom_nimlangzip_0.2.1/zip/private
  delete /tmp/nimble_6864/githubcom_nimlangzip_0.2.1/zip/zlib.nim
  delete /tmp/nimble_6864/githubcom_nimlangzip_0.2.1/zip
  delete /tmp/nimble_6864/githubcom_nimlangzip_0.2.1/zip.nimble
  delete /tmp/nimble_6864/githubcom_nimlangzip_0.2.1/LICENSE
  delete /tmp/nimble_6864/githubcom_nimlangzip_0.2.1
  delete /tmp/nimble_6864/githubcom_xflywindxlsx/.travis.yml
  delete /tmp/nimble_6864/githubcom_xflywindxlsx/tests/test_empty_lines.xlsx
  delete /tmp/nimble_6864/githubcom_xflywindxlsx/tests/config.nims
  delete /tmp/nimble_6864/githubcom_xflywindxlsx/tests/test_read_excel.nim
  delete /tmp/nimble_6864/githubcom_xflywindxlsx/tests/test_date_time.nim
  delete /tmp/nimble_6864/githubcom_xflywindxlsx/tests/test_sheet_array.nim
  delete /tmp/nimble_6864/githubcom_xflywindxlsx/tests/test_empty_lines.nim
  delete /tmp/nimble_6864/githubcom_xflywindxlsx/tests/test_parse_excel.nim
  delete /tmp/nimble_6864/githubcom_xflywindxlsx/tests/test_date.nim
  delete /tmp/nimble_6864/githubcom_xflywindxlsx/tests/test.xlsx
  delete /tmp/nimble_6864/githubcom_xflywindxlsx/tests/test_date_time.xlsx
  delete /tmp/nimble_6864/githubcom_xflywindxlsx/tests/test_read_excel.xlsx
  delete /tmp/nimble_6864/githubcom_xflywindxlsx/tests/test_date.xlsx
  delete /tmp/nimble_6864/githubcom_xflywindxlsx/tests/alltests.nim
  delete /tmp/nimble_6864/githubcom_xflywindxlsx/tests
  delete /tmp/nimble_6864/githubcom_xflywindxlsx/docs/utils.html
  delete /tmp/nimble_6864/githubcom_xflywindxlsx/docs/nimdoc.out.css
  delete /tmp/nimble_6864/githubcom_xflywindxlsx/docs
  delete /tmp/nimble_6864/githubcom_xflywindxlsx/README.md
  delete /tmp/nimble_6864/githubcom_xflywindxlsx/.git/refs/heads
  delete /tmp/nimble_6864/githubcom_xflywindxlsx/.git/refs/tags
  delete /tmp/nimble_6864/githubcom_xflywindxlsx/.git/refs
  delete /tmp/nimble_6864/githubcom_xflywindxlsx/.git/config
  delete /tmp/nimble_6864/githubcom_xflywindxlsx/.git/logs/HEAD
  delete /tmp/nimble_6864/githubcom_xflywindxlsx/.git/logs
  delete /tmp/nimble_6864/githubcom_xflywindxlsx/.git/packed-refs
  delete /tmp/nimble_6864/githubcom_xflywindxlsx/.git/HEAD
  delete /tmp/nimble_6864/githubcom_xflywindxlsx/.git/description
  delete /tmp/nimble_6864/githubcom_xflywindxlsx/.git/hooks/fsmonitor-watchman.sample
  delete /tmp/nimble_6864/githubcom_xflywindxlsx/.git/hooks/pre-commit.sample
  delete /tmp/nimble_6864/githubcom_xflywindxlsx/.git/hooks/applypatch-msg.sample
  delete /tmp/nimble_6864/githubcom_xflywindxlsx/.git/hooks/pre-rebase.sample
  delete /tmp/nimble_6864/githubcom_xflywindxlsx/.git/hooks/update.sample
  delete /tmp/nimble_6864/githubcom_xflywindxlsx/.git/hooks/pre-push.sample
  delete /tmp/nimble_6864/githubcom_xflywindxlsx/.git/hooks/pre-receive.sample
  delete /tmp/nimble_6864/githubcom_xflywindxlsx/.git/hooks/pre-applypatch.sample
  delete /tmp/nimble_6864/githubcom_xflywindxlsx/.git/hooks/post-update.sample
  delete /tmp/nimble_6864/githubcom_xflywindxlsx/.git/hooks/prepare-commit-msg.sample
  delete /tmp/nimble_6864/githubcom_xflywindxlsx/.git/hooks/commit-msg.sample
  delete /tmp/nimble_6864/githubcom_xflywindxlsx/.git/hooks/pre-merge-commit.sample
  delete /tmp/nimble_6864/githubcom_xflywindxlsx/.git/hooks
  delete /tmp/nimble_6864/githubcom_xflywindxlsx/.git/objects/pack/pack-a7f036497b4b46ee69cfd9843ba7dfbbf9dc5d50.idx
  delete /tmp/nimble_6864/githubcom_xflywindxlsx/.git/objects/pack/pack-a7f036497b4b46ee69cfd9843ba7dfbbf9dc5d50.pack
  delete /tmp/nimble_6864/githubcom_xflywindxlsx/.git/objects/pack
  delete /tmp/nimble_6864/githubcom_xflywindxlsx/.git/objects/info
  delete /tmp/nimble_6864/githubcom_xflywindxlsx/.git/objects
  delete /tmp/nimble_6864/githubcom_xflywindxlsx/.git/branches
  delete /tmp/nimble_6864/githubcom_xflywindxlsx/.git/index
  delete /tmp/nimble_6864/githubcom_xflywindxlsx/.git/info/exclude
  delete /tmp/nimble_6864/githubcom_xflywindxlsx/.git/info
  delete /tmp/nimble_6864/githubcom_xflywindxlsx/.git/shallow
  delete /tmp/nimble_6864/githubcom_xflywindxlsx/.git
  delete /tmp/nimble_6864/githubcom_xflywindxlsx/.github/workflows/action.yml
  delete /tmp/nimble_6864/githubcom_xflywindxlsx/.github/workflows
  delete /tmp/nimble_6864/githubcom_xflywindxlsx/.github
  delete /tmp/nimble_6864/githubcom_xflywindxlsx/.gitignore
  delete /tmp/nimble_6864/githubcom_xflywindxlsx/LICENSE
  delete /tmp/nimble_6864/githubcom_xflywindxlsx/azure-pipelines.yml
  delete /tmp/nimble_6864/githubcom_xflywindxlsx/src/xlsx/utils.nim
  delete /tmp/nimble_6864/githubcom_xflywindxlsx/src/xlsx/format.nim
  delete /tmp/nimble_6864/githubcom_xflywindxlsx/src/xlsx
  delete /tmp/nimble_6864/githubcom_xflywindxlsx/src/xlsx.nim
  delete /tmp/nimble_6864/githubcom_xflywindxlsx/src
  delete /tmp/nimble_6864/githubcom_xflywindxlsx/xlsx.nimble
  delete /tmp/nimble_6864/githubcom_xflywindxlsx
  delete /tmp/nimble_6864
