     Info:  Nimble data file "/home/runner/.nimble/nimbledata2.json" has been loaded.
    Reading official package list
Downloading https://github.com/vegansk/xmltools using git
    Cloning latest tagged version: v0.1.5
open('/workspace/destdir/ssl/openssl.cnf', 32768, 0x00000000000001b6)
open('/home/runner/.config/nimble/nimble.ini', 557056, 0x00000000000001b6)
open('/home/runner/.config/babel/babel.ini', 557056, 0x00000000000001b6)
open('/home/runner/.nimble/nimbledata2.json', 557056, 0x00000000000001b6)
writev(1, 0x00007ffc7c25c200, 2)
writev(1, 0x00007ffc7c25bae0, 2)
open('/home/runner/.nimble/packages_official.json', 557056, 0x00000000000001b6)
mkdir('/tmp/', 0x00000000000001ff)
mkdir('/tmp/nimble_2055/', 0x00000000000001ff)
mkdir('/tmp/nimble_2055/githubcom_veganskxmltools', 0x00000000000001ff)
writev(1, 0x00007ffc7c25bab0, 2)
open('/tmp/nimble_2055/githubcom_veganskxmltools', 622592, 0x0000000000000000)
rmdir('/tmp/nimble_2055/githubcom_veganskxmltools')
writev(1, 0x00007ffc7c25ba20, 2)
mkdir(94715794908192, 0x00000000000001ff)
Error tracing process: readBytes(0x00005624bd4f6420, 256) error: [Errno 5] Input/output error.
