     Info:  Nimble data file "/home/runner/.nimble/nimbledata2.json" has been loaded.
    Reading official package list
Downloading https://github.com/jpoirier/XPLM-Nim using git
    Cloning latest tagged version: v0.2.5
open('/workspace/destdir/ssl/openssl.cnf', 32768, 0x00000000000001b6)
open('/home/runner/.config/nimble/nimble.ini', 557056, 0x00000000000001b6)
open('/home/runner/.config/babel/babel.ini', 557056, 0x00000000000001b6)
open('/home/runner/.nimble/nimbledata2.json', 557056, 0x00000000000001b6)
writev(1, 0x00007fff0cf8e160, 2)
open('/home/runner/work/nim_packages_security_audit/nim_packages_security_audit', 622592, 0x0000000000000000)
writev(1, 0x00007fff0cf8cd90, 2)
open('/home/runner/.nimble/packages_official.json', 557056, 0x00000000000001b6)
mkdir('/tmp/', 0x00000000000001ff)
mkdir('/tmp/nimble_2055/', 0x00000000000001ff)
mkdir('/tmp/nimble_2055/githubcom_jpoirierXPLMNim', 0x00000000000001ff)
open('/tmp/nimble_2055/githubcom_jpoirierXPLMNim', 622592, 0x0000000000000000)
writev(1, 0x00007fff0cf8ce50, 2)
open('/tmp/nimble_2055/githubcom_jpoirierXPLMNim', 622592, 0x0000000000000000)
rmdir('/tmp/nimble_2055/githubcom_jpoirierXPLMNim')
writev(1, 0x00007fff0cf8cd40, 2)
mkdir(94416750998960, 0x00000000000001ff)
Error tracing process: readBytes(0x000055df1ce775b0, 256) error: [Errno 5] Input/output error.
