      Info: Package cache path /home/runner/.nimble/pkgcache
     Info:  Nimble data file "/home/runner/.nimble/nimbledata2.json" has been loaded.
    Reading official package list
Downloading https://github.com/xxtea/xxtea-nim using git
   Warning: The package has no tagged releases, downloading HEAD instead.
open('/workspace/destdir/ssl/openssl.cnf', 32768, 0x00000000000001b6)
open('/home/runner/.config/nimble/nimble.ini', 557056, 0x00000000000001b6)
open('/home/runner/.config/babel/babel.ini', 557056, 0x00000000000001b6)
writev(1, 0x00007ffec1647100, 2)
open('/home/runner/.nimble/nimbledata2.json', 557056, 0x00000000000001b6)
writev(1, 0x00007ffec16471d0, 2)
writev(1, 0x00007ffc93719130, 2)
writev(1, 0x00007ffc937191c0, 2)
writev(1, 0x00007ffc937191c0, 2)
writev(1, 0x00007ffc937191c0, 2)
writev(1, 0x00007ffec1645bb0, 2)
open('/home/runner/.nimble/packages_official.json', 557056, 0x00000000000001b6)
mkdir('/home/', 0x00000000000001ff)
mkdir('/home/runner/', 0x00000000000001ff)
mkdir('/home/runner/.nimble/', 0x00000000000001ff)
mkdir('/home/runner/.nimble/pkgcache/', 0x00000000000001ff)
mkdir('/home/runner/.nimble/pkgcache/githubcom_xxteaxxteanim', 0x00000000000001ff)
open('/home/runner/.nimble/pkgcache/githubcom_xxteaxxteanim', 622592, 0x0000000000000000)
writev(1, 0x00007ffec1645c90, 2)
open('/home/runner/.nimble/pkgcache/githubcom_xxteaxxteanim', 622592, 0x0000000000000000)
rmdir('/home/runner/.nimble/pkgcache/githubcom_xxteaxxteanim')
writev(1, 0x00007ffec1645b80, 2)
mkdir(94389659458192, 0x00000000000001ff)
Error tracing process: readBytes(0x000055d8ce1f5a90, 256) error: [Errno 5] Input/output error.
