      Info: Package cache path /home/runner/.nimble/pkgcache
     Info:  Nimble data file "/home/runner/.nimble/nimbledata2.json" has been loaded.
    Reading official package list
Downloading https://github.com/schneiderfelipe/unrolled using git
    Cloning latest tagged version: v0.1-alpha
open('/workspace/destdir/ssl/openssl.cnf', 32768, 0x00000000000001b6)
open('/home/runner/.config/nimble/nimble.ini', 557056, 0x00000000000001b6)
open('/home/runner/.config/babel/babel.ini', 557056, 0x00000000000001b6)
writev(1, 0x00007ffe30f62020, 2)
open('/home/runner/.nimble/nimbledata2.json', 557056, 0x00000000000001b6)
writev(1, 0x00007ffe30f620f0, 2)
writev(1, 0x00007fffe3f638d0, 2)
writev(1, 0x00007fffe3f63960, 2)
writev(1, 0x00007fffe3f63960, 2)
writev(1, 0x00007fffe3f63960, 2)
writev(1, 0x00007ffe30f60ad0, 2)
open('/home/runner/.nimble/packages_official.json', 557056, 0x00000000000001b6)
mkdir('/home/', 0x00000000000001ff)
mkdir('/home/runner/', 0x00000000000001ff)
mkdir('/home/runner/.nimble/', 0x00000000000001ff)
mkdir('/home/runner/.nimble/pkgcache/', 0x00000000000001ff)
mkdir('/home/runner/.nimble/pkgcache/githubcom_schneiderfelipeunrolled', 0x00000000000001ff)
open('/home/runner/.nimble/pkgcache/githubcom_schneiderfelipeunrolled', 622592, 0x0000000000000000)
writev(1, 0x00007ffe30f60bb0, 2)
open('/home/runner/.nimble/pkgcache/githubcom_schneiderfelipeunrolled', 622592, 0x0000000000000000)
rmdir('/home/runner/.nimble/pkgcache/githubcom_schneiderfelipeunrolled')
writev(1, 0x00007ffe30f60aa0, 2)
mkdir(94137342393168, 0x00000000000001ff)
Error tracing process: readBytes(0x0000559e0eda7b50, 256) error: [Errno 5] Input/output error.
