     Info:  Nimble data file "/home/runner/.nimble/nimbledata2.json" has been loaded.
    Reading official package list
Downloading https://github.com/choltreppe/unroll using git
    Cloning latest tagged version: v0.1.1
open('/workspace/destdir/ssl/openssl.cnf', 32768, 0x00000000000001b6)
open('/home/runner/.config/nimble/nimble.ini', 557056, 0x00000000000001b6)
open('/home/runner/.config/babel/babel.ini', 557056, 0x00000000000001b6)
open('/home/runner/.nimble/nimbledata2.json', 557056, 0x00000000000001b6)
writev(1, 0x00007fffd104de70, 2)
writev(1, 0x00007fffd104d750, 2)
open('/home/runner/.nimble/packages_official.json', 557056, 0x00000000000001b6)
mkdir('/tmp/', 0x00000000000001ff)
mkdir('/tmp/nimble_1996/', 0x00000000000001ff)
mkdir('/tmp/nimble_1996/githubcom_choltreppeunroll', 0x00000000000001ff)
writev(1, 0x00007fffd104d720, 2)
open('/tmp/nimble_1996/githubcom_choltreppeunroll', 622592, 0x0000000000000000)
rmdir('/tmp/nimble_1996/githubcom_choltreppeunroll')
writev(1, 0x00007fffd104d690, 2)
mkdir(94345207800864, 0x00000000000001ff)
Error tracing process: readBytes(0x000055ce7498e420, 256) error: [Errno 5] Input/output error.
