      Info: Package cache path /home/runner/.nimble/pkgcache
     Info:  Nimble data file "/home/runner/.nimble/nimbledata2.json" has been loaded.
    Reading official package list
Downloading https://github.com/JohnAD/ur using git
    Cloning latest tagged version: v0.1.1
open('/workspace/destdir/ssl/openssl.cnf', 32768, 0x00000000000001b6)
open('/home/runner/.config/nimble/nimble.ini', 557056, 0x00000000000001b6)
open('/home/runner/.config/babel/babel.ini', 557056, 0x00000000000001b6)
writev(1, 0x00007ffc0d2dc6a0, 2)
open('/home/runner/.nimble/nimbledata2.json', 557056, 0x00000000000001b6)
writev(1, 0x00007ffc0d2dc770, 2)
writev(1, 0x00007fffd73d36c0, 2)
writev(1, 0x00007fffd73d3750, 2)
writev(1, 0x00007fffd73d3750, 2)
writev(1, 0x00007fffd73d3750, 2)
writev(1, 0x00007ffc0d2db180, 2)
open('/home/runner/.nimble/packages_official.json', 557056, 0x00000000000001b6)
mkdir('/home/', 0x00000000000001ff)
mkdir('/home/runner/', 0x00000000000001ff)
mkdir('/home/runner/.nimble/', 0x00000000000001ff)
mkdir('/home/runner/.nimble/pkgcache/', 0x00000000000001ff)
mkdir('/home/runner/.nimble/pkgcache/githubcom_JohnADur', 0x00000000000001ff)
open('/home/runner/.nimble/pkgcache/githubcom_JohnADur', 622592, 0x0000000000000000)
writev(1, 0x00007ffc0d2db1e0, 2)
open('/home/runner/.nimble/pkgcache/githubcom_JohnADur', 622592, 0x0000000000000000)
rmdir('/home/runner/.nimble/pkgcache/githubcom_JohnADur')
writev(1, 0x00007ffc0d2db0d0, 2)
mkdir(94673403738912, 0x00000000000001ff)
Error tracing process: readBytes(0x0000561ade997b20, 256) error: [Errno 5] Input/output error.
