      Info: Package cache path /home/runner/.nimble/pkgcache
     Info:  Nimble data file "/home/runner/.nimble/nimbledata2.json" has been loaded.
    Reading official package list
Downloading https://github.com/jamesfrancis2004/uuidgen using git
   Warning: The package has no tagged releases, downloading HEAD instead.
open('/workspace/destdir/ssl/openssl.cnf', 32768, 0x00000000000001b6)
open('/home/runner/.config/nimble/nimble.ini', 557056, 0x00000000000001b6)
open('/home/runner/.config/babel/babel.ini', 557056, 0x00000000000001b6)
writev(1, 0x00007ffc358d81f0, 2)
open('/home/runner/.nimble/nimbledata2.json', 557056, 0x00000000000001b6)
writev(1, 0x00007ffc358d82c0, 2)
writev(1, 0x00007ffd9daba500, 2)
writev(1, 0x00007ffd9daba590, 2)
writev(1, 0x00007ffd9daba590, 2)
writev(1, 0x00007ffd9daba590, 2)
writev(1, 0x00007ffc358d6cd0, 2)
open('/home/runner/.nimble/packages_official.json', 557056, 0x00000000000001b6)
mkdir('/home/', 0x00000000000001ff)
mkdir('/home/runner/', 0x00000000000001ff)
mkdir('/home/runner/.nimble/', 0x00000000000001ff)
mkdir('/home/runner/.nimble/pkgcache/', 0x00000000000001ff)
mkdir('/home/runner/.nimble/pkgcache/githubcom_jamesfrancis2004uuidgen', 0x00000000000001ff)
open('/home/runner/.nimble/pkgcache/githubcom_jamesfrancis2004uuidgen', 622592, 0x0000000000000000)
writev(1, 0x00007ffc358d6d30, 2)
open('/home/runner/.nimble/pkgcache/githubcom_jamesfrancis2004uuidgen', 622592, 0x0000000000000000)
rmdir('/home/runner/.nimble/pkgcache/githubcom_jamesfrancis2004uuidgen')
writev(1, 0x00007ffc358d6c20, 2)
mkdir(94531529976640, 0x00000000000001ff)
Error tracing process: readBytes(0x000055f9d643ab40, 256) error: [Errno 5] Input/output error.
