      Info: Package cache path /home/runner/.nimble/pkgcache
     Info:  Nimble data file "/home/runner/.nimble/nimbledata2.json" has been loaded.
    Reading official package list
Downloading https://github.com/halonium/halonium using git
    Cloning latest tagged version: 0.2.7
open('/workspace/destdir/ssl/openssl.cnf', 32768, 0x00000000000001b6)
open('/home/runner/.config/nimble/nimble.ini', 557056, 0x00000000000001b6)
open('/home/runner/.config/babel/babel.ini', 557056, 0x00000000000001b6)
writev(1, 0x00007ffe6ec497e0, 2)
open('/home/runner/.nimble/nimbledata2.json', 557056, 0x00000000000001b6)
writev(1, 0x00007ffe6ec498b0, 2)
writev(1, 0x00007fffd3e68800, 2)
writev(1, 0x00007fffd3e68890, 2)
writev(1, 0x00007fffd3e68890, 2)
writev(1, 0x00007fffd3e68890, 2)
writev(1, 0x00007ffe6ec482e0, 2)
open('/home/runner/.nimble/packages_official.json', 557056, 0x00000000000001b6)
mkdir('/home/', 0x00000000000001ff)
mkdir('/home/runner/', 0x00000000000001ff)
mkdir('/home/runner/.nimble/', 0x00000000000001ff)
mkdir('/home/runner/.nimble/pkgcache/', 0x00000000000001ff)
mkdir('/home/runner/.nimble/pkgcache/githubcom_haloniumhalonium', 0x00000000000001ff)
open('/home/runner/.nimble/pkgcache/githubcom_haloniumhalonium', 622592, 0x0000000000000000)
writev(1, 0x00007ffe6ec48320, 2)
open('/home/runner/.nimble/pkgcache/githubcom_haloniumhalonium', 622592, 0x0000000000000000)
rmdir('/home/runner/.nimble/pkgcache/githubcom_haloniumhalonium')
writev(1, 0x00007ffe6ec48210, 2)
mkdir(94632448182272, 0x00000000000001ff)
Error tracing process: readBytes(0x0000561155754800, 256) error: [Errno 5] Input/output error.
