      Info: Package cache path /home/runner/.nimble/pkgcache
     Info:  Nimble data file "/home/runner/.nimble/nimbledata2.json" has been loaded.
    Reading official package list
Downloading https://github.com/achesak/nim-hashids using git
   Warning: The package has no tagged releases, downloading HEAD instead.
open('/workspace/destdir/ssl/openssl.cnf', 32768, 0x00000000000001b6)
open('/home/runner/.config/nimble/nimble.ini', 557056, 0x00000000000001b6)
open('/home/runner/.config/babel/babel.ini', 557056, 0x00000000000001b6)
writev(1, 0x00007ffdab592930, 2)
open('/home/runner/.nimble/nimbledata2.json', 557056, 0x00000000000001b6)
writev(1, 0x00007ffdab592a00, 2)
writev(1, 0x00007ffdb0078170, 2)
writev(1, 0x00007ffdb0078200, 2)
writev(1, 0x00007ffdb0078200, 2)
writev(1, 0x00007ffdb0078200, 2)
writev(1, 0x00007ffdab591430, 2)
open('/home/runner/.nimble/packages_official.json', 557056, 0x00000000000001b6)
mkdir('/home/', 0x00000000000001ff)
mkdir('/home/runner/', 0x00000000000001ff)
mkdir('/home/runner/.nimble/', 0x00000000000001ff)
mkdir('/home/runner/.nimble/pkgcache/', 0x00000000000001ff)
mkdir('/home/runner/.nimble/pkgcache/githubcom_achesaknimhashids', 0x00000000000001ff)
open('/home/runner/.nimble/pkgcache/githubcom_achesaknimhashids', 622592, 0x0000000000000000)
writev(1, 0x00007ffdab591470, 2)
open('/home/runner/.nimble/pkgcache/githubcom_achesaknimhashids', 622592, 0x0000000000000000)
rmdir('/home/runner/.nimble/pkgcache/githubcom_achesaknimhashids')
writev(1, 0x00007ffdab591360, 2)
mkdir(94035376748464, 0x00000000000001ff)
Error tracing process: readBytes(0x00005586513a37b0, 256) error: [Errno 5] Input/output error.
