      Info: Package cache path /home/runner/.nimble/pkgcache
     Info:  Nimble data file "/home/runner/.nimble/nimbledata2.json" has been loaded.
    Reading official package list
Downloading https://git.sr.ht/~xigoi/heine using git
    Cloning latest tagged version: 2025.204.0
open('/workspace/destdir/ssl/openssl.cnf', 32768, 0x00000000000001b6)
open('/home/runner/.config/nimble/nimble.ini', 557056, 0x00000000000001b6)
open('/home/runner/.config/babel/babel.ini', 557056, 0x00000000000001b6)
writev(1, 0x00007ffcc6fffe30, 2)
open('/home/runner/.nimble/nimbledata2.json', 557056, 0x00000000000001b6)
writev(1, 0x00007ffcc6ffff00, 2)
writev(1, 0x00007fff24919cf0, 2)
writev(1, 0x00007fff24919d80, 2)
writev(1, 0x00007fff24919d80, 2)
writev(1, 0x00007fff24919d80, 2)
writev(1, 0x00007ffcc6ffe910, 2)
open('/home/runner/.nimble/packages_official.json', 557056, 0x00000000000001b6)
mkdir('/home/', 0x00000000000001ff)
mkdir('/home/runner/', 0x00000000000001ff)
mkdir('/home/runner/.nimble/', 0x00000000000001ff)
mkdir('/home/runner/.nimble/pkgcache/', 0x00000000000001ff)
mkdir('/home/runner/.nimble/pkgcache/gitsrht_xigoiheine', 0x00000000000001ff)
open('/home/runner/.nimble/pkgcache/gitsrht_xigoiheine', 622592, 0x0000000000000000)
writev(1, 0x00007ffcc6ffe970, 2)
open('/home/runner/.nimble/pkgcache/gitsrht_xigoiheine', 622592, 0x0000000000000000)
rmdir('/home/runner/.nimble/pkgcache/gitsrht_xigoiheine')
writev(1, 0x00007ffcc6ffe860, 2)
mkdir(94302262401840, 0x00000000000001ff)
Error tracing process: readBytes(0x000055c474da1b30, 256) error: [Errno 5] Input/output error.
