      Info: Package cache path /home/runner/.nimble/pkgcache
     Info:  Nimble data file "/home/runner/.nimble/nimbledata2.json" has been loaded.
    Reading official package list
Downloading https://github.com/RaimundHuebel/nimhighlight using git
    Cloning latest tagged version: v0.1.0
open('/workspace/destdir/ssl/openssl.cnf', 32768, 0x00000000000001b6)
open('/home/runner/.config/nimble/nimble.ini', 557056, 0x00000000000001b6)
open('/home/runner/.config/babel/babel.ini', 557056, 0x00000000000001b6)
writev(1, 0x00007fffc49ca210, 2)
open('/home/runner/.nimble/nimbledata2.json', 557056, 0x00000000000001b6)
writev(1, 0x00007fffc49ca2e0, 2)
writev(1, 0x00007fff700cfd00, 2)
writev(1, 0x00007fff700cfd90, 2)
writev(1, 0x00007fff700cfd90, 2)
writev(1, 0x00007fff700cfd90, 2)
writev(1, 0x00007fffc49c8d10, 2)
open('/home/runner/.nimble/packages_official.json', 557056, 0x00000000000001b6)
mkdir('/home/', 0x00000000000001ff)
mkdir('/home/runner/', 0x00000000000001ff)
mkdir('/home/runner/.nimble/', 0x00000000000001ff)
mkdir('/home/runner/.nimble/pkgcache/', 0x00000000000001ff)
mkdir('/home/runner/.nimble/pkgcache/githubcom_RaimundHuebelnimhighlight', 0x00000000000001ff)
open('/home/runner/.nimble/pkgcache/githubcom_RaimundHuebelnimhighlight', 622592, 0x0000000000000000)
writev(1, 0x00007fffc49c8d50, 2)
open('/home/runner/.nimble/pkgcache/githubcom_RaimundHuebelnimhighlight', 622592, 0x0000000000000000)
rmdir('/home/runner/.nimble/pkgcache/githubcom_RaimundHuebelnimhighlight')
writev(1, 0x00007fffc49c8c40, 2)
mkdir(94257296275472, 0x00000000000001ff)
Error tracing process: readBytes(0x000055b9fca97810, 256) error: [Errno 5] Input/output error.
