      Info: Package cache path /home/runner/.nimble/pkgcache
     Info:  Nimble data file "/home/runner/.nimble/nimbledata2.json" has been loaded.
    Reading official package list
Downloading https://github.com/hmbemba/hk using git
   Warning: The package has no tagged releases, downloading HEAD instead.
open('/workspace/destdir/ssl/openssl.cnf', 32768, 0x00000000000001b6)
open('/home/runner/.config/nimble/nimble.ini', 557056, 0x00000000000001b6)
open('/home/runner/.config/babel/babel.ini', 557056, 0x00000000000001b6)
writev(1, 0x00007fff21fe49e0, 2)
open('/home/runner/.nimble/nimbledata2.json', 557056, 0x00000000000001b6)
writev(1, 0x00007fff21fe4ab0, 2)
writev(1, 0x00007ffdec8e5df0, 2)
writev(1, 0x00007ffdec8e5e80, 2)
writev(1, 0x00007ffdec8e5e80, 2)
writev(1, 0x00007ffdec8e5e80, 2)
writev(1, 0x00007fff21fe34c0, 2)
open('/home/runner/.nimble/packages_official.json', 557056, 0x00000000000001b6)
mkdir('/home/', 0x00000000000001ff)
mkdir('/home/runner/', 0x00000000000001ff)
mkdir('/home/runner/.nimble/', 0x00000000000001ff)
mkdir('/home/runner/.nimble/pkgcache/', 0x00000000000001ff)
mkdir('/home/runner/.nimble/pkgcache/githubcom_hmbembahk', 0x00000000000001ff)
open('/home/runner/.nimble/pkgcache/githubcom_hmbembahk', 622592, 0x0000000000000000)
writev(1, 0x00007fff21fe3520, 2)
open('/home/runner/.nimble/pkgcache/githubcom_hmbembahk', 622592, 0x0000000000000000)
rmdir('/home/runner/.nimble/pkgcache/githubcom_hmbembahk')
writev(1, 0x00007fff21fe3410, 2)
mkdir(94188069255904, 0x00000000000001ff)
Error tracing process: readBytes(0x000055a9de68fae0, 256) error: [Errno 5] Input/output error.
