      Info: Package cache path /home/runner/.nimble/pkgcache
     Info:  Nimble data file "/home/runner/.nimble/nimbledata2.json" has been loaded.
    Reading official package list
Downloading https://github.com/RainbowAsteroids/host using git
   Warning: The package has no tagged releases, downloading HEAD instead.
open('/workspace/destdir/ssl/openssl.cnf', 32768, 0x00000000000001b6)
open('/home/runner/.config/nimble/nimble.ini', 557056, 0x00000000000001b6)
open('/home/runner/.config/babel/babel.ini', 557056, 0x00000000000001b6)
writev(1, 0x00007ffc86a0d0a0, 2)
open('/home/runner/.nimble/nimbledata2.json', 557056, 0x00000000000001b6)
writev(1, 0x00007ffc86a0d170, 2)
writev(1, 0x00007fffc80eae30, 2)
writev(1, 0x00007fffc80eaec0, 2)
writev(1, 0x00007fffc80eaec0, 2)
writev(1, 0x00007fffc80eaec0, 2)
writev(1, 0x00007ffc86a0bb80, 2)
open('/home/runner/.nimble/packages_official.json', 557056, 0x00000000000001b6)
mkdir('/home/', 0x00000000000001ff)
mkdir('/home/runner/', 0x00000000000001ff)
mkdir('/home/runner/.nimble/', 0x00000000000001ff)
mkdir('/home/runner/.nimble/pkgcache/', 0x00000000000001ff)
mkdir('/home/runner/.nimble/pkgcache/githubcom_RainbowAsteroidshost', 0x00000000000001ff)
open('/home/runner/.nimble/pkgcache/githubcom_RainbowAsteroidshost', 622592, 0x0000000000000000)
writev(1, 0x00007ffc86a0bbe0, 2)
open('/home/runner/.nimble/pkgcache/githubcom_RainbowAsteroidshost', 622592, 0x0000000000000000)
rmdir('/home/runner/.nimble/pkgcache/githubcom_RainbowAsteroidshost')
writev(1, 0x00007ffc86a0bad0, 2)
mkdir(94146450312016, 0x00000000000001ff)
Error tracing process: readBytes(0x000055a02dba4b50, 256) error: [Errno 5] Input/output error.
