    Reading official package list
Downloading https://github.com/FedericoCeratto/nim-httpauth using git
    Cloning latest tagged version: 0.3.0
       Info /tmp/nimble_6029/githubcom_FedericoCerattonimhttpauth/httpauth_6029.nims(5, 22) Warning: imported and not used: 'strutils' [UnusedImport]
  Verifying dependencies for httpauth@0.3.0
    Reading official package list
   Checking for libsodium@any version
 Installing libsodium@any version
    Reading official package list
Downloading https://github.com/FedericoCeratto/nim-libsodium using git
    Cloning latest tagged version: 0.6.0
mkdir('/tmp', 0x00000000000001ff)
mkdir('/tmp/nimble_6029', 0x00000000000001ff)
mkdir('/tmp/nimble_6029/githubcom_FedericoCerattonimhttpauth', 0x00000000000001ff)
rmdir('/tmp/nimble_6029/githubcom_FedericoCerattonimhttpauth')
mkdir('/tmp/nimble_6029/githubcom_FedericoCerattonimhttpauth', 0x00000000000001ff)
mkdir('/tmp/nimble_6029/githubcom_FedericoCerattonimhttpauth/.git', 0x00000000000001ff)
mkdir('/tmp/nimble_6029/githubcom_FedericoCerattonimhttpauth/.git/', 0x00000000000001ff)
mkdir('/tmp/nimble_6029/githubcom_FedericoCerattonimhttpauth/.git/hooks/', 0x00000000000001ff)
mkdir('/tmp/nimble_6029/githubcom_FedericoCerattonimhttpauth/.git/branches/', 0x00000000000001ff)
mkdir('/tmp/nimble_6029/githubcom_FedericoCerattonimhttpauth/.git/info/', 0x00000000000001ff)
mkdir('/tmp/nimble_6029/githubcom_FedericoCerattonimhttpauth/.git/refs', 0x00000000000001ff)
mkdir('/tmp/nimble_6029/githubcom_FedericoCerattonimhttpauth/.git/refs/heads', 0x00000000000001ff)
mkdir('/tmp/nimble_6029/githubcom_FedericoCerattonimhttpauth/.git/refs/tags', 0x00000000000001ff)
rename('/tmp/nimble_6029/githubcom_FedericoCerattonimhttpauth/.git/HEAD.lock', '/tmp/nimble_6029/githubcom_FedericoCerattonimhttpauth/.git/HEAD')
rename('/tmp/nimble_6029/githubcom_FedericoCerattonimhttpauth/.git/config.lock', '/tmp/nimble_6029/githubcom_FedericoCerattonimhttpauth/.git/config')
chmod('/tmp/nimble_6029/githubcom_FedericoCerattonimhttpauth/.git/config', 0x00000000000081e4)
chmod('/tmp/nimble_6029/githubcom_FedericoCerattonimhttpauth/.git/config', 0x00000000000081a4)
chmod('/tmp/nimble_6029/githubcom_FedericoCerattonimhttpauth/.git/config.lock', 0x00000000000001a4)
rename('/tmp/nimble_6029/githubcom_FedericoCerattonimhttpauth/.git/config.lock', '/tmp/nimble_6029/githubcom_FedericoCerattonimhttpauth/.git/config')
chmod('/tmp/nimble_6029/githubcom_FedericoCerattonimhttpauth/.git/config.lock', 0x00000000000001a4)
rename('/tmp/nimble_6029/githubcom_FedericoCerattonimhttpauth/.git/config.lock', '/tmp/nimble_6029/githubcom_FedericoCerattonimhttpauth/.git/config')
chmod('/tmp/nimble_6029/githubcom_FedericoCerattonimhttpauth/.git/config.lock', 0x00000000000001a4)
rename('/tmp/nimble_6029/githubcom_FedericoCerattonimhttpauth/.git/config.lock', '/tmp/nimble_6029/githubcom_FedericoCerattonimhttpauth/.git/config')
unlink('/tmp/nimble_6029/githubcom_FedericoCerattonimhttpauth/.git/t6SliEu')
symlink('testing', '/tmp/nimble_6029/githubcom_FedericoCerattonimhttpauth/.git/t6SliEu')
unlink('/tmp/nimble_6029/githubcom_FedericoCerattonimhttpauth/.git/t6SliEu')
mkdir('/tmp/nimble_6029/githubcom_FedericoCerattonimhttpauth/.git/objects', 0x00000000000001ff)
mkdir('/tmp/nimble_6029/githubcom_FedericoCerattonimhttpauth/.git/objects/pack', 0x00000000000001ff)
mkdir('/tmp/nimble_6029/githubcom_FedericoCerattonimhttpauth/.git/objects/info', 0x00000000000001ff)
chmod('/tmp/nimble_6029/githubcom_FedericoCerattonimhttpauth/.git/config.lock', 0x00000000000001a4)
rename('/tmp/nimble_6029/githubcom_FedericoCerattonimhttpauth/.git/config.lock', '/tmp/nimble_6029/githubcom_FedericoCerattonimhttpauth/.git/config')
chmod('/tmp/nimble_6029/githubcom_FedericoCerattonimhttpauth/.git/config.lock', 0x00000000000001a4)
rename('/tmp/nimble_6029/githubcom_FedericoCerattonimhttpauth/.git/config.lock', '/tmp/nimble_6029/githubcom_FedericoCerattonimhttpauth/.git/config')
chmod('/tmp/nimble_6029/githubcom_FedericoCerattonimhttpauth/.git/config.lock', 0x00000000000001a4)
rename('/tmp/nimble_6029/githubcom_FedericoCerattonimhttpauth/.git/config.lock', '/tmp/nimble_6029/githubcom_FedericoCerattonimhttpauth/.git/config')
link('/tmp/nimble_6029/githubcom_FedericoCerattonimhttpauth/.git/objects/pack/tmp_pack_7UnVEz', '/tmp/nimble_6029/githubcom_FedericoCerattonimhttpauth/.git/objects/pack/pack-8c7fe8e78fc849aabe7399c3c58175e4c2eadd8f.pack')
unlink('/tmp/nimble_6029/githubcom_FedericoCerattonimhttpauth/.git/objects/pack/tmp_pack_7UnVEz')
link('/tmp/nimble_6029/githubcom_FedericoCerattonimhttpauth/.git/objects/pack/tmp_idx_Bk1wVU', '/tmp/nimble_6029/githubcom_FedericoCerattonimhttpauth/.git/objects/pack/pack-8c7fe8e78fc849aabe7399c3c58175e4c2eadd8f.idx')
unlink('/tmp/nimble_6029/githubcom_FedericoCerattonimhttpauth/.git/objects/pack/tmp_idx_Bk1wVU')
rename('/tmp/nimble_6029/githubcom_FedericoCerattonimhttpauth/.git/shallow.lock', '/tmp/nimble_6029/githubcom_FedericoCerattonimhttpauth/.git/shallow')
rename('/tmp/nimble_6029/githubcom_FedericoCerattonimhttpauth/.git/packed-refs.new', '/tmp/nimble_6029/githubcom_FedericoCerattonimhttpauth/.git/packed-refs')
unlink('/tmp/nimble_6029/githubcom_FedericoCerattonimhttpauth/.git/packed-refs.lock')
unlink('/tmp/nimble_6029/githubcom_FedericoCerattonimhttpauth/.git/refs/tags/0.3.0.lock')
mkdir('/tmp/nimble_6029/githubcom_FedericoCerattonimhttpauth/.git/logs', 0x00000000000001ff)
rename('/tmp/nimble_6029/githubcom_FedericoCerattonimhttpauth/.git/HEAD.lock', '/tmp/nimble_6029/githubcom_FedericoCerattonimhttpauth/.git/HEAD')
unlink('/tmp/nimble_6029/githubcom_FedericoCerattonimhttpauth/.git/objects/pack/pack-8c7fe8e78fc849aabe7399c3c58175e4c2eadd8f.keep')
mkdir('.circleci', 0x00000000000001ff)
mkdir('httpauthpkg', 0x00000000000001ff)
mkdir('tests', 0x00000000000001ff)
rename('/tmp/nimble_6029/githubcom_FedericoCerattonimhttpauth/.git/index.lock', '/tmp/nimble_6029/githubcom_FedericoCerattonimhttpauth/.git/index')
mkdir('/tmp', 0x00000000000001ff)
mkdir('/tmp/nimblecache', 0x00000000000001ff)
mkdir('/tmp/nimblecache/httpauth_847791807', 0x00000000000001ff)
unlink('/tmp/nimblecache/httpauth_847791807/httpauth.ini')
unlink('/tmp/nimble_6029.out')
unlink('/tmp/nimble_6029/githubcom_FedericoCerattonimhttpauth/httpauth_6029.nims')
mkdir('/tmp', 0x00000000000001ff)
mkdir('/tmp/nimble_6029', 0x00000000000001ff)
mkdir('/tmp/nimble_6029/githubcom_FedericoCerattonimlibsodium', 0x00000000000001ff)
rmdir('/tmp/nimble_6029/githubcom_FedericoCerattonimlibsodium')
mkdir('/tmp/nimble_6029/githubcom_FedericoCerattonimlibsodium', 0x00000000000001ff)
mkdir('/tmp/nimble_6029/githubcom_FedericoCerattonimlibsodium/.git', 0x00000000000001ff)
mkdir('/tmp/nimble_6029/githubcom_FedericoCerattonimlibsodium/.git/', 0x00000000000001ff)
mkdir('/tmp/nimble_6029/githubcom_FedericoCerattonimlibsodium/.git/hooks/', 0x00000000000001ff)
mkdir('/tmp/nimble_6029/githubcom_FedericoCerattonimlibsodium/.git/branches/', 0x00000000000001ff)
mkdir('/tmp/nimble_6029/githubcom_FedericoCerattonimlibsodium/.git/info/', 0x00000000000001ff)
mkdir('/tmp/nimble_6029/githubcom_FedericoCerattonimlibsodium/.git/refs', 0x00000000000001ff)
mkdir('/tmp/nimble_6029/githubcom_FedericoCerattonimlibsodium/.git/refs/heads', 0x00000000000001ff)
mkdir('/tmp/nimble_6029/githubcom_FedericoCerattonimlibsodium/.git/refs/tags', 0x00000000000001ff)
rename('/tmp/nimble_6029/githubcom_FedericoCerattonimlibsodium/.git/HEAD.lock', '/tmp/nimble_6029/githubcom_FedericoCerattonimlibsodium/.git/HEAD')
rename('/tmp/nimble_6029/githubcom_FedericoCerattonimlibsodium/.git/config.lock', '/tmp/nimble_6029/githubcom_FedericoCerattonimlibsodium/.git/config')
chmod('/tmp/nimble_6029/githubcom_FedericoCerattonimlibsodium/.git/config', 0x00000000000081e4)
chmod('/tmp/nimble_6029/githubcom_FedericoCerattonimlibsodium/.git/config', 0x00000000000081a4)
chmod('/tmp/nimble_6029/githubcom_FedericoCerattonimlibsodium/.git/config.lock', 0x00000000000001a4)
rename('/tmp/nimble_6029/githubcom_FedericoCerattonimlibsodium/.git/config.lock', '/tmp/nimble_6029/githubcom_FedericoCerattonimlibsodium/.git/config')
chmod('/tmp/nimble_6029/githubcom_FedericoCerattonimlibsodium/.git/config.lock', 0x00000000000001a4)
rename('/tmp/nimble_6029/githubcom_FedericoCerattonimlibsodium/.git/config.lock', '/tmp/nimble_6029/githubcom_FedericoCerattonimlibsodium/.git/config')
chmod('/tmp/nimble_6029/githubcom_FedericoCerattonimlibsodium/.git/config.lock', 0x00000000000001a4)
rename('/tmp/nimble_6029/githubcom_FedericoCerattonimlibsodium/.git/config.lock', '/tmp/nimble_6029/githubcom_FedericoCerattonimlibsodium/.git/config')
unlink('/tmp/nimble_6029/githubcom_FedericoCerattonimlibsodium/.git/t2KorVB')
symlink('testing', '/tmp/nimble_6029/githubcom_FedericoCerattonimlibsodium/.git/t2KorVB')
unlink('/tmp/nimble_6029/githubcom_FedericoCerattonimlibsodium/.git/t2KorVB')       Info /tmp/nimble_6029/githubcom_FedericoCerattonimlibsodium/libsodium_6029.nims(1, 8) Warning: imported and not used: 'system' [UnusedImport]
        ... /tmp/nimble_6029/githubcom_FedericoCerattonimlibsodium/libsodium_6029.nims(5, 22) Warning: imported and not used: 'strutils' [UnusedImport]
  Verifying dependencies for libsodium@0.6.0
 Installing libsodium@0.6.0
    Copying file /tmp/nimble_6029/githubcom_FedericoCerattonimlibsodium/libsodium/sodium.nim to /home/runner/.nimble/pkgs/libsodium-0.6.0/libsodium/sodium.nim
    Copying file /tmp/nimble_6029/githubcom_FedericoCerattonimlibsodium/libsodium/sodium_sizes.nim to /home/runner/.nimble/pkgs/libsodium-0.6.0/libsodium/sodium_sizes.nim
    Copying file /tmp/nimble_6029/githubcom_FedericoCerattonimlibsodium/libsodium.nimble to /home/runner/.nimble/pkgs/libsodium-0.6.0/libsodium.nimble
   Success: libsodium installed successfully.
       Info /home/runner/.nimble/pkgs/libsodium-0.6.0/libsodium_6029.nims(1, 8) Warning: imported and not used: 'system' [UnusedImport]
        ... /home/runner/.nimble/pkgs/libsodium-0.6.0/libsodium_6029.nims(5, 22) Warning: imported and not used: 'strutils' [UnusedImport]
 Installing httpauth@0.3.0
   Building httpauth/httpauth using c backend

mkdir('/tmp/nimble_6029/githubcom_FedericoCerattonimlibsodium/.git/objects', 0x00000000000001ff)
mkdir('/tmp/nimble_6029/githubcom_FedericoCerattonimlibsodium/.git/objects/pack', 0x00000000000001ff)
mkdir('/tmp/nimble_6029/githubcom_FedericoCerattonimlibsodium/.git/objects/info', 0x00000000000001ff)
chmod('/tmp/nimble_6029/githubcom_FedericoCerattonimlibsodium/.git/config.lock', 0x00000000000001a4)
rename('/tmp/nimble_6029/githubcom_FedericoCerattonimlibsodium/.git/config.lock', '/tmp/nimble_6029/githubcom_FedericoCerattonimlibsodium/.git/config')
chmod('/tmp/nimble_6029/githubcom_FedericoCerattonimlibsodium/.git/config.lock', 0x00000000000001a4)
rename('/tmp/nimble_6029/githubcom_FedericoCerattonimlibsodium/.git/config.lock', '/tmp/nimble_6029/githubcom_FedericoCerattonimlibsodium/.git/config')
chmod('/tmp/nimble_6029/githubcom_FedericoCerattonimlibsodium/.git/config.lock', 0x00000000000001a4)
rename('/tmp/nimble_6029/githubcom_FedericoCerattonimlibsodium/.git/config.lock', '/tmp/nimble_6029/githubcom_FedericoCerattonimlibsodium/.git/config')
link('/tmp/nimble_6029/githubcom_FedericoCerattonimlibsodium/.git/objects/pack/tmp_pack_AUeRnM', '/tmp/nimble_6029/githubcom_FedericoCerattonimlibsodium/.git/objects/pack/pack-bad143e827c575be38ef0f705ee3f83c06682e66.pack')
unlink('/tmp/nimble_6029/githubcom_FedericoCerattonimlibsodium/.git/objects/pack/tmp_pack_AUeRnM')
link('/tmp/nimble_6029/githubcom_FedericoCerattonimlibsodium/.git/objects/pack/tmp_idx_QgEEeZ', '/tmp/nimble_6029/githubcom_FedericoCerattonimlibsodium/.git/objects/pack/pack-bad143e827c575be38ef0f705ee3f83c06682e66.idx')
unlink('/tmp/nimble_6029/githubcom_FedericoCerattonimlibsodium/.git/objects/pack/tmp_idx_QgEEeZ')
rename('/tmp/nimble_6029/githubcom_FedericoCerattonimlibsodium/.git/shallow.lock', '/tmp/nimble_6029/githubcom_FedericoCerattonimlibsodium/.git/shallow')
rename('/tmp/nimble_6029/githubcom_FedericoCerattonimlibsodium/.git/packed-refs.new', '/tmp/nimble_6029/githubcom_FedericoCerattonimlibsodium/.git/packed-refs')
unlink('/tmp/nimble_6029/githubcom_FedericoCerattonimlibsodium/.git/packed-refs.lock')
unlink('/tmp/nimble_6029/githubcom_FedericoCerattonimlibsodium/.git/refs/tags/0.6.0.lock')
mkdir('/tmp/nimble_6029/githubcom_FedericoCerattonimlibsodium/.git/logs', 0x00000000000001ff)
rename('/tmp/nimble_6029/githubcom_FedericoCerattonimlibsodium/.git/HEAD.lock', '/tmp/nimble_6029/githubcom_FedericoCerattonimlibsodium/.git/HEAD')
unlink('/tmp/nimble_6029/githubcom_FedericoCerattonimlibsodium/.git/objects/pack/pack-bad143e827c575be38ef0f705ee3f83c06682e66.keep')
mkdir('.circleci', 0x00000000000001ff)
mkdir('libsodium', 0x00000000000001ff)
rename('/tmp/nimble_6029/githubcom_FedericoCerattonimlibsodium/.git/index.lock', '/tmp/nimble_6029/githubcom_FedericoCerattonimlibsodium/.git/index')
mkdir('/tmp', 0x00000000000001ff)
mkdir('/tmp/nimblecache', 0x00000000000001ff)
mkdir('/tmp/nimblecache/libsodium_4196643652', 0x00000000000001ff)
unlink('/tmp/nimblecache/libsodium_4196643652/libsodium.ini')
unlink('/tmp/nimble_6029.out')
unlink('/tmp/nimble_6029/githubcom_FedericoCerattonimlibsodium/libsodium_6029.nims')
mkdir('/home', 0x00000000000001ff)
mkdir('/home/runner', 0x00000000000001ff)
mkdir('/home/runner/.nimble', 0x00000000000001ff)
mkdir('/home/runner/.nimble/pkgs', 0x00000000000001ff)
mkdir('/home/runner/.nimble/pkgs/libsodium-0.6.0', 0x00000000000001ff)
mkdir('/home', 0x00000000000001ff)
mkdir('/home/runner', 0x00000000000001ff)
mkdir('/home/runner/.nimble', 0x00000000000001ff)
mkdir('/home/runner/.nimble/pkgs', 0x00000000000001ff)
mkdir('/home/runner/.nimble/pkgs/libsodium-0.6.0', 0x00000000000001ff)
mkdir('/home/runner/.nimble/pkgs/libsodium-0.6.0/libsodium', 0x00000000000001ff)
chmod('/home/runner/.nimble/pkgs/libsodium-0.6.0/libsodium/sodium.nim', 0x00000000000001a4)
mkdir('/home', 0x00000000000001ff)
mkdir('/home/runner', 0x00000000000001ff)
mkdir('/home/runner/.nimble', 0x00000000000001ff)
mkdir('/home/runner/.nimble/pkgs', 0x00000000000001ff)
mkdir('/home/runner/.nimble/pkgs/libsodium-0.6.0', 0x00000000000001ff)
mkdir('/home/runner/.nimble/pkgs/libsodium-0.6.0/libsodium', 0x00000000000001ff)
chmod('/home/runner/.nimble/pkgs/libsodium-0.6.0/libsodium/sodium_sizes.nim', 0x00000000000001a4)
chmod('/home/runner/.nimble/pkgs/libsodium-0.6.0/libsodium.nimble', 0x00000000000001a4)
mkdir('/tmp', 0x00000000000001ff)
mkdir('/tmp/nimblecache', 0x00000000000001ff)
mkdir('/tmp/nimblecache/libsodium_1096227974', 0x00000000000001ff)
unlink('/tmp/nimblecache/libsodium_1096227974/libsodium.ini')
unlink('/tmp/nimble_6029.out')
unlink('/home/runner/.nimble/pkgs/libsodium-0.6.0/libsodium_6029.nims')
mkdir('/home', 0x00000000000001ff)
mkdir('/home/runner', 0x00000000000001ff)
mkdir('/home/runner/.cache', 0x00000000000001ff)
mkdir('/home/runner/.cache/nim', 0x00000000000001ff)
mkdir('/home/runner/.cache/nim/httpauth_r', 0x00000000000001ff)
mkdir('/home', 0x00000000000001ff)
mkdir('/home/runner', 0x00000000000001ff)
mkdir('/home/runner/.cache', 0x00000000000001ff)
mkdir('/home/runner/.cache/nim', 0x00000000000001ff)
mkdir('/home/runner/.cache/nim/httpauth_r', 0x00000000000001ff)
mkdir('/home', 0x00000000000001ff)
mkdir('/home/runner', 0x00000000000001ff)
mkdir('/home/runner/.cache', 0x00000000000001ff)
mkdir('/home/runner/.cache/nim', 0x00000000000001ff)
mkdir('/home/runner/.cache/nim/httpauth_r', 0x00000000000001ff)
mkdir('/home', 0x00000000000001ff)
mkdir('/home/runner', 0x00000000000001ff)
mkdir('/home/runner/.cache', 0x00000000000001ff)
mkdir('/home/runner/.cache/nim', 0x00000000000001ff)
mkdir('/home/runner/.cache/nim/httpauth_r', 0x00000000000001ff)
mkdir('/home', 0x00000000000001ff)
mkdir('/home/runner', 0x00000000000001ff)
mkdir('/home/runner/.cache', 0x00000000000001ff)
mkdir('/home/runner/.cache/nim', 0x00000000000001ff)
mkdir('/home/runner/.cache/nim/httpauth_r', 0x00000000000001ff)
mkdir('/home', 0x00000000000001ff)
mkdir('/home/runner', 0x00000000000001ff)
mkdir('/home/runner/.cache', 0x00000000000001ff)
mkdir('/home/runner/.cache/nim', 0x00000000000001ff)
mkdir('/home/runner/.cache/nim/httpauth_r', 0x00000000000001ff)
mkdir('/home', 0x00000000000001ff)
mkdir('/home/runner', 0x00000000000001ff)
mkdir('/home/runner/.cache', 0x00000000000001ff)
mkdir('/home/runner/.cache/nim', 0x00000000000001ff)
mkdir('/home/runner/.cache/nim/httpauth_r', 0x00000000000001ff)
mkdir('/home', 0x00000000000001ff)
mkdir('/home/runner', 0x00000000000001ff)
mkdir('/home/runner/.cache', 0x00000000000001ff)
mkdir('/home/runner/.cache/nim', 0x00000000000001ff)
mkdir('/home/runner/.cache/nim/httpauth_r', 0x00000000000001ff)
mkdir('/home', 0x00000000000001ff)
mkdir('/home/runner', 0x00000000000001ff)
mkdir('/home/runner/.cache', 0x00000000000001ff)
mkdir('/home/runner/.cache/nim', 0x00000000000001ff)
mkdir('/home/runner/.cache/nim/httpauth_r', 0x00000000000001ff)
mkdir('/home', 0x00000000000001ff)
mkdir('/home/runner', 0x00000000000001ff)
mkdir('/home/runner/.cache', 0x00000000000001ff)
mkdir('/home/runner/.cache/nim', 0x00000000000001ff)
mkdir('/home/runner/.cache/nim/httpauth_r', 0x00000000000001ff)
mkdir('/home', 0x00000000000001ff)
mkdir('/home/runner', 0x00000000000001ff)
mkdir('/home/runner/.cache', 0x00000000000001ff)
mkdir('/home/runner/.cache/nim', 0x00000000000001ff)
mkdir('/home/runner/.cache/nim/httpauth_r', 0x00000000000001ff)
mkdir('/home', 0x00000000000001ff)
mkdir('/home/runner', 0x00000000000001ff)
mkdir('/home/runner/.cache', 0x00000000000001ff)
mkdir('/home/runner/.cache/nim', 0x00000000000001ff)
mkdir('/home/runner/.cache/nim/httpauth_r', 0x00000000000001ff)
mkdir('/home', 0x00000000000001ff)
mkdir('/home/runner', 0x00000000000001ff)
mkdir('/home/runner/.cache', 0x00000000000001ff)
mkdir('/home/runner/.cache/nim', 0x00000000000001ff)
mkdir('/home/runner/.cache/nim/httpauth_r', 0x00000000000001ff)
mkdir('/home', 0x00000000000001ff)
mkdir('/home/runner', 0x00000000000001ff)
mkdir('/home/runner/.cache', 0x00000000000001ff)
mkdir('/home/runner/.cache/nim', 0x00000000000001ff)
mkdir('/home/runner/.cache/nim/httpauth_r', 0x00000000000001ff)
mkdir('/home', 0x00000000000001ff)
mkdir('/home/runner', 0x00000000000001ff)
mkdir('/home/runner/.cache', 0x00000000000001ff)
mkdir('/home/runner/.cache/nim', 0x00000000000001ff)
mkdir('/home/runner/.cache/nim/httpauth_r', 0x00000000000001ff)
mkdir('/home', 0x00000000000001ff)
mkdir('/home/runner', 0x00000000000001ff)
mkdir('/home/runner/.cache', 0x00000000000001ff)
mkdir('/home/runner/.cache/nim', 0x00000000000001ff)
mkdir('/home/runner/.cache/nim/httpauth_r', 0x00000000000001ff)
mkdir('/home', 0x00000000000001ff)
mkdir('/home/runner', 0x00000000000001ff)
mkdir('/home/runner/.cache', 0x00000000000001ff)
mkdir('/home/runner/.cache/nim', 0x00000000000001ff)
mkdir('/home/runner/.cache/nim/httpauth_r', 0x00000000000001ff)
mkdir('/home', 0x00000000000001ff)
mkdir('/home/runner', 0x00000000000001ff)
mkdir('/home/runner/.cache', 0x00000000000001ff)
mkdir('/home/runner/.cache/nim', 0x00000000000001ff)
mkdir('/home/runner/.cache/nim/httpauth_r', 0x00000000000001ff)
mkdir('/home', 0x00000000000001ff)
mkdir('/home/runner', 0x00000000000001ff)
mkdir('/home/runner/.cache', 0x00000000000001ff)
mkdir('/home/runner/.cache/nim', 0x00000000000001ff)
mkdir('/home/runner/.cache/nim/httpauth_r', 0x00000000000001ff)
mkdir('/home', 0x00000000000001ff)
mkdir('/home/runner', 0x00000000000001ff)
mkdir('/home/runner/.cache', 0x00000000000001ff)
mkdir('/home/runner/.cache/nim', 0x00000000000001ff)
mkdir('/home/runner/.cache/nim/httpauth_r', 0x00000000000001ff)
mkdir('/home', 0x00000000000001ff)
mkdir('/home/runner', 0x00000000000001ff)
mkdir('/home/runner/.cache', 0x00000000000001ff)
mkdir('/home/runner/.cache/nim', 0x00000000000001ff)
mkdir('/home/runner/.cache/nim/httpauth_r', 0x00000000000001ff)
mkdir('/home', 0x00000000000001ff)
mkdir('/home/runner', 0x00000000000001ff)
mkdir('/home/runner/.cache', 0x00000000000001ff)
mkdir('/home/runner/.cache/nim', 0x00000000000001ff)
mkdir('/home/runner/.cache/nim/httpauth_r', 0x00000000000001ff)
mkdir('/home', 0x00000000000001ff)
mkdir('/home/runner', 0x00000000000001ff)
mkdir('/home/runner/.cache', 0x00000000000001ff)
mkdir('/home/runner/.cache/nim', 0x00000000000001ff)
mkdir('/home/runner/.cache/nim/httpauth_r', 0x00000000000001ff)
mkdir('/home', 0x00000000000001ff)
mkdir('/home/runner', 0x00000000000001ff)
mkdir('/home/runner/.cache', 0x00000000000001ff)
mkdir('/home/runner/.cache/nim', 0x00000000000001ff)
mkdir('/home/runner/.cache/nim/httpauth_r', 0x00000000000001ff)
mkdir('/home', 0x00000000000001ff)
mkdir('/home/runner', 0x00000000000001ff)
mkdir('/home/runner/.cache', 0x00000000000001ff)
mkdir('/home/runner/.cache/nim', 0x00000000000001ff)
mkdir('/home/runner/.cache/nim/httpauth_r', 0x00000000000001ff)
mkdir('/home', 0x00000000000001ff)
mkdir('/home/runner', 0x00000000000001ff)
mkdir('/home/runner/.cache', 0x00000000000001ff)
mkdir('/home/runner/.cache/nim', 0x00000000000001ff)
mkdir('/home/runner/.cache/nim/httpauth_r', 0x00000000000001ff)
mkdir('/home', 0x00000000000001ff)
mkdir('/home/runner', 0x00000000000001ff)
mkdir('/home/runner/.cache', 0x00000000000001ff)
mkdir('/home/runner/.cache/nim', 0x00000000000001ff)
mkdir('/home/runner/.cache/nim/httpauth_r', 0x00000000000001ff)
mkdir('/home', 0x00000000000001ff)
mkdir('/home/runner', 0x00000000000001ff)
mkdir('/home/runner/.cache', 0x00000000000001ff)
mkdir('/home/runner/.cache/nim', 0x00000000000001ff)
mkdir('/home/runner/.cache/nim/httpauth_r', 0x00000000000001ff)
mkdir('/home', 0x00000000000001ff)
mkdir('/home/runner', 0x00000000000001ff)
mkdir('/home/runner/.cache', 0x00000000000001ff)
mkdir('/home/runner/.cache/nim', 0x00000000000001ff)
mkdir('/home/runner/.cache/nim/httpauth_r', 0x00000000000001ff)
mkdir('/home', 0x00000000000001ff)
mkdir('/home/runner', 0x00000000000001ff)
mkdir('/home/runner/.cache', 0x00000000000001ff)
mkdir('/home/runner/.cache/nim', 0x00000000000001ff)
mkdir('/home/runner/.cache/nim/httpauth_r', 0x00000000000001ff)
mkdir('/home', 0x00000000000001ff)
mkdir('/home/runner', 0x00000000000001ff)
mkdir('/home/runner/.cache', 0x00000000000001ff)
mkdir('/home/runner/.cache/nim', 0x00000000000001ff)
mkdir('/home/runner/.cache/nim/httpauth_r', 0x00000000000001ff)
mkdir('/home', 0x00000000000001ff)
mkdir('/home/runner', 0x00000000000001ff)
mkdir('/home/runner/.cache', 0x00000000000001ff)
mkdir('/home/runner/.cache/nim', 0x00000000000001ff)
mkdir('/home/runner/.cache/nim/httpauth_r', 0x00000000000001ff)
mkdir('/home', 0x00000000000001ff)
mkdir('/home/runner', 0x00000000000001ff)
mkdir('/home/runner/.cache', 0x00000000000001ff)
mkdir('/home/runner/.cache/nim', 0x00000000000001ff)
mkdir('/home/runner/.cache/nim/httpauth_r', 0x00000000000001ff)
mkdir('/home', 0x00000000000001ff)
mkdir('/home/runner', 0x00000000000001ff)
mkdir('/home/runner/.cache', 0x00000000000001ff)
mkdir('/home/runner/.cache/nim', 0x00000000000001ff)
mkdir('/home/runner/.cache/nim/httpauth_r', 0x00000000000001ff)
mkdir('/home', 0x00000000000001ff)
mkdir('/home/runner', 0x00000000000001ff)
mkdir('/home/runner/.cache', 0x00000000000001ff)
mkdir('/home/runner/.cache/nim', 0x00000000000001ff)
mkdir('/home/runner/.cache/nim/httpauth_r', 0x00000000000001ff)
mkdir('/home', 0x00000000000001ff)
mkdir('/home/runner', 0x00000000000001ff)
mkdir('/home/runner/.cache', 0x00000000000001ff)
mkdir('/home/runner/.cache/nim', 0x00000000000001ff)
mkdir('/home/runner/.cache/nim/httpauth_r', 0x00000000000001ff)
mkdir('/home', 0x00000000000001ff)
mkdir('/home/runner', 0x00000000000001ff)
mkdir('/home/runner/.cache', 0x00000000000001ff)
mkdir('/home/runner/.cache/nim', 0x00000000000001ff)
mkdir('/home/runner/.cache/nim/httpauth_r', 0x00000000000001ff)
mkdir('/home', 0x00000000000001ff)
mkdir('/home/runner', 0x00000000000001ff)
mkdir('/home/runner/.cache', 0x00000000000001ff)
mkdir('/home/runner/.cache/nim', 0x00000000000001ff)
mkdir('/home/runner/.cache/nim/httpauth_r', 0x00000000000001ff)
mkdir('/home', 0x00000000000001ff)
mkdir('/home/runner', 0x00000000000001ff)
mkdir('/home/runner/.cache', 0x00000000000001ff)
mkdir('/home/runner/.cache/nim', 0x00000000000001ff)
mkdir('/home/runner/.cache/nim/httpauth_r', 0x00000000000001ff)
mkdir('/home', 0x00000000000001ff)
mkdir('/home/runner', 0x00000000000001ff)
mkdir('/home/runner/.cache', 0x00000000000001ff)
mkdir('/home/runner/.cache/nim', 0x00000000000001ff)
mkdir('/home/runner/.cache/nim/httpauth_r', 0x00000000000001ff)
mkdir('/home', 0x00000000000001ff)
mkdir('/home/runner', 0x00000000000001ff)
mkdir('/home/runner/.cache', 0x00000000000001ff)
mkdir('/home/runner/.cache/nim', 0x00000000000001ff)
mkdir('/home/runner/.cache/nim/httpauth_r', 0x00000000000001ff)
mkdir('/home', 0x00000000000001ff)
mkdir('/home/runner', 0x00000000000001ff)
mkdir('/home/runner/.cache', 0x00000000000001ff)
mkdir('/home/runner/.cache/nim', 0x00000000000001ff)
mkdir('/home/runner/.cache/nim/httpauth_r', 0x00000000000001ff)
mkdir('/home', 0x00000000000001ff)
mkdir('/home/runner', 0x00000000000001ff)
mkdir('/home/runner/.cache', 0x00000000000001ff)
mkdir('/home/runner/.cache/nim', 0x00000000000001ff)
mkdir('/home/runner/.cache/nim/httpauth_r', 0x00000000000001ff)
mkdir('/home', 0x00000000000001ff)
mkdir('/home/runner', 0x00000000000001ff)
mkdir('/home/runner/.cache', 0x00000000000001ff)
mkdir('/home/runner/.cache/nim', 0x00000000000001ff)
mkdir('/home/runner/.cache/nim/httpauth_r', 0x00000000000001ff)
mkdir('/home', 0x00000000000001ff)
mkdir('/home/runner', 0x00000000000001ff)
mkdir('/home/runner/.cache', 0x00000000000001ff)
mkdir('/home/runner/.cache/nim', 0x00000000000001ff)
mkdir('/home/runner/.cache/nim/httpauth_r', 0x00000000000001ff)
mkdir('/home', 0x00000000000001ff)
mkdir('/home/runner', 0x00000000000001ff)
mkdir('/home/runner/.cache', 0x00000000000001ff)
mkdir('/home/runner/.cache/nim', 0x00000000000001ff)
mkdir('/home/runner/.cache/nim/httpauth_r', 0x00000000000001ff)
mkdir('/home', 0x00000000000001ff)
mkdir('/home/runner', 0x00000000000001ff)
mkdir('/home/runner/.cache', 0x00000000000001ff)
mkdir('/home/runner/.cache/nim', 0x00000000000001ff)
mkdir('/home/runner/.cache/nim/httpauth_r', 0x00000000000001ff)
mkdir('/home', 0x00000000000001ff)
mkdir('/home/runner', 0x00000000000001ff)
mkdir('/home/runner/.cache', 0x00000000000001ff)
mkdir('/home/runner/.cache/nim', 0x00000000000001ff)
mkdir('/home/runner/.cache/nim/httpauth_r', 0x00000000000001ff)
mkdir('/home', 0x00000000000001ff)
mkdir('/home/runner', 0x00000000000001ff)
mkdir('/home/runner/.cache', 0x00000000000001ff)
mkdir('/home/runner/.cache/nim', 0x00000000000001ff)
mkdir('/home/runner/.cache/nim/httpauth_r', 0x00000000000001ff)
mkdir('/home', 0x00000000000001ff)
mkdir('/home/runner', 0x00000000000001ff)
mkdir('/home/runner/.cache', 0x00000000000001ff)
mkdir('/home/runner/.cache/nim', 0x00000000000001ff)
mkdir('/home/runner/.cache/nim/httpauth_r', 0x00000000000001ff)
mkdir('/home', 0x00000000000001ff)
mkdir('/home/runner', 0x00000000000001ff)
mkdir('/home/runner/.cache', 0x00000000000001ff)
mkdir('/home/runner/.cache/nim', 0x00000000000001ff)
mkdir('/home/runner/.cache/nim/httpauth_r', 0x00000000000001ff)
mkdir('/home', 0x00000000000001ff)
mkdir('/home/runner', 0x00000000000001ff)
mkdir('/home/runner/.cache', 0x00000000000001ff)
mkdir('/home/runner/.cache/nim', 0x00000000000001ff)
mkdir('/home/runner/.cache/nim/httpauth_r', 0x00000000000001ff)
mkdir('/home', 0x00000000000001ff)
mkdir('/home/runner', 0x00000000000001ff)
mkdir('/home/runner/.cache', 0x00000000000001ff)
mkdir('/home/runner/.cache/nim', 0x00000000000001ff)
mkdir('/home/runner/.cache/nim/httpauth_r', 0x00000000000001ff)
mkdir('/home', 0x00000000000001ff)
mkdir('/home/runner', 0x00000000000001ff)
mkdir('/home/runner/.cache', 0x00000000000001ff)
mkdir('/home/runner/.cache/nim', 0x00000000000001ff)
mkdir('/home/runner/.cache/nim/httpauth_r', 0x00000000000001ff)
mkdir('/home', 0x00000000000001ff)
mkdir('/home/runner', 0x00000000000001ff)
mkdir('/home/runner/.cache', 0x00000000000001ff)
mkdir('/home/runner/.cache/nim', 0x00000000000001ff)
mkdir('/home/runner/.cache/nim/httpauth_r', 0x00000000000001ff)
mkdir('/home', 0x00000000000001ff)
mkdir('/home/runner', 0x00000000000001ff)
mkdir('/home/runner/.cache', 0x00000000000001ff)
mkdir('/home/runner/.cache/nim', 0x00000000000001ff)
mkdir('/home/runner/.cache/nim/httpauth_r', 0x00000000000001ff)
mkdir('/home', 0x00000000000001ff)
mkdir('/home/runner', 0x00000000000001ff)
mkdir('/home/runner/.cache', 0x00000000000001ff)
mkdir('/home/runner/.cache/nim', 0x00000000000001ff)
mkdir('/home/runner/.cache/nim/httpauth_r', 0x00000000000001ff)
mkdir('/home', 0x00000000000001ff)
mkdir('/home/runner', 0x00000000000001ff)
mkdir('/home/runner/.cache', 0x00000000000001ff)
mkdir('/home/runner/.cache/nim', 0x00000000000001ff)
mkdir('/home/runner/.cache/nim/httpauth_r', 0x00000000000001ff)
mkdir('/home', 0x00000000000001ff)
mkdir('/home/runner', 0x00000000000001ff)
mkdir('/home/runner/.cache', 0x00000000000001ff)
mkdir('/home/runner/.cache/nim', 0x00000000000001ff)
mkdir('/home/runner/.cache/nim/httpauth_r', 0x00000000000001ff)
mkdir('/home', 0x00000000000001ff)
mkdir('/home/runner', 0x00000000000001ff)
mkdir('/home/runner/.cache', 0x00000000000001ff)
mkdir('/home/runner/.cache/nim', 0x00000000000001ff)
mkdir('/home/runner/.cache/nim/httpauth_r', 0x00000000000001ff)
mkdir('/home', 0x00000000000001ff)
mkdir('/home/runner', 0x00000000000001ff)
mkdir('/home/runner/.cache', 0x00000000000001ff)
mkdir('/home/runner/.cache/nim', 0x00000000000001ff)
mkdir('/home/runner/.cache/nim/httpauth_r', 0x00000000000001ff)
mkdir('/home', 0x00000000000001ff)
mkdir('/home/runner', 0x00000000000001ff)
mkdir('/home/runner/.cache', 0x00000000000001ff)
mkdir('/home/runner/.cache/nim', 0x00000000000001ff)
mkdir('/home/runner/.cache/nim/httpauth_r', 0x00000000000001ff)
mkdir('/home', 0x00000000000001ff)
mkdir('/home/runner', 0x00000000000001ff)
mkdir('/home/runner/.cache', 0x00000000000001ff)
mkdir('/home/runner/.cache/nim', 0x00000000000001ff)
mkdir('/home/runner/.cache/nim/httpauth_r', 0x00000000000001ff)
mkdir('/home', 0x00000000000001ff)
mkdir('/home/runner', 0x00000000000001ff)
mkdir('/home/runner/.cache', 0x00000000000001ff)
mkdir('/home/runner/.cache/nim', 0x00000000000001ff)
mkdir('/home/runner/.cache/nim/httpauth_r', 0x00000000000001ff)
mkdir('/home', 0x00000000000001ff)
mkdir('/home/runner', 0x00000000000001ff)
mkdir('/home/runner/.cache', 0x00000000000001ff)
mkdir('/home/runner/.cache/nim', 0x00000000000001ff)
mkdir('/home/runner/.cache/nim/httpauth_r', 0x00000000000001ff)
mkdir('/home', 0x00000000000001ff)
mkdir('/home/runner', 0x00000000000001ff)
mkdir('/home/runner/.cache', 0x00000000000001ff)
mkdir('/home/runner/.cache/nim', 0x00000000000001ff)
mkdir('/home/runner/.cache/nim/httpauth_r', 0x00000000000001ff)
mkdir('/home', 0x00000000000001ff)
mkdir('/home/runner', 0x00000000000001ff)
mkdir('/home/runner/.cache', 0x00000000000001ff)
mkdir('/home/runner/.cache/nim', 0x00000000000001ff)
mkdir('/home/runner/.cache/nim/httpauth_r', 0x00000000000001ff)
mkdir('/home', 0x00000000000001ff)
mkdir('/home/runner', 0x00000000000001ff)
mkdir('/home/runner/.cache', 0x00000000000001ff)
mkdir('/home/runner/.cache/nim', 0x00000000000001ff)
mkdir('/home/runner/.cache/nim/httpauth_r', 0x00000000000001ff)
mkdir('/home', 0x00000000000001ff)
mkdir('/home/runner', 0x00000000000001ff)
mkdir('/home/runner/.cache', 0x00000000000001ff)
mkdir('/home/runner/.cache/nim', 0x00000000000001ff)
mkdir('/home/runner/.cache/nim/httpauth_r', 0x00000000000001ff)
mkdir('/home', 0x00000000000001ff)
mkdir('/home/runner', 0x00000000000001ff)
mkdir('/home/runner/.cache', 0x00000000000001ff)
mkdir('/home/runner/.cache/nim', 0x00000000000001ff)
mkdir('/home/runner/.cache/nim/httpauth_r', 0x00000000000001ff)
mkdir('/home', 0x00000000000001ff)
mkdir('/home/runner', 0x00000000000001ff)
mkdir('/home/runner/.cache', 0x00000000000001ff)
mkdir('/home/runner/.cache/nim', 0x00000000000001ff)
mkdir('/home/runner/.cache/nim/httpauth_r', 0x00000000000001ff)
mkdir('/home', 0x00000000000001ff)
mkdir('/home/runner', 0x00000000000001ff)
mkdir('/home/runner/.cache', 0x00000000000001ff)
mkdir('/home/runner/.cache/nim', 0x00000000000001ff)
mkdir('/home/runner/.cache/nim/httpauth_r', 0x00000000000001ff)
mkdir('/home', 0x00000000000001ff)
mkdir('/home/runner', 0x00000000000001ff)
mkdir('/home/runner/.cache', 0x00000000000001ff)
mkdir('/home/runner/.cache/nim', 0x00000000000001ff)
mkdir('/home/runner/.cache/nim/httpauth_r', 0x00000000000001ff)
mkdir('/home', 0x00000000000001ff)
mkdir('/home/runner', 0x00000000000001ff)
mkdir('/home/runner/.cache', 0x00000000000001ff)
mkdir('/home/runner/.cache/nim', 0x00000000000001ff)
mkdir('/home/runner/.cache/nim/httpauth_r', 0x00000000000001ff)
mkdir('/home', 0x00000000000001ff)
mkdir('/home/runner', 0x00000000000001ff)
mkdir('/home/runner/.cache', 0x00000000000001ff)
mkdir('/home/runner/.cache/nim', 0x00000000000001ff)
mkdir('/home/runner/.cache/nim/httpauth_r', 0x00000000000001ff)
mkdir('/home', 0x00000000000001ff)
mkdir('/home/runner', 0x00000000000001ff)
mkdir('/home/runner/.cache', 0x00000000000001ff)
mkdir('/home/runner/.cache/nim', 0x00000000000001ff)
mkdir('/home/runner/.cache/nim/httpauth_r', 0x00000000000001ff)
mkdir('/home', 0x00000000000001ff)
mkdir('/home/runner', 0x00000000000001ff)
mkdir('/home/runner/.cache', 0x00000000000001ff)
mkdir('/home/runner/.cache/nim', 0x00000000000001ff)
mkdir('/home/runner/.cache/nim/httpauth_r', 0x00000000000001ff)
mkdir('/home', 0x00000000000001ff)
mkdir('/home/runner', 0x00000000000001ff)
mkdir('/home/runner/.cache', 0x00000000000001ff)
mkdir('/home/runner/.cache/nim', 0x00000000000001ff)
mkdir('/home/runner/.cache/nim/httpauth_r', 0x00000000000001ff)
mkdir('/home', 0x00000000000001ff)
mkdir('/home/runner', 0x00000000000001ff)
mkdir('/home/runner/.cache', 0x00000000000001ff)
mkdir('/home/runner/.cache/nim', 0x00000000000001ff)
mkdir('/home/runner/.cache/nim/httpauth_r', 0x00000000000001ff)
mkdir('/home', 0x00000000000001ff)
mkdir('/home/runner', 0x00000000000001ff)
mkdir('/home/runner/.cache', 0x00000000000001ff)
mkdir('/home/runner/.cache/nim', 0x00000000000001ff)
mkdir('/home/runner/.cache/nim/httpauth_r', 0x00000000000001ff)
mkdir('/home', 0x00000000000001ff)
mkdir('/home/runner', 0x00000000000001ff)
mkdir('/home/runner/.cache', 0x00000000000001ff)
mkdir('/home/runner/.cache/nim', 0x00000000000001ff)
mkdir('/home/runner/.cache/nim/httpauth_r', 0x00000000000001ff)
mkdir('/home', 0x00000000000001ff)
mkdir('/home/runner', 0x00000000000001ff)
mkdir('/home/runner/.cache', 0x00000000000001ff)
mkdir('/home/runner/.cache/nim', 0x00000000000001ff)
mkdir('/home/runner/.cache/nim/httpauth_r', 0x00000000000001ff)
mkdir('/home', 0x00000000000001ff)
mkdir('/home/runner', 0x00000000000001ff)
mkdir('/home/runner/.cache', 0x00000000000001ff)
mkdir('/home/runner/.cache/nim', 0x00000000000001ff)
mkdir('/home/runner/.cache/nim/httpauth_r', 0x00000000000001ff)
mkdir('/home', 0x00000000000001ff)
mkdir('/home/runner', 0x00000000000001ff)
mkdir('/home/runner/.cache', 0x00000000000001ff)
mkdir('/home/runner/.cache/nim', 0x00000000000001ff)
mkdir('/home/runner/.cache/nim/httpauth_r', 0x00000000000001ff)
mkdir('/home', 0x00000000000001ff)
mkdir('/home/runner', 0x00000000000001ff)
mkdir('/home/runner/.cache', 0x00000000000001ff)
mkdir('/home/runner/.cache/nim', 0x00000000000001ff)
mkdir('/home/runner/.cache/nim/httpauth_r', 0x00000000000001ff)
mkdir('/home', 0x00000000000001ff)
mkdir('/home/runner', 0x00000000000001ff)
mkdir('/home/runner/.cache', 0x00000000000001ff)
mkdir('/home/runner/.cache/nim', 0x00000000000001ff)
mkdir('/home/runner/.cache/nim/httpauth_r', 0x00000000000001ff)
mkdir('/home', 0x00000000000001ff)
mkdir('/home/runner', 0x00000000000001ff)
mkdir('/home/runner/.cache', 0x00000000000001ff)
mkdir('/home/runner/.cache/nim', 0x00000000000001ff)
mkdir('/home/runner/.cache/nim/httpauth_r', 0x00000000000001ff)
mkdir('/home', 0x00000000000001ff)
mkdir('/home/runner', 0x00000000000001ff)
mkdir('/home/runner/.cache', 0x00000000000001ff)
mkdir('/home/runner/.cache/nim', 0x00000000000001ff)
mkdir('/home/runner/.cache/nim/httpauth_r', 0x00000000000001ff)
mkdir('/home', 0x00000000000001ff)
mkdir('/home/runner', 0x00000000000001ff)
mkdir('/home/runner/.cache', 0x00000000000001ff)
mkdir('/home/runner/.cache/nim', 0x00000000000001ff)
mkdir('/home/runner/.cache/nim/httpauth_r', 0x00000000000001ff)
mkdir('/home', 0x00000000000001ff)
mkdir('/home/runner', 0x00000000000001ff)
mkdir('/home/runner/.cache', 0x00000000000001ff)
mkdir('/home/runner/.cache/nim', 0x00000000000001ff)
mkdir('/home/runner/.cache/nim/httpauth_r', 0x00000000000001ff)
mkdir('/home', 0x00000000000001ff)
mkdir('/home/runner', 0x00000000000001ff)
mkdir('/home/runner/.cache', 0x00000000000001ff)
mkdir('/home/runner/.cache/nim', 0x00000000000001ff)
mkdir('/home/runner/.cache/nim/httpauth_r', 0x00000000000001ff)
mkdir('/home', 0x00000000000001ff)
mkdir('/home/runner', 0x00000000000001ff)
mkdir('/home/runner/.cache', 0x00000000000001ff)
mkdir('/home/runner/.cache/nim', 0x00000000000001ff)
mkdir('/home/runner/.cache/nim/httpauth_r', 0x00000000000001ff)
mkdir('/home', 0x00000000000001ff)
mkdir('/home/runner', 0x00000000000001ff)
mkdir('/home/runner/.cache', 0x00000000000001ff)
mkdir('/home/runner/.cache/nim', 0x00000000000001ff)
mkdir('/home/runner/.cache/nim/httpauth_r', 0x00000000000001ff)
mkdir('/home', 0x00000000000001ff)
mkdir('/home/runner', 0x00000000000001ff)
mkdir('/home/runner/.cache', 0x00000000000001ff)
mkdir('/home/runner/.cache/nim', 0x00000000000001ff)
mkdir('/home/runner/.cache/nim/httpauth_r', 0x00000000000001ff)
mkdir('/home', 0x00000000000001ff)
mkdir('/home/runner', 0x00000000000001ff)
mkdir('/home/runner/.cache', 0x00000000000001ff)
mkdir('/home/runner/.cache/nim', 0x00000000000001ff)
mkdir('/home/runner/.cache/nim/httpauth_r', 0x00000000000001ff)
mkdir('/home', 0x00000000000001ff)
mkdir('/home/runner', 0x00000000000001ff)
mkdir('/home/runner/.cache', 0x00000000000001ff)
mkdir('/home/runner/.cache/nim', 0x00000000000001ff)
mkdir('/home/runner/.cache/nim/httpauth_r', 0x00000000000001ff)
mkdir('/home', 0x00000000000001ff)
mkdir('/home/runner', 0x00000000000001ff)
mkdir('/home/runner/.cache', 0x00000000000001ff)
mkdir('/home/runner/.cache/nim', 0x00000000000001ff)
mkdir('/home/runner/.cache/nim/httpauth_r', 0x00000000000001ff)
mkdir('/home', 0x00000000000001ff)
mkdir('/home/runner', 0x00000000000001ff)
mkdir('/home/runner/.cache', 0x00000000000001ff)
mkdir('/home/runner/.cache/nim', 0x00000000000001ff)
mkdir('/home/runner/.cache/nim/httpauth_r', 0x00000000000001ff)
mkdir('/home', 0x00000000000001ff)
mkdir('/home/runner', 0x00000000000001ff)
mkdir('/home/runner/.cache', 0x00000000000001ff)
mkdir('/home/runner/.cache/nim', 0x00000000000001ff)
mkdir('/home/runner/.cache/nim/httpauth_r', 0x00000000000001ff)
mkdir('/home', 0x00000000000001ff)
mkdir('/home/runner', 0x00000000000001ff)
mkdir('/home/runner/.cache', 0x00000000000001ff)
mkdir('/home/runner/.cache/nim', 0x00000000000001ff)
mkdir('/home/runner/.cache/nim/httpauth_r', 0x00000000000001ff)
mkdir('/home', 0x00000000000001ff)
mkdir('/home/runner', 0x00000000000001ff)
mkdir('/home/runner/.cache', 0x00000000000001ff)
mkdir('/home/runner/.cache/nim', 0x00000000000001ff)
mkdir('/home/runner/.cache/nim/httpauth_r', 0x00000000000001ff)
mkdir('/home', 0x00000000000001ff)
mkdir('/home/runner', 0x00000000000001ff)
mkdir('/home/runner/.cache', 0x00000000000001ff)
mkdir('/home/runner/.cache/nim', 0x00000000000001ff)
mkdir('/home/runner/.cache/nim/httpauth_r', 0x00000000000001ff)
mkdir('/home', 0x00000000000001ff)
mkdir('/home/runner', 0x00000000000001ff)
mkdir('/home/runner/.cache', 0x00000000000001ff)
mkdir('/home/runner/.cache/nim', 0x00000000000001ff)
mkdir('/home/runner/.cache/nim/httpauth_r', 0x00000000000001ff)
mkdir('/home', 0x00000000000001ff)
mkdir('/home/runner', 0x00000000000001ff)
mkdir('/home/runner/.cache', 0x00000000000001ff)
mkdir('/home/runner/.cache/nim', 0x00000000000001ff)
mkdir('/home/runner/.cache/nim/httpauth_r', 0x00000000000001ff)
mkdir('/home', 0x00000000000001ff)
mkdir('/home/runner', 0x00000000000001ff)
mkdir('/home/runner/.cache', 0x00000000000001ff)
mkdir('/home/runner/.cache/nim', 0x00000000000001ff)
mkdir('/home/runner/.cache/nim/httpauth_r', 0x00000000000001ff)
mkdir('/home', 0x00000000000001ff)
mkdir('/home/runner', 0x00000000000001ff)
mkdir('/home/runner/.cache', 0x00000000000001ff)
mkdir('/home/runner/.cache/nim', 0x00000000000001ff)
mkdir('/home/runner/.cache/nim/httpauth_r', 0x00000000000001ff)
mkdir('/home', 0x00000000000001ff)
mkdir('/home/runner', 0x00000000000001ff)
mkdir('/home/runner/.cache', 0x00000000000001ff)
mkdir('/home/runner/.cache/nim', 0x00000000000001ff)
mkdir('/home/runner/.cache/nim/httpauth_r', 0x00000000000001ff)
mkdir('/home', 0x00000000000001ff)
mkdir('/home/runner', 0x00000000000001ff)
mkdir('/home/runner/.cache', 0x00000000000001ff)
mkdir('/home/runner/.cache/nim', 0x00000000000001ff)
mkdir('/home/runner/.cache/nim/httpauth_r', 0x00000000000001ff)
mkdir('/home', 0x00000000000001ff)
mkdir('/home/runner', 0x00000000000001ff)
mkdir('/home/runner/.cache', 0x00000000000001ff)
mkdir('/home/runner/.cache/nim', 0x00000000000001ff)
mkdir('/home/runner/.cache/nim/httpauth_r', 0x00000000000001ff)
mkdir('/home', 0x00000000000001ff)
mkdir('/home/runner', 0x00000000000001ff)
mkdir('/home/runner/.cache', 0x00000000000001ff)
mkdir('/home/runner/.cache/nim', 0x00000000000001ff)
mkdir('/home/runner/.cache/nim/httpauth_r', 0x00000000000001ff)
mkdir('/home', 0x00000000000001ff)
mkdir('/home/runner', 0x00000000000001ff)
mkdir('/home/runner/.cache', 0x00000000000001ff)
mkdir('/home/runner/.cache/nim', 0x00000000000001ff)
mkdir('/home/runner/.cache/nim/httpauth_r', 0x00000000000001ff)
mkdir('/home', 0x00000000000001ff)
mkdir('/home/runner', 0x00000000000001ff)
mkdir('/home/runner/.cache', 0x00000000000001ff)
mkdir('/home/runner/.cache/nim', 0x00000000000001ff)
mkdir('/home/runner/.cache/nim/httpauth_r', 0x00000000000001ff)
mkdir('/home', 0x00000000000001ff)
mkdir('/home/runner', 0x00000000000001ff)
mkdir('/home/runner/.cache', 0x00000000000001ff)
mkdir('/home/runner/.cache/nim', 0x00000000000001ff)
mkdir('/home/runner/.cache/nim/httpauth_r', 0x00000000000001ff)
mkdir('/home', 0x00000000000001ff)
mkdir('/home/runner', 0x00000000000001ff)
mkdir('/home/runner/.cache', 0x00000000000001ff)
mkdir('/home/runner/.cache/nim', 0x00000000000001ff)
mkdir('/home/runner/.cache/nim/httpauth_r', 0x00000000000001ff)
mkdir('/home', 0x00000000000001ff)
mkdir('/home/runner', 0x00000000000001ff)
mkdir('/home/runner/.cache', 0x00000000000001ff)
mkdir('/home/runner/.cache/nim', 0x00000000000001ff)
mkdir('/home/runner/.cache/nim/httpauth_r', 0x00000000000001ff)
mkdir('/home', 0x00000000000001ff)
mkdir('/home/runner', 0x00000000000001ff)
mkdir('/home/runner/.cache', 0x00000000000001ff)
mkdir('/home/runner/.cache/nim', 0x00000000000001ff)
mkdir('/home/runner/.cache/nim/httpauth_r', 0x00000000000001ff)
mkdir('/home', 0x00000000000001ff)
mkdir('/home/runner', 0x00000000000001ff)
mkdir('/home/runner/.cache', 0x00000000000001ff)
mkdir('/home/runner/.cache/nim', 0x00000000000001ff)
mkdir('/home/runner/.cache/nim/httpauth_r', 0x00000000000001ff)
mkdir('/home', 0x00000000000001ff)
mkdir('/home/runner', 0x00000000000001ff)
mkdir('/home/runner/.cache', 0x00000000000001ff)
mkdir('/home/runner/.cache/nim', 0x00000000000001ff)
mkdir('/home/runner/.cache/nim/httpauth_r', 0x00000000000001ff)
mkdir('/home', 0x00000000000001ff)
mkdir('/home/runner', 0x00000000000001ff)
mkdir('/home/runner/.cache', 0x00000000000001ff)
mkdir('/home/runner/.cache/nim', 0x00000000000001ff)
mkdir('/home/runner/.cache/nim/httpauth_r', 0x00000000000001ff)
mkdir('/home', 0x00000000000001ff)
mkdir('/home/runner', 0x00000000000001ff)
mkdir('/home/runner/.cache', 0x00000000000001ff)
mkdir('/home/runner/.cache/nim', 0x00000000000001ff)
mkdir('/home/runner/.cache/nim/httpauth_r', 0x00000000000001ff)
mkdir('/home', 0x00000000000001ff)
mkdir('/home/runner', 0x00000000000001ff)
mkdir('/home/runner/.cache', 0x00000000000001ff)
mkdir('/home/runner/.cache/nim', 0x00000000000001ff)
mkdir('/home/runner/.cache/nim/httpauth_r', 0x00000000000001ff)
mkdir('/home', 0x00000000000001ff)
mkdir('/home/runner', 0x00000000000001ff)
mkdir('/home/runner/.cache', 0x00000000000001ff)
mkdir('/home/runner/.cache/nim', 0x00000000000001ff)
mkdir('/home/runner/.cache/nim/httpauth_r', 0x00000000000001ff)
mkdir('/home', 0x00000000000001ff)
mkdir('/home/runner', 0x00000000000001ff)
mkdir('/home/runner/.cache', 0x00000000000001ff)
mkdir('/home/runner/.cache/nim', 0x00000000000001ff)
mkdir('/home/runner/.cache/nim/httpauth_r', 0x00000000000001ff)
mkdir('/home', 0x00000000000001ff)
mkdir('/home/runner', 0x00000000000001ff)
mkdir('/home/runner/.cache', 0x00000000000001ff)
mkdir('/home/runner/.cache/nim', 0x00000000000001ff)
mkdir('/home/runner/.cache/nim/httpauth_r', 0x00000000000001ff)
mkdir('/home', 0x00000000000001ff)
mkdir('/home/runner', 0x00000000000001ff)
mkdir('/home/runner/.cache', 0x00000000000001ff)
mkdir('/home/runner/.cache/nim', 0x00000000000001ff)
mkdir('/home/runner/.cache/nim/httpauth_r', 0x00000000000001ff)
mkdir('/home', 0x00000000000001ff)
mkdir('/home/runner', 0x00000000000001ff)
mkdir('/home/runner/.cache', 0x00000000000001ff)
mkdir('/home/runner/.cache/nim', 0x00000000000001ff)
mkdir('/home/runner/.cache/nim/httpauth_r', 0x00000000000001ff)
mkdir('/home', 0x00000000000001ff)
mkdir('/home/runner', 0x00000000000001ff)
mkdir('/home/runner/.cache', 0x00000000000001ff)
mkdir('/home/runner/.cache/nim', 0x00000000000001ff)
mkdir('/home/runner/.cache/nim/httpauth_r', 0x00000000000001ff)
mkdir('/home', 0x00000000000001ff)
mkdir('/home/runner', 0x00000000000001ff)
mkdir('/home/runner/.cache', 0x00000000000001ff)
mkdir('/home/runner/.cache/nim', 0x00000000000001ff)
mkdir('/home/runner/.cache/nim/httpauth_r', 0x00000000000001ff)
mkdir('/home', 0x00000000000001ff)
mkdir('/home/runner', 0x00000000000001ff)
mkdir('/home/runner/.cache', 0x00000000000001ff)
mkdir('/home/runner/.cache/nim', 0x00000000000001ff)
mkdir('/home/runner/.cache/nim/httpauth_r', 0x00000000000001ff)
mkdir('/home', 0x00000000000001ff)
mkdir('/home/runner', 0x00000000000001ff)
mkdir('/home/runner/.cache', 0x00000000000001ff)
mkdir('/home/runner/.cache/nim', 0x00000000000001ff)
mkdir('/home/runner/.cache/nim/httpauth_r', 0x00000000000001ff)
mkdir('/home', 0x00000000000001ff)
mkdir('/home/runner', 0x00000000000001ff)
mkdir('/home/runner/.cache', 0x00000000000001ff)
mkdir('/home/runner/.cache/nim', 0x00000000000001ff)
mkdir('/home/runner/.cache/nim/httpauth_r', 0x00000000000001ff)
mkdir('/home', 0x00000000000001ff)
mkdir('/home/runner', 0x00000000000001ff)
mkdir('/home/runner/.cache', 0x00000000000001ff)
mkdir('/home/runner/.cache/nim', 0x00000000000001ff)
mkdir('/home/runner/.cache/nim/httpauth_r', 0x00000000000001ff)
mkdir('/home', 0x00000000000001ff)
mkdir('/home/runner', 0x00000000000001ff)
mkdir('/home/runner/.cache', 0x00000000000001ff)
mkdir('/home/runner/.cache/nim', 0x00000000000001ff)
mkdir('/home/runner/.cache/nim/httpauth_r', 0x00000000000001ff)
mkdir('/home', 0x00000000000001ff)
mkdir('/home/runner', 0x00000000000001ff)
mkdir('/home/runner/.cache', 0x00000000000001ff)
mkdir('/home/runner/.cache/nim', 0x00000000000001ff)
mkdir('/home/runner/.cache/nim/httpauth_r', 0x00000000000001ff)
mkdir('/home', 0x00000000000001ff)
mkdir('/home/runner', 0x00000000000001ff)
mkdir('/home/runner/.cache', 0x00000000000001ff)
mkdir('/home/runner/.cache/nim', 0x00000000000001ff)
mkdir('/home/runner/.cache/nim/httpauth_r', 0x00000000000001ff)
mkdir('/home', 0x00000000000001ff)
mkdir('/home/runner', 0x00000000000001ff)
mkdir('/home/runner/.cache', 0x00000000000001ff)
mkdir('/home/runner/.cache/nim', 0x00000000000001ff)
mkdir('/home/runner/.cache/nim/httpauth_r', 0x00000000000001ff)
mkdir('/home', 0x00000000000001ff)
mkdir('/home/runner', 0x00000000000001ff)
mkdir('/home/runner/.cache', 0x00000000000001ff)
mkdir('/home/runner/.cache/nim', 0x00000000000001ff)
mkdir('/home/runner/.cache/nim/httpauth_r', 0x00000000000001ff)
mkdir('/home', 0x00000000000001ff)
mkdir('/home/runner', 0x00000000000001ff)
mkdir('/home/runner/.cache', 0x00000000000001ff)
mkdir('/home/runner/.cache/nim', 0x00000000000001ff)
mkdir('/home/runner/.cache/nim/httpauth_r', 0x00000000000001ff)
mkdir('/home', 0x00000000000001ff)
mkdir('/home/runner', 0x00000000000001ff)
mkdir('/home/runner/.cache', 0x00000000000001ff)
mkdir('/home/runner/.cache/nim', 0x00000000000001ff)
mkdir('/home/runner/.cache/nim/httpauth_r', 0x00000000000001ff)
mkdir('/home', 0x00000000000001ff)
mkdir('/home/runner', 0x00000000000001ff)
mkdir('/home/runner/.cache', 0x00000000000001ff)
mkdir('/home/runner/.cache/nim', 0x00000000000001ff)
mkdir('/home/runner/.cache/nim/httpauth_r', 0x00000000000001ff)
mkdir('/home', 0x00000000000001ff)
mkdir('/home/runner', 0x00000000000001ff)
mkdir('/home/runner/.cache', 0x00000000000001ff)
mkdir('/home/runner/.cache/nim', 0x00000000000001ff)
mkdir('/home/runner/.cache/nim/httpauth_r', 0x00000000000001ff)
mkdir('/home', 0x00000000000001ff)
mkdir('/home/runner', 0x00000000000001ff)
mkdir('/home/runner/.cache', 0x00000000000001ff)
mkdir('/home/runner/.cache/nim', 0x00000000000001ff)
mkdir('/home/runner/.cache/nim/httpauth_r', 0x00000000000001ff)
unlink('/tmp/cchlN2ne.s')
unlink('/tmp/ccKVckzd.s')
unlink('/tmp/ccjUlgjP.s')
unlink('/tmp/ccpmuG91.s')
unlink('/tmp/ccuGu7Ye.s')
unlink('/tmp/ccM5ZmSe.s')
unlink('/tmp/ccmVZUzs.s')
unlink('/tmp/cchhGQ5X.s')
unlink('/tmp/cc3j9COF.s')
unlink('/tmp/ccaOGspS.s')
unlink('/tmp/cc74Hnbq.s')
unlink('/tmp/ccMCvlnx.s')
unlink('/tmp/cckfLsRf.s')
unlink('/tmp/ccBS02xj.s')
unlink('/tmp/ccrch6hN.s')
unlink('/tmp/ccQUNo9l.s')
unlink('/tmp/ccrcUgvq.s')
unlink('/tmp/ccfMmyON.s')
unlink('/tmp/ccef9FWS.s')
unlink('/tmp/ccahd52s.s')
unlink('/tmp/cc3GSaQx.s')
unlink('/tmp/ccgGbAjP.s')
unlink('/tmp/ccpES3md.s')
unlink('/tmp/ccMAlhZD.s')
unlink('/tmp/cchqIASH.s')
unlink('/tmp/cceb2WWj.s')
unlink('/tmp/ccIoQmCe.s')
unlink('/tmp/ccr8ytCO.s')
unlink('/tmp/cchriqE1.s')
unlink('/tmp/ccmL26Qu.s')
unlink('/tmp/ccl9MHiz.s')
unlink('/tmp/cci3sKz4.s')
unlink('/tmp/ccADCQq4.s')
unlink('/tmp/ccVefz8w.s')
unlink('/tmp/ccNp5DMJ.s')
unlink('/tmp/cc4TS1CX.s')
unlink('/tmp/ccqyC8Lw.s')
unlink('/tmp/ccSJvfaV.s')
unlink('/tmp/ccgmR4jh.s')
unlink('/tmp/ccfbSbZl.s')
unlink('/tmp/ccGrxlkY.s')
unlink('/tmp/ccBlFVnD.s')
mkdir('/tmp', 0x00000000000001ff)
mkdir('/tmp/nimble_6029', 0x00000000000001ff)
mkdir('/tmp/nimble_6029/githubcom_FedericoCerattonimhttpauth', 0x00000000000001ff)
chmod(93913276739136, 0x00000000000001ed)
Error tracing process: readBytes(0x00005569e37fee40, 256) error: [Errno 5] Input/output error.
