     Info:  Nimble data file "/home/runner/.nimble/nimbledata2.json" has been loaded.
    Reading official package list
Downloading https://github.com/ucpr/httpstat using git
   Warning: The package has no tagged releases, downloading HEAD instead.
open('/workspace/destdir/ssl/openssl.cnf', 32768, 0x00000000000001b6)
open('/home/runner/.config/nimble/nimble.ini', 557056, 0x00000000000001b6)
open('/home/runner/.config/babel/babel.ini', 557056, 0x00000000000001b6)
open('/home/runner/.nimble/nimbledata2.json', 557056, 0x00000000000001b6)
writev(1, 0x00007ffcb1215da0, 2)
open('/home/runner/work/nim_packages_security_audit/nim_packages_security_audit', 622592, 0x0000000000000000)
writev(1, 0x00007ffcb12149d0, 2)
open('/home/runner/.nimble/packages_official.json', 557056, 0x00000000000001b6)
mkdir('/tmp/', 0x00000000000001ff)
mkdir('/tmp/nimble_2665/', 0x00000000000001ff)
mkdir('/tmp/nimble_2665/githubcom_ucprhttpstat', 0x00000000000001ff)
open('/tmp/nimble_2665/githubcom_ucprhttpstat', 622592, 0x0000000000000000)
writev(1, 0x00007ffcb1214a90, 2)
open('/tmp/nimble_2665/githubcom_ucprhttpstat', 622592, 0x0000000000000000)
rmdir('/tmp/nimble_2665/githubcom_ucprhttpstat')
writev(1, 0x00007ffcb1214980, 2)
mkdir(94290688673888, 0x00000000000001ff)
Error tracing process: readBytes(0x000055c1c3010860, 256) error: [Errno 5] Input/output error.
