     Info:  Nimble data file "/home/runner/.nimble/nimbledata2.json" has been loaded.
    Reading official package list
Downloading https://github.com/IoTone/huenim using git
   Warning: The package has no tagged releases, downloading HEAD instead.
open('/workspace/destdir/ssl/openssl.cnf', 32768, 0x00000000000001b6)
open('/home/runner/.config/nimble/nimble.ini', 557056, 0x00000000000001b6)
open('/home/runner/.config/babel/babel.ini', 557056, 0x00000000000001b6)
open('/home/runner/.nimble/nimbledata2.json', 557056, 0x00000000000001b6)
writev(1, 0x00007ffe6a8664a0, 2)
open('/home/runner/work/nim_packages_security_audit/nim_packages_security_audit', 622592, 0x0000000000000000)
writev(1, 0x00007ffe6a8650d0, 2)
open('/home/runner/.nimble/packages_official.json', 557056, 0x00000000000001b6)
mkdir('/tmp/', 0x00000000000001ff)
mkdir('/tmp/nimble_2311/', 0x00000000000001ff)
mkdir('/tmp/nimble_2311/githubcom_IoTonehuenim', 0x00000000000001ff)
open('/tmp/nimble_2311/githubcom_IoTonehuenim', 622592, 0x0000000000000000)
writev(1, 0x00007ffe6a865190, 2)
open('/tmp/nimble_2311/githubcom_IoTonehuenim', 622592, 0x0000000000000000)
rmdir('/tmp/nimble_2311/githubcom_IoTonehuenim')
writev(1, 0x00007ffe6a865080, 2)
mkdir(94445550135392, 0x00000000000001ff)
Error tracing process: readBytes(0x000055e5d1776860, 256) error: [Errno 5] Input/output error.
