      Info: Package cache path /home/runner/.nimble/pkgcache
     Info:  Nimble data file "/home/runner/.nimble/nimbledata2.json" has been loaded.
    Reading official package list
Downloading https://github.com/thechampagne/hyper-nim using git
    Cloning latest tagged version: v0.1.0
open('/workspace/destdir/ssl/openssl.cnf', 32768, 0x00000000000001b6)
open('/home/runner/.config/nimble/nimble.ini', 557056, 0x00000000000001b6)
open('/home/runner/.config/babel/babel.ini', 557056, 0x00000000000001b6)
writev(1, 0x00007ffd11334040, 2)
open('/home/runner/.nimble/nimbledata2.json', 557056, 0x00000000000001b6)
writev(1, 0x00007ffd11334110, 2)
writev(1, 0x00007fffb83a2e80, 2)
writev(1, 0x00007fffb83a2f10, 2)
writev(1, 0x00007fffb83a2f10, 2)
writev(1, 0x00007fffb83a2f10, 2)
writev(1, 0x00007ffd11332b20, 2)
open('/home/runner/.nimble/packages_official.json', 557056, 0x00000000000001b6)
mkdir('/home/', 0x00000000000001ff)
mkdir('/home/runner/', 0x00000000000001ff)
mkdir('/home/runner/.nimble/', 0x00000000000001ff)
mkdir('/home/runner/.nimble/pkgcache/', 0x00000000000001ff)
mkdir('/home/runner/.nimble/pkgcache/githubcom_thechampagnehypernim', 0x00000000000001ff)
open('/home/runner/.nimble/pkgcache/githubcom_thechampagnehypernim', 622592, 0x0000000000000000)
writev(1, 0x00007ffd11332b80, 2)
open('/home/runner/.nimble/pkgcache/githubcom_thechampagnehypernim', 622592, 0x0000000000000000)
rmdir('/home/runner/.nimble/pkgcache/githubcom_thechampagnehypernim')
writev(1, 0x00007ffd11332a70, 2)
mkdir(94438649113504, 0x00000000000001ff)
Error tracing process: readBytes(0x000055e436222ba0, 256) error: [Errno 5] Input/output error.
