      Info: Package cache path /home/runner/.nimble/pkgcache
     Info:  Nimble data file "/home/runner/.nimble/nimbledata2.json" has been loaded.
    Reading official package list
Downloading https://github.com/nitely/nim-hyps using git
    Cloning latest tagged version: v0.1.1
open('/workspace/destdir/ssl/openssl.cnf', 32768, 0x00000000000001b6)
open('/home/runner/.config/nimble/nimble.ini', 557056, 0x00000000000001b6)
open('/home/runner/.config/babel/babel.ini', 557056, 0x00000000000001b6)
writev(1, 0x00007ffcbcbee360, 2)
open('/home/runner/.nimble/nimbledata2.json', 557056, 0x00000000000001b6)
writev(1, 0x00007ffcbcbee430, 2)
writev(1, 0x00007ffc646086c0, 2)
writev(1, 0x00007ffc64608750, 2)
writev(1, 0x00007ffc64608750, 2)
writev(1, 0x00007ffc64608750, 2)
writev(1, 0x00007ffcbcbece40, 2)
open('/home/runner/.nimble/packages_official.json', 557056, 0x00000000000001b6)
mkdir('/home/', 0x00000000000001ff)
mkdir('/home/runner/', 0x00000000000001ff)
mkdir('/home/runner/.nimble/', 0x00000000000001ff)
mkdir('/home/runner/.nimble/pkgcache/', 0x00000000000001ff)
mkdir('/home/runner/.nimble/pkgcache/githubcom_nitelynimhyps', 0x00000000000001ff)
open('/home/runner/.nimble/pkgcache/githubcom_nitelynimhyps', 622592, 0x0000000000000000)
writev(1, 0x00007ffcbcbecea0, 2)
open('/home/runner/.nimble/pkgcache/githubcom_nitelynimhyps', 622592, 0x0000000000000000)
rmdir('/home/runner/.nimble/pkgcache/githubcom_nitelynimhyps')
writev(1, 0x00007ffcbcbecd90, 2)
mkdir(94796299782960, 0x00000000000001ff)
Error tracing process: readBytes(0x000056377bc64b30, 256) error: [Errno 5] Input/output error.
