      Info: Package cache path /home/runner/.nimble/pkgcache
     Info:  Nimble data file "/home/runner/.nimble/nimbledata2.json" has been loaded.
    Reading official package list
Downloading https://github.com/markpbaggett/oaitools.nim using git
    Cloning latest tagged version: v0.2.5
open('/workspace/destdir/ssl/openssl.cnf', 32768, 0x00000000000001b6)
open('/home/runner/.config/nimble/nimble.ini', 557056, 0x00000000000001b6)
open('/home/runner/.config/babel/babel.ini', 557056, 0x00000000000001b6)
writev(1, 0x00007ffcc4cd1ce0, 2)
open('/home/runner/.nimble/nimbledata2.json', 557056, 0x00000000000001b6)
writev(1, 0x00007ffcc4cd1db0, 2)
writev(1, 0x00007ffd925c4d10, 2)
writev(1, 0x00007ffd925c4da0, 2)
writev(1, 0x00007ffd925c4da0, 2)
writev(1, 0x00007ffd925c4da0, 2)
writev(1, 0x00007ffcc4cd07e0, 2)
open('/home/runner/.nimble/packages_official.json', 557056, 0x00000000000001b6)
mkdir('/home/', 0x00000000000001ff)
mkdir('/home/runner/', 0x00000000000001ff)
mkdir('/home/runner/.nimble/', 0x00000000000001ff)
mkdir('/home/runner/.nimble/pkgcache/', 0x00000000000001ff)
mkdir('/home/runner/.nimble/pkgcache/githubcom_markpbaggettoaitoolsnim', 0x00000000000001ff)
open('/home/runner/.nimble/pkgcache/githubcom_markpbaggettoaitoolsnim', 622592, 0x0000000000000000)
writev(1, 0x00007ffcc4cd0820, 2)
open('/home/runner/.nimble/pkgcache/githubcom_markpbaggettoaitoolsnim', 622592, 0x0000000000000000)
rmdir('/home/runner/.nimble/pkgcache/githubcom_markpbaggettoaitoolsnim')
writev(1, 0x00007ffcc4cd0710, 2)
mkdir(94483655223312, 0x00000000000001ff)
Error tracing process: readBytes(0x000055eeb0b4e810, 256) error: [Errno 5] Input/output error.
