      Info: Package cache path /home/runner/.nimble/pkgcache
     Info:  Nimble data file "/home/runner/.nimble/nimbledata2.json" has been loaded.
    Reading official package list
Downloading https://github.com/bung87/objc_runtime using git
    Cloning latest tagged version: v0.1.9
open('/workspace/destdir/ssl/openssl.cnf', 32768, 0x00000000000001b6)
open('/home/runner/.config/nimble/nimble.ini', 557056, 0x00000000000001b6)
open('/home/runner/.config/babel/babel.ini', 557056, 0x00000000000001b6)
writev(1, 0x00007ffd52b00be0, 2)
open('/home/runner/.nimble/nimbledata2.json', 557056, 0x00000000000001b6)
writev(1, 0x00007ffd52b00cb0, 2)
writev(1, 0x00007fff49e28ba0, 2)
writev(1, 0x00007fff49e28c30, 2)
writev(1, 0x00007fff49e28c30, 2)
writev(1, 0x00007fff49e28c30, 2)
writev(1, 0x00007ffd52aff6e0, 2)
open('/home/runner/.nimble/packages_official.json', 557056, 0x00000000000001b6)
mkdir('/home/', 0x00000000000001ff)
mkdir('/home/runner/', 0x00000000000001ff)
mkdir('/home/runner/.nimble/', 0x00000000000001ff)
mkdir('/home/runner/.nimble/pkgcache/', 0x00000000000001ff)
mkdir('/home/runner/.nimble/pkgcache/githubcom_bung87objcruntime', 0x00000000000001ff)
open('/home/runner/.nimble/pkgcache/githubcom_bung87objcruntime', 622592, 0x0000000000000000)
writev(1, 0x00007ffd52aff720, 2)
open('/home/runner/.nimble/pkgcache/githubcom_bung87objcruntime', 622592, 0x0000000000000000)
rmdir('/home/runner/.nimble/pkgcache/githubcom_bung87objcruntime')
writev(1, 0x00007ffd52aff610, 2)
mkdir(94072436484096, 0x00000000000001ff)
Error tracing process: readBytes(0x0000558ef228e800, 256) error: [Errno 5] Input/output error.
