      Info: Package cache path /home/runner/.nimble/pkgcache
     Info:  Nimble data file "/home/runner/.nimble/nimbledata2.json" has been loaded.
    Reading official package list
Downloading https://github.com/jaar23/octolog using git
    Cloning latest tagged version: 0.1.1
open('/workspace/destdir/ssl/openssl.cnf', 32768, 0x00000000000001b6)
open('/home/runner/.config/nimble/nimble.ini', 557056, 0x00000000000001b6)
open('/home/runner/.config/babel/babel.ini', 557056, 0x00000000000001b6)
writev(1, 0x00007ffc02267b50, 2)
open('/home/runner/.nimble/nimbledata2.json', 557056, 0x00000000000001b6)
writev(1, 0x00007ffc02267c20, 2)
writev(1, 0x00007ffd5a8032a0, 2)
writev(1, 0x00007ffd5a803330, 2)
writev(1, 0x00007ffd5a803330, 2)
writev(1, 0x00007ffd5a803330, 2)
writev(1, 0x00007ffc02266650, 2)
open('/home/runner/.nimble/packages_official.json', 557056, 0x00000000000001b6)
mkdir('/home/', 0x00000000000001ff)
mkdir('/home/runner/', 0x00000000000001ff)
mkdir('/home/runner/.nimble/', 0x00000000000001ff)
mkdir('/home/runner/.nimble/pkgcache/', 0x00000000000001ff)
mkdir('/home/runner/.nimble/pkgcache/githubcom_jaar23octolog', 0x00000000000001ff)
open('/home/runner/.nimble/pkgcache/githubcom_jaar23octolog', 622592, 0x0000000000000000)
writev(1, 0x00007ffc02266690, 2)
open('/home/runner/.nimble/pkgcache/githubcom_jaar23octolog', 622592, 0x0000000000000000)
rmdir('/home/runner/.nimble/pkgcache/githubcom_jaar23octolog')
writev(1, 0x00007ffc02266580, 2)
mkdir(94739670497184, 0x00000000000001ff)
Error tracing process: readBytes(0x0000562a4c67f7a0, 256) error: [Errno 5] Input/output error.
