      Info: Package cache path /home/runner/.nimble/pkgcache
     Info:  Nimble data file "/home/runner/.nimble/nimbledata2.json" has been loaded.
    Reading official package list
Downloading https://github.com/vitreo12/omni using git
    Cloning latest tagged version: 0.4.2
open('/workspace/destdir/ssl/openssl.cnf', 32768, 0x00000000000001b6)
open('/home/runner/.config/nimble/nimble.ini', 557056, 0x00000000000001b6)
open('/home/runner/.config/babel/babel.ini', 557056, 0x00000000000001b6)
writev(1, 0x00007fffac3f4bc0, 2)
open('/home/runner/.nimble/nimbledata2.json', 557056, 0x00000000000001b6)
writev(1, 0x00007fffac3f4c90, 2)
writev(1, 0x00007ffd2f8ae8c0, 2)
writev(1, 0x00007ffd2f8ae950, 2)
writev(1, 0x00007ffd2f8ae950, 2)
writev(1, 0x00007ffd2f8ae950, 2)
writev(1, 0x00007fffac3f36c0, 2)
open('/home/runner/.nimble/packages_official.json', 557056, 0x00000000000001b6)
mkdir('/home/', 0x00000000000001ff)
mkdir('/home/runner/', 0x00000000000001ff)
mkdir('/home/runner/.nimble/', 0x00000000000001ff)
mkdir('/home/runner/.nimble/pkgcache/', 0x00000000000001ff)
mkdir('/home/runner/.nimble/pkgcache/githubcom_vitreo12omni', 0x00000000000001ff)
open('/home/runner/.nimble/pkgcache/githubcom_vitreo12omni', 622592, 0x0000000000000000)
writev(1, 0x00007fffac3f3700, 2)
open('/home/runner/.nimble/pkgcache/githubcom_vitreo12omni', 622592, 0x0000000000000000)
rmdir('/home/runner/.nimble/pkgcache/githubcom_vitreo12omni')
writev(1, 0x00007fffac3f35f0, 2)
mkdir(94914886248352, 0x00000000000001ff)
Error tracing process: readBytes(0x00005653181427a0, 256) error: [Errno 5] Input/output error.
