      Info: Package cache path /home/runner/.nimble/pkgcache
     Info:  Nimble data file "/home/runner/.nimble/nimbledata2.json" has been loaded.
    Reading official package list
Downloading https://github.com/bluenote10/oop_utils using git
   Warning: The package has no tagged releases, downloading HEAD instead.
open('/workspace/destdir/ssl/openssl.cnf', 32768, 0x00000000000001b6)
open('/home/runner/.config/nimble/nimble.ini', 557056, 0x00000000000001b6)
open('/home/runner/.config/babel/babel.ini', 557056, 0x00000000000001b6)
writev(1, 0x00007ffe0355d190, 2)
open('/home/runner/.nimble/nimbledata2.json', 557056, 0x00000000000001b6)
writev(1, 0x00007ffe0355d260, 2)
writev(1, 0x00007ffe34871ae0, 2)
writev(1, 0x00007ffe34871b70, 2)
writev(1, 0x00007ffe34871b70, 2)
writev(1, 0x00007ffe34871b70, 2)
writev(1, 0x00007ffe0355bc40, 2)
open('/home/runner/.nimble/packages_official.json', 557056, 0x00000000000001b6)
mkdir('/home/', 0x00000000000001ff)
mkdir('/home/runner/', 0x00000000000001ff)
mkdir('/home/runner/.nimble/', 0x00000000000001ff)
mkdir('/home/runner/.nimble/pkgcache/', 0x00000000000001ff)
mkdir('/home/runner/.nimble/pkgcache/githubcom_bluenote10ooputils', 0x00000000000001ff)
open('/home/runner/.nimble/pkgcache/githubcom_bluenote10ooputils', 622592, 0x0000000000000000)
writev(1, 0x00007ffe0355bd20, 2)
open('/home/runner/.nimble/pkgcache/githubcom_bluenote10ooputils', 622592, 0x0000000000000000)
rmdir('/home/runner/.nimble/pkgcache/githubcom_bluenote10ooputils')
writev(1, 0x00007ffe0355bc10, 2)
mkdir(94833592326800, 0x00000000000001ff)
Error tracing process: readBytes(0x000056402a955a90, 256) error: [Errno 5] Input/output error.
