    Reading official package list
Downloading https://github.com/ire4ever1190/nim-opentmdb using git
    Cloning latest tagged version: v1.0.2
open('/workspace/destdir/ssl/openssl.cnf', 0, 0x00000000000001b6)
open('/home/runner/.config/nimble/nimble.ini', 524288, 0x00000000000001b6)
open('/home/runner/.config/babel/babel.ini', 524288, 0x00000000000001b6)
writev(1, 0x00007ffd183ecf10, 2)
open('/home/runner/.nimble/packages_official.json', 524288, 0x00000000000001b6)
mkdir('/tmp', 0x00000000000001ff)
mkdir('/tmp/nimble_10195', 0x00000000000001ff)
mkdir('/tmp/nimble_10195/githubcom_ire4ever1190nimopentmdb', 0x00000000000001ff)
writev(1, 0x00007ffd183ecfd0, 2)
open('/tmp/nimble_10195/githubcom_ire4ever1190nimopentmdb', 589824, 0x0000000000000000)
rmdir('/tmp/nimble_10195/githubcom_ire4ever1190nimopentmdb')
writev(1, 0x00007ffd183ecf60, 2)
mkdir('/tmp/nimble_10195/githubcom_ire4ever1190nimopentmdb', 0x00000000000001ff)
mkdir('/tmp/nimble_10195/githubcom_ire4ever1190nimopentmdb/.git', 0x00000000000001ff)
mkdir('/tmp/nimble_10195/githubcom_ire4ever1190nimopentmdb/.git/', 0x00000000000001ff)
mkdir('/tmp/nimble_10195/githubcom_ire4ever1190nimopentmdb/.git/branches/', 0x00000000000001ff)
mkdir('/tmp/nimble_10195/githubcom_ire4ever1190nimopentmdb/.git/info/', 0x00000000000001ff)
mkdir('/tmp/nimble_10195/githubcom_ire4ever1190nimopentmdb/.git/hooks/', 0x00000000000001ff)
mkdir('/tmp/nimble_10195/githubcom_ire4ever1190nimopentmdb/.git/refs', 0x00000000000001ff)
mkdir('/tmp/nimble_10195/githubcom_ire4ever1190nimopentmdb/.git/refs/heads', 0x00000000000001ff)
mkdir('/tmp/nimble_10195/githubcom_ire4ever1190nimopentmdb/.git/refs/tags', 0x00000000000001ff)
rename('/tmp/nimble_10195/githubcom_ire4ever1190nimopentmdb/.git/HEAD.lock', '/tmp/nimble_10195/githubcom_ire4ever1190nimopentmdb/.git/HEAD')
rename('/tmp/nimble_10195/githubcom_ire4ever1190nimopentmdb/.git/config.lock', '/tmp/nimble_10195/githubcom_ire4ever1190nimopentmdb/.git/config')
chmod('/tmp/nimble_10195/githubcom_ire4ever1190nimopentmdb/.git/config', 0x00000000000081e4)
chmod('/tmp/nimble_10195/githubcom_ire4ever1190nimopentmdb/.git/config', 0x00000000000081a4)
chmod('/tmp/nimble_10195/githubcom_ire4ever1190nimopentmdb/.git/config.lock', 0x00000000000001a4)
rename('/tmp/nimble_10195/githubcom_ire4ever1190nimopentmdb/.git/config.lock', '/tmp/nimble_10195/githubcom_ire4ever1190nimopentmdb/.git/config')
chmod('/tmp/nimble_10195/githubcom_ire4ever1190nimopentmdb/.git/config.lock', 0x00000000000001a4)
rename('/tmp/nimble_10195/githubcom_ire4ever1190nimopentmdb/.git/config.lock', '/tmp/nimble_10195/githubcom_ire4ever1190nimopentmdb/.git/config')
chmod('/tmp/nimble_10195/githubcom_ire4ever1190nimopentmdb/.git/config.lock', 0x00000000000001a4)
rename('/tmp/nimble_10195/githubcom_ire4ever1190nimopentmdb/.git/config.lock', '/tmp/nimble_10195/githubcom_ire4ever1190nimopentmdb/.git/config')
unlink('/tmp/nimble_10195/githubcom_ire4ever1190nimopentmdb/.git/ty99oRO')
symlink('testing', '/tmp/nimble_10195/githubcom_ire4ever1190nimopentmdb/.git/ty99oRO')
unlink('/tmp/nimble_10195/githubcom_ire4ever1190nimopentmdb/.git/ty99oRO')
mkdir('/tmp/nimble_10195/githubcom_ire4ever1190nimopentmdb/.git/objects', 0x00000000000001ff)
mkdir('/tmp/nimble_10195/githubcom_ire4ever1190nimopentmdb/.git/objects/pack', 0x00000000000001ff)
mkdir('/tmp/nimble_10195/githubcom_ire4ever1190nimopentmdb/.git/objects/info', 0x00000000000001ff)
chmod('/tmp/nimble_10195/githubcom_ire4ever1190nimopentmdb/.git/config.lock', 0x00000000000001a4)
rename('/tmp/nimble_10195/githubcom_ire4ever1190nimopentmdb/.git/config.lock', '/tmp/nimble_10195/githubcom_ire4ever1190nimopentmdb/.git/config')
chmod('/tmp/nimble_10195/githubcom_ire4ever1190nimopentmdb/.git/config.lock', 0x00000000000001a4)
rename('/tmp/nimble_10195/githubcom_ire4ever1190nimopentmdb/.git/config.lock', '/tmp/nimble_10195/githubcom_ire4ever1190nimopentmdb/.git/config')
chmod('/tmp/nimble_10195/githubcom_ire4ever1190nimopentmdb/.git/config.lock', 0x00000000000001a4)
rename('/tmp/nimble_10195/githubcom_ire4ever1190nimopentmdb/.git/config.lock', '/tmp/nimble_10195/githubcom_ire4ever1190nimopentmdb/.git/config')
unlink('/tmp/nimble_10195/githubcom_ire4ever1190nimopentmdb/.git/config.lock')
chmod('/tmp/nimble_10195/githubcom_ire4ever1190nimopentmdb/.git/config.lock', 0x00000000000001a4)
rename('/tmp/nimble_10195/githubcom_ire4ever1190nimopentmdb/.git/config.lock', '/tmp/nimble_10195/githubcom_ire4ever1190nimopentmdb/.git/config')
link('/tmp/nimble_10195/githubcom_ire4ever1190nimopentmdb/.git/objects/pack/tmp_pack_xclMHE', '/tmp/nimble_10195/githubcom_ire4ever1190nimopentmdb/.git/objects/pack/pack-ef31d47b9b6d8d93d03c089c4eb74695528c986c.pack')
unlink('/tmp/nimble_10195/githubcom_ire4ever1190nimopentmdb/.git/objects/pack/tmp_pack_xclMHE')
link('/tmp/nimble_10195/githubcom_ire4ever1190nimopentmdb/.git/objects/pack/tmp_idx_Tjngc1', '/tmp/nimble_10195/githubcom_ire4ever1190nimopentmdb/.git/objects/pack/pack-ef31d47b9b6d8d93d03c089c4eb74695528c986c.idx')
unlink('/tmp/nimble_10195/githubcom_ire4ever1190nimopentmdb/.git/objects/pack/tmp_idx_Tjngc1')
rename('/tmp/nimble_10195/githubcom_ire4ever1190nimopentmdb/.git/shallow.lock', '/tmp/nimble_10195/githubcom_ire4ever1190nimopentmdb/.git/shallow')
rename('/tmp/nimble_10195/githubcom_ire4ever1190nimopentmdb/.git/packed-refs.new', '/tmp/nimble_10195/githubcom_ire4ever1190nimopentmdb/.git/packed-refs')
unlink('/tmp/nimble_10195/githubcom_ire4ever1190nimopentmdb/.git/packed-refs.lock')
unlink('/tmp/nimble_10195/githubcom_ire4ever1190nimopentmdb/.git/refs/tags/v1.0.2.lock')
mkdir('/tmp/nimble_10195/githubcom_ire4ever1190nimopentmdb/.git/logs', 0x00000000000001ff)
rename('/tmp/nimble_10195/githubcom_ire4ever1190nimopentmdb/.git/HEAD.lock', '/tmp/nimble_10195/githubcom_ire4ever1190nimopentmdb/.git/HEAD')
unlink('/tmp/nimble_10195/githubcom_ire4ever1190nimopentmdb/.git/objects/pack/pack-ef31d47b9b6d8d93d03c089c4eb74695528c986c.keep')
mkdir('.github', 0x00000000000001ff)
mkdir('.github/workflows', 0x00000000000001ff)
mkdir('docs', 0x00000000000001ff)
mkdir('docs/opentdb', 0x00000000000001ff)
mkdir('src', 0x00000000000001ff)
mkdir('src/opentdb', 0x00000000000001ff)
rename('/tmp/nimble_10195/githubcom_ire4ever1190nimopentmdb/.git/index.lock', '/tmp/nimble_10195/githubcom_ire4ever1190nimopentmdb/.git/index')
open('/tmp/nimble_10195/githubcom_ire4ever1190nimopentmdb', 589824, 0x0000000000000000)
open('/tmp/nimble_10195/githubcom_ire4ever1190nimopentmdb/opentdb.nimble', 524288, 0x00000000000001b6)
open('/etc/localtime', 526336, 0x0000000000000000)
mkdir('/tmp', 0x00000000000001ff)
mkdir('/tmp/nimblecache-946033505', 0x00000000000001ff)
mkdir('/tmp/nimblecache-946033505/opentdb_289513778', 0x00000000000001ff)
open('/tmp/nimblecache-946033505/opentdb_289513778/opentdb.nims', 524865, 0x00000000000001b6)
writev(3, 0x00007ffd183ec9a0, 2)
unlink('/tmp/nimblecache-946033505/opentdb_289513778/opentdb.ini')
open('/tmp/nimblecache-946033505/opentdb_289513778/opentdb.nims', 2623488, 0x000000000076b83f)
open('/tmp/nimblecache-946033505/opentdb_289513778', 2623488, 0x00007ffde1482860)
open('/home/runner/.choosenim/toolchains/nim-1.4.0/config/nim.cfg', 524288, 0x00000000000001b6)
open('/home/runner/.choosenim/toolchains/nim-1.4.0/config/nim.cfg', 2623488, 0x0000000000453f15)
open('/opt/nimble/pkgs/', 589824, 0x0000000000000000)
open('/opt/nimble/pkgs/', 589824, 0x0000000000000000)
open('/home/runner/.nimble/pkgs/', 589824, 0x0000000000000000)
open('/home/runner/.nimble/pkgs/opentdb-1.0.2/', 589824, 0x0000000000000000)
open('/home/runner/.nimble/pkgs/oldwinapi-2.1.0/', 589824, 0x0000000000000000)
open('/home/runner/.nimble/pkgs/opusenc-0.2.0/', 589824, 0x0000000000000000)
open('/home/runner/.nimble/pkgs/openapi-3.2.2/', 589824, 0x0000000000000000)
open('/home/runner/.nimble/pkgs/omni_lang-0.2.3/', 589824, 0x0000000000000000)
open('/home/runner/.nimble/pkgs/opencl-1.0/', 589824, 0x0000000000000000)
open('/home/runner/.nimble/pkgs/jsbind-0.1.1/', 589824, 0x0000000000000000)
open('/home/runner/.nimble/pkgs/ormin-0.1.0/', 589824, 0x0000000000000000)
open('/home/runner/.nimble/pkgs/oop_utils-0.1.0/', 589824, 0x0000000000000000)
open('/home/runner/.nimble/pkgs/nimboost-0.5.5/', 589824, 0x0000000000000000)
open('/home/runner/.nimble/pkgs/base32-0.1.3/', 589824, 0x0000000000000000)
open('/home/runner/.nimble/pkgs/cligen-1.2.2/', 589824, 0x0000000000000000)
open('/home/runner/.nimble/pkgs/rest-1.0.5/', 589824, 0x0000000000000000)
open('/home/runner/.nimble/pkgs/opencv-0.1.0/', 589824, 0x0000000000000000)
open('/home/runner/.nimble/pkgs/nimSHA2-0.1.1/', 589824, 0x0000000000000000)
open('/home/runner/.nimble/pkgs/values-0.1.1/', 589824, 0x0000000000000000)
open('/home/runner/.nimble/pkgs/oldgtk3-0.1.0/', 589824, 0x0000000000000000)
open('/home/runner/.nimble/pkgs/oculus-1.0/', 589824, 0x0000000000000000)
open('/home/runner/.nimble/pkgs/os_files-0.1.2/', 589824, 0x0000000000000000)
open('/home/runner/.nimble/pkgs/onedrive-0.0.1/', 589824, 0x0000000000000000)
open('/home/runner/.nimble/pkgs/osutil-0.2.0/', 589824, 0x0000000000000000)
open('/home/runner/.nimble/pkgs/opengl-1.2.6/', 589824, 0x0000000000000000)
open('/home/runner/.nimble/pkgs/OTP-0.1.1/', 589824, 0x0000000000000000)
open('/home/runner/.nimble/pkgs/optionsutils-1.2.0/', 589824, 0x0000000000000000)
open('/home/runner/.nimble/pkgs/oaitools-0.2.5/', 589824, 0x0000000000000000)
open('/home/runner/.nimble/pkgs/nimfp-0.4.4/', 589824, 0x0000000000000000)
open('/home/runner/.nimble/pkgs/foreach-1.0.2/', 589824, 0x0000000000000000)
open('/home/runner/.nimble/pkgs/osrm-0.1.5/', 589824, 0x0000000000000000)
open('/home/runner/.nimble/pkgs/patty-0.3.4/', 589824, 0x0000000000000000)
open('/home/runner/.nimble/pkgs/hmac-0.1.9/', 589824, 0x0000000000000000)
open('/home/runner/.nimble/pkgs/osinfo-0.3.2/', 589824, 0x0000000000000000)
open('/home/runner/.nimble/pkgs/openweathermap-0.1.0/', 589824, 0x0000000000000000)
open('/home/runner/.nimble/pkgs/openexchangerates-0.2.0/', 589824, 0x0000000000000000)
open('/home/runner/.nimble/pkgs/overpass-0.2.5/', 589824, 0x0000000000000000)
open('/home/runner/.nimble/pkgs/osdialog-0.1.0/', 589824, 0x0000000000000000)
open('/home/runner/.nimble/pkgs/omnilog-0.1.0/', 589824, 0x0000000000000000)
open('/home/runner/.nimble/pkgs/npeg-0.23.2/', 589824, 0x0000000000000000)
open('/home/runner/.nimble/pkgs/openssl_evp-0.1.2/', 589824, 0x0000000000000000)
open('/home/runner/.nimble/pkgs/optionals-0.1.0/', 589824, 0x0000000000000000)
open('/home/runner/.nimble/pkgs/openal-0.1.1/', 589824, 0x0000000000000000)
open('/home/runner/.nimble/pkgs/oshostname-0.1.0/', 589824, 0x0000000000000000)
open('/home/runner/.nimble/pkgs/options-0.1.0/', 589824, 0x0000000000000000)
open('/home/runner/.nimble/pkgs/wasmrt-0.1.0/', 589824, 0x0000000000000000)
open('/home/runner/.nimble/pkgs/openstreetmap-0.2.0/', 589824, 0x0000000000000000)
open('/home/runner/.nimble/pkgs/darwin-0.1.0/', 589824, 0x0000000000000000)
open('/home/runner/.nimble/pkgs/xmltools-0.1.5/', 589824, 0x0000000000000000)
open('/home/runner/.nimble/pkgs/open_elevation-0.1.5/', 589824, 0x0000000000000000)
open('/home/runner/.nimble/pkgs/owo-0.1.0/', 589824, 0x0000000000000000)
open('/home/runner/.nimble/pkgs/x11-1.1/', 589824, 0x0000000000000000)
open('/home/runner/.nimble/pkgs/optional_t-1.2.0/', 589824, 0x0000000000000000)
open('/home/runner/.nimble/pkgs/sha1-1.1/', 589824, 0x0000000000000000)
open('/home/runner/.nimble/pkgs/oauth-0.10/', 589824, 0x0000000000000000)
open('/home/runner/.nimble/pkgs/packedjson-0.2.1/', 589824, 0x0000000000000000)
open('/home/runner/.nimble/pkgs/classy-0.0.3/', 589824, 0x0000000000000000)
open('/home/runner/.nimble/pkgs/', 589824, 0x0000000000000000)
open('/home/runner/.choosenim/toolchains/nim-1.4.0/config/config.nims', 2623488, 0x0000000000453f15)
open('/home/runner/.choosenim/toolchains/nim-1.4.0/config/', 589824, 0x0000000000000000)
open('/home/runner/.choosenim/toolchains/nim-1.4.0/', 589824, 0x0000000000000000)
open('/home/runner/.choosenim/toolchains/nim-1.4.0/lib/system.nim', 2623488, 0x0000000000453f15)
open('/home/runner/.choosenim/toolchains/nim-1.4.0/lib/', 589824, 0x0000000000000000)
open('/home/runner/.choosenim/toolchains/nim-1.4.0/lib/system.nim', 524288, 0x00000000000001b6)
open('/home/runner/.choosenim/toolchains/nim-1.4.0/lib/system.nim', 524288, 0x00000000000001b6)
open('/home/runner/.choosenim/toolchains/nim-1.4.0/lib/system/basic_types.nim', 2623488, 0x0000000000453f15)
open('/home/runner/.choosenim/toolchains/nim-1.4.0/lib/system/basic_types.nim', 524288, 0x00000000000001b6)
open('/home/runner/.choosenim/toolchains/nim-1.4.0/lib/system/basic_types.nim', 524288, 0x00000000000001b6)
open('/home/runner/.choosenim/toolchains/nim-1.4.0/lib/system/arithmetics.nim', 2623488, 0x0000000000453f15)
open('/home/runner/.choosenim/toolchains/nim-1.4.0/lib/system/arithmetics.nim', 524288, 0x00000000000001b6)
open('/home/runner/.choosenim/toolchains/nim-1.4.0/lib/system/arithmetics.nim', 524288, 0x00000000000001b6)
open('/home/runner/.choosenim/toolchains/nim-1.4.0/lib/system/comparisons.nim', 2623488, 0x0000000000453f15)
open('/home/runner/.choosenim/toolchains/nim-1.4.0/lib/system/comparisons.nim', 524288, 0x00000000000001b6)
open('/home/runner/.choosenim/toolchains/nim-1.4.0/lib/system/comparisons.nim', 524288, 0x00000000000001b6)
open('/home/runner/.choosenim/toolchains/nim-1.4.0/lib/system/inclrtl.nim', 2623488, 0x0000000000453f15)
open('/home/runner/.choosenim/toolchains/nim-1.4.0/lib/system/inclrtl.nim', 524288, 0x00000000000001b6)
open('/home/runner/.choosenim/toolchains/nim-1.4.0/lib/system/inclrtl.nim', 524288, 0x00000000000001b6)
open('/home/runner/.choosenim/toolchains/nim-1.4.0/lib/system/exceptions.nim', 2623488, 0x0000000000453f15)
open('/home/runner/.choosenim/toolchains/nim-1.4.0/lib/system/exceptions.nim', 524288, 0x00000000000001b6)
open('/home/runner/.choosenim/toolchains/nim-1.4.0/lib/system/exceptions.nim', 524288, 0x00000000000001b6)
open('/home/runner/.choosenim/toolchains/nim-1.4.0/lib/system/setops.nim', 2623488, 0x0000000000453f15)
open('/home/runner/.choosenim/toolchains/nim-1.4.0/lib/system/setops.nim', 524288, 0x00000000000001b6)
open('/home/runner/.choosenim/toolchains/nim-1.4.0/lib/system/setops.nim', 524288, 0x00000000000001b6)
open('/home/runner/.choosenim/toolchains/nim-1.4.0/lib/std/private/since.nim', 2623488, 0x0000000000453f15)
open('/home/runner/.choosenim/toolchains/nim-1.4.0/lib/std/private/', 589824, 0x0000000000000000)
open('/home/runner/.choosenim/toolchains/nim-1.4.0/lib/std/', 589824, 0x0000000000000000)
open('/home/runner/.choosenim/toolchains/nim-1.4.0/lib/std/private/since.nim', 524288, 0x00000000000001b6)
open('/home/runner/.choosenim/toolchains/nim-1.4.0/lib/std/private/since.nim', 524288, 0x00000000000001b6)
open('/home/runner/.choosenim/toolchains/nim-1.4.0/lib/system/memalloc.nim', 2623488, 0x0000000000453f15)
open('/home/runner/.choosenim/toolchains/nim-1.4.0/lib/system/memalloc.nim', 524288, 0x00000000000001b6)
open('/home/runner/.choosenim/toolchains/nim-1.4.0/lib/system/memalloc.nim', 524288, 0x00000000000001b6)
open('/home/runner/.choosenim/toolchains/nim-1.4.0/lib/system/iterators_1.nim', 2623488, 0x0000000000453f15)
open('/home/runner/.choosenim/toolchains/nim-1.4.0/lib/system/iterators_1.nim', 524288, 0x00000000000001b6)
open('/home/runner/.choosenim/toolchains/nim-1.4.0/lib/system/iterators_1.nim', 524288, 0x00000000000001b6)
open('/home/runner/.choosenim/toolchains/nim-1.4.0/lib/system/fatal.nim', 2623488, 0x0000000000453f15)
open('/home/runner/.choosenim/toolchains/nim-1.4.0/lib/system/fatal.nim', 524288, 0x00000000000001b6)
open('/home/runner/.choosenim/toolchains/nim-1.4.0/lib/system/fatal.nim', 524288, 0x00000000000001b6)
open('/home/runner/.choosenim/toolchains/nim-1.4.0/lib/system/assertions.nim', 2623488, 0x0000000000453f15)
open('/home/runner/.choosenim/toolchains/nim-1.4.0/lib/system/', 589824, 0x0000000000000000)
open('/home/runner/.choosenim/toolchains/nim-1.4.0/lib/system/assertions.nim', 524288, 0x00000000000001b6)
open('/home/runner/.choosenim/toolchains/nim-1.4.0/lib/system/assertions.nim', 524288, 0x00000000000001b6)
open('/home/runner/.choosenim/toolchains/nim-1.4.0/lib/system/fatal.nim', 2623488, 0x00007ffde1481ae0)
open('/home/runner/.choosenim/toolchains/nim-1.4.0/lib/system/fatal.nim', 2623488, 0x0000000000453f15)
open('/home/runner/.choosenim/toolchains/nim-1.4.0/lib/system/fatal.nim', 524288, 0x00000000000001b6)
open('/home/runner/.choosenim/toolchains/nim-1.4.0/lib/system/fatal.nim', 524288, 0x00000000000001b6)
open('/home/runner/.choosenim/toolchains/nim-1.4.0/lib/std/private/miscdollars.nim', 2623488, 0x00007ffde1481d40)
open('/home/runner/.choosenim/toolchains/nim-1.4.0/lib/std/private/miscdollars.nim', 2623488, 0x0000000000453f15)
open('/home/runner/.choosenim/toolchains/nim-1.4.0/lib/std/private/', 589824, 0x0000000000000000)
open('/home/runner/.choosenim/toolchains/nim-1.4.0/lib/std/', 589824, 0x0000000000000000)
open('/home/runner/.choosenim/toolchains/nim-1.4.0/lib/std/private/miscdollars.nim', 524288, 0x00000000000001b6)
open('/home/runner/.choosenim/toolchains/nim-1.4.0/lib/std/private/miscdollars.nim', 524288, 0x00000000000001b6)
open('/home/runner/.choosenim/toolchains/nim-1.4.0/lib/system/iterators.nim', 2623488, 0x0000000000453f15)
open('/home/runner/.choosenim/toolchains/nim-1.4.0/lib/system/', 589824, 0x0000000000000000)
open('/home/runner/.choosenim/toolchains/nim-1.4.0/lib/system/iterators.nim', 524288, 0x00000000000001b6)
open('/home/runner/.choosenim/toolchains/nim-1.4.0/lib/system/iterators.nim', 524288, 0x00000000000001b6)
open('/home/runner/.choosenim/toolchains/nim-1.4.0/lib/system/iterators.nim', 2623488, 0x0000000000453f15)
open('/home/runner/.choosenim/toolchains/nim-1.4.0/lib/system/iterators.nim', 2623488, 0x0000000000453f15)
open('/home/runner/.choosenim/toolchains/nim-1.4.0/lib/system/iterators.nim', 2623488, 0x0000000000453f15)
open('/home/runner/.choosenim/toolchains/nim-1.4.0/lib/system/iterators.nim', 2623488, 0x0000000000453f15)
open('/home/runner/.choosenim/toolchains/nim-1.4.0/lib/system/gc_interface.nim', 2623488, 0x0000000000453f15)
open('/home/runner/.choosenim/toolchains/nim-1.4.0/lib/system/gc_interface.nim', 524288, 0x00000000000001b6)
open('/home/runner/.choosenim/toolchains/nim-1.4.0/lib/system/gc_interface.nim', 524288, 0x00000000000001b6)
open('/home/runner/.choosenim/toolchains/nim-1.4.0/lib/system/dollars.nim', 2623488, 0x0000000000453f15)
open('/home/runner/.choosenim/toolchains/nim-1.4.0/lib/system/', 589824, 0x0000000000000000)
open('/home/runner/.choosenim/toolchains/nim-1.4.0/lib/system/dollars.nim', 524288, 0x00000000000001b6)
open('/home/runner/.choosenim/toolchains/nim-1.4.0/lib/system/dollars.nim', 524288, 0x00000000000001b6)
open('/home/runner/.choosenim/toolchains/nim-1.4.0/lib/std/private/since.nim', 2623488, 0x00007ffde1481d40)
open('/home/runner/.choosenim/toolchains/nim-1.4.0/lib/std/private/since.nim', 2623488, 0x0000000000453f15)
open('/home/runner/.choosenim/toolchains/nim-1.4.0/lib/system/nimscript.nim', 2623488, 0x0000000000453f15)
open('/home/runner/.choosenim/toolchains/nim-1.4.0/lib/system/nimscript.nim', 524288, 0x00000000000001b6)
open('/home/runner/.choosenim/toolchains/nim-1.4.0/lib/system/nimscript.nim', 524288, 0x00000000000001b6)
open('/home/runner/.choosenim/toolchains/nim-1.4.0/lib/system/widestrs.nim', 2623488, 0x0000000000453f15)
open('/home/runner/.choosenim/toolchains/nim-1.4.0/lib/system/', 589824, 0x0000000000000000)
open('/home/runner/.choosenim/toolchains/nim-1.4.0/lib/system/widestrs.nim', 524288, 0x00000000000001b6)
open('/home/runner/.choosenim/toolchains/nim-1.4.0/lib/system/widestrs.nim', 524288, 0x00000000000001b6)
open('/home/runner/.choosenim/toolchains/nim-1.4.0/lib/system/io.nim', 2623488, 0x0000000000453f15)
open('/home/runner/.choosenim/toolchains/nim-1.4.0/lib/system/', 589824, 0x0000000000000000)
open('/home/runner/.choosenim/toolchains/nim-1.4.0/lib/system/io.nim', 524288, 0x00000000000001b6)
open('/home/runner/.choosenim/toolchains/nim-1.4.0/lib/system/io.nim', 524288, 0x00000000000001b6)
open('/home/runner/.choosenim/toolchains/nim-1.4.0/lib/system/inclrtl.nim', 2623488, 0x0000000000453f15)
open('/home/runner/.choosenim/toolchains/nim-1.4.0/lib/system/inclrtl.nim', 524288, 0x00000000000001b6)
open('/home/runner/.choosenim/toolchains/nim-1.4.0/lib/system/inclrtl.nim', 524288, 0x00000000000001b6)
open('/home/runner/.choosenim/toolchains/nim-1.4.0/lib/std/private/since.nim', 2623488, 0x00007ffde1481d40)
open('/home/runner/.choosenim/toolchains/nim-1.4.0/lib/std/private/since.nim', 2623488, 0x0000000000453f15)
open('/home/runner/.choosenim/toolchains/nim-1.4.0/lib/system/formatfloat.nim', 2623488, 0x0000000000453f15)
open('/home/runner/.choosenim/toolchains/nim-1.4.0/lib/system/', 589824, 0x0000000000000000)
open('/home/runner/.choosenim/toolchains/nim-1.4.0/lib/system/formatfloat.nim', 524288, 0x00000000000001b6)
open('/home/runner/.choosenim/toolchains/nim-1.4.0/lib/system/formatfloat.nim', 524288, 0x00000000000001b6)
open('/home/runner/.choosenim/toolchains/nim-1.4.0/config/config.nims', 524288, 0x00000000000001b6)
open('/home/runner/.choosenim/toolchains/nim-1.4.0/config/config.nims', 524288, 0x00000000000001b6)
open('/home/runner/.config/nim/nim.cfg', 524288, 0x00000000000001b6)
open('/nim.cfg', 524288, 0x00000000000001b6)
open('/tmp/nim.cfg', 524288, 0x00000000000001b6)
open('/tmp/nimblecache-946033505/nim.cfg', 524288, 0x00000000000001b6)
open('/tmp/nimblecache-946033505/opentdb_289513778/nim.cfg', 524288, 0x00000000000001b6)
open('/tmp/nimblecache-946033505/opentdb_289513778/opentdb.nim.cfg', 524288, 0x00000000000001b6)
open('/tmp/nimblecache-946033505/opentdb_289513778/opentdb.nims', 2623488, 0x0000000000453f15)
open('/tmp/nimblecache-946033505/opentdb_289513778/', 589824, 0x0000000000000000)
open('/tmp/nimblecache-946033505/', 589824, 0x0000000000000000)
open('/tmp/', 589824, 0x0000000000000000)
open('/', 589824, 0x0000000000000000)
open('/home/runner/.choosenim/toolchains/nim-1.4.0/lib/system.nim', 2623488, 0x0000000000453f15)
open('/home/runner/.choosenim/toolchains/nim-1.4.0/lib/system.nim', 524288, 0x00000000000001b6)
open('/home/runner/.choosenim/toolchains/nim-1.4.0/lib/system.nim', 524288, 0x00000000000001b6)
open('/home/runner/.choosenim/toolchains/nim-1.4.0/lib/system/basic_types.nim', 2623488, 0x0000000000453f15)
open('/home/runner/.choosenim/toolchains/nim-1.4.0/lib/system/basic_types.nim', 524288, 0x00000000000001b6)
open('/home/runner/.choosenim/toolchains/nim-1.4.0/lib/system/basic_types.nim', 524288, 0x00000000000001b6)
open('/home/runner/.choosenim/toolchains/nim-1.4.0/lib/system/arithmetics.nim', 2623488, 0x0000000000453f15)
open('/home/runner/.choosenim/toolchains/nim-1.4.0/lib/system/arithmetics.nim', 524288, 0x00000000000001b6)
open('/home/runner/.choosenim/toolchains/nim-1.4.0/lib/system/arithmetics.nim', 524288, 0x00000000000001b6)
open('/home/runner/.choosenim/toolchains/nim-1.4.0/lib/system/comparisons.nim', 2623488, 0x0000000000453f15)
open('/home/runner/.choosenim/toolchains/nim-1.4.0/lib/system/comparisons.nim', 524288, 0x00000000000001b6)
open('/home/runner/.choosenim/toolchains/nim-1.4.0/lib/system/comparisons.nim', 524288, 0x00000000000001b6)
open('/home/runner/.choosenim/toolchains/nim-1.4.0/lib/system/inclrtl.nim', 2623488, 0x0000000000453f15)
open('/home/runner/.choosenim/toolchains/nim-1.4.0/lib/system/inclrtl.nim', 524288, 0x00000000000001b6)
open('/home/runner/.choosenim/toolchains/nim-1.4.0/lib/system/inclrtl.nim', 524288, 0x00000000000001b6)
open('/home/runner/.choosenim/toolchains/nim-1.4.0/lib/system/exceptions.nim', 2623488, 0x0000000000453f15)
open('/home/runner/.choosenim/toolchains/nim-1.4.0/lib/system/exceptions.nim', 524288, 0x00000000000001b6)
open('/home/runner/.choosenim/toolchains/nim-1.4.0/lib/system/exceptions.nim', 524288, 0x00000000000001b6)
open('/home/runner/.choosenim/toolchains/nim-1.4.0/lib/system/setops.nim', 2623488, 0x0000000000453f15)
open('/home/runner/.choosenim/toolchains/nim-1.4.0/lib/system/setops.nim', 524288, 0x00000000000001b6)
open('/home/runner/.choosenim/toolchains/nim-1.4.0/lib/system/setops.nim', 524288, 0x00000000000001b6)
open('/home/runner/.choosenim/toolchains/nim-1.4.0/lib/std/private/since.nim', 2623488, 0x0000000000453f15)
open('/home/runner/.choosenim/toolchains/nim-1.4.0/lib/std/private/', 589824, 0x0000000000000000)
open('/home/runner/.choosenim/toolchains/nim-1.4.0/lib/std/', 589824, 0x0000000000000000)
open('/home/runner/.choosenim/toolchains/nim-1.4.0/lib/std/private/since.nim', 524288, 0x00000000000001b6)
open('/home/runner/.choosenim/toolchains/nim-1.4.0/lib/std/private/since.nim', 524288, 0x00000000000001b6)
open('/home/runner/.choosenim/toolchains/nim-1.4.0/lib/system/memalloc.nim', 2623488, 0x0000000000453f15)
open('/home/runner/.choosenim/toolchains/nim-1.4.0/lib/system/memalloc.nim', 524288, 0x00000000000001b6)
open('/home/runner/.choosenim/toolchains/nim-1.4.0/lib/system/memalloc.nim', 524288, 0x00000000000001b6)
open('/home/runner/.choosenim/toolchains/nim-1.4.0/lib/system/iterators_1.nim', 2623488, 0x0000000000453f15)
open('/home/runner/.choosenim/toolchains/nim-1.4.0/lib/system/iterators_1.nim', 524288, 0x00000000000001b6)
open('/home/runner/.choosenim/toolchains/nim-1.4.0/lib/system/iterators_1.nim', 524288, 0x00000000000001b6)
open('/home/runner/.choosenim/toolchains/nim-1.4.0/lib/system/fatal.nim', 2623488, 0x0000000000453f15)
open('/home/runner/.choosenim/toolchains/nim-1.4.0/lib/system/fatal.nim', 524288, 0x00000000000001b6)
open('/home/runner/.choosenim/toolchains/nim-1.4.0/lib/system/fatal.nim', 524288, 0x00000000000001b6)
open('/home/runner/.choosenim/toolchains/nim-1.4.0/lib/system/assertions.nim', 2623488, 0x0000000000453f15)
open('/home/runner/.choosenim/toolchains/nim-1.4.0/lib/system/', 589824, 0x0000000000000000)
open('/home/runner/.choosenim/toolchains/nim-1.4.0/lib/system/assertions.nim', 524288, 0x00000000000001b6)
open('/home/runner/.choosenim/toolchains/nim-1.4.0/lib/system/assertions.nim', 524288, 0x00000000000001b6)
open('/home/runner/.choosenim/toolchains/nim-1.4.0/lib/system/fatal.nim', 2623488, 0x00007ffde1481b50)
open('/home/runner/.choosenim/toolchains/nim-1.4.0/lib/system/fatal.nim', 2623488, 0x0000000000453f15)
open('/home/runner/.choosenim/toolchains/nim-1.4.0/lib/system/fatal.nim', 524288, 0x00000000000001b6)
open('/home/runner/.choosenim/toolchains/nim-1.4.0/lib/system/fatal.nim', 524288, 0x00000000000001b6)
open('/home/runner/.choosenim/toolchains/nim-1.4.0/lib/std/private/miscdollars.nim', 2623488, 0x00007ffde1481db0)
open('/home/runner/.choosenim/toolchains/nim-1.4.0/lib/std/private/miscdollars.nim', 2623488, 0x0000000000453f15)
open('/home/runner/.choosenim/toolchains/nim-1.4.0/lib/std/private/', 589824, 0x0000000000000000)
open('/home/runner/.choosenim/toolchains/nim-1.4.0/lib/std/', 589824, 0x0000000000000000)
open('/home/runner/.choosenim/toolchains/nim-1.4.0/lib/std/private/miscdollars.nim', 524288, 0x00000000000001b6)
open('/home/runner/.choosenim/toolchains/nim-1.4.0/lib/std/private/miscdollars.nim', 524288, 0x00000000000001b6)
open('/home/runner/.choosenim/toolchains/nim-1.4.0/lib/system/iterators.nim', 2623488, 0x0000000000453f15)
open('/home/runner/.choosenim/toolchains/nim-1.4.0/lib/system/', 589824, 0x0000000000000000)
open('/home/runner/.choosenim/toolchains/nim-1.4.0/lib/system/iterators.nim', 524288, 0x00000000000001b6)
open('/home/runner/.choosenim/toolchains/nim-1.4.0/lib/system/iterators.nim', 524288, 0x00000000000001b6)
open('/home/runner/.choosenim/toolchains/nim-1.4.0/lib/system/iterators.nim', 2623488, 0x0000000000453f15)
open('/home/runner/.choosenim/toolchains/nim-1.4.0/lib/system/iterators.nim', 2623488, 0x0000000000453f15)
open('/home/runner/.choosenim/toolchains/nim-1.4.0/lib/system/iterators.nim', 2623488, 0x0000000000453f15)
open('/home/runner/.choosenim/toolchains/nim-1.4.0/lib/system/iterators.nim', 2623488, 0x0000000000453f15)
open('/home/runner/.choosenim/toolchains/nim-1.4.0/lib/system/gc_interface.nim', 2623488, 0x0000000000453f15)
open('/home/runner/.choosenim/toolchains/nim-1.4.0/lib/system/gc_interface.nim', 524288, 0x00000000000001b6)
open('/home/runner/.choosenim/toolchains/nim-1.4.0/lib/system/gc_interface.nim', 524288, 0x00000000000001b6)
open('/home/runner/.choosenim/toolchains/nim-1.4.0/lib/system/dollars.nim', 2623488, 0x0000000000453f15)
open('/home/runner/.choosenim/toolchains/nim-1.4.0/lib/system/', 589824, 0x0000000000000000)
open('/home/runner/.choosenim/toolchains/nim-1.4.0/lib/system/dollars.nim', 524288, 0x00000000000001b6)
open('/home/runner/.choosenim/toolchains/nim-1.4.0/lib/system/dollars.nim', 524288, 0x00000000000001b6)
open('/home/runner/.choosenim/toolchains/nim-1.4.0/lib/std/private/since.nim', 2623488, 0x00007ffde1481db0)
open('/home/runner/.choosenim/toolchains/nim-1.4.0/lib/std/private/since.nim', 2623488, 0x0000000000453f15)
open('/home/runner/.choosenim/toolchains/nim-1.4.0/lib/system/nimscript.nim', 2623488, 0x0000000000453f15)
open('/home/runner/.choosenim/toolchains/nim-1.4.0/lib/system/nimscript.nim', 524288, 0x00000000000001b6)
open('/home/runner/.choosenim/toolchains/nim-1.4.0/lib/system/nimscript.nim', 524288, 0x00000000000001b6)
open('/home/runner/.choosenim/toolchains/nim-1.4.0/lib/system/widestrs.nim', 2623488, 0x0000000000453f15)
open('/home/runner/.choosenim/toolchains/nim-1.4.0/lib/system/', 589824, 0x0000000000000000)
open('/home/runner/.choosenim/toolchains/nim-1.4.0/lib/system/widestrs.nim', 524288, 0x00000000000001b6)
open('/home/runner/.choosenim/toolchains/nim-1.4.0/lib/system/widestrs.nim', 524288, 0x00000000000001b6)
open('/home/runner/.choosenim/toolchains/nim-1.4.0/lib/system/io.nim', 2623488, 0x0000000000453f15)
open('/home/runner/.choosenim/toolchains/nim-1.4.0/lib/system/', 589824, 0x0000000000000000)
open('/home/runner/.choosenim/toolchains/nim-1.4.0/lib/system/io.nim', 524288, 0x00000000000001b6)
open('/home/runner/.choosenim/toolchains/nim-1.4.0/lib/system/io.nim', 524288, 0x00000000000001b6)
open('/home/runner/.choosenim/toolchains/nim-1.4.0/lib/system/inclrtl.nim', 2623488, 0x0000000000453f15)
open('/home/runner/.choosenim/toolchains/nim-1.4.0/lib/system/inclrtl.nim', 524288, 0x00000000000001b6)
open('/home/runner/.choosenim/toolchains/nim-1.4.0/lib/system/inclrtl.nim', 524288, 0x00000000000001b6)
open('/home/runner/.choosenim/toolchains/nim-1.4.0/lib/std/private/since.nim', 2623488, 0x00007ffde1481db0)
open('/home/runner/.choosenim/toolchains/nim-1.4.0/lib/std/private/since.nim', 2623488, 0x0000000000453f15)
open('/home/runner/.choosenim/toolchains/nim-1.4.0/lib/system/formatfloat.nim', 2623488, 0x0000000000453f15)
open('/home/runner/.choosenim/toolchains/nim-1.4.0/lib/system/', 589824, 0x0000000000000000)
open('/home/runner/.choosenim/toolchains/nim-1.4.0/lib/system/formatfloat.nim', 524288, 0x00000000000001b6)
open('/home/runner/.choosenim/toolchains/nim-1.4.0/lib/system/formatfloat.nim', 524288, 0x00000000000001b6)
open('/tmp/nimblecache-946033505/opentdb_289513778/opentdb.nims', 524288, 0x00000000000001b6)
open('/tmp/nimblecache-946033505/opentdb_289513778/opentdb.nims', 524288, 0x00000000000001b6)
open('/home/runner/.choosenim/toolchains/nim-1.4.0/lib/system.nim', 2623488, 0x00007ffde1482460)
open('/home/runner/.choosenim/toolchains/nim-1.4.0/lib/system.nim', 2623488, 0x0000000000453f15)
open('/home/runner/.choosenim/toolchains/nim-1.4.0/lib/system.nim', 2623488, 0x00007ffde1482210)
open('/home/runner/.choosenim/toolchains/nim-1.4.0/lib/system.nim', 2623488, 0x0000000000453f15)
open('/home/runner/.choosenim/toolchains/nim-1.4.0/lib/pure/strutils.nim', 2623488, 0x00007ffde1482320)
open('/home/runner/.choosenim/toolchains/nim-1.4.0/lib/pure/strutils.nim', 2623488, 0x0000000000453f15)
open('/home/runner/.choosenim/toolchains/nim-1.4.0/lib/pure/', 589824, 0x0000000000000000)
open('/home/runner/.choosenim/toolchains/nim-1.4.0/lib/pure/strutils.nim', 524288, 0x00000000000001b6)
open('/home/runner/.choosenim/toolchains/nim-1.4.0/lib/pure/strutils.nim', 524288, 0x00000000000001b6)
open('/home/runner/.choosenim/toolchains/nim-1.4.0/lib/pure/parseutils.nim', 2623488, 0x0000000000453f15)
open('/home/runner/.choosenim/toolchains/nim-1.4.0/lib/pure/parseutils.nim', 2623488, 0x0000000000453f15)
open('/home/runner/.choosenim/toolchains/nim-1.4.0/lib/pure/', 589824, 0x0000000000000000)
open('/home/runner/.choosenim/toolchains/nim-1.4.0/lib/pure/parseutils.nim', 524288, 0x00000000000001b6)
open('/home/runner/.choosenim/toolchains/nim-1.4.0/lib/pure/parseutils.nim', 524288, 0x00000000000001b6)
open('/home/runner/.choosenim/toolchains/nim-1.4.0/lib/system/inclrtl.nim', 2623488, 0x00007ffde1481850)
open('/home/runner/.choosenim/toolchains/nim-1.4.0/lib/system/inclrtl.nim', 2623488, 0x0000000000453f15)
open('/home/runner/.choosenim/toolchains/nim-1.4.0/lib/system/inclrtl.nim', 524288, 0x00000000000001b6)
open('/home/runner/.choosenim/toolchains/nim-1.4.0/lib/system/inclrtl.nim', 524288, 0x00000000000001b6)
open('/home/runner/.choosenim/toolchains/nim-1.4.0/lib/pure/math.nim', 2623488, 0x0000000000453f15)
open('/home/runner/.choosenim/toolchains/nim-1.4.0/lib/pure/', 589824, 0x0000000000000000)
open('/home/runner/.choosenim/toolchains/nim-1.4.0/lib/pure/math.nim', 524288, 0x00000000000001b6)
open('/home/runner/.choosenim/toolchains/nim-1.4.0/lib/pure/math.nim', 524288, 0x00000000000001b6)
open('/home/runner/.choosenim/toolchains/nim-1.4.0/lib/std/private/since.nim', 2623488, 0x00007ffde1481920)
open('/home/runner/.choosenim/toolchains/nim-1.4.0/lib/std/private/since.nim', 2623488, 0x0000000000453f15)
open('/home/runner/.choosenim/toolchains/nim-1.4.0/lib/pure/bitops.nim', 2623488, 0x0000000000453f15)
open('/home/runner/.choosenim/toolchains/nim-1.4.0/lib/pure/', 589824, 0x0000000000000000)
open('/home/runner/.choosenim/toolchains/nim-1.4.0/lib/pure/bitops.nim', 524288, 0x00000000000001b6)
open('/home/runner/.choosenim/toolchains/nim-1.4.0/lib/pure/bitops.nim', 524288, 0x00000000000001b6)
open('/home/runner/.choosenim/toolchains/nim-1.4.0/lib/core/macros.nim', 2623488, 0x00007ffde1481550)
open('/home/runner/.choosenim/toolchains/nim-1.4.0/lib/core/macros.nim', 2623488, 0x0000000000453f15)
open('/home/runner/.choosenim/toolchains/nim-1.4.0/lib/core/macros.nim', 2623488, 0x00007ffde1481410)
open('/home/runner/.choosenim/toolchains/nim-1.4.0/lib/core/macros.nim', 2623488, 0x0000000000453f15)
open('/home/runner/.choosenim/toolchains/nim-1.4.0/lib/core/', 589824, 0x0000000000000000)
open('/home/runner/.choosenim/toolchains/nim-1.4.0/lib/core/macros.nim', 524288, 0x00000000000001b6)
open('/home/runner/.choosenim/toolchains/nim-1.4.0/lib/core/macros.nim', 524288, 0x00000000000001b6)
open('/home/runner/.choosenim/toolchains/nim-1.4.0/lib/system/inclrtl.nim', 2623488, 0x00007ffde1480e50)
open('/home/runner/.choosenim/toolchains/nim-1.4.0/lib/system/inclrtl.nim', 2623488, 0x0000000000453f15)
open('/home/runner/.choosenim/toolchains/nim-1.4.0/lib/system/inclrtl.nim', 524288, 0x00000000000001b6)
open('/home/runner/.choosenim/toolchains/nim-1.4.0/lib/system/inclrtl.nim', 524288, 0x00000000000001b6)
open('/home/runner/.choosenim/toolchains/nim-1.4.0/lib/std/private/since.nim', 2623488, 0x00007ffde1480f00)
open('/home/runner/.choosenim/toolchains/nim-1.4.0/lib/std/private/since.nim', 2623488, 0x0000000000453f15)
open('/home/runner/.choosenim/toolchains/nim-1.4.0/lib/core/macros.nim', 2623488, 0x0000000000453f15)
open('/home/runner/.choosenim/toolchains/nim-1.4.0/lib/core/macros.nim', 2623488, 0x0000000000453f15)
open('/home/runner/.choosenim/toolchains/nim-1.4.0/lib/std/private/since.nim', 2623488, 0x00007ffde1481410)
open('/home/runner/.choosenim/toolchains/nim-1.4.0/lib/std/private/since.nim', 2623488, 0x0000000000453f15)
open('/home/runner/.choosenim/toolchains/nim-1.4.0/lib/system/sets.nim', 2623488, 0x00007ffde1481360)
open('/home/runner/.choosenim/toolchains/nim-1.4.0/lib/system/sets.nim', 2623488, 0x0000000000453f15)
open('/home/runner/.choosenim/toolchains/nim-1.4.0/lib/system/sets.nim', 524288, 0x00000000000001b6)
open('/home/runner/.choosenim/toolchains/nim-1.4.0/lib/system/sets.nim', 524288, 0x00000000000001b6)
open('/home/runner/.choosenim/toolchains/nim-1.4.0/lib/pure/math.nim', 2623488, 0x0000000000453f15)
open('/home/runner/.choosenim/toolchains/nim-1.4.0/lib/pure/math.nim', 2623488, 0x0000000000453f15)
open('/home/runner/.choosenim/toolchains/nim-1.4.0/lib/pure/algorithm.nim', 2623488, 0x0000000000453f15)
open('/home/runner/.choosenim/toolchains/nim-1.4.0/lib/pure/', 589824, 0x0000000000000000)
open('/home/runner/.choosenim/toolchains/nim-1.4.0/lib/pure/algorithm.nim', 524288, 0x00000000000001b6)
open('/home/runner/.choosenim/toolchains/nim-1.4.0/lib/pure/algorithm.nim', 524288, 0x00000000000001b6)
open('/home/runner/.choosenim/toolchains/nim-1.4.0/lib/core/macros.nim', 2623488, 0x00007ffde1481e10)
open('/home/runner/.choosenim/toolchains/nim-1.4.0/lib/core/macros.nim', 2623488, 0x0000000000453f15)
open('/home/runner/.choosenim/toolchains/nim-1.4.0/lib/pure/unicode.nim', 2623488, 0x0000000000453f15)
open('/home/runner/.choosenim/toolchains/nim-1.4.0/lib/pure/', 589824, 0x0000000000000000)
open('/home/runner/.choosenim/toolchains/nim-1.4.0/lib/pure/unicode.nim', 524288, 0x00000000000001b6)
open('/home/runner/.choosenim/toolchains/nim-1.4.0/lib/pure/unicode.nim', 524288, 0x00000000000001b6)
open('/home/runner/.choosenim/toolchains/nim-1.4.0/lib/system/inclrtl.nim', 2623488, 0x00007ffde14815e0)
open('/home/runner/.choosenim/toolchains/nim-1.4.0/lib/system/inclrtl.nim', 2623488, 0x0000000000453f15)
open('/home/runner/.choosenim/toolchains/nim-1.4.0/lib/system/inclrtl.nim', 524288, 0x00000000000001b6)
open('/home/runner/.choosenim/toolchains/nim-1.4.0/lib/system/inclrtl.nim', 524288, 0x00000000000001b6)
open('/home/runner/.choosenim/toolchains/nim-1.4.0/lib/system/iterators.nim', 2623488, 0x0000000000453f15)
open('/home/runner/.choosenim/toolchains/nim-1.4.0/lib/pure/includes/unicode_ranges.nim', 2623488, 0x0000000000453f15)
open('/home/runner/.choosenim/toolchains/nim-1.4.0/lib/pure/includes/unicode_ranges.nim', 524288, 0x00000000000001b6)
open('/home/runner/.choosenim/toolchains/nim-1.4.0/lib/pure/includes/unicode_ranges.nim', 524288, 0x00000000000001b6)
open('/home/runner/.choosenim/toolchains/nim-1.4.0/lib/system/inclrtl.nim', 2623488, 0x00007ffde1481d60)
open('/home/runner/.choosenim/toolchains/nim-1.4.0/lib/system/inclrtl.nim', 2623488, 0x0000000000453f15)
open('/home/runner/.choosenim/toolchains/nim-1.4.0/lib/system/inclrtl.nim', 524288, 0x00000000000001b6)
open('/home/runner/.choosenim/toolchains/nim-1.4.0/lib/system/inclrtl.nim', 524288, 0x00000000000001b6)
open('/home/runner/.choosenim/toolchains/nim-1.4.0/lib/std/private/since.nim', 2623488, 0x00007ffde1481e10)
open('/home/runner/.choosenim/toolchains/nim-1.4.0/lib/std/private/since.nim', 2623488, 0x0000000000453f15)
open('/home/runner/.choosenim/toolchains/nim-1.4.0/lib/pure/strutils.nim', 2623488, 0x0000000000453f15)
open('/home/runner/.choosenim/toolchains/nim-1.4.0/lib/pure/strutils.nim', 2623488, 0x0000000000453f15)
open('/home/runner/.choosenim/toolchains/nim-1.4.0/lib/pure/strutils.nim', 2623488, 0x0000000000453f15)
open('/home/runner/.choosenim/toolchains/nim-1.4.0/lib/pure/strutils.nim', 2623488, 0x0000000000453f15)
open('/home/runner/.choosenim/toolchains/nim-1.4.0/lib/pure/strutils.nim', 2623488, 0x0000000000453f15)
open('/home/runner/.choosenim/toolchains/nim-1.4.0/lib/pure/strutils.nim', 2623488, 0x0000000000453f15)
open('/tmp/nimblecache-946033505/nimscriptapi_3847757198.nim', 2623488, 0x0000000000453f15)
open('/tmp/nimblecache-946033505/nimscriptapi_3847757198.nim', 524288, 0x00000000000001b6)
open('/tmp/nimblecache-946033505/nimscriptapi_3847757198.nim', 524288, 0x00000000000001b6)
open('/home/runner/.choosenim/toolchains/nim-1.4.0/lib/system.nim', 2623488, 0x00007ffde1481f50)
open('/home/runner/.choosenim/toolchains/nim-1.4.0/lib/system.nim', 2623488, 0x0000000000453f15)
open('/home/runner/.choosenim/toolchains/nim-1.4.0/lib/system.nim', 2623488, 0x00007ffde1481d00)
open('/home/runner/.choosenim/toolchains/nim-1.4.0/lib/system.nim', 2623488, 0x0000000000453f15)
open('/home/runner/.choosenim/toolchains/nim-1.4.0/lib/pure/strformat.nim', 2623488, 0x00007ffde1481e10)
open('/home/runner/.choosenim/toolchains/nim-1.4.0/lib/pure/strformat.nim', 2623488, 0x0000000000453f15)
open('/home/runner/.choosenim/toolchains/nim-1.4.0/lib/pure/', 589824, 0x0000000000000000)
open('/home/runner/.choosenim/toolchains/nim-1.4.0/lib/pure/strformat.nim', 524288, 0x00000000000001b6)
open('/home/runner/.choosenim/toolchains/nim-1.4.0/lib/pure/strformat.nim', 524288, 0x00000000000001b6)
open('/home/runner/.choosenim/toolchains/nim-1.4.0/lib/core/macros.nim', 2623488, 0x00007ffde1481a40)
open('/home/runner/.choosenim/toolchains/nim-1.4.0/lib/core/macros.nim', 2623488, 0x0000000000453f15)
open('/home/runner/.choosenim/toolchains/nim-1.4.0/lib/pure/parseutils.nim', 2623488, 0x0000000000453f15)
open('/home/runner/.choosenim/toolchains/nim-1.4.0/lib/pure/unicode.nim', 2623488, 0x0000000000453f15)
open('/home/runner/.choosenim/toolchains/nim-1.4.0/lib/core/macros.nim', 2623488, 0x00007ffde1481900)
open('/home/runner/.choosenim/toolchains/nim-1.4.0/lib/core/macros.nim', 2623488, 0x0000000000453f15)
open('/home/runner/.choosenim/toolchains/nim-1.4.0/lib/pure/parseutils.nim', 2623488, 0x0000000000453f15)
open('/home/runner/.choosenim/toolchains/nim-1.4.0/lib/pure/unicode.nim', 2623488, 0x0000000000453f15)
open('/home/runner/.choosenim/toolchains/nim-1.4.0/lib/pure/strutils.nim', 2623488, 0x0000000000453f15)
open('/home/runner/.choosenim/toolchains/nim-1.4.0/lib/pure/strformat.nim', 2623488, 0x0000000000453f15)
open('/home/runner/.choosenim/toolchains/nim-1.4.0/lib/pure/strformat.nim', 2623488, 0x0000000000453f15)
open('/home/runner/.choosenim/toolchains/nim-1.4.0/lib/pure/strformat.nim', 2623488, 0x0000000000453f15)
open('/home/runner/.choosenim/toolchains/nim-1.4.0/lib/pure/strutils.nim', 2623488, 0x00007ffde1481e10)
open('/home/runner/.choosenim/toolchains/nim-1.4.0/lib/pure/strutils.nim', 2623488, 0x0000000000453f15)
open('/home/runner/.choosenim/toolchains/nim-1.4.0/lib/pure/collections/tables.nim', 2623488, 0x00007ffde1481e10)
open('/home/runner/.choosenim/toolchains/nim-1.4.0/lib/pure/collections/tables.nim', 2623488, 0x0000000000453f15)
open('/home/runner/.choosenim/toolchains/nim-1.4.0/lib/pure/collections/', 589824, 0x0000000000000000)
open('/home/runner/.choosenim/toolchains/nim-1.4.0/lib/pure/', 589824, 0x0000000000000000)
open('/home/runner/.choosenim/toolchains/nim-1.4.0/lib/pure/collections/tables.nim', 524288, 0x00000000000001b6)
open('/home/runner/.choosenim/toolchains/nim-1.4.0/lib/pure/collections/tables.nim', 524288, 0x00000000000001b6)
open('/home/runner/.choosenim/toolchains/nim-1.4.0/lib/std/private/since.nim', 2623488, 0x00007ffde1481900)
open('/home/runner/.choosenim/toolchains/nim-1.4.0/lib/std/private/since.nim', 2623488, 0x0000000000453f15)
open('/home/runner/.choosenim/toolchains/nim-1.4.0/lib/pure/hashes.nim', 2623488, 0x00007ffde1481900)
open('/home/runner/.choosenim/toolchains/nim-1.4.0/lib/pure/hashes.nim', 2623488, 0x0000000000453f15)
open('/home/runner/.choosenim/toolchains/nim-1.4.0/lib/pure/', 589824, 0x0000000000000000)
open('/home/runner/.choosenim/toolchains/nim-1.4.0/lib/pure/hashes.nim', 524288, 0x00000000000001b6)
open('/home/runner/.choosenim/toolchains/nim-1.4.0/lib/pure/hashes.nim', 524288, 0x00000000000001b6)
open('/home/runner/.choosenim/toolchains/nim-1.4.0/lib/std/private/since.nim', 2623488, 0x00007ffde14813f0)
open('/home/runner/.choosenim/toolchains/nim-1.4.0/lib/std/private/since.nim', 2623488, 0x0000000000453f15)
open('/home/runner/.choosenim/toolchains/nim-1.4.0/lib/pure/hashes.nim', 2623488, 0x0000000000453f15)
open('/home/runner/.choosenim/toolchains/nim-1.4.0/lib/pure/hashes.nim', 2623488, 0x0000000000453f15)
open('/home/runner/.choosenim/toolchains/nim-1.4.0/lib/pure/hashes.nim', 2623488, 0x0000000000453f15)
open('/home/runner/.choosenim/toolchains/nim-1.4.0/lib/pure/math.nim', 2623488, 0x00007ffde1481900)
open('/home/runner/.choosenim/toolchains/nim-1.4.0/lib/pure/math.nim', 2623488, 0x0000000000453f15)
open('/home/runner/.choosenim/toolchains/nim-1.4.0/lib/pure/algorithm.nim', 2623488, 0x00007ffde1481900)
open('/home/runner/.choosenim/toolchains/nim-1.4.0/lib/pure/algorithm.nim', 2623488, 0x0000000000453f15)
open('/home/runner/.choosenim/toolchains/nim-1.4.0/lib/pure/collections/tableimpl.nim', 2623488, 0x0000000000453f15)
open('/home/runner/.choosenim/toolchains/nim-1.4.0/lib/pure/collections/tableimpl.nim', 524288, 0x00000000000001b6)
open('/home/runner/.choosenim/toolchains/nim-1.4.0/lib/pure/collections/tableimpl.nim', 524288, 0x00000000000001b6)
open('/home/runner/.choosenim/toolchains/nim-1.4.0/lib/pure/collections/hashcommon.nim', 2623488, 0x0000000000453f15)
open('/home/runner/.choosenim/toolchains/nim-1.4.0/lib/pure/collections/hashcommon.nim', 524288, 0x00000000000001b6)
open('/home/runner/.choosenim/toolchains/nim-1.4.0/lib/pure/collections/hashcommon.nim', 524288, 0x00000000000001b6)
open('/home/runner/.choosenim/toolchains/nim-1.4.0/lib/pure/os.nim', 2623488, 0x00007ffde1481b80)
open('/home/runner/.choosenim/toolchains/nim-1.4.0/lib/pure/os.nim', 2623488, 0x0000000000453f15)
open('/home/runner/.choosenim/toolchains/nim-1.4.0/lib/pure/', 589824, 0x0000000000000000)
open('/home/runner/.choosenim/toolchains/nim-1.4.0/lib/pure/os.nim', 524288, 0x00000000000001b6)
open('/home/runner/.choosenim/toolchains/nim-1.4.0/lib/pure/os.nim', 524288, 0x00000000000001b6)
open('/home/runner/.choosenim/toolchains/nim-1.4.0/lib/system/inclrtl.nim', 2623488, 0x00007ffde14815c0)
open('/home/runner/.choosenim/toolchains/nim-1.4.0/lib/system/inclrtl.nim', 2623488, 0x0000000000453f15)
open('/home/runner/.choosenim/toolchains/nim-1.4.0/lib/system/inclrtl.nim', 524288, 0x00000000000001b6)
open('/home/runner/.choosenim/toolchains/nim-1.4.0/lib/system/inclrtl.nim', 524288, 0x00000000000001b6)
open('/home/runner/.choosenim/toolchains/nim-1.4.0/lib/std/private/since.nim', 2623488, 0x00007ffde1481670)
open('/home/runner/.choosenim/toolchains/nim-1.4.0/lib/std/private/since.nim', 2623488, 0x0000000000453f15)
open('/home/runner/.choosenim/toolchains/nim-1.4.0/lib/pure/strutils.nim', 2623488, 0x0000000000453f15)
open('/home/runner/.choosenim/toolchains/nim-1.4.0/lib/pure/pathnorm.nim', 2623488, 0x0000000000453f15)
open('/home/runner/.choosenim/toolchains/nim-1.4.0/lib/pure/', 589824, 0x0000000000000000)
open('/home/runner/.choosenim/toolchains/nim-1.4.0/lib/pure/pathnorm.nim', 524288, 0x00000000000001b6)
open('/home/runner/.choosenim/toolchains/nim-1.4.0/lib/pure/pathnorm.nim', 524288, 0x00000000000001b6)
open('/home/runner/.choosenim/toolchains/nim-1.4.0/lib/pure/includes/osseps.nim', 2623488, 0x0000000000453f15)
open('/home/runner/.choosenim/toolchains/nim-1.4.0/lib/pure/includes/', 589824, 0x0000000000000000)
open('/home/runner/.choosenim/toolchains/nim-1.4.0/lib/pure/', 589824, 0x0000000000000000)
open('/home/runner/.choosenim/toolchains/nim-1.4.0/lib/pure/includes/osseps.nim', 524288, 0x00000000000001b6)
open('/home/runner/.choosenim/toolchains/nim-1.4.0/lib/pure/includes/osseps.nim', 524288, 0x00000000000001b6)
open('/home/runner/.choosenim/toolchains/nim-1.4.0/lib/pure/includes/osseps.nim', 2623488, 0x0000000000453f15)
open('/home/runner/.choosenim/toolchains/nim-1.4.0/lib/pure/includes/osseps.nim', 524288, 0x00000000000001b6)
open('/home/runner/.choosenim/toolchains/nim-1.4.0/lib/pure/includes/osseps.nim', 524288, 0x00000000000001b6)
open('/home/runner/.choosenim/toolchains/nim-1.4.0/lib/pure/includes/oserr.nim', 2623488, 0x0000000000453f15)
open('/home/runner/.choosenim/toolchains/nim-1.4.0/lib/pure/includes/oserr.nim', 524288, 0x00000000000001b6)
open('/home/runner/.choosenim/toolchains/nim-1.4.0/lib/pure/includes/oserr.nim', 524288, 0x00000000000001b6)
open('/home/runner/.choosenim/toolchains/nim-1.4.0/lib/system/iterators.nim', 2623488, 0x0000000000453f15)
open('/home/runner/.choosenim/toolchains/nim-1.4.0/lib/pure/collections/hashcommon.nim', 2623488, 0x0000000000453f15)
open('/home/runner/.choosenim/toolchains/nim-1.4.0/lib/pure/collections/tables.nim', 2623488, 0x0000000000453f15)
open('/home/runner/.choosenim/toolchains/nim-1.4.0/lib/system/iterators.nim', 2623488, 0x0000000000453f15)
open('/home/runner/.choosenim/toolchains/nim-1.4.0/lib/core/macros.nim', 2623488, 0x0000000000453f15)
open('/home/runner/.choosenim/toolchains/nim-1.4.0/lib/pure/collections/tables.nim', 2623488, 0x0000000000453f15)
open('/tmp/nimble_10195/githubcom_ire4ever1190nimopentmdb/opentdb.nimble', 2623488, 0x0000000000453f15)
open('/tmp/nimble_10195/githubcom_ire4ever1190nimopentmdb/opentdb.nimble', 524288, 0x00000000000001b6)
open('/tmp/nimble_10195/githubcom_ire4ever1190nimopentmdb/opentdb.nimble', 524288, 0x00000000000001b6)
open('/tmp/nimble_10195.out', 524865, 0x00000000000001b6)
writev(5, 0x00007ffde14823f0, 2)
open('/tmp/nimble_10195.out', 524288, 0x00000000000001b6)
unlink('/tmp/nimble_10195.out')
open('/tmp/nimblecache-946033505/opentdb_289513778/opentdb.ini', 524865, 0x00000000000001b6)
writev(3, 0x00007ffd183eca10, 2)
open('/tmp/nimblecache-946033505/opentdb_289513778/opentdb.ini', 524288, 0x00000000000001b6)
open('/tmp/nimble_10195/githubcom_ire4ever1190nimopentmdb/src', 589824, 0x0000000000000000)
open('/home/runner/.nimble', 2623488, 0x0000000000000000)
open('/tmp/nimble_10195/githubcom_ire4ever1190nimopentmdb/src/opentdb', 589824, 0x0000000000000000)
open('/tmp/nimble_10195/githubcom_ire4ever1190nimopentmdb', 589824, 0x0000000000000000)  Verifying dependencies for opentdb@1.0.2

open('/tmp/nimble_10195/githubcom_ire4ever1190nimopentmdb', 589824, 0x0000000000000000)
writev(1, 0x00007ffd183ec990, 2)
open('/home/runner/.nimble/pkgs', 589824, 0x0000000000000000)
open('/home/runner/.nimble/pkgs/ormin-0.1.0', 589824, 0x0000000000000000)
open('/home/runner/.nimble/pkgs/ormin-0.1.0/nimblemeta.json', 524288, 0x00000000000001b6)
open('/home/runner/.nimble/pkgs/hmac-0.1.9', 589824, 0x0000000000000000)
open('/home/runner/.nimble/pkgs/hmac-0.1.9/nimblemeta.json', 524288, 0x00000000000001b6)
open('/home/runner/.nimble/pkgs/opusenc-0.2.0', 589824, 0x0000000000000000)
open('/home/runner/.nimble/pkgs/opusenc-0.2.0/nimblemeta.json', 524288, 0x00000000000001b6)
open('/home/runner/.nimble/pkgs/oldwinapi-2.1.0', 589824, 0x0000000000000000)
open('/home/runner/.nimble/pkgs/oldwinapi-2.1.0/nimblemeta.json', 524288, 0x00000000000001b6)
open('/home/runner/.nimble/pkgs/base32-0.1.3', 589824, 0x0000000000000000)
open('/home/runner/.nimble/pkgs/base32-0.1.3/nimblemeta.json', 524288, 0x00000000000001b6)
open('/home/runner/.nimble/pkgs/open_elevation-0.1.5', 589824, 0x0000000000000000)
open('/home/runner/.nimble/pkgs/open_elevation-0.1.5/nimblemeta.json', 524288, 0x00000000000001b6)
open('/home/runner/.nimble/pkgs/oop_utils-0.1.0', 589824, 0x0000000000000000)
open('/home/runner/.nimble/pkgs/oop_utils-0.1.0/nimblemeta.json', 524288, 0x00000000000001b6)
open('/home/runner/.nimble/pkgs/npeg-0.23.2', 589824, 0x0000000000000000)
open('/home/runner/.nimble/pkgs/npeg-0.23.2/nimblemeta.json', 524288, 0x00000000000001b6)
open('/home/runner/.nimble/pkgs/openweathermap-0.1.0', 589824, 0x0000000000000000)
open('/home/runner/.nimble/pkgs/openweathermap-0.1.0/nimblemeta.json', 524288, 0x00000000000001b6)
open('/home/runner/.nimble/pkgs/onedrive-0.0.1', 589824, 0x0000000000000000)
open('/home/runner/.nimble/pkgs/onedrive-0.0.1/nimblemeta.json', 524288, 0x00000000000001b6)
open('/home/runner/.nimble/pkgs/nimSHA2-0.1.1', 589824, 0x0000000000000000)
open('/home/runner/.nimble/pkgs/nimSHA2-0.1.1/nimblemeta.json', 524288, 0x00000000000001b6)
open('/home/runner/.nimble/pkgs/optional_t-1.2.0', 589824, 0x0000000000000000)
open('/home/runner/.nimble/pkgs/optional_t-1.2.0/nimblemeta.json', 524288, 0x00000000000001b6)
open('/home/runner/.nimble/pkgs/jsbind-0.1.1', 589824, 0x0000000000000000)
open('/home/runner/.nimble/pkgs/jsbind-0.1.1/nimblemeta.json', 524288, 0x00000000000001b6)
open('/home/runner/.nimble/pkgs/darwin-0.1.0', 589824, 0x0000000000000000)
open('/home/runner/.nimble/pkgs/darwin-0.1.0/nimblemeta.json', 524288, 0x00000000000001b6)
open('/home/runner/.nimble/pkgs/osdialog-0.1.0', 589824, 0x0000000000000000)
open('/home/runner/.nimble/pkgs/osdialog-0.1.0/nimblemeta.json', 524288, 0x00000000000001b6)
open('/home/runner/.nimble/pkgs/openal-0.1.1', 589824, 0x0000000000000000)
open('/home/runner/.nimble/pkgs/openal-0.1.1/nimblemeta.json', 524288, 0x00000000000001b6)
open('/home/runner/.nimble/pkgs/oauth-0.10', 589824, 0x0000000000000000)
open('/home/runner/.nimble/pkgs/oauth-0.10/nimblemeta.json', 524288, 0x00000000000001b6)
open('/home/runner/.nimble/pkgs/osutil-0.2.0', 589824, 0x0000000000000000)
open('/home/runner/.nimble/pkgs/osutil-0.2.0/nimblemeta.json', 524288, 0x00000000000001b6)
open('/home/runner/.nimble/pkgs/opencv-0.1.0', 589824, 0x0000000000000000)
open('/home/runner/.nimble/pkgs/opencv-0.1.0/nimblemeta.json', 524288, 0x00000000000001b6)
open('/home/runner/.nimble/pkgs/owo-0.1.0', 589824, 0x0000000000000000)
open('/home/runner/.nimble/pkgs/owo-0.1.0/nimblemeta.json', 524288, 0x00000000000001b6)
open('/home/runner/.nimble/pkgs/foreach-1.0.2', 589824, 0x0000000000000000)
open('/home/runner/.nimble/pkgs/foreach-1.0.2/nimblemeta.json', 524288, 0x00000000000001b6)
open('/home/runner/.nimble/pkgs/opentdb-1.0.2', 589824, 0x0000000000000000)
open('/home/runner/.nimble/pkgs/opentdb-1.0.2/nimblemeta.json', 524288, 0x00000000000001b6)
open('/home/runner/.nimble/pkgs/rest-1.0.5', 589824, 0x0000000000000000)
open('/home/runner/.nimble/pkgs/rest-1.0.5/nimblemeta.json', 524288, 0x00000000000001b6)
open('/home/runner/.nimble/pkgs/openssl_evp-0.1.2', 589824, 0x0000000000000000)
open('/home/runner/.nimble/pkgs/openssl_evp-0.1.2/nimblemeta.json', 524288, 0x00000000000001b6)
open('/home/runner/.nimble/pkgs/osinfo-0.3.2', 589824, 0x0000000000000000)
open('/home/runner/.nimble/pkgs/osinfo-0.3.2/nimblemeta.json', 524288, 0x00000000000001b6)
open('/home/runner/.nimble/pkgs/omnilog-0.1.0', 589824, 0x0000000000000000)
open('/home/runner/.nimble/pkgs/omnilog-0.1.0/nimblemeta.json', 524288, 0x00000000000001b6)
open('/home/runner/.nimble/pkgs/openexchangerates-0.2.0', 589824, 0x0000000000000000)
open('/home/runner/.nimble/pkgs/openexchangerates-0.2.0/nimblemeta.json', 524288, 0x00000000000001b6)
open('/home/runner/.nimble/pkgs/overpass-0.2.5', 589824, 0x0000000000000000)
open('/home/runner/.nimble/pkgs/overpass-0.2.5/nimblemeta.json', 524288, 0x00000000000001b6)
open('/home/runner/.nimble/pkgs/oshostname-0.1.0', 589824, 0x0000000000000000)
open('/home/runner/.nimble/pkgs/oshostname-0.1.0/nimblemeta.json', 524288, 0x00000000000001b6)
open('/home/runner/.nimble/pkgs/xmltools-0.1.5', 589824, 0x0000000000000000)
open('/home/runner/.nimble/pkgs/xmltools-0.1.5/nimblemeta.json', 524288, 0x00000000000001b6)
open('/home/runner/.nimble/pkgs/cligen-1.2.2', 589824, 0x0000000000000000)
open('/home/runner/.nimble/pkgs/cligen-1.2.2/nimblemeta.json', 524288, 0x00000000000001b6)
open('/home/runner/.nimble/pkgs/opengl-1.2.6', 589824, 0x0000000000000000)
open('/home/runner/.nimble/pkgs/opengl-1.2.6/nimblemeta.json', 524288, 0x00000000000001b6)
open('/home/runner/.nimble/pkgs/values-0.1.1', 589824, 0x0000000000000000)
open('/home/runner/.nimble/pkgs/values-0.1.1/nimblemeta.json', 524288, 0x00000000000001b6)
open('/home/runner/.nimble/pkgs/osrm-0.1.5', 589824, 0x0000000000000000)
open('/home/runner/.nimble/pkgs/osrm-0.1.5/nimblemeta.json', 524288, 0x00000000000001b6)
open('/home/runner/.nimble/pkgs/oldgtk3-0.1.0', 589824, 0x0000000000000000)
open('/home/runner/.nimble/pkgs/oldgtk3-0.1.0/nimblemeta.json', 524288, 0x00000000000001b6)
open('/home/runner/.nimble/pkgs/x11-1.1', 589824, 0x0000000000000000)
open('/home/runner/.nimble/pkgs/x11-1.1/nimblemeta.json', 524288, 0x00000000000001b6)
open('/home/runner/.nimble/pkgs/omni_lang-0.2.3', 589824, 0x0000000000000000)
open('/home/runner/.nimble/pkgs/omni_lang-0.2.3/nimblemeta.json', 524288, 0x00000000000001b6)
open('/home/runner/.nimble/pkgs/sha1-1.1', 589824, 0x0000000000000000)
open('/home/runner/.nimble/pkgs/sha1-1.1/nimblemeta.json', 524288, 0x00000000000001b6)
open('/home/runner/.nimble/pkgs/opencl-1.0', 589824, 0x0000000000000000)
open('/home/runner/.nimble/pkgs/opencl-1.0/nimblemeta.json', 524288, 0x00000000000001b6)
open('/home/runner/.nimble/pkgs/OTP-0.1.1', 589824, 0x0000000000000000)
open('/home/runner/.nimble/pkgs/OTP-0.1.1/nimblemeta.json', 524288, 0x00000000000001b6)
open('/home/runner/.nimble/pkgs/oculus-1.0', 589824, 0x0000000000000000)
open('/home/runner/.nimble/pkgs/oculus-1.0/nimblemeta.json', 524288, 0x00000000000001b6)
open('/home/runner/.nimble/pkgs/packedjson-0.2.1', 589824, 0x0000000000000000)
open('/home/runner/.nimble/pkgs/packedjson-0.2.1/nimblemeta.json', 524288, 0x00000000000001b6)
open('/home/runner/.nimble/pkgs/openstreetmap-0.2.0', 589824, 0x0000000000000000)
open('/home/runner/.nimble/pkgs/openstreetmap-0.2.0/nimblemeta.json', 524288, 0x00000000000001b6)
open('/home/runner/.nimble/pkgs/optionsutils-1.2.0', 589824, 0x0000000000000000)
open('/home/runner/.nimble/pkgs/optionsutils-1.2.0/nimblemeta.json', 524288, 0x00000000000001b6)
open('/home/runner/.nimble/pkgs/openapi-3.2.2', 589824, 0x0000000000000000)
open('/home/runner/.nimble/pkgs/openapi-3.2.2/nimblemeta.json', 524288, 0x00000000000001b6)
open('/home/runner/.nimble/pkgs/oaitools-0.2.5', 589824, 0x0000000000000000)
open('/home/runner/.nimble/pkgs/oaitools-0.2.5/nimblemeta.json', 524288, 0x00000000000001b6)
open('/home/runner/.nimble/pkgs/os_files-0.1.2', 589824, 0x0000000000000000)
open('/home/runner/.nimble/pkgs/os_files-0.1.2/nimblemeta.json', 524288, 0x00000000000001b6)
open('/home/runner/.nimble/pkgs/nimfp-0.4.4', 589824, 0x0000000000000000)
open('/home/runner/.nimble/pkgs/nimfp-0.4.4/nimblemeta.json', 524288, 0x00000000000001b6) Installing opentdb@1.0.2
    Prompt: opentdb@1.0.2 already exists. Overwrite? -> [forced yes]

open('/home/runner/.nimble/pkgs/wasmrt-0.1.0', 589824, 0x0000000000000000)
open('/home/runner/.nimble/pkgs/wasmrt-0.1.0/nimblemeta.json', 524288, 0x00000000000001b6)
open('/home/runner/.nimble/pkgs/nimboost-0.5.5', 589824, 0x0000000000000000)
open('/home/runner/.nimble/pkgs/nimboost-0.5.5/nimblemeta.json', 524288, 0x00000000000001b6)
open('/home/runner/.nimble/pkgs/patty-0.3.4', 589824, 0x0000000000000000)
open('/home/runner/.nimble/pkgs/patty-0.3.4/nimblemeta.json', 524288, 0x00000000000001b6)
open('/home/runner/.nimble/pkgs/optionals-0.1.0', 589824, 0x0000000000000000)
open('/home/runner/.nimble/pkgs/optionals-0.1.0/nimblemeta.json', 524288, 0x00000000000001b6)
open('/home/runner/.nimble/pkgs/classy-0.0.3', 589824, 0x0000000000000000)
open('/home/runner/.nimble/pkgs/classy-0.0.3/nimblemeta.json', 524288, 0x00000000000001b6)
open('/home/runner/.nimble/pkgs/options-0.1.0', 589824, 0x0000000000000000)
open('/home/runner/.nimble/pkgs/options-0.1.0/nimblemeta.json', 524288, 0x00000000000001b6)
writev(1, 0x00007fff73514af0, 2)
writev(1, 0x00007fff73514ba0, 2)
writev(1, 0x00007fff73514ba0, 2)
writev(1, 0x00007fff73514ba0, 2)
writev(1, 0x00007ffd183ecdc0, 2)
writev(1, 0x00007ffd183ecd90, 2)
open('/home/runner/.nimble/pkgs/opentdb-1.0.2', 589824, 0x0000000000000000)
open('/home/runner/.nimble/pkgs/opentdb-1.0.2/opentdb.nimble', 524288, 0x00000000000001b6)
open('/tmp/nimblecache-946033505/opentdb_441176437/opentdb.ini', 524288, 0x00000000000001b6)
open('/home/runner/.nimble/pkgs/opentdb-1.0.2/src', 589824, 0x0000000000000000)
open('/home/runner/.nimble/pkgs/opentdb-1.0.2/nimblemeta.json', 524288, 0x00000000000001b6)
unlink('/home/runner/.nimble/pkgs/opentdb-1.0.2/opentdb/question.nim')
unlink('/home/runner/.nimble/pkgs/opentdb-1.0.2/opentdb.nim')
unlink('/home/runner/.nimble/pkgs/opentdb-1.0.2/opentdb/constants.nim')
unlink('/home/runner/.nimble/pkgs/opentdb-1.0.2/opentdb/submodule.nim')
unlink('/home/runner/.nimble/pkgs/opentdb-1.0.2/opentdb/categories.nim')
unlink('/home/runner/.nimble/pkgs/opentdb-1.0.2/opentdb.nimble')
unlink('/home/runner/.nimble/pkgs/opentdb-1.0.2/opentdb/questionType.nim')
unlink('/home/runner/.nimble/pkgs/opentdb-1.0.2/opentdb/questionCount.nim')
unlink('/home/runner/.nimble/pkgs/opentdb-1.0.2/nimblemeta.json')
open('/home/runner/.nimble/pkgs/opentdb-1.0.2', 589824, 0x0000000000000000)
open('/home/runner/.nimble/pkgs/opentdb-1.0.2/opentdb', 589824, 0x0000000000000000)
open('/home/runner/.nimble/pkgs/opentdb-1.0.2', 589824, 0x0000000000000000)
open('/home/runner/.nimble/pkgs/opentdb-1.0.2/opentdb', 589824, 0x0000000000000000)
rmdir('/home/runner/.nimble/pkgs/opentdb-1.0.2/opentdb')
rmdir('/home/runner/.nimble/pkgs/opentdb-1.0.2')
open('/home/runner/.nimble/pkgs', 589824, 0x0000000000000000)
open('/home/runner/.nimble/pkgs/ormin-0.1.0', 589824, 0x0000000000000000)
open('/home/runner/.nimble/pkgs/ormin-0.1.0/nimblemeta.json', 524288, 0x00000000000001b6)
open('/home/runner/.nimble/pkgs/hmac-0.1.9', 589824, 0x0000000000000000)
open('/home/runner/.nimble/pkgs/hmac-0.1.9/nimblemeta.json', 524288, 0x00000000000001b6)
open('/home/runner/.nimble/pkgs/opusenc-0.2.0', 589824, 0x0000000000000000)
open('/home/runner/.nimble/pkgs/opusenc-0.2.0/nimblemeta.json', 524288, 0x00000000000001b6)
open('/home/runner/.nimble/pkgs/oldwinapi-2.1.0', 589824, 0x0000000000000000)
open('/home/runner/.nimble/pkgs/oldwinapi-2.1.0/nimblemeta.json', 524288, 0x00000000000001b6)
open('/home/runner/.nimble/pkgs/base32-0.1.3', 589824, 0x0000000000000000)
open('/home/runner/.nimble/pkgs/base32-0.1.3/nimblemeta.json', 524288, 0x00000000000001b6)
open('/home/runner/.nimble/pkgs/open_elevation-0.1.5', 589824, 0x0000000000000000)
open('/home/runner/.nimble/pkgs/open_elevation-0.1.5/nimblemeta.json', 524288, 0x00000000000001b6)
open('/home/runner/.nimble/pkgs/oop_utils-0.1.0', 589824, 0x0000000000000000)
open('/home/runner/.nimble/pkgs/oop_utils-0.1.0/nimblemeta.json', 524288, 0x00000000000001b6)
open('/home/runner/.nimble/pkgs/npeg-0.23.2', 589824, 0x0000000000000000)
open('/home/runner/.nimble/pkgs/npeg-0.23.2/nimblemeta.json', 524288, 0x00000000000001b6)
open('/home/runner/.nimble/pkgs/openweathermap-0.1.0', 589824, 0x0000000000000000)
open('/home/runner/.nimble/pkgs/openweathermap-0.1.0/nimblemeta.json', 524288, 0x00000000000001b6)
open('/home/runner/.nimble/pkgs/onedrive-0.0.1', 589824, 0x0000000000000000)
open('/home/runner/.nimble/pkgs/onedrive-0.0.1/nimblemeta.json', 524288, 0x00000000000001b6)
open('/home/runner/.nimble/pkgs/nimSHA2-0.1.1', 589824, 0x0000000000000000)
open('/home/runner/.nimble/pkgs/nimSHA2-0.1.1/nimblemeta.json', 524288, 0x00000000000001b6)
open('/home/runner/.nimble/pkgs/optional_t-1.2.0', 589824, 0x0000000000000000)
open('/home/runner/.nimble/pkgs/optional_t-1.2.0/nimblemeta.json', 524288, 0x00000000000001b6)
open('/home/runner/.nimble/pkgs/jsbind-0.1.1', 589824, 0x0000000000000000)
open('/home/runner/.nimble/pkgs/jsbind-0.1.1/nimblemeta.json', 524288, 0x00000000000001b6)
open('/home/runner/.nimble/pkgs/darwin-0.1.0', 589824, 0x0000000000000000)
open('/home/runner/.nimble/pkgs/darwin-0.1.0/nimblemeta.json', 524288, 0x00000000000001b6)
open('/home/runner/.nimble/pkgs/osdialog-0.1.0', 589824, 0x0000000000000000)
open('/home/runner/.nimble/pkgs/osdialog-0.1.0/nimblemeta.json', 524288, 0x00000000000001b6)
open('/home/runner/.nimble/pkgs/openal-0.1.1', 589824, 0x0000000000000000)
open('/home/runner/.nimble/pkgs/openal-0.1.1/nimblemeta.json', 524288, 0x00000000000001b6)
open('/home/runner/.nimble/pkgs/oauth-0.10', 589824, 0x0000000000000000)
open('/home/runner/.nimble/pkgs/oauth-0.10/nimblemeta.json', 524288, 0x00000000000001b6)
open('/home/runner/.nimble/pkgs/osutil-0.2.0', 589824, 0x0000000000000000)
open('/home/runner/.nimble/pkgs/osutil-0.2.0/nimblemeta.json', 524288, 0x00000000000001b6)
open('/home/runner/.nimble/pkgs/opencv-0.1.0', 589824, 0x0000000000000000)
open('/home/runner/.nimble/pkgs/opencv-0.1.0/nimblemeta.json', 524288, 0x00000000000001b6)
open('/home/runner/.nimble/pkgs/owo-0.1.0', 589824, 0x0000000000000000)
open('/home/runner/.nimble/pkgs/owo-0.1.0/nimblemeta.json', 524288, 0x00000000000001b6)
open('/home/runner/.nimble/pkgs/foreach-1.0.2', 589824, 0x0000000000000000)
open('/home/runner/.nimble/pkgs/foreach-1.0.2/nimblemeta.json', 524288, 0x00000000000001b6)
open('/home/runner/.nimble/pkgs/rest-1.0.5', 589824, 0x0000000000000000)
open('/home/runner/.nimble/pkgs/rest-1.0.5/nimblemeta.json', 524288, 0x00000000000001b6)
open('/home/runner/.nimble/pkgs/openssl_evp-0.1.2', 589824, 0x0000000000000000)
open('/home/runner/.nimble/pkgs/openssl_evp-0.1.2/nimblemeta.json', 524288, 0x00000000000001b6)
open('/home/runner/.nimble/pkgs/osinfo-0.3.2', 589824, 0x0000000000000000)
open('/home/runner/.nimble/pkgs/osinfo-0.3.2/nimblemeta.json', 524288, 0x00000000000001b6)
open('/home/runner/.nimble/pkgs/omnilog-0.1.0', 589824, 0x0000000000000000)
open('/home/runner/.nimble/pkgs/omnilog-0.1.0/nimblemeta.json', 524288, 0x00000000000001b6)
open('/home/runner/.nimble/pkgs/openexchangerates-0.2.0', 589824, 0x0000000000000000)
open('/home/runner/.nimble/pkgs/openexchangerates-0.2.0/nimblemeta.json', 524288, 0x00000000000001b6)
open('/home/runner/.nimble/pkgs/overpass-0.2.5', 589824, 0x0000000000000000)
open('/home/runner/.nimble/pkgs/overpass-0.2.5/nimblemeta.json', 524288, 0x00000000000001b6)
open('/home/runner/.nimble/pkgs/oshostname-0.1.0', 589824, 0x0000000000000000)
open('/home/runner/.nimble/pkgs/oshostname-0.1.0/nimblemeta.json', 524288, 0x00000000000001b6)
open('/home/runner/.nimble/pkgs/xmltools-0.1.5', 589824, 0x0000000000000000)
open('/home/runner/.nimble/pkgs/xmltools-0.1.5/nimblemeta.json', 524288, 0x00000000000001b6)
open('/home/runner/.nimble/pkgs/cligen-1.2.2', 589824, 0x0000000000000000)
open('/home/runner/.nimble/pkgs/cligen-1.2.2/nimblemeta.json', 524288, 0x00000000000001b6)
open('/home/runner/.nimble/pkgs/opengl-1.2.6', 589824, 0x0000000000000000)
open('/home/runner/.nimble/pkgs/opengl-1.2.6/nimblemeta.json', 524288, 0x00000000000001b6)
open('/home/runner/.nimble/pkgs/values-0.1.1', 589824, 0x0000000000000000)
open('/home/runner/.nimble/pkgs/values-0.1.1/nimblemeta.json', 524288, 0x00000000000001b6)
open('/home/runner/.nimble/pkgs/osrm-0.1.5', 589824, 0x0000000000000000)    Copying file /tmp/nimble_10195/githubcom_ire4ever1190nimopentmdb/src/opentdb/categories.nim to /home/runner/.nimble/pkgs/opentdb-1.0.2/opentdb/categories.nim
    Copying file /tmp/nimble_10195/githubcom_ire4ever1190nimopentmdb/src/opentdb/questionType.nim to /home/runner/.nimble/pkgs/opentdb-1.0.2/opentdb/questionType.nim
    Copying file /tmp/nimble_10195/githubcom_ire4ever1190nimopentmdb/src/opentdb/question.nim to /home/runner/.nimble/pkgs/opentdb-1.0.2/opentdb/question.nim
    Copying file /tmp/nimble_10195/githubcom_ire4ever1190nimopentmdb/src/opentdb/questionCount.nim to /home/runner/.nimble/pkgs/opentdb-1.0.2/opentdb/questionCount.nim
    Copying file /tmp/nimble_10195/githubcom_ire4ever1190nimopentmdb/src/opentdb/constants.nim to /home/runner/.nimble/pkgs/opentdb-1.0.2/opentdb/constants.nim
    Copying file /tmp/nimble_10195/githubcom_ire4ever1190nimopentmdb/src/opentdb/submodule.nim to /home/runner/.nimble/pkgs/opentdb-1.0.2/opentdb/submodule.nim

open('/home/runner/.nimble/pkgs/osrm-0.1.5/nimblemeta.json', 524288, 0x00000000000001b6)
open('/home/runner/.nimble/pkgs/oldgtk3-0.1.0', 589824, 0x0000000000000000)
open('/home/runner/.nimble/pkgs/oldgtk3-0.1.0/nimblemeta.json', 524288, 0x00000000000001b6)
open('/home/runner/.nimble/pkgs/x11-1.1', 589824, 0x0000000000000000)
open('/home/runner/.nimble/pkgs/x11-1.1/nimblemeta.json', 524288, 0x00000000000001b6)
open('/home/runner/.nimble/pkgs/omni_lang-0.2.3', 589824, 0x0000000000000000)
open('/home/runner/.nimble/pkgs/omni_lang-0.2.3/nimblemeta.json', 524288, 0x00000000000001b6)
open('/home/runner/.nimble/pkgs/sha1-1.1', 589824, 0x0000000000000000)
open('/home/runner/.nimble/pkgs/sha1-1.1/nimblemeta.json', 524288, 0x00000000000001b6)
open('/home/runner/.nimble/pkgs/opencl-1.0', 589824, 0x0000000000000000)
open('/home/runner/.nimble/pkgs/opencl-1.0/nimblemeta.json', 524288, 0x00000000000001b6)
open('/home/runner/.nimble/pkgs/OTP-0.1.1', 589824, 0x0000000000000000)
open('/home/runner/.nimble/pkgs/OTP-0.1.1/nimblemeta.json', 524288, 0x00000000000001b6)
open('/home/runner/.nimble/pkgs/oculus-1.0', 589824, 0x0000000000000000)
open('/home/runner/.nimble/pkgs/oculus-1.0/nimblemeta.json', 524288, 0x00000000000001b6)
open('/home/runner/.nimble/pkgs/packedjson-0.2.1', 589824, 0x0000000000000000)
open('/home/runner/.nimble/pkgs/packedjson-0.2.1/nimblemeta.json', 524288, 0x00000000000001b6)
open('/home/runner/.nimble/pkgs/openstreetmap-0.2.0', 589824, 0x0000000000000000)
open('/home/runner/.nimble/pkgs/openstreetmap-0.2.0/nimblemeta.json', 524288, 0x00000000000001b6)
open('/home/runner/.nimble/pkgs/optionsutils-1.2.0', 589824, 0x0000000000000000)
open('/home/runner/.nimble/pkgs/optionsutils-1.2.0/nimblemeta.json', 524288, 0x00000000000001b6)
open('/home/runner/.nimble/pkgs/openapi-3.2.2', 589824, 0x0000000000000000)
open('/home/runner/.nimble/pkgs/openapi-3.2.2/nimblemeta.json', 524288, 0x00000000000001b6)
open('/home/runner/.nimble/pkgs/oaitools-0.2.5', 589824, 0x0000000000000000)
open('/home/runner/.nimble/pkgs/oaitools-0.2.5/nimblemeta.json', 524288, 0x00000000000001b6)
open('/home/runner/.nimble/pkgs/os_files-0.1.2', 589824, 0x0000000000000000)
open('/home/runner/.nimble/pkgs/os_files-0.1.2/nimblemeta.json', 524288, 0x00000000000001b6)
open('/home/runner/.nimble/pkgs/nimfp-0.4.4', 589824, 0x0000000000000000)
open('/home/runner/.nimble/pkgs/nimfp-0.4.4/nimblemeta.json', 524288, 0x00000000000001b6)
open('/home/runner/.nimble/pkgs/wasmrt-0.1.0', 589824, 0x0000000000000000)
open('/home/runner/.nimble/pkgs/wasmrt-0.1.0/nimblemeta.json', 524288, 0x00000000000001b6)
open('/home/runner/.nimble/pkgs/nimboost-0.5.5', 589824, 0x0000000000000000)
open('/home/runner/.nimble/pkgs/nimboost-0.5.5/nimblemeta.json', 524288, 0x00000000000001b6)
open('/home/runner/.nimble/pkgs/patty-0.3.4', 589824, 0x0000000000000000)
open('/home/runner/.nimble/pkgs/patty-0.3.4/nimblemeta.json', 524288, 0x00000000000001b6)
open('/home/runner/.nimble/pkgs/optionals-0.1.0', 589824, 0x0000000000000000)
open('/home/runner/.nimble/pkgs/optionals-0.1.0/nimblemeta.json', 524288, 0x00000000000001b6)
open('/home/runner/.nimble/pkgs/classy-0.0.3', 589824, 0x0000000000000000)
open('/home/runner/.nimble/pkgs/classy-0.0.3/nimblemeta.json', 524288, 0x00000000000001b6)
open('/home/runner/.nimble/pkgs/options-0.1.0', 589824, 0x0000000000000000)
open('/home/runner/.nimble/pkgs/options-0.1.0/nimblemeta.json', 524288, 0x00000000000001b6)
mkdir('/home', 0x00000000000001ff)
mkdir('/home/runner', 0x00000000000001ff)
mkdir('/home/runner/.nimble', 0x00000000000001ff)
mkdir('/home/runner/.nimble/pkgs', 0x00000000000001ff)
mkdir('/home/runner/.nimble/pkgs/opentdb-1.0.2', 0x00000000000001ff)
open('/tmp/nimble_10195/githubcom_ire4ever1190nimopentmdb/src', 589824, 0x0000000000000000)
open('/home/runner/.nimble', 2623488, 0x0000000000000000)
open('/tmp/nimble_10195/githubcom_ire4ever1190nimopentmdb/src/opentdb', 589824, 0x0000000000000000)
mkdir('/home', 0x00000000000001ff)
mkdir('/home/runner', 0x00000000000001ff)
mkdir('/home/runner/.nimble', 0x00000000000001ff)
mkdir('/home/runner/.nimble/pkgs', 0x00000000000001ff)
mkdir('/home/runner/.nimble/pkgs/opentdb-1.0.2', 0x00000000000001ff)
mkdir('/home/runner/.nimble/pkgs/opentdb-1.0.2/opentdb', 0x00000000000001ff)
writev(1, 0x00007ffd183ec910, 2)
open('/tmp/nimble_10195/githubcom_ire4ever1190nimopentmdb/src/opentdb/categories.nim', 524288, 0x00000000000001b6)
open('/home/runner/.nimble/pkgs/opentdb-1.0.2/opentdb/categories.nim', 524865, 0x00000000000001b6)
writev(6, 0x00007ffd183ec830, 2)
chmod('/home/runner/.nimble/pkgs/opentdb-1.0.2/opentdb/categories.nim', 0x00000000000001a4)
mkdir('/home', 0x00000000000001ff)
mkdir('/home/runner', 0x00000000000001ff)
mkdir('/home/runner/.nimble', 0x00000000000001ff)
mkdir('/home/runner/.nimble/pkgs', 0x00000000000001ff)
mkdir('/home/runner/.nimble/pkgs/opentdb-1.0.2', 0x00000000000001ff)
mkdir('/home/runner/.nimble/pkgs/opentdb-1.0.2/opentdb', 0x00000000000001ff)
writev(1, 0x00007ffd183ec910, 2)
open('/tmp/nimble_10195/githubcom_ire4ever1190nimopentmdb/src/opentdb/questionType.nim', 524288, 0x00000000000001b6)
open('/home/runner/.nimble/pkgs/opentdb-1.0.2/opentdb/questionType.nim', 524865, 0x00000000000001b6)
writev(6, 0x00007ffd183ec870, 2)
chmod('/home/runner/.nimble/pkgs/opentdb-1.0.2/opentdb/questionType.nim', 0x00000000000001a4)
mkdir('/home', 0x00000000000001ff)
mkdir('/home/runner', 0x00000000000001ff)
mkdir('/home/runner/.nimble', 0x00000000000001ff)
mkdir('/home/runner/.nimble/pkgs', 0x00000000000001ff)
mkdir('/home/runner/.nimble/pkgs/opentdb-1.0.2', 0x00000000000001ff)
mkdir('/home/runner/.nimble/pkgs/opentdb-1.0.2/opentdb', 0x00000000000001ff)
writev(1, 0x00007ffd183ec910, 2)
open('/tmp/nimble_10195/githubcom_ire4ever1190nimopentmdb/src/opentdb/question.nim', 524288, 0x00000000000001b6)
open('/home/runner/.nimble/pkgs/opentdb-1.0.2/opentdb/question.nim', 524865, 0x00000000000001b6)
writev(6, 0x00007ffd183ec870, 2)
chmod('/home/runner/.nimble/pkgs/opentdb-1.0.2/opentdb/question.nim', 0x00000000000001a4)
mkdir('/home', 0x00000000000001ff)
mkdir('/home/runner', 0x00000000000001ff)
mkdir('/home/runner/.nimble', 0x00000000000001ff)
mkdir('/home/runner/.nimble/pkgs', 0x00000000000001ff)
mkdir('/home/runner/.nimble/pkgs/opentdb-1.0.2', 0x00000000000001ff)
mkdir('/home/runner/.nimble/pkgs/opentdb-1.0.2/opentdb', 0x00000000000001ff)
writev(1, 0x00007ffd183ec910, 2)
open('/tmp/nimble_10195/githubcom_ire4ever1190nimopentmdb/src/opentdb/questionCount.nim', 524288, 0x00000000000001b6)
open('/home/runner/.nimble/pkgs/opentdb-1.0.2/opentdb/questionCount.nim', 524865, 0x00000000000001b6)
writev(6, 0x00007ffd183ec870, 2)
chmod('/home/runner/.nimble/pkgs/opentdb-1.0.2/opentdb/questionCount.nim', 0x00000000000001a4)
mkdir('/home', 0x00000000000001ff)
mkdir('/home/runner', 0x00000000000001ff)
mkdir('/home/runner/.nimble', 0x00000000000001ff)
mkdir('/home/runner/.nimble/pkgs', 0x00000000000001ff)
mkdir('/home/runner/.nimble/pkgs/opentdb-1.0.2', 0x00000000000001ff)
mkdir('/home/runner/.nimble/pkgs/opentdb-1.0.2/opentdb', 0x00000000000001ff)
writev(1, 0x00007ffd183ec910, 2)
open('/tmp/nimble_10195/githubcom_ire4ever1190nimopentmdb/src/opentdb/constants.nim', 524288, 0x00000000000001b6)
open('/home/runner/.nimble/pkgs/opentdb-1.0.2/opentdb/constants.nim', 524865, 0x00000000000001b6)
writev(6, 0x00007ffd183ec870, 2)
chmod('/home/runner/.nimble/pkgs/opentdb-1.0.2/opentdb/constants.nim', 0x00000000000001a4)
mkdir('/home', 0x00000000000001ff)
mkdir('/home/runner', 0x00000000000001ff)
mkdir('/home/runner/.nimble', 0x00000000000001ff)
mkdir('/home/runner/.nimble/pkgs', 0x00000000000001ff)
mkdir('/home/runner/.nimble/pkgs/opentdb-1.0.2', 0x00000000000001ff)
mkdir('/home/runner/.nimble/pkgs/opentdb-1.0.2/opentdb', 0x00000000000001ff)
writev(1, 0x00007ffd183ec910, 2)
open('/tmp/nimble_10195/githubcom_ire4ever1190nimopentmdb/src/opentdb/submodule.nim', 524288, 0x00000000000001b6)
open('/home/runner/.nimble/pkgs/opentdb-1.0.2/opentdb/submodule.nim', 524865, 0x00000000000001b6)
writev(6, 0x00007ffd183ec870, 2)
chmod('/home/runner/.nimble/pkgs/opentdb-1.0.2/opentdb/submodule.nim', 0x00000000000001a4)
mkdir('/home', 0x00000000000001ff)
mkdir('/home/runner', 0x00000000000001ff)    Copying file /tmp/nimble_10195/githubcom_ire4ever1190nimopentmdb/src/opentdb.nim to /home/runner/.nimble/pkgs/opentdb-1.0.2/opentdb.nim
    Copying file /tmp/nimble_10195/githubcom_ire4ever1190nimopentmdb/opentdb.nimble to /home/runner/.nimble/pkgs/opentdb-1.0.2/opentdb.nimble
   Success: opentdb installed successfully.

mkdir('/home/runner/.nimble', 0x00000000000001ff)
mkdir('/home/runner/.nimble/pkgs', 0x00000000000001ff)
mkdir('/home/runner/.nimble/pkgs/opentdb-1.0.2', 0x00000000000001ff)
writev(1, 0x00007ffd183ecb30, 2)
open('/tmp/nimble_10195/githubcom_ire4ever1190nimopentmdb/src/opentdb.nim', 524288, 0x00000000000001b6)
open('/home/runner/.nimble/pkgs/opentdb-1.0.2/opentdb.nim', 524865, 0x00000000000001b6)
writev(5, 0x00007ffd183eca50, 2)
chmod('/home/runner/.nimble/pkgs/opentdb-1.0.2/opentdb.nim', 0x00000000000001a4)
writev(1, 0x00007ffd183ecd90, 2)
open('/tmp/nimble_10195/githubcom_ire4ever1190nimopentmdb/opentdb.nimble', 524288, 0x00000000000001b6)
open('/home/runner/.nimble/pkgs/opentdb-1.0.2/opentdb.nimble', 524865, 0x00000000000001b6)
writev(4, 0x00007ffd183eccf0, 2)
chmod('/home/runner/.nimble/pkgs/opentdb-1.0.2/opentdb.nimble', 0x00000000000001a4)
open('/home/runner/.nimble/pkgs/opentdb-1.0.2/nimblemeta.json', 524865, 0x00000000000001b6)
writev(3, 0x00007ffd183ecc20, 2)
open('/home/runner/.nimble/nimbledata.json', 524865, 0x00000000000001b6)
writev(3, 0x00007ffd183ecc90, 2)
writev(1, 0x00007ffd183ecdc0, 2)
open('/home/runner/.nimble/pkgs/opentdb-1.0.2', 589824, 0x0000000000000000)
open('/tmp/nimble_10195', 589824, 0x0000000000000000)
open('/tmp/nimble_10195/githubcom_ire4ever1190nimopentmdb', 589824, 0x0000000000000000)
open('/tmp/nimble_10195/githubcom_ire4ever1190nimopentmdb/docs', 589824, 0x0000000000000000)
unlink('/tmp/nimble_10195/githubcom_ire4ever1190nimopentmdb/docs/opentdb.html')
open('/tmp/nimble_10195/githubcom_ire4ever1190nimopentmdb/docs/opentdb', 589824, 0x0000000000000000)
unlink('/tmp/nimble_10195/githubcom_ire4ever1190nimopentmdb/docs/opentdb/constants.idx')
unlink('/tmp/nimble_10195/githubcom_ire4ever1190nimopentmdb/docs/opentdb/constants.html')
rmdir('/tmp/nimble_10195/githubcom_ire4ever1190nimopentmdb/docs/opentdb')
unlink('/tmp/nimble_10195/githubcom_ire4ever1190nimopentmdb/docs/nimdoc.out.css')
unlink('/tmp/nimble_10195/githubcom_ire4ever1190nimopentmdb/docs/dochack.js')
unlink('/tmp/nimble_10195/githubcom_ire4ever1190nimopentmdb/docs/theindex.html')
unlink('/tmp/nimble_10195/githubcom_ire4ever1190nimopentmdb/docs/opentdb.idx')
unlink('/tmp/nimble_10195/githubcom_ire4ever1190nimopentmdb/docs/index.html')
rmdir('/tmp/nimble_10195/githubcom_ire4ever1190nimopentmdb/docs')
unlink('/tmp/nimble_10195/githubcom_ire4ever1190nimopentmdb/opentdb.nimble')
open('/tmp/nimble_10195/githubcom_ire4ever1190nimopentmdb/.git', 589824, 0x0000000000000000)
open('/tmp/nimble_10195/githubcom_ire4ever1190nimopentmdb/.git/refs', 589824, 0x0000000000000000)
open('/tmp/nimble_10195/githubcom_ire4ever1190nimopentmdb/.git/refs/heads', 589824, 0x0000000000000000)
rmdir('/tmp/nimble_10195/githubcom_ire4ever1190nimopentmdb/.git/refs/heads')
open('/tmp/nimble_10195/githubcom_ire4ever1190nimopentmdb/.git/refs/tags', 589824, 0x0000000000000000)
rmdir('/tmp/nimble_10195/githubcom_ire4ever1190nimopentmdb/.git/refs/tags')
rmdir('/tmp/nimble_10195/githubcom_ire4ever1190nimopentmdb/.git/refs')
unlink('/tmp/nimble_10195/githubcom_ire4ever1190nimopentmdb/.git/HEAD')
open('/tmp/nimble_10195/githubcom_ire4ever1190nimopentmdb/.git/logs', 589824, 0x0000000000000000)
unlink('/tmp/nimble_10195/githubcom_ire4ever1190nimopentmdb/.git/logs/HEAD')
rmdir('/tmp/nimble_10195/githubcom_ire4ever1190nimopentmdb/.git/logs')
unlink('/tmp/nimble_10195/githubcom_ire4ever1190nimopentmdb/.git/index')
open('/tmp/nimble_10195/githubcom_ire4ever1190nimopentmdb/.git/branches', 589824, 0x0000000000000000)
rmdir('/tmp/nimble_10195/githubcom_ire4ever1190nimopentmdb/.git/branches')
unlink('/tmp/nimble_10195/githubcom_ire4ever1190nimopentmdb/.git/config')
open('/tmp/nimble_10195/githubcom_ire4ever1190nimopentmdb/.git/objects', 589824, 0x0000000000000000)
open('/tmp/nimble_10195/githubcom_ire4ever1190nimopentmdb/.git/objects/pack', 589824, 0x0000000000000000)
unlink('/tmp/nimble_10195/githubcom_ire4ever1190nimopentmdb/.git/objects/pack/pack-ef31d47b9b6d8d93d03c089c4eb74695528c986c.idx')
unlink('/tmp/nimble_10195/githubcom_ire4ever1190nimopentmdb/.git/objects/pack/pack-ef31d47b9b6d8d93d03c089c4eb74695528c986c.pack')
rmdir('/tmp/nimble_10195/githubcom_ire4ever1190nimopentmdb/.git/objects/pack')
open('/tmp/nimble_10195/githubcom_ire4ever1190nimopentmdb/.git/objects/info', 589824, 0x0000000000000000)
rmdir('/tmp/nimble_10195/githubcom_ire4ever1190nimopentmdb/.git/objects/info')
rmdir('/tmp/nimble_10195/githubcom_ire4ever1190nimopentmdb/.git/objects')
unlink('/tmp/nimble_10195/githubcom_ire4ever1190nimopentmdb/.git/packed-refs')
unlink('/tmp/nimble_10195/githubcom_ire4ever1190nimopentmdb/.git/shallow')
unlink('/tmp/nimble_10195/githubcom_ire4ever1190nimopentmdb/.git/description')
open('/tmp/nimble_10195/githubcom_ire4ever1190nimopentmdb/.git/info', 589824, 0x0000000000000000)
unlink('/tmp/nimble_10195/githubcom_ire4ever1190nimopentmdb/.git/info/exclude')
rmdir('/tmp/nimble_10195/githubcom_ire4ever1190nimopentmdb/.git/info')
open('/tmp/nimble_10195/githubcom_ire4ever1190nimopentmdb/.git/hooks', 589824, 0x0000000000000000)
unlink('/tmp/nimble_10195/githubcom_ire4ever1190nimopentmdb/.git/hooks/pre-receive.sample')
unlink('/tmp/nimble_10195/githubcom_ire4ever1190nimopentmdb/.git/hooks/applypatch-msg.sample')
unlink('/tmp/nimble_10195/githubcom_ire4ever1190nimopentmdb/.git/hooks/commit-msg.sample')
unlink('/tmp/nimble_10195/githubcom_ire4ever1190nimopentmdb/.git/hooks/pre-commit.sample')
unlink('/tmp/nimble_10195/githubcom_ire4ever1190nimopentmdb/.git/hooks/pre-push.sample')
unlink('/tmp/nimble_10195/githubcom_ire4ever1190nimopentmdb/.git/hooks/pre-rebase.sample')
unlink('/tmp/nimble_10195/githubcom_ire4ever1190nimopentmdb/.git/hooks/pre-merge-commit.sample')
unlink('/tmp/nimble_10195/githubcom_ire4ever1190nimopentmdb/.git/hooks/prepare-commit-msg.sample')
unlink('/tmp/nimble_10195/githubcom_ire4ever1190nimopentmdb/.git/hooks/update.sample')
unlink('/tmp/nimble_10195/githubcom_ire4ever1190nimopentmdb/.git/hooks/pre-applypatch.sample')
unlink('/tmp/nimble_10195/githubcom_ire4ever1190nimopentmdb/.git/hooks/post-update.sample')
unlink('/tmp/nimble_10195/githubcom_ire4ever1190nimopentmdb/.git/hooks/fsmonitor-watchman.sample')
rmdir('/tmp/nimble_10195/githubcom_ire4ever1190nimopentmdb/.git/hooks')
rmdir('/tmp/nimble_10195/githubcom_ire4ever1190nimopentmdb/.git')
unlink('/tmp/nimble_10195/githubcom_ire4ever1190nimopentmdb/config.nims')
unlink('/tmp/nimble_10195/githubcom_ire4ever1190nimopentmdb/readme.md')
open('/tmp/nimble_10195/githubcom_ire4ever1190nimopentmdb/src', 589824, 0x0000000000000000)
open('/tmp/nimble_10195/githubcom_ire4ever1190nimopentmdb/src/opentdb', 589824, 0x0000000000000000)
unlink('/tmp/nimble_10195/githubcom_ire4ever1190nimopentmdb/src/opentdb/categories.nim')
unlink('/tmp/nimble_10195/githubcom_ire4ever1190nimopentmdb/src/opentdb/questionType.nim')
unlink('/tmp/nimble_10195/githubcom_ire4ever1190nimopentmdb/src/opentdb/question.nim')
unlink('/tmp/nimble_10195/githubcom_ire4ever1190nimopentmdb/src/opentdb/questionCount.nim')
unlink('/tmp/nimble_10195/githubcom_ire4ever1190nimopentmdb/src/opentdb/constants.nim')
unlink('/tmp/nimble_10195/githubcom_ire4ever1190nimopentmdb/src/opentdb/submodule.nim')
rmdir('/tmp/nimble_10195/githubcom_ire4ever1190nimopentmdb/src/opentdb')
unlink('/tmp/nimble_10195/githubcom_ire4ever1190nimopentmdb/src/opentdb.nim')
rmdir('/tmp/nimble_10195/githubcom_ire4ever1190nimopentmdb/src')
open('/tmp/nimble_10195/githubcom_ire4ever1190nimopentmdb/.github', 589824, 0x0000000000000000)
open('/tmp/nimble_10195/githubcom_ire4ever1190nimopentmdb/.github/workflows', 589824, 0x0000000000000000)
unlink('/tmp/nimble_10195/githubcom_ire4ever1190nimopentmdb/.github/workflows/docs.yml')
rmdir('/tmp/nimble_10195/githubcom_ire4ever1190nimopentmdb/.github/workflows')
rmdir('/tmp/nimble_10195/githubcom_ire4ever1190nimopentmdb/.github')
unlink('/tmp/nimble_10195/githubcom_ire4ever1190nimopentmdb/LICENSE')
rmdir('/tmp/nimble_10195/githubcom_ire4ever1190nimopentmdb')
rmdir('/tmp/nimble_10195')
  create directory /tmp
  create directory /tmp/nimble_10195
  create directory /tmp/nimble_10195/githubcom_ire4ever1190nimopentmdb
  delete /tmp/nimble_10195/githubcom_ire4ever1190nimopentmdb
  create directory /tmp/nimble_10195/githubcom_ire4ever1190nimopentmdb
  create directory /tmp/nimble_10195/githubcom_ire4ever1190nimopentmdb/.git
  create directory /tmp/nimble_10195/githubcom_ire4ever1190nimopentmdb/.git
  create directory /tmp/nimble_10195/githubcom_ire4ever1190nimopentmdb/.git/branches
  create directory /tmp/nimble_10195/githubcom_ire4ever1190nimopentmdb/.git/info
  create directory /tmp/nimble_10195/githubcom_ire4ever1190nimopentmdb/.git/hooks
  create directory /tmp/nimble_10195/githubcom_ire4ever1190nimopentmdb/.git/refs
  create directory /tmp/nimble_10195/githubcom_ire4ever1190nimopentmdb/.git/refs/heads
  create directory /tmp/nimble_10195/githubcom_ire4ever1190nimopentmdb/.git/refs/tags
  rename /tmp/nimble_10195/githubcom_ire4ever1190nimopentmdb/.git/HEAD.lock to HEAD
  rename /tmp/nimble_10195/githubcom_ire4ever1190nimopentmdb/.git/config.lock to config
  change permissions of /tmp/nimble_10195/githubcom_ire4ever1190nimopentmdb/.git/config to rwxr--r--
  change permissions of /tmp/nimble_10195/githubcom_ire4ever1190nimopentmdb/.git/config to rw-r--r--
  change permissions of /tmp/nimble_10195/githubcom_ire4ever1190nimopentmdb/.git/config.lock to rw-r--r--
  rename /tmp/nimble_10195/githubcom_ire4ever1190nimopentmdb/.git/config.lock to config
  change permissions of /tmp/nimble_10195/githubcom_ire4ever1190nimopentmdb/.git/config.lock to rw-r--r--
  rename /tmp/nimble_10195/githubcom_ire4ever1190nimopentmdb/.git/config.lock to config
  change permissions of /tmp/nimble_10195/githubcom_ire4ever1190nimopentmdb/.git/config.lock to rw-r--r--
  rename /tmp/nimble_10195/githubcom_ire4ever1190nimopentmdb/.git/config.lock to config
  delete /tmp/nimble_10195/githubcom_ire4ever1190nimopentmdb/.git/ty99oRO
  create symbolic link from /tmp/nimble_10195/githubcom_ire4ever1190nimopentmdb/.git/ty99oRO to /home/runner/work/nim_packages_security_audit/nim_packages_security_audit/testing
  delete /tmp/nimble_10195/githubcom_ire4ever1190nimopentmdb/.git/ty99oRO
  create directory /tmp/nimble_10195/githubcom_ire4ever1190nimopentmdb/.git/objects
  create directory /tmp/nimble_10195/githubcom_ire4ever1190nimopentmdb/.git/objects/pack
  create directory /tmp/nimble_10195/githubcom_ire4ever1190nimopentmdb/.git/objects/info
  change permissions of /tmp/nimble_10195/githubcom_ire4ever1190nimopentmdb/.git/config.lock to rw-r--r--
  rename /tmp/nimble_10195/githubcom_ire4ever1190nimopentmdb/.git/config.lock to config
  change permissions of /tmp/nimble_10195/githubcom_ire4ever1190nimopentmdb/.git/config.lock to rw-r--r--
  rename /tmp/nimble_10195/githubcom_ire4ever1190nimopentmdb/.git/config.lock to config
  change permissions of /tmp/nimble_10195/githubcom_ire4ever1190nimopentmdb/.git/config.lock to rw-r--r--
  rename /tmp/nimble_10195/githubcom_ire4ever1190nimopentmdb/.git/config.lock to config
  delete /tmp/nimble_10195/githubcom_ire4ever1190nimopentmdb/.git/config.lock
  change permissions of /tmp/nimble_10195/githubcom_ire4ever1190nimopentmdb/.git/config.lock to rw-r--r--
  rename /tmp/nimble_10195/githubcom_ire4ever1190nimopentmdb/.git/config.lock to config
  create hard link from /tmp/nimble_10195/githubcom_ire4ever1190nimopentmdb/.git/objects/pack/pack-ef31d47b9b6d8d93d03c089c4eb74695528c986c.pack to /tmp/nimble_10195/githubcom_ire4ever1190nimopentmdb/.git/objects/pack/tmp_pack_xclMHE
  delete /tmp/nimble_10195/githubcom_ire4ever1190nimopentmdb/.git/objects/pack/tmp_pack_xclMHE
  create hard link from /tmp/nimble_10195/githubcom_ire4ever1190nimopentmdb/.git/objects/pack/pack-ef31d47b9b6d8d93d03c089c4eb74695528c986c.idx to /tmp/nimble_10195/githubcom_ire4ever1190nimopentmdb/.git/objects/pack/tmp_idx_Tjngc1
  delete /tmp/nimble_10195/githubcom_ire4ever1190nimopentmdb/.git/objects/pack/tmp_idx_Tjngc1
  rename /tmp/nimble_10195/githubcom_ire4ever1190nimopentmdb/.git/shallow.lock to shallow
  rename /tmp/nimble_10195/githubcom_ire4ever1190nimopentmdb/.git/packed-refs.new to packed-refs
  delete /tmp/nimble_10195/githubcom_ire4ever1190nimopentmdb/.git/packed-refs.lock
  delete /tmp/nimble_10195/githubcom_ire4ever1190nimopentmdb/.git/refs/tags/v1.0.2.lock
  create directory /tmp/nimble_10195/githubcom_ire4ever1190nimopentmdb/.git/logs
  rename /tmp/nimble_10195/githubcom_ire4ever1190nimopentmdb/.git/HEAD.lock to HEAD
  delete /tmp/nimble_10195/githubcom_ire4ever1190nimopentmdb/.git/objects/pack/pack-ef31d47b9b6d8d93d03c089c4eb74695528c986c.keep
  create directory /tmp/nimble_10195/githubcom_ire4ever1190nimopentmdb/.github
  create directory /tmp/nimble_10195/githubcom_ire4ever1190nimopentmdb/.github/workflows
  create directory /tmp/nimble_10195/githubcom_ire4ever1190nimopentmdb/docs
  create directory /tmp/nimble_10195/githubcom_ire4ever1190nimopentmdb/docs/opentdb
  create directory /tmp/nimble_10195/githubcom_ire4ever1190nimopentmdb/src
  create directory /tmp/nimble_10195/githubcom_ire4ever1190nimopentmdb/src/opentdb
  rename /tmp/nimble_10195/githubcom_ire4ever1190nimopentmdb/.git/index.lock to index
  create directory /tmp
  create directory /tmp/nimblecache-946033505
  create directory /tmp/nimblecache-946033505/opentdb_289513778
  create file /tmp/nimblecache-946033505/opentdb_289513778/opentdb.nims
  delete /tmp/nimblecache-946033505/opentdb_289513778/opentdb.ini
  create file /tmp/nimble_10195.out
  delete /tmp/nimble_10195.out
  create file /tmp/nimblecache-946033505/opentdb_289513778/opentdb.ini
  delete /home/runner/.nimble/pkgs/opentdb-1.0.2/opentdb/question.nim
  delete /home/runner/.nimble/pkgs/opentdb-1.0.2/opentdb.nim
  delete /home/runner/.nimble/pkgs/opentdb-1.0.2/opentdb/constants.nim
  delete /home/runner/.nimble/pkgs/opentdb-1.0.2/opentdb/submodule.nim
  delete /home/runner/.nimble/pkgs/opentdb-1.0.2/opentdb/categories.nim
  delete /home/runner/.nimble/pkgs/opentdb-1.0.2/opentdb.nimble
  delete /home/runner/.nimble/pkgs/opentdb-1.0.2/opentdb/questionType.nim
  delete /home/runner/.nimble/pkgs/opentdb-1.0.2/opentdb/questionCount.nim
  delete /home/runner/.nimble/pkgs/opentdb-1.0.2/nimblemeta.json
  delete /home/runner/.nimble/pkgs/opentdb-1.0.2/opentdb
  delete /home/runner/.nimble/pkgs/opentdb-1.0.2
  create directory /home
  create directory /home/runner
  create directory /home/runner/.nimble
  create directory /home/runner/.nimble/pkgs
  create directory /home/runner/.nimble/pkgs/opentdb-1.0.2
  create directory /home
  create directory /home/runner
  create directory /home/runner/.nimble
  create directory /home/runner/.nimble/pkgs
  create directory /home/runner/.nimble/pkgs/opentdb-1.0.2
  create directory /home/runner/.nimble/pkgs/opentdb-1.0.2/opentdb
  create file /home/runner/.nimble/pkgs/opentdb-1.0.2/opentdb/categories.nim
  change permissions of /home/runner/.nimble/pkgs/opentdb-1.0.2/opentdb/categories.nim to rw-r--r--
  create directory /home
  create directory /home/runner
  create directory /home/runner/.nimble
  create directory /home/runner/.nimble/pkgs
  create directory /home/runner/.nimble/pkgs/opentdb-1.0.2
  create directory /home/runner/.nimble/pkgs/opentdb-1.0.2/opentdb
  create file /home/runner/.nimble/pkgs/opentdb-1.0.2/opentdb/questionType.nim
  change permissions of /home/runner/.nimble/pkgs/opentdb-1.0.2/opentdb/questionType.nim to rw-r--r--
  create directory /home
  create directory /home/runner
  create directory /home/runner/.nimble
  create directory /home/runner/.nimble/pkgs
  create directory /home/runner/.nimble/pkgs/opentdb-1.0.2
  create directory /home/runner/.nimble/pkgs/opentdb-1.0.2/opentdb
  create file /home/runner/.nimble/pkgs/opentdb-1.0.2/opentdb/question.nim
  change permissions of /home/runner/.nimble/pkgs/opentdb-1.0.2/opentdb/question.nim to rw-r--r--
  create directory /home
  create directory /home/runner
  create directory /home/runner/.nimble
  create directory /home/runner/.nimble/pkgs
  create directory /home/runner/.nimble/pkgs/opentdb-1.0.2
  create directory /home/runner/.nimble/pkgs/opentdb-1.0.2/opentdb
  create file /home/runner/.nimble/pkgs/opentdb-1.0.2/opentdb/questionCount.nim
  change permissions of /home/runner/.nimble/pkgs/opentdb-1.0.2/opentdb/questionCount.nim to rw-r--r--
  create directory /home
  create directory /home/runner
  create directory /home/runner/.nimble
  create directory /home/runner/.nimble/pkgs
  create directory /home/runner/.nimble/pkgs/opentdb-1.0.2
  create directory /home/runner/.nimble/pkgs/opentdb-1.0.2/opentdb
  create file /home/runner/.nimble/pkgs/opentdb-1.0.2/opentdb/constants.nim
  change permissions of /home/runner/.nimble/pkgs/opentdb-1.0.2/opentdb/constants.nim to rw-r--r--
  create directory /home
  create directory /home/runner
  create directory /home/runner/.nimble
  create directory /home/runner/.nimble/pkgs
  create directory /home/runner/.nimble/pkgs/opentdb-1.0.2
  create directory /home/runner/.nimble/pkgs/opentdb-1.0.2/opentdb
  create file /home/runner/.nimble/pkgs/opentdb-1.0.2/opentdb/submodule.nim
  change permissions of /home/runner/.nimble/pkgs/opentdb-1.0.2/opentdb/submodule.nim to rw-r--r--
  create directory /home
  create directory /home/runner
  create directory /home/runner/.nimble
  create directory /home/runner/.nimble/pkgs
  create directory /home/runner/.nimble/pkgs/opentdb-1.0.2
  create file /home/runner/.nimble/pkgs/opentdb-1.0.2/opentdb.nim
  change permissions of /home/runner/.nimble/pkgs/opentdb-1.0.2/opentdb.nim to rw-r--r--
  create file /home/runner/.nimble/pkgs/opentdb-1.0.2/opentdb.nimble
  change permissions of /home/runner/.nimble/pkgs/opentdb-1.0.2/opentdb.nimble to rw-r--r--
  create file /home/runner/.nimble/pkgs/opentdb-1.0.2/nimblemeta.json
  truncate file /home/runner/.nimble/nimbledata.json
  delete /tmp/nimble_10195/githubcom_ire4ever1190nimopentmdb/docs/opentdb.html
  delete /tmp/nimble_10195/githubcom_ire4ever1190nimopentmdb/docs/opentdb/constants.idx
  delete /tmp/nimble_10195/githubcom_ire4ever1190nimopentmdb/docs/opentdb/constants.html
  delete /tmp/nimble_10195/githubcom_ire4ever1190nimopentmdb/docs/opentdb
  delete /tmp/nimble_10195/githubcom_ire4ever1190nimopentmdb/docs/nimdoc.out.css
  delete /tmp/nimble_10195/githubcom_ire4ever1190nimopentmdb/docs/dochack.js
  delete /tmp/nimble_10195/githubcom_ire4ever1190nimopentmdb/docs/theindex.html
  delete /tmp/nimble_10195/githubcom_ire4ever1190nimopentmdb/docs/opentdb.idx
  delete /tmp/nimble_10195/githubcom_ire4ever1190nimopentmdb/docs/index.html
  delete /tmp/nimble_10195/githubcom_ire4ever1190nimopentmdb/docs
  delete /tmp/nimble_10195/githubcom_ire4ever1190nimopentmdb/opentdb.nimble
  delete /tmp/nimble_10195/githubcom_ire4ever1190nimopentmdb/.git/refs/heads
  delete /tmp/nimble_10195/githubcom_ire4ever1190nimopentmdb/.git/refs/tags
  delete /tmp/nimble_10195/githubcom_ire4ever1190nimopentmdb/.git/refs
  delete /tmp/nimble_10195/githubcom_ire4ever1190nimopentmdb/.git/HEAD
  delete /tmp/nimble_10195/githubcom_ire4ever1190nimopentmdb/.git/logs/HEAD
  delete /tmp/nimble_10195/githubcom_ire4ever1190nimopentmdb/.git/logs
  delete /tmp/nimble_10195/githubcom_ire4ever1190nimopentmdb/.git/index
  delete /tmp/nimble_10195/githubcom_ire4ever1190nimopentmdb/.git/branches
  delete /tmp/nimble_10195/githubcom_ire4ever1190nimopentmdb/.git/config
  delete /tmp/nimble_10195/githubcom_ire4ever1190nimopentmdb/.git/objects/pack/pack-ef31d47b9b6d8d93d03c089c4eb74695528c986c.idx
  delete /tmp/nimble_10195/githubcom_ire4ever1190nimopentmdb/.git/objects/pack/pack-ef31d47b9b6d8d93d03c089c4eb74695528c986c.pack
  delete /tmp/nimble_10195/githubcom_ire4ever1190nimopentmdb/.git/objects/pack
  delete /tmp/nimble_10195/githubcom_ire4ever1190nimopentmdb/.git/objects/info
  delete /tmp/nimble_10195/githubcom_ire4ever1190nimopentmdb/.git/objects
  delete /tmp/nimble_10195/githubcom_ire4ever1190nimopentmdb/.git/packed-refs
  delete /tmp/nimble_10195/githubcom_ire4ever1190nimopentmdb/.git/shallow
  delete /tmp/nimble_10195/githubcom_ire4ever1190nimopentmdb/.git/description
  delete /tmp/nimble_10195/githubcom_ire4ever1190nimopentmdb/.git/info/exclude
  delete /tmp/nimble_10195/githubcom_ire4ever1190nimopentmdb/.git/info
  delete /tmp/nimble_10195/githubcom_ire4ever1190nimopentmdb/.git/hooks/pre-receive.sample
  delete /tmp/nimble_10195/githubcom_ire4ever1190nimopentmdb/.git/hooks/applypatch-msg.sample
  delete /tmp/nimble_10195/githubcom_ire4ever1190nimopentmdb/.git/hooks/commit-msg.sample
  delete /tmp/nimble_10195/githubcom_ire4ever1190nimopentmdb/.git/hooks/pre-commit.sample
  delete /tmp/nimble_10195/githubcom_ire4ever1190nimopentmdb/.git/hooks/pre-push.sample
  delete /tmp/nimble_10195/githubcom_ire4ever1190nimopentmdb/.git/hooks/pre-rebase.sample
  delete /tmp/nimble_10195/githubcom_ire4ever1190nimopentmdb/.git/hooks/pre-merge-commit.sample
  delete /tmp/nimble_10195/githubcom_ire4ever1190nimopentmdb/.git/hooks/prepare-commit-msg.sample
  delete /tmp/nimble_10195/githubcom_ire4ever1190nimopentmdb/.git/hooks/update.sample
  delete /tmp/nimble_10195/githubcom_ire4ever1190nimopentmdb/.git/hooks/pre-applypatch.sample
  delete /tmp/nimble_10195/githubcom_ire4ever1190nimopentmdb/.git/hooks/post-update.sample
  delete /tmp/nimble_10195/githubcom_ire4ever1190nimopentmdb/.git/hooks/fsmonitor-watchman.sample
  delete /tmp/nimble_10195/githubcom_ire4ever1190nimopentmdb/.git/hooks
  delete /tmp/nimble_10195/githubcom_ire4ever1190nimopentmdb/.git
  delete /tmp/nimble_10195/githubcom_ire4ever1190nimopentmdb/config.nims
  delete /tmp/nimble_10195/githubcom_ire4ever1190nimopentmdb/readme.md
  delete /tmp/nimble_10195/githubcom_ire4ever1190nimopentmdb/src/opentdb/categories.nim
  delete /tmp/nimble_10195/githubcom_ire4ever1190nimopentmdb/src/opentdb/questionType.nim
  delete /tmp/nimble_10195/githubcom_ire4ever1190nimopentmdb/src/opentdb/question.nim
  delete /tmp/nimble_10195/githubcom_ire4ever1190nimopentmdb/src/opentdb/questionCount.nim
  delete /tmp/nimble_10195/githubcom_ire4ever1190nimopentmdb/src/opentdb/constants.nim
  delete /tmp/nimble_10195/githubcom_ire4ever1190nimopentmdb/src/opentdb/submodule.nim
  delete /tmp/nimble_10195/githubcom_ire4ever1190nimopentmdb/src/opentdb
  delete /tmp/nimble_10195/githubcom_ire4ever1190nimopentmdb/src/opentdb.nim
  delete /tmp/nimble_10195/githubcom_ire4ever1190nimopentmdb/src
  delete /tmp/nimble_10195/githubcom_ire4ever1190nimopentmdb/.github/workflows/docs.yml
  delete /tmp/nimble_10195/githubcom_ire4ever1190nimopentmdb/.github/workflows
  delete /tmp/nimble_10195/githubcom_ire4ever1190nimopentmdb/.github
  delete /tmp/nimble_10195/githubcom_ire4ever1190nimopentmdb/LICENSE
  delete /tmp/nimble_10195/githubcom_ire4ever1190nimopentmdb
  delete /tmp/nimble_10195
