    Reading official package list
Downloading https://github.com/juancarlospaco/nim-openweathermap using git
       Info /tmp/nimble_7121/githubcom_juancarlospaconimopenweathermap/openweathermap_7121.nims(1, 8) Warning: imported and not used: 'system' [UnusedImport]
        ... /tmp/nimble_7121/githubcom_juancarlospaconimopenweathermap/openweathermap_7121.nims(5, 22) Warning: imported and not used: 'strutils' [UnusedImport]
  Verifying dependencies for openweathermap@0.1.0
 Installing openweathermap@0.1.0
    Copying file /tmp/nimble_7121/githubcom_juancarlospaconimopenweathermap/src/openweathermap.nim to /home/runner/.nimble/pkgs/openweathermap-0.1.0/openweathermap.nim
    Copying file /tmp/nimble_7121/githubcom_juancarlospaconimopenweathermap/openweathermap.nimble to /home/runner/.nimble/pkgs/openweathermap-0.1.0/openweathermap.nimble
   Success: openweathermap installed successfully.
mkdir('/tmp', 0x00000000000001ff)
mkdir('/tmp/nimble_7121', 0x00000000000001ff)
mkdir('/tmp/nimble_7121/githubcom_juancarlospaconimopenweathermap', 0x00000000000001ff)
rmdir('/tmp/nimble_7121/githubcom_juancarlospaconimopenweathermap')
mkdir('/tmp/nimble_7121/githubcom_juancarlospaconimopenweathermap', 0x00000000000001ff)
mkdir('/tmp/nimble_7121/githubcom_juancarlospaconimopenweathermap/.git', 0x00000000000001ff)
mkdir('/tmp/nimble_7121/githubcom_juancarlospaconimopenweathermap/.git/', 0x00000000000001ff)
mkdir('/tmp/nimble_7121/githubcom_juancarlospaconimopenweathermap/.git/branches/', 0x00000000000001ff)
mkdir('/tmp/nimble_7121/githubcom_juancarlospaconimopenweathermap/.git/hooks/', 0x00000000000001ff)
mkdir('/tmp/nimble_7121/githubcom_juancarlospaconimopenweathermap/.git/info/', 0x00000000000001ff)
mkdir('/tmp/nimble_7121/githubcom_juancarlospaconimopenweathermap/.git/refs', 0x00000000000001ff)
mkdir('/tmp/nimble_7121/githubcom_juancarlospaconimopenweathermap/.git/refs/heads', 0x00000000000001ff)
mkdir('/tmp/nimble_7121/githubcom_juancarlospaconimopenweathermap/.git/refs/tags', 0x00000000000001ff)
rename('/tmp/nimble_7121/githubcom_juancarlospaconimopenweathermap/.git/HEAD.lock', '/tmp/nimble_7121/githubcom_juancarlospaconimopenweathermap/.git/HEAD')
rename('/tmp/nimble_7121/githubcom_juancarlospaconimopenweathermap/.git/config.lock', '/tmp/nimble_7121/githubcom_juancarlospaconimopenweathermap/.git/config')
chmod('/tmp/nimble_7121/githubcom_juancarlospaconimopenweathermap/.git/config', 0x00000000000081e4)
chmod('/tmp/nimble_7121/githubcom_juancarlospaconimopenweathermap/.git/config', 0x00000000000081a4)
chmod('/tmp/nimble_7121/githubcom_juancarlospaconimopenweathermap/.git/config.lock', 0x00000000000001a4)
rename('/tmp/nimble_7121/githubcom_juancarlospaconimopenweathermap/.git/config.lock', '/tmp/nimble_7121/githubcom_juancarlospaconimopenweathermap/.git/config')
chmod('/tmp/nimble_7121/githubcom_juancarlospaconimopenweathermap/.git/config.lock', 0x00000000000001a4)
rename('/tmp/nimble_7121/githubcom_juancarlospaconimopenweathermap/.git/config.lock', '/tmp/nimble_7121/githubcom_juancarlospaconimopenweathermap/.git/config')
chmod('/tmp/nimble_7121/githubcom_juancarlospaconimopenweathermap/.git/config.lock', 0x00000000000001a4)
rename('/tmp/nimble_7121/githubcom_juancarlospaconimopenweathermap/.git/config.lock', '/tmp/nimble_7121/githubcom_juancarlospaconimopenweathermap/.git/config')
unlink('/tmp/nimble_7121/githubcom_juancarlospaconimopenweathermap/.git/tA6CesP')
symlink('testing', '/tmp/nimble_7121/githubcom_juancarlospaconimopenweathermap/.git/tA6CesP')
unlink('/tmp/nimble_7121/githubcom_juancarlospaconimopenweathermap/.git/tA6CesP')
mkdir('/tmp/nimble_7121/githubcom_juancarlospaconimopenweathermap/.git/objects', 0x00000000000001ff)
mkdir('/tmp/nimble_7121/githubcom_juancarlospaconimopenweathermap/.git/objects/pack', 0x00000000000001ff)
mkdir('/tmp/nimble_7121/githubcom_juancarlospaconimopenweathermap/.git/objects/info', 0x00000000000001ff)
chmod('/tmp/nimble_7121/githubcom_juancarlospaconimopenweathermap/.git/config.lock', 0x00000000000001a4)
rename('/tmp/nimble_7121/githubcom_juancarlospaconimopenweathermap/.git/config.lock', '/tmp/nimble_7121/githubcom_juancarlospaconimopenweathermap/.git/config')
chmod('/tmp/nimble_7121/githubcom_juancarlospaconimopenweathermap/.git/config.lock', 0x00000000000001a4)
rename('/tmp/nimble_7121/githubcom_juancarlospaconimopenweathermap/.git/config.lock', '/tmp/nimble_7121/githubcom_juancarlospaconimopenweathermap/.git/config')
chmod('/tmp/nimble_7121/githubcom_juancarlospaconimopenweathermap/.git/config.lock', 0x00000000000001a4)
rename('/tmp/nimble_7121/githubcom_juancarlospaconimopenweathermap/.git/config.lock', '/tmp/nimble_7121/githubcom_juancarlospaconimopenweathermap/.git/config')
link('/tmp/nimble_7121/githubcom_juancarlospaconimopenweathermap/.git/objects/pack/tmp_pack_wAsddk', '/tmp/nimble_7121/githubcom_juancarlospaconimopenweathermap/.git/objects/pack/pack-3f2f9cb72363af6314db72e19a67879b1a394c9a.pack')
unlink('/tmp/nimble_7121/githubcom_juancarlospaconimopenweathermap/.git/objects/pack/tmp_pack_wAsddk')
link('/tmp/nimble_7121/githubcom_juancarlospaconimopenweathermap/.git/objects/pack/tmp_idx_VfMYuh', '/tmp/nimble_7121/githubcom_juancarlospaconimopenweathermap/.git/objects/pack/pack-3f2f9cb72363af6314db72e19a67879b1a394c9a.idx')
unlink('/tmp/nimble_7121/githubcom_juancarlospaconimopenweathermap/.git/objects/pack/tmp_idx_VfMYuh')
rename('/tmp/nimble_7121/githubcom_juancarlospaconimopenweathermap/.git/shallow.lock', '/tmp/nimble_7121/githubcom_juancarlospaconimopenweathermap/.git/shallow')
rename('/tmp/nimble_7121/githubcom_juancarlospaconimopenweathermap/.git/packed-refs.new', '/tmp/nimble_7121/githubcom_juancarlospaconimopenweathermap/.git/packed-refs')
unlink('/tmp/nimble_7121/githubcom_juancarlospaconimopenweathermap/.git/packed-refs.lock')
mkdir('/tmp/nimble_7121/githubcom_juancarlospaconimopenweathermap/.git/refs/remotes', 0x00000000000001ff)
mkdir('/tmp/nimble_7121/githubcom_juancarlospaconimopenweathermap/.git/refs/remotes/origin', 0x00000000000001ff)
mkdir('/tmp/nimble_7121/githubcom_juancarlospaconimopenweathermap/.git/logs', 0x00000000000001ff)
mkdir('/tmp/nimble_7121/githubcom_juancarlospaconimopenweathermap/.git/logs/refs', 0x00000000000001ff)
mkdir('/tmp/nimble_7121/githubcom_juancarlospaconimopenweathermap/.git/logs/refs/remotes', 0x00000000000001ff)
mkdir('/tmp/nimble_7121/githubcom_juancarlospaconimopenweathermap/.git/logs/refs/remotes/origin', 0x00000000000001ff)
rename('/tmp/nimble_7121/githubcom_juancarlospaconimopenweathermap/.git/refs/remotes/origin/HEAD.lock', '/tmp/nimble_7121/githubcom_juancarlospaconimopenweathermap/.git/refs/remotes/origin/HEAD')
rename('/tmp/nimble_7121/githubcom_juancarlospaconimopenweathermap/.git/HEAD.lock', '/tmp/nimble_7121/githubcom_juancarlospaconimopenweathermap/.git/HEAD')
mkdir('/tmp/nimble_7121/githubcom_juancarlospaconimopenweathermap/.git/logs/refs/heads', 0x00000000000001ff)
rename('/tmp/nimble_7121/githubcom_juancarlospaconimopenweathermap/.git/refs/heads/master.lock', '/tmp/nimble_7121/githubcom_juancarlospaconimopenweathermap/.git/refs/heads/master')
unlink('/tmp/nimble_7121/githubcom_juancarlospaconimopenweathermap/.git/HEAD.lock')
chmod('/tmp/nimble_7121/githubcom_juancarlospaconimopenweathermap/.git/config.lock', 0x00000000000001a4)
rename('/tmp/nimble_7121/githubcom_juancarlospaconimopenweathermap/.git/config.lock', '/tmp/nimble_7121/githubcom_juancarlospaconimopenweathermap/.git/config')
chmod('/tmp/nimble_7121/githubcom_juancarlospaconimopenweathermap/.git/config.lock', 0x00000000000001a4)
rename('/tmp/nimble_7121/githubcom_juancarlospaconimopenweathermap/.git/config.lock', '/tmp/nimble_7121/githubcom_juancarlospaconimopenweathermap/.git/config')
unlink('/tmp/nimble_7121/githubcom_juancarlospaconimopenweathermap/.git/objects/pack/pack-3f2f9cb72363af6314db72e19a67879b1a394c9a.keep')
mkdir('src', 0x00000000000001ff)
rename('/tmp/nimble_7121/githubcom_juancarlospaconimopenweathermap/.git/index.lock', '/tmp/nimble_7121/githubcom_juancarlospaconimopenweathermap/.git/index')
mkdir('/tmp', 0x00000000000001ff)
mkdir('/tmp/nimblecache', 0x00000000000001ff)
mkdir('/tmp/nimblecache/openweathermap_3303016593', 0x00000000000001ff)
unlink('/tmp/nimblecache/openweathermap_3303016593/openweathermap.ini')
unlink('/tmp/nimble_7121.out')
unlink('/tmp/nimble_7121/githubcom_juancarlospaconimopenweathermap/openweathermap_7121.nims')
mkdir('/home', 0x00000000000001ff)
mkdir('/home/runner', 0x00000000000001ff)
mkdir('/home/runner/.nimble', 0x00000000000001ff)
mkdir('/home/runner/.nimble/pkgs', 0x00000000000001ff)
mkdir('/home/runner/.nimble/pkgs/openweathermap-0.1.0', 0x00000000000001ff)
mkdir('/home', 0x00000000000001ff)
mkdir('/home/runner', 0x00000000000001ff)
mkdir('/home/runner/.nimble', 0x00000000000001ff)
mkdir('/home/runner/.nimble/pkgs', 0x00000000000001ff)
mkdir('/home/runner/.nimble/pkgs/openweathermap-0.1.0', 0x00000000000001ff)
chmod('/home/runner/.nimble/pkgs/openweathermap-0.1.0/openweathermap.nim', 0x00000000000001a4)
chmod('/home/runner/.nimble/pkgs/openweathermap-0.1.0/openweathermap.nimble', 0x00000000000001a4)
mkdir('/tmp', 0x00000000000001ff)       Info /home/runner/.nimble/pkgs/openweathermap-0.1.0/openweathermap_7121.nims(1, 8) Warning: imported and not used: 'system' [UnusedImport]
        ... /home/runner/.nimble/pkgs/openweathermap-0.1.0/openweathermap_7121.nims(5, 22) Warning: imported and not used: 'strutils' [UnusedImport]

mkdir('/tmp/nimblecache', 0x00000000000001ff)
mkdir('/tmp/nimblecache/openweathermap_2257479452', 0x00000000000001ff)
unlink('/tmp/nimblecache/openweathermap_2257479452/openweathermap.ini')
unlink('/tmp/nimble_7121.out')
unlink('/home/runner/.nimble/pkgs/openweathermap-0.1.0/openweathermap_7121.nims')
unlink('/tmp/nimble_7121/githubcom_juancarlospaconimopenweathermap/src/openweathermap.nim')
rmdir('/tmp/nimble_7121/githubcom_juancarlospaconimopenweathermap/src')
unlink('/tmp/nimble_7121/githubcom_juancarlospaconimopenweathermap/.gitignore')
unlink('/tmp/nimble_7121/githubcom_juancarlospaconimopenweathermap/LICENSE')
unlink('/tmp/nimble_7121/githubcom_juancarlospaconimopenweathermap/openweathermap.nimble')
unlink('/tmp/nimble_7121/githubcom_juancarlospaconimopenweathermap/.git/HEAD')
unlink('/tmp/nimble_7121/githubcom_juancarlospaconimopenweathermap/.git/config')
unlink('/tmp/nimble_7121/githubcom_juancarlospaconimopenweathermap/.git/logs/HEAD')
unlink('/tmp/nimble_7121/githubcom_juancarlospaconimopenweathermap/.git/logs/refs/heads/master')
rmdir('/tmp/nimble_7121/githubcom_juancarlospaconimopenweathermap/.git/logs/refs/heads')
unlink('/tmp/nimble_7121/githubcom_juancarlospaconimopenweathermap/.git/logs/refs/remotes/origin/HEAD')
rmdir('/tmp/nimble_7121/githubcom_juancarlospaconimopenweathermap/.git/logs/refs/remotes/origin')
rmdir('/tmp/nimble_7121/githubcom_juancarlospaconimopenweathermap/.git/logs/refs/remotes')
rmdir('/tmp/nimble_7121/githubcom_juancarlospaconimopenweathermap/.git/logs/refs')
rmdir('/tmp/nimble_7121/githubcom_juancarlospaconimopenweathermap/.git/logs')
rmdir('/tmp/nimble_7121/githubcom_juancarlospaconimopenweathermap/.git/branches')
unlink('/tmp/nimble_7121/githubcom_juancarlospaconimopenweathermap/.git/packed-refs')
unlink('/tmp/nimble_7121/githubcom_juancarlospaconimopenweathermap/.git/refs/heads/master')
rmdir('/tmp/nimble_7121/githubcom_juancarlospaconimopenweathermap/.git/refs/heads')
rmdir('/tmp/nimble_7121/githubcom_juancarlospaconimopenweathermap/.git/refs/tags')
unlink('/tmp/nimble_7121/githubcom_juancarlospaconimopenweathermap/.git/refs/remotes/origin/HEAD')
rmdir('/tmp/nimble_7121/githubcom_juancarlospaconimopenweathermap/.git/refs/remotes/origin')
rmdir('/tmp/nimble_7121/githubcom_juancarlospaconimopenweathermap/.git/refs/remotes')
rmdir('/tmp/nimble_7121/githubcom_juancarlospaconimopenweathermap/.git/refs')
unlink('/tmp/nimble_7121/githubcom_juancarlospaconimopenweathermap/.git/hooks/fsmonitor-watchman.sample')
unlink('/tmp/nimble_7121/githubcom_juancarlospaconimopenweathermap/.git/hooks/pre-rebase.sample')
unlink('/tmp/nimble_7121/githubcom_juancarlospaconimopenweathermap/.git/hooks/pre-push.sample')
unlink('/tmp/nimble_7121/githubcom_juancarlospaconimopenweathermap/.git/hooks/pre-applypatch.sample')
unlink('/tmp/nimble_7121/githubcom_juancarlospaconimopenweathermap/.git/hooks/pre-receive.sample')
unlink('/tmp/nimble_7121/githubcom_juancarlospaconimopenweathermap/.git/hooks/commit-msg.sample')
unlink('/tmp/nimble_7121/githubcom_juancarlospaconimopenweathermap/.git/hooks/pre-merge-commit.sample')
unlink('/tmp/nimble_7121/githubcom_juancarlospaconimopenweathermap/.git/hooks/prepare-commit-msg.sample')
unlink('/tmp/nimble_7121/githubcom_juancarlospaconimopenweathermap/.git/hooks/pre-commit.sample')
unlink('/tmp/nimble_7121/githubcom_juancarlospaconimopenweathermap/.git/hooks/update.sample')
unlink('/tmp/nimble_7121/githubcom_juancarlospaconimopenweathermap/.git/hooks/applypatch-msg.sample')
unlink('/tmp/nimble_7121/githubcom_juancarlospaconimopenweathermap/.git/hooks/post-update.sample')
rmdir('/tmp/nimble_7121/githubcom_juancarlospaconimopenweathermap/.git/hooks')
unlink('/tmp/nimble_7121/githubcom_juancarlospaconimopenweathermap/.git/index')
unlink('/tmp/nimble_7121/githubcom_juancarlospaconimopenweathermap/.git/info/exclude')
rmdir('/tmp/nimble_7121/githubcom_juancarlospaconimopenweathermap/.git/info')
unlink('/tmp/nimble_7121/githubcom_juancarlospaconimopenweathermap/.git/shallow')
unlink('/tmp/nimble_7121/githubcom_juancarlospaconimopenweathermap/.git/description')
unlink('/tmp/nimble_7121/githubcom_juancarlospaconimopenweathermap/.git/objects/pack/pack-3f2f9cb72363af6314db72e19a67879b1a394c9a.idx')
unlink('/tmp/nimble_7121/githubcom_juancarlospaconimopenweathermap/.git/objects/pack/pack-3f2f9cb72363af6314db72e19a67879b1a394c9a.pack')
rmdir('/tmp/nimble_7121/githubcom_juancarlospaconimopenweathermap/.git/objects/pack')
rmdir('/tmp/nimble_7121/githubcom_juancarlospaconimopenweathermap/.git/objects/info')
rmdir('/tmp/nimble_7121/githubcom_juancarlospaconimopenweathermap/.git/objects')
rmdir('/tmp/nimble_7121/githubcom_juancarlospaconimopenweathermap/.git')
unlink('/tmp/nimble_7121/githubcom_juancarlospaconimopenweathermap/README.md')
unlink('/tmp/nimble_7121/githubcom_juancarlospaconimopenweathermap/owm.jpg')
rmdir('/tmp/nimble_7121/githubcom_juancarlospaconimopenweathermap')
rmdir('/tmp/nimble_7121')
  create directory /tmp
  create directory /tmp/nimble_7121
  create directory /tmp/nimble_7121/githubcom_juancarlospaconimopenweathermap
  delete /tmp/nimble_7121/githubcom_juancarlospaconimopenweathermap
  create directory /tmp/nimble_7121/githubcom_juancarlospaconimopenweathermap
  create directory /tmp/nimble_7121/githubcom_juancarlospaconimopenweathermap/.git
  create directory /tmp/nimble_7121/githubcom_juancarlospaconimopenweathermap/.git
  create directory /tmp/nimble_7121/githubcom_juancarlospaconimopenweathermap/.git/branches
  create directory /tmp/nimble_7121/githubcom_juancarlospaconimopenweathermap/.git/hooks
  create directory /tmp/nimble_7121/githubcom_juancarlospaconimopenweathermap/.git/info
  create directory /tmp/nimble_7121/githubcom_juancarlospaconimopenweathermap/.git/refs
  create directory /tmp/nimble_7121/githubcom_juancarlospaconimopenweathermap/.git/refs/heads
  create directory /tmp/nimble_7121/githubcom_juancarlospaconimopenweathermap/.git/refs/tags
  rename /tmp/nimble_7121/githubcom_juancarlospaconimopenweathermap/.git/HEAD.lock to HEAD
  rename /tmp/nimble_7121/githubcom_juancarlospaconimopenweathermap/.git/config.lock to config
  change permissions of /tmp/nimble_7121/githubcom_juancarlospaconimopenweathermap/.git/config to rwxr--r--
  change permissions of /tmp/nimble_7121/githubcom_juancarlospaconimopenweathermap/.git/config to rw-r--r--
  change permissions of /tmp/nimble_7121/githubcom_juancarlospaconimopenweathermap/.git/config.lock to rw-r--r--
  rename /tmp/nimble_7121/githubcom_juancarlospaconimopenweathermap/.git/config.lock to config
  change permissions of /tmp/nimble_7121/githubcom_juancarlospaconimopenweathermap/.git/config.lock to rw-r--r--
  rename /tmp/nimble_7121/githubcom_juancarlospaconimopenweathermap/.git/config.lock to config
  change permissions of /tmp/nimble_7121/githubcom_juancarlospaconimopenweathermap/.git/config.lock to rw-r--r--
  rename /tmp/nimble_7121/githubcom_juancarlospaconimopenweathermap/.git/config.lock to config
  delete /tmp/nimble_7121/githubcom_juancarlospaconimopenweathermap/.git/tA6CesP
  create symbolic link from /tmp/nimble_7121/githubcom_juancarlospaconimopenweathermap/.git/tA6CesP to /home/runner/work/nim_packages_security_audit/nim_packages_security_audit/testing
  delete /tmp/nimble_7121/githubcom_juancarlospaconimopenweathermap/.git/tA6CesP
  create directory /tmp/nimble_7121/githubcom_juancarlospaconimopenweathermap/.git/objects
  create directory /tmp/nimble_7121/githubcom_juancarlospaconimopenweathermap/.git/objects/pack
  create directory /tmp/nimble_7121/githubcom_juancarlospaconimopenweathermap/.git/objects/info
  change permissions of /tmp/nimble_7121/githubcom_juancarlospaconimopenweathermap/.git/config.lock to rw-r--r--
  rename /tmp/nimble_7121/githubcom_juancarlospaconimopenweathermap/.git/config.lock to config
  change permissions of /tmp/nimble_7121/githubcom_juancarlospaconimopenweathermap/.git/config.lock to rw-r--r--
  rename /tmp/nimble_7121/githubcom_juancarlospaconimopenweathermap/.git/config.lock to config
  change permissions of /tmp/nimble_7121/githubcom_juancarlospaconimopenweathermap/.git/config.lock to rw-r--r--
  rename /tmp/nimble_7121/githubcom_juancarlospaconimopenweathermap/.git/config.lock to config
  create hard link from /tmp/nimble_7121/githubcom_juancarlospaconimopenweathermap/.git/objects/pack/pack-3f2f9cb72363af6314db72e19a67879b1a394c9a.pack to /tmp/nimble_7121/githubcom_juancarlospaconimopenweathermap/.git/objects/pack/tmp_pack_wAsddk
  delete /tmp/nimble_7121/githubcom_juancarlospaconimopenweathermap/.git/objects/pack/tmp_pack_wAsddk
  create hard link from /tmp/nimble_7121/githubcom_juancarlospaconimopenweathermap/.git/objects/pack/pack-3f2f9cb72363af6314db72e19a67879b1a394c9a.idx to /tmp/nimble_7121/githubcom_juancarlospaconimopenweathermap/.git/objects/pack/tmp_idx_VfMYuh
  delete /tmp/nimble_7121/githubcom_juancarlospaconimopenweathermap/.git/objects/pack/tmp_idx_VfMYuh
  rename /tmp/nimble_7121/githubcom_juancarlospaconimopenweathermap/.git/shallow.lock to shallow
  rename /tmp/nimble_7121/githubcom_juancarlospaconimopenweathermap/.git/packed-refs.new to packed-refs
  delete /tmp/nimble_7121/githubcom_juancarlospaconimopenweathermap/.git/packed-refs.lock
  create directory /tmp/nimble_7121/githubcom_juancarlospaconimopenweathermap/.git/refs/remotes
  create directory /tmp/nimble_7121/githubcom_juancarlospaconimopenweathermap/.git/refs/remotes/origin
  create directory /tmp/nimble_7121/githubcom_juancarlospaconimopenweathermap/.git/logs
  create directory /tmp/nimble_7121/githubcom_juancarlospaconimopenweathermap/.git/logs/refs
  create directory /tmp/nimble_7121/githubcom_juancarlospaconimopenweathermap/.git/logs/refs/remotes
  create directory /tmp/nimble_7121/githubcom_juancarlospaconimopenweathermap/.git/logs/refs/remotes/origin
  rename /tmp/nimble_7121/githubcom_juancarlospaconimopenweathermap/.git/refs/remotes/origin/HEAD.lock to HEAD
  rename /tmp/nimble_7121/githubcom_juancarlospaconimopenweathermap/.git/HEAD.lock to HEAD
  create directory /tmp/nimble_7121/githubcom_juancarlospaconimopenweathermap/.git/logs/refs/heads
  rename /tmp/nimble_7121/githubcom_juancarlospaconimopenweathermap/.git/refs/heads/master.lock to master
  delete /tmp/nimble_7121/githubcom_juancarlospaconimopenweathermap/.git/HEAD.lock
  change permissions of /tmp/nimble_7121/githubcom_juancarlospaconimopenweathermap/.git/config.lock to rw-r--r--
  rename /tmp/nimble_7121/githubcom_juancarlospaconimopenweathermap/.git/config.lock to config
  change permissions of /tmp/nimble_7121/githubcom_juancarlospaconimopenweathermap/.git/config.lock to rw-r--r--
  rename /tmp/nimble_7121/githubcom_juancarlospaconimopenweathermap/.git/config.lock to config
  delete /tmp/nimble_7121/githubcom_juancarlospaconimopenweathermap/.git/objects/pack/pack-3f2f9cb72363af6314db72e19a67879b1a394c9a.keep
  create directory /tmp/nimble_7121/githubcom_juancarlospaconimopenweathermap/src
  rename /tmp/nimble_7121/githubcom_juancarlospaconimopenweathermap/.git/index.lock to index
  create directory /tmp
  create directory /tmp/nimblecache
  create directory /tmp/nimblecache/openweathermap_3303016593
  delete /tmp/nimblecache/openweathermap_3303016593/openweathermap.ini
  delete /tmp/nimble_7121.out
  delete /tmp/nimble_7121/githubcom_juancarlospaconimopenweathermap/openweathermap_7121.nims
  create directory /home
  create directory /home/runner
  create directory /home/runner/.nimble
  create directory /home/runner/.nimble/pkgs
  create directory /home/runner/.nimble/pkgs/openweathermap-0.1.0
  create directory /home
  create directory /home/runner
  create directory /home/runner/.nimble
  create directory /home/runner/.nimble/pkgs
  create directory /home/runner/.nimble/pkgs/openweathermap-0.1.0
  change permissions of /home/runner/.nimble/pkgs/openweathermap-0.1.0/openweathermap.nim to rw-r--r--
  change permissions of /home/runner/.nimble/pkgs/openweathermap-0.1.0/openweathermap.nimble to rw-r--r--
  create directory /tmp
  create directory /tmp/nimblecache
  create directory /tmp/nimblecache/openweathermap_2257479452
  delete /tmp/nimblecache/openweathermap_2257479452/openweathermap.ini
  delete /tmp/nimble_7121.out
  delete /home/runner/.nimble/pkgs/openweathermap-0.1.0/openweathermap_7121.nims
  delete /tmp/nimble_7121/githubcom_juancarlospaconimopenweathermap/src/openweathermap.nim
  delete /tmp/nimble_7121/githubcom_juancarlospaconimopenweathermap/src
  delete /tmp/nimble_7121/githubcom_juancarlospaconimopenweathermap/.gitignore
  delete /tmp/nimble_7121/githubcom_juancarlospaconimopenweathermap/LICENSE
  delete /tmp/nimble_7121/githubcom_juancarlospaconimopenweathermap/openweathermap.nimble
  delete /tmp/nimble_7121/githubcom_juancarlospaconimopenweathermap/.git/HEAD
  delete /tmp/nimble_7121/githubcom_juancarlospaconimopenweathermap/.git/config
  delete /tmp/nimble_7121/githubcom_juancarlospaconimopenweathermap/.git/logs/HEAD
  delete /tmp/nimble_7121/githubcom_juancarlospaconimopenweathermap/.git/logs/refs/heads/master
  delete /tmp/nimble_7121/githubcom_juancarlospaconimopenweathermap/.git/logs/refs/heads
  delete /tmp/nimble_7121/githubcom_juancarlospaconimopenweathermap/.git/logs/refs/remotes/origin/HEAD
  delete /tmp/nimble_7121/githubcom_juancarlospaconimopenweathermap/.git/logs/refs/remotes/origin
  delete /tmp/nimble_7121/githubcom_juancarlospaconimopenweathermap/.git/logs/refs/remotes
  delete /tmp/nimble_7121/githubcom_juancarlospaconimopenweathermap/.git/logs/refs
  delete /tmp/nimble_7121/githubcom_juancarlospaconimopenweathermap/.git/logs
  delete /tmp/nimble_7121/githubcom_juancarlospaconimopenweathermap/.git/branches
  delete /tmp/nimble_7121/githubcom_juancarlospaconimopenweathermap/.git/packed-refs
  delete /tmp/nimble_7121/githubcom_juancarlospaconimopenweathermap/.git/refs/heads/master
  delete /tmp/nimble_7121/githubcom_juancarlospaconimopenweathermap/.git/refs/heads
  delete /tmp/nimble_7121/githubcom_juancarlospaconimopenweathermap/.git/refs/tags
  delete /tmp/nimble_7121/githubcom_juancarlospaconimopenweathermap/.git/refs/remotes/origin/HEAD
  delete /tmp/nimble_7121/githubcom_juancarlospaconimopenweathermap/.git/refs/remotes/origin
  delete /tmp/nimble_7121/githubcom_juancarlospaconimopenweathermap/.git/refs/remotes
  delete /tmp/nimble_7121/githubcom_juancarlospaconimopenweathermap/.git/refs
  delete /tmp/nimble_7121/githubcom_juancarlospaconimopenweathermap/.git/hooks/fsmonitor-watchman.sample
  delete /tmp/nimble_7121/githubcom_juancarlospaconimopenweathermap/.git/hooks/pre-rebase.sample
  delete /tmp/nimble_7121/githubcom_juancarlospaconimopenweathermap/.git/hooks/pre-push.sample
  delete /tmp/nimble_7121/githubcom_juancarlospaconimopenweathermap/.git/hooks/pre-applypatch.sample
  delete /tmp/nimble_7121/githubcom_juancarlospaconimopenweathermap/.git/hooks/pre-receive.sample
  delete /tmp/nimble_7121/githubcom_juancarlospaconimopenweathermap/.git/hooks/commit-msg.sample
  delete /tmp/nimble_7121/githubcom_juancarlospaconimopenweathermap/.git/hooks/pre-merge-commit.sample
  delete /tmp/nimble_7121/githubcom_juancarlospaconimopenweathermap/.git/hooks/prepare-commit-msg.sample
  delete /tmp/nimble_7121/githubcom_juancarlospaconimopenweathermap/.git/hooks/pre-commit.sample
  delete /tmp/nimble_7121/githubcom_juancarlospaconimopenweathermap/.git/hooks/update.sample
  delete /tmp/nimble_7121/githubcom_juancarlospaconimopenweathermap/.git/hooks/applypatch-msg.sample
  delete /tmp/nimble_7121/githubcom_juancarlospaconimopenweathermap/.git/hooks/post-update.sample
  delete /tmp/nimble_7121/githubcom_juancarlospaconimopenweathermap/.git/hooks
  delete /tmp/nimble_7121/githubcom_juancarlospaconimopenweathermap/.git/index
  delete /tmp/nimble_7121/githubcom_juancarlospaconimopenweathermap/.git/info/exclude
  delete /tmp/nimble_7121/githubcom_juancarlospaconimopenweathermap/.git/info
  delete /tmp/nimble_7121/githubcom_juancarlospaconimopenweathermap/.git/shallow
  delete /tmp/nimble_7121/githubcom_juancarlospaconimopenweathermap/.git/description
  delete /tmp/nimble_7121/githubcom_juancarlospaconimopenweathermap/.git/objects/pack/pack-3f2f9cb72363af6314db72e19a67879b1a394c9a.idx
  delete /tmp/nimble_7121/githubcom_juancarlospaconimopenweathermap/.git/objects/pack/pack-3f2f9cb72363af6314db72e19a67879b1a394c9a.pack
  delete /tmp/nimble_7121/githubcom_juancarlospaconimopenweathermap/.git/objects/pack
  delete /tmp/nimble_7121/githubcom_juancarlospaconimopenweathermap/.git/objects/info
  delete /tmp/nimble_7121/githubcom_juancarlospaconimopenweathermap/.git/objects
  delete /tmp/nimble_7121/githubcom_juancarlospaconimopenweathermap/.git
  delete /tmp/nimble_7121/githubcom_juancarlospaconimopenweathermap/README.md
  delete /tmp/nimble_7121/githubcom_juancarlospaconimopenweathermap/owm.jpg
  delete /tmp/nimble_7121/githubcom_juancarlospaconimopenweathermap
  delete /tmp/nimble_7121
