      Info: Package cache path /home/runner/.nimble/pkgcache
     Info:  Nimble data file "/home/runner/.nimble/nimbledata2.json" has been loaded.
    Reading official package list
Downloading https://github.com/juancarlospaco/nim-open-elevation using git
    Cloning latest tagged version: 0.1.5
open('/workspace/destdir/ssl/openssl.cnf', 32768, 0x00000000000001b6)
open('/home/runner/.config/nimble/nimble.ini', 557056, 0x00000000000001b6)
open('/home/runner/.config/babel/babel.ini', 557056, 0x00000000000001b6)
writev(1, 0x00007ffc28f52850, 2)
open('/home/runner/.nimble/nimbledata2.json', 557056, 0x00000000000001b6)
writev(1, 0x00007ffc28f52920, 2)
writev(1, 0x00007ffe45be7330, 2)
writev(1, 0x00007ffe45be73c0, 2)
writev(1, 0x00007ffe45be73c0, 2)
writev(1, 0x00007ffe45be73c0, 2)
writev(1, 0x00007ffc28f51350, 2)
open('/home/runner/.nimble/packages_official.json', 557056, 0x00000000000001b6)
mkdir('/home/', 0x00000000000001ff)
mkdir('/home/runner/', 0x00000000000001ff)
mkdir('/home/runner/.nimble/', 0x00000000000001ff)
mkdir('/home/runner/.nimble/pkgcache/', 0x00000000000001ff)
mkdir('/home/runner/.nimble/pkgcache/githubcom_juancarlospaconimopenelevation', 0x00000000000001ff)
open('/home/runner/.nimble/pkgcache/githubcom_juancarlospaconimopenelevation', 622592, 0x0000000000000000)
writev(1, 0x00007ffc28f51390, 2)
open('/home/runner/.nimble/pkgcache/githubcom_juancarlospaconimopenelevation', 622592, 0x0000000000000000)
rmdir('/home/runner/.nimble/pkgcache/githubcom_juancarlospaconimopenelevation')
writev(1, 0x00007ffc28f51280, 2)
mkdir(94179189012496, 0x00000000000001ff)
Error tracing process: readBytes(0x000055a7cd1b3810, 256) error: [Errno 5] Input/output error.
