    Reading official package list
Downloading https://github.com/dom96/nim-opencv using git
  Verifying dependencies for opencv@0.1.0
 Installing opencv@0.1.0
    Copying file /tmp/nimble_2795/githubcom_dom96nimopencv/opencv/imgproc/iptypes.nim to /home/runner/.nimble/pkgs/opencv-0.1.0/opencv/imgproc/iptypes.nim
    Copying file /tmp/nimble_2795/githubcom_dom96nimopencv/opencv/highgui.nim to /home/runner/.nimble/pkgs/opencv-0.1.0/opencv/highgui.nim
    Copying file /tmp/nimble_2795/githubcom_dom96nimopencv/opencv/imgproc.nim to /home/runner/.nimble/pkgs/opencv-0.1.0/opencv/imgproc.nim
    Copying file /tmp/nimble_2795/githubcom_dom96nimopencv/opencv/core.nim to /home/runner/.nimble/pkgs/opencv-0.1.0/opencv/core.nim
mkdir('/tmp', 0x00000000000001ff)
mkdir('/tmp/nimble_2795', 0x00000000000001ff)
mkdir('/tmp/nimble_2795/githubcom_dom96nimopencv', 0x00000000000001ff)
rmdir('/tmp/nimble_2795/githubcom_dom96nimopencv')
mkdir('/tmp/nimble_2795/githubcom_dom96nimopencv', 0x00000000000001ff)
mkdir('/tmp/nimble_2795/githubcom_dom96nimopencv/.git', 0x00000000000001ff)
mkdir('/tmp/nimble_2795/githubcom_dom96nimopencv/.git/', 0x00000000000001ff)
mkdir('/tmp/nimble_2795/githubcom_dom96nimopencv/.git/branches/', 0x00000000000001ff)
mkdir('/tmp/nimble_2795/githubcom_dom96nimopencv/.git/hooks/', 0x00000000000001ff)
mkdir('/tmp/nimble_2795/githubcom_dom96nimopencv/.git/info/', 0x00000000000001ff)
mkdir('/tmp/nimble_2795/githubcom_dom96nimopencv/.git/refs', 0x00000000000001ff)
mkdir('/tmp/nimble_2795/githubcom_dom96nimopencv/.git/refs/heads', 0x00000000000001ff)
mkdir('/tmp/nimble_2795/githubcom_dom96nimopencv/.git/refs/tags', 0x00000000000001ff)
rename('/tmp/nimble_2795/githubcom_dom96nimopencv/.git/HEAD.lock', '/tmp/nimble_2795/githubcom_dom96nimopencv/.git/HEAD')
rename('/tmp/nimble_2795/githubcom_dom96nimopencv/.git/config.lock', '/tmp/nimble_2795/githubcom_dom96nimopencv/.git/config')
chmod('/tmp/nimble_2795/githubcom_dom96nimopencv/.git/config', 0x00000000000081e4)
chmod('/tmp/nimble_2795/githubcom_dom96nimopencv/.git/config', 0x00000000000081a4)
chmod('/tmp/nimble_2795/githubcom_dom96nimopencv/.git/config.lock', 0x00000000000001a4)
rename('/tmp/nimble_2795/githubcom_dom96nimopencv/.git/config.lock', '/tmp/nimble_2795/githubcom_dom96nimopencv/.git/config')
chmod('/tmp/nimble_2795/githubcom_dom96nimopencv/.git/config.lock', 0x00000000000001a4)
rename('/tmp/nimble_2795/githubcom_dom96nimopencv/.git/config.lock', '/tmp/nimble_2795/githubcom_dom96nimopencv/.git/config')
chmod('/tmp/nimble_2795/githubcom_dom96nimopencv/.git/config.lock', 0x00000000000001a4)
rename('/tmp/nimble_2795/githubcom_dom96nimopencv/.git/config.lock', '/tmp/nimble_2795/githubcom_dom96nimopencv/.git/config')
unlink('/tmp/nimble_2795/githubcom_dom96nimopencv/.git/thgo7PW')
symlink('testing', '/tmp/nimble_2795/githubcom_dom96nimopencv/.git/thgo7PW')
unlink('/tmp/nimble_2795/githubcom_dom96nimopencv/.git/thgo7PW')
mkdir('/tmp/nimble_2795/githubcom_dom96nimopencv/.git/objects', 0x00000000000001ff)
mkdir('/tmp/nimble_2795/githubcom_dom96nimopencv/.git/objects/pack', 0x00000000000001ff)
mkdir('/tmp/nimble_2795/githubcom_dom96nimopencv/.git/objects/info', 0x00000000000001ff)
chmod('/tmp/nimble_2795/githubcom_dom96nimopencv/.git/config.lock', 0x00000000000001a4)
rename('/tmp/nimble_2795/githubcom_dom96nimopencv/.git/config.lock', '/tmp/nimble_2795/githubcom_dom96nimopencv/.git/config')
chmod('/tmp/nimble_2795/githubcom_dom96nimopencv/.git/config.lock', 0x00000000000001a4)
rename('/tmp/nimble_2795/githubcom_dom96nimopencv/.git/config.lock', '/tmp/nimble_2795/githubcom_dom96nimopencv/.git/config')
chmod('/tmp/nimble_2795/githubcom_dom96nimopencv/.git/config.lock', 0x00000000000001a4)
rename('/tmp/nimble_2795/githubcom_dom96nimopencv/.git/config.lock', '/tmp/nimble_2795/githubcom_dom96nimopencv/.git/config')
link('/tmp/nimble_2795/githubcom_dom96nimopencv/.git/objects/pack/tmp_pack_GLMUI5', '/tmp/nimble_2795/githubcom_dom96nimopencv/.git/objects/pack/pack-8e4f9e483865ca8d0de8bed5f5a7670660ce3621.pack')
unlink('/tmp/nimble_2795/githubcom_dom96nimopencv/.git/objects/pack/tmp_pack_GLMUI5')
link('/tmp/nimble_2795/githubcom_dom96nimopencv/.git/objects/pack/tmp_idx_TJWXoe', '/tmp/nimble_2795/githubcom_dom96nimopencv/.git/objects/pack/pack-8e4f9e483865ca8d0de8bed5f5a7670660ce3621.idx')
unlink('/tmp/nimble_2795/githubcom_dom96nimopencv/.git/objects/pack/tmp_idx_TJWXoe')
rename('/tmp/nimble_2795/githubcom_dom96nimopencv/.git/shallow.lock', '/tmp/nimble_2795/githubcom_dom96nimopencv/.git/shallow')
rename('/tmp/nimble_2795/githubcom_dom96nimopencv/.git/packed-refs.new', '/tmp/nimble_2795/githubcom_dom96nimopencv/.git/packed-refs')
unlink('/tmp/nimble_2795/githubcom_dom96nimopencv/.git/packed-refs.lock')
mkdir('/tmp/nimble_2795/githubcom_dom96nimopencv/.git/refs/remotes', 0x00000000000001ff)
mkdir('/tmp/nimble_2795/githubcom_dom96nimopencv/.git/refs/remotes/origin', 0x00000000000001ff)
mkdir('/tmp/nimble_2795/githubcom_dom96nimopencv/.git/logs', 0x00000000000001ff)
mkdir('/tmp/nimble_2795/githubcom_dom96nimopencv/.git/logs/refs', 0x00000000000001ff)
mkdir('/tmp/nimble_2795/githubcom_dom96nimopencv/.git/logs/refs/remotes', 0x00000000000001ff)
mkdir('/tmp/nimble_2795/githubcom_dom96nimopencv/.git/logs/refs/remotes/origin', 0x00000000000001ff)
rename('/tmp/nimble_2795/githubcom_dom96nimopencv/.git/refs/remotes/origin/HEAD.lock', '/tmp/nimble_2795/githubcom_dom96nimopencv/.git/refs/remotes/origin/HEAD')
rename('/tmp/nimble_2795/githubcom_dom96nimopencv/.git/HEAD.lock', '/tmp/nimble_2795/githubcom_dom96nimopencv/.git/HEAD')
mkdir('/tmp/nimble_2795/githubcom_dom96nimopencv/.git/logs/refs/heads', 0x00000000000001ff)
rename('/tmp/nimble_2795/githubcom_dom96nimopencv/.git/refs/heads/master.lock', '/tmp/nimble_2795/githubcom_dom96nimopencv/.git/refs/heads/master')
unlink('/tmp/nimble_2795/githubcom_dom96nimopencv/.git/HEAD.lock')
chmod('/tmp/nimble_2795/githubcom_dom96nimopencv/.git/config.lock', 0x00000000000001a4)
rename('/tmp/nimble_2795/githubcom_dom96nimopencv/.git/config.lock', '/tmp/nimble_2795/githubcom_dom96nimopencv/.git/config')
chmod('/tmp/nimble_2795/githubcom_dom96nimopencv/.git/config.lock', 0x00000000000001a4)
rename('/tmp/nimble_2795/githubcom_dom96nimopencv/.git/config.lock', '/tmp/nimble_2795/githubcom_dom96nimopencv/.git/config')
unlink('/tmp/nimble_2795/githubcom_dom96nimopencv/.git/objects/pack/pack-8e4f9e483865ca8d0de8bed5f5a7670660ce3621.keep')
mkdir('opencv', 0x00000000000001ff)
mkdir('opencv/imgproc', 0x00000000000001ff)
mkdir('tests', 0x00000000000001ff)
rename('/tmp/nimble_2795/githubcom_dom96nimopencv/.git/index.lock', '/tmp/nimble_2795/githubcom_dom96nimopencv/.git/index')
mkdir('/home', 0x00000000000001ff)
mkdir('/home/runner', 0x00000000000001ff)
mkdir('/home/runner/.nimble', 0x00000000000001ff)
mkdir('/home/runner/.nimble/pkgs', 0x00000000000001ff)
mkdir('/home/runner/.nimble/pkgs/opencv-0.1.0', 0x00000000000001ff)
mkdir('/home', 0x00000000000001ff)
mkdir('/home/runner', 0x00000000000001ff)
mkdir('/home/runner/.nimble', 0x00000000000001ff)
mkdir('/home/runner/.nimble/pkgs', 0x00000000000001ff)
mkdir('/home/runner/.nimble/pkgs/opencv-0.1.0', 0x00000000000001ff)
mkdir('/home/runner/.nimble/pkgs/opencv-0.1.0/opencv', 0x00000000000001ff)
mkdir('/home/runner/.nimble/pkgs/opencv-0.1.0/opencv/imgproc', 0x00000000000001ff)
chmod('/home/runner/.nimble/pkgs/opencv-0.1.0/opencv/imgproc/iptypes.nim', 0x00000000000001a4)
mkdir('/home', 0x00000000000001ff)
mkdir('/home/runner', 0x00000000000001ff)
mkdir('/home/runner/.nimble', 0x00000000000001ff)
mkdir('/home/runner/.nimble/pkgs', 0x00000000000001ff)
mkdir('/home/runner/.nimble/pkgs/opencv-0.1.0', 0x00000000000001ff)
mkdir('/home/runner/.nimble/pkgs/opencv-0.1.0/opencv', 0x00000000000001ff)
chmod('/home/runner/.nimble/pkgs/opencv-0.1.0/opencv/highgui.nim', 0x00000000000001a4)
mkdir('/home', 0x00000000000001ff)
mkdir('/home/runner', 0x00000000000001ff)
mkdir('/home/runner/.nimble', 0x00000000000001ff)
mkdir('/home/runner/.nimble/pkgs', 0x00000000000001ff)
mkdir('/home/runner/.nimble/pkgs/opencv-0.1.0', 0x00000000000001ff)
mkdir('/home/runner/.nimble/pkgs/opencv-0.1.0/opencv', 0x00000000000001ff)
chmod('/home/runner/.nimble/pkgs/opencv-0.1.0/opencv/imgproc.nim', 0x00000000000001a4)
mkdir('/home', 0x00000000000001ff)
mkdir('/home/runner', 0x00000000000001ff)
mkdir('/home/runner/.nimble', 0x00000000000001ff)
mkdir('/home/runner/.nimble/pkgs', 0x00000000000001ff)
mkdir('/home/runner/.nimble/pkgs/opencv-0.1.0', 0x00000000000001ff)
mkdir('/home/runner/.nimble/pkgs/opencv-0.1.0/opencv', 0x00000000000001ff)
chmod('/home/runner/.nimble/pkgs/opencv-0.1.0/opencv/core.nim', 0x00000000000001a4)
mkdir('/home', 0x00000000000001ff)
mkdir('/home/runner', 0x00000000000001ff)
mkdir('/home/runner/.nimble', 0x00000000000001ff)
mkdir('/home/runner/.nimble/pkgs', 0x00000000000001ff)
mkdir('/home/runner/.nimble/pkgs/opencv-0.1.0', 0x00000000000001ff)
mkdir('/home/runner/.nimble/pkgs/opencv-0.1.0/opencv', 0x00000000000001ff)    Copying file /tmp/nimble_2795/githubcom_dom96nimopencv/opencv/types.nim to /home/runner/.nimble/pkgs/opencv-0.1.0/opencv/types.nim
    Copying file /tmp/nimble_2795/githubcom_dom96nimopencv/opencv/imgproc.nim.cfg to /home/runner/.nimble/pkgs/opencv-0.1.0/opencv/imgproc.nim.cfg
    Copying file /tmp/nimble_2795/githubcom_dom96nimopencv/opencv.nimble to /home/runner/.nimble/pkgs/opencv-0.1.0/opencv.nimble
   Success: opencv installed successfully.

chmod('/home/runner/.nimble/pkgs/opencv-0.1.0/opencv/types.nim', 0x00000000000001a4)
mkdir('/home', 0x00000000000001ff)
mkdir('/home/runner', 0x00000000000001ff)
mkdir('/home/runner/.nimble', 0x00000000000001ff)
mkdir('/home/runner/.nimble/pkgs', 0x00000000000001ff)
mkdir('/home/runner/.nimble/pkgs/opencv-0.1.0', 0x00000000000001ff)
mkdir('/home/runner/.nimble/pkgs/opencv-0.1.0/opencv', 0x00000000000001ff)
chmod('/home/runner/.nimble/pkgs/opencv-0.1.0/opencv/imgproc.nim.cfg', 0x00000000000001a4)
chmod('/home/runner/.nimble/pkgs/opencv-0.1.0/opencv.nimble', 0x00000000000001a4)
unlink('/tmp/nimble_2795/githubcom_dom96nimopencv/.gitignore')
unlink('/tmp/nimble_2795/githubcom_dom96nimopencv/opencv.nimble')
unlink('/tmp/nimble_2795/githubcom_dom96nimopencv/opencv/imgproc/iptypes.nim')
rmdir('/tmp/nimble_2795/githubcom_dom96nimopencv/opencv/imgproc')
unlink('/tmp/nimble_2795/githubcom_dom96nimopencv/opencv/highgui.nim')
unlink('/tmp/nimble_2795/githubcom_dom96nimopencv/opencv/imgproc.nim')
unlink('/tmp/nimble_2795/githubcom_dom96nimopencv/opencv/core.nim')
unlink('/tmp/nimble_2795/githubcom_dom96nimopencv/opencv/types.nim')
unlink('/tmp/nimble_2795/githubcom_dom96nimopencv/opencv/imgproc.nim.cfg')
rmdir('/tmp/nimble_2795/githubcom_dom96nimopencv/opencv')
unlink('/tmp/nimble_2795/githubcom_dom96nimopencv/.git/HEAD')
unlink('/tmp/nimble_2795/githubcom_dom96nimopencv/.git/config')
unlink('/tmp/nimble_2795/githubcom_dom96nimopencv/.git/logs/HEAD')
unlink('/tmp/nimble_2795/githubcom_dom96nimopencv/.git/logs/refs/heads/master')
rmdir('/tmp/nimble_2795/githubcom_dom96nimopencv/.git/logs/refs/heads')
unlink('/tmp/nimble_2795/githubcom_dom96nimopencv/.git/logs/refs/remotes/origin/HEAD')
rmdir('/tmp/nimble_2795/githubcom_dom96nimopencv/.git/logs/refs/remotes/origin')
rmdir('/tmp/nimble_2795/githubcom_dom96nimopencv/.git/logs/refs/remotes')
rmdir('/tmp/nimble_2795/githubcom_dom96nimopencv/.git/logs/refs')
rmdir('/tmp/nimble_2795/githubcom_dom96nimopencv/.git/logs')
rmdir('/tmp/nimble_2795/githubcom_dom96nimopencv/.git/branches')
unlink('/tmp/nimble_2795/githubcom_dom96nimopencv/.git/packed-refs')
unlink('/tmp/nimble_2795/githubcom_dom96nimopencv/.git/refs/heads/master')
rmdir('/tmp/nimble_2795/githubcom_dom96nimopencv/.git/refs/heads')
rmdir('/tmp/nimble_2795/githubcom_dom96nimopencv/.git/refs/tags')
unlink('/tmp/nimble_2795/githubcom_dom96nimopencv/.git/refs/remotes/origin/HEAD')
rmdir('/tmp/nimble_2795/githubcom_dom96nimopencv/.git/refs/remotes/origin')
rmdir('/tmp/nimble_2795/githubcom_dom96nimopencv/.git/refs/remotes')
rmdir('/tmp/nimble_2795/githubcom_dom96nimopencv/.git/refs')
unlink('/tmp/nimble_2795/githubcom_dom96nimopencv/.git/hooks/fsmonitor-watchman.sample')
unlink('/tmp/nimble_2795/githubcom_dom96nimopencv/.git/hooks/pre-rebase.sample')
unlink('/tmp/nimble_2795/githubcom_dom96nimopencv/.git/hooks/pre-push.sample')
unlink('/tmp/nimble_2795/githubcom_dom96nimopencv/.git/hooks/pre-applypatch.sample')
unlink('/tmp/nimble_2795/githubcom_dom96nimopencv/.git/hooks/pre-receive.sample')
unlink('/tmp/nimble_2795/githubcom_dom96nimopencv/.git/hooks/commit-msg.sample')
unlink('/tmp/nimble_2795/githubcom_dom96nimopencv/.git/hooks/pre-merge-commit.sample')
unlink('/tmp/nimble_2795/githubcom_dom96nimopencv/.git/hooks/prepare-commit-msg.sample')
unlink('/tmp/nimble_2795/githubcom_dom96nimopencv/.git/hooks/pre-commit.sample')
unlink('/tmp/nimble_2795/githubcom_dom96nimopencv/.git/hooks/update.sample')
unlink('/tmp/nimble_2795/githubcom_dom96nimopencv/.git/hooks/applypatch-msg.sample')
unlink('/tmp/nimble_2795/githubcom_dom96nimopencv/.git/hooks/post-update.sample')
rmdir('/tmp/nimble_2795/githubcom_dom96nimopencv/.git/hooks')
unlink('/tmp/nimble_2795/githubcom_dom96nimopencv/.git/index')
unlink('/tmp/nimble_2795/githubcom_dom96nimopencv/.git/info/exclude')
rmdir('/tmp/nimble_2795/githubcom_dom96nimopencv/.git/info')
unlink('/tmp/nimble_2795/githubcom_dom96nimopencv/.git/shallow')
unlink('/tmp/nimble_2795/githubcom_dom96nimopencv/.git/description')
unlink('/tmp/nimble_2795/githubcom_dom96nimopencv/.git/objects/pack/pack-8e4f9e483865ca8d0de8bed5f5a7670660ce3621.pack')
unlink('/tmp/nimble_2795/githubcom_dom96nimopencv/.git/objects/pack/pack-8e4f9e483865ca8d0de8bed5f5a7670660ce3621.idx')
rmdir('/tmp/nimble_2795/githubcom_dom96nimopencv/.git/objects/pack')
rmdir('/tmp/nimble_2795/githubcom_dom96nimopencv/.git/objects/info')
rmdir('/tmp/nimble_2795/githubcom_dom96nimopencv/.git/objects')
rmdir('/tmp/nimble_2795/githubcom_dom96nimopencv/.git')
unlink('/tmp/nimble_2795/githubcom_dom96nimopencv/license.md')
unlink('/tmp/nimble_2795/githubcom_dom96nimopencv/readme.md')
unlink('/tmp/nimble_2795/githubcom_dom96nimopencv/tests/qr_box_template.png')
unlink('/tmp/nimble_2795/githubcom_dom96nimopencv/tests/picture.nim')
unlink('/tmp/nimble_2795/githubcom_dom96nimopencv/tests/camera.nim.cfg')
unlink('/tmp/nimble_2795/githubcom_dom96nimopencv/tests/qr_nim.png')
unlink('/tmp/nimble_2795/githubcom_dom96nimopencv/tests/picture.nim.cfg')
unlink('/tmp/nimble_2795/githubcom_dom96nimopencv/tests/camera.nim')
rmdir('/tmp/nimble_2795/githubcom_dom96nimopencv/tests')
rmdir('/tmp/nimble_2795/githubcom_dom96nimopencv')
rmdir('/tmp/nimble_2795')
  create directory /tmp
  create directory /tmp/nimble_2795
  create directory /tmp/nimble_2795/githubcom_dom96nimopencv
  delete /tmp/nimble_2795/githubcom_dom96nimopencv
  create directory /tmp/nimble_2795/githubcom_dom96nimopencv
  create directory /tmp/nimble_2795/githubcom_dom96nimopencv/.git
  create directory /tmp/nimble_2795/githubcom_dom96nimopencv/.git
  create directory /tmp/nimble_2795/githubcom_dom96nimopencv/.git/branches
  create directory /tmp/nimble_2795/githubcom_dom96nimopencv/.git/hooks
  create directory /tmp/nimble_2795/githubcom_dom96nimopencv/.git/info
  create directory /tmp/nimble_2795/githubcom_dom96nimopencv/.git/refs
  create directory /tmp/nimble_2795/githubcom_dom96nimopencv/.git/refs/heads
  create directory /tmp/nimble_2795/githubcom_dom96nimopencv/.git/refs/tags
  rename /tmp/nimble_2795/githubcom_dom96nimopencv/.git/HEAD.lock to HEAD
  rename /tmp/nimble_2795/githubcom_dom96nimopencv/.git/config.lock to config
  change permissions of /tmp/nimble_2795/githubcom_dom96nimopencv/.git/config to rwxr--r--
  change permissions of /tmp/nimble_2795/githubcom_dom96nimopencv/.git/config to rw-r--r--
  change permissions of /tmp/nimble_2795/githubcom_dom96nimopencv/.git/config.lock to rw-r--r--
  rename /tmp/nimble_2795/githubcom_dom96nimopencv/.git/config.lock to config
  change permissions of /tmp/nimble_2795/githubcom_dom96nimopencv/.git/config.lock to rw-r--r--
  rename /tmp/nimble_2795/githubcom_dom96nimopencv/.git/config.lock to config
  change permissions of /tmp/nimble_2795/githubcom_dom96nimopencv/.git/config.lock to rw-r--r--
  rename /tmp/nimble_2795/githubcom_dom96nimopencv/.git/config.lock to config
  delete /tmp/nimble_2795/githubcom_dom96nimopencv/.git/thgo7PW
  create symbolic link from /tmp/nimble_2795/githubcom_dom96nimopencv/.git/thgo7PW to /home/runner/work/nim_packages_security_audit/nim_packages_security_audit/testing
  delete /tmp/nimble_2795/githubcom_dom96nimopencv/.git/thgo7PW
  create directory /tmp/nimble_2795/githubcom_dom96nimopencv/.git/objects
  create directory /tmp/nimble_2795/githubcom_dom96nimopencv/.git/objects/pack
  create directory /tmp/nimble_2795/githubcom_dom96nimopencv/.git/objects/info
  change permissions of /tmp/nimble_2795/githubcom_dom96nimopencv/.git/config.lock to rw-r--r--
  rename /tmp/nimble_2795/githubcom_dom96nimopencv/.git/config.lock to config
  change permissions of /tmp/nimble_2795/githubcom_dom96nimopencv/.git/config.lock to rw-r--r--
  rename /tmp/nimble_2795/githubcom_dom96nimopencv/.git/config.lock to config
  change permissions of /tmp/nimble_2795/githubcom_dom96nimopencv/.git/config.lock to rw-r--r--
  rename /tmp/nimble_2795/githubcom_dom96nimopencv/.git/config.lock to config
  create hard link from /tmp/nimble_2795/githubcom_dom96nimopencv/.git/objects/pack/pack-8e4f9e483865ca8d0de8bed5f5a7670660ce3621.pack to /tmp/nimble_2795/githubcom_dom96nimopencv/.git/objects/pack/tmp_pack_GLMUI5
  delete /tmp/nimble_2795/githubcom_dom96nimopencv/.git/objects/pack/tmp_pack_GLMUI5
  create hard link from /tmp/nimble_2795/githubcom_dom96nimopencv/.git/objects/pack/pack-8e4f9e483865ca8d0de8bed5f5a7670660ce3621.idx to /tmp/nimble_2795/githubcom_dom96nimopencv/.git/objects/pack/tmp_idx_TJWXoe
  delete /tmp/nimble_2795/githubcom_dom96nimopencv/.git/objects/pack/tmp_idx_TJWXoe
  rename /tmp/nimble_2795/githubcom_dom96nimopencv/.git/shallow.lock to shallow
  rename /tmp/nimble_2795/githubcom_dom96nimopencv/.git/packed-refs.new to packed-refs
  delete /tmp/nimble_2795/githubcom_dom96nimopencv/.git/packed-refs.lock
  create directory /tmp/nimble_2795/githubcom_dom96nimopencv/.git/refs/remotes
  create directory /tmp/nimble_2795/githubcom_dom96nimopencv/.git/refs/remotes/origin
  create directory /tmp/nimble_2795/githubcom_dom96nimopencv/.git/logs
  create directory /tmp/nimble_2795/githubcom_dom96nimopencv/.git/logs/refs
  create directory /tmp/nimble_2795/githubcom_dom96nimopencv/.git/logs/refs/remotes
  create directory /tmp/nimble_2795/githubcom_dom96nimopencv/.git/logs/refs/remotes/origin
  rename /tmp/nimble_2795/githubcom_dom96nimopencv/.git/refs/remotes/origin/HEAD.lock to HEAD
  rename /tmp/nimble_2795/githubcom_dom96nimopencv/.git/HEAD.lock to HEAD
  create directory /tmp/nimble_2795/githubcom_dom96nimopencv/.git/logs/refs/heads
  rename /tmp/nimble_2795/githubcom_dom96nimopencv/.git/refs/heads/master.lock to master
  delete /tmp/nimble_2795/githubcom_dom96nimopencv/.git/HEAD.lock
  change permissions of /tmp/nimble_2795/githubcom_dom96nimopencv/.git/config.lock to rw-r--r--
  rename /tmp/nimble_2795/githubcom_dom96nimopencv/.git/config.lock to config
  change permissions of /tmp/nimble_2795/githubcom_dom96nimopencv/.git/config.lock to rw-r--r--
  rename /tmp/nimble_2795/githubcom_dom96nimopencv/.git/config.lock to config
  delete /tmp/nimble_2795/githubcom_dom96nimopencv/.git/objects/pack/pack-8e4f9e483865ca8d0de8bed5f5a7670660ce3621.keep
  create directory /tmp/nimble_2795/githubcom_dom96nimopencv/opencv
  create directory /tmp/nimble_2795/githubcom_dom96nimopencv/opencv/imgproc
  create directory /tmp/nimble_2795/githubcom_dom96nimopencv/tests
  rename /tmp/nimble_2795/githubcom_dom96nimopencv/.git/index.lock to index
  create directory /home
  create directory /home/runner
  create directory /home/runner/.nimble
  create directory /home/runner/.nimble/pkgs
  create directory /home/runner/.nimble/pkgs/opencv-0.1.0
  create directory /home
  create directory /home/runner
  create directory /home/runner/.nimble
  create directory /home/runner/.nimble/pkgs
  create directory /home/runner/.nimble/pkgs/opencv-0.1.0
  create directory /home/runner/.nimble/pkgs/opencv-0.1.0/opencv
  create directory /home/runner/.nimble/pkgs/opencv-0.1.0/opencv/imgproc
  change permissions of /home/runner/.nimble/pkgs/opencv-0.1.0/opencv/imgproc/iptypes.nim to rw-r--r--
  create directory /home
  create directory /home/runner
  create directory /home/runner/.nimble
  create directory /home/runner/.nimble/pkgs
  create directory /home/runner/.nimble/pkgs/opencv-0.1.0
  create directory /home/runner/.nimble/pkgs/opencv-0.1.0/opencv
  change permissions of /home/runner/.nimble/pkgs/opencv-0.1.0/opencv/highgui.nim to rw-r--r--
  create directory /home
  create directory /home/runner
  create directory /home/runner/.nimble
  create directory /home/runner/.nimble/pkgs
  create directory /home/runner/.nimble/pkgs/opencv-0.1.0
  create directory /home/runner/.nimble/pkgs/opencv-0.1.0/opencv
  change permissions of /home/runner/.nimble/pkgs/opencv-0.1.0/opencv/imgproc.nim to rw-r--r--
  create directory /home
  create directory /home/runner
  create directory /home/runner/.nimble
  create directory /home/runner/.nimble/pkgs
  create directory /home/runner/.nimble/pkgs/opencv-0.1.0
  create directory /home/runner/.nimble/pkgs/opencv-0.1.0/opencv
  change permissions of /home/runner/.nimble/pkgs/opencv-0.1.0/opencv/core.nim to rw-r--r--
  create directory /home
  create directory /home/runner
  create directory /home/runner/.nimble
  create directory /home/runner/.nimble/pkgs
  create directory /home/runner/.nimble/pkgs/opencv-0.1.0
  create directory /home/runner/.nimble/pkgs/opencv-0.1.0/opencv
  change permissions of /home/runner/.nimble/pkgs/opencv-0.1.0/opencv/types.nim to rw-r--r--
  create directory /home
  create directory /home/runner
  create directory /home/runner/.nimble
  create directory /home/runner/.nimble/pkgs
  create directory /home/runner/.nimble/pkgs/opencv-0.1.0
  create directory /home/runner/.nimble/pkgs/opencv-0.1.0/opencv
  change permissions of /home/runner/.nimble/pkgs/opencv-0.1.0/opencv/imgproc.nim.cfg to rw-r--r--
  change permissions of /home/runner/.nimble/pkgs/opencv-0.1.0/opencv.nimble to rw-r--r--
  delete /tmp/nimble_2795/githubcom_dom96nimopencv/.gitignore
  delete /tmp/nimble_2795/githubcom_dom96nimopencv/opencv.nimble
  delete /tmp/nimble_2795/githubcom_dom96nimopencv/opencv/imgproc/iptypes.nim
  delete /tmp/nimble_2795/githubcom_dom96nimopencv/opencv/imgproc
  delete /tmp/nimble_2795/githubcom_dom96nimopencv/opencv/highgui.nim
  delete /tmp/nimble_2795/githubcom_dom96nimopencv/opencv/imgproc.nim
  delete /tmp/nimble_2795/githubcom_dom96nimopencv/opencv/core.nim
  delete /tmp/nimble_2795/githubcom_dom96nimopencv/opencv/types.nim
  delete /tmp/nimble_2795/githubcom_dom96nimopencv/opencv/imgproc.nim.cfg
  delete /tmp/nimble_2795/githubcom_dom96nimopencv/opencv
  delete /tmp/nimble_2795/githubcom_dom96nimopencv/.git/HEAD
  delete /tmp/nimble_2795/githubcom_dom96nimopencv/.git/config
  delete /tmp/nimble_2795/githubcom_dom96nimopencv/.git/logs/HEAD
  delete /tmp/nimble_2795/githubcom_dom96nimopencv/.git/logs/refs/heads/master
  delete /tmp/nimble_2795/githubcom_dom96nimopencv/.git/logs/refs/heads
  delete /tmp/nimble_2795/githubcom_dom96nimopencv/.git/logs/refs/remotes/origin/HEAD
  delete /tmp/nimble_2795/githubcom_dom96nimopencv/.git/logs/refs/remotes/origin
  delete /tmp/nimble_2795/githubcom_dom96nimopencv/.git/logs/refs/remotes
  delete /tmp/nimble_2795/githubcom_dom96nimopencv/.git/logs/refs
  delete /tmp/nimble_2795/githubcom_dom96nimopencv/.git/logs
  delete /tmp/nimble_2795/githubcom_dom96nimopencv/.git/branches
  delete /tmp/nimble_2795/githubcom_dom96nimopencv/.git/packed-refs
  delete /tmp/nimble_2795/githubcom_dom96nimopencv/.git/refs/heads/master
  delete /tmp/nimble_2795/githubcom_dom96nimopencv/.git/refs/heads
  delete /tmp/nimble_2795/githubcom_dom96nimopencv/.git/refs/tags
  delete /tmp/nimble_2795/githubcom_dom96nimopencv/.git/refs/remotes/origin/HEAD
  delete /tmp/nimble_2795/githubcom_dom96nimopencv/.git/refs/remotes/origin
  delete /tmp/nimble_2795/githubcom_dom96nimopencv/.git/refs/remotes
  delete /tmp/nimble_2795/githubcom_dom96nimopencv/.git/refs
  delete /tmp/nimble_2795/githubcom_dom96nimopencv/.git/hooks/fsmonitor-watchman.sample
  delete /tmp/nimble_2795/githubcom_dom96nimopencv/.git/hooks/pre-rebase.sample
  delete /tmp/nimble_2795/githubcom_dom96nimopencv/.git/hooks/pre-push.sample
  delete /tmp/nimble_2795/githubcom_dom96nimopencv/.git/hooks/pre-applypatch.sample
  delete /tmp/nimble_2795/githubcom_dom96nimopencv/.git/hooks/pre-receive.sample
  delete /tmp/nimble_2795/githubcom_dom96nimopencv/.git/hooks/commit-msg.sample
  delete /tmp/nimble_2795/githubcom_dom96nimopencv/.git/hooks/pre-merge-commit.sample
  delete /tmp/nimble_2795/githubcom_dom96nimopencv/.git/hooks/prepare-commit-msg.sample
  delete /tmp/nimble_2795/githubcom_dom96nimopencv/.git/hooks/pre-commit.sample
  delete /tmp/nimble_2795/githubcom_dom96nimopencv/.git/hooks/update.sample
  delete /tmp/nimble_2795/githubcom_dom96nimopencv/.git/hooks/applypatch-msg.sample
  delete /tmp/nimble_2795/githubcom_dom96nimopencv/.git/hooks/post-update.sample
  delete /tmp/nimble_2795/githubcom_dom96nimopencv/.git/hooks
  delete /tmp/nimble_2795/githubcom_dom96nimopencv/.git/index
  delete /tmp/nimble_2795/githubcom_dom96nimopencv/.git/info/exclude
  delete /tmp/nimble_2795/githubcom_dom96nimopencv/.git/info
  delete /tmp/nimble_2795/githubcom_dom96nimopencv/.git/shallow
  delete /tmp/nimble_2795/githubcom_dom96nimopencv/.git/description
  delete /tmp/nimble_2795/githubcom_dom96nimopencv/.git/objects/pack/pack-8e4f9e483865ca8d0de8bed5f5a7670660ce3621.pack
  delete /tmp/nimble_2795/githubcom_dom96nimopencv/.git/objects/pack/pack-8e4f9e483865ca8d0de8bed5f5a7670660ce3621.idx
  delete /tmp/nimble_2795/githubcom_dom96nimopencv/.git/objects/pack
  delete /tmp/nimble_2795/githubcom_dom96nimopencv/.git/objects/info
  delete /tmp/nimble_2795/githubcom_dom96nimopencv/.git/objects
  delete /tmp/nimble_2795/githubcom_dom96nimopencv/.git
  delete /tmp/nimble_2795/githubcom_dom96nimopencv/license.md
  delete /tmp/nimble_2795/githubcom_dom96nimopencv/readme.md
  delete /tmp/nimble_2795/githubcom_dom96nimopencv/tests/qr_box_template.png
  delete /tmp/nimble_2795/githubcom_dom96nimopencv/tests/picture.nim
  delete /tmp/nimble_2795/githubcom_dom96nimopencv/tests/camera.nim.cfg
  delete /tmp/nimble_2795/githubcom_dom96nimopencv/tests/qr_nim.png
  delete /tmp/nimble_2795/githubcom_dom96nimopencv/tests/picture.nim.cfg
  delete /tmp/nimble_2795/githubcom_dom96nimopencv/tests/camera.nim
  delete /tmp/nimble_2795/githubcom_dom96nimopencv/tests
  delete /tmp/nimble_2795/githubcom_dom96nimopencv
  delete /tmp/nimble_2795
