     Info:  Nimble data file "/home/runner/.nimble/nimbledata2.json" has been loaded.
    Reading official package list
Downloading https://github.com/johnnovak/nim-osdialog using git
    Cloning latest tagged version: v0.2.0
open('/workspace/destdir/ssl/openssl.cnf', 32768, 0x00000000000001b6)
open('/home/runner/.config/nimble/nimble.ini', 557056, 0x00000000000001b6)
open('/home/runner/.config/babel/babel.ini', 557056, 0x00000000000001b6)
open('/home/runner/.nimble/nimbledata2.json', 557056, 0x00000000000001b6)
writev(1, 0x00007ffe0b788560, 2)
open('/home/runner/work/nim_packages_security_audit/nim_packages_security_audit', 622592, 0x0000000000000000)
writev(1, 0x00007ffe0b787c30, 2)
open('/home/runner/.nimble/packages_official.json', 557056, 0x00000000000001b6)
mkdir('/tmp/', 0x00000000000001ff)
mkdir('/tmp/nimble_2720/', 0x00000000000001ff)
mkdir('/tmp/nimble_2720/githubcom_johnnovaknimosdialog', 0x00000000000001ff)
writev(1, 0x00007ffe0b787bf0, 2)
open('/tmp/nimble_2720/githubcom_johnnovaknimosdialog', 622592, 0x0000000000000000)
rmdir('/tmp/nimble_2720/githubcom_johnnovaknimosdialog')
writev(1, 0x00007ffe0b787b60, 2)
mkdir(93828838925936, 0x00000000000001ff)
Error tracing process: readBytes(0x000055563a9d2670, 256) error: [Errno 5] Input/output error.
