      Info: Package cache path /home/runner/.nimble/pkgcache
     Info:  Nimble data file "/home/runner/.nimble/nimbledata2.json" has been loaded.
    Reading official package list
Downloading https://github.com/deadshot465/owoifynim using git
    Cloning latest tagged version: v1.1.0
open('/workspace/destdir/ssl/openssl.cnf', 32768, 0x00000000000001b6)
open('/home/runner/.config/nimble/nimble.ini', 557056, 0x00000000000001b6)
open('/home/runner/.config/babel/babel.ini', 557056, 0x00000000000001b6)
writev(1, 0x00007fff1d5b6990, 2)
open('/home/runner/.nimble/nimbledata2.json', 557056, 0x00000000000001b6)
writev(1, 0x00007fff1d5b6a60, 2)
writev(1, 0x00007fff41517ac0, 2)
writev(1, 0x00007fff41517b50, 2)
writev(1, 0x00007fff41517b50, 2)
writev(1, 0x00007fff41517b50, 2)
writev(1, 0x00007fff1d5b5440, 2)
open('/home/runner/.nimble/packages_official.json', 557056, 0x00000000000001b6)
mkdir('/home/', 0x00000000000001ff)
mkdir('/home/runner/', 0x00000000000001ff)
mkdir('/home/runner/.nimble/', 0x00000000000001ff)
mkdir('/home/runner/.nimble/pkgcache/', 0x00000000000001ff)
mkdir('/home/runner/.nimble/pkgcache/githubcom_deadshot465owoifynim', 0x00000000000001ff)
open('/home/runner/.nimble/pkgcache/githubcom_deadshot465owoifynim', 622592, 0x0000000000000000)
writev(1, 0x00007fff1d5b5520, 2)
open('/home/runner/.nimble/pkgcache/githubcom_deadshot465owoifynim', 622592, 0x0000000000000000)
rmdir('/home/runner/.nimble/pkgcache/githubcom_deadshot465owoifynim')
writev(1, 0x00007fff1d5b5410, 2)
mkdir(94743586798320, 0x00000000000001ff)
Error tracing process: readBytes(0x0000562b35d5faf0, 256) error: [Errno 5] Input/output error.
