      Info: Package cache path /home/runner/.nimble/pkgcache
     Info:  Nimble data file "/home/runner/.nimble/nimbledata2.json" has been loaded.
    Reading official package list
Downloading https://github.com/brentp/nim-lapper using git
    Cloning latest tagged version: v0.1.8
open('/workspace/destdir/ssl/openssl.cnf', 32768, 0x00000000000001b6)
open('/home/runner/.config/nimble/nimble.ini', 557056, 0x00000000000001b6)
open('/home/runner/.config/babel/babel.ini', 557056, 0x00000000000001b6)
writev(1, 0x00007ffda4993020, 2)
open('/home/runner/.nimble/nimbledata2.json', 557056, 0x00000000000001b6)
writev(1, 0x00007ffda49930f0, 2)
writev(1, 0x00007ffc445a6f20, 2)
writev(1, 0x00007ffc445a6fb0, 2)
writev(1, 0x00007ffc445a6fb0, 2)
writev(1, 0x00007ffc445a6fb0, 2)
writev(1, 0x00007ffda4991b20, 2)
open('/home/runner/.nimble/packages_official.json', 557056, 0x00000000000001b6)
mkdir('/home/', 0x00000000000001ff)
mkdir('/home/runner/', 0x00000000000001ff)
mkdir('/home/runner/.nimble/', 0x00000000000001ff)
mkdir('/home/runner/.nimble/pkgcache/', 0x00000000000001ff)
mkdir('/home/runner/.nimble/pkgcache/githubcom_brentpnimlapper', 0x00000000000001ff)
open('/home/runner/.nimble/pkgcache/githubcom_brentpnimlapper', 622592, 0x0000000000000000)
writev(1, 0x00007ffda4991b60, 2)
open('/home/runner/.nimble/pkgcache/githubcom_brentpnimlapper', 622592, 0x0000000000000000)
rmdir('/home/runner/.nimble/pkgcache/githubcom_brentpnimlapper')
writev(1, 0x00007ffda4991a50, 2)
mkdir(94528215349152, 0x00000000000001ff)
Error tracing process: readBytes(0x000055f910b277a0, 256) error: [Errno 5] Input/output error.
