      Info: Package cache path /home/runner/.nimble/pkgcache
     Info:  Nimble data file "/home/runner/.nimble/nimbledata2.json" has been loaded.
    Reading official package list
Downloading https://gitlab.com/tandy1000/lastfm-nim using git
    Cloning latest tagged version: 0.8.2
open('/workspace/destdir/ssl/openssl.cnf', 32768, 0x00000000000001b6)
open('/home/runner/.config/nimble/nimble.ini', 557056, 0x00000000000001b6)
open('/home/runner/.config/babel/babel.ini', 557056, 0x00000000000001b6)
writev(1, 0x00007ffc288d8820, 2)
open('/home/runner/.nimble/nimbledata2.json', 557056, 0x00000000000001b6)
writev(1, 0x00007ffc288d88f0, 2)
writev(1, 0x00007fff813c0f80, 2)
writev(1, 0x00007fff813c1010, 2)
writev(1, 0x00007fff813c1010, 2)
writev(1, 0x00007fff813c1010, 2)
writev(1, 0x00007ffc288d7320, 2)
open('/home/runner/.nimble/packages_official.json', 557056, 0x00000000000001b6)
mkdir('/home/', 0x00000000000001ff)
mkdir('/home/runner/', 0x00000000000001ff)
mkdir('/home/runner/.nimble/', 0x00000000000001ff)
mkdir('/home/runner/.nimble/pkgcache/', 0x00000000000001ff)
mkdir('/home/runner/.nimble/pkgcache/gitlabcom_tandy1000lastfmnim', 0x00000000000001ff)
open('/home/runner/.nimble/pkgcache/gitlabcom_tandy1000lastfmnim', 622592, 0x0000000000000000)
writev(1, 0x00007ffc288d7360, 2)
open('/home/runner/.nimble/pkgcache/gitlabcom_tandy1000lastfmnim', 622592, 0x0000000000000000)
rmdir('/home/runner/.nimble/pkgcache/gitlabcom_tandy1000lastfmnim')
writev(1, 0x00007ffc288d7250, 2)
mkdir(94269355280384, 0x00000000000001ff)
Error tracing process: readBytes(0x000055bccb6f4800, 256) error: [Errno 5] Input/output error.
