      Info: Package cache path /home/runner/.nimble/pkgcache
     Info:  Nimble data file "/home/runner/.nimble/nimbledata2.json" has been loaded.
    Reading official package list
Downloading https://github.com/Vindaar/LatexDSL using git
    Cloning latest tagged version: v0.2.2
open('/workspace/destdir/ssl/openssl.cnf', 32768, 0x00000000000001b6)
open('/home/runner/.config/nimble/nimble.ini', 557056, 0x00000000000001b6)
open('/home/runner/.config/babel/babel.ini', 557056, 0x00000000000001b6)
writev(1, 0x00007ffe4c7daf10, 2)
open('/home/runner/.nimble/nimbledata2.json', 557056, 0x00000000000001b6)
writev(1, 0x00007ffe4c7dafe0, 2)
writev(1, 0x00007ffd8def1b20, 2)
writev(1, 0x00007ffd8def1bb0, 2)
writev(1, 0x00007ffd8def1bb0, 2)
writev(1, 0x00007ffd8def1bb0, 2)
writev(1, 0x00007ffe4c7d9a10, 2)
open('/home/runner/.nimble/packages_official.json', 557056, 0x00000000000001b6)
mkdir('/home/', 0x00000000000001ff)
mkdir('/home/runner/', 0x00000000000001ff)
mkdir('/home/runner/.nimble/', 0x00000000000001ff)
mkdir('/home/runner/.nimble/pkgcache/', 0x00000000000001ff)
mkdir('/home/runner/.nimble/pkgcache/githubcom_VindaarLatexDSL', 0x00000000000001ff)
open('/home/runner/.nimble/pkgcache/githubcom_VindaarLatexDSL', 622592, 0x0000000000000000)
writev(1, 0x00007ffe4c7d9a50, 2)
open('/home/runner/.nimble/pkgcache/githubcom_VindaarLatexDSL', 622592, 0x0000000000000000)
rmdir('/home/runner/.nimble/pkgcache/githubcom_VindaarLatexDSL')
writev(1, 0x00007ffe4c7d9940, 2)
mkdir(94765024917408, 0x00000000000001ff)
Error tracing process: readBytes(0x0000563033a5b7a0, 256) error: [Errno 5] Input/output error.
