     Info:  Nimble data file "/home/runner/.nimble/nimbledata2.json" has been loaded.
    Reading official package list
Downloading https://github.com/AmanoTeam/Latinize using git
    Cloning latest tagged version: v0.1
open('/workspace/destdir/ssl/openssl.cnf', 32768, 0x00000000000001b6)
open('/home/runner/.config/nimble/nimble.ini', 557056, 0x00000000000001b6)
open('/home/runner/.config/babel/babel.ini', 557056, 0x00000000000001b6)
open('/home/runner/.nimble/nimbledata2.json', 557056, 0x00000000000001b6)
writev(1, 0x00007fff40ff4370, 2)
open('/home/runner/work/nim_packages_security_audit/nim_packages_security_audit', 622592, 0x0000000000000000)
writev(1, 0x00007fff40ff2fa0, 2)
open('/home/runner/.nimble/packages_official.json', 557056, 0x00000000000001b6)
mkdir('/tmp/', 0x00000000000001ff)
mkdir('/tmp/nimble_3279/', 0x00000000000001ff)
mkdir('/tmp/nimble_3279/githubcom_AmanoTeamLatinize', 0x00000000000001ff)
open('/tmp/nimble_3279/githubcom_AmanoTeamLatinize', 622592, 0x0000000000000000)
writev(1, 0x00007fff40ff3060, 2)
open('/tmp/nimble_3279/githubcom_AmanoTeamLatinize', 622592, 0x0000000000000000)
rmdir('/tmp/nimble_3279/githubcom_AmanoTeamLatinize')
writev(1, 0x00007fff40ff2f50, 2)
mkdir(94375390246304, 0x00000000000001ff)
Error tracing process: readBytes(0x000055d57b9c75a0, 256) error: [Errno 5] Input/output error.
