      Info: Package cache path /home/runner/.nimble/pkgcache
     Info:  Nimble data file "/home/runner/.nimble/nimbledata2.json" has been loaded.
    Reading official package list
Downloading https://github.com/Araq/lazy_rest using git
    Cloning latest tagged version: v0.2.2
open('/workspace/destdir/ssl/openssl.cnf', 32768, 0x00000000000001b6)
open('/home/runner/.config/nimble/nimble.ini', 557056, 0x00000000000001b6)
open('/home/runner/.config/babel/babel.ini', 557056, 0x00000000000001b6)
writev(1, 0x00007fff8a218e30, 2)
open('/home/runner/.nimble/nimbledata2.json', 557056, 0x00000000000001b6)
writev(1, 0x00007fff8a218f00, 2)
writev(1, 0x00007ffe10c0c750, 2)
writev(1, 0x00007ffe10c0c7e0, 2)
writev(1, 0x00007ffe10c0c7e0, 2)
writev(1, 0x00007ffe10c0c7e0, 2)
writev(1, 0x00007fff8a2178e0, 2)
open('/home/runner/.nimble/packages_official.json', 557056, 0x00000000000001b6)
mkdir('/home/', 0x00000000000001ff)
mkdir('/home/runner/', 0x00000000000001ff)
mkdir('/home/runner/.nimble/', 0x00000000000001ff)
mkdir('/home/runner/.nimble/pkgcache/', 0x00000000000001ff)
mkdir('/home/runner/.nimble/pkgcache/githubcom_Araqlazyrest', 0x00000000000001ff)
open('/home/runner/.nimble/pkgcache/githubcom_Araqlazyrest', 622592, 0x0000000000000000)
writev(1, 0x00007fff8a2179c0, 2)
open('/home/runner/.nimble/pkgcache/githubcom_Araqlazyrest', 622592, 0x0000000000000000)
rmdir('/home/runner/.nimble/pkgcache/githubcom_Araqlazyrest')
writev(1, 0x00007fff8a2178b0, 2)
mkdir(93827083864800, 0x00000000000001ff)
Error tracing process: readBytes(0x00005555d2010ae0, 256) error: [Errno 5] Input/output error.
