      Info: Package cache path /home/runner/.nimble/pkgcache
     Info:  Nimble data file "/home/runner/.nimble/nimbledata2.json" has been loaded.
    Reading official package list
Downloading https://github.com/c-blake/lc using git
    Cloning latest tagged version: 0.21.4
open('/workspace/destdir/ssl/openssl.cnf', 32768, 0x00000000000001b6)
open('/home/runner/.config/nimble/nimble.ini', 557056, 0x00000000000001b6)
open('/home/runner/.config/babel/babel.ini', 557056, 0x00000000000001b6)
writev(1, 0x00007ffd5747b560, 2)
open('/home/runner/.nimble/nimbledata2.json', 557056, 0x00000000000001b6)
writev(1, 0x00007ffd5747b630, 2)
writev(1, 0x00007fffa1ec64d0, 2)
writev(1, 0x00007fffa1ec6560, 2)
writev(1, 0x00007fffa1ec6560, 2)
writev(1, 0x00007fffa1ec6560, 2)
writev(1, 0x00007ffd5747a060, 2)
open('/home/runner/.nimble/packages_official.json', 557056, 0x00000000000001b6)
mkdir('/home/', 0x00000000000001ff)
mkdir('/home/runner/', 0x00000000000001ff)
mkdir('/home/runner/.nimble/', 0x00000000000001ff)
mkdir('/home/runner/.nimble/pkgcache/', 0x00000000000001ff)
mkdir('/home/runner/.nimble/pkgcache/githubcom_cblakelc', 0x00000000000001ff)
open('/home/runner/.nimble/pkgcache/githubcom_cblakelc', 622592, 0x0000000000000000)
writev(1, 0x00007ffd5747a0a0, 2)
open('/home/runner/.nimble/pkgcache/githubcom_cblakelc', 622592, 0x0000000000000000)
rmdir('/home/runner/.nimble/pkgcache/githubcom_cblakelc')
writev(1, 0x00007ffd57479f90, 2)
mkdir(94606835627936, 0x00000000000001ff)
Error tracing process: readBytes(0x0000560b5ed4b7a0, 256) error: [Errno 5] Input/output error.
