      Info: Package cache path /home/runner/.nimble/pkgcache
     Info:  Nimble data file "/home/runner/.nimble/nimbledata2.json" has been loaded.
    Reading official package list
Downloading https://github.com/m4ul3r/libcapstone-nim using git
   Warning: The package has no tagged releases, downloading HEAD instead.
open('/workspace/destdir/ssl/openssl.cnf', 32768, 0x00000000000001b6)
open('/home/runner/.config/nimble/nimble.ini', 557056, 0x00000000000001b6)
open('/home/runner/.config/babel/babel.ini', 557056, 0x00000000000001b6)
writev(1, 0x00007fffeb9242b0, 2)
open('/home/runner/.nimble/nimbledata2.json', 557056, 0x00000000000001b6)
writev(1, 0x00007fffeb924380, 2)
writev(1, 0x00007ffc40da0680, 2)
writev(1, 0x00007ffc40da0710, 2)
writev(1, 0x00007ffc40da0710, 2)
writev(1, 0x00007ffc40da0710, 2)
writev(1, 0x00007fffeb922d60, 2)
open('/home/runner/.nimble/packages_official.json', 557056, 0x00000000000001b6)
mkdir('/home/', 0x00000000000001ff)
mkdir('/home/runner/', 0x00000000000001ff)
mkdir('/home/runner/.nimble/', 0x00000000000001ff)
mkdir('/home/runner/.nimble/pkgcache/', 0x00000000000001ff)
mkdir('/home/runner/.nimble/pkgcache/githubcom_m4ul3rlibcapstonenim', 0x00000000000001ff)
open('/home/runner/.nimble/pkgcache/githubcom_m4ul3rlibcapstonenim', 622592, 0x0000000000000000)
writev(1, 0x00007fffeb922e40, 2)
open('/home/runner/.nimble/pkgcache/githubcom_m4ul3rlibcapstonenim', 622592, 0x0000000000000000)
rmdir('/home/runner/.nimble/pkgcache/githubcom_m4ul3rlibcapstonenim')
writev(1, 0x00007fffeb922d30, 2)
mkdir(94812697467648, 0x00000000000001ff)
Error tracing process: readBytes(0x0000563b4d271b00, 256) error: [Errno 5] Input/output error.
