     Info:  Nimble data file "/home/runner/.nimble/nimbledata2.json" has been loaded.
    Reading official package list
Downloading https://github.com/radekm/nim_libdeflate_gzip using git
    Cloning latest tagged version: v0.6.0
open('/workspace/destdir/ssl/openssl.cnf', 32768, 0x00000000000001b6)
open('/home/runner/.config/nimble/nimble.ini', 557056, 0x00000000000001b6)
open('/home/runner/.config/babel/babel.ini', 557056, 0x00000000000001b6)
open('/home/runner/.nimble/nimbledata2.json', 557056, 0x00000000000001b6)
writev(1, 0x00007ffd64d00ae0, 2)
writev(1, 0x00007ffd64d003c0, 2)
open('/home/runner/.nimble/packages_official.json', 557056, 0x00000000000001b6)
mkdir('/tmp/', 0x00000000000001ff)
mkdir('/tmp/nimble_3495/', 0x00000000000001ff)
mkdir('/tmp/nimble_3495/githubcom_radekmnimlibdeflategzip', 0x00000000000001ff)
writev(1, 0x00007ffd64d00390, 2)
open('/tmp/nimble_3495/githubcom_radekmnimlibdeflategzip', 622592, 0x0000000000000000)
rmdir('/tmp/nimble_3495/githubcom_radekmnimlibdeflategzip')
writev(1, 0x00007ffd64d00300, 2)
mkdir(94707129169184, 0x00000000000001ff)
Error tracing process: readBytes(0x00005622b8cab520, 256) error: [Errno 5] Input/output error.
