     Info:  Nimble data file "/home/runner/.nimble/nimbledata2.json" has been loaded.
    Reading official package list
Downloading https://github.com/luked99/libevdev.nim using git
   Warning: The package has no tagged releases, downloading HEAD instead.
open('/workspace/destdir/ssl/openssl.cnf', 32768, 0x00000000000001b6)
open('/home/runner/.config/nimble/nimble.ini', 557056, 0x00000000000001b6)
open('/home/runner/.config/babel/babel.ini', 557056, 0x00000000000001b6)
open('/home/runner/.nimble/nimbledata2.json', 557056, 0x00000000000001b6)
writev(1, 0x00007ffedbe2d170, 2)
open('/home/runner/work/nim_packages_security_audit/nim_packages_security_audit', 622592, 0x0000000000000000)
writev(1, 0x00007ffedbe2bda0, 2)
open('/home/runner/.nimble/packages_official.json', 557056, 0x00000000000001b6)
mkdir('/tmp/', 0x00000000000001ff)
mkdir('/tmp/nimble_2666/', 0x00000000000001ff)
mkdir('/tmp/nimble_2666/githubcom_luked99libevdevnim', 0x00000000000001ff)
open('/tmp/nimble_2666/githubcom_luked99libevdevnim', 622592, 0x0000000000000000)
writev(1, 0x00007ffedbe2be60, 2)
open('/tmp/nimble_2666/githubcom_luked99libevdevnim', 622592, 0x0000000000000000)
rmdir('/tmp/nimble_2666/githubcom_luked99libevdevnim')
writev(1, 0x00007ffedbe2bd50, 2)
mkdir(94484745082272, 0x00000000000001ff)
Error tracing process: readBytes(0x000055eef1aad5a0, 256) error: [Errno 5] Input/output error.
