      Info: Package cache path /home/runner/.nimble/pkgcache
     Info:  Nimble data file "/home/runner/.nimble/nimbledata2.json" has been loaded.
    Reading official package list
Downloading https://github.com/paul-nameless/nim-fswatch using git
   Warning: The package has no tagged releases, downloading HEAD instead.
open('/workspace/destdir/ssl/openssl.cnf', 32768, 0x00000000000001b6)
open('/home/runner/.config/nimble/nimble.ini', 557056, 0x00000000000001b6)
open('/home/runner/.config/babel/babel.ini', 557056, 0x00000000000001b6)
writev(1, 0x00007ffe745707e0, 2)
open('/home/runner/.nimble/nimbledata2.json', 557056, 0x00000000000001b6)
writev(1, 0x00007ffe745708b0, 2)
writev(1, 0x00007ffd497165d0, 2)
writev(1, 0x00007ffd49716660, 2)
writev(1, 0x00007ffd49716660, 2)
writev(1, 0x00007ffd49716660, 2)
writev(1, 0x00007ffe7456f2e0, 2)
open('/home/runner/.nimble/packages_official.json', 557056, 0x00000000000001b6)
mkdir('/home/', 0x00000000000001ff)
mkdir('/home/runner/', 0x00000000000001ff)
mkdir('/home/runner/.nimble/', 0x00000000000001ff)
mkdir('/home/runner/.nimble/pkgcache/', 0x00000000000001ff)
mkdir('/home/runner/.nimble/pkgcache/githubcom_paulnamelessnimfswatch', 0x00000000000001ff)
open('/home/runner/.nimble/pkgcache/githubcom_paulnamelessnimfswatch', 622592, 0x0000000000000000)
writev(1, 0x00007ffe7456f320, 2)
open('/home/runner/.nimble/pkgcache/githubcom_paulnamelessnimfswatch', 622592, 0x0000000000000000)
rmdir('/home/runner/.nimble/pkgcache/githubcom_paulnamelessnimfswatch')
writev(1, 0x00007ffe7456f210, 2)
mkdir(94524824000448, 0x00000000000001ff)
Error tracing process: readBytes(0x000055f8468e97c0, 256) error: [Errno 5] Input/output error.
