      Info: Package cache path /home/runner/.nimble/pkgcache
     Info:  Nimble data file "/home/runner/.nimble/nimbledata2.json" has been loaded.
    Reading official package list
Downloading https://github.com/barcharcraz/libgit2-nim using git
   Warning: The package has no tagged releases, downloading HEAD instead.
open('/workspace/destdir/ssl/openssl.cnf', 32768, 0x00000000000001b6)
open('/home/runner/.config/nimble/nimble.ini', 557056, 0x00000000000001b6)
open('/home/runner/.config/babel/babel.ini', 557056, 0x00000000000001b6)
writev(1, 0x00007ffcd7b02850, 2)
open('/home/runner/.nimble/nimbledata2.json', 557056, 0x00000000000001b6)
writev(1, 0x00007ffcd7b02920, 2)
writev(1, 0x00007ffd40981df0, 2)
writev(1, 0x00007ffd40981e80, 2)
writev(1, 0x00007ffd40981e80, 2)
writev(1, 0x00007ffd40981e80, 2)
writev(1, 0x00007ffcd7b01350, 2)
open('/home/runner/.nimble/packages_official.json', 557056, 0x00000000000001b6)
mkdir('/home/', 0x00000000000001ff)
mkdir('/home/runner/', 0x00000000000001ff)
mkdir('/home/runner/.nimble/', 0x00000000000001ff)
mkdir('/home/runner/.nimble/pkgcache/', 0x00000000000001ff)
mkdir('/home/runner/.nimble/pkgcache/githubcom_barcharcrazlibgit2nim', 0x00000000000001ff)
open('/home/runner/.nimble/pkgcache/githubcom_barcharcrazlibgit2nim', 622592, 0x0000000000000000)
writev(1, 0x00007ffcd7b01390, 2)
open('/home/runner/.nimble/pkgcache/githubcom_barcharcrazlibgit2nim', 622592, 0x0000000000000000)
rmdir('/home/runner/.nimble/pkgcache/githubcom_barcharcrazlibgit2nim')
writev(1, 0x00007ffcd7b01280, 2)
mkdir(94910993684416, 0x00000000000001ff)
Error tracing process: readBytes(0x00005652301057c0, 256) error: [Errno 5] Input/output error.
