      Info: Package cache path /home/runner/.nimble/pkgcache
     Info:  Nimble data file "/home/runner/.nimble/nimbledata2.json" has been loaded.
    Reading official package list
Downloading https://github.com/z-kk/libharu using git
    Cloning latest tagged version: v0.1.0
open('/workspace/destdir/ssl/openssl.cnf', 32768, 0x00000000000001b6)
open('/home/runner/.config/nimble/nimble.ini', 557056, 0x00000000000001b6)
open('/home/runner/.config/babel/babel.ini', 557056, 0x00000000000001b6)
writev(1, 0x00007ffde353fab0, 2)
open('/home/runner/.nimble/nimbledata2.json', 557056, 0x00000000000001b6)
writev(1, 0x00007ffde353fb80, 2)
writev(1, 0x00007ffc5eab3130, 2)
writev(1, 0x00007ffc5eab31c0, 2)
writev(1, 0x00007ffc5eab31c0, 2)
writev(1, 0x00007ffc5eab31c0, 2)
writev(1, 0x00007ffde353e560, 2)
open('/home/runner/.nimble/packages_official.json', 557056, 0x00000000000001b6)
mkdir('/home/', 0x00000000000001ff)
mkdir('/home/runner/', 0x00000000000001ff)
mkdir('/home/runner/.nimble/', 0x00000000000001ff)
mkdir('/home/runner/.nimble/pkgcache/', 0x00000000000001ff)
mkdir('/home/runner/.nimble/pkgcache/githubcom_zkklibharu', 0x00000000000001ff)
open('/home/runner/.nimble/pkgcache/githubcom_zkklibharu', 622592, 0x0000000000000000)
writev(1, 0x00007ffde353e640, 2)
open('/home/runner/.nimble/pkgcache/githubcom_zkklibharu', 622592, 0x0000000000000000)
rmdir('/home/runner/.nimble/pkgcache/githubcom_zkklibharu')
writev(1, 0x00007ffde353e530, 2)
mkdir(94027535477472, 0x00000000000001ff)
Error tracing process: readBytes(0x000055847dd9eae0, 256) error: [Errno 5] Input/output error.
