    Reading official package list
Downloading https://github.com/ba0f3/libipset.nim using git
    Cloning latest tagged version: 0.0.2
  Verifying dependencies for libipset@0.0.2
 Installing libipset@0.0.2
    Copying file /tmp/nimble_6382/githubcom_ba0f3libipsetnim/libipset.nim to /home/runner/.nimble/pkgs/libipset-0.0.2/libipset.nim
    Copying file /tmp/nimble_6382/githubcom_ba0f3libipsetnim/libipset.nimble to /home/runner/.nimble/pkgs/libipset-0.0.2/libipset.nimble
   Success: libipset installed successfully.
mkdir('/tmp', 0x00000000000001ff)
mkdir('/tmp/nimble_6382', 0x00000000000001ff)
mkdir('/tmp/nimble_6382/githubcom_ba0f3libipsetnim', 0x00000000000001ff)
rmdir('/tmp/nimble_6382/githubcom_ba0f3libipsetnim')
mkdir('/tmp/nimble_6382/githubcom_ba0f3libipsetnim', 0x00000000000001ff)
mkdir('/tmp/nimble_6382/githubcom_ba0f3libipsetnim/.git', 0x00000000000001ff)
mkdir('/tmp/nimble_6382/githubcom_ba0f3libipsetnim/.git/', 0x00000000000001ff)
mkdir('/tmp/nimble_6382/githubcom_ba0f3libipsetnim/.git/info/', 0x00000000000001ff)
mkdir('/tmp/nimble_6382/githubcom_ba0f3libipsetnim/.git/branches/', 0x00000000000001ff)
mkdir('/tmp/nimble_6382/githubcom_ba0f3libipsetnim/.git/hooks/', 0x00000000000001ff)
mkdir('/tmp/nimble_6382/githubcom_ba0f3libipsetnim/.git/refs', 0x00000000000001ff)
mkdir('/tmp/nimble_6382/githubcom_ba0f3libipsetnim/.git/refs/heads', 0x00000000000001ff)
mkdir('/tmp/nimble_6382/githubcom_ba0f3libipsetnim/.git/refs/tags', 0x00000000000001ff)
rename('/tmp/nimble_6382/githubcom_ba0f3libipsetnim/.git/HEAD.lock', '/tmp/nimble_6382/githubcom_ba0f3libipsetnim/.git/HEAD')
rename('/tmp/nimble_6382/githubcom_ba0f3libipsetnim/.git/config.lock', '/tmp/nimble_6382/githubcom_ba0f3libipsetnim/.git/config')
chmod('/tmp/nimble_6382/githubcom_ba0f3libipsetnim/.git/config', 0x00000000000081e4)
chmod('/tmp/nimble_6382/githubcom_ba0f3libipsetnim/.git/config', 0x00000000000081a4)
chmod('/tmp/nimble_6382/githubcom_ba0f3libipsetnim/.git/config.lock', 0x00000000000001a4)
rename('/tmp/nimble_6382/githubcom_ba0f3libipsetnim/.git/config.lock', '/tmp/nimble_6382/githubcom_ba0f3libipsetnim/.git/config')
chmod('/tmp/nimble_6382/githubcom_ba0f3libipsetnim/.git/config.lock', 0x00000000000001a4)
rename('/tmp/nimble_6382/githubcom_ba0f3libipsetnim/.git/config.lock', '/tmp/nimble_6382/githubcom_ba0f3libipsetnim/.git/config')
chmod('/tmp/nimble_6382/githubcom_ba0f3libipsetnim/.git/config.lock', 0x00000000000001a4)
rename('/tmp/nimble_6382/githubcom_ba0f3libipsetnim/.git/config.lock', '/tmp/nimble_6382/githubcom_ba0f3libipsetnim/.git/config')
unlink('/tmp/nimble_6382/githubcom_ba0f3libipsetnim/.git/tcr0y8D')
symlink('testing', '/tmp/nimble_6382/githubcom_ba0f3libipsetnim/.git/tcr0y8D')
unlink('/tmp/nimble_6382/githubcom_ba0f3libipsetnim/.git/tcr0y8D')
mkdir('/tmp/nimble_6382/githubcom_ba0f3libipsetnim/.git/objects', 0x00000000000001ff)
mkdir('/tmp/nimble_6382/githubcom_ba0f3libipsetnim/.git/objects/pack', 0x00000000000001ff)
mkdir('/tmp/nimble_6382/githubcom_ba0f3libipsetnim/.git/objects/info', 0x00000000000001ff)
chmod('/tmp/nimble_6382/githubcom_ba0f3libipsetnim/.git/config.lock', 0x00000000000001a4)
rename('/tmp/nimble_6382/githubcom_ba0f3libipsetnim/.git/config.lock', '/tmp/nimble_6382/githubcom_ba0f3libipsetnim/.git/config')
chmod('/tmp/nimble_6382/githubcom_ba0f3libipsetnim/.git/config.lock', 0x00000000000001a4)
rename('/tmp/nimble_6382/githubcom_ba0f3libipsetnim/.git/config.lock', '/tmp/nimble_6382/githubcom_ba0f3libipsetnim/.git/config')
chmod('/tmp/nimble_6382/githubcom_ba0f3libipsetnim/.git/config.lock', 0x00000000000001a4)
rename('/tmp/nimble_6382/githubcom_ba0f3libipsetnim/.git/config.lock', '/tmp/nimble_6382/githubcom_ba0f3libipsetnim/.git/config')
mkdir('/tmp/nimble_6382/githubcom_ba0f3libipsetnim/.git/objects/96', 0x00000000000001ff)
link('/tmp/nimble_6382/githubcom_ba0f3libipsetnim/.git/objects/96/tmp_obj_KpsLs2', '/tmp/nimble_6382/githubcom_ba0f3libipsetnim/.git/objects/96/2e613f867686682eb3bc13254284d9f38280a8')
unlink('/tmp/nimble_6382/githubcom_ba0f3libipsetnim/.git/objects/96/tmp_obj_KpsLs2')
mkdir('/tmp/nimble_6382/githubcom_ba0f3libipsetnim/.git/objects/fd', 0x00000000000001ff)
link('/tmp/nimble_6382/githubcom_ba0f3libipsetnim/.git/objects/fd/tmp_obj_mhux17', '/tmp/nimble_6382/githubcom_ba0f3libipsetnim/.git/objects/fd/43d5532d067d69877c1f24aed96c2cb90e4b0d')
unlink('/tmp/nimble_6382/githubcom_ba0f3libipsetnim/.git/objects/fd/tmp_obj_mhux17')
mkdir('/tmp/nimble_6382/githubcom_ba0f3libipsetnim/.git/objects/67', 0x00000000000001ff)
link('/tmp/nimble_6382/githubcom_ba0f3libipsetnim/.git/objects/67/tmp_obj_KfZGab', '/tmp/nimble_6382/githubcom_ba0f3libipsetnim/.git/objects/67/d9b34c6cecad82ad17197ffa5db4860caf9037')
unlink('/tmp/nimble_6382/githubcom_ba0f3libipsetnim/.git/objects/67/tmp_obj_KfZGab')
mkdir('/tmp/nimble_6382/githubcom_ba0f3libipsetnim/.git/objects/a7', 0x00000000000001ff)
link('/tmp/nimble_6382/githubcom_ba0f3libipsetnim/.git/objects/a7/tmp_obj_03SE2f', '/tmp/nimble_6382/githubcom_ba0f3libipsetnim/.git/objects/a7/d4a1632f37113a858e8bd51672bc2b7d796c76')
unlink('/tmp/nimble_6382/githubcom_ba0f3libipsetnim/.git/objects/a7/tmp_obj_03SE2f')
mkdir('/tmp/nimble_6382/githubcom_ba0f3libipsetnim/.git/objects/c4', 0x00000000000001ff)
link('/tmp/nimble_6382/githubcom_ba0f3libipsetnim/.git/objects/c4/tmp_obj_m110dk', '/tmp/nimble_6382/githubcom_ba0f3libipsetnim/.git/objects/c4/0988d69f2f4055a34618eb659e5fe79a5d8166')
unlink('/tmp/nimble_6382/githubcom_ba0f3libipsetnim/.git/objects/c4/tmp_obj_m110dk')
mkdir('/tmp/nimble_6382/githubcom_ba0f3libipsetnim/.git/objects/57', 0x00000000000001ff)
link('/tmp/nimble_6382/githubcom_ba0f3libipsetnim/.git/objects/57/tmp_obj_RpSHfe', '/tmp/nimble_6382/githubcom_ba0f3libipsetnim/.git/objects/57/ff3a3c15cf1350c626e9371110a543a0c8f656')
unlink('/tmp/nimble_6382/githubcom_ba0f3libipsetnim/.git/objects/57/tmp_obj_RpSHfe')
mkdir('/tmp/nimble_6382/githubcom_ba0f3libipsetnim/.git/objects/53', 0x00000000000001ff)
link('/tmp/nimble_6382/githubcom_ba0f3libipsetnim/.git/objects/53/tmp_obj_JdyJIi', '/tmp/nimble_6382/githubcom_ba0f3libipsetnim/.git/objects/53/adbd36224a5d574eb6eaa823763404c1b40459')
unlink('/tmp/nimble_6382/githubcom_ba0f3libipsetnim/.git/objects/53/tmp_obj_JdyJIi')
rename('/tmp/nimble_6382/githubcom_ba0f3libipsetnim/.git/shallow.lock', '/tmp/nimble_6382/githubcom_ba0f3libipsetnim/.git/shallow')
rename('/tmp/nimble_6382/githubcom_ba0f3libipsetnim/.git/packed-refs.new', '/tmp/nimble_6382/githubcom_ba0f3libipsetnim/.git/packed-refs')
unlink('/tmp/nimble_6382/githubcom_ba0f3libipsetnim/.git/packed-refs.lock')
unlink('/tmp/nimble_6382/githubcom_ba0f3libipsetnim/.git/refs/tags/0.0.2.lock')
mkdir('/tmp/nimble_6382/githubcom_ba0f3libipsetnim/.git/logs', 0x00000000000001ff)
rename('/tmp/nimble_6382/githubcom_ba0f3libipsetnim/.git/HEAD.lock', '/tmp/nimble_6382/githubcom_ba0f3libipsetnim/.git/HEAD')
rename('/tmp/nimble_6382/githubcom_ba0f3libipsetnim/.git/index.lock', '/tmp/nimble_6382/githubcom_ba0f3libipsetnim/.git/index')
mkdir('/home', 0x00000000000001ff)
mkdir('/home/runner', 0x00000000000001ff)
mkdir('/home/runner/.nimble', 0x00000000000001ff)
mkdir('/home/runner/.nimble/pkgs', 0x00000000000001ff)
mkdir('/home/runner/.nimble/pkgs/libipset-0.0.2', 0x00000000000001ff)
mkdir('/home', 0x00000000000001ff)
mkdir('/home/runner', 0x00000000000001ff)
mkdir('/home/runner/.nimble', 0x00000000000001ff)
mkdir('/home/runner/.nimble/pkgs', 0x00000000000001ff)
mkdir('/home/runner/.nimble/pkgs/libipset-0.0.2', 0x00000000000001ff)
chmod('/home/runner/.nimble/pkgs/libipset-0.0.2/libipset.nim', 0x00000000000001a4)
chmod('/home/runner/.nimble/pkgs/libipset-0.0.2/libipset.nimble', 0x00000000000001a4)
unlink('/tmp/nimble_6382/githubcom_ba0f3libipsetnim/libipset.nimble')
unlink('/tmp/nimble_6382/githubcom_ba0f3libipsetnim/README.md')
unlink('/tmp/nimble_6382/githubcom_ba0f3libipsetnim/libipset.nim')
rmdir('/tmp/nimble_6382/githubcom_ba0f3libipsetnim/.git/refs/tags')
rmdir('/tmp/nimble_6382/githubcom_ba0f3libipsetnim/.git/refs/heads')
rmdir('/tmp/nimble_6382/githubcom_ba0f3libipsetnim/.git/refs')
unlink('/tmp/nimble_6382/githubcom_ba0f3libipsetnim/.git/info/exclude')
rmdir('/tmp/nimble_6382/githubcom_ba0f3libipsetnim/.git/info')
rmdir('/tmp/nimble_6382/githubcom_ba0f3libipsetnim/.git/branches')
unlink('/tmp/nimble_6382/githubcom_ba0f3libipsetnim/.git/logs/HEAD')
rmdir('/tmp/nimble_6382/githubcom_ba0f3libipsetnim/.git/logs')
unlink('/tmp/nimble_6382/githubcom_ba0f3libipsetnim/.git/description')
unlink('/tmp/nimble_6382/githubcom_ba0f3libipsetnim/.git/hooks/pre-rebase.sample')
unlink('/tmp/nimble_6382/githubcom_ba0f3libipsetnim/.git/hooks/applypatch-msg.sample')
unlink('/tmp/nimble_6382/githubcom_ba0f3libipsetnim/.git/hooks/pre-push.sample')
unlink('/tmp/nimble_6382/githubcom_ba0f3libipsetnim/.git/hooks/pre-merge-commit.sample')
unlink('/tmp/nimble_6382/githubcom_ba0f3libipsetnim/.git/hooks/pre-receive.sample')
unlink('/tmp/nimble_6382/githubcom_ba0f3libipsetnim/.git/hooks/update.sample')
unlink('/tmp/nimble_6382/githubcom_ba0f3libipsetnim/.git/hooks/pre-commit.sample')
unlink('/tmp/nimble_6382/githubcom_ba0f3libipsetnim/.git/hooks/pre-applypatch.sample')
unlink('/tmp/nimble_6382/githubcom_ba0f3libipsetnim/.git/hooks/commit-msg.sample')
unlink('/tmp/nimble_6382/githubcom_ba0f3libipsetnim/.git/hooks/fsmonitor-watchman.sample')
unlink('/tmp/nimble_6382/githubcom_ba0f3libipsetnim/.git/hooks/prepare-commit-msg.sample')
unlink('/tmp/nimble_6382/githubcom_ba0f3libipsetnim/.git/hooks/post-update.sample')
rmdir('/tmp/nimble_6382/githubcom_ba0f3libipsetnim/.git/hooks')
unlink('/tmp/nimble_6382/githubcom_ba0f3libipsetnim/.git/shallow')
unlink('/tmp/nimble_6382/githubcom_ba0f3libipsetnim/.git/config')
unlink('/tmp/nimble_6382/githubcom_ba0f3libipsetnim/.git/index')
rmdir('/tmp/nimble_6382/githubcom_ba0f3libipsetnim/.git/objects/info')
unlink('/tmp/nimble_6382/githubcom_ba0f3libipsetnim/.git/objects/c4/0988d69f2f4055a34618eb659e5fe79a5d8166')
rmdir('/tmp/nimble_6382/githubcom_ba0f3libipsetnim/.git/objects/c4')
unlink('/tmp/nimble_6382/githubcom_ba0f3libipsetnim/.git/objects/96/2e613f867686682eb3bc13254284d9f38280a8')
rmdir('/tmp/nimble_6382/githubcom_ba0f3libipsetnim/.git/objects/96')
unlink('/tmp/nimble_6382/githubcom_ba0f3libipsetnim/.git/objects/67/d9b34c6cecad82ad17197ffa5db4860caf9037')
rmdir('/tmp/nimble_6382/githubcom_ba0f3libipsetnim/.git/objects/67')
unlink('/tmp/nimble_6382/githubcom_ba0f3libipsetnim/.git/objects/a7/d4a1632f37113a858e8bd51672bc2b7d796c76')
rmdir('/tmp/nimble_6382/githubcom_ba0f3libipsetnim/.git/objects/a7')
unlink('/tmp/nimble_6382/githubcom_ba0f3libipsetnim/.git/objects/57/ff3a3c15cf1350c626e9371110a543a0c8f656')
rmdir('/tmp/nimble_6382/githubcom_ba0f3libipsetnim/.git/objects/57')
unlink('/tmp/nimble_6382/githubcom_ba0f3libipsetnim/.git/objects/53/adbd36224a5d574eb6eaa823763404c1b40459')
rmdir('/tmp/nimble_6382/githubcom_ba0f3libipsetnim/.git/objects/53')
unlink('/tmp/nimble_6382/githubcom_ba0f3libipsetnim/.git/objects/fd/43d5532d067d69877c1f24aed96c2cb90e4b0d')
rmdir('/tmp/nimble_6382/githubcom_ba0f3libipsetnim/.git/objects/fd')
rmdir('/tmp/nimble_6382/githubcom_ba0f3libipsetnim/.git/objects/pack')
rmdir('/tmp/nimble_6382/githubcom_ba0f3libipsetnim/.git/objects')
unlink('/tmp/nimble_6382/githubcom_ba0f3libipsetnim/.git/packed-refs')
unlink('/tmp/nimble_6382/githubcom_ba0f3libipsetnim/.git/HEAD')
rmdir('/tmp/nimble_6382/githubcom_ba0f3libipsetnim/.git')
unlink('/tmp/nimble_6382/githubcom_ba0f3libipsetnim/.gitignore')
unlink('/tmp/nimble_6382/githubcom_ba0f3libipsetnim/LICENSE')
rmdir('/tmp/nimble_6382/githubcom_ba0f3libipsetnim')
rmdir('/tmp/nimble_6382')
  create directory /tmp
  create directory /tmp/nimble_6382
  create directory /tmp/nimble_6382/githubcom_ba0f3libipsetnim
  delete /tmp/nimble_6382/githubcom_ba0f3libipsetnim
  create directory /tmp/nimble_6382/githubcom_ba0f3libipsetnim
  create directory /tmp/nimble_6382/githubcom_ba0f3libipsetnim/.git
  create directory /tmp/nimble_6382/githubcom_ba0f3libipsetnim/.git
  create directory /tmp/nimble_6382/githubcom_ba0f3libipsetnim/.git/info
  create directory /tmp/nimble_6382/githubcom_ba0f3libipsetnim/.git/branches
  create directory /tmp/nimble_6382/githubcom_ba0f3libipsetnim/.git/hooks
  create directory /tmp/nimble_6382/githubcom_ba0f3libipsetnim/.git/refs
  create directory /tmp/nimble_6382/githubcom_ba0f3libipsetnim/.git/refs/heads
  create directory /tmp/nimble_6382/githubcom_ba0f3libipsetnim/.git/refs/tags
  rename /tmp/nimble_6382/githubcom_ba0f3libipsetnim/.git/HEAD.lock to HEAD
  rename /tmp/nimble_6382/githubcom_ba0f3libipsetnim/.git/config.lock to config
  change permissions of /tmp/nimble_6382/githubcom_ba0f3libipsetnim/.git/config to rwxr--r--
  change permissions of /tmp/nimble_6382/githubcom_ba0f3libipsetnim/.git/config to rw-r--r--
  change permissions of /tmp/nimble_6382/githubcom_ba0f3libipsetnim/.git/config.lock to rw-r--r--
  rename /tmp/nimble_6382/githubcom_ba0f3libipsetnim/.git/config.lock to config
  change permissions of /tmp/nimble_6382/githubcom_ba0f3libipsetnim/.git/config.lock to rw-r--r--
  rename /tmp/nimble_6382/githubcom_ba0f3libipsetnim/.git/config.lock to config
  change permissions of /tmp/nimble_6382/githubcom_ba0f3libipsetnim/.git/config.lock to rw-r--r--
  rename /tmp/nimble_6382/githubcom_ba0f3libipsetnim/.git/config.lock to config
  delete /tmp/nimble_6382/githubcom_ba0f3libipsetnim/.git/tcr0y8D
  create symbolic link from /tmp/nimble_6382/githubcom_ba0f3libipsetnim/.git/tcr0y8D to /home/runner/work/nim_packages_security_audit/nim_packages_security_audit/testing
  delete /tmp/nimble_6382/githubcom_ba0f3libipsetnim/.git/tcr0y8D
  create directory /tmp/nimble_6382/githubcom_ba0f3libipsetnim/.git/objects
  create directory /tmp/nimble_6382/githubcom_ba0f3libipsetnim/.git/objects/pack
  create directory /tmp/nimble_6382/githubcom_ba0f3libipsetnim/.git/objects/info
  change permissions of /tmp/nimble_6382/githubcom_ba0f3libipsetnim/.git/config.lock to rw-r--r--
  rename /tmp/nimble_6382/githubcom_ba0f3libipsetnim/.git/config.lock to config
  change permissions of /tmp/nimble_6382/githubcom_ba0f3libipsetnim/.git/config.lock to rw-r--r--
  rename /tmp/nimble_6382/githubcom_ba0f3libipsetnim/.git/config.lock to config
  change permissions of /tmp/nimble_6382/githubcom_ba0f3libipsetnim/.git/config.lock to rw-r--r--
  rename /tmp/nimble_6382/githubcom_ba0f3libipsetnim/.git/config.lock to config
  create directory /tmp/nimble_6382/githubcom_ba0f3libipsetnim/.git/objects/96
  create hard link from /tmp/nimble_6382/githubcom_ba0f3libipsetnim/.git/objects/96/2e613f867686682eb3bc13254284d9f38280a8 to /tmp/nimble_6382/githubcom_ba0f3libipsetnim/.git/objects/96/tmp_obj_KpsLs2
  delete /tmp/nimble_6382/githubcom_ba0f3libipsetnim/.git/objects/96/tmp_obj_KpsLs2
  create directory /tmp/nimble_6382/githubcom_ba0f3libipsetnim/.git/objects/fd
  create hard link from /tmp/nimble_6382/githubcom_ba0f3libipsetnim/.git/objects/fd/43d5532d067d69877c1f24aed96c2cb90e4b0d to /tmp/nimble_6382/githubcom_ba0f3libipsetnim/.git/objects/fd/tmp_obj_mhux17
  delete /tmp/nimble_6382/githubcom_ba0f3libipsetnim/.git/objects/fd/tmp_obj_mhux17
  create directory /tmp/nimble_6382/githubcom_ba0f3libipsetnim/.git/objects/67
  create hard link from /tmp/nimble_6382/githubcom_ba0f3libipsetnim/.git/objects/67/d9b34c6cecad82ad17197ffa5db4860caf9037 to /tmp/nimble_6382/githubcom_ba0f3libipsetnim/.git/objects/67/tmp_obj_KfZGab
  delete /tmp/nimble_6382/githubcom_ba0f3libipsetnim/.git/objects/67/tmp_obj_KfZGab
  create directory /tmp/nimble_6382/githubcom_ba0f3libipsetnim/.git/objects/a7
  create hard link from /tmp/nimble_6382/githubcom_ba0f3libipsetnim/.git/objects/a7/d4a1632f37113a858e8bd51672bc2b7d796c76 to /tmp/nimble_6382/githubcom_ba0f3libipsetnim/.git/objects/a7/tmp_obj_03SE2f
  delete /tmp/nimble_6382/githubcom_ba0f3libipsetnim/.git/objects/a7/tmp_obj_03SE2f
  create directory /tmp/nimble_6382/githubcom_ba0f3libipsetnim/.git/objects/c4
  create hard link from /tmp/nimble_6382/githubcom_ba0f3libipsetnim/.git/objects/c4/0988d69f2f4055a34618eb659e5fe79a5d8166 to /tmp/nimble_6382/githubcom_ba0f3libipsetnim/.git/objects/c4/tmp_obj_m110dk
  delete /tmp/nimble_6382/githubcom_ba0f3libipsetnim/.git/objects/c4/tmp_obj_m110dk
  create directory /tmp/nimble_6382/githubcom_ba0f3libipsetnim/.git/objects/57
  create hard link from /tmp/nimble_6382/githubcom_ba0f3libipsetnim/.git/objects/57/ff3a3c15cf1350c626e9371110a543a0c8f656 to /tmp/nimble_6382/githubcom_ba0f3libipsetnim/.git/objects/57/tmp_obj_RpSHfe
  delete /tmp/nimble_6382/githubcom_ba0f3libipsetnim/.git/objects/57/tmp_obj_RpSHfe
  create directory /tmp/nimble_6382/githubcom_ba0f3libipsetnim/.git/objects/53
  create hard link from /tmp/nimble_6382/githubcom_ba0f3libipsetnim/.git/objects/53/adbd36224a5d574eb6eaa823763404c1b40459 to /tmp/nimble_6382/githubcom_ba0f3libipsetnim/.git/objects/53/tmp_obj_JdyJIi
  delete /tmp/nimble_6382/githubcom_ba0f3libipsetnim/.git/objects/53/tmp_obj_JdyJIi
  rename /tmp/nimble_6382/githubcom_ba0f3libipsetnim/.git/shallow.lock to shallow
  rename /tmp/nimble_6382/githubcom_ba0f3libipsetnim/.git/packed-refs.new to packed-refs
  delete /tmp/nimble_6382/githubcom_ba0f3libipsetnim/.git/packed-refs.lock
  delete /tmp/nimble_6382/githubcom_ba0f3libipsetnim/.git/refs/tags/0.0.2.lock
  create directory /tmp/nimble_6382/githubcom_ba0f3libipsetnim/.git/logs
  rename /tmp/nimble_6382/githubcom_ba0f3libipsetnim/.git/HEAD.lock to HEAD
  rename /tmp/nimble_6382/githubcom_ba0f3libipsetnim/.git/index.lock to index
  create directory /home
  create directory /home/runner
  create directory /home/runner/.nimble
  create directory /home/runner/.nimble/pkgs
  create directory /home/runner/.nimble/pkgs/libipset-0.0.2
  create directory /home
  create directory /home/runner
  create directory /home/runner/.nimble
  create directory /home/runner/.nimble/pkgs
  create directory /home/runner/.nimble/pkgs/libipset-0.0.2
  change permissions of /home/runner/.nimble/pkgs/libipset-0.0.2/libipset.nim to rw-r--r--
  change permissions of /home/runner/.nimble/pkgs/libipset-0.0.2/libipset.nimble to rw-r--r--
  delete /tmp/nimble_6382/githubcom_ba0f3libipsetnim/libipset.nimble
  delete /tmp/nimble_6382/githubcom_ba0f3libipsetnim/README.md
  delete /tmp/nimble_6382/githubcom_ba0f3libipsetnim/libipset.nim
  delete /tmp/nimble_6382/githubcom_ba0f3libipsetnim/.git/refs/tags
  delete /tmp/nimble_6382/githubcom_ba0f3libipsetnim/.git/refs/heads
  delete /tmp/nimble_6382/githubcom_ba0f3libipsetnim/.git/refs
  delete /tmp/nimble_6382/githubcom_ba0f3libipsetnim/.git/info/exclude
  delete /tmp/nimble_6382/githubcom_ba0f3libipsetnim/.git/info
  delete /tmp/nimble_6382/githubcom_ba0f3libipsetnim/.git/branches
  delete /tmp/nimble_6382/githubcom_ba0f3libipsetnim/.git/logs/HEAD
  delete /tmp/nimble_6382/githubcom_ba0f3libipsetnim/.git/logs
  delete /tmp/nimble_6382/githubcom_ba0f3libipsetnim/.git/description
  delete /tmp/nimble_6382/githubcom_ba0f3libipsetnim/.git/hooks/pre-rebase.sample
  delete /tmp/nimble_6382/githubcom_ba0f3libipsetnim/.git/hooks/applypatch-msg.sample
  delete /tmp/nimble_6382/githubcom_ba0f3libipsetnim/.git/hooks/pre-push.sample
  delete /tmp/nimble_6382/githubcom_ba0f3libipsetnim/.git/hooks/pre-merge-commit.sample
  delete /tmp/nimble_6382/githubcom_ba0f3libipsetnim/.git/hooks/pre-receive.sample
  delete /tmp/nimble_6382/githubcom_ba0f3libipsetnim/.git/hooks/update.sample
  delete /tmp/nimble_6382/githubcom_ba0f3libipsetnim/.git/hooks/pre-commit.sample
  delete /tmp/nimble_6382/githubcom_ba0f3libipsetnim/.git/hooks/pre-applypatch.sample
  delete /tmp/nimble_6382/githubcom_ba0f3libipsetnim/.git/hooks/commit-msg.sample
  delete /tmp/nimble_6382/githubcom_ba0f3libipsetnim/.git/hooks/fsmonitor-watchman.sample
  delete /tmp/nimble_6382/githubcom_ba0f3libipsetnim/.git/hooks/prepare-commit-msg.sample
  delete /tmp/nimble_6382/githubcom_ba0f3libipsetnim/.git/hooks/post-update.sample
  delete /tmp/nimble_6382/githubcom_ba0f3libipsetnim/.git/hooks
  delete /tmp/nimble_6382/githubcom_ba0f3libipsetnim/.git/shallow
  delete /tmp/nimble_6382/githubcom_ba0f3libipsetnim/.git/config
  delete /tmp/nimble_6382/githubcom_ba0f3libipsetnim/.git/index
  delete /tmp/nimble_6382/githubcom_ba0f3libipsetnim/.git/objects/info
  delete /tmp/nimble_6382/githubcom_ba0f3libipsetnim/.git/objects/c4/0988d69f2f4055a34618eb659e5fe79a5d8166
  delete /tmp/nimble_6382/githubcom_ba0f3libipsetnim/.git/objects/c4
  delete /tmp/nimble_6382/githubcom_ba0f3libipsetnim/.git/objects/96/2e613f867686682eb3bc13254284d9f38280a8
  delete /tmp/nimble_6382/githubcom_ba0f3libipsetnim/.git/objects/96
  delete /tmp/nimble_6382/githubcom_ba0f3libipsetnim/.git/objects/67/d9b34c6cecad82ad17197ffa5db4860caf9037
  delete /tmp/nimble_6382/githubcom_ba0f3libipsetnim/.git/objects/67
  delete /tmp/nimble_6382/githubcom_ba0f3libipsetnim/.git/objects/a7/d4a1632f37113a858e8bd51672bc2b7d796c76
  delete /tmp/nimble_6382/githubcom_ba0f3libipsetnim/.git/objects/a7
  delete /tmp/nimble_6382/githubcom_ba0f3libipsetnim/.git/objects/57/ff3a3c15cf1350c626e9371110a543a0c8f656
  delete /tmp/nimble_6382/githubcom_ba0f3libipsetnim/.git/objects/57
  delete /tmp/nimble_6382/githubcom_ba0f3libipsetnim/.git/objects/53/adbd36224a5d574eb6eaa823763404c1b40459
  delete /tmp/nimble_6382/githubcom_ba0f3libipsetnim/.git/objects/53
  delete /tmp/nimble_6382/githubcom_ba0f3libipsetnim/.git/objects/fd/43d5532d067d69877c1f24aed96c2cb90e4b0d
  delete /tmp/nimble_6382/githubcom_ba0f3libipsetnim/.git/objects/fd
  delete /tmp/nimble_6382/githubcom_ba0f3libipsetnim/.git/objects/pack
  delete /tmp/nimble_6382/githubcom_ba0f3libipsetnim/.git/objects
  delete /tmp/nimble_6382/githubcom_ba0f3libipsetnim/.git/packed-refs
  delete /tmp/nimble_6382/githubcom_ba0f3libipsetnim/.git/HEAD
  delete /tmp/nimble_6382/githubcom_ba0f3libipsetnim/.git
  delete /tmp/nimble_6382/githubcom_ba0f3libipsetnim/.gitignore
  delete /tmp/nimble_6382/githubcom_ba0f3libipsetnim/LICENSE
  delete /tmp/nimble_6382/githubcom_ba0f3libipsetnim
  delete /tmp/nimble_6382
