      Info: Package cache path /home/runner/.nimble/pkgcache
     Info:  Nimble data file "/home/runner/.nimble/nimbledata2.json" has been loaded.
    Reading official package list
Downloading https://github.com/xTrayambak/librng using git
    Cloning latest tagged version: 0.1.3
open('/workspace/destdir/ssl/openssl.cnf', 32768, 0x00000000000001b6)
open('/home/runner/.config/nimble/nimble.ini', 557056, 0x00000000000001b6)
open('/home/runner/.config/babel/babel.ini', 557056, 0x00000000000001b6)
writev(1, 0x00007fff05f9d0e0, 2)
open('/home/runner/.nimble/nimbledata2.json', 557056, 0x00000000000001b6)
writev(1, 0x00007fff05f9d1b0, 2)
writev(1, 0x00007ffda051a280, 2)
writev(1, 0x00007ffda051a310, 2)
writev(1, 0x00007ffda051a310, 2)
writev(1, 0x00007ffda051a310, 2)
writev(1, 0x00007fff05f9bbe0, 2)
open('/home/runner/.nimble/packages_official.json', 557056, 0x00000000000001b6)
mkdir('/home/', 0x00000000000001ff)
mkdir('/home/runner/', 0x00000000000001ff)
mkdir('/home/runner/.nimble/', 0x00000000000001ff)
mkdir('/home/runner/.nimble/pkgcache/', 0x00000000000001ff)
mkdir('/home/runner/.nimble/pkgcache/githubcom_xTrayambaklibrng', 0x00000000000001ff)
open('/home/runner/.nimble/pkgcache/githubcom_xTrayambaklibrng', 622592, 0x0000000000000000)
writev(1, 0x00007fff05f9bc20, 2)
open('/home/runner/.nimble/pkgcache/githubcom_xTrayambaklibrng', 622592, 0x0000000000000000)
rmdir('/home/runner/.nimble/pkgcache/githubcom_xTrayambaklibrng')
writev(1, 0x00007fff05f9bb10, 2)
mkdir(94668557699072, 0x00000000000001ff)
Error tracing process: readBytes(0x00005619bdc0c800, 256) error: [Errno 5] Input/output error.
