      Info: Package cache path /home/runner/.nimble/pkgcache
     Info:  Nimble data file "/home/runner/.nimble/nimbledata2.json" has been loaded.
    Reading official package list
Downloading https://github.com/forlan-ua/nim-libsha using git
   Warning: The package has no tagged releases, downloading HEAD instead.
open('/workspace/destdir/ssl/openssl.cnf', 32768, 0x00000000000001b6)
open('/home/runner/.config/nimble/nimble.ini', 557056, 0x00000000000001b6)
open('/home/runner/.config/babel/babel.ini', 557056, 0x00000000000001b6)
writev(1, 0x00007ffcb1e83400, 2)
open('/home/runner/.nimble/nimbledata2.json', 557056, 0x00000000000001b6)
writev(1, 0x00007ffcb1e834d0, 2)
writev(1, 0x00007ffd6c62cd60, 2)
writev(1, 0x00007ffd6c62cdf0, 2)
writev(1, 0x00007ffd6c62cdf0, 2)
writev(1, 0x00007ffd6c62cdf0, 2)
writev(1, 0x00007ffcb1e81f00, 2)
open('/home/runner/.nimble/packages_official.json', 557056, 0x00000000000001b6)
mkdir('/home/', 0x00000000000001ff)
mkdir('/home/runner/', 0x00000000000001ff)
mkdir('/home/runner/.nimble/', 0x00000000000001ff)
mkdir('/home/runner/.nimble/pkgcache/', 0x00000000000001ff)
mkdir('/home/runner/.nimble/pkgcache/githubcom_forlanuanimlibsha', 0x00000000000001ff)
open('/home/runner/.nimble/pkgcache/githubcom_forlanuanimlibsha', 622592, 0x0000000000000000)
writev(1, 0x00007ffcb1e81f40, 2)
open('/home/runner/.nimble/pkgcache/githubcom_forlanuanimlibsha', 622592, 0x0000000000000000)
rmdir('/home/runner/.nimble/pkgcache/githubcom_forlanuanimlibsha')
writev(1, 0x00007ffcb1e81e30, 2)
mkdir(93972422404016, 0x00000000000001ff)
Error tracing process: readBytes(0x00005577a8db27b0, 256) error: [Errno 5] Input/output error.
