      Info: Package cache path /home/runner/.nimble/pkgcache
     Info:  Nimble data file "/home/runner/.nimble/nimbledata2.json" has been loaded.
    Reading official package list
   Warning: The libserialport package has been renamed to serial
    Reading official package list
Downloading https://github.com/euantorano/serial.nim using git
    Cloning latest tagged version: v1.2.0
open('/workspace/destdir/ssl/openssl.cnf', 32768, 0x00000000000001b6)
open('/home/runner/.config/nimble/nimble.ini', 557056, 0x00000000000001b6)
open('/home/runner/.config/babel/babel.ini', 557056, 0x00000000000001b6)
writev(1, 0x00007fff94a88cf0, 2)
open('/home/runner/.nimble/nimbledata2.json', 557056, 0x00000000000001b6)
writev(1, 0x00007fff94a88dc0, 2)
writev(1, 0x00007ffe46e52f80, 2)
writev(1, 0x00007ffe46e53010, 2)
writev(1, 0x00007ffe46e53010, 2)
writev(1, 0x00007ffe46e53010, 2)
writev(1, 0x00007fff94a877f0, 2)
open('/home/runner/.nimble/packages_official.json', 557056, 0x00000000000001b6)
writev(1, 0x00007fff94a87790, 2)
writev(1, 0x00007fff94a87540, 2)
mkdir('/home/', 0x00000000000001ff)
mkdir('/home/runner/', 0x00000000000001ff)
mkdir('/home/runner/.nimble/', 0x00000000000001ff)
mkdir('/home/runner/.nimble/pkgcache/', 0x00000000000001ff)
mkdir('/home/runner/.nimble/pkgcache/githubcom_euantoranoserialnim', 0x00000000000001ff)
open('/home/runner/.nimble/pkgcache/githubcom_euantoranoserialnim', 622592, 0x0000000000000000)
writev(1, 0x00007fff94a87830, 2)
open('/home/runner/.nimble/pkgcache/githubcom_euantoranoserialnim', 622592, 0x0000000000000000)
rmdir('/home/runner/.nimble/pkgcache/githubcom_euantoranoserialnim')
writev(1, 0x00007fff94a87720, 2)
mkdir(94906544654352, 0x00000000000001ff)
Error tracing process: readBytes(0x0000565126e18810, 256) error: [Errno 5] Input/output error.
