      Info: Package cache path /home/runner/.nimble/pkgcache
     Info:  Nimble data file "/home/runner/.nimble/nimbledata2.json" has been loaded.
    Reading official package list
Downloading https://github.com/Vladar4/libtcod_nim using git
    Cloning latest tagged version: v1.112.1
open('/workspace/destdir/ssl/openssl.cnf', 32768, 0x00000000000001b6)
open('/home/runner/.config/nimble/nimble.ini', 557056, 0x00000000000001b6)
open('/home/runner/.config/babel/babel.ini', 557056, 0x00000000000001b6)
writev(1, 0x00007ffcc3bf3970, 2)
open('/home/runner/.nimble/nimbledata2.json', 557056, 0x00000000000001b6)
writev(1, 0x00007ffcc3bf3a40, 2)
writev(1, 0x00007ffc6bdd3e70, 2)
writev(1, 0x00007ffc6bdd3f00, 2)
writev(1, 0x00007ffc6bdd3f00, 2)
writev(1, 0x00007ffc6bdd3f00, 2)
writev(1, 0x00007ffcc3bf2470, 2)
open('/home/runner/.nimble/packages_official.json', 557056, 0x00000000000001b6)
mkdir('/home/', 0x00000000000001ff)
mkdir('/home/runner/', 0x00000000000001ff)
mkdir('/home/runner/.nimble/', 0x00000000000001ff)
mkdir('/home/runner/.nimble/pkgcache/', 0x00000000000001ff)
mkdir('/home/runner/.nimble/pkgcache/githubcom_Vladar4libtcodnim', 0x00000000000001ff)
open('/home/runner/.nimble/pkgcache/githubcom_Vladar4libtcodnim', 622592, 0x0000000000000000)
writev(1, 0x00007ffcc3bf24b0, 2)
open('/home/runner/.nimble/pkgcache/githubcom_Vladar4libtcodnim', 622592, 0x0000000000000000)
rmdir('/home/runner/.nimble/pkgcache/githubcom_Vladar4libtcodnim')
writev(1, 0x00007ffcc3bf23a0, 2)
mkdir(94607536707584, 0x00000000000001ff)
Error tracing process: readBytes(0x0000560b889e5800, 256) error: [Errno 5] Input/output error.
