     Info:  Nimble data file "/home/runner/.nimble/nimbledata2.json" has been loaded.
    Reading official package list
Downloading https://github.com/Graveflo/nim-littlefs.git using git
   Warning: The package has no tagged releases, downloading HEAD instead.
open('/workspace/destdir/ssl/openssl.cnf', 32768, 0x00000000000001b6)
open('/home/runner/.config/nimble/nimble.ini', 557056, 0x00000000000001b6)
open('/home/runner/.config/babel/babel.ini', 557056, 0x00000000000001b6)
open('/home/runner/.nimble/nimbledata2.json', 557056, 0x00000000000001b6)
writev(1, 0x00007ffd25e157a0, 2)
writev(1, 0x00007ffd25e15080, 2)
open('/home/runner/.nimble/packages_official.json', 557056, 0x00000000000001b6)
mkdir('/tmp/', 0x00000000000001ff)
mkdir('/tmp/nimble_1962/', 0x00000000000001ff)
mkdir('/tmp/nimble_1962/githubcom_Graveflonimlittlefsgit', 0x00000000000001ff)
writev(1, 0x00007ffd25e15050, 2)
open('/tmp/nimble_1962/githubcom_Graveflonimlittlefsgit', 622592, 0x0000000000000000)
rmdir('/tmp/nimble_1962/githubcom_Graveflonimlittlefsgit')
writev(1, 0x00007ffd25e14fc0, 2)
mkdir(94032808658208, 0x00000000000001ff)
Error tracing process: readBytes(0x00005585b8284520, 256) error: [Errno 5] Input/output error.
