     Info:  Nimble data file "/home/runner/.nimble/nimbledata2.json" has been loaded.
    Reading official package list
Downloading https://github.com/beshrkayali/loki using git
    Cloning latest tagged version: 0.3.0
open('/workspace/destdir/ssl/openssl.cnf', 32768, 0x00000000000001b6)
open('/home/runner/.config/nimble/nimble.ini', 557056, 0x00000000000001b6)
open('/home/runner/.config/babel/babel.ini', 557056, 0x00000000000001b6)
open('/home/runner/.nimble/nimbledata2.json', 557056, 0x00000000000001b6)
writev(1, 0x00007ffe9332fbd0, 2)
writev(1, 0x00007ffe9332f4b0, 2)
open('/home/runner/.nimble/packages_official.json', 557056, 0x00000000000001b6)
mkdir('/tmp/', 0x00000000000001ff)
mkdir('/tmp/nimble_2936/', 0x00000000000001ff)
mkdir('/tmp/nimble_2936/githubcom_beshrkayaliloki', 0x00000000000001ff)
writev(1, 0x00007ffe9332f480, 2)
open('/tmp/nimble_2936/githubcom_beshrkayaliloki', 622592, 0x0000000000000000)
rmdir('/tmp/nimble_2936/githubcom_beshrkayaliloki')
writev(1, 0x00007ffe9332f3f0, 2)
mkdir(94257937962032, 0x00000000000001ff)
Error tracing process: readBytes(0x000055ba22e8d430, 256) error: [Errno 5] Input/output error.
