     Info:  Nimble data file "/home/runner/.nimble/nimbledata2.json" has been loaded.
    Reading official package list
Downloading https://github.com/kaitai-io/kaitai_struct_nim_runtime using git
    Cloning latest tagged version: 0.10
open('/workspace/destdir/ssl/openssl.cnf', 32768, 0x00000000000001b6)
open('/home/runner/.config/nimble/nimble.ini', 557056, 0x00000000000001b6)
open('/home/runner/.config/babel/babel.ini', 557056, 0x00000000000001b6)
open('/home/runner/.nimble/nimbledata2.json', 557056, 0x00000000000001b6)
writev(1, 0x00007ffdc813b0e0, 2)
open('/home/runner/work/nim_packages_security_audit/nim_packages_security_audit', 622592, 0x0000000000000000)
writev(1, 0x00007ffdc813a7b0, 2)
open('/home/runner/.nimble/packages_official.json', 557056, 0x00000000000001b6)
mkdir('/tmp/', 0x00000000000001ff)
mkdir('/tmp/nimble_2392/', 0x00000000000001ff)
mkdir('/tmp/nimble_2392/githubcom_kaitaiiokaitaistructnimruntime', 0x00000000000001ff)
writev(1, 0x00007ffdc813a770, 2)
open('/tmp/nimble_2392/githubcom_kaitaiiokaitaistructnimruntime', 622592, 0x0000000000000000)
rmdir('/tmp/nimble_2392/githubcom_kaitaiiokaitaistructnimruntime')
writev(1, 0x00007ffdc813a6e0, 2)
mkdir(94762644383600, 0x00000000000001ff)
Error tracing process: readBytes(0x0000562fa5c1a770, 256) error: [Errno 5] Input/output error.
