      Info: Package cache path /home/runner/.nimble/pkgcache
     Info:  Nimble data file "/home/runner/.nimble/nimbledata2.json" has been loaded.
    Reading official package list
Downloading https://github.com/openpeeps/kapsis using git
    Cloning latest tagged version: 0.1.1
open('/workspace/destdir/ssl/openssl.cnf', 32768, 0x00000000000001b6)
open('/home/runner/.config/nimble/nimble.ini', 557056, 0x00000000000001b6)
open('/home/runner/.config/babel/babel.ini', 557056, 0x00000000000001b6)
writev(1, 0x00007ffcca8b9550, 2)
open('/home/runner/.nimble/nimbledata2.json', 557056, 0x00000000000001b6)
writev(1, 0x00007ffcca8b9620, 2)
writev(1, 0x00007ffc80b7c440, 2)
writev(1, 0x00007ffc80b7c4d0, 2)
writev(1, 0x00007ffc80b7c4d0, 2)
writev(1, 0x00007ffc80b7c4d0, 2)
writev(1, 0x00007ffcca8b8030, 2)
open('/home/runner/.nimble/packages_official.json', 557056, 0x00000000000001b6)
mkdir('/home/', 0x00000000000001ff)
mkdir('/home/runner/', 0x00000000000001ff)
mkdir('/home/runner/.nimble/', 0x00000000000001ff)
mkdir('/home/runner/.nimble/pkgcache/', 0x00000000000001ff)
mkdir('/home/runner/.nimble/pkgcache/githubcom_openpeepskapsis', 0x00000000000001ff)
open('/home/runner/.nimble/pkgcache/githubcom_openpeepskapsis', 622592, 0x0000000000000000)
writev(1, 0x00007ffcca8b8090, 2)
open('/home/runner/.nimble/pkgcache/githubcom_openpeepskapsis', 622592, 0x0000000000000000)
rmdir('/home/runner/.nimble/pkgcache/githubcom_openpeepskapsis')
writev(1, 0x00007ffcca8b7f80, 2)
mkdir(94251053869856, 0x00000000000001ff)
Error tracing process: readBytes(0x000055b88895eb20, 256) error: [Errno 5] Input/output error.
