      Info: Package cache path /home/runner/.nimble/pkgcache
     Info:  Nimble data file "/home/runner/.nimble/nimbledata2.json" has been loaded.
    Reading official package list
Downloading https://github.com/inv2004/kdb_nim using git
   Warning: The package has no tagged releases, downloading HEAD instead.
open('/workspace/destdir/ssl/openssl.cnf', 32768, 0x00000000000001b6)
open('/home/runner/.config/nimble/nimble.ini', 557056, 0x00000000000001b6)
open('/home/runner/.config/babel/babel.ini', 557056, 0x00000000000001b6)
writev(1, 0x00007ffd79e96e60, 2)
open('/home/runner/.nimble/nimbledata2.json', 557056, 0x00000000000001b6)
writev(1, 0x00007ffd79e96f30, 2)
writev(1, 0x00007ffc16633250, 2)
writev(1, 0x00007ffc166332e0, 2)
writev(1, 0x00007ffc166332e0, 2)
writev(1, 0x00007ffc166332e0, 2)
writev(1, 0x00007ffd79e95940, 2)
open('/home/runner/.nimble/packages_official.json', 557056, 0x00000000000001b6)
mkdir('/home/', 0x00000000000001ff)
mkdir('/home/runner/', 0x00000000000001ff)
mkdir('/home/runner/.nimble/', 0x00000000000001ff)
mkdir('/home/runner/.nimble/pkgcache/', 0x00000000000001ff)
mkdir('/home/runner/.nimble/pkgcache/githubcom_inv2004kdbnim', 0x00000000000001ff)
open('/home/runner/.nimble/pkgcache/githubcom_inv2004kdbnim', 622592, 0x0000000000000000)
writev(1, 0x00007ffd79e959a0, 2)
open('/home/runner/.nimble/pkgcache/githubcom_inv2004kdbnim', 622592, 0x0000000000000000)
rmdir('/home/runner/.nimble/pkgcache/githubcom_inv2004kdbnim')
writev(1, 0x00007ffd79e95890, 2)
mkdir(94179082660560, 0x00000000000001ff)
Error tracing process: readBytes(0x000055a7c6c46ad0, 256) error: [Errno 5] Input/output error.
