     Info:  Nimble data file "/home/runner/.nimble/nimbledata2.json" has been loaded.
    Reading official package list
Downloading https://github.com/Patitotective/kdl-nim using git
    Cloning latest tagged version: 2.0.1
open('/workspace/destdir/ssl/openssl.cnf', 32768, 0x00000000000001b6)
open('/home/runner/.config/nimble/nimble.ini', 557056, 0x00000000000001b6)
open('/home/runner/.config/babel/babel.ini', 557056, 0x00000000000001b6)
open('/home/runner/.nimble/nimbledata2.json', 557056, 0x00000000000001b6)
writev(1, 0x00007ffe9cb85dc0, 2)
open('/home/runner/work/nim_packages_security_audit/nim_packages_security_audit', 622592, 0x0000000000000000)
writev(1, 0x00007ffe9cb85490, 2)
open('/home/runner/.nimble/packages_official.json', 557056, 0x00000000000001b6)
mkdir('/tmp/', 0x00000000000001ff)
mkdir('/tmp/nimble_2533/', 0x00000000000001ff)
mkdir('/tmp/nimble_2533/githubcom_Patitotectivekdlnim', 0x00000000000001ff)
writev(1, 0x00007ffe9cb85450, 2)
open('/tmp/nimble_2533/githubcom_Patitotectivekdlnim', 622592, 0x0000000000000000)
rmdir('/tmp/nimble_2533/githubcom_Patitotectivekdlnim')
writev(1, 0x00007ffe9cb853c0, 2)
mkdir(93890051491440, 0x00000000000001ff)
Error tracing process: readBytes(0x000055647b2ac670, 256) error: [Errno 5] Input/output error.
