     Info:  Nimble data file "/home/runner/.nimble/nimbledata2.json" has been loaded.
    Reading official package list
Downloading https://github.com/m13253/nim-kissfft using git
   Warning: The package has no tagged releases, downloading HEAD instead.
open('/workspace/destdir/ssl/openssl.cnf', 32768, 0x00000000000001b6)
open('/home/runner/.config/nimble/nimble.ini', 557056, 0x00000000000001b6)
open('/home/runner/.config/babel/babel.ini', 557056, 0x00000000000001b6)
open('/home/runner/.nimble/nimbledata2.json', 557056, 0x00000000000001b6)
writev(1, 0x00007ffd7f32c150, 2)
open('/home/runner/work/nim_packages_security_audit/nim_packages_security_audit', 622592, 0x0000000000000000)
writev(1, 0x00007ffd7f32b820, 2)
open('/home/runner/.nimble/packages_official.json', 557056, 0x00000000000001b6)
mkdir('/tmp/', 0x00000000000001ff)
mkdir('/tmp/nimble_2230/', 0x00000000000001ff)
mkdir('/tmp/nimble_2230/githubcom_m13253nimkissfft', 0x00000000000001ff)
writev(1, 0x00007ffd7f32b7e0, 2)
open('/tmp/nimble_2230/githubcom_m13253nimkissfft', 622592, 0x0000000000000000)
rmdir('/tmp/nimble_2230/githubcom_m13253nimkissfft')
writev(1, 0x00007ffd7f32b750, 2)
mkdir(94609413862800, 0x00000000000001ff)
Error tracing process: readBytes(0x0000560bf8817590, 256) error: [Errno 5] Input/output error.
