     Info:  Nimble data file "/home/runner/.nimble/nimbledata2.json" has been loaded.
    Reading official package list
   Warning: The klymene package has been renamed to kapsis
    Reading official package list
Downloading https://github.com/openpeeps/kapsis using git
    Cloning latest tagged version: 0.1.1
open('/workspace/destdir/ssl/openssl.cnf', 32768, 0x00000000000001b6)
open('/home/runner/.config/nimble/nimble.ini', 557056, 0x00000000000001b6)
open('/home/runner/.config/babel/babel.ini', 557056, 0x00000000000001b6)
open('/home/runner/.nimble/nimbledata2.json', 557056, 0x00000000000001b6)
writev(1, 0x00007ffdbecde810, 2)
writev(1, 0x00007ffdbecde0f0, 2)
open('/home/runner/.nimble/packages_official.json', 557056, 0x00000000000001b6)
writev(1, 0x00007ffdbecde0b0, 2)
writev(1, 0x00007ffdbecddfd0, 2)
mkdir('/tmp/', 0x00000000000001ff)
mkdir('/tmp/nimble_2263/', 0x00000000000001ff)
mkdir('/tmp/nimble_2263/githubcom_openpeepskapsis', 0x00000000000001ff)
writev(1, 0x00007ffdbecde0c0, 2)
open('/tmp/nimble_2263/githubcom_openpeepskapsis', 622592, 0x0000000000000000)
rmdir('/tmp/nimble_2263/githubcom_openpeepskapsis')
writev(1, 0x00007ffdbecde030, 2)
mkdir(94527915754528, 0x00000000000001ff)
Error tracing process: readBytes(0x000055f8fed70420, 256) error: [Errno 5] Input/output error.
