      Info: Package cache path /home/runner/.nimble/pkgcache
     Info:  Nimble data file "/home/runner/.nimble/nimbledata2.json" has been loaded.
    Reading official package list
Downloading https://github.com/johnnovak/koi using git
    Cloning latest tagged version: v0.4.1
open('/workspace/destdir/ssl/openssl.cnf', 32768, 0x00000000000001b6)
open('/home/runner/.config/nimble/nimble.ini', 557056, 0x00000000000001b6)
open('/home/runner/.config/babel/babel.ini', 557056, 0x00000000000001b6)
writev(1, 0x00007ffe8ccea8f0, 2)
open('/home/runner/.nimble/nimbledata2.json', 557056, 0x00000000000001b6)
writev(1, 0x00007ffe8ccea9c0, 2)
writev(1, 0x00007ffccd7b5a70, 2)
writev(1, 0x00007ffccd7b5b00, 2)
writev(1, 0x00007ffccd7b5b00, 2)
writev(1, 0x00007ffccd7b5b00, 2)
writev(1, 0x00007ffe8cce93a0, 2)
open('/home/runner/.nimble/packages_official.json', 557056, 0x00000000000001b6)
mkdir('/home/', 0x00000000000001ff)
mkdir('/home/runner/', 0x00000000000001ff)
mkdir('/home/runner/.nimble/', 0x00000000000001ff)
mkdir('/home/runner/.nimble/pkgcache/', 0x00000000000001ff)
mkdir('/home/runner/.nimble/pkgcache/githubcom_johnnovakkoi', 0x00000000000001ff)
open('/home/runner/.nimble/pkgcache/githubcom_johnnovakkoi', 622592, 0x0000000000000000)
writev(1, 0x00007ffe8cce9480, 2)
open('/home/runner/.nimble/pkgcache/githubcom_johnnovakkoi', 622592, 0x0000000000000000)
rmdir('/home/runner/.nimble/pkgcache/githubcom_johnnovakkoi')
writev(1, 0x00007ffe8cce9370, 2)
mkdir(94242078165408, 0x00000000000001ff)
Error tracing process: readBytes(0x000055b6719789a0, 256) error: [Errno 5] Input/output error.
