     Info:  Nimble data file "/home/runner/.nimble/nimbledata2.json" has been loaded.
    Reading official package list
Downloading https://github.com/ryukoposting/kroutes using git
    Cloning latest tagged version: 0.2.0
open('/workspace/destdir/ssl/openssl.cnf', 32768, 0x00000000000001b6)
open('/home/runner/.config/nimble/nimble.ini', 557056, 0x00000000000001b6)
open('/home/runner/.config/babel/babel.ini', 557056, 0x00000000000001b6)
open('/home/runner/.nimble/nimbledata2.json', 557056, 0x00000000000001b6)
writev(1, 0x00007fff4e61d970, 2)
open('/home/runner/work/nim_packages_security_audit/nim_packages_security_audit', 622592, 0x0000000000000000)
writev(1, 0x00007fff4e61d040, 2)
open('/home/runner/.nimble/packages_official.json', 557056, 0x00000000000001b6)
mkdir('/tmp/', 0x00000000000001ff)
mkdir('/tmp/nimble_2545/', 0x00000000000001ff)
mkdir('/tmp/nimble_2545/githubcom_ryukopostingkroutes', 0x00000000000001ff)
writev(1, 0x00007fff4e61d000, 2)
open('/tmp/nimble_2545/githubcom_ryukopostingkroutes', 622592, 0x0000000000000000)
rmdir('/tmp/nimble_2545/githubcom_ryukopostingkroutes')
writev(1, 0x00007fff4e61cf70, 2)
mkdir(94487145768336, 0x00000000000001ff)
Error tracing process: readBytes(0x000055ef80c26590, 256) error: [Errno 5] Input/output error.
