    Reading official package list
Downloading https://github.com/jlp765/db using git
    Cloning latest tagged version: 1.1.0
  Verifying dependencies for db@1.1.0
 Installing db@1.1.0
    Copying file /tmp/nimble_6276/githubcom_jlp765db/db.nim to /home/runner/.nimble/pkgs/db-1.1.0/db.nim
    Copying file /tmp/nimble_6276/githubcom_jlp765db/db.nimble to /home/runner/.nimble/pkgs/db-1.1.0/db.nimble
   Success: db installed successfully.
mkdir('/tmp', 0x00000000000001ff)
mkdir('/tmp/nimble_6276', 0x00000000000001ff)
mkdir('/tmp/nimble_6276/githubcom_jlp765db', 0x00000000000001ff)
rmdir('/tmp/nimble_6276/githubcom_jlp765db')
mkdir('/tmp/nimble_6276/githubcom_jlp765db', 0x00000000000001ff)
mkdir('/tmp/nimble_6276/githubcom_jlp765db/.git', 0x00000000000001ff)
mkdir('/tmp/nimble_6276/githubcom_jlp765db/.git/', 0x00000000000001ff)
mkdir('/tmp/nimble_6276/githubcom_jlp765db/.git/branches/', 0x00000000000001ff)
mkdir('/tmp/nimble_6276/githubcom_jlp765db/.git/hooks/', 0x00000000000001ff)
mkdir('/tmp/nimble_6276/githubcom_jlp765db/.git/info/', 0x00000000000001ff)
mkdir('/tmp/nimble_6276/githubcom_jlp765db/.git/refs', 0x00000000000001ff)
mkdir('/tmp/nimble_6276/githubcom_jlp765db/.git/refs/heads', 0x00000000000001ff)
mkdir('/tmp/nimble_6276/githubcom_jlp765db/.git/refs/tags', 0x00000000000001ff)
rename('/tmp/nimble_6276/githubcom_jlp765db/.git/HEAD.lock', '/tmp/nimble_6276/githubcom_jlp765db/.git/HEAD')
rename('/tmp/nimble_6276/githubcom_jlp765db/.git/config.lock', '/tmp/nimble_6276/githubcom_jlp765db/.git/config')
chmod('/tmp/nimble_6276/githubcom_jlp765db/.git/config', 0x00000000000081e4)
chmod('/tmp/nimble_6276/githubcom_jlp765db/.git/config', 0x00000000000081a4)
chmod('/tmp/nimble_6276/githubcom_jlp765db/.git/config.lock', 0x00000000000001a4)
rename('/tmp/nimble_6276/githubcom_jlp765db/.git/config.lock', '/tmp/nimble_6276/githubcom_jlp765db/.git/config')
chmod('/tmp/nimble_6276/githubcom_jlp765db/.git/config.lock', 0x00000000000001a4)
rename('/tmp/nimble_6276/githubcom_jlp765db/.git/config.lock', '/tmp/nimble_6276/githubcom_jlp765db/.git/config')
chmod('/tmp/nimble_6276/githubcom_jlp765db/.git/config.lock', 0x00000000000001a4)
rename('/tmp/nimble_6276/githubcom_jlp765db/.git/config.lock', '/tmp/nimble_6276/githubcom_jlp765db/.git/config')
unlink('/tmp/nimble_6276/githubcom_jlp765db/.git/t3JmP5o')
symlink('testing', '/tmp/nimble_6276/githubcom_jlp765db/.git/t3JmP5o')
unlink('/tmp/nimble_6276/githubcom_jlp765db/.git/t3JmP5o')
mkdir('/tmp/nimble_6276/githubcom_jlp765db/.git/objects', 0x00000000000001ff)
mkdir('/tmp/nimble_6276/githubcom_jlp765db/.git/objects/pack', 0x00000000000001ff)
mkdir('/tmp/nimble_6276/githubcom_jlp765db/.git/objects/info', 0x00000000000001ff)
chmod('/tmp/nimble_6276/githubcom_jlp765db/.git/config.lock', 0x00000000000001a4)
rename('/tmp/nimble_6276/githubcom_jlp765db/.git/config.lock', '/tmp/nimble_6276/githubcom_jlp765db/.git/config')
chmod('/tmp/nimble_6276/githubcom_jlp765db/.git/config.lock', 0x00000000000001a4)
rename('/tmp/nimble_6276/githubcom_jlp765db/.git/config.lock', '/tmp/nimble_6276/githubcom_jlp765db/.git/config')
chmod('/tmp/nimble_6276/githubcom_jlp765db/.git/config.lock', 0x00000000000001a4)
rename('/tmp/nimble_6276/githubcom_jlp765db/.git/config.lock', '/tmp/nimble_6276/githubcom_jlp765db/.git/config')
link('/tmp/nimble_6276/githubcom_jlp765db/.git/objects/pack/tmp_pack_vJPjTb', '/tmp/nimble_6276/githubcom_jlp765db/.git/objects/pack/pack-cb0de5fe4bb07e1375268ba3712e5c0b03153e2b.pack')
unlink('/tmp/nimble_6276/githubcom_jlp765db/.git/objects/pack/tmp_pack_vJPjTb')
link('/tmp/nimble_6276/githubcom_jlp765db/.git/objects/pack/tmp_idx_j1paol', '/tmp/nimble_6276/githubcom_jlp765db/.git/objects/pack/pack-cb0de5fe4bb07e1375268ba3712e5c0b03153e2b.idx')
unlink('/tmp/nimble_6276/githubcom_jlp765db/.git/objects/pack/tmp_idx_j1paol')
rename('/tmp/nimble_6276/githubcom_jlp765db/.git/shallow.lock', '/tmp/nimble_6276/githubcom_jlp765db/.git/shallow')
rename('/tmp/nimble_6276/githubcom_jlp765db/.git/packed-refs.new', '/tmp/nimble_6276/githubcom_jlp765db/.git/packed-refs')
unlink('/tmp/nimble_6276/githubcom_jlp765db/.git/packed-refs.lock')
unlink('/tmp/nimble_6276/githubcom_jlp765db/.git/refs/tags/1.1.0.lock')
mkdir('/tmp/nimble_6276/githubcom_jlp765db/.git/logs', 0x00000000000001ff)
rename('/tmp/nimble_6276/githubcom_jlp765db/.git/HEAD.lock', '/tmp/nimble_6276/githubcom_jlp765db/.git/HEAD')
unlink('/tmp/nimble_6276/githubcom_jlp765db/.git/objects/pack/pack-cb0de5fe4bb07e1375268ba3712e5c0b03153e2b.keep')
rename('/tmp/nimble_6276/githubcom_jlp765db/.git/index.lock', '/tmp/nimble_6276/githubcom_jlp765db/.git/index')
mkdir('/home', 0x00000000000001ff)
mkdir('/home/runner', 0x00000000000001ff)
mkdir('/home/runner/.nimble', 0x00000000000001ff)
mkdir('/home/runner/.nimble/pkgs', 0x00000000000001ff)
mkdir('/home/runner/.nimble/pkgs/db-1.1.0', 0x00000000000001ff)
mkdir('/home', 0x00000000000001ff)
mkdir('/home/runner', 0x00000000000001ff)
mkdir('/home/runner/.nimble', 0x00000000000001ff)
mkdir('/home/runner/.nimble/pkgs', 0x00000000000001ff)
mkdir('/home/runner/.nimble/pkgs/db-1.1.0', 0x00000000000001ff)
chmod('/home/runner/.nimble/pkgs/db-1.1.0/db.nim', 0x00000000000001a4)
chmod('/home/runner/.nimble/pkgs/db-1.1.0/db.nimble', 0x00000000000001a4)
unlink('/tmp/nimble_6276/githubcom_jlp765db/.gitignore')
unlink('/tmp/nimble_6276/githubcom_jlp765db/db.nimble')
unlink('/tmp/nimble_6276/githubcom_jlp765db/LICENSE')
unlink('/tmp/nimble_6276/githubcom_jlp765db/db.nim')
unlink('/tmp/nimble_6276/githubcom_jlp765db/.git/HEAD')
unlink('/tmp/nimble_6276/githubcom_jlp765db/.git/config')
unlink('/tmp/nimble_6276/githubcom_jlp765db/.git/logs/HEAD')
rmdir('/tmp/nimble_6276/githubcom_jlp765db/.git/logs')
rmdir('/tmp/nimble_6276/githubcom_jlp765db/.git/branches')
unlink('/tmp/nimble_6276/githubcom_jlp765db/.git/packed-refs')
rmdir('/tmp/nimble_6276/githubcom_jlp765db/.git/refs/heads')
rmdir('/tmp/nimble_6276/githubcom_jlp765db/.git/refs/tags')
rmdir('/tmp/nimble_6276/githubcom_jlp765db/.git/refs')
unlink('/tmp/nimble_6276/githubcom_jlp765db/.git/hooks/fsmonitor-watchman.sample')
unlink('/tmp/nimble_6276/githubcom_jlp765db/.git/hooks/pre-rebase.sample')
unlink('/tmp/nimble_6276/githubcom_jlp765db/.git/hooks/pre-push.sample')
unlink('/tmp/nimble_6276/githubcom_jlp765db/.git/hooks/pre-applypatch.sample')
unlink('/tmp/nimble_6276/githubcom_jlp765db/.git/hooks/pre-receive.sample')
unlink('/tmp/nimble_6276/githubcom_jlp765db/.git/hooks/commit-msg.sample')
unlink('/tmp/nimble_6276/githubcom_jlp765db/.git/hooks/pre-merge-commit.sample')
unlink('/tmp/nimble_6276/githubcom_jlp765db/.git/hooks/prepare-commit-msg.sample')
unlink('/tmp/nimble_6276/githubcom_jlp765db/.git/hooks/pre-commit.sample')
unlink('/tmp/nimble_6276/githubcom_jlp765db/.git/hooks/update.sample')
unlink('/tmp/nimble_6276/githubcom_jlp765db/.git/hooks/applypatch-msg.sample')
unlink('/tmp/nimble_6276/githubcom_jlp765db/.git/hooks/post-update.sample')
rmdir('/tmp/nimble_6276/githubcom_jlp765db/.git/hooks')
unlink('/tmp/nimble_6276/githubcom_jlp765db/.git/index')
unlink('/tmp/nimble_6276/githubcom_jlp765db/.git/info/exclude')
rmdir('/tmp/nimble_6276/githubcom_jlp765db/.git/info')
unlink('/tmp/nimble_6276/githubcom_jlp765db/.git/shallow')
unlink('/tmp/nimble_6276/githubcom_jlp765db/.git/description')
unlink('/tmp/nimble_6276/githubcom_jlp765db/.git/objects/pack/pack-cb0de5fe4bb07e1375268ba3712e5c0b03153e2b.idx')
unlink('/tmp/nimble_6276/githubcom_jlp765db/.git/objects/pack/pack-cb0de5fe4bb07e1375268ba3712e5c0b03153e2b.pack')
rmdir('/tmp/nimble_6276/githubcom_jlp765db/.git/objects/pack')
rmdir('/tmp/nimble_6276/githubcom_jlp765db/.git/objects/info')
rmdir('/tmp/nimble_6276/githubcom_jlp765db/.git/objects')
rmdir('/tmp/nimble_6276/githubcom_jlp765db/.git')
unlink('/tmp/nimble_6276/githubcom_jlp765db/README.md')
rmdir('/tmp/nimble_6276/githubcom_jlp765db')
rmdir('/tmp/nimble_6276')
  create directory /tmp
  create directory /tmp/nimble_6276
  create directory /tmp/nimble_6276/githubcom_jlp765db
  delete /tmp/nimble_6276/githubcom_jlp765db
  create directory /tmp/nimble_6276/githubcom_jlp765db
  create directory /tmp/nimble_6276/githubcom_jlp765db/.git
  create directory /tmp/nimble_6276/githubcom_jlp765db/.git
  create directory /tmp/nimble_6276/githubcom_jlp765db/.git/branches
  create directory /tmp/nimble_6276/githubcom_jlp765db/.git/hooks
  create directory /tmp/nimble_6276/githubcom_jlp765db/.git/info
  create directory /tmp/nimble_6276/githubcom_jlp765db/.git/refs
  create directory /tmp/nimble_6276/githubcom_jlp765db/.git/refs/heads
  create directory /tmp/nimble_6276/githubcom_jlp765db/.git/refs/tags
  rename /tmp/nimble_6276/githubcom_jlp765db/.git/HEAD.lock to HEAD
  rename /tmp/nimble_6276/githubcom_jlp765db/.git/config.lock to config
  change permissions of /tmp/nimble_6276/githubcom_jlp765db/.git/config to rwxr--r--
  change permissions of /tmp/nimble_6276/githubcom_jlp765db/.git/config to rw-r--r--
  change permissions of /tmp/nimble_6276/githubcom_jlp765db/.git/config.lock to rw-r--r--
  rename /tmp/nimble_6276/githubcom_jlp765db/.git/config.lock to config
  change permissions of /tmp/nimble_6276/githubcom_jlp765db/.git/config.lock to rw-r--r--
  rename /tmp/nimble_6276/githubcom_jlp765db/.git/config.lock to config
  change permissions of /tmp/nimble_6276/githubcom_jlp765db/.git/config.lock to rw-r--r--
  rename /tmp/nimble_6276/githubcom_jlp765db/.git/config.lock to config
  delete /tmp/nimble_6276/githubcom_jlp765db/.git/t3JmP5o
  create symbolic link from /tmp/nimble_6276/githubcom_jlp765db/.git/t3JmP5o to /home/runner/work/nim_packages_security_audit/nim_packages_security_audit/testing
  delete /tmp/nimble_6276/githubcom_jlp765db/.git/t3JmP5o
  create directory /tmp/nimble_6276/githubcom_jlp765db/.git/objects
  create directory /tmp/nimble_6276/githubcom_jlp765db/.git/objects/pack
  create directory /tmp/nimble_6276/githubcom_jlp765db/.git/objects/info
  change permissions of /tmp/nimble_6276/githubcom_jlp765db/.git/config.lock to rw-r--r--
  rename /tmp/nimble_6276/githubcom_jlp765db/.git/config.lock to config
  change permissions of /tmp/nimble_6276/githubcom_jlp765db/.git/config.lock to rw-r--r--
  rename /tmp/nimble_6276/githubcom_jlp765db/.git/config.lock to config
  change permissions of /tmp/nimble_6276/githubcom_jlp765db/.git/config.lock to rw-r--r--
  rename /tmp/nimble_6276/githubcom_jlp765db/.git/config.lock to config
  create hard link from /tmp/nimble_6276/githubcom_jlp765db/.git/objects/pack/pack-cb0de5fe4bb07e1375268ba3712e5c0b03153e2b.pack to /tmp/nimble_6276/githubcom_jlp765db/.git/objects/pack/tmp_pack_vJPjTb
  delete /tmp/nimble_6276/githubcom_jlp765db/.git/objects/pack/tmp_pack_vJPjTb
  create hard link from /tmp/nimble_6276/githubcom_jlp765db/.git/objects/pack/pack-cb0de5fe4bb07e1375268ba3712e5c0b03153e2b.idx to /tmp/nimble_6276/githubcom_jlp765db/.git/objects/pack/tmp_idx_j1paol
  delete /tmp/nimble_6276/githubcom_jlp765db/.git/objects/pack/tmp_idx_j1paol
  rename /tmp/nimble_6276/githubcom_jlp765db/.git/shallow.lock to shallow
  rename /tmp/nimble_6276/githubcom_jlp765db/.git/packed-refs.new to packed-refs
  delete /tmp/nimble_6276/githubcom_jlp765db/.git/packed-refs.lock
  delete /tmp/nimble_6276/githubcom_jlp765db/.git/refs/tags/1.1.0.lock
  create directory /tmp/nimble_6276/githubcom_jlp765db/.git/logs
  rename /tmp/nimble_6276/githubcom_jlp765db/.git/HEAD.lock to HEAD
  delete /tmp/nimble_6276/githubcom_jlp765db/.git/objects/pack/pack-cb0de5fe4bb07e1375268ba3712e5c0b03153e2b.keep
  rename /tmp/nimble_6276/githubcom_jlp765db/.git/index.lock to index
  create directory /home
  create directory /home/runner
  create directory /home/runner/.nimble
  create directory /home/runner/.nimble/pkgs
  create directory /home/runner/.nimble/pkgs/db-1.1.0
  create directory /home
  create directory /home/runner
  create directory /home/runner/.nimble
  create directory /home/runner/.nimble/pkgs
  create directory /home/runner/.nimble/pkgs/db-1.1.0
  change permissions of /home/runner/.nimble/pkgs/db-1.1.0/db.nim to rw-r--r--
  change permissions of /home/runner/.nimble/pkgs/db-1.1.0/db.nimble to rw-r--r--
  delete /tmp/nimble_6276/githubcom_jlp765db/.gitignore
  delete /tmp/nimble_6276/githubcom_jlp765db/db.nimble
  delete /tmp/nimble_6276/githubcom_jlp765db/LICENSE
  delete /tmp/nimble_6276/githubcom_jlp765db/db.nim
  delete /tmp/nimble_6276/githubcom_jlp765db/.git/HEAD
  delete /tmp/nimble_6276/githubcom_jlp765db/.git/config
  delete /tmp/nimble_6276/githubcom_jlp765db/.git/logs/HEAD
  delete /tmp/nimble_6276/githubcom_jlp765db/.git/logs
  delete /tmp/nimble_6276/githubcom_jlp765db/.git/branches
  delete /tmp/nimble_6276/githubcom_jlp765db/.git/packed-refs
  delete /tmp/nimble_6276/githubcom_jlp765db/.git/refs/heads
  delete /tmp/nimble_6276/githubcom_jlp765db/.git/refs/tags
  delete /tmp/nimble_6276/githubcom_jlp765db/.git/refs
  delete /tmp/nimble_6276/githubcom_jlp765db/.git/hooks/fsmonitor-watchman.sample
  delete /tmp/nimble_6276/githubcom_jlp765db/.git/hooks/pre-rebase.sample
  delete /tmp/nimble_6276/githubcom_jlp765db/.git/hooks/pre-push.sample
  delete /tmp/nimble_6276/githubcom_jlp765db/.git/hooks/pre-applypatch.sample
  delete /tmp/nimble_6276/githubcom_jlp765db/.git/hooks/pre-receive.sample
  delete /tmp/nimble_6276/githubcom_jlp765db/.git/hooks/commit-msg.sample
  delete /tmp/nimble_6276/githubcom_jlp765db/.git/hooks/pre-merge-commit.sample
  delete /tmp/nimble_6276/githubcom_jlp765db/.git/hooks/prepare-commit-msg.sample
  delete /tmp/nimble_6276/githubcom_jlp765db/.git/hooks/pre-commit.sample
  delete /tmp/nimble_6276/githubcom_jlp765db/.git/hooks/update.sample
  delete /tmp/nimble_6276/githubcom_jlp765db/.git/hooks/applypatch-msg.sample
  delete /tmp/nimble_6276/githubcom_jlp765db/.git/hooks/post-update.sample
  delete /tmp/nimble_6276/githubcom_jlp765db/.git/hooks
  delete /tmp/nimble_6276/githubcom_jlp765db/.git/index
  delete /tmp/nimble_6276/githubcom_jlp765db/.git/info/exclude
  delete /tmp/nimble_6276/githubcom_jlp765db/.git/info
  delete /tmp/nimble_6276/githubcom_jlp765db/.git/shallow
  delete /tmp/nimble_6276/githubcom_jlp765db/.git/description
  delete /tmp/nimble_6276/githubcom_jlp765db/.git/objects/pack/pack-cb0de5fe4bb07e1375268ba3712e5c0b03153e2b.idx
  delete /tmp/nimble_6276/githubcom_jlp765db/.git/objects/pack/pack-cb0de5fe4bb07e1375268ba3712e5c0b03153e2b.pack
  delete /tmp/nimble_6276/githubcom_jlp765db/.git/objects/pack
  delete /tmp/nimble_6276/githubcom_jlp765db/.git/objects/info
  delete /tmp/nimble_6276/githubcom_jlp765db/.git/objects
  delete /tmp/nimble_6276/githubcom_jlp765db/.git
  delete /tmp/nimble_6276/githubcom_jlp765db/README.md
  delete /tmp/nimble_6276/githubcom_jlp765db
  delete /tmp/nimble_6276
