     Info:  Nimble data file "/home/runner/.nimble/nimbledata2.json" has been loaded.
    Reading official package list
Downloading https://github.com/treeform/debby using git
    Cloning latest tagged version: 0.4.0
open('/workspace/destdir/ssl/openssl.cnf', 32768, 0x00000000000001b6)
open('/home/runner/.config/nimble/nimble.ini', 557056, 0x00000000000001b6)
open('/home/runner/.config/babel/babel.ini', 557056, 0x00000000000001b6)
open('/home/runner/.nimble/nimbledata2.json', 557056, 0x00000000000001b6)
writev(1, 0x00007ffc269c88e0, 2)
writev(1, 0x00007ffc269c81c0, 2)
open('/home/runner/.nimble/packages_official.json', 557056, 0x00000000000001b6)
mkdir('/tmp/', 0x00000000000001ff)
mkdir('/tmp/nimble_2330/', 0x00000000000001ff)
mkdir('/tmp/nimble_2330/githubcom_treeformdebby', 0x00000000000001ff)
writev(1, 0x00007ffc269c8190, 2)
open('/tmp/nimble_2330/githubcom_treeformdebby', 622592, 0x0000000000000000)
rmdir('/tmp/nimble_2330/githubcom_treeformdebby')
writev(1, 0x00007ffc269c8100, 2)
mkdir(94147145917488, 0x00000000000001ff)
Error tracing process: readBytes(0x000055a057306430, 256) error: [Errno 5] Input/output error.
