      Info: Package cache path /home/runner/.nimble/pkgcache
     Info:  Nimble data file "/home/runner/.nimble/nimbledata2.json" has been loaded.
    Reading official package list
Downloading https://github.com/nortero-code/midio-ui-cairo using git
   Warning: The package has no tagged releases, downloading HEAD instead.
open('/workspace/destdir/ssl/openssl.cnf', 32768, 0x00000000000001b6)
open('/home/runner/.config/nimble/nimble.ini', 557056, 0x00000000000001b6)
open('/home/runner/.config/babel/babel.ini', 557056, 0x00000000000001b6)
writev(1, 0x00007ffe03927ac0, 2)
open('/home/runner/.nimble/nimbledata2.json', 557056, 0x00000000000001b6)
writev(1, 0x00007ffe03927b90, 2)
writev(1, 0x00007ffd45148810, 2)
writev(1, 0x00007ffd451488a0, 2)
writev(1, 0x00007ffd451488a0, 2)
writev(1, 0x00007ffd451488a0, 2)
writev(1, 0x00007ffe03926570, 2)
open('/home/runner/.nimble/packages_official.json', 557056, 0x00000000000001b6)
mkdir('/home/', 0x00000000000001ff)
mkdir('/home/runner/', 0x00000000000001ff)
mkdir('/home/runner/.nimble/', 0x00000000000001ff)
mkdir('/home/runner/.nimble/pkgcache/', 0x00000000000001ff)
mkdir('/home/runner/.nimble/pkgcache/githubcom_norterocodemidiouicairo', 0x00000000000001ff)
open('/home/runner/.nimble/pkgcache/githubcom_norterocodemidiouicairo', 622592, 0x0000000000000000)
writev(1, 0x00007ffe03926650, 2)
open('/home/runner/.nimble/pkgcache/githubcom_norterocodemidiouicairo', 622592, 0x0000000000000000)
rmdir('/home/runner/.nimble/pkgcache/githubcom_norterocodemidiouicairo')
writev(1, 0x00007ffe03926540, 2)
mkdir(93892060392192, 0x00000000000001ff)
Error tracing process: readBytes(0x00005564f2e82b00, 256) error: [Errno 5] Input/output error.
