      Info: Package cache path /home/runner/.nimble/pkgcache
     Info:  Nimble data file "/home/runner/.nimble/nimbledata2.json" has been loaded.
    Reading official package list
Downloading https://github.com/PMunch/deriveables using git
   Warning: The package has no tagged releases, downloading HEAD instead.
open('/workspace/destdir/ssl/openssl.cnf', 32768, 0x00000000000001b6)
open('/home/runner/.config/nimble/nimble.ini', 557056, 0x00000000000001b6)
open('/home/runner/.config/babel/babel.ini', 557056, 0x00000000000001b6)
writev(1, 0x00007fff7e324a20, 2)
open('/home/runner/.nimble/nimbledata2.json', 557056, 0x00000000000001b6)
writev(1, 0x00007fff7e324af0, 2)
writev(1, 0x00007ffe7662e000, 2)
writev(1, 0x00007ffe7662e090, 2)
writev(1, 0x00007ffe7662e090, 2)
writev(1, 0x00007ffe7662e090, 2)
writev(1, 0x00007fff7e323500, 2)
open('/home/runner/.nimble/packages_official.json', 557056, 0x00000000000001b6)
mkdir('/home/', 0x00000000000001ff)
mkdir('/home/runner/', 0x00000000000001ff)
mkdir('/home/runner/.nimble/', 0x00000000000001ff)
mkdir('/home/runner/.nimble/pkgcache/', 0x00000000000001ff)
mkdir('/home/runner/.nimble/pkgcache/githubcom_PMunchderiveables', 0x00000000000001ff)
open('/home/runner/.nimble/pkgcache/githubcom_PMunchderiveables', 622592, 0x0000000000000000)
writev(1, 0x00007fff7e323560, 2)
open('/home/runner/.nimble/pkgcache/githubcom_PMunchderiveables', 622592, 0x0000000000000000)
rmdir('/home/runner/.nimble/pkgcache/githubcom_PMunchderiveables')
writev(1, 0x00007fff7e323450, 2)
mkdir(93919284288304, 0x00000000000001ff)
Error tracing process: readBytes(0x0000556b4993db30, 256) error: [Errno 5] Input/output error.
