     Info:  Nimble data file "/home/runner/.nimble/nimbledata2.json" has been loaded.
    Reading official package list
Downloading https://github.com/Varriount/DevIL using git
   Warning: The package has no tagged releases, downloading HEAD instead.
open('/workspace/destdir/ssl/openssl.cnf', 32768, 0x00000000000001b6)
open('/home/runner/.config/nimble/nimble.ini', 557056, 0x00000000000001b6)
open('/home/runner/.config/babel/babel.ini', 557056, 0x00000000000001b6)
open('/home/runner/.nimble/nimbledata2.json', 557056, 0x00000000000001b6)
writev(1, 0x00007ffe7a18b2e0, 2)
writev(1, 0x00007ffe7a18abc0, 2)
open('/home/runner/.nimble/packages_official.json', 557056, 0x00000000000001b6)
mkdir('/tmp/', 0x00000000000001ff)
mkdir('/tmp/nimble_2027/', 0x00000000000001ff)
mkdir('/tmp/nimble_2027/githubcom_VarriountDevIL', 0x00000000000001ff)
writev(1, 0x00007ffe7a18ab90, 2)
open('/tmp/nimble_2027/githubcom_VarriountDevIL', 622592, 0x0000000000000000)
rmdir('/tmp/nimble_2027/githubcom_VarriountDevIL')
writev(1, 0x00007ffe7a18ab00, 2)
mkdir(93970363601968, 0x00000000000001ff)
Error tracing process: readBytes(0x000055772e245430, 256) error: [Errno 5] Input/output error.
