    Reading official package list
Downloading https://github.com/mark-summerfield/diff using git
    Cloning latest tagged version: 0.5.0
       Info /tmp/nimble_29493/githubcom_marksummerfielddiff/diff_29493.nims(1, 8) Warning: imported and not used: 'system' [UnusedImport]
        ... /tmp/nimble_29493/githubcom_marksummerfielddiff/diff_29493.nims(5, 22) Warning: imported and not used: 'strutils' [UnusedImport]
  Verifying dependencies for diff@0.5.0
 Installing diff@0.5.0
    Copying file /tmp/nimble_29493/githubcom_marksummerfielddiff/src/diff.nim to /home/runner/.nimble/pkgs/diff-0.5.0/diff.nim
    Copying file /tmp/nimble_29493/githubcom_marksummerfielddiff/diff.nimble to /home/runner/.nimble/pkgs/diff-0.5.0/diff.nimble
   Success: diff installed successfully.
       Info /home/runner/.nimble/pkgs/diff-0.5.0/diff_29493.nims(1, 8) Warning: imported and not used: 'system' [UnusedImport]
        ... /home/runner/.nimble/pkgs/diff-0.5.0/diff_29493.nims(5, 22) Warning: imported and not used: 'strutils' [UnusedImport]
mkdir('/tmp', 0x00000000000001ff)
mkdir('/tmp/nimble_29493', 0x00000000000001ff)
mkdir('/tmp/nimble_29493/githubcom_marksummerfielddiff', 0x00000000000001ff)
rmdir('/tmp/nimble_29493/githubcom_marksummerfielddiff')
mkdir('/tmp/nimble_29493/githubcom_marksummerfielddiff', 0x00000000000001ff)
mkdir('/tmp/nimble_29493/githubcom_marksummerfielddiff/.git', 0x00000000000001ff)
mkdir('/tmp/nimble_29493/githubcom_marksummerfielddiff/.git/', 0x00000000000001ff)
mkdir('/tmp/nimble_29493/githubcom_marksummerfielddiff/.git/branches/', 0x00000000000001ff)
mkdir('/tmp/nimble_29493/githubcom_marksummerfielddiff/.git/hooks/', 0x00000000000001ff)
mkdir('/tmp/nimble_29493/githubcom_marksummerfielddiff/.git/info/', 0x00000000000001ff)
mkdir('/tmp/nimble_29493/githubcom_marksummerfielddiff/.git/refs', 0x00000000000001ff)
mkdir('/tmp/nimble_29493/githubcom_marksummerfielddiff/.git/refs/heads', 0x00000000000001ff)
mkdir('/tmp/nimble_29493/githubcom_marksummerfielddiff/.git/refs/tags', 0x00000000000001ff)
rename('/tmp/nimble_29493/githubcom_marksummerfielddiff/.git/HEAD.lock', '/tmp/nimble_29493/githubcom_marksummerfielddiff/.git/HEAD')
rename('/tmp/nimble_29493/githubcom_marksummerfielddiff/.git/config.lock', '/tmp/nimble_29493/githubcom_marksummerfielddiff/.git/config')
chmod('/tmp/nimble_29493/githubcom_marksummerfielddiff/.git/config', 0x00000000000081e4)
chmod('/tmp/nimble_29493/githubcom_marksummerfielddiff/.git/config', 0x00000000000081a4)
chmod('/tmp/nimble_29493/githubcom_marksummerfielddiff/.git/config.lock', 0x00000000000001a4)
rename('/tmp/nimble_29493/githubcom_marksummerfielddiff/.git/config.lock', '/tmp/nimble_29493/githubcom_marksummerfielddiff/.git/config')
chmod('/tmp/nimble_29493/githubcom_marksummerfielddiff/.git/config.lock', 0x00000000000001a4)
rename('/tmp/nimble_29493/githubcom_marksummerfielddiff/.git/config.lock', '/tmp/nimble_29493/githubcom_marksummerfielddiff/.git/config')
chmod('/tmp/nimble_29493/githubcom_marksummerfielddiff/.git/config.lock', 0x00000000000001a4)
rename('/tmp/nimble_29493/githubcom_marksummerfielddiff/.git/config.lock', '/tmp/nimble_29493/githubcom_marksummerfielddiff/.git/config')
unlink('/tmp/nimble_29493/githubcom_marksummerfielddiff/.git/tjSK1bI')
symlink('testing', '/tmp/nimble_29493/githubcom_marksummerfielddiff/.git/tjSK1bI')
unlink('/tmp/nimble_29493/githubcom_marksummerfielddiff/.git/tjSK1bI')
mkdir('/tmp/nimble_29493/githubcom_marksummerfielddiff/.git/objects', 0x00000000000001ff)
mkdir('/tmp/nimble_29493/githubcom_marksummerfielddiff/.git/objects/pack', 0x00000000000001ff)
mkdir('/tmp/nimble_29493/githubcom_marksummerfielddiff/.git/objects/info', 0x00000000000001ff)
chmod('/tmp/nimble_29493/githubcom_marksummerfielddiff/.git/config.lock', 0x00000000000001a4)
rename('/tmp/nimble_29493/githubcom_marksummerfielddiff/.git/config.lock', '/tmp/nimble_29493/githubcom_marksummerfielddiff/.git/config')
chmod('/tmp/nimble_29493/githubcom_marksummerfielddiff/.git/config.lock', 0x00000000000001a4)
rename('/tmp/nimble_29493/githubcom_marksummerfielddiff/.git/config.lock', '/tmp/nimble_29493/githubcom_marksummerfielddiff/.git/config')
chmod('/tmp/nimble_29493/githubcom_marksummerfielddiff/.git/config.lock', 0x00000000000001a4)
rename('/tmp/nimble_29493/githubcom_marksummerfielddiff/.git/config.lock', '/tmp/nimble_29493/githubcom_marksummerfielddiff/.git/config')
link('/tmp/nimble_29493/githubcom_marksummerfielddiff/.git/objects/pack/tmp_pack_Ope6Dt', '/tmp/nimble_29493/githubcom_marksummerfielddiff/.git/objects/pack/pack-95168e4d0e0fcdcfc214144face27ecf3223c3f4.pack')
unlink('/tmp/nimble_29493/githubcom_marksummerfielddiff/.git/objects/pack/tmp_pack_Ope6Dt')
link('/tmp/nimble_29493/githubcom_marksummerfielddiff/.git/objects/pack/tmp_idx_4XlNHD', '/tmp/nimble_29493/githubcom_marksummerfielddiff/.git/objects/pack/pack-95168e4d0e0fcdcfc214144face27ecf3223c3f4.idx')
unlink('/tmp/nimble_29493/githubcom_marksummerfielddiff/.git/objects/pack/tmp_idx_4XlNHD')
rename('/tmp/nimble_29493/githubcom_marksummerfielddiff/.git/shallow.lock', '/tmp/nimble_29493/githubcom_marksummerfielddiff/.git/shallow')
rename('/tmp/nimble_29493/githubcom_marksummerfielddiff/.git/packed-refs.new', '/tmp/nimble_29493/githubcom_marksummerfielddiff/.git/packed-refs')
unlink('/tmp/nimble_29493/githubcom_marksummerfielddiff/.git/packed-refs.lock')
unlink('/tmp/nimble_29493/githubcom_marksummerfielddiff/.git/refs/tags/0.5.0.lock')
mkdir('/tmp/nimble_29493/githubcom_marksummerfielddiff/.git/logs', 0x00000000000001ff)
rename('/tmp/nimble_29493/githubcom_marksummerfielddiff/.git/HEAD.lock', '/tmp/nimble_29493/githubcom_marksummerfielddiff/.git/HEAD')
unlink('/tmp/nimble_29493/githubcom_marksummerfielddiff/.git/objects/pack/pack-95168e4d0e0fcdcfc214144face27ecf3223c3f4.keep')
mkdir('src', 0x00000000000001ff)
mkdir('tests', 0x00000000000001ff)
rename('/tmp/nimble_29493/githubcom_marksummerfielddiff/.git/index.lock', '/tmp/nimble_29493/githubcom_marksummerfielddiff/.git/index')
mkdir('/tmp', 0x00000000000001ff)
mkdir('/tmp/nimblecache', 0x00000000000001ff)
mkdir('/tmp/nimblecache/diff_564873264', 0x00000000000001ff)
unlink('/tmp/nimblecache/diff_564873264/diff.ini')
unlink('/tmp/nimble_29493.out')
unlink('/tmp/nimble_29493/githubcom_marksummerfielddiff/diff_29493.nims')
mkdir('/home', 0x00000000000001ff)
mkdir('/home/runner', 0x00000000000001ff)
mkdir('/home/runner/.nimble', 0x00000000000001ff)
mkdir('/home/runner/.nimble/pkgs', 0x00000000000001ff)
mkdir('/home/runner/.nimble/pkgs/diff-0.5.0', 0x00000000000001ff)
mkdir('/home', 0x00000000000001ff)
mkdir('/home/runner', 0x00000000000001ff)
mkdir('/home/runner/.nimble', 0x00000000000001ff)
mkdir('/home/runner/.nimble/pkgs', 0x00000000000001ff)
mkdir('/home/runner/.nimble/pkgs/diff-0.5.0', 0x00000000000001ff)
chmod('/home/runner/.nimble/pkgs/diff-0.5.0/diff.nim', 0x00000000000001a4)
chmod('/home/runner/.nimble/pkgs/diff-0.5.0/diff.nimble', 0x00000000000001a4)
mkdir('/tmp', 0x00000000000001ff)
mkdir('/tmp/nimblecache', 0x00000000000001ff)
mkdir('/tmp/nimblecache/diff_2110820722', 0x00000000000001ff)
unlink('/tmp/nimblecache/diff_2110820722/diff.ini')
unlink('/tmp/nimble_29493.out')
unlink('/home/runner/.nimble/pkgs/diff-0.5.0/diff_29493.nims')
unlink('/tmp/nimble_29493/githubcom_marksummerfielddiff/src/diff.nim')
rmdir('/tmp/nimble_29493/githubcom_marksummerfielddiff/src')
unlink('/tmp/nimble_29493/githubcom_marksummerfielddiff/.gitignore')
unlink('/tmp/nimble_29493/githubcom_marksummerfielddiff/.git/HEAD')
unlink('/tmp/nimble_29493/githubcom_marksummerfielddiff/.git/config')
unlink('/tmp/nimble_29493/githubcom_marksummerfielddiff/.git/logs/HEAD')
rmdir('/tmp/nimble_29493/githubcom_marksummerfielddiff/.git/logs')
rmdir('/tmp/nimble_29493/githubcom_marksummerfielddiff/.git/branches')
unlink('/tmp/nimble_29493/githubcom_marksummerfielddiff/.git/packed-refs')
rmdir('/tmp/nimble_29493/githubcom_marksummerfielddiff/.git/refs/heads')
rmdir('/tmp/nimble_29493/githubcom_marksummerfielddiff/.git/refs/tags')
rmdir('/tmp/nimble_29493/githubcom_marksummerfielddiff/.git/refs')
unlink('/tmp/nimble_29493/githubcom_marksummerfielddiff/.git/hooks/fsmonitor-watchman.sample')
unlink('/tmp/nimble_29493/githubcom_marksummerfielddiff/.git/hooks/pre-rebase.sample')
unlink('/tmp/nimble_29493/githubcom_marksummerfielddiff/.git/hooks/pre-push.sample')
unlink('/tmp/nimble_29493/githubcom_marksummerfielddiff/.git/hooks/pre-applypatch.sample')
unlink('/tmp/nimble_29493/githubcom_marksummerfielddiff/.git/hooks/pre-receive.sample')
unlink('/tmp/nimble_29493/githubcom_marksummerfielddiff/.git/hooks/commit-msg.sample')
unlink('/tmp/nimble_29493/githubcom_marksummerfielddiff/.git/hooks/pre-merge-commit.sample')
unlink('/tmp/nimble_29493/githubcom_marksummerfielddiff/.git/hooks/prepare-commit-msg.sample')
unlink('/tmp/nimble_29493/githubcom_marksummerfielddiff/.git/hooks/pre-commit.sample')
unlink('/tmp/nimble_29493/githubcom_marksummerfielddiff/.git/hooks/update.sample')
unlink('/tmp/nimble_29493/githubcom_marksummerfielddiff/.git/hooks/applypatch-msg.sample')
unlink('/tmp/nimble_29493/githubcom_marksummerfielddiff/.git/hooks/post-update.sample')
rmdir('/tmp/nimble_29493/githubcom_marksummerfielddiff/.git/hooks')
unlink('/tmp/nimble_29493/githubcom_marksummerfielddiff/.git/index')
unlink('/tmp/nimble_29493/githubcom_marksummerfielddiff/.git/info/exclude')
rmdir('/tmp/nimble_29493/githubcom_marksummerfielddiff/.git/info')
unlink('/tmp/nimble_29493/githubcom_marksummerfielddiff/.git/shallow')
unlink('/tmp/nimble_29493/githubcom_marksummerfielddiff/.git/description')
unlink('/tmp/nimble_29493/githubcom_marksummerfielddiff/.git/objects/pack/pack-95168e4d0e0fcdcfc214144face27ecf3223c3f4.idx')
unlink('/tmp/nimble_29493/githubcom_marksummerfielddiff/.git/objects/pack/pack-95168e4d0e0fcdcfc214144face27ecf3223c3f4.pack')
rmdir('/tmp/nimble_29493/githubcom_marksummerfielddiff/.git/objects/pack')
rmdir('/tmp/nimble_29493/githubcom_marksummerfielddiff/.git/objects/info')
rmdir('/tmp/nimble_29493/githubcom_marksummerfielddiff/.git/objects')
rmdir('/tmp/nimble_29493/githubcom_marksummerfielddiff/.git')
unlink('/tmp/nimble_29493/githubcom_marksummerfielddiff/diff.nimble')
unlink('/tmp/nimble_29493/githubcom_marksummerfielddiff/README.md')
unlink('/tmp/nimble_29493/githubcom_marksummerfielddiff/tests/test.nim')
unlink('/tmp/nimble_29493/githubcom_marksummerfielddiff/tests/config.nims')
rmdir('/tmp/nimble_29493/githubcom_marksummerfielddiff/tests')
rmdir('/tmp/nimble_29493/githubcom_marksummerfielddiff')
rmdir('/tmp/nimble_29493')
  create directory /tmp
  create directory /tmp/nimble_29493
  create directory /tmp/nimble_29493/githubcom_marksummerfielddiff
  delete /tmp/nimble_29493/githubcom_marksummerfielddiff
  create directory /tmp/nimble_29493/githubcom_marksummerfielddiff
  create directory /tmp/nimble_29493/githubcom_marksummerfielddiff/.git
  create directory /tmp/nimble_29493/githubcom_marksummerfielddiff/.git
  create directory /tmp/nimble_29493/githubcom_marksummerfielddiff/.git/branches
  create directory /tmp/nimble_29493/githubcom_marksummerfielddiff/.git/hooks
  create directory /tmp/nimble_29493/githubcom_marksummerfielddiff/.git/info
  create directory /tmp/nimble_29493/githubcom_marksummerfielddiff/.git/refs
  create directory /tmp/nimble_29493/githubcom_marksummerfielddiff/.git/refs/heads
  create directory /tmp/nimble_29493/githubcom_marksummerfielddiff/.git/refs/tags
  rename /tmp/nimble_29493/githubcom_marksummerfielddiff/.git/HEAD.lock to HEAD
  rename /tmp/nimble_29493/githubcom_marksummerfielddiff/.git/config.lock to config
  change permissions of /tmp/nimble_29493/githubcom_marksummerfielddiff/.git/config to rwxr--r--
  change permissions of /tmp/nimble_29493/githubcom_marksummerfielddiff/.git/config to rw-r--r--
  change permissions of /tmp/nimble_29493/githubcom_marksummerfielddiff/.git/config.lock to rw-r--r--
  rename /tmp/nimble_29493/githubcom_marksummerfielddiff/.git/config.lock to config
  change permissions of /tmp/nimble_29493/githubcom_marksummerfielddiff/.git/config.lock to rw-r--r--
  rename /tmp/nimble_29493/githubcom_marksummerfielddiff/.git/config.lock to config
  change permissions of /tmp/nimble_29493/githubcom_marksummerfielddiff/.git/config.lock to rw-r--r--
  rename /tmp/nimble_29493/githubcom_marksummerfielddiff/.git/config.lock to config
  delete /tmp/nimble_29493/githubcom_marksummerfielddiff/.git/tjSK1bI
  create symbolic link from /tmp/nimble_29493/githubcom_marksummerfielddiff/.git/tjSK1bI to /home/runner/work/nim_packages_security_audit/nim_packages_security_audit/testing
  delete /tmp/nimble_29493/githubcom_marksummerfielddiff/.git/tjSK1bI
  create directory /tmp/nimble_29493/githubcom_marksummerfielddiff/.git/objects
  create directory /tmp/nimble_29493/githubcom_marksummerfielddiff/.git/objects/pack
  create directory /tmp/nimble_29493/githubcom_marksummerfielddiff/.git/objects/info
  change permissions of /tmp/nimble_29493/githubcom_marksummerfielddiff/.git/config.lock to rw-r--r--
  rename /tmp/nimble_29493/githubcom_marksummerfielddiff/.git/config.lock to config
  change permissions of /tmp/nimble_29493/githubcom_marksummerfielddiff/.git/config.lock to rw-r--r--
  rename /tmp/nimble_29493/githubcom_marksummerfielddiff/.git/config.lock to config
  change permissions of /tmp/nimble_29493/githubcom_marksummerfielddiff/.git/config.lock to rw-r--r--
  rename /tmp/nimble_29493/githubcom_marksummerfielddiff/.git/config.lock to config
  create hard link from /tmp/nimble_29493/githubcom_marksummerfielddiff/.git/objects/pack/pack-95168e4d0e0fcdcfc214144face27ecf3223c3f4.pack to /tmp/nimble_29493/githubcom_marksummerfielddiff/.git/objects/pack/tmp_pack_Ope6Dt
  delete /tmp/nimble_29493/githubcom_marksummerfielddiff/.git/objects/pack/tmp_pack_Ope6Dt
  create hard link from /tmp/nimble_29493/githubcom_marksummerfielddiff/.git/objects/pack/pack-95168e4d0e0fcdcfc214144face27ecf3223c3f4.idx to /tmp/nimble_29493/githubcom_marksummerfielddiff/.git/objects/pack/tmp_idx_4XlNHD
  delete /tmp/nimble_29493/githubcom_marksummerfielddiff/.git/objects/pack/tmp_idx_4XlNHD
  rename /tmp/nimble_29493/githubcom_marksummerfielddiff/.git/shallow.lock to shallow
  rename /tmp/nimble_29493/githubcom_marksummerfielddiff/.git/packed-refs.new to packed-refs
  delete /tmp/nimble_29493/githubcom_marksummerfielddiff/.git/packed-refs.lock
  delete /tmp/nimble_29493/githubcom_marksummerfielddiff/.git/refs/tags/0.5.0.lock
  create directory /tmp/nimble_29493/githubcom_marksummerfielddiff/.git/logs
  rename /tmp/nimble_29493/githubcom_marksummerfielddiff/.git/HEAD.lock to HEAD
  delete /tmp/nimble_29493/githubcom_marksummerfielddiff/.git/objects/pack/pack-95168e4d0e0fcdcfc214144face27ecf3223c3f4.keep
  create directory /tmp/nimble_29493/githubcom_marksummerfielddiff/src
  create directory /tmp/nimble_29493/githubcom_marksummerfielddiff/tests
  rename /tmp/nimble_29493/githubcom_marksummerfielddiff/.git/index.lock to index
  create directory /tmp
  create directory /tmp/nimblecache
  create directory /tmp/nimblecache/diff_564873264
  delete /tmp/nimblecache/diff_564873264/diff.ini
  delete /tmp/nimble_29493.out
  delete /tmp/nimble_29493/githubcom_marksummerfielddiff/diff_29493.nims
  create directory /home
  create directory /home/runner
  create directory /home/runner/.nimble
  create directory /home/runner/.nimble/pkgs
  create directory /home/runner/.nimble/pkgs/diff-0.5.0
  create directory /home
  create directory /home/runner
  create directory /home/runner/.nimble
  create directory /home/runner/.nimble/pkgs
  create directory /home/runner/.nimble/pkgs/diff-0.5.0
  change permissions of /home/runner/.nimble/pkgs/diff-0.5.0/diff.nim to rw-r--r--
  change permissions of /home/runner/.nimble/pkgs/diff-0.5.0/diff.nimble to rw-r--r--
  create directory /tmp
  create directory /tmp/nimblecache
  create directory /tmp/nimblecache/diff_2110820722
  delete /tmp/nimblecache/diff_2110820722/diff.ini
  delete /tmp/nimble_29493.out
  delete /home/runner/.nimble/pkgs/diff-0.5.0/diff_29493.nims
  delete /tmp/nimble_29493/githubcom_marksummerfielddiff/src/diff.nim
  delete /tmp/nimble_29493/githubcom_marksummerfielddiff/src
  delete /tmp/nimble_29493/githubcom_marksummerfielddiff/.gitignore
  delete /tmp/nimble_29493/githubcom_marksummerfielddiff/.git/HEAD
  delete /tmp/nimble_29493/githubcom_marksummerfielddiff/.git/config
  delete /tmp/nimble_29493/githubcom_marksummerfielddiff/.git/logs/HEAD
  delete /tmp/nimble_29493/githubcom_marksummerfielddiff/.git/logs
  delete /tmp/nimble_29493/githubcom_marksummerfielddiff/.git/branches
  delete /tmp/nimble_29493/githubcom_marksummerfielddiff/.git/packed-refs
  delete /tmp/nimble_29493/githubcom_marksummerfielddiff/.git/refs/heads
  delete /tmp/nimble_29493/githubcom_marksummerfielddiff/.git/refs/tags
  delete /tmp/nimble_29493/githubcom_marksummerfielddiff/.git/refs
  delete /tmp/nimble_29493/githubcom_marksummerfielddiff/.git/hooks/fsmonitor-watchman.sample
  delete /tmp/nimble_29493/githubcom_marksummerfielddiff/.git/hooks/pre-rebase.sample
  delete /tmp/nimble_29493/githubcom_marksummerfielddiff/.git/hooks/pre-push.sample
  delete /tmp/nimble_29493/githubcom_marksummerfielddiff/.git/hooks/pre-applypatch.sample
  delete /tmp/nimble_29493/githubcom_marksummerfielddiff/.git/hooks/pre-receive.sample
  delete /tmp/nimble_29493/githubcom_marksummerfielddiff/.git/hooks/commit-msg.sample
  delete /tmp/nimble_29493/githubcom_marksummerfielddiff/.git/hooks/pre-merge-commit.sample
  delete /tmp/nimble_29493/githubcom_marksummerfielddiff/.git/hooks/prepare-commit-msg.sample
  delete /tmp/nimble_29493/githubcom_marksummerfielddiff/.git/hooks/pre-commit.sample
  delete /tmp/nimble_29493/githubcom_marksummerfielddiff/.git/hooks/update.sample
  delete /tmp/nimble_29493/githubcom_marksummerfielddiff/.git/hooks/applypatch-msg.sample
  delete /tmp/nimble_29493/githubcom_marksummerfielddiff/.git/hooks/post-update.sample
  delete /tmp/nimble_29493/githubcom_marksummerfielddiff/.git/hooks
  delete /tmp/nimble_29493/githubcom_marksummerfielddiff/.git/index
  delete /tmp/nimble_29493/githubcom_marksummerfielddiff/.git/info/exclude
  delete /tmp/nimble_29493/githubcom_marksummerfielddiff/.git/info
  delete /tmp/nimble_29493/githubcom_marksummerfielddiff/.git/shallow
  delete /tmp/nimble_29493/githubcom_marksummerfielddiff/.git/description
  delete /tmp/nimble_29493/githubcom_marksummerfielddiff/.git/objects/pack/pack-95168e4d0e0fcdcfc214144face27ecf3223c3f4.idx
  delete /tmp/nimble_29493/githubcom_marksummerfielddiff/.git/objects/pack/pack-95168e4d0e0fcdcfc214144face27ecf3223c3f4.pack
  delete /tmp/nimble_29493/githubcom_marksummerfielddiff/.git/objects/pack
  delete /tmp/nimble_29493/githubcom_marksummerfielddiff/.git/objects/info
  delete /tmp/nimble_29493/githubcom_marksummerfielddiff/.git/objects
  delete /tmp/nimble_29493/githubcom_marksummerfielddiff/.git
  delete /tmp/nimble_29493/githubcom_marksummerfielddiff/diff.nimble
  delete /tmp/nimble_29493/githubcom_marksummerfielddiff/README.md
  delete /tmp/nimble_29493/githubcom_marksummerfielddiff/tests/test.nim
  delete /tmp/nimble_29493/githubcom_marksummerfielddiff/tests/config.nims
  delete /tmp/nimble_29493/githubcom_marksummerfielddiff/tests
  delete /tmp/nimble_29493/githubcom_marksummerfielddiff
  delete /tmp/nimble_29493
