      Info: Package cache path /home/runner/.nimble/pkgcache
     Info:  Nimble data file "/home/runner/.nimble/nimbledata2.json" has been loaded.
    Reading official package list
Downloading https://github.com/elcritch/diffy using git
    Cloning latest tagged version: v0.3.0
open('/workspace/destdir/ssl/openssl.cnf', 32768, 0x00000000000001b6)
open('/home/runner/.config/nimble/nimble.ini', 557056, 0x00000000000001b6)
open('/home/runner/.config/babel/babel.ini', 557056, 0x00000000000001b6)
writev(1, 0x00007ffde866e8e0, 2)
open('/home/runner/.nimble/nimbledata2.json', 557056, 0x00000000000001b6)
writev(1, 0x00007ffde866e9b0, 2)
writev(1, 0x00007fff8d6e6c20, 2)
writev(1, 0x00007fff8d6e6cb0, 2)
writev(1, 0x00007fff8d6e6cb0, 2)
writev(1, 0x00007fff8d6e6cb0, 2)
writev(1, 0x00007ffde866d3c0, 2)
open('/home/runner/.nimble/packages_official.json', 557056, 0x00000000000001b6)
mkdir('/home/', 0x00000000000001ff)
mkdir('/home/runner/', 0x00000000000001ff)
mkdir('/home/runner/.nimble/', 0x00000000000001ff)
mkdir('/home/runner/.nimble/pkgcache/', 0x00000000000001ff)
mkdir('/home/runner/.nimble/pkgcache/githubcom_elcritchdiffy', 0x00000000000001ff)
open('/home/runner/.nimble/pkgcache/githubcom_elcritchdiffy', 622592, 0x0000000000000000)
writev(1, 0x00007ffde866d420, 2)
open('/home/runner/.nimble/pkgcache/githubcom_elcritchdiffy', 622592, 0x0000000000000000)
rmdir('/home/runner/.nimble/pkgcache/githubcom_elcritchdiffy')
writev(1, 0x00007ffde866d310, 2)
mkdir(94587740818208, 0x00000000000001ff)
Error tracing process: readBytes(0x00005606ecb10b20, 256) error: [Errno 5] Input/output error.
