      Info: Package cache path /home/runner/.nimble/pkgcache
     Info:  Nimble data file "/home/runner/.nimble/nimbledata2.json" has been loaded.
    Reading official package list
Downloading https://github.com/tdely/dira using git
    Cloning latest tagged version: 1.0.1
open('/workspace/destdir/ssl/openssl.cnf', 32768, 0x00000000000001b6)
open('/home/runner/.config/nimble/nimble.ini', 557056, 0x00000000000001b6)
open('/home/runner/.config/babel/babel.ini', 557056, 0x00000000000001b6)
writev(1, 0x00007ffe5a8fdfe0, 2)
open('/home/runner/.nimble/nimbledata2.json', 557056, 0x00000000000001b6)
writev(1, 0x00007ffe5a8fe0b0, 2)
writev(1, 0x00007ffc1f0d1fa0, 2)
writev(1, 0x00007ffc1f0d2030, 2)
writev(1, 0x00007ffc1f0d2030, 2)
writev(1, 0x00007ffc1f0d2030, 2)
writev(1, 0x00007ffe5a8fcac0, 2)
open('/home/runner/.nimble/packages_official.json', 557056, 0x00000000000001b6)
mkdir('/home/', 0x00000000000001ff)
mkdir('/home/runner/', 0x00000000000001ff)
mkdir('/home/runner/.nimble/', 0x00000000000001ff)
mkdir('/home/runner/.nimble/pkgcache/', 0x00000000000001ff)
mkdir('/home/runner/.nimble/pkgcache/githubcom_tdelydira', 0x00000000000001ff)
open('/home/runner/.nimble/pkgcache/githubcom_tdelydira', 622592, 0x0000000000000000)
writev(1, 0x00007ffe5a8fcb20, 2)
open('/home/runner/.nimble/pkgcache/githubcom_tdelydira', 622592, 0x0000000000000000)
rmdir('/home/runner/.nimble/pkgcache/githubcom_tdelydira')
writev(1, 0x00007ffe5a8fca10, 2)
mkdir(94382297680672, 0x00000000000001ff)
Error tracing process: readBytes(0x000055d717538b20, 256) error: [Errno 5] Input/output error.
