      Info: Package cache path /home/runner/.nimble/pkgcache
     Info:  Nimble data file "/home/runner/.nimble/nimbledata2.json" has been loaded.
    Reading official package list
Downloading https://github.com/Krognol/discordnim using git
   Warning: The package has no tagged releases, downloading HEAD instead.
open('/workspace/destdir/ssl/openssl.cnf', 32768, 0x00000000000001b6)
open('/home/runner/.config/nimble/nimble.ini', 557056, 0x00000000000001b6)
open('/home/runner/.config/babel/babel.ini', 557056, 0x00000000000001b6)
writev(1, 0x00007ffc6704fec0, 2)
open('/home/runner/.nimble/nimbledata2.json', 557056, 0x00000000000001b6)
writev(1, 0x00007ffc6704ff90, 2)
writev(1, 0x00007fff9804aa10, 2)
writev(1, 0x00007fff9804aaa0, 2)
writev(1, 0x00007fff9804aaa0, 2)
writev(1, 0x00007fff9804aaa0, 2)
writev(1, 0x00007ffc6704e9a0, 2)
open('/home/runner/.nimble/packages_official.json', 557056, 0x00000000000001b6)
mkdir('/home/', 0x00000000000001ff)
mkdir('/home/runner/', 0x00000000000001ff)
mkdir('/home/runner/.nimble/', 0x00000000000001ff)
mkdir('/home/runner/.nimble/pkgcache/', 0x00000000000001ff)
mkdir('/home/runner/.nimble/pkgcache/githubcom_Krognoldiscordnim', 0x00000000000001ff)
open('/home/runner/.nimble/pkgcache/githubcom_Krognoldiscordnim', 622592, 0x0000000000000000)
writev(1, 0x00007ffc6704ea00, 2)
open('/home/runner/.nimble/pkgcache/githubcom_Krognoldiscordnim', 622592, 0x0000000000000000)
rmdir('/home/runner/.nimble/pkgcache/githubcom_Krognoldiscordnim')
writev(1, 0x00007ffc6704e8f0, 2)
mkdir(94079572532016, 0x00000000000001ff)
Error tracing process: readBytes(0x000055909b805b30, 256) error: [Errno 5] Input/output error.
