      Info: Package cache path /home/runner/.nimble/pkgcache
     Info:  Nimble data file "/home/runner/.nimble/nimbledata2.json" has been loaded.
    Reading official package list
Downloading https://github.com/ba0f3/distorm3.nim using git
    Cloning latest tagged version: 3.5.2
open('/workspace/destdir/ssl/openssl.cnf', 32768, 0x00000000000001b6)
open('/home/runner/.config/nimble/nimble.ini', 557056, 0x00000000000001b6)
open('/home/runner/.config/babel/babel.ini', 557056, 0x00000000000001b6)
writev(1, 0x00007ffe7dfbc310, 2)
open('/home/runner/.nimble/nimbledata2.json', 557056, 0x00000000000001b6)
writev(1, 0x00007ffe7dfbc3e0, 2)
writev(1, 0x00007ffea847d100, 2)
writev(1, 0x00007ffea847d190, 2)
writev(1, 0x00007ffea847d190, 2)
writev(1, 0x00007ffea847d190, 2)
writev(1, 0x00007ffe7dfbadf0, 2)
open('/home/runner/.nimble/packages_official.json', 557056, 0x00000000000001b6)
mkdir('/home/', 0x00000000000001ff)
mkdir('/home/runner/', 0x00000000000001ff)
mkdir('/home/runner/.nimble/', 0x00000000000001ff)
mkdir('/home/runner/.nimble/pkgcache/', 0x00000000000001ff)
mkdir('/home/runner/.nimble/pkgcache/githubcom_ba0f3distorm3nim', 0x00000000000001ff)
open('/home/runner/.nimble/pkgcache/githubcom_ba0f3distorm3nim', 622592, 0x0000000000000000)
writev(1, 0x00007ffe7dfbae50, 2)
open('/home/runner/.nimble/pkgcache/githubcom_ba0f3distorm3nim', 622592, 0x0000000000000000)
rmdir('/home/runner/.nimble/pkgcache/githubcom_ba0f3distorm3nim')
writev(1, 0x00007ffe7dfbad40, 2)
mkdir(94360636779392, 0x00000000000001ff)
Error tracing process: readBytes(0x000055d20c3c6b80, 256) error: [Errno 5] Input/output error.
