     Info:  Nimble data file "/home/runner/.nimble/nimbledata2.json" has been loaded.
    Reading official package list
Downloading https://github.com/rockcavera/nim-dnsprotocol using git
    Cloning latest tagged version: v0.2.0
open('/workspace/destdir/ssl/openssl.cnf', 32768, 0x00000000000001b6)
open('/home/runner/.config/nimble/nimble.ini', 557056, 0x00000000000001b6)
open('/home/runner/.config/babel/babel.ini', 557056, 0x00000000000001b6)
open('/home/runner/.nimble/nimbledata2.json', 557056, 0x00000000000001b6)
writev(1, 0x00007ffd760b9c60, 2)
writev(1, 0x00007ffd760b9540, 2)
open('/home/runner/.nimble/packages_official.json', 557056, 0x00000000000001b6)
mkdir('/tmp/', 0x00000000000001ff)
mkdir('/tmp/nimble_2695/', 0x00000000000001ff)
mkdir('/tmp/nimble_2695/githubcom_rockcaveranimdnsprotocol', 0x00000000000001ff)
writev(1, 0x00007ffd760b9510, 2)
open('/tmp/nimble_2695/githubcom_rockcaveranimdnsprotocol', 622592, 0x0000000000000000)
rmdir('/tmp/nimble_2695/githubcom_rockcaveranimdnsprotocol')
writev(1, 0x00007ffd760b9480, 2)
mkdir(94752388654368, 0x00000000000001ff)
Error tracing process: readBytes(0x0000562d4277a520, 256) error: [Errno 5] Input/output error.
