     Info:  Nimble data file "/home/runner/.nimble/nimbledata2.json" has been loaded.
    Reading official package list
Downloading https://github.com/alaviss/dnsstamps using git
    Cloning latest tagged version: 0.1.0
open('/workspace/destdir/ssl/openssl.cnf', 32768, 0x00000000000001b6)
open('/home/runner/.config/nimble/nimble.ini', 557056, 0x00000000000001b6)
open('/home/runner/.config/babel/babel.ini', 557056, 0x00000000000001b6)
open('/home/runner/.nimble/nimbledata2.json', 557056, 0x00000000000001b6)
writev(1, 0x00007ffeb3b7cf60, 2)
writev(1, 0x00007ffeb3b7c840, 2)
open('/home/runner/.nimble/packages_official.json', 557056, 0x00000000000001b6)
mkdir('/tmp/', 0x00000000000001ff)
mkdir('/tmp/nimble_2593/', 0x00000000000001ff)
mkdir('/tmp/nimble_2593/githubcom_alavissdnsstamps', 0x00000000000001ff)
writev(1, 0x00007ffeb3b7c810, 2)
open('/tmp/nimble_2593/githubcom_alavissdnsstamps', 622592, 0x0000000000000000)
rmdir('/tmp/nimble_2593/githubcom_alavissdnsstamps')
writev(1, 0x00007ffeb3b7c780, 2)
mkdir(94081546716208, 0x00000000000001ff)
Error tracing process: readBytes(0x00005591112c0430, 256) error: [Errno 5] Input/output error.
