     Info:  Nimble data file "/home/runner/.nimble/nimbledata2.json" has been loaded.
    Reading official package list
Downloading https://github.com/nirokay/docchanger using git
    Cloning latest tagged version: 1.1.0
open('/workspace/destdir/ssl/openssl.cnf', 32768, 0x00000000000001b6)
open('/home/runner/.config/nimble/nimble.ini', 557056, 0x00000000000001b6)
open('/home/runner/.config/babel/babel.ini', 557056, 0x00000000000001b6)
open('/home/runner/.nimble/nimbledata2.json', 557056, 0x00000000000001b6)
writev(1, 0x00007ffcf0e01e50, 2)
writev(1, 0x00007ffcf0e01730, 2)
open('/home/runner/.nimble/packages_official.json', 557056, 0x00000000000001b6)
mkdir('/tmp/', 0x00000000000001ff)
mkdir('/tmp/nimble_3148/', 0x00000000000001ff)
mkdir('/tmp/nimble_3148/githubcom_nirokaydocchanger', 0x00000000000001ff)
writev(1, 0x00007ffcf0e01700, 2)
open('/tmp/nimble_3148/githubcom_nirokaydocchanger', 622592, 0x0000000000000000)
rmdir('/tmp/nimble_3148/githubcom_nirokaydocchanger')
writev(1, 0x00007ffcf0e01670, 2)
mkdir(94692966155312, 0x00000000000001ff)
Error tracing process: readBytes(0x0000561f6c9c4430, 256) error: [Errno 5] Input/output error.
