      Info: Package cache path /home/runner/.nimble/pkgcache
     Info:  Nimble data file "/home/runner/.nimble/nimbledata2.json" has been loaded.
    Reading official package list
Downloading https://github.com/thechampagne/dogapi-nim using git
    Cloning latest tagged version: v1.0.0
open('/workspace/destdir/ssl/openssl.cnf', 32768, 0x00000000000001b6)
open('/home/runner/.config/nimble/nimble.ini', 557056, 0x00000000000001b6)
open('/home/runner/.config/babel/babel.ini', 557056, 0x00000000000001b6)
writev(1, 0x00007ffd87a682d0, 2)
open('/home/runner/.nimble/nimbledata2.json', 557056, 0x00000000000001b6)
writev(1, 0x00007ffd87a683a0, 2)
writev(1, 0x00007ffcd7130bf0, 2)
writev(1, 0x00007ffcd7130c80, 2)
writev(1, 0x00007ffcd7130c80, 2)
writev(1, 0x00007ffcd7130c80, 2)
writev(1, 0x00007ffd87a66db0, 2)
open('/home/runner/.nimble/packages_official.json', 557056, 0x00000000000001b6)
mkdir('/home/', 0x00000000000001ff)
mkdir('/home/runner/', 0x00000000000001ff)
mkdir('/home/runner/.nimble/', 0x00000000000001ff)
mkdir('/home/runner/.nimble/pkgcache/', 0x00000000000001ff)
mkdir('/home/runner/.nimble/pkgcache/githubcom_thechampagnedogapinim', 0x00000000000001ff)
open('/home/runner/.nimble/pkgcache/githubcom_thechampagnedogapinim', 622592, 0x0000000000000000)
writev(1, 0x00007ffd87a66e10, 2)
open('/home/runner/.nimble/pkgcache/githubcom_thechampagnedogapinim', 622592, 0x0000000000000000)
rmdir('/home/runner/.nimble/pkgcache/githubcom_thechampagnedogapinim')
writev(1, 0x00007ffd87a66d00, 2)
mkdir(94790811909008, 0x00000000000001ff)
Error tracing process: readBytes(0x0000563634abfb90, 256) error: [Errno 5] Input/output error.
