      Info: Package cache path /home/runner/.nimble/pkgcache
     Info:  Nimble data file "/home/runner/.nimble/nimbledata2.json" has been loaded.
    Reading official package list
Downloading https://github.com/Patitotective/downit using git
    Cloning latest tagged version: 0.3.3
open('/workspace/destdir/ssl/openssl.cnf', 32768, 0x00000000000001b6)
open('/home/runner/.config/nimble/nimble.ini', 557056, 0x00000000000001b6)
open('/home/runner/.config/babel/babel.ini', 557056, 0x00000000000001b6)
writev(1, 0x00007ffc2bc5ac40, 2)
open('/home/runner/.nimble/nimbledata2.json', 557056, 0x00000000000001b6)
writev(1, 0x00007ffc2bc5ad10, 2)
writev(1, 0x00007fffd2233b00, 2)
writev(1, 0x00007fffd2233b90, 2)
writev(1, 0x00007fffd2233b90, 2)
writev(1, 0x00007fffd2233b90, 2)
writev(1, 0x00007ffc2bc59720, 2)
open('/home/runner/.nimble/packages_official.json', 557056, 0x00000000000001b6)
mkdir('/home/', 0x00000000000001ff)
mkdir('/home/runner/', 0x00000000000001ff)
mkdir('/home/runner/.nimble/', 0x00000000000001ff)
mkdir('/home/runner/.nimble/pkgcache/', 0x00000000000001ff)
mkdir('/home/runner/.nimble/pkgcache/githubcom_Patitotectivedownit', 0x00000000000001ff)
open('/home/runner/.nimble/pkgcache/githubcom_Patitotectivedownit', 622592, 0x0000000000000000)
writev(1, 0x00007ffc2bc59780, 2)
open('/home/runner/.nimble/pkgcache/githubcom_Patitotectivedownit', 622592, 0x0000000000000000)
rmdir('/home/runner/.nimble/pkgcache/githubcom_Patitotectivedownit')
writev(1, 0x00007ffc2bc59670, 2)
mkdir(94017723603840, 0x00000000000001ff)
Error tracing process: readBytes(0x0000558235049b80, 256) error: [Errno 5] Input/output error.
