     Info:  Nimble data file "/home/runner/.nimble/nimbledata2.json" has been loaded.
    Reading official package list
Downloading https://github.com/nimscale/dpdk using git
download.nim(81)         getTagsListRemote

    Error:  Unable to query remote tags for https://github.com/nimscale/dpdk. Git returned: remote: Repository not found.
        ... fatal: repository 'https://github.com/nimscale/dpdk/' not found
     Info:  Nimble data file "/home/runner/.nimble/nimbledata2.json" has been saved.
open('/workspace/destdir/ssl/openssl.cnf', 32768, 0x00000000000001b6)
open('/home/runner/.config/nimble/nimble.ini', 557056, 0x00000000000001b6)
open('/home/runner/.config/babel/babel.ini', 557056, 0x00000000000001b6)
open('/home/runner/.nimble/nimbledata2.json', 557056, 0x00000000000001b6)
writev(1, 0x00007ffdf2b78070, 2)
writev(1, 0x00007ffdf2b77950, 2)
open('/home/runner/.nimble/packages_official.json', 557056, 0x00000000000001b6)
mkdir('/tmp/', 0x00000000000001ff)
mkdir('/tmp/nimble_2202/', 0x00000000000001ff)
mkdir('/tmp/nimble_2202/githubcom_nimscaledpdk', 0x00000000000001ff)
writev(1, 0x00007ffdf2b77920, 2)
open('/tmp/nimble_2202/githubcom_nimscaledpdk', 622592, 0x0000000000000000)
rmdir('/tmp/nimble_2202/githubcom_nimscaledpdk')
writev(1, 0x00007ffdf2b78180, 2)
writev(1, 0x00007ffdf2b78100, 2)
writev(1, 0x00007ffdf2b78100, 2)
open('/tmp/nimble_2202', 622592, 0x0000000000000000)
rmdir('/tmp/nimble_2202')
open('/home/runner/.nimble/nimbledata2.json', 557633, 0x00000000000001b6)
writev(3, 0x00007ffdf2b77fd0, 2)
writev(1, 0x00007ffdf2b78120, 2)
  create directory /tmp
  create directory /tmp/nimble_2202
  create directory /tmp/nimble_2202/githubcom_nimscaledpdk
  delete /tmp/nimble_2202/githubcom_nimscaledpdk
  delete /tmp/nimble_2202
  truncate file /home/runner/.nimble/nimbledata2.json
