     Info:  Nimble data file "/home/runner/.nimble/nimbledata2.json" has been loaded.
    Reading official package list
Downloading https://github.com/JeffersonLab/drand48 using git
    Cloning latest tagged version: v1.1.2
open('/workspace/destdir/ssl/openssl.cnf', 32768, 0x00000000000001b6)
open('/home/runner/.config/nimble/nimble.ini', 557056, 0x00000000000001b6)
open('/home/runner/.config/babel/babel.ini', 557056, 0x00000000000001b6)
open('/home/runner/.nimble/nimbledata2.json', 557056, 0x00000000000001b6)
writev(1, 0x00007ffe50665ff0, 2)
writev(1, 0x00007ffe506658d0, 2)
open('/home/runner/.nimble/packages_official.json', 557056, 0x00000000000001b6)
mkdir('/tmp/', 0x00000000000001ff)
mkdir('/tmp/nimble_2240/', 0x00000000000001ff)
mkdir('/tmp/nimble_2240/githubcom_JeffersonLabdrand48', 0x00000000000001ff)
writev(1, 0x00007ffe506658a0, 2)
open('/tmp/nimble_2240/githubcom_JeffersonLabdrand48', 622592, 0x0000000000000000)
rmdir('/tmp/nimble_2240/githubcom_JeffersonLabdrand48')
writev(1, 0x00007ffe50665810, 2)
mkdir(94254084023344, 0x00000000000001ff)
Error tracing process: readBytes(0x000055b93d326430, 256) error: [Errno 5] Input/output error.
