     Info:  Nimble data file "/home/runner/.nimble/nimbledata2.json" has been loaded.
    Reading official package list
Downloading https://gitlab.com/OFThomas/drawIt using git
    Cloning latest tagged version: 0.6.2
open('/workspace/destdir/ssl/openssl.cnf', 32768, 0x00000000000001b6)
open('/home/runner/.config/nimble/nimble.ini', 557056, 0x00000000000001b6)
open('/home/runner/.config/babel/babel.ini', 557056, 0x00000000000001b6)
open('/home/runner/.nimble/nimbledata2.json', 557056, 0x00000000000001b6)
writev(1, 0x00007ffe9c6f5d90, 2)
writev(1, 0x00007ffe9c6f5670, 2)
open('/home/runner/.nimble/packages_official.json', 557056, 0x00000000000001b6)
mkdir('/tmp/', 0x00000000000001ff)
mkdir('/tmp/nimble_3037/', 0x00000000000001ff)
mkdir('/tmp/nimble_3037/gitlabcom_OFThomasdrawIt', 0x00000000000001ff)
writev(1, 0x00007ffe9c6f5640, 2)
open('/tmp/nimble_3037/gitlabcom_OFThomasdrawIt', 622592, 0x0000000000000000)
rmdir('/tmp/nimble_3037/gitlabcom_OFThomasdrawIt')
writev(1, 0x00007ffe9c6f55b0, 2)
mkdir(94509822723120, 0x00000000000001ff)
Error tracing process: readBytes(0x000055f4c8694430, 256) error: [Errno 5] Input/output error.
