    Reading official package list
Downloading https://github.com/Araq/dropbox_filename_sanitizer using git
    Cloning latest tagged version: v0.4.0
mkdir('/tmp', 0x00000000000001ff)
mkdir('/tmp/nimble_4126', 0x00000000000001ff)
mkdir('/tmp/nimble_4126/githubcom_Araqdropboxfilenamesanitizer', 0x00000000000001ff)
rmdir('/tmp/nimble_4126/githubcom_Araqdropboxfilenamesanitizer')
mkdir('/tmp/nimble_4126/githubcom_Araqdropboxfilenamesanitizer', 0x00000000000001ff)
mkdir('/tmp/nimble_4126/githubcom_Araqdropboxfilenamesanitizer/.git', 0x00000000000001ff)
mkdir('/tmp/nimble_4126/githubcom_Araqdropboxfilenamesanitizer/.git/', 0x00000000000001ff)
mkdir('/tmp/nimble_4126/githubcom_Araqdropboxfilenamesanitizer/.git/info/', 0x00000000000001ff)
mkdir('/tmp/nimble_4126/githubcom_Araqdropboxfilenamesanitizer/.git/branches/', 0x00000000000001ff)
mkdir('/tmp/nimble_4126/githubcom_Araqdropboxfilenamesanitizer/.git/hooks/', 0x00000000000001ff)
mkdir('/tmp/nimble_4126/githubcom_Araqdropboxfilenamesanitizer/.git/refs', 0x00000000000001ff)
mkdir('/tmp/nimble_4126/githubcom_Araqdropboxfilenamesanitizer/.git/refs/heads', 0x00000000000001ff)
mkdir('/tmp/nimble_4126/githubcom_Araqdropboxfilenamesanitizer/.git/refs/tags', 0x00000000000001ff)
rename('/tmp/nimble_4126/githubcom_Araqdropboxfilenamesanitizer/.git/HEAD.lock', '/tmp/nimble_4126/githubcom_Araqdropboxfilenamesanitizer/.git/HEAD')
rename('/tmp/nimble_4126/githubcom_Araqdropboxfilenamesanitizer/.git/config.lock', '/tmp/nimble_4126/githubcom_Araqdropboxfilenamesanitizer/.git/config')
chmod('/tmp/nimble_4126/githubcom_Araqdropboxfilenamesanitizer/.git/config', 0x00000000000081e4)
chmod('/tmp/nimble_4126/githubcom_Araqdropboxfilenamesanitizer/.git/config', 0x00000000000081a4)
chmod('/tmp/nimble_4126/githubcom_Araqdropboxfilenamesanitizer/.git/config.lock', 0x00000000000001a4)
rename('/tmp/nimble_4126/githubcom_Araqdropboxfilenamesanitizer/.git/config.lock', '/tmp/nimble_4126/githubcom_Araqdropboxfilenamesanitizer/.git/config')
chmod('/tmp/nimble_4126/githubcom_Araqdropboxfilenamesanitizer/.git/config.lock', 0x00000000000001a4)
rename('/tmp/nimble_4126/githubcom_Araqdropboxfilenamesanitizer/.git/config.lock', '/tmp/nimble_4126/githubcom_Araqdropboxfilenamesanitizer/.git/config')
chmod('/tmp/nimble_4126/githubcom_Araqdropboxfilenamesanitizer/.git/config.lock', 0x00000000000001a4)
rename('/tmp/nimble_4126/githubcom_Araqdropboxfilenamesanitizer/.git/config.lock', '/tmp/nimble_4126/githubcom_Araqdropboxfilenamesanitizer/.git/config')
unlink('/tmp/nimble_4126/githubcom_Araqdropboxfilenamesanitizer/.git/tMSQPWc')
symlink('testing', '/tmp/nimble_4126/githubcom_Araqdropboxfilenamesanitizer/.git/tMSQPWc')
unlink('/tmp/nimble_4126/githubcom_Araqdropboxfilenamesanitizer/.git/tMSQPWc')
mkdir('/tmp/nimble_4126/githubcom_Araqdropboxfilenamesanitizer/.git/objects', 0x00000000000001ff)
mkdir('/tmp/nimble_4126/githubcom_Araqdropboxfilenamesanitizer/.git/objects/pack', 0x00000000000001ff)
mkdir('/tmp/nimble_4126/githubcom_Araqdropboxfilenamesanitizer/.git/objects/info', 0x00000000000001ff)
chmod('/tmp/nimble_4126/githubcom_Araqdropboxfilenamesanitizer/.git/config.lock', 0x00000000000001a4)
rename('/tmp/nimble_4126/githubcom_Araqdropboxfilenamesanitizer/.git/config.lock', '/tmp/nimble_4126/githubcom_Araqdropboxfilenamesanitizer/.git/config')
chmod('/tmp/nimble_4126/githubcom_Araqdropboxfilenamesanitizer/.git/config.lock', 0x00000000000001a4)
rename('/tmp/nimble_4126/githubcom_Araqdropboxfilenamesanitizer/.git/config.lock', '/tmp/nimble_4126/githubcom_Araqdropboxfilenamesanitizer/.git/config')
chmod('/tmp/nimble_4126/githubcom_Araqdropboxfilenamesanitizer/.git/config.lock', 0x00000000000001a4)
rename('/tmp/nimble_4126/githubcom_Araqdropboxfilenamesanitizer/.git/config.lock', '/tmp/nimble_4126/githubcom_Araqdropboxfilenamesanitizer/.git/config')
mkdir('/tmp/nimble_4126/githubcom_Araqdropboxfilenamesanitizer/.git/objects/b4', 0x00000000000001ff)
link('/tmp/nimble_4126/githubcom_Araqdropboxfilenamesanitizer/.git/objects/b4/tmp_obj_K4ajz4', '/tmp/nimble_4126/githubcom_Araqdropboxfilenamesanitizer/.git/objects/b4/2c46b56477951a75dc89afad70788e7cd55380')
unlink('/tmp/nimble_4126/githubcom_Araqdropboxfilenamesanitizer/.git/objects/b4/tmp_obj_K4ajz4')
mkdir('/tmp/nimble_4126/githubcom_Araqdropboxfilenamesanitizer/.git/objects/ca', 0x00000000000001ff)
link('/tmp/nimble_4126/githubcom_Araqdropboxfilenamesanitizer/.git/objects/ca/tmp_obj_E5sJK7', '/tmp/nimble_4126/githubcom_Araqdropboxfilenamesanitizer/.git/objects/ca/325d1225c2507189869b0263613077d34f086b')
unlink('/tmp/nimble_4126/githubcom_Araqdropboxfilenamesanitizer/.git/objects/ca/tmp_obj_E5sJK7')
mkdir('/tmp/nimble_4126/githubcom_Araqdropboxfilenamesanitizer/.git/objects/9b', 0x00000000000001ff)
link('/tmp/nimble_4126/githubcom_Araqdropboxfilenamesanitizer/.git/objects/9b/tmp_obj_IPBa4c', '/tmp/nimble_4126/githubcom_Araqdropboxfilenamesanitizer/.git/objects/9b/9fbc8d653cc90036837ac63125e7ddb6be8e68')
unlink('/tmp/nimble_4126/githubcom_Araqdropboxfilenamesanitizer/.git/objects/9b/tmp_obj_IPBa4c')
mkdir('/tmp/nimble_4126/githubcom_Araqdropboxfilenamesanitizer/.git/objects/b5', 0x00000000000001ff)
link('/tmp/nimble_4126/githubcom_Araqdropboxfilenamesanitizer/.git/objects/b5/tmp_obj_yUwRIf', '/tmp/nimble_4126/githubcom_Araqdropboxfilenamesanitizer/.git/objects/b5/aa3ab7d5b82794e11aef6f144011cb82a97da3')
unlink('/tmp/nimble_4126/githubcom_Araqdropboxfilenamesanitizer/.git/objects/b5/tmp_obj_yUwRIf')
mkdir('/tmp/nimble_4126/githubcom_Araqdropboxfilenamesanitizer/.git/objects/6b', 0x00000000000001ff)
link('/tmp/nimble_4126/githubcom_Araqdropboxfilenamesanitizer/.git/objects/6b/tmp_obj_YZwLYj', '/tmp/nimble_4126/githubcom_Araqdropboxfilenamesanitizer/.git/objects/6b/29dd71a99d5bfe28a40cb73fc22025700c00e7')
unlink('/tmp/nimble_4126/githubcom_Araqdropboxfilenamesanitizer/.git/objects/6b/tmp_obj_YZwLYj')
mkdir('/tmp/nimble_4126/githubcom_Araqdropboxfilenamesanitizer/.git/objects/52', 0x00000000000001ff)
link('/tmp/nimble_4126/githubcom_Araqdropboxfilenamesanitizer/.git/objects/52/tmp_obj_1ILbcb', '/tmp/nimble_4126/githubcom_Araqdropboxfilenamesanitizer/.git/objects/52/b427c894d12501cc944538c25b4a509365a327')
unlink('/tmp/nimble_4126/githubcom_Araqdropboxfilenamesanitizer/.git/objects/52/tmp_obj_1ILbcb')
mkdir('/tmp/nimble_4126/githubcom_Araqdropboxfilenamesanitizer/.git/objects/79', 0x00000000000001ff)
link('/tmp/nimble_4126/githubcom_Araqdropboxfilenamesanitizer/.git/objects/79/tmp_obj_X8tjof', '/tmp/nimble_4126/githubcom_Araqdropboxfilenamesanitizer/.git/objects/79/1b8b5796dfbcb8cb8a003a36e79af6da38506d')
unlink('/tmp/nimble_4126/githubcom_Araqdropboxfilenamesanitizer/.git/objects/79/tmp_obj_X8tjof')
mkdir('/tmp/nimble_4126/githubcom_Araqdropboxfilenamesanitizer/.git/objects/31', 0x00000000000001ff)
link('/tmp/nimble_4126/githubcom_Araqdropboxfilenamesanitizer/.git/objects/31/tmp_obj_DKYmmi', '/tmp/nimble_4126/githubcom_Araqdropboxfilenamesanitizer/.git/objects/31/52d771e837d2205e43e3f248ea593c0c91a97e')
unlink('/tmp/nimble_4126/githubcom_Araqdropboxfilenamesanitizer/.git/objects/31/tmp_obj_DKYmmi')
mkdir('/tmp/nimble_4126/githubcom_Araqdropboxfilenamesanitizer/.git/objects/b0', 0x00000000000001ff)
link('/tmp/nimble_4126/githubcom_Araqdropboxfilenamesanitizer/.git/objects/b0/tmp_obj_B1TVbk', '/tmp/nimble_4126/githubcom_Araqdropboxfilenamesanitizer/.git/objects/b0/943f2f6ef084e44d6449f56b33bd757d431575')
unlink('/tmp/nimble_4126/githubcom_Araqdropboxfilenamesanitizer/.git/objects/b0/tmp_obj_B1TVbk')
mkdir('/tmp/nimble_4126/githubcom_Araqdropboxfilenamesanitizer/.git/objects/32', 0x00000000000001ff)
link('/tmp/nimble_4126/githubcom_Araqdropboxfilenamesanitizer/.git/objects/32/tmp_obj_HG7gup', '/tmp/nimble_4126/githubcom_Araqdropboxfilenamesanitizer/.git/objects/32/1cb042b8076f26d518bef03b13bc843c5821e8')
unlink('/tmp/nimble_4126/githubcom_Araqdropboxfilenamesanitizer/.git/objects/32/tmp_obj_HG7gup')
link('/tmp/nimble_4126/githubcom_Araqdropboxfilenamesanitizer/.git/objects/52/tmp_obj_plzYPr', '/tmp/nimble_4126/githubcom_Araqdropboxfilenamesanitizer/.git/objects/52/5c4a317507eee3fc372f5982c96462a1e1d597')
unlink('/tmp/nimble_4126/githubcom_Araqdropboxfilenamesanitizer/.git/objects/52/tmp_obj_plzYPr')
mkdir('/tmp/nimble_4126/githubcom_Araqdropboxfilenamesanitizer/.git/objects/47', 0x00000000000001ff)
link('/tmp/nimble_4126/githubcom_Araqdropboxfilenamesanitizer/.git/objects/47/tmp_obj_DOaIQt', '/tmp/nimble_4126/githubcom_Araqdropboxfilenamesanitizer/.git/objects/47/4d26fe1b75681cad8fc314d6fecf5daa7ab5da')   Warning: Package 'dropbox_filename_sanitizer' has an incorrect structure. The top level of the package source directory should contain at most one module, named 'dropbox_filename_sanitizer.nim', but a file named 'nakefile.nim' was found. This will be an error in the future.
      Hint: If this is the primary source file in the package, rename it to 'dropbox_filename_sanitizer.nim'. If it's a source file required by the main module, or if it is one of several modules exposed by 'dropbox_filename_sanitizer', then move it into a 'dropbox_filename_sanitizerpkg/' subdirectory. If it's a test file or otherwise not required to build the the package 'dropbox_filename_sanitizer.nim', prevent its installation by adding `skipFiles = @["nakefile.nim"]` to the .nimble file. See https://github.com/nim-lang/nimble#libraries for more info.
  Verifying dependencies for dropbox_filename_sanitizer@0.4.0
    Reading official package list
   Checking for nake@>= 1.2
 Installing nake@>= 1.2
    Reading official package list
Downloading https://github.com/fowlmouth/nake using git
    Cloning latest tagged version: 1.9.3

unlink('/tmp/nimble_4126/githubcom_Araqdropboxfilenamesanitizer/.git/objects/47/tmp_obj_DOaIQt')
mkdir('/tmp/nimble_4126/githubcom_Araqdropboxfilenamesanitizer/.git/objects/fd', 0x00000000000001ff)
link('/tmp/nimble_4126/githubcom_Araqdropboxfilenamesanitizer/.git/objects/fd/tmp_obj_9cLo8v', '/tmp/nimble_4126/githubcom_Araqdropboxfilenamesanitizer/.git/objects/fd/62b270eaab93e843f22add92723c6fd0fcd92e')
unlink('/tmp/nimble_4126/githubcom_Araqdropboxfilenamesanitizer/.git/objects/fd/tmp_obj_9cLo8v')
mkdir('/tmp/nimble_4126/githubcom_Araqdropboxfilenamesanitizer/.git/objects/67', 0x00000000000001ff)
link('/tmp/nimble_4126/githubcom_Araqdropboxfilenamesanitizer/.git/objects/67/tmp_obj_pxzXaC', '/tmp/nimble_4126/githubcom_Araqdropboxfilenamesanitizer/.git/objects/67/8189a26a6de3dc71f80eb20029922eca8879eb')
unlink('/tmp/nimble_4126/githubcom_Araqdropboxfilenamesanitizer/.git/objects/67/tmp_obj_pxzXaC')
mkdir('/tmp/nimble_4126/githubcom_Araqdropboxfilenamesanitizer/.git/objects/d0', 0x00000000000001ff)
link('/tmp/nimble_4126/githubcom_Araqdropboxfilenamesanitizer/.git/objects/d0/tmp_obj_RFyy5F', '/tmp/nimble_4126/githubcom_Araqdropboxfilenamesanitizer/.git/objects/d0/17ff34aa051822e7b8f0bc3588c18cc32c9134')
unlink('/tmp/nimble_4126/githubcom_Araqdropboxfilenamesanitizer/.git/objects/d0/tmp_obj_RFyy5F')
mkdir('/tmp/nimble_4126/githubcom_Araqdropboxfilenamesanitizer/.git/objects/b9', 0x00000000000001ff)
link('/tmp/nimble_4126/githubcom_Araqdropboxfilenamesanitizer/.git/objects/b9/tmp_obj_vIXhQK', '/tmp/nimble_4126/githubcom_Araqdropboxfilenamesanitizer/.git/objects/b9/325b0612d9d8ab6a988e76e6f78ccf0b6964e8')
unlink('/tmp/nimble_4126/githubcom_Araqdropboxfilenamesanitizer/.git/objects/b9/tmp_obj_vIXhQK')
mkdir('/tmp/nimble_4126/githubcom_Araqdropboxfilenamesanitizer/.git/objects/a8', 0x00000000000001ff)
link('/tmp/nimble_4126/githubcom_Araqdropboxfilenamesanitizer/.git/objects/a8/tmp_obj_pTkQFM', '/tmp/nimble_4126/githubcom_Araqdropboxfilenamesanitizer/.git/objects/a8/ac9a6ee15163e82a545e6816159dfac1fa9160')
unlink('/tmp/nimble_4126/githubcom_Araqdropboxfilenamesanitizer/.git/objects/a8/tmp_obj_pTkQFM')
mkdir('/tmp/nimble_4126/githubcom_Araqdropboxfilenamesanitizer/.git/objects/66', 0x00000000000001ff)
link('/tmp/nimble_4126/githubcom_Araqdropboxfilenamesanitizer/.git/objects/66/tmp_obj_Z7yWUQ', '/tmp/nimble_4126/githubcom_Araqdropboxfilenamesanitizer/.git/objects/66/548eac8215836ade4e8b03c0a70ce8d5e7e21d')
unlink('/tmp/nimble_4126/githubcom_Araqdropboxfilenamesanitizer/.git/objects/66/tmp_obj_Z7yWUQ')
rename('/tmp/nimble_4126/githubcom_Araqdropboxfilenamesanitizer/.git/shallow.lock', '/tmp/nimble_4126/githubcom_Araqdropboxfilenamesanitizer/.git/shallow')
rename('/tmp/nimble_4126/githubcom_Araqdropboxfilenamesanitizer/.git/packed-refs.new', '/tmp/nimble_4126/githubcom_Araqdropboxfilenamesanitizer/.git/packed-refs')
unlink('/tmp/nimble_4126/githubcom_Araqdropboxfilenamesanitizer/.git/packed-refs.lock')
unlink('/tmp/nimble_4126/githubcom_Araqdropboxfilenamesanitizer/.git/refs/tags/v0.4.0.lock')
mkdir('/tmp/nimble_4126/githubcom_Araqdropboxfilenamesanitizer/.git/logs', 0x00000000000001ff)
rename('/tmp/nimble_4126/githubcom_Araqdropboxfilenamesanitizer/.git/HEAD.lock', '/tmp/nimble_4126/githubcom_Araqdropboxfilenamesanitizer/.git/HEAD')
mkdir('docs', 0x00000000000001ff)
mkdir('docs/dist', 0x00000000000001ff)
rename('/tmp/nimble_4126/githubcom_Araqdropboxfilenamesanitizer/.git/index.lock', '/tmp/nimble_4126/githubcom_Araqdropboxfilenamesanitizer/.git/index')
mkdir('/tmp', 0x00000000000001ff)
mkdir('/tmp/nimble_4126', 0x00000000000001ff)
mkdir('/tmp/nimble_4126/githubcom_fowlmouthnake_1.2', 0x00000000000001ff)
rmdir('/tmp/nimble_4126/githubcom_fowlmouthnake_1.2')
mkdir('/tmp/nimble_4126/githubcom_fowlmouthnake_1.2', 0x00000000000001ff)
mkdir('/tmp/nimble_4126/githubcom_fowlmouthnake_1.2/.git', 0x00000000000001ff)
mkdir('/tmp/nimble_4126/githubcom_fowlmouthnake_1.2/.git/', 0x00000000000001ff)
mkdir('/tmp/nimble_4126/githubcom_fowlmouthnake_1.2/.git/info/', 0x00000000000001ff)
mkdir('/tmp/nimble_4126/githubcom_fowlmouthnake_1.2/.git/branches/', 0x00000000000001ff)
mkdir('/tmp/nimble_4126/githubcom_fowlmouthnake_1.2/.git/hooks/', 0x00000000000001ff)
mkdir('/tmp/nimble_4126/githubcom_fowlmouthnake_1.2/.git/refs', 0x00000000000001ff)
mkdir('/tmp/nimble_4126/githubcom_fowlmouthnake_1.2/.git/refs/heads', 0x00000000000001ff)
mkdir('/tmp/nimble_4126/githubcom_fowlmouthnake_1.2/.git/refs/tags', 0x00000000000001ff)
rename('/tmp/nimble_4126/githubcom_fowlmouthnake_1.2/.git/HEAD.lock', '/tmp/nimble_4126/githubcom_fowlmouthnake_1.2/.git/HEAD')
rename('/tmp/nimble_4126/githubcom_fowlmouthnake_1.2/.git/config.lock', '/tmp/nimble_4126/githubcom_fowlmouthnake_1.2/.git/config')
chmod('/tmp/nimble_4126/githubcom_fowlmouthnake_1.2/.git/config', 0x00000000000081e4)
chmod('/tmp/nimble_4126/githubcom_fowlmouthnake_1.2/.git/config', 0x00000000000081a4)
chmod('/tmp/nimble_4126/githubcom_fowlmouthnake_1.2/.git/config.lock', 0x00000000000001a4)
rename('/tmp/nimble_4126/githubcom_fowlmouthnake_1.2/.git/config.lock', '/tmp/nimble_4126/githubcom_fowlmouthnake_1.2/.git/config')
chmod('/tmp/nimble_4126/githubcom_fowlmouthnake_1.2/.git/config.lock', 0x00000000000001a4)
rename('/tmp/nimble_4126/githubcom_fowlmouthnake_1.2/.git/config.lock', '/tmp/nimble_4126/githubcom_fowlmouthnake_1.2/.git/config')
chmod('/tmp/nimble_4126/githubcom_fowlmouthnake_1.2/.git/config.lock', 0x00000000000001a4)
rename('/tmp/nimble_4126/githubcom_fowlmouthnake_1.2/.git/config.lock', '/tmp/nimble_4126/githubcom_fowlmouthnake_1.2/.git/config')
unlink('/tmp/nimble_4126/githubcom_fowlmouthnake_1.2/.git/tzoeQ4K')
symlink('testing', '/tmp/nimble_4126/githubcom_fowlmouthnake_1.2/.git/tzoeQ4K')
unlink('/tmp/nimble_4126/githubcom_fowlmouthnake_1.2/.git/tzoeQ4K')
mkdir('/tmp/nimble_4126/githubcom_fowlmouthnake_1.2/.git/objects', 0x00000000000001ff)
mkdir('/tmp/nimble_4126/githubcom_fowlmouthnake_1.2/.git/objects/pack', 0x00000000000001ff)
mkdir('/tmp/nimble_4126/githubcom_fowlmouthnake_1.2/.git/objects/info', 0x00000000000001ff)
chmod('/tmp/nimble_4126/githubcom_fowlmouthnake_1.2/.git/config.lock', 0x00000000000001a4)
rename('/tmp/nimble_4126/githubcom_fowlmouthnake_1.2/.git/config.lock', '/tmp/nimble_4126/githubcom_fowlmouthnake_1.2/.git/config')
chmod('/tmp/nimble_4126/githubcom_fowlmouthnake_1.2/.git/config.lock', 0x00000000000001a4)
rename('/tmp/nimble_4126/githubcom_fowlmouthnake_1.2/.git/config.lock', '/tmp/nimble_4126/githubcom_fowlmouthnake_1.2/.git/config')
chmod('/tmp/nimble_4126/githubcom_fowlmouthnake_1.2/.git/config.lock', 0x00000000000001a4)
rename('/tmp/nimble_4126/githubcom_fowlmouthnake_1.2/.git/config.lock', '/tmp/nimble_4126/githubcom_fowlmouthnake_1.2/.git/config')
mkdir('/tmp/nimble_4126/githubcom_fowlmouthnake_1.2/.git/objects/10', 0x00000000000001ff)
link('/tmp/nimble_4126/githubcom_fowlmouthnake_1.2/.git/objects/10/tmp_obj_dK441N', '/tmp/nimble_4126/githubcom_fowlmouthnake_1.2/.git/objects/10/bcbe8afae92dcd13b55332f4ae0f18b2a35f59')
unlink('/tmp/nimble_4126/githubcom_fowlmouthnake_1.2/.git/objects/10/tmp_obj_dK441N')
link('/tmp/nimble_4126/githubcom_fowlmouthnake_1.2/.git/objects/10/tmp_obj_tIrvAQ', '/tmp/nimble_4126/githubcom_fowlmouthnake_1.2/.git/objects/10/aaa78fd95b0bf1fa58aaca962a0c8d48233d24')
unlink('/tmp/nimble_4126/githubcom_fowlmouthnake_1.2/.git/objects/10/tmp_obj_tIrvAQ')
mkdir('/tmp/nimble_4126/githubcom_fowlmouthnake_1.2/.git/objects/d1', 0x00000000000001ff)
link('/tmp/nimble_4126/githubcom_fowlmouthnake_1.2/.git/objects/d1/tmp_obj_b1hlBW', '/tmp/nimble_4126/githubcom_fowlmouthnake_1.2/.git/objects/d1/c17e11d18590348070bb1d2593357efe5f0b9a')
unlink('/tmp/nimble_4126/githubcom_fowlmouthnake_1.2/.git/objects/d1/tmp_obj_b1hlBW')
mkdir('/tmp/nimble_4126/githubcom_fowlmouthnake_1.2/.git/objects/6c', 0x00000000000001ff)
link('/tmp/nimble_4126/githubcom_fowlmouthnake_1.2/.git/objects/6c/tmp_obj_NCDtEZ', '/tmp/nimble_4126/githubcom_fowlmouthnake_1.2/.git/objects/6c/4b9a600a5b6842037afba6330a7cbc94510694')
unlink('/tmp/nimble_4126/githubcom_fowlmouthnake_1.2/.git/objects/6c/tmp_obj_NCDtEZ')
mkdir('/tmp/nimble_4126/githubcom_fowlmouthnake_1.2/.git/objects/78', 0x00000000000001ff)
link('/tmp/nimble_4126/githubcom_fowlmouthnake_1.2/.git/objects/78/tmp_obj_dScRh0', '/tmp/nimble_4126/githubcom_fowlmouthnake_1.2/.git/objects/78/dd58e6b33f6f3d73f9734bcbac80d79dea6369')       Info /tmp/nimble_4126/githubcom_fowlmouthnake_1.2/nake_4126.nims(5, 22) Warning: imported and not used: 'strutils' [UnusedImport]
   Warning: Package 'nake' has an incorrect structure. The top level of the package source directory should contain at most one module, named 'nake.nim', but a file named 'nakefile.nim' was found. This will be an error in the future.
      Hint: If this is the primary source file in the package, rename it to 'nake.nim'. If it's a source file required by the main module, or if it is one of several modules exposed by 'nake', then move it into a 'nakepkg/' subdirectory. If it's a test file or otherwise not required to build the the package 'nake.nim', prevent its installation by adding `skipFiles = @["nakefile.nim"]` to the .nimble file. See https://github.com/nim-lang/nimble#libraries for more info.
  Verifying dependencies for nake@1.9.3
 Installing nake@1.9.3
   Building nake/nake using c backend
  Executing "/home/runner/.nimble/bin/nim" c --noNimblePath -d:NimblePkgVersion=1.9.3 -d:release -o:"/tmp/nimble_4126/githubcom_fowlmouthnake_1.2/nake" "/tmp/nimble_4126/githubcom_fowlmouthnake_1.2/nake.nim"

unlink('/tmp/nimble_4126/githubcom_fowlmouthnake_1.2/.git/objects/78/tmp_obj_dScRh0')
mkdir('/tmp/nimble_4126/githubcom_fowlmouthnake_1.2/.git/objects/62', 0x00000000000001ff)
link('/tmp/nimble_4126/githubcom_fowlmouthnake_1.2/.git/objects/62/tmp_obj_dm6lR3', '/tmp/nimble_4126/githubcom_fowlmouthnake_1.2/.git/objects/62/b693365a7e40b8623b63c6306308c5d9b192b8')
unlink('/tmp/nimble_4126/githubcom_fowlmouthnake_1.2/.git/objects/62/tmp_obj_dm6lR3')
mkdir('/tmp/nimble_4126/githubcom_fowlmouthnake_1.2/.git/objects/76', 0x00000000000001ff)
link('/tmp/nimble_4126/githubcom_fowlmouthnake_1.2/.git/objects/76/tmp_obj_BCMAQ4', '/tmp/nimble_4126/githubcom_fowlmouthnake_1.2/.git/objects/76/c023261ac5bce4c9c5b9faed40fd8bfd3e3900')
unlink('/tmp/nimble_4126/githubcom_fowlmouthnake_1.2/.git/objects/76/tmp_obj_BCMAQ4')
mkdir('/tmp/nimble_4126/githubcom_fowlmouthnake_1.2/.git/objects/c9', 0x00000000000001ff)
link('/tmp/nimble_4126/githubcom_fowlmouthnake_1.2/.git/objects/c9/tmp_obj_J8W6H7', '/tmp/nimble_4126/githubcom_fowlmouthnake_1.2/.git/objects/c9/23c69e9bf77a87e757e30c340d281693999876')
unlink('/tmp/nimble_4126/githubcom_fowlmouthnake_1.2/.git/objects/c9/tmp_obj_J8W6H7')
mkdir('/tmp/nimble_4126/githubcom_fowlmouthnake_1.2/.git/objects/86', 0x00000000000001ff)
link('/tmp/nimble_4126/githubcom_fowlmouthnake_1.2/.git/objects/86/tmp_obj_po4fS9', '/tmp/nimble_4126/githubcom_fowlmouthnake_1.2/.git/objects/86/48374dc21b696d2a2476bd754d6eb3a353114e')
unlink('/tmp/nimble_4126/githubcom_fowlmouthnake_1.2/.git/objects/86/tmp_obj_po4fS9')
mkdir('/tmp/nimble_4126/githubcom_fowlmouthnake_1.2/.git/objects/a0', 0x00000000000001ff)
link('/tmp/nimble_4126/githubcom_fowlmouthnake_1.2/.git/objects/a0/tmp_obj_32UJQe', '/tmp/nimble_4126/githubcom_fowlmouthnake_1.2/.git/objects/a0/b8d9ecdb1325588e997669ef9e1079a775fdc1')
unlink('/tmp/nimble_4126/githubcom_fowlmouthnake_1.2/.git/objects/a0/tmp_obj_32UJQe')
mkdir('/tmp/nimble_4126/githubcom_fowlmouthnake_1.2/.git/objects/c8', 0x00000000000001ff)
link('/tmp/nimble_4126/githubcom_fowlmouthnake_1.2/.git/objects/c8/tmp_obj_xAm52j', '/tmp/nimble_4126/githubcom_fowlmouthnake_1.2/.git/objects/c8/2b654bc71dfd29a9d0aa823d202000269a110a')
unlink('/tmp/nimble_4126/githubcom_fowlmouthnake_1.2/.git/objects/c8/tmp_obj_xAm52j')
mkdir('/tmp/nimble_4126/githubcom_fowlmouthnake_1.2/.git/objects/09', 0x00000000000001ff)
link('/tmp/nimble_4126/githubcom_fowlmouthnake_1.2/.git/objects/09/tmp_obj_6aOk8a', '/tmp/nimble_4126/githubcom_fowlmouthnake_1.2/.git/objects/09/ef4fbe0f11808df9d0ff089fcc5034e8382d76')
unlink('/tmp/nimble_4126/githubcom_fowlmouthnake_1.2/.git/objects/09/tmp_obj_6aOk8a')
mkdir('/tmp/nimble_4126/githubcom_fowlmouthnake_1.2/.git/objects/eb', 0x00000000000001ff)
link('/tmp/nimble_4126/githubcom_fowlmouthnake_1.2/.git/objects/eb/tmp_obj_GbXDhd', '/tmp/nimble_4126/githubcom_fowlmouthnake_1.2/.git/objects/eb/7005af1952ea782254924650dfba65e09409e4')
unlink('/tmp/nimble_4126/githubcom_fowlmouthnake_1.2/.git/objects/eb/tmp_obj_GbXDhd')
mkdir('/tmp/nimble_4126/githubcom_fowlmouthnake_1.2/.git/objects/36', 0x00000000000001ff)
link('/tmp/nimble_4126/githubcom_fowlmouthnake_1.2/.git/objects/36/tmp_obj_Immahl', '/tmp/nimble_4126/githubcom_fowlmouthnake_1.2/.git/objects/36/0e08722f0195b9bc53c7feeae9b8988b484aeb')
unlink('/tmp/nimble_4126/githubcom_fowlmouthnake_1.2/.git/objects/36/tmp_obj_Immahl')
mkdir('/tmp/nimble_4126/githubcom_fowlmouthnake_1.2/.git/objects/a3', 0x00000000000001ff)
link('/tmp/nimble_4126/githubcom_fowlmouthnake_1.2/.git/objects/a3/tmp_obj_OZeN5n', '/tmp/nimble_4126/githubcom_fowlmouthnake_1.2/.git/objects/a3/fe341c233325bd023d5d57850c797a35e27753')
unlink('/tmp/nimble_4126/githubcom_fowlmouthnake_1.2/.git/objects/a3/tmp_obj_OZeN5n')
mkdir('/tmp/nimble_4126/githubcom_fowlmouthnake_1.2/.git/objects/e0', 0x00000000000001ff)
link('/tmp/nimble_4126/githubcom_fowlmouthnake_1.2/.git/objects/e0/tmp_obj_GbH9Zp', '/tmp/nimble_4126/githubcom_fowlmouthnake_1.2/.git/objects/e0/6bef0f9b093fcf980dd8726e049e372c4f1d62')
unlink('/tmp/nimble_4126/githubcom_fowlmouthnake_1.2/.git/objects/e0/tmp_obj_GbH9Zp')
mkdir('/tmp/nimble_4126/githubcom_fowlmouthnake_1.2/.git/objects/54', 0x00000000000001ff)
link('/tmp/nimble_4126/githubcom_fowlmouthnake_1.2/.git/objects/54/tmp_obj_SXI9qt', '/tmp/nimble_4126/githubcom_fowlmouthnake_1.2/.git/objects/54/047e7847a5347f13b549a7cc588c9a90e656eb')
unlink('/tmp/nimble_4126/githubcom_fowlmouthnake_1.2/.git/objects/54/tmp_obj_SXI9qt')
mkdir('/tmp/nimble_4126/githubcom_fowlmouthnake_1.2/.git/objects/55', 0x00000000000001ff)
link('/tmp/nimble_4126/githubcom_fowlmouthnake_1.2/.git/objects/55/tmp_obj_EcKicw', '/tmp/nimble_4126/githubcom_fowlmouthnake_1.2/.git/objects/55/b06b553eeb9f952da860bb192a1b26bbc74865')
unlink('/tmp/nimble_4126/githubcom_fowlmouthnake_1.2/.git/objects/55/tmp_obj_EcKicw')
rename('/tmp/nimble_4126/githubcom_fowlmouthnake_1.2/.git/shallow.lock', '/tmp/nimble_4126/githubcom_fowlmouthnake_1.2/.git/shallow')
rename('/tmp/nimble_4126/githubcom_fowlmouthnake_1.2/.git/packed-refs.new', '/tmp/nimble_4126/githubcom_fowlmouthnake_1.2/.git/packed-refs')
unlink('/tmp/nimble_4126/githubcom_fowlmouthnake_1.2/.git/packed-refs.lock')
unlink('/tmp/nimble_4126/githubcom_fowlmouthnake_1.2/.git/refs/tags/1.9.3.lock')
mkdir('/tmp/nimble_4126/githubcom_fowlmouthnake_1.2/.git/logs', 0x00000000000001ff)
rename('/tmp/nimble_4126/githubcom_fowlmouthnake_1.2/.git/HEAD.lock', '/tmp/nimble_4126/githubcom_fowlmouthnake_1.2/.git/HEAD')
mkdir('tests', 0x00000000000001ff)
mkdir('tests/test_dir_basics', 0x00000000000001ff)
mkdir('tests/test_dir_otherformat', 0x00000000000001ff)
rename('/tmp/nimble_4126/githubcom_fowlmouthnake_1.2/.git/index.lock', '/tmp/nimble_4126/githubcom_fowlmouthnake_1.2/.git/index')
mkdir('/tmp', 0x00000000000001ff)
mkdir('/tmp/nimblecache', 0x00000000000001ff)
mkdir('/tmp/nimblecache/nake_3700345520', 0x00000000000001ff)
unlink('/tmp/nimblecache/nake_3700345520/nake.ini')
unlink('/tmp/nimble_4126.out')
unlink('/tmp/nimble_4126/githubcom_fowlmouthnake_1.2/nake_4126.nims')
unlink('/home/runner/.cache/nim/nake_r/linenoise.c.o')
mkdir('/home', 0x00000000000001ff)
mkdir('/home/runner', 0x00000000000001ff)
mkdir('/home/runner/.cache', 0x00000000000001ff)
mkdir('/home/runner/.cache/nim', 0x00000000000001ff)
mkdir('/home/runner/.cache/nim/nake_r', 0x00000000000001ff)
mkdir('/home', 0x00000000000001ff)
mkdir('/home/runner', 0x00000000000001ff)
mkdir('/home/runner/.cache', 0x00000000000001ff)
mkdir('/home/runner/.cache/nim', 0x00000000000001ff)
mkdir('/home/runner/.cache/nim/nake_r', 0x00000000000001ff)
mkdir('/home', 0x00000000000001ff)
mkdir('/home/runner', 0x00000000000001ff)
mkdir('/home/runner/.cache', 0x00000000000001ff)
mkdir('/home/runner/.cache/nim', 0x00000000000001ff)
mkdir('/home/runner/.cache/nim/nake_r', 0x00000000000001ff)
mkdir('/home', 0x00000000000001ff)
mkdir('/home/runner', 0x00000000000001ff)
mkdir('/home/runner/.cache', 0x00000000000001ff)
mkdir('/home/runner/.cache/nim', 0x00000000000001ff)
mkdir('/home/runner/.cache/nim/nake_r', 0x00000000000001ff)
mkdir('/home', 0x00000000000001ff)
mkdir('/home/runner', 0x00000000000001ff)
mkdir('/home/runner/.cache', 0x00000000000001ff)
mkdir('/home/runner/.cache/nim', 0x00000000000001ff)
mkdir('/home/runner/.cache/nim/nake_r', 0x00000000000001ff)
mkdir('/home', 0x00000000000001ff)
mkdir('/home/runner', 0x00000000000001ff)
mkdir('/home/runner/.cache', 0x00000000000001ff)
mkdir('/home/runner/.cache/nim', 0x00000000000001ff)
mkdir('/home/runner/.cache/nim/nake_r', 0x00000000000001ff)
mkdir('/home', 0x00000000000001ff)
mkdir('/home/runner', 0x00000000000001ff)
mkdir('/home/runner/.cache', 0x00000000000001ff)
mkdir('/home/runner/.cache/nim', 0x00000000000001ff)
mkdir('/home/runner/.cache/nim/nake_r', 0x00000000000001ff)
mkdir('/home', 0x00000000000001ff)
mkdir('/home/runner', 0x00000000000001ff)
mkdir('/home/runner/.cache', 0x00000000000001ff)
mkdir('/home/runner/.cache/nim', 0x00000000000001ff)
mkdir('/home/runner/.cache/nim/nake_r', 0x00000000000001ff)
mkdir('/home', 0x00000000000001ff)
mkdir('/home/runner', 0x00000000000001ff)
mkdir('/home/runner/.cache', 0x00000000000001ff)
mkdir('/home/runner/.cache/nim', 0x00000000000001ff)
mkdir('/home/runner/.cache/nim/nake_r', 0x00000000000001ff)
mkdir('/home', 0x00000000000001ff)
mkdir('/home/runner', 0x00000000000001ff)
mkdir('/home/runner/.cache', 0x00000000000001ff)
mkdir('/home/runner/.cache/nim', 0x00000000000001ff)
mkdir('/home/runner/.cache/nim/nake_r', 0x00000000000001ff)
mkdir('/home', 0x00000000000001ff)
mkdir('/home/runner', 0x00000000000001ff)
mkdir('/home/runner/.cache', 0x00000000000001ff)
mkdir('/home/runner/.cache/nim', 0x00000000000001ff)
mkdir('/home/runner/.cache/nim/nake_r', 0x00000000000001ff)
mkdir('/home', 0x00000000000001ff)
mkdir('/home/runner', 0x00000000000001ff)
mkdir('/home/runner/.cache', 0x00000000000001ff)
mkdir('/home/runner/.cache/nim', 0x00000000000001ff)
mkdir('/home/runner/.cache/nim/nake_r', 0x00000000000001ff)
mkdir('/home', 0x00000000000001ff)
mkdir('/home/runner', 0x00000000000001ff)
mkdir('/home/runner/.cache', 0x00000000000001ff)
mkdir('/home/runner/.cache/nim', 0x00000000000001ff)
mkdir('/home/runner/.cache/nim/nake_r', 0x00000000000001ff)
mkdir('/home', 0x00000000000001ff)
mkdir('/home/runner', 0x00000000000001ff)
mkdir('/home/runner/.cache', 0x00000000000001ff)
mkdir('/home/runner/.cache/nim', 0x00000000000001ff)
mkdir('/home/runner/.cache/nim/nake_r', 0x00000000000001ff)
mkdir('/home', 0x00000000000001ff)
mkdir('/home/runner', 0x00000000000001ff)
mkdir('/home/runner/.cache', 0x00000000000001ff)
mkdir('/home/runner/.cache/nim', 0x00000000000001ff)
mkdir('/home/runner/.cache/nim/nake_r', 0x00000000000001ff)
mkdir('/home', 0x00000000000001ff)
mkdir('/home/runner', 0x00000000000001ff)
mkdir('/home/runner/.cache', 0x00000000000001ff)
mkdir('/home/runner/.cache/nim', 0x00000000000001ff)
mkdir('/home/runner/.cache/nim/nake_r', 0x00000000000001ff)
mkdir('/home', 0x00000000000001ff)
mkdir('/home/runner', 0x00000000000001ff)
mkdir('/home/runner/.cache', 0x00000000000001ff)
mkdir('/home/runner/.cache/nim', 0x00000000000001ff)
mkdir('/home/runner/.cache/nim/nake_r', 0x00000000000001ff)
mkdir('/home', 0x00000000000001ff)
mkdir('/home/runner', 0x00000000000001ff)
mkdir('/home/runner/.cache', 0x00000000000001ff)
mkdir('/home/runner/.cache/nim', 0x00000000000001ff)
mkdir('/home/runner/.cache/nim/nake_r', 0x00000000000001ff)
mkdir('/home', 0x00000000000001ff)
mkdir('/home/runner', 0x00000000000001ff)
mkdir('/home/runner/.cache', 0x00000000000001ff)
mkdir('/home/runner/.cache/nim', 0x00000000000001ff)
mkdir('/home/runner/.cache/nim/nake_r', 0x00000000000001ff)
mkdir('/home', 0x00000000000001ff)
mkdir('/home/runner', 0x00000000000001ff)
mkdir('/home/runner/.cache', 0x00000000000001ff)
mkdir('/home/runner/.cache/nim', 0x00000000000001ff)
mkdir('/home/runner/.cache/nim/nake_r', 0x00000000000001ff)
mkdir('/home', 0x00000000000001ff)
mkdir('/home/runner', 0x00000000000001ff)
mkdir('/home/runner/.cache', 0x00000000000001ff)
mkdir('/home/runner/.cache/nim', 0x00000000000001ff)
mkdir('/home/runner/.cache/nim/nake_r', 0x00000000000001ff)
mkdir('/home', 0x00000000000001ff)
mkdir('/home/runner', 0x00000000000001ff)
mkdir('/home/runner/.cache', 0x00000000000001ff)
mkdir('/home/runner/.cache/nim', 0x00000000000001ff)
mkdir('/home/runner/.cache/nim/nake_r', 0x00000000000001ff)
mkdir('/home', 0x00000000000001ff)
mkdir('/home/runner', 0x00000000000001ff)
mkdir('/home/runner/.cache', 0x00000000000001ff)
mkdir('/home/runner/.cache/nim', 0x00000000000001ff)
mkdir('/home/runner/.cache/nim/nake_r', 0x00000000000001ff)
mkdir('/home', 0x00000000000001ff)
mkdir('/home/runner', 0x00000000000001ff)
mkdir('/home/runner/.cache', 0x00000000000001ff)
mkdir('/home/runner/.cache/nim', 0x00000000000001ff)
mkdir('/home/runner/.cache/nim/nake_r', 0x00000000000001ff)
mkdir('/home', 0x00000000000001ff)
mkdir('/home/runner', 0x00000000000001ff)
mkdir('/home/runner/.cache', 0x00000000000001ff)
mkdir('/home/runner/.cache/nim', 0x00000000000001ff)
mkdir('/home/runner/.cache/nim/nake_r', 0x00000000000001ff)
mkdir('/home', 0x00000000000001ff)
mkdir('/home/runner', 0x00000000000001ff)
mkdir('/home/runner/.cache', 0x00000000000001ff)
mkdir('/home/runner/.cache/nim', 0x00000000000001ff)
mkdir('/home/runner/.cache/nim/nake_r', 0x00000000000001ff)
mkdir('/home', 0x00000000000001ff)
mkdir('/home/runner', 0x00000000000001ff)
mkdir('/home/runner/.cache', 0x00000000000001ff)
mkdir('/home/runner/.cache/nim', 0x00000000000001ff)
mkdir('/home/runner/.cache/nim/nake_r', 0x00000000000001ff)
mkdir('/home', 0x00000000000001ff)
mkdir('/home/runner', 0x00000000000001ff)
mkdir('/home/runner/.cache', 0x00000000000001ff)
mkdir('/home/runner/.cache/nim', 0x00000000000001ff)
mkdir('/home/runner/.cache/nim/nake_r', 0x00000000000001ff)
mkdir('/home', 0x00000000000001ff)
mkdir('/home/runner', 0x00000000000001ff)
mkdir('/home/runner/.cache', 0x00000000000001ff)
mkdir('/home/runner/.cache/nim', 0x00000000000001ff)
mkdir('/home/runner/.cache/nim/nake_r', 0x00000000000001ff)
mkdir('/home', 0x00000000000001ff)
mkdir('/home/runner', 0x00000000000001ff)
mkdir('/home/runner/.cache', 0x00000000000001ff)
mkdir('/home/runner/.cache/nim', 0x00000000000001ff)
mkdir('/home/runner/.cache/nim/nake_r', 0x00000000000001ff)
mkdir('/home', 0x00000000000001ff)
mkdir('/home/runner', 0x00000000000001ff)
mkdir('/home/runner/.cache', 0x00000000000001ff)
mkdir('/home/runner/.cache/nim', 0x00000000000001ff)
mkdir('/home/runner/.cache/nim/nake_r', 0x00000000000001ff)
mkdir('/home', 0x00000000000001ff)
mkdir('/home/runner', 0x00000000000001ff)
mkdir('/home/runner/.cache', 0x00000000000001ff)
mkdir('/home/runner/.cache/nim', 0x00000000000001ff)
mkdir('/home/runner/.cache/nim/nake_r', 0x00000000000001ff)
mkdir('/home', 0x00000000000001ff)
mkdir('/home/runner', 0x00000000000001ff)
mkdir('/home/runner/.cache', 0x00000000000001ff)
mkdir('/home/runner/.cache/nim', 0x00000000000001ff)
mkdir('/home/runner/.cache/nim/nake_r', 0x00000000000001ff)
mkdir('/home', 0x00000000000001ff)
mkdir('/home/runner', 0x00000000000001ff)
mkdir('/home/runner/.cache', 0x00000000000001ff)
mkdir('/home/runner/.cache/nim', 0x00000000000001ff)
mkdir('/home/runner/.cache/nim/nake_r', 0x00000000000001ff)
mkdir('/home', 0x00000000000001ff)
mkdir('/home/runner', 0x00000000000001ff)
mkdir('/home/runner/.cache', 0x00000000000001ff)
mkdir('/home/runner/.cache/nim', 0x00000000000001ff)
mkdir('/home/runner/.cache/nim/nake_r', 0x00000000000001ff)
mkdir('/home', 0x00000000000001ff)
mkdir('/home/runner', 0x00000000000001ff)
mkdir('/home/runner/.cache', 0x00000000000001ff)
mkdir('/home/runner/.cache/nim', 0x00000000000001ff)
mkdir('/home/runner/.cache/nim/nake_r', 0x00000000000001ff)
mkdir('/home', 0x00000000000001ff)
mkdir('/home/runner', 0x00000000000001ff)
mkdir('/home/runner/.cache', 0x00000000000001ff)
mkdir('/home/runner/.cache/nim', 0x00000000000001ff)
mkdir('/home/runner/.cache/nim/nake_r', 0x00000000000001ff)
mkdir('/home', 0x00000000000001ff)
mkdir('/home/runner', 0x00000000000001ff)
mkdir('/home/runner/.cache', 0x00000000000001ff)
mkdir('/home/runner/.cache/nim', 0x00000000000001ff)
mkdir('/home/runner/.cache/nim/nake_r', 0x00000000000001ff)
mkdir('/home', 0x00000000000001ff)
mkdir('/home/runner', 0x00000000000001ff)
mkdir('/home/runner/.cache', 0x00000000000001ff)
mkdir('/home/runner/.cache/nim', 0x00000000000001ff)
mkdir('/home/runner/.cache/nim/nake_r', 0x00000000000001ff)
mkdir('/home', 0x00000000000001ff)
mkdir('/home/runner', 0x00000000000001ff)
mkdir('/home/runner/.cache', 0x00000000000001ff)
mkdir('/home/runner/.cache/nim', 0x00000000000001ff)
mkdir('/home/runner/.cache/nim/nake_r', 0x00000000000001ff)
mkdir('/home', 0x00000000000001ff)
mkdir('/home/runner', 0x00000000000001ff)
mkdir('/home/runner/.cache', 0x00000000000001ff)
mkdir('/home/runner/.cache/nim', 0x00000000000001ff)
mkdir('/home/runner/.cache/nim/nake_r', 0x00000000000001ff)
mkdir('/home', 0x00000000000001ff)
mkdir('/home/runner', 0x00000000000001ff)
mkdir('/home/runner/.cache', 0x00000000000001ff)
mkdir('/home/runner/.cache/nim', 0x00000000000001ff)
mkdir('/home/runner/.cache/nim/nake_r', 0x00000000000001ff)
mkdir('/home', 0x00000000000001ff)
mkdir('/home/runner', 0x00000000000001ff)
mkdir('/home/runner/.cache', 0x00000000000001ff)
mkdir('/home/runner/.cache/nim', 0x00000000000001ff)
mkdir('/home/runner/.cache/nim/nake_r', 0x00000000000001ff)
mkdir('/home', 0x00000000000001ff)
mkdir('/home/runner', 0x00000000000001ff)
mkdir('/home/runner/.cache', 0x00000000000001ff)
mkdir('/home/runner/.cache/nim', 0x00000000000001ff)
mkdir('/home/runner/.cache/nim/nake_r', 0x00000000000001ff)
mkdir('/home', 0x00000000000001ff)
mkdir('/home/runner', 0x00000000000001ff)
mkdir('/home/runner/.cache', 0x00000000000001ff)
mkdir('/home/runner/.cache/nim', 0x00000000000001ff)
mkdir('/home/runner/.cache/nim/nake_r', 0x00000000000001ff)
mkdir('/home', 0x00000000000001ff)
mkdir('/home/runner', 0x00000000000001ff)
mkdir('/home/runner/.cache', 0x00000000000001ff)
mkdir('/home/runner/.cache/nim', 0x00000000000001ff)
mkdir('/home/runner/.cache/nim/nake_r', 0x00000000000001ff)
mkdir('/home', 0x00000000000001ff)
mkdir('/home/runner', 0x00000000000001ff)
mkdir('/home/runner/.cache', 0x00000000000001ff)
mkdir('/home/runner/.cache/nim', 0x00000000000001ff)
mkdir('/home/runner/.cache/nim/nake_r', 0x00000000000001ff)
mkdir('/home', 0x00000000000001ff)
mkdir('/home/runner', 0x00000000000001ff)
mkdir('/home/runner/.cache', 0x00000000000001ff)
mkdir('/home/runner/.cache/nim', 0x00000000000001ff)
mkdir('/home/runner/.cache/nim/nake_r', 0x00000000000001ff)
mkdir('/home', 0x00000000000001ff)
mkdir('/home/runner', 0x00000000000001ff)
mkdir('/home/runner/.cache', 0x00000000000001ff)
mkdir('/home/runner/.cache/nim', 0x00000000000001ff)
mkdir('/home/runner/.cache/nim/nake_r', 0x00000000000001ff)
mkdir('/home', 0x00000000000001ff)
mkdir('/home/runner', 0x00000000000001ff)
mkdir('/home/runner/.cache', 0x00000000000001ff)
mkdir('/home/runner/.cache/nim', 0x00000000000001ff)
mkdir('/home/runner/.cache/nim/nake_r', 0x00000000000001ff)
mkdir('/home', 0x00000000000001ff)
mkdir('/home/runner', 0x00000000000001ff)
mkdir('/home/runner/.cache', 0x00000000000001ff)
mkdir('/home/runner/.cache/nim', 0x00000000000001ff)
mkdir('/home/runner/.cache/nim/nake_r', 0x00000000000001ff)
mkdir('/home', 0x00000000000001ff)
mkdir('/home/runner', 0x00000000000001ff)
mkdir('/home/runner/.cache', 0x00000000000001ff)
mkdir('/home/runner/.cache/nim', 0x00000000000001ff)
mkdir('/home/runner/.cache/nim/nake_r', 0x00000000000001ff)
mkdir('/home', 0x00000000000001ff)
mkdir('/home/runner', 0x00000000000001ff)
mkdir('/home/runner/.cache', 0x00000000000001ff)
mkdir('/home/runner/.cache/nim', 0x00000000000001ff)
mkdir('/home/runner/.cache/nim/nake_r', 0x00000000000001ff)
mkdir('/home', 0x00000000000001ff)
mkdir('/home/runner', 0x00000000000001ff)
mkdir('/home/runner/.cache', 0x00000000000001ff)
mkdir('/home/runner/.cache/nim', 0x00000000000001ff)
mkdir('/home/runner/.cache/nim/nake_r', 0x00000000000001ff)
mkdir('/home', 0x00000000000001ff)
mkdir('/home/runner', 0x00000000000001ff)
mkdir('/home/runner/.cache', 0x00000000000001ff)
mkdir('/home/runner/.cache/nim', 0x00000000000001ff)
mkdir('/home/runner/.cache/nim/nake_r', 0x00000000000001ff)
mkdir('/home', 0x00000000000001ff)
mkdir('/home/runner', 0x00000000000001ff)
mkdir('/home/runner/.cache', 0x00000000000001ff)
mkdir('/home/runner/.cache/nim', 0x00000000000001ff)
mkdir('/home/runner/.cache/nim/nake_r', 0x00000000000001ff)
mkdir('/home', 0x00000000000001ff)
mkdir('/home/runner', 0x00000000000001ff)
mkdir('/home/runner/.cache', 0x00000000000001ff)
mkdir('/home/runner/.cache/nim', 0x00000000000001ff)
mkdir('/home/runner/.cache/nim/nake_r', 0x00000000000001ff)
mkdir('/home', 0x00000000000001ff)
mkdir('/home/runner', 0x00000000000001ff)
mkdir('/home/runner/.cache', 0x00000000000001ff)
mkdir('/home/runner/.cache/nim', 0x00000000000001ff)
mkdir('/home/runner/.cache/nim/nake_r', 0x00000000000001ff)
mkdir('/home', 0x00000000000001ff)
mkdir('/home/runner', 0x00000000000001ff)
mkdir('/home/runner/.cache', 0x00000000000001ff)
mkdir('/home/runner/.cache/nim', 0x00000000000001ff)
mkdir('/home/runner/.cache/nim/nake_r', 0x00000000000001ff)
mkdir('/home', 0x00000000000001ff)
mkdir('/home/runner', 0x00000000000001ff)
mkdir('/home/runner/.cache', 0x00000000000001ff)
mkdir('/home/runner/.cache/nim', 0x00000000000001ff)
mkdir('/home/runner/.cache/nim/nake_r', 0x00000000000001ff)
mkdir('/home', 0x00000000000001ff)
mkdir('/home/runner', 0x00000000000001ff)
mkdir('/home/runner/.cache', 0x00000000000001ff)
mkdir('/home/runner/.cache/nim', 0x00000000000001ff)
mkdir('/home/runner/.cache/nim/nake_r', 0x00000000000001ff)
mkdir('/home', 0x00000000000001ff)
mkdir('/home/runner', 0x00000000000001ff)
mkdir('/home/runner/.cache', 0x00000000000001ff)
mkdir('/home/runner/.cache/nim', 0x00000000000001ff)
mkdir('/home/runner/.cache/nim/nake_r', 0x00000000000001ff)
mkdir('/home', 0x00000000000001ff)
mkdir('/home/runner', 0x00000000000001ff)
mkdir('/home/runner/.cache', 0x00000000000001ff)
mkdir('/home/runner/.cache/nim', 0x00000000000001ff)
mkdir('/home/runner/.cache/nim/nake_r', 0x00000000000001ff)
mkdir('/home', 0x00000000000001ff)
mkdir('/home/runner', 0x00000000000001ff)
mkdir('/home/runner/.cache', 0x00000000000001ff)
mkdir('/home/runner/.cache/nim', 0x00000000000001ff)
mkdir('/home/runner/.cache/nim/nake_r', 0x00000000000001ff)
mkdir('/home', 0x00000000000001ff)
mkdir('/home/runner', 0x00000000000001ff)
mkdir('/home/runner/.cache', 0x00000000000001ff)
mkdir('/home/runner/.cache/nim', 0x00000000000001ff)
mkdir('/home/runner/.cache/nim/nake_r', 0x00000000000001ff)
mkdir('/home', 0x00000000000001ff)
mkdir('/home/runner', 0x00000000000001ff)
mkdir('/home/runner/.cache', 0x00000000000001ff)
mkdir('/home/runner/.cache/nim', 0x00000000000001ff)
mkdir('/home/runner/.cache/nim/nake_r', 0x00000000000001ff)
mkdir('/home', 0x00000000000001ff)
mkdir('/home/runner', 0x00000000000001ff)
mkdir('/home/runner/.cache', 0x00000000000001ff)
mkdir('/home/runner/.cache/nim', 0x00000000000001ff)
mkdir('/home/runner/.cache/nim/nake_r', 0x00000000000001ff)
mkdir('/home', 0x00000000000001ff)
mkdir('/home/runner', 0x00000000000001ff)
mkdir('/home/runner/.cache', 0x00000000000001ff)
mkdir('/home/runner/.cache/nim', 0x00000000000001ff)
mkdir('/home/runner/.cache/nim/nake_r', 0x00000000000001ff)
unlink('/tmp/cc5xGtlD.s')
unlink('/tmp/ccMcGjzB.s')
unlink('/tmp/ccyEZZcJ.s')
unlink('/tmp/ccsoHpBs.s')
unlink('/tmp/ccPgSq5h.s')
unlink('/tmp/ccCM0eK8.s')
unlink('/tmp/ccCQdWiE.s')
unlink('/tmp/ccXDKto0.s')
unlink('/tmp/ccMta46n.s')
unlink('/tmp/ccszIaae.s')
unlink('/tmp/ccilRiLD.s')
unlink('/tmp/ccaBmhVY.s')
unlink('/tmp/ccVZnAoc.s')
unlink('/tmp/cctqdbzD.s')
unlink('/tmp/ccUb3OnC.s')
unlink('/tmp/ccqEE8Av.s')
unlink('/tmp/ccq8ecug.s')
mkdir('/tmp', 0x00000000000001ff)
mkdir('/tmp/nimble_4126', 0x00000000000001ff)
mkdir('/tmp/nimble_4126/githubcom_fowlmouthnake_1.2', 0x00000000000001ff)
chmod(93917767995568, 0x00000000000001ed)
Error tracing process: readBytes(0x0000556aef3310b0, 256) error: [Errno 5] Input/output error.
