     Info:  Nimble data file "/home/runner/.nimble/nimbledata2.json" has been loaded.
    Reading official package list
Downloading https://github.com/treeform/dumpincludes using git
   Warning: The package has no tagged releases, downloading HEAD instead.
open('/workspace/destdir/ssl/openssl.cnf', 32768, 0x00000000000001b6)
open('/home/runner/.config/nimble/nimble.ini', 557056, 0x00000000000001b6)
open('/home/runner/.config/babel/babel.ini', 557056, 0x00000000000001b6)
open('/home/runner/.nimble/nimbledata2.json', 557056, 0x00000000000001b6)
writev(1, 0x00007ffd90aca9e0, 2)
writev(1, 0x00007ffd90aca2c0, 2)
open('/home/runner/.nimble/packages_official.json', 557056, 0x00000000000001b6)
mkdir('/tmp/', 0x00000000000001ff)
mkdir('/tmp/nimble_2317/', 0x00000000000001ff)
mkdir('/tmp/nimble_2317/githubcom_treeformdumpincludes', 0x00000000000001ff)
writev(1, 0x00007ffd90aca290, 2)
open('/tmp/nimble_2317/githubcom_treeformdumpincludes', 622592, 0x0000000000000000)
rmdir('/tmp/nimble_2317/githubcom_treeformdumpincludes')
writev(1, 0x00007ffd90aca200, 2)
mkdir(93995190629664, 0x00000000000001ff)
Error tracing process: readBytes(0x0000557cf5f2b520, 256) error: [Errno 5] Input/output error.
