    Reading official package list
Downloading https://github.com/vycb/gdbmc.nim using git
    Cloning latest tagged version: v0.9.9
  Verifying dependencies for gdbmc@0.9.9
 Installing gdbmc@0.9.9
    Copying file /tmp/nimble_22216/githubcom_vycbgdbmcnim/gdbmc.nimble to /home/runner/.nimble/pkgs/gdbmc-0.9.9/gdbmc.nimble
   Success: gdbmc installed successfully.
mkdir('/tmp', 0x00000000000001ff)
mkdir('/tmp/nimble_22216', 0x00000000000001ff)
mkdir('/tmp/nimble_22216/githubcom_vycbgdbmcnim', 0x00000000000001ff)
rmdir('/tmp/nimble_22216/githubcom_vycbgdbmcnim')
mkdir('/tmp/nimble_22216/githubcom_vycbgdbmcnim', 0x00000000000001ff)
mkdir('/tmp/nimble_22216/githubcom_vycbgdbmcnim/.git', 0x00000000000001ff)
mkdir('/tmp/nimble_22216/githubcom_vycbgdbmcnim/.git/', 0x00000000000001ff)
mkdir('/tmp/nimble_22216/githubcom_vycbgdbmcnim/.git/branches/', 0x00000000000001ff)
mkdir('/tmp/nimble_22216/githubcom_vycbgdbmcnim/.git/hooks/', 0x00000000000001ff)
mkdir('/tmp/nimble_22216/githubcom_vycbgdbmcnim/.git/info/', 0x00000000000001ff)
mkdir('/tmp/nimble_22216/githubcom_vycbgdbmcnim/.git/refs', 0x00000000000001ff)
mkdir('/tmp/nimble_22216/githubcom_vycbgdbmcnim/.git/refs/heads', 0x00000000000001ff)
mkdir('/tmp/nimble_22216/githubcom_vycbgdbmcnim/.git/refs/tags', 0x00000000000001ff)
rename('/tmp/nimble_22216/githubcom_vycbgdbmcnim/.git/HEAD.lock', '/tmp/nimble_22216/githubcom_vycbgdbmcnim/.git/HEAD')
rename('/tmp/nimble_22216/githubcom_vycbgdbmcnim/.git/config.lock', '/tmp/nimble_22216/githubcom_vycbgdbmcnim/.git/config')
chmod('/tmp/nimble_22216/githubcom_vycbgdbmcnim/.git/config', 0x00000000000081e4)
chmod('/tmp/nimble_22216/githubcom_vycbgdbmcnim/.git/config', 0x00000000000081a4)
chmod('/tmp/nimble_22216/githubcom_vycbgdbmcnim/.git/config.lock', 0x00000000000001a4)
rename('/tmp/nimble_22216/githubcom_vycbgdbmcnim/.git/config.lock', '/tmp/nimble_22216/githubcom_vycbgdbmcnim/.git/config')
chmod('/tmp/nimble_22216/githubcom_vycbgdbmcnim/.git/config.lock', 0x00000000000001a4)
rename('/tmp/nimble_22216/githubcom_vycbgdbmcnim/.git/config.lock', '/tmp/nimble_22216/githubcom_vycbgdbmcnim/.git/config')
chmod('/tmp/nimble_22216/githubcom_vycbgdbmcnim/.git/config.lock', 0x00000000000001a4)
rename('/tmp/nimble_22216/githubcom_vycbgdbmcnim/.git/config.lock', '/tmp/nimble_22216/githubcom_vycbgdbmcnim/.git/config')
unlink('/tmp/nimble_22216/githubcom_vycbgdbmcnim/.git/tJhbGIi')
symlink('testing', '/tmp/nimble_22216/githubcom_vycbgdbmcnim/.git/tJhbGIi')
unlink('/tmp/nimble_22216/githubcom_vycbgdbmcnim/.git/tJhbGIi')
mkdir('/tmp/nimble_22216/githubcom_vycbgdbmcnim/.git/objects', 0x00000000000001ff)
mkdir('/tmp/nimble_22216/githubcom_vycbgdbmcnim/.git/objects/pack', 0x00000000000001ff)
mkdir('/tmp/nimble_22216/githubcom_vycbgdbmcnim/.git/objects/info', 0x00000000000001ff)
chmod('/tmp/nimble_22216/githubcom_vycbgdbmcnim/.git/config.lock', 0x00000000000001a4)
rename('/tmp/nimble_22216/githubcom_vycbgdbmcnim/.git/config.lock', '/tmp/nimble_22216/githubcom_vycbgdbmcnim/.git/config')
chmod('/tmp/nimble_22216/githubcom_vycbgdbmcnim/.git/config.lock', 0x00000000000001a4)
rename('/tmp/nimble_22216/githubcom_vycbgdbmcnim/.git/config.lock', '/tmp/nimble_22216/githubcom_vycbgdbmcnim/.git/config')
chmod('/tmp/nimble_22216/githubcom_vycbgdbmcnim/.git/config.lock', 0x00000000000001a4)
rename('/tmp/nimble_22216/githubcom_vycbgdbmcnim/.git/config.lock', '/tmp/nimble_22216/githubcom_vycbgdbmcnim/.git/config')
link('/tmp/nimble_22216/githubcom_vycbgdbmcnim/.git/objects/pack/tmp_pack_Imw6nk', '/tmp/nimble_22216/githubcom_vycbgdbmcnim/.git/objects/pack/pack-d6dba95c257ca8224fe56274309ecc16b795c446.pack')
unlink('/tmp/nimble_22216/githubcom_vycbgdbmcnim/.git/objects/pack/tmp_pack_Imw6nk')
link('/tmp/nimble_22216/githubcom_vycbgdbmcnim/.git/objects/pack/tmp_idx_W1vTvr', '/tmp/nimble_22216/githubcom_vycbgdbmcnim/.git/objects/pack/pack-d6dba95c257ca8224fe56274309ecc16b795c446.idx')
unlink('/tmp/nimble_22216/githubcom_vycbgdbmcnim/.git/objects/pack/tmp_idx_W1vTvr')
rename('/tmp/nimble_22216/githubcom_vycbgdbmcnim/.git/shallow.lock', '/tmp/nimble_22216/githubcom_vycbgdbmcnim/.git/shallow')
rename('/tmp/nimble_22216/githubcom_vycbgdbmcnim/.git/packed-refs.new', '/tmp/nimble_22216/githubcom_vycbgdbmcnim/.git/packed-refs')
unlink('/tmp/nimble_22216/githubcom_vycbgdbmcnim/.git/packed-refs.lock')
unlink('/tmp/nimble_22216/githubcom_vycbgdbmcnim/.git/refs/tags/v0.9.9.lock')
mkdir('/tmp/nimble_22216/githubcom_vycbgdbmcnim/.git/logs', 0x00000000000001ff)
rename('/tmp/nimble_22216/githubcom_vycbgdbmcnim/.git/HEAD.lock', '/tmp/nimble_22216/githubcom_vycbgdbmcnim/.git/HEAD')
unlink('/tmp/nimble_22216/githubcom_vycbgdbmcnim/.git/objects/pack/pack-d6dba95c257ca8224fe56274309ecc16b795c446.keep')
rename('/tmp/nimble_22216/githubcom_vycbgdbmcnim/.git/index.lock', '/tmp/nimble_22216/githubcom_vycbgdbmcnim/.git/index')
mkdir('/tmp', 0x00000000000001ff)
mkdir('/tmp/nimblecache', 0x00000000000001ff)
mkdir('/tmp/nimblecache/gdbmc_4242094162', 0x00000000000001ff)
unlink('/tmp/nimblecache/gdbmc_4242094162/gdbmc.ini')
unlink('/tmp/nimble_22216.out')
unlink('/tmp/nimble_22216/githubcom_vycbgdbmcnim/gdbmc_22216.nims')
mkdir('/home', 0x00000000000001ff)
mkdir('/home/runner', 0x00000000000001ff)
mkdir('/home/runner/.nimble', 0x00000000000001ff)
mkdir('/home/runner/.nimble/pkgs', 0x00000000000001ff)
mkdir('/home/runner/.nimble/pkgs/gdbmc-0.9.9', 0x00000000000001ff)
chmod('/home/runner/.nimble/pkgs/gdbmc-0.9.9/gdbmc.nimble', 0x00000000000001a4)
mkdir('/tmp', 0x00000000000001ff)
mkdir('/tmp/nimblecache', 0x00000000000001ff)
mkdir('/tmp/nimblecache/gdbmc_1881627888', 0x00000000000001ff)
unlink('/tmp/nimblecache/gdbmc_1881627888/gdbmc.ini')
unlink('/tmp/nimble_22216.out')
unlink('/home/runner/.nimble/pkgs/gdbmc-0.9.9/gdbmc_22216.nims')
unlink('/tmp/nimble_22216/githubcom_vycbgdbmcnim/.gitignore')
unlink('/tmp/nimble_22216/githubcom_vycbgdbmcnim/.gitattributes')
unlink('/tmp/nimble_22216/githubcom_vycbgdbmcnim/.git/HEAD')
unlink('/tmp/nimble_22216/githubcom_vycbgdbmcnim/.git/config')
unlink('/tmp/nimble_22216/githubcom_vycbgdbmcnim/.git/logs/HEAD')
rmdir('/tmp/nimble_22216/githubcom_vycbgdbmcnim/.git/logs')
rmdir('/tmp/nimble_22216/githubcom_vycbgdbmcnim/.git/branches')
unlink('/tmp/nimble_22216/githubcom_vycbgdbmcnim/.git/packed-refs')
rmdir('/tmp/nimble_22216/githubcom_vycbgdbmcnim/.git/refs/heads')
rmdir('/tmp/nimble_22216/githubcom_vycbgdbmcnim/.git/refs/tags')
rmdir('/tmp/nimble_22216/githubcom_vycbgdbmcnim/.git/refs')
unlink('/tmp/nimble_22216/githubcom_vycbgdbmcnim/.git/hooks/fsmonitor-watchman.sample')
unlink('/tmp/nimble_22216/githubcom_vycbgdbmcnim/.git/hooks/pre-rebase.sample')
unlink('/tmp/nimble_22216/githubcom_vycbgdbmcnim/.git/hooks/pre-push.sample')
unlink('/tmp/nimble_22216/githubcom_vycbgdbmcnim/.git/hooks/pre-applypatch.sample')
unlink('/tmp/nimble_22216/githubcom_vycbgdbmcnim/.git/hooks/pre-receive.sample')
unlink('/tmp/nimble_22216/githubcom_vycbgdbmcnim/.git/hooks/commit-msg.sample')
unlink('/tmp/nimble_22216/githubcom_vycbgdbmcnim/.git/hooks/pre-merge-commit.sample')
unlink('/tmp/nimble_22216/githubcom_vycbgdbmcnim/.git/hooks/prepare-commit-msg.sample')
unlink('/tmp/nimble_22216/githubcom_vycbgdbmcnim/.git/hooks/pre-commit.sample')
unlink('/tmp/nimble_22216/githubcom_vycbgdbmcnim/.git/hooks/update.sample')
unlink('/tmp/nimble_22216/githubcom_vycbgdbmcnim/.git/hooks/applypatch-msg.sample')
unlink('/tmp/nimble_22216/githubcom_vycbgdbmcnim/.git/hooks/post-update.sample')
rmdir('/tmp/nimble_22216/githubcom_vycbgdbmcnim/.git/hooks')
unlink('/tmp/nimble_22216/githubcom_vycbgdbmcnim/.git/index')
unlink('/tmp/nimble_22216/githubcom_vycbgdbmcnim/.git/info/exclude')
rmdir('/tmp/nimble_22216/githubcom_vycbgdbmcnim/.git/info')
unlink('/tmp/nimble_22216/githubcom_vycbgdbmcnim/.git/shallow')
unlink('/tmp/nimble_22216/githubcom_vycbgdbmcnim/.git/description')
unlink('/tmp/nimble_22216/githubcom_vycbgdbmcnim/.git/objects/pack/pack-d6dba95c257ca8224fe56274309ecc16b795c446.idx')
unlink('/tmp/nimble_22216/githubcom_vycbgdbmcnim/.git/objects/pack/pack-d6dba95c257ca8224fe56274309ecc16b795c446.pack')
rmdir('/tmp/nimble_22216/githubcom_vycbgdbmcnim/.git/objects/pack')
rmdir('/tmp/nimble_22216/githubcom_vycbgdbmcnim/.git/objects/info')
rmdir('/tmp/nimble_22216/githubcom_vycbgdbmcnim/.git/objects')
rmdir('/tmp/nimble_22216/githubcom_vycbgdbmcnim/.git')
unlink('/tmp/nimble_22216/githubcom_vycbgdbmcnim/gdbmc.nimble')
unlink('/tmp/nimble_22216/githubcom_vycbgdbmcnim/README.md')
unlink('/tmp/nimble_22216/githubcom_vycbgdbmcnim/gdbmc.nim')
rmdir('/tmp/nimble_22216/githubcom_vycbgdbmcnim')
rmdir('/tmp/nimble_22216')
  create directory /tmp
  create directory /tmp/nimble_22216
  create directory /tmp/nimble_22216/githubcom_vycbgdbmcnim
  delete /tmp/nimble_22216/githubcom_vycbgdbmcnim
  create directory /tmp/nimble_22216/githubcom_vycbgdbmcnim
  create directory /tmp/nimble_22216/githubcom_vycbgdbmcnim/.git
  create directory /tmp/nimble_22216/githubcom_vycbgdbmcnim/.git
  create directory /tmp/nimble_22216/githubcom_vycbgdbmcnim/.git/branches
  create directory /tmp/nimble_22216/githubcom_vycbgdbmcnim/.git/hooks
  create directory /tmp/nimble_22216/githubcom_vycbgdbmcnim/.git/info
  create directory /tmp/nimble_22216/githubcom_vycbgdbmcnim/.git/refs
  create directory /tmp/nimble_22216/githubcom_vycbgdbmcnim/.git/refs/heads
  create directory /tmp/nimble_22216/githubcom_vycbgdbmcnim/.git/refs/tags
  rename /tmp/nimble_22216/githubcom_vycbgdbmcnim/.git/HEAD.lock to HEAD
  rename /tmp/nimble_22216/githubcom_vycbgdbmcnim/.git/config.lock to config
  change permissions of /tmp/nimble_22216/githubcom_vycbgdbmcnim/.git/config to rwxr--r--
  change permissions of /tmp/nimble_22216/githubcom_vycbgdbmcnim/.git/config to rw-r--r--
  change permissions of /tmp/nimble_22216/githubcom_vycbgdbmcnim/.git/config.lock to rw-r--r--
  rename /tmp/nimble_22216/githubcom_vycbgdbmcnim/.git/config.lock to config
  change permissions of /tmp/nimble_22216/githubcom_vycbgdbmcnim/.git/config.lock to rw-r--r--
  rename /tmp/nimble_22216/githubcom_vycbgdbmcnim/.git/config.lock to config
  change permissions of /tmp/nimble_22216/githubcom_vycbgdbmcnim/.git/config.lock to rw-r--r--
  rename /tmp/nimble_22216/githubcom_vycbgdbmcnim/.git/config.lock to config
  delete /tmp/nimble_22216/githubcom_vycbgdbmcnim/.git/tJhbGIi
  create symbolic link from /tmp/nimble_22216/githubcom_vycbgdbmcnim/.git/tJhbGIi to /home/runner/work/nim_packages_security_audit/nim_packages_security_audit/testing
  delete /tmp/nimble_22216/githubcom_vycbgdbmcnim/.git/tJhbGIi
  create directory /tmp/nimble_22216/githubcom_vycbgdbmcnim/.git/objects
  create directory /tmp/nimble_22216/githubcom_vycbgdbmcnim/.git/objects/pack
  create directory /tmp/nimble_22216/githubcom_vycbgdbmcnim/.git/objects/info
  change permissions of /tmp/nimble_22216/githubcom_vycbgdbmcnim/.git/config.lock to rw-r--r--
  rename /tmp/nimble_22216/githubcom_vycbgdbmcnim/.git/config.lock to config
  change permissions of /tmp/nimble_22216/githubcom_vycbgdbmcnim/.git/config.lock to rw-r--r--
  rename /tmp/nimble_22216/githubcom_vycbgdbmcnim/.git/config.lock to config
  change permissions of /tmp/nimble_22216/githubcom_vycbgdbmcnim/.git/config.lock to rw-r--r--
  rename /tmp/nimble_22216/githubcom_vycbgdbmcnim/.git/config.lock to config
  create hard link from /tmp/nimble_22216/githubcom_vycbgdbmcnim/.git/objects/pack/pack-d6dba95c257ca8224fe56274309ecc16b795c446.pack to /tmp/nimble_22216/githubcom_vycbgdbmcnim/.git/objects/pack/tmp_pack_Imw6nk
  delete /tmp/nimble_22216/githubcom_vycbgdbmcnim/.git/objects/pack/tmp_pack_Imw6nk
  create hard link from /tmp/nimble_22216/githubcom_vycbgdbmcnim/.git/objects/pack/pack-d6dba95c257ca8224fe56274309ecc16b795c446.idx to /tmp/nimble_22216/githubcom_vycbgdbmcnim/.git/objects/pack/tmp_idx_W1vTvr
  delete /tmp/nimble_22216/githubcom_vycbgdbmcnim/.git/objects/pack/tmp_idx_W1vTvr
  rename /tmp/nimble_22216/githubcom_vycbgdbmcnim/.git/shallow.lock to shallow
  rename /tmp/nimble_22216/githubcom_vycbgdbmcnim/.git/packed-refs.new to packed-refs
  delete /tmp/nimble_22216/githubcom_vycbgdbmcnim/.git/packed-refs.lock
  delete /tmp/nimble_22216/githubcom_vycbgdbmcnim/.git/refs/tags/v0.9.9.lock
  create directory /tmp/nimble_22216/githubcom_vycbgdbmcnim/.git/logs
  rename /tmp/nimble_22216/githubcom_vycbgdbmcnim/.git/HEAD.lock to HEAD
  delete /tmp/nimble_22216/githubcom_vycbgdbmcnim/.git/objects/pack/pack-d6dba95c257ca8224fe56274309ecc16b795c446.keep
  rename /tmp/nimble_22216/githubcom_vycbgdbmcnim/.git/index.lock to index
  create directory /tmp
  create directory /tmp/nimblecache
  create directory /tmp/nimblecache/gdbmc_4242094162
  delete /tmp/nimblecache/gdbmc_4242094162/gdbmc.ini
  delete /tmp/nimble_22216.out
  delete /tmp/nimble_22216/githubcom_vycbgdbmcnim/gdbmc_22216.nims
  create directory /home
  create directory /home/runner
  create directory /home/runner/.nimble
  create directory /home/runner/.nimble/pkgs
  create directory /home/runner/.nimble/pkgs/gdbmc-0.9.9
  change permissions of /home/runner/.nimble/pkgs/gdbmc-0.9.9/gdbmc.nimble to rw-r--r--
  create directory /tmp
  create directory /tmp/nimblecache
  create directory /tmp/nimblecache/gdbmc_1881627888
  delete /tmp/nimblecache/gdbmc_1881627888/gdbmc.ini
  delete /tmp/nimble_22216.out
  delete /home/runner/.nimble/pkgs/gdbmc-0.9.9/gdbmc_22216.nims
  delete /tmp/nimble_22216/githubcom_vycbgdbmcnim/.gitignore
  delete /tmp/nimble_22216/githubcom_vycbgdbmcnim/.gitattributes
  delete /tmp/nimble_22216/githubcom_vycbgdbmcnim/.git/HEAD
  delete /tmp/nimble_22216/githubcom_vycbgdbmcnim/.git/config
  delete /tmp/nimble_22216/githubcom_vycbgdbmcnim/.git/logs/HEAD
  delete /tmp/nimble_22216/githubcom_vycbgdbmcnim/.git/logs
  delete /tmp/nimble_22216/githubcom_vycbgdbmcnim/.git/branches
  delete /tmp/nimble_22216/githubcom_vycbgdbmcnim/.git/packed-refs
  delete /tmp/nimble_22216/githubcom_vycbgdbmcnim/.git/refs/heads
  delete /tmp/nimble_22216/githubcom_vycbgdbmcnim/.git/refs/tags
  delete /tmp/nimble_22216/githubcom_vycbgdbmcnim/.git/refs
  delete /tmp/nimble_22216/githubcom_vycbgdbmcnim/.git/hooks/fsmonitor-watchman.sample
  delete /tmp/nimble_22216/githubcom_vycbgdbmcnim/.git/hooks/pre-rebase.sample
  delete /tmp/nimble_22216/githubcom_vycbgdbmcnim/.git/hooks/pre-push.sample
  delete /tmp/nimble_22216/githubcom_vycbgdbmcnim/.git/hooks/pre-applypatch.sample
  delete /tmp/nimble_22216/githubcom_vycbgdbmcnim/.git/hooks/pre-receive.sample
  delete /tmp/nimble_22216/githubcom_vycbgdbmcnim/.git/hooks/commit-msg.sample
  delete /tmp/nimble_22216/githubcom_vycbgdbmcnim/.git/hooks/pre-merge-commit.sample
  delete /tmp/nimble_22216/githubcom_vycbgdbmcnim/.git/hooks/prepare-commit-msg.sample
  delete /tmp/nimble_22216/githubcom_vycbgdbmcnim/.git/hooks/pre-commit.sample
  delete /tmp/nimble_22216/githubcom_vycbgdbmcnim/.git/hooks/update.sample
  delete /tmp/nimble_22216/githubcom_vycbgdbmcnim/.git/hooks/applypatch-msg.sample
  delete /tmp/nimble_22216/githubcom_vycbgdbmcnim/.git/hooks/post-update.sample
  delete /tmp/nimble_22216/githubcom_vycbgdbmcnim/.git/hooks
  delete /tmp/nimble_22216/githubcom_vycbgdbmcnim/.git/index
  delete /tmp/nimble_22216/githubcom_vycbgdbmcnim/.git/info/exclude
  delete /tmp/nimble_22216/githubcom_vycbgdbmcnim/.git/info
  delete /tmp/nimble_22216/githubcom_vycbgdbmcnim/.git/shallow
  delete /tmp/nimble_22216/githubcom_vycbgdbmcnim/.git/description
  delete /tmp/nimble_22216/githubcom_vycbgdbmcnim/.git/objects/pack/pack-d6dba95c257ca8224fe56274309ecc16b795c446.idx
  delete /tmp/nimble_22216/githubcom_vycbgdbmcnim/.git/objects/pack/pack-d6dba95c257ca8224fe56274309ecc16b795c446.pack
  delete /tmp/nimble_22216/githubcom_vycbgdbmcnim/.git/objects/pack
  delete /tmp/nimble_22216/githubcom_vycbgdbmcnim/.git/objects/info
  delete /tmp/nimble_22216/githubcom_vycbgdbmcnim/.git/objects
  delete /tmp/nimble_22216/githubcom_vycbgdbmcnim/.git
  delete /tmp/nimble_22216/githubcom_vycbgdbmcnim/gdbmc.nimble
  delete /tmp/nimble_22216/githubcom_vycbgdbmcnim/README.md
  delete /tmp/nimble_22216/githubcom_vycbgdbmcnim/gdbmc.nim
  delete /tmp/nimble_22216/githubcom_vycbgdbmcnim
  delete /tmp/nimble_22216
