    Reading official package list
Downloading https://github.com/Adeohluwa/gen using git
    Cloning latest tagged version: 1.4.0
  Verifying dependencies for gen@1.2.0
    Reading official package list
   Checking for progress@any version
 Installing progress@any version
    Reading official package list
Downloading https://github.com/euantorano/progress.nim using git
    Cloning latest tagged version: v1.1.1
mkdir('/tmp', 0x00000000000001ff)
mkdir('/tmp/nimble_20984', 0x00000000000001ff)
mkdir('/tmp/nimble_20984/githubcom_Adeohluwagen', 0x00000000000001ff)
rmdir('/tmp/nimble_20984/githubcom_Adeohluwagen')
mkdir('/tmp/nimble_20984/githubcom_Adeohluwagen', 0x00000000000001ff)
mkdir('/tmp/nimble_20984/githubcom_Adeohluwagen/.git', 0x00000000000001ff)
mkdir('/tmp/nimble_20984/githubcom_Adeohluwagen/.git/', 0x00000000000001ff)
mkdir('/tmp/nimble_20984/githubcom_Adeohluwagen/.git/branches/', 0x00000000000001ff)
mkdir('/tmp/nimble_20984/githubcom_Adeohluwagen/.git/hooks/', 0x00000000000001ff)
mkdir('/tmp/nimble_20984/githubcom_Adeohluwagen/.git/info/', 0x00000000000001ff)
mkdir('/tmp/nimble_20984/githubcom_Adeohluwagen/.git/refs', 0x00000000000001ff)
mkdir('/tmp/nimble_20984/githubcom_Adeohluwagen/.git/refs/heads', 0x00000000000001ff)
mkdir('/tmp/nimble_20984/githubcom_Adeohluwagen/.git/refs/tags', 0x00000000000001ff)
rename('/tmp/nimble_20984/githubcom_Adeohluwagen/.git/HEAD.lock', '/tmp/nimble_20984/githubcom_Adeohluwagen/.git/HEAD')
rename('/tmp/nimble_20984/githubcom_Adeohluwagen/.git/config.lock', '/tmp/nimble_20984/githubcom_Adeohluwagen/.git/config')
chmod('/tmp/nimble_20984/githubcom_Adeohluwagen/.git/config', 0x00000000000081e4)
chmod('/tmp/nimble_20984/githubcom_Adeohluwagen/.git/config', 0x00000000000081a4)
chmod('/tmp/nimble_20984/githubcom_Adeohluwagen/.git/config.lock', 0x00000000000001a4)
rename('/tmp/nimble_20984/githubcom_Adeohluwagen/.git/config.lock', '/tmp/nimble_20984/githubcom_Adeohluwagen/.git/config')
chmod('/tmp/nimble_20984/githubcom_Adeohluwagen/.git/config.lock', 0x00000000000001a4)
rename('/tmp/nimble_20984/githubcom_Adeohluwagen/.git/config.lock', '/tmp/nimble_20984/githubcom_Adeohluwagen/.git/config')
chmod('/tmp/nimble_20984/githubcom_Adeohluwagen/.git/config.lock', 0x00000000000001a4)
rename('/tmp/nimble_20984/githubcom_Adeohluwagen/.git/config.lock', '/tmp/nimble_20984/githubcom_Adeohluwagen/.git/config')
unlink('/tmp/nimble_20984/githubcom_Adeohluwagen/.git/tfxPE41')
symlink('testing', '/tmp/nimble_20984/githubcom_Adeohluwagen/.git/tfxPE41')
unlink('/tmp/nimble_20984/githubcom_Adeohluwagen/.git/tfxPE41')
mkdir('/tmp/nimble_20984/githubcom_Adeohluwagen/.git/objects', 0x00000000000001ff)
mkdir('/tmp/nimble_20984/githubcom_Adeohluwagen/.git/objects/pack', 0x00000000000001ff)
mkdir('/tmp/nimble_20984/githubcom_Adeohluwagen/.git/objects/info', 0x00000000000001ff)
chmod('/tmp/nimble_20984/githubcom_Adeohluwagen/.git/config.lock', 0x00000000000001a4)
rename('/tmp/nimble_20984/githubcom_Adeohluwagen/.git/config.lock', '/tmp/nimble_20984/githubcom_Adeohluwagen/.git/config')
chmod('/tmp/nimble_20984/githubcom_Adeohluwagen/.git/config.lock', 0x00000000000001a4)
rename('/tmp/nimble_20984/githubcom_Adeohluwagen/.git/config.lock', '/tmp/nimble_20984/githubcom_Adeohluwagen/.git/config')
chmod('/tmp/nimble_20984/githubcom_Adeohluwagen/.git/config.lock', 0x00000000000001a4)
rename('/tmp/nimble_20984/githubcom_Adeohluwagen/.git/config.lock', '/tmp/nimble_20984/githubcom_Adeohluwagen/.git/config')
link('/tmp/nimble_20984/githubcom_Adeohluwagen/.git/objects/pack/tmp_pack_h7jykU', '/tmp/nimble_20984/githubcom_Adeohluwagen/.git/objects/pack/pack-0a35d7303bf61113e4c79185326aab846ae6e1dd.pack')
unlink('/tmp/nimble_20984/githubcom_Adeohluwagen/.git/objects/pack/tmp_pack_h7jykU')
link('/tmp/nimble_20984/githubcom_Adeohluwagen/.git/objects/pack/tmp_idx_EmQl2r', '/tmp/nimble_20984/githubcom_Adeohluwagen/.git/objects/pack/pack-0a35d7303bf61113e4c79185326aab846ae6e1dd.idx')
unlink('/tmp/nimble_20984/githubcom_Adeohluwagen/.git/objects/pack/tmp_idx_EmQl2r')
rename('/tmp/nimble_20984/githubcom_Adeohluwagen/.git/shallow.lock', '/tmp/nimble_20984/githubcom_Adeohluwagen/.git/shallow')
rename('/tmp/nimble_20984/githubcom_Adeohluwagen/.git/packed-refs.new', '/tmp/nimble_20984/githubcom_Adeohluwagen/.git/packed-refs')
unlink('/tmp/nimble_20984/githubcom_Adeohluwagen/.git/packed-refs.lock')
unlink('/tmp/nimble_20984/githubcom_Adeohluwagen/.git/refs/tags/1.4.0.lock')
mkdir('/tmp/nimble_20984/githubcom_Adeohluwagen/.git/logs', 0x00000000000001ff)
rename('/tmp/nimble_20984/githubcom_Adeohluwagen/.git/HEAD.lock', '/tmp/nimble_20984/githubcom_Adeohluwagen/.git/HEAD')
unlink('/tmp/nimble_20984/githubcom_Adeohluwagen/.git/objects/pack/pack-0a35d7303bf61113e4c79185326aab846ae6e1dd.keep')
mkdir('src', 0x00000000000001ff)
mkdir('src/commands', 0x00000000000001ff)
mkdir('tests', 0x00000000000001ff)
rename('/tmp/nimble_20984/githubcom_Adeohluwagen/.git/index.lock', '/tmp/nimble_20984/githubcom_Adeohluwagen/.git/index')
mkdir('/tmp', 0x00000000000001ff)
mkdir('/tmp/nimblecache', 0x00000000000001ff)
mkdir('/tmp/nimblecache/gen_3398541068', 0x00000000000001ff)
unlink('/tmp/nimblecache/gen_3398541068/gen.ini')
unlink('/tmp/nimble_20984.out')
unlink('/tmp/nimble_20984/githubcom_Adeohluwagen/gen_20984.nims')
mkdir('/tmp', 0x00000000000001ff)
mkdir('/tmp/nimble_20984', 0x00000000000001ff)
mkdir('/tmp/nimble_20984/githubcom_euantoranoprogressnim', 0x00000000000001ff)
rmdir('/tmp/nimble_20984/githubcom_euantoranoprogressnim')
mkdir('/tmp/nimble_20984/githubcom_euantoranoprogressnim', 0x00000000000001ff)
mkdir('/tmp/nimble_20984/githubcom_euantoranoprogressnim/.git', 0x00000000000001ff)
mkdir('/tmp/nimble_20984/githubcom_euantoranoprogressnim/.git/', 0x00000000000001ff)
mkdir('/tmp/nimble_20984/githubcom_euantoranoprogressnim/.git/branches/', 0x00000000000001ff)
mkdir('/tmp/nimble_20984/githubcom_euantoranoprogressnim/.git/hooks/', 0x00000000000001ff)
mkdir('/tmp/nimble_20984/githubcom_euantoranoprogressnim/.git/info/', 0x00000000000001ff)
mkdir('/tmp/nimble_20984/githubcom_euantoranoprogressnim/.git/refs', 0x00000000000001ff)
mkdir('/tmp/nimble_20984/githubcom_euantoranoprogressnim/.git/refs/heads', 0x00000000000001ff)
mkdir('/tmp/nimble_20984/githubcom_euantoranoprogressnim/.git/refs/tags', 0x00000000000001ff)
rename('/tmp/nimble_20984/githubcom_euantoranoprogressnim/.git/HEAD.lock', '/tmp/nimble_20984/githubcom_euantoranoprogressnim/.git/HEAD')
rename('/tmp/nimble_20984/githubcom_euantoranoprogressnim/.git/config.lock', '/tmp/nimble_20984/githubcom_euantoranoprogressnim/.git/config')
chmod('/tmp/nimble_20984/githubcom_euantoranoprogressnim/.git/config', 0x00000000000081e4)
chmod('/tmp/nimble_20984/githubcom_euantoranoprogressnim/.git/config', 0x00000000000081a4)
chmod('/tmp/nimble_20984/githubcom_euantoranoprogressnim/.git/config.lock', 0x00000000000001a4)
rename('/tmp/nimble_20984/githubcom_euantoranoprogressnim/.git/config.lock', '/tmp/nimble_20984/githubcom_euantoranoprogressnim/.git/config')
chmod('/tmp/nimble_20984/githubcom_euantoranoprogressnim/.git/config.lock', 0x00000000000001a4)
rename('/tmp/nimble_20984/githubcom_euantoranoprogressnim/.git/config.lock', '/tmp/nimble_20984/githubcom_euantoranoprogressnim/.git/config')
chmod('/tmp/nimble_20984/githubcom_euantoranoprogressnim/.git/config.lock', 0x00000000000001a4)
rename('/tmp/nimble_20984/githubcom_euantoranoprogressnim/.git/config.lock', '/tmp/nimble_20984/githubcom_euantoranoprogressnim/.git/config')
unlink('/tmp/nimble_20984/githubcom_euantoranoprogressnim/.git/tI4asDX')
symlink('testing', '/tmp/nimble_20984/githubcom_euantoranoprogressnim/.git/tI4asDX')
unlink('/tmp/nimble_20984/githubcom_euantoranoprogressnim/.git/tI4asDX')
mkdir('/tmp/nimble_20984/githubcom_euantoranoprogressnim/.git/objects', 0x00000000000001ff)
mkdir('/tmp/nimble_20984/githubcom_euantoranoprogressnim/.git/objects/pack', 0x00000000000001ff)
mkdir('/tmp/nimble_20984/githubcom_euantoranoprogressnim/.git/objects/info', 0x00000000000001ff)
chmod('/tmp/nimble_20984/githubcom_euantoranoprogressnim/.git/config.lock', 0x00000000000001a4)
rename('/tmp/nimble_20984/githubcom_euantoranoprogressnim/.git/config.lock', '/tmp/nimble_20984/githubcom_euantoranoprogressnim/.git/config')
chmod('/tmp/nimble_20984/githubcom_euantoranoprogressnim/.git/config.lock', 0x00000000000001a4)
rename('/tmp/nimble_20984/githubcom_euantoranoprogressnim/.git/config.lock', '/tmp/nimble_20984/githubcom_euantoranoprogressnim/.git/config')
chmod('/tmp/nimble_20984/githubcom_euantoranoprogressnim/.git/config.lock', 0x00000000000001a4)
rename('/tmp/nimble_20984/githubcom_euantoranoprogressnim/.git/config.lock', '/tmp/nimble_20984/githubcom_euantoranoprogressnim/.git/config')  Verifying dependencies for progress@1.1.1
 Installing progress@1.1.1
    Copying file /tmp/nimble_20984/githubcom_euantoranoprogressnim/src/progress.nim to /home/runner/.nimble/pkgs/progress-1.1.1/progress.nim
    Copying file /tmp/nimble_20984/githubcom_euantoranoprogressnim/progress.nimble to /home/runner/.nimble/pkgs/progress-1.1.1/progress.nimble
   Success: progress installed successfully.
    Reading official package list
   Checking for docopt@any version
      Info: Dependency on docopt@any version already satisfied
  Verifying dependencies for docopt@0.6.8
    Reading official package list
   Checking for regex@>= 0.7.4
      Info: Dependency on regex@>= 0.7.4 already satisfied
  Verifying dependencies for regex@0.15.0
    Reading official package list
   Checking for unicodedb@>= 0.7.2
      Info: Dependency on unicodedb@>= 0.7.2 already satisfied
  Verifying dependencies for unicodedb@0.9.0
    Reading official package list
   Checking for unicodeplus@>= 0.5.0
      Info: Dependency on unicodeplus@>= 0.5.0 already satisfied
  Verifying dependencies for unicodeplus@0.8.0
    Reading official package list
   Checking for unicodedb@>= 0.8
      Info: Dependency on unicodedb@>= 0.8 already satisfied
  Verifying dependencies for unicodedb@0.9.0
    Reading official package list
   Checking for segmentation@>= 0.1
      Info: Dependency on segmentation@>= 0.1 already satisfied
  Verifying dependencies for segmentation@0.1.0
    Reading official package list
   Checking for unicodedb@>= 0.8.0
      Info: Dependency on unicodedb@>= 0.8.0 already satisfied
  Verifying dependencies for unicodedb@0.9.0
    Reading official package list
   Checking for fab@any version
 Installing fab@any version
    Reading official package list
Downloading https://github.com/icyphox/fab using git
    Cloning latest tagged version: v0.4.4
       Info /tmp/nimble_20984/githubcom_icyphoxfab/fab_20984.nims(1, 8) Warning: imported and not used: 'system' [UnusedImport]
        ... /tmp/nimble_20984/githubcom_icyphoxfab/fab_20984.nims(5, 22) Warning: imported and not used: 'strutils' [UnusedImport]
  Verifying dependencies for fab@0.4.3
 Installing fab@0.4.3
    Copying file /tmp/nimble_20984/githubcom_icyphoxfab/src/fab.nim to /home/runner/.nimble/pkgs/fab-0.4.3/fab.nim

link('/tmp/nimble_20984/githubcom_euantoranoprogressnim/.git/objects/pack/tmp_pack_wpuabg', '/tmp/nimble_20984/githubcom_euantoranoprogressnim/.git/objects/pack/pack-2f47e1e3c5dc48b8798c4d979719f22d687f3d02.pack')
unlink('/tmp/nimble_20984/githubcom_euantoranoprogressnim/.git/objects/pack/tmp_pack_wpuabg')
link('/tmp/nimble_20984/githubcom_euantoranoprogressnim/.git/objects/pack/tmp_idx_S0VTAt', '/tmp/nimble_20984/githubcom_euantoranoprogressnim/.git/objects/pack/pack-2f47e1e3c5dc48b8798c4d979719f22d687f3d02.idx')
unlink('/tmp/nimble_20984/githubcom_euantoranoprogressnim/.git/objects/pack/tmp_idx_S0VTAt')
rename('/tmp/nimble_20984/githubcom_euantoranoprogressnim/.git/shallow.lock', '/tmp/nimble_20984/githubcom_euantoranoprogressnim/.git/shallow')
rename('/tmp/nimble_20984/githubcom_euantoranoprogressnim/.git/packed-refs.new', '/tmp/nimble_20984/githubcom_euantoranoprogressnim/.git/packed-refs')
unlink('/tmp/nimble_20984/githubcom_euantoranoprogressnim/.git/packed-refs.lock')
unlink('/tmp/nimble_20984/githubcom_euantoranoprogressnim/.git/refs/tags/v1.1.1.lock')
mkdir('/tmp/nimble_20984/githubcom_euantoranoprogressnim/.git/logs', 0x00000000000001ff)
rename('/tmp/nimble_20984/githubcom_euantoranoprogressnim/.git/HEAD.lock', '/tmp/nimble_20984/githubcom_euantoranoprogressnim/.git/HEAD')
unlink('/tmp/nimble_20984/githubcom_euantoranoprogressnim/.git/objects/pack/pack-2f47e1e3c5dc48b8798c4d979719f22d687f3d02.keep')
mkdir('docs', 0x00000000000001ff)
mkdir('src', 0x00000000000001ff)
mkdir('tests', 0x00000000000001ff)
rename('/tmp/nimble_20984/githubcom_euantoranoprogressnim/.git/index.lock', '/tmp/nimble_20984/githubcom_euantoranoprogressnim/.git/index')
mkdir('/tmp', 0x00000000000001ff)
mkdir('/tmp/nimblecache', 0x00000000000001ff)
mkdir('/tmp/nimblecache/progress_2403878763', 0x00000000000001ff)
unlink('/tmp/nimblecache/progress_2403878763/progress.ini')
unlink('/tmp/nimble_20984.out')
unlink('/tmp/nimble_20984/githubcom_euantoranoprogressnim/progress_20984.nims')
mkdir('/home', 0x00000000000001ff)
mkdir('/home/runner', 0x00000000000001ff)
mkdir('/home/runner/.nimble', 0x00000000000001ff)
mkdir('/home/runner/.nimble/pkgs', 0x00000000000001ff)
mkdir('/home/runner/.nimble/pkgs/progress-1.1.1', 0x00000000000001ff)
mkdir('/home', 0x00000000000001ff)
mkdir('/home/runner', 0x00000000000001ff)
mkdir('/home/runner/.nimble', 0x00000000000001ff)
mkdir('/home/runner/.nimble/pkgs', 0x00000000000001ff)
mkdir('/home/runner/.nimble/pkgs/progress-1.1.1', 0x00000000000001ff)
chmod('/home/runner/.nimble/pkgs/progress-1.1.1/progress.nim', 0x00000000000001a4)
chmod('/home/runner/.nimble/pkgs/progress-1.1.1/progress.nimble', 0x00000000000001a4)
mkdir('/tmp', 0x00000000000001ff)
mkdir('/tmp/nimblecache', 0x00000000000001ff)
mkdir('/tmp/nimblecache/progress_1341513589', 0x00000000000001ff)
unlink('/tmp/nimblecache/progress_1341513589/progress.ini')
unlink('/tmp/nimble_20984.out')
unlink('/home/runner/.nimble/pkgs/progress-1.1.1/progress_20984.nims')
mkdir('/tmp', 0x00000000000001ff)
mkdir('/tmp/nimble_20984', 0x00000000000001ff)
mkdir('/tmp/nimble_20984/githubcom_icyphoxfab', 0x00000000000001ff)
rmdir('/tmp/nimble_20984/githubcom_icyphoxfab')
mkdir('/tmp/nimble_20984/githubcom_icyphoxfab', 0x00000000000001ff)
mkdir('/tmp/nimble_20984/githubcom_icyphoxfab/.git', 0x00000000000001ff)
mkdir('/tmp/nimble_20984/githubcom_icyphoxfab/.git/', 0x00000000000001ff)
mkdir('/tmp/nimble_20984/githubcom_icyphoxfab/.git/branches/', 0x00000000000001ff)
mkdir('/tmp/nimble_20984/githubcom_icyphoxfab/.git/hooks/', 0x00000000000001ff)
mkdir('/tmp/nimble_20984/githubcom_icyphoxfab/.git/info/', 0x00000000000001ff)
mkdir('/tmp/nimble_20984/githubcom_icyphoxfab/.git/refs', 0x00000000000001ff)
mkdir('/tmp/nimble_20984/githubcom_icyphoxfab/.git/refs/heads', 0x00000000000001ff)
mkdir('/tmp/nimble_20984/githubcom_icyphoxfab/.git/refs/tags', 0x00000000000001ff)
rename('/tmp/nimble_20984/githubcom_icyphoxfab/.git/HEAD.lock', '/tmp/nimble_20984/githubcom_icyphoxfab/.git/HEAD')
rename('/tmp/nimble_20984/githubcom_icyphoxfab/.git/config.lock', '/tmp/nimble_20984/githubcom_icyphoxfab/.git/config')
chmod('/tmp/nimble_20984/githubcom_icyphoxfab/.git/config', 0x00000000000081e4)
chmod('/tmp/nimble_20984/githubcom_icyphoxfab/.git/config', 0x00000000000081a4)
chmod('/tmp/nimble_20984/githubcom_icyphoxfab/.git/config.lock', 0x00000000000001a4)
rename('/tmp/nimble_20984/githubcom_icyphoxfab/.git/config.lock', '/tmp/nimble_20984/githubcom_icyphoxfab/.git/config')
chmod('/tmp/nimble_20984/githubcom_icyphoxfab/.git/config.lock', 0x00000000000001a4)
rename('/tmp/nimble_20984/githubcom_icyphoxfab/.git/config.lock', '/tmp/nimble_20984/githubcom_icyphoxfab/.git/config')
chmod('/tmp/nimble_20984/githubcom_icyphoxfab/.git/config.lock', 0x00000000000001a4)
rename('/tmp/nimble_20984/githubcom_icyphoxfab/.git/config.lock', '/tmp/nimble_20984/githubcom_icyphoxfab/.git/config')
unlink('/tmp/nimble_20984/githubcom_icyphoxfab/.git/tvFvHzf')
symlink('testing', '/tmp/nimble_20984/githubcom_icyphoxfab/.git/tvFvHzf')
unlink('/tmp/nimble_20984/githubcom_icyphoxfab/.git/tvFvHzf')
mkdir('/tmp/nimble_20984/githubcom_icyphoxfab/.git/objects', 0x00000000000001ff)
mkdir('/tmp/nimble_20984/githubcom_icyphoxfab/.git/objects/pack', 0x00000000000001ff)
mkdir('/tmp/nimble_20984/githubcom_icyphoxfab/.git/objects/info', 0x00000000000001ff)
chmod('/tmp/nimble_20984/githubcom_icyphoxfab/.git/config.lock', 0x00000000000001a4)
rename('/tmp/nimble_20984/githubcom_icyphoxfab/.git/config.lock', '/tmp/nimble_20984/githubcom_icyphoxfab/.git/config')
chmod('/tmp/nimble_20984/githubcom_icyphoxfab/.git/config.lock', 0x00000000000001a4)
rename('/tmp/nimble_20984/githubcom_icyphoxfab/.git/config.lock', '/tmp/nimble_20984/githubcom_icyphoxfab/.git/config')
chmod('/tmp/nimble_20984/githubcom_icyphoxfab/.git/config.lock', 0x00000000000001a4)
rename('/tmp/nimble_20984/githubcom_icyphoxfab/.git/config.lock', '/tmp/nimble_20984/githubcom_icyphoxfab/.git/config')
link('/tmp/nimble_20984/githubcom_icyphoxfab/.git/objects/pack/tmp_pack_v0e9dk', '/tmp/nimble_20984/githubcom_icyphoxfab/.git/objects/pack/pack-c908a3488b222357c3c6f463b61358d8a5fd37d7.pack')
unlink('/tmp/nimble_20984/githubcom_icyphoxfab/.git/objects/pack/tmp_pack_v0e9dk')
link('/tmp/nimble_20984/githubcom_icyphoxfab/.git/objects/pack/tmp_idx_QVEkHg', '/tmp/nimble_20984/githubcom_icyphoxfab/.git/objects/pack/pack-c908a3488b222357c3c6f463b61358d8a5fd37d7.idx')
unlink('/tmp/nimble_20984/githubcom_icyphoxfab/.git/objects/pack/tmp_idx_QVEkHg')
rename('/tmp/nimble_20984/githubcom_icyphoxfab/.git/shallow.lock', '/tmp/nimble_20984/githubcom_icyphoxfab/.git/shallow')
rename('/tmp/nimble_20984/githubcom_icyphoxfab/.git/packed-refs.new', '/tmp/nimble_20984/githubcom_icyphoxfab/.git/packed-refs')
unlink('/tmp/nimble_20984/githubcom_icyphoxfab/.git/packed-refs.lock')
unlink('/tmp/nimble_20984/githubcom_icyphoxfab/.git/refs/tags/v0.4.4.lock')
mkdir('/tmp/nimble_20984/githubcom_icyphoxfab/.git/logs', 0x00000000000001ff)
rename('/tmp/nimble_20984/githubcom_icyphoxfab/.git/HEAD.lock', '/tmp/nimble_20984/githubcom_icyphoxfab/.git/HEAD')
unlink('/tmp/nimble_20984/githubcom_icyphoxfab/.git/objects/pack/pack-c908a3488b222357c3c6f463b61358d8a5fd37d7.keep')
mkdir('src', 0x00000000000001ff)
rename('/tmp/nimble_20984/githubcom_icyphoxfab/.git/index.lock', '/tmp/nimble_20984/githubcom_icyphoxfab/.git/index')
mkdir('/tmp', 0x00000000000001ff)
mkdir('/tmp/nimblecache', 0x00000000000001ff)
mkdir('/tmp/nimblecache/fab_35831131', 0x00000000000001ff)
unlink('/tmp/nimblecache/fab_35831131/fab.ini')
unlink('/tmp/nimble_20984.out')
unlink('/tmp/nimble_20984/githubcom_icyphoxfab/fab_20984.nims')
mkdir('/home', 0x00000000000001ff)
mkdir('/home/runner', 0x00000000000001ff)
mkdir('/home/runner/.nimble', 0x00000000000001ff)
mkdir('/home/runner/.nimble/pkgs', 0x00000000000001ff)
mkdir('/home/runner/.nimble/pkgs/fab-0.4.3', 0x00000000000001ff)
mkdir('/home', 0x00000000000001ff)
mkdir('/home/runner', 0x00000000000001ff)
mkdir('/home/runner/.nimble', 0x00000000000001ff)
mkdir('/home/runner/.nimble/pkgs', 0x00000000000001ff)
mkdir('/home/runner/.nimble/pkgs/fab-0.4.3', 0x00000000000001ff)
chmod('/home/runner/.nimble/pkgs/fab-0.4.3/fab.nim', 0x00000000000001a4)    Copying file /tmp/nimble_20984/githubcom_icyphoxfab/fab.nimble to /home/runner/.nimble/pkgs/fab-0.4.3/fab.nimble
   Success: fab installed successfully.
       Info /home/runner/.nimble/pkgs/fab-0.4.3/fab_20984.nims(1, 8) Warning: imported and not used: 'system' [UnusedImport]
        ... /home/runner/.nimble/pkgs/fab-0.4.3/fab_20984.nims(5, 22) Warning: imported and not used: 'strutils' [UnusedImport]
    Reading official package list
   Checking for gara@any version
      Info: Dependency on gara@any version already satisfied
  Verifying dependencies for gara@0.2.0
 Installing gen@1.2.0
   Building gen/gen using c backend

chmod('/home/runner/.nimble/pkgs/fab-0.4.3/fab.nimble', 0x00000000000001a4)
mkdir('/tmp', 0x00000000000001ff)
mkdir('/tmp/nimblecache', 0x00000000000001ff)
mkdir('/tmp/nimblecache/fab_57496237', 0x00000000000001ff)
unlink('/tmp/nimblecache/fab_57496237/fab.ini')
unlink('/tmp/nimble_20984.out')
unlink('/home/runner/.nimble/pkgs/fab-0.4.3/fab_20984.nims')
mkdir('/tmp', 0x00000000000001ff)
mkdir('/tmp/nimble_20984', 0x00000000000001ff)
mkdir('/tmp/nimble_20984/githubcom_Adeohluwagen', 0x00000000000001ff)
mkdir('/tmp/nimble_20984/githubcom_Adeohluwagen/bin', 0x00000000000001ff)
mkdir('/home', 0x00000000000001ff)
mkdir('/home/runner', 0x00000000000001ff)
mkdir('/home/runner/.cache', 0x00000000000001ff)
mkdir('/home/runner/.cache/nim', 0x00000000000001ff)
mkdir('/home/runner/.cache/nim/gen_r', 0x00000000000001ff)
mkdir('/home', 0x00000000000001ff)
mkdir('/home/runner', 0x00000000000001ff)
mkdir('/home/runner/.cache', 0x00000000000001ff)
mkdir('/home/runner/.cache/nim', 0x00000000000001ff)
mkdir('/home/runner/.cache/nim/gen_r', 0x00000000000001ff)
mkdir('/home', 0x00000000000001ff)
mkdir('/home/runner', 0x00000000000001ff)
mkdir('/home/runner/.cache', 0x00000000000001ff)
mkdir('/home/runner/.cache/nim', 0x00000000000001ff)
mkdir('/home/runner/.cache/nim/gen_r', 0x00000000000001ff)
mkdir('/home', 0x00000000000001ff)
mkdir('/home/runner', 0x00000000000001ff)
mkdir('/home/runner/.cache', 0x00000000000001ff)
mkdir('/home/runner/.cache/nim', 0x00000000000001ff)
mkdir('/home/runner/.cache/nim/gen_r', 0x00000000000001ff)
mkdir('/home', 0x00000000000001ff)
mkdir('/home/runner', 0x00000000000001ff)
mkdir('/home/runner/.cache', 0x00000000000001ff)
mkdir('/home/runner/.cache/nim', 0x00000000000001ff)
mkdir('/home/runner/.cache/nim/gen_r', 0x00000000000001ff)
mkdir('/home', 0x00000000000001ff)
mkdir('/home/runner', 0x00000000000001ff)
mkdir('/home/runner/.cache', 0x00000000000001ff)
mkdir('/home/runner/.cache/nim', 0x00000000000001ff)
mkdir('/home/runner/.cache/nim/gen_r', 0x00000000000001ff)
mkdir('/home', 0x00000000000001ff)
mkdir('/home/runner', 0x00000000000001ff)
mkdir('/home/runner/.cache', 0x00000000000001ff)
mkdir('/home/runner/.cache/nim', 0x00000000000001ff)
mkdir('/home/runner/.cache/nim/gen_r', 0x00000000000001ff)
mkdir('/home', 0x00000000000001ff)
mkdir('/home/runner', 0x00000000000001ff)
mkdir('/home/runner/.cache', 0x00000000000001ff)
mkdir('/home/runner/.cache/nim', 0x00000000000001ff)
mkdir('/home/runner/.cache/nim/gen_r', 0x00000000000001ff)
mkdir('/home', 0x00000000000001ff)
mkdir('/home/runner', 0x00000000000001ff)
mkdir('/home/runner/.cache', 0x00000000000001ff)
mkdir('/home/runner/.cache/nim', 0x00000000000001ff)
mkdir('/home/runner/.cache/nim/gen_r', 0x00000000000001ff)
mkdir('/home', 0x00000000000001ff)
mkdir('/home/runner', 0x00000000000001ff)
mkdir('/home/runner/.cache', 0x00000000000001ff)
mkdir('/home/runner/.cache/nim', 0x00000000000001ff)
mkdir('/home/runner/.cache/nim/gen_r', 0x00000000000001ff)
mkdir('/home', 0x00000000000001ff)
mkdir('/home/runner', 0x00000000000001ff)
mkdir('/home/runner/.cache', 0x00000000000001ff)
mkdir('/home/runner/.cache/nim', 0x00000000000001ff)
mkdir('/home/runner/.cache/nim/gen_r', 0x00000000000001ff)
mkdir('/home', 0x00000000000001ff)
mkdir('/home/runner', 0x00000000000001ff)
mkdir('/home/runner/.cache', 0x00000000000001ff)
mkdir('/home/runner/.cache/nim', 0x00000000000001ff)
mkdir('/home/runner/.cache/nim/gen_r', 0x00000000000001ff)
mkdir('/home', 0x00000000000001ff)
mkdir('/home/runner', 0x00000000000001ff)
mkdir('/home/runner/.cache', 0x00000000000001ff)
mkdir('/home/runner/.cache/nim', 0x00000000000001ff)
mkdir('/home/runner/.cache/nim/gen_r', 0x00000000000001ff)
mkdir('/home', 0x00000000000001ff)
mkdir('/home/runner', 0x00000000000001ff)
mkdir('/home/runner/.cache', 0x00000000000001ff)
mkdir('/home/runner/.cache/nim', 0x00000000000001ff)
mkdir('/home/runner/.cache/nim/gen_r', 0x00000000000001ff)
mkdir('/home', 0x00000000000001ff)
mkdir('/home/runner', 0x00000000000001ff)
mkdir('/home/runner/.cache', 0x00000000000001ff)
mkdir('/home/runner/.cache/nim', 0x00000000000001ff)
mkdir('/home/runner/.cache/nim/gen_r', 0x00000000000001ff)
mkdir('/home', 0x00000000000001ff)
mkdir('/home/runner', 0x00000000000001ff)
mkdir('/home/runner/.cache', 0x00000000000001ff)
mkdir('/home/runner/.cache/nim', 0x00000000000001ff)
mkdir('/home/runner/.cache/nim/gen_r', 0x00000000000001ff)
mkdir('/home', 0x00000000000001ff)
mkdir('/home/runner', 0x00000000000001ff)
mkdir('/home/runner/.cache', 0x00000000000001ff)
mkdir('/home/runner/.cache/nim', 0x00000000000001ff)
mkdir('/home/runner/.cache/nim/gen_r', 0x00000000000001ff)
mkdir('/home', 0x00000000000001ff)
mkdir('/home/runner', 0x00000000000001ff)
mkdir('/home/runner/.cache', 0x00000000000001ff)
mkdir('/home/runner/.cache/nim', 0x00000000000001ff)
mkdir('/home/runner/.cache/nim/gen_r', 0x00000000000001ff)
mkdir('/home', 0x00000000000001ff)
mkdir('/home/runner', 0x00000000000001ff)
mkdir('/home/runner/.cache', 0x00000000000001ff)
mkdir('/home/runner/.cache/nim', 0x00000000000001ff)
mkdir('/home/runner/.cache/nim/gen_r', 0x00000000000001ff)
mkdir('/home', 0x00000000000001ff)
mkdir('/home/runner', 0x00000000000001ff)
mkdir('/home/runner/.cache', 0x00000000000001ff)
mkdir('/home/runner/.cache/nim', 0x00000000000001ff)
mkdir('/home/runner/.cache/nim/gen_r', 0x00000000000001ff)
mkdir('/home', 0x00000000000001ff)
mkdir('/home/runner', 0x00000000000001ff)
mkdir('/home/runner/.cache', 0x00000000000001ff)
mkdir('/home/runner/.cache/nim', 0x00000000000001ff)
mkdir('/home/runner/.cache/nim/gen_r', 0x00000000000001ff)
mkdir('/home', 0x00000000000001ff)
mkdir('/home/runner', 0x00000000000001ff)
mkdir('/home/runner/.cache', 0x00000000000001ff)
mkdir('/home/runner/.cache/nim', 0x00000000000001ff)
mkdir('/home/runner/.cache/nim/gen_r', 0x00000000000001ff)
mkdir('/home', 0x00000000000001ff)
mkdir('/home/runner', 0x00000000000001ff)
mkdir('/home/runner/.cache', 0x00000000000001ff)
mkdir('/home/runner/.cache/nim', 0x00000000000001ff)
mkdir('/home/runner/.cache/nim/gen_r', 0x00000000000001ff)
mkdir('/home', 0x00000000000001ff)
mkdir('/home/runner', 0x00000000000001ff)
mkdir('/home/runner/.cache', 0x00000000000001ff)
mkdir('/home/runner/.cache/nim', 0x00000000000001ff)
mkdir('/home/runner/.cache/nim/gen_r', 0x00000000000001ff)
mkdir('/home', 0x00000000000001ff)
mkdir('/home/runner', 0x00000000000001ff)
mkdir('/home/runner/.cache', 0x00000000000001ff)
mkdir('/home/runner/.cache/nim', 0x00000000000001ff)
mkdir('/home/runner/.cache/nim/gen_r', 0x00000000000001ff)
mkdir('/home', 0x00000000000001ff)
mkdir('/home/runner', 0x00000000000001ff)
mkdir('/home/runner/.cache', 0x00000000000001ff)
mkdir('/home/runner/.cache/nim', 0x00000000000001ff)
mkdir('/home/runner/.cache/nim/gen_r', 0x00000000000001ff)
mkdir('/home', 0x00000000000001ff)
mkdir('/home/runner', 0x00000000000001ff)
mkdir('/home/runner/.cache', 0x00000000000001ff)
mkdir('/home/runner/.cache/nim', 0x00000000000001ff)
mkdir('/home/runner/.cache/nim/gen_r', 0x00000000000001ff)
mkdir('/home', 0x00000000000001ff)
mkdir('/home/runner', 0x00000000000001ff)
mkdir('/home/runner/.cache', 0x00000000000001ff)
mkdir('/home/runner/.cache/nim', 0x00000000000001ff)
mkdir('/home/runner/.cache/nim/gen_r', 0x00000000000001ff)
mkdir('/home', 0x00000000000001ff)
mkdir('/home/runner', 0x00000000000001ff)
mkdir('/home/runner/.cache', 0x00000000000001ff)
mkdir('/home/runner/.cache/nim', 0x00000000000001ff)
mkdir('/home/runner/.cache/nim/gen_r', 0x00000000000001ff)
mkdir('/home', 0x00000000000001ff)
mkdir('/home/runner', 0x00000000000001ff)
mkdir('/home/runner/.cache', 0x00000000000001ff)
mkdir('/home/runner/.cache/nim', 0x00000000000001ff)
mkdir('/home/runner/.cache/nim/gen_r', 0x00000000000001ff)
mkdir('/home', 0x00000000000001ff)
mkdir('/home/runner', 0x00000000000001ff)
mkdir('/home/runner/.cache', 0x00000000000001ff)
mkdir('/home/runner/.cache/nim', 0x00000000000001ff)
mkdir('/home/runner/.cache/nim/gen_r', 0x00000000000001ff)
mkdir('/home', 0x00000000000001ff)
mkdir('/home/runner', 0x00000000000001ff)
mkdir('/home/runner/.cache', 0x00000000000001ff)
mkdir('/home/runner/.cache/nim', 0x00000000000001ff)
mkdir('/home/runner/.cache/nim/gen_r', 0x00000000000001ff)
mkdir('/home', 0x00000000000001ff)
mkdir('/home/runner', 0x00000000000001ff)
mkdir('/home/runner/.cache', 0x00000000000001ff)
mkdir('/home/runner/.cache/nim', 0x00000000000001ff)
mkdir('/home/runner/.cache/nim/gen_r', 0x00000000000001ff)
mkdir('/home', 0x00000000000001ff)
mkdir('/home/runner', 0x00000000000001ff)
mkdir('/home/runner/.cache', 0x00000000000001ff)
mkdir('/home/runner/.cache/nim', 0x00000000000001ff)
mkdir('/home/runner/.cache/nim/gen_r', 0x00000000000001ff)
mkdir('/home', 0x00000000000001ff)
mkdir('/home/runner', 0x00000000000001ff)
mkdir('/home/runner/.cache', 0x00000000000001ff)
mkdir('/home/runner/.cache/nim', 0x00000000000001ff)
mkdir('/home/runner/.cache/nim/gen_r', 0x00000000000001ff)
mkdir('/home', 0x00000000000001ff)
mkdir('/home/runner', 0x00000000000001ff)
mkdir('/home/runner/.cache', 0x00000000000001ff)
mkdir('/home/runner/.cache/nim', 0x00000000000001ff)
mkdir('/home/runner/.cache/nim/gen_r', 0x00000000000001ff)
mkdir('/home', 0x00000000000001ff)
mkdir('/home/runner', 0x00000000000001ff)
mkdir('/home/runner/.cache', 0x00000000000001ff)
mkdir('/home/runner/.cache/nim', 0x00000000000001ff)
mkdir('/home/runner/.cache/nim/gen_r', 0x00000000000001ff)
mkdir('/home', 0x00000000000001ff)
mkdir('/home/runner', 0x00000000000001ff)
mkdir('/home/runner/.cache', 0x00000000000001ff)
mkdir('/home/runner/.cache/nim', 0x00000000000001ff)
mkdir('/home/runner/.cache/nim/gen_r', 0x00000000000001ff)
mkdir('/home', 0x00000000000001ff)
mkdir('/home/runner', 0x00000000000001ff)
mkdir('/home/runner/.cache', 0x00000000000001ff)
mkdir('/home/runner/.cache/nim', 0x00000000000001ff)
mkdir('/home/runner/.cache/nim/gen_r', 0x00000000000001ff)
mkdir('/home', 0x00000000000001ff)
mkdir('/home/runner', 0x00000000000001ff)
mkdir('/home/runner/.cache', 0x00000000000001ff)
mkdir('/home/runner/.cache/nim', 0x00000000000001ff)
mkdir('/home/runner/.cache/nim/gen_r', 0x00000000000001ff)
mkdir('/home', 0x00000000000001ff)
mkdir('/home/runner', 0x00000000000001ff)
mkdir('/home/runner/.cache', 0x00000000000001ff)
mkdir('/home/runner/.cache/nim', 0x00000000000001ff)
mkdir('/home/runner/.cache/nim/gen_r', 0x00000000000001ff)
mkdir('/home', 0x00000000000001ff)
mkdir('/home/runner', 0x00000000000001ff)
mkdir('/home/runner/.cache', 0x00000000000001ff)
mkdir('/home/runner/.cache/nim', 0x00000000000001ff)
mkdir('/home/runner/.cache/nim/gen_r', 0x00000000000001ff)
mkdir('/home', 0x00000000000001ff)
mkdir('/home/runner', 0x00000000000001ff)
mkdir('/home/runner/.cache', 0x00000000000001ff)
mkdir('/home/runner/.cache/nim', 0x00000000000001ff)
mkdir('/home/runner/.cache/nim/gen_r', 0x00000000000001ff)
mkdir('/home', 0x00000000000001ff)
mkdir('/home/runner', 0x00000000000001ff)
mkdir('/home/runner/.cache', 0x00000000000001ff)
mkdir('/home/runner/.cache/nim', 0x00000000000001ff)
mkdir('/home/runner/.cache/nim/gen_r', 0x00000000000001ff)
mkdir('/home', 0x00000000000001ff)
mkdir('/home/runner', 0x00000000000001ff)
mkdir('/home/runner/.cache', 0x00000000000001ff)
mkdir('/home/runner/.cache/nim', 0x00000000000001ff)
mkdir('/home/runner/.cache/nim/gen_r', 0x00000000000001ff)
mkdir('/home', 0x00000000000001ff)
mkdir('/home/runner', 0x00000000000001ff)
mkdir('/home/runner/.cache', 0x00000000000001ff)
mkdir('/home/runner/.cache/nim', 0x00000000000001ff)
mkdir('/home/runner/.cache/nim/gen_r', 0x00000000000001ff)
mkdir('/home', 0x00000000000001ff)
mkdir('/home/runner', 0x00000000000001ff)
mkdir('/home/runner/.cache', 0x00000000000001ff)
mkdir('/home/runner/.cache/nim', 0x00000000000001ff)
mkdir('/home/runner/.cache/nim/gen_r', 0x00000000000001ff)
mkdir('/home', 0x00000000000001ff)
mkdir('/home/runner', 0x00000000000001ff)
mkdir('/home/runner/.cache', 0x00000000000001ff)
mkdir('/home/runner/.cache/nim', 0x00000000000001ff)
mkdir('/home/runner/.cache/nim/gen_r', 0x00000000000001ff)
mkdir('/home', 0x00000000000001ff)
mkdir('/home/runner', 0x00000000000001ff)
mkdir('/home/runner/.cache', 0x00000000000001ff)
mkdir('/home/runner/.cache/nim', 0x00000000000001ff)
mkdir('/home/runner/.cache/nim/gen_r', 0x00000000000001ff)
mkdir('/home', 0x00000000000001ff)
mkdir('/home/runner', 0x00000000000001ff)
mkdir('/home/runner/.cache', 0x00000000000001ff)
mkdir('/home/runner/.cache/nim', 0x00000000000001ff)
mkdir('/home/runner/.cache/nim/gen_r', 0x00000000000001ff)
mkdir('/home', 0x00000000000001ff)
mkdir('/home/runner', 0x00000000000001ff)
mkdir('/home/runner/.cache', 0x00000000000001ff)
mkdir('/home/runner/.cache/nim', 0x00000000000001ff)
mkdir('/home/runner/.cache/nim/gen_r', 0x00000000000001ff)
mkdir('/home', 0x00000000000001ff)
mkdir('/home/runner', 0x00000000000001ff)
mkdir('/home/runner/.cache', 0x00000000000001ff)
mkdir('/home/runner/.cache/nim', 0x00000000000001ff)
mkdir('/home/runner/.cache/nim/gen_r', 0x00000000000001ff)
mkdir('/home', 0x00000000000001ff)
mkdir('/home/runner', 0x00000000000001ff)
mkdir('/home/runner/.cache', 0x00000000000001ff)
mkdir('/home/runner/.cache/nim', 0x00000000000001ff)
mkdir('/home/runner/.cache/nim/gen_r', 0x00000000000001ff)
mkdir('/home', 0x00000000000001ff)
mkdir('/home/runner', 0x00000000000001ff)
mkdir('/home/runner/.cache', 0x00000000000001ff)
mkdir('/home/runner/.cache/nim', 0x00000000000001ff)
mkdir('/home/runner/.cache/nim/gen_r', 0x00000000000001ff)
mkdir('/home', 0x00000000000001ff)
mkdir('/home/runner', 0x00000000000001ff)
mkdir('/home/runner/.cache', 0x00000000000001ff)
mkdir('/home/runner/.cache/nim', 0x00000000000001ff)
mkdir('/home/runner/.cache/nim/gen_r', 0x00000000000001ff)
mkdir('/home', 0x00000000000001ff)
mkdir('/home/runner', 0x00000000000001ff)
mkdir('/home/runner/.cache', 0x00000000000001ff)
mkdir('/home/runner/.cache/nim', 0x00000000000001ff)
mkdir('/home/runner/.cache/nim/gen_r', 0x00000000000001ff)
mkdir('/home', 0x00000000000001ff)
mkdir('/home/runner', 0x00000000000001ff)
mkdir('/home/runner/.cache', 0x00000000000001ff)
mkdir('/home/runner/.cache/nim', 0x00000000000001ff)
mkdir('/home/runner/.cache/nim/gen_r', 0x00000000000001ff)
mkdir('/home', 0x00000000000001ff)
mkdir('/home/runner', 0x00000000000001ff)
mkdir('/home/runner/.cache', 0x00000000000001ff)
mkdir('/home/runner/.cache/nim', 0x00000000000001ff)
mkdir('/home/runner/.cache/nim/gen_r', 0x00000000000001ff)
mkdir('/home', 0x00000000000001ff)
mkdir('/home/runner', 0x00000000000001ff)
mkdir('/home/runner/.cache', 0x00000000000001ff)
mkdir('/home/runner/.cache/nim', 0x00000000000001ff)
mkdir('/home/runner/.cache/nim/gen_r', 0x00000000000001ff)
mkdir('/home', 0x00000000000001ff)
mkdir('/home/runner', 0x00000000000001ff)
mkdir('/home/runner/.cache', 0x00000000000001ff)
mkdir('/home/runner/.cache/nim', 0x00000000000001ff)
mkdir('/home/runner/.cache/nim/gen_r', 0x00000000000001ff)
mkdir('/home', 0x00000000000001ff)
mkdir('/home/runner', 0x00000000000001ff)
mkdir('/home/runner/.cache', 0x00000000000001ff)
mkdir('/home/runner/.cache/nim', 0x00000000000001ff)
mkdir('/home/runner/.cache/nim/gen_r', 0x00000000000001ff)
mkdir('/home', 0x00000000000001ff)
mkdir('/home/runner', 0x00000000000001ff)
mkdir('/home/runner/.cache', 0x00000000000001ff)
mkdir('/home/runner/.cache/nim', 0x00000000000001ff)
mkdir('/home/runner/.cache/nim/gen_r', 0x00000000000001ff)
mkdir('/home', 0x00000000000001ff)
mkdir('/home/runner', 0x00000000000001ff)
mkdir('/home/runner/.cache', 0x00000000000001ff)
mkdir('/home/runner/.cache/nim', 0x00000000000001ff)
mkdir('/home/runner/.cache/nim/gen_r', 0x00000000000001ff)
mkdir('/home', 0x00000000000001ff)
mkdir('/home/runner', 0x00000000000001ff)
mkdir('/home/runner/.cache', 0x00000000000001ff)
mkdir('/home/runner/.cache/nim', 0x00000000000001ff)
mkdir('/home/runner/.cache/nim/gen_r', 0x00000000000001ff)
mkdir('/home', 0x00000000000001ff)
mkdir('/home/runner', 0x00000000000001ff)
mkdir('/home/runner/.cache', 0x00000000000001ff)
mkdir('/home/runner/.cache/nim', 0x00000000000001ff)
mkdir('/home/runner/.cache/nim/gen_r', 0x00000000000001ff)
mkdir('/home', 0x00000000000001ff)
mkdir('/home/runner', 0x00000000000001ff)
mkdir('/home/runner/.cache', 0x00000000000001ff)
mkdir('/home/runner/.cache/nim', 0x00000000000001ff)
mkdir('/home/runner/.cache/nim/gen_r', 0x00000000000001ff)
mkdir('/home', 0x00000000000001ff)
mkdir('/home/runner', 0x00000000000001ff)
mkdir('/home/runner/.cache', 0x00000000000001ff)
mkdir('/home/runner/.cache/nim', 0x00000000000001ff)
mkdir('/home/runner/.cache/nim/gen_r', 0x00000000000001ff)
mkdir('/home', 0x00000000000001ff)
mkdir('/home/runner', 0x00000000000001ff)
mkdir('/home/runner/.cache', 0x00000000000001ff)
mkdir('/home/runner/.cache/nim', 0x00000000000001ff)
mkdir('/home/runner/.cache/nim/gen_r', 0x00000000000001ff)
mkdir('/home', 0x00000000000001ff)
mkdir('/home/runner', 0x00000000000001ff)
mkdir('/home/runner/.cache', 0x00000000000001ff)
mkdir('/home/runner/.cache/nim', 0x00000000000001ff)
mkdir('/home/runner/.cache/nim/gen_r', 0x00000000000001ff)
mkdir('/home', 0x00000000000001ff)
mkdir('/home/runner', 0x00000000000001ff)
mkdir('/home/runner/.cache', 0x00000000000001ff)
mkdir('/home/runner/.cache/nim', 0x00000000000001ff)
mkdir('/home/runner/.cache/nim/gen_r', 0x00000000000001ff)
mkdir('/home', 0x00000000000001ff)
mkdir('/home/runner', 0x00000000000001ff)
mkdir('/home/runner/.cache', 0x00000000000001ff)
mkdir('/home/runner/.cache/nim', 0x00000000000001ff)
mkdir('/home/runner/.cache/nim/gen_r', 0x00000000000001ff)
mkdir('/home', 0x00000000000001ff)
mkdir('/home/runner', 0x00000000000001ff)
mkdir('/home/runner/.cache', 0x00000000000001ff)
mkdir('/home/runner/.cache/nim', 0x00000000000001ff)
mkdir('/home/runner/.cache/nim/gen_r', 0x00000000000001ff)
mkdir('/home', 0x00000000000001ff)
mkdir('/home/runner', 0x00000000000001ff)
mkdir('/home/runner/.cache', 0x00000000000001ff)
mkdir('/home/runner/.cache/nim', 0x00000000000001ff)
mkdir('/home/runner/.cache/nim/gen_r', 0x00000000000001ff)
mkdir('/home', 0x00000000000001ff)
mkdir('/home/runner', 0x00000000000001ff)
mkdir('/home/runner/.cache', 0x00000000000001ff)
mkdir('/home/runner/.cache/nim', 0x00000000000001ff)
mkdir('/home/runner/.cache/nim/gen_r', 0x00000000000001ff)
mkdir('/home', 0x00000000000001ff)
mkdir('/home/runner', 0x00000000000001ff)
mkdir('/home/runner/.cache', 0x00000000000001ff)
mkdir('/home/runner/.cache/nim', 0x00000000000001ff)
mkdir('/home/runner/.cache/nim/gen_r', 0x00000000000001ff)
mkdir('/home', 0x00000000000001ff)
mkdir('/home/runner', 0x00000000000001ff)
mkdir('/home/runner/.cache', 0x00000000000001ff)
mkdir('/home/runner/.cache/nim', 0x00000000000001ff)
mkdir('/home/runner/.cache/nim/gen_r', 0x00000000000001ff)
mkdir('/home', 0x00000000000001ff)
mkdir('/home/runner', 0x00000000000001ff)
mkdir('/home/runner/.cache', 0x00000000000001ff)
mkdir('/home/runner/.cache/nim', 0x00000000000001ff)
mkdir('/home/runner/.cache/nim/gen_r', 0x00000000000001ff)
mkdir('/home', 0x00000000000001ff)
mkdir('/home/runner', 0x00000000000001ff)
mkdir('/home/runner/.cache', 0x00000000000001ff)
mkdir('/home/runner/.cache/nim', 0x00000000000001ff)
mkdir('/home/runner/.cache/nim/gen_r', 0x00000000000001ff)
mkdir('/home', 0x00000000000001ff)
mkdir('/home/runner', 0x00000000000001ff)
mkdir('/home/runner/.cache', 0x00000000000001ff)
mkdir('/home/runner/.cache/nim', 0x00000000000001ff)
mkdir('/home/runner/.cache/nim/gen_r', 0x00000000000001ff)
mkdir('/home', 0x00000000000001ff)
mkdir('/home/runner', 0x00000000000001ff)
mkdir('/home/runner/.cache', 0x00000000000001ff)
mkdir('/home/runner/.cache/nim', 0x00000000000001ff)
mkdir('/home/runner/.cache/nim/gen_r', 0x00000000000001ff)
mkdir('/home', 0x00000000000001ff)
mkdir('/home/runner', 0x00000000000001ff)
mkdir('/home/runner/.cache', 0x00000000000001ff)
mkdir('/home/runner/.cache/nim', 0x00000000000001ff)
mkdir('/home/runner/.cache/nim/gen_r', 0x00000000000001ff)
mkdir('/home', 0x00000000000001ff)
mkdir('/home/runner', 0x00000000000001ff)
mkdir('/home/runner/.cache', 0x00000000000001ff)
mkdir('/home/runner/.cache/nim', 0x00000000000001ff)
mkdir('/home/runner/.cache/nim/gen_r', 0x00000000000001ff)
mkdir('/home', 0x00000000000001ff)
mkdir('/home/runner', 0x00000000000001ff)
mkdir('/home/runner/.cache', 0x00000000000001ff)
mkdir('/home/runner/.cache/nim', 0x00000000000001ff)
mkdir('/home/runner/.cache/nim/gen_r', 0x00000000000001ff)
mkdir('/home', 0x00000000000001ff)
mkdir('/home/runner', 0x00000000000001ff)
mkdir('/home/runner/.cache', 0x00000000000001ff)
mkdir('/home/runner/.cache/nim', 0x00000000000001ff)
mkdir('/home/runner/.cache/nim/gen_r', 0x00000000000001ff)
mkdir('/home', 0x00000000000001ff)
mkdir('/home/runner', 0x00000000000001ff)
mkdir('/home/runner/.cache', 0x00000000000001ff)
mkdir('/home/runner/.cache/nim', 0x00000000000001ff)
mkdir('/home/runner/.cache/nim/gen_r', 0x00000000000001ff)
mkdir('/home', 0x00000000000001ff)
mkdir('/home/runner', 0x00000000000001ff)
mkdir('/home/runner/.cache', 0x00000000000001ff)
mkdir('/home/runner/.cache/nim', 0x00000000000001ff)
mkdir('/home/runner/.cache/nim/gen_r', 0x00000000000001ff)
mkdir('/home', 0x00000000000001ff)
mkdir('/home/runner', 0x00000000000001ff)
mkdir('/home/runner/.cache', 0x00000000000001ff)
mkdir('/home/runner/.cache/nim', 0x00000000000001ff)
mkdir('/home/runner/.cache/nim/gen_r', 0x00000000000001ff)
mkdir('/home', 0x00000000000001ff)
mkdir('/home/runner', 0x00000000000001ff)
mkdir('/home/runner/.cache', 0x00000000000001ff)
mkdir('/home/runner/.cache/nim', 0x00000000000001ff)
mkdir('/home/runner/.cache/nim/gen_r', 0x00000000000001ff)
mkdir('/home', 0x00000000000001ff)
mkdir('/home/runner', 0x00000000000001ff)
mkdir('/home/runner/.cache', 0x00000000000001ff)
mkdir('/home/runner/.cache/nim', 0x00000000000001ff)
mkdir('/home/runner/.cache/nim/gen_r', 0x00000000000001ff)
mkdir('/home', 0x00000000000001ff)
mkdir('/home/runner', 0x00000000000001ff)
mkdir('/home/runner/.cache', 0x00000000000001ff)
mkdir('/home/runner/.cache/nim', 0x00000000000001ff)
mkdir('/home/runner/.cache/nim/gen_r', 0x00000000000001ff)
mkdir('/home', 0x00000000000001ff)
mkdir('/home/runner', 0x00000000000001ff)
mkdir('/home/runner/.cache', 0x00000000000001ff)
mkdir('/home/runner/.cache/nim', 0x00000000000001ff)
mkdir('/home/runner/.cache/nim/gen_r', 0x00000000000001ff)
mkdir('/home', 0x00000000000001ff)
mkdir('/home/runner', 0x00000000000001ff)
mkdir('/home/runner/.cache', 0x00000000000001ff)
mkdir('/home/runner/.cache/nim', 0x00000000000001ff)
mkdir('/home/runner/.cache/nim/gen_r', 0x00000000000001ff)
mkdir('/home', 0x00000000000001ff)
mkdir('/home/runner', 0x00000000000001ff)
mkdir('/home/runner/.cache', 0x00000000000001ff)
mkdir('/home/runner/.cache/nim', 0x00000000000001ff)
mkdir('/home/runner/.cache/nim/gen_r', 0x00000000000001ff)
mkdir('/home', 0x00000000000001ff)
mkdir('/home/runner', 0x00000000000001ff)
mkdir('/home/runner/.cache', 0x00000000000001ff)
mkdir('/home/runner/.cache/nim', 0x00000000000001ff)
mkdir('/home/runner/.cache/nim/gen_r', 0x00000000000001ff)
mkdir('/home', 0x00000000000001ff)
mkdir('/home/runner', 0x00000000000001ff)
mkdir('/home/runner/.cache', 0x00000000000001ff)
mkdir('/home/runner/.cache/nim', 0x00000000000001ff)
mkdir('/home/runner/.cache/nim/gen_r', 0x00000000000001ff)
mkdir('/home', 0x00000000000001ff)
mkdir('/home/runner', 0x00000000000001ff)
mkdir('/home/runner/.cache', 0x00000000000001ff)
mkdir('/home/runner/.cache/nim', 0x00000000000001ff)
mkdir('/home/runner/.cache/nim/gen_r', 0x00000000000001ff)
mkdir('/home', 0x00000000000001ff)
mkdir('/home/runner', 0x00000000000001ff)
mkdir('/home/runner/.cache', 0x00000000000001ff)
mkdir('/home/runner/.cache/nim', 0x00000000000001ff)
mkdir('/home/runner/.cache/nim/gen_r', 0x00000000000001ff)
mkdir('/home', 0x00000000000001ff)
mkdir('/home/runner', 0x00000000000001ff)
mkdir('/home/runner/.cache', 0x00000000000001ff)
mkdir('/home/runner/.cache/nim', 0x00000000000001ff)
mkdir('/home/runner/.cache/nim/gen_r', 0x00000000000001ff)
mkdir('/home', 0x00000000000001ff)
mkdir('/home/runner', 0x00000000000001ff)
mkdir('/home/runner/.cache', 0x00000000000001ff)
mkdir('/home/runner/.cache/nim', 0x00000000000001ff)
mkdir('/home/runner/.cache/nim/gen_r', 0x00000000000001ff)
mkdir('/home', 0x00000000000001ff)
mkdir('/home/runner', 0x00000000000001ff)
mkdir('/home/runner/.cache', 0x00000000000001ff)
mkdir('/home/runner/.cache/nim', 0x00000000000001ff)
mkdir('/home/runner/.cache/nim/gen_r', 0x00000000000001ff)
mkdir('/home', 0x00000000000001ff)
mkdir('/home/runner', 0x00000000000001ff)
mkdir('/home/runner/.cache', 0x00000000000001ff)
mkdir('/home/runner/.cache/nim', 0x00000000000001ff)
mkdir('/home/runner/.cache/nim/gen_r', 0x00000000000001ff)
mkdir('/home', 0x00000000000001ff)
mkdir('/home/runner', 0x00000000000001ff)
mkdir('/home/runner/.cache', 0x00000000000001ff)
mkdir('/home/runner/.cache/nim', 0x00000000000001ff)
mkdir('/home/runner/.cache/nim/gen_r', 0x00000000000001ff)
mkdir('/home', 0x00000000000001ff)
mkdir('/home/runner', 0x00000000000001ff)
mkdir('/home/runner/.cache', 0x00000000000001ff)
mkdir('/home/runner/.cache/nim', 0x00000000000001ff)
mkdir('/home/runner/.cache/nim/gen_r', 0x00000000000001ff)
mkdir('/home', 0x00000000000001ff)
mkdir('/home/runner', 0x00000000000001ff)
mkdir('/home/runner/.cache', 0x00000000000001ff)
mkdir('/home/runner/.cache/nim', 0x00000000000001ff)
mkdir('/home/runner/.cache/nim/gen_r', 0x00000000000001ff)
mkdir('/home', 0x00000000000001ff)
mkdir('/home/runner', 0x00000000000001ff)
mkdir('/home/runner/.cache', 0x00000000000001ff)
mkdir('/home/runner/.cache/nim', 0x00000000000001ff)
mkdir('/home/runner/.cache/nim/gen_r', 0x00000000000001ff)
mkdir('/home', 0x00000000000001ff)
mkdir('/home/runner', 0x00000000000001ff)
mkdir('/home/runner/.cache', 0x00000000000001ff)
mkdir('/home/runner/.cache/nim', 0x00000000000001ff)
mkdir('/home/runner/.cache/nim/gen_r', 0x00000000000001ff)
mkdir('/home', 0x00000000000001ff)
mkdir('/home/runner', 0x00000000000001ff)
mkdir('/home/runner/.cache', 0x00000000000001ff)
mkdir('/home/runner/.cache/nim', 0x00000000000001ff)
mkdir('/home/runner/.cache/nim/gen_r', 0x00000000000001ff)
mkdir('/home', 0x00000000000001ff)
mkdir('/home/runner', 0x00000000000001ff)
mkdir('/home/runner/.cache', 0x00000000000001ff)
mkdir('/home/runner/.cache/nim', 0x00000000000001ff)
mkdir('/home/runner/.cache/nim/gen_r', 0x00000000000001ff)
mkdir('/home', 0x00000000000001ff)
mkdir('/home/runner', 0x00000000000001ff)
mkdir('/home/runner/.cache', 0x00000000000001ff)
mkdir('/home/runner/.cache/nim', 0x00000000000001ff)
mkdir('/home/runner/.cache/nim/gen_r', 0x00000000000001ff)
mkdir('/home', 0x00000000000001ff)
mkdir('/home/runner', 0x00000000000001ff)
mkdir('/home/runner/.cache', 0x00000000000001ff)
mkdir('/home/runner/.cache/nim', 0x00000000000001ff)
mkdir('/home/runner/.cache/nim/gen_r', 0x00000000000001ff)
mkdir('/home', 0x00000000000001ff)
mkdir('/home/runner', 0x00000000000001ff)
mkdir('/home/runner/.cache', 0x00000000000001ff)
mkdir('/home/runner/.cache/nim', 0x00000000000001ff)
mkdir('/home/runner/.cache/nim/gen_r', 0x00000000000001ff)
mkdir('/home', 0x00000000000001ff)
mkdir('/home/runner', 0x00000000000001ff)
mkdir('/home/runner/.cache', 0x00000000000001ff)
mkdir('/home/runner/.cache/nim', 0x00000000000001ff)
mkdir('/home/runner/.cache/nim/gen_r', 0x00000000000001ff)
mkdir('/home', 0x00000000000001ff)
mkdir('/home/runner', 0x00000000000001ff)
mkdir('/home/runner/.cache', 0x00000000000001ff)
mkdir('/home/runner/.cache/nim', 0x00000000000001ff)
mkdir('/home/runner/.cache/nim/gen_r', 0x00000000000001ff)
mkdir('/home', 0x00000000000001ff)
mkdir('/home/runner', 0x00000000000001ff)
mkdir('/home/runner/.cache', 0x00000000000001ff)
mkdir('/home/runner/.cache/nim', 0x00000000000001ff)
mkdir('/home/runner/.cache/nim/gen_r', 0x00000000000001ff)
mkdir('/home', 0x00000000000001ff)
mkdir('/home/runner', 0x00000000000001ff)
mkdir('/home/runner/.cache', 0x00000000000001ff)
mkdir('/home/runner/.cache/nim', 0x00000000000001ff)
mkdir('/home/runner/.cache/nim/gen_r', 0x00000000000001ff)
mkdir('/home', 0x00000000000001ff)
mkdir('/home/runner', 0x00000000000001ff)
mkdir('/home/runner/.cache', 0x00000000000001ff)
mkdir('/home/runner/.cache/nim', 0x00000000000001ff)
mkdir('/home/runner/.cache/nim/gen_r', 0x00000000000001ff)
mkdir('/home', 0x00000000000001ff)
mkdir('/home/runner', 0x00000000000001ff)
mkdir('/home/runner/.cache', 0x00000000000001ff)
mkdir('/home/runner/.cache/nim', 0x00000000000001ff)
mkdir('/home/runner/.cache/nim/gen_r', 0x00000000000001ff)
mkdir('/home', 0x00000000000001ff)
mkdir('/home/runner', 0x00000000000001ff)
mkdir('/home/runner/.cache', 0x00000000000001ff)
mkdir('/home/runner/.cache/nim', 0x00000000000001ff)
mkdir('/home/runner/.cache/nim/gen_r', 0x00000000000001ff)
mkdir('/home', 0x00000000000001ff)
mkdir('/home/runner', 0x00000000000001ff)
mkdir('/home/runner/.cache', 0x00000000000001ff)
mkdir('/home/runner/.cache/nim', 0x00000000000001ff)
mkdir('/home/runner/.cache/nim/gen_r', 0x00000000000001ff)
mkdir('/home', 0x00000000000001ff)
mkdir('/home/runner', 0x00000000000001ff)
mkdir('/home/runner/.cache', 0x00000000000001ff)
mkdir('/home/runner/.cache/nim', 0x00000000000001ff)
mkdir('/home/runner/.cache/nim/gen_r', 0x00000000000001ff)
mkdir('/home', 0x00000000000001ff)
mkdir('/home/runner', 0x00000000000001ff)
mkdir('/home/runner/.cache', 0x00000000000001ff)
mkdir('/home/runner/.cache/nim', 0x00000000000001ff)
mkdir('/home/runner/.cache/nim/gen_r', 0x00000000000001ff)
mkdir('/home', 0x00000000000001ff)
mkdir('/home/runner', 0x00000000000001ff)
mkdir('/home/runner/.cache', 0x00000000000001ff)
mkdir('/home/runner/.cache/nim', 0x00000000000001ff)
mkdir('/home/runner/.cache/nim/gen_r', 0x00000000000001ff)
mkdir('/home', 0x00000000000001ff)
mkdir('/home/runner', 0x00000000000001ff)
mkdir('/home/runner/.cache', 0x00000000000001ff)
mkdir('/home/runner/.cache/nim', 0x00000000000001ff)
mkdir('/home/runner/.cache/nim/gen_r', 0x00000000000001ff)
mkdir('/home', 0x00000000000001ff)
mkdir('/home/runner', 0x00000000000001ff)
mkdir('/home/runner/.cache', 0x00000000000001ff)
mkdir('/home/runner/.cache/nim', 0x00000000000001ff)
mkdir('/home/runner/.cache/nim/gen_r', 0x00000000000001ff)
mkdir('/home', 0x00000000000001ff)
mkdir('/home/runner', 0x00000000000001ff)
mkdir('/home/runner/.cache', 0x00000000000001ff)
mkdir('/home/runner/.cache/nim', 0x00000000000001ff)
mkdir('/home/runner/.cache/nim/gen_r', 0x00000000000001ff)
mkdir('/home', 0x00000000000001ff)
mkdir('/home/runner', 0x00000000000001ff)
mkdir('/home/runner/.cache', 0x00000000000001ff)
mkdir('/home/runner/.cache/nim', 0x00000000000001ff)
mkdir('/home/runner/.cache/nim/gen_r', 0x00000000000001ff)
mkdir('/home', 0x00000000000001ff)
mkdir('/home/runner', 0x00000000000001ff)
mkdir('/home/runner/.cache', 0x00000000000001ff)
mkdir('/home/runner/.cache/nim', 0x00000000000001ff)
mkdir('/home/runner/.cache/nim/gen_r', 0x00000000000001ff)
mkdir('/home', 0x00000000000001ff)
mkdir('/home/runner', 0x00000000000001ff)
mkdir('/home/runner/.cache', 0x00000000000001ff)
mkdir('/home/runner/.cache/nim', 0x00000000000001ff)
mkdir('/home/runner/.cache/nim/gen_r', 0x00000000000001ff)
mkdir('/home', 0x00000000000001ff)
mkdir('/home/runner', 0x00000000000001ff)
mkdir('/home/runner/.cache', 0x00000000000001ff)
mkdir('/home/runner/.cache/nim', 0x00000000000001ff)
mkdir('/home/runner/.cache/nim/gen_r', 0x00000000000001ff)
mkdir('/home', 0x00000000000001ff)
mkdir('/home/runner', 0x00000000000001ff)
mkdir('/home/runner/.cache', 0x00000000000001ff)
mkdir('/home/runner/.cache/nim', 0x00000000000001ff)
mkdir('/home/runner/.cache/nim/gen_r', 0x00000000000001ff)
mkdir('/home', 0x00000000000001ff)
mkdir('/home/runner', 0x00000000000001ff)
mkdir('/home/runner/.cache', 0x00000000000001ff)
mkdir('/home/runner/.cache/nim', 0x00000000000001ff)
mkdir('/home/runner/.cache/nim/gen_r', 0x00000000000001ff)
mkdir('/home', 0x00000000000001ff)
mkdir('/home/runner', 0x00000000000001ff)
mkdir('/home/runner/.cache', 0x00000000000001ff)
mkdir('/home/runner/.cache/nim', 0x00000000000001ff)
mkdir('/home/runner/.cache/nim/gen_r', 0x00000000000001ff)
mkdir('/home', 0x00000000000001ff)
mkdir('/home/runner', 0x00000000000001ff)
mkdir('/home/runner/.cache', 0x00000000000001ff)
mkdir('/home/runner/.cache/nim', 0x00000000000001ff)
mkdir('/home/runner/.cache/nim/gen_r', 0x00000000000001ff)
mkdir('/home', 0x00000000000001ff)
mkdir('/home/runner', 0x00000000000001ff)
mkdir('/home/runner/.cache', 0x00000000000001ff)
mkdir('/home/runner/.cache/nim', 0x00000000000001ff)
mkdir('/home/runner/.cache/nim/gen_r', 0x00000000000001ff)
mkdir('/home', 0x00000000000001ff)
mkdir('/home/runner', 0x00000000000001ff)
mkdir('/home/runner/.cache', 0x00000000000001ff)
mkdir('/home/runner/.cache/nim', 0x00000000000001ff)
mkdir('/home/runner/.cache/nim/gen_r', 0x00000000000001ff)
mkdir('/home', 0x00000000000001ff)
mkdir('/home/runner', 0x00000000000001ff)
mkdir('/home/runner/.cache', 0x00000000000001ff)
mkdir('/home/runner/.cache/nim', 0x00000000000001ff)
mkdir('/home/runner/.cache/nim/gen_r', 0x00000000000001ff)
mkdir('/home', 0x00000000000001ff)
mkdir('/home/runner', 0x00000000000001ff)
mkdir('/home/runner/.cache', 0x00000000000001ff)
mkdir('/home/runner/.cache/nim', 0x00000000000001ff)
mkdir('/home/runner/.cache/nim/gen_r', 0x00000000000001ff)
mkdir('/home', 0x00000000000001ff)
mkdir('/home/runner', 0x00000000000001ff)
mkdir('/home/runner/.cache', 0x00000000000001ff)
mkdir('/home/runner/.cache/nim', 0x00000000000001ff)
mkdir('/home/runner/.cache/nim/gen_r', 0x00000000000001ff)
mkdir('/home', 0x00000000000001ff)
mkdir('/home/runner', 0x00000000000001ff)
mkdir('/home/runner/.cache', 0x00000000000001ff)
mkdir('/home/runner/.cache/nim', 0x00000000000001ff)
mkdir('/home/runner/.cache/nim/gen_r', 0x00000000000001ff)
mkdir('/home', 0x00000000000001ff)
mkdir('/home/runner', 0x00000000000001ff)
mkdir('/home/runner/.cache', 0x00000000000001ff)
mkdir('/home/runner/.cache/nim', 0x00000000000001ff)
mkdir('/home/runner/.cache/nim/gen_r', 0x00000000000001ff)
mkdir('/home', 0x00000000000001ff)
mkdir('/home/runner', 0x00000000000001ff)
mkdir('/home/runner/.cache', 0x00000000000001ff)
mkdir('/home/runner/.cache/nim', 0x00000000000001ff)
mkdir('/home/runner/.cache/nim/gen_r', 0x00000000000001ff)
mkdir('/home', 0x00000000000001ff)
mkdir('/home/runner', 0x00000000000001ff)
mkdir('/home/runner/.cache', 0x00000000000001ff)
mkdir('/home/runner/.cache/nim', 0x00000000000001ff)
mkdir('/home/runner/.cache/nim/gen_r', 0x00000000000001ff)
mkdir('/home', 0x00000000000001ff)
mkdir('/home/runner', 0x00000000000001ff)
mkdir('/home/runner/.cache', 0x00000000000001ff)
mkdir('/home/runner/.cache/nim', 0x00000000000001ff)
mkdir('/home/runner/.cache/nim/gen_r', 0x00000000000001ff)
mkdir('/home', 0x00000000000001ff)
mkdir('/home/runner', 0x00000000000001ff)
mkdir('/home/runner/.cache', 0x00000000000001ff)
mkdir('/home/runner/.cache/nim', 0x00000000000001ff)
mkdir('/home/runner/.cache/nim/gen_r', 0x00000000000001ff)
mkdir('/home', 0x00000000000001ff)
mkdir('/home/runner', 0x00000000000001ff)
mkdir('/home/runner/.cache', 0x00000000000001ff)
mkdir('/home/runner/.cache/nim', 0x00000000000001ff)
mkdir('/home/runner/.cache/nim/gen_r', 0x00000000000001ff)
mkdir('/home', 0x00000000000001ff)
mkdir('/home/runner', 0x00000000000001ff)
mkdir('/home/runner/.cache', 0x00000000000001ff)
mkdir('/home/runner/.cache/nim', 0x00000000000001ff)
mkdir('/home/runner/.cache/nim/gen_r', 0x00000000000001ff)
unlink('/tmp/ccEHyFFD.s')
unlink('/tmp/ccymVDQH.s')
unlink('/tmp/ccc0ryyh.s')
unlink('/tmp/cc8c5YTj.s')
unlink('/tmp/cc1C2gj3.s')
unlink('/tmp/ccECKzCq.s')
unlink('/tmp/ccD4EFqG.s')
unlink('/tmp/ccmhRGA6.s')
unlink('/tmp/ccWeh74B.s')
unlink('/tmp/cc8xu0RC.s')
unlink('/tmp/ccYx1V6d.s')
unlink('/tmp/ccO5qPvp.s')
unlink('/tmp/cczpCcCj.s')
unlink('/tmp/cciL7YyJ.s')
unlink('/tmp/ccgWbJIg.s')
unlink('/tmp/ccOKFhxi.s')
unlink('/tmp/ccHfCwoR.s')
unlink('/tmp/ccPu0Uet.s')
unlink('/tmp/ccK4lQYI.s')
unlink('/tmp/ccIgOhD9.s')
unlink('/tmp/cc77OC0v.s')
unlink('/tmp/ccuZIzmY.s')
unlink('/tmp/ccFGYE69.s')
unlink('/tmp/cckYEAjR.s')
unlink('/tmp/ccj2kA5U.s')
unlink('/tmp/ccRJGpce.s')
unlink('/tmp/ccSnZHVX.s')
unlink('/tmp/cc8xTcSo.s')
unlink('/tmp/ccpYhT2K.s')
unlink('/tmp/ccCnUYbX.s')
unlink('/tmp/ccf4jhRs.s')
unlink('/tmp/ccbEr4xr.s')
unlink('/tmp/cc96nQcb.s')
unlink('/tmp/ccr5A8d1.s')
unlink('/tmp/ccB38HRJ.s')
unlink('/tmp/ccco6fDC.s')
unlink('/tmp/cciDoW0C.s')
unlink('/tmp/ccirXfV3.s')
unlink('/tmp/ccLGMpzG.s')
unlink('/tmp/ccnRVcnv.s')
unlink('/tmp/ccVn5S4x.s')
unlink('/tmp/cc9V48Ef.s')
unlink('/tmp/ccHwuMfk.s')
unlink('/tmp/cc8bxsKV.s')
unlink('/tmp/cc2Z7cfY.s')
unlink('/tmp/ccSzPSMx.s')
unlink('/tmp/ccOM8S4A.s')
unlink('/tmp/ccLZYdfp.s')
unlink('/tmp/cc2v9jqw.s')
unlink('/tmp/cc9N5tqr.s')
mkdir('/tmp', 0x00000000000001ff)
mkdir('/tmp/nimble_20984', 0x00000000000001ff)
mkdir('/tmp/nimble_20984/githubcom_Adeohluwagen', 0x00000000000001ff)
mkdir('/tmp/nimble_20984/githubcom_Adeohluwagen/bin', 0x00000000000001ff)
chmod(93826537041024, 0x00000000000001ed)
Error tracing process: readBytes(0x00005555b1692c80, 256) error: [Errno 5] Input/output error.
