      Info: Package cache path /home/runner/.nimble/pkgcache
     Info:  Nimble data file "/home/runner/.nimble/nimbledata2.json" has been loaded.
    Reading official package list
Downloading https://github.com/nemuelw/genderize using git
   Warning: The package has no tagged releases, downloading HEAD instead.
open('/workspace/destdir/ssl/openssl.cnf', 32768, 0x00000000000001b6)
open('/home/runner/.config/nimble/nimble.ini', 557056, 0x00000000000001b6)
open('/home/runner/.config/babel/babel.ini', 557056, 0x00000000000001b6)
writev(1, 0x00007fff7bed78d0, 2)
open('/home/runner/.nimble/nimbledata2.json', 557056, 0x00000000000001b6)
writev(1, 0x00007fff7bed79a0, 2)
writev(1, 0x00007fff144ef7f0, 2)
writev(1, 0x00007fff144ef880, 2)
writev(1, 0x00007fff144ef880, 2)
writev(1, 0x00007fff144ef880, 2)
writev(1, 0x00007fff7bed63b0, 2)
open('/home/runner/.nimble/packages_official.json', 557056, 0x00000000000001b6)
mkdir('/home/', 0x00000000000001ff)
mkdir('/home/runner/', 0x00000000000001ff)
mkdir('/home/runner/.nimble/', 0x00000000000001ff)
mkdir('/home/runner/.nimble/pkgcache/', 0x00000000000001ff)
mkdir('/home/runner/.nimble/pkgcache/githubcom_nemuelwgenderize', 0x00000000000001ff)
open('/home/runner/.nimble/pkgcache/githubcom_nemuelwgenderize', 622592, 0x0000000000000000)
writev(1, 0x00007fff7bed6410, 2)
open('/home/runner/.nimble/pkgcache/githubcom_nemuelwgenderize', 622592, 0x0000000000000000)
rmdir('/home/runner/.nimble/pkgcache/githubcom_nemuelwgenderize')
writev(1, 0x00007fff7bed6300, 2)
mkdir(93986132396848, 0x00000000000001ff)
Error tracing process: readBytes(0x0000557ada090b30, 256) error: [Errno 5] Input/output error.
