    Reading official package list
Downloading https://github.com/juancarlospaco/nim-georefar using git
    Cloning latest tagged version: 0.1.5
mkdir('/tmp', 0x00000000000001ff)
mkdir('/tmp/nimble_15300', 0x00000000000001ff)
mkdir('/tmp/nimble_15300/githubcom_juancarlospaconimgeorefar', 0x00000000000001ff)
rmdir('/tmp/nimble_15300/githubcom_juancarlospaconimgeorefar')
mkdir('/tmp/nimble_15300/githubcom_juancarlospaconimgeorefar', 0x00000000000001ff)
mkdir('/tmp/nimble_15300/githubcom_juancarlospaconimgeorefar/.git', 0x00000000000001ff)
mkdir('/tmp/nimble_15300/githubcom_juancarlospaconimgeorefar/.git/', 0x00000000000001ff)
mkdir('/tmp/nimble_15300/githubcom_juancarlospaconimgeorefar/.git/info/', 0x00000000000001ff)
mkdir('/tmp/nimble_15300/githubcom_juancarlospaconimgeorefar/.git/branches/', 0x00000000000001ff)
mkdir('/tmp/nimble_15300/githubcom_juancarlospaconimgeorefar/.git/hooks/', 0x00000000000001ff)
mkdir('/tmp/nimble_15300/githubcom_juancarlospaconimgeorefar/.git/refs', 0x00000000000001ff)
mkdir('/tmp/nimble_15300/githubcom_juancarlospaconimgeorefar/.git/refs/heads', 0x00000000000001ff)
mkdir('/tmp/nimble_15300/githubcom_juancarlospaconimgeorefar/.git/refs/tags', 0x00000000000001ff)
rename('/tmp/nimble_15300/githubcom_juancarlospaconimgeorefar/.git/HEAD.lock', '/tmp/nimble_15300/githubcom_juancarlospaconimgeorefar/.git/HEAD')
rename('/tmp/nimble_15300/githubcom_juancarlospaconimgeorefar/.git/config.lock', '/tmp/nimble_15300/githubcom_juancarlospaconimgeorefar/.git/config')
chmod('/tmp/nimble_15300/githubcom_juancarlospaconimgeorefar/.git/config', 0x00000000000081e4)
chmod('/tmp/nimble_15300/githubcom_juancarlospaconimgeorefar/.git/config', 0x00000000000081a4)
chmod('/tmp/nimble_15300/githubcom_juancarlospaconimgeorefar/.git/config.lock', 0x00000000000001a4)
rename('/tmp/nimble_15300/githubcom_juancarlospaconimgeorefar/.git/config.lock', '/tmp/nimble_15300/githubcom_juancarlospaconimgeorefar/.git/config')
chmod('/tmp/nimble_15300/githubcom_juancarlospaconimgeorefar/.git/config.lock', 0x00000000000001a4)
rename('/tmp/nimble_15300/githubcom_juancarlospaconimgeorefar/.git/config.lock', '/tmp/nimble_15300/githubcom_juancarlospaconimgeorefar/.git/config')
chmod('/tmp/nimble_15300/githubcom_juancarlospaconimgeorefar/.git/config.lock', 0x00000000000001a4)
rename('/tmp/nimble_15300/githubcom_juancarlospaconimgeorefar/.git/config.lock', '/tmp/nimble_15300/githubcom_juancarlospaconimgeorefar/.git/config')
unlink('/tmp/nimble_15300/githubcom_juancarlospaconimgeorefar/.git/t5e3C60')
symlink('testing', '/tmp/nimble_15300/githubcom_juancarlospaconimgeorefar/.git/t5e3C60')
unlink('/tmp/nimble_15300/githubcom_juancarlospaconimgeorefar/.git/t5e3C60')
mkdir('/tmp/nimble_15300/githubcom_juancarlospaconimgeorefar/.git/objects', 0x00000000000001ff)
mkdir('/tmp/nimble_15300/githubcom_juancarlospaconimgeorefar/.git/objects/pack', 0x00000000000001ff)
mkdir('/tmp/nimble_15300/githubcom_juancarlospaconimgeorefar/.git/objects/info', 0x00000000000001ff)
chmod('/tmp/nimble_15300/githubcom_juancarlospaconimgeorefar/.git/config.lock', 0x00000000000001a4)
rename('/tmp/nimble_15300/githubcom_juancarlospaconimgeorefar/.git/config.lock', '/tmp/nimble_15300/githubcom_juancarlospaconimgeorefar/.git/config')
chmod('/tmp/nimble_15300/githubcom_juancarlospaconimgeorefar/.git/config.lock', 0x00000000000001a4)
rename('/tmp/nimble_15300/githubcom_juancarlospaconimgeorefar/.git/config.lock', '/tmp/nimble_15300/githubcom_juancarlospaconimgeorefar/.git/config')
chmod('/tmp/nimble_15300/githubcom_juancarlospaconimgeorefar/.git/config.lock', 0x00000000000001a4)
rename('/tmp/nimble_15300/githubcom_juancarlospaconimgeorefar/.git/config.lock', '/tmp/nimble_15300/githubcom_juancarlospaconimgeorefar/.git/config')
mkdir('/tmp/nimble_15300/githubcom_juancarlospaconimgeorefar/.git/objects/54', 0x00000000000001ff)
link('/tmp/nimble_15300/githubcom_juancarlospaconimgeorefar/.git/objects/54/tmp_obj_OthJAN', '/tmp/nimble_15300/githubcom_juancarlospaconimgeorefar/.git/objects/54/bc0a77ceb506785c59db94ac3436d813b6b98a')
unlink('/tmp/nimble_15300/githubcom_juancarlospaconimgeorefar/.git/objects/54/tmp_obj_OthJAN')
mkdir('/tmp/nimble_15300/githubcom_juancarlospaconimgeorefar/.git/objects/4d', 0x00000000000001ff)
link('/tmp/nimble_15300/githubcom_juancarlospaconimgeorefar/.git/objects/4d/tmp_obj_gOoJ9P', '/tmp/nimble_15300/githubcom_juancarlospaconimgeorefar/.git/objects/4d/edfc438311e7fdccb4fd356ae680bb2951e57b')
unlink('/tmp/nimble_15300/githubcom_juancarlospaconimgeorefar/.git/objects/4d/tmp_obj_gOoJ9P')
mkdir('/tmp/nimble_15300/githubcom_juancarlospaconimgeorefar/.git/objects/c3', 0x00000000000001ff)
link('/tmp/nimble_15300/githubcom_juancarlospaconimgeorefar/.git/objects/c3/tmp_obj_ixVYiU', '/tmp/nimble_15300/githubcom_juancarlospaconimgeorefar/.git/objects/c3/ba22607b4ef536cb1b7a3c847ae357e4cf59bd')
unlink('/tmp/nimble_15300/githubcom_juancarlospaconimgeorefar/.git/objects/c3/tmp_obj_ixVYiU')
mkdir('/tmp/nimble_15300/githubcom_juancarlospaconimgeorefar/.git/objects/67', 0x00000000000001ff)
link('/tmp/nimble_15300/githubcom_juancarlospaconimgeorefar/.git/objects/67/tmp_obj_47lX0V', '/tmp/nimble_15300/githubcom_juancarlospaconimgeorefar/.git/objects/67/d9b34c6cecad82ad17197ffa5db4860caf9037')
unlink('/tmp/nimble_15300/githubcom_juancarlospaconimgeorefar/.git/objects/67/tmp_obj_47lX0V')
mkdir('/tmp/nimble_15300/githubcom_juancarlospaconimgeorefar/.git/objects/8c', 0x00000000000001ff)
link('/tmp/nimble_15300/githubcom_juancarlospaconimgeorefar/.git/objects/8c/tmp_obj_8d4sE1', '/tmp/nimble_15300/githubcom_juancarlospaconimgeorefar/.git/objects/8c/cc7310c535384f8d3d2dc4606b9a0f160e03ad')
unlink('/tmp/nimble_15300/githubcom_juancarlospaconimgeorefar/.git/objects/8c/tmp_obj_8d4sE1')
mkdir('/tmp/nimble_15300/githubcom_juancarlospaconimgeorefar/.git/objects/ad', 0x00000000000001ff)
link('/tmp/nimble_15300/githubcom_juancarlospaconimgeorefar/.git/objects/ad/tmp_obj_owJlB2', '/tmp/nimble_15300/githubcom_juancarlospaconimgeorefar/.git/objects/ad/b8bb8ad2b0dd586203a47815c55cc4c5f965df')
unlink('/tmp/nimble_15300/githubcom_juancarlospaconimgeorefar/.git/objects/ad/tmp_obj_owJlB2')
mkdir('/tmp/nimble_15300/githubcom_juancarlospaconimgeorefar/.git/objects/48', 0x00000000000001ff)
link('/tmp/nimble_15300/githubcom_juancarlospaconimgeorefar/.git/objects/48/tmp_obj_uq5fL0', '/tmp/nimble_15300/githubcom_juancarlospaconimgeorefar/.git/objects/48/e847867ce091038af85d2c67b6474161934d85')
unlink('/tmp/nimble_15300/githubcom_juancarlospaconimgeorefar/.git/objects/48/tmp_obj_uq5fL0')
mkdir('/tmp/nimble_15300/githubcom_juancarlospaconimgeorefar/.git/objects/0f', 0x00000000000001ff)
link('/tmp/nimble_15300/githubcom_juancarlospaconimgeorefar/.git/objects/0f/tmp_obj_7VfQOB', '/tmp/nimble_15300/githubcom_juancarlospaconimgeorefar/.git/objects/0f/87677a5af357d5681a8542a7403f739f99fc97')
unlink('/tmp/nimble_15300/githubcom_juancarlospaconimgeorefar/.git/objects/0f/tmp_obj_7VfQOB')
mkdir('/tmp/nimble_15300/githubcom_juancarlospaconimgeorefar/.git/objects/c5', 0x00000000000001ff)
link('/tmp/nimble_15300/githubcom_juancarlospaconimgeorefar/.git/objects/c5/tmp_obj_DCRCPE', '/tmp/nimble_15300/githubcom_juancarlospaconimgeorefar/.git/objects/c5/5a14e4f9e1689e4a2130ff02b705a311dbe8a3')
unlink('/tmp/nimble_15300/githubcom_juancarlospaconimgeorefar/.git/objects/c5/tmp_obj_DCRCPE')
mkdir('/tmp/nimble_15300/githubcom_juancarlospaconimgeorefar/.git/objects/28', 0x00000000000001ff)
link('/tmp/nimble_15300/githubcom_juancarlospaconimgeorefar/.git/objects/28/tmp_obj_HuqfPH', '/tmp/nimble_15300/githubcom_juancarlospaconimgeorefar/.git/objects/28/7307e9660d7027b6dec9e9678fc6d5193f7e29')
unlink('/tmp/nimble_15300/githubcom_juancarlospaconimgeorefar/.git/objects/28/tmp_obj_HuqfPH')
rename('/tmp/nimble_15300/githubcom_juancarlospaconimgeorefar/.git/shallow.lock', '/tmp/nimble_15300/githubcom_juancarlospaconimgeorefar/.git/shallow')
rename('/tmp/nimble_15300/githubcom_juancarlospaconimgeorefar/.git/packed-refs.new', '/tmp/nimble_15300/githubcom_juancarlospaconimgeorefar/.git/packed-refs')
unlink('/tmp/nimble_15300/githubcom_juancarlospaconimgeorefar/.git/packed-refs.lock')
unlink('/tmp/nimble_15300/githubcom_juancarlospaconimgeorefar/.git/refs/tags/0.1.5.lock')
mkdir('/tmp/nimble_15300/githubcom_juancarlospaconimgeorefar/.git/logs', 0x00000000000001ff)
rename('/tmp/nimble_15300/githubcom_juancarlospaconimgeorefar/.git/HEAD.lock', '/tmp/nimble_15300/githubcom_juancarlospaconimgeorefar/.git/HEAD')       Info /tmp/nimble_15300/githubcom_juancarlospaconimgeorefar/georefar_15300.nims(1, 8) Warning: imported and not used: 'system' [UnusedImport]
        ... /tmp/nimble_15300/githubcom_juancarlospaconimgeorefar/georefar_15300.nims(5, 22) Warning: imported and not used: 'strutils' [UnusedImport]
  Verifying dependencies for georefar@0.1.5
 Installing georefar@0.1.5
    Copying file /tmp/nimble_15300/githubcom_juancarlospaconimgeorefar/src/georefar.nim to /home/runner/.nimble/pkgs/georefar-0.1.5/georefar.nim
    Copying file /tmp/nimble_15300/githubcom_juancarlospaconimgeorefar/georefar.nimble to /home/runner/.nimble/pkgs/georefar-0.1.5/georefar.nimble
   Success: georefar installed successfully.
       Info /home/runner/.nimble/pkgs/georefar-0.1.5/georefar_15300.nims(1, 8) Warning: imported and not used: 'system' [UnusedImport]
        ... /home/runner/.nimble/pkgs/georefar-0.1.5/georefar_15300.nims(5, 22) Warning: imported and not used: 'strutils' [UnusedImport]

mkdir('src', 0x00000000000001ff)
rename('/tmp/nimble_15300/githubcom_juancarlospaconimgeorefar/.git/index.lock', '/tmp/nimble_15300/githubcom_juancarlospaconimgeorefar/.git/index')
mkdir('/tmp', 0x00000000000001ff)
mkdir('/tmp/nimblecache', 0x00000000000001ff)
mkdir('/tmp/nimblecache/georefar_1854544616', 0x00000000000001ff)
unlink('/tmp/nimblecache/georefar_1854544616/georefar.ini')
unlink('/tmp/nimble_15300.out')
unlink('/tmp/nimble_15300/githubcom_juancarlospaconimgeorefar/georefar_15300.nims')
mkdir('/home', 0x00000000000001ff)
mkdir('/home/runner', 0x00000000000001ff)
mkdir('/home/runner/.nimble', 0x00000000000001ff)
mkdir('/home/runner/.nimble/pkgs', 0x00000000000001ff)
mkdir('/home/runner/.nimble/pkgs/georefar-0.1.5', 0x00000000000001ff)
mkdir('/home', 0x00000000000001ff)
mkdir('/home/runner', 0x00000000000001ff)
mkdir('/home/runner/.nimble', 0x00000000000001ff)
mkdir('/home/runner/.nimble/pkgs', 0x00000000000001ff)
mkdir('/home/runner/.nimble/pkgs/georefar-0.1.5', 0x00000000000001ff)
chmod('/home/runner/.nimble/pkgs/georefar-0.1.5/georefar.nim', 0x00000000000001a4)
chmod('/home/runner/.nimble/pkgs/georefar-0.1.5/georefar.nimble', 0x00000000000001a4)
mkdir('/tmp', 0x00000000000001ff)
mkdir('/tmp/nimblecache', 0x00000000000001ff)
mkdir('/tmp/nimblecache/georefar_2867047772', 0x00000000000001ff)
unlink('/tmp/nimblecache/georefar_2867047772/georefar.ini')
unlink('/tmp/nimble_15300.out')
unlink('/home/runner/.nimble/pkgs/georefar-0.1.5/georefar_15300.nims')
unlink('/tmp/nimble_15300/githubcom_juancarlospaconimgeorefar/README.md')
rmdir('/tmp/nimble_15300/githubcom_juancarlospaconimgeorefar/.git/refs/tags')
rmdir('/tmp/nimble_15300/githubcom_juancarlospaconimgeorefar/.git/refs/heads')
rmdir('/tmp/nimble_15300/githubcom_juancarlospaconimgeorefar/.git/refs')
unlink('/tmp/nimble_15300/githubcom_juancarlospaconimgeorefar/.git/info/exclude')
rmdir('/tmp/nimble_15300/githubcom_juancarlospaconimgeorefar/.git/info')
rmdir('/tmp/nimble_15300/githubcom_juancarlospaconimgeorefar/.git/branches')
unlink('/tmp/nimble_15300/githubcom_juancarlospaconimgeorefar/.git/logs/HEAD')
rmdir('/tmp/nimble_15300/githubcom_juancarlospaconimgeorefar/.git/logs')
unlink('/tmp/nimble_15300/githubcom_juancarlospaconimgeorefar/.git/description')
unlink('/tmp/nimble_15300/githubcom_juancarlospaconimgeorefar/.git/hooks/pre-rebase.sample')
unlink('/tmp/nimble_15300/githubcom_juancarlospaconimgeorefar/.git/hooks/applypatch-msg.sample')
unlink('/tmp/nimble_15300/githubcom_juancarlospaconimgeorefar/.git/hooks/pre-push.sample')
unlink('/tmp/nimble_15300/githubcom_juancarlospaconimgeorefar/.git/hooks/pre-merge-commit.sample')
unlink('/tmp/nimble_15300/githubcom_juancarlospaconimgeorefar/.git/hooks/pre-receive.sample')
unlink('/tmp/nimble_15300/githubcom_juancarlospaconimgeorefar/.git/hooks/update.sample')
unlink('/tmp/nimble_15300/githubcom_juancarlospaconimgeorefar/.git/hooks/pre-commit.sample')
unlink('/tmp/nimble_15300/githubcom_juancarlospaconimgeorefar/.git/hooks/pre-applypatch.sample')
unlink('/tmp/nimble_15300/githubcom_juancarlospaconimgeorefar/.git/hooks/commit-msg.sample')
unlink('/tmp/nimble_15300/githubcom_juancarlospaconimgeorefar/.git/hooks/fsmonitor-watchman.sample')
unlink('/tmp/nimble_15300/githubcom_juancarlospaconimgeorefar/.git/hooks/prepare-commit-msg.sample')
unlink('/tmp/nimble_15300/githubcom_juancarlospaconimgeorefar/.git/hooks/post-update.sample')
rmdir('/tmp/nimble_15300/githubcom_juancarlospaconimgeorefar/.git/hooks')
unlink('/tmp/nimble_15300/githubcom_juancarlospaconimgeorefar/.git/shallow')
unlink('/tmp/nimble_15300/githubcom_juancarlospaconimgeorefar/.git/config')
unlink('/tmp/nimble_15300/githubcom_juancarlospaconimgeorefar/.git/index')
rmdir('/tmp/nimble_15300/githubcom_juancarlospaconimgeorefar/.git/objects/info')
unlink('/tmp/nimble_15300/githubcom_juancarlospaconimgeorefar/.git/objects/0f/87677a5af357d5681a8542a7403f739f99fc97')
rmdir('/tmp/nimble_15300/githubcom_juancarlospaconimgeorefar/.git/objects/0f')
unlink('/tmp/nimble_15300/githubcom_juancarlospaconimgeorefar/.git/objects/48/e847867ce091038af85d2c67b6474161934d85')
rmdir('/tmp/nimble_15300/githubcom_juancarlospaconimgeorefar/.git/objects/48')
unlink('/tmp/nimble_15300/githubcom_juancarlospaconimgeorefar/.git/objects/c5/5a14e4f9e1689e4a2130ff02b705a311dbe8a3')
rmdir('/tmp/nimble_15300/githubcom_juancarlospaconimgeorefar/.git/objects/c5')
unlink('/tmp/nimble_15300/githubcom_juancarlospaconimgeorefar/.git/objects/54/bc0a77ceb506785c59db94ac3436d813b6b98a')
rmdir('/tmp/nimble_15300/githubcom_juancarlospaconimgeorefar/.git/objects/54')
unlink('/tmp/nimble_15300/githubcom_juancarlospaconimgeorefar/.git/objects/c3/ba22607b4ef536cb1b7a3c847ae357e4cf59bd')
rmdir('/tmp/nimble_15300/githubcom_juancarlospaconimgeorefar/.git/objects/c3')
unlink('/tmp/nimble_15300/githubcom_juancarlospaconimgeorefar/.git/objects/8c/cc7310c535384f8d3d2dc4606b9a0f160e03ad')
rmdir('/tmp/nimble_15300/githubcom_juancarlospaconimgeorefar/.git/objects/8c')
unlink('/tmp/nimble_15300/githubcom_juancarlospaconimgeorefar/.git/objects/67/d9b34c6cecad82ad17197ffa5db4860caf9037')
rmdir('/tmp/nimble_15300/githubcom_juancarlospaconimgeorefar/.git/objects/67')
unlink('/tmp/nimble_15300/githubcom_juancarlospaconimgeorefar/.git/objects/ad/b8bb8ad2b0dd586203a47815c55cc4c5f965df')
rmdir('/tmp/nimble_15300/githubcom_juancarlospaconimgeorefar/.git/objects/ad')
unlink('/tmp/nimble_15300/githubcom_juancarlospaconimgeorefar/.git/objects/4d/edfc438311e7fdccb4fd356ae680bb2951e57b')
rmdir('/tmp/nimble_15300/githubcom_juancarlospaconimgeorefar/.git/objects/4d')
rmdir('/tmp/nimble_15300/githubcom_juancarlospaconimgeorefar/.git/objects/pack')
unlink('/tmp/nimble_15300/githubcom_juancarlospaconimgeorefar/.git/objects/28/7307e9660d7027b6dec9e9678fc6d5193f7e29')
rmdir('/tmp/nimble_15300/githubcom_juancarlospaconimgeorefar/.git/objects/28')
rmdir('/tmp/nimble_15300/githubcom_juancarlospaconimgeorefar/.git/objects')
unlink('/tmp/nimble_15300/githubcom_juancarlospaconimgeorefar/.git/packed-refs')
unlink('/tmp/nimble_15300/githubcom_juancarlospaconimgeorefar/.git/HEAD')
rmdir('/tmp/nimble_15300/githubcom_juancarlospaconimgeorefar/.git')
unlink('/tmp/nimble_15300/githubcom_juancarlospaconimgeorefar/src/georefar.nim')
rmdir('/tmp/nimble_15300/githubcom_juancarlospaconimgeorefar/src')
unlink('/tmp/nimble_15300/githubcom_juancarlospaconimgeorefar/argentina.mp4')
unlink('/tmp/nimble_15300/githubcom_juancarlospaconimgeorefar/georefar.html')
unlink('/tmp/nimble_15300/githubcom_juancarlospaconimgeorefar/.gitignore')
unlink('/tmp/nimble_15300/githubcom_juancarlospaconimgeorefar/georefar.nimble')
unlink('/tmp/nimble_15300/githubcom_juancarlospaconimgeorefar/LICENSE')
rmdir('/tmp/nimble_15300/githubcom_juancarlospaconimgeorefar')
rmdir('/tmp/nimble_15300')
  create directory /tmp
  create directory /tmp/nimble_15300
  create directory /tmp/nimble_15300/githubcom_juancarlospaconimgeorefar
  delete /tmp/nimble_15300/githubcom_juancarlospaconimgeorefar
  create directory /tmp/nimble_15300/githubcom_juancarlospaconimgeorefar
  create directory /tmp/nimble_15300/githubcom_juancarlospaconimgeorefar/.git
  create directory /tmp/nimble_15300/githubcom_juancarlospaconimgeorefar/.git
  create directory /tmp/nimble_15300/githubcom_juancarlospaconimgeorefar/.git/info
  create directory /tmp/nimble_15300/githubcom_juancarlospaconimgeorefar/.git/branches
  create directory /tmp/nimble_15300/githubcom_juancarlospaconimgeorefar/.git/hooks
  create directory /tmp/nimble_15300/githubcom_juancarlospaconimgeorefar/.git/refs
  create directory /tmp/nimble_15300/githubcom_juancarlospaconimgeorefar/.git/refs/heads
  create directory /tmp/nimble_15300/githubcom_juancarlospaconimgeorefar/.git/refs/tags
  rename /tmp/nimble_15300/githubcom_juancarlospaconimgeorefar/.git/HEAD.lock to HEAD
  rename /tmp/nimble_15300/githubcom_juancarlospaconimgeorefar/.git/config.lock to config
  change permissions of /tmp/nimble_15300/githubcom_juancarlospaconimgeorefar/.git/config to rwxr--r--
  change permissions of /tmp/nimble_15300/githubcom_juancarlospaconimgeorefar/.git/config to rw-r--r--
  change permissions of /tmp/nimble_15300/githubcom_juancarlospaconimgeorefar/.git/config.lock to rw-r--r--
  rename /tmp/nimble_15300/githubcom_juancarlospaconimgeorefar/.git/config.lock to config
  change permissions of /tmp/nimble_15300/githubcom_juancarlospaconimgeorefar/.git/config.lock to rw-r--r--
  rename /tmp/nimble_15300/githubcom_juancarlospaconimgeorefar/.git/config.lock to config
  change permissions of /tmp/nimble_15300/githubcom_juancarlospaconimgeorefar/.git/config.lock to rw-r--r--
  rename /tmp/nimble_15300/githubcom_juancarlospaconimgeorefar/.git/config.lock to config
  delete /tmp/nimble_15300/githubcom_juancarlospaconimgeorefar/.git/t5e3C60
  create symbolic link from /tmp/nimble_15300/githubcom_juancarlospaconimgeorefar/.git/t5e3C60 to /home/runner/work/nim_packages_security_audit/nim_packages_security_audit/testing
  delete /tmp/nimble_15300/githubcom_juancarlospaconimgeorefar/.git/t5e3C60
  create directory /tmp/nimble_15300/githubcom_juancarlospaconimgeorefar/.git/objects
  create directory /tmp/nimble_15300/githubcom_juancarlospaconimgeorefar/.git/objects/pack
  create directory /tmp/nimble_15300/githubcom_juancarlospaconimgeorefar/.git/objects/info
  change permissions of /tmp/nimble_15300/githubcom_juancarlospaconimgeorefar/.git/config.lock to rw-r--r--
  rename /tmp/nimble_15300/githubcom_juancarlospaconimgeorefar/.git/config.lock to config
  change permissions of /tmp/nimble_15300/githubcom_juancarlospaconimgeorefar/.git/config.lock to rw-r--r--
  rename /tmp/nimble_15300/githubcom_juancarlospaconimgeorefar/.git/config.lock to config
  change permissions of /tmp/nimble_15300/githubcom_juancarlospaconimgeorefar/.git/config.lock to rw-r--r--
  rename /tmp/nimble_15300/githubcom_juancarlospaconimgeorefar/.git/config.lock to config
  create directory /tmp/nimble_15300/githubcom_juancarlospaconimgeorefar/.git/objects/54
  create hard link from /tmp/nimble_15300/githubcom_juancarlospaconimgeorefar/.git/objects/54/bc0a77ceb506785c59db94ac3436d813b6b98a to /tmp/nimble_15300/githubcom_juancarlospaconimgeorefar/.git/objects/54/tmp_obj_OthJAN
  delete /tmp/nimble_15300/githubcom_juancarlospaconimgeorefar/.git/objects/54/tmp_obj_OthJAN
  create directory /tmp/nimble_15300/githubcom_juancarlospaconimgeorefar/.git/objects/4d
  create hard link from /tmp/nimble_15300/githubcom_juancarlospaconimgeorefar/.git/objects/4d/edfc438311e7fdccb4fd356ae680bb2951e57b to /tmp/nimble_15300/githubcom_juancarlospaconimgeorefar/.git/objects/4d/tmp_obj_gOoJ9P
  delete /tmp/nimble_15300/githubcom_juancarlospaconimgeorefar/.git/objects/4d/tmp_obj_gOoJ9P
  create directory /tmp/nimble_15300/githubcom_juancarlospaconimgeorefar/.git/objects/c3
  create hard link from /tmp/nimble_15300/githubcom_juancarlospaconimgeorefar/.git/objects/c3/ba22607b4ef536cb1b7a3c847ae357e4cf59bd to /tmp/nimble_15300/githubcom_juancarlospaconimgeorefar/.git/objects/c3/tmp_obj_ixVYiU
  delete /tmp/nimble_15300/githubcom_juancarlospaconimgeorefar/.git/objects/c3/tmp_obj_ixVYiU
  create directory /tmp/nimble_15300/githubcom_juancarlospaconimgeorefar/.git/objects/67
  create hard link from /tmp/nimble_15300/githubcom_juancarlospaconimgeorefar/.git/objects/67/d9b34c6cecad82ad17197ffa5db4860caf9037 to /tmp/nimble_15300/githubcom_juancarlospaconimgeorefar/.git/objects/67/tmp_obj_47lX0V
  delete /tmp/nimble_15300/githubcom_juancarlospaconimgeorefar/.git/objects/67/tmp_obj_47lX0V
  create directory /tmp/nimble_15300/githubcom_juancarlospaconimgeorefar/.git/objects/8c
  create hard link from /tmp/nimble_15300/githubcom_juancarlospaconimgeorefar/.git/objects/8c/cc7310c535384f8d3d2dc4606b9a0f160e03ad to /tmp/nimble_15300/githubcom_juancarlospaconimgeorefar/.git/objects/8c/tmp_obj_8d4sE1
  delete /tmp/nimble_15300/githubcom_juancarlospaconimgeorefar/.git/objects/8c/tmp_obj_8d4sE1
  create directory /tmp/nimble_15300/githubcom_juancarlospaconimgeorefar/.git/objects/ad
  create hard link from /tmp/nimble_15300/githubcom_juancarlospaconimgeorefar/.git/objects/ad/b8bb8ad2b0dd586203a47815c55cc4c5f965df to /tmp/nimble_15300/githubcom_juancarlospaconimgeorefar/.git/objects/ad/tmp_obj_owJlB2
  delete /tmp/nimble_15300/githubcom_juancarlospaconimgeorefar/.git/objects/ad/tmp_obj_owJlB2
  create directory /tmp/nimble_15300/githubcom_juancarlospaconimgeorefar/.git/objects/48
  create hard link from /tmp/nimble_15300/githubcom_juancarlospaconimgeorefar/.git/objects/48/e847867ce091038af85d2c67b6474161934d85 to /tmp/nimble_15300/githubcom_juancarlospaconimgeorefar/.git/objects/48/tmp_obj_uq5fL0
  delete /tmp/nimble_15300/githubcom_juancarlospaconimgeorefar/.git/objects/48/tmp_obj_uq5fL0
  create directory /tmp/nimble_15300/githubcom_juancarlospaconimgeorefar/.git/objects/0f
  create hard link from /tmp/nimble_15300/githubcom_juancarlospaconimgeorefar/.git/objects/0f/87677a5af357d5681a8542a7403f739f99fc97 to /tmp/nimble_15300/githubcom_juancarlospaconimgeorefar/.git/objects/0f/tmp_obj_7VfQOB
  delete /tmp/nimble_15300/githubcom_juancarlospaconimgeorefar/.git/objects/0f/tmp_obj_7VfQOB
  create directory /tmp/nimble_15300/githubcom_juancarlospaconimgeorefar/.git/objects/c5
  create hard link from /tmp/nimble_15300/githubcom_juancarlospaconimgeorefar/.git/objects/c5/5a14e4f9e1689e4a2130ff02b705a311dbe8a3 to /tmp/nimble_15300/githubcom_juancarlospaconimgeorefar/.git/objects/c5/tmp_obj_DCRCPE
  delete /tmp/nimble_15300/githubcom_juancarlospaconimgeorefar/.git/objects/c5/tmp_obj_DCRCPE
  create directory /tmp/nimble_15300/githubcom_juancarlospaconimgeorefar/.git/objects/28
  create hard link from /tmp/nimble_15300/githubcom_juancarlospaconimgeorefar/.git/objects/28/7307e9660d7027b6dec9e9678fc6d5193f7e29 to /tmp/nimble_15300/githubcom_juancarlospaconimgeorefar/.git/objects/28/tmp_obj_HuqfPH
  delete /tmp/nimble_15300/githubcom_juancarlospaconimgeorefar/.git/objects/28/tmp_obj_HuqfPH
  rename /tmp/nimble_15300/githubcom_juancarlospaconimgeorefar/.git/shallow.lock to shallow
  rename /tmp/nimble_15300/githubcom_juancarlospaconimgeorefar/.git/packed-refs.new to packed-refs
  delete /tmp/nimble_15300/githubcom_juancarlospaconimgeorefar/.git/packed-refs.lock
  delete /tmp/nimble_15300/githubcom_juancarlospaconimgeorefar/.git/refs/tags/0.1.5.lock
  create directory /tmp/nimble_15300/githubcom_juancarlospaconimgeorefar/.git/logs
  rename /tmp/nimble_15300/githubcom_juancarlospaconimgeorefar/.git/HEAD.lock to HEAD
  create directory /tmp/nimble_15300/githubcom_juancarlospaconimgeorefar/src
  rename /tmp/nimble_15300/githubcom_juancarlospaconimgeorefar/.git/index.lock to index
  create directory /tmp
  create directory /tmp/nimblecache
  create directory /tmp/nimblecache/georefar_1854544616
  delete /tmp/nimblecache/georefar_1854544616/georefar.ini
  delete /tmp/nimble_15300.out
  delete /tmp/nimble_15300/githubcom_juancarlospaconimgeorefar/georefar_15300.nims
  create directory /home
  create directory /home/runner
  create directory /home/runner/.nimble
  create directory /home/runner/.nimble/pkgs
  create directory /home/runner/.nimble/pkgs/georefar-0.1.5
  create directory /home
  create directory /home/runner
  create directory /home/runner/.nimble
  create directory /home/runner/.nimble/pkgs
  create directory /home/runner/.nimble/pkgs/georefar-0.1.5
  change permissions of /home/runner/.nimble/pkgs/georefar-0.1.5/georefar.nim to rw-r--r--
  change permissions of /home/runner/.nimble/pkgs/georefar-0.1.5/georefar.nimble to rw-r--r--
  create directory /tmp
  create directory /tmp/nimblecache
  create directory /tmp/nimblecache/georefar_2867047772
  delete /tmp/nimblecache/georefar_2867047772/georefar.ini
  delete /tmp/nimble_15300.out
  delete /home/runner/.nimble/pkgs/georefar-0.1.5/georefar_15300.nims
  delete /tmp/nimble_15300/githubcom_juancarlospaconimgeorefar/README.md
  delete /tmp/nimble_15300/githubcom_juancarlospaconimgeorefar/.git/refs/tags
  delete /tmp/nimble_15300/githubcom_juancarlospaconimgeorefar/.git/refs/heads
  delete /tmp/nimble_15300/githubcom_juancarlospaconimgeorefar/.git/refs
  delete /tmp/nimble_15300/githubcom_juancarlospaconimgeorefar/.git/info/exclude
  delete /tmp/nimble_15300/githubcom_juancarlospaconimgeorefar/.git/info
  delete /tmp/nimble_15300/githubcom_juancarlospaconimgeorefar/.git/branches
  delete /tmp/nimble_15300/githubcom_juancarlospaconimgeorefar/.git/logs/HEAD
  delete /tmp/nimble_15300/githubcom_juancarlospaconimgeorefar/.git/logs
  delete /tmp/nimble_15300/githubcom_juancarlospaconimgeorefar/.git/description
  delete /tmp/nimble_15300/githubcom_juancarlospaconimgeorefar/.git/hooks/pre-rebase.sample
  delete /tmp/nimble_15300/githubcom_juancarlospaconimgeorefar/.git/hooks/applypatch-msg.sample
  delete /tmp/nimble_15300/githubcom_juancarlospaconimgeorefar/.git/hooks/pre-push.sample
  delete /tmp/nimble_15300/githubcom_juancarlospaconimgeorefar/.git/hooks/pre-merge-commit.sample
  delete /tmp/nimble_15300/githubcom_juancarlospaconimgeorefar/.git/hooks/pre-receive.sample
  delete /tmp/nimble_15300/githubcom_juancarlospaconimgeorefar/.git/hooks/update.sample
  delete /tmp/nimble_15300/githubcom_juancarlospaconimgeorefar/.git/hooks/pre-commit.sample
  delete /tmp/nimble_15300/githubcom_juancarlospaconimgeorefar/.git/hooks/pre-applypatch.sample
  delete /tmp/nimble_15300/githubcom_juancarlospaconimgeorefar/.git/hooks/commit-msg.sample
  delete /tmp/nimble_15300/githubcom_juancarlospaconimgeorefar/.git/hooks/fsmonitor-watchman.sample
  delete /tmp/nimble_15300/githubcom_juancarlospaconimgeorefar/.git/hooks/prepare-commit-msg.sample
  delete /tmp/nimble_15300/githubcom_juancarlospaconimgeorefar/.git/hooks/post-update.sample
  delete /tmp/nimble_15300/githubcom_juancarlospaconimgeorefar/.git/hooks
  delete /tmp/nimble_15300/githubcom_juancarlospaconimgeorefar/.git/shallow
  delete /tmp/nimble_15300/githubcom_juancarlospaconimgeorefar/.git/config
  delete /tmp/nimble_15300/githubcom_juancarlospaconimgeorefar/.git/index
  delete /tmp/nimble_15300/githubcom_juancarlospaconimgeorefar/.git/objects/info
  delete /tmp/nimble_15300/githubcom_juancarlospaconimgeorefar/.git/objects/0f/87677a5af357d5681a8542a7403f739f99fc97
  delete /tmp/nimble_15300/githubcom_juancarlospaconimgeorefar/.git/objects/0f
  delete /tmp/nimble_15300/githubcom_juancarlospaconimgeorefar/.git/objects/48/e847867ce091038af85d2c67b6474161934d85
  delete /tmp/nimble_15300/githubcom_juancarlospaconimgeorefar/.git/objects/48
  delete /tmp/nimble_15300/githubcom_juancarlospaconimgeorefar/.git/objects/c5/5a14e4f9e1689e4a2130ff02b705a311dbe8a3
  delete /tmp/nimble_15300/githubcom_juancarlospaconimgeorefar/.git/objects/c5
  delete /tmp/nimble_15300/githubcom_juancarlospaconimgeorefar/.git/objects/54/bc0a77ceb506785c59db94ac3436d813b6b98a
  delete /tmp/nimble_15300/githubcom_juancarlospaconimgeorefar/.git/objects/54
  delete /tmp/nimble_15300/githubcom_juancarlospaconimgeorefar/.git/objects/c3/ba22607b4ef536cb1b7a3c847ae357e4cf59bd
  delete /tmp/nimble_15300/githubcom_juancarlospaconimgeorefar/.git/objects/c3
  delete /tmp/nimble_15300/githubcom_juancarlospaconimgeorefar/.git/objects/8c/cc7310c535384f8d3d2dc4606b9a0f160e03ad
  delete /tmp/nimble_15300/githubcom_juancarlospaconimgeorefar/.git/objects/8c
  delete /tmp/nimble_15300/githubcom_juancarlospaconimgeorefar/.git/objects/67/d9b34c6cecad82ad17197ffa5db4860caf9037
  delete /tmp/nimble_15300/githubcom_juancarlospaconimgeorefar/.git/objects/67
  delete /tmp/nimble_15300/githubcom_juancarlospaconimgeorefar/.git/objects/ad/b8bb8ad2b0dd586203a47815c55cc4c5f965df
  delete /tmp/nimble_15300/githubcom_juancarlospaconimgeorefar/.git/objects/ad
  delete /tmp/nimble_15300/githubcom_juancarlospaconimgeorefar/.git/objects/4d/edfc438311e7fdccb4fd356ae680bb2951e57b
  delete /tmp/nimble_15300/githubcom_juancarlospaconimgeorefar/.git/objects/4d
  delete /tmp/nimble_15300/githubcom_juancarlospaconimgeorefar/.git/objects/pack
  delete /tmp/nimble_15300/githubcom_juancarlospaconimgeorefar/.git/objects/28/7307e9660d7027b6dec9e9678fc6d5193f7e29
  delete /tmp/nimble_15300/githubcom_juancarlospaconimgeorefar/.git/objects/28
  delete /tmp/nimble_15300/githubcom_juancarlospaconimgeorefar/.git/objects
  delete /tmp/nimble_15300/githubcom_juancarlospaconimgeorefar/.git/packed-refs
  delete /tmp/nimble_15300/githubcom_juancarlospaconimgeorefar/.git/HEAD
  delete /tmp/nimble_15300/githubcom_juancarlospaconimgeorefar/.git
  delete /tmp/nimble_15300/githubcom_juancarlospaconimgeorefar/src/georefar.nim
  delete /tmp/nimble_15300/githubcom_juancarlospaconimgeorefar/src
  delete /tmp/nimble_15300/githubcom_juancarlospaconimgeorefar/argentina.mp4
  delete /tmp/nimble_15300/githubcom_juancarlospaconimgeorefar/georefar.html
  delete /tmp/nimble_15300/githubcom_juancarlospaconimgeorefar/.gitignore
  delete /tmp/nimble_15300/githubcom_juancarlospaconimgeorefar/georefar.nimble
  delete /tmp/nimble_15300/githubcom_juancarlospaconimgeorefar/LICENSE
  delete /tmp/nimble_15300/githubcom_juancarlospaconimgeorefar
  delete /tmp/nimble_15300
