      Info: Package cache path /home/runner/.nimble/pkgcache
     Info:  Nimble data file "/home/runner/.nimble/nimbledata2.json" has been loaded.
    Reading official package list
Downloading https://github.com/amnr/getopty using git
    Cloning latest tagged version: v1.0.0
open('/workspace/destdir/ssl/openssl.cnf', 32768, 0x00000000000001b6)
open('/home/runner/.config/nimble/nimble.ini', 557056, 0x00000000000001b6)
open('/home/runner/.config/babel/babel.ini', 557056, 0x00000000000001b6)
writev(1, 0x00007fff4d7e51f0, 2)
open('/home/runner/.nimble/nimbledata2.json', 557056, 0x00000000000001b6)
writev(1, 0x00007fff4d7e52c0, 2)
writev(1, 0x00007ffdc50950c0, 2)
writev(1, 0x00007ffdc5095150, 2)
writev(1, 0x00007ffdc5095150, 2)
writev(1, 0x00007ffdc5095150, 2)
writev(1, 0x00007fff4d7e3ca0, 2)
open('/home/runner/.nimble/packages_official.json', 557056, 0x00000000000001b6)
mkdir('/home/', 0x00000000000001ff)
mkdir('/home/runner/', 0x00000000000001ff)
mkdir('/home/runner/.nimble/', 0x00000000000001ff)
mkdir('/home/runner/.nimble/pkgcache/', 0x00000000000001ff)
mkdir('/home/runner/.nimble/pkgcache/githubcom_amnrgetopty', 0x00000000000001ff)
open('/home/runner/.nimble/pkgcache/githubcom_amnrgetopty', 622592, 0x0000000000000000)
writev(1, 0x00007fff4d7e3d80, 2)
open('/home/runner/.nimble/pkgcache/githubcom_amnrgetopty', 622592, 0x0000000000000000)
rmdir('/home/runner/.nimble/pkgcache/githubcom_amnrgetopty')
writev(1, 0x00007fff4d7e3c70, 2)
mkdir(94728219306720, 0x00000000000001ff)
Error tracing process: readBytes(0x00005627a1dcaae0, 256) error: [Errno 5] Input/output error.
