    Reading official package list
Downloading https://github.com/Araq/gh_nimrod_doc_pages using git
    Cloning latest tagged version: v0.2.4
  Verifying dependencies for gh_nimrod_doc_pages@0.2.4
    Reading official package list
   Checking for midnight_dynamite@>= 1.0.0
 Installing midnight_dynamite@>= 1.0.0
    Reading official package list
Downloading https://github.com/Araq/midnight_dynamite using git
    Cloning latest tagged version: v1.0.0
mkdir('/tmp', 0x00000000000001ff)
mkdir('/tmp/nimble_4601', 0x00000000000001ff)
mkdir('/tmp/nimble_4601/githubcom_Araqghnimroddocpages', 0x00000000000001ff)
rmdir('/tmp/nimble_4601/githubcom_Araqghnimroddocpages')
mkdir('/tmp/nimble_4601/githubcom_Araqghnimroddocpages', 0x00000000000001ff)
mkdir('/tmp/nimble_4601/githubcom_Araqghnimroddocpages/.git', 0x00000000000001ff)
mkdir('/tmp/nimble_4601/githubcom_Araqghnimroddocpages/.git/', 0x00000000000001ff)
mkdir('/tmp/nimble_4601/githubcom_Araqghnimroddocpages/.git/branches/', 0x00000000000001ff)
mkdir('/tmp/nimble_4601/githubcom_Araqghnimroddocpages/.git/hooks/', 0x00000000000001ff)
mkdir('/tmp/nimble_4601/githubcom_Araqghnimroddocpages/.git/info/', 0x00000000000001ff)
mkdir('/tmp/nimble_4601/githubcom_Araqghnimroddocpages/.git/refs', 0x00000000000001ff)
mkdir('/tmp/nimble_4601/githubcom_Araqghnimroddocpages/.git/refs/heads', 0x00000000000001ff)
mkdir('/tmp/nimble_4601/githubcom_Araqghnimroddocpages/.git/refs/tags', 0x00000000000001ff)
rename('/tmp/nimble_4601/githubcom_Araqghnimroddocpages/.git/HEAD.lock', '/tmp/nimble_4601/githubcom_Araqghnimroddocpages/.git/HEAD')
rename('/tmp/nimble_4601/githubcom_Araqghnimroddocpages/.git/config.lock', '/tmp/nimble_4601/githubcom_Araqghnimroddocpages/.git/config')
chmod('/tmp/nimble_4601/githubcom_Araqghnimroddocpages/.git/config', 0x00000000000081e4)
chmod('/tmp/nimble_4601/githubcom_Araqghnimroddocpages/.git/config', 0x00000000000081a4)
chmod('/tmp/nimble_4601/githubcom_Araqghnimroddocpages/.git/config.lock', 0x00000000000001a4)
rename('/tmp/nimble_4601/githubcom_Araqghnimroddocpages/.git/config.lock', '/tmp/nimble_4601/githubcom_Araqghnimroddocpages/.git/config')
chmod('/tmp/nimble_4601/githubcom_Araqghnimroddocpages/.git/config.lock', 0x00000000000001a4)
rename('/tmp/nimble_4601/githubcom_Araqghnimroddocpages/.git/config.lock', '/tmp/nimble_4601/githubcom_Araqghnimroddocpages/.git/config')
chmod('/tmp/nimble_4601/githubcom_Araqghnimroddocpages/.git/config.lock', 0x00000000000001a4)
rename('/tmp/nimble_4601/githubcom_Araqghnimroddocpages/.git/config.lock', '/tmp/nimble_4601/githubcom_Araqghnimroddocpages/.git/config')
unlink('/tmp/nimble_4601/githubcom_Araqghnimroddocpages/.git/tBDCFwa')
symlink('testing', '/tmp/nimble_4601/githubcom_Araqghnimroddocpages/.git/tBDCFwa')
unlink('/tmp/nimble_4601/githubcom_Araqghnimroddocpages/.git/tBDCFwa')
mkdir('/tmp/nimble_4601/githubcom_Araqghnimroddocpages/.git/objects', 0x00000000000001ff)
mkdir('/tmp/nimble_4601/githubcom_Araqghnimroddocpages/.git/objects/pack', 0x00000000000001ff)
mkdir('/tmp/nimble_4601/githubcom_Araqghnimroddocpages/.git/objects/info', 0x00000000000001ff)
chmod('/tmp/nimble_4601/githubcom_Araqghnimroddocpages/.git/config.lock', 0x00000000000001a4)
rename('/tmp/nimble_4601/githubcom_Araqghnimroddocpages/.git/config.lock', '/tmp/nimble_4601/githubcom_Araqghnimroddocpages/.git/config')
chmod('/tmp/nimble_4601/githubcom_Araqghnimroddocpages/.git/config.lock', 0x00000000000001a4)
rename('/tmp/nimble_4601/githubcom_Araqghnimroddocpages/.git/config.lock', '/tmp/nimble_4601/githubcom_Araqghnimroddocpages/.git/config')
chmod('/tmp/nimble_4601/githubcom_Araqghnimroddocpages/.git/config.lock', 0x00000000000001a4)
rename('/tmp/nimble_4601/githubcom_Araqghnimroddocpages/.git/config.lock', '/tmp/nimble_4601/githubcom_Araqghnimroddocpages/.git/config')
link('/tmp/nimble_4601/githubcom_Araqghnimroddocpages/.git/objects/pack/tmp_pack_y7XPYV', '/tmp/nimble_4601/githubcom_Araqghnimroddocpages/.git/objects/pack/pack-c02573b474a419d6e9bc34e4cba032849aecf4df.pack')
unlink('/tmp/nimble_4601/githubcom_Araqghnimroddocpages/.git/objects/pack/tmp_pack_y7XPYV')
link('/tmp/nimble_4601/githubcom_Araqghnimroddocpages/.git/objects/pack/tmp_idx_BkitRf', '/tmp/nimble_4601/githubcom_Araqghnimroddocpages/.git/objects/pack/pack-c02573b474a419d6e9bc34e4cba032849aecf4df.idx')
unlink('/tmp/nimble_4601/githubcom_Araqghnimroddocpages/.git/objects/pack/tmp_idx_BkitRf')
rename('/tmp/nimble_4601/githubcom_Araqghnimroddocpages/.git/shallow.lock', '/tmp/nimble_4601/githubcom_Araqghnimroddocpages/.git/shallow')
rename('/tmp/nimble_4601/githubcom_Araqghnimroddocpages/.git/packed-refs.new', '/tmp/nimble_4601/githubcom_Araqghnimroddocpages/.git/packed-refs')
unlink('/tmp/nimble_4601/githubcom_Araqghnimroddocpages/.git/packed-refs.lock')
unlink('/tmp/nimble_4601/githubcom_Araqghnimroddocpages/.git/refs/tags/v0.2.4.lock')
mkdir('/tmp/nimble_4601/githubcom_Araqghnimroddocpages/.git/logs', 0x00000000000001ff)
rename('/tmp/nimble_4601/githubcom_Araqghnimroddocpages/.git/HEAD.lock', '/tmp/nimble_4601/githubcom_Araqghnimroddocpages/.git/HEAD')
unlink('/tmp/nimble_4601/githubcom_Araqghnimroddocpages/.git/objects/pack/pack-c02573b474a419d6e9bc34e4cba032849aecf4df.keep')
mkdir('boot_html_template', 0x00000000000001ff)
mkdir('boot_html_template/images', 0x00000000000001ff)
mkdir('boot_html_template/stylesheets', 0x00000000000001ff)
mkdir('docs', 0x00000000000001ff)
mkdir('docs/dist', 0x00000000000001ff)
mkdir('vagrant_linux', 0x00000000000001ff)
mkdir('vagrant_linux/32bit', 0x00000000000001ff)
mkdir('vagrant_linux/64bit', 0x00000000000001ff)
rename('/tmp/nimble_4601/githubcom_Araqghnimroddocpages/.git/index.lock', '/tmp/nimble_4601/githubcom_Araqghnimroddocpages/.git/index')
mkdir('/tmp', 0x00000000000001ff)
mkdir('/tmp/nimble_4601', 0x00000000000001ff)
mkdir('/tmp/nimble_4601/githubcom_Araqmidnightdynamite_1.0.0', 0x00000000000001ff)
rmdir('/tmp/nimble_4601/githubcom_Araqmidnightdynamite_1.0.0')
mkdir('/tmp/nimble_4601/githubcom_Araqmidnightdynamite_1.0.0', 0x00000000000001ff)
mkdir('/tmp/nimble_4601/githubcom_Araqmidnightdynamite_1.0.0/.git', 0x00000000000001ff)
mkdir('/tmp/nimble_4601/githubcom_Araqmidnightdynamite_1.0.0/.git/', 0x00000000000001ff)
mkdir('/tmp/nimble_4601/githubcom_Araqmidnightdynamite_1.0.0/.git/branches/', 0x00000000000001ff)
mkdir('/tmp/nimble_4601/githubcom_Araqmidnightdynamite_1.0.0/.git/hooks/', 0x00000000000001ff)
mkdir('/tmp/nimble_4601/githubcom_Araqmidnightdynamite_1.0.0/.git/info/', 0x00000000000001ff)
mkdir('/tmp/nimble_4601/githubcom_Araqmidnightdynamite_1.0.0/.git/refs', 0x00000000000001ff)
mkdir('/tmp/nimble_4601/githubcom_Araqmidnightdynamite_1.0.0/.git/refs/heads', 0x00000000000001ff)
mkdir('/tmp/nimble_4601/githubcom_Araqmidnightdynamite_1.0.0/.git/refs/tags', 0x00000000000001ff)
rename('/tmp/nimble_4601/githubcom_Araqmidnightdynamite_1.0.0/.git/HEAD.lock', '/tmp/nimble_4601/githubcom_Araqmidnightdynamite_1.0.0/.git/HEAD')
rename('/tmp/nimble_4601/githubcom_Araqmidnightdynamite_1.0.0/.git/config.lock', '/tmp/nimble_4601/githubcom_Araqmidnightdynamite_1.0.0/.git/config')
chmod('/tmp/nimble_4601/githubcom_Araqmidnightdynamite_1.0.0/.git/config', 0x00000000000081e4)
chmod('/tmp/nimble_4601/githubcom_Araqmidnightdynamite_1.0.0/.git/config', 0x00000000000081a4)
chmod('/tmp/nimble_4601/githubcom_Araqmidnightdynamite_1.0.0/.git/config.lock', 0x00000000000001a4)
rename('/tmp/nimble_4601/githubcom_Araqmidnightdynamite_1.0.0/.git/config.lock', '/tmp/nimble_4601/githubcom_Araqmidnightdynamite_1.0.0/.git/config')
chmod('/tmp/nimble_4601/githubcom_Araqmidnightdynamite_1.0.0/.git/config.lock', 0x00000000000001a4)
rename('/tmp/nimble_4601/githubcom_Araqmidnightdynamite_1.0.0/.git/config.lock', '/tmp/nimble_4601/githubcom_Araqmidnightdynamite_1.0.0/.git/config')
chmod('/tmp/nimble_4601/githubcom_Araqmidnightdynamite_1.0.0/.git/config.lock', 0x00000000000001a4)
rename('/tmp/nimble_4601/githubcom_Araqmidnightdynamite_1.0.0/.git/config.lock', '/tmp/nimble_4601/githubcom_Araqmidnightdynamite_1.0.0/.git/config')
unlink('/tmp/nimble_4601/githubcom_Araqmidnightdynamite_1.0.0/.git/ttCPUU7')
symlink('testing', '/tmp/nimble_4601/githubcom_Araqmidnightdynamite_1.0.0/.git/ttCPUU7')
unlink('/tmp/nimble_4601/githubcom_Araqmidnightdynamite_1.0.0/.git/ttCPUU7')
mkdir('/tmp/nimble_4601/githubcom_Araqmidnightdynamite_1.0.0/.git/objects', 0x00000000000001ff)
mkdir('/tmp/nimble_4601/githubcom_Araqmidnightdynamite_1.0.0/.git/objects/pack', 0x00000000000001ff)
mkdir('/tmp/nimble_4601/githubcom_Araqmidnightdynamite_1.0.0/.git/objects/info', 0x00000000000001ff)
chmod('/tmp/nimble_4601/githubcom_Araqmidnightdynamite_1.0.0/.git/config.lock', 0x00000000000001a4)   Warning: Package 'midnight_dynamite' has an incorrect structure. It should contain a single directory hierarchy for source files, named 'midnight_dynamite', but file 'hoedown.nim' is in a directory named 'midnight_dynamite_pkg' instead. This will be an error in the future.
      Hint: If 'midnight_dynamite_pkg' contains source files for building 'midnight_dynamite', rename it to 'midnight_dynamite'. Otherwise, prevent its installation by adding `skipDirs = @["midnight_dynamite_pkg"]` to the .nimble file.
  Verifying dependencies for midnight_dynamite@1.0.0
    Reading official package list
   Checking for nake@>= 1.2
 Installing nake@>= 1.2
    Reading official package list
Downloading https://github.com/fowlmouth/nake using git
    Cloning latest tagged version: 1.9.3
       Info /tmp/nimble_4601/githubcom_fowlmouthnake_1.2/nake_4601.nims(5, 22) Warning: imported and not used: 'strutils' [UnusedImport]
   Warning: Package 'nake' has an incorrect structure. The top level of the package source directory should contain at most one module, named 'nake.nim', but a file named 'nakefile.nim' was found. This will be an error in the future.
      Hint: If this is the primary source file in the package, rename it to 'nake.nim'. If it's a source file required by the main module, or if it is one of several modules exposed by 'nake', then move it into a 'nakepkg/' subdirectory. If it's a test file or otherwise not required to build the the package 'nake.nim', prevent its installation by adding `skipFiles = @["nakefile.nim"]` to the .nimble file. See https://github.com/nim-lang/nimble#libraries for more info.
  Verifying dependencies for nake@1.9.3
 Installing nake@1.9.3
   Building nake/nake using c backend

rename('/tmp/nimble_4601/githubcom_Araqmidnightdynamite_1.0.0/.git/config.lock', '/tmp/nimble_4601/githubcom_Araqmidnightdynamite_1.0.0/.git/config')
chmod('/tmp/nimble_4601/githubcom_Araqmidnightdynamite_1.0.0/.git/config.lock', 0x00000000000001a4)
rename('/tmp/nimble_4601/githubcom_Araqmidnightdynamite_1.0.0/.git/config.lock', '/tmp/nimble_4601/githubcom_Araqmidnightdynamite_1.0.0/.git/config')
chmod('/tmp/nimble_4601/githubcom_Araqmidnightdynamite_1.0.0/.git/config.lock', 0x00000000000001a4)
rename('/tmp/nimble_4601/githubcom_Araqmidnightdynamite_1.0.0/.git/config.lock', '/tmp/nimble_4601/githubcom_Araqmidnightdynamite_1.0.0/.git/config')
link('/tmp/nimble_4601/githubcom_Araqmidnightdynamite_1.0.0/.git/objects/pack/tmp_pack_dbjCYE', '/tmp/nimble_4601/githubcom_Araqmidnightdynamite_1.0.0/.git/objects/pack/pack-25efb5ca0054793c5c8f103ad58d559ed51de4f4.pack')
unlink('/tmp/nimble_4601/githubcom_Araqmidnightdynamite_1.0.0/.git/objects/pack/tmp_pack_dbjCYE')
link('/tmp/nimble_4601/githubcom_Araqmidnightdynamite_1.0.0/.git/objects/pack/tmp_idx_F5gIzh', '/tmp/nimble_4601/githubcom_Araqmidnightdynamite_1.0.0/.git/objects/pack/pack-25efb5ca0054793c5c8f103ad58d559ed51de4f4.idx')
unlink('/tmp/nimble_4601/githubcom_Araqmidnightdynamite_1.0.0/.git/objects/pack/tmp_idx_F5gIzh')
rename('/tmp/nimble_4601/githubcom_Araqmidnightdynamite_1.0.0/.git/shallow.lock', '/tmp/nimble_4601/githubcom_Araqmidnightdynamite_1.0.0/.git/shallow')
rename('/tmp/nimble_4601/githubcom_Araqmidnightdynamite_1.0.0/.git/packed-refs.new', '/tmp/nimble_4601/githubcom_Araqmidnightdynamite_1.0.0/.git/packed-refs')
unlink('/tmp/nimble_4601/githubcom_Araqmidnightdynamite_1.0.0/.git/packed-refs.lock')
unlink('/tmp/nimble_4601/githubcom_Araqmidnightdynamite_1.0.0/.git/refs/tags/v1.0.0.lock')
mkdir('/tmp/nimble_4601/githubcom_Araqmidnightdynamite_1.0.0/.git/logs', 0x00000000000001ff)
rename('/tmp/nimble_4601/githubcom_Araqmidnightdynamite_1.0.0/.git/HEAD.lock', '/tmp/nimble_4601/githubcom_Araqmidnightdynamite_1.0.0/.git/HEAD')
unlink('/tmp/nimble_4601/githubcom_Araqmidnightdynamite_1.0.0/.git/objects/pack/pack-25efb5ca0054793c5c8f103ad58d559ed51de4f4.keep')
mkdir('docs', 0x00000000000001ff)
mkdir('docs/dist', 0x00000000000001ff)
mkdir('mangler', 0x00000000000001ff)
mkdir('midnight_dynamite_pkg', 0x00000000000001ff)
mkdir('tests', 0x00000000000001ff)
mkdir('tests/flag_output', 0x00000000000001ff)
mkdir('tests/md_api', 0x00000000000001ff)
mkdir('tests/raw_api', 0x00000000000001ff)
mkdir('vagrant_linux', 0x00000000000001ff)
mkdir('vagrant_linux/32bit', 0x00000000000001ff)
mkdir('vagrant_linux/64bit', 0x00000000000001ff)
rename('/tmp/nimble_4601/githubcom_Araqmidnightdynamite_1.0.0/.git/index.lock', '/tmp/nimble_4601/githubcom_Araqmidnightdynamite_1.0.0/.git/index')
mkdir('/tmp', 0x00000000000001ff)
mkdir('/tmp/nimble_4601', 0x00000000000001ff)
mkdir('/tmp/nimble_4601/githubcom_fowlmouthnake_1.2', 0x00000000000001ff)
rmdir('/tmp/nimble_4601/githubcom_fowlmouthnake_1.2')
mkdir('/tmp/nimble_4601/githubcom_fowlmouthnake_1.2', 0x00000000000001ff)
mkdir('/tmp/nimble_4601/githubcom_fowlmouthnake_1.2/.git', 0x00000000000001ff)
mkdir('/tmp/nimble_4601/githubcom_fowlmouthnake_1.2/.git/', 0x00000000000001ff)
mkdir('/tmp/nimble_4601/githubcom_fowlmouthnake_1.2/.git/branches/', 0x00000000000001ff)
mkdir('/tmp/nimble_4601/githubcom_fowlmouthnake_1.2/.git/hooks/', 0x00000000000001ff)
mkdir('/tmp/nimble_4601/githubcom_fowlmouthnake_1.2/.git/info/', 0x00000000000001ff)
mkdir('/tmp/nimble_4601/githubcom_fowlmouthnake_1.2/.git/refs', 0x00000000000001ff)
mkdir('/tmp/nimble_4601/githubcom_fowlmouthnake_1.2/.git/refs/heads', 0x00000000000001ff)
mkdir('/tmp/nimble_4601/githubcom_fowlmouthnake_1.2/.git/refs/tags', 0x00000000000001ff)
rename('/tmp/nimble_4601/githubcom_fowlmouthnake_1.2/.git/HEAD.lock', '/tmp/nimble_4601/githubcom_fowlmouthnake_1.2/.git/HEAD')
rename('/tmp/nimble_4601/githubcom_fowlmouthnake_1.2/.git/config.lock', '/tmp/nimble_4601/githubcom_fowlmouthnake_1.2/.git/config')
chmod('/tmp/nimble_4601/githubcom_fowlmouthnake_1.2/.git/config', 0x00000000000081e4)
chmod('/tmp/nimble_4601/githubcom_fowlmouthnake_1.2/.git/config', 0x00000000000081a4)
chmod('/tmp/nimble_4601/githubcom_fowlmouthnake_1.2/.git/config.lock', 0x00000000000001a4)
rename('/tmp/nimble_4601/githubcom_fowlmouthnake_1.2/.git/config.lock', '/tmp/nimble_4601/githubcom_fowlmouthnake_1.2/.git/config')
chmod('/tmp/nimble_4601/githubcom_fowlmouthnake_1.2/.git/config.lock', 0x00000000000001a4)
rename('/tmp/nimble_4601/githubcom_fowlmouthnake_1.2/.git/config.lock', '/tmp/nimble_4601/githubcom_fowlmouthnake_1.2/.git/config')
chmod('/tmp/nimble_4601/githubcom_fowlmouthnake_1.2/.git/config.lock', 0x00000000000001a4)
rename('/tmp/nimble_4601/githubcom_fowlmouthnake_1.2/.git/config.lock', '/tmp/nimble_4601/githubcom_fowlmouthnake_1.2/.git/config')
unlink('/tmp/nimble_4601/githubcom_fowlmouthnake_1.2/.git/tCct39w')
symlink('testing', '/tmp/nimble_4601/githubcom_fowlmouthnake_1.2/.git/tCct39w')
unlink('/tmp/nimble_4601/githubcom_fowlmouthnake_1.2/.git/tCct39w')
mkdir('/tmp/nimble_4601/githubcom_fowlmouthnake_1.2/.git/objects', 0x00000000000001ff)
mkdir('/tmp/nimble_4601/githubcom_fowlmouthnake_1.2/.git/objects/pack', 0x00000000000001ff)
mkdir('/tmp/nimble_4601/githubcom_fowlmouthnake_1.2/.git/objects/info', 0x00000000000001ff)
chmod('/tmp/nimble_4601/githubcom_fowlmouthnake_1.2/.git/config.lock', 0x00000000000001a4)
rename('/tmp/nimble_4601/githubcom_fowlmouthnake_1.2/.git/config.lock', '/tmp/nimble_4601/githubcom_fowlmouthnake_1.2/.git/config')
chmod('/tmp/nimble_4601/githubcom_fowlmouthnake_1.2/.git/config.lock', 0x00000000000001a4)
rename('/tmp/nimble_4601/githubcom_fowlmouthnake_1.2/.git/config.lock', '/tmp/nimble_4601/githubcom_fowlmouthnake_1.2/.git/config')
chmod('/tmp/nimble_4601/githubcom_fowlmouthnake_1.2/.git/config.lock', 0x00000000000001a4)
rename('/tmp/nimble_4601/githubcom_fowlmouthnake_1.2/.git/config.lock', '/tmp/nimble_4601/githubcom_fowlmouthnake_1.2/.git/config')
link('/tmp/nimble_4601/githubcom_fowlmouthnake_1.2/.git/objects/pack/tmp_pack_PHBHv8', '/tmp/nimble_4601/githubcom_fowlmouthnake_1.2/.git/objects/pack/pack-6838b9325b89999a6ac294ac856cdbaee7b1d87a.pack')
unlink('/tmp/nimble_4601/githubcom_fowlmouthnake_1.2/.git/objects/pack/tmp_pack_PHBHv8')
link('/tmp/nimble_4601/githubcom_fowlmouthnake_1.2/.git/objects/pack/tmp_idx_dS8K8j', '/tmp/nimble_4601/githubcom_fowlmouthnake_1.2/.git/objects/pack/pack-6838b9325b89999a6ac294ac856cdbaee7b1d87a.idx')
unlink('/tmp/nimble_4601/githubcom_fowlmouthnake_1.2/.git/objects/pack/tmp_idx_dS8K8j')
rename('/tmp/nimble_4601/githubcom_fowlmouthnake_1.2/.git/shallow.lock', '/tmp/nimble_4601/githubcom_fowlmouthnake_1.2/.git/shallow')
rename('/tmp/nimble_4601/githubcom_fowlmouthnake_1.2/.git/packed-refs.new', '/tmp/nimble_4601/githubcom_fowlmouthnake_1.2/.git/packed-refs')
unlink('/tmp/nimble_4601/githubcom_fowlmouthnake_1.2/.git/packed-refs.lock')
unlink('/tmp/nimble_4601/githubcom_fowlmouthnake_1.2/.git/refs/tags/1.9.3.lock')
mkdir('/tmp/nimble_4601/githubcom_fowlmouthnake_1.2/.git/logs', 0x00000000000001ff)
rename('/tmp/nimble_4601/githubcom_fowlmouthnake_1.2/.git/HEAD.lock', '/tmp/nimble_4601/githubcom_fowlmouthnake_1.2/.git/HEAD')
unlink('/tmp/nimble_4601/githubcom_fowlmouthnake_1.2/.git/objects/pack/pack-6838b9325b89999a6ac294ac856cdbaee7b1d87a.keep')
mkdir('tests', 0x00000000000001ff)
mkdir('tests/test_dir_basics', 0x00000000000001ff)
mkdir('tests/test_dir_otherformat', 0x00000000000001ff)
rename('/tmp/nimble_4601/githubcom_fowlmouthnake_1.2/.git/index.lock', '/tmp/nimble_4601/githubcom_fowlmouthnake_1.2/.git/index')
mkdir('/tmp', 0x00000000000001ff)
mkdir('/tmp/nimblecache', 0x00000000000001ff)
mkdir('/tmp/nimblecache/nake_365014297', 0x00000000000001ff)
unlink('/tmp/nimblecache/nake_365014297/nake.ini')
unlink('/tmp/nimble_4601.out')
unlink('/tmp/nimble_4601/githubcom_fowlmouthnake_1.2/nake_4601.nims')
unlink('/home/runner/.cache/nim/nake_r/linenoise.c.o')
mkdir('/home', 0x00000000000001ff)
mkdir('/home/runner', 0x00000000000001ff)
mkdir('/home/runner/.cache', 0x00000000000001ff)
mkdir('/home/runner/.cache/nim', 0x00000000000001ff)
mkdir('/home/runner/.cache/nim/nake_r', 0x00000000000001ff)
mkdir('/home', 0x00000000000001ff)
mkdir('/home/runner', 0x00000000000001ff)
mkdir('/home/runner/.cache', 0x00000000000001ff)
mkdir('/home/runner/.cache/nim', 0x00000000000001ff)
mkdir('/home/runner/.cache/nim/nake_r', 0x00000000000001ff)
mkdir('/home', 0x00000000000001ff)
mkdir('/home/runner', 0x00000000000001ff)
mkdir('/home/runner/.cache', 0x00000000000001ff)
mkdir('/home/runner/.cache/nim', 0x00000000000001ff)
mkdir('/home/runner/.cache/nim/nake_r', 0x00000000000001ff)
mkdir('/home', 0x00000000000001ff)
mkdir('/home/runner', 0x00000000000001ff)
mkdir('/home/runner/.cache', 0x00000000000001ff)
mkdir('/home/runner/.cache/nim', 0x00000000000001ff)
mkdir('/home/runner/.cache/nim/nake_r', 0x00000000000001ff)
mkdir('/home', 0x00000000000001ff)
mkdir('/home/runner', 0x00000000000001ff)
mkdir('/home/runner/.cache', 0x00000000000001ff)
mkdir('/home/runner/.cache/nim', 0x00000000000001ff)
mkdir('/home/runner/.cache/nim/nake_r', 0x00000000000001ff)
mkdir('/home', 0x00000000000001ff)
mkdir('/home/runner', 0x00000000000001ff)
mkdir('/home/runner/.cache', 0x00000000000001ff)
mkdir('/home/runner/.cache/nim', 0x00000000000001ff)
mkdir('/home/runner/.cache/nim/nake_r', 0x00000000000001ff)
mkdir('/home', 0x00000000000001ff)
mkdir('/home/runner', 0x00000000000001ff)
mkdir('/home/runner/.cache', 0x00000000000001ff)
mkdir('/home/runner/.cache/nim', 0x00000000000001ff)
mkdir('/home/runner/.cache/nim/nake_r', 0x00000000000001ff)
mkdir('/home', 0x00000000000001ff)
mkdir('/home/runner', 0x00000000000001ff)
mkdir('/home/runner/.cache', 0x00000000000001ff)
mkdir('/home/runner/.cache/nim', 0x00000000000001ff)
mkdir('/home/runner/.cache/nim/nake_r', 0x00000000000001ff)
mkdir('/home', 0x00000000000001ff)
mkdir('/home/runner', 0x00000000000001ff)
mkdir('/home/runner/.cache', 0x00000000000001ff)
mkdir('/home/runner/.cache/nim', 0x00000000000001ff)
mkdir('/home/runner/.cache/nim/nake_r', 0x00000000000001ff)
mkdir('/home', 0x00000000000001ff)
mkdir('/home/runner', 0x00000000000001ff)
mkdir('/home/runner/.cache', 0x00000000000001ff)
mkdir('/home/runner/.cache/nim', 0x00000000000001ff)
mkdir('/home/runner/.cache/nim/nake_r', 0x00000000000001ff)
mkdir('/home', 0x00000000000001ff)
mkdir('/home/runner', 0x00000000000001ff)
mkdir('/home/runner/.cache', 0x00000000000001ff)
mkdir('/home/runner/.cache/nim', 0x00000000000001ff)
mkdir('/home/runner/.cache/nim/nake_r', 0x00000000000001ff)
mkdir('/home', 0x00000000000001ff)
mkdir('/home/runner', 0x00000000000001ff)
mkdir('/home/runner/.cache', 0x00000000000001ff)
mkdir('/home/runner/.cache/nim', 0x00000000000001ff)
mkdir('/home/runner/.cache/nim/nake_r', 0x00000000000001ff)
mkdir('/home', 0x00000000000001ff)
mkdir('/home/runner', 0x00000000000001ff)
mkdir('/home/runner/.cache', 0x00000000000001ff)
mkdir('/home/runner/.cache/nim', 0x00000000000001ff)
mkdir('/home/runner/.cache/nim/nake_r', 0x00000000000001ff)
mkdir('/home', 0x00000000000001ff)
mkdir('/home/runner', 0x00000000000001ff)
mkdir('/home/runner/.cache', 0x00000000000001ff)
mkdir('/home/runner/.cache/nim', 0x00000000000001ff)
mkdir('/home/runner/.cache/nim/nake_r', 0x00000000000001ff)
mkdir('/home', 0x00000000000001ff)
mkdir('/home/runner', 0x00000000000001ff)
mkdir('/home/runner/.cache', 0x00000000000001ff)
mkdir('/home/runner/.cache/nim', 0x00000000000001ff)
mkdir('/home/runner/.cache/nim/nake_r', 0x00000000000001ff)
mkdir('/home', 0x00000000000001ff)
mkdir('/home/runner', 0x00000000000001ff)
mkdir('/home/runner/.cache', 0x00000000000001ff)
mkdir('/home/runner/.cache/nim', 0x00000000000001ff)
mkdir('/home/runner/.cache/nim/nake_r', 0x00000000000001ff)
mkdir('/home', 0x00000000000001ff)
mkdir('/home/runner', 0x00000000000001ff)
mkdir('/home/runner/.cache', 0x00000000000001ff)
mkdir('/home/runner/.cache/nim', 0x00000000000001ff)
mkdir('/home/runner/.cache/nim/nake_r', 0x00000000000001ff)
mkdir('/home', 0x00000000000001ff)
mkdir('/home/runner', 0x00000000000001ff)
mkdir('/home/runner/.cache', 0x00000000000001ff)
mkdir('/home/runner/.cache/nim', 0x00000000000001ff)
mkdir('/home/runner/.cache/nim/nake_r', 0x00000000000001ff)
mkdir('/home', 0x00000000000001ff)
mkdir('/home/runner', 0x00000000000001ff)
mkdir('/home/runner/.cache', 0x00000000000001ff)
mkdir('/home/runner/.cache/nim', 0x00000000000001ff)
mkdir('/home/runner/.cache/nim/nake_r', 0x00000000000001ff)
mkdir('/home', 0x00000000000001ff)
mkdir('/home/runner', 0x00000000000001ff)
mkdir('/home/runner/.cache', 0x00000000000001ff)
mkdir('/home/runner/.cache/nim', 0x00000000000001ff)
mkdir('/home/runner/.cache/nim/nake_r', 0x00000000000001ff)
mkdir('/home', 0x00000000000001ff)
mkdir('/home/runner', 0x00000000000001ff)
mkdir('/home/runner/.cache', 0x00000000000001ff)
mkdir('/home/runner/.cache/nim', 0x00000000000001ff)
mkdir('/home/runner/.cache/nim/nake_r', 0x00000000000001ff)
mkdir('/home', 0x00000000000001ff)
mkdir('/home/runner', 0x00000000000001ff)
mkdir('/home/runner/.cache', 0x00000000000001ff)
mkdir('/home/runner/.cache/nim', 0x00000000000001ff)
mkdir('/home/runner/.cache/nim/nake_r', 0x00000000000001ff)
mkdir('/home', 0x00000000000001ff)
mkdir('/home/runner', 0x00000000000001ff)
mkdir('/home/runner/.cache', 0x00000000000001ff)
mkdir('/home/runner/.cache/nim', 0x00000000000001ff)
mkdir('/home/runner/.cache/nim/nake_r', 0x00000000000001ff)
mkdir('/home', 0x00000000000001ff)
mkdir('/home/runner', 0x00000000000001ff)
mkdir('/home/runner/.cache', 0x00000000000001ff)
mkdir('/home/runner/.cache/nim', 0x00000000000001ff)
mkdir('/home/runner/.cache/nim/nake_r', 0x00000000000001ff)
mkdir('/home', 0x00000000000001ff)
mkdir('/home/runner', 0x00000000000001ff)
mkdir('/home/runner/.cache', 0x00000000000001ff)
mkdir('/home/runner/.cache/nim', 0x00000000000001ff)
mkdir('/home/runner/.cache/nim/nake_r', 0x00000000000001ff)
mkdir('/home', 0x00000000000001ff)
mkdir('/home/runner', 0x00000000000001ff)
mkdir('/home/runner/.cache', 0x00000000000001ff)
mkdir('/home/runner/.cache/nim', 0x00000000000001ff)
mkdir('/home/runner/.cache/nim/nake_r', 0x00000000000001ff)
mkdir('/home', 0x00000000000001ff)
mkdir('/home/runner', 0x00000000000001ff)
mkdir('/home/runner/.cache', 0x00000000000001ff)
mkdir('/home/runner/.cache/nim', 0x00000000000001ff)
mkdir('/home/runner/.cache/nim/nake_r', 0x00000000000001ff)
mkdir('/home', 0x00000000000001ff)
mkdir('/home/runner', 0x00000000000001ff)
mkdir('/home/runner/.cache', 0x00000000000001ff)
mkdir('/home/runner/.cache/nim', 0x00000000000001ff)
mkdir('/home/runner/.cache/nim/nake_r', 0x00000000000001ff)
mkdir('/home', 0x00000000000001ff)
mkdir('/home/runner', 0x00000000000001ff)
mkdir('/home/runner/.cache', 0x00000000000001ff)
mkdir('/home/runner/.cache/nim', 0x00000000000001ff)
mkdir('/home/runner/.cache/nim/nake_r', 0x00000000000001ff)
mkdir('/home', 0x00000000000001ff)
mkdir('/home/runner', 0x00000000000001ff)
mkdir('/home/runner/.cache', 0x00000000000001ff)
mkdir('/home/runner/.cache/nim', 0x00000000000001ff)
mkdir('/home/runner/.cache/nim/nake_r', 0x00000000000001ff)
mkdir('/home', 0x00000000000001ff)
mkdir('/home/runner', 0x00000000000001ff)
mkdir('/home/runner/.cache', 0x00000000000001ff)
mkdir('/home/runner/.cache/nim', 0x00000000000001ff)
mkdir('/home/runner/.cache/nim/nake_r', 0x00000000000001ff)
mkdir('/home', 0x00000000000001ff)
mkdir('/home/runner', 0x00000000000001ff)
mkdir('/home/runner/.cache', 0x00000000000001ff)
mkdir('/home/runner/.cache/nim', 0x00000000000001ff)
mkdir('/home/runner/.cache/nim/nake_r', 0x00000000000001ff)
mkdir('/home', 0x00000000000001ff)
mkdir('/home/runner', 0x00000000000001ff)
mkdir('/home/runner/.cache', 0x00000000000001ff)
mkdir('/home/runner/.cache/nim', 0x00000000000001ff)
mkdir('/home/runner/.cache/nim/nake_r', 0x00000000000001ff)
mkdir('/home', 0x00000000000001ff)
mkdir('/home/runner', 0x00000000000001ff)
mkdir('/home/runner/.cache', 0x00000000000001ff)
mkdir('/home/runner/.cache/nim', 0x00000000000001ff)
mkdir('/home/runner/.cache/nim/nake_r', 0x00000000000001ff)
mkdir('/home', 0x00000000000001ff)
mkdir('/home/runner', 0x00000000000001ff)
mkdir('/home/runner/.cache', 0x00000000000001ff)
mkdir('/home/runner/.cache/nim', 0x00000000000001ff)
mkdir('/home/runner/.cache/nim/nake_r', 0x00000000000001ff)
mkdir('/home', 0x00000000000001ff)
mkdir('/home/runner', 0x00000000000001ff)
mkdir('/home/runner/.cache', 0x00000000000001ff)
mkdir('/home/runner/.cache/nim', 0x00000000000001ff)
mkdir('/home/runner/.cache/nim/nake_r', 0x00000000000001ff)
mkdir('/home', 0x00000000000001ff)
mkdir('/home/runner', 0x00000000000001ff)
mkdir('/home/runner/.cache', 0x00000000000001ff)
mkdir('/home/runner/.cache/nim', 0x00000000000001ff)
mkdir('/home/runner/.cache/nim/nake_r', 0x00000000000001ff)
mkdir('/home', 0x00000000000001ff)
mkdir('/home/runner', 0x00000000000001ff)
mkdir('/home/runner/.cache', 0x00000000000001ff)
mkdir('/home/runner/.cache/nim', 0x00000000000001ff)
mkdir('/home/runner/.cache/nim/nake_r', 0x00000000000001ff)
mkdir('/home', 0x00000000000001ff)
mkdir('/home/runner', 0x00000000000001ff)
mkdir('/home/runner/.cache', 0x00000000000001ff)
mkdir('/home/runner/.cache/nim', 0x00000000000001ff)
mkdir('/home/runner/.cache/nim/nake_r', 0x00000000000001ff)
mkdir('/home', 0x00000000000001ff)
mkdir('/home/runner', 0x00000000000001ff)
mkdir('/home/runner/.cache', 0x00000000000001ff)
mkdir('/home/runner/.cache/nim', 0x00000000000001ff)
mkdir('/home/runner/.cache/nim/nake_r', 0x00000000000001ff)
mkdir('/home', 0x00000000000001ff)
mkdir('/home/runner', 0x00000000000001ff)
mkdir('/home/runner/.cache', 0x00000000000001ff)
mkdir('/home/runner/.cache/nim', 0x00000000000001ff)
mkdir('/home/runner/.cache/nim/nake_r', 0x00000000000001ff)
mkdir('/home', 0x00000000000001ff)
mkdir('/home/runner', 0x00000000000001ff)
mkdir('/home/runner/.cache', 0x00000000000001ff)
mkdir('/home/runner/.cache/nim', 0x00000000000001ff)
mkdir('/home/runner/.cache/nim/nake_r', 0x00000000000001ff)
mkdir('/home', 0x00000000000001ff)
mkdir('/home/runner', 0x00000000000001ff)
mkdir('/home/runner/.cache', 0x00000000000001ff)
mkdir('/home/runner/.cache/nim', 0x00000000000001ff)
mkdir('/home/runner/.cache/nim/nake_r', 0x00000000000001ff)
mkdir('/home', 0x00000000000001ff)
mkdir('/home/runner', 0x00000000000001ff)
mkdir('/home/runner/.cache', 0x00000000000001ff)
mkdir('/home/runner/.cache/nim', 0x00000000000001ff)
mkdir('/home/runner/.cache/nim/nake_r', 0x00000000000001ff)
mkdir('/home', 0x00000000000001ff)
mkdir('/home/runner', 0x00000000000001ff)
mkdir('/home/runner/.cache', 0x00000000000001ff)
mkdir('/home/runner/.cache/nim', 0x00000000000001ff)
mkdir('/home/runner/.cache/nim/nake_r', 0x00000000000001ff)
mkdir('/home', 0x00000000000001ff)
mkdir('/home/runner', 0x00000000000001ff)
mkdir('/home/runner/.cache', 0x00000000000001ff)
mkdir('/home/runner/.cache/nim', 0x00000000000001ff)
mkdir('/home/runner/.cache/nim/nake_r', 0x00000000000001ff)
mkdir('/home', 0x00000000000001ff)
mkdir('/home/runner', 0x00000000000001ff)
mkdir('/home/runner/.cache', 0x00000000000001ff)
mkdir('/home/runner/.cache/nim', 0x00000000000001ff)
mkdir('/home/runner/.cache/nim/nake_r', 0x00000000000001ff)
mkdir('/home', 0x00000000000001ff)
mkdir('/home/runner', 0x00000000000001ff)
mkdir('/home/runner/.cache', 0x00000000000001ff)
mkdir('/home/runner/.cache/nim', 0x00000000000001ff)
mkdir('/home/runner/.cache/nim/nake_r', 0x00000000000001ff)
mkdir('/home', 0x00000000000001ff)
mkdir('/home/runner', 0x00000000000001ff)
mkdir('/home/runner/.cache', 0x00000000000001ff)
mkdir('/home/runner/.cache/nim', 0x00000000000001ff)
mkdir('/home/runner/.cache/nim/nake_r', 0x00000000000001ff)
mkdir('/home', 0x00000000000001ff)
mkdir('/home/runner', 0x00000000000001ff)
mkdir('/home/runner/.cache', 0x00000000000001ff)
mkdir('/home/runner/.cache/nim', 0x00000000000001ff)
mkdir('/home/runner/.cache/nim/nake_r', 0x00000000000001ff)
mkdir('/home', 0x00000000000001ff)
mkdir('/home/runner', 0x00000000000001ff)
mkdir('/home/runner/.cache', 0x00000000000001ff)
mkdir('/home/runner/.cache/nim', 0x00000000000001ff)
mkdir('/home/runner/.cache/nim/nake_r', 0x00000000000001ff)
mkdir('/home', 0x00000000000001ff)
mkdir('/home/runner', 0x00000000000001ff)
mkdir('/home/runner/.cache', 0x00000000000001ff)
mkdir('/home/runner/.cache/nim', 0x00000000000001ff)
mkdir('/home/runner/.cache/nim/nake_r', 0x00000000000001ff)
mkdir('/home', 0x00000000000001ff)
mkdir('/home/runner', 0x00000000000001ff)
mkdir('/home/runner/.cache', 0x00000000000001ff)
mkdir('/home/runner/.cache/nim', 0x00000000000001ff)
mkdir('/home/runner/.cache/nim/nake_r', 0x00000000000001ff)
mkdir('/home', 0x00000000000001ff)
mkdir('/home/runner', 0x00000000000001ff)
mkdir('/home/runner/.cache', 0x00000000000001ff)
mkdir('/home/runner/.cache/nim', 0x00000000000001ff)
mkdir('/home/runner/.cache/nim/nake_r', 0x00000000000001ff)
mkdir('/home', 0x00000000000001ff)
mkdir('/home/runner', 0x00000000000001ff)
mkdir('/home/runner/.cache', 0x00000000000001ff)
mkdir('/home/runner/.cache/nim', 0x00000000000001ff)
mkdir('/home/runner/.cache/nim/nake_r', 0x00000000000001ff)
mkdir('/home', 0x00000000000001ff)
mkdir('/home/runner', 0x00000000000001ff)
mkdir('/home/runner/.cache', 0x00000000000001ff)
mkdir('/home/runner/.cache/nim', 0x00000000000001ff)
mkdir('/home/runner/.cache/nim/nake_r', 0x00000000000001ff)
mkdir('/home', 0x00000000000001ff)
mkdir('/home/runner', 0x00000000000001ff)
mkdir('/home/runner/.cache', 0x00000000000001ff)
mkdir('/home/runner/.cache/nim', 0x00000000000001ff)
mkdir('/home/runner/.cache/nim/nake_r', 0x00000000000001ff)
mkdir('/home', 0x00000000000001ff)
mkdir('/home/runner', 0x00000000000001ff)
mkdir('/home/runner/.cache', 0x00000000000001ff)
mkdir('/home/runner/.cache/nim', 0x00000000000001ff)
mkdir('/home/runner/.cache/nim/nake_r', 0x00000000000001ff)
mkdir('/home', 0x00000000000001ff)
mkdir('/home/runner', 0x00000000000001ff)
mkdir('/home/runner/.cache', 0x00000000000001ff)
mkdir('/home/runner/.cache/nim', 0x00000000000001ff)
mkdir('/home/runner/.cache/nim/nake_r', 0x00000000000001ff)
mkdir('/home', 0x00000000000001ff)
mkdir('/home/runner', 0x00000000000001ff)
mkdir('/home/runner/.cache', 0x00000000000001ff)
mkdir('/home/runner/.cache/nim', 0x00000000000001ff)
mkdir('/home/runner/.cache/nim/nake_r', 0x00000000000001ff)
mkdir('/home', 0x00000000000001ff)
mkdir('/home/runner', 0x00000000000001ff)
mkdir('/home/runner/.cache', 0x00000000000001ff)
mkdir('/home/runner/.cache/nim', 0x00000000000001ff)
mkdir('/home/runner/.cache/nim/nake_r', 0x00000000000001ff)
mkdir('/home', 0x00000000000001ff)
mkdir('/home/runner', 0x00000000000001ff)
mkdir('/home/runner/.cache', 0x00000000000001ff)
mkdir('/home/runner/.cache/nim', 0x00000000000001ff)
mkdir('/home/runner/.cache/nim/nake_r', 0x00000000000001ff)
mkdir('/home', 0x00000000000001ff)
mkdir('/home/runner', 0x00000000000001ff)
mkdir('/home/runner/.cache', 0x00000000000001ff)
mkdir('/home/runner/.cache/nim', 0x00000000000001ff)
mkdir('/home/runner/.cache/nim/nake_r', 0x00000000000001ff)
mkdir('/home', 0x00000000000001ff)
mkdir('/home/runner', 0x00000000000001ff)
mkdir('/home/runner/.cache', 0x00000000000001ff)
mkdir('/home/runner/.cache/nim', 0x00000000000001ff)
mkdir('/home/runner/.cache/nim/nake_r', 0x00000000000001ff)
mkdir('/home', 0x00000000000001ff)
mkdir('/home/runner', 0x00000000000001ff)
mkdir('/home/runner/.cache', 0x00000000000001ff)
mkdir('/home/runner/.cache/nim', 0x00000000000001ff)
mkdir('/home/runner/.cache/nim/nake_r', 0x00000000000001ff)
mkdir('/home', 0x00000000000001ff)
mkdir('/home/runner', 0x00000000000001ff)
mkdir('/home/runner/.cache', 0x00000000000001ff)
mkdir('/home/runner/.cache/nim', 0x00000000000001ff)
mkdir('/home/runner/.cache/nim/nake_r', 0x00000000000001ff)
mkdir('/home', 0x00000000000001ff)
mkdir('/home/runner', 0x00000000000001ff)
mkdir('/home/runner/.cache', 0x00000000000001ff)
mkdir('/home/runner/.cache/nim', 0x00000000000001ff)
mkdir('/home/runner/.cache/nim/nake_r', 0x00000000000001ff)
mkdir('/home', 0x00000000000001ff)
mkdir('/home/runner', 0x00000000000001ff)
mkdir('/home/runner/.cache', 0x00000000000001ff)
mkdir('/home/runner/.cache/nim', 0x00000000000001ff)
mkdir('/home/runner/.cache/nim/nake_r', 0x00000000000001ff)
unlink('/tmp/cc3KdJ9Q.s')
unlink('/tmp/ccvNTzGO.s')
unlink('/tmp/ccw4dMi6.s')
unlink('/tmp/ccHWcJni.s')
unlink('/tmp/ccxpTA7c.s')
unlink('/tmp/ccfB2spD.s')
unlink('/tmp/ccVaZD8z.s')
unlink('/tmp/cc6Oybp4.s')
unlink('/tmp/ccjg513C.s')
unlink('/tmp/ccX8Jx6u.s')
unlink('/tmp/ccPQWmQB.s')
unlink('/tmp/cceESQvl.s')
unlink('/tmp/ccscpiUq.s')
unlink('/tmp/cc9BGlJ3.s')
unlink('/tmp/ccYd37of.s')
unlink('/tmp/cczYn5n8.s')
unlink('/tmp/ccDKgOJT.s')
mkdir('/tmp', 0x00000000000001ff)
mkdir('/tmp/nimble_4601', 0x00000000000001ff)
mkdir('/tmp/nimble_4601/githubcom_fowlmouthnake_1.2', 0x00000000000001ff)
chmod(94394131181744, 0x00000000000001ed)
Error tracing process: readBytes(0x000055d9d8a870b0, 256) error: [Errno 5] Input/output error.
