    Reading official package list
Downloading https://github.com/ftsf/gifenc using git
mkdir('/tmp', 0x00000000000001ff)
mkdir('/tmp/nimble_8814', 0x00000000000001ff)
mkdir('/tmp/nimble_8814/githubcom_ftsfgifenc', 0x00000000000001ff)
rmdir('/tmp/nimble_8814/githubcom_ftsfgifenc')
mkdir('/tmp/nimble_8814/githubcom_ftsfgifenc', 0x00000000000001ff)
mkdir('/tmp/nimble_8814/githubcom_ftsfgifenc/.git', 0x00000000000001ff)
mkdir('/tmp/nimble_8814/githubcom_ftsfgifenc/.git/', 0x00000000000001ff)
mkdir('/tmp/nimble_8814/githubcom_ftsfgifenc/.git/info/', 0x00000000000001ff)
mkdir('/tmp/nimble_8814/githubcom_ftsfgifenc/.git/branches/', 0x00000000000001ff)
mkdir('/tmp/nimble_8814/githubcom_ftsfgifenc/.git/hooks/', 0x00000000000001ff)
mkdir('/tmp/nimble_8814/githubcom_ftsfgifenc/.git/refs', 0x00000000000001ff)
mkdir('/tmp/nimble_8814/githubcom_ftsfgifenc/.git/refs/heads', 0x00000000000001ff)
mkdir('/tmp/nimble_8814/githubcom_ftsfgifenc/.git/refs/tags', 0x00000000000001ff)
rename('/tmp/nimble_8814/githubcom_ftsfgifenc/.git/HEAD.lock', '/tmp/nimble_8814/githubcom_ftsfgifenc/.git/HEAD')
rename('/tmp/nimble_8814/githubcom_ftsfgifenc/.git/config.lock', '/tmp/nimble_8814/githubcom_ftsfgifenc/.git/config')
chmod('/tmp/nimble_8814/githubcom_ftsfgifenc/.git/config', 0x00000000000081e4)
chmod('/tmp/nimble_8814/githubcom_ftsfgifenc/.git/config', 0x00000000000081a4)
chmod('/tmp/nimble_8814/githubcom_ftsfgifenc/.git/config.lock', 0x00000000000001a4)
rename('/tmp/nimble_8814/githubcom_ftsfgifenc/.git/config.lock', '/tmp/nimble_8814/githubcom_ftsfgifenc/.git/config')
chmod('/tmp/nimble_8814/githubcom_ftsfgifenc/.git/config.lock', 0x00000000000001a4)
rename('/tmp/nimble_8814/githubcom_ftsfgifenc/.git/config.lock', '/tmp/nimble_8814/githubcom_ftsfgifenc/.git/config')
chmod('/tmp/nimble_8814/githubcom_ftsfgifenc/.git/config.lock', 0x00000000000001a4)
rename('/tmp/nimble_8814/githubcom_ftsfgifenc/.git/config.lock', '/tmp/nimble_8814/githubcom_ftsfgifenc/.git/config')
unlink('/tmp/nimble_8814/githubcom_ftsfgifenc/.git/tYvy04g')
symlink('testing', '/tmp/nimble_8814/githubcom_ftsfgifenc/.git/tYvy04g')
unlink('/tmp/nimble_8814/githubcom_ftsfgifenc/.git/tYvy04g')
mkdir('/tmp/nimble_8814/githubcom_ftsfgifenc/.git/objects', 0x00000000000001ff)
mkdir('/tmp/nimble_8814/githubcom_ftsfgifenc/.git/objects/pack', 0x00000000000001ff)
mkdir('/tmp/nimble_8814/githubcom_ftsfgifenc/.git/objects/info', 0x00000000000001ff)
chmod('/tmp/nimble_8814/githubcom_ftsfgifenc/.git/config.lock', 0x00000000000001a4)
rename('/tmp/nimble_8814/githubcom_ftsfgifenc/.git/config.lock', '/tmp/nimble_8814/githubcom_ftsfgifenc/.git/config')
chmod('/tmp/nimble_8814/githubcom_ftsfgifenc/.git/config.lock', 0x00000000000001a4)
rename('/tmp/nimble_8814/githubcom_ftsfgifenc/.git/config.lock', '/tmp/nimble_8814/githubcom_ftsfgifenc/.git/config')
chmod('/tmp/nimble_8814/githubcom_ftsfgifenc/.git/config.lock', 0x00000000000001a4)
rename('/tmp/nimble_8814/githubcom_ftsfgifenc/.git/config.lock', '/tmp/nimble_8814/githubcom_ftsfgifenc/.git/config')
mkdir('/tmp/nimble_8814/githubcom_ftsfgifenc/.git/objects/73', 0x00000000000001ff)
link('/tmp/nimble_8814/githubcom_ftsfgifenc/.git/objects/73/tmp_obj_sHpLLB', '/tmp/nimble_8814/githubcom_ftsfgifenc/.git/objects/73/ffba128127e6a53492ba85019f9a75056ce651')
unlink('/tmp/nimble_8814/githubcom_ftsfgifenc/.git/objects/73/tmp_obj_sHpLLB')
mkdir('/tmp/nimble_8814/githubcom_ftsfgifenc/.git/objects/57', 0x00000000000001ff)
link('/tmp/nimble_8814/githubcom_ftsfgifenc/.git/objects/57/tmp_obj_gfgmWF', '/tmp/nimble_8814/githubcom_ftsfgifenc/.git/objects/57/9b0e9454a02d68a3de3a4d3eee3668370f73a6')
unlink('/tmp/nimble_8814/githubcom_ftsfgifenc/.git/objects/57/tmp_obj_gfgmWF')
mkdir('/tmp/nimble_8814/githubcom_ftsfgifenc/.git/objects/94', 0x00000000000001ff)
link('/tmp/nimble_8814/githubcom_ftsfgifenc/.git/objects/94/tmp_obj_eWQx6H', '/tmp/nimble_8814/githubcom_ftsfgifenc/.git/objects/94/68883a35b749ba84e3763cc75f9e1531cdfc1f')
unlink('/tmp/nimble_8814/githubcom_ftsfgifenc/.git/objects/94/tmp_obj_eWQx6H')
mkdir('/tmp/nimble_8814/githubcom_ftsfgifenc/.git/objects/fa', 0x00000000000001ff)
link('/tmp/nimble_8814/githubcom_ftsfgifenc/.git/objects/fa/tmp_obj_KYtX9M', '/tmp/nimble_8814/githubcom_ftsfgifenc/.git/objects/fa/2d3e1dbccbd2db2391877d9a7d959a26dd3cf2')
unlink('/tmp/nimble_8814/githubcom_ftsfgifenc/.git/objects/fa/tmp_obj_KYtX9M')
mkdir('/tmp/nimble_8814/githubcom_ftsfgifenc/.git/objects/62', 0x00000000000001ff)
link('/tmp/nimble_8814/githubcom_ftsfgifenc/.git/objects/62/tmp_obj_C8ampP', '/tmp/nimble_8814/githubcom_ftsfgifenc/.git/objects/62/d85d1bbb4daac52df5c04c0ce6681e8398bc1c')
unlink('/tmp/nimble_8814/githubcom_ftsfgifenc/.git/objects/62/tmp_obj_C8ampP')
mkdir('/tmp/nimble_8814/githubcom_ftsfgifenc/.git/objects/78', 0x00000000000001ff)
link('/tmp/nimble_8814/githubcom_ftsfgifenc/.git/objects/78/tmp_obj_gxHtDQ', '/tmp/nimble_8814/githubcom_ftsfgifenc/.git/objects/78/27194fccee0b6eba18356f17b80a4cc23eac2b')
unlink('/tmp/nimble_8814/githubcom_ftsfgifenc/.git/objects/78/tmp_obj_gxHtDQ')
mkdir('/tmp/nimble_8814/githubcom_ftsfgifenc/.git/objects/8b', 0x00000000000001ff)
link('/tmp/nimble_8814/githubcom_ftsfgifenc/.git/objects/8b/tmp_obj_ak2iPS', '/tmp/nimble_8814/githubcom_ftsfgifenc/.git/objects/8b/96da0ae6142ae492893ba37172febee64228c3')
unlink('/tmp/nimble_8814/githubcom_ftsfgifenc/.git/objects/8b/tmp_obj_ak2iPS')
mkdir('/tmp/nimble_8814/githubcom_ftsfgifenc/.git/objects/af', 0x00000000000001ff)
link('/tmp/nimble_8814/githubcom_ftsfgifenc/.git/objects/af/tmp_obj_QHBO4U', '/tmp/nimble_8814/githubcom_ftsfgifenc/.git/objects/af/c26b042225ddf6c6b9867f7376f016ccb2866c')
unlink('/tmp/nimble_8814/githubcom_ftsfgifenc/.git/objects/af/tmp_obj_QHBO4U')
mkdir('/tmp/nimble_8814/githubcom_ftsfgifenc/.git/objects/a8', 0x00000000000001ff)
link('/tmp/nimble_8814/githubcom_ftsfgifenc/.git/objects/a8/tmp_obj_UHWhU0', '/tmp/nimble_8814/githubcom_ftsfgifenc/.git/objects/a8/3758cb3f520eb651705972f382c51d1ab8c3a7')
unlink('/tmp/nimble_8814/githubcom_ftsfgifenc/.git/objects/a8/tmp_obj_UHWhU0')
mkdir('/tmp/nimble_8814/githubcom_ftsfgifenc/.git/objects/ff', 0x00000000000001ff)
link('/tmp/nimble_8814/githubcom_ftsfgifenc/.git/objects/ff/tmp_obj_GO3DZ3', '/tmp/nimble_8814/githubcom_ftsfgifenc/.git/objects/ff/d46a4bc8029792f6af852bdc024faa16a94529')
unlink('/tmp/nimble_8814/githubcom_ftsfgifenc/.git/objects/ff/tmp_obj_GO3DZ3')
rename('/tmp/nimble_8814/githubcom_ftsfgifenc/.git/shallow.lock', '/tmp/nimble_8814/githubcom_ftsfgifenc/.git/shallow')
rename('/tmp/nimble_8814/githubcom_ftsfgifenc/.git/packed-refs.new', '/tmp/nimble_8814/githubcom_ftsfgifenc/.git/packed-refs')
unlink('/tmp/nimble_8814/githubcom_ftsfgifenc/.git/packed-refs.lock')
mkdir('/tmp/nimble_8814/githubcom_ftsfgifenc/.git/refs/remotes', 0x00000000000001ff)
mkdir('/tmp/nimble_8814/githubcom_ftsfgifenc/.git/refs/remotes/origin', 0x00000000000001ff)
mkdir('/tmp/nimble_8814/githubcom_ftsfgifenc/.git/logs', 0x00000000000001ff)
mkdir('/tmp/nimble_8814/githubcom_ftsfgifenc/.git/logs/refs', 0x00000000000001ff)
mkdir('/tmp/nimble_8814/githubcom_ftsfgifenc/.git/logs/refs/remotes', 0x00000000000001ff)
mkdir('/tmp/nimble_8814/githubcom_ftsfgifenc/.git/logs/refs/remotes/origin', 0x00000000000001ff)
rename('/tmp/nimble_8814/githubcom_ftsfgifenc/.git/refs/remotes/origin/HEAD.lock', '/tmp/nimble_8814/githubcom_ftsfgifenc/.git/refs/remotes/origin/HEAD')
rename('/tmp/nimble_8814/githubcom_ftsfgifenc/.git/HEAD.lock', '/tmp/nimble_8814/githubcom_ftsfgifenc/.git/HEAD')
mkdir('/tmp/nimble_8814/githubcom_ftsfgifenc/.git/logs/refs/heads', 0x00000000000001ff)
rename('/tmp/nimble_8814/githubcom_ftsfgifenc/.git/refs/heads/master.lock', '/tmp/nimble_8814/githubcom_ftsfgifenc/.git/refs/heads/master')
unlink('/tmp/nimble_8814/githubcom_ftsfgifenc/.git/HEAD.lock')
chmod('/tmp/nimble_8814/githubcom_ftsfgifenc/.git/config.lock', 0x00000000000001a4)
rename('/tmp/nimble_8814/githubcom_ftsfgifenc/.git/config.lock', '/tmp/nimble_8814/githubcom_ftsfgifenc/.git/config')
chmod('/tmp/nimble_8814/githubcom_ftsfgifenc/.git/config.lock', 0x00000000000001a4)
rename('/tmp/nimble_8814/githubcom_ftsfgifenc/.git/config.lock', '/tmp/nimble_8814/githubcom_ftsfgifenc/.git/config')
mkdir('src', 0x00000000000001ff)
rename('/tmp/nimble_8814/githubcom_ftsfgifenc/.git/index.lock', '/tmp/nimble_8814/githubcom_ftsfgifenc/.git/index')       Info /tmp/nimble_8814/githubcom_ftsfgifenc/gifenc_8814.nims(1, 8) Warning: imported and not used: 'system' [UnusedImport]
        ... /tmp/nimble_8814/githubcom_ftsfgifenc/gifenc_8814.nims(5, 22) Warning: imported and not used: 'strutils' [UnusedImport]
  Verifying dependencies for gifenc@0.1.1
 Installing gifenc@0.1.1
    Copying file /tmp/nimble_8814/githubcom_ftsfgifenc/src/gifenc.c to /home/runner/.nimble/pkgs/gifenc-0.1.1/gifenc.c
    Copying file /tmp/nimble_8814/githubcom_ftsfgifenc/src/gifenc.h to /home/runner/.nimble/pkgs/gifenc-0.1.1/gifenc.h
    Copying file /tmp/nimble_8814/githubcom_ftsfgifenc/src/example.c to /home/runner/.nimble/pkgs/gifenc-0.1.1/example.c
    Copying file /tmp/nimble_8814/githubcom_ftsfgifenc/src/gifenc.nim to /home/runner/.nimble/pkgs/gifenc-0.1.1/gifenc.nim
    Copying file /tmp/nimble_8814/githubcom_ftsfgifenc/gifenc.nimble to /home/runner/.nimble/pkgs/gifenc-0.1.1/gifenc.nimble
   Success: gifenc installed successfully.
       Info /home/runner/.nimble/pkgs/gifenc-0.1.1/gifenc_8814.nims(1, 8) Warning: imported and not used: 'system' [UnusedImport]
        ... /home/runner/.nimble/pkgs/gifenc-0.1.1/gifenc_8814.nims(5, 22) Warning: imported and not used: 'strutils' [UnusedImport]

mkdir('/tmp', 0x00000000000001ff)
mkdir('/tmp/nimblecache', 0x00000000000001ff)
mkdir('/tmp/nimblecache/gifenc_579689539', 0x00000000000001ff)
unlink('/tmp/nimblecache/gifenc_579689539/gifenc.ini')
unlink('/tmp/nimble_8814.out')
unlink('/tmp/nimble_8814/githubcom_ftsfgifenc/gifenc_8814.nims')
mkdir('/home', 0x00000000000001ff)
mkdir('/home/runner', 0x00000000000001ff)
mkdir('/home/runner/.nimble', 0x00000000000001ff)
mkdir('/home/runner/.nimble/pkgs', 0x00000000000001ff)
mkdir('/home/runner/.nimble/pkgs/gifenc-0.1.1', 0x00000000000001ff)
mkdir('/home', 0x00000000000001ff)
mkdir('/home/runner', 0x00000000000001ff)
mkdir('/home/runner/.nimble', 0x00000000000001ff)
mkdir('/home/runner/.nimble/pkgs', 0x00000000000001ff)
mkdir('/home/runner/.nimble/pkgs/gifenc-0.1.1', 0x00000000000001ff)
chmod('/home/runner/.nimble/pkgs/gifenc-0.1.1/gifenc.c', 0x00000000000001a4)
mkdir('/home', 0x00000000000001ff)
mkdir('/home/runner', 0x00000000000001ff)
mkdir('/home/runner/.nimble', 0x00000000000001ff)
mkdir('/home/runner/.nimble/pkgs', 0x00000000000001ff)
mkdir('/home/runner/.nimble/pkgs/gifenc-0.1.1', 0x00000000000001ff)
chmod('/home/runner/.nimble/pkgs/gifenc-0.1.1/gifenc.h', 0x00000000000001a4)
mkdir('/home', 0x00000000000001ff)
mkdir('/home/runner', 0x00000000000001ff)
mkdir('/home/runner/.nimble', 0x00000000000001ff)
mkdir('/home/runner/.nimble/pkgs', 0x00000000000001ff)
mkdir('/home/runner/.nimble/pkgs/gifenc-0.1.1', 0x00000000000001ff)
chmod('/home/runner/.nimble/pkgs/gifenc-0.1.1/example.c', 0x00000000000001a4)
mkdir('/home', 0x00000000000001ff)
mkdir('/home/runner', 0x00000000000001ff)
mkdir('/home/runner/.nimble', 0x00000000000001ff)
mkdir('/home/runner/.nimble/pkgs', 0x00000000000001ff)
mkdir('/home/runner/.nimble/pkgs/gifenc-0.1.1', 0x00000000000001ff)
chmod('/home/runner/.nimble/pkgs/gifenc-0.1.1/gifenc.nim', 0x00000000000001a4)
chmod('/home/runner/.nimble/pkgs/gifenc-0.1.1/gifenc.nimble', 0x00000000000001a4)
mkdir('/tmp', 0x00000000000001ff)
mkdir('/tmp/nimblecache', 0x00000000000001ff)
mkdir('/tmp/nimblecache/gifenc_2499885783', 0x00000000000001ff)
unlink('/tmp/nimblecache/gifenc_2499885783/gifenc.ini')
unlink('/tmp/nimble_8814.out')
unlink('/home/runner/.nimble/pkgs/gifenc-0.1.1/gifenc_8814.nims')
unlink('/tmp/nimble_8814/githubcom_ftsfgifenc/README.md')
unlink('/tmp/nimble_8814/githubcom_ftsfgifenc/.git/refs/remotes/origin/HEAD')
rmdir('/tmp/nimble_8814/githubcom_ftsfgifenc/.git/refs/remotes/origin')
rmdir('/tmp/nimble_8814/githubcom_ftsfgifenc/.git/refs/remotes')
rmdir('/tmp/nimble_8814/githubcom_ftsfgifenc/.git/refs/tags')
unlink('/tmp/nimble_8814/githubcom_ftsfgifenc/.git/refs/heads/master')
rmdir('/tmp/nimble_8814/githubcom_ftsfgifenc/.git/refs/heads')
rmdir('/tmp/nimble_8814/githubcom_ftsfgifenc/.git/refs')
unlink('/tmp/nimble_8814/githubcom_ftsfgifenc/.git/info/exclude')
rmdir('/tmp/nimble_8814/githubcom_ftsfgifenc/.git/info')
rmdir('/tmp/nimble_8814/githubcom_ftsfgifenc/.git/branches')
unlink('/tmp/nimble_8814/githubcom_ftsfgifenc/.git/logs/refs/remotes/origin/HEAD')
rmdir('/tmp/nimble_8814/githubcom_ftsfgifenc/.git/logs/refs/remotes/origin')
rmdir('/tmp/nimble_8814/githubcom_ftsfgifenc/.git/logs/refs/remotes')
unlink('/tmp/nimble_8814/githubcom_ftsfgifenc/.git/logs/refs/heads/master')
rmdir('/tmp/nimble_8814/githubcom_ftsfgifenc/.git/logs/refs/heads')
rmdir('/tmp/nimble_8814/githubcom_ftsfgifenc/.git/logs/refs')
unlink('/tmp/nimble_8814/githubcom_ftsfgifenc/.git/logs/HEAD')
rmdir('/tmp/nimble_8814/githubcom_ftsfgifenc/.git/logs')
unlink('/tmp/nimble_8814/githubcom_ftsfgifenc/.git/description')
unlink('/tmp/nimble_8814/githubcom_ftsfgifenc/.git/hooks/pre-rebase.sample')
unlink('/tmp/nimble_8814/githubcom_ftsfgifenc/.git/hooks/applypatch-msg.sample')
unlink('/tmp/nimble_8814/githubcom_ftsfgifenc/.git/hooks/pre-push.sample')
unlink('/tmp/nimble_8814/githubcom_ftsfgifenc/.git/hooks/pre-merge-commit.sample')
unlink('/tmp/nimble_8814/githubcom_ftsfgifenc/.git/hooks/pre-receive.sample')
unlink('/tmp/nimble_8814/githubcom_ftsfgifenc/.git/hooks/update.sample')
unlink('/tmp/nimble_8814/githubcom_ftsfgifenc/.git/hooks/pre-commit.sample')
unlink('/tmp/nimble_8814/githubcom_ftsfgifenc/.git/hooks/pre-applypatch.sample')
unlink('/tmp/nimble_8814/githubcom_ftsfgifenc/.git/hooks/commit-msg.sample')
unlink('/tmp/nimble_8814/githubcom_ftsfgifenc/.git/hooks/fsmonitor-watchman.sample')
unlink('/tmp/nimble_8814/githubcom_ftsfgifenc/.git/hooks/prepare-commit-msg.sample')
unlink('/tmp/nimble_8814/githubcom_ftsfgifenc/.git/hooks/post-update.sample')
rmdir('/tmp/nimble_8814/githubcom_ftsfgifenc/.git/hooks')
unlink('/tmp/nimble_8814/githubcom_ftsfgifenc/.git/shallow')
unlink('/tmp/nimble_8814/githubcom_ftsfgifenc/.git/config')
unlink('/tmp/nimble_8814/githubcom_ftsfgifenc/.git/index')
unlink('/tmp/nimble_8814/githubcom_ftsfgifenc/.git/objects/94/68883a35b749ba84e3763cc75f9e1531cdfc1f')
rmdir('/tmp/nimble_8814/githubcom_ftsfgifenc/.git/objects/94')
rmdir('/tmp/nimble_8814/githubcom_ftsfgifenc/.git/objects/info')
unlink('/tmp/nimble_8814/githubcom_ftsfgifenc/.git/objects/fa/2d3e1dbccbd2db2391877d9a7d959a26dd3cf2')
rmdir('/tmp/nimble_8814/githubcom_ftsfgifenc/.git/objects/fa')
unlink('/tmp/nimble_8814/githubcom_ftsfgifenc/.git/objects/af/c26b042225ddf6c6b9867f7376f016ccb2866c')
rmdir('/tmp/nimble_8814/githubcom_ftsfgifenc/.git/objects/af')
unlink('/tmp/nimble_8814/githubcom_ftsfgifenc/.git/objects/73/ffba128127e6a53492ba85019f9a75056ce651')
rmdir('/tmp/nimble_8814/githubcom_ftsfgifenc/.git/objects/73')
unlink('/tmp/nimble_8814/githubcom_ftsfgifenc/.git/objects/62/d85d1bbb4daac52df5c04c0ce6681e8398bc1c')
rmdir('/tmp/nimble_8814/githubcom_ftsfgifenc/.git/objects/62')
unlink('/tmp/nimble_8814/githubcom_ftsfgifenc/.git/objects/78/27194fccee0b6eba18356f17b80a4cc23eac2b')
rmdir('/tmp/nimble_8814/githubcom_ftsfgifenc/.git/objects/78')
unlink('/tmp/nimble_8814/githubcom_ftsfgifenc/.git/objects/57/9b0e9454a02d68a3de3a4d3eee3668370f73a6')
rmdir('/tmp/nimble_8814/githubcom_ftsfgifenc/.git/objects/57')
unlink('/tmp/nimble_8814/githubcom_ftsfgifenc/.git/objects/8b/96da0ae6142ae492893ba37172febee64228c3')
rmdir('/tmp/nimble_8814/githubcom_ftsfgifenc/.git/objects/8b')
unlink('/tmp/nimble_8814/githubcom_ftsfgifenc/.git/objects/a8/3758cb3f520eb651705972f382c51d1ab8c3a7')
rmdir('/tmp/nimble_8814/githubcom_ftsfgifenc/.git/objects/a8')
unlink('/tmp/nimble_8814/githubcom_ftsfgifenc/.git/objects/ff/d46a4bc8029792f6af852bdc024faa16a94529')
rmdir('/tmp/nimble_8814/githubcom_ftsfgifenc/.git/objects/ff')
rmdir('/tmp/nimble_8814/githubcom_ftsfgifenc/.git/objects/pack')
rmdir('/tmp/nimble_8814/githubcom_ftsfgifenc/.git/objects')
unlink('/tmp/nimble_8814/githubcom_ftsfgifenc/.git/packed-refs')
unlink('/tmp/nimble_8814/githubcom_ftsfgifenc/.git/HEAD')
rmdir('/tmp/nimble_8814/githubcom_ftsfgifenc/.git')
unlink('/tmp/nimble_8814/githubcom_ftsfgifenc/src/gifenc.c')
unlink('/tmp/nimble_8814/githubcom_ftsfgifenc/src/gifenc.h')
unlink('/tmp/nimble_8814/githubcom_ftsfgifenc/src/example.c')
unlink('/tmp/nimble_8814/githubcom_ftsfgifenc/src/gifenc.nim')
rmdir('/tmp/nimble_8814/githubcom_ftsfgifenc/src')
unlink('/tmp/nimble_8814/githubcom_ftsfgifenc/gifenc.nimble')
unlink('/tmp/nimble_8814/githubcom_ftsfgifenc/README')
rmdir('/tmp/nimble_8814/githubcom_ftsfgifenc')
rmdir('/tmp/nimble_8814')
  create directory /tmp
  create directory /tmp/nimble_8814
  create directory /tmp/nimble_8814/githubcom_ftsfgifenc
  delete /tmp/nimble_8814/githubcom_ftsfgifenc
  create directory /tmp/nimble_8814/githubcom_ftsfgifenc
  create directory /tmp/nimble_8814/githubcom_ftsfgifenc/.git
  create directory /tmp/nimble_8814/githubcom_ftsfgifenc/.git
  create directory /tmp/nimble_8814/githubcom_ftsfgifenc/.git/info
  create directory /tmp/nimble_8814/githubcom_ftsfgifenc/.git/branches
  create directory /tmp/nimble_8814/githubcom_ftsfgifenc/.git/hooks
  create directory /tmp/nimble_8814/githubcom_ftsfgifenc/.git/refs
  create directory /tmp/nimble_8814/githubcom_ftsfgifenc/.git/refs/heads
  create directory /tmp/nimble_8814/githubcom_ftsfgifenc/.git/refs/tags
  rename /tmp/nimble_8814/githubcom_ftsfgifenc/.git/HEAD.lock to HEAD
  rename /tmp/nimble_8814/githubcom_ftsfgifenc/.git/config.lock to config
  change permissions of /tmp/nimble_8814/githubcom_ftsfgifenc/.git/config to rwxr--r--
  change permissions of /tmp/nimble_8814/githubcom_ftsfgifenc/.git/config to rw-r--r--
  change permissions of /tmp/nimble_8814/githubcom_ftsfgifenc/.git/config.lock to rw-r--r--
  rename /tmp/nimble_8814/githubcom_ftsfgifenc/.git/config.lock to config
  change permissions of /tmp/nimble_8814/githubcom_ftsfgifenc/.git/config.lock to rw-r--r--
  rename /tmp/nimble_8814/githubcom_ftsfgifenc/.git/config.lock to config
  change permissions of /tmp/nimble_8814/githubcom_ftsfgifenc/.git/config.lock to rw-r--r--
  rename /tmp/nimble_8814/githubcom_ftsfgifenc/.git/config.lock to config
  delete /tmp/nimble_8814/githubcom_ftsfgifenc/.git/tYvy04g
  create symbolic link from /tmp/nimble_8814/githubcom_ftsfgifenc/.git/tYvy04g to /home/runner/work/nim_packages_security_audit/nim_packages_security_audit/testing
  delete /tmp/nimble_8814/githubcom_ftsfgifenc/.git/tYvy04g
  create directory /tmp/nimble_8814/githubcom_ftsfgifenc/.git/objects
  create directory /tmp/nimble_8814/githubcom_ftsfgifenc/.git/objects/pack
  create directory /tmp/nimble_8814/githubcom_ftsfgifenc/.git/objects/info
  change permissions of /tmp/nimble_8814/githubcom_ftsfgifenc/.git/config.lock to rw-r--r--
  rename /tmp/nimble_8814/githubcom_ftsfgifenc/.git/config.lock to config
  change permissions of /tmp/nimble_8814/githubcom_ftsfgifenc/.git/config.lock to rw-r--r--
  rename /tmp/nimble_8814/githubcom_ftsfgifenc/.git/config.lock to config
  change permissions of /tmp/nimble_8814/githubcom_ftsfgifenc/.git/config.lock to rw-r--r--
  rename /tmp/nimble_8814/githubcom_ftsfgifenc/.git/config.lock to config
  create directory /tmp/nimble_8814/githubcom_ftsfgifenc/.git/objects/73
  create hard link from /tmp/nimble_8814/githubcom_ftsfgifenc/.git/objects/73/ffba128127e6a53492ba85019f9a75056ce651 to /tmp/nimble_8814/githubcom_ftsfgifenc/.git/objects/73/tmp_obj_sHpLLB
  delete /tmp/nimble_8814/githubcom_ftsfgifenc/.git/objects/73/tmp_obj_sHpLLB
  create directory /tmp/nimble_8814/githubcom_ftsfgifenc/.git/objects/57
  create hard link from /tmp/nimble_8814/githubcom_ftsfgifenc/.git/objects/57/9b0e9454a02d68a3de3a4d3eee3668370f73a6 to /tmp/nimble_8814/githubcom_ftsfgifenc/.git/objects/57/tmp_obj_gfgmWF
  delete /tmp/nimble_8814/githubcom_ftsfgifenc/.git/objects/57/tmp_obj_gfgmWF
  create directory /tmp/nimble_8814/githubcom_ftsfgifenc/.git/objects/94
  create hard link from /tmp/nimble_8814/githubcom_ftsfgifenc/.git/objects/94/68883a35b749ba84e3763cc75f9e1531cdfc1f to /tmp/nimble_8814/githubcom_ftsfgifenc/.git/objects/94/tmp_obj_eWQx6H
  delete /tmp/nimble_8814/githubcom_ftsfgifenc/.git/objects/94/tmp_obj_eWQx6H
  create directory /tmp/nimble_8814/githubcom_ftsfgifenc/.git/objects/fa
  create hard link from /tmp/nimble_8814/githubcom_ftsfgifenc/.git/objects/fa/2d3e1dbccbd2db2391877d9a7d959a26dd3cf2 to /tmp/nimble_8814/githubcom_ftsfgifenc/.git/objects/fa/tmp_obj_KYtX9M
  delete /tmp/nimble_8814/githubcom_ftsfgifenc/.git/objects/fa/tmp_obj_KYtX9M
  create directory /tmp/nimble_8814/githubcom_ftsfgifenc/.git/objects/62
  create hard link from /tmp/nimble_8814/githubcom_ftsfgifenc/.git/objects/62/d85d1bbb4daac52df5c04c0ce6681e8398bc1c to /tmp/nimble_8814/githubcom_ftsfgifenc/.git/objects/62/tmp_obj_C8ampP
  delete /tmp/nimble_8814/githubcom_ftsfgifenc/.git/objects/62/tmp_obj_C8ampP
  create directory /tmp/nimble_8814/githubcom_ftsfgifenc/.git/objects/78
  create hard link from /tmp/nimble_8814/githubcom_ftsfgifenc/.git/objects/78/27194fccee0b6eba18356f17b80a4cc23eac2b to /tmp/nimble_8814/githubcom_ftsfgifenc/.git/objects/78/tmp_obj_gxHtDQ
  delete /tmp/nimble_8814/githubcom_ftsfgifenc/.git/objects/78/tmp_obj_gxHtDQ
  create directory /tmp/nimble_8814/githubcom_ftsfgifenc/.git/objects/8b
  create hard link from /tmp/nimble_8814/githubcom_ftsfgifenc/.git/objects/8b/96da0ae6142ae492893ba37172febee64228c3 to /tmp/nimble_8814/githubcom_ftsfgifenc/.git/objects/8b/tmp_obj_ak2iPS
  delete /tmp/nimble_8814/githubcom_ftsfgifenc/.git/objects/8b/tmp_obj_ak2iPS
  create directory /tmp/nimble_8814/githubcom_ftsfgifenc/.git/objects/af
  create hard link from /tmp/nimble_8814/githubcom_ftsfgifenc/.git/objects/af/c26b042225ddf6c6b9867f7376f016ccb2866c to /tmp/nimble_8814/githubcom_ftsfgifenc/.git/objects/af/tmp_obj_QHBO4U
  delete /tmp/nimble_8814/githubcom_ftsfgifenc/.git/objects/af/tmp_obj_QHBO4U
  create directory /tmp/nimble_8814/githubcom_ftsfgifenc/.git/objects/a8
  create hard link from /tmp/nimble_8814/githubcom_ftsfgifenc/.git/objects/a8/3758cb3f520eb651705972f382c51d1ab8c3a7 to /tmp/nimble_8814/githubcom_ftsfgifenc/.git/objects/a8/tmp_obj_UHWhU0
  delete /tmp/nimble_8814/githubcom_ftsfgifenc/.git/objects/a8/tmp_obj_UHWhU0
  create directory /tmp/nimble_8814/githubcom_ftsfgifenc/.git/objects/ff
  create hard link from /tmp/nimble_8814/githubcom_ftsfgifenc/.git/objects/ff/d46a4bc8029792f6af852bdc024faa16a94529 to /tmp/nimble_8814/githubcom_ftsfgifenc/.git/objects/ff/tmp_obj_GO3DZ3
  delete /tmp/nimble_8814/githubcom_ftsfgifenc/.git/objects/ff/tmp_obj_GO3DZ3
  rename /tmp/nimble_8814/githubcom_ftsfgifenc/.git/shallow.lock to shallow
  rename /tmp/nimble_8814/githubcom_ftsfgifenc/.git/packed-refs.new to packed-refs
  delete /tmp/nimble_8814/githubcom_ftsfgifenc/.git/packed-refs.lock
  create directory /tmp/nimble_8814/githubcom_ftsfgifenc/.git/refs/remotes
  create directory /tmp/nimble_8814/githubcom_ftsfgifenc/.git/refs/remotes/origin
  create directory /tmp/nimble_8814/githubcom_ftsfgifenc/.git/logs
  create directory /tmp/nimble_8814/githubcom_ftsfgifenc/.git/logs/refs
  create directory /tmp/nimble_8814/githubcom_ftsfgifenc/.git/logs/refs/remotes
  create directory /tmp/nimble_8814/githubcom_ftsfgifenc/.git/logs/refs/remotes/origin
  rename /tmp/nimble_8814/githubcom_ftsfgifenc/.git/refs/remotes/origin/HEAD.lock to HEAD
  rename /tmp/nimble_8814/githubcom_ftsfgifenc/.git/HEAD.lock to HEAD
  create directory /tmp/nimble_8814/githubcom_ftsfgifenc/.git/logs/refs/heads
  rename /tmp/nimble_8814/githubcom_ftsfgifenc/.git/refs/heads/master.lock to master
  delete /tmp/nimble_8814/githubcom_ftsfgifenc/.git/HEAD.lock
  change permissions of /tmp/nimble_8814/githubcom_ftsfgifenc/.git/config.lock to rw-r--r--
  rename /tmp/nimble_8814/githubcom_ftsfgifenc/.git/config.lock to config
  change permissions of /tmp/nimble_8814/githubcom_ftsfgifenc/.git/config.lock to rw-r--r--
  rename /tmp/nimble_8814/githubcom_ftsfgifenc/.git/config.lock to config
  create directory /tmp/nimble_8814/githubcom_ftsfgifenc/src
  rename /tmp/nimble_8814/githubcom_ftsfgifenc/.git/index.lock to index
  create directory /tmp
  create directory /tmp/nimblecache
  create directory /tmp/nimblecache/gifenc_579689539
  delete /tmp/nimblecache/gifenc_579689539/gifenc.ini
  delete /tmp/nimble_8814.out
  delete /tmp/nimble_8814/githubcom_ftsfgifenc/gifenc_8814.nims
  create directory /home
  create directory /home/runner
  create directory /home/runner/.nimble
  create directory /home/runner/.nimble/pkgs
  create directory /home/runner/.nimble/pkgs/gifenc-0.1.1
  create directory /home
  create directory /home/runner
  create directory /home/runner/.nimble
  create directory /home/runner/.nimble/pkgs
  create directory /home/runner/.nimble/pkgs/gifenc-0.1.1
  change permissions of /home/runner/.nimble/pkgs/gifenc-0.1.1/gifenc.c to rw-r--r--
  create directory /home
  create directory /home/runner
  create directory /home/runner/.nimble
  create directory /home/runner/.nimble/pkgs
  create directory /home/runner/.nimble/pkgs/gifenc-0.1.1
  change permissions of /home/runner/.nimble/pkgs/gifenc-0.1.1/gifenc.h to rw-r--r--
  create directory /home
  create directory /home/runner
  create directory /home/runner/.nimble
  create directory /home/runner/.nimble/pkgs
  create directory /home/runner/.nimble/pkgs/gifenc-0.1.1
  change permissions of /home/runner/.nimble/pkgs/gifenc-0.1.1/example.c to rw-r--r--
  create directory /home
  create directory /home/runner
  create directory /home/runner/.nimble
  create directory /home/runner/.nimble/pkgs
  create directory /home/runner/.nimble/pkgs/gifenc-0.1.1
  change permissions of /home/runner/.nimble/pkgs/gifenc-0.1.1/gifenc.nim to rw-r--r--
  change permissions of /home/runner/.nimble/pkgs/gifenc-0.1.1/gifenc.nimble to rw-r--r--
  create directory /tmp
  create directory /tmp/nimblecache
  create directory /tmp/nimblecache/gifenc_2499885783
  delete /tmp/nimblecache/gifenc_2499885783/gifenc.ini
  delete /tmp/nimble_8814.out
  delete /home/runner/.nimble/pkgs/gifenc-0.1.1/gifenc_8814.nims
  delete /tmp/nimble_8814/githubcom_ftsfgifenc/README.md
  delete /tmp/nimble_8814/githubcom_ftsfgifenc/.git/refs/remotes/origin/HEAD
  delete /tmp/nimble_8814/githubcom_ftsfgifenc/.git/refs/remotes/origin
  delete /tmp/nimble_8814/githubcom_ftsfgifenc/.git/refs/remotes
  delete /tmp/nimble_8814/githubcom_ftsfgifenc/.git/refs/tags
  delete /tmp/nimble_8814/githubcom_ftsfgifenc/.git/refs/heads/master
  delete /tmp/nimble_8814/githubcom_ftsfgifenc/.git/refs/heads
  delete /tmp/nimble_8814/githubcom_ftsfgifenc/.git/refs
  delete /tmp/nimble_8814/githubcom_ftsfgifenc/.git/info/exclude
  delete /tmp/nimble_8814/githubcom_ftsfgifenc/.git/info
  delete /tmp/nimble_8814/githubcom_ftsfgifenc/.git/branches
  delete /tmp/nimble_8814/githubcom_ftsfgifenc/.git/logs/refs/remotes/origin/HEAD
  delete /tmp/nimble_8814/githubcom_ftsfgifenc/.git/logs/refs/remotes/origin
  delete /tmp/nimble_8814/githubcom_ftsfgifenc/.git/logs/refs/remotes
  delete /tmp/nimble_8814/githubcom_ftsfgifenc/.git/logs/refs/heads/master
  delete /tmp/nimble_8814/githubcom_ftsfgifenc/.git/logs/refs/heads
  delete /tmp/nimble_8814/githubcom_ftsfgifenc/.git/logs/refs
  delete /tmp/nimble_8814/githubcom_ftsfgifenc/.git/logs/HEAD
  delete /tmp/nimble_8814/githubcom_ftsfgifenc/.git/logs
  delete /tmp/nimble_8814/githubcom_ftsfgifenc/.git/description
  delete /tmp/nimble_8814/githubcom_ftsfgifenc/.git/hooks/pre-rebase.sample
  delete /tmp/nimble_8814/githubcom_ftsfgifenc/.git/hooks/applypatch-msg.sample
  delete /tmp/nimble_8814/githubcom_ftsfgifenc/.git/hooks/pre-push.sample
  delete /tmp/nimble_8814/githubcom_ftsfgifenc/.git/hooks/pre-merge-commit.sample
  delete /tmp/nimble_8814/githubcom_ftsfgifenc/.git/hooks/pre-receive.sample
  delete /tmp/nimble_8814/githubcom_ftsfgifenc/.git/hooks/update.sample
  delete /tmp/nimble_8814/githubcom_ftsfgifenc/.git/hooks/pre-commit.sample
  delete /tmp/nimble_8814/githubcom_ftsfgifenc/.git/hooks/pre-applypatch.sample
  delete /tmp/nimble_8814/githubcom_ftsfgifenc/.git/hooks/commit-msg.sample
  delete /tmp/nimble_8814/githubcom_ftsfgifenc/.git/hooks/fsmonitor-watchman.sample
  delete /tmp/nimble_8814/githubcom_ftsfgifenc/.git/hooks/prepare-commit-msg.sample
  delete /tmp/nimble_8814/githubcom_ftsfgifenc/.git/hooks/post-update.sample
  delete /tmp/nimble_8814/githubcom_ftsfgifenc/.git/hooks
  delete /tmp/nimble_8814/githubcom_ftsfgifenc/.git/shallow
  delete /tmp/nimble_8814/githubcom_ftsfgifenc/.git/config
  delete /tmp/nimble_8814/githubcom_ftsfgifenc/.git/index
  delete /tmp/nimble_8814/githubcom_ftsfgifenc/.git/objects/94/68883a35b749ba84e3763cc75f9e1531cdfc1f
  delete /tmp/nimble_8814/githubcom_ftsfgifenc/.git/objects/94
  delete /tmp/nimble_8814/githubcom_ftsfgifenc/.git/objects/info
  delete /tmp/nimble_8814/githubcom_ftsfgifenc/.git/objects/fa/2d3e1dbccbd2db2391877d9a7d959a26dd3cf2
  delete /tmp/nimble_8814/githubcom_ftsfgifenc/.git/objects/fa
  delete /tmp/nimble_8814/githubcom_ftsfgifenc/.git/objects/af/c26b042225ddf6c6b9867f7376f016ccb2866c
  delete /tmp/nimble_8814/githubcom_ftsfgifenc/.git/objects/af
  delete /tmp/nimble_8814/githubcom_ftsfgifenc/.git/objects/73/ffba128127e6a53492ba85019f9a75056ce651
  delete /tmp/nimble_8814/githubcom_ftsfgifenc/.git/objects/73
  delete /tmp/nimble_8814/githubcom_ftsfgifenc/.git/objects/62/d85d1bbb4daac52df5c04c0ce6681e8398bc1c
  delete /tmp/nimble_8814/githubcom_ftsfgifenc/.git/objects/62
  delete /tmp/nimble_8814/githubcom_ftsfgifenc/.git/objects/78/27194fccee0b6eba18356f17b80a4cc23eac2b
  delete /tmp/nimble_8814/githubcom_ftsfgifenc/.git/objects/78
  delete /tmp/nimble_8814/githubcom_ftsfgifenc/.git/objects/57/9b0e9454a02d68a3de3a4d3eee3668370f73a6
  delete /tmp/nimble_8814/githubcom_ftsfgifenc/.git/objects/57
  delete /tmp/nimble_8814/githubcom_ftsfgifenc/.git/objects/8b/96da0ae6142ae492893ba37172febee64228c3
  delete /tmp/nimble_8814/githubcom_ftsfgifenc/.git/objects/8b
  delete /tmp/nimble_8814/githubcom_ftsfgifenc/.git/objects/a8/3758cb3f520eb651705972f382c51d1ab8c3a7
  delete /tmp/nimble_8814/githubcom_ftsfgifenc/.git/objects/a8
  delete /tmp/nimble_8814/githubcom_ftsfgifenc/.git/objects/ff/d46a4bc8029792f6af852bdc024faa16a94529
  delete /tmp/nimble_8814/githubcom_ftsfgifenc/.git/objects/ff
  delete /tmp/nimble_8814/githubcom_ftsfgifenc/.git/objects/pack
  delete /tmp/nimble_8814/githubcom_ftsfgifenc/.git/objects
  delete /tmp/nimble_8814/githubcom_ftsfgifenc/.git/packed-refs
  delete /tmp/nimble_8814/githubcom_ftsfgifenc/.git/HEAD
  delete /tmp/nimble_8814/githubcom_ftsfgifenc/.git
  delete /tmp/nimble_8814/githubcom_ftsfgifenc/src/gifenc.c
  delete /tmp/nimble_8814/githubcom_ftsfgifenc/src/gifenc.h
  delete /tmp/nimble_8814/githubcom_ftsfgifenc/src/example.c
  delete /tmp/nimble_8814/githubcom_ftsfgifenc/src/gifenc.nim
  delete /tmp/nimble_8814/githubcom_ftsfgifenc/src
  delete /tmp/nimble_8814/githubcom_ftsfgifenc/gifenc.nimble
  delete /tmp/nimble_8814/githubcom_ftsfgifenc/README
  delete /tmp/nimble_8814/githubcom_ftsfgifenc
  delete /tmp/nimble_8814
