      Info: Package cache path /home/runner/.nimble/pkgcache
     Info:  Nimble data file "/home/runner/.nimble/nimbledata2.json" has been loaded.
    Reading official package list
Downloading https://github.com/disruptek/github using git
    Cloning latest tagged version: 3.0.0
open('/workspace/destdir/ssl/openssl.cnf', 32768, 0x00000000000001b6)
open('/home/runner/.config/nimble/nimble.ini', 557056, 0x00000000000001b6)
open('/home/runner/.config/babel/babel.ini', 557056, 0x00000000000001b6)
writev(1, 0x00007ffd382345a0, 2)
open('/home/runner/.nimble/nimbledata2.json', 557056, 0x00000000000001b6)
writev(1, 0x00007ffd38234670, 2)
writev(1, 0x00007fffc1484750, 2)
writev(1, 0x00007fffc14847e0, 2)
writev(1, 0x00007fffc14847e0, 2)
writev(1, 0x00007fffc14847e0, 2)
writev(1, 0x00007ffd38233080, 2)
open('/home/runner/.nimble/packages_official.json', 557056, 0x00000000000001b6)
mkdir('/home/', 0x00000000000001ff)
mkdir('/home/runner/', 0x00000000000001ff)
mkdir('/home/runner/.nimble/', 0x00000000000001ff)
mkdir('/home/runner/.nimble/pkgcache/', 0x00000000000001ff)
mkdir('/home/runner/.nimble/pkgcache/githubcom_disruptekgithub', 0x00000000000001ff)
open('/home/runner/.nimble/pkgcache/githubcom_disruptekgithub', 622592, 0x0000000000000000)
writev(1, 0x00007ffd382330e0, 2)
open('/home/runner/.nimble/pkgcache/githubcom_disruptekgithub', 622592, 0x0000000000000000)
rmdir('/home/runner/.nimble/pkgcache/githubcom_disruptekgithub')
writev(1, 0x00007ffd38232fd0, 2)
mkdir(94157670652704, 0x00000000000001ff)
Error tracing process: readBytes(0x000055a2ca831b20, 256) error: [Errno 5] Input/output error.
