     Info:  Nimble data file "/home/runner/.nimble/nimbledata2.json" has been loaded.
    Reading official package list
Downloading https://github.com/johnnovak/nim-glfw using git
    Cloning latest tagged version: v3.3.4.0
open('/workspace/destdir/ssl/openssl.cnf', 32768, 0x00000000000001b6)
open('/home/runner/.config/nimble/nimble.ini', 557056, 0x00000000000001b6)
open('/home/runner/.config/babel/babel.ini', 557056, 0x00000000000001b6)
open('/home/runner/.nimble/nimbledata2.json', 557056, 0x00000000000001b6)
writev(1, 0x00007ffc915c92a0, 2)
writev(1, 0x00007ffc915c8b80, 2)
open('/home/runner/.nimble/packages_official.json', 557056, 0x00000000000001b6)
mkdir('/tmp/', 0x00000000000001ff)
mkdir('/tmp/nimble_2103/', 0x00000000000001ff)
mkdir('/tmp/nimble_2103/githubcom_johnnovaknimglfw', 0x00000000000001ff)
writev(1, 0x00007ffc915c8b50, 2)
open('/tmp/nimble_2103/githubcom_johnnovaknimglfw', 622592, 0x0000000000000000)
rmdir('/tmp/nimble_2103/githubcom_johnnovaknimglfw')
writev(1, 0x00007ffc915c8ac0, 2)
mkdir(94752896377904, 0x00000000000001ff)
Error tracing process: readBytes(0x0000562d60bae430, 256) error: [Errno 5] Input/output error.
