      Info: Package cache path /home/runner/.nimble/pkgcache
     Info:  Nimble data file "/home/runner/.nimble/nimbledata2.json" has been loaded.
    Reading official package list
Downloading https://github.com/treeform/globby using git
    Cloning latest tagged version: 0.1.0
open('/workspace/destdir/ssl/openssl.cnf', 32768, 0x00000000000001b6)
open('/home/runner/.config/nimble/nimble.ini', 557056, 0x00000000000001b6)
open('/home/runner/.config/babel/babel.ini', 557056, 0x00000000000001b6)
writev(1, 0x00007ffc31e7f410, 2)
open('/home/runner/.nimble/nimbledata2.json', 557056, 0x00000000000001b6)
writev(1, 0x00007ffc31e7f4e0, 2)
writev(1, 0x00007ffe4526d210, 2)
writev(1, 0x00007ffe4526d2a0, 2)
writev(1, 0x00007ffe4526d2a0, 2)
writev(1, 0x00007ffe4526d2a0, 2)
writev(1, 0x00007ffc31e7dec0, 2)
open('/home/runner/.nimble/packages_official.json', 557056, 0x00000000000001b6)
mkdir('/home/', 0x00000000000001ff)
mkdir('/home/runner/', 0x00000000000001ff)
mkdir('/home/runner/.nimble/', 0x00000000000001ff)
mkdir('/home/runner/.nimble/pkgcache/', 0x00000000000001ff)
mkdir('/home/runner/.nimble/pkgcache/githubcom_treeformglobby', 0x00000000000001ff)
open('/home/runner/.nimble/pkgcache/githubcom_treeformglobby', 622592, 0x0000000000000000)
writev(1, 0x00007ffc31e7dfa0, 2)
open('/home/runner/.nimble/pkgcache/githubcom_treeformglobby', 622592, 0x0000000000000000)
rmdir('/home/runner/.nimble/pkgcache/githubcom_treeformglobby')
writev(1, 0x00007ffc31e7de90, 2)
mkdir(94147461298912, 0x00000000000001ff)
Error tracing process: readBytes(0x000055a069fcbae0, 256) error: [Errno 5] Input/output error.
