    Reading official package list
Downloading https://github.com/dvolk/gnuplot.nim using git
       Info /tmp/nimble_6667/githubcom_dvolkgnuplotnim/gnuplot_6667.nims(5, 22) Warning: imported and not used: 'strutils' [UnusedImport]
  Verifying dependencies for gnuplot@0.6
 Installing gnuplot@0.6
    Copying file /tmp/nimble_6667/githubcom_dvolkgnuplotnim/gnuplot.nim to /home/runner/.nimble/pkgs/gnuplot-0.6/gnuplot.nim
    Copying file /tmp/nimble_6667/githubcom_dvolkgnuplotnim/gnuplot.nimble to /home/runner/.nimble/pkgs/gnuplot-0.6/gnuplot.nimble
   Success: gnuplot installed successfully.
       Info /home/runner/.nimble/pkgs/gnuplot-0.6/gnuplot_6667.nims(5, 22) Warning: imported and not used: 'strutils' [UnusedImport]
mkdir('/tmp', 0x00000000000001ff)
mkdir('/tmp/nimble_6667', 0x00000000000001ff)
mkdir('/tmp/nimble_6667/githubcom_dvolkgnuplotnim', 0x00000000000001ff)
rmdir('/tmp/nimble_6667/githubcom_dvolkgnuplotnim')
mkdir('/tmp/nimble_6667/githubcom_dvolkgnuplotnim', 0x00000000000001ff)
mkdir('/tmp/nimble_6667/githubcom_dvolkgnuplotnim/.git', 0x00000000000001ff)
mkdir('/tmp/nimble_6667/githubcom_dvolkgnuplotnim/.git/', 0x00000000000001ff)
mkdir('/tmp/nimble_6667/githubcom_dvolkgnuplotnim/.git/branches/', 0x00000000000001ff)
mkdir('/tmp/nimble_6667/githubcom_dvolkgnuplotnim/.git/hooks/', 0x00000000000001ff)
mkdir('/tmp/nimble_6667/githubcom_dvolkgnuplotnim/.git/info/', 0x00000000000001ff)
mkdir('/tmp/nimble_6667/githubcom_dvolkgnuplotnim/.git/refs', 0x00000000000001ff)
mkdir('/tmp/nimble_6667/githubcom_dvolkgnuplotnim/.git/refs/heads', 0x00000000000001ff)
mkdir('/tmp/nimble_6667/githubcom_dvolkgnuplotnim/.git/refs/tags', 0x00000000000001ff)
rename('/tmp/nimble_6667/githubcom_dvolkgnuplotnim/.git/HEAD.lock', '/tmp/nimble_6667/githubcom_dvolkgnuplotnim/.git/HEAD')
rename('/tmp/nimble_6667/githubcom_dvolkgnuplotnim/.git/config.lock', '/tmp/nimble_6667/githubcom_dvolkgnuplotnim/.git/config')
chmod('/tmp/nimble_6667/githubcom_dvolkgnuplotnim/.git/config', 0x00000000000081e4)
chmod('/tmp/nimble_6667/githubcom_dvolkgnuplotnim/.git/config', 0x00000000000081a4)
chmod('/tmp/nimble_6667/githubcom_dvolkgnuplotnim/.git/config.lock', 0x00000000000001a4)
rename('/tmp/nimble_6667/githubcom_dvolkgnuplotnim/.git/config.lock', '/tmp/nimble_6667/githubcom_dvolkgnuplotnim/.git/config')
chmod('/tmp/nimble_6667/githubcom_dvolkgnuplotnim/.git/config.lock', 0x00000000000001a4)
rename('/tmp/nimble_6667/githubcom_dvolkgnuplotnim/.git/config.lock', '/tmp/nimble_6667/githubcom_dvolkgnuplotnim/.git/config')
chmod('/tmp/nimble_6667/githubcom_dvolkgnuplotnim/.git/config.lock', 0x00000000000001a4)
rename('/tmp/nimble_6667/githubcom_dvolkgnuplotnim/.git/config.lock', '/tmp/nimble_6667/githubcom_dvolkgnuplotnim/.git/config')
unlink('/tmp/nimble_6667/githubcom_dvolkgnuplotnim/.git/ttYdspu')
symlink('testing', '/tmp/nimble_6667/githubcom_dvolkgnuplotnim/.git/ttYdspu')
unlink('/tmp/nimble_6667/githubcom_dvolkgnuplotnim/.git/ttYdspu')
mkdir('/tmp/nimble_6667/githubcom_dvolkgnuplotnim/.git/objects', 0x00000000000001ff)
mkdir('/tmp/nimble_6667/githubcom_dvolkgnuplotnim/.git/objects/pack', 0x00000000000001ff)
mkdir('/tmp/nimble_6667/githubcom_dvolkgnuplotnim/.git/objects/info', 0x00000000000001ff)
chmod('/tmp/nimble_6667/githubcom_dvolkgnuplotnim/.git/config.lock', 0x00000000000001a4)
rename('/tmp/nimble_6667/githubcom_dvolkgnuplotnim/.git/config.lock', '/tmp/nimble_6667/githubcom_dvolkgnuplotnim/.git/config')
chmod('/tmp/nimble_6667/githubcom_dvolkgnuplotnim/.git/config.lock', 0x00000000000001a4)
rename('/tmp/nimble_6667/githubcom_dvolkgnuplotnim/.git/config.lock', '/tmp/nimble_6667/githubcom_dvolkgnuplotnim/.git/config')
chmod('/tmp/nimble_6667/githubcom_dvolkgnuplotnim/.git/config.lock', 0x00000000000001a4)
rename('/tmp/nimble_6667/githubcom_dvolkgnuplotnim/.git/config.lock', '/tmp/nimble_6667/githubcom_dvolkgnuplotnim/.git/config')
link('/tmp/nimble_6667/githubcom_dvolkgnuplotnim/.git/objects/pack/tmp_pack_qvHwUI', '/tmp/nimble_6667/githubcom_dvolkgnuplotnim/.git/objects/pack/pack-ac75105d17ca2a3581787cbb24ef739417d7244c.pack')
unlink('/tmp/nimble_6667/githubcom_dvolkgnuplotnim/.git/objects/pack/tmp_pack_qvHwUI')
link('/tmp/nimble_6667/githubcom_dvolkgnuplotnim/.git/objects/pack/tmp_idx_2oYZfS', '/tmp/nimble_6667/githubcom_dvolkgnuplotnim/.git/objects/pack/pack-ac75105d17ca2a3581787cbb24ef739417d7244c.idx')
unlink('/tmp/nimble_6667/githubcom_dvolkgnuplotnim/.git/objects/pack/tmp_idx_2oYZfS')
rename('/tmp/nimble_6667/githubcom_dvolkgnuplotnim/.git/shallow.lock', '/tmp/nimble_6667/githubcom_dvolkgnuplotnim/.git/shallow')
rename('/tmp/nimble_6667/githubcom_dvolkgnuplotnim/.git/packed-refs.new', '/tmp/nimble_6667/githubcom_dvolkgnuplotnim/.git/packed-refs')
unlink('/tmp/nimble_6667/githubcom_dvolkgnuplotnim/.git/packed-refs.lock')
mkdir('/tmp/nimble_6667/githubcom_dvolkgnuplotnim/.git/refs/remotes', 0x00000000000001ff)
mkdir('/tmp/nimble_6667/githubcom_dvolkgnuplotnim/.git/refs/remotes/origin', 0x00000000000001ff)
mkdir('/tmp/nimble_6667/githubcom_dvolkgnuplotnim/.git/logs', 0x00000000000001ff)
mkdir('/tmp/nimble_6667/githubcom_dvolkgnuplotnim/.git/logs/refs', 0x00000000000001ff)
mkdir('/tmp/nimble_6667/githubcom_dvolkgnuplotnim/.git/logs/refs/remotes', 0x00000000000001ff)
mkdir('/tmp/nimble_6667/githubcom_dvolkgnuplotnim/.git/logs/refs/remotes/origin', 0x00000000000001ff)
rename('/tmp/nimble_6667/githubcom_dvolkgnuplotnim/.git/refs/remotes/origin/HEAD.lock', '/tmp/nimble_6667/githubcom_dvolkgnuplotnim/.git/refs/remotes/origin/HEAD')
rename('/tmp/nimble_6667/githubcom_dvolkgnuplotnim/.git/HEAD.lock', '/tmp/nimble_6667/githubcom_dvolkgnuplotnim/.git/HEAD')
mkdir('/tmp/nimble_6667/githubcom_dvolkgnuplotnim/.git/logs/refs/heads', 0x00000000000001ff)
rename('/tmp/nimble_6667/githubcom_dvolkgnuplotnim/.git/refs/heads/master.lock', '/tmp/nimble_6667/githubcom_dvolkgnuplotnim/.git/refs/heads/master')
unlink('/tmp/nimble_6667/githubcom_dvolkgnuplotnim/.git/HEAD.lock')
chmod('/tmp/nimble_6667/githubcom_dvolkgnuplotnim/.git/config.lock', 0x00000000000001a4)
rename('/tmp/nimble_6667/githubcom_dvolkgnuplotnim/.git/config.lock', '/tmp/nimble_6667/githubcom_dvolkgnuplotnim/.git/config')
chmod('/tmp/nimble_6667/githubcom_dvolkgnuplotnim/.git/config.lock', 0x00000000000001a4)
rename('/tmp/nimble_6667/githubcom_dvolkgnuplotnim/.git/config.lock', '/tmp/nimble_6667/githubcom_dvolkgnuplotnim/.git/config')
unlink('/tmp/nimble_6667/githubcom_dvolkgnuplotnim/.git/objects/pack/pack-ac75105d17ca2a3581787cbb24ef739417d7244c.keep')
mkdir('examples', 0x00000000000001ff)
rename('/tmp/nimble_6667/githubcom_dvolkgnuplotnim/.git/index.lock', '/tmp/nimble_6667/githubcom_dvolkgnuplotnim/.git/index')
mkdir('/tmp', 0x00000000000001ff)
mkdir('/tmp/nimblecache', 0x00000000000001ff)
mkdir('/tmp/nimblecache/gnuplot_2961918177', 0x00000000000001ff)
unlink('/tmp/nimblecache/gnuplot_2961918177/gnuplot.ini')
unlink('/tmp/nimble_6667.out')
unlink('/tmp/nimble_6667/githubcom_dvolkgnuplotnim/gnuplot_6667.nims')
mkdir('/home', 0x00000000000001ff)
mkdir('/home/runner', 0x00000000000001ff)
mkdir('/home/runner/.nimble', 0x00000000000001ff)
mkdir('/home/runner/.nimble/pkgs', 0x00000000000001ff)
mkdir('/home/runner/.nimble/pkgs/gnuplot-0.6', 0x00000000000001ff)
mkdir('/home', 0x00000000000001ff)
mkdir('/home/runner', 0x00000000000001ff)
mkdir('/home/runner/.nimble', 0x00000000000001ff)
mkdir('/home/runner/.nimble/pkgs', 0x00000000000001ff)
mkdir('/home/runner/.nimble/pkgs/gnuplot-0.6', 0x00000000000001ff)
chmod('/home/runner/.nimble/pkgs/gnuplot-0.6/gnuplot.nim', 0x00000000000001a4)
chmod('/home/runner/.nimble/pkgs/gnuplot-0.6/gnuplot.nimble', 0x00000000000001a4)
mkdir('/tmp', 0x00000000000001ff)
mkdir('/tmp/nimblecache', 0x00000000000001ff)
mkdir('/tmp/nimblecache/gnuplot_2997845382', 0x00000000000001ff)
unlink('/tmp/nimblecache/gnuplot_2997845382/gnuplot.ini')
unlink('/tmp/nimble_6667.out')
unlink('/home/runner/.nimble/pkgs/gnuplot-0.6/gnuplot_6667.nims')
unlink('/tmp/nimble_6667/githubcom_dvolkgnuplotnim/examples/fresnel.nim')
unlink('/tmp/nimble_6667/githubcom_dvolkgnuplotnim/examples/dateplot.nim')
unlink('/tmp/nimble_6667/githubcom_dvolkgnuplotnim/examples/fresnel_test.nim')
rmdir('/tmp/nimble_6667/githubcom_dvolkgnuplotnim/examples')
unlink('/tmp/nimble_6667/githubcom_dvolkgnuplotnim/gnuplot.nim')
unlink('/tmp/nimble_6667/githubcom_dvolkgnuplotnim/LICENSE')
unlink('/tmp/nimble_6667/githubcom_dvolkgnuplotnim/gnuplot.nimble')
unlink('/tmp/nimble_6667/githubcom_dvolkgnuplotnim/.git/HEAD')
unlink('/tmp/nimble_6667/githubcom_dvolkgnuplotnim/.git/config')
unlink('/tmp/nimble_6667/githubcom_dvolkgnuplotnim/.git/logs/HEAD')
unlink('/tmp/nimble_6667/githubcom_dvolkgnuplotnim/.git/logs/refs/heads/master')
rmdir('/tmp/nimble_6667/githubcom_dvolkgnuplotnim/.git/logs/refs/heads')
unlink('/tmp/nimble_6667/githubcom_dvolkgnuplotnim/.git/logs/refs/remotes/origin/HEAD')
rmdir('/tmp/nimble_6667/githubcom_dvolkgnuplotnim/.git/logs/refs/remotes/origin')
rmdir('/tmp/nimble_6667/githubcom_dvolkgnuplotnim/.git/logs/refs/remotes')
rmdir('/tmp/nimble_6667/githubcom_dvolkgnuplotnim/.git/logs/refs')
rmdir('/tmp/nimble_6667/githubcom_dvolkgnuplotnim/.git/logs')
rmdir('/tmp/nimble_6667/githubcom_dvolkgnuplotnim/.git/branches')
unlink('/tmp/nimble_6667/githubcom_dvolkgnuplotnim/.git/packed-refs')
unlink('/tmp/nimble_6667/githubcom_dvolkgnuplotnim/.git/refs/heads/master')
rmdir('/tmp/nimble_6667/githubcom_dvolkgnuplotnim/.git/refs/heads')
rmdir('/tmp/nimble_6667/githubcom_dvolkgnuplotnim/.git/refs/tags')
unlink('/tmp/nimble_6667/githubcom_dvolkgnuplotnim/.git/refs/remotes/origin/HEAD')
rmdir('/tmp/nimble_6667/githubcom_dvolkgnuplotnim/.git/refs/remotes/origin')
rmdir('/tmp/nimble_6667/githubcom_dvolkgnuplotnim/.git/refs/remotes')
rmdir('/tmp/nimble_6667/githubcom_dvolkgnuplotnim/.git/refs')
unlink('/tmp/nimble_6667/githubcom_dvolkgnuplotnim/.git/hooks/fsmonitor-watchman.sample')
unlink('/tmp/nimble_6667/githubcom_dvolkgnuplotnim/.git/hooks/pre-rebase.sample')
unlink('/tmp/nimble_6667/githubcom_dvolkgnuplotnim/.git/hooks/pre-push.sample')
unlink('/tmp/nimble_6667/githubcom_dvolkgnuplotnim/.git/hooks/pre-applypatch.sample')
unlink('/tmp/nimble_6667/githubcom_dvolkgnuplotnim/.git/hooks/pre-receive.sample')
unlink('/tmp/nimble_6667/githubcom_dvolkgnuplotnim/.git/hooks/commit-msg.sample')
unlink('/tmp/nimble_6667/githubcom_dvolkgnuplotnim/.git/hooks/pre-merge-commit.sample')
unlink('/tmp/nimble_6667/githubcom_dvolkgnuplotnim/.git/hooks/prepare-commit-msg.sample')
unlink('/tmp/nimble_6667/githubcom_dvolkgnuplotnim/.git/hooks/pre-commit.sample')
unlink('/tmp/nimble_6667/githubcom_dvolkgnuplotnim/.git/hooks/update.sample')
unlink('/tmp/nimble_6667/githubcom_dvolkgnuplotnim/.git/hooks/applypatch-msg.sample')
unlink('/tmp/nimble_6667/githubcom_dvolkgnuplotnim/.git/hooks/post-update.sample')
rmdir('/tmp/nimble_6667/githubcom_dvolkgnuplotnim/.git/hooks')
unlink('/tmp/nimble_6667/githubcom_dvolkgnuplotnim/.git/index')
unlink('/tmp/nimble_6667/githubcom_dvolkgnuplotnim/.git/info/exclude')
rmdir('/tmp/nimble_6667/githubcom_dvolkgnuplotnim/.git/info')
unlink('/tmp/nimble_6667/githubcom_dvolkgnuplotnim/.git/shallow')
unlink('/tmp/nimble_6667/githubcom_dvolkgnuplotnim/.git/description')
unlink('/tmp/nimble_6667/githubcom_dvolkgnuplotnim/.git/objects/pack/pack-ac75105d17ca2a3581787cbb24ef739417d7244c.pack')
unlink('/tmp/nimble_6667/githubcom_dvolkgnuplotnim/.git/objects/pack/pack-ac75105d17ca2a3581787cbb24ef739417d7244c.idx')
rmdir('/tmp/nimble_6667/githubcom_dvolkgnuplotnim/.git/objects/pack')
rmdir('/tmp/nimble_6667/githubcom_dvolkgnuplotnim/.git/objects/info')
rmdir('/tmp/nimble_6667/githubcom_dvolkgnuplotnim/.git/objects')
rmdir('/tmp/nimble_6667/githubcom_dvolkgnuplotnim/.git')
unlink('/tmp/nimble_6667/githubcom_dvolkgnuplotnim/README.md')
rmdir('/tmp/nimble_6667/githubcom_dvolkgnuplotnim')
rmdir('/tmp/nimble_6667')
  create directory /tmp
  create directory /tmp/nimble_6667
  create directory /tmp/nimble_6667/githubcom_dvolkgnuplotnim
  delete /tmp/nimble_6667/githubcom_dvolkgnuplotnim
  create directory /tmp/nimble_6667/githubcom_dvolkgnuplotnim
  create directory /tmp/nimble_6667/githubcom_dvolkgnuplotnim/.git
  create directory /tmp/nimble_6667/githubcom_dvolkgnuplotnim/.git
  create directory /tmp/nimble_6667/githubcom_dvolkgnuplotnim/.git/branches
  create directory /tmp/nimble_6667/githubcom_dvolkgnuplotnim/.git/hooks
  create directory /tmp/nimble_6667/githubcom_dvolkgnuplotnim/.git/info
  create directory /tmp/nimble_6667/githubcom_dvolkgnuplotnim/.git/refs
  create directory /tmp/nimble_6667/githubcom_dvolkgnuplotnim/.git/refs/heads
  create directory /tmp/nimble_6667/githubcom_dvolkgnuplotnim/.git/refs/tags
  rename /tmp/nimble_6667/githubcom_dvolkgnuplotnim/.git/HEAD.lock to HEAD
  rename /tmp/nimble_6667/githubcom_dvolkgnuplotnim/.git/config.lock to config
  change permissions of /tmp/nimble_6667/githubcom_dvolkgnuplotnim/.git/config to rwxr--r--
  change permissions of /tmp/nimble_6667/githubcom_dvolkgnuplotnim/.git/config to rw-r--r--
  change permissions of /tmp/nimble_6667/githubcom_dvolkgnuplotnim/.git/config.lock to rw-r--r--
  rename /tmp/nimble_6667/githubcom_dvolkgnuplotnim/.git/config.lock to config
  change permissions of /tmp/nimble_6667/githubcom_dvolkgnuplotnim/.git/config.lock to rw-r--r--
  rename /tmp/nimble_6667/githubcom_dvolkgnuplotnim/.git/config.lock to config
  change permissions of /tmp/nimble_6667/githubcom_dvolkgnuplotnim/.git/config.lock to rw-r--r--
  rename /tmp/nimble_6667/githubcom_dvolkgnuplotnim/.git/config.lock to config
  delete /tmp/nimble_6667/githubcom_dvolkgnuplotnim/.git/ttYdspu
  create symbolic link from /tmp/nimble_6667/githubcom_dvolkgnuplotnim/.git/ttYdspu to /home/runner/work/nim_packages_security_audit/nim_packages_security_audit/testing
  delete /tmp/nimble_6667/githubcom_dvolkgnuplotnim/.git/ttYdspu
  create directory /tmp/nimble_6667/githubcom_dvolkgnuplotnim/.git/objects
  create directory /tmp/nimble_6667/githubcom_dvolkgnuplotnim/.git/objects/pack
  create directory /tmp/nimble_6667/githubcom_dvolkgnuplotnim/.git/objects/info
  change permissions of /tmp/nimble_6667/githubcom_dvolkgnuplotnim/.git/config.lock to rw-r--r--
  rename /tmp/nimble_6667/githubcom_dvolkgnuplotnim/.git/config.lock to config
  change permissions of /tmp/nimble_6667/githubcom_dvolkgnuplotnim/.git/config.lock to rw-r--r--
  rename /tmp/nimble_6667/githubcom_dvolkgnuplotnim/.git/config.lock to config
  change permissions of /tmp/nimble_6667/githubcom_dvolkgnuplotnim/.git/config.lock to rw-r--r--
  rename /tmp/nimble_6667/githubcom_dvolkgnuplotnim/.git/config.lock to config
  create hard link from /tmp/nimble_6667/githubcom_dvolkgnuplotnim/.git/objects/pack/pack-ac75105d17ca2a3581787cbb24ef739417d7244c.pack to /tmp/nimble_6667/githubcom_dvolkgnuplotnim/.git/objects/pack/tmp_pack_qvHwUI
  delete /tmp/nimble_6667/githubcom_dvolkgnuplotnim/.git/objects/pack/tmp_pack_qvHwUI
  create hard link from /tmp/nimble_6667/githubcom_dvolkgnuplotnim/.git/objects/pack/pack-ac75105d17ca2a3581787cbb24ef739417d7244c.idx to /tmp/nimble_6667/githubcom_dvolkgnuplotnim/.git/objects/pack/tmp_idx_2oYZfS
  delete /tmp/nimble_6667/githubcom_dvolkgnuplotnim/.git/objects/pack/tmp_idx_2oYZfS
  rename /tmp/nimble_6667/githubcom_dvolkgnuplotnim/.git/shallow.lock to shallow
  rename /tmp/nimble_6667/githubcom_dvolkgnuplotnim/.git/packed-refs.new to packed-refs
  delete /tmp/nimble_6667/githubcom_dvolkgnuplotnim/.git/packed-refs.lock
  create directory /tmp/nimble_6667/githubcom_dvolkgnuplotnim/.git/refs/remotes
  create directory /tmp/nimble_6667/githubcom_dvolkgnuplotnim/.git/refs/remotes/origin
  create directory /tmp/nimble_6667/githubcom_dvolkgnuplotnim/.git/logs
  create directory /tmp/nimble_6667/githubcom_dvolkgnuplotnim/.git/logs/refs
  create directory /tmp/nimble_6667/githubcom_dvolkgnuplotnim/.git/logs/refs/remotes
  create directory /tmp/nimble_6667/githubcom_dvolkgnuplotnim/.git/logs/refs/remotes/origin
  rename /tmp/nimble_6667/githubcom_dvolkgnuplotnim/.git/refs/remotes/origin/HEAD.lock to HEAD
  rename /tmp/nimble_6667/githubcom_dvolkgnuplotnim/.git/HEAD.lock to HEAD
  create directory /tmp/nimble_6667/githubcom_dvolkgnuplotnim/.git/logs/refs/heads
  rename /tmp/nimble_6667/githubcom_dvolkgnuplotnim/.git/refs/heads/master.lock to master
  delete /tmp/nimble_6667/githubcom_dvolkgnuplotnim/.git/HEAD.lock
  change permissions of /tmp/nimble_6667/githubcom_dvolkgnuplotnim/.git/config.lock to rw-r--r--
  rename /tmp/nimble_6667/githubcom_dvolkgnuplotnim/.git/config.lock to config
  change permissions of /tmp/nimble_6667/githubcom_dvolkgnuplotnim/.git/config.lock to rw-r--r--
  rename /tmp/nimble_6667/githubcom_dvolkgnuplotnim/.git/config.lock to config
  delete /tmp/nimble_6667/githubcom_dvolkgnuplotnim/.git/objects/pack/pack-ac75105d17ca2a3581787cbb24ef739417d7244c.keep
  create directory /tmp/nimble_6667/githubcom_dvolkgnuplotnim/examples
  rename /tmp/nimble_6667/githubcom_dvolkgnuplotnim/.git/index.lock to index
  create directory /tmp
  create directory /tmp/nimblecache
  create directory /tmp/nimblecache/gnuplot_2961918177
  delete /tmp/nimblecache/gnuplot_2961918177/gnuplot.ini
  delete /tmp/nimble_6667.out
  delete /tmp/nimble_6667/githubcom_dvolkgnuplotnim/gnuplot_6667.nims
  create directory /home
  create directory /home/runner
  create directory /home/runner/.nimble
  create directory /home/runner/.nimble/pkgs
  create directory /home/runner/.nimble/pkgs/gnuplot-0.6
  create directory /home
  create directory /home/runner
  create directory /home/runner/.nimble
  create directory /home/runner/.nimble/pkgs
  create directory /home/runner/.nimble/pkgs/gnuplot-0.6
  change permissions of /home/runner/.nimble/pkgs/gnuplot-0.6/gnuplot.nim to rw-r--r--
  change permissions of /home/runner/.nimble/pkgs/gnuplot-0.6/gnuplot.nimble to rw-r--r--
  create directory /tmp
  create directory /tmp/nimblecache
  create directory /tmp/nimblecache/gnuplot_2997845382
  delete /tmp/nimblecache/gnuplot_2997845382/gnuplot.ini
  delete /tmp/nimble_6667.out
  delete /home/runner/.nimble/pkgs/gnuplot-0.6/gnuplot_6667.nims
  delete /tmp/nimble_6667/githubcom_dvolkgnuplotnim/examples/fresnel.nim
  delete /tmp/nimble_6667/githubcom_dvolkgnuplotnim/examples/dateplot.nim
  delete /tmp/nimble_6667/githubcom_dvolkgnuplotnim/examples/fresnel_test.nim
  delete /tmp/nimble_6667/githubcom_dvolkgnuplotnim/examples
  delete /tmp/nimble_6667/githubcom_dvolkgnuplotnim/gnuplot.nim
  delete /tmp/nimble_6667/githubcom_dvolkgnuplotnim/LICENSE
  delete /tmp/nimble_6667/githubcom_dvolkgnuplotnim/gnuplot.nimble
  delete /tmp/nimble_6667/githubcom_dvolkgnuplotnim/.git/HEAD
  delete /tmp/nimble_6667/githubcom_dvolkgnuplotnim/.git/config
  delete /tmp/nimble_6667/githubcom_dvolkgnuplotnim/.git/logs/HEAD
  delete /tmp/nimble_6667/githubcom_dvolkgnuplotnim/.git/logs/refs/heads/master
  delete /tmp/nimble_6667/githubcom_dvolkgnuplotnim/.git/logs/refs/heads
  delete /tmp/nimble_6667/githubcom_dvolkgnuplotnim/.git/logs/refs/remotes/origin/HEAD
  delete /tmp/nimble_6667/githubcom_dvolkgnuplotnim/.git/logs/refs/remotes/origin
  delete /tmp/nimble_6667/githubcom_dvolkgnuplotnim/.git/logs/refs/remotes
  delete /tmp/nimble_6667/githubcom_dvolkgnuplotnim/.git/logs/refs
  delete /tmp/nimble_6667/githubcom_dvolkgnuplotnim/.git/logs
  delete /tmp/nimble_6667/githubcom_dvolkgnuplotnim/.git/branches
  delete /tmp/nimble_6667/githubcom_dvolkgnuplotnim/.git/packed-refs
  delete /tmp/nimble_6667/githubcom_dvolkgnuplotnim/.git/refs/heads/master
  delete /tmp/nimble_6667/githubcom_dvolkgnuplotnim/.git/refs/heads
  delete /tmp/nimble_6667/githubcom_dvolkgnuplotnim/.git/refs/tags
  delete /tmp/nimble_6667/githubcom_dvolkgnuplotnim/.git/refs/remotes/origin/HEAD
  delete /tmp/nimble_6667/githubcom_dvolkgnuplotnim/.git/refs/remotes/origin
  delete /tmp/nimble_6667/githubcom_dvolkgnuplotnim/.git/refs/remotes
  delete /tmp/nimble_6667/githubcom_dvolkgnuplotnim/.git/refs
  delete /tmp/nimble_6667/githubcom_dvolkgnuplotnim/.git/hooks/fsmonitor-watchman.sample
  delete /tmp/nimble_6667/githubcom_dvolkgnuplotnim/.git/hooks/pre-rebase.sample
  delete /tmp/nimble_6667/githubcom_dvolkgnuplotnim/.git/hooks/pre-push.sample
  delete /tmp/nimble_6667/githubcom_dvolkgnuplotnim/.git/hooks/pre-applypatch.sample
  delete /tmp/nimble_6667/githubcom_dvolkgnuplotnim/.git/hooks/pre-receive.sample
  delete /tmp/nimble_6667/githubcom_dvolkgnuplotnim/.git/hooks/commit-msg.sample
  delete /tmp/nimble_6667/githubcom_dvolkgnuplotnim/.git/hooks/pre-merge-commit.sample
  delete /tmp/nimble_6667/githubcom_dvolkgnuplotnim/.git/hooks/prepare-commit-msg.sample
  delete /tmp/nimble_6667/githubcom_dvolkgnuplotnim/.git/hooks/pre-commit.sample
  delete /tmp/nimble_6667/githubcom_dvolkgnuplotnim/.git/hooks/update.sample
  delete /tmp/nimble_6667/githubcom_dvolkgnuplotnim/.git/hooks/applypatch-msg.sample
  delete /tmp/nimble_6667/githubcom_dvolkgnuplotnim/.git/hooks/post-update.sample
  delete /tmp/nimble_6667/githubcom_dvolkgnuplotnim/.git/hooks
  delete /tmp/nimble_6667/githubcom_dvolkgnuplotnim/.git/index
  delete /tmp/nimble_6667/githubcom_dvolkgnuplotnim/.git/info/exclude
  delete /tmp/nimble_6667/githubcom_dvolkgnuplotnim/.git/info
  delete /tmp/nimble_6667/githubcom_dvolkgnuplotnim/.git/shallow
  delete /tmp/nimble_6667/githubcom_dvolkgnuplotnim/.git/description
  delete /tmp/nimble_6667/githubcom_dvolkgnuplotnim/.git/objects/pack/pack-ac75105d17ca2a3581787cbb24ef739417d7244c.pack
  delete /tmp/nimble_6667/githubcom_dvolkgnuplotnim/.git/objects/pack/pack-ac75105d17ca2a3581787cbb24ef739417d7244c.idx
  delete /tmp/nimble_6667/githubcom_dvolkgnuplotnim/.git/objects/pack
  delete /tmp/nimble_6667/githubcom_dvolkgnuplotnim/.git/objects/info
  delete /tmp/nimble_6667/githubcom_dvolkgnuplotnim/.git/objects
  delete /tmp/nimble_6667/githubcom_dvolkgnuplotnim/.git
  delete /tmp/nimble_6667/githubcom_dvolkgnuplotnim/README.md
  delete /tmp/nimble_6667/githubcom_dvolkgnuplotnim
  delete /tmp/nimble_6667
