    Reading official package list
Downloading https://github.com/achesak/nim-gpx using git
  Verifying dependencies for gpx@1.0
 Installing gpx@1.0
    Copying file /tmp/nimble_6397/githubcom_achesaknimgpx/gpx.nim to /home/runner/.nimble/pkgs/gpx-1.0/gpx.nim
    Copying file /tmp/nimble_6397/githubcom_achesaknimgpx/gpx.nimble to /home/runner/.nimble/pkgs/gpx-1.0/gpx.nimble
   Success: gpx installed successfully.
mkdir('/tmp', 0x00000000000001ff)
mkdir('/tmp/nimble_6397', 0x00000000000001ff)
mkdir('/tmp/nimble_6397/githubcom_achesaknimgpx', 0x00000000000001ff)
rmdir('/tmp/nimble_6397/githubcom_achesaknimgpx')
mkdir('/tmp/nimble_6397/githubcom_achesaknimgpx', 0x00000000000001ff)
mkdir('/tmp/nimble_6397/githubcom_achesaknimgpx/.git', 0x00000000000001ff)
mkdir('/tmp/nimble_6397/githubcom_achesaknimgpx/.git/', 0x00000000000001ff)
mkdir('/tmp/nimble_6397/githubcom_achesaknimgpx/.git/info/', 0x00000000000001ff)
mkdir('/tmp/nimble_6397/githubcom_achesaknimgpx/.git/branches/', 0x00000000000001ff)
mkdir('/tmp/nimble_6397/githubcom_achesaknimgpx/.git/hooks/', 0x00000000000001ff)
mkdir('/tmp/nimble_6397/githubcom_achesaknimgpx/.git/refs', 0x00000000000001ff)
mkdir('/tmp/nimble_6397/githubcom_achesaknimgpx/.git/refs/heads', 0x00000000000001ff)
mkdir('/tmp/nimble_6397/githubcom_achesaknimgpx/.git/refs/tags', 0x00000000000001ff)
rename('/tmp/nimble_6397/githubcom_achesaknimgpx/.git/HEAD.lock', '/tmp/nimble_6397/githubcom_achesaknimgpx/.git/HEAD')
rename('/tmp/nimble_6397/githubcom_achesaknimgpx/.git/config.lock', '/tmp/nimble_6397/githubcom_achesaknimgpx/.git/config')
chmod('/tmp/nimble_6397/githubcom_achesaknimgpx/.git/config', 0x00000000000081e4)
chmod('/tmp/nimble_6397/githubcom_achesaknimgpx/.git/config', 0x00000000000081a4)
chmod('/tmp/nimble_6397/githubcom_achesaknimgpx/.git/config.lock', 0x00000000000001a4)
rename('/tmp/nimble_6397/githubcom_achesaknimgpx/.git/config.lock', '/tmp/nimble_6397/githubcom_achesaknimgpx/.git/config')
chmod('/tmp/nimble_6397/githubcom_achesaknimgpx/.git/config.lock', 0x00000000000001a4)
rename('/tmp/nimble_6397/githubcom_achesaknimgpx/.git/config.lock', '/tmp/nimble_6397/githubcom_achesaknimgpx/.git/config')
chmod('/tmp/nimble_6397/githubcom_achesaknimgpx/.git/config.lock', 0x00000000000001a4)
rename('/tmp/nimble_6397/githubcom_achesaknimgpx/.git/config.lock', '/tmp/nimble_6397/githubcom_achesaknimgpx/.git/config')
unlink('/tmp/nimble_6397/githubcom_achesaknimgpx/.git/tjm82gP')
symlink('testing', '/tmp/nimble_6397/githubcom_achesaknimgpx/.git/tjm82gP')
unlink('/tmp/nimble_6397/githubcom_achesaknimgpx/.git/tjm82gP')
mkdir('/tmp/nimble_6397/githubcom_achesaknimgpx/.git/objects', 0x00000000000001ff)
mkdir('/tmp/nimble_6397/githubcom_achesaknimgpx/.git/objects/pack', 0x00000000000001ff)
mkdir('/tmp/nimble_6397/githubcom_achesaknimgpx/.git/objects/info', 0x00000000000001ff)
chmod('/tmp/nimble_6397/githubcom_achesaknimgpx/.git/config.lock', 0x00000000000001a4)
rename('/tmp/nimble_6397/githubcom_achesaknimgpx/.git/config.lock', '/tmp/nimble_6397/githubcom_achesaknimgpx/.git/config')
chmod('/tmp/nimble_6397/githubcom_achesaknimgpx/.git/config.lock', 0x00000000000001a4)
rename('/tmp/nimble_6397/githubcom_achesaknimgpx/.git/config.lock', '/tmp/nimble_6397/githubcom_achesaknimgpx/.git/config')
chmod('/tmp/nimble_6397/githubcom_achesaknimgpx/.git/config.lock', 0x00000000000001a4)
rename('/tmp/nimble_6397/githubcom_achesaknimgpx/.git/config.lock', '/tmp/nimble_6397/githubcom_achesaknimgpx/.git/config')
mkdir('/tmp/nimble_6397/githubcom_achesaknimgpx/.git/objects/52', 0x00000000000001ff)
link('/tmp/nimble_6397/githubcom_achesaknimgpx/.git/objects/52/tmp_obj_SGAboO', '/tmp/nimble_6397/githubcom_achesaknimgpx/.git/objects/52/d9f17b37889deb13ff9658b6a2322898dcae82')
unlink('/tmp/nimble_6397/githubcom_achesaknimgpx/.git/objects/52/tmp_obj_SGAboO')
mkdir('/tmp/nimble_6397/githubcom_achesaknimgpx/.git/objects/dc', 0x00000000000001ff)
link('/tmp/nimble_6397/githubcom_achesaknimgpx/.git/objects/dc/tmp_obj_kdej2U', '/tmp/nimble_6397/githubcom_achesaknimgpx/.git/objects/dc/f8bd406babd4d3555d5400f2751a15a5ee6afb')
unlink('/tmp/nimble_6397/githubcom_achesaknimgpx/.git/objects/dc/tmp_obj_kdej2U')
mkdir('/tmp/nimble_6397/githubcom_achesaknimgpx/.git/objects/de', 0x00000000000001ff)
link('/tmp/nimble_6397/githubcom_achesaknimgpx/.git/objects/de/tmp_obj_uw1eFV', '/tmp/nimble_6397/githubcom_achesaknimgpx/.git/objects/de/b55a8aa34cfdbe376cd9c8763c7ceb815dc4cd')
unlink('/tmp/nimble_6397/githubcom_achesaknimgpx/.git/objects/de/tmp_obj_uw1eFV')
mkdir('/tmp/nimble_6397/githubcom_achesaknimgpx/.git/objects/f7', 0x00000000000001ff)
link('/tmp/nimble_6397/githubcom_achesaknimgpx/.git/objects/f7/tmp_obj_QhKSQ0', '/tmp/nimble_6397/githubcom_achesaknimgpx/.git/objects/f7/379b77a6acb6062d4edefac4988df00c6ae3bf')
unlink('/tmp/nimble_6397/githubcom_achesaknimgpx/.git/objects/f7/tmp_obj_QhKSQ0')
mkdir('/tmp/nimble_6397/githubcom_achesaknimgpx/.git/objects/81', 0x00000000000001ff)
link('/tmp/nimble_6397/githubcom_achesaknimgpx/.git/objects/81/tmp_obj_w1e0r6', '/tmp/nimble_6397/githubcom_achesaknimgpx/.git/objects/81/40dc656aca0a09c7e2ab14aa9671d6ad552336')
unlink('/tmp/nimble_6397/githubcom_achesaknimgpx/.git/objects/81/tmp_obj_w1e0r6')
mkdir('/tmp/nimble_6397/githubcom_achesaknimgpx/.git/objects/9c', 0x00000000000001ff)
link('/tmp/nimble_6397/githubcom_achesaknimgpx/.git/objects/9c/tmp_obj_iMeQVa', '/tmp/nimble_6397/githubcom_achesaknimgpx/.git/objects/9c/e7ee101981ad90b74207c278684a02883e8818')
unlink('/tmp/nimble_6397/githubcom_achesaknimgpx/.git/objects/9c/tmp_obj_iMeQVa')
rename('/tmp/nimble_6397/githubcom_achesaknimgpx/.git/shallow.lock', '/tmp/nimble_6397/githubcom_achesaknimgpx/.git/shallow')
rename('/tmp/nimble_6397/githubcom_achesaknimgpx/.git/packed-refs.new', '/tmp/nimble_6397/githubcom_achesaknimgpx/.git/packed-refs')
unlink('/tmp/nimble_6397/githubcom_achesaknimgpx/.git/packed-refs.lock')
mkdir('/tmp/nimble_6397/githubcom_achesaknimgpx/.git/refs/remotes', 0x00000000000001ff)
mkdir('/tmp/nimble_6397/githubcom_achesaknimgpx/.git/refs/remotes/origin', 0x00000000000001ff)
mkdir('/tmp/nimble_6397/githubcom_achesaknimgpx/.git/logs', 0x00000000000001ff)
mkdir('/tmp/nimble_6397/githubcom_achesaknimgpx/.git/logs/refs', 0x00000000000001ff)
mkdir('/tmp/nimble_6397/githubcom_achesaknimgpx/.git/logs/refs/remotes', 0x00000000000001ff)
mkdir('/tmp/nimble_6397/githubcom_achesaknimgpx/.git/logs/refs/remotes/origin', 0x00000000000001ff)
rename('/tmp/nimble_6397/githubcom_achesaknimgpx/.git/refs/remotes/origin/HEAD.lock', '/tmp/nimble_6397/githubcom_achesaknimgpx/.git/refs/remotes/origin/HEAD')
rename('/tmp/nimble_6397/githubcom_achesaknimgpx/.git/HEAD.lock', '/tmp/nimble_6397/githubcom_achesaknimgpx/.git/HEAD')
mkdir('/tmp/nimble_6397/githubcom_achesaknimgpx/.git/logs/refs/heads', 0x00000000000001ff)
rename('/tmp/nimble_6397/githubcom_achesaknimgpx/.git/refs/heads/master.lock', '/tmp/nimble_6397/githubcom_achesaknimgpx/.git/refs/heads/master')
unlink('/tmp/nimble_6397/githubcom_achesaknimgpx/.git/HEAD.lock')
chmod('/tmp/nimble_6397/githubcom_achesaknimgpx/.git/config.lock', 0x00000000000001a4)
rename('/tmp/nimble_6397/githubcom_achesaknimgpx/.git/config.lock', '/tmp/nimble_6397/githubcom_achesaknimgpx/.git/config')
chmod('/tmp/nimble_6397/githubcom_achesaknimgpx/.git/config.lock', 0x00000000000001a4)
rename('/tmp/nimble_6397/githubcom_achesaknimgpx/.git/config.lock', '/tmp/nimble_6397/githubcom_achesaknimgpx/.git/config')
rename('/tmp/nimble_6397/githubcom_achesaknimgpx/.git/index.lock', '/tmp/nimble_6397/githubcom_achesaknimgpx/.git/index')
mkdir('/home', 0x00000000000001ff)
mkdir('/home/runner', 0x00000000000001ff)
mkdir('/home/runner/.nimble', 0x00000000000001ff)
mkdir('/home/runner/.nimble/pkgs', 0x00000000000001ff)
mkdir('/home/runner/.nimble/pkgs/gpx-1.0', 0x00000000000001ff)
mkdir('/home', 0x00000000000001ff)
mkdir('/home/runner', 0x00000000000001ff)
mkdir('/home/runner/.nimble', 0x00000000000001ff)
mkdir('/home/runner/.nimble/pkgs', 0x00000000000001ff)
mkdir('/home/runner/.nimble/pkgs/gpx-1.0', 0x00000000000001ff)
chmod('/home/runner/.nimble/pkgs/gpx-1.0/gpx.nim', 0x00000000000001a4)
chmod('/home/runner/.nimble/pkgs/gpx-1.0/gpx.nimble', 0x00000000000001a4)
unlink('/tmp/nimble_6397/githubcom_achesaknimgpx/README.md')
unlink('/tmp/nimble_6397/githubcom_achesaknimgpx/.git/refs/remotes/origin/HEAD')
rmdir('/tmp/nimble_6397/githubcom_achesaknimgpx/.git/refs/remotes/origin')
rmdir('/tmp/nimble_6397/githubcom_achesaknimgpx/.git/refs/remotes')
rmdir('/tmp/nimble_6397/githubcom_achesaknimgpx/.git/refs/tags')
unlink('/tmp/nimble_6397/githubcom_achesaknimgpx/.git/refs/heads/master')
rmdir('/tmp/nimble_6397/githubcom_achesaknimgpx/.git/refs/heads')
rmdir('/tmp/nimble_6397/githubcom_achesaknimgpx/.git/refs')
unlink('/tmp/nimble_6397/githubcom_achesaknimgpx/.git/info/exclude')
rmdir('/tmp/nimble_6397/githubcom_achesaknimgpx/.git/info')
rmdir('/tmp/nimble_6397/githubcom_achesaknimgpx/.git/branches')
unlink('/tmp/nimble_6397/githubcom_achesaknimgpx/.git/logs/refs/remotes/origin/HEAD')
rmdir('/tmp/nimble_6397/githubcom_achesaknimgpx/.git/logs/refs/remotes/origin')
rmdir('/tmp/nimble_6397/githubcom_achesaknimgpx/.git/logs/refs/remotes')
unlink('/tmp/nimble_6397/githubcom_achesaknimgpx/.git/logs/refs/heads/master')
rmdir('/tmp/nimble_6397/githubcom_achesaknimgpx/.git/logs/refs/heads')
rmdir('/tmp/nimble_6397/githubcom_achesaknimgpx/.git/logs/refs')
unlink('/tmp/nimble_6397/githubcom_achesaknimgpx/.git/logs/HEAD')
rmdir('/tmp/nimble_6397/githubcom_achesaknimgpx/.git/logs')
unlink('/tmp/nimble_6397/githubcom_achesaknimgpx/.git/description')
unlink('/tmp/nimble_6397/githubcom_achesaknimgpx/.git/hooks/pre-rebase.sample')
unlink('/tmp/nimble_6397/githubcom_achesaknimgpx/.git/hooks/applypatch-msg.sample')
unlink('/tmp/nimble_6397/githubcom_achesaknimgpx/.git/hooks/pre-push.sample')
unlink('/tmp/nimble_6397/githubcom_achesaknimgpx/.git/hooks/pre-merge-commit.sample')
unlink('/tmp/nimble_6397/githubcom_achesaknimgpx/.git/hooks/pre-receive.sample')
unlink('/tmp/nimble_6397/githubcom_achesaknimgpx/.git/hooks/update.sample')
unlink('/tmp/nimble_6397/githubcom_achesaknimgpx/.git/hooks/pre-commit.sample')
unlink('/tmp/nimble_6397/githubcom_achesaknimgpx/.git/hooks/pre-applypatch.sample')
unlink('/tmp/nimble_6397/githubcom_achesaknimgpx/.git/hooks/commit-msg.sample')
unlink('/tmp/nimble_6397/githubcom_achesaknimgpx/.git/hooks/fsmonitor-watchman.sample')
unlink('/tmp/nimble_6397/githubcom_achesaknimgpx/.git/hooks/prepare-commit-msg.sample')
unlink('/tmp/nimble_6397/githubcom_achesaknimgpx/.git/hooks/post-update.sample')
rmdir('/tmp/nimble_6397/githubcom_achesaknimgpx/.git/hooks')
unlink('/tmp/nimble_6397/githubcom_achesaknimgpx/.git/shallow')
unlink('/tmp/nimble_6397/githubcom_achesaknimgpx/.git/config')
unlink('/tmp/nimble_6397/githubcom_achesaknimgpx/.git/index')
unlink('/tmp/nimble_6397/githubcom_achesaknimgpx/.git/objects/9c/e7ee101981ad90b74207c278684a02883e8818')
rmdir('/tmp/nimble_6397/githubcom_achesaknimgpx/.git/objects/9c')
rmdir('/tmp/nimble_6397/githubcom_achesaknimgpx/.git/objects/info')
unlink('/tmp/nimble_6397/githubcom_achesaknimgpx/.git/objects/de/b55a8aa34cfdbe376cd9c8763c7ceb815dc4cd')
rmdir('/tmp/nimble_6397/githubcom_achesaknimgpx/.git/objects/de')
unlink('/tmp/nimble_6397/githubcom_achesaknimgpx/.git/objects/f7/379b77a6acb6062d4edefac4988df00c6ae3bf')
rmdir('/tmp/nimble_6397/githubcom_achesaknimgpx/.git/objects/f7')
unlink('/tmp/nimble_6397/githubcom_achesaknimgpx/.git/objects/81/40dc656aca0a09c7e2ab14aa9671d6ad552336')
rmdir('/tmp/nimble_6397/githubcom_achesaknimgpx/.git/objects/81')
unlink('/tmp/nimble_6397/githubcom_achesaknimgpx/.git/objects/52/d9f17b37889deb13ff9658b6a2322898dcae82')
rmdir('/tmp/nimble_6397/githubcom_achesaknimgpx/.git/objects/52')
rmdir('/tmp/nimble_6397/githubcom_achesaknimgpx/.git/objects/pack')
unlink('/tmp/nimble_6397/githubcom_achesaknimgpx/.git/objects/dc/f8bd406babd4d3555d5400f2751a15a5ee6afb')
rmdir('/tmp/nimble_6397/githubcom_achesaknimgpx/.git/objects/dc')
rmdir('/tmp/nimble_6397/githubcom_achesaknimgpx/.git/objects')
unlink('/tmp/nimble_6397/githubcom_achesaknimgpx/.git/packed-refs')
unlink('/tmp/nimble_6397/githubcom_achesaknimgpx/.git/HEAD')
rmdir('/tmp/nimble_6397/githubcom_achesaknimgpx/.git')
unlink('/tmp/nimble_6397/githubcom_achesaknimgpx/gpx.nimble')
unlink('/tmp/nimble_6397/githubcom_achesaknimgpx/LICENSE.md')
unlink('/tmp/nimble_6397/githubcom_achesaknimgpx/gpx.nim')
rmdir('/tmp/nimble_6397/githubcom_achesaknimgpx')
rmdir('/tmp/nimble_6397')
  create directory /tmp
  create directory /tmp/nimble_6397
  create directory /tmp/nimble_6397/githubcom_achesaknimgpx
  delete /tmp/nimble_6397/githubcom_achesaknimgpx
  create directory /tmp/nimble_6397/githubcom_achesaknimgpx
  create directory /tmp/nimble_6397/githubcom_achesaknimgpx/.git
  create directory /tmp/nimble_6397/githubcom_achesaknimgpx/.git
  create directory /tmp/nimble_6397/githubcom_achesaknimgpx/.git/info
  create directory /tmp/nimble_6397/githubcom_achesaknimgpx/.git/branches
  create directory /tmp/nimble_6397/githubcom_achesaknimgpx/.git/hooks
  create directory /tmp/nimble_6397/githubcom_achesaknimgpx/.git/refs
  create directory /tmp/nimble_6397/githubcom_achesaknimgpx/.git/refs/heads
  create directory /tmp/nimble_6397/githubcom_achesaknimgpx/.git/refs/tags
  rename /tmp/nimble_6397/githubcom_achesaknimgpx/.git/HEAD.lock to HEAD
  rename /tmp/nimble_6397/githubcom_achesaknimgpx/.git/config.lock to config
  change permissions of /tmp/nimble_6397/githubcom_achesaknimgpx/.git/config to rwxr--r--
  change permissions of /tmp/nimble_6397/githubcom_achesaknimgpx/.git/config to rw-r--r--
  change permissions of /tmp/nimble_6397/githubcom_achesaknimgpx/.git/config.lock to rw-r--r--
  rename /tmp/nimble_6397/githubcom_achesaknimgpx/.git/config.lock to config
  change permissions of /tmp/nimble_6397/githubcom_achesaknimgpx/.git/config.lock to rw-r--r--
  rename /tmp/nimble_6397/githubcom_achesaknimgpx/.git/config.lock to config
  change permissions of /tmp/nimble_6397/githubcom_achesaknimgpx/.git/config.lock to rw-r--r--
  rename /tmp/nimble_6397/githubcom_achesaknimgpx/.git/config.lock to config
  delete /tmp/nimble_6397/githubcom_achesaknimgpx/.git/tjm82gP
  create symbolic link from /tmp/nimble_6397/githubcom_achesaknimgpx/.git/tjm82gP to /home/runner/work/nim_packages_security_audit/nim_packages_security_audit/testing
  delete /tmp/nimble_6397/githubcom_achesaknimgpx/.git/tjm82gP
  create directory /tmp/nimble_6397/githubcom_achesaknimgpx/.git/objects
  create directory /tmp/nimble_6397/githubcom_achesaknimgpx/.git/objects/pack
  create directory /tmp/nimble_6397/githubcom_achesaknimgpx/.git/objects/info
  change permissions of /tmp/nimble_6397/githubcom_achesaknimgpx/.git/config.lock to rw-r--r--
  rename /tmp/nimble_6397/githubcom_achesaknimgpx/.git/config.lock to config
  change permissions of /tmp/nimble_6397/githubcom_achesaknimgpx/.git/config.lock to rw-r--r--
  rename /tmp/nimble_6397/githubcom_achesaknimgpx/.git/config.lock to config
  change permissions of /tmp/nimble_6397/githubcom_achesaknimgpx/.git/config.lock to rw-r--r--
  rename /tmp/nimble_6397/githubcom_achesaknimgpx/.git/config.lock to config
  create directory /tmp/nimble_6397/githubcom_achesaknimgpx/.git/objects/52
  create hard link from /tmp/nimble_6397/githubcom_achesaknimgpx/.git/objects/52/d9f17b37889deb13ff9658b6a2322898dcae82 to /tmp/nimble_6397/githubcom_achesaknimgpx/.git/objects/52/tmp_obj_SGAboO
  delete /tmp/nimble_6397/githubcom_achesaknimgpx/.git/objects/52/tmp_obj_SGAboO
  create directory /tmp/nimble_6397/githubcom_achesaknimgpx/.git/objects/dc
  create hard link from /tmp/nimble_6397/githubcom_achesaknimgpx/.git/objects/dc/f8bd406babd4d3555d5400f2751a15a5ee6afb to /tmp/nimble_6397/githubcom_achesaknimgpx/.git/objects/dc/tmp_obj_kdej2U
  delete /tmp/nimble_6397/githubcom_achesaknimgpx/.git/objects/dc/tmp_obj_kdej2U
  create directory /tmp/nimble_6397/githubcom_achesaknimgpx/.git/objects/de
  create hard link from /tmp/nimble_6397/githubcom_achesaknimgpx/.git/objects/de/b55a8aa34cfdbe376cd9c8763c7ceb815dc4cd to /tmp/nimble_6397/githubcom_achesaknimgpx/.git/objects/de/tmp_obj_uw1eFV
  delete /tmp/nimble_6397/githubcom_achesaknimgpx/.git/objects/de/tmp_obj_uw1eFV
  create directory /tmp/nimble_6397/githubcom_achesaknimgpx/.git/objects/f7
  create hard link from /tmp/nimble_6397/githubcom_achesaknimgpx/.git/objects/f7/379b77a6acb6062d4edefac4988df00c6ae3bf to /tmp/nimble_6397/githubcom_achesaknimgpx/.git/objects/f7/tmp_obj_QhKSQ0
  delete /tmp/nimble_6397/githubcom_achesaknimgpx/.git/objects/f7/tmp_obj_QhKSQ0
  create directory /tmp/nimble_6397/githubcom_achesaknimgpx/.git/objects/81
  create hard link from /tmp/nimble_6397/githubcom_achesaknimgpx/.git/objects/81/40dc656aca0a09c7e2ab14aa9671d6ad552336 to /tmp/nimble_6397/githubcom_achesaknimgpx/.git/objects/81/tmp_obj_w1e0r6
  delete /tmp/nimble_6397/githubcom_achesaknimgpx/.git/objects/81/tmp_obj_w1e0r6
  create directory /tmp/nimble_6397/githubcom_achesaknimgpx/.git/objects/9c
  create hard link from /tmp/nimble_6397/githubcom_achesaknimgpx/.git/objects/9c/e7ee101981ad90b74207c278684a02883e8818 to /tmp/nimble_6397/githubcom_achesaknimgpx/.git/objects/9c/tmp_obj_iMeQVa
  delete /tmp/nimble_6397/githubcom_achesaknimgpx/.git/objects/9c/tmp_obj_iMeQVa
  rename /tmp/nimble_6397/githubcom_achesaknimgpx/.git/shallow.lock to shallow
  rename /tmp/nimble_6397/githubcom_achesaknimgpx/.git/packed-refs.new to packed-refs
  delete /tmp/nimble_6397/githubcom_achesaknimgpx/.git/packed-refs.lock
  create directory /tmp/nimble_6397/githubcom_achesaknimgpx/.git/refs/remotes
  create directory /tmp/nimble_6397/githubcom_achesaknimgpx/.git/refs/remotes/origin
  create directory /tmp/nimble_6397/githubcom_achesaknimgpx/.git/logs
  create directory /tmp/nimble_6397/githubcom_achesaknimgpx/.git/logs/refs
  create directory /tmp/nimble_6397/githubcom_achesaknimgpx/.git/logs/refs/remotes
  create directory /tmp/nimble_6397/githubcom_achesaknimgpx/.git/logs/refs/remotes/origin
  rename /tmp/nimble_6397/githubcom_achesaknimgpx/.git/refs/remotes/origin/HEAD.lock to HEAD
  rename /tmp/nimble_6397/githubcom_achesaknimgpx/.git/HEAD.lock to HEAD
  create directory /tmp/nimble_6397/githubcom_achesaknimgpx/.git/logs/refs/heads
  rename /tmp/nimble_6397/githubcom_achesaknimgpx/.git/refs/heads/master.lock to master
  delete /tmp/nimble_6397/githubcom_achesaknimgpx/.git/HEAD.lock
  change permissions of /tmp/nimble_6397/githubcom_achesaknimgpx/.git/config.lock to rw-r--r--
  rename /tmp/nimble_6397/githubcom_achesaknimgpx/.git/config.lock to config
  change permissions of /tmp/nimble_6397/githubcom_achesaknimgpx/.git/config.lock to rw-r--r--
  rename /tmp/nimble_6397/githubcom_achesaknimgpx/.git/config.lock to config
  rename /tmp/nimble_6397/githubcom_achesaknimgpx/.git/index.lock to index
  create directory /home
  create directory /home/runner
  create directory /home/runner/.nimble
  create directory /home/runner/.nimble/pkgs
  create directory /home/runner/.nimble/pkgs/gpx-1.0
  create directory /home
  create directory /home/runner
  create directory /home/runner/.nimble
  create directory /home/runner/.nimble/pkgs
  create directory /home/runner/.nimble/pkgs/gpx-1.0
  change permissions of /home/runner/.nimble/pkgs/gpx-1.0/gpx.nim to rw-r--r--
  change permissions of /home/runner/.nimble/pkgs/gpx-1.0/gpx.nimble to rw-r--r--
  delete /tmp/nimble_6397/githubcom_achesaknimgpx/README.md
  delete /tmp/nimble_6397/githubcom_achesaknimgpx/.git/refs/remotes/origin/HEAD
  delete /tmp/nimble_6397/githubcom_achesaknimgpx/.git/refs/remotes/origin
  delete /tmp/nimble_6397/githubcom_achesaknimgpx/.git/refs/remotes
  delete /tmp/nimble_6397/githubcom_achesaknimgpx/.git/refs/tags
  delete /tmp/nimble_6397/githubcom_achesaknimgpx/.git/refs/heads/master
  delete /tmp/nimble_6397/githubcom_achesaknimgpx/.git/refs/heads
  delete /tmp/nimble_6397/githubcom_achesaknimgpx/.git/refs
  delete /tmp/nimble_6397/githubcom_achesaknimgpx/.git/info/exclude
  delete /tmp/nimble_6397/githubcom_achesaknimgpx/.git/info
  delete /tmp/nimble_6397/githubcom_achesaknimgpx/.git/branches
  delete /tmp/nimble_6397/githubcom_achesaknimgpx/.git/logs/refs/remotes/origin/HEAD
  delete /tmp/nimble_6397/githubcom_achesaknimgpx/.git/logs/refs/remotes/origin
  delete /tmp/nimble_6397/githubcom_achesaknimgpx/.git/logs/refs/remotes
  delete /tmp/nimble_6397/githubcom_achesaknimgpx/.git/logs/refs/heads/master
  delete /tmp/nimble_6397/githubcom_achesaknimgpx/.git/logs/refs/heads
  delete /tmp/nimble_6397/githubcom_achesaknimgpx/.git/logs/refs
  delete /tmp/nimble_6397/githubcom_achesaknimgpx/.git/logs/HEAD
  delete /tmp/nimble_6397/githubcom_achesaknimgpx/.git/logs
  delete /tmp/nimble_6397/githubcom_achesaknimgpx/.git/description
  delete /tmp/nimble_6397/githubcom_achesaknimgpx/.git/hooks/pre-rebase.sample
  delete /tmp/nimble_6397/githubcom_achesaknimgpx/.git/hooks/applypatch-msg.sample
  delete /tmp/nimble_6397/githubcom_achesaknimgpx/.git/hooks/pre-push.sample
  delete /tmp/nimble_6397/githubcom_achesaknimgpx/.git/hooks/pre-merge-commit.sample
  delete /tmp/nimble_6397/githubcom_achesaknimgpx/.git/hooks/pre-receive.sample
  delete /tmp/nimble_6397/githubcom_achesaknimgpx/.git/hooks/update.sample
  delete /tmp/nimble_6397/githubcom_achesaknimgpx/.git/hooks/pre-commit.sample
  delete /tmp/nimble_6397/githubcom_achesaknimgpx/.git/hooks/pre-applypatch.sample
  delete /tmp/nimble_6397/githubcom_achesaknimgpx/.git/hooks/commit-msg.sample
  delete /tmp/nimble_6397/githubcom_achesaknimgpx/.git/hooks/fsmonitor-watchman.sample
  delete /tmp/nimble_6397/githubcom_achesaknimgpx/.git/hooks/prepare-commit-msg.sample
  delete /tmp/nimble_6397/githubcom_achesaknimgpx/.git/hooks/post-update.sample
  delete /tmp/nimble_6397/githubcom_achesaknimgpx/.git/hooks
  delete /tmp/nimble_6397/githubcom_achesaknimgpx/.git/shallow
  delete /tmp/nimble_6397/githubcom_achesaknimgpx/.git/config
  delete /tmp/nimble_6397/githubcom_achesaknimgpx/.git/index
  delete /tmp/nimble_6397/githubcom_achesaknimgpx/.git/objects/9c/e7ee101981ad90b74207c278684a02883e8818
  delete /tmp/nimble_6397/githubcom_achesaknimgpx/.git/objects/9c
  delete /tmp/nimble_6397/githubcom_achesaknimgpx/.git/objects/info
  delete /tmp/nimble_6397/githubcom_achesaknimgpx/.git/objects/de/b55a8aa34cfdbe376cd9c8763c7ceb815dc4cd
  delete /tmp/nimble_6397/githubcom_achesaknimgpx/.git/objects/de
  delete /tmp/nimble_6397/githubcom_achesaknimgpx/.git/objects/f7/379b77a6acb6062d4edefac4988df00c6ae3bf
  delete /tmp/nimble_6397/githubcom_achesaknimgpx/.git/objects/f7
  delete /tmp/nimble_6397/githubcom_achesaknimgpx/.git/objects/81/40dc656aca0a09c7e2ab14aa9671d6ad552336
  delete /tmp/nimble_6397/githubcom_achesaknimgpx/.git/objects/81
  delete /tmp/nimble_6397/githubcom_achesaknimgpx/.git/objects/52/d9f17b37889deb13ff9658b6a2322898dcae82
  delete /tmp/nimble_6397/githubcom_achesaknimgpx/.git/objects/52
  delete /tmp/nimble_6397/githubcom_achesaknimgpx/.git/objects/pack
  delete /tmp/nimble_6397/githubcom_achesaknimgpx/.git/objects/dc/f8bd406babd4d3555d5400f2751a15a5ee6afb
  delete /tmp/nimble_6397/githubcom_achesaknimgpx/.git/objects/dc
  delete /tmp/nimble_6397/githubcom_achesaknimgpx/.git/objects
  delete /tmp/nimble_6397/githubcom_achesaknimgpx/.git/packed-refs
  delete /tmp/nimble_6397/githubcom_achesaknimgpx/.git/HEAD
  delete /tmp/nimble_6397/githubcom_achesaknimgpx/.git
  delete /tmp/nimble_6397/githubcom_achesaknimgpx/gpx.nimble
  delete /tmp/nimble_6397/githubcom_achesaknimgpx/LICENSE.md
  delete /tmp/nimble_6397/githubcom_achesaknimgpx/gpx.nim
  delete /tmp/nimble_6397/githubcom_achesaknimgpx
  delete /tmp/nimble_6397
