      Info: Package cache path /home/runner/.nimble/pkgcache
     Info:  Nimble data file "/home/runner/.nimble/nimbledata2.json" has been loaded.
    Reading official package list
Downloading https://github.com/status-im/nim-graphql using git
   Warning: The package has no tagged releases, downloading HEAD instead.
open('/workspace/destdir/ssl/openssl.cnf', 32768, 0x00000000000001b6)
open('/home/runner/.config/nimble/nimble.ini', 557056, 0x00000000000001b6)
open('/home/runner/.config/babel/babel.ini', 557056, 0x00000000000001b6)
writev(1, 0x00007ffcdf915fa0, 2)
open('/home/runner/.nimble/nimbledata2.json', 557056, 0x00000000000001b6)
writev(1, 0x00007ffcdf916070, 2)
writev(1, 0x00007ffc8d4d5fd0, 2)
writev(1, 0x00007ffc8d4d6060, 2)
writev(1, 0x00007ffc8d4d6060, 2)
writev(1, 0x00007ffc8d4d6060, 2)
writev(1, 0x00007ffcdf914a50, 2)
open('/home/runner/.nimble/packages_official.json', 557056, 0x00000000000001b6)
mkdir('/home/', 0x00000000000001ff)
mkdir('/home/runner/', 0x00000000000001ff)
mkdir('/home/runner/.nimble/', 0x00000000000001ff)
mkdir('/home/runner/.nimble/pkgcache/', 0x00000000000001ff)
mkdir('/home/runner/.nimble/pkgcache/githubcom_statusimnimgraphql', 0x00000000000001ff)
open('/home/runner/.nimble/pkgcache/githubcom_statusimnimgraphql', 622592, 0x0000000000000000)
writev(1, 0x00007ffcdf914b30, 2)
open('/home/runner/.nimble/pkgcache/githubcom_statusimnimgraphql', 622592, 0x0000000000000000)
rmdir('/home/runner/.nimble/pkgcache/githubcom_statusimnimgraphql')
writev(1, 0x00007ffcdf914a20, 2)
mkdir(94648332970752, 0x00000000000001ff)
Error tracing process: readBytes(0x000056150843eb00, 256) error: [Errno 5] Input/output error.
