      Info: Package cache path /home/runner/.nimble/pkgcache
     Info:  Nimble data file "/home/runner/.nimble/nimbledata2.json" has been loaded.
    Reading official package list
Downloading https://github.com/nitely/nim-graphemes using git
    Cloning latest tagged version: v0.12.0
open('/workspace/destdir/ssl/openssl.cnf', 32768, 0x00000000000001b6)
open('/home/runner/.config/nimble/nimble.ini', 557056, 0x00000000000001b6)
open('/home/runner/.config/babel/babel.ini', 557056, 0x00000000000001b6)
writev(1, 0x00007ffc92ff5fc0, 2)
open('/home/runner/.nimble/nimbledata2.json', 557056, 0x00000000000001b6)
writev(1, 0x00007ffc92ff6090, 2)
writev(1, 0x00007fff283cae80, 2)
writev(1, 0x00007fff283caf10, 2)
writev(1, 0x00007fff283caf10, 2)
writev(1, 0x00007fff283caf10, 2)
writev(1, 0x00007ffc92ff4aa0, 2)
open('/home/runner/.nimble/packages_official.json', 557056, 0x00000000000001b6)
mkdir('/home/', 0x00000000000001ff)
mkdir('/home/runner/', 0x00000000000001ff)
mkdir('/home/runner/.nimble/', 0x00000000000001ff)
mkdir('/home/runner/.nimble/pkgcache/', 0x00000000000001ff)
mkdir('/home/runner/.nimble/pkgcache/githubcom_nitelynimgraphemes', 0x00000000000001ff)
open('/home/runner/.nimble/pkgcache/githubcom_nitelynimgraphemes', 622592, 0x0000000000000000)
writev(1, 0x00007ffc92ff4b00, 2)
open('/home/runner/.nimble/pkgcache/githubcom_nitelynimgraphemes', 622592, 0x0000000000000000)
rmdir('/home/runner/.nimble/pkgcache/githubcom_nitelynimgraphemes')
writev(1, 0x00007ffc92ff49f0, 2)
mkdir(94392471419776, 0x00000000000001ff)
Error tracing process: readBytes(0x000055d975ba7b80, 256) error: [Errno 5] Input/output error.
