     Info:  Nimble data file "/home/runner/.nimble/nimbledata2.json" has been loaded.
    Reading official package list
Downloading https://github.com/achesak/nim-grp using git
download.nim(81)         getTagsListRemote

    Error:  Unable to query remote tags for https://github.com/achesak/nim-grp. Git returned: remote: Repository not found.
        ... fatal: repository 'https://github.com/achesak/nim-grp/' not found
     Info:  Nimble data file "/home/runner/.nimble/nimbledata2.json" has been saved.
open('/workspace/destdir/ssl/openssl.cnf', 32768, 0x00000000000001b6)
open('/home/runner/.config/nimble/nimble.ini', 557056, 0x00000000000001b6)
open('/home/runner/.config/babel/babel.ini', 557056, 0x00000000000001b6)
open('/home/runner/.nimble/nimbledata2.json', 557056, 0x00000000000001b6)
writev(1, 0x00007ffc5fd82ba0, 2)
open('/home/runner/work/nim_packages_security_audit/nim_packages_security_audit', 622592, 0x0000000000000000)
writev(1, 0x00007ffc5fd82270, 2)
open('/home/runner/.nimble/packages_official.json', 557056, 0x00000000000001b6)
mkdir('/tmp/', 0x00000000000001ff)
mkdir('/tmp/nimble_2358/', 0x00000000000001ff)
mkdir('/tmp/nimble_2358/githubcom_achesaknimgrp', 0x00000000000001ff)
writev(1, 0x00007ffc5fd82230, 2)
open('/tmp/nimble_2358/githubcom_achesaknimgrp', 622592, 0x0000000000000000)
rmdir('/tmp/nimble_2358/githubcom_achesaknimgrp')
writev(1, 0x00007ffc5fd82cb0, 2)
writev(1, 0x00007ffc5fd82c30, 2)
writev(1, 0x00007ffc5fd82c30, 2)
open('/tmp/nimble_2358', 622592, 0x0000000000000000)
rmdir('/tmp/nimble_2358')
open('/home/runner/.nimble/nimbledata2.json', 557633, 0x00000000000001b6)
writev(3, 0x00007ffc5fd82b00, 2)
writev(1, 0x00007ffc5fd82c50, 2)
  create directory /tmp
  create directory /tmp/nimble_2358
  create directory /tmp/nimble_2358/githubcom_achesaknimgrp
  delete /tmp/nimble_2358/githubcom_achesaknimgrp
  delete /tmp/nimble_2358
  truncate file /home/runner/.nimble/nimbledata2.json
