      Info: Package cache path /home/runner/.nimble/pkgcache
     Info:  Nimble data file "/home/runner/.nimble/nimbledata2.json" has been loaded.
    Reading official package list
Downloading https://github.com/nitely/nim-grpc using git
    Cloning latest tagged version: v0.1.19
open('/workspace/destdir/ssl/openssl.cnf', 32768, 0x00000000000001b6)
open('/home/runner/.config/nimble/nimble.ini', 557056, 0x00000000000001b6)
open('/home/runner/.config/babel/babel.ini', 557056, 0x00000000000001b6)
writev(1, 0x00007ffd99b7c160, 2)
open('/home/runner/.nimble/nimbledata2.json', 557056, 0x00000000000001b6)
writev(1, 0x00007ffd99b7c230, 2)
writev(1, 0x00007ffc1030cce0, 2)
writev(1, 0x00007ffc1030cd70, 2)
writev(1, 0x00007ffc1030cd70, 2)
writev(1, 0x00007ffc1030cd70, 2)
writev(1, 0x00007ffd99b7ac10, 2)
open('/home/runner/.nimble/packages_official.json', 557056, 0x00000000000001b6)
mkdir('/home/', 0x00000000000001ff)
mkdir('/home/runner/', 0x00000000000001ff)
mkdir('/home/runner/.nimble/', 0x00000000000001ff)
mkdir('/home/runner/.nimble/pkgcache/', 0x00000000000001ff)
mkdir('/home/runner/.nimble/pkgcache/githubcom_nitelynimgrpc', 0x00000000000001ff)
open('/home/runner/.nimble/pkgcache/githubcom_nitelynimgrpc', 622592, 0x0000000000000000)
writev(1, 0x00007ffd99b7acf0, 2)
open('/home/runner/.nimble/pkgcache/githubcom_nitelynimgrpc', 622592, 0x0000000000000000)
rmdir('/home/runner/.nimble/pkgcache/githubcom_nitelynimgrpc')
writev(1, 0x00007ffd99b7abe0, 2)
mkdir(94454613285600, 0x00000000000001ff)
Error tracing process: readBytes(0x000055e7edac1ae0, 256) error: [Errno 5] Input/output error.
