      Info: Package cache path /home/runner/.nimble/pkgcache
     Info:  Nimble data file "/home/runner/.nimble/nimbledata2.json" has been loaded.
    Reading official package list
Downloading https://github.com/treeform/guardmons using git
   Warning: The package has no tagged releases, downloading HEAD instead.
open('/workspace/destdir/ssl/openssl.cnf', 32768, 0x00000000000001b6)
open('/home/runner/.config/nimble/nimble.ini', 557056, 0x00000000000001b6)
open('/home/runner/.config/babel/babel.ini', 557056, 0x00000000000001b6)
writev(1, 0x00007ffc2cdc65b0, 2)
open('/home/runner/.nimble/nimbledata2.json', 557056, 0x00000000000001b6)
writev(1, 0x00007ffc2cdc6680, 2)
writev(1, 0x00007fff759d7030, 2)
writev(1, 0x00007fff759d70c0, 2)
writev(1, 0x00007fff759d70c0, 2)
writev(1, 0x00007fff759d70c0, 2)
writev(1, 0x00007ffc2cdc5090, 2)
open('/home/runner/.nimble/packages_official.json', 557056, 0x00000000000001b6)
mkdir('/home/', 0x00000000000001ff)
mkdir('/home/runner/', 0x00000000000001ff)
mkdir('/home/runner/.nimble/', 0x00000000000001ff)
mkdir('/home/runner/.nimble/pkgcache/', 0x00000000000001ff)
mkdir('/home/runner/.nimble/pkgcache/githubcom_treeformguardmons', 0x00000000000001ff)
open('/home/runner/.nimble/pkgcache/githubcom_treeformguardmons', 622592, 0x0000000000000000)
writev(1, 0x00007ffc2cdc50f0, 2)
open('/home/runner/.nimble/pkgcache/githubcom_treeformguardmons', 622592, 0x0000000000000000)
rmdir('/home/runner/.nimble/pkgcache/githubcom_treeformguardmons')
writev(1, 0x00007ffc2cdc4fe0, 2)
mkdir(94140100737840, 0x00000000000001ff)
Error tracing process: readBytes(0x0000559eb3437b30, 256) error: [Errno 5] Input/output error.
