    Reading official package list
Downloading https://github.com/planety/gungnir using git
    Cloning latest tagged version: v0.1.0
mkdir('/tmp', 0x00000000000001ff)
mkdir('/tmp/nimble_24057', 0x00000000000001ff)
mkdir('/tmp/nimble_24057/githubcom_planetygungnir', 0x00000000000001ff)
rmdir('/tmp/nimble_24057/githubcom_planetygungnir')
mkdir('/tmp/nimble_24057/githubcom_planetygungnir', 0x00000000000001ff)
mkdir('/tmp/nimble_24057/githubcom_planetygungnir/.git', 0x00000000000001ff)
mkdir('/tmp/nimble_24057/githubcom_planetygungnir/.git/', 0x00000000000001ff)
mkdir('/tmp/nimble_24057/githubcom_planetygungnir/.git/info/', 0x00000000000001ff)
mkdir('/tmp/nimble_24057/githubcom_planetygungnir/.git/branches/', 0x00000000000001ff)
mkdir('/tmp/nimble_24057/githubcom_planetygungnir/.git/hooks/', 0x00000000000001ff)
mkdir('/tmp/nimble_24057/githubcom_planetygungnir/.git/refs', 0x00000000000001ff)
mkdir('/tmp/nimble_24057/githubcom_planetygungnir/.git/refs/heads', 0x00000000000001ff)
mkdir('/tmp/nimble_24057/githubcom_planetygungnir/.git/refs/tags', 0x00000000000001ff)
rename('/tmp/nimble_24057/githubcom_planetygungnir/.git/HEAD.lock', '/tmp/nimble_24057/githubcom_planetygungnir/.git/HEAD')
rename('/tmp/nimble_24057/githubcom_planetygungnir/.git/config.lock', '/tmp/nimble_24057/githubcom_planetygungnir/.git/config')
chmod('/tmp/nimble_24057/githubcom_planetygungnir/.git/config', 0x00000000000081e4)
chmod('/tmp/nimble_24057/githubcom_planetygungnir/.git/config', 0x00000000000081a4)
chmod('/tmp/nimble_24057/githubcom_planetygungnir/.git/config.lock', 0x00000000000001a4)
rename('/tmp/nimble_24057/githubcom_planetygungnir/.git/config.lock', '/tmp/nimble_24057/githubcom_planetygungnir/.git/config')
chmod('/tmp/nimble_24057/githubcom_planetygungnir/.git/config.lock', 0x00000000000001a4)
rename('/tmp/nimble_24057/githubcom_planetygungnir/.git/config.lock', '/tmp/nimble_24057/githubcom_planetygungnir/.git/config')
chmod('/tmp/nimble_24057/githubcom_planetygungnir/.git/config.lock', 0x00000000000001a4)
rename('/tmp/nimble_24057/githubcom_planetygungnir/.git/config.lock', '/tmp/nimble_24057/githubcom_planetygungnir/.git/config')
unlink('/tmp/nimble_24057/githubcom_planetygungnir/.git/tweYdVu')
symlink('testing', '/tmp/nimble_24057/githubcom_planetygungnir/.git/tweYdVu')
unlink('/tmp/nimble_24057/githubcom_planetygungnir/.git/tweYdVu')
mkdir('/tmp/nimble_24057/githubcom_planetygungnir/.git/objects', 0x00000000000001ff)
mkdir('/tmp/nimble_24057/githubcom_planetygungnir/.git/objects/pack', 0x00000000000001ff)
mkdir('/tmp/nimble_24057/githubcom_planetygungnir/.git/objects/info', 0x00000000000001ff)
chmod('/tmp/nimble_24057/githubcom_planetygungnir/.git/config.lock', 0x00000000000001a4)
rename('/tmp/nimble_24057/githubcom_planetygungnir/.git/config.lock', '/tmp/nimble_24057/githubcom_planetygungnir/.git/config')
chmod('/tmp/nimble_24057/githubcom_planetygungnir/.git/config.lock', 0x00000000000001a4)
rename('/tmp/nimble_24057/githubcom_planetygungnir/.git/config.lock', '/tmp/nimble_24057/githubcom_planetygungnir/.git/config')
chmod('/tmp/nimble_24057/githubcom_planetygungnir/.git/config.lock', 0x00000000000001a4)
rename('/tmp/nimble_24057/githubcom_planetygungnir/.git/config.lock', '/tmp/nimble_24057/githubcom_planetygungnir/.git/config')
mkdir('/tmp/nimble_24057/githubcom_planetygungnir/.git/objects/98', 0x00000000000001ff)
link('/tmp/nimble_24057/githubcom_planetygungnir/.git/objects/98/tmp_obj_ZIQ6jO', '/tmp/nimble_24057/githubcom_planetygungnir/.git/objects/98/9cb8980054f6e082f0b1bf7ae61e277d245b7b')
unlink('/tmp/nimble_24057/githubcom_planetygungnir/.git/objects/98/tmp_obj_ZIQ6jO')
mkdir('/tmp/nimble_24057/githubcom_planetygungnir/.git/objects/27', 0x00000000000001ff)
link('/tmp/nimble_24057/githubcom_planetygungnir/.git/objects/27/tmp_obj_PLIE6S', '/tmp/nimble_24057/githubcom_planetygungnir/.git/objects/27/3a6818e3bc3141c5aec728a568175cf31dd063')
unlink('/tmp/nimble_24057/githubcom_planetygungnir/.git/objects/27/tmp_obj_PLIE6S')
mkdir('/tmp/nimble_24057/githubcom_planetygungnir/.git/objects/fa', 0x00000000000001ff)
link('/tmp/nimble_24057/githubcom_planetygungnir/.git/objects/fa/tmp_obj_PFPtyZ', '/tmp/nimble_24057/githubcom_planetygungnir/.git/objects/fa/c90dbb4f489fa036517ceefd0d378e4e00d559')
unlink('/tmp/nimble_24057/githubcom_planetygungnir/.git/objects/fa/tmp_obj_PFPtyZ')
mkdir('/tmp/nimble_24057/githubcom_planetygungnir/.git/objects/61', 0x00000000000001ff)
link('/tmp/nimble_24057/githubcom_planetygungnir/.git/objects/61/tmp_obj_3iUVv3', '/tmp/nimble_24057/githubcom_planetygungnir/.git/objects/61/c7350ef599ed6ce7709333e9c03271553f09d0')
unlink('/tmp/nimble_24057/githubcom_planetygungnir/.git/objects/61/tmp_obj_3iUVv3')
mkdir('/tmp/nimble_24057/githubcom_planetygungnir/.git/objects/80', 0x00000000000001ff)
link('/tmp/nimble_24057/githubcom_planetygungnir/.git/objects/80/tmp_obj_huiph5', '/tmp/nimble_24057/githubcom_planetygungnir/.git/objects/80/2d59d5a00b57088892f0aff442aca874c931b8')
unlink('/tmp/nimble_24057/githubcom_planetygungnir/.git/objects/80/tmp_obj_huiph5')
mkdir('/tmp/nimble_24057/githubcom_planetygungnir/.git/objects/db', 0x00000000000001ff)
link('/tmp/nimble_24057/githubcom_planetygungnir/.git/objects/db/tmp_obj_LJGBt9', '/tmp/nimble_24057/githubcom_planetygungnir/.git/objects/db/27d5733b4fdff1d20a2fda475d16e9e14922ec')
unlink('/tmp/nimble_24057/githubcom_planetygungnir/.git/objects/db/tmp_obj_LJGBt9')
mkdir('/tmp/nimble_24057/githubcom_planetygungnir/.git/objects/97', 0x00000000000001ff)
link('/tmp/nimble_24057/githubcom_planetygungnir/.git/objects/97/tmp_obj_lSXamf', '/tmp/nimble_24057/githubcom_planetygungnir/.git/objects/97/f086c6472b6a0f6bc4e964d3f2e0052ec9230e')
unlink('/tmp/nimble_24057/githubcom_planetygungnir/.git/objects/97/tmp_obj_lSXamf')
mkdir('/tmp/nimble_24057/githubcom_planetygungnir/.git/objects/69', 0x00000000000001ff)
link('/tmp/nimble_24057/githubcom_planetygungnir/.git/objects/69/tmp_obj_5z6f1g', '/tmp/nimble_24057/githubcom_planetygungnir/.git/objects/69/420f6ca57577f1e53e5da6142e3501cbd98fbf')
unlink('/tmp/nimble_24057/githubcom_planetygungnir/.git/objects/69/tmp_obj_5z6f1g')
mkdir('/tmp/nimble_24057/githubcom_planetygungnir/.git/objects/5b', 0x00000000000001ff)
link('/tmp/nimble_24057/githubcom_planetygungnir/.git/objects/5b/tmp_obj_QFu5Ie', '/tmp/nimble_24057/githubcom_planetygungnir/.git/objects/5b/4cf1df6befd41f0d1aba48b261bb14cae063ec')
unlink('/tmp/nimble_24057/githubcom_planetygungnir/.git/objects/5b/tmp_obj_QFu5Ie')
mkdir('/tmp/nimble_24057/githubcom_planetygungnir/.git/objects/33', 0x00000000000001ff)
link('/tmp/nimble_24057/githubcom_planetygungnir/.git/objects/33/tmp_obj_KMfHxi', '/tmp/nimble_24057/githubcom_planetygungnir/.git/objects/33/383038f63f9e1a9e1342d8b793fd5d0d5154a2')
unlink('/tmp/nimble_24057/githubcom_planetygungnir/.git/objects/33/tmp_obj_KMfHxi')
mkdir('/tmp/nimble_24057/githubcom_planetygungnir/.git/objects/39', 0x00000000000001ff)
link('/tmp/nimble_24057/githubcom_planetygungnir/.git/objects/39/tmp_obj_yowcln', '/tmp/nimble_24057/githubcom_planetygungnir/.git/objects/39/19f2b574d6a579fc52c30b70106f7297035bc4')
unlink('/tmp/nimble_24057/githubcom_planetygungnir/.git/objects/39/tmp_obj_yowcln')
mkdir('/tmp/nimble_24057/githubcom_planetygungnir/.git/objects/3b', 0x00000000000001ff)
link('/tmp/nimble_24057/githubcom_planetygungnir/.git/objects/3b/tmp_obj_M7HiUo', '/tmp/nimble_24057/githubcom_planetygungnir/.git/objects/3b/b69f82af2b03d759a985634d69563496d956b6')
unlink('/tmp/nimble_24057/githubcom_planetygungnir/.git/objects/3b/tmp_obj_M7HiUo')
mkdir('/tmp/nimble_24057/githubcom_planetygungnir/.git/objects/03', 0x00000000000001ff)
link('/tmp/nimble_24057/githubcom_planetygungnir/.git/objects/03/tmp_obj_gxlS7s', '/tmp/nimble_24057/githubcom_planetygungnir/.git/objects/03/9aeb6c8087e9a5b405b1bd6db8cb5fffe0343c')
unlink('/tmp/nimble_24057/githubcom_planetygungnir/.git/objects/03/tmp_obj_gxlS7s')
rename('/tmp/nimble_24057/githubcom_planetygungnir/.git/shallow.lock', '/tmp/nimble_24057/githubcom_planetygungnir/.git/shallow')
rename('/tmp/nimble_24057/githubcom_planetygungnir/.git/packed-refs.new', '/tmp/nimble_24057/githubcom_planetygungnir/.git/packed-refs')
unlink('/tmp/nimble_24057/githubcom_planetygungnir/.git/packed-refs.lock')
unlink('/tmp/nimble_24057/githubcom_planetygungnir/.git/refs/tags/v0.1.0.lock')
mkdir('/tmp/nimble_24057/githubcom_planetygungnir/.git/logs', 0x00000000000001ff)       Info /tmp/nimble_24057/githubcom_planetygungnir/gungnir_24057.nims(1, 8) Warning: imported and not used: 'system' [UnusedImport]
        ... /tmp/nimble_24057/githubcom_planetygungnir/gungnir_24057.nims(5, 22) Warning: imported and not used: 'strutils' [UnusedImport]
  Verifying dependencies for gungnir@0.1.0
 Installing gungnir@0.1.0
    Copying file /tmp/nimble_24057/githubcom_planetygungnir/src/gungnir/signer.nim to /home/runner/.nimble/pkgs/gungnir-0.1.0/gungnir/signer.nim
    Copying file /tmp/nimble_24057/githubcom_planetygungnir/src/gungnir/base.nim to /home/runner/.nimble/pkgs/gungnir-0.1.0/gungnir/base.nim
    Copying file /tmp/nimble_24057/githubcom_planetygungnir/src/gungnir.nim to /home/runner/.nimble/pkgs/gungnir-0.1.0/gungnir.nim
    Copying file /tmp/nimble_24057/githubcom_planetygungnir/gungnir.nimble to /home/runner/.nimble/pkgs/gungnir-0.1.0/gungnir.nimble
   Success: gungnir installed successfully.
       Info /home/runner/.nimble/pkgs/gungnir-0.1.0/gungnir_24057.nims(1, 8) Warning: imported and not used: 'system' [UnusedImport]
        ... /home/runner/.nimble/pkgs/gungnir-0.1.0/gungnir_24057.nims(5, 22) Warning: imported and not used: 'strutils' [UnusedImport]

rename('/tmp/nimble_24057/githubcom_planetygungnir/.git/HEAD.lock', '/tmp/nimble_24057/githubcom_planetygungnir/.git/HEAD')
mkdir('src', 0x00000000000001ff)
mkdir('src/gungnir', 0x00000000000001ff)
mkdir('tests', 0x00000000000001ff)
rename('/tmp/nimble_24057/githubcom_planetygungnir/.git/index.lock', '/tmp/nimble_24057/githubcom_planetygungnir/.git/index')
mkdir('/tmp', 0x00000000000001ff)
mkdir('/tmp/nimblecache', 0x00000000000001ff)
mkdir('/tmp/nimblecache/gungnir_598911052', 0x00000000000001ff)
unlink('/tmp/nimblecache/gungnir_598911052/gungnir.ini')
unlink('/tmp/nimble_24057.out')
unlink('/tmp/nimble_24057/githubcom_planetygungnir/gungnir_24057.nims')
mkdir('/home', 0x00000000000001ff)
mkdir('/home/runner', 0x00000000000001ff)
mkdir('/home/runner/.nimble', 0x00000000000001ff)
mkdir('/home/runner/.nimble/pkgs', 0x00000000000001ff)
mkdir('/home/runner/.nimble/pkgs/gungnir-0.1.0', 0x00000000000001ff)
mkdir('/home', 0x00000000000001ff)
mkdir('/home/runner', 0x00000000000001ff)
mkdir('/home/runner/.nimble', 0x00000000000001ff)
mkdir('/home/runner/.nimble/pkgs', 0x00000000000001ff)
mkdir('/home/runner/.nimble/pkgs/gungnir-0.1.0', 0x00000000000001ff)
mkdir('/home/runner/.nimble/pkgs/gungnir-0.1.0/gungnir', 0x00000000000001ff)
chmod('/home/runner/.nimble/pkgs/gungnir-0.1.0/gungnir/signer.nim', 0x00000000000001a4)
mkdir('/home', 0x00000000000001ff)
mkdir('/home/runner', 0x00000000000001ff)
mkdir('/home/runner/.nimble', 0x00000000000001ff)
mkdir('/home/runner/.nimble/pkgs', 0x00000000000001ff)
mkdir('/home/runner/.nimble/pkgs/gungnir-0.1.0', 0x00000000000001ff)
mkdir('/home/runner/.nimble/pkgs/gungnir-0.1.0/gungnir', 0x00000000000001ff)
chmod('/home/runner/.nimble/pkgs/gungnir-0.1.0/gungnir/base.nim', 0x00000000000001a4)
mkdir('/home', 0x00000000000001ff)
mkdir('/home/runner', 0x00000000000001ff)
mkdir('/home/runner/.nimble', 0x00000000000001ff)
mkdir('/home/runner/.nimble/pkgs', 0x00000000000001ff)
mkdir('/home/runner/.nimble/pkgs/gungnir-0.1.0', 0x00000000000001ff)
chmod('/home/runner/.nimble/pkgs/gungnir-0.1.0/gungnir.nim', 0x00000000000001a4)
chmod('/home/runner/.nimble/pkgs/gungnir-0.1.0/gungnir.nimble', 0x00000000000001a4)
mkdir('/tmp', 0x00000000000001ff)
mkdir('/tmp/nimblecache', 0x00000000000001ff)
mkdir('/tmp/nimblecache/gungnir_3129247506', 0x00000000000001ff)
unlink('/tmp/nimblecache/gungnir_3129247506/gungnir.ini')
unlink('/tmp/nimble_24057.out')
unlink('/home/runner/.nimble/pkgs/gungnir-0.1.0/gungnir_24057.nims')
unlink('/tmp/nimble_24057/githubcom_planetygungnir/README.md')
unlink('/tmp/nimble_24057/githubcom_planetygungnir/gungnir.nimble')
rmdir('/tmp/nimble_24057/githubcom_planetygungnir/.git/refs/tags')
rmdir('/tmp/nimble_24057/githubcom_planetygungnir/.git/refs/heads')
rmdir('/tmp/nimble_24057/githubcom_planetygungnir/.git/refs')
unlink('/tmp/nimble_24057/githubcom_planetygungnir/.git/info/exclude')
rmdir('/tmp/nimble_24057/githubcom_planetygungnir/.git/info')
rmdir('/tmp/nimble_24057/githubcom_planetygungnir/.git/branches')
unlink('/tmp/nimble_24057/githubcom_planetygungnir/.git/logs/HEAD')
rmdir('/tmp/nimble_24057/githubcom_planetygungnir/.git/logs')
unlink('/tmp/nimble_24057/githubcom_planetygungnir/.git/description')
unlink('/tmp/nimble_24057/githubcom_planetygungnir/.git/hooks/pre-rebase.sample')
unlink('/tmp/nimble_24057/githubcom_planetygungnir/.git/hooks/applypatch-msg.sample')
unlink('/tmp/nimble_24057/githubcom_planetygungnir/.git/hooks/pre-push.sample')
unlink('/tmp/nimble_24057/githubcom_planetygungnir/.git/hooks/pre-merge-commit.sample')
unlink('/tmp/nimble_24057/githubcom_planetygungnir/.git/hooks/pre-receive.sample')
unlink('/tmp/nimble_24057/githubcom_planetygungnir/.git/hooks/update.sample')
unlink('/tmp/nimble_24057/githubcom_planetygungnir/.git/hooks/pre-commit.sample')
unlink('/tmp/nimble_24057/githubcom_planetygungnir/.git/hooks/pre-applypatch.sample')
unlink('/tmp/nimble_24057/githubcom_planetygungnir/.git/hooks/commit-msg.sample')
unlink('/tmp/nimble_24057/githubcom_planetygungnir/.git/hooks/fsmonitor-watchman.sample')
unlink('/tmp/nimble_24057/githubcom_planetygungnir/.git/hooks/prepare-commit-msg.sample')
unlink('/tmp/nimble_24057/githubcom_planetygungnir/.git/hooks/post-update.sample')
rmdir('/tmp/nimble_24057/githubcom_planetygungnir/.git/hooks')
unlink('/tmp/nimble_24057/githubcom_planetygungnir/.git/shallow')
unlink('/tmp/nimble_24057/githubcom_planetygungnir/.git/config')
unlink('/tmp/nimble_24057/githubcom_planetygungnir/.git/index')
unlink('/tmp/nimble_24057/githubcom_planetygungnir/.git/objects/97/f086c6472b6a0f6bc4e964d3f2e0052ec9230e')
rmdir('/tmp/nimble_24057/githubcom_planetygungnir/.git/objects/97')
unlink('/tmp/nimble_24057/githubcom_planetygungnir/.git/objects/61/c7350ef599ed6ce7709333e9c03271553f09d0')
rmdir('/tmp/nimble_24057/githubcom_planetygungnir/.git/objects/61')
unlink('/tmp/nimble_24057/githubcom_planetygungnir/.git/objects/33/383038f63f9e1a9e1342d8b793fd5d0d5154a2')
rmdir('/tmp/nimble_24057/githubcom_planetygungnir/.git/objects/33')
rmdir('/tmp/nimble_24057/githubcom_planetygungnir/.git/objects/info')
unlink('/tmp/nimble_24057/githubcom_planetygungnir/.git/objects/5b/4cf1df6befd41f0d1aba48b261bb14cae063ec')
rmdir('/tmp/nimble_24057/githubcom_planetygungnir/.git/objects/5b')
unlink('/tmp/nimble_24057/githubcom_planetygungnir/.git/objects/fa/c90dbb4f489fa036517ceefd0d378e4e00d559')
rmdir('/tmp/nimble_24057/githubcom_planetygungnir/.git/objects/fa')
unlink('/tmp/nimble_24057/githubcom_planetygungnir/.git/objects/39/19f2b574d6a579fc52c30b70106f7297035bc4')
rmdir('/tmp/nimble_24057/githubcom_planetygungnir/.git/objects/39')
unlink('/tmp/nimble_24057/githubcom_planetygungnir/.git/objects/69/420f6ca57577f1e53e5da6142e3501cbd98fbf')
rmdir('/tmp/nimble_24057/githubcom_planetygungnir/.git/objects/69')
unlink('/tmp/nimble_24057/githubcom_planetygungnir/.git/objects/80/2d59d5a00b57088892f0aff442aca874c931b8')
rmdir('/tmp/nimble_24057/githubcom_planetygungnir/.git/objects/80')
unlink('/tmp/nimble_24057/githubcom_planetygungnir/.git/objects/3b/b69f82af2b03d759a985634d69563496d956b6')
rmdir('/tmp/nimble_24057/githubcom_planetygungnir/.git/objects/3b')
unlink('/tmp/nimble_24057/githubcom_planetygungnir/.git/objects/98/9cb8980054f6e082f0b1bf7ae61e277d245b7b')
rmdir('/tmp/nimble_24057/githubcom_planetygungnir/.git/objects/98')
unlink('/tmp/nimble_24057/githubcom_planetygungnir/.git/objects/03/9aeb6c8087e9a5b405b1bd6db8cb5fffe0343c')
rmdir('/tmp/nimble_24057/githubcom_planetygungnir/.git/objects/03')
unlink('/tmp/nimble_24057/githubcom_planetygungnir/.git/objects/db/27d5733b4fdff1d20a2fda475d16e9e14922ec')
rmdir('/tmp/nimble_24057/githubcom_planetygungnir/.git/objects/db')
rmdir('/tmp/nimble_24057/githubcom_planetygungnir/.git/objects/pack')
unlink('/tmp/nimble_24057/githubcom_planetygungnir/.git/objects/27/3a6818e3bc3141c5aec728a568175cf31dd063')
rmdir('/tmp/nimble_24057/githubcom_planetygungnir/.git/objects/27')
rmdir('/tmp/nimble_24057/githubcom_planetygungnir/.git/objects')
unlink('/tmp/nimble_24057/githubcom_planetygungnir/.git/packed-refs')
unlink('/tmp/nimble_24057/githubcom_planetygungnir/.git/HEAD')
rmdir('/tmp/nimble_24057/githubcom_planetygungnir/.git')
unlink('/tmp/nimble_24057/githubcom_planetygungnir/src/gungnir/signer.nim')
unlink('/tmp/nimble_24057/githubcom_planetygungnir/src/gungnir/base.nim')
rmdir('/tmp/nimble_24057/githubcom_planetygungnir/src/gungnir')
unlink('/tmp/nimble_24057/githubcom_planetygungnir/src/gungnir.nim')
rmdir('/tmp/nimble_24057/githubcom_planetygungnir/src')
unlink('/tmp/nimble_24057/githubcom_planetygungnir/tests/config.nims')
unlink('/tmp/nimble_24057/githubcom_planetygungnir/tests/test1.nim')
rmdir('/tmp/nimble_24057/githubcom_planetygungnir/tests')
unlink('/tmp/nimble_24057/githubcom_planetygungnir/LICENSE')
rmdir('/tmp/nimble_24057/githubcom_planetygungnir')
rmdir('/tmp/nimble_24057')
  create directory /tmp
  create directory /tmp/nimble_24057
  create directory /tmp/nimble_24057/githubcom_planetygungnir
  delete /tmp/nimble_24057/githubcom_planetygungnir
  create directory /tmp/nimble_24057/githubcom_planetygungnir
  create directory /tmp/nimble_24057/githubcom_planetygungnir/.git
  create directory /tmp/nimble_24057/githubcom_planetygungnir/.git
  create directory /tmp/nimble_24057/githubcom_planetygungnir/.git/info
  create directory /tmp/nimble_24057/githubcom_planetygungnir/.git/branches
  create directory /tmp/nimble_24057/githubcom_planetygungnir/.git/hooks
  create directory /tmp/nimble_24057/githubcom_planetygungnir/.git/refs
  create directory /tmp/nimble_24057/githubcom_planetygungnir/.git/refs/heads
  create directory /tmp/nimble_24057/githubcom_planetygungnir/.git/refs/tags
  rename /tmp/nimble_24057/githubcom_planetygungnir/.git/HEAD.lock to HEAD
  rename /tmp/nimble_24057/githubcom_planetygungnir/.git/config.lock to config
  change permissions of /tmp/nimble_24057/githubcom_planetygungnir/.git/config to rwxr--r--
  change permissions of /tmp/nimble_24057/githubcom_planetygungnir/.git/config to rw-r--r--
  change permissions of /tmp/nimble_24057/githubcom_planetygungnir/.git/config.lock to rw-r--r--
  rename /tmp/nimble_24057/githubcom_planetygungnir/.git/config.lock to config
  change permissions of /tmp/nimble_24057/githubcom_planetygungnir/.git/config.lock to rw-r--r--
  rename /tmp/nimble_24057/githubcom_planetygungnir/.git/config.lock to config
  change permissions of /tmp/nimble_24057/githubcom_planetygungnir/.git/config.lock to rw-r--r--
  rename /tmp/nimble_24057/githubcom_planetygungnir/.git/config.lock to config
  delete /tmp/nimble_24057/githubcom_planetygungnir/.git/tweYdVu
  create symbolic link from /tmp/nimble_24057/githubcom_planetygungnir/.git/tweYdVu to /home/runner/work/nim_packages_security_audit/nim_packages_security_audit/testing
  delete /tmp/nimble_24057/githubcom_planetygungnir/.git/tweYdVu
  create directory /tmp/nimble_24057/githubcom_planetygungnir/.git/objects
  create directory /tmp/nimble_24057/githubcom_planetygungnir/.git/objects/pack
  create directory /tmp/nimble_24057/githubcom_planetygungnir/.git/objects/info
  change permissions of /tmp/nimble_24057/githubcom_planetygungnir/.git/config.lock to rw-r--r--
  rename /tmp/nimble_24057/githubcom_planetygungnir/.git/config.lock to config
  change permissions of /tmp/nimble_24057/githubcom_planetygungnir/.git/config.lock to rw-r--r--
  rename /tmp/nimble_24057/githubcom_planetygungnir/.git/config.lock to config
  change permissions of /tmp/nimble_24057/githubcom_planetygungnir/.git/config.lock to rw-r--r--
  rename /tmp/nimble_24057/githubcom_planetygungnir/.git/config.lock to config
  create directory /tmp/nimble_24057/githubcom_planetygungnir/.git/objects/98
  create hard link from /tmp/nimble_24057/githubcom_planetygungnir/.git/objects/98/9cb8980054f6e082f0b1bf7ae61e277d245b7b to /tmp/nimble_24057/githubcom_planetygungnir/.git/objects/98/tmp_obj_ZIQ6jO
  delete /tmp/nimble_24057/githubcom_planetygungnir/.git/objects/98/tmp_obj_ZIQ6jO
  create directory /tmp/nimble_24057/githubcom_planetygungnir/.git/objects/27
  create hard link from /tmp/nimble_24057/githubcom_planetygungnir/.git/objects/27/3a6818e3bc3141c5aec728a568175cf31dd063 to /tmp/nimble_24057/githubcom_planetygungnir/.git/objects/27/tmp_obj_PLIE6S
  delete /tmp/nimble_24057/githubcom_planetygungnir/.git/objects/27/tmp_obj_PLIE6S
  create directory /tmp/nimble_24057/githubcom_planetygungnir/.git/objects/fa
  create hard link from /tmp/nimble_24057/githubcom_planetygungnir/.git/objects/fa/c90dbb4f489fa036517ceefd0d378e4e00d559 to /tmp/nimble_24057/githubcom_planetygungnir/.git/objects/fa/tmp_obj_PFPtyZ
  delete /tmp/nimble_24057/githubcom_planetygungnir/.git/objects/fa/tmp_obj_PFPtyZ
  create directory /tmp/nimble_24057/githubcom_planetygungnir/.git/objects/61
  create hard link from /tmp/nimble_24057/githubcom_planetygungnir/.git/objects/61/c7350ef599ed6ce7709333e9c03271553f09d0 to /tmp/nimble_24057/githubcom_planetygungnir/.git/objects/61/tmp_obj_3iUVv3
  delete /tmp/nimble_24057/githubcom_planetygungnir/.git/objects/61/tmp_obj_3iUVv3
  create directory /tmp/nimble_24057/githubcom_planetygungnir/.git/objects/80
  create hard link from /tmp/nimble_24057/githubcom_planetygungnir/.git/objects/80/2d59d5a00b57088892f0aff442aca874c931b8 to /tmp/nimble_24057/githubcom_planetygungnir/.git/objects/80/tmp_obj_huiph5
  delete /tmp/nimble_24057/githubcom_planetygungnir/.git/objects/80/tmp_obj_huiph5
  create directory /tmp/nimble_24057/githubcom_planetygungnir/.git/objects/db
  create hard link from /tmp/nimble_24057/githubcom_planetygungnir/.git/objects/db/27d5733b4fdff1d20a2fda475d16e9e14922ec to /tmp/nimble_24057/githubcom_planetygungnir/.git/objects/db/tmp_obj_LJGBt9
  delete /tmp/nimble_24057/githubcom_planetygungnir/.git/objects/db/tmp_obj_LJGBt9
  create directory /tmp/nimble_24057/githubcom_planetygungnir/.git/objects/97
  create hard link from /tmp/nimble_24057/githubcom_planetygungnir/.git/objects/97/f086c6472b6a0f6bc4e964d3f2e0052ec9230e to /tmp/nimble_24057/githubcom_planetygungnir/.git/objects/97/tmp_obj_lSXamf
  delete /tmp/nimble_24057/githubcom_planetygungnir/.git/objects/97/tmp_obj_lSXamf
  create directory /tmp/nimble_24057/githubcom_planetygungnir/.git/objects/69
  create hard link from /tmp/nimble_24057/githubcom_planetygungnir/.git/objects/69/420f6ca57577f1e53e5da6142e3501cbd98fbf to /tmp/nimble_24057/githubcom_planetygungnir/.git/objects/69/tmp_obj_5z6f1g
  delete /tmp/nimble_24057/githubcom_planetygungnir/.git/objects/69/tmp_obj_5z6f1g
  create directory /tmp/nimble_24057/githubcom_planetygungnir/.git/objects/5b
  create hard link from /tmp/nimble_24057/githubcom_planetygungnir/.git/objects/5b/4cf1df6befd41f0d1aba48b261bb14cae063ec to /tmp/nimble_24057/githubcom_planetygungnir/.git/objects/5b/tmp_obj_QFu5Ie
  delete /tmp/nimble_24057/githubcom_planetygungnir/.git/objects/5b/tmp_obj_QFu5Ie
  create directory /tmp/nimble_24057/githubcom_planetygungnir/.git/objects/33
  create hard link from /tmp/nimble_24057/githubcom_planetygungnir/.git/objects/33/383038f63f9e1a9e1342d8b793fd5d0d5154a2 to /tmp/nimble_24057/githubcom_planetygungnir/.git/objects/33/tmp_obj_KMfHxi
  delete /tmp/nimble_24057/githubcom_planetygungnir/.git/objects/33/tmp_obj_KMfHxi
  create directory /tmp/nimble_24057/githubcom_planetygungnir/.git/objects/39
  create hard link from /tmp/nimble_24057/githubcom_planetygungnir/.git/objects/39/19f2b574d6a579fc52c30b70106f7297035bc4 to /tmp/nimble_24057/githubcom_planetygungnir/.git/objects/39/tmp_obj_yowcln
  delete /tmp/nimble_24057/githubcom_planetygungnir/.git/objects/39/tmp_obj_yowcln
  create directory /tmp/nimble_24057/githubcom_planetygungnir/.git/objects/3b
  create hard link from /tmp/nimble_24057/githubcom_planetygungnir/.git/objects/3b/b69f82af2b03d759a985634d69563496d956b6 to /tmp/nimble_24057/githubcom_planetygungnir/.git/objects/3b/tmp_obj_M7HiUo
  delete /tmp/nimble_24057/githubcom_planetygungnir/.git/objects/3b/tmp_obj_M7HiUo
  create directory /tmp/nimble_24057/githubcom_planetygungnir/.git/objects/03
  create hard link from /tmp/nimble_24057/githubcom_planetygungnir/.git/objects/03/9aeb6c8087e9a5b405b1bd6db8cb5fffe0343c to /tmp/nimble_24057/githubcom_planetygungnir/.git/objects/03/tmp_obj_gxlS7s
  delete /tmp/nimble_24057/githubcom_planetygungnir/.git/objects/03/tmp_obj_gxlS7s
  rename /tmp/nimble_24057/githubcom_planetygungnir/.git/shallow.lock to shallow
  rename /tmp/nimble_24057/githubcom_planetygungnir/.git/packed-refs.new to packed-refs
  delete /tmp/nimble_24057/githubcom_planetygungnir/.git/packed-refs.lock
  delete /tmp/nimble_24057/githubcom_planetygungnir/.git/refs/tags/v0.1.0.lock
  create directory /tmp/nimble_24057/githubcom_planetygungnir/.git/logs
  rename /tmp/nimble_24057/githubcom_planetygungnir/.git/HEAD.lock to HEAD
  create directory /tmp/nimble_24057/githubcom_planetygungnir/src
  create directory /tmp/nimble_24057/githubcom_planetygungnir/src/gungnir
  create directory /tmp/nimble_24057/githubcom_planetygungnir/tests
  rename /tmp/nimble_24057/githubcom_planetygungnir/.git/index.lock to index
  create directory /tmp
  create directory /tmp/nimblecache
  create directory /tmp/nimblecache/gungnir_598911052
  delete /tmp/nimblecache/gungnir_598911052/gungnir.ini
  delete /tmp/nimble_24057.out
  delete /tmp/nimble_24057/githubcom_planetygungnir/gungnir_24057.nims
  create directory /home
  create directory /home/runner
  create directory /home/runner/.nimble
  create directory /home/runner/.nimble/pkgs
  create directory /home/runner/.nimble/pkgs/gungnir-0.1.0
  create directory /home
  create directory /home/runner
  create directory /home/runner/.nimble
  create directory /home/runner/.nimble/pkgs
  create directory /home/runner/.nimble/pkgs/gungnir-0.1.0
  create directory /home/runner/.nimble/pkgs/gungnir-0.1.0/gungnir
  change permissions of /home/runner/.nimble/pkgs/gungnir-0.1.0/gungnir/signer.nim to rw-r--r--
  create directory /home
  create directory /home/runner
  create directory /home/runner/.nimble
  create directory /home/runner/.nimble/pkgs
  create directory /home/runner/.nimble/pkgs/gungnir-0.1.0
  create directory /home/runner/.nimble/pkgs/gungnir-0.1.0/gungnir
  change permissions of /home/runner/.nimble/pkgs/gungnir-0.1.0/gungnir/base.nim to rw-r--r--
  create directory /home
  create directory /home/runner
  create directory /home/runner/.nimble
  create directory /home/runner/.nimble/pkgs
  create directory /home/runner/.nimble/pkgs/gungnir-0.1.0
  change permissions of /home/runner/.nimble/pkgs/gungnir-0.1.0/gungnir.nim to rw-r--r--
  change permissions of /home/runner/.nimble/pkgs/gungnir-0.1.0/gungnir.nimble to rw-r--r--
  create directory /tmp
  create directory /tmp/nimblecache
  create directory /tmp/nimblecache/gungnir_3129247506
  delete /tmp/nimblecache/gungnir_3129247506/gungnir.ini
  delete /tmp/nimble_24057.out
  delete /home/runner/.nimble/pkgs/gungnir-0.1.0/gungnir_24057.nims
  delete /tmp/nimble_24057/githubcom_planetygungnir/README.md
  delete /tmp/nimble_24057/githubcom_planetygungnir/gungnir.nimble
  delete /tmp/nimble_24057/githubcom_planetygungnir/.git/refs/tags
  delete /tmp/nimble_24057/githubcom_planetygungnir/.git/refs/heads
  delete /tmp/nimble_24057/githubcom_planetygungnir/.git/refs
  delete /tmp/nimble_24057/githubcom_planetygungnir/.git/info/exclude
  delete /tmp/nimble_24057/githubcom_planetygungnir/.git/info
  delete /tmp/nimble_24057/githubcom_planetygungnir/.git/branches
  delete /tmp/nimble_24057/githubcom_planetygungnir/.git/logs/HEAD
  delete /tmp/nimble_24057/githubcom_planetygungnir/.git/logs
  delete /tmp/nimble_24057/githubcom_planetygungnir/.git/description
  delete /tmp/nimble_24057/githubcom_planetygungnir/.git/hooks/pre-rebase.sample
  delete /tmp/nimble_24057/githubcom_planetygungnir/.git/hooks/applypatch-msg.sample
  delete /tmp/nimble_24057/githubcom_planetygungnir/.git/hooks/pre-push.sample
  delete /tmp/nimble_24057/githubcom_planetygungnir/.git/hooks/pre-merge-commit.sample
  delete /tmp/nimble_24057/githubcom_planetygungnir/.git/hooks/pre-receive.sample
  delete /tmp/nimble_24057/githubcom_planetygungnir/.git/hooks/update.sample
  delete /tmp/nimble_24057/githubcom_planetygungnir/.git/hooks/pre-commit.sample
  delete /tmp/nimble_24057/githubcom_planetygungnir/.git/hooks/pre-applypatch.sample
  delete /tmp/nimble_24057/githubcom_planetygungnir/.git/hooks/commit-msg.sample
  delete /tmp/nimble_24057/githubcom_planetygungnir/.git/hooks/fsmonitor-watchman.sample
  delete /tmp/nimble_24057/githubcom_planetygungnir/.git/hooks/prepare-commit-msg.sample
  delete /tmp/nimble_24057/githubcom_planetygungnir/.git/hooks/post-update.sample
  delete /tmp/nimble_24057/githubcom_planetygungnir/.git/hooks
  delete /tmp/nimble_24057/githubcom_planetygungnir/.git/shallow
  delete /tmp/nimble_24057/githubcom_planetygungnir/.git/config
  delete /tmp/nimble_24057/githubcom_planetygungnir/.git/index
  delete /tmp/nimble_24057/githubcom_planetygungnir/.git/objects/97/f086c6472b6a0f6bc4e964d3f2e0052ec9230e
  delete /tmp/nimble_24057/githubcom_planetygungnir/.git/objects/97
  delete /tmp/nimble_24057/githubcom_planetygungnir/.git/objects/61/c7350ef599ed6ce7709333e9c03271553f09d0
  delete /tmp/nimble_24057/githubcom_planetygungnir/.git/objects/61
  delete /tmp/nimble_24057/githubcom_planetygungnir/.git/objects/33/383038f63f9e1a9e1342d8b793fd5d0d5154a2
  delete /tmp/nimble_24057/githubcom_planetygungnir/.git/objects/33
  delete /tmp/nimble_24057/githubcom_planetygungnir/.git/objects/info
  delete /tmp/nimble_24057/githubcom_planetygungnir/.git/objects/5b/4cf1df6befd41f0d1aba48b261bb14cae063ec
  delete /tmp/nimble_24057/githubcom_planetygungnir/.git/objects/5b
  delete /tmp/nimble_24057/githubcom_planetygungnir/.git/objects/fa/c90dbb4f489fa036517ceefd0d378e4e00d559
  delete /tmp/nimble_24057/githubcom_planetygungnir/.git/objects/fa
  delete /tmp/nimble_24057/githubcom_planetygungnir/.git/objects/39/19f2b574d6a579fc52c30b70106f7297035bc4
  delete /tmp/nimble_24057/githubcom_planetygungnir/.git/objects/39
  delete /tmp/nimble_24057/githubcom_planetygungnir/.git/objects/69/420f6ca57577f1e53e5da6142e3501cbd98fbf
  delete /tmp/nimble_24057/githubcom_planetygungnir/.git/objects/69
  delete /tmp/nimble_24057/githubcom_planetygungnir/.git/objects/80/2d59d5a00b57088892f0aff442aca874c931b8
  delete /tmp/nimble_24057/githubcom_planetygungnir/.git/objects/80
  delete /tmp/nimble_24057/githubcom_planetygungnir/.git/objects/3b/b69f82af2b03d759a985634d69563496d956b6
  delete /tmp/nimble_24057/githubcom_planetygungnir/.git/objects/3b
  delete /tmp/nimble_24057/githubcom_planetygungnir/.git/objects/98/9cb8980054f6e082f0b1bf7ae61e277d245b7b
  delete /tmp/nimble_24057/githubcom_planetygungnir/.git/objects/98
  delete /tmp/nimble_24057/githubcom_planetygungnir/.git/objects/03/9aeb6c8087e9a5b405b1bd6db8cb5fffe0343c
  delete /tmp/nimble_24057/githubcom_planetygungnir/.git/objects/03
  delete /tmp/nimble_24057/githubcom_planetygungnir/.git/objects/db/27d5733b4fdff1d20a2fda475d16e9e14922ec
  delete /tmp/nimble_24057/githubcom_planetygungnir/.git/objects/db
  delete /tmp/nimble_24057/githubcom_planetygungnir/.git/objects/pack
  delete /tmp/nimble_24057/githubcom_planetygungnir/.git/objects/27/3a6818e3bc3141c5aec728a568175cf31dd063
  delete /tmp/nimble_24057/githubcom_planetygungnir/.git/objects/27
  delete /tmp/nimble_24057/githubcom_planetygungnir/.git/objects
  delete /tmp/nimble_24057/githubcom_planetygungnir/.git/packed-refs
  delete /tmp/nimble_24057/githubcom_planetygungnir/.git/HEAD
  delete /tmp/nimble_24057/githubcom_planetygungnir/.git
  delete /tmp/nimble_24057/githubcom_planetygungnir/src/gungnir/signer.nim
  delete /tmp/nimble_24057/githubcom_planetygungnir/src/gungnir/base.nim
  delete /tmp/nimble_24057/githubcom_planetygungnir/src/gungnir
  delete /tmp/nimble_24057/githubcom_planetygungnir/src/gungnir.nim
  delete /tmp/nimble_24057/githubcom_planetygungnir/src
  delete /tmp/nimble_24057/githubcom_planetygungnir/tests/config.nims
  delete /tmp/nimble_24057/githubcom_planetygungnir/tests/test1.nim
  delete /tmp/nimble_24057/githubcom_planetygungnir/tests
  delete /tmp/nimble_24057/githubcom_planetygungnir/LICENSE
  delete /tmp/nimble_24057/githubcom_planetygungnir
  delete /tmp/nimble_24057
