     Info:  Nimble data file "/home/runner/.nimble/nimbledata2.json" has been loaded.
    Reading official package list
Downloading https://github.com/zendbit/nim_zfdbms using git
    Cloning latest tagged version: v0.2.3
open('/workspace/destdir/ssl/openssl.cnf', 32768, 0x00000000000001b6)
open('/home/runner/.config/nimble/nimble.ini', 557056, 0x00000000000001b6)
open('/home/runner/.config/babel/babel.ini', 557056, 0x00000000000001b6)
open('/home/runner/.nimble/nimbledata2.json', 557056, 0x00000000000001b6)
writev(1, 0x00007ffe7aab6db0, 2)
writev(1, 0x00007ffe7aab6690, 2)
open('/home/runner/.nimble/packages_official.json', 557056, 0x00000000000001b6)
mkdir('/tmp/', 0x00000000000001ff)
mkdir('/tmp/nimble_2295/', 0x00000000000001ff)
mkdir('/tmp/nimble_2295/githubcom_zendbitnimzfdbms', 0x00000000000001ff)
writev(1, 0x00007ffe7aab6660, 2)
open('/tmp/nimble_2295/githubcom_zendbitnimzfdbms', 622592, 0x0000000000000000)
rmdir('/tmp/nimble_2295/githubcom_zendbitnimzfdbms')
writev(1, 0x00007ffe7aab65d0, 2)
mkdir(93962424034336, 0x00000000000001ff)
Error tracing process: readBytes(0x0000557554e82420, 256) error: [Errno 5] Input/output error.
