     Info:  Nimble data file "/home/runner/.nimble/nimbledata2.json" has been loaded.
    Reading official package list
Downloading https://github.com/enthus1ast/zigcc using git
   Warning: The package has no tagged releases, downloading HEAD instead.
open('/workspace/destdir/ssl/openssl.cnf', 32768, 0x00000000000001b6)
open('/home/runner/.config/nimble/nimble.ini', 557056, 0x00000000000001b6)
open('/home/runner/.config/babel/babel.ini', 557056, 0x00000000000001b6)
open('/home/runner/.nimble/nimbledata2.json', 557056, 0x00000000000001b6)
writev(1, 0x00007ffd35b4e900, 2)
writev(1, 0x00007ffd35b4e1e0, 2)
open('/home/runner/.nimble/packages_official.json', 557056, 0x00000000000001b6)
mkdir('/tmp/', 0x00000000000001ff)
mkdir('/tmp/nimble_2309/', 0x00000000000001ff)
mkdir('/tmp/nimble_2309/githubcom_enthus1astzigcc', 0x00000000000001ff)
writev(1, 0x00007ffd35b4e1b0, 2)
open('/tmp/nimble_2309/githubcom_enthus1astzigcc', 622592, 0x0000000000000000)
rmdir('/tmp/nimble_2309/githubcom_enthus1astzigcc')
writev(1, 0x00007ffd35b4e120, 2)
mkdir(94588884436000, 0x00000000000001ff)
Error tracing process: readBytes(0x0000560730db4420, 256) error: [Errno 5] Input/output error.
