     Info:  Nimble data file "/home/runner/.nimble/nimbledata2.json" has been loaded.
    Reading official package list
Downloading https://github.com/status-im/nim-zlib using git
   Warning: The package has no tagged releases, downloading HEAD instead.
open('/workspace/destdir/ssl/openssl.cnf', 32768, 0x00000000000001b6)
open('/home/runner/.config/nimble/nimble.ini', 557056, 0x00000000000001b6)
open('/home/runner/.config/babel/babel.ini', 557056, 0x00000000000001b6)
open('/home/runner/.nimble/nimbledata2.json', 557056, 0x00000000000001b6)
writev(1, 0x00007ffca9762be0, 2)
writev(1, 0x00007ffca97624c0, 2)
open('/home/runner/.nimble/packages_official.json', 557056, 0x00000000000001b6)
mkdir('/tmp/', 0x00000000000001ff)
mkdir('/tmp/nimble_1999/', 0x00000000000001ff)
mkdir('/tmp/nimble_1999/githubcom_statusimnimzlib', 0x00000000000001ff)
writev(1, 0x00007ffca9762490, 2)
open('/tmp/nimble_1999/githubcom_statusimnimzlib', 622592, 0x0000000000000000)
rmdir('/tmp/nimble_1999/githubcom_statusimnimzlib')
writev(1, 0x00007ffca9762400, 2)
mkdir(94763039446368, 0x00000000000001ff)
Error tracing process: readBytes(0x0000562fbd4dd560, 256) error: [Errno 5] Input/output error.
