      Info: Package cache path /home/runner/.nimble/pkgcache
     Info:  Nimble data file "/home/runner/.nimble/nimbledata2.json" has been loaded.
    Reading official package list
Downloading https://github.com/theAkito/zoominvitr using git
    Cloning latest tagged version: 0.5.1
open('/workspace/destdir/ssl/openssl.cnf', 32768, 0x00000000000001b6)
open('/home/runner/.config/nimble/nimble.ini', 557056, 0x00000000000001b6)
open('/home/runner/.config/babel/babel.ini', 557056, 0x00000000000001b6)
writev(1, 0x00007ffd0423a2e0, 2)
open('/home/runner/.nimble/nimbledata2.json', 557056, 0x00000000000001b6)
writev(1, 0x00007ffd0423a3b0, 2)
writev(1, 0x00007ffd31057920, 2)
writev(1, 0x00007ffd310579b0, 2)
writev(1, 0x00007ffd310579b0, 2)
writev(1, 0x00007ffd310579b0, 2)
writev(1, 0x00007ffd04238d90, 2)
open('/home/runner/.nimble/packages_official.json', 557056, 0x00000000000001b6)
mkdir('/home/', 0x00000000000001ff)
mkdir('/home/runner/', 0x00000000000001ff)
mkdir('/home/runner/.nimble/', 0x00000000000001ff)
mkdir('/home/runner/.nimble/pkgcache/', 0x00000000000001ff)
mkdir('/home/runner/.nimble/pkgcache/githubcom_theAkitozoominvitr', 0x00000000000001ff)
open('/home/runner/.nimble/pkgcache/githubcom_theAkitozoominvitr', 622592, 0x0000000000000000)
writev(1, 0x00007ffd04238e70, 2)
open('/home/runner/.nimble/pkgcache/githubcom_theAkitozoominvitr', 622592, 0x0000000000000000)
rmdir('/home/runner/.nimble/pkgcache/githubcom_theAkitozoominvitr')
writev(1, 0x00007ffd04238d60, 2)
mkdir(93964540435264, 0x00000000000001ff)
Error tracing process: readBytes(0x00005575d30ddb40, 256) error: [Errno 5] Input/output error.
