     Info:  Nimble data file "/home/runner/.nimble/nimbledata2.json" has been loaded.
    Reading official package list
Downloading https://github.com/arashi-software/zuhyo using git
   Warning: The package has no tagged releases, downloading HEAD instead.
open('/workspace/destdir/ssl/openssl.cnf', 32768, 0x00000000000001b6)
open('/home/runner/.config/nimble/nimble.ini', 557056, 0x00000000000001b6)
open('/home/runner/.config/babel/babel.ini', 557056, 0x00000000000001b6)
open('/home/runner/.nimble/nimbledata2.json', 557056, 0x00000000000001b6)
writev(1, 0x00007ffdf8bf3c70, 2)
writev(1, 0x00007ffdf8bf3550, 2)
open('/home/runner/.nimble/packages_official.json', 557056, 0x00000000000001b6)
mkdir('/tmp/', 0x00000000000001ff)
mkdir('/tmp/nimble_2270/', 0x00000000000001ff)
mkdir('/tmp/nimble_2270/githubcom_arashisoftwarezuhyo', 0x00000000000001ff)
writev(1, 0x00007ffdf8bf3520, 2)
open('/tmp/nimble_2270/githubcom_arashisoftwarezuhyo', 622592, 0x0000000000000000)
rmdir('/tmp/nimble_2270/githubcom_arashisoftwarezuhyo')
writev(1, 0x00007ffdf8bf3490, 2)
mkdir(94351848975008, 0x00000000000001ff)
Error tracing process: readBytes(0x000055d000712aa0, 256) error: [Errno 5] Input/output error.
