      Info: Package cache path /home/runner/.nimble/pkgcache
     Info:  Nimble data file "/home/runner/.nimble/nimbledata2.json" has been loaded.
    Reading official package list
Downloading https://github.com/status-im/nim-zxcvbn using git
   Warning: The package has no tagged releases, downloading HEAD instead.
open('/workspace/destdir/ssl/openssl.cnf', 32768, 0x00000000000001b6)
open('/home/runner/.config/nimble/nimble.ini', 557056, 0x00000000000001b6)
open('/home/runner/.config/babel/babel.ini', 557056, 0x00000000000001b6)
writev(1, 0x00007ffc6ad88550, 2)
open('/home/runner/.nimble/nimbledata2.json', 557056, 0x00000000000001b6)
writev(1, 0x00007ffc6ad88620, 2)
writev(1, 0x00007ffe958b7600, 2)
writev(1, 0x00007ffe958b7690, 2)
writev(1, 0x00007ffe958b7690, 2)
writev(1, 0x00007ffe958b7690, 2)
writev(1, 0x00007ffc6ad87000, 2)
open('/home/runner/.nimble/packages_official.json', 557056, 0x00000000000001b6)
mkdir('/home/', 0x00000000000001ff)
mkdir('/home/runner/', 0x00000000000001ff)
mkdir('/home/runner/.nimble/', 0x00000000000001ff)
mkdir('/home/runner/.nimble/pkgcache/', 0x00000000000001ff)
mkdir('/home/runner/.nimble/pkgcache/githubcom_statusimnimzxcvbn', 0x00000000000001ff)
open('/home/runner/.nimble/pkgcache/githubcom_statusimnimzxcvbn', 622592, 0x0000000000000000)
writev(1, 0x00007ffc6ad870e0, 2)
open('/home/runner/.nimble/pkgcache/githubcom_statusimnimzxcvbn', 622592, 0x0000000000000000)
rmdir('/home/runner/.nimble/pkgcache/githubcom_statusimnimzxcvbn')
writev(1, 0x00007ffc6ad86fd0, 2)
mkdir(94589167180528, 0x00000000000001ff)
Error tracing process: readBytes(0x0000560741b59af0, 256) error: [Errno 5] Input/output error.
