    Reading official package list
Downloading https://github.com/OHermesJunior/rain.nim using git
mkdir('/tmp', 0x00000000000001ff)
mkdir('/tmp/nimble_11045', 0x00000000000001ff)
mkdir('/tmp/nimble_11045/githubcom_OHermesJuniorrainnim', 0x00000000000001ff)
rmdir('/tmp/nimble_11045/githubcom_OHermesJuniorrainnim')
mkdir('/tmp/nimble_11045/githubcom_OHermesJuniorrainnim', 0x00000000000001ff)
mkdir('/tmp/nimble_11045/githubcom_OHermesJuniorrainnim/.git', 0x00000000000001ff)
mkdir('/tmp/nimble_11045/githubcom_OHermesJuniorrainnim/.git/', 0x00000000000001ff)
mkdir('/tmp/nimble_11045/githubcom_OHermesJuniorrainnim/.git/info/', 0x00000000000001ff)
mkdir('/tmp/nimble_11045/githubcom_OHermesJuniorrainnim/.git/branches/', 0x00000000000001ff)
mkdir('/tmp/nimble_11045/githubcom_OHermesJuniorrainnim/.git/hooks/', 0x00000000000001ff)
mkdir('/tmp/nimble_11045/githubcom_OHermesJuniorrainnim/.git/refs', 0x00000000000001ff)
mkdir('/tmp/nimble_11045/githubcom_OHermesJuniorrainnim/.git/refs/heads', 0x00000000000001ff)
mkdir('/tmp/nimble_11045/githubcom_OHermesJuniorrainnim/.git/refs/tags', 0x00000000000001ff)
rename('/tmp/nimble_11045/githubcom_OHermesJuniorrainnim/.git/HEAD.lock', '/tmp/nimble_11045/githubcom_OHermesJuniorrainnim/.git/HEAD')
rename('/tmp/nimble_11045/githubcom_OHermesJuniorrainnim/.git/config.lock', '/tmp/nimble_11045/githubcom_OHermesJuniorrainnim/.git/config')
chmod('/tmp/nimble_11045/githubcom_OHermesJuniorrainnim/.git/config', 0x00000000000081e4)
chmod('/tmp/nimble_11045/githubcom_OHermesJuniorrainnim/.git/config', 0x00000000000081a4)
chmod('/tmp/nimble_11045/githubcom_OHermesJuniorrainnim/.git/config.lock', 0x00000000000001a4)
rename('/tmp/nimble_11045/githubcom_OHermesJuniorrainnim/.git/config.lock', '/tmp/nimble_11045/githubcom_OHermesJuniorrainnim/.git/config')
chmod('/tmp/nimble_11045/githubcom_OHermesJuniorrainnim/.git/config.lock', 0x00000000000001a4)
rename('/tmp/nimble_11045/githubcom_OHermesJuniorrainnim/.git/config.lock', '/tmp/nimble_11045/githubcom_OHermesJuniorrainnim/.git/config')
chmod('/tmp/nimble_11045/githubcom_OHermesJuniorrainnim/.git/config.lock', 0x00000000000001a4)
rename('/tmp/nimble_11045/githubcom_OHermesJuniorrainnim/.git/config.lock', '/tmp/nimble_11045/githubcom_OHermesJuniorrainnim/.git/config')
unlink('/tmp/nimble_11045/githubcom_OHermesJuniorrainnim/.git/tKb2Pwm')
symlink('testing', '/tmp/nimble_11045/githubcom_OHermesJuniorrainnim/.git/tKb2Pwm')
unlink('/tmp/nimble_11045/githubcom_OHermesJuniorrainnim/.git/tKb2Pwm')
mkdir('/tmp/nimble_11045/githubcom_OHermesJuniorrainnim/.git/objects', 0x00000000000001ff)
mkdir('/tmp/nimble_11045/githubcom_OHermesJuniorrainnim/.git/objects/pack', 0x00000000000001ff)
mkdir('/tmp/nimble_11045/githubcom_OHermesJuniorrainnim/.git/objects/info', 0x00000000000001ff)
chmod('/tmp/nimble_11045/githubcom_OHermesJuniorrainnim/.git/config.lock', 0x00000000000001a4)
rename('/tmp/nimble_11045/githubcom_OHermesJuniorrainnim/.git/config.lock', '/tmp/nimble_11045/githubcom_OHermesJuniorrainnim/.git/config')
chmod('/tmp/nimble_11045/githubcom_OHermesJuniorrainnim/.git/config.lock', 0x00000000000001a4)
rename('/tmp/nimble_11045/githubcom_OHermesJuniorrainnim/.git/config.lock', '/tmp/nimble_11045/githubcom_OHermesJuniorrainnim/.git/config')
chmod('/tmp/nimble_11045/githubcom_OHermesJuniorrainnim/.git/config.lock', 0x00000000000001a4)
rename('/tmp/nimble_11045/githubcom_OHermesJuniorrainnim/.git/config.lock', '/tmp/nimble_11045/githubcom_OHermesJuniorrainnim/.git/config')
mkdir('/tmp/nimble_11045/githubcom_OHermesJuniorrainnim/.git/objects/6c', 0x00000000000001ff)
link('/tmp/nimble_11045/githubcom_OHermesJuniorrainnim/.git/objects/6c/tmp_obj_48hIGh', '/tmp/nimble_11045/githubcom_OHermesJuniorrainnim/.git/objects/6c/c61747bc0393bf0dc72be4a30210d40e4d7fab')
unlink('/tmp/nimble_11045/githubcom_OHermesJuniorrainnim/.git/objects/6c/tmp_obj_48hIGh')
mkdir('/tmp/nimble_11045/githubcom_OHermesJuniorrainnim/.git/objects/e6', 0x00000000000001ff)
link('/tmp/nimble_11045/githubcom_OHermesJuniorrainnim/.git/objects/e6/tmp_obj_BpeC2b', '/tmp/nimble_11045/githubcom_OHermesJuniorrainnim/.git/objects/e6/f39c08cfdc6e5b05ec567508e6c5006695c58b')
unlink('/tmp/nimble_11045/githubcom_OHermesJuniorrainnim/.git/objects/e6/tmp_obj_BpeC2b')
mkdir('/tmp/nimble_11045/githubcom_OHermesJuniorrainnim/.git/objects/4c', 0x00000000000001ff)
link('/tmp/nimble_11045/githubcom_OHermesJuniorrainnim/.git/objects/4c/tmp_obj_dpCBRg', '/tmp/nimble_11045/githubcom_OHermesJuniorrainnim/.git/objects/4c/b4d2231a5a5ea7916d2313dd05896496f05ce8')
unlink('/tmp/nimble_11045/githubcom_OHermesJuniorrainnim/.git/objects/4c/tmp_obj_dpCBRg')
mkdir('/tmp/nimble_11045/githubcom_OHermesJuniorrainnim/.git/objects/04', 0x00000000000001ff)
link('/tmp/nimble_11045/githubcom_OHermesJuniorrainnim/.git/objects/04/tmp_obj_PMkDFl', '/tmp/nimble_11045/githubcom_OHermesJuniorrainnim/.git/objects/04/f0772a299a88766147c072d5fe1bced69c8e46')
unlink('/tmp/nimble_11045/githubcom_OHermesJuniorrainnim/.git/objects/04/tmp_obj_PMkDFl')
mkdir('/tmp/nimble_11045/githubcom_OHermesJuniorrainnim/.git/objects/02', 0x00000000000001ff)
link('/tmp/nimble_11045/githubcom_OHermesJuniorrainnim/.git/objects/02/tmp_obj_Bfjnqp', '/tmp/nimble_11045/githubcom_OHermesJuniorrainnim/.git/objects/02/4e783df7cdfd77c9c10d6f40ddede60a4807ac')
unlink('/tmp/nimble_11045/githubcom_OHermesJuniorrainnim/.git/objects/02/tmp_obj_Bfjnqp')
mkdir('/tmp/nimble_11045/githubcom_OHermesJuniorrainnim/.git/objects/1e', 0x00000000000001ff)
link('/tmp/nimble_11045/githubcom_OHermesJuniorrainnim/.git/objects/1e/tmp_obj_jC7ylu', '/tmp/nimble_11045/githubcom_OHermesJuniorrainnim/.git/objects/1e/10029a708494ba6204a8d0402babf81bfb785b')
unlink('/tmp/nimble_11045/githubcom_OHermesJuniorrainnim/.git/objects/1e/tmp_obj_jC7ylu')
mkdir('/tmp/nimble_11045/githubcom_OHermesJuniorrainnim/.git/objects/36', 0x00000000000001ff)
link('/tmp/nimble_11045/githubcom_OHermesJuniorrainnim/.git/objects/36/tmp_obj_pRFhjz', '/tmp/nimble_11045/githubcom_OHermesJuniorrainnim/.git/objects/36/cd8ed11b85783c8ce6e218625ced4ebe201e01')
unlink('/tmp/nimble_11045/githubcom_OHermesJuniorrainnim/.git/objects/36/tmp_obj_pRFhjz')
rename('/tmp/nimble_11045/githubcom_OHermesJuniorrainnim/.git/shallow.lock', '/tmp/nimble_11045/githubcom_OHermesJuniorrainnim/.git/shallow')
rename('/tmp/nimble_11045/githubcom_OHermesJuniorrainnim/.git/packed-refs.new', '/tmp/nimble_11045/githubcom_OHermesJuniorrainnim/.git/packed-refs')
unlink('/tmp/nimble_11045/githubcom_OHermesJuniorrainnim/.git/packed-refs.lock')
mkdir('/tmp/nimble_11045/githubcom_OHermesJuniorrainnim/.git/refs/remotes', 0x00000000000001ff)
mkdir('/tmp/nimble_11045/githubcom_OHermesJuniorrainnim/.git/refs/remotes/origin', 0x00000000000001ff)
mkdir('/tmp/nimble_11045/githubcom_OHermesJuniorrainnim/.git/logs', 0x00000000000001ff)
mkdir('/tmp/nimble_11045/githubcom_OHermesJuniorrainnim/.git/logs/refs', 0x00000000000001ff)
mkdir('/tmp/nimble_11045/githubcom_OHermesJuniorrainnim/.git/logs/refs/remotes', 0x00000000000001ff)
mkdir('/tmp/nimble_11045/githubcom_OHermesJuniorrainnim/.git/logs/refs/remotes/origin', 0x00000000000001ff)
rename('/tmp/nimble_11045/githubcom_OHermesJuniorrainnim/.git/refs/remotes/origin/HEAD.lock', '/tmp/nimble_11045/githubcom_OHermesJuniorrainnim/.git/refs/remotes/origin/HEAD')
rename('/tmp/nimble_11045/githubcom_OHermesJuniorrainnim/.git/HEAD.lock', '/tmp/nimble_11045/githubcom_OHermesJuniorrainnim/.git/HEAD')
mkdir('/tmp/nimble_11045/githubcom_OHermesJuniorrainnim/.git/logs/refs/heads', 0x00000000000001ff)
rename('/tmp/nimble_11045/githubcom_OHermesJuniorrainnim/.git/refs/heads/master.lock', '/tmp/nimble_11045/githubcom_OHermesJuniorrainnim/.git/refs/heads/master')
unlink('/tmp/nimble_11045/githubcom_OHermesJuniorrainnim/.git/HEAD.lock')
chmod('/tmp/nimble_11045/githubcom_OHermesJuniorrainnim/.git/config.lock', 0x00000000000001a4)
rename('/tmp/nimble_11045/githubcom_OHermesJuniorrainnim/.git/config.lock', '/tmp/nimble_11045/githubcom_OHermesJuniorrainnim/.git/config')
chmod('/tmp/nimble_11045/githubcom_OHermesJuniorrainnim/.git/config.lock', 0x00000000000001a4)
rename('/tmp/nimble_11045/githubcom_OHermesJuniorrainnim/.git/config.lock', '/tmp/nimble_11045/githubcom_OHermesJuniorrainnim/.git/config')
mkdir('src', 0x00000000000001ff)
rename('/tmp/nimble_11045/githubcom_OHermesJuniorrainnim/.git/index.lock', '/tmp/nimble_11045/githubcom_OHermesJuniorrainnim/.git/index')       Info /tmp/nimble_11045/githubcom_OHermesJuniorrainnim/rain_11045.nims(5, 22) Warning: imported and not used: 'strutils' [UnusedImport]
  Verifying dependencies for rain@0.1.0
 Installing rain@0.1.0
   Building rain/rain using c backend
  Executing "/home/runner/.nimble/bin/nim" c --noNimblePath -d:NimblePkgVersion=0.1.0 -d:release -o:"/tmp/nimble_11045/githubcom_OHermesJuniorrainnim/rain" "/tmp/nimble_11045/githubcom_OHermesJuniorrainnim/src/rain.nim"

mkdir('/tmp', 0x00000000000001ff)
mkdir('/tmp/nimblecache', 0x00000000000001ff)
mkdir('/tmp/nimblecache/rain_1218268182', 0x00000000000001ff)
unlink('/tmp/nimblecache/rain_1218268182/rain.ini')
unlink('/tmp/nimble_11045.out')
unlink('/tmp/nimble_11045/githubcom_OHermesJuniorrainnim/rain_11045.nims')
mkdir('/home', 0x00000000000001ff)
mkdir('/home/runner', 0x00000000000001ff)
mkdir('/home/runner/.cache', 0x00000000000001ff)
mkdir('/home/runner/.cache/nim', 0x00000000000001ff)
mkdir('/home/runner/.cache/nim/rain_r', 0x00000000000001ff)
mkdir('/home', 0x00000000000001ff)
mkdir('/home/runner', 0x00000000000001ff)
mkdir('/home/runner/.cache', 0x00000000000001ff)
mkdir('/home/runner/.cache/nim', 0x00000000000001ff)
mkdir('/home/runner/.cache/nim/rain_r', 0x00000000000001ff)
mkdir('/home', 0x00000000000001ff)
mkdir('/home/runner', 0x00000000000001ff)
mkdir('/home/runner/.cache', 0x00000000000001ff)
mkdir('/home/runner/.cache/nim', 0x00000000000001ff)
mkdir('/home/runner/.cache/nim/rain_r', 0x00000000000001ff)
mkdir('/home', 0x00000000000001ff)
mkdir('/home/runner', 0x00000000000001ff)
mkdir('/home/runner/.cache', 0x00000000000001ff)
mkdir('/home/runner/.cache/nim', 0x00000000000001ff)
mkdir('/home/runner/.cache/nim/rain_r', 0x00000000000001ff)
mkdir('/home', 0x00000000000001ff)
mkdir('/home/runner', 0x00000000000001ff)
mkdir('/home/runner/.cache', 0x00000000000001ff)
mkdir('/home/runner/.cache/nim', 0x00000000000001ff)
mkdir('/home/runner/.cache/nim/rain_r', 0x00000000000001ff)
mkdir('/home', 0x00000000000001ff)
mkdir('/home/runner', 0x00000000000001ff)
mkdir('/home/runner/.cache', 0x00000000000001ff)
mkdir('/home/runner/.cache/nim', 0x00000000000001ff)
mkdir('/home/runner/.cache/nim/rain_r', 0x00000000000001ff)
mkdir('/home', 0x00000000000001ff)
mkdir('/home/runner', 0x00000000000001ff)
mkdir('/home/runner/.cache', 0x00000000000001ff)
mkdir('/home/runner/.cache/nim', 0x00000000000001ff)
mkdir('/home/runner/.cache/nim/rain_r', 0x00000000000001ff)
mkdir('/home', 0x00000000000001ff)
mkdir('/home/runner', 0x00000000000001ff)
mkdir('/home/runner/.cache', 0x00000000000001ff)
mkdir('/home/runner/.cache/nim', 0x00000000000001ff)
mkdir('/home/runner/.cache/nim/rain_r', 0x00000000000001ff)
mkdir('/home', 0x00000000000001ff)
mkdir('/home/runner', 0x00000000000001ff)
mkdir('/home/runner/.cache', 0x00000000000001ff)
mkdir('/home/runner/.cache/nim', 0x00000000000001ff)
mkdir('/home/runner/.cache/nim/rain_r', 0x00000000000001ff)
mkdir('/home', 0x00000000000001ff)
mkdir('/home/runner', 0x00000000000001ff)
mkdir('/home/runner/.cache', 0x00000000000001ff)
mkdir('/home/runner/.cache/nim', 0x00000000000001ff)
mkdir('/home/runner/.cache/nim/rain_r', 0x00000000000001ff)
mkdir('/home', 0x00000000000001ff)
mkdir('/home/runner', 0x00000000000001ff)
mkdir('/home/runner/.cache', 0x00000000000001ff)
mkdir('/home/runner/.cache/nim', 0x00000000000001ff)
mkdir('/home/runner/.cache/nim/rain_r', 0x00000000000001ff)
mkdir('/home', 0x00000000000001ff)
mkdir('/home/runner', 0x00000000000001ff)
mkdir('/home/runner/.cache', 0x00000000000001ff)
mkdir('/home/runner/.cache/nim', 0x00000000000001ff)
mkdir('/home/runner/.cache/nim/rain_r', 0x00000000000001ff)
mkdir('/home', 0x00000000000001ff)
mkdir('/home/runner', 0x00000000000001ff)
mkdir('/home/runner/.cache', 0x00000000000001ff)
mkdir('/home/runner/.cache/nim', 0x00000000000001ff)
mkdir('/home/runner/.cache/nim/rain_r', 0x00000000000001ff)
mkdir('/home', 0x00000000000001ff)
mkdir('/home/runner', 0x00000000000001ff)
mkdir('/home/runner/.cache', 0x00000000000001ff)
mkdir('/home/runner/.cache/nim', 0x00000000000001ff)
mkdir('/home/runner/.cache/nim/rain_r', 0x00000000000001ff)
mkdir('/home', 0x00000000000001ff)
mkdir('/home/runner', 0x00000000000001ff)
mkdir('/home/runner/.cache', 0x00000000000001ff)
mkdir('/home/runner/.cache/nim', 0x00000000000001ff)
mkdir('/home/runner/.cache/nim/rain_r', 0x00000000000001ff)
mkdir('/home', 0x00000000000001ff)
mkdir('/home/runner', 0x00000000000001ff)
mkdir('/home/runner/.cache', 0x00000000000001ff)
mkdir('/home/runner/.cache/nim', 0x00000000000001ff)
mkdir('/home/runner/.cache/nim/rain_r', 0x00000000000001ff)
mkdir('/home', 0x00000000000001ff)
mkdir('/home/runner', 0x00000000000001ff)
mkdir('/home/runner/.cache', 0x00000000000001ff)
mkdir('/home/runner/.cache/nim', 0x00000000000001ff)
mkdir('/home/runner/.cache/nim/rain_r', 0x00000000000001ff)
mkdir('/home', 0x00000000000001ff)
mkdir('/home/runner', 0x00000000000001ff)
mkdir('/home/runner/.cache', 0x00000000000001ff)
mkdir('/home/runner/.cache/nim', 0x00000000000001ff)
mkdir('/home/runner/.cache/nim/rain_r', 0x00000000000001ff)
mkdir('/home', 0x00000000000001ff)
mkdir('/home/runner', 0x00000000000001ff)
mkdir('/home/runner/.cache', 0x00000000000001ff)
mkdir('/home/runner/.cache/nim', 0x00000000000001ff)
mkdir('/home/runner/.cache/nim/rain_r', 0x00000000000001ff)
mkdir('/home', 0x00000000000001ff)
mkdir('/home/runner', 0x00000000000001ff)
mkdir('/home/runner/.cache', 0x00000000000001ff)
mkdir('/home/runner/.cache/nim', 0x00000000000001ff)
mkdir('/home/runner/.cache/nim/rain_r', 0x00000000000001ff)
mkdir('/home', 0x00000000000001ff)
mkdir('/home/runner', 0x00000000000001ff)
mkdir('/home/runner/.cache', 0x00000000000001ff)
mkdir('/home/runner/.cache/nim', 0x00000000000001ff)
mkdir('/home/runner/.cache/nim/rain_r', 0x00000000000001ff)
mkdir('/home', 0x00000000000001ff)
mkdir('/home/runner', 0x00000000000001ff)
mkdir('/home/runner/.cache', 0x00000000000001ff)
mkdir('/home/runner/.cache/nim', 0x00000000000001ff)
mkdir('/home/runner/.cache/nim/rain_r', 0x00000000000001ff)
mkdir('/home', 0x00000000000001ff)
mkdir('/home/runner', 0x00000000000001ff)
mkdir('/home/runner/.cache', 0x00000000000001ff)
mkdir('/home/runner/.cache/nim', 0x00000000000001ff)
mkdir('/home/runner/.cache/nim/rain_r', 0x00000000000001ff)
mkdir('/home', 0x00000000000001ff)
mkdir('/home/runner', 0x00000000000001ff)
mkdir('/home/runner/.cache', 0x00000000000001ff)
mkdir('/home/runner/.cache/nim', 0x00000000000001ff)
mkdir('/home/runner/.cache/nim/rain_r', 0x00000000000001ff)
mkdir('/home', 0x00000000000001ff)
mkdir('/home/runner', 0x00000000000001ff)
mkdir('/home/runner/.cache', 0x00000000000001ff)
mkdir('/home/runner/.cache/nim', 0x00000000000001ff)
mkdir('/home/runner/.cache/nim/rain_r', 0x00000000000001ff)
mkdir('/home', 0x00000000000001ff)
mkdir('/home/runner', 0x00000000000001ff)
mkdir('/home/runner/.cache', 0x00000000000001ff)
mkdir('/home/runner/.cache/nim', 0x00000000000001ff)
mkdir('/home/runner/.cache/nim/rain_r', 0x00000000000001ff)
mkdir('/home', 0x00000000000001ff)
mkdir('/home/runner', 0x00000000000001ff)
mkdir('/home/runner/.cache', 0x00000000000001ff)
mkdir('/home/runner/.cache/nim', 0x00000000000001ff)
mkdir('/home/runner/.cache/nim/rain_r', 0x00000000000001ff)
mkdir('/home', 0x00000000000001ff)
mkdir('/home/runner', 0x00000000000001ff)
mkdir('/home/runner/.cache', 0x00000000000001ff)
mkdir('/home/runner/.cache/nim', 0x00000000000001ff)
mkdir('/home/runner/.cache/nim/rain_r', 0x00000000000001ff)
mkdir('/home', 0x00000000000001ff)
mkdir('/home/runner', 0x00000000000001ff)
mkdir('/home/runner/.cache', 0x00000000000001ff)
mkdir('/home/runner/.cache/nim', 0x00000000000001ff)
mkdir('/home/runner/.cache/nim/rain_r', 0x00000000000001ff)
mkdir('/home', 0x00000000000001ff)
mkdir('/home/runner', 0x00000000000001ff)
mkdir('/home/runner/.cache', 0x00000000000001ff)
mkdir('/home/runner/.cache/nim', 0x00000000000001ff)
mkdir('/home/runner/.cache/nim/rain_r', 0x00000000000001ff)
mkdir('/home', 0x00000000000001ff)
mkdir('/home/runner', 0x00000000000001ff)
mkdir('/home/runner/.cache', 0x00000000000001ff)
mkdir('/home/runner/.cache/nim', 0x00000000000001ff)
mkdir('/home/runner/.cache/nim/rain_r', 0x00000000000001ff)
mkdir('/home', 0x00000000000001ff)
mkdir('/home/runner', 0x00000000000001ff)
mkdir('/home/runner/.cache', 0x00000000000001ff)
mkdir('/home/runner/.cache/nim', 0x00000000000001ff)
mkdir('/home/runner/.cache/nim/rain_r', 0x00000000000001ff)
mkdir('/home', 0x00000000000001ff)
mkdir('/home/runner', 0x00000000000001ff)
mkdir('/home/runner/.cache', 0x00000000000001ff)
mkdir('/home/runner/.cache/nim', 0x00000000000001ff)
mkdir('/home/runner/.cache/nim/rain_r', 0x00000000000001ff)
mkdir('/home', 0x00000000000001ff)
mkdir('/home/runner', 0x00000000000001ff)
mkdir('/home/runner/.cache', 0x00000000000001ff)
mkdir('/home/runner/.cache/nim', 0x00000000000001ff)
mkdir('/home/runner/.cache/nim/rain_r', 0x00000000000001ff)
mkdir('/home', 0x00000000000001ff)
mkdir('/home/runner', 0x00000000000001ff)
mkdir('/home/runner/.cache', 0x00000000000001ff)
mkdir('/home/runner/.cache/nim', 0x00000000000001ff)
mkdir('/home/runner/.cache/nim/rain_r', 0x00000000000001ff)
mkdir('/home', 0x00000000000001ff)
mkdir('/home/runner', 0x00000000000001ff)
mkdir('/home/runner/.cache', 0x00000000000001ff)
mkdir('/home/runner/.cache/nim', 0x00000000000001ff)
mkdir('/home/runner/.cache/nim/rain_r', 0x00000000000001ff)
mkdir('/home', 0x00000000000001ff)
mkdir('/home/runner', 0x00000000000001ff)
mkdir('/home/runner/.cache', 0x00000000000001ff)
mkdir('/home/runner/.cache/nim', 0x00000000000001ff)
mkdir('/home/runner/.cache/nim/rain_r', 0x00000000000001ff)
mkdir('/home', 0x00000000000001ff)
mkdir('/home/runner', 0x00000000000001ff)
mkdir('/home/runner/.cache', 0x00000000000001ff)
mkdir('/home/runner/.cache/nim', 0x00000000000001ff)
mkdir('/home/runner/.cache/nim/rain_r', 0x00000000000001ff)
mkdir('/home', 0x00000000000001ff)
mkdir('/home/runner', 0x00000000000001ff)
mkdir('/home/runner/.cache', 0x00000000000001ff)
mkdir('/home/runner/.cache/nim', 0x00000000000001ff)
mkdir('/home/runner/.cache/nim/rain_r', 0x00000000000001ff)
mkdir('/home', 0x00000000000001ff)
mkdir('/home/runner', 0x00000000000001ff)
mkdir('/home/runner/.cache', 0x00000000000001ff)
mkdir('/home/runner/.cache/nim', 0x00000000000001ff)
mkdir('/home/runner/.cache/nim/rain_r', 0x00000000000001ff)
mkdir('/home', 0x00000000000001ff)
mkdir('/home/runner', 0x00000000000001ff)
mkdir('/home/runner/.cache', 0x00000000000001ff)
mkdir('/home/runner/.cache/nim', 0x00000000000001ff)
mkdir('/home/runner/.cache/nim/rain_r', 0x00000000000001ff)
mkdir('/home', 0x00000000000001ff)
mkdir('/home/runner', 0x00000000000001ff)
mkdir('/home/runner/.cache', 0x00000000000001ff)
mkdir('/home/runner/.cache/nim', 0x00000000000001ff)
mkdir('/home/runner/.cache/nim/rain_r', 0x00000000000001ff)
mkdir('/home', 0x00000000000001ff)
mkdir('/home/runner', 0x00000000000001ff)
mkdir('/home/runner/.cache', 0x00000000000001ff)
mkdir('/home/runner/.cache/nim', 0x00000000000001ff)
mkdir('/home/runner/.cache/nim/rain_r', 0x00000000000001ff)
mkdir('/home', 0x00000000000001ff)
mkdir('/home/runner', 0x00000000000001ff)
mkdir('/home/runner/.cache', 0x00000000000001ff)
mkdir('/home/runner/.cache/nim', 0x00000000000001ff)
mkdir('/home/runner/.cache/nim/rain_r', 0x00000000000001ff)
mkdir('/home', 0x00000000000001ff)
mkdir('/home/runner', 0x00000000000001ff)
mkdir('/home/runner/.cache', 0x00000000000001ff)
mkdir('/home/runner/.cache/nim', 0x00000000000001ff)
mkdir('/home/runner/.cache/nim/rain_r', 0x00000000000001ff)
mkdir('/home', 0x00000000000001ff)
mkdir('/home/runner', 0x00000000000001ff)
mkdir('/home/runner/.cache', 0x00000000000001ff)
mkdir('/home/runner/.cache/nim', 0x00000000000001ff)
mkdir('/home/runner/.cache/nim/rain_r', 0x00000000000001ff)
mkdir('/home', 0x00000000000001ff)
mkdir('/home/runner', 0x00000000000001ff)
mkdir('/home/runner/.cache', 0x00000000000001ff)
mkdir('/home/runner/.cache/nim', 0x00000000000001ff)
mkdir('/home/runner/.cache/nim/rain_r', 0x00000000000001ff)
mkdir('/home', 0x00000000000001ff)
mkdir('/home/runner', 0x00000000000001ff)
mkdir('/home/runner/.cache', 0x00000000000001ff)
mkdir('/home/runner/.cache/nim', 0x00000000000001ff)
mkdir('/home/runner/.cache/nim/rain_r', 0x00000000000001ff)
mkdir('/home', 0x00000000000001ff)
mkdir('/home/runner', 0x00000000000001ff)
mkdir('/home/runner/.cache', 0x00000000000001ff)
mkdir('/home/runner/.cache/nim', 0x00000000000001ff)
mkdir('/home/runner/.cache/nim/rain_r', 0x00000000000001ff)
mkdir('/home', 0x00000000000001ff)
mkdir('/home/runner', 0x00000000000001ff)
mkdir('/home/runner/.cache', 0x00000000000001ff)
mkdir('/home/runner/.cache/nim', 0x00000000000001ff)
mkdir('/home/runner/.cache/nim/rain_r', 0x00000000000001ff)
mkdir('/home', 0x00000000000001ff)
mkdir('/home/runner', 0x00000000000001ff)
mkdir('/home/runner/.cache', 0x00000000000001ff)
mkdir('/home/runner/.cache/nim', 0x00000000000001ff)
mkdir('/home/runner/.cache/nim/rain_r', 0x00000000000001ff)
mkdir('/home', 0x00000000000001ff)
mkdir('/home/runner', 0x00000000000001ff)
mkdir('/home/runner/.cache', 0x00000000000001ff)
mkdir('/home/runner/.cache/nim', 0x00000000000001ff)
mkdir('/home/runner/.cache/nim/rain_r', 0x00000000000001ff)
mkdir('/home', 0x00000000000001ff)
mkdir('/home/runner', 0x00000000000001ff)
mkdir('/home/runner/.cache', 0x00000000000001ff)
mkdir('/home/runner/.cache/nim', 0x00000000000001ff)
mkdir('/home/runner/.cache/nim/rain_r', 0x00000000000001ff)
mkdir('/home', 0x00000000000001ff)
mkdir('/home/runner', 0x00000000000001ff)
mkdir('/home/runner/.cache', 0x00000000000001ff)
mkdir('/home/runner/.cache/nim', 0x00000000000001ff)
mkdir('/home/runner/.cache/nim/rain_r', 0x00000000000001ff)
mkdir('/home', 0x00000000000001ff)
mkdir('/home/runner', 0x00000000000001ff)
mkdir('/home/runner/.cache', 0x00000000000001ff)
mkdir('/home/runner/.cache/nim', 0x00000000000001ff)
mkdir('/home/runner/.cache/nim/rain_r', 0x00000000000001ff)
mkdir('/home', 0x00000000000001ff)
mkdir('/home/runner', 0x00000000000001ff)
mkdir('/home/runner/.cache', 0x00000000000001ff)
mkdir('/home/runner/.cache/nim', 0x00000000000001ff)
mkdir('/home/runner/.cache/nim/rain_r', 0x00000000000001ff)
mkdir('/home', 0x00000000000001ff)
mkdir('/home/runner', 0x00000000000001ff)
mkdir('/home/runner/.cache', 0x00000000000001ff)
mkdir('/home/runner/.cache/nim', 0x00000000000001ff)
mkdir('/home/runner/.cache/nim/rain_r', 0x00000000000001ff)
mkdir('/home', 0x00000000000001ff)
mkdir('/home/runner', 0x00000000000001ff)
mkdir('/home/runner/.cache', 0x00000000000001ff)
mkdir('/home/runner/.cache/nim', 0x00000000000001ff)
mkdir('/home/runner/.cache/nim/rain_r', 0x00000000000001ff)
unlink('/tmp/ccTRXTfc.s')
unlink('/tmp/cciccnEf.s')
unlink('/tmp/ccELYei4.s')
unlink('/tmp/cc2ztbnb.s')
unlink('/tmp/cc0vSlBP.s')
unlink('/tmp/ccLTxaQZ.s')
unlink('/tmp/cc1eCz4K.s')
unlink('/tmp/ccekD3HM.s')
unlink('/tmp/ccMUin4w.s')
unlink('/tmp/cchpZOuA.s')
unlink('/tmp/cczqWp6r.s')
unlink('/tmp/ccyY1ATW.s')
mkdir('/tmp', 0x00000000000001ff)
mkdir('/tmp/nimble_11045', 0x00000000000001ff)
mkdir('/tmp/nimble_11045/githubcom_OHermesJuniorrainnim', 0x00000000000001ff)
chmod(94385792044224, 0x00000000000001ed)
Error tracing process: readBytes(0x000055d7e79b4cc0, 256) error: [Errno 5] Input/output error.
