      Info: Package cache path /home/runner/.nimble/pkgcache
     Info:  Nimble data file "/home/runner/.nimble/nimbledata2.json" has been loaded.
    Reading official package list
Downloading https://github.com/PegasusPlusUS/rangex-nim using git
    Cloning latest tagged version: 0.4.0
open('/workspace/destdir/ssl/openssl.cnf', 32768, 0x00000000000001b6)
open('/home/runner/.config/nimble/nimble.ini', 557056, 0x00000000000001b6)
open('/home/runner/.config/babel/babel.ini', 557056, 0x00000000000001b6)
writev(1, 0x00007ffe15067990, 2)
open('/home/runner/.nimble/nimbledata2.json', 557056, 0x00000000000001b6)
writev(1, 0x00007ffe15067a60, 2)
writev(1, 0x00007ffeab8f62c0, 2)
writev(1, 0x00007ffeab8f6350, 2)
writev(1, 0x00007ffeab8f6350, 2)
writev(1, 0x00007ffeab8f6350, 2)
writev(1, 0x00007ffe15066470, 2)
open('/home/runner/.nimble/packages_official.json', 557056, 0x00000000000001b6)
mkdir('/home/', 0x00000000000001ff)
mkdir('/home/runner/', 0x00000000000001ff)
mkdir('/home/runner/.nimble/', 0x00000000000001ff)
mkdir('/home/runner/.nimble/pkgcache/', 0x00000000000001ff)
mkdir('/home/runner/.nimble/pkgcache/githubcom_PegasusPlusUSrangexnim', 0x00000000000001ff)
open('/home/runner/.nimble/pkgcache/githubcom_PegasusPlusUSrangexnim', 622592, 0x0000000000000000)
writev(1, 0x00007ffe150664d0, 2)
open('/home/runner/.nimble/pkgcache/githubcom_PegasusPlusUSrangexnim', 622592, 0x0000000000000000)
rmdir('/home/runner/.nimble/pkgcache/githubcom_PegasusPlusUSrangexnim')
writev(1, 0x00007ffe150663c0, 2)
mkdir(94559326735248, 0x00000000000001ff)
Error tracing process: readBytes(0x000056004f148b90, 256) error: [Errno 5] Input/output error.
