      Info: Package cache path /home/runner/.nimble/pkgcache
     Info:  Nimble data file "/home/runner/.nimble/nimbledata2.json" has been loaded.
    Reading official package list
Downloading https://github.com/PMunch/ratel using git
    Cloning latest tagged version: v0.2.1
open('/workspace/destdir/ssl/openssl.cnf', 32768, 0x00000000000001b6)
open('/home/runner/.config/nimble/nimble.ini', 557056, 0x00000000000001b6)
open('/home/runner/.config/babel/babel.ini', 557056, 0x00000000000001b6)
writev(1, 0x00007ffdf6634680, 2)
open('/home/runner/.nimble/nimbledata2.json', 557056, 0x00000000000001b6)
writev(1, 0x00007ffdf6634750, 2)
writev(1, 0x00007fffaa8f8c20, 2)
writev(1, 0x00007fffaa8f8cb0, 2)
writev(1, 0x00007fffaa8f8cb0, 2)
writev(1, 0x00007fffaa8f8cb0, 2)
writev(1, 0x00007ffdf6633160, 2)
open('/home/runner/.nimble/packages_official.json', 557056, 0x00000000000001b6)
mkdir('/home/', 0x00000000000001ff)
mkdir('/home/runner/', 0x00000000000001ff)
mkdir('/home/runner/.nimble/', 0x00000000000001ff)
mkdir('/home/runner/.nimble/pkgcache/', 0x00000000000001ff)
mkdir('/home/runner/.nimble/pkgcache/githubcom_PMunchratel', 0x00000000000001ff)
open('/home/runner/.nimble/pkgcache/githubcom_PMunchratel', 622592, 0x0000000000000000)
writev(1, 0x00007ffdf66331c0, 2)
open('/home/runner/.nimble/pkgcache/githubcom_PMunchratel', 622592, 0x0000000000000000)
rmdir('/home/runner/.nimble/pkgcache/githubcom_PMunchratel')
writev(1, 0x00007ffdf66330b0, 2)
mkdir(94114922105632, 0x00000000000001ff)
Error tracing process: readBytes(0x00005598d6800b20, 256) error: [Errno 5] Input/output error.
