      Info: Package cache path /home/runner/.nimble/pkgcache
     Info:  Nimble data file "/home/runner/.nimble/nimbledata2.json" has been loaded.
    Reading official package list
Downloading https://github.com/Pylgos/rclnim using git
    Cloning latest tagged version: 0.6.0
open('/workspace/destdir/ssl/openssl.cnf', 32768, 0x00000000000001b6)
open('/home/runner/.config/nimble/nimble.ini', 557056, 0x00000000000001b6)
open('/home/runner/.config/babel/babel.ini', 557056, 0x00000000000001b6)
writev(1, 0x00007fff6d9c1b10, 2)
open('/home/runner/.nimble/nimbledata2.json', 557056, 0x00000000000001b6)
writev(1, 0x00007fff6d9c1be0, 2)
writev(1, 0x00007ffe6bd7e6f0, 2)
writev(1, 0x00007ffe6bd7e780, 2)
writev(1, 0x00007ffe6bd7e780, 2)
writev(1, 0x00007ffe6bd7e780, 2)
writev(1, 0x00007fff6d9c05f0, 2)
open('/home/runner/.nimble/packages_official.json', 557056, 0x00000000000001b6)
mkdir('/home/', 0x00000000000001ff)
mkdir('/home/runner/', 0x00000000000001ff)
mkdir('/home/runner/.nimble/', 0x00000000000001ff)
mkdir('/home/runner/.nimble/pkgcache/', 0x00000000000001ff)
mkdir('/home/runner/.nimble/pkgcache/githubcom_Pylgosrclnim', 0x00000000000001ff)
open('/home/runner/.nimble/pkgcache/githubcom_Pylgosrclnim', 622592, 0x0000000000000000)
writev(1, 0x00007fff6d9c0650, 2)
open('/home/runner/.nimble/pkgcache/githubcom_Pylgosrclnim', 622592, 0x0000000000000000)
rmdir('/home/runner/.nimble/pkgcache/githubcom_Pylgosrclnim')
writev(1, 0x00007fff6d9c0540, 2)
mkdir(94547671030560, 0x00000000000001ff)
Error tracing process: readBytes(0x000055fd98589b20, 256) error: [Errno 5] Input/output error.
