      Info: Package cache path /home/runner/.nimble/pkgcache
     Info:  Nimble data file "/home/runner/.nimble/nimbledata2.json" has been loaded.
    Reading official package list
Downloading https://github.com/andreaferretti/react.nim using git
    Cloning latest tagged version: 0.2.0
open('/workspace/destdir/ssl/openssl.cnf', 32768, 0x00000000000001b6)
open('/home/runner/.config/nimble/nimble.ini', 557056, 0x00000000000001b6)
open('/home/runner/.config/babel/babel.ini', 557056, 0x00000000000001b6)
writev(1, 0x00007ffc9410c3f0, 2)
open('/home/runner/.nimble/nimbledata2.json', 557056, 0x00000000000001b6)
writev(1, 0x00007ffc9410c4c0, 2)
writev(1, 0x00007ffe7d905140, 2)
writev(1, 0x00007ffe7d9051d0, 2)
writev(1, 0x00007ffe7d9051d0, 2)
writev(1, 0x00007ffe7d9051d0, 2)
writev(1, 0x00007ffc9410aea0, 2)
open('/home/runner/.nimble/packages_official.json', 557056, 0x00000000000001b6)
mkdir('/home/', 0x00000000000001ff)
mkdir('/home/runner/', 0x00000000000001ff)
mkdir('/home/runner/.nimble/', 0x00000000000001ff)
mkdir('/home/runner/.nimble/pkgcache/', 0x00000000000001ff)
mkdir('/home/runner/.nimble/pkgcache/githubcom_andreaferrettireactnim', 0x00000000000001ff)
open('/home/runner/.nimble/pkgcache/githubcom_andreaferrettireactnim', 622592, 0x0000000000000000)
writev(1, 0x00007ffc9410af80, 2)
open('/home/runner/.nimble/pkgcache/githubcom_andreaferrettireactnim', 622592, 0x0000000000000000)
rmdir('/home/runner/.nimble/pkgcache/githubcom_andreaferrettireactnim')
writev(1, 0x00007ffc9410ae70, 2)
mkdir(94520710429424, 0x00000000000001ff)
Error tracing process: readBytes(0x000055f7515e7af0, 256) error: [Errno 5] Input/output error.
