    Reading official package list
Downloading https://github.com/kristianmandrup/react-16.nim using git
    Cloning latest tagged version: v0.3.7
  Verifying dependencies for react16@0.3.6
 Installing react16@0.3.6
    Copying file /tmp/nimble_6518/githubcom_kristianmandrupreact16nim/react16.nim to /home/runner/.nimble/pkgs/react16-0.3.6/react16.nim
    Copying file /tmp/nimble_6518/githubcom_kristianmandrupreact16nim/react16/reactapi.nim to /home/runner/.nimble/pkgs/react16-0.3.6/react16/reactapi.nim
    Copying file /tmp/nimble_6518/githubcom_kristianmandrupreact16nim/react16/rglobals.nim to /home/runner/.nimble/pkgs/react16-0.3.6/react16/rglobals.nim
    Copying file /tmp/nimble_6518/githubcom_kristianmandrupreact16nim/react16/rrouter.nim to /home/runner/.nimble/pkgs/react16-0.3.6/react16/rrouter.nim
    Copying file /tmp/nimble_6518/githubcom_kristianmandrupreact16nim/react16/rapi.nim to /home/runner/.nimble/pkgs/react16-0.3.6/react16/rapi.nim
    Copying file /tmp/nimble_6518/githubcom_kristianmandrupreact16nim/react16/svg_attrs.nim to /home/runner/.nimble/pkgs/react16-0.3.6/react16/svg_attrs.nim
mkdir('/tmp', 0x00000000000001ff)
mkdir('/tmp/nimble_6518', 0x00000000000001ff)
mkdir('/tmp/nimble_6518/githubcom_kristianmandrupreact16nim', 0x00000000000001ff)
rmdir('/tmp/nimble_6518/githubcom_kristianmandrupreact16nim')
mkdir('/tmp/nimble_6518/githubcom_kristianmandrupreact16nim', 0x00000000000001ff)
mkdir('/tmp/nimble_6518/githubcom_kristianmandrupreact16nim/.git', 0x00000000000001ff)
mkdir('/tmp/nimble_6518/githubcom_kristianmandrupreact16nim/.git/', 0x00000000000001ff)
mkdir('/tmp/nimble_6518/githubcom_kristianmandrupreact16nim/.git/branches/', 0x00000000000001ff)
mkdir('/tmp/nimble_6518/githubcom_kristianmandrupreact16nim/.git/hooks/', 0x00000000000001ff)
mkdir('/tmp/nimble_6518/githubcom_kristianmandrupreact16nim/.git/info/', 0x00000000000001ff)
mkdir('/tmp/nimble_6518/githubcom_kristianmandrupreact16nim/.git/refs', 0x00000000000001ff)
mkdir('/tmp/nimble_6518/githubcom_kristianmandrupreact16nim/.git/refs/heads', 0x00000000000001ff)
mkdir('/tmp/nimble_6518/githubcom_kristianmandrupreact16nim/.git/refs/tags', 0x00000000000001ff)
rename('/tmp/nimble_6518/githubcom_kristianmandrupreact16nim/.git/HEAD.lock', '/tmp/nimble_6518/githubcom_kristianmandrupreact16nim/.git/HEAD')
rename('/tmp/nimble_6518/githubcom_kristianmandrupreact16nim/.git/config.lock', '/tmp/nimble_6518/githubcom_kristianmandrupreact16nim/.git/config')
chmod('/tmp/nimble_6518/githubcom_kristianmandrupreact16nim/.git/config', 0x00000000000081e4)
chmod('/tmp/nimble_6518/githubcom_kristianmandrupreact16nim/.git/config', 0x00000000000081a4)
chmod('/tmp/nimble_6518/githubcom_kristianmandrupreact16nim/.git/config.lock', 0x00000000000001a4)
rename('/tmp/nimble_6518/githubcom_kristianmandrupreact16nim/.git/config.lock', '/tmp/nimble_6518/githubcom_kristianmandrupreact16nim/.git/config')
chmod('/tmp/nimble_6518/githubcom_kristianmandrupreact16nim/.git/config.lock', 0x00000000000001a4)
rename('/tmp/nimble_6518/githubcom_kristianmandrupreact16nim/.git/config.lock', '/tmp/nimble_6518/githubcom_kristianmandrupreact16nim/.git/config')
chmod('/tmp/nimble_6518/githubcom_kristianmandrupreact16nim/.git/config.lock', 0x00000000000001a4)
rename('/tmp/nimble_6518/githubcom_kristianmandrupreact16nim/.git/config.lock', '/tmp/nimble_6518/githubcom_kristianmandrupreact16nim/.git/config')
unlink('/tmp/nimble_6518/githubcom_kristianmandrupreact16nim/.git/t5JlR2y')
symlink('testing', '/tmp/nimble_6518/githubcom_kristianmandrupreact16nim/.git/t5JlR2y')
unlink('/tmp/nimble_6518/githubcom_kristianmandrupreact16nim/.git/t5JlR2y')
mkdir('/tmp/nimble_6518/githubcom_kristianmandrupreact16nim/.git/objects', 0x00000000000001ff)
mkdir('/tmp/nimble_6518/githubcom_kristianmandrupreact16nim/.git/objects/pack', 0x00000000000001ff)
mkdir('/tmp/nimble_6518/githubcom_kristianmandrupreact16nim/.git/objects/info', 0x00000000000001ff)
chmod('/tmp/nimble_6518/githubcom_kristianmandrupreact16nim/.git/config.lock', 0x00000000000001a4)
rename('/tmp/nimble_6518/githubcom_kristianmandrupreact16nim/.git/config.lock', '/tmp/nimble_6518/githubcom_kristianmandrupreact16nim/.git/config')
chmod('/tmp/nimble_6518/githubcom_kristianmandrupreact16nim/.git/config.lock', 0x00000000000001a4)
rename('/tmp/nimble_6518/githubcom_kristianmandrupreact16nim/.git/config.lock', '/tmp/nimble_6518/githubcom_kristianmandrupreact16nim/.git/config')
chmod('/tmp/nimble_6518/githubcom_kristianmandrupreact16nim/.git/config.lock', 0x00000000000001a4)
rename('/tmp/nimble_6518/githubcom_kristianmandrupreact16nim/.git/config.lock', '/tmp/nimble_6518/githubcom_kristianmandrupreact16nim/.git/config')
link('/tmp/nimble_6518/githubcom_kristianmandrupreact16nim/.git/objects/pack/tmp_pack_yyQ48t', '/tmp/nimble_6518/githubcom_kristianmandrupreact16nim/.git/objects/pack/pack-9b5f9d6bea548d1bf6423bbab712c89b122f108f.pack')
unlink('/tmp/nimble_6518/githubcom_kristianmandrupreact16nim/.git/objects/pack/tmp_pack_yyQ48t')
link('/tmp/nimble_6518/githubcom_kristianmandrupreact16nim/.git/objects/pack/tmp_idx_tAkune', '/tmp/nimble_6518/githubcom_kristianmandrupreact16nim/.git/objects/pack/pack-9b5f9d6bea548d1bf6423bbab712c89b122f108f.idx')
unlink('/tmp/nimble_6518/githubcom_kristianmandrupreact16nim/.git/objects/pack/tmp_idx_tAkune')
rename('/tmp/nimble_6518/githubcom_kristianmandrupreact16nim/.git/shallow.lock', '/tmp/nimble_6518/githubcom_kristianmandrupreact16nim/.git/shallow')
rename('/tmp/nimble_6518/githubcom_kristianmandrupreact16nim/.git/packed-refs.new', '/tmp/nimble_6518/githubcom_kristianmandrupreact16nim/.git/packed-refs')
unlink('/tmp/nimble_6518/githubcom_kristianmandrupreact16nim/.git/packed-refs.lock')
unlink('/tmp/nimble_6518/githubcom_kristianmandrupreact16nim/.git/refs/tags/v0.3.7.lock')
mkdir('/tmp/nimble_6518/githubcom_kristianmandrupreact16nim/.git/logs', 0x00000000000001ff)
rename('/tmp/nimble_6518/githubcom_kristianmandrupreact16nim/.git/HEAD.lock', '/tmp/nimble_6518/githubcom_kristianmandrupreact16nim/.git/HEAD')
unlink('/tmp/nimble_6518/githubcom_kristianmandrupreact16nim/.git/objects/pack/pack-9b5f9d6bea548d1bf6423bbab712c89b122f108f.keep')
mkdir('example', 0x00000000000001ff)
mkdir('react16', 0x00000000000001ff)
rename('/tmp/nimble_6518/githubcom_kristianmandrupreact16nim/.git/index.lock', '/tmp/nimble_6518/githubcom_kristianmandrupreact16nim/.git/index')
mkdir('/tmp', 0x00000000000001ff)
mkdir('/tmp/nimblecache', 0x00000000000001ff)
mkdir('/tmp/nimblecache/react16_1737223751', 0x00000000000001ff)
unlink('/tmp/nimblecache/react16_1737223751/react16.ini')
unlink('/tmp/nimble_6518.out')
unlink('/tmp/nimble_6518/githubcom_kristianmandrupreact16nim/react16_6518.nims')
mkdir('/home', 0x00000000000001ff)
mkdir('/home/runner', 0x00000000000001ff)
mkdir('/home/runner/.nimble', 0x00000000000001ff)
mkdir('/home/runner/.nimble/pkgs', 0x00000000000001ff)
mkdir('/home/runner/.nimble/pkgs/react16-0.3.6', 0x00000000000001ff)
mkdir('/home', 0x00000000000001ff)
mkdir('/home/runner', 0x00000000000001ff)
mkdir('/home/runner/.nimble', 0x00000000000001ff)
mkdir('/home/runner/.nimble/pkgs', 0x00000000000001ff)
mkdir('/home/runner/.nimble/pkgs/react16-0.3.6', 0x00000000000001ff)
chmod('/home/runner/.nimble/pkgs/react16-0.3.6/react16.nim', 0x00000000000001a4)
mkdir('/home', 0x00000000000001ff)
mkdir('/home/runner', 0x00000000000001ff)
mkdir('/home/runner/.nimble', 0x00000000000001ff)
mkdir('/home/runner/.nimble/pkgs', 0x00000000000001ff)
mkdir('/home/runner/.nimble/pkgs/react16-0.3.6', 0x00000000000001ff)
mkdir('/home/runner/.nimble/pkgs/react16-0.3.6/react16', 0x00000000000001ff)
chmod('/home/runner/.nimble/pkgs/react16-0.3.6/react16/reactapi.nim', 0x00000000000001a4)
mkdir('/home', 0x00000000000001ff)
mkdir('/home/runner', 0x00000000000001ff)
mkdir('/home/runner/.nimble', 0x00000000000001ff)
mkdir('/home/runner/.nimble/pkgs', 0x00000000000001ff)
mkdir('/home/runner/.nimble/pkgs/react16-0.3.6', 0x00000000000001ff)
mkdir('/home/runner/.nimble/pkgs/react16-0.3.6/react16', 0x00000000000001ff)
chmod('/home/runner/.nimble/pkgs/react16-0.3.6/react16/rglobals.nim', 0x00000000000001a4)
mkdir('/home', 0x00000000000001ff)
mkdir('/home/runner', 0x00000000000001ff)
mkdir('/home/runner/.nimble', 0x00000000000001ff)
mkdir('/home/runner/.nimble/pkgs', 0x00000000000001ff)
mkdir('/home/runner/.nimble/pkgs/react16-0.3.6', 0x00000000000001ff)
mkdir('/home/runner/.nimble/pkgs/react16-0.3.6/react16', 0x00000000000001ff)
chmod('/home/runner/.nimble/pkgs/react16-0.3.6/react16/rrouter.nim', 0x00000000000001a4)
mkdir('/home', 0x00000000000001ff)
mkdir('/home/runner', 0x00000000000001ff)
mkdir('/home/runner/.nimble', 0x00000000000001ff)
mkdir('/home/runner/.nimble/pkgs', 0x00000000000001ff)
mkdir('/home/runner/.nimble/pkgs/react16-0.3.6', 0x00000000000001ff)
mkdir('/home/runner/.nimble/pkgs/react16-0.3.6/react16', 0x00000000000001ff)
chmod('/home/runner/.nimble/pkgs/react16-0.3.6/react16/rapi.nim', 0x00000000000001a4)
mkdir('/home', 0x00000000000001ff)
mkdir('/home/runner', 0x00000000000001ff)
mkdir('/home/runner/.nimble', 0x00000000000001ff)
mkdir('/home/runner/.nimble/pkgs', 0x00000000000001ff)
mkdir('/home/runner/.nimble/pkgs/react16-0.3.6', 0x00000000000001ff)
mkdir('/home/runner/.nimble/pkgs/react16-0.3.6/react16', 0x00000000000001ff)
chmod('/home/runner/.nimble/pkgs/react16-0.3.6/react16/svg_attrs.nim', 0x00000000000001a4)    Copying file /tmp/nimble_6518/githubcom_kristianmandrupreact16nim/react16/rhooks.nim to /home/runner/.nimble/pkgs/react16-0.3.6/react16/rhooks.nim
    Copying file /tmp/nimble_6518/githubcom_kristianmandrupreact16nim/react16/reactsvg.nim to /home/runner/.nimble/pkgs/react16-0.3.6/react16/reactsvg.nim
    Copying file /tmp/nimble_6518/githubcom_kristianmandrupreact16nim/react16/rtypes.nim to /home/runner/.nimble/pkgs/react16-0.3.6/react16/rtypes.nim
    Copying file /tmp/nimble_6518/githubcom_kristianmandrupreact16nim/react16/reacthooks.nim to /home/runner/.nimble/pkgs/react16-0.3.6/react16/reacthooks.nim
    Copying file /tmp/nimble_6518/githubcom_kristianmandrupreact16nim/react16/reactdom.nim to /home/runner/.nimble/pkgs/react16-0.3.6/react16/reactdom.nim
    Copying file /tmp/nimble_6518/githubcom_kristianmandrupreact16nim/react16/react_styles.nim to /home/runner/.nimble/pkgs/react16-0.3.6/react16/react_styles.nim
    Copying file /tmp/nimble_6518/githubcom_kristianmandrupreact16nim/react16.nimble to /home/runner/.nimble/pkgs/react16-0.3.6/react16.nimble
   Success: react16 installed successfully.

mkdir('/home', 0x00000000000001ff)
mkdir('/home/runner', 0x00000000000001ff)
mkdir('/home/runner/.nimble', 0x00000000000001ff)
mkdir('/home/runner/.nimble/pkgs', 0x00000000000001ff)
mkdir('/home/runner/.nimble/pkgs/react16-0.3.6', 0x00000000000001ff)
mkdir('/home/runner/.nimble/pkgs/react16-0.3.6/react16', 0x00000000000001ff)
chmod('/home/runner/.nimble/pkgs/react16-0.3.6/react16/rhooks.nim', 0x00000000000001a4)
mkdir('/home', 0x00000000000001ff)
mkdir('/home/runner', 0x00000000000001ff)
mkdir('/home/runner/.nimble', 0x00000000000001ff)
mkdir('/home/runner/.nimble/pkgs', 0x00000000000001ff)
mkdir('/home/runner/.nimble/pkgs/react16-0.3.6', 0x00000000000001ff)
mkdir('/home/runner/.nimble/pkgs/react16-0.3.6/react16', 0x00000000000001ff)
chmod('/home/runner/.nimble/pkgs/react16-0.3.6/react16/reactsvg.nim', 0x00000000000001a4)
mkdir('/home', 0x00000000000001ff)
mkdir('/home/runner', 0x00000000000001ff)
mkdir('/home/runner/.nimble', 0x00000000000001ff)
mkdir('/home/runner/.nimble/pkgs', 0x00000000000001ff)
mkdir('/home/runner/.nimble/pkgs/react16-0.3.6', 0x00000000000001ff)
mkdir('/home/runner/.nimble/pkgs/react16-0.3.6/react16', 0x00000000000001ff)
chmod('/home/runner/.nimble/pkgs/react16-0.3.6/react16/rtypes.nim', 0x00000000000001a4)
mkdir('/home', 0x00000000000001ff)
mkdir('/home/runner', 0x00000000000001ff)
mkdir('/home/runner/.nimble', 0x00000000000001ff)
mkdir('/home/runner/.nimble/pkgs', 0x00000000000001ff)
mkdir('/home/runner/.nimble/pkgs/react16-0.3.6', 0x00000000000001ff)
mkdir('/home/runner/.nimble/pkgs/react16-0.3.6/react16', 0x00000000000001ff)
chmod('/home/runner/.nimble/pkgs/react16-0.3.6/react16/reacthooks.nim', 0x00000000000001a4)
mkdir('/home', 0x00000000000001ff)
mkdir('/home/runner', 0x00000000000001ff)
mkdir('/home/runner/.nimble', 0x00000000000001ff)
mkdir('/home/runner/.nimble/pkgs', 0x00000000000001ff)
mkdir('/home/runner/.nimble/pkgs/react16-0.3.6', 0x00000000000001ff)
mkdir('/home/runner/.nimble/pkgs/react16-0.3.6/react16', 0x00000000000001ff)
chmod('/home/runner/.nimble/pkgs/react16-0.3.6/react16/reactdom.nim', 0x00000000000001a4)
mkdir('/home', 0x00000000000001ff)
mkdir('/home/runner', 0x00000000000001ff)
mkdir('/home/runner/.nimble', 0x00000000000001ff)
mkdir('/home/runner/.nimble/pkgs', 0x00000000000001ff)
mkdir('/home/runner/.nimble/pkgs/react16-0.3.6', 0x00000000000001ff)
mkdir('/home/runner/.nimble/pkgs/react16-0.3.6/react16', 0x00000000000001ff)
chmod('/home/runner/.nimble/pkgs/react16-0.3.6/react16/react_styles.nim', 0x00000000000001a4)
chmod('/home/runner/.nimble/pkgs/react16-0.3.6/react16.nimble', 0x00000000000001a4)
mkdir('/tmp', 0x00000000000001ff)
mkdir('/tmp/nimblecache', 0x00000000000001ff)
mkdir('/tmp/nimblecache/react16_3589791894', 0x00000000000001ff)
unlink('/tmp/nimblecache/react16_3589791894/react16.ini')
unlink('/tmp/nimble_6518.out')
unlink('/home/runner/.nimble/pkgs/react16-0.3.6/react16_6518.nims')
unlink('/tmp/nimble_6518/githubcom_kristianmandrupreact16nim/react16.nim')
unlink('/tmp/nimble_6518/githubcom_kristianmandrupreact16nim/.gitignore')
unlink('/tmp/nimble_6518/githubcom_kristianmandrupreact16nim/react16.nimble')
unlink('/tmp/nimble_6518/githubcom_kristianmandrupreact16nim/example/app.nim')
unlink('/tmp/nimble_6518/githubcom_kristianmandrupreact16nim/example/react.js')
unlink('/tmp/nimble_6518/githubcom_kristianmandrupreact16nim/example/sandbox.nim')
unlink('/tmp/nimble_6518/githubcom_kristianmandrupreact16nim/example/bootstrap.min.css')
unlink('/tmp/nimble_6518/githubcom_kristianmandrupreact16nim/example/react-dom.js')
unlink('/tmp/nimble_6518/githubcom_kristianmandrupreact16nim/example/bootstrap-theme.min.css')
unlink('/tmp/nimble_6518/githubcom_kristianmandrupreact16nim/example/README.md')
unlink('/tmp/nimble_6518/githubcom_kristianmandrupreact16nim/example/index.html')
unlink('/tmp/nimble_6518/githubcom_kristianmandrupreact16nim/example/nim.cfg')
rmdir('/tmp/nimble_6518/githubcom_kristianmandrupreact16nim/example')
unlink('/tmp/nimble_6518/githubcom_kristianmandrupreact16nim/LICENSE')
unlink('/tmp/nimble_6518/githubcom_kristianmandrupreact16nim/package-lock.json')
unlink('/tmp/nimble_6518/githubcom_kristianmandrupreact16nim/.git/HEAD')
unlink('/tmp/nimble_6518/githubcom_kristianmandrupreact16nim/.git/config')
unlink('/tmp/nimble_6518/githubcom_kristianmandrupreact16nim/.git/logs/HEAD')
rmdir('/tmp/nimble_6518/githubcom_kristianmandrupreact16nim/.git/logs')
rmdir('/tmp/nimble_6518/githubcom_kristianmandrupreact16nim/.git/branches')
unlink('/tmp/nimble_6518/githubcom_kristianmandrupreact16nim/.git/packed-refs')
rmdir('/tmp/nimble_6518/githubcom_kristianmandrupreact16nim/.git/refs/heads')
rmdir('/tmp/nimble_6518/githubcom_kristianmandrupreact16nim/.git/refs/tags')
rmdir('/tmp/nimble_6518/githubcom_kristianmandrupreact16nim/.git/refs')
unlink('/tmp/nimble_6518/githubcom_kristianmandrupreact16nim/.git/hooks/fsmonitor-watchman.sample')
unlink('/tmp/nimble_6518/githubcom_kristianmandrupreact16nim/.git/hooks/pre-rebase.sample')
unlink('/tmp/nimble_6518/githubcom_kristianmandrupreact16nim/.git/hooks/pre-push.sample')
unlink('/tmp/nimble_6518/githubcom_kristianmandrupreact16nim/.git/hooks/pre-applypatch.sample')
unlink('/tmp/nimble_6518/githubcom_kristianmandrupreact16nim/.git/hooks/pre-receive.sample')
unlink('/tmp/nimble_6518/githubcom_kristianmandrupreact16nim/.git/hooks/commit-msg.sample')
unlink('/tmp/nimble_6518/githubcom_kristianmandrupreact16nim/.git/hooks/pre-merge-commit.sample')
unlink('/tmp/nimble_6518/githubcom_kristianmandrupreact16nim/.git/hooks/prepare-commit-msg.sample')
unlink('/tmp/nimble_6518/githubcom_kristianmandrupreact16nim/.git/hooks/pre-commit.sample')
unlink('/tmp/nimble_6518/githubcom_kristianmandrupreact16nim/.git/hooks/update.sample')
unlink('/tmp/nimble_6518/githubcom_kristianmandrupreact16nim/.git/hooks/applypatch-msg.sample')
unlink('/tmp/nimble_6518/githubcom_kristianmandrupreact16nim/.git/hooks/post-update.sample')
rmdir('/tmp/nimble_6518/githubcom_kristianmandrupreact16nim/.git/hooks')
unlink('/tmp/nimble_6518/githubcom_kristianmandrupreact16nim/.git/index')
unlink('/tmp/nimble_6518/githubcom_kristianmandrupreact16nim/.git/info/exclude')
rmdir('/tmp/nimble_6518/githubcom_kristianmandrupreact16nim/.git/info')
unlink('/tmp/nimble_6518/githubcom_kristianmandrupreact16nim/.git/shallow')
unlink('/tmp/nimble_6518/githubcom_kristianmandrupreact16nim/.git/description')
unlink('/tmp/nimble_6518/githubcom_kristianmandrupreact16nim/.git/objects/pack/pack-9b5f9d6bea548d1bf6423bbab712c89b122f108f.idx')
unlink('/tmp/nimble_6518/githubcom_kristianmandrupreact16nim/.git/objects/pack/pack-9b5f9d6bea548d1bf6423bbab712c89b122f108f.pack')
rmdir('/tmp/nimble_6518/githubcom_kristianmandrupreact16nim/.git/objects/pack')
rmdir('/tmp/nimble_6518/githubcom_kristianmandrupreact16nim/.git/objects/info')
rmdir('/tmp/nimble_6518/githubcom_kristianmandrupreact16nim/.git/objects')
rmdir('/tmp/nimble_6518/githubcom_kristianmandrupreact16nim/.git')
unlink('/tmp/nimble_6518/githubcom_kristianmandrupreact16nim/react16/reactapi.nim')
unlink('/tmp/nimble_6518/githubcom_kristianmandrupreact16nim/react16/rglobals.nim')
unlink('/tmp/nimble_6518/githubcom_kristianmandrupreact16nim/react16/rrouter.nim')
unlink('/tmp/nimble_6518/githubcom_kristianmandrupreact16nim/react16/rapi.nim')
unlink('/tmp/nimble_6518/githubcom_kristianmandrupreact16nim/react16/svg_attrs.nim')
unlink('/tmp/nimble_6518/githubcom_kristianmandrupreact16nim/react16/rhooks.nim')
unlink('/tmp/nimble_6518/githubcom_kristianmandrupreact16nim/react16/reactsvg.nim')
unlink('/tmp/nimble_6518/githubcom_kristianmandrupreact16nim/react16/rtypes.nim')
unlink('/tmp/nimble_6518/githubcom_kristianmandrupreact16nim/react16/reacthooks.nim')
unlink('/tmp/nimble_6518/githubcom_kristianmandrupreact16nim/react16/reactdom.nim')
unlink('/tmp/nimble_6518/githubcom_kristianmandrupreact16nim/react16/react_styles.nim')
rmdir('/tmp/nimble_6518/githubcom_kristianmandrupreact16nim/react16')
unlink('/tmp/nimble_6518/githubcom_kristianmandrupreact16nim/README.md')
rmdir('/tmp/nimble_6518/githubcom_kristianmandrupreact16nim')
rmdir('/tmp/nimble_6518')
  create directory /tmp
  create directory /tmp/nimble_6518
  create directory /tmp/nimble_6518/githubcom_kristianmandrupreact16nim
  delete /tmp/nimble_6518/githubcom_kristianmandrupreact16nim
  create directory /tmp/nimble_6518/githubcom_kristianmandrupreact16nim
  create directory /tmp/nimble_6518/githubcom_kristianmandrupreact16nim/.git
  create directory /tmp/nimble_6518/githubcom_kristianmandrupreact16nim/.git
  create directory /tmp/nimble_6518/githubcom_kristianmandrupreact16nim/.git/branches
  create directory /tmp/nimble_6518/githubcom_kristianmandrupreact16nim/.git/hooks
  create directory /tmp/nimble_6518/githubcom_kristianmandrupreact16nim/.git/info
  create directory /tmp/nimble_6518/githubcom_kristianmandrupreact16nim/.git/refs
  create directory /tmp/nimble_6518/githubcom_kristianmandrupreact16nim/.git/refs/heads
  create directory /tmp/nimble_6518/githubcom_kristianmandrupreact16nim/.git/refs/tags
  rename /tmp/nimble_6518/githubcom_kristianmandrupreact16nim/.git/HEAD.lock to HEAD
  rename /tmp/nimble_6518/githubcom_kristianmandrupreact16nim/.git/config.lock to config
  change permissions of /tmp/nimble_6518/githubcom_kristianmandrupreact16nim/.git/config to rwxr--r--
  change permissions of /tmp/nimble_6518/githubcom_kristianmandrupreact16nim/.git/config to rw-r--r--
  change permissions of /tmp/nimble_6518/githubcom_kristianmandrupreact16nim/.git/config.lock to rw-r--r--
  rename /tmp/nimble_6518/githubcom_kristianmandrupreact16nim/.git/config.lock to config
  change permissions of /tmp/nimble_6518/githubcom_kristianmandrupreact16nim/.git/config.lock to rw-r--r--
  rename /tmp/nimble_6518/githubcom_kristianmandrupreact16nim/.git/config.lock to config
  change permissions of /tmp/nimble_6518/githubcom_kristianmandrupreact16nim/.git/config.lock to rw-r--r--
  rename /tmp/nimble_6518/githubcom_kristianmandrupreact16nim/.git/config.lock to config
  delete /tmp/nimble_6518/githubcom_kristianmandrupreact16nim/.git/t5JlR2y
  create symbolic link from /tmp/nimble_6518/githubcom_kristianmandrupreact16nim/.git/t5JlR2y to /home/runner/work/nim_packages_security_audit/nim_packages_security_audit/testing
  delete /tmp/nimble_6518/githubcom_kristianmandrupreact16nim/.git/t5JlR2y
  create directory /tmp/nimble_6518/githubcom_kristianmandrupreact16nim/.git/objects
  create directory /tmp/nimble_6518/githubcom_kristianmandrupreact16nim/.git/objects/pack
  create directory /tmp/nimble_6518/githubcom_kristianmandrupreact16nim/.git/objects/info
  change permissions of /tmp/nimble_6518/githubcom_kristianmandrupreact16nim/.git/config.lock to rw-r--r--
  rename /tmp/nimble_6518/githubcom_kristianmandrupreact16nim/.git/config.lock to config
  change permissions of /tmp/nimble_6518/githubcom_kristianmandrupreact16nim/.git/config.lock to rw-r--r--
  rename /tmp/nimble_6518/githubcom_kristianmandrupreact16nim/.git/config.lock to config
  change permissions of /tmp/nimble_6518/githubcom_kristianmandrupreact16nim/.git/config.lock to rw-r--r--
  rename /tmp/nimble_6518/githubcom_kristianmandrupreact16nim/.git/config.lock to config
  create hard link from /tmp/nimble_6518/githubcom_kristianmandrupreact16nim/.git/objects/pack/pack-9b5f9d6bea548d1bf6423bbab712c89b122f108f.pack to /tmp/nimble_6518/githubcom_kristianmandrupreact16nim/.git/objects/pack/tmp_pack_yyQ48t
  delete /tmp/nimble_6518/githubcom_kristianmandrupreact16nim/.git/objects/pack/tmp_pack_yyQ48t
  create hard link from /tmp/nimble_6518/githubcom_kristianmandrupreact16nim/.git/objects/pack/pack-9b5f9d6bea548d1bf6423bbab712c89b122f108f.idx to /tmp/nimble_6518/githubcom_kristianmandrupreact16nim/.git/objects/pack/tmp_idx_tAkune
  delete /tmp/nimble_6518/githubcom_kristianmandrupreact16nim/.git/objects/pack/tmp_idx_tAkune
  rename /tmp/nimble_6518/githubcom_kristianmandrupreact16nim/.git/shallow.lock to shallow
  rename /tmp/nimble_6518/githubcom_kristianmandrupreact16nim/.git/packed-refs.new to packed-refs
  delete /tmp/nimble_6518/githubcom_kristianmandrupreact16nim/.git/packed-refs.lock
  delete /tmp/nimble_6518/githubcom_kristianmandrupreact16nim/.git/refs/tags/v0.3.7.lock
  create directory /tmp/nimble_6518/githubcom_kristianmandrupreact16nim/.git/logs
  rename /tmp/nimble_6518/githubcom_kristianmandrupreact16nim/.git/HEAD.lock to HEAD
  delete /tmp/nimble_6518/githubcom_kristianmandrupreact16nim/.git/objects/pack/pack-9b5f9d6bea548d1bf6423bbab712c89b122f108f.keep
  create directory /tmp/nimble_6518/githubcom_kristianmandrupreact16nim/example
  create directory /tmp/nimble_6518/githubcom_kristianmandrupreact16nim/react16
  rename /tmp/nimble_6518/githubcom_kristianmandrupreact16nim/.git/index.lock to index
  create directory /tmp
  create directory /tmp/nimblecache
  create directory /tmp/nimblecache/react16_1737223751
  delete /tmp/nimblecache/react16_1737223751/react16.ini
  delete /tmp/nimble_6518.out
  delete /tmp/nimble_6518/githubcom_kristianmandrupreact16nim/react16_6518.nims
  create directory /home
  create directory /home/runner
  create directory /home/runner/.nimble
  create directory /home/runner/.nimble/pkgs
  create directory /home/runner/.nimble/pkgs/react16-0.3.6
  create directory /home
  create directory /home/runner
  create directory /home/runner/.nimble
  create directory /home/runner/.nimble/pkgs
  create directory /home/runner/.nimble/pkgs/react16-0.3.6
  change permissions of /home/runner/.nimble/pkgs/react16-0.3.6/react16.nim to rw-r--r--
  create directory /home
  create directory /home/runner
  create directory /home/runner/.nimble
  create directory /home/runner/.nimble/pkgs
  create directory /home/runner/.nimble/pkgs/react16-0.3.6
  create directory /home/runner/.nimble/pkgs/react16-0.3.6/react16
  change permissions of /home/runner/.nimble/pkgs/react16-0.3.6/react16/reactapi.nim to rw-r--r--
  create directory /home
  create directory /home/runner
  create directory /home/runner/.nimble
  create directory /home/runner/.nimble/pkgs
  create directory /home/runner/.nimble/pkgs/react16-0.3.6
  create directory /home/runner/.nimble/pkgs/react16-0.3.6/react16
  change permissions of /home/runner/.nimble/pkgs/react16-0.3.6/react16/rglobals.nim to rw-r--r--
  create directory /home
  create directory /home/runner
  create directory /home/runner/.nimble
  create directory /home/runner/.nimble/pkgs
  create directory /home/runner/.nimble/pkgs/react16-0.3.6
  create directory /home/runner/.nimble/pkgs/react16-0.3.6/react16
  change permissions of /home/runner/.nimble/pkgs/react16-0.3.6/react16/rrouter.nim to rw-r--r--
  create directory /home
  create directory /home/runner
  create directory /home/runner/.nimble
  create directory /home/runner/.nimble/pkgs
  create directory /home/runner/.nimble/pkgs/react16-0.3.6
  create directory /home/runner/.nimble/pkgs/react16-0.3.6/react16
  change permissions of /home/runner/.nimble/pkgs/react16-0.3.6/react16/rapi.nim to rw-r--r--
  create directory /home
  create directory /home/runner
  create directory /home/runner/.nimble
  create directory /home/runner/.nimble/pkgs
  create directory /home/runner/.nimble/pkgs/react16-0.3.6
  create directory /home/runner/.nimble/pkgs/react16-0.3.6/react16
  change permissions of /home/runner/.nimble/pkgs/react16-0.3.6/react16/svg_attrs.nim to rw-r--r--
  create directory /home
  create directory /home/runner
  create directory /home/runner/.nimble
  create directory /home/runner/.nimble/pkgs
  create directory /home/runner/.nimble/pkgs/react16-0.3.6
  create directory /home/runner/.nimble/pkgs/react16-0.3.6/react16
  change permissions of /home/runner/.nimble/pkgs/react16-0.3.6/react16/rhooks.nim to rw-r--r--
  create directory /home
  create directory /home/runner
  create directory /home/runner/.nimble
  create directory /home/runner/.nimble/pkgs
  create directory /home/runner/.nimble/pkgs/react16-0.3.6
  create directory /home/runner/.nimble/pkgs/react16-0.3.6/react16
  change permissions of /home/runner/.nimble/pkgs/react16-0.3.6/react16/reactsvg.nim to rw-r--r--
  create directory /home
  create directory /home/runner
  create directory /home/runner/.nimble
  create directory /home/runner/.nimble/pkgs
  create directory /home/runner/.nimble/pkgs/react16-0.3.6
  create directory /home/runner/.nimble/pkgs/react16-0.3.6/react16
  change permissions of /home/runner/.nimble/pkgs/react16-0.3.6/react16/rtypes.nim to rw-r--r--
  create directory /home
  create directory /home/runner
  create directory /home/runner/.nimble
  create directory /home/runner/.nimble/pkgs
  create directory /home/runner/.nimble/pkgs/react16-0.3.6
  create directory /home/runner/.nimble/pkgs/react16-0.3.6/react16
  change permissions of /home/runner/.nimble/pkgs/react16-0.3.6/react16/reacthooks.nim to rw-r--r--
  create directory /home
  create directory /home/runner
  create directory /home/runner/.nimble
  create directory /home/runner/.nimble/pkgs
  create directory /home/runner/.nimble/pkgs/react16-0.3.6
  create directory /home/runner/.nimble/pkgs/react16-0.3.6/react16
  change permissions of /home/runner/.nimble/pkgs/react16-0.3.6/react16/reactdom.nim to rw-r--r--
  create directory /home
  create directory /home/runner
  create directory /home/runner/.nimble
  create directory /home/runner/.nimble/pkgs
  create directory /home/runner/.nimble/pkgs/react16-0.3.6
  create directory /home/runner/.nimble/pkgs/react16-0.3.6/react16
  change permissions of /home/runner/.nimble/pkgs/react16-0.3.6/react16/react_styles.nim to rw-r--r--
  change permissions of /home/runner/.nimble/pkgs/react16-0.3.6/react16.nimble to rw-r--r--
  create directory /tmp
  create directory /tmp/nimblecache
  create directory /tmp/nimblecache/react16_3589791894
  delete /tmp/nimblecache/react16_3589791894/react16.ini
  delete /tmp/nimble_6518.out
  delete /home/runner/.nimble/pkgs/react16-0.3.6/react16_6518.nims
  delete /tmp/nimble_6518/githubcom_kristianmandrupreact16nim/react16.nim
  delete /tmp/nimble_6518/githubcom_kristianmandrupreact16nim/.gitignore
  delete /tmp/nimble_6518/githubcom_kristianmandrupreact16nim/react16.nimble
  delete /tmp/nimble_6518/githubcom_kristianmandrupreact16nim/example/app.nim
  delete /tmp/nimble_6518/githubcom_kristianmandrupreact16nim/example/react.js
  delete /tmp/nimble_6518/githubcom_kristianmandrupreact16nim/example/sandbox.nim
  delete /tmp/nimble_6518/githubcom_kristianmandrupreact16nim/example/bootstrap.min.css
  delete /tmp/nimble_6518/githubcom_kristianmandrupreact16nim/example/react-dom.js
  delete /tmp/nimble_6518/githubcom_kristianmandrupreact16nim/example/bootstrap-theme.min.css
  delete /tmp/nimble_6518/githubcom_kristianmandrupreact16nim/example/README.md
  delete /tmp/nimble_6518/githubcom_kristianmandrupreact16nim/example/index.html
  delete /tmp/nimble_6518/githubcom_kristianmandrupreact16nim/example/nim.cfg
  delete /tmp/nimble_6518/githubcom_kristianmandrupreact16nim/example
  delete /tmp/nimble_6518/githubcom_kristianmandrupreact16nim/LICENSE
  delete /tmp/nimble_6518/githubcom_kristianmandrupreact16nim/package-lock.json
  delete /tmp/nimble_6518/githubcom_kristianmandrupreact16nim/.git/HEAD
  delete /tmp/nimble_6518/githubcom_kristianmandrupreact16nim/.git/config
  delete /tmp/nimble_6518/githubcom_kristianmandrupreact16nim/.git/logs/HEAD
  delete /tmp/nimble_6518/githubcom_kristianmandrupreact16nim/.git/logs
  delete /tmp/nimble_6518/githubcom_kristianmandrupreact16nim/.git/branches
  delete /tmp/nimble_6518/githubcom_kristianmandrupreact16nim/.git/packed-refs
  delete /tmp/nimble_6518/githubcom_kristianmandrupreact16nim/.git/refs/heads
  delete /tmp/nimble_6518/githubcom_kristianmandrupreact16nim/.git/refs/tags
  delete /tmp/nimble_6518/githubcom_kristianmandrupreact16nim/.git/refs
  delete /tmp/nimble_6518/githubcom_kristianmandrupreact16nim/.git/hooks/fsmonitor-watchman.sample
  delete /tmp/nimble_6518/githubcom_kristianmandrupreact16nim/.git/hooks/pre-rebase.sample
  delete /tmp/nimble_6518/githubcom_kristianmandrupreact16nim/.git/hooks/pre-push.sample
  delete /tmp/nimble_6518/githubcom_kristianmandrupreact16nim/.git/hooks/pre-applypatch.sample
  delete /tmp/nimble_6518/githubcom_kristianmandrupreact16nim/.git/hooks/pre-receive.sample
  delete /tmp/nimble_6518/githubcom_kristianmandrupreact16nim/.git/hooks/commit-msg.sample
  delete /tmp/nimble_6518/githubcom_kristianmandrupreact16nim/.git/hooks/pre-merge-commit.sample
  delete /tmp/nimble_6518/githubcom_kristianmandrupreact16nim/.git/hooks/prepare-commit-msg.sample
  delete /tmp/nimble_6518/githubcom_kristianmandrupreact16nim/.git/hooks/pre-commit.sample
  delete /tmp/nimble_6518/githubcom_kristianmandrupreact16nim/.git/hooks/update.sample
  delete /tmp/nimble_6518/githubcom_kristianmandrupreact16nim/.git/hooks/applypatch-msg.sample
  delete /tmp/nimble_6518/githubcom_kristianmandrupreact16nim/.git/hooks/post-update.sample
  delete /tmp/nimble_6518/githubcom_kristianmandrupreact16nim/.git/hooks
  delete /tmp/nimble_6518/githubcom_kristianmandrupreact16nim/.git/index
  delete /tmp/nimble_6518/githubcom_kristianmandrupreact16nim/.git/info/exclude
  delete /tmp/nimble_6518/githubcom_kristianmandrupreact16nim/.git/info
  delete /tmp/nimble_6518/githubcom_kristianmandrupreact16nim/.git/shallow
  delete /tmp/nimble_6518/githubcom_kristianmandrupreact16nim/.git/description
  delete /tmp/nimble_6518/githubcom_kristianmandrupreact16nim/.git/objects/pack/pack-9b5f9d6bea548d1bf6423bbab712c89b122f108f.idx
  delete /tmp/nimble_6518/githubcom_kristianmandrupreact16nim/.git/objects/pack/pack-9b5f9d6bea548d1bf6423bbab712c89b122f108f.pack
  delete /tmp/nimble_6518/githubcom_kristianmandrupreact16nim/.git/objects/pack
  delete /tmp/nimble_6518/githubcom_kristianmandrupreact16nim/.git/objects/info
  delete /tmp/nimble_6518/githubcom_kristianmandrupreact16nim/.git/objects
  delete /tmp/nimble_6518/githubcom_kristianmandrupreact16nim/.git
  delete /tmp/nimble_6518/githubcom_kristianmandrupreact16nim/react16/reactapi.nim
  delete /tmp/nimble_6518/githubcom_kristianmandrupreact16nim/react16/rglobals.nim
  delete /tmp/nimble_6518/githubcom_kristianmandrupreact16nim/react16/rrouter.nim
  delete /tmp/nimble_6518/githubcom_kristianmandrupreact16nim/react16/rapi.nim
  delete /tmp/nimble_6518/githubcom_kristianmandrupreact16nim/react16/svg_attrs.nim
  delete /tmp/nimble_6518/githubcom_kristianmandrupreact16nim/react16/rhooks.nim
  delete /tmp/nimble_6518/githubcom_kristianmandrupreact16nim/react16/reactsvg.nim
  delete /tmp/nimble_6518/githubcom_kristianmandrupreact16nim/react16/rtypes.nim
  delete /tmp/nimble_6518/githubcom_kristianmandrupreact16nim/react16/reacthooks.nim
  delete /tmp/nimble_6518/githubcom_kristianmandrupreact16nim/react16/reactdom.nim
  delete /tmp/nimble_6518/githubcom_kristianmandrupreact16nim/react16/react_styles.nim
  delete /tmp/nimble_6518/githubcom_kristianmandrupreact16nim/react16
  delete /tmp/nimble_6518/githubcom_kristianmandrupreact16nim/README.md
  delete /tmp/nimble_6518/githubcom_kristianmandrupreact16nim
  delete /tmp/nimble_6518
