    Reading official package list
Downloading https://github.com/nim-lang/redis using git
    Cloning latest tagged version: v0.3.0
  Verifying dependencies for redis@0.3.0
 Installing redis@0.3.0
    Copying file /tmp/nimble_3889/githubcom_nimlangredis/src/redis.nim to /home/runner/.nimble/pkgs/redis-0.3.0/redis.nim
    Copying file /tmp/nimble_3889/githubcom_nimlangredis/redis.nimble to /home/runner/.nimble/pkgs/redis-0.3.0/redis.nimble
   Success: redis installed successfully.
mkdir('/tmp', 0x00000000000001ff)
mkdir('/tmp/nimble_3889', 0x00000000000001ff)
mkdir('/tmp/nimble_3889/githubcom_nimlangredis', 0x00000000000001ff)
rmdir('/tmp/nimble_3889/githubcom_nimlangredis')
mkdir('/tmp/nimble_3889/githubcom_nimlangredis', 0x00000000000001ff)
mkdir('/tmp/nimble_3889/githubcom_nimlangredis/.git', 0x00000000000001ff)
mkdir('/tmp/nimble_3889/githubcom_nimlangredis/.git/', 0x00000000000001ff)
mkdir('/tmp/nimble_3889/githubcom_nimlangredis/.git/branches/', 0x00000000000001ff)
mkdir('/tmp/nimble_3889/githubcom_nimlangredis/.git/hooks/', 0x00000000000001ff)
mkdir('/tmp/nimble_3889/githubcom_nimlangredis/.git/info/', 0x00000000000001ff)
mkdir('/tmp/nimble_3889/githubcom_nimlangredis/.git/refs', 0x00000000000001ff)
mkdir('/tmp/nimble_3889/githubcom_nimlangredis/.git/refs/heads', 0x00000000000001ff)
mkdir('/tmp/nimble_3889/githubcom_nimlangredis/.git/refs/tags', 0x00000000000001ff)
rename('/tmp/nimble_3889/githubcom_nimlangredis/.git/HEAD.lock', '/tmp/nimble_3889/githubcom_nimlangredis/.git/HEAD')
rename('/tmp/nimble_3889/githubcom_nimlangredis/.git/config.lock', '/tmp/nimble_3889/githubcom_nimlangredis/.git/config')
chmod('/tmp/nimble_3889/githubcom_nimlangredis/.git/config', 0x00000000000081e4)
chmod('/tmp/nimble_3889/githubcom_nimlangredis/.git/config', 0x00000000000081a4)
chmod('/tmp/nimble_3889/githubcom_nimlangredis/.git/config.lock', 0x00000000000001a4)
rename('/tmp/nimble_3889/githubcom_nimlangredis/.git/config.lock', '/tmp/nimble_3889/githubcom_nimlangredis/.git/config')
chmod('/tmp/nimble_3889/githubcom_nimlangredis/.git/config.lock', 0x00000000000001a4)
rename('/tmp/nimble_3889/githubcom_nimlangredis/.git/config.lock', '/tmp/nimble_3889/githubcom_nimlangredis/.git/config')
chmod('/tmp/nimble_3889/githubcom_nimlangredis/.git/config.lock', 0x00000000000001a4)
rename('/tmp/nimble_3889/githubcom_nimlangredis/.git/config.lock', '/tmp/nimble_3889/githubcom_nimlangredis/.git/config')
unlink('/tmp/nimble_3889/githubcom_nimlangredis/.git/t4g3MaQ')
symlink('testing', '/tmp/nimble_3889/githubcom_nimlangredis/.git/t4g3MaQ')
unlink('/tmp/nimble_3889/githubcom_nimlangredis/.git/t4g3MaQ')
mkdir('/tmp/nimble_3889/githubcom_nimlangredis/.git/objects', 0x00000000000001ff)
mkdir('/tmp/nimble_3889/githubcom_nimlangredis/.git/objects/pack', 0x00000000000001ff)
mkdir('/tmp/nimble_3889/githubcom_nimlangredis/.git/objects/info', 0x00000000000001ff)
chmod('/tmp/nimble_3889/githubcom_nimlangredis/.git/config.lock', 0x00000000000001a4)
rename('/tmp/nimble_3889/githubcom_nimlangredis/.git/config.lock', '/tmp/nimble_3889/githubcom_nimlangredis/.git/config')
chmod('/tmp/nimble_3889/githubcom_nimlangredis/.git/config.lock', 0x00000000000001a4)
rename('/tmp/nimble_3889/githubcom_nimlangredis/.git/config.lock', '/tmp/nimble_3889/githubcom_nimlangredis/.git/config')
chmod('/tmp/nimble_3889/githubcom_nimlangredis/.git/config.lock', 0x00000000000001a4)
rename('/tmp/nimble_3889/githubcom_nimlangredis/.git/config.lock', '/tmp/nimble_3889/githubcom_nimlangredis/.git/config')
link('/tmp/nimble_3889/githubcom_nimlangredis/.git/objects/pack/tmp_pack_GTSUPJ', '/tmp/nimble_3889/githubcom_nimlangredis/.git/objects/pack/pack-3b08c96c97b8df0cf44fd8ef74c6db25565cb687.pack')
unlink('/tmp/nimble_3889/githubcom_nimlangredis/.git/objects/pack/tmp_pack_GTSUPJ')
link('/tmp/nimble_3889/githubcom_nimlangredis/.git/objects/pack/tmp_idx_sWtR7V', '/tmp/nimble_3889/githubcom_nimlangredis/.git/objects/pack/pack-3b08c96c97b8df0cf44fd8ef74c6db25565cb687.idx')
unlink('/tmp/nimble_3889/githubcom_nimlangredis/.git/objects/pack/tmp_idx_sWtR7V')
rename('/tmp/nimble_3889/githubcom_nimlangredis/.git/shallow.lock', '/tmp/nimble_3889/githubcom_nimlangredis/.git/shallow')
rename('/tmp/nimble_3889/githubcom_nimlangredis/.git/packed-refs.new', '/tmp/nimble_3889/githubcom_nimlangredis/.git/packed-refs')
unlink('/tmp/nimble_3889/githubcom_nimlangredis/.git/packed-refs.lock')
unlink('/tmp/nimble_3889/githubcom_nimlangredis/.git/refs/tags/v0.3.0.lock')
mkdir('/tmp/nimble_3889/githubcom_nimlangredis/.git/logs', 0x00000000000001ff)
rename('/tmp/nimble_3889/githubcom_nimlangredis/.git/HEAD.lock', '/tmp/nimble_3889/githubcom_nimlangredis/.git/HEAD')
unlink('/tmp/nimble_3889/githubcom_nimlangredis/.git/objects/pack/pack-3b08c96c97b8df0cf44fd8ef74c6db25565cb687.keep')
mkdir('.circleci', 0x00000000000001ff)
mkdir('src', 0x00000000000001ff)
mkdir('tests', 0x00000000000001ff)
rename('/tmp/nimble_3889/githubcom_nimlangredis/.git/index.lock', '/tmp/nimble_3889/githubcom_nimlangredis/.git/index')
mkdir('/tmp', 0x00000000000001ff)
mkdir('/tmp/nimblecache', 0x00000000000001ff)
mkdir('/tmp/nimblecache/redis_3457204526', 0x00000000000001ff)
unlink('/tmp/nimblecache/redis_3457204526/redis.ini')
unlink('/tmp/nimble_3889.out')
unlink('/tmp/nimble_3889/githubcom_nimlangredis/redis_3889.nims')
mkdir('/home', 0x00000000000001ff)
mkdir('/home/runner', 0x00000000000001ff)
mkdir('/home/runner/.nimble', 0x00000000000001ff)
mkdir('/home/runner/.nimble/pkgs', 0x00000000000001ff)
mkdir('/home/runner/.nimble/pkgs/redis-0.3.0', 0x00000000000001ff)
mkdir('/home', 0x00000000000001ff)
mkdir('/home/runner', 0x00000000000001ff)
mkdir('/home/runner/.nimble', 0x00000000000001ff)
mkdir('/home/runner/.nimble/pkgs', 0x00000000000001ff)
mkdir('/home/runner/.nimble/pkgs/redis-0.3.0', 0x00000000000001ff)
chmod('/home/runner/.nimble/pkgs/redis-0.3.0/redis.nim', 0x00000000000001a4)
chmod('/home/runner/.nimble/pkgs/redis-0.3.0/redis.nimble', 0x00000000000001a4)
mkdir('/tmp', 0x00000000000001ff)
mkdir('/tmp/nimblecache', 0x00000000000001ff)
mkdir('/tmp/nimblecache/redis_3607102069', 0x00000000000001ff)
unlink('/tmp/nimblecache/redis_3607102069/redis.ini')
unlink('/tmp/nimble_3889.out')
unlink('/home/runner/.nimble/pkgs/redis-0.3.0/redis_3889.nims')
unlink('/tmp/nimble_3889/githubcom_nimlangredis/copying.txt')
unlink('/tmp/nimble_3889/githubcom_nimlangredis/src/redis.nim')
rmdir('/tmp/nimble_3889/githubcom_nimlangredis/src')
unlink('/tmp/nimble_3889/githubcom_nimlangredis/.editorconfig')
unlink('/tmp/nimble_3889/githubcom_nimlangredis/.gitignore')
unlink('/tmp/nimble_3889/githubcom_nimlangredis/.circleci/config.yml')
rmdir('/tmp/nimble_3889/githubcom_nimlangredis/.circleci')
unlink('/tmp/nimble_3889/githubcom_nimlangredis/redis.nimble')
unlink('/tmp/nimble_3889/githubcom_nimlangredis/.git/HEAD')
unlink('/tmp/nimble_3889/githubcom_nimlangredis/.git/config')
unlink('/tmp/nimble_3889/githubcom_nimlangredis/.git/logs/HEAD')
rmdir('/tmp/nimble_3889/githubcom_nimlangredis/.git/logs')
rmdir('/tmp/nimble_3889/githubcom_nimlangredis/.git/branches')
unlink('/tmp/nimble_3889/githubcom_nimlangredis/.git/packed-refs')
rmdir('/tmp/nimble_3889/githubcom_nimlangredis/.git/refs/heads')
rmdir('/tmp/nimble_3889/githubcom_nimlangredis/.git/refs/tags')
rmdir('/tmp/nimble_3889/githubcom_nimlangredis/.git/refs')
unlink('/tmp/nimble_3889/githubcom_nimlangredis/.git/hooks/fsmonitor-watchman.sample')
unlink('/tmp/nimble_3889/githubcom_nimlangredis/.git/hooks/pre-rebase.sample')
unlink('/tmp/nimble_3889/githubcom_nimlangredis/.git/hooks/pre-push.sample')
unlink('/tmp/nimble_3889/githubcom_nimlangredis/.git/hooks/pre-applypatch.sample')
unlink('/tmp/nimble_3889/githubcom_nimlangredis/.git/hooks/pre-receive.sample')
unlink('/tmp/nimble_3889/githubcom_nimlangredis/.git/hooks/commit-msg.sample')
unlink('/tmp/nimble_3889/githubcom_nimlangredis/.git/hooks/pre-merge-commit.sample')
unlink('/tmp/nimble_3889/githubcom_nimlangredis/.git/hooks/prepare-commit-msg.sample')
unlink('/tmp/nimble_3889/githubcom_nimlangredis/.git/hooks/pre-commit.sample')
unlink('/tmp/nimble_3889/githubcom_nimlangredis/.git/hooks/update.sample')
unlink('/tmp/nimble_3889/githubcom_nimlangredis/.git/hooks/applypatch-msg.sample')
unlink('/tmp/nimble_3889/githubcom_nimlangredis/.git/hooks/post-update.sample')
rmdir('/tmp/nimble_3889/githubcom_nimlangredis/.git/hooks')
unlink('/tmp/nimble_3889/githubcom_nimlangredis/.git/index')
unlink('/tmp/nimble_3889/githubcom_nimlangredis/.git/info/exclude')
rmdir('/tmp/nimble_3889/githubcom_nimlangredis/.git/info')
unlink('/tmp/nimble_3889/githubcom_nimlangredis/.git/shallow')
unlink('/tmp/nimble_3889/githubcom_nimlangredis/.git/description')
unlink('/tmp/nimble_3889/githubcom_nimlangredis/.git/objects/pack/pack-3b08c96c97b8df0cf44fd8ef74c6db25565cb687.idx')
unlink('/tmp/nimble_3889/githubcom_nimlangredis/.git/objects/pack/pack-3b08c96c97b8df0cf44fd8ef74c6db25565cb687.pack')
rmdir('/tmp/nimble_3889/githubcom_nimlangredis/.git/objects/pack')
rmdir('/tmp/nimble_3889/githubcom_nimlangredis/.git/objects/info')
rmdir('/tmp/nimble_3889/githubcom_nimlangredis/.git/objects')
rmdir('/tmp/nimble_3889/githubcom_nimlangredis/.git')
unlink('/tmp/nimble_3889/githubcom_nimlangredis/readme.md')
unlink('/tmp/nimble_3889/githubcom_nimlangredis/tests/main.nim')
unlink('/tmp/nimble_3889/githubcom_nimlangredis/tests/tawaitorder.nim')
unlink('/tmp/nimble_3889/githubcom_nimlangredis/tests/nim.cfg')
rmdir('/tmp/nimble_3889/githubcom_nimlangredis/tests')
rmdir('/tmp/nimble_3889/githubcom_nimlangredis')
rmdir('/tmp/nimble_3889')
  create directory /tmp
  create directory /tmp/nimble_3889
  create directory /tmp/nimble_3889/githubcom_nimlangredis
  delete /tmp/nimble_3889/githubcom_nimlangredis
  create directory /tmp/nimble_3889/githubcom_nimlangredis
  create directory /tmp/nimble_3889/githubcom_nimlangredis/.git
  create directory /tmp/nimble_3889/githubcom_nimlangredis/.git
  create directory /tmp/nimble_3889/githubcom_nimlangredis/.git/branches
  create directory /tmp/nimble_3889/githubcom_nimlangredis/.git/hooks
  create directory /tmp/nimble_3889/githubcom_nimlangredis/.git/info
  create directory /tmp/nimble_3889/githubcom_nimlangredis/.git/refs
  create directory /tmp/nimble_3889/githubcom_nimlangredis/.git/refs/heads
  create directory /tmp/nimble_3889/githubcom_nimlangredis/.git/refs/tags
  rename /tmp/nimble_3889/githubcom_nimlangredis/.git/HEAD.lock to HEAD
  rename /tmp/nimble_3889/githubcom_nimlangredis/.git/config.lock to config
  change permissions of /tmp/nimble_3889/githubcom_nimlangredis/.git/config to rwxr--r--
  change permissions of /tmp/nimble_3889/githubcom_nimlangredis/.git/config to rw-r--r--
  change permissions of /tmp/nimble_3889/githubcom_nimlangredis/.git/config.lock to rw-r--r--
  rename /tmp/nimble_3889/githubcom_nimlangredis/.git/config.lock to config
  change permissions of /tmp/nimble_3889/githubcom_nimlangredis/.git/config.lock to rw-r--r--
  rename /tmp/nimble_3889/githubcom_nimlangredis/.git/config.lock to config
  change permissions of /tmp/nimble_3889/githubcom_nimlangredis/.git/config.lock to rw-r--r--
  rename /tmp/nimble_3889/githubcom_nimlangredis/.git/config.lock to config
  delete /tmp/nimble_3889/githubcom_nimlangredis/.git/t4g3MaQ
  create symbolic link from /tmp/nimble_3889/githubcom_nimlangredis/.git/t4g3MaQ to /home/runner/work/nim_packages_security_audit/nim_packages_security_audit/testing
  delete /tmp/nimble_3889/githubcom_nimlangredis/.git/t4g3MaQ
  create directory /tmp/nimble_3889/githubcom_nimlangredis/.git/objects
  create directory /tmp/nimble_3889/githubcom_nimlangredis/.git/objects/pack
  create directory /tmp/nimble_3889/githubcom_nimlangredis/.git/objects/info
  change permissions of /tmp/nimble_3889/githubcom_nimlangredis/.git/config.lock to rw-r--r--
  rename /tmp/nimble_3889/githubcom_nimlangredis/.git/config.lock to config
  change permissions of /tmp/nimble_3889/githubcom_nimlangredis/.git/config.lock to rw-r--r--
  rename /tmp/nimble_3889/githubcom_nimlangredis/.git/config.lock to config
  change permissions of /tmp/nimble_3889/githubcom_nimlangredis/.git/config.lock to rw-r--r--
  rename /tmp/nimble_3889/githubcom_nimlangredis/.git/config.lock to config
  create hard link from /tmp/nimble_3889/githubcom_nimlangredis/.git/objects/pack/pack-3b08c96c97b8df0cf44fd8ef74c6db25565cb687.pack to /tmp/nimble_3889/githubcom_nimlangredis/.git/objects/pack/tmp_pack_GTSUPJ
  delete /tmp/nimble_3889/githubcom_nimlangredis/.git/objects/pack/tmp_pack_GTSUPJ
  create hard link from /tmp/nimble_3889/githubcom_nimlangredis/.git/objects/pack/pack-3b08c96c97b8df0cf44fd8ef74c6db25565cb687.idx to /tmp/nimble_3889/githubcom_nimlangredis/.git/objects/pack/tmp_idx_sWtR7V
  delete /tmp/nimble_3889/githubcom_nimlangredis/.git/objects/pack/tmp_idx_sWtR7V
  rename /tmp/nimble_3889/githubcom_nimlangredis/.git/shallow.lock to shallow
  rename /tmp/nimble_3889/githubcom_nimlangredis/.git/packed-refs.new to packed-refs
  delete /tmp/nimble_3889/githubcom_nimlangredis/.git/packed-refs.lock
  delete /tmp/nimble_3889/githubcom_nimlangredis/.git/refs/tags/v0.3.0.lock
  create directory /tmp/nimble_3889/githubcom_nimlangredis/.git/logs
  rename /tmp/nimble_3889/githubcom_nimlangredis/.git/HEAD.lock to HEAD
  delete /tmp/nimble_3889/githubcom_nimlangredis/.git/objects/pack/pack-3b08c96c97b8df0cf44fd8ef74c6db25565cb687.keep
  create directory /tmp/nimble_3889/githubcom_nimlangredis/.circleci
  create directory /tmp/nimble_3889/githubcom_nimlangredis/src
  create directory /tmp/nimble_3889/githubcom_nimlangredis/tests
  rename /tmp/nimble_3889/githubcom_nimlangredis/.git/index.lock to index
  create directory /tmp
  create directory /tmp/nimblecache
  create directory /tmp/nimblecache/redis_3457204526
  delete /tmp/nimblecache/redis_3457204526/redis.ini
  delete /tmp/nimble_3889.out
  delete /tmp/nimble_3889/githubcom_nimlangredis/redis_3889.nims
  create directory /home
  create directory /home/runner
  create directory /home/runner/.nimble
  create directory /home/runner/.nimble/pkgs
  create directory /home/runner/.nimble/pkgs/redis-0.3.0
  create directory /home
  create directory /home/runner
  create directory /home/runner/.nimble
  create directory /home/runner/.nimble/pkgs
  create directory /home/runner/.nimble/pkgs/redis-0.3.0
  change permissions of /home/runner/.nimble/pkgs/redis-0.3.0/redis.nim to rw-r--r--
  change permissions of /home/runner/.nimble/pkgs/redis-0.3.0/redis.nimble to rw-r--r--
  create directory /tmp
  create directory /tmp/nimblecache
  create directory /tmp/nimblecache/redis_3607102069
  delete /tmp/nimblecache/redis_3607102069/redis.ini
  delete /tmp/nimble_3889.out
  delete /home/runner/.nimble/pkgs/redis-0.3.0/redis_3889.nims
  delete /tmp/nimble_3889/githubcom_nimlangredis/copying.txt
  delete /tmp/nimble_3889/githubcom_nimlangredis/src/redis.nim
  delete /tmp/nimble_3889/githubcom_nimlangredis/src
  delete /tmp/nimble_3889/githubcom_nimlangredis/.editorconfig
  delete /tmp/nimble_3889/githubcom_nimlangredis/.gitignore
  delete /tmp/nimble_3889/githubcom_nimlangredis/.circleci/config.yml
  delete /tmp/nimble_3889/githubcom_nimlangredis/.circleci
  delete /tmp/nimble_3889/githubcom_nimlangredis/redis.nimble
  delete /tmp/nimble_3889/githubcom_nimlangredis/.git/HEAD
  delete /tmp/nimble_3889/githubcom_nimlangredis/.git/config
  delete /tmp/nimble_3889/githubcom_nimlangredis/.git/logs/HEAD
  delete /tmp/nimble_3889/githubcom_nimlangredis/.git/logs
  delete /tmp/nimble_3889/githubcom_nimlangredis/.git/branches
  delete /tmp/nimble_3889/githubcom_nimlangredis/.git/packed-refs
  delete /tmp/nimble_3889/githubcom_nimlangredis/.git/refs/heads
  delete /tmp/nimble_3889/githubcom_nimlangredis/.git/refs/tags
  delete /tmp/nimble_3889/githubcom_nimlangredis/.git/refs
  delete /tmp/nimble_3889/githubcom_nimlangredis/.git/hooks/fsmonitor-watchman.sample
  delete /tmp/nimble_3889/githubcom_nimlangredis/.git/hooks/pre-rebase.sample
  delete /tmp/nimble_3889/githubcom_nimlangredis/.git/hooks/pre-push.sample
  delete /tmp/nimble_3889/githubcom_nimlangredis/.git/hooks/pre-applypatch.sample
  delete /tmp/nimble_3889/githubcom_nimlangredis/.git/hooks/pre-receive.sample
  delete /tmp/nimble_3889/githubcom_nimlangredis/.git/hooks/commit-msg.sample
  delete /tmp/nimble_3889/githubcom_nimlangredis/.git/hooks/pre-merge-commit.sample
  delete /tmp/nimble_3889/githubcom_nimlangredis/.git/hooks/prepare-commit-msg.sample
  delete /tmp/nimble_3889/githubcom_nimlangredis/.git/hooks/pre-commit.sample
  delete /tmp/nimble_3889/githubcom_nimlangredis/.git/hooks/update.sample
  delete /tmp/nimble_3889/githubcom_nimlangredis/.git/hooks/applypatch-msg.sample
  delete /tmp/nimble_3889/githubcom_nimlangredis/.git/hooks/post-update.sample
  delete /tmp/nimble_3889/githubcom_nimlangredis/.git/hooks
  delete /tmp/nimble_3889/githubcom_nimlangredis/.git/index
  delete /tmp/nimble_3889/githubcom_nimlangredis/.git/info/exclude
  delete /tmp/nimble_3889/githubcom_nimlangredis/.git/info
  delete /tmp/nimble_3889/githubcom_nimlangredis/.git/shallow
  delete /tmp/nimble_3889/githubcom_nimlangredis/.git/description
  delete /tmp/nimble_3889/githubcom_nimlangredis/.git/objects/pack/pack-3b08c96c97b8df0cf44fd8ef74c6db25565cb687.idx
  delete /tmp/nimble_3889/githubcom_nimlangredis/.git/objects/pack/pack-3b08c96c97b8df0cf44fd8ef74c6db25565cb687.pack
  delete /tmp/nimble_3889/githubcom_nimlangredis/.git/objects/pack
  delete /tmp/nimble_3889/githubcom_nimlangredis/.git/objects/info
  delete /tmp/nimble_3889/githubcom_nimlangredis/.git/objects
  delete /tmp/nimble_3889/githubcom_nimlangredis/.git
  delete /tmp/nimble_3889/githubcom_nimlangredis/readme.md
  delete /tmp/nimble_3889/githubcom_nimlangredis/tests/main.nim
  delete /tmp/nimble_3889/githubcom_nimlangredis/tests/tawaitorder.nim
  delete /tmp/nimble_3889/githubcom_nimlangredis/tests/nim.cfg
  delete /tmp/nimble_3889/githubcom_nimlangredis/tests
  delete /tmp/nimble_3889/githubcom_nimlangredis
  delete /tmp/nimble_3889
