      Info: Package cache path /home/runner/.nimble/pkgcache
     Info:  Nimble data file "/home/runner/.nimble/nimbledata2.json" has been loaded.
    Reading official package list
Downloading https://github.com/muxueqz/remarker_light using git
    Cloning latest tagged version: 1.0.1
open('/workspace/destdir/ssl/openssl.cnf', 32768, 0x00000000000001b6)
open('/home/runner/.config/nimble/nimble.ini', 557056, 0x00000000000001b6)
open('/home/runner/.config/babel/babel.ini', 557056, 0x00000000000001b6)
writev(1, 0x00007fffa12a7ae0, 2)
open('/home/runner/.nimble/nimbledata2.json', 557056, 0x00000000000001b6)
writev(1, 0x00007fffa12a7bb0, 2)
writev(1, 0x00007fff4256c430, 2)
writev(1, 0x00007fff4256c4c0, 2)
writev(1, 0x00007fff4256c4c0, 2)
writev(1, 0x00007fff4256c4c0, 2)
writev(1, 0x00007fffa12a65c0, 2)
open('/home/runner/.nimble/packages_official.json', 557056, 0x00000000000001b6)
mkdir('/home/', 0x00000000000001ff)
mkdir('/home/runner/', 0x00000000000001ff)
mkdir('/home/runner/.nimble/', 0x00000000000001ff)
mkdir('/home/runner/.nimble/pkgcache/', 0x00000000000001ff)
mkdir('/home/runner/.nimble/pkgcache/githubcom_muxueqzremarkerlight', 0x00000000000001ff)
open('/home/runner/.nimble/pkgcache/githubcom_muxueqzremarkerlight', 622592, 0x0000000000000000)
writev(1, 0x00007fffa12a6620, 2)
open('/home/runner/.nimble/pkgcache/githubcom_muxueqzremarkerlight', 622592, 0x0000000000000000)
rmdir('/home/runner/.nimble/pkgcache/githubcom_muxueqzremarkerlight')
writev(1, 0x00007fffa12a6510, 2)
mkdir(94711704075152, 0x00000000000001ff)
Error tracing process: readBytes(0x00005623c97a3b90, 256) error: [Errno 5] Input/output error.
