     Info:  Nimble data file "/home/runner/.nimble/nimbledata2.json" has been loaded.
    Reading official package list
Downloading https://github.com/nonnil/resultsutils using git
    Cloning latest tagged version: v0.1.6
open('/workspace/destdir/ssl/openssl.cnf', 32768, 0x00000000000001b6)
open('/home/runner/.config/nimble/nimble.ini', 557056, 0x00000000000001b6)
open('/home/runner/.config/babel/babel.ini', 557056, 0x00000000000001b6)
open('/home/runner/.nimble/nimbledata2.json', 557056, 0x00000000000001b6)
writev(1, 0x00007fffd379dc00, 2)
open('/home/runner/work/nim_packages_security_audit/nim_packages_security_audit', 622592, 0x0000000000000000)
writev(1, 0x00007fffd379d2d0, 2)
open('/home/runner/.nimble/packages_official.json', 557056, 0x00000000000001b6)
mkdir('/tmp/', 0x00000000000001ff)
mkdir('/tmp/nimble_3287/', 0x00000000000001ff)
mkdir('/tmp/nimble_3287/githubcom_nonnilresultsutils', 0x00000000000001ff)
writev(1, 0x00007fffd379d290, 2)
open('/tmp/nimble_3287/githubcom_nonnilresultsutils', 622592, 0x0000000000000000)
rmdir('/tmp/nimble_3287/githubcom_nonnilresultsutils')
writev(1, 0x00007fffd379d200, 2)
mkdir(94137862800784, 0x00000000000001ff)
Error tracing process: readBytes(0x0000559e2ddf4590, 256) error: [Errno 5] Input/output error.
