      Info: Package cache path /home/runner/.nimble/pkgcache
     Info:  Nimble data file "/home/runner/.nimble/nimbledata2.json" has been loaded.
    Reading official package list
Downloading https://github.com/OpenSystemsLab/rethinkdb.nim using git
    Cloning latest tagged version: 0.2.6
open('/workspace/destdir/ssl/openssl.cnf', 32768, 0x00000000000001b6)
open('/home/runner/.config/nimble/nimble.ini', 557056, 0x00000000000001b6)
open('/home/runner/.config/babel/babel.ini', 557056, 0x00000000000001b6)
writev(1, 0x00007ffc58485bd0, 2)
open('/home/runner/.nimble/nimbledata2.json', 557056, 0x00000000000001b6)
writev(1, 0x00007ffc58485ca0, 2)
writev(1, 0x00007ffe3c936740, 2)
writev(1, 0x00007ffe3c9367d0, 2)
writev(1, 0x00007ffe3c9367d0, 2)
writev(1, 0x00007ffe3c9367d0, 2)
writev(1, 0x00007ffc584846b0, 2)
open('/home/runner/.nimble/packages_official.json', 557056, 0x00000000000001b6)
mkdir('/home/', 0x00000000000001ff)
mkdir('/home/runner/', 0x00000000000001ff)
mkdir('/home/runner/.nimble/', 0x00000000000001ff)
mkdir('/home/runner/.nimble/pkgcache/', 0x00000000000001ff)
mkdir('/home/runner/.nimble/pkgcache/githubcom_OpenSystemsLabrethinkdbnim', 0x00000000000001ff)
open('/home/runner/.nimble/pkgcache/githubcom_OpenSystemsLabrethinkdbnim', 622592, 0x0000000000000000)
writev(1, 0x00007ffc58484710, 2)
open('/home/runner/.nimble/pkgcache/githubcom_OpenSystemsLabrethinkdbnim', 622592, 0x0000000000000000)
rmdir('/home/runner/.nimble/pkgcache/githubcom_OpenSystemsLabrethinkdbnim')
writev(1, 0x00007ffc58484600, 2)
mkdir(93969441004432, 0x00000000000001ff)
Error tracing process: readBytes(0x00005576f7269b90, 256) error: [Errno 5] Input/output error.
