      Info: Package cache path /home/runner/.nimble/pkgcache
     Info:  Nimble data file "/home/runner/.nimble/nimbledata2.json" has been loaded.
    Reading official package list
Downloading https://github.com/minamorl/rex using git
    Cloning latest tagged version: v0.3.0
open('/workspace/destdir/ssl/openssl.cnf', 32768, 0x00000000000001b6)
open('/home/runner/.config/nimble/nimble.ini', 557056, 0x00000000000001b6)
open('/home/runner/.config/babel/babel.ini', 557056, 0x00000000000001b6)
writev(1, 0x00007ffe096c3150, 2)
open('/home/runner/.nimble/nimbledata2.json', 557056, 0x00000000000001b6)
writev(1, 0x00007ffe096c3220, 2)
writev(1, 0x00007ffd403d1270, 2)
writev(1, 0x00007ffd403d1300, 2)
writev(1, 0x00007ffd403d1300, 2)
writev(1, 0x00007ffd403d1300, 2)
writev(1, 0x00007ffe096c1c30, 2)
open('/home/runner/.nimble/packages_official.json', 557056, 0x00000000000001b6)
mkdir('/home/', 0x00000000000001ff)
mkdir('/home/runner/', 0x00000000000001ff)
mkdir('/home/runner/.nimble/', 0x00000000000001ff)
mkdir('/home/runner/.nimble/pkgcache/', 0x00000000000001ff)
mkdir('/home/runner/.nimble/pkgcache/githubcom_minamorlrex', 0x00000000000001ff)
open('/home/runner/.nimble/pkgcache/githubcom_minamorlrex', 622592, 0x0000000000000000)
writev(1, 0x00007ffe096c1c90, 2)
open('/home/runner/.nimble/pkgcache/githubcom_minamorlrex', 622592, 0x0000000000000000)
rmdir('/home/runner/.nimble/pkgcache/githubcom_minamorlrex')
writev(1, 0x00007ffe096c1b80, 2)
mkdir(93973124827936, 0x00000000000001ff)
Error tracing process: readBytes(0x00005577d2b94b20, 256) error: [Errno 5] Input/output error.
