      Info: Package cache path /home/runner/.nimble/pkgcache
     Info:  Nimble data file "/home/runner/.nimble/nimbledata2.json" has been loaded.
    Reading official package list
Downloading https://github.com/stscoundrel/riimut-nim using git
    Cloning latest tagged version: v1.2.1
open('/workspace/destdir/ssl/openssl.cnf', 32768, 0x00000000000001b6)
open('/home/runner/.config/nimble/nimble.ini', 557056, 0x00000000000001b6)
open('/home/runner/.config/babel/babel.ini', 557056, 0x00000000000001b6)
writev(1, 0x00007ffd43c72890, 2)
open('/home/runner/.nimble/nimbledata2.json', 557056, 0x00000000000001b6)
writev(1, 0x00007ffd43c72960, 2)
writev(1, 0x00007ffcd39fc970, 2)
writev(1, 0x00007ffcd39fca00, 2)
writev(1, 0x00007ffcd39fca00, 2)
writev(1, 0x00007ffcd39fca00, 2)
writev(1, 0x00007ffd43c71340, 2)
open('/home/runner/.nimble/packages_official.json', 557056, 0x00000000000001b6)
mkdir('/home/', 0x00000000000001ff)
mkdir('/home/runner/', 0x00000000000001ff)
mkdir('/home/runner/.nimble/', 0x00000000000001ff)
mkdir('/home/runner/.nimble/pkgcache/', 0x00000000000001ff)
mkdir('/home/runner/.nimble/pkgcache/githubcom_stscoundrelriimutnim', 0x00000000000001ff)
open('/home/runner/.nimble/pkgcache/githubcom_stscoundrelriimutnim', 622592, 0x0000000000000000)
writev(1, 0x00007ffd43c71420, 2)
open('/home/runner/.nimble/pkgcache/githubcom_stscoundrelriimutnim', 622592, 0x0000000000000000)
rmdir('/home/runner/.nimble/pkgcache/githubcom_stscoundrelriimutnim')
writev(1, 0x00007ffd43c71310, 2)
mkdir(94482175732464, 0x00000000000001ff)
Error tracing process: readBytes(0x000055ee5885aaf0, 256) error: [Errno 5] Input/output error.
