      Info: Package cache path /home/runner/.nimble/pkgcache
     Info:  Nimble data file "/home/runner/.nimble/nimbledata2.json" has been loaded.
    Reading official package list
Downloading https://github.com/technicallyagd/ringDeque using git
   Warning: The package has no tagged releases, downloading HEAD instead.
open('/workspace/destdir/ssl/openssl.cnf', 32768, 0x00000000000001b6)
open('/home/runner/.config/nimble/nimble.ini', 557056, 0x00000000000001b6)
open('/home/runner/.config/babel/babel.ini', 557056, 0x00000000000001b6)
writev(1, 0x00007ffcb5ec5210, 2)
open('/home/runner/.nimble/nimbledata2.json', 557056, 0x00000000000001b6)
writev(1, 0x00007ffcb5ec52e0, 2)
writev(1, 0x00007ffe881be120, 2)
writev(1, 0x00007ffe881be1b0, 2)
writev(1, 0x00007ffe881be1b0, 2)
writev(1, 0x00007ffe881be1b0, 2)
writev(1, 0x00007ffcb5ec3cc0, 2)
open('/home/runner/.nimble/packages_official.json', 557056, 0x00000000000001b6)
mkdir('/home/', 0x00000000000001ff)
mkdir('/home/runner/', 0x00000000000001ff)
mkdir('/home/runner/.nimble/', 0x00000000000001ff)
mkdir('/home/runner/.nimble/pkgcache/', 0x00000000000001ff)
mkdir('/home/runner/.nimble/pkgcache/githubcom_technicallyagdringDeque', 0x00000000000001ff)
open('/home/runner/.nimble/pkgcache/githubcom_technicallyagdringDeque', 622592, 0x0000000000000000)
writev(1, 0x00007ffcb5ec3da0, 2)
open('/home/runner/.nimble/pkgcache/githubcom_technicallyagdringDeque', 622592, 0x0000000000000000)
rmdir('/home/runner/.nimble/pkgcache/githubcom_technicallyagdringDeque')
writev(1, 0x00007ffcb5ec3c90, 2)
mkdir(94602008431264, 0x00000000000001ff)
Error tracing process: readBytes(0x0000560a3f1b8aa0, 256) error: [Errno 5] Input/output error.
