      Info: Package cache path /home/runner/.nimble/pkgcache
     Info:  Nimble data file "/home/runner/.nimble/nimbledata2.json" has been loaded.
    Reading official package list
Downloading https://github.com/achesak/nim-ris using git
download.nim(94)         getTagsListRemote

    Error:  Unable to query remote tags for https://github.com/achesak/nim-ris . Git returned: remote: Repository not found.
        ... fatal: repository 'https://github.com/achesak/nim-ris/' not found
     Info:  Nimble data file "/home/runner/.nimble/nimbledata2.json" has been saved.
open('/workspace/destdir/ssl/openssl.cnf', 32768, 0x00000000000001b6)
open('/home/runner/.config/nimble/nimble.ini', 557056, 0x00000000000001b6)
open('/home/runner/.config/babel/babel.ini', 557056, 0x00000000000001b6)
writev(1, 0x00007ffc2a92ee30, 2)
open('/home/runner/.nimble/nimbledata2.json', 557056, 0x00000000000001b6)
writev(1, 0x00007ffc2a92ef00, 2)
writev(1, 0x00007ffdc6b53040, 2)
writev(1, 0x00007ffdc6b530d0, 2)
writev(1, 0x00007ffdc6b530d0, 2)
writev(1, 0x00007ffdc6b530d0, 2)
writev(1, 0x00007ffc2a92d910, 2)
open('/home/runner/.nimble/packages_official.json', 557056, 0x00000000000001b6)
mkdir('/home/', 0x00000000000001ff)
mkdir('/home/runner/', 0x00000000000001ff)
mkdir('/home/runner/.nimble/', 0x00000000000001ff)
mkdir('/home/runner/.nimble/pkgcache/', 0x00000000000001ff)
mkdir('/home/runner/.nimble/pkgcache/githubcom_achesaknimris', 0x00000000000001ff)
open('/home/runner/.nimble/pkgcache/githubcom_achesaknimris', 622592, 0x0000000000000000)
writev(1, 0x00007ffc2a92d970, 2)
open('/home/runner/.nimble/pkgcache/githubcom_achesaknimris', 622592, 0x0000000000000000)
rmdir('/home/runner/.nimble/pkgcache/githubcom_achesaknimris')
writev(1, 0x00007ffc2a92f020, 2)
writev(1, 0x00007ffc2a92eef0, 2)
writev(1, 0x00007ffc2a92eef0, 2)
open('/tmp/nimble_2559', 622592, 0x0000000000000000)
rmdir('/tmp/nimble_2559')
open('/home/runner/.nimble/nimbledata2.json', 557633, 0x00000000000001b6)
writev(3, 0x00007ffc2a92eef0, 2)
writev(1, 0x00007ffc2a92eee0, 2)
  create directory /home
  create directory /home/runner
  create directory /home/runner/.nimble
  create directory /home/runner/.nimble/pkgcache
  create directory /home/runner/.nimble/pkgcache/githubcom_achesaknimris
  delete /home/runner/.nimble/pkgcache/githubcom_achesaknimris
  delete /tmp/nimble_2559
  truncate file /home/runner/.nimble/nimbledata2.json
