     Info:  Nimble data file "/home/runner/.nimble/nimbledata2.json" has been loaded.
    Reading official package list
Downloading https://github.com/SciNim/rnim using git
    Cloning latest tagged version: v0.1.5
open('/workspace/destdir/ssl/openssl.cnf', 32768, 0x00000000000001b6)
open('/home/runner/.config/nimble/nimble.ini', 557056, 0x00000000000001b6)
open('/home/runner/.config/babel/babel.ini', 557056, 0x00000000000001b6)
open('/home/runner/.nimble/nimbledata2.json', 557056, 0x00000000000001b6)
writev(1, 0x00007ffe04c3e9d0, 2)
writev(1, 0x00007ffe04c3e2b0, 2)
open('/home/runner/.nimble/packages_official.json', 557056, 0x00000000000001b6)
mkdir('/tmp/', 0x00000000000001ff)
mkdir('/tmp/nimble_2883/', 0x00000000000001ff)
mkdir('/tmp/nimble_2883/githubcom_SciNimrnim', 0x00000000000001ff)
writev(1, 0x00007ffe04c3e280, 2)
open('/tmp/nimble_2883/githubcom_SciNimrnim', 622592, 0x0000000000000000)
rmdir('/tmp/nimble_2883/githubcom_SciNimrnim')
writev(1, 0x00007ffe04c3e1f0, 2)
mkdir(93902085412704, 0x00000000000001ff)
Error tracing process: readBytes(0x000055674871d760, 256) error: [Errno 5] Input/output error.
