     Info:  Nimble data file "/home/runner/.nimble/nimbledata2.json" has been loaded.
    Reading official package list
Downloading https://github.com/achesak/nim-robotparser using git
   Warning: The package has no tagged releases, downloading HEAD instead.
open('/workspace/destdir/ssl/openssl.cnf', 32768, 0x00000000000001b6)
open('/home/runner/.config/nimble/nimble.ini', 557056, 0x00000000000001b6)
open('/home/runner/.config/babel/babel.ini', 557056, 0x00000000000001b6)
open('/home/runner/.nimble/nimbledata2.json', 557056, 0x00000000000001b6)
writev(1, 0x00007ffe81e59fe0, 2)
open('/home/runner/work/nim_packages_security_audit/nim_packages_security_audit', 622592, 0x0000000000000000)
writev(1, 0x00007ffe81e596b0, 2)
open('/home/runner/.nimble/packages_official.json', 557056, 0x00000000000001b6)
mkdir('/tmp/', 0x00000000000001ff)
mkdir('/tmp/nimble_2422/', 0x00000000000001ff)
mkdir('/tmp/nimble_2422/githubcom_achesaknimrobotparser', 0x00000000000001ff)
writev(1, 0x00007ffe81e59670, 2)
open('/tmp/nimble_2422/githubcom_achesaknimrobotparser', 622592, 0x0000000000000000)
rmdir('/tmp/nimble_2422/githubcom_achesaknimrobotparser')
writev(1, 0x00007ffe81e595e0, 2)
mkdir(94812137444976, 0x00000000000001ff)
Error tracing process: readBytes(0x0000563b2bc5d670, 256) error: [Errno 5] Input/output error.
