    Reading official package list
Downloading https://github.com/jabbalaci/NimCliHelper using git
    Cloning latest tagged version: v0.1.9
mkdir('/tmp', 0x00000000000001ff)
mkdir('/tmp/nimble_8178', 0x00000000000001ff)
mkdir('/tmp/nimble_8178/githubcom_jabbalaciNimCliHelper', 0x00000000000001ff)
rmdir('/tmp/nimble_8178/githubcom_jabbalaciNimCliHelper')
mkdir('/tmp/nimble_8178/githubcom_jabbalaciNimCliHelper', 0x00000000000001ff)
mkdir('/tmp/nimble_8178/githubcom_jabbalaciNimCliHelper/.git', 0x00000000000001ff)
mkdir('/tmp/nimble_8178/githubcom_jabbalaciNimCliHelper/.git/', 0x00000000000001ff)
mkdir('/tmp/nimble_8178/githubcom_jabbalaciNimCliHelper/.git/info/', 0x00000000000001ff)
mkdir('/tmp/nimble_8178/githubcom_jabbalaciNimCliHelper/.git/branches/', 0x00000000000001ff)
mkdir('/tmp/nimble_8178/githubcom_jabbalaciNimCliHelper/.git/hooks/', 0x00000000000001ff)
mkdir('/tmp/nimble_8178/githubcom_jabbalaciNimCliHelper/.git/refs', 0x00000000000001ff)
mkdir('/tmp/nimble_8178/githubcom_jabbalaciNimCliHelper/.git/refs/heads', 0x00000000000001ff)
mkdir('/tmp/nimble_8178/githubcom_jabbalaciNimCliHelper/.git/refs/tags', 0x00000000000001ff)
rename('/tmp/nimble_8178/githubcom_jabbalaciNimCliHelper/.git/HEAD.lock', '/tmp/nimble_8178/githubcom_jabbalaciNimCliHelper/.git/HEAD')
rename('/tmp/nimble_8178/githubcom_jabbalaciNimCliHelper/.git/config.lock', '/tmp/nimble_8178/githubcom_jabbalaciNimCliHelper/.git/config')
chmod('/tmp/nimble_8178/githubcom_jabbalaciNimCliHelper/.git/config', 0x00000000000081e4)
chmod('/tmp/nimble_8178/githubcom_jabbalaciNimCliHelper/.git/config', 0x00000000000081a4)
chmod('/tmp/nimble_8178/githubcom_jabbalaciNimCliHelper/.git/config.lock', 0x00000000000001a4)
rename('/tmp/nimble_8178/githubcom_jabbalaciNimCliHelper/.git/config.lock', '/tmp/nimble_8178/githubcom_jabbalaciNimCliHelper/.git/config')
chmod('/tmp/nimble_8178/githubcom_jabbalaciNimCliHelper/.git/config.lock', 0x00000000000001a4)
rename('/tmp/nimble_8178/githubcom_jabbalaciNimCliHelper/.git/config.lock', '/tmp/nimble_8178/githubcom_jabbalaciNimCliHelper/.git/config')
chmod('/tmp/nimble_8178/githubcom_jabbalaciNimCliHelper/.git/config.lock', 0x00000000000001a4)
rename('/tmp/nimble_8178/githubcom_jabbalaciNimCliHelper/.git/config.lock', '/tmp/nimble_8178/githubcom_jabbalaciNimCliHelper/.git/config')
unlink('/tmp/nimble_8178/githubcom_jabbalaciNimCliHelper/.git/tIC8HKb')
symlink('testing', '/tmp/nimble_8178/githubcom_jabbalaciNimCliHelper/.git/tIC8HKb')
unlink('/tmp/nimble_8178/githubcom_jabbalaciNimCliHelper/.git/tIC8HKb')
mkdir('/tmp/nimble_8178/githubcom_jabbalaciNimCliHelper/.git/objects', 0x00000000000001ff)
mkdir('/tmp/nimble_8178/githubcom_jabbalaciNimCliHelper/.git/objects/pack', 0x00000000000001ff)
mkdir('/tmp/nimble_8178/githubcom_jabbalaciNimCliHelper/.git/objects/info', 0x00000000000001ff)
chmod('/tmp/nimble_8178/githubcom_jabbalaciNimCliHelper/.git/config.lock', 0x00000000000001a4)
rename('/tmp/nimble_8178/githubcom_jabbalaciNimCliHelper/.git/config.lock', '/tmp/nimble_8178/githubcom_jabbalaciNimCliHelper/.git/config')
chmod('/tmp/nimble_8178/githubcom_jabbalaciNimCliHelper/.git/config.lock', 0x00000000000001a4)
rename('/tmp/nimble_8178/githubcom_jabbalaciNimCliHelper/.git/config.lock', '/tmp/nimble_8178/githubcom_jabbalaciNimCliHelper/.git/config')
chmod('/tmp/nimble_8178/githubcom_jabbalaciNimCliHelper/.git/config.lock', 0x00000000000001a4)
rename('/tmp/nimble_8178/githubcom_jabbalaciNimCliHelper/.git/config.lock', '/tmp/nimble_8178/githubcom_jabbalaciNimCliHelper/.git/config')
mkdir('/tmp/nimble_8178/githubcom_jabbalaciNimCliHelper/.git/objects/e9', 0x00000000000001ff)
link('/tmp/nimble_8178/githubcom_jabbalaciNimCliHelper/.git/objects/e9/tmp_obj_xivcS3', '/tmp/nimble_8178/githubcom_jabbalaciNimCliHelper/.git/objects/e9/d926329794ef0cf04c27e55632c92d8f5b8d98')
unlink('/tmp/nimble_8178/githubcom_jabbalaciNimCliHelper/.git/objects/e9/tmp_obj_xivcS3')
mkdir('/tmp/nimble_8178/githubcom_jabbalaciNimCliHelper/.git/objects/20', 0x00000000000001ff)
link('/tmp/nimble_8178/githubcom_jabbalaciNimCliHelper/.git/objects/20/tmp_obj_9fou68', '/tmp/nimble_8178/githubcom_jabbalaciNimCliHelper/.git/objects/20/cfce174a20b0e16f9a94b189fad7f4f4c4f5ec')
unlink('/tmp/nimble_8178/githubcom_jabbalaciNimCliHelper/.git/objects/20/tmp_obj_9fou68')
mkdir('/tmp/nimble_8178/githubcom_jabbalaciNimCliHelper/.git/objects/fb', 0x00000000000001ff)
link('/tmp/nimble_8178/githubcom_jabbalaciNimCliHelper/.git/objects/fb/tmp_obj_1VlD98', '/tmp/nimble_8178/githubcom_jabbalaciNimCliHelper/.git/objects/fb/226864140c8f9695cb26f14cab6ba7664a01e7')
unlink('/tmp/nimble_8178/githubcom_jabbalaciNimCliHelper/.git/objects/fb/tmp_obj_1VlD98')
mkdir('/tmp/nimble_8178/githubcom_jabbalaciNimCliHelper/.git/objects/e1', 0x00000000000001ff)
link('/tmp/nimble_8178/githubcom_jabbalaciNimCliHelper/.git/objects/e1/tmp_obj_jt4Tfe', '/tmp/nimble_8178/githubcom_jabbalaciNimCliHelper/.git/objects/e1/342a94ebc7f139cb95c389b2f689b5e3a6761e')
unlink('/tmp/nimble_8178/githubcom_jabbalaciNimCliHelper/.git/objects/e1/tmp_obj_jt4Tfe')
mkdir('/tmp/nimble_8178/githubcom_jabbalaciNimCliHelper/.git/objects/43', 0x00000000000001ff)
link('/tmp/nimble_8178/githubcom_jabbalaciNimCliHelper/.git/objects/43/tmp_obj_7egyAk', '/tmp/nimble_8178/githubcom_jabbalaciNimCliHelper/.git/objects/43/c4e69f9a6b7c557fd5f089456954a8e5c00461')
unlink('/tmp/nimble_8178/githubcom_jabbalaciNimCliHelper/.git/objects/43/tmp_obj_7egyAk')
mkdir('/tmp/nimble_8178/githubcom_jabbalaciNimCliHelper/.git/objects/ea', 0x00000000000001ff)
link('/tmp/nimble_8178/githubcom_jabbalaciNimCliHelper/.git/objects/ea/tmp_obj_KIcQje', '/tmp/nimble_8178/githubcom_jabbalaciNimCliHelper/.git/objects/ea/d1c4e8a838abc10e1ebe0eeda4644ecb578e74')
unlink('/tmp/nimble_8178/githubcom_jabbalaciNimCliHelper/.git/objects/ea/tmp_obj_KIcQje')
mkdir('/tmp/nimble_8178/githubcom_jabbalaciNimCliHelper/.git/objects/5f', 0x00000000000001ff)
link('/tmp/nimble_8178/githubcom_jabbalaciNimCliHelper/.git/objects/5f/tmp_obj_aOgQ7i', '/tmp/nimble_8178/githubcom_jabbalaciNimCliHelper/.git/objects/5f/05f7f04f1174479a27f0c775c3ac491edf64eb')
unlink('/tmp/nimble_8178/githubcom_jabbalaciNimCliHelper/.git/objects/5f/tmp_obj_aOgQ7i')
mkdir('/tmp/nimble_8178/githubcom_jabbalaciNimCliHelper/.git/objects/68', 0x00000000000001ff)
link('/tmp/nimble_8178/githubcom_jabbalaciNimCliHelper/.git/objects/68/tmp_obj_YZJomk', '/tmp/nimble_8178/githubcom_jabbalaciNimCliHelper/.git/objects/68/52020d2855416ec73040fdbfcd70e66c48df3e')
unlink('/tmp/nimble_8178/githubcom_jabbalaciNimCliHelper/.git/objects/68/tmp_obj_YZJomk')
mkdir('/tmp/nimble_8178/githubcom_jabbalaciNimCliHelper/.git/objects/23', 0x00000000000001ff)
link('/tmp/nimble_8178/githubcom_jabbalaciNimCliHelper/.git/objects/23/tmp_obj_cjCpCo', '/tmp/nimble_8178/githubcom_jabbalaciNimCliHelper/.git/objects/23/985350a2d8ace2ab7b9e17b129cdf0d09831bd')
unlink('/tmp/nimble_8178/githubcom_jabbalaciNimCliHelper/.git/objects/23/tmp_obj_cjCpCo')
mkdir('/tmp/nimble_8178/githubcom_jabbalaciNimCliHelper/.git/objects/b7', 0x00000000000001ff)
link('/tmp/nimble_8178/githubcom_jabbalaciNimCliHelper/.git/objects/b7/tmp_obj_SO704u', '/tmp/nimble_8178/githubcom_jabbalaciNimCliHelper/.git/objects/b7/b306750535cd048052ee43ff79b00c32b849e1')
unlink('/tmp/nimble_8178/githubcom_jabbalaciNimCliHelper/.git/objects/b7/tmp_obj_SO704u')
mkdir('/tmp/nimble_8178/githubcom_jabbalaciNimCliHelper/.git/objects/03', 0x00000000000001ff)
link('/tmp/nimble_8178/githubcom_jabbalaciNimCliHelper/.git/objects/03/tmp_obj_e4FN1y', '/tmp/nimble_8178/githubcom_jabbalaciNimCliHelper/.git/objects/03/cac99de3d4a86b2eabc9e378670ffb4133feb8')
unlink('/tmp/nimble_8178/githubcom_jabbalaciNimCliHelper/.git/objects/03/tmp_obj_e4FN1y')
link('/tmp/nimble_8178/githubcom_jabbalaciNimCliHelper/.git/objects/23/tmp_obj_e0LxFA', '/tmp/nimble_8178/githubcom_jabbalaciNimCliHelper/.git/objects/23/33483000b21ee89643dd35a0d734222121c3df')
unlink('/tmp/nimble_8178/githubcom_jabbalaciNimCliHelper/.git/objects/23/tmp_obj_e0LxFA')
rename('/tmp/nimble_8178/githubcom_jabbalaciNimCliHelper/.git/shallow.lock', '/tmp/nimble_8178/githubcom_jabbalaciNimCliHelper/.git/shallow')
rename('/tmp/nimble_8178/githubcom_jabbalaciNimCliHelper/.git/packed-refs.new', '/tmp/nimble_8178/githubcom_jabbalaciNimCliHelper/.git/packed-refs')
unlink('/tmp/nimble_8178/githubcom_jabbalaciNimCliHelper/.git/packed-refs.lock')       Info /tmp/nimble_8178/githubcom_jabbalaciNimCliHelper/rodcli_8178.nims(5, 22) Warning: imported and not used: 'strutils' [UnusedImport]
  Verifying dependencies for rodcli@0.1.9
 Installing rodcli@0.1.9
   Building rodcli/rodcli using c backend
  Executing "/home/runner/.nimble/bin/nim" c --noNimblePath -d:NimblePkgVersion=0.1.9 -d:release -o:"/tmp/nimble_8178/githubcom_jabbalaciNimCliHelper/rodcli" "/tmp/nimble_8178/githubcom_jabbalaciNimCliHelper/rodcli.nim"

unlink('/tmp/nimble_8178/githubcom_jabbalaciNimCliHelper/.git/refs/tags/v0.1.9.lock')
mkdir('/tmp/nimble_8178/githubcom_jabbalaciNimCliHelper/.git/logs', 0x00000000000001ff)
rename('/tmp/nimble_8178/githubcom_jabbalaciNimCliHelper/.git/HEAD.lock', '/tmp/nimble_8178/githubcom_jabbalaciNimCliHelper/.git/HEAD')
mkdir('python.old', 0x00000000000001ff)
rename('/tmp/nimble_8178/githubcom_jabbalaciNimCliHelper/.git/index.lock', '/tmp/nimble_8178/githubcom_jabbalaciNimCliHelper/.git/index')
mkdir('/tmp', 0x00000000000001ff)
mkdir('/tmp/nimblecache', 0x00000000000001ff)
mkdir('/tmp/nimblecache/rodcli_310372475', 0x00000000000001ff)
unlink('/tmp/nimblecache/rodcli_310372475/rodcli.ini')
unlink('/tmp/nimble_8178.out')
unlink('/tmp/nimble_8178/githubcom_jabbalaciNimCliHelper/rodcli_8178.nims')
unlink('/home/runner/.cache/nim/rodcli_r/linenoise.c.o')
mkdir('/home', 0x00000000000001ff)
mkdir('/home/runner', 0x00000000000001ff)
mkdir('/home/runner/.cache', 0x00000000000001ff)
mkdir('/home/runner/.cache/nim', 0x00000000000001ff)
mkdir('/home/runner/.cache/nim/rodcli_r', 0x00000000000001ff)
mkdir('/home', 0x00000000000001ff)
mkdir('/home/runner', 0x00000000000001ff)
mkdir('/home/runner/.cache', 0x00000000000001ff)
mkdir('/home/runner/.cache/nim', 0x00000000000001ff)
mkdir('/home/runner/.cache/nim/rodcli_r', 0x00000000000001ff)
mkdir('/home', 0x00000000000001ff)
mkdir('/home/runner', 0x00000000000001ff)
mkdir('/home/runner/.cache', 0x00000000000001ff)
mkdir('/home/runner/.cache/nim', 0x00000000000001ff)
mkdir('/home/runner/.cache/nim/rodcli_r', 0x00000000000001ff)
mkdir('/home', 0x00000000000001ff)
mkdir('/home/runner', 0x00000000000001ff)
mkdir('/home/runner/.cache', 0x00000000000001ff)
mkdir('/home/runner/.cache/nim', 0x00000000000001ff)
mkdir('/home/runner/.cache/nim/rodcli_r', 0x00000000000001ff)
mkdir('/home', 0x00000000000001ff)
mkdir('/home/runner', 0x00000000000001ff)
mkdir('/home/runner/.cache', 0x00000000000001ff)
mkdir('/home/runner/.cache/nim', 0x00000000000001ff)
mkdir('/home/runner/.cache/nim/rodcli_r', 0x00000000000001ff)
mkdir('/home', 0x00000000000001ff)
mkdir('/home/runner', 0x00000000000001ff)
mkdir('/home/runner/.cache', 0x00000000000001ff)
mkdir('/home/runner/.cache/nim', 0x00000000000001ff)
mkdir('/home/runner/.cache/nim/rodcli_r', 0x00000000000001ff)
mkdir('/home', 0x00000000000001ff)
mkdir('/home/runner', 0x00000000000001ff)
mkdir('/home/runner/.cache', 0x00000000000001ff)
mkdir('/home/runner/.cache/nim', 0x00000000000001ff)
mkdir('/home/runner/.cache/nim/rodcli_r', 0x00000000000001ff)
mkdir('/home', 0x00000000000001ff)
mkdir('/home/runner', 0x00000000000001ff)
mkdir('/home/runner/.cache', 0x00000000000001ff)
mkdir('/home/runner/.cache/nim', 0x00000000000001ff)
mkdir('/home/runner/.cache/nim/rodcli_r', 0x00000000000001ff)
mkdir('/home', 0x00000000000001ff)
mkdir('/home/runner', 0x00000000000001ff)
mkdir('/home/runner/.cache', 0x00000000000001ff)
mkdir('/home/runner/.cache/nim', 0x00000000000001ff)
mkdir('/home/runner/.cache/nim/rodcli_r', 0x00000000000001ff)
mkdir('/home', 0x00000000000001ff)
mkdir('/home/runner', 0x00000000000001ff)
mkdir('/home/runner/.cache', 0x00000000000001ff)
mkdir('/home/runner/.cache/nim', 0x00000000000001ff)
mkdir('/home/runner/.cache/nim/rodcli_r', 0x00000000000001ff)
mkdir('/home', 0x00000000000001ff)
mkdir('/home/runner', 0x00000000000001ff)
mkdir('/home/runner/.cache', 0x00000000000001ff)
mkdir('/home/runner/.cache/nim', 0x00000000000001ff)
mkdir('/home/runner/.cache/nim/rodcli_r', 0x00000000000001ff)
mkdir('/home', 0x00000000000001ff)
mkdir('/home/runner', 0x00000000000001ff)
mkdir('/home/runner/.cache', 0x00000000000001ff)
mkdir('/home/runner/.cache/nim', 0x00000000000001ff)
mkdir('/home/runner/.cache/nim/rodcli_r', 0x00000000000001ff)
mkdir('/home', 0x00000000000001ff)
mkdir('/home/runner', 0x00000000000001ff)
mkdir('/home/runner/.cache', 0x00000000000001ff)
mkdir('/home/runner/.cache/nim', 0x00000000000001ff)
mkdir('/home/runner/.cache/nim/rodcli_r', 0x00000000000001ff)
mkdir('/home', 0x00000000000001ff)
mkdir('/home/runner', 0x00000000000001ff)
mkdir('/home/runner/.cache', 0x00000000000001ff)
mkdir('/home/runner/.cache/nim', 0x00000000000001ff)
mkdir('/home/runner/.cache/nim/rodcli_r', 0x00000000000001ff)
mkdir('/home', 0x00000000000001ff)
mkdir('/home/runner', 0x00000000000001ff)
mkdir('/home/runner/.cache', 0x00000000000001ff)
mkdir('/home/runner/.cache/nim', 0x00000000000001ff)
mkdir('/home/runner/.cache/nim/rodcli_r', 0x00000000000001ff)
mkdir('/home', 0x00000000000001ff)
mkdir('/home/runner', 0x00000000000001ff)
mkdir('/home/runner/.cache', 0x00000000000001ff)
mkdir('/home/runner/.cache/nim', 0x00000000000001ff)
mkdir('/home/runner/.cache/nim/rodcli_r', 0x00000000000001ff)
mkdir('/home', 0x00000000000001ff)
mkdir('/home/runner', 0x00000000000001ff)
mkdir('/home/runner/.cache', 0x00000000000001ff)
mkdir('/home/runner/.cache/nim', 0x00000000000001ff)
mkdir('/home/runner/.cache/nim/rodcli_r', 0x00000000000001ff)
mkdir('/home', 0x00000000000001ff)
mkdir('/home/runner', 0x00000000000001ff)
mkdir('/home/runner/.cache', 0x00000000000001ff)
mkdir('/home/runner/.cache/nim', 0x00000000000001ff)
mkdir('/home/runner/.cache/nim/rodcli_r', 0x00000000000001ff)
mkdir('/home', 0x00000000000001ff)
mkdir('/home/runner', 0x00000000000001ff)
mkdir('/home/runner/.cache', 0x00000000000001ff)
mkdir('/home/runner/.cache/nim', 0x00000000000001ff)
mkdir('/home/runner/.cache/nim/rodcli_r', 0x00000000000001ff)
mkdir('/home', 0x00000000000001ff)
mkdir('/home/runner', 0x00000000000001ff)
mkdir('/home/runner/.cache', 0x00000000000001ff)
mkdir('/home/runner/.cache/nim', 0x00000000000001ff)
mkdir('/home/runner/.cache/nim/rodcli_r', 0x00000000000001ff)
mkdir('/home', 0x00000000000001ff)
mkdir('/home/runner', 0x00000000000001ff)
mkdir('/home/runner/.cache', 0x00000000000001ff)
mkdir('/home/runner/.cache/nim', 0x00000000000001ff)
mkdir('/home/runner/.cache/nim/rodcli_r', 0x00000000000001ff)
mkdir('/home', 0x00000000000001ff)
mkdir('/home/runner', 0x00000000000001ff)
mkdir('/home/runner/.cache', 0x00000000000001ff)
mkdir('/home/runner/.cache/nim', 0x00000000000001ff)
mkdir('/home/runner/.cache/nim/rodcli_r', 0x00000000000001ff)
mkdir('/home', 0x00000000000001ff)
mkdir('/home/runner', 0x00000000000001ff)
mkdir('/home/runner/.cache', 0x00000000000001ff)
mkdir('/home/runner/.cache/nim', 0x00000000000001ff)
mkdir('/home/runner/.cache/nim/rodcli_r', 0x00000000000001ff)
mkdir('/home', 0x00000000000001ff)
mkdir('/home/runner', 0x00000000000001ff)
mkdir('/home/runner/.cache', 0x00000000000001ff)
mkdir('/home/runner/.cache/nim', 0x00000000000001ff)
mkdir('/home/runner/.cache/nim/rodcli_r', 0x00000000000001ff)
mkdir('/home', 0x00000000000001ff)
mkdir('/home/runner', 0x00000000000001ff)
mkdir('/home/runner/.cache', 0x00000000000001ff)
mkdir('/home/runner/.cache/nim', 0x00000000000001ff)
mkdir('/home/runner/.cache/nim/rodcli_r', 0x00000000000001ff)
mkdir('/home', 0x00000000000001ff)
mkdir('/home/runner', 0x00000000000001ff)
mkdir('/home/runner/.cache', 0x00000000000001ff)
mkdir('/home/runner/.cache/nim', 0x00000000000001ff)
mkdir('/home/runner/.cache/nim/rodcli_r', 0x00000000000001ff)
mkdir('/home', 0x00000000000001ff)
mkdir('/home/runner', 0x00000000000001ff)
mkdir('/home/runner/.cache', 0x00000000000001ff)
mkdir('/home/runner/.cache/nim', 0x00000000000001ff)
mkdir('/home/runner/.cache/nim/rodcli_r', 0x00000000000001ff)
mkdir('/home', 0x00000000000001ff)
mkdir('/home/runner', 0x00000000000001ff)
mkdir('/home/runner/.cache', 0x00000000000001ff)
mkdir('/home/runner/.cache/nim', 0x00000000000001ff)
mkdir('/home/runner/.cache/nim/rodcli_r', 0x00000000000001ff)
mkdir('/home', 0x00000000000001ff)
mkdir('/home/runner', 0x00000000000001ff)
mkdir('/home/runner/.cache', 0x00000000000001ff)
mkdir('/home/runner/.cache/nim', 0x00000000000001ff)
mkdir('/home/runner/.cache/nim/rodcli_r', 0x00000000000001ff)
mkdir('/home', 0x00000000000001ff)
mkdir('/home/runner', 0x00000000000001ff)
mkdir('/home/runner/.cache', 0x00000000000001ff)
mkdir('/home/runner/.cache/nim', 0x00000000000001ff)
mkdir('/home/runner/.cache/nim/rodcli_r', 0x00000000000001ff)
mkdir('/home', 0x00000000000001ff)
mkdir('/home/runner', 0x00000000000001ff)
mkdir('/home/runner/.cache', 0x00000000000001ff)
mkdir('/home/runner/.cache/nim', 0x00000000000001ff)
mkdir('/home/runner/.cache/nim/rodcli_r', 0x00000000000001ff)
mkdir('/home', 0x00000000000001ff)
mkdir('/home/runner', 0x00000000000001ff)
mkdir('/home/runner/.cache', 0x00000000000001ff)
mkdir('/home/runner/.cache/nim', 0x00000000000001ff)
mkdir('/home/runner/.cache/nim/rodcli_r', 0x00000000000001ff)
mkdir('/home', 0x00000000000001ff)
mkdir('/home/runner', 0x00000000000001ff)
mkdir('/home/runner/.cache', 0x00000000000001ff)
mkdir('/home/runner/.cache/nim', 0x00000000000001ff)
mkdir('/home/runner/.cache/nim/rodcli_r', 0x00000000000001ff)
mkdir('/home', 0x00000000000001ff)
mkdir('/home/runner', 0x00000000000001ff)
mkdir('/home/runner/.cache', 0x00000000000001ff)
mkdir('/home/runner/.cache/nim', 0x00000000000001ff)
mkdir('/home/runner/.cache/nim/rodcli_r', 0x00000000000001ff)
mkdir('/home', 0x00000000000001ff)
mkdir('/home/runner', 0x00000000000001ff)
mkdir('/home/runner/.cache', 0x00000000000001ff)
mkdir('/home/runner/.cache/nim', 0x00000000000001ff)
mkdir('/home/runner/.cache/nim/rodcli_r', 0x00000000000001ff)
mkdir('/home', 0x00000000000001ff)
mkdir('/home/runner', 0x00000000000001ff)
mkdir('/home/runner/.cache', 0x00000000000001ff)
mkdir('/home/runner/.cache/nim', 0x00000000000001ff)
mkdir('/home/runner/.cache/nim/rodcli_r', 0x00000000000001ff)
mkdir('/home', 0x00000000000001ff)
mkdir('/home/runner', 0x00000000000001ff)
mkdir('/home/runner/.cache', 0x00000000000001ff)
mkdir('/home/runner/.cache/nim', 0x00000000000001ff)
mkdir('/home/runner/.cache/nim/rodcli_r', 0x00000000000001ff)
mkdir('/home', 0x00000000000001ff)
mkdir('/home/runner', 0x00000000000001ff)
mkdir('/home/runner/.cache', 0x00000000000001ff)
mkdir('/home/runner/.cache/nim', 0x00000000000001ff)
mkdir('/home/runner/.cache/nim/rodcli_r', 0x00000000000001ff)
mkdir('/home', 0x00000000000001ff)
mkdir('/home/runner', 0x00000000000001ff)
mkdir('/home/runner/.cache', 0x00000000000001ff)
mkdir('/home/runner/.cache/nim', 0x00000000000001ff)
mkdir('/home/runner/.cache/nim/rodcli_r', 0x00000000000001ff)
mkdir('/home', 0x00000000000001ff)
mkdir('/home/runner', 0x00000000000001ff)
mkdir('/home/runner/.cache', 0x00000000000001ff)
mkdir('/home/runner/.cache/nim', 0x00000000000001ff)
mkdir('/home/runner/.cache/nim/rodcli_r', 0x00000000000001ff)
mkdir('/home', 0x00000000000001ff)
mkdir('/home/runner', 0x00000000000001ff)
mkdir('/home/runner/.cache', 0x00000000000001ff)
mkdir('/home/runner/.cache/nim', 0x00000000000001ff)
mkdir('/home/runner/.cache/nim/rodcli_r', 0x00000000000001ff)
mkdir('/home', 0x00000000000001ff)
mkdir('/home/runner', 0x00000000000001ff)
mkdir('/home/runner/.cache', 0x00000000000001ff)
mkdir('/home/runner/.cache/nim', 0x00000000000001ff)
mkdir('/home/runner/.cache/nim/rodcli_r', 0x00000000000001ff)
mkdir('/home', 0x00000000000001ff)
mkdir('/home/runner', 0x00000000000001ff)
mkdir('/home/runner/.cache', 0x00000000000001ff)
mkdir('/home/runner/.cache/nim', 0x00000000000001ff)
mkdir('/home/runner/.cache/nim/rodcli_r', 0x00000000000001ff)
mkdir('/home', 0x00000000000001ff)
mkdir('/home/runner', 0x00000000000001ff)
mkdir('/home/runner/.cache', 0x00000000000001ff)
mkdir('/home/runner/.cache/nim', 0x00000000000001ff)
mkdir('/home/runner/.cache/nim/rodcli_r', 0x00000000000001ff)
mkdir('/home', 0x00000000000001ff)
mkdir('/home/runner', 0x00000000000001ff)
mkdir('/home/runner/.cache', 0x00000000000001ff)
mkdir('/home/runner/.cache/nim', 0x00000000000001ff)
mkdir('/home/runner/.cache/nim/rodcli_r', 0x00000000000001ff)
mkdir('/home', 0x00000000000001ff)
mkdir('/home/runner', 0x00000000000001ff)
mkdir('/home/runner/.cache', 0x00000000000001ff)
mkdir('/home/runner/.cache/nim', 0x00000000000001ff)
mkdir('/home/runner/.cache/nim/rodcli_r', 0x00000000000001ff)
mkdir('/home', 0x00000000000001ff)
mkdir('/home/runner', 0x00000000000001ff)
mkdir('/home/runner/.cache', 0x00000000000001ff)
mkdir('/home/runner/.cache/nim', 0x00000000000001ff)
mkdir('/home/runner/.cache/nim/rodcli_r', 0x00000000000001ff)
mkdir('/home', 0x00000000000001ff)
mkdir('/home/runner', 0x00000000000001ff)
mkdir('/home/runner/.cache', 0x00000000000001ff)
mkdir('/home/runner/.cache/nim', 0x00000000000001ff)
mkdir('/home/runner/.cache/nim/rodcli_r', 0x00000000000001ff)
mkdir('/home', 0x00000000000001ff)
mkdir('/home/runner', 0x00000000000001ff)
mkdir('/home/runner/.cache', 0x00000000000001ff)
mkdir('/home/runner/.cache/nim', 0x00000000000001ff)
mkdir('/home/runner/.cache/nim/rodcli_r', 0x00000000000001ff)
mkdir('/home', 0x00000000000001ff)
mkdir('/home/runner', 0x00000000000001ff)
mkdir('/home/runner/.cache', 0x00000000000001ff)
mkdir('/home/runner/.cache/nim', 0x00000000000001ff)
mkdir('/home/runner/.cache/nim/rodcli_r', 0x00000000000001ff)
mkdir('/home', 0x00000000000001ff)
mkdir('/home/runner', 0x00000000000001ff)
mkdir('/home/runner/.cache', 0x00000000000001ff)
mkdir('/home/runner/.cache/nim', 0x00000000000001ff)
mkdir('/home/runner/.cache/nim/rodcli_r', 0x00000000000001ff)
mkdir('/home', 0x00000000000001ff)
mkdir('/home/runner', 0x00000000000001ff)
mkdir('/home/runner/.cache', 0x00000000000001ff)
mkdir('/home/runner/.cache/nim', 0x00000000000001ff)
mkdir('/home/runner/.cache/nim/rodcli_r', 0x00000000000001ff)
mkdir('/home', 0x00000000000001ff)
mkdir('/home/runner', 0x00000000000001ff)
mkdir('/home/runner/.cache', 0x00000000000001ff)
mkdir('/home/runner/.cache/nim', 0x00000000000001ff)
mkdir('/home/runner/.cache/nim/rodcli_r', 0x00000000000001ff)
mkdir('/home', 0x00000000000001ff)
mkdir('/home/runner', 0x00000000000001ff)
mkdir('/home/runner/.cache', 0x00000000000001ff)
mkdir('/home/runner/.cache/nim', 0x00000000000001ff)
mkdir('/home/runner/.cache/nim/rodcli_r', 0x00000000000001ff)
mkdir('/home', 0x00000000000001ff)
mkdir('/home/runner', 0x00000000000001ff)
mkdir('/home/runner/.cache', 0x00000000000001ff)
mkdir('/home/runner/.cache/nim', 0x00000000000001ff)
mkdir('/home/runner/.cache/nim/rodcli_r', 0x00000000000001ff)
mkdir('/home', 0x00000000000001ff)
mkdir('/home/runner', 0x00000000000001ff)
mkdir('/home/runner/.cache', 0x00000000000001ff)
mkdir('/home/runner/.cache/nim', 0x00000000000001ff)
mkdir('/home/runner/.cache/nim/rodcli_r', 0x00000000000001ff)
mkdir('/home', 0x00000000000001ff)
mkdir('/home/runner', 0x00000000000001ff)
mkdir('/home/runner/.cache', 0x00000000000001ff)
mkdir('/home/runner/.cache/nim', 0x00000000000001ff)
mkdir('/home/runner/.cache/nim/rodcli_r', 0x00000000000001ff)
mkdir('/home', 0x00000000000001ff)
mkdir('/home/runner', 0x00000000000001ff)
mkdir('/home/runner/.cache', 0x00000000000001ff)
mkdir('/home/runner/.cache/nim', 0x00000000000001ff)
mkdir('/home/runner/.cache/nim/rodcli_r', 0x00000000000001ff)
mkdir('/home', 0x00000000000001ff)
mkdir('/home/runner', 0x00000000000001ff)
mkdir('/home/runner/.cache', 0x00000000000001ff)
mkdir('/home/runner/.cache/nim', 0x00000000000001ff)
mkdir('/home/runner/.cache/nim/rodcli_r', 0x00000000000001ff)
mkdir('/home', 0x00000000000001ff)
mkdir('/home/runner', 0x00000000000001ff)
mkdir('/home/runner/.cache', 0x00000000000001ff)
mkdir('/home/runner/.cache/nim', 0x00000000000001ff)
mkdir('/home/runner/.cache/nim/rodcli_r', 0x00000000000001ff)
mkdir('/home', 0x00000000000001ff)
mkdir('/home/runner', 0x00000000000001ff)
mkdir('/home/runner/.cache', 0x00000000000001ff)
mkdir('/home/runner/.cache/nim', 0x00000000000001ff)
mkdir('/home/runner/.cache/nim/rodcli_r', 0x00000000000001ff)
mkdir('/home', 0x00000000000001ff)
mkdir('/home/runner', 0x00000000000001ff)
mkdir('/home/runner/.cache', 0x00000000000001ff)
mkdir('/home/runner/.cache/nim', 0x00000000000001ff)
mkdir('/home/runner/.cache/nim/rodcli_r', 0x00000000000001ff)
mkdir('/home', 0x00000000000001ff)
mkdir('/home/runner', 0x00000000000001ff)
mkdir('/home/runner/.cache', 0x00000000000001ff)
mkdir('/home/runner/.cache/nim', 0x00000000000001ff)
mkdir('/home/runner/.cache/nim/rodcli_r', 0x00000000000001ff)
mkdir('/home', 0x00000000000001ff)
mkdir('/home/runner', 0x00000000000001ff)
mkdir('/home/runner/.cache', 0x00000000000001ff)
mkdir('/home/runner/.cache/nim', 0x00000000000001ff)
mkdir('/home/runner/.cache/nim/rodcli_r', 0x00000000000001ff)
mkdir('/home', 0x00000000000001ff)
mkdir('/home/runner', 0x00000000000001ff)
mkdir('/home/runner/.cache', 0x00000000000001ff)
mkdir('/home/runner/.cache/nim', 0x00000000000001ff)
mkdir('/home/runner/.cache/nim/rodcli_r', 0x00000000000001ff)
mkdir('/home', 0x00000000000001ff)
mkdir('/home/runner', 0x00000000000001ff)
mkdir('/home/runner/.cache', 0x00000000000001ff)
mkdir('/home/runner/.cache/nim', 0x00000000000001ff)
mkdir('/home/runner/.cache/nim/rodcli_r', 0x00000000000001ff)
mkdir('/home', 0x00000000000001ff)
mkdir('/home/runner', 0x00000000000001ff)
mkdir('/home/runner/.cache', 0x00000000000001ff)
mkdir('/home/runner/.cache/nim', 0x00000000000001ff)
mkdir('/home/runner/.cache/nim/rodcli_r', 0x00000000000001ff)
mkdir('/home', 0x00000000000001ff)
mkdir('/home/runner', 0x00000000000001ff)
mkdir('/home/runner/.cache', 0x00000000000001ff)
mkdir('/home/runner/.cache/nim', 0x00000000000001ff)
mkdir('/home/runner/.cache/nim/rodcli_r', 0x00000000000001ff)
mkdir('/home', 0x00000000000001ff)
mkdir('/home/runner', 0x00000000000001ff)
mkdir('/home/runner/.cache', 0x00000000000001ff)
mkdir('/home/runner/.cache/nim', 0x00000000000001ff)
mkdir('/home/runner/.cache/nim/rodcli_r', 0x00000000000001ff)
mkdir('/home', 0x00000000000001ff)
mkdir('/home/runner', 0x00000000000001ff)
mkdir('/home/runner/.cache', 0x00000000000001ff)
mkdir('/home/runner/.cache/nim', 0x00000000000001ff)
mkdir('/home/runner/.cache/nim/rodcli_r', 0x00000000000001ff)
mkdir('/home', 0x00000000000001ff)
mkdir('/home/runner', 0x00000000000001ff)
mkdir('/home/runner/.cache', 0x00000000000001ff)
mkdir('/home/runner/.cache/nim', 0x00000000000001ff)
mkdir('/home/runner/.cache/nim/rodcli_r', 0x00000000000001ff)
mkdir('/home', 0x00000000000001ff)
mkdir('/home/runner', 0x00000000000001ff)
mkdir('/home/runner/.cache', 0x00000000000001ff)
mkdir('/home/runner/.cache/nim', 0x00000000000001ff)
mkdir('/home/runner/.cache/nim/rodcli_r', 0x00000000000001ff)
mkdir('/home', 0x00000000000001ff)
mkdir('/home/runner', 0x00000000000001ff)
mkdir('/home/runner/.cache', 0x00000000000001ff)
mkdir('/home/runner/.cache/nim', 0x00000000000001ff)
mkdir('/home/runner/.cache/nim/rodcli_r', 0x00000000000001ff)
mkdir('/home', 0x00000000000001ff)
mkdir('/home/runner', 0x00000000000001ff)
mkdir('/home/runner/.cache', 0x00000000000001ff)
mkdir('/home/runner/.cache/nim', 0x00000000000001ff)
mkdir('/home/runner/.cache/nim/rodcli_r', 0x00000000000001ff)
mkdir('/home', 0x00000000000001ff)
mkdir('/home/runner', 0x00000000000001ff)
mkdir('/home/runner/.cache', 0x00000000000001ff)
mkdir('/home/runner/.cache/nim', 0x00000000000001ff)
mkdir('/home/runner/.cache/nim/rodcli_r', 0x00000000000001ff)
mkdir('/home', 0x00000000000001ff)
mkdir('/home/runner', 0x00000000000001ff)
mkdir('/home/runner/.cache', 0x00000000000001ff)
mkdir('/home/runner/.cache/nim', 0x00000000000001ff)
mkdir('/home/runner/.cache/nim/rodcli_r', 0x00000000000001ff)
mkdir('/home', 0x00000000000001ff)
mkdir('/home/runner', 0x00000000000001ff)
mkdir('/home/runner/.cache', 0x00000000000001ff)
mkdir('/home/runner/.cache/nim', 0x00000000000001ff)
mkdir('/home/runner/.cache/nim/rodcli_r', 0x00000000000001ff)
mkdir('/home', 0x00000000000001ff)
mkdir('/home/runner', 0x00000000000001ff)
mkdir('/home/runner/.cache', 0x00000000000001ff)
mkdir('/home/runner/.cache/nim', 0x00000000000001ff)
mkdir('/home/runner/.cache/nim/rodcli_r', 0x00000000000001ff)
mkdir('/home', 0x00000000000001ff)
mkdir('/home/runner', 0x00000000000001ff)
mkdir('/home/runner/.cache', 0x00000000000001ff)
mkdir('/home/runner/.cache/nim', 0x00000000000001ff)
mkdir('/home/runner/.cache/nim/rodcli_r', 0x00000000000001ff)
mkdir('/home', 0x00000000000001ff)
mkdir('/home/runner', 0x00000000000001ff)
mkdir('/home/runner/.cache', 0x00000000000001ff)
mkdir('/home/runner/.cache/nim', 0x00000000000001ff)
mkdir('/home/runner/.cache/nim/rodcli_r', 0x00000000000001ff)
mkdir('/home', 0x00000000000001ff)
mkdir('/home/runner', 0x00000000000001ff)
mkdir('/home/runner/.cache', 0x00000000000001ff)
mkdir('/home/runner/.cache/nim', 0x00000000000001ff)
mkdir('/home/runner/.cache/nim/rodcli_r', 0x00000000000001ff)
mkdir('/home', 0x00000000000001ff)
mkdir('/home/runner', 0x00000000000001ff)
mkdir('/home/runner/.cache', 0x00000000000001ff)
mkdir('/home/runner/.cache/nim', 0x00000000000001ff)
mkdir('/home/runner/.cache/nim/rodcli_r', 0x00000000000001ff)
mkdir('/home', 0x00000000000001ff)
mkdir('/home/runner', 0x00000000000001ff)
mkdir('/home/runner/.cache', 0x00000000000001ff)
mkdir('/home/runner/.cache/nim', 0x00000000000001ff)
mkdir('/home/runner/.cache/nim/rodcli_r', 0x00000000000001ff)
mkdir('/home', 0x00000000000001ff)
mkdir('/home/runner', 0x00000000000001ff)
mkdir('/home/runner/.cache', 0x00000000000001ff)
mkdir('/home/runner/.cache/nim', 0x00000000000001ff)
mkdir('/home/runner/.cache/nim/rodcli_r', 0x00000000000001ff)
mkdir('/home', 0x00000000000001ff)
mkdir('/home/runner', 0x00000000000001ff)
mkdir('/home/runner/.cache', 0x00000000000001ff)
mkdir('/home/runner/.cache/nim', 0x00000000000001ff)
mkdir('/home/runner/.cache/nim/rodcli_r', 0x00000000000001ff)
mkdir('/home', 0x00000000000001ff)
mkdir('/home/runner', 0x00000000000001ff)
mkdir('/home/runner/.cache', 0x00000000000001ff)
mkdir('/home/runner/.cache/nim', 0x00000000000001ff)
mkdir('/home/runner/.cache/nim/rodcli_r', 0x00000000000001ff)
mkdir('/home', 0x00000000000001ff)
mkdir('/home/runner', 0x00000000000001ff)
mkdir('/home/runner/.cache', 0x00000000000001ff)
mkdir('/home/runner/.cache/nim', 0x00000000000001ff)
mkdir('/home/runner/.cache/nim/rodcli_r', 0x00000000000001ff)
mkdir('/home', 0x00000000000001ff)
mkdir('/home/runner', 0x00000000000001ff)
mkdir('/home/runner/.cache', 0x00000000000001ff)
mkdir('/home/runner/.cache/nim', 0x00000000000001ff)
mkdir('/home/runner/.cache/nim/rodcli_r', 0x00000000000001ff)
mkdir('/home', 0x00000000000001ff)
mkdir('/home/runner', 0x00000000000001ff)
mkdir('/home/runner/.cache', 0x00000000000001ff)
mkdir('/home/runner/.cache/nim', 0x00000000000001ff)
mkdir('/home/runner/.cache/nim/rodcli_r', 0x00000000000001ff)
mkdir('/home', 0x00000000000001ff)
mkdir('/home/runner', 0x00000000000001ff)
mkdir('/home/runner/.cache', 0x00000000000001ff)
mkdir('/home/runner/.cache/nim', 0x00000000000001ff)
mkdir('/home/runner/.cache/nim/rodcli_r', 0x00000000000001ff)
mkdir('/home', 0x00000000000001ff)
mkdir('/home/runner', 0x00000000000001ff)
mkdir('/home/runner/.cache', 0x00000000000001ff)
mkdir('/home/runner/.cache/nim', 0x00000000000001ff)
mkdir('/home/runner/.cache/nim/rodcli_r', 0x00000000000001ff)
mkdir('/home', 0x00000000000001ff)
mkdir('/home/runner', 0x00000000000001ff)
mkdir('/home/runner/.cache', 0x00000000000001ff)
mkdir('/home/runner/.cache/nim', 0x00000000000001ff)
mkdir('/home/runner/.cache/nim/rodcli_r', 0x00000000000001ff)
mkdir('/home', 0x00000000000001ff)
mkdir('/home/runner', 0x00000000000001ff)
mkdir('/home/runner/.cache', 0x00000000000001ff)
mkdir('/home/runner/.cache/nim', 0x00000000000001ff)
mkdir('/home/runner/.cache/nim/rodcli_r', 0x00000000000001ff)
mkdir('/home', 0x00000000000001ff)
mkdir('/home/runner', 0x00000000000001ff)
mkdir('/home/runner/.cache', 0x00000000000001ff)
mkdir('/home/runner/.cache/nim', 0x00000000000001ff)
mkdir('/home/runner/.cache/nim/rodcli_r', 0x00000000000001ff)
mkdir('/home', 0x00000000000001ff)
mkdir('/home/runner', 0x00000000000001ff)
mkdir('/home/runner/.cache', 0x00000000000001ff)
mkdir('/home/runner/.cache/nim', 0x00000000000001ff)
mkdir('/home/runner/.cache/nim/rodcli_r', 0x00000000000001ff)
mkdir('/home', 0x00000000000001ff)
mkdir('/home/runner', 0x00000000000001ff)
mkdir('/home/runner/.cache', 0x00000000000001ff)
mkdir('/home/runner/.cache/nim', 0x00000000000001ff)
mkdir('/home/runner/.cache/nim/rodcli_r', 0x00000000000001ff)
mkdir('/home', 0x00000000000001ff)
mkdir('/home/runner', 0x00000000000001ff)
mkdir('/home/runner/.cache', 0x00000000000001ff)
mkdir('/home/runner/.cache/nim', 0x00000000000001ff)
mkdir('/home/runner/.cache/nim/rodcli_r', 0x00000000000001ff)
mkdir('/home', 0x00000000000001ff)
mkdir('/home/runner', 0x00000000000001ff)
mkdir('/home/runner/.cache', 0x00000000000001ff)
mkdir('/home/runner/.cache/nim', 0x00000000000001ff)
mkdir('/home/runner/.cache/nim/rodcli_r', 0x00000000000001ff)
mkdir('/home', 0x00000000000001ff)
mkdir('/home/runner', 0x00000000000001ff)
mkdir('/home/runner/.cache', 0x00000000000001ff)
mkdir('/home/runner/.cache/nim', 0x00000000000001ff)
mkdir('/home/runner/.cache/nim/rodcli_r', 0x00000000000001ff)
mkdir('/home', 0x00000000000001ff)
mkdir('/home/runner', 0x00000000000001ff)
mkdir('/home/runner/.cache', 0x00000000000001ff)
mkdir('/home/runner/.cache/nim', 0x00000000000001ff)
mkdir('/home/runner/.cache/nim/rodcli_r', 0x00000000000001ff)
mkdir('/home', 0x00000000000001ff)
mkdir('/home/runner', 0x00000000000001ff)
mkdir('/home/runner/.cache', 0x00000000000001ff)
mkdir('/home/runner/.cache/nim', 0x00000000000001ff)
mkdir('/home/runner/.cache/nim/rodcli_r', 0x00000000000001ff)
mkdir('/home', 0x00000000000001ff)
mkdir('/home/runner', 0x00000000000001ff)
mkdir('/home/runner/.cache', 0x00000000000001ff)
mkdir('/home/runner/.cache/nim', 0x00000000000001ff)
mkdir('/home/runner/.cache/nim/rodcli_r', 0x00000000000001ff)
mkdir('/home', 0x00000000000001ff)
mkdir('/home/runner', 0x00000000000001ff)
mkdir('/home/runner/.cache', 0x00000000000001ff)
mkdir('/home/runner/.cache/nim', 0x00000000000001ff)
mkdir('/home/runner/.cache/nim/rodcli_r', 0x00000000000001ff)
mkdir('/home', 0x00000000000001ff)
mkdir('/home/runner', 0x00000000000001ff)
mkdir('/home/runner/.cache', 0x00000000000001ff)
mkdir('/home/runner/.cache/nim', 0x00000000000001ff)
mkdir('/home/runner/.cache/nim/rodcli_r', 0x00000000000001ff)
mkdir('/home', 0x00000000000001ff)
mkdir('/home/runner', 0x00000000000001ff)
mkdir('/home/runner/.cache', 0x00000000000001ff)
mkdir('/home/runner/.cache/nim', 0x00000000000001ff)
mkdir('/home/runner/.cache/nim/rodcli_r', 0x00000000000001ff)
mkdir('/home', 0x00000000000001ff)
mkdir('/home/runner', 0x00000000000001ff)
mkdir('/home/runner/.cache', 0x00000000000001ff)
mkdir('/home/runner/.cache/nim', 0x00000000000001ff)
mkdir('/home/runner/.cache/nim/rodcli_r', 0x00000000000001ff)
mkdir('/home', 0x00000000000001ff)
mkdir('/home/runner', 0x00000000000001ff)
mkdir('/home/runner/.cache', 0x00000000000001ff)
mkdir('/home/runner/.cache/nim', 0x00000000000001ff)
mkdir('/home/runner/.cache/nim/rodcli_r', 0x00000000000001ff)
mkdir('/home', 0x00000000000001ff)
mkdir('/home/runner', 0x00000000000001ff)
mkdir('/home/runner/.cache', 0x00000000000001ff)
mkdir('/home/runner/.cache/nim', 0x00000000000001ff)
mkdir('/home/runner/.cache/nim/rodcli_r', 0x00000000000001ff)
mkdir('/home', 0x00000000000001ff)
mkdir('/home/runner', 0x00000000000001ff)
mkdir('/home/runner/.cache', 0x00000000000001ff)
mkdir('/home/runner/.cache/nim', 0x00000000000001ff)
mkdir('/home/runner/.cache/nim/rodcli_r', 0x00000000000001ff)
mkdir('/home', 0x00000000000001ff)
mkdir('/home/runner', 0x00000000000001ff)
mkdir('/home/runner/.cache', 0x00000000000001ff)
mkdir('/home/runner/.cache/nim', 0x00000000000001ff)
mkdir('/home/runner/.cache/nim/rodcli_r', 0x00000000000001ff)
mkdir('/home', 0x00000000000001ff)
mkdir('/home/runner', 0x00000000000001ff)
mkdir('/home/runner/.cache', 0x00000000000001ff)
mkdir('/home/runner/.cache/nim', 0x00000000000001ff)
mkdir('/home/runner/.cache/nim/rodcli_r', 0x00000000000001ff)
mkdir('/home', 0x00000000000001ff)
mkdir('/home/runner', 0x00000000000001ff)
mkdir('/home/runner/.cache', 0x00000000000001ff)
mkdir('/home/runner/.cache/nim', 0x00000000000001ff)
mkdir('/home/runner/.cache/nim/rodcli_r', 0x00000000000001ff)
mkdir('/home', 0x00000000000001ff)
mkdir('/home/runner', 0x00000000000001ff)
mkdir('/home/runner/.cache', 0x00000000000001ff)
mkdir('/home/runner/.cache/nim', 0x00000000000001ff)
mkdir('/home/runner/.cache/nim/rodcli_r', 0x00000000000001ff)
mkdir('/home', 0x00000000000001ff)
mkdir('/home/runner', 0x00000000000001ff)
mkdir('/home/runner/.cache', 0x00000000000001ff)
mkdir('/home/runner/.cache/nim', 0x00000000000001ff)
mkdir('/home/runner/.cache/nim/rodcli_r', 0x00000000000001ff)
mkdir('/home', 0x00000000000001ff)
mkdir('/home/runner', 0x00000000000001ff)
mkdir('/home/runner/.cache', 0x00000000000001ff)
mkdir('/home/runner/.cache/nim', 0x00000000000001ff)
mkdir('/home/runner/.cache/nim/rodcli_r', 0x00000000000001ff)
mkdir('/home', 0x00000000000001ff)
mkdir('/home/runner', 0x00000000000001ff)
mkdir('/home/runner/.cache', 0x00000000000001ff)
mkdir('/home/runner/.cache/nim', 0x00000000000001ff)
mkdir('/home/runner/.cache/nim/rodcli_r', 0x00000000000001ff)
mkdir('/home', 0x00000000000001ff)
mkdir('/home/runner', 0x00000000000001ff)
mkdir('/home/runner/.cache', 0x00000000000001ff)
mkdir('/home/runner/.cache/nim', 0x00000000000001ff)
mkdir('/home/runner/.cache/nim/rodcli_r', 0x00000000000001ff)
mkdir('/home', 0x00000000000001ff)
mkdir('/home/runner', 0x00000000000001ff)
mkdir('/home/runner/.cache', 0x00000000000001ff)
mkdir('/home/runner/.cache/nim', 0x00000000000001ff)
mkdir('/home/runner/.cache/nim/rodcli_r', 0x00000000000001ff)
mkdir('/home', 0x00000000000001ff)
mkdir('/home/runner', 0x00000000000001ff)
mkdir('/home/runner/.cache', 0x00000000000001ff)
mkdir('/home/runner/.cache/nim', 0x00000000000001ff)
mkdir('/home/runner/.cache/nim/rodcli_r', 0x00000000000001ff)
mkdir('/home', 0x00000000000001ff)
mkdir('/home/runner', 0x00000000000001ff)
mkdir('/home/runner/.cache', 0x00000000000001ff)
mkdir('/home/runner/.cache/nim', 0x00000000000001ff)
mkdir('/home/runner/.cache/nim/rodcli_r', 0x00000000000001ff)
mkdir('/home', 0x00000000000001ff)
mkdir('/home/runner', 0x00000000000001ff)
mkdir('/home/runner/.cache', 0x00000000000001ff)
mkdir('/home/runner/.cache/nim', 0x00000000000001ff)
mkdir('/home/runner/.cache/nim/rodcli_r', 0x00000000000001ff)
mkdir('/home', 0x00000000000001ff)
mkdir('/home/runner', 0x00000000000001ff)
mkdir('/home/runner/.cache', 0x00000000000001ff)
mkdir('/home/runner/.cache/nim', 0x00000000000001ff)
mkdir('/home/runner/.cache/nim/rodcli_r', 0x00000000000001ff)
mkdir('/home', 0x00000000000001ff)
mkdir('/home/runner', 0x00000000000001ff)
mkdir('/home/runner/.cache', 0x00000000000001ff)
mkdir('/home/runner/.cache/nim', 0x00000000000001ff)
mkdir('/home/runner/.cache/nim/rodcli_r', 0x00000000000001ff)
mkdir('/home', 0x00000000000001ff)
mkdir('/home/runner', 0x00000000000001ff)
mkdir('/home/runner/.cache', 0x00000000000001ff)
mkdir('/home/runner/.cache/nim', 0x00000000000001ff)
mkdir('/home/runner/.cache/nim/rodcli_r', 0x00000000000001ff)
unlink('/tmp/ccyEzgs0.s')
unlink('/tmp/ccfzrZFW.s')
unlink('/tmp/ccOgTJ81.s')
unlink('/tmp/ccvBINqj.s')
unlink('/tmp/ccx3loKe.s')
unlink('/tmp/ccHFt17d.s')
unlink('/tmp/ccgaCp8a.s')
unlink('/tmp/ccKJqv2y.s')
unlink('/tmp/ccM0rBBS.s')
unlink('/tmp/ccIZ4Fii.s')
unlink('/tmp/ccpSXl96.s')
unlink('/tmp/cc76Iw85.s')
unlink('/tmp/cccReUP5.s')
unlink('/tmp/cctfQtYY.s')
unlink('/tmp/cc0C7rae.s')
unlink('/tmp/ccobuMhE.s')
unlink('/tmp/ccC9xN2N.s')
unlink('/tmp/ccCaHGpD.s')
unlink('/tmp/cca2XF2j.s')
unlink('/tmp/ccm3wI1l.s')
unlink('/tmp/ccIQfyxl.s')
unlink('/tmp/ccZMRaql.s')
unlink('/tmp/ccQJjiJ0.s')
unlink('/tmp/cc719mvZ.s')
unlink('/tmp/ccbq5TiX.s')
unlink('/tmp/ccGZY2QI.s')
unlink('/tmp/ccaCZP7f.s')
unlink('/tmp/ccj1fNau.s')
unlink('/tmp/ccFTp718.s')
unlink('/tmp/ccWkt7KV.s')
unlink('/tmp/ccuC0XDR.s')
unlink('/tmp/ccrZgjH7.s')
unlink('/tmp/ccvW6Fgr.s')
unlink('/tmp/ccS9RZPz.s')
unlink('/tmp/ccH1dav4.s')
unlink('/tmp/ccee6nef.s')
unlink('/tmp/ccFiWJER.s')
unlink('/tmp/ccabc56H.s')
unlink('/tmp/ccFOr2SG.s')
unlink('/tmp/ccsXy1CA.s')
unlink('/tmp/ccLJPPYJ.s')
unlink('/tmp/cc7M8Iiq.s')
mkdir('/tmp', 0x00000000000001ff)
mkdir('/tmp/nimble_8178', 0x00000000000001ff)
mkdir('/tmp/nimble_8178/githubcom_jabbalaciNimCliHelper', 0x00000000000001ff)
chmod(94125526837392, 0x00000000000001ed)
Error tracing process: readBytes(0x0000559b4e976890, 256) error: [Errno 5] Input/output error.
