     Info:  Nimble data file "/home/runner/.nimble/nimbledata2.json" has been loaded.
    Reading official package list
Downloading https://github.com/stoneface86/nim-rtmidi using git
    Cloning latest tagged version: v6.0.0.0
open('/workspace/destdir/ssl/openssl.cnf', 32768, 0x00000000000001b6)
open('/home/runner/.config/nimble/nimble.ini', 557056, 0x00000000000001b6)
open('/home/runner/.config/babel/babel.ini', 557056, 0x00000000000001b6)
open('/home/runner/.nimble/nimbledata2.json', 557056, 0x00000000000001b6)
writev(1, 0x00007ffc0bd02f30, 2)
writev(1, 0x00007ffc0bd02810, 2)
open('/home/runner/.nimble/packages_official.json', 557056, 0x00000000000001b6)
mkdir('/tmp/', 0x00000000000001ff)
mkdir('/tmp/nimble_2032/', 0x00000000000001ff)
mkdir('/tmp/nimble_2032/githubcom_stoneface86nimrtmidi', 0x00000000000001ff)
writev(1, 0x00007ffc0bd027e0, 2)
open('/tmp/nimble_2032/githubcom_stoneface86nimrtmidi', 622592, 0x0000000000000000)
rmdir('/tmp/nimble_2032/githubcom_stoneface86nimrtmidi')
writev(1, 0x00007ffc0bd02750, 2)
mkdir(94496443462944, 0x00000000000001ff)
Error tracing process: readBytes(0x000055f1aaf1f520, 256) error: [Errno 5] Input/output error.
