      Info: Package cache path /home/runner/.nimble/pkgcache
     Info:  Nimble data file "/home/runner/.nimble/nimbledata2.json" has been loaded.
    Reading official package list
Downloading https://github.com/def-/nim-nanomsg using git
   Warning: The package has no tagged releases, downloading HEAD instead.
open('/workspace/destdir/ssl/openssl.cnf', 32768, 0x00000000000001b6)
open('/home/runner/.config/nimble/nimble.ini', 557056, 0x00000000000001b6)
open('/home/runner/.config/babel/babel.ini', 557056, 0x00000000000001b6)
writev(1, 0x00007ffde0e62730, 2)
open('/home/runner/.nimble/nimbledata2.json', 557056, 0x00000000000001b6)
writev(1, 0x00007ffde0e62800, 2)
writev(1, 0x00007fff0397c960, 2)
writev(1, 0x00007fff0397c9f0, 2)
writev(1, 0x00007fff0397c9f0, 2)
writev(1, 0x00007fff0397c9f0, 2)
writev(1, 0x00007ffde0e61210, 2)
open('/home/runner/.nimble/packages_official.json', 557056, 0x00000000000001b6)
mkdir('/home/', 0x00000000000001ff)
mkdir('/home/runner/', 0x00000000000001ff)
mkdir('/home/runner/.nimble/', 0x00000000000001ff)
mkdir('/home/runner/.nimble/pkgcache/', 0x00000000000001ff)
mkdir('/home/runner/.nimble/pkgcache/githubcom_defnimnanomsg', 0x00000000000001ff)
open('/home/runner/.nimble/pkgcache/githubcom_defnimnanomsg', 622592, 0x0000000000000000)
writev(1, 0x00007ffde0e61270, 2)
open('/home/runner/.nimble/pkgcache/githubcom_defnimnanomsg', 622592, 0x0000000000000000)
rmdir('/home/runner/.nimble/pkgcache/githubcom_defnimnanomsg')
writev(1, 0x00007ffde0e61160, 2)
mkdir(93914763614928, 0x00000000000001ff)
Error tracing process: readBytes(0x0000556a3c1fdad0, 256) error: [Errno 5] Input/output error.
