     Info:  Nimble data file "/home/runner/.nimble/nimbledata2.json" has been loaded.
    Reading official package list
Downloading https://github.com/johnnovak/nim-nanovg using git
    Cloning latest tagged version: v0.3.4
open('/workspace/destdir/ssl/openssl.cnf', 32768, 0x00000000000001b6)
open('/home/runner/.config/nimble/nimble.ini', 557056, 0x00000000000001b6)
open('/home/runner/.config/babel/babel.ini', 557056, 0x00000000000001b6)
open('/home/runner/.nimble/nimbledata2.json', 557056, 0x00000000000001b6)
writev(1, 0x00007ffccfaa2260, 2)
writev(1, 0x00007ffccfaa1b40, 2)
open('/home/runner/.nimble/packages_official.json', 557056, 0x00000000000001b6)
mkdir('/tmp/', 0x00000000000001ff)
mkdir('/tmp/nimble_2775/', 0x00000000000001ff)
mkdir('/tmp/nimble_2775/githubcom_johnnovaknimnanovg', 0x00000000000001ff)
writev(1, 0x00007ffccfaa1b10, 2)
open('/tmp/nimble_2775/githubcom_johnnovaknimnanovg', 622592, 0x0000000000000000)
rmdir('/tmp/nimble_2775/githubcom_johnnovaknimnanovg')
writev(1, 0x00007ffccfaa1a80, 2)
mkdir(94679967855664, 0x00000000000001ff)
Error tracing process: readBytes(0x0000561c65d9f430, 256) error: [Errno 5] Input/output error.
