     Info:  Nimble data file "/home/runner/.nimble/nimbledata2.json" has been loaded.
    Reading official package list
Downloading https://github.com/thisago/nbcnews using git
   Warning: The package has no tagged releases, downloading HEAD instead.
open('/workspace/destdir/ssl/openssl.cnf', 32768, 0x00000000000001b6)
open('/home/runner/.config/nimble/nimble.ini', 557056, 0x00000000000001b6)
open('/home/runner/.config/babel/babel.ini', 557056, 0x00000000000001b6)
open('/home/runner/.nimble/nimbledata2.json', 557056, 0x00000000000001b6)
writev(1, 0x00007fffcee2fa90, 2)
writev(1, 0x00007fffcee2f370, 2)
open('/home/runner/.nimble/packages_official.json', 557056, 0x00000000000001b6)
mkdir('/tmp/', 0x00000000000001ff)
mkdir('/tmp/nimble_6314/', 0x00000000000001ff)
mkdir('/tmp/nimble_6314/githubcom_thisagonbcnews', 0x00000000000001ff)
writev(1, 0x00007fffcee2f340, 2)
open('/tmp/nimble_6314/githubcom_thisagonbcnews', 622592, 0x0000000000000000)
rmdir('/tmp/nimble_6314/githubcom_thisagonbcnews')
writev(1, 0x00007fffcee2f2b0, 2)
mkdir(94374632420400, 0x00000000000001ff)
Error tracing process: readBytes(0x000055d54e70f430, 256) error: [Errno 5] Input/output error.
