     Info:  Nimble data file "/home/runner/.nimble/nimbledata2.json" has been loaded.
    Reading official package list
Downloading https://github.com/David-Kunz/Nery using git
    Cloning latest tagged version: 0.1.1
open('/workspace/destdir/ssl/openssl.cnf', 32768, 0x00000000000001b6)
open('/home/runner/.config/nimble/nimble.ini', 557056, 0x00000000000001b6)
open('/home/runner/.config/babel/babel.ini', 557056, 0x00000000000001b6)
open('/home/runner/.nimble/nimbledata2.json', 557056, 0x00000000000001b6)
writev(1, 0x00007ffe3233bad0, 2)
open('/home/runner/work/nim_packages_security_audit/nim_packages_security_audit', 622592, 0x0000000000000000)
writev(1, 0x00007ffe3233b1a0, 2)
open('/home/runner/.nimble/packages_official.json', 557056, 0x00000000000001b6)
mkdir('/tmp/', 0x00000000000001ff)
mkdir('/tmp/nimble_5951/', 0x00000000000001ff)
mkdir('/tmp/nimble_5951/githubcom_DavidKunzNery', 0x00000000000001ff)
writev(1, 0x00007ffe3233b160, 2)
open('/tmp/nimble_5951/githubcom_DavidKunzNery', 622592, 0x0000000000000000)
rmdir('/tmp/nimble_5951/githubcom_DavidKunzNery')
writev(1, 0x00007ffe3233b0d0, 2)
mkdir(94491628917888, 0x00000000000001ff)
Error tracing process: readBytes(0x000055f08bf9d480, 256) error: [Errno 5] Input/output error.
