      Info: Package cache path /home/runner/.nimble/pkgcache
     Info:  Nimble data file "/home/runner/.nimble/nimbledata2.json" has been loaded.
    Reading official package list
Downloading https://gitlab.com/xomachine/NESM.git using git
    Cloning latest tagged version: v0.4.11
open('/workspace/destdir/ssl/openssl.cnf', 32768, 0x00000000000001b6)
open('/home/runner/.config/nimble/nimble.ini', 557056, 0x00000000000001b6)
open('/home/runner/.config/babel/babel.ini', 557056, 0x00000000000001b6)
writev(1, 0x00007ffe5464ab50, 2)
open('/home/runner/.nimble/nimbledata2.json', 557056, 0x00000000000001b6)
writev(1, 0x00007ffe5464ac20, 2)
writev(1, 0x00007ffc5ebf9e60, 2)
writev(1, 0x00007ffc5ebf9ef0, 2)
writev(1, 0x00007ffc5ebf9ef0, 2)
writev(1, 0x00007ffc5ebf9ef0, 2)
writev(1, 0x00007ffe54649600, 2)
open('/home/runner/.nimble/packages_official.json', 557056, 0x00000000000001b6)
mkdir('/home/', 0x00000000000001ff)
mkdir('/home/runner/', 0x00000000000001ff)
mkdir('/home/runner/.nimble/', 0x00000000000001ff)
mkdir('/home/runner/.nimble/pkgcache/', 0x00000000000001ff)
mkdir('/home/runner/.nimble/pkgcache/gitlabcom_xomachineNESMgit', 0x00000000000001ff)
open('/home/runner/.nimble/pkgcache/gitlabcom_xomachineNESMgit', 622592, 0x0000000000000000)
writev(1, 0x00007ffe546496e0, 2)
open('/home/runner/.nimble/pkgcache/gitlabcom_xomachineNESMgit', 622592, 0x0000000000000000)
rmdir('/home/runner/.nimble/pkgcache/gitlabcom_xomachineNESMgit')
writev(1, 0x00007ffe546495d0, 2)
mkdir(94169984359232, 0x00000000000001ff)
Error tracing process: readBytes(0x000055a5a8775b40, 256) error: [Errno 5] Input/output error.
