     Info:  Nimble data file "/home/runner/.nimble/nimbledata2.json" has been loaded.
    Reading official package list
Downloading https://github.com/heinthanth/ni18n using git
    Cloning latest tagged version: v0.1.0
open('/workspace/destdir/ssl/openssl.cnf', 32768, 0x00000000000001b6)
open('/home/runner/.config/nimble/nimble.ini', 557056, 0x00000000000001b6)
open('/home/runner/.config/babel/babel.ini', 557056, 0x00000000000001b6)
open('/home/runner/.nimble/nimbledata2.json', 557056, 0x00000000000001b6)
writev(1, 0x00007ffd144d41e0, 2)
writev(1, 0x00007ffd144d3ac0, 2)
open('/home/runner/.nimble/packages_official.json', 557056, 0x00000000000001b6)
mkdir('/tmp/', 0x00000000000001ff)
mkdir('/tmp/nimble_6374/', 0x00000000000001ff)
mkdir('/tmp/nimble_6374/githubcom_heinthanthni18n', 0x00000000000001ff)
writev(1, 0x00007ffd144d3a90, 2)
open('/tmp/nimble_6374/githubcom_heinthanthni18n', 622592, 0x0000000000000000)
rmdir('/tmp/nimble_6374/githubcom_heinthanthni18n')
writev(1, 0x00007ffd144d3a00, 2)
mkdir(94002870113344, 0x00000000000001ff)
Error tracing process: readBytes(0x0000557ebfae5440, 256) error: [Errno 5] Input/output error.
