      Info: Package cache path /home/runner/.nimble/pkgcache
     Info:  Nimble data file "/home/runner/.nimble/nimbledata2.json" has been loaded.
    Reading official package list
   Warning: The nim-geocoding package has been renamed to geocoding
    Reading official package list
Downloading https://github.com/saratchandra92/nim-geocoding using git
    Cloning latest tagged version: v0.1.2
open('/workspace/destdir/ssl/openssl.cnf', 32768, 0x00000000000001b6)
open('/home/runner/.config/nimble/nimble.ini', 557056, 0x00000000000001b6)
open('/home/runner/.config/babel/babel.ini', 557056, 0x00000000000001b6)
writev(1, 0x00007ffeb27ffed0, 2)
open('/home/runner/.nimble/nimbledata2.json', 557056, 0x00000000000001b6)
writev(1, 0x00007ffeb27fffa0, 2)
writev(1, 0x00007ffea0fe3aa0, 2)
writev(1, 0x00007ffea0fe3b30, 2)
writev(1, 0x00007ffea0fe3b30, 2)
writev(1, 0x00007ffea0fe3b30, 2)
writev(1, 0x00007ffeb27fe980, 2)
open('/home/runner/.nimble/packages_official.json', 557056, 0x00000000000001b6)
writev(1, 0x00007ffeb27fe920, 2)
writev(1, 0x00007ffeb27fe6c0, 2)
mkdir('/home/', 0x00000000000001ff)
mkdir('/home/runner/', 0x00000000000001ff)
mkdir('/home/runner/.nimble/', 0x00000000000001ff)
mkdir('/home/runner/.nimble/pkgcache/', 0x00000000000001ff)
mkdir('/home/runner/.nimble/pkgcache/githubcom_saratchandra92nimgeocoding', 0x00000000000001ff)
open('/home/runner/.nimble/pkgcache/githubcom_saratchandra92nimgeocoding', 622592, 0x0000000000000000)
writev(1, 0x00007ffeb27fea60, 2)
open('/home/runner/.nimble/pkgcache/githubcom_saratchandra92nimgeocoding', 622592, 0x0000000000000000)
rmdir('/home/runner/.nimble/pkgcache/githubcom_saratchandra92nimgeocoding')
writev(1, 0x00007ffeb27fe950, 2)
mkdir(94511643556688, 0x00000000000001ff)
Error tracing process: readBytes(0x000055f534f0fb50, 256) error: [Errno 5] Input/output error.
