     Info:  Nimble data file "/home/runner/.nimble/nimbledata2.json" has been loaded.
    Reading official package list
Downloading https://github.com/blmvxer/nim-nmap using git
download.nim(81)         getTagsListRemote

    Error:  Unable to query remote tags for https://github.com/blmvxer/nim-nmap. Git returned: remote: Repository not found.
        ... fatal: repository 'https://github.com/blmvxer/nim-nmap/' not found
     Info:  Nimble data file "/home/runner/.nimble/nimbledata2.json" has been saved.
open('/workspace/destdir/ssl/openssl.cnf', 32768, 0x00000000000001b6)
open('/home/runner/.config/nimble/nimble.ini', 557056, 0x00000000000001b6)
open('/home/runner/.config/babel/babel.ini', 557056, 0x00000000000001b6)
open('/home/runner/.nimble/nimbledata2.json', 557056, 0x00000000000001b6)
writev(1, 0x00007ffc95616e50, 2)
writev(1, 0x00007ffc95616730, 2)
open('/home/runner/.nimble/packages_official.json', 557056, 0x00000000000001b6)
mkdir('/tmp/', 0x00000000000001ff)
mkdir('/tmp/nimble_4523/', 0x00000000000001ff)
mkdir('/tmp/nimble_4523/githubcom_blmvxernimnmap', 0x00000000000001ff)
writev(1, 0x00007ffc95616700, 2)
open('/tmp/nimble_4523/githubcom_blmvxernimnmap', 622592, 0x0000000000000000)
rmdir('/tmp/nimble_4523/githubcom_blmvxernimnmap')
writev(1, 0x00007ffc95616f60, 2)
writev(1, 0x00007ffc95616ee0, 2)
writev(1, 0x00007ffc95616ee0, 2)
open('/tmp/nimble_4523', 622592, 0x0000000000000000)
rmdir('/tmp/nimble_4523')
open('/home/runner/.nimble/nimbledata2.json', 557633, 0x00000000000001b6)
writev(3, 0x00007ffc95616db0, 2)
writev(1, 0x00007ffc95616f00, 2)
  create directory /tmp
  create directory /tmp/nimble_4523
  create directory /tmp/nimble_4523/githubcom_blmvxernimnmap
  delete /tmp/nimble_4523/githubcom_blmvxernimnmap
  delete /tmp/nimble_4523
  truncate file /home/runner/.nimble/nimbledata2.json
