     Info:  Nimble data file "/home/runner/.nimble/nimbledata2.json" has been loaded.
    Reading official package list
Downloading https://github.com/zer0-star/nim-curry using git
   Warning: The package has no tagged releases, downloading HEAD instead.
open('/workspace/destdir/ssl/openssl.cnf', 32768, 0x00000000000001b6)
open('/home/runner/.config/nimble/nimble.ini', 557056, 0x00000000000001b6)
open('/home/runner/.config/babel/babel.ini', 557056, 0x00000000000001b6)
open('/home/runner/.nimble/nimbledata2.json', 557056, 0x00000000000001b6)
writev(1, 0x00007ffc5d1af1b0, 2)
writev(1, 0x00007ffc5d1aea90, 2)
open('/home/runner/.nimble/packages_official.json', 557056, 0x00000000000001b6)
mkdir('/tmp/', 0x00000000000001ff)
mkdir('/tmp/nimble_4635/', 0x00000000000001ff)
mkdir('/tmp/nimble_4635/githubcom_zer0starnimcurry', 0x00000000000001ff)
writev(1, 0x00007ffc5d1aea60, 2)
open('/tmp/nimble_4635/githubcom_zer0starnimcurry', 622592, 0x0000000000000000)
rmdir('/tmp/nimble_4635/githubcom_zer0starnimcurry')
writev(1, 0x00007ffc5d1ae9d0, 2)
mkdir(94515792192560, 0x00000000000001ff)
Error tracing process: readBytes(0x000055f62c382430, 256) error: [Errno 5] Input/output error.
