     Info:  Nimble data file "/home/runner/.nimble/nimbledata2.json" has been loaded.
    Reading official package list
Downloading https://github.com/jerous86/nim_midi using git
   Warning: The package has no tagged releases, downloading HEAD instead.
open('/workspace/destdir/ssl/openssl.cnf', 32768, 0x00000000000001b6)
open('/home/runner/.config/nimble/nimble.ini', 557056, 0x00000000000001b6)
open('/home/runner/.config/babel/babel.ini', 557056, 0x00000000000001b6)
open('/home/runner/.nimble/nimbledata2.json', 557056, 0x00000000000001b6)
writev(1, 0x00007ffe0c32b8b0, 2)
writev(1, 0x00007ffe0c32b190, 2)
open('/home/runner/.nimble/packages_official.json', 557056, 0x00000000000001b6)
mkdir('/tmp/', 0x00000000000001ff)
mkdir('/tmp/nimble_5402/', 0x00000000000001ff)
mkdir('/tmp/nimble_5402/githubcom_jerous86nimmidi', 0x00000000000001ff)
writev(1, 0x00007ffe0c32b160, 2)
open('/tmp/nimble_5402/githubcom_jerous86nimmidi', 622592, 0x0000000000000000)
rmdir('/tmp/nimble_5402/githubcom_jerous86nimmidi')
writev(1, 0x00007ffe0c32b0d0, 2)
mkdir(94599200252976, 0x00000000000001ff)
Error tracing process: readBytes(0x0000560997ba2430, 256) error: [Errno 5] Input/output error.
