     Info:  Nimble data file "/home/runner/.nimble/nimbledata2.json" has been loaded.
    Reading official package list
Downloading https://github.com/jyapayne/nim-sdl2 using git
   Warning: The package has no tagged releases, downloading HEAD instead.
open('/workspace/destdir/ssl/openssl.cnf', 32768, 0x00000000000001b6)
open('/home/runner/.config/nimble/nimble.ini', 557056, 0x00000000000001b6)
open('/home/runner/.config/babel/babel.ini', 557056, 0x00000000000001b6)
open('/home/runner/.nimble/nimbledata2.json', 557056, 0x00000000000001b6)
writev(1, 0x00007ffd1c4d8bd0, 2)
writev(1, 0x00007ffd1c4d84b0, 2)
open('/home/runner/.nimble/packages_official.json', 557056, 0x00000000000001b6)
mkdir('/tmp/', 0x00000000000001ff)
mkdir('/tmp/nimble_5188/', 0x00000000000001ff)
mkdir('/tmp/nimble_5188/githubcom_jyapaynenimsdl2', 0x00000000000001ff)
writev(1, 0x00007ffd1c4d8480, 2)
open('/tmp/nimble_5188/githubcom_jyapaynenimsdl2', 622592, 0x0000000000000000)
rmdir('/tmp/nimble_5188/githubcom_jyapaynenimsdl2')
writev(1, 0x00007ffd1c4d83f0, 2)
mkdir(93989306528816, 0x00000000000001ff)
Error tracing process: readBytes(0x0000557b973a7430, 256) error: [Errno 5] Input/output error.
