     Info:  Nimble data file "/home/runner/.nimble/nimbledata2.json" has been loaded.
    Reading official package list
Downloading https://github.com/nnahito/nim_searched using git
   Warning: The package has no tagged releases, downloading HEAD instead.
open('/workspace/destdir/ssl/openssl.cnf', 32768, 0x00000000000001b6)
open('/home/runner/.config/nimble/nimble.ini', 557056, 0x00000000000001b6)
open('/home/runner/.config/babel/babel.ini', 557056, 0x00000000000001b6)
open('/home/runner/.nimble/nimbledata2.json', 557056, 0x00000000000001b6)
writev(1, 0x00007ffeb0fa41e0, 2)
writev(1, 0x00007ffeb0fa3ac0, 2)
open('/home/runner/.nimble/packages_official.json', 557056, 0x00000000000001b6)
mkdir('/tmp/', 0x00000000000001ff)
mkdir('/tmp/nimble_5292/', 0x00000000000001ff)
mkdir('/tmp/nimble_5292/githubcom_nnahitonimsearched', 0x00000000000001ff)
writev(1, 0x00007ffeb0fa3a90, 2)
open('/tmp/nimble_5292/githubcom_nnahitonimsearched', 622592, 0x0000000000000000)
rmdir('/tmp/nimble_5292/githubcom_nnahitonimsearched')
writev(1, 0x00007ffeb0fa3a00, 2)
mkdir(94913885959232, 0x00000000000001ff)
Error tracing process: readBytes(0x00005652dc74f440, 256) error: [Errno 5] Input/output error.
