      Info: Package cache path /home/runner/.nimble/pkgcache
     Info:  Nimble data file "/home/runner/.nimble/nimbledata2.json" has been loaded.
    Reading official package list
Downloading https://github.com/h3rald/nim-miniz using git
    Cloning latest tagged version: 1.1.0
open('/workspace/destdir/ssl/openssl.cnf', 32768, 0x00000000000001b6)
open('/home/runner/.config/nimble/nimble.ini', 557056, 0x00000000000001b6)
open('/home/runner/.config/babel/babel.ini', 557056, 0x00000000000001b6)
writev(1, 0x00007ffc12a2f5d0, 2)
open('/home/runner/.nimble/nimbledata2.json', 557056, 0x00000000000001b6)
writev(1, 0x00007ffc12a2f6a0, 2)
writev(1, 0x00007ffd031257e0, 2)
writev(1, 0x00007ffd03125870, 2)
writev(1, 0x00007ffd03125870, 2)
writev(1, 0x00007ffd03125870, 2)
writev(1, 0x00007ffc12a2e080, 2)
open('/home/runner/.nimble/packages_official.json', 557056, 0x00000000000001b6)
mkdir('/home/', 0x00000000000001ff)
mkdir('/home/runner/', 0x00000000000001ff)
mkdir('/home/runner/.nimble/', 0x00000000000001ff)
mkdir('/home/runner/.nimble/pkgcache/', 0x00000000000001ff)
mkdir('/home/runner/.nimble/pkgcache/githubcom_h3raldnimminiz', 0x00000000000001ff)
open('/home/runner/.nimble/pkgcache/githubcom_h3raldnimminiz', 622592, 0x0000000000000000)
writev(1, 0x00007ffc12a2e160, 2)
open('/home/runner/.nimble/pkgcache/githubcom_h3raldnimminiz', 622592, 0x0000000000000000)
rmdir('/home/runner/.nimble/pkgcache/githubcom_h3raldnimminiz')
writev(1, 0x00007ffc12a2e050, 2)
mkdir(94544234896096, 0x00000000000001ff)
Error tracing process: readBytes(0x000055fccb895ae0, 256) error: [Errno 5] Input/output error.
