      Info: Package cache path /home/runner/.nimble/pkgcache
     Info:  Nimble data file "/home/runner/.nimble/nimbledata2.json" has been loaded.
    Reading official package list
Downloading https://github.com/emef/nimarrow using git
    Cloning latest tagged version: v0.1.3
open('/workspace/destdir/ssl/openssl.cnf', 32768, 0x00000000000001b6)
open('/home/runner/.config/nimble/nimble.ini', 557056, 0x00000000000001b6)
open('/home/runner/.config/babel/babel.ini', 557056, 0x00000000000001b6)
writev(1, 0x00007ffd02cad080, 2)
open('/home/runner/.nimble/nimbledata2.json', 557056, 0x00000000000001b6)
writev(1, 0x00007ffd02cad150, 2)
writev(1, 0x00007ffc2fdbf630, 2)
writev(1, 0x00007ffc2fdbf6c0, 2)
writev(1, 0x00007ffc2fdbf6c0, 2)
writev(1, 0x00007ffc2fdbf6c0, 2)
writev(1, 0x00007ffd02cabb30, 2)
open('/home/runner/.nimble/packages_official.json', 557056, 0x00000000000001b6)
mkdir('/home/', 0x00000000000001ff)
mkdir('/home/runner/', 0x00000000000001ff)
mkdir('/home/runner/.nimble/', 0x00000000000001ff)
mkdir('/home/runner/.nimble/pkgcache/', 0x00000000000001ff)
mkdir('/home/runner/.nimble/pkgcache/githubcom_emefnimarrow', 0x00000000000001ff)
open('/home/runner/.nimble/pkgcache/githubcom_emefnimarrow', 622592, 0x0000000000000000)
writev(1, 0x00007ffd02cabc10, 2)
open('/home/runner/.nimble/pkgcache/githubcom_emefnimarrow', 622592, 0x0000000000000000)
rmdir('/home/runner/.nimble/pkgcache/githubcom_emefnimarrow')
writev(1, 0x00007ffd02cabb00, 2)
mkdir(94261944101600, 0x00000000000001ff)
Error tracing process: readBytes(0x000055bb11b1aae0, 256) error: [Errno 5] Input/output error.
