      Info: Package cache path /home/runner/.nimble/pkgcache
     Info:  Nimble data file "/home/runner/.nimble/nimbledata2.json" has been loaded.
    Reading official package list
Downloading https://github.com/Electric-Blue/NimBluez.git using git
    Cloning latest tagged version: v0.1.2
open('/workspace/destdir/ssl/openssl.cnf', 32768, 0x00000000000001b6)
open('/home/runner/.config/nimble/nimble.ini', 557056, 0x00000000000001b6)
open('/home/runner/.config/babel/babel.ini', 557056, 0x00000000000001b6)
writev(1, 0x00007fff40966fc0, 2)
open('/home/runner/.nimble/nimbledata2.json', 557056, 0x00000000000001b6)
writev(1, 0x00007fff40967090, 2)
writev(1, 0x00007ffc78bdc9e0, 2)
writev(1, 0x00007ffc78bdca70, 2)
writev(1, 0x00007ffc78bdca70, 2)
writev(1, 0x00007ffc78bdca70, 2)
writev(1, 0x00007fff40965a70, 2)
open('/home/runner/.nimble/packages_official.json', 557056, 0x00000000000001b6)
mkdir('/home/', 0x00000000000001ff)
mkdir('/home/runner/', 0x00000000000001ff)
mkdir('/home/runner/.nimble/', 0x00000000000001ff)
mkdir('/home/runner/.nimble/pkgcache/', 0x00000000000001ff)
mkdir('/home/runner/.nimble/pkgcache/githubcom_ElectricBlueNimBluezgit', 0x00000000000001ff)
open('/home/runner/.nimble/pkgcache/githubcom_ElectricBlueNimBluezgit', 622592, 0x0000000000000000)
writev(1, 0x00007fff40965b50, 2)
open('/home/runner/.nimble/pkgcache/githubcom_ElectricBlueNimBluezgit', 622592, 0x0000000000000000)
rmdir('/home/runner/.nimble/pkgcache/githubcom_ElectricBlueNimBluezgit')
writev(1, 0x00007fff40965a40, 2)
mkdir(94074570160976, 0x00000000000001ff)
Error tracing process: readBytes(0x0000558f71563b50, 256) error: [Errno 5] Input/output error.
