      Info: Package cache path /home/runner/.nimble/pkgcache
     Info:  Nimble data file "/home/runner/.nimble/nimbledata2.json" has been loaded.
    Reading official package list
Downloading https://github.com/treeform/nimby using git
    Cloning latest tagged version: 0.1.13
open('/workspace/destdir/ssl/openssl.cnf', 32768, 0x00000000000001b6)
open('/home/runner/.config/nimble/nimble.ini', 557056, 0x00000000000001b6)
open('/home/runner/.config/babel/babel.ini', 557056, 0x00000000000001b6)
writev(1, 0x00007fffc883a160, 2)
open('/home/runner/.nimble/nimbledata2.json', 557056, 0x00000000000001b6)
writev(1, 0x00007fffc883a230, 2)
writev(1, 0x00007ffeb823bf70, 2)
writev(1, 0x00007ffeb823c000, 2)
writev(1, 0x00007ffeb823c000, 2)
writev(1, 0x00007ffeb823c000, 2)
writev(1, 0x00007fffc8838c40, 2)
open('/home/runner/.nimble/packages_official.json', 557056, 0x00000000000001b6)
mkdir('/home/', 0x00000000000001ff)
mkdir('/home/runner/', 0x00000000000001ff)
mkdir('/home/runner/.nimble/', 0x00000000000001ff)
mkdir('/home/runner/.nimble/pkgcache/', 0x00000000000001ff)
mkdir('/home/runner/.nimble/pkgcache/githubcom_treeformnimby', 0x00000000000001ff)
open('/home/runner/.nimble/pkgcache/githubcom_treeformnimby', 622592, 0x0000000000000000)
writev(1, 0x00007fffc8838ca0, 2)
open('/home/runner/.nimble/pkgcache/githubcom_treeformnimby', 622592, 0x0000000000000000)
rmdir('/home/runner/.nimble/pkgcache/githubcom_treeformnimby')
writev(1, 0x00007fffc8838b90, 2)
mkdir(94630315576096, 0x00000000000001ff)
Error tracing process: readBytes(0x00005610d6584b20, 256) error: [Errno 5] Input/output error.
