      Info: Package cache path /home/runner/.nimble/pkgcache
     Info:  Nimble data file "/home/runner/.nimble/nimbledata2.json" has been loaded.
    Reading official package list
Downloading https://git.dog/Caroline/NimBTC using git
   Warning: The package has no tagged releases, downloading HEAD instead.
open('/workspace/destdir/ssl/openssl.cnf', 32768, 0x00000000000001b6)
open('/home/runner/.config/nimble/nimble.ini', 557056, 0x00000000000001b6)
open('/home/runner/.config/babel/babel.ini', 557056, 0x00000000000001b6)
writev(1, 0x00007ffe653a08f0, 2)
open('/home/runner/.nimble/nimbledata2.json', 557056, 0x00000000000001b6)
writev(1, 0x00007ffe653a09c0, 2)
writev(1, 0x00007ffce2f21760, 2)
writev(1, 0x00007ffce2f217f0, 2)
writev(1, 0x00007ffce2f217f0, 2)
writev(1, 0x00007ffce2f217f0, 2)
writev(1, 0x00007ffe6539f3d0, 2)
open('/home/runner/.nimble/packages_official.json', 557056, 0x00000000000001b6)
mkdir('/home/', 0x00000000000001ff)
mkdir('/home/runner/', 0x00000000000001ff)
mkdir('/home/runner/.nimble/', 0x00000000000001ff)
mkdir('/home/runner/.nimble/pkgcache/', 0x00000000000001ff)
mkdir('/home/runner/.nimble/pkgcache/gitdog_CarolineNimBTC', 0x00000000000001ff)
open('/home/runner/.nimble/pkgcache/gitdog_CarolineNimBTC', 622592, 0x0000000000000000)
writev(1, 0x00007ffe6539f430, 2)
open('/home/runner/.nimble/pkgcache/gitdog_CarolineNimBTC', 622592, 0x0000000000000000)
rmdir('/home/runner/.nimble/pkgcache/gitdog_CarolineNimBTC')
writev(1, 0x00007ffe6539f320, 2)
mkdir(94843144387280, 0x00000000000001ff)
Error tracing process: readBytes(0x0000564263ee3ad0, 256) error: [Errno 5] Input/output error.
