      Info: Package cache path /home/runner/.nimble/pkgcache
     Info:  Nimble data file "/home/runner/.nimble/nimbledata2.json" has been loaded.
    Reading official package list
Downloading https://github.com/YesDrX/bitarray using git
    Cloning latest tagged version: 0.2.1
open('/workspace/destdir/ssl/openssl.cnf', 32768, 0x00000000000001b6)
open('/home/runner/.config/nimble/nimble.ini', 557056, 0x00000000000001b6)
open('/home/runner/.config/babel/babel.ini', 557056, 0x00000000000001b6)
writev(1, 0x00007ffe18fc2820, 2)
open('/home/runner/.nimble/nimbledata2.json', 557056, 0x00000000000001b6)
writev(1, 0x00007ffe18fc28f0, 2)
writev(1, 0x00007ffcdc890900, 2)
writev(1, 0x00007ffcdc890990, 2)
writev(1, 0x00007ffcdc890990, 2)
writev(1, 0x00007ffcdc890990, 2)
writev(1, 0x00007ffe18fc1300, 2)
open('/home/runner/.nimble/packages_official.json', 557056, 0x00000000000001b6)
mkdir('/home/', 0x00000000000001ff)
mkdir('/home/runner/', 0x00000000000001ff)
mkdir('/home/runner/.nimble/', 0x00000000000001ff)
mkdir('/home/runner/.nimble/pkgcache/', 0x00000000000001ff)
mkdir('/home/runner/.nimble/pkgcache/githubcom_YesDrXbitarray', 0x00000000000001ff)
open('/home/runner/.nimble/pkgcache/githubcom_YesDrXbitarray', 622592, 0x0000000000000000)
writev(1, 0x00007ffe18fc1360, 2)
open('/home/runner/.nimble/pkgcache/githubcom_YesDrXbitarray', 622592, 0x0000000000000000)
rmdir('/home/runner/.nimble/pkgcache/githubcom_YesDrXbitarray')
writev(1, 0x00007ffe18fc1250, 2)
mkdir(93973558037280, 0x00000000000001ff)
Error tracing process: readBytes(0x00005577ec8b8b20, 256) error: [Errno 5] Input/output error.
