     Info:  Nimble data file "/home/runner/.nimble/nimbledata2.json" has been loaded.
    Reading official package list
Downloading https://github.com/andreaferretti/nimcuda using git
    Cloning latest tagged version: v0.1.9
open('/workspace/destdir/ssl/openssl.cnf', 32768, 0x00000000000001b6)
open('/home/runner/.config/nimble/nimble.ini', 557056, 0x00000000000001b6)
open('/home/runner/.config/babel/babel.ini', 557056, 0x00000000000001b6)
open('/home/runner/.nimble/nimbledata2.json', 557056, 0x00000000000001b6)
writev(1, 0x00007ffdc7f0ad70, 2)
open('/home/runner/work/nim_packages_security_audit/nim_packages_security_audit', 622592, 0x0000000000000000)
writev(1, 0x00007ffdc7f0a440, 2)
open('/home/runner/.nimble/packages_official.json', 557056, 0x00000000000001b6)
mkdir('/tmp/', 0x00000000000001ff)
mkdir('/tmp/nimble_3605/', 0x00000000000001ff)
mkdir('/tmp/nimble_3605/githubcom_andreaferrettinimcuda', 0x00000000000001ff)
writev(1, 0x00007ffdc7f0a400, 2)
open('/tmp/nimble_3605/githubcom_andreaferrettinimcuda', 622592, 0x0000000000000000)
rmdir('/tmp/nimble_3605/githubcom_andreaferrettinimcuda')
writev(1, 0x00007ffdc7f0a370, 2)
mkdir(94785620276576, 0x00000000000001ff)
Error tracing process: readBytes(0x00005634ff39f560, 256) error: [Errno 5] Input/output error.
