      Info: Package cache path /home/runner/.nimble/pkgcache
     Info:  Nimble data file "/home/runner/.nimble/nimbledata2.json" has been loaded.
    Reading official package list
Downloading https://github.com/andreaferretti/nimcl using git
    Cloning latest tagged version: 0.1.3
open('/workspace/destdir/ssl/openssl.cnf', 32768, 0x00000000000001b6)
open('/home/runner/.config/nimble/nimble.ini', 557056, 0x00000000000001b6)
open('/home/runner/.config/babel/babel.ini', 557056, 0x00000000000001b6)
writev(1, 0x00007ffcbe5e0bd0, 2)
open('/home/runner/.nimble/nimbledata2.json', 557056, 0x00000000000001b6)
writev(1, 0x00007ffcbe5e0ca0, 2)
writev(1, 0x00007fff037c9930, 2)
writev(1, 0x00007fff037c99c0, 2)
writev(1, 0x00007fff037c99c0, 2)
writev(1, 0x00007fff037c99c0, 2)
writev(1, 0x00007ffcbe5df6b0, 2)
open('/home/runner/.nimble/packages_official.json', 557056, 0x00000000000001b6)
mkdir('/home/', 0x00000000000001ff)
mkdir('/home/runner/', 0x00000000000001ff)
mkdir('/home/runner/.nimble/', 0x00000000000001ff)
mkdir('/home/runner/.nimble/pkgcache/', 0x00000000000001ff)
mkdir('/home/runner/.nimble/pkgcache/githubcom_andreaferrettinimcl', 0x00000000000001ff)
open('/home/runner/.nimble/pkgcache/githubcom_andreaferrettinimcl', 622592, 0x0000000000000000)
writev(1, 0x00007ffcbe5df710, 2)
open('/home/runner/.nimble/pkgcache/githubcom_andreaferrettinimcl', 622592, 0x0000000000000000)
rmdir('/home/runner/.nimble/pkgcache/githubcom_andreaferrettinimcl')
writev(1, 0x00007ffcbe5df600, 2)
mkdir(94464122526592, 0x00000000000001ff)
Error tracing process: readBytes(0x000055ea24779b80, 256) error: [Errno 5] Input/output error.
