     Info:  Nimble data file "/home/runner/.nimble/nimbledata2.json" has been loaded.
    Reading official package list
Downloading https://github.com/KeepCoolWithCoolidge/nimclutter using git
   Warning: The package has no tagged releases, downloading HEAD instead.
open('/workspace/destdir/ssl/openssl.cnf', 32768, 0x00000000000001b6)
open('/home/runner/.config/nimble/nimble.ini', 557056, 0x00000000000001b6)
open('/home/runner/.config/babel/babel.ini', 557056, 0x00000000000001b6)
open('/home/runner/.nimble/nimbledata2.json', 557056, 0x00000000000001b6)
writev(1, 0x00007ffc3d41ec10, 2)
open('/home/runner/work/nim_packages_security_audit/nim_packages_security_audit', 622592, 0x0000000000000000)
writev(1, 0x00007ffc3d41e2e0, 2)
open('/home/runner/.nimble/packages_official.json', 557056, 0x00000000000001b6)
mkdir('/tmp/', 0x00000000000001ff)
mkdir('/tmp/nimble_3925/', 0x00000000000001ff)
mkdir('/tmp/nimble_3925/githubcom_KeepCoolWithCoolidgenimclutter', 0x00000000000001ff)
writev(1, 0x00007ffc3d41e2a0, 2)
open('/tmp/nimble_3925/githubcom_KeepCoolWithCoolidgenimclutter', 622592, 0x0000000000000000)
rmdir('/tmp/nimble_3925/githubcom_KeepCoolWithCoolidgenimclutter')
writev(1, 0x00007ffc3d41e210, 2)
mkdir(94316427732576, 0x00000000000001ff)
Error tracing process: readBytes(0x000055c7c12be660, 256) error: [Errno 5] Input/output error.
