      Info: Package cache path /home/runner/.nimble/pkgcache
     Info:  Nimble data file "/home/runner/.nimble/nimbledata2.json" has been loaded.
    Reading official package list
Downloading https://github.com/genotrance/nimdeps using git
   Warning: The package has no tagged releases, downloading HEAD instead.
open('/workspace/destdir/ssl/openssl.cnf', 32768, 0x00000000000001b6)
open('/home/runner/.config/nimble/nimble.ini', 557056, 0x00000000000001b6)
open('/home/runner/.config/babel/babel.ini', 557056, 0x00000000000001b6)
writev(1, 0x00007ffc9b7f6540, 2)
open('/home/runner/.nimble/nimbledata2.json', 557056, 0x00000000000001b6)
writev(1, 0x00007ffc9b7f6610, 2)
writev(1, 0x00007ffcdd79bd10, 2)
writev(1, 0x00007ffcdd79bda0, 2)
writev(1, 0x00007ffcdd79bda0, 2)
writev(1, 0x00007ffcdd79bda0, 2)
writev(1, 0x00007ffc9b7f5020, 2)
open('/home/runner/.nimble/packages_official.json', 557056, 0x00000000000001b6)
mkdir('/home/', 0x00000000000001ff)
mkdir('/home/runner/', 0x00000000000001ff)
mkdir('/home/runner/.nimble/', 0x00000000000001ff)
mkdir('/home/runner/.nimble/pkgcache/', 0x00000000000001ff)
mkdir('/home/runner/.nimble/pkgcache/githubcom_genotrancenimdeps', 0x00000000000001ff)
open('/home/runner/.nimble/pkgcache/githubcom_genotrancenimdeps', 622592, 0x0000000000000000)
writev(1, 0x00007ffc9b7f5080, 2)
open('/home/runner/.nimble/pkgcache/githubcom_genotrancenimdeps', 622592, 0x0000000000000000)
rmdir('/home/runner/.nimble/pkgcache/githubcom_genotrancenimdeps')
writev(1, 0x00007ffc9b7f4f70, 2)
mkdir(93987480730416, 0x00000000000001ff)
Error tracing process: readBytes(0x0000557b2a66fb30, 256) error: [Errno 5] Input/output error.
