     Info:  Nimble data file "/home/runner/.nimble/nimbledata2.json" has been loaded.
    Reading official package list
Downloading https://github.com/refaqtor/nimetry using git
   Warning: The package has no tagged releases, downloading HEAD instead.
open('/workspace/destdir/ssl/openssl.cnf', 32768, 0x00000000000001b6)
open('/home/runner/.config/nimble/nimble.ini', 557056, 0x00000000000001b6)
open('/home/runner/.config/babel/babel.ini', 557056, 0x00000000000001b6)
open('/home/runner/.nimble/nimbledata2.json', 557056, 0x00000000000001b6)
writev(1, 0x00007ffc3b35bdb0, 2)
open('/home/runner/work/nim_packages_security_audit/nim_packages_security_audit', 622592, 0x0000000000000000)
writev(1, 0x00007ffc3b35b480, 2)
open('/home/runner/.nimble/packages_official.json', 557056, 0x00000000000001b6)
mkdir('/tmp/', 0x00000000000001ff)
mkdir('/tmp/nimble_4502/', 0x00000000000001ff)
mkdir('/tmp/nimble_4502/githubcom_refaqtornimetry', 0x00000000000001ff)
writev(1, 0x00007ffc3b35b440, 2)
open('/tmp/nimble_4502/githubcom_refaqtornimetry', 622592, 0x0000000000000000)
rmdir('/tmp/nimble_4502/githubcom_refaqtornimetry')
writev(1, 0x00007ffc3b35b3b0, 2)
mkdir(94564454724736, 0x00000000000001ff)
Error tracing process: readBytes(0x0000560180bb7480, 256) error: [Errno 5] Input/output error.
