      Info: Package cache path /home/runner/.nimble/pkgcache
     Info:  Nimble data file "/home/runner/.nimble/nimbledata2.json" has been loaded.
    Reading official package list
Downloading https://github.com/nirokay/nimegenerator using git
    Cloning latest tagged version: 1.0.0
open('/workspace/destdir/ssl/openssl.cnf', 32768, 0x00000000000001b6)
open('/home/runner/.config/nimble/nimble.ini', 557056, 0x00000000000001b6)
open('/home/runner/.config/babel/babel.ini', 557056, 0x00000000000001b6)
writev(1, 0x00007ffdb73ff5e0, 2)
open('/home/runner/.nimble/nimbledata2.json', 557056, 0x00000000000001b6)
writev(1, 0x00007ffdb73ff6b0, 2)
writev(1, 0x00007ffdf6cc9bc0, 2)
writev(1, 0x00007ffdf6cc9c50, 2)
writev(1, 0x00007ffdf6cc9c50, 2)
writev(1, 0x00007ffdf6cc9c50, 2)
writev(1, 0x00007ffdb73fe090, 2)
open('/home/runner/.nimble/packages_official.json', 557056, 0x00000000000001b6)
mkdir('/home/', 0x00000000000001ff)
mkdir('/home/runner/', 0x00000000000001ff)
mkdir('/home/runner/.nimble/', 0x00000000000001ff)
mkdir('/home/runner/.nimble/pkgcache/', 0x00000000000001ff)
mkdir('/home/runner/.nimble/pkgcache/githubcom_nirokaynimegenerator', 0x00000000000001ff)
open('/home/runner/.nimble/pkgcache/githubcom_nirokaynimegenerator', 622592, 0x0000000000000000)
writev(1, 0x00007ffdb73fe170, 2)
open('/home/runner/.nimble/pkgcache/githubcom_nirokaynimegenerator', 622592, 0x0000000000000000)
rmdir('/home/runner/.nimble/pkgcache/githubcom_nirokaynimegenerator')
writev(1, 0x00007ffdb73fe060, 2)
mkdir(94910999288656, 0x00000000000001ff)
Error tracing process: readBytes(0x000056523065db50, 256) error: [Errno 5] Input/output error.
