     Info:  Nimble data file "/home/runner/.nimble/nimbledata2.json" has been loaded.
    Reading official package list
Downloading https://git.adyxax.org/adyxax/nimfunge98 using git
    Cloning latest tagged version: 1.1.3
open('/workspace/destdir/ssl/openssl.cnf', 32768, 0x00000000000001b6)
open('/home/runner/.config/nimble/nimble.ini', 557056, 0x00000000000001b6)
open('/home/runner/.config/babel/babel.ini', 557056, 0x00000000000001b6)
open('/home/runner/.nimble/nimbledata2.json', 557056, 0x00000000000001b6)
writev(1, 0x00007ffd113be040, 2)
open('/home/runner/work/nim_packages_security_audit/nim_packages_security_audit', 622592, 0x0000000000000000)
writev(1, 0x00007ffd113bd710, 2)
open('/home/runner/.nimble/packages_official.json', 557056, 0x00000000000001b6)
mkdir('/tmp/', 0x00000000000001ff)
mkdir('/tmp/nimble_6180/', 0x00000000000001ff)
mkdir('/tmp/nimble_6180/gitadyxaxorg_adyxaxnimfunge98', 0x00000000000001ff)
writev(1, 0x00007ffd113bd6d0, 2)
open('/tmp/nimble_6180/gitadyxaxorg_adyxaxnimfunge98', 622592, 0x0000000000000000)
rmdir('/tmp/nimble_6180/gitadyxaxorg_adyxaxnimfunge98')
writev(1, 0x00007ffd113bd640, 2)
mkdir(93846107383136, 0x00000000000001ff)
Error tracing process: readBytes(0x0000555a3fe4e560, 256) error: [Errno 5] Input/output error.
