     Info:  Nimble data file "/home/runner/.nimble/nimbledata2.json" has been loaded.
    Reading official package list
Downloading https://github.com/nimgl/nimgl using git
    Cloning latest tagged version: 1.3.2
open('/workspace/destdir/ssl/openssl.cnf', 32768, 0x00000000000001b6)
open('/home/runner/.config/nimble/nimble.ini', 557056, 0x00000000000001b6)
open('/home/runner/.config/babel/babel.ini', 557056, 0x00000000000001b6)
open('/home/runner/.nimble/nimbledata2.json', 557056, 0x00000000000001b6)
writev(1, 0x00007ffd3eca6c50, 2)
writev(1, 0x00007ffd3eca6530, 2)
open('/home/runner/.nimble/packages_official.json', 557056, 0x00000000000001b6)
mkdir('/tmp/', 0x00000000000001ff)
mkdir('/tmp/nimble_3725/', 0x00000000000001ff)
mkdir('/tmp/nimble_3725/githubcom_nimglnimgl', 0x00000000000001ff)
writev(1, 0x00007ffd3eca6500, 2)
open('/tmp/nimble_3725/githubcom_nimglnimgl', 622592, 0x0000000000000000)
rmdir('/tmp/nimble_3725/githubcom_nimglnimgl')
writev(1, 0x00007ffd3eca6470, 2)
mkdir(94758894524272, 0x00000000000001ff)
Error tracing process: readBytes(0x0000562ec63f5770, 256) error: [Errno 5] Input/output error.
