     Info:  Nimble data file "/home/runner/.nimble/nimbledata2.json" has been loaded.
    Reading official package list
Downloading https://github.com/ringabout/nimish using git
    Cloning latest tagged version: v0.1.0
open('/workspace/destdir/ssl/openssl.cnf', 32768, 0x00000000000001b6)
open('/home/runner/.config/nimble/nimble.ini', 557056, 0x00000000000001b6)
open('/home/runner/.config/babel/babel.ini', 557056, 0x00000000000001b6)
open('/home/runner/.nimble/nimbledata2.json', 557056, 0x00000000000001b6)
writev(1, 0x00007ffd37c107d0, 2)
writev(1, 0x00007ffd37c100b0, 2)
open('/home/runner/.nimble/packages_official.json', 557056, 0x00000000000001b6)
mkdir('/tmp/', 0x00000000000001ff)
mkdir('/tmp/nimble_5316/', 0x00000000000001ff)
mkdir('/tmp/nimble_5316/githubcom_ringaboutnimish', 0x00000000000001ff)
writev(1, 0x00007ffd37c10080, 2)
open('/tmp/nimble_5316/githubcom_ringaboutnimish', 622592, 0x0000000000000000)
rmdir('/tmp/nimble_5316/githubcom_ringaboutnimish')
writev(1, 0x00007ffd37c0fff0, 2)
mkdir(94796060853312, 0x00000000000001ff)
Error tracing process: readBytes(0x000056376d888440, 256) error: [Errno 5] Input/output error.
