     Info:  Nimble data file "/home/runner/.nimble/nimbledata2.json" has been loaded.
    Reading official package list
Downloading https://github.com/Mycsina/NiMIDI using git
   Warning: The package has no tagged releases, downloading HEAD instead.
open('/workspace/destdir/ssl/openssl.cnf', 32768, 0x00000000000001b6)
open('/home/runner/.config/nimble/nimble.ini', 557056, 0x00000000000001b6)
open('/home/runner/.config/babel/babel.ini', 557056, 0x00000000000001b6)
open('/home/runner/.nimble/nimbledata2.json', 557056, 0x00000000000001b6)
writev(1, 0x00007ffd1fe01240, 2)
writev(1, 0x00007ffd1fe00b20, 2)
open('/home/runner/.nimble/packages_official.json', 557056, 0x00000000000001b6)
mkdir('/tmp/', 0x00000000000001ff)
mkdir('/tmp/nimble_6651/', 0x00000000000001ff)
mkdir('/tmp/nimble_6651/githubcom_MycsinaNiMIDI', 0x00000000000001ff)
writev(1, 0x00007ffd1fe00af0, 2)
open('/tmp/nimble_6651/githubcom_MycsinaNiMIDI', 622592, 0x0000000000000000)
rmdir('/tmp/nimble_6651/githubcom_MycsinaNiMIDI')
writev(1, 0x00007ffd1fe00a60, 2)
mkdir(94400831747136, 0x00000000000001ff)
Error tracing process: readBytes(0x000055db680af440, 256) error: [Errno 5] Input/output error.
