     Info:  Nimble data file "/home/runner/.nimble/nimbledata2.json" has been loaded.
    Reading official package list
Downloading https://github.com/ThomasTJdev/nimics using git
    Cloning latest tagged version: 0.2.0
open('/workspace/destdir/ssl/openssl.cnf', 32768, 0x00000000000001b6)
open('/home/runner/.config/nimble/nimble.ini', 557056, 0x00000000000001b6)
open('/home/runner/.config/babel/babel.ini', 557056, 0x00000000000001b6)
open('/home/runner/.nimble/nimbledata2.json', 557056, 0x00000000000001b6)
writev(1, 0x00007ffc3850bb60, 2)
writev(1, 0x00007ffc3850b440, 2)
open('/home/runner/.nimble/packages_official.json', 557056, 0x00000000000001b6)
mkdir('/tmp/', 0x00000000000001ff)
mkdir('/tmp/nimble_5576/', 0x00000000000001ff)
mkdir('/tmp/nimble_5576/githubcom_ThomasTJdevnimics', 0x00000000000001ff)
writev(1, 0x00007ffc3850b410, 2)
open('/tmp/nimble_5576/githubcom_ThomasTJdevnimics', 622592, 0x0000000000000000)
rmdir('/tmp/nimble_5576/githubcom_ThomasTJdevnimics')
writev(1, 0x00007ffc3850b380, 2)
mkdir(93882251867184, 0x00000000000001ff)
Error tracing process: readBytes(0x00005562aa45f430, 256) error: [Errno 5] Input/output error.
