     Info:  Nimble data file "/home/runner/.nimble/nimbledata2.json" has been loaded.
    Reading official package list
Downloading https://github.com/hitblast/nimip using git
    Cloning latest tagged version: 1.2.1
open('/workspace/destdir/ssl/openssl.cnf', 32768, 0x00000000000001b6)
open('/home/runner/.config/nimble/nimble.ini', 557056, 0x00000000000001b6)
open('/home/runner/.config/babel/babel.ini', 557056, 0x00000000000001b6)
open('/home/runner/.nimble/nimbledata2.json', 557056, 0x00000000000001b6)
writev(1, 0x00007fffbed366f0, 2)
open('/home/runner/work/nim_packages_security_audit/nim_packages_security_audit', 622592, 0x0000000000000000)
writev(1, 0x00007fffbed35dc0, 2)
open('/home/runner/.nimble/packages_official.json', 557056, 0x00000000000001b6)
mkdir('/tmp/', 0x00000000000001ff)
mkdir('/tmp/nimble_2164/', 0x00000000000001ff)
mkdir('/tmp/nimble_2164/githubcom_hitblastnimip', 0x00000000000001ff)
writev(1, 0x00007fffbed35d80, 2)
open('/tmp/nimble_2164/githubcom_hitblastnimip', 622592, 0x0000000000000000)
rmdir('/tmp/nimble_2164/githubcom_hitblastnimip')
writev(1, 0x00007fffbed35cf0, 2)
mkdir(94855838643328, 0x00000000000001ff)
Error tracing process: readBytes(0x0000564558913480, 256) error: [Errno 5] Input/output error.
