     Info:  Nimble data file "/home/runner/.nimble/nimbledata2.json" has been loaded.
    Reading official package list
Downloading https://github.com/nim-lang/niminst using git
   Warning: The package has no tagged releases, downloading HEAD instead.
open('/workspace/destdir/ssl/openssl.cnf', 32768, 0x00000000000001b6)
open('/home/runner/.config/nimble/nimble.ini', 557056, 0x00000000000001b6)
open('/home/runner/.config/babel/babel.ini', 557056, 0x00000000000001b6)
open('/home/runner/.nimble/nimbledata2.json', 557056, 0x00000000000001b6)
writev(1, 0x00007fff6b5db830, 2)
open('/home/runner/work/nim_packages_security_audit/nim_packages_security_audit', 622592, 0x0000000000000000)
writev(1, 0x00007fff6b5daf00, 2)
open('/home/runner/.nimble/packages_official.json', 557056, 0x00000000000001b6)
mkdir('/tmp/', 0x00000000000001ff)
mkdir('/tmp/nimble_2684/', 0x00000000000001ff)
mkdir('/tmp/nimble_2684/githubcom_nimlangniminst', 0x00000000000001ff)
writev(1, 0x00007fff6b5daec0, 2)
open('/tmp/nimble_2684/githubcom_nimlangniminst', 622592, 0x0000000000000000)
rmdir('/tmp/nimble_2684/githubcom_nimlangniminst')
writev(1, 0x00007fff6b5dae30, 2)
mkdir(94764560254080, 0x00000000000001ff)
Error tracing process: readBytes(0x0000563017f38480, 256) error: [Errno 5] Input/output error.
