      Info: Package cache path /home/runner/.nimble/pkgcache
     Info:  Nimble data file "/home/runner/.nimble/nimbledata2.json" has been loaded.
    Reading official package list
Downloading https://github.com/SciNim/nimjl using git
    Cloning latest tagged version: v0.8.4
open('/workspace/destdir/ssl/openssl.cnf', 32768, 0x00000000000001b6)
open('/home/runner/.config/nimble/nimble.ini', 557056, 0x00000000000001b6)
open('/home/runner/.config/babel/babel.ini', 557056, 0x00000000000001b6)
writev(1, 0x00007ffc2ac6ee50, 2)
open('/home/runner/.nimble/nimbledata2.json', 557056, 0x00000000000001b6)
writev(1, 0x00007ffc2ac6ef20, 2)
writev(1, 0x00007ffca6aa0250, 2)
writev(1, 0x00007ffca6aa02e0, 2)
writev(1, 0x00007ffca6aa02e0, 2)
writev(1, 0x00007ffca6aa02e0, 2)
writev(1, 0x00007ffc2ac6d930, 2)
open('/home/runner/.nimble/packages_official.json', 557056, 0x00000000000001b6)
mkdir('/home/', 0x00000000000001ff)
mkdir('/home/runner/', 0x00000000000001ff)
mkdir('/home/runner/.nimble/', 0x00000000000001ff)
mkdir('/home/runner/.nimble/pkgcache/', 0x00000000000001ff)
mkdir('/home/runner/.nimble/pkgcache/githubcom_SciNimnimjl', 0x00000000000001ff)
open('/home/runner/.nimble/pkgcache/githubcom_SciNimnimjl', 622592, 0x0000000000000000)
writev(1, 0x00007ffc2ac6d990, 2)
open('/home/runner/.nimble/pkgcache/githubcom_SciNimnimjl', 622592, 0x0000000000000000)
rmdir('/home/runner/.nimble/pkgcache/githubcom_SciNimnimjl')
writev(1, 0x00007ffc2ac6d880, 2)
mkdir(94304141908768, 0x00000000000001ff)
Error tracing process: readBytes(0x000055c4e4e11b20, 256) error: [Errno 5] Input/output error.
