      Info: Package cache path /home/runner/.nimble/pkgcache
     Info:  Nimble data file "/home/runner/.nimble/nimbledata2.json" has been loaded.
    Reading official package list
Downloading https://github.com/enthus1ast/nimja using git
    Cloning latest tagged version: 0.10.1
open('/workspace/destdir/ssl/openssl.cnf', 32768, 0x00000000000001b6)
open('/home/runner/.config/nimble/nimble.ini', 557056, 0x00000000000001b6)
open('/home/runner/.config/babel/babel.ini', 557056, 0x00000000000001b6)
writev(1, 0x00007ffecce8bae0, 2)
open('/home/runner/.nimble/nimbledata2.json', 557056, 0x00000000000001b6)
writev(1, 0x00007ffecce8bbb0, 2)
writev(1, 0x00007ffcdabfb410, 2)
writev(1, 0x00007ffcdabfb4a0, 2)
writev(1, 0x00007ffcdabfb4a0, 2)
writev(1, 0x00007ffcdabfb4a0, 2)
writev(1, 0x00007ffecce8a590, 2)
open('/home/runner/.nimble/packages_official.json', 557056, 0x00000000000001b6)
mkdir('/home/', 0x00000000000001ff)
mkdir('/home/runner/', 0x00000000000001ff)
mkdir('/home/runner/.nimble/', 0x00000000000001ff)
mkdir('/home/runner/.nimble/pkgcache/', 0x00000000000001ff)
mkdir('/home/runner/.nimble/pkgcache/githubcom_enthus1astnimja', 0x00000000000001ff)
open('/home/runner/.nimble/pkgcache/githubcom_enthus1astnimja', 622592, 0x0000000000000000)
writev(1, 0x00007ffecce8a670, 2)
open('/home/runner/.nimble/pkgcache/githubcom_enthus1astnimja', 622592, 0x0000000000000000)
rmdir('/home/runner/.nimble/pkgcache/githubcom_enthus1astnimja')
writev(1, 0x00007ffecce8a560, 2)
mkdir(93923415739104, 0x00000000000001ff)
Error tracing process: readBytes(0x0000556c3fd4cae0, 256) error: [Errno 5] Input/output error.
