      Info: Package cache path /home/runner/.nimble/pkgcache
     Info:  Nimble data file "/home/runner/.nimble/nimbledata2.json" has been loaded.
    Reading official package list
Downloading https://github.com/nim-lang/langserver using git
    Cloning latest tagged version: v1.12.0
open('/workspace/destdir/ssl/openssl.cnf', 32768, 0x00000000000001b6)
open('/home/runner/.config/nimble/nimble.ini', 557056, 0x00000000000001b6)
open('/home/runner/.config/babel/babel.ini', 557056, 0x00000000000001b6)
writev(1, 0x00007ffc4c5406f0, 2)
open('/home/runner/.nimble/nimbledata2.json', 557056, 0x00000000000001b6)
writev(1, 0x00007ffc4c5407c0, 2)
writev(1, 0x00007ffee86c8d70, 2)
writev(1, 0x00007ffee86c8e00, 2)
writev(1, 0x00007ffee86c8e00, 2)
writev(1, 0x00007ffee86c8e00, 2)
writev(1, 0x00007ffc4c53f1d0, 2)
open('/home/runner/.nimble/packages_official.json', 557056, 0x00000000000001b6)
mkdir('/home/', 0x00000000000001ff)
mkdir('/home/runner/', 0x00000000000001ff)
mkdir('/home/runner/.nimble/', 0x00000000000001ff)
mkdir('/home/runner/.nimble/pkgcache/', 0x00000000000001ff)
mkdir('/home/runner/.nimble/pkgcache/githubcom_nimlanglangserver', 0x00000000000001ff)
open('/home/runner/.nimble/pkgcache/githubcom_nimlanglangserver', 622592, 0x0000000000000000)
writev(1, 0x00007ffc4c53f230, 2)
open('/home/runner/.nimble/pkgcache/githubcom_nimlanglangserver', 622592, 0x0000000000000000)
rmdir('/home/runner/.nimble/pkgcache/githubcom_nimlanglangserver')
writev(1, 0x00007ffc4c53f120, 2)
mkdir(93910365961088, 0x00000000000001ff)
Error tracing process: readBytes(0x000055693600fb80, 256) error: [Errno 5] Input/output error.
