      Info: Package cache path /home/runner/.nimble/pkgcache
     Info:  Nimble data file "/home/runner/.nimble/nimbledata2.json" has been loaded.
    Reading official package list
Downloading https://github.com/Anuken/nimlzf using git
    Cloning latest tagged version: 1.1.1
open('/workspace/destdir/ssl/openssl.cnf', 32768, 0x00000000000001b6)
open('/home/runner/.config/nimble/nimble.ini', 557056, 0x00000000000001b6)
open('/home/runner/.config/babel/babel.ini', 557056, 0x00000000000001b6)
writev(1, 0x00007ffc9cbf55b0, 2)
open('/home/runner/.nimble/nimbledata2.json', 557056, 0x00000000000001b6)
writev(1, 0x00007ffc9cbf5680, 2)
writev(1, 0x00007ffddc5bd330, 2)
writev(1, 0x00007ffddc5bd3c0, 2)
writev(1, 0x00007ffddc5bd3c0, 2)
writev(1, 0x00007ffddc5bd3c0, 2)
writev(1, 0x00007ffc9cbf4090, 2)
open('/home/runner/.nimble/packages_official.json', 557056, 0x00000000000001b6)
mkdir('/home/', 0x00000000000001ff)
mkdir('/home/runner/', 0x00000000000001ff)
mkdir('/home/runner/.nimble/', 0x00000000000001ff)
mkdir('/home/runner/.nimble/pkgcache/', 0x00000000000001ff)
mkdir('/home/runner/.nimble/pkgcache/githubcom_Anukennimlzf', 0x00000000000001ff)
open('/home/runner/.nimble/pkgcache/githubcom_Anukennimlzf', 622592, 0x0000000000000000)
writev(1, 0x00007ffc9cbf40f0, 2)
open('/home/runner/.nimble/pkgcache/githubcom_Anukennimlzf', 622592, 0x0000000000000000)
rmdir('/home/runner/.nimble/pkgcache/githubcom_Anukennimlzf')
writev(1, 0x00007ffc9cbf3fe0, 2)
mkdir(94273162623776, 0x00000000000001ff)
Error tracing process: readBytes(0x000055bdae5ebb20, 256) error: [Errno 5] Input/output error.
