      Info: Package cache path /home/runner/.nimble/pkgcache
     Info:  Nimble data file "/home/runner/.nimble/nimbledata2.json" has been loaded.
    Reading official package list
Downloading https://github.com/ThomasTJdev/nimlibxlsxwriter using git
    Cloning latest tagged version: v0.3.0
open('/workspace/destdir/ssl/openssl.cnf', 32768, 0x00000000000001b6)
open('/home/runner/.config/nimble/nimble.ini', 557056, 0x00000000000001b6)
open('/home/runner/.config/babel/babel.ini', 557056, 0x00000000000001b6)
writev(1, 0x00007fff133b7090, 2)
open('/home/runner/.nimble/nimbledata2.json', 557056, 0x00000000000001b6)
writev(1, 0x00007fff133b7160, 2)
writev(1, 0x00007fff4155a030, 2)
writev(1, 0x00007fff4155a0c0, 2)
writev(1, 0x00007fff4155a0c0, 2)
writev(1, 0x00007fff4155a0c0, 2)
writev(1, 0x00007fff133b5b70, 2)
open('/home/runner/.nimble/packages_official.json', 557056, 0x00000000000001b6)
mkdir('/home/', 0x00000000000001ff)
mkdir('/home/runner/', 0x00000000000001ff)
mkdir('/home/runner/.nimble/', 0x00000000000001ff)
mkdir('/home/runner/.nimble/pkgcache/', 0x00000000000001ff)
mkdir('/home/runner/.nimble/pkgcache/githubcom_ThomasTJdevnimlibxlsxwriter', 0x00000000000001ff)
open('/home/runner/.nimble/pkgcache/githubcom_ThomasTJdevnimlibxlsxwriter', 622592, 0x0000000000000000)
writev(1, 0x00007fff133b5bd0, 2)
open('/home/runner/.nimble/pkgcache/githubcom_ThomasTJdevnimlibxlsxwriter', 622592, 0x0000000000000000)
rmdir('/home/runner/.nimble/pkgcache/githubcom_ThomasTJdevnimlibxlsxwriter')
writev(1, 0x00007fff133b5ac0, 2)
mkdir(94560088779664, 0x00000000000001ff)
Error tracing process: readBytes(0x000056007c806b90, 256) error: [Errno 5] Input/output error.
