     Info:  Nimble data file "/home/runner/.nimble/nimbledata2.json" has been loaded.
    Reading official package list
Downloading https://github.com/PMunch/nimlsp using git
    Cloning latest tagged version: v0.4.6
open('/workspace/destdir/ssl/openssl.cnf', 32768, 0x00000000000001b6)
open('/home/runner/.config/nimble/nimble.ini', 557056, 0x00000000000001b6)
open('/home/runner/.config/babel/babel.ini', 557056, 0x00000000000001b6)
open('/home/runner/.nimble/nimbledata2.json', 557056, 0x00000000000001b6)
writev(1, 0x00007fff5f44d0d0, 2)
writev(1, 0x00007fff5f44c9b0, 2)
open('/home/runner/.nimble/packages_official.json', 557056, 0x00000000000001b6)
mkdir('/tmp/', 0x00000000000001ff)
mkdir('/tmp/nimble_2535/', 0x00000000000001ff)
mkdir('/tmp/nimble_2535/githubcom_PMunchnimlsp', 0x00000000000001ff)
writev(1, 0x00007fff5f44c980, 2)
open('/tmp/nimble_2535/githubcom_PMunchnimlsp', 622592, 0x0000000000000000)
rmdir('/tmp/nimble_2535/githubcom_PMunchnimlsp')
writev(1, 0x00007fff5f44c8f0, 2)
mkdir(94645007112064, 0x00000000000001ff)
Error tracing process: readBytes(0x0000561442075780, 256) error: [Errno 5] Input/output error.
