     Info:  Nimble data file "/home/runner/.nimble/nimbledata2.json" has been loaded.
    Reading official package list
Downloading https://github.com/genotrance/nimmonocypher using git
    Cloning latest tagged version: v0.1.2
open('/workspace/destdir/ssl/openssl.cnf', 32768, 0x00000000000001b6)
open('/home/runner/.config/nimble/nimble.ini', 557056, 0x00000000000001b6)
open('/home/runner/.config/babel/babel.ini', 557056, 0x00000000000001b6)
open('/home/runner/.nimble/nimbledata2.json', 557056, 0x00000000000001b6)
writev(1, 0x00007fff33f9f820, 2)
writev(1, 0x00007fff33f9f100, 2)
open('/home/runner/.nimble/packages_official.json', 557056, 0x00000000000001b6)
mkdir('/tmp/', 0x00000000000001ff)
mkdir('/tmp/nimble_4274/', 0x00000000000001ff)
mkdir('/tmp/nimble_4274/githubcom_genotrancenimmonocypher', 0x00000000000001ff)
writev(1, 0x00007fff33f9f0d0, 2)
open('/tmp/nimble_4274/githubcom_genotrancenimmonocypher', 622592, 0x0000000000000000)
rmdir('/tmp/nimble_4274/githubcom_genotrancenimmonocypher')
writev(1, 0x00007fff33f9f040, 2)
mkdir(94314532136224, 0x00000000000001ff)
Error tracing process: readBytes(0x000055c7502f6520, 256) error: [Errno 5] Input/output error.
