      Info: Package cache path /home/runner/.nimble/pkgcache
     Info:  Nimble data file "/home/runner/.nimble/nimbledata2.json" has been loaded.
    Reading official package list
Downloading https://github.com/YesDrX/nimodbclite using git
    Cloning latest tagged version: 0.3.0
open('/workspace/destdir/ssl/openssl.cnf', 32768, 0x00000000000001b6)
open('/home/runner/.config/nimble/nimble.ini', 557056, 0x00000000000001b6)
open('/home/runner/.config/babel/babel.ini', 557056, 0x00000000000001b6)
writev(1, 0x00007fffc36be7f0, 2)
open('/home/runner/.nimble/nimbledata2.json', 557056, 0x00000000000001b6)
writev(1, 0x00007fffc36be8c0, 2)
writev(1, 0x00007ffc96cb5ea0, 2)
writev(1, 0x00007ffc96cb5f30, 2)
writev(1, 0x00007ffc96cb5f30, 2)
writev(1, 0x00007ffc96cb5f30, 2)
writev(1, 0x00007fffc36bd2d0, 2)
open('/home/runner/.nimble/packages_official.json', 557056, 0x00000000000001b6)
mkdir('/home/', 0x00000000000001ff)
mkdir('/home/runner/', 0x00000000000001ff)
mkdir('/home/runner/.nimble/', 0x00000000000001ff)
mkdir('/home/runner/.nimble/pkgcache/', 0x00000000000001ff)
mkdir('/home/runner/.nimble/pkgcache/githubcom_YesDrXnimodbclite', 0x00000000000001ff)
open('/home/runner/.nimble/pkgcache/githubcom_YesDrXnimodbclite', 622592, 0x0000000000000000)
writev(1, 0x00007fffc36bd330, 2)
open('/home/runner/.nimble/pkgcache/githubcom_YesDrXnimodbclite', 622592, 0x0000000000000000)
rmdir('/home/runner/.nimble/pkgcache/githubcom_YesDrXnimodbclite')
writev(1, 0x00007fffc36bd220, 2)
mkdir(94025407777664, 0x00000000000001ff)
Error tracing process: readBytes(0x00005583ff07cb80, 256) error: [Errno 5] Input/output error.
