      Info: Package cache path /home/runner/.nimble/pkgcache
     Info:  Nimble data file "/home/runner/.nimble/nimbledata2.json" has been loaded.
    Reading official package list
Downloading https://github.com/SSPkrolik/nimongo using git
    Cloning latest tagged version: v0.2.0
open('/workspace/destdir/ssl/openssl.cnf', 32768, 0x00000000000001b6)
open('/home/runner/.config/nimble/nimble.ini', 557056, 0x00000000000001b6)
open('/home/runner/.config/babel/babel.ini', 557056, 0x00000000000001b6)
writev(1, 0x00007fff8f9e30a0, 2)
open('/home/runner/.nimble/nimbledata2.json', 557056, 0x00000000000001b6)
writev(1, 0x00007fff8f9e3170, 2)
writev(1, 0x00007ffc9fa5b490, 2)
writev(1, 0x00007ffc9fa5b520, 2)
writev(1, 0x00007ffc9fa5b520, 2)
writev(1, 0x00007ffc9fa5b520, 2)
writev(1, 0x00007fff8f9e1b50, 2)
open('/home/runner/.nimble/packages_official.json', 557056, 0x00000000000001b6)
mkdir('/home/', 0x00000000000001ff)
mkdir('/home/runner/', 0x00000000000001ff)
mkdir('/home/runner/.nimble/', 0x00000000000001ff)
mkdir('/home/runner/.nimble/pkgcache/', 0x00000000000001ff)
mkdir('/home/runner/.nimble/pkgcache/githubcom_SSPkroliknimongo', 0x00000000000001ff)
open('/home/runner/.nimble/pkgcache/githubcom_SSPkroliknimongo', 622592, 0x0000000000000000)
writev(1, 0x00007fff8f9e1c30, 2)
open('/home/runner/.nimble/pkgcache/githubcom_SSPkroliknimongo', 622592, 0x0000000000000000)
rmdir('/home/runner/.nimble/pkgcache/githubcom_SSPkroliknimongo')
writev(1, 0x00007fff8f9e1b20, 2)
mkdir(94237809773376, 0x00000000000001ff)
Error tracing process: readBytes(0x000055b5732d0b40, 256) error: [Errno 5] Input/output error.
