      Info: Package cache path /home/runner/.nimble/pkgcache
     Info:  Nimble data file "/home/runner/.nimble/nimbledata2.json" has been loaded.
    Reading official package list
Downloading https://github.com/yglukhov/nimpy using git
   Warning: The package has no tagged releases, downloading HEAD instead.
open('/workspace/destdir/ssl/openssl.cnf', 32768, 0x00000000000001b6)
open('/home/runner/.config/nimble/nimble.ini', 557056, 0x00000000000001b6)
open('/home/runner/.config/babel/babel.ini', 557056, 0x00000000000001b6)
writev(1, 0x00007ffc99705e60, 2)
open('/home/runner/.nimble/nimbledata2.json', 557056, 0x00000000000001b6)
writev(1, 0x00007ffc99705f30, 2)
writev(1, 0x00007fff0a0be890, 2)
writev(1, 0x00007fff0a0be920, 2)
writev(1, 0x00007fff0a0be920, 2)
writev(1, 0x00007fff0a0be920, 2)
writev(1, 0x00007ffc99704910, 2)
open('/home/runner/.nimble/packages_official.json', 557056, 0x00000000000001b6)
mkdir('/home/', 0x00000000000001ff)
mkdir('/home/runner/', 0x00000000000001ff)
mkdir('/home/runner/.nimble/', 0x00000000000001ff)
mkdir('/home/runner/.nimble/pkgcache/', 0x00000000000001ff)
mkdir('/home/runner/.nimble/pkgcache/githubcom_yglukhovnimpy', 0x00000000000001ff)
open('/home/runner/.nimble/pkgcache/githubcom_yglukhovnimpy', 622592, 0x0000000000000000)
writev(1, 0x00007ffc997049f0, 2)
open('/home/runner/.nimble/pkgcache/githubcom_yglukhovnimpy', 622592, 0x0000000000000000)
rmdir('/home/runner/.nimble/pkgcache/githubcom_yglukhovnimpy')
writev(1, 0x00007ffc997048e0, 2)
mkdir(94432168180368, 0x00000000000001ff)
Error tracing process: readBytes(0x000055e2b3d6fa90, 256) error: [Errno 5] Input/output error.
