     Info:  Nimble data file "/home/runner/.nimble/nimbledata2.json" has been loaded.
    Reading official package list
Downloading https://github.com/oswjk/nimpb using git
   Warning: The package has no tagged releases, downloading HEAD instead.
open('/workspace/destdir/ssl/openssl.cnf', 32768, 0x00000000000001b6)
open('/home/runner/.config/nimble/nimble.ini', 557056, 0x00000000000001b6)
open('/home/runner/.config/babel/babel.ini', 557056, 0x00000000000001b6)
open('/home/runner/.nimble/nimbledata2.json', 557056, 0x00000000000001b6)
writev(1, 0x00007ffc0b076800, 2)
writev(1, 0x00007ffc0b0760e0, 2)
open('/home/runner/.nimble/packages_official.json', 557056, 0x00000000000001b6)
mkdir('/tmp/', 0x00000000000001ff)
mkdir('/tmp/nimble_3873/', 0x00000000000001ff)
mkdir('/tmp/nimble_3873/githubcom_oswjknimpb', 0x00000000000001ff)
writev(1, 0x00007ffc0b0760b0, 2)
open('/tmp/nimble_3873/githubcom_oswjknimpb', 622592, 0x0000000000000000)
rmdir('/tmp/nimble_3873/githubcom_oswjknimpb')
writev(1, 0x00007ffc0b076020, 2)
mkdir(93899006015344, 0x00000000000001ff)
Error tracing process: readBytes(0x0000556690e5f770, 256) error: [Errno 5] Input/output error.
