      Info: Package cache path /home/runner/.nimble/pkgcache
     Info:  Nimble data file "/home/runner/.nimble/nimbledata2.json" has been loaded.
    Reading official package list
Downloading https://github.com/mpinese/nimpress using git
    Cloning latest tagged version: v1.0.0
open('/workspace/destdir/ssl/openssl.cnf', 32768, 0x00000000000001b6)
open('/home/runner/.config/nimble/nimble.ini', 557056, 0x00000000000001b6)
open('/home/runner/.config/babel/babel.ini', 557056, 0x00000000000001b6)
writev(1, 0x00007ffc1e73ca60, 2)
open('/home/runner/.nimble/nimbledata2.json', 557056, 0x00000000000001b6)
writev(1, 0x00007ffc1e73cb30, 2)
writev(1, 0x00007ffd0df86b40, 2)
writev(1, 0x00007ffd0df86bd0, 2)
writev(1, 0x00007ffd0df86bd0, 2)
writev(1, 0x00007ffd0df86bd0, 2)
writev(1, 0x00007ffc1e73b540, 2)
open('/home/runner/.nimble/packages_official.json', 557056, 0x00000000000001b6)
mkdir('/home/', 0x00000000000001ff)
mkdir('/home/runner/', 0x00000000000001ff)
mkdir('/home/runner/.nimble/', 0x00000000000001ff)
mkdir('/home/runner/.nimble/pkgcache/', 0x00000000000001ff)
mkdir('/home/runner/.nimble/pkgcache/githubcom_mpinesenimpress', 0x00000000000001ff)
open('/home/runner/.nimble/pkgcache/githubcom_mpinesenimpress', 622592, 0x0000000000000000)
writev(1, 0x00007ffc1e73b5a0, 2)
open('/home/runner/.nimble/pkgcache/githubcom_mpinesenimpress', 622592, 0x0000000000000000)
rmdir('/home/runner/.nimble/pkgcache/githubcom_mpinesenimpress')
writev(1, 0x00007ffc1e73b490, 2)
mkdir(94537771354912, 0x00000000000001ff)
Error tracing process: readBytes(0x000055fb4a478b20, 256) error: [Errno 5] Input/output error.
