     Info:  Nimble data file "/home/runner/.nimble/nimbledata2.json" has been loaded.
    Reading official package list
Downloading https://github.com/amkrajewski/nimplex using git
    Cloning latest tagged version: v0.6.0
open('/workspace/destdir/ssl/openssl.cnf', 32768, 0x00000000000001b6)
open('/home/runner/.config/nimble/nimble.ini', 557056, 0x00000000000001b6)
open('/home/runner/.config/babel/babel.ini', 557056, 0x00000000000001b6)
open('/home/runner/.nimble/nimbledata2.json', 557056, 0x00000000000001b6)
writev(1, 0x00007fffcc060f80, 2)
open('/home/runner/work/nim_packages_security_audit/nim_packages_security_audit', 622592, 0x0000000000000000)
writev(1, 0x00007fffcc060650, 2)
open('/home/runner/.nimble/packages_official.json', 557056, 0x00000000000001b6)
mkdir('/tmp/', 0x00000000000001ff)
mkdir('/tmp/nimble_2139/', 0x00000000000001ff)
mkdir('/tmp/nimble_2139/githubcom_amkrajewskinimplex', 0x00000000000001ff)
writev(1, 0x00007fffcc060610, 2)
open('/tmp/nimble_2139/githubcom_amkrajewskinimplex', 622592, 0x0000000000000000)
rmdir('/tmp/nimble_2139/githubcom_amkrajewskinimplex')
writev(1, 0x00007fffcc060580, 2)
mkdir(94322138559616, 0x00000000000001ff)
Error tracing process: readBytes(0x000055c915903480, 256) error: [Errno 5] Input/output error.
