      Info: Package cache path /home/runner/.nimble/pkgcache
     Info:  Nimble data file "/home/runner/.nimble/nimbledata2.json" has been loaded.
    Reading official package list
Downloading https://github.com/filcuc/nimqml using git
    Cloning latest tagged version: 0.9.3
open('/workspace/destdir/ssl/openssl.cnf', 32768, 0x00000000000001b6)
open('/home/runner/.config/nimble/nimble.ini', 557056, 0x00000000000001b6)
open('/home/runner/.config/babel/babel.ini', 557056, 0x00000000000001b6)
writev(1, 0x00007ffcd06f2410, 2)
open('/home/runner/.nimble/nimbledata2.json', 557056, 0x00000000000001b6)
writev(1, 0x00007ffcd06f24e0, 2)
writev(1, 0x00007ffd5831b2d0, 2)
writev(1, 0x00007ffd5831b360, 2)
writev(1, 0x00007ffd5831b360, 2)
writev(1, 0x00007ffd5831b360, 2)
writev(1, 0x00007ffcd06f0ef0, 2)
open('/home/runner/.nimble/packages_official.json', 557056, 0x00000000000001b6)
mkdir('/home/', 0x00000000000001ff)
mkdir('/home/runner/', 0x00000000000001ff)
mkdir('/home/runner/.nimble/', 0x00000000000001ff)
mkdir('/home/runner/.nimble/pkgcache/', 0x00000000000001ff)
mkdir('/home/runner/.nimble/pkgcache/githubcom_filcucnimqml', 0x00000000000001ff)
open('/home/runner/.nimble/pkgcache/githubcom_filcucnimqml', 622592, 0x0000000000000000)
writev(1, 0x00007ffcd06f0f50, 2)
open('/home/runner/.nimble/pkgcache/githubcom_filcucnimqml', 622592, 0x0000000000000000)
rmdir('/home/runner/.nimble/pkgcache/githubcom_filcucnimqml')
writev(1, 0x00007ffcd06f0e40, 2)
mkdir(94124797598496, 0x00000000000001ff)
Error tracing process: readBytes(0x0000559b23201b20, 256) error: [Errno 5] Input/output error.
