     Info:  Nimble data file "/home/runner/.nimble/nimbledata2.json" has been loaded.
    Reading official package list
Downloading https://github.com/faulander/nimQBittorrent using git
download.nim(81)         getTagsListRemote

    Error:  Unable to query remote tags for https://github.com/faulander/nimQBittorrent. Git returned: remote: Repository not found.
        ... fatal: repository 'https://github.com/faulander/nimQBittorrent/' not found
     Info:  Nimble data file "/home/runner/.nimble/nimbledata2.json" has been saved.
open('/workspace/destdir/ssl/openssl.cnf', 32768, 0x00000000000001b6)
open('/home/runner/.config/nimble/nimble.ini', 557056, 0x00000000000001b6)
open('/home/runner/.config/babel/babel.ini', 557056, 0x00000000000001b6)
open('/home/runner/.nimble/nimbledata2.json', 557056, 0x00000000000001b6)
writev(1, 0x00007fff665ec160, 2)
writev(1, 0x00007fff665eba40, 2)
open('/home/runner/.nimble/packages_official.json', 557056, 0x00000000000001b6)
mkdir('/tmp/', 0x00000000000001ff)
mkdir('/tmp/nimble_5164/', 0x00000000000001ff)
mkdir('/tmp/nimble_5164/githubcom_faulandernimQBittorrent', 0x00000000000001ff)
writev(1, 0x00007fff665eba10, 2)
open('/tmp/nimble_5164/githubcom_faulandernimQBittorrent', 622592, 0x0000000000000000)
rmdir('/tmp/nimble_5164/githubcom_faulandernimQBittorrent')
writev(1, 0x00007fff665ec270, 2)
writev(1, 0x00007fff665ec1f0, 2)
writev(1, 0x00007fff665ec1f0, 2)
open('/tmp/nimble_5164', 622592, 0x0000000000000000)
rmdir('/tmp/nimble_5164')
open('/home/runner/.nimble/nimbledata2.json', 557633, 0x00000000000001b6)
writev(3, 0x00007fff665ec0c0, 2)
writev(1, 0x00007fff665ec210, 2)
  create directory /tmp
  create directory /tmp/nimble_5164
  create directory /tmp/nimble_5164/githubcom_faulandernimQBittorrent
  delete /tmp/nimble_5164/githubcom_faulandernimQBittorrent
  delete /tmp/nimble_5164
  truncate file /home/runner/.nimble/nimbledata2.json
