     Info:  Nimble data file "/home/runner/.nimble/nimbledata2.json" has been loaded.
    Reading official package list
Downloading https://github.com/jpoirier/nimrtlsdr using git
    Cloning latest tagged version: v0.1.4
open('/workspace/destdir/ssl/openssl.cnf', 32768, 0x00000000000001b6)
open('/home/runner/.config/nimble/nimble.ini', 557056, 0x00000000000001b6)
open('/home/runner/.config/babel/babel.ini', 557056, 0x00000000000001b6)
open('/home/runner/.nimble/nimbledata2.json', 557056, 0x00000000000001b6)
writev(1, 0x00007fffa321f3d0, 2)
writev(1, 0x00007fffa321ecb0, 2)
open('/home/runner/.nimble/packages_official.json', 557056, 0x00000000000001b6)
mkdir('/tmp/', 0x00000000000001ff)
mkdir('/tmp/nimble_2579/', 0x00000000000001ff)
mkdir('/tmp/nimble_2579/githubcom_jpoiriernimrtlsdr', 0x00000000000001ff)
writev(1, 0x00007fffa321ec80, 2)
open('/tmp/nimble_2579/githubcom_jpoiriernimrtlsdr', 622592, 0x0000000000000000)
rmdir('/tmp/nimble_2579/githubcom_jpoiriernimrtlsdr')
writev(1, 0x00007fffa321ebf0, 2)
mkdir(94051563516976, 0x00000000000001ff)
Error tracing process: readBytes(0x0000558a1608b430, 256) error: [Errno 5] Input/output error.
