     Info:  Nimble data file "/home/runner/.nimble/nimbledata2.json" has been loaded.
    Reading official package list
Downloading https://github.com/genotrance/nimrax using git
    Cloning latest tagged version: v0.1.1
open('/workspace/destdir/ssl/openssl.cnf', 32768, 0x00000000000001b6)
open('/home/runner/.config/nimble/nimble.ini', 557056, 0x00000000000001b6)
open('/home/runner/.config/babel/babel.ini', 557056, 0x00000000000001b6)
open('/home/runner/.nimble/nimbledata2.json', 557056, 0x00000000000001b6)
writev(1, 0x00007ffec46f7350, 2)
writev(1, 0x00007ffec46f6c30, 2)
open('/home/runner/.nimble/packages_official.json', 557056, 0x00000000000001b6)
mkdir('/tmp/', 0x00000000000001ff)
mkdir('/tmp/nimble_3664/', 0x00000000000001ff)
mkdir('/tmp/nimble_3664/githubcom_genotrancenimrax', 0x00000000000001ff)
writev(1, 0x00007ffec46f6c00, 2)
open('/tmp/nimble_3664/githubcom_genotrancenimrax', 622592, 0x0000000000000000)
rmdir('/tmp/nimble_3664/githubcom_genotrancenimrax')
writev(1, 0x00007ffec46f6b70, 2)
mkdir(94404330681408, 0x00000000000001ff)
Error tracing process: readBytes(0x000055dc38987440, 256) error: [Errno 5] Input/output error.
