      Info: Package cache path /home/runner/.nimble/pkgcache
     Info:  Nimble data file "/home/runner/.nimble/nimbledata2.json" has been loaded.
    Reading official package list
Downloading https://github.com/dfdeshom/nimrdkafka.git using git
   Warning: The package has no tagged releases, downloading HEAD instead.
open('/workspace/destdir/ssl/openssl.cnf', 32768, 0x00000000000001b6)
open('/home/runner/.config/nimble/nimble.ini', 557056, 0x00000000000001b6)
open('/home/runner/.config/babel/babel.ini', 557056, 0x00000000000001b6)
writev(1, 0x00007ffd222032e0, 2)
open('/home/runner/.nimble/nimbledata2.json', 557056, 0x00000000000001b6)
writev(1, 0x00007ffd222033b0, 2)
writev(1, 0x00007ffd88dfc9e0, 2)
writev(1, 0x00007ffd88dfca70, 2)
writev(1, 0x00007ffd88dfca70, 2)
writev(1, 0x00007ffd88dfca70, 2)
writev(1, 0x00007ffd22201dc0, 2)
open('/home/runner/.nimble/packages_official.json', 557056, 0x00000000000001b6)
mkdir('/home/', 0x00000000000001ff)
mkdir('/home/runner/', 0x00000000000001ff)
mkdir('/home/runner/.nimble/', 0x00000000000001ff)
mkdir('/home/runner/.nimble/pkgcache/', 0x00000000000001ff)
mkdir('/home/runner/.nimble/pkgcache/githubcom_dfdeshomnimrdkafkagit', 0x00000000000001ff)
open('/home/runner/.nimble/pkgcache/githubcom_dfdeshomnimrdkafkagit', 622592, 0x0000000000000000)
writev(1, 0x00007ffd22201e20, 2)
open('/home/runner/.nimble/pkgcache/githubcom_dfdeshomnimrdkafkagit', 622592, 0x0000000000000000)
rmdir('/home/runner/.nimble/pkgcache/githubcom_dfdeshomnimrdkafkagit')
writev(1, 0x00007ffd22201d10, 2)
mkdir(93934227221312, 0x00000000000001ff)
Error tracing process: readBytes(0x0000556ec43eeb40, 256) error: [Errno 5] Input/output error.
