     Info:  Nimble data file "/home/runner/.nimble/nimbledata2.json" has been loaded.
    Reading official package list
Downloading https://github.com/rogercloud/nim-rpc using git
   Warning: The package has no tagged releases, downloading HEAD instead.
open('/workspace/destdir/ssl/openssl.cnf', 32768, 0x00000000000001b6)
open('/home/runner/.config/nimble/nimble.ini', 557056, 0x00000000000001b6)
open('/home/runner/.config/babel/babel.ini', 557056, 0x00000000000001b6)
open('/home/runner/.nimble/nimbledata2.json', 557056, 0x00000000000001b6)
writev(1, 0x00007fff5f64e540, 2)
writev(1, 0x00007fff5f64de20, 2)
open('/home/runner/.nimble/packages_official.json', 557056, 0x00000000000001b6)
mkdir('/tmp/', 0x00000000000001ff)
mkdir('/tmp/nimble_2801/', 0x00000000000001ff)
mkdir('/tmp/nimble_2801/githubcom_rogercloudnimrpc', 0x00000000000001ff)
writev(1, 0x00007fff5f64ddf0, 2)
open('/tmp/nimble_2801/githubcom_rogercloudnimrpc', 622592, 0x0000000000000000)
rmdir('/tmp/nimble_2801/githubcom_rogercloudnimrpc')
writev(1, 0x00007fff5f64dd60, 2)
mkdir(94505868678192, 0x00000000000001ff)
Error tracing process: readBytes(0x000055f3dcbb5430, 256) error: [Errno 5] Input/output error.
