     Info:  Nimble data file "/home/runner/.nimble/nimbledata2.json" has been loaded.
    Reading official package list
Downloading https://github.com/FyraLabs/nimsutils using git
   Warning: The package has no tagged releases, downloading HEAD instead.
open('/workspace/destdir/ssl/openssl.cnf', 32768, 0x00000000000001b6)
open('/home/runner/.config/nimble/nimble.ini', 557056, 0x00000000000001b6)
open('/home/runner/.config/babel/babel.ini', 557056, 0x00000000000001b6)
open('/home/runner/.nimble/nimbledata2.json', 557056, 0x00000000000001b6)
writev(1, 0x00007fffcd56cec0, 2)
open('/home/runner/work/nim_packages_security_audit/nim_packages_security_audit', 622592, 0x0000000000000000)
writev(1, 0x00007fffcd56c590, 2)
open('/home/runner/.nimble/packages_official.json', 557056, 0x00000000000001b6)
mkdir('/tmp/', 0x00000000000001ff)
mkdir('/tmp/nimble_7063/', 0x00000000000001ff)
mkdir('/tmp/nimble_7063/githubcom_FyraLabsnimsutils', 0x00000000000001ff)
writev(1, 0x00007fffcd56c550, 2)
open('/tmp/nimble_7063/githubcom_FyraLabsnimsutils', 622592, 0x0000000000000000)
rmdir('/tmp/nimble_7063/githubcom_FyraLabsnimsutils')
writev(1, 0x00007fffcd56c4c0, 2)
mkdir(93840437204096, 0x00000000000001ff)
Error tracing process: readBytes(0x00005558edecd480, 256) error: [Errno 5] Input/output error.
