     Info:  Nimble data file "/home/runner/.nimble/nimbledata2.json" has been loaded.
    Reading official package list
Downloading https://github.com/genotrance/nimterop using git
    Cloning latest tagged version: v0.6.13
open('/workspace/destdir/ssl/openssl.cnf', 32768, 0x00000000000001b6)
open('/home/runner/.config/nimble/nimble.ini', 557056, 0x00000000000001b6)
open('/home/runner/.config/babel/babel.ini', 557056, 0x00000000000001b6)
open('/home/runner/.nimble/nimbledata2.json', 557056, 0x00000000000001b6)
writev(1, 0x00007ffc530a7e00, 2)
writev(1, 0x00007ffc530a76e0, 2)
open('/home/runner/.nimble/packages_official.json', 557056, 0x00000000000001b6)
mkdir('/tmp/', 0x00000000000001ff)
mkdir('/tmp/nimble_4462/', 0x00000000000001ff)
mkdir('/tmp/nimble_4462/githubcom_genotrancenimterop', 0x00000000000001ff)
writev(1, 0x00007ffc530a76b0, 2)
open('/tmp/nimble_4462/githubcom_genotrancenimterop', 622592, 0x0000000000000000)
rmdir('/tmp/nimble_4462/githubcom_genotrancenimterop')
writev(1, 0x00007ffc530a7620, 2)
mkdir(94864922870832, 0x00000000000001ff)
Error tracing process: readBytes(0x0000564776078430, 256) error: [Errno 5] Input/output error.
