      Info: Package cache path /home/runner/.nimble/pkgcache
     Info:  Nimble data file "/home/runner/.nimble/nimbledata2.json" has been loaded.
    Reading official package list
Downloading https://github.com/alexzzzs/NimTools using git
download.nim(94)         getTagsListRemote

    Error:  Unable to query remote tags for https://github.com/alexzzzs/NimTools . Git returned: remote: Repository not found.
        ... fatal: repository 'https://github.com/alexzzzs/NimTools/' not found
     Info:  Nimble data file "/home/runner/.nimble/nimbledata2.json" has been saved.
open('/workspace/destdir/ssl/openssl.cnf', 32768, 0x00000000000001b6)
open('/home/runner/.config/nimble/nimble.ini', 557056, 0x00000000000001b6)
open('/home/runner/.config/babel/babel.ini', 557056, 0x00000000000001b6)
writev(1, 0x00007fff4ce79af0, 2)
open('/home/runner/.nimble/nimbledata2.json', 557056, 0x00000000000001b6)
writev(1, 0x00007fff4ce79bc0, 2)
writev(1, 0x00007ffe2cc9e8b0, 2)
writev(1, 0x00007ffe2cc9e940, 2)
writev(1, 0x00007ffe2cc9e940, 2)
writev(1, 0x00007ffe2cc9e940, 2)
writev(1, 0x00007fff4ce785d0, 2)
open('/home/runner/.nimble/packages_official.json', 557056, 0x00000000000001b6)
mkdir('/home/', 0x00000000000001ff)
mkdir('/home/runner/', 0x00000000000001ff)
mkdir('/home/runner/.nimble/', 0x00000000000001ff)
mkdir('/home/runner/.nimble/pkgcache/', 0x00000000000001ff)
mkdir('/home/runner/.nimble/pkgcache/githubcom_alexzzzsNimTools', 0x00000000000001ff)
open('/home/runner/.nimble/pkgcache/githubcom_alexzzzsNimTools', 622592, 0x0000000000000000)
writev(1, 0x00007fff4ce78630, 2)
open('/home/runner/.nimble/pkgcache/githubcom_alexzzzsNimTools', 622592, 0x0000000000000000)
rmdir('/home/runner/.nimble/pkgcache/githubcom_alexzzzsNimTools')
writev(1, 0x00007fff4ce79ce0, 2)
writev(1, 0x00007fff4ce79bb0, 2)
writev(1, 0x00007fff4ce79bb0, 2)
open('/tmp/nimble_8101', 622592, 0x0000000000000000)
rmdir('/tmp/nimble_8101')
open('/home/runner/.nimble/nimbledata2.json', 557633, 0x00000000000001b6)
writev(3, 0x00007fff4ce79bb0, 2)
writev(1, 0x00007fff4ce79ba0, 2)
  create directory /home
  create directory /home/runner
  create directory /home/runner/.nimble
  create directory /home/runner/.nimble/pkgcache
  create directory /home/runner/.nimble/pkgcache/githubcom_alexzzzsNimTools
  delete /home/runner/.nimble/pkgcache/githubcom_alexzzzsNimTools
  delete /tmp/nimble_8101
  truncate file /home/runner/.nimble/nimbledata2.json
