     Info:  Nimble data file "/home/runner/.nimble/nimbledata2.json" has been loaded.
    Reading official package list
Downloading https://github.com/haxscramper/nimtraits using git
    Cloning latest tagged version: v0.1.5
open('/workspace/destdir/ssl/openssl.cnf', 32768, 0x00000000000001b6)
open('/home/runner/.config/nimble/nimble.ini', 557056, 0x00000000000001b6)
open('/home/runner/.config/babel/babel.ini', 557056, 0x00000000000001b6)
open('/home/runner/.nimble/nimbledata2.json', 557056, 0x00000000000001b6)
writev(1, 0x00007fff168ef6e0, 2)
writev(1, 0x00007fff168eefc0, 2)
open('/home/runner/.nimble/packages_official.json', 557056, 0x00000000000001b6)
mkdir('/tmp/', 0x00000000000001ff)
mkdir('/tmp/nimble_5574/', 0x00000000000001ff)
mkdir('/tmp/nimble_5574/githubcom_haxscrampernimtraits', 0x00000000000001ff)
writev(1, 0x00007fff168eef90, 2)
open('/tmp/nimble_5574/githubcom_haxscrampernimtraits', 622592, 0x0000000000000000)
rmdir('/tmp/nimble_5574/githubcom_haxscrampernimtraits')
writev(1, 0x00007fff168eef00, 2)
mkdir(94897428944176, 0x00000000000001ff)
Error tracing process: readBytes(0x0000564f078ad530, 256) error: [Errno 5] Input/output error.
