      Info: Package cache path /home/runner/.nimble/pkgcache
     Info:  Nimble data file "/home/runner/.nimble/nimbledata2.json" has been loaded.
    Reading official package list
Downloading https://github.com/GeK2K/nimutils using git
   Warning: The package has no tagged releases, downloading HEAD instead.
open('/workspace/destdir/ssl/openssl.cnf', 32768, 0x00000000000001b6)
open('/home/runner/.config/nimble/nimble.ini', 557056, 0x00000000000001b6)
open('/home/runner/.config/babel/babel.ini', 557056, 0x00000000000001b6)
writev(1, 0x00007ffc1f53a130, 2)
open('/home/runner/.nimble/nimbledata2.json', 557056, 0x00000000000001b6)
writev(1, 0x00007ffc1f53a200, 2)
writev(1, 0x00007ffd3e8f0cd0, 2)
writev(1, 0x00007ffd3e8f0d60, 2)
writev(1, 0x00007ffd3e8f0d60, 2)
writev(1, 0x00007ffd3e8f0d60, 2)
writev(1, 0x00007ffc1f538be0, 2)
open('/home/runner/.nimble/packages_official.json', 557056, 0x00000000000001b6)
mkdir('/home/', 0x00000000000001ff)
mkdir('/home/runner/', 0x00000000000001ff)
mkdir('/home/runner/.nimble/', 0x00000000000001ff)
mkdir('/home/runner/.nimble/pkgcache/', 0x00000000000001ff)
mkdir('/home/runner/.nimble/pkgcache/githubcom_GeK2Knimutils', 0x00000000000001ff)
open('/home/runner/.nimble/pkgcache/githubcom_GeK2Knimutils', 622592, 0x0000000000000000)
writev(1, 0x00007ffc1f538cc0, 2)
open('/home/runner/.nimble/pkgcache/githubcom_GeK2Knimutils', 622592, 0x0000000000000000)
rmdir('/home/runner/.nimble/pkgcache/githubcom_GeK2Knimutils')
writev(1, 0x00007ffc1f538bb0, 2)
mkdir(93982333090448, 0x00000000000001ff)
Error tracing process: readBytes(0x00005579f7943a90, 256) error: [Errno 5] Input/output error.
