     Info:  Nimble data file "/home/runner/.nimble/nimbledata2.json" has been loaded.
    Reading official package list
Downloading https://github.com/yglukhov/nimx using git
   Warning: The package has no tagged releases, downloading HEAD instead.
open('/workspace/destdir/ssl/openssl.cnf', 32768, 0x00000000000001b6)
open('/home/runner/.config/nimble/nimble.ini', 557056, 0x00000000000001b6)
open('/home/runner/.config/babel/babel.ini', 557056, 0x00000000000001b6)
open('/home/runner/.nimble/nimbledata2.json', 557056, 0x00000000000001b6)
writev(1, 0x00007ffc95bb08f0, 2)
writev(1, 0x00007ffc95bb01d0, 2)
open('/home/runner/.nimble/packages_official.json', 557056, 0x00000000000001b6)
mkdir('/tmp/', 0x00000000000001ff)
mkdir('/tmp/nimble_2826/', 0x00000000000001ff)
mkdir('/tmp/nimble_2826/githubcom_yglukhovnimx', 0x00000000000001ff)
writev(1, 0x00007ffc95bb01a0, 2)
open('/tmp/nimble_2826/githubcom_yglukhovnimx', 622592, 0x0000000000000000)
rmdir('/tmp/nimble_2826/githubcom_yglukhovnimx')
writev(1, 0x00007ffc95bb0110, 2)
mkdir(94731782526848, 0x00000000000001ff)
Error tracing process: readBytes(0x00005628763f1780, 256) error: [Errno 5] Input/output error.
