     Info:  Nimble data file "/home/runner/.nimble/nimbledata2.json" has been loaded.
    Reading official package list
Downloading https://github.com/777shuang/nimx2 using git
download.nim(81)         getTagsListRemote

    Error:  Unable to query remote tags for https://github.com/777shuang/nimx2. Git returned: remote: Repository not found.
        ... fatal: repository 'https://github.com/777shuang/nimx2/' not found
     Info:  Nimble data file "/home/runner/.nimble/nimbledata2.json" has been saved.
open('/workspace/destdir/ssl/openssl.cnf', 32768, 0x00000000000001b6)
open('/home/runner/.config/nimble/nimble.ini', 557056, 0x00000000000001b6)
open('/home/runner/.config/babel/babel.ini', 557056, 0x00000000000001b6)
open('/home/runner/.nimble/nimbledata2.json', 557056, 0x00000000000001b6)
writev(1, 0x00007ffc91ef9690, 2)
writev(1, 0x00007ffc91ef8f70, 2)
open('/home/runner/.nimble/packages_official.json', 557056, 0x00000000000001b6)
mkdir('/tmp/', 0x00000000000001ff)
mkdir('/tmp/nimble_6364/', 0x00000000000001ff)
mkdir('/tmp/nimble_6364/githubcom_777shuangnimx2', 0x00000000000001ff)
writev(1, 0x00007ffc91ef8f40, 2)
open('/tmp/nimble_6364/githubcom_777shuangnimx2', 622592, 0x0000000000000000)
rmdir('/tmp/nimble_6364/githubcom_777shuangnimx2')
writev(1, 0x00007ffc91ef97a0, 2)
writev(1, 0x00007ffc91ef9720, 2)
writev(1, 0x00007ffc91ef9720, 2)
open('/tmp/nimble_6364', 622592, 0x0000000000000000)
rmdir('/tmp/nimble_6364')
open('/home/runner/.nimble/nimbledata2.json', 557633, 0x00000000000001b6)
writev(3, 0x00007ffc91ef95f0, 2)
writev(1, 0x00007ffc91ef9740, 2)
  create directory /tmp
  create directory /tmp/nimble_6364
  create directory /tmp/nimble_6364/githubcom_777shuangnimx2
  delete /tmp/nimble_6364/githubcom_777shuangnimx2
  delete /tmp/nimble_6364
  truncate file /home/runner/.nimble/nimbledata2.json
