      Info: Package cache path /home/runner/.nimble/pkgcache
     Info:  Nimble data file "/home/runner/.nimble/nimbledata2.json" has been loaded.
    Reading official package list
Downloading https://github.com/ljoeckel/nim-yottadb using git
    Cloning latest tagged version: v0.4.0
open('/workspace/destdir/ssl/openssl.cnf', 32768, 0x00000000000001b6)
open('/home/runner/.config/nimble/nimble.ini', 557056, 0x00000000000001b6)
open('/home/runner/.config/babel/babel.ini', 557056, 0x00000000000001b6)
writev(1, 0x00007fffa1f5a950, 2)
open('/home/runner/.nimble/nimbledata2.json', 557056, 0x00000000000001b6)
writev(1, 0x00007fffa1f5aa20, 2)
writev(1, 0x00007ffd7be4eba0, 2)
writev(1, 0x00007ffd7be4ec30, 2)
writev(1, 0x00007ffd7be4ec30, 2)
writev(1, 0x00007ffd7be4ec30, 2)
writev(1, 0x00007fffa1f59430, 2)
open('/home/runner/.nimble/packages_official.json', 557056, 0x00000000000001b6)
mkdir('/home/', 0x00000000000001ff)
mkdir('/home/runner/', 0x00000000000001ff)
mkdir('/home/runner/.nimble/', 0x00000000000001ff)
mkdir('/home/runner/.nimble/pkgcache/', 0x00000000000001ff)
mkdir('/home/runner/.nimble/pkgcache/githubcom_ljoeckelnimyottadb', 0x00000000000001ff)
open('/home/runner/.nimble/pkgcache/githubcom_ljoeckelnimyottadb', 622592, 0x0000000000000000)
writev(1, 0x00007fffa1f59490, 2)
open('/home/runner/.nimble/pkgcache/githubcom_ljoeckelnimyottadb', 622592, 0x0000000000000000)
rmdir('/home/runner/.nimble/pkgcache/githubcom_ljoeckelnimyottadb')
writev(1, 0x00007fffa1f59380, 2)
mkdir(94534338354048, 0x00000000000001ff)
Error tracing process: readBytes(0x000055fa7da81b80, 256) error: [Errno 5] Input/output error.
