      Info: Package cache path /home/runner/.nimble/pkgcache
     Info:  Nimble data file "/home/runner/.nimble/nimbledata2.json" has been loaded.
    Reading official package list
   Warning: The nimyaml package has been renamed to yaml
    Reading official package list
Downloading https://github.com/flyx/NimYAML using git
    Cloning latest tagged version: v2.2.0
open('/workspace/destdir/ssl/openssl.cnf', 32768, 0x00000000000001b6)
open('/home/runner/.config/nimble/nimble.ini', 557056, 0x00000000000001b6)
open('/home/runner/.config/babel/babel.ini', 557056, 0x00000000000001b6)
writev(1, 0x00007ffc16be8320, 2)
open('/home/runner/.nimble/nimbledata2.json', 557056, 0x00000000000001b6)
writev(1, 0x00007ffc16be83f0, 2)
writev(1, 0x00007ffc4a265650, 2)
writev(1, 0x00007ffc4a2656e0, 2)
writev(1, 0x00007ffc4a2656e0, 2)
writev(1, 0x00007ffc4a2656e0, 2)
writev(1, 0x00007ffc16be6dd0, 2)
open('/home/runner/.nimble/packages_official.json', 557056, 0x00000000000001b6)
writev(1, 0x00007ffc16be6d70, 2)
writev(1, 0x00007ffc16be6b10, 2)
mkdir('/home/', 0x00000000000001ff)
mkdir('/home/runner/', 0x00000000000001ff)
mkdir('/home/runner/.nimble/', 0x00000000000001ff)
mkdir('/home/runner/.nimble/pkgcache/', 0x00000000000001ff)
mkdir('/home/runner/.nimble/pkgcache/githubcom_flyxNimYAML', 0x00000000000001ff)
open('/home/runner/.nimble/pkgcache/githubcom_flyxNimYAML', 622592, 0x0000000000000000)
writev(1, 0x00007ffc16be6eb0, 2)
open('/home/runner/.nimble/pkgcache/githubcom_flyxNimYAML', 622592, 0x0000000000000000)
rmdir('/home/runner/.nimble/pkgcache/githubcom_flyxNimYAML')
writev(1, 0x00007ffc16be6da0, 2)
mkdir(93933059656416, 0x00000000000001ff)
Error tracing process: readBytes(0x0000556e7ea74ae0, 256) error: [Errno 5] Input/output error.
