     Info:  Nimble data file "/home/runner/.nimble/nimbledata2.json" has been loaded.
    Reading official package list
Downloading https://github.com/metatexx/nimzend using git
   Warning: The package has no tagged releases, downloading HEAD instead.
open('/workspace/destdir/ssl/openssl.cnf', 32768, 0x00000000000001b6)
open('/home/runner/.config/nimble/nimble.ini', 557056, 0x00000000000001b6)
open('/home/runner/.config/babel/babel.ini', 557056, 0x00000000000001b6)
open('/home/runner/.nimble/nimbledata2.json', 557056, 0x00000000000001b6)
writev(1, 0x00007ffd485b5e90, 2)
writev(1, 0x00007ffd485b5770, 2)
open('/home/runner/.nimble/packages_official.json', 557056, 0x00000000000001b6)
mkdir('/tmp/', 0x00000000000001ff)
mkdir('/tmp/nimble_3277/', 0x00000000000001ff)
mkdir('/tmp/nimble_3277/githubcom_metatexxnimzend', 0x00000000000001ff)
writev(1, 0x00007ffd485b5740, 2)
open('/tmp/nimble_3277/githubcom_metatexxnimzend', 622592, 0x0000000000000000)
rmdir('/tmp/nimble_3277/githubcom_metatexxnimzend')
writev(1, 0x00007ffd485b56b0, 2)
mkdir(94692340757568, 0x00000000000001ff)
Error tracing process: readBytes(0x0000561f47557440, 256) error: [Errno 5] Input/output error.
