      Info: Package cache path /home/runner/.nimble/pkgcache
     Info:  Nimble data file "/home/runner/.nimble/nimbledata2.json" has been loaded.
    Reading official package list
Downloading https://github.com/owlinux1000/nish using git
download.nim(92)         getTagsListRemote

    Error:  Unable to query remote tags for https://github.com/owlinux1000/nish. Git returned: remote: Repository not found.
        ... fatal: repository 'https://github.com/owlinux1000/nish/' not found
     Info:  Nimble data file "/home/runner/.nimble/nimbledata2.json" has been saved.
open('/workspace/destdir/ssl/openssl.cnf', 32768, 0x00000000000001b6)
open('/home/runner/.config/nimble/nimble.ini', 557056, 0x00000000000001b6)
open('/home/runner/.config/babel/babel.ini', 557056, 0x00000000000001b6)
writev(1, 0x00007fffcc904e10, 2)
open('/home/runner/.nimble/nimbledata2.json', 557056, 0x00000000000001b6)
writev(1, 0x00007fffcc904ee0, 2)
writev(1, 0x00007ffc16b28e70, 2)
writev(1, 0x00007ffc16b28f00, 2)
writev(1, 0x00007ffc16b28f00, 2)
writev(1, 0x00007ffc16b28f00, 2)
writev(1, 0x00007fffcc9038c0, 2)
open('/home/runner/.nimble/packages_official.json', 557056, 0x00000000000001b6)
mkdir('/home/', 0x00000000000001ff)
mkdir('/home/runner/', 0x00000000000001ff)
mkdir('/home/runner/.nimble/', 0x00000000000001ff)
mkdir('/home/runner/.nimble/pkgcache/', 0x00000000000001ff)
mkdir('/home/runner/.nimble/pkgcache/githubcom_owlinux1000nish', 0x00000000000001ff)
open('/home/runner/.nimble/pkgcache/githubcom_owlinux1000nish', 622592, 0x0000000000000000)
writev(1, 0x00007fffcc9039a0, 2)
open('/home/runner/.nimble/pkgcache/githubcom_owlinux1000nish', 622592, 0x0000000000000000)
rmdir('/home/runner/.nimble/pkgcache/githubcom_owlinux1000nish')
writev(1, 0x00007fffcc905060, 2)
writev(1, 0x00007fffcc904ed0, 2)
writev(1, 0x00007fffcc904ed0, 2)
open('/tmp/nimble_4943', 622592, 0x0000000000000000)
rmdir('/tmp/nimble_4943')
open('/home/runner/.nimble/nimbledata2.json', 557633, 0x00000000000001b6)
writev(3, 0x00007fffcc904f30, 2)
writev(1, 0x00007fffcc904ec0, 2)
  create directory /home
  create directory /home/runner
  create directory /home/runner/.nimble
  create directory /home/runner/.nimble/pkgcache
  create directory /home/runner/.nimble/pkgcache/githubcom_owlinux1000nish
  delete /home/runner/.nimble/pkgcache/githubcom_owlinux1000nish
  delete /tmp/nimble_4943
  truncate file /home/runner/.nimble/nimbledata2.json
