     Info:  Nimble data file "/home/runner/.nimble/nimbledata2.json" has been loaded.
    Reading official package list
Downloading https://github.com/dariolah/niup using git
    Cloning latest tagged version: v3.30.7
open('/workspace/destdir/ssl/openssl.cnf', 32768, 0x00000000000001b6)
open('/home/runner/.config/nimble/nimble.ini', 557056, 0x00000000000001b6)
open('/home/runner/.config/babel/babel.ini', 557056, 0x00000000000001b6)
open('/home/runner/.nimble/nimbledata2.json', 557056, 0x00000000000001b6)
writev(1, 0x00007ffc444a42f0, 2)
writev(1, 0x00007ffc444a3bd0, 2)
open('/home/runner/.nimble/packages_official.json', 557056, 0x00000000000001b6)
mkdir('/tmp/', 0x00000000000001ff)
mkdir('/tmp/nimble_4653/', 0x00000000000001ff)
mkdir('/tmp/nimble_4653/githubcom_dariolahniup', 0x00000000000001ff)
writev(1, 0x00007ffc444a3ba0, 2)
open('/tmp/nimble_4653/githubcom_dariolahniup', 622592, 0x0000000000000000)
rmdir('/tmp/nimble_4653/githubcom_dariolahniup')
writev(1, 0x00007ffc444a3b10, 2)
mkdir(94084352722816, 0x00000000000001ff)
Error tracing process: readBytes(0x00005591b86c4780, 256) error: [Errno 5] Input/output error.
