     Info:  Nimble data file "/home/runner/.nimble/nimbledata2.json" has been loaded.
    Reading official package list
Downloading https://github.com/zevv/nmqtt using git
    Cloning latest tagged version: v1.0.5
open('/workspace/destdir/ssl/openssl.cnf', 32768, 0x00000000000001b6)
open('/home/runner/.config/nimble/nimble.ini', 557056, 0x00000000000001b6)
open('/home/runner/.config/babel/babel.ini', 557056, 0x00000000000001b6)
open('/home/runner/.nimble/nimbledata2.json', 557056, 0x00000000000001b6)
writev(1, 0x00007ffd0503ee80, 2)
writev(1, 0x00007ffd0503e760, 2)
open('/home/runner/.nimble/packages_official.json', 557056, 0x00000000000001b6)
mkdir('/tmp/', 0x00000000000001ff)
mkdir('/tmp/nimble_5072/', 0x00000000000001ff)
mkdir('/tmp/nimble_5072/githubcom_zevvnmqtt', 0x00000000000001ff)
writev(1, 0x00007ffd0503e730, 2)
open('/tmp/nimble_5072/githubcom_zevvnmqtt', 622592, 0x0000000000000000)
rmdir('/tmp/nimble_5072/githubcom_zevvnmqtt')
writev(1, 0x00007ffd0503e6a0, 2)
mkdir(94345837385568, 0x00000000000001ff)
Error tracing process: readBytes(0x000055ce9a1f9760, 256) error: [Errno 5] Input/output error.
