      Info: Package cache path /home/runner/.nimble/pkgcache
     Info:  Nimble data file "/home/runner/.nimble/nimbledata2.json" has been loaded.
    Reading official package list
Downloading https://github.com/HapticX/nmr using git
   Warning: The package has no tagged releases, downloading HEAD instead.
open('/workspace/destdir/ssl/openssl.cnf', 32768, 0x00000000000001b6)
open('/home/runner/.config/nimble/nimble.ini', 557056, 0x00000000000001b6)
open('/home/runner/.config/babel/babel.ini', 557056, 0x00000000000001b6)
writev(1, 0x00007fff1d504610, 2)
open('/home/runner/.nimble/nimbledata2.json', 557056, 0x00000000000001b6)
writev(1, 0x00007fff1d5046e0, 2)
writev(1, 0x00007ffffaa8d970, 2)
writev(1, 0x00007ffffaa8da00, 2)
writev(1, 0x00007ffffaa8da00, 2)
writev(1, 0x00007ffffaa8da00, 2)
writev(1, 0x00007fff1d5030c0, 2)
open('/home/runner/.nimble/packages_official.json', 557056, 0x00000000000001b6)
mkdir('/home/', 0x00000000000001ff)
mkdir('/home/runner/', 0x00000000000001ff)
mkdir('/home/runner/.nimble/', 0x00000000000001ff)
mkdir('/home/runner/.nimble/pkgcache/', 0x00000000000001ff)
mkdir('/home/runner/.nimble/pkgcache/githubcom_HapticXnmr', 0x00000000000001ff)
open('/home/runner/.nimble/pkgcache/githubcom_HapticXnmr', 622592, 0x0000000000000000)
writev(1, 0x00007fff1d5031a0, 2)
open('/home/runner/.nimble/pkgcache/githubcom_HapticXnmr', 622592, 0x0000000000000000)
rmdir('/home/runner/.nimble/pkgcache/githubcom_HapticXnmr')
writev(1, 0x00007fff1d503090, 2)
mkdir(94606360210064, 0x00000000000001ff)
Error tracing process: readBytes(0x0000560b427e6a90, 256) error: [Errno 5] Input/output error.
