     Info:  Nimble data file "/home/runner/.nimble/nimbledata2.json" has been loaded.
    Reading official package list
Downloading https://github.com/achesak/nim-noaa using git
download.nim(81)         getTagsListRemote

    Error:  Unable to query remote tags for https://github.com/achesak/nim-noaa. Git returned: remote: Repository not found.
        ... fatal: repository 'https://github.com/achesak/nim-noaa/' not found
     Info:  Nimble data file "/home/runner/.nimble/nimbledata2.json" has been saved.
open('/workspace/destdir/ssl/openssl.cnf', 32768, 0x00000000000001b6)
open('/home/runner/.config/nimble/nimble.ini', 557056, 0x00000000000001b6)
open('/home/runner/.config/babel/babel.ini', 557056, 0x00000000000001b6)
open('/home/runner/.nimble/nimbledata2.json', 557056, 0x00000000000001b6)
writev(1, 0x00007ffc258afc70, 2)
open('/home/runner/work/nim_packages_security_audit/nim_packages_security_audit', 622592, 0x0000000000000000)
writev(1, 0x00007ffc258af340, 2)
open('/home/runner/.nimble/packages_official.json', 557056, 0x00000000000001b6)
mkdir('/tmp/', 0x00000000000001ff)
mkdir('/tmp/nimble_2519/', 0x00000000000001ff)
mkdir('/tmp/nimble_2519/githubcom_achesaknimnoaa', 0x00000000000001ff)
writev(1, 0x00007ffc258af300, 2)
open('/tmp/nimble_2519/githubcom_achesaknimnoaa', 622592, 0x0000000000000000)
rmdir('/tmp/nimble_2519/githubcom_achesaknimnoaa')
writev(1, 0x00007ffc258afd80, 2)
writev(1, 0x00007ffc258afd00, 2)
writev(1, 0x00007ffc258afd00, 2)
open('/tmp/nimble_2519', 622592, 0x0000000000000000)
rmdir('/tmp/nimble_2519')
open('/home/runner/.nimble/nimbledata2.json', 557633, 0x00000000000001b6)
writev(3, 0x00007ffc258afbd0, 2)
writev(1, 0x00007ffc258afd20, 2)
  create directory /tmp
  create directory /tmp/nimble_2519
  create directory /tmp/nimble_2519/githubcom_achesaknimnoaa
  delete /tmp/nimble_2519/githubcom_achesaknimnoaa
  delete /tmp/nimble_2519
  truncate file /home/runner/.nimble/nimbledata2.json
