     Info:  Nimble data file "/home/runner/.nimble/nimbledata2.json" has been loaded.
    Reading official package list
Downloading https://github.com/al6x/nim using git (subdir is 'nodem')
   Warning: The package has no tagged releases, downloading HEAD instead.
open('/workspace/destdir/ssl/openssl.cnf', 32768, 0x00000000000001b6)
open('/home/runner/.config/nimble/nimble.ini', 557056, 0x00000000000001b6)
open('/home/runner/.config/babel/babel.ini', 557056, 0x00000000000001b6)
open('/home/runner/.nimble/nimbledata2.json', 557056, 0x00000000000001b6)
writev(1, 0x00007fff61b5b830, 2)
writev(1, 0x00007fff61b5b110, 2)
open('/home/runner/.nimble/packages_official.json', 557056, 0x00000000000001b6)
mkdir('/tmp/', 0x00000000000001ff)
mkdir('/tmp/nimble_5871/', 0x00000000000001ff)
mkdir('/tmp/nimble_5871/githubcom_al6xnim', 0x00000000000001ff)
writev(1, 0x00007fff61b5b0e0, 2)
open('/tmp/nimble_5871/githubcom_al6xnim', 622592, 0x0000000000000000)
rmdir('/tmp/nimble_5871/githubcom_al6xnim')
writev(1, 0x00007fff61b5b050, 2)
mkdir(93977690871648, 0x00000000000001ff)
Error tracing process: readBytes(0x00005578e2e19760, 256) error: [Errno 5] Input/output error.
