      Info: Package cache path /home/runner/.nimble/pkgcache
     Info:  Nimble data file "/home/runner/.nimble/nimbledata2.json" has been loaded.
    Reading official package list
Downloading https://github.com/Ethosa/nodesnim using git
    Cloning latest tagged version: 01.09.21_1.24_0.0.6
open('/workspace/destdir/ssl/openssl.cnf', 32768, 0x00000000000001b6)
open('/home/runner/.config/nimble/nimble.ini', 557056, 0x00000000000001b6)
open('/home/runner/.config/babel/babel.ini', 557056, 0x00000000000001b6)
writev(1, 0x00007fffdce7ff80, 2)
open('/home/runner/.nimble/nimbledata2.json', 557056, 0x00000000000001b6)
writev(1, 0x00007fffdce80050, 2)
writev(1, 0x00007ffd62abeb00, 2)
writev(1, 0x00007ffd62abeb90, 2)
writev(1, 0x00007ffd62abeb90, 2)
writev(1, 0x00007ffd62abeb90, 2)
writev(1, 0x00007fffdce7ea60, 2)
open('/home/runner/.nimble/packages_official.json', 557056, 0x00000000000001b6)
mkdir('/home/', 0x00000000000001ff)
mkdir('/home/runner/', 0x00000000000001ff)
mkdir('/home/runner/.nimble/', 0x00000000000001ff)
mkdir('/home/runner/.nimble/pkgcache/', 0x00000000000001ff)
mkdir('/home/runner/.nimble/pkgcache/githubcom_Ethosanodesnim', 0x00000000000001ff)
open('/home/runner/.nimble/pkgcache/githubcom_Ethosanodesnim', 622592, 0x0000000000000000)
writev(1, 0x00007fffdce7eac0, 2)
open('/home/runner/.nimble/pkgcache/githubcom_Ethosanodesnim', 622592, 0x0000000000000000)
rmdir('/home/runner/.nimble/pkgcache/githubcom_Ethosanodesnim')
writev(1, 0x00007fffdce7e9b0, 2)
mkdir(94376497597216, 0x00000000000001ff)
Error tracing process: readBytes(0x000055d5bd9d4b20, 256) error: [Errno 5] Input/output error.
