     Info:  Nimble data file "/home/runner/.nimble/nimbledata2.json" has been loaded.
    Reading official package list
Downloading https://github.com/jangko/nim-noise using git
    Cloning latest tagged version: v0.1.8
open('/workspace/destdir/ssl/openssl.cnf', 32768, 0x00000000000001b6)
open('/home/runner/.config/nimble/nimble.ini', 557056, 0x00000000000001b6)
open('/home/runner/.config/babel/babel.ini', 557056, 0x00000000000001b6)
open('/home/runner/.nimble/nimbledata2.json', 557056, 0x00000000000001b6)
writev(1, 0x00007ffd1e0f6aa0, 2)
open('/home/runner/work/nim_packages_security_audit/nim_packages_security_audit', 622592, 0x0000000000000000)
writev(1, 0x00007ffd1e0f6170, 2)
open('/home/runner/.nimble/packages_official.json', 557056, 0x00000000000001b6)
mkdir('/tmp/', 0x00000000000001ff)
mkdir('/tmp/nimble_4389/', 0x00000000000001ff)
mkdir('/tmp/nimble_4389/githubcom_jangkonimnoise', 0x00000000000001ff)
writev(1, 0x00007ffd1e0f6130, 2)
open('/tmp/nimble_4389/githubcom_jangkonimnoise', 622592, 0x0000000000000000)
rmdir('/tmp/nimble_4389/githubcom_jangkonimnoise')
writev(1, 0x00007ffd1e0f60a0, 2)
mkdir(94041495745664, 0x00000000000001ff)
Error tracing process: readBytes(0x00005587bdf2b480, 256) error: [Errno 5] Input/output error.
