      Info: Package cache path /home/runner/.nimble/pkgcache
     Info:  Nimble data file "/home/runner/.nimble/nimbledata2.json" has been loaded.
    Reading official package list
Downloading https://github.com/kaichaosun/nim-noise using git
    Cloning latest tagged version: v0.0.2
open('/workspace/destdir/ssl/openssl.cnf', 32768, 0x00000000000001b6)
open('/home/runner/.config/nimble/nimble.ini', 557056, 0x00000000000001b6)
open('/home/runner/.config/babel/babel.ini', 557056, 0x00000000000001b6)
writev(1, 0x00007ffc55f734d0, 2)
open('/home/runner/.nimble/nimbledata2.json', 557056, 0x00000000000001b6)
writev(1, 0x00007ffc55f735a0, 2)
writev(1, 0x00007fffa72bffb0, 2)
writev(1, 0x00007fffa72c0040, 2)
writev(1, 0x00007fffa72c0040, 2)
writev(1, 0x00007fffa72c0040, 2)
writev(1, 0x00007ffc55f71fb0, 2)
open('/home/runner/.nimble/packages_official.json', 557056, 0x00000000000001b6)
mkdir('/home/', 0x00000000000001ff)
mkdir('/home/runner/', 0x00000000000001ff)
mkdir('/home/runner/.nimble/', 0x00000000000001ff)
mkdir('/home/runner/.nimble/pkgcache/', 0x00000000000001ff)
mkdir('/home/runner/.nimble/pkgcache/githubcom_kaichaosunnimnoise', 0x00000000000001ff)
open('/home/runner/.nimble/pkgcache/githubcom_kaichaosunnimnoise', 622592, 0x0000000000000000)
writev(1, 0x00007ffc55f72010, 2)
open('/home/runner/.nimble/pkgcache/githubcom_kaichaosunnimnoise', 622592, 0x0000000000000000)
rmdir('/home/runner/.nimble/pkgcache/githubcom_kaichaosunnimnoise')
writev(1, 0x00007ffc55f71f00, 2)
mkdir(94212782013312, 0x00000000000001ff)
Error tracing process: readBytes(0x000055af9f67bb80, 256) error: [Errno 5] Input/output error.
