      Info: Package cache path /home/runner/.nimble/pkgcache
     Info:  Nimble data file "/home/runner/.nimble/nimbledata2.json" has been loaded.
    Reading official package list
Downloading https://codeberg.org/pswilde/norgbackup using git
    Cloning latest tagged version: v0.2.2
open('/workspace/destdir/ssl/openssl.cnf', 32768, 0x00000000000001b6)
open('/home/runner/.config/nimble/nimble.ini', 557056, 0x00000000000001b6)
open('/home/runner/.config/babel/babel.ini', 557056, 0x00000000000001b6)
writev(1, 0x00007ffdbec7e5c0, 2)
open('/home/runner/.nimble/nimbledata2.json', 557056, 0x00000000000001b6)
writev(1, 0x00007ffdbec7e690, 2)
writev(1, 0x00007ffcb1a01870, 2)
writev(1, 0x00007ffcb1a01900, 2)
writev(1, 0x00007ffcb1a01900, 2)
writev(1, 0x00007ffcb1a01900, 2)
writev(1, 0x00007ffdbec7d0a0, 2)
open('/home/runner/.nimble/packages_official.json', 557056, 0x00000000000001b6)
mkdir('/home/', 0x00000000000001ff)
mkdir('/home/runner/', 0x00000000000001ff)
mkdir('/home/runner/.nimble/', 0x00000000000001ff)
mkdir('/home/runner/.nimble/pkgcache/', 0x00000000000001ff)
mkdir('/home/runner/.nimble/pkgcache/codebergorg_pswildenorgbackup', 0x00000000000001ff)
open('/home/runner/.nimble/pkgcache/codebergorg_pswildenorgbackup', 622592, 0x0000000000000000)
writev(1, 0x00007ffdbec7d100, 2)
open('/home/runner/.nimble/pkgcache/codebergorg_pswildenorgbackup', 622592, 0x0000000000000000)
rmdir('/home/runner/.nimble/pkgcache/codebergorg_pswildenorgbackup')
writev(1, 0x00007ffdbec7cff0, 2)
mkdir(94597356444544, 0x00000000000001ff)
Error tracing process: readBytes(0x0000560929d3db80, 256) error: [Errno 5] Input/output error.
