     Info:  Nimble data file "/home/runner/.nimble/nimbledata2.json" has been loaded.
    Reading official package list
Downloading https://github.com/PMunch/notificatcher using git
    Cloning latest tagged version: v0.5.1
open('/workspace/destdir/ssl/openssl.cnf', 32768, 0x00000000000001b6)
open('/home/runner/.config/nimble/nimble.ini', 557056, 0x00000000000001b6)
open('/home/runner/.config/babel/babel.ini', 557056, 0x00000000000001b6)
open('/home/runner/.nimble/nimbledata2.json', 557056, 0x00000000000001b6)
writev(1, 0x00007ffd65d6b7e0, 2)
open('/home/runner/work/nim_packages_security_audit/nim_packages_security_audit', 622592, 0x0000000000000000)
writev(1, 0x00007ffd65d6aeb0, 2)
open('/home/runner/.nimble/packages_official.json', 557056, 0x00000000000001b6)
mkdir('/tmp/', 0x00000000000001ff)
mkdir('/tmp/nimble_2645/', 0x00000000000001ff)
mkdir('/tmp/nimble_2645/githubcom_PMunchnotificatcher', 0x00000000000001ff)
writev(1, 0x00007ffd65d6ae70, 2)
open('/tmp/nimble_2645/githubcom_PMunchnotificatcher', 622592, 0x0000000000000000)
rmdir('/tmp/nimble_2645/githubcom_PMunchnotificatcher')
writev(1, 0x00007ffd65d6ade0, 2)
mkdir(93883523736704, 0x00000000000001ff)
Error tracing process: readBytes(0x00005562f6152480, 256) error: [Errno 5] Input/output error.
