     Info:  Nimble data file "/home/runner/.nimble/nimbledata2.json" has been loaded.
    Reading official package list
Downloading https://github.com/ptVoid/noxen using git
   Warning: The package has no tagged releases, downloading HEAD instead.
open('/workspace/destdir/ssl/openssl.cnf', 32768, 0x00000000000001b6)
open('/home/runner/.config/nimble/nimble.ini', 557056, 0x00000000000001b6)
open('/home/runner/.config/babel/babel.ini', 557056, 0x00000000000001b6)
open('/home/runner/.nimble/nimbledata2.json', 557056, 0x00000000000001b6)
writev(1, 0x00007ffc3215eb90, 2)
writev(1, 0x00007ffc3215e470, 2)
open('/home/runner/.nimble/packages_official.json', 557056, 0x00000000000001b6)
mkdir('/tmp/', 0x00000000000001ff)
mkdir('/tmp/nimble_6638/', 0x00000000000001ff)
mkdir('/tmp/nimble_6638/githubcom_ptVoidnoxen', 0x00000000000001ff)
writev(1, 0x00007ffc3215e440, 2)
open('/tmp/nimble_6638/githubcom_ptVoidnoxen', 622592, 0x0000000000000000)
rmdir('/tmp/nimble_6638/githubcom_ptVoidnoxen')
writev(1, 0x00007ffc3215e3b0, 2)
mkdir(94266728781680, 0x00000000000001ff)
Error tracing process: readBytes(0x000055bc2ee21770, 256) error: [Errno 5] Input/output error.
