      Info: Package cache path /home/runner/.nimble/pkgcache
     Info:  Nimble data file "/home/runner/.nimble/nimbledata2.json" has been loaded.
    Reading official package list
Downloading https://github.com/yglukhov/nim-only-uuid using git
   Warning: The package has no tagged releases, downloading HEAD instead.
open('/workspace/destdir/ssl/openssl.cnf', 32768, 0x00000000000001b6)
open('/home/runner/.config/nimble/nimble.ini', 557056, 0x00000000000001b6)
open('/home/runner/.config/babel/babel.ini', 557056, 0x00000000000001b6)
writev(1, 0x00007ffe5d46dd40, 2)
open('/home/runner/.nimble/nimbledata2.json', 557056, 0x00000000000001b6)
writev(1, 0x00007ffe5d46de10, 2)
writev(1, 0x00007ffc362fd0d0, 2)
writev(1, 0x00007ffc362fd160, 2)
writev(1, 0x00007ffc362fd160, 2)
writev(1, 0x00007ffc362fd160, 2)
writev(1, 0x00007ffe5d46c820, 2)
open('/home/runner/.nimble/packages_official.json', 557056, 0x00000000000001b6)
mkdir('/home/', 0x00000000000001ff)
mkdir('/home/runner/', 0x00000000000001ff)
mkdir('/home/runner/.nimble/', 0x00000000000001ff)
mkdir('/home/runner/.nimble/pkgcache/', 0x00000000000001ff)
mkdir('/home/runner/.nimble/pkgcache/githubcom_yglukhovnimonlyuuid', 0x00000000000001ff)
open('/home/runner/.nimble/pkgcache/githubcom_yglukhovnimonlyuuid', 622592, 0x0000000000000000)
writev(1, 0x00007ffe5d46c880, 2)
open('/home/runner/.nimble/pkgcache/githubcom_yglukhovnimonlyuuid', 622592, 0x0000000000000000)
rmdir('/home/runner/.nimble/pkgcache/githubcom_yglukhovnimonlyuuid')
writev(1, 0x00007ffe5d46c770, 2)
mkdir(94052254182208, 0x00000000000001ff)
Error tracing process: readBytes(0x0000558a3f336b40, 256) error: [Errno 5] Input/output error.
