      Info: Package cache path /home/runner/.nimble/pkgcache
     Info:  Nimble data file "/home/runner/.nimble/nimbledata2.json" has been loaded.
    Reading official package list
Downloading https://github.com/openpeeps/nyml using git
    Cloning latest tagged version: 0.1.8
open('/workspace/destdir/ssl/openssl.cnf', 32768, 0x00000000000001b6)
open('/home/runner/.config/nimble/nimble.ini', 557056, 0x00000000000001b6)
open('/home/runner/.config/babel/babel.ini', 557056, 0x00000000000001b6)
writev(1, 0x00007fffb8b958a0, 2)
open('/home/runner/.nimble/nimbledata2.json', 557056, 0x00000000000001b6)
writev(1, 0x00007fffb8b95970, 2)
writev(1, 0x00007ffca0f98020, 2)
writev(1, 0x00007ffca0f980b0, 2)
writev(1, 0x00007ffca0f980b0, 2)
writev(1, 0x00007ffca0f980b0, 2)
writev(1, 0x00007fffb8b94380, 2)
open('/home/runner/.nimble/packages_official.json', 557056, 0x00000000000001b6)
mkdir('/home/', 0x00000000000001ff)
mkdir('/home/runner/', 0x00000000000001ff)
mkdir('/home/runner/.nimble/', 0x00000000000001ff)
mkdir('/home/runner/.nimble/pkgcache/', 0x00000000000001ff)
mkdir('/home/runner/.nimble/pkgcache/githubcom_openpeepsnyml', 0x00000000000001ff)
open('/home/runner/.nimble/pkgcache/githubcom_openpeepsnyml', 622592, 0x0000000000000000)
writev(1, 0x00007fffb8b943e0, 2)
open('/home/runner/.nimble/pkgcache/githubcom_openpeepsnyml', 622592, 0x0000000000000000)
rmdir('/home/runner/.nimble/pkgcache/githubcom_openpeepsnyml')
writev(1, 0x00007fffb8b942d0, 2)
mkdir(94722871900960, 0x00000000000001ff)
Error tracing process: readBytes(0x000056266321bb20, 256) error: [Errno 5] Input/output error.
